RUN	20140318092516	pricingsimulation	pricingsimulation
SCENARIO	Pricing	3	START	1395134718513
SCENARIO	Pricing	4	START	1395134718517
SCENARIO	Pricing	2	START	1395134718517
SCENARIO	Pricing	1	START	1395134718517
SCENARIO	Pricing	6	START	1395134718552
SCENARIO	Pricing	5	START	1395134718552
ACTION	Pricing	1	price	1395134718602	1395134718637	1395134719592	1395134719593	OK	 
ACTION	Pricing	5	price	1395134718604	1395134718652	1395134719519	1395134719520	OK	 
ACTION	Pricing	6	price	1395134718603	1395134718652	1395134719473	1395134719511	OK	 
ACTION	Pricing	3	price	1395134718580	1395134718637	1395134719534	1395134719535	OK	 
ACTION	Pricing	4	price	1395134718586	1395134718637	1395134719472	1395134719511	OK	 
ACTION	Pricing	2	price	1395134718588	1395134718637	1395134719655	1395134719656	OK	 
ACTION	Pricing	1	price	1395134719602	1395134719609	1395134719740	1395134719741	OK	 
ACTION	Pricing	6	price	1395134719721	1395134719725	1395134719917	1395134719917	OK	 
ACTION	Pricing	1	price	1395134719748	1395134719751	1395134720139	1395134720139	OK	 
ACTION	Pricing	4	price	1395134719733	1395134719744	1395134720234	1395134720234	OK	 
ACTION	Pricing	2	price	1395134719743	1395134719747	1395134720352	1395134720353	OK	 
ACTION	Pricing	3	price	1395134719712	1395134719715	1395134720474	1395134720474	OK	 
ACTION	Pricing	5	price	1395134719709	1395134719711	1395134720527	1395134720527	OK	 
ACTION	Pricing	6	price	1395134719919	1395134719922	1395134720595	1395134720595	OK	 
ACTION	Pricing	1	price	1395134720143	1395134720145	1395134720616	1395134720616	OK	 
ACTION	Pricing	4	price	1395134720237	1395134720238	1395134720680	1395134720681	OK	 
ACTION	Pricing	2	price	1395134720355	1395134720356	1395134720730	1395134720730	OK	 
ACTION	Pricing	3	price	1395134720476	1395134720478	1395134720797	1395134720798	OK	 
ACTION	Pricing	5	price	1395134720529	1395134720530	1395134720828	1395134720828	OK	 
ACTION	Pricing	6	price	1395134720597	1395134720599	1395134720878	1395134720878	OK	 
ACTION	Pricing	1	price	1395134720618	1395134720620	1395134720914	1395134720914	OK	 
ACTION	Pricing	4	price	1395134720683	1395134720684	1395134720995	1395134720995	OK	 
ACTION	Pricing	2	price	1395134720732	1395134720735	1395134721064	1395134721065	OK	 
ACTION	Pricing	3	price	1395134720801	1395134720802	1395134721091	1395134721092	OK	 
ACTION	Pricing	5	price	1395134720830	1395134720832	1395134721149	1395134721149	OK	 
ACTION	Pricing	6	price	1395134720880	1395134720881	1395134721206	1395134721206	OK	 
ACTION	Pricing	1	price	1395134720916	1395134720917	1395134721235	1395134721235	OK	 
ACTION	Pricing	4	price	1395134720997	1395134720998	1395134721292	1395134721292	OK	 
ACTION	Pricing	2	price	1395134721066	1395134721068	1395134721339	1395134721339	OK	 
ACTION	Pricing	3	price	1395134721094	1395134721095	1395134721405	1395134721406	OK	 
ACTION	Pricing	5	price	1395134721151	1395134721152	1395134721425	1395134721425	OK	 
ACTION	Pricing	6	price	1395134721208	1395134721217	1395134721476	1395134721477	OK	 
ACTION	Pricing	1	price	1395134721237	1395134721239	1395134721519	1395134721519	OK	 
ACTION	Pricing	4	price	1395134721294	1395134721297	1395134721558	1395134721559	OK	 
ACTION	Pricing	2	price	1395134721341	1395134721343	1395134721590	1395134721590	OK	 
ACTION	Pricing	3	price	1395134721408	1395134721410	1395134721622	1395134721622	OK	 
ACTION	Pricing	5	price	1395134721427	1395134721428	1395134721658	1395134721658	OK	 
ACTION	Pricing	6	price	1395134721479	1395134721483	1395134721694	1395134721694	OK	 
ACTION	Pricing	1	price	1395134721521	1395134721522	1395134721726	1395134721727	OK	 
ACTION	Pricing	4	price	1395134721562	1395134721562	1395134721762	1395134721762	OK	 
ACTION	Pricing	2	price	1395134721593	1395134721593	1395134721794	1395134721794	OK	 
ACTION	Pricing	3	price	1395134721624	1395134721625	1395134721830	1395134721830	OK	 
ACTION	Pricing	5	price	1395134721660	1395134721660	1395134721861	1395134721862	OK	 
ACTION	Pricing	6	price	1395134721696	1395134721697	1395134721898	1395134721898	OK	 
ACTION	Pricing	1	price	1395134721728	1395134721729	1395134721930	1395134721930	OK	 
ACTION	Pricing	4	price	1395134721764	1395134721764	1395134721964	1395134721965	OK	 
ACTION	Pricing	2	price	1395134721796	1395134721796	1395134722009	1395134722009	OK	 
ACTION	Pricing	3	price	1395134721833	1395134721834	1395134722048	1395134722049	OK	 
ACTION	Pricing	5	price	1395134721864	1395134721864	1395134722088	1395134722089	OK	 
ACTION	Pricing	6	price	1395134721902	1395134721902	1395134722127	1395134722127	OK	 
ACTION	Pricing	1	price	1395134721933	1395134721933	1395134722165	1395134722166	OK	 
ACTION	Pricing	4	price	1395134721967	1395134721968	1395134722198	1395134722198	OK	 
ACTION	Pricing	2	price	1395134722012	1395134722013	1395134722241	1395134722241	OK	 
ACTION	Pricing	3	price	1395134722052	1395134722052	1395134722279	1395134722279	OK	 
ACTION	Pricing	5	price	1395134722094	1395134722095	1395134722317	1395134722318	OK	 
ACTION	Pricing	6	price	1395134722135	1395134722136	1395134722353	1395134722353	OK	 
ACTION	Pricing	1	price	1395134722167	1395134722168	1395134722386	1395134722386	OK	 
ACTION	Pricing	4	price	1395134722200	1395134722200	1395134722415	1395134722415	OK	 
ACTION	Pricing	2	price	1395134722244	1395134722245	1395134722445	1395134722445	OK	 
ACTION	Pricing	3	price	1395134722282	1395134722282	1395134722478	1395134722478	OK	 
ACTION	Pricing	5	price	1395134722321	1395134722321	1395134722509	1395134722509	OK	 
ACTION	Pricing	6	price	1395134722355	1395134722356	1395134722544	1395134722544	OK	 
ACTION	Pricing	1	price	1395134722387	1395134722388	1395134722576	1395134722577	OK	 
ACTION	Pricing	4	price	1395134722417	1395134722418	1395134722612	1395134722612	OK	 
ACTION	Pricing	2	price	1395134722447	1395134722447	1395134722647	1395134722648	OK	 
ACTION	Pricing	3	price	1395134722480	1395134722481	1395134722683	1395134722683	OK	 
ACTION	Pricing	5	price	1395134722511	1395134722512	1395134722716	1395134722716	OK	 
ACTION	Pricing	6	price	1395134722546	1395134722547	1395134722751	1395134722754	OK	 
ACTION	Pricing	1	price	1395134722578	1395134722579	1395134722786	1395134722786	OK	 
ACTION	Pricing	4	price	1395134722614	1395134722615	1395134722816	1395134722816	OK	 
ACTION	Pricing	2	price	1395134722649	1395134722650	1395134722848	1395134722848	OK	 
ACTION	Pricing	3	price	1395134722685	1395134722686	1395134722880	1395134722880	OK	 
ACTION	Pricing	5	price	1395134722718	1395134722718	1395134722912	1395134722913	OK	 
ACTION	Pricing	6	price	1395134722756	1395134722757	1395134722944	1395134722944	OK	 
ACTION	Pricing	1	price	1395134722788	1395134722789	1395134722974	1395134722974	OK	 
ACTION	Pricing	4	price	1395134722818	1395134722818	1395134723004	1395134723005	OK	 
ACTION	Pricing	2	price	1395134722850	1395134722851	1395134723054	1395134723054	OK	 
ACTION	Pricing	3	price	1395134722882	1395134722883	1395134723089	1395134723090	OK	 
ACTION	Pricing	5	price	1395134722914	1395134722915	1395134723121	1395134723121	OK	 
ACTION	Pricing	6	price	1395134722947	1395134722947	1395134723151	1395134723151	OK	 
ACTION	Pricing	1	price	1395134722976	1395134722976	1395134723181	1395134723182	OK	 
ACTION	Pricing	4	price	1395134723006	1395134723007	1395134723217	1395134723217	OK	 
ACTION	Pricing	2	price	1395134723056	1395134723057	1395134723253	1395134723254	OK	 
ACTION	Pricing	3	price	1395134723091	1395134723092	1395134723284	1395134723284	OK	 
ACTION	Pricing	5	price	1395134723123	1395134723123	1395134723311	1395134723311	OK	 
ACTION	Pricing	6	price	1395134723153	1395134723153	1395134723343	1395134723343	OK	 
ACTION	Pricing	1	price	1395134723183	1395134723184	1395134723372	1395134723372	OK	 
ACTION	Pricing	4	price	1395134723219	1395134723220	1395134723404	1395134723405	OK	 
ACTION	Pricing	2	price	1395134723255	1395134723256	1395134723437	1395134723437	OK	 
ACTION	Pricing	3	price	1395134723286	1395134723287	1395134723467	1395134723467	OK	 
ACTION	Pricing	5	price	1395134723313	1395134723314	1395134723499	1395134723499	OK	 
ACTION	Pricing	6	price	1395134723345	1395134723345	1395134723534	1395134723534	OK	 
ACTION	Pricing	1	price	1395134723374	1395134723374	1395134723568	1395134723569	OK	 
ACTION	Pricing	4	price	1395134723407	1395134723407	1395134723601	1395134723601	OK	 
ACTION	Pricing	2	price	1395134723439	1395134723440	1395134723635	1395134723635	OK	 
ACTION	Pricing	3	price	1395134723469	1395134723472	1395134723667	1395134723668	OK	 
ACTION	Pricing	5	price	1395134723501	1395134723501	1395134723699	1395134723700	OK	 
ACTION	Pricing	6	price	1395134723536	1395134723537	1395134723729	1395134723730	OK	 
ACTION	Pricing	1	price	1395134723570	1395134723571	1395134723763	1395134723763	OK	 
ACTION	Pricing	4	price	1395134723603	1395134723604	1395134723793	1395134723793	OK	 
ACTION	Pricing	2	price	1395134723636	1395134723637	1395134723825	1395134723825	OK	 
ACTION	Pricing	3	price	1395134723670	1395134723671	1395134723856	1395134723857	OK	 
ACTION	Pricing	5	price	1395134723701	1395134723702	1395134723889	1395134723890	OK	 
ACTION	Pricing	6	price	1395134723731	1395134723732	1395134723921	1395134723921	OK	 
ACTION	Pricing	1	price	1395134723764	1395134723765	1395134723954	1395134723955	OK	 
ACTION	Pricing	4	price	1395134723795	1395134723795	1395134723985	1395134723985	OK	 
ACTION	Pricing	2	price	1395134723827	1395134723827	1395134724016	1395134724016	OK	 
ACTION	Pricing	3	price	1395134723858	1395134723859	1395134724047	1395134724047	OK	 
ACTION	Pricing	5	price	1395134723892	1395134723893	1395134724081	1395134724081	OK	 
ACTION	Pricing	6	price	1395134723923	1395134723924	1395134724109	1395134724109	OK	 
ACTION	Pricing	1	price	1395134723956	1395134723957	1395134724141	1395134724141	OK	 
ACTION	Pricing	4	price	1395134723987	1395134723987	1395134724175	1395134724176	OK	 
ACTION	Pricing	2	price	1395134724018	1395134724018	1395134724208	1395134724209	OK	 
ACTION	Pricing	3	price	1395134724049	1395134724049	1395134724244	1395134724244	OK	 
ACTION	Pricing	5	price	1395134724083	1395134724083	1395134724281	1395134724281	OK	 
ACTION	Pricing	6	price	1395134724111	1395134724112	1395134724311	1395134724311	OK	 
ACTION	Pricing	1	price	1395134724143	1395134724144	1395134724345	1395134724345	OK	 
ACTION	Pricing	4	price	1395134724177	1395134724181	1395134724377	1395134724377	OK	 
ACTION	Pricing	2	price	1395134724212	1395134724212	1395134724408	1395134724408	OK	 
ACTION	Pricing	3	price	1395134724246	1395134724247	1395134724436	1395134724437	OK	 
ACTION	Pricing	5	price	1395134724283	1395134724283	1395134724469	1395134724469	OK	 
ACTION	Pricing	6	price	1395134724313	1395134724313	1395134724500	1395134724500	OK	 
ACTION	Pricing	1	price	1395134724347	1395134724348	1395134724531	1395134724531	OK	 
ACTION	Pricing	4	price	1395134724379	1395134724379	1395134724564	1395134724564	OK	 
ACTION	Pricing	2	price	1395134724410	1395134724410	1395134724599	1395134724599	OK	 
ACTION	Pricing	3	price	1395134724438	1395134724439	1395134724632	1395134724633	OK	 
ACTION	Pricing	5	price	1395134724471	1395134724471	1395134724666	1395134724666	OK	 
ACTION	Pricing	6	price	1395134724502	1395134724503	1395134724698	1395134724698	OK	 
ACTION	Pricing	1	price	1395134724533	1395134724537	1395134724729	1395134724730	OK	 
ACTION	Pricing	4	price	1395134724566	1395134724566	1395134724760	1395134724761	OK	 
ACTION	Pricing	2	price	1395134724601	1395134724602	1395134724796	1395134724797	OK	 
ACTION	Pricing	3	price	1395134724634	1395134724635	1395134724830	1395134724830	OK	 
ACTION	Pricing	5	price	1395134724668	1395134724669	1395134724863	1395134724864	OK	 
ACTION	Pricing	6	price	1395134724700	1395134724701	1395134724905	1395134724905	OK	 
ACTION	Pricing	1	price	1395134724731	1395134724732	1395134724936	1395134724937	OK	 
ACTION	Pricing	4	price	1395134724763	1395134724763	1395134724968	1395134724969	OK	 
ACTION	Pricing	2	price	1395134724799	1395134724799	1395134724999	1395134725000	OK	 
ACTION	Pricing	3	price	1395134724832	1395134724833	1395134725035	1395134725035	OK	 
ACTION	Pricing	5	price	1395134724865	1395134724866	1395134725107	1395134725109	OK	 
ACTION	Pricing	6	price	1395134724910	1395134724911	1395134725142	1395134725142	OK	 
ACTION	Pricing	1	price	1395134724938	1395134724939	1395134725172	1395134725172	OK	 
ACTION	Pricing	4	price	1395134724970	1395134724971	1395134725205	1395134725206	OK	 
ACTION	Pricing	2	price	1395134725002	1395134725003	1395134725238	1395134725238	OK	 
ACTION	Pricing	3	price	1395134725037	1395134725037	1395134725268	1395134725268	OK	 
ACTION	Pricing	5	price	1395134725111	1395134725112	1395134725298	1395134725298	OK	 
ACTION	Pricing	6	price	1395134725144	1395134725145	1395134725333	1395134725333	OK	 
ACTION	Pricing	1	price	1395134725174	1395134725174	1395134725363	1395134725364	OK	 
ACTION	Pricing	4	price	1395134725208	1395134725208	1395134725397	1395134725397	OK	 
ACTION	Pricing	2	price	1395134725240	1395134725241	1395134725429	1395134725430	OK	 
ACTION	Pricing	3	price	1395134725270	1395134725271	1395134725462	1395134725462	OK	 
ACTION	Pricing	5	price	1395134725300	1395134725300	1395134725495	1395134725495	OK	 
ACTION	Pricing	6	price	1395134725335	1395134725336	1395134725525	1395134725525	OK	 
ACTION	Pricing	1	price	1395134725365	1395134725366	1395134725557	1395134725558	OK	 
ACTION	Pricing	4	price	1395134725398	1395134725400	1395134725592	1395134725592	OK	 
ACTION	Pricing	2	price	1395134725432	1395134725432	1395134725622	1395134725622	OK	 
ACTION	Pricing	3	price	1395134725464	1395134725464	1395134725657	1395134725657	OK	 
ACTION	Pricing	5	price	1395134725497	1395134725498	1395134725692	1395134725692	OK	 
ACTION	Pricing	6	price	1395134725528	1395134725528	1395134725723	1395134725723	OK	 
ACTION	Pricing	1	price	1395134725559	1395134725560	1395134725755	1395134725755	OK	 
ACTION	Pricing	4	price	1395134725594	1395134725594	1395134725784	1395134725784	OK	 
ACTION	Pricing	2	price	1395134725623	1395134725624	1395134725816	1395134725816	OK	 
ACTION	Pricing	3	price	1395134725659	1395134725659	1395134725850	1395134725850	OK	 
ACTION	Pricing	5	price	1395134725694	1395134725694	1395134725894	1395134725894	OK	 
ACTION	Pricing	6	price	1395134725725	1395134725726	1395134725928	1395134725929	OK	 
ACTION	Pricing	1	price	1395134725757	1395134725757	1395134725960	1395134725961	OK	 
ACTION	Pricing	4	price	1395134725786	1395134725786	1395134725993	1395134725993	OK	 
ACTION	Pricing	2	price	1395134725818	1395134725819	1395134726023	1395134726023	OK	 
ACTION	Pricing	3	price	1395134725852	1395134725853	1395134726057	1395134726057	OK	 
ACTION	Pricing	5	price	1395134725897	1395134725897	1395134726087	1395134726087	OK	 
ACTION	Pricing	6	price	1395134725930	1395134725931	1395134726120	1395134726120	OK	 
ACTION	Pricing	1	price	1395134725962	1395134725963	1395134726156	1395134726157	OK	 
ACTION	Pricing	4	price	1395134725994	1395134725995	1395134726209	1395134726209	OK	 
ACTION	Pricing	2	price	1395134726025	1395134726026	1395134726253	1395134726254	OK	 
ACTION	Pricing	3	price	1395134726059	1395134726059	1395134726293	1395134726294	OK	 
ACTION	Pricing	5	price	1395134726089	1395134726090	1395134726333	1395134726333	OK	 
ACTION	Pricing	6	price	1395134726122	1395134726122	1395134726365	1395134726365	OK	 
ACTION	Pricing	1	price	1395134726159	1395134726159	1395134726399	1395134726399	OK	 
ACTION	Pricing	4	price	1395134726211	1395134726212	1395134726436	1395134726436	OK	 
ACTION	Pricing	2	price	1395134726256	1395134726257	1395134726477	1395134726477	OK	 
ACTION	Pricing	3	price	1395134726297	1395134726298	1395134726509	1395134726510	OK	 
ACTION	Pricing	5	price	1395134726335	1395134726335	1395134726544	1395134726544	OK	 
ACTION	Pricing	6	price	1395134726367	1395134726368	1395134726577	1395134726578	OK	 
ACTION	Pricing	1	price	1395134726401	1395134726401	1395134726609	1395134726609	OK	 
ACTION	Pricing	4	price	1395134726438	1395134726440	1395134726640	1395134726640	OK	 
ACTION	Pricing	2	price	1395134726480	1395134726480	1395134726673	1395134726674	OK	 
ACTION	Pricing	3	price	1395134726511	1395134726512	1395134726704	1395134726705	OK	 
ACTION	Pricing	5	price	1395134726545	1395134726546	1395134726734	1395134726734	OK	 
ACTION	Pricing	6	price	1395134726579	1395134726579	1395134726767	1395134726767	OK	 
ACTION	Pricing	1	price	1395134726611	1395134726611	1395134726803	1395134726804	OK	 
ACTION	Pricing	4	price	1395134726642	1395134726643	1395134726831	1395134726831	OK	 
ACTION	Pricing	2	price	1395134726675	1395134726676	1395134726864	1395134726864	OK	 
ACTION	Pricing	3	price	1395134726706	1395134726707	1395134726897	1395134726898	OK	 
ACTION	Pricing	5	price	1395134726735	1395134726736	1395134726932	1395134726932	OK	 
ACTION	Pricing	6	price	1395134726770	1395134726770	1395134726963	1395134726964	OK	 
ACTION	Pricing	1	price	1395134726805	1395134726806	1395134726995	1395134726995	OK	 
ACTION	Pricing	4	price	1395134726833	1395134726834	1395134727028	1395134727028	OK	 
ACTION	Pricing	2	price	1395134726867	1395134726867	1395134727070	1395134727070	OK	 
ACTION	Pricing	3	price	1395134726900	1395134726901	1395134727096	1395134727096	OK	 
ACTION	Pricing	5	price	1395134726934	1395134726934	1395134727132	1395134727132	OK	 
ACTION	Pricing	6	price	1395134726965	1395134726966	1395134727169	1395134727170	OK	 
ACTION	Pricing	1	price	1395134726997	1395134726997	1395134727207	1395134727208	OK	 
ACTION	Pricing	4	price	1395134727030	1395134727030	1395134727245	1395134727245	OK	 
ACTION	Pricing	2	price	1395134727072	1395134727073	1395134727293	1395134727293	OK	 
ACTION	Pricing	3	price	1395134727098	1395134727099	1395134727332	1395134727332	OK	 
ACTION	Pricing	5	price	1395134727134	1395134727135	1395134727372	1395134727373	OK	 
ACTION	Pricing	6	price	1395134727172	1395134727172	1395134727413	1395134727414	OK	 
ACTION	Pricing	1	price	1395134727210	1395134727211	1395134727453	1395134727453	OK	 
ACTION	Pricing	4	price	1395134727247	1395134727247	1395134727486	1395134727487	OK	 
ACTION	Pricing	2	price	1395134727295	1395134727295	1395134727523	1395134727523	OK	 
ACTION	Pricing	3	price	1395134727334	1395134727335	1395134727557	1395134727558	OK	 
ACTION	Pricing	5	price	1395134727375	1395134727376	1395134727598	1395134727598	OK	 
ACTION	Pricing	6	price	1395134727415	1395134727416	1395134727634	1395134727634	OK	 
ACTION	Pricing	1	price	1395134727455	1395134727456	1395134727673	1395134727673	OK	 
ACTION	Pricing	4	price	1395134727488	1395134727489	1395134727714	1395134727714	OK	 
ACTION	Pricing	2	price	1395134727525	1395134727526	1395134727751	1395134727751	OK	 
ACTION	Pricing	3	price	1395134727560	1395134727561	1395134727786	1395134727786	OK	 
ACTION	Pricing	5	price	1395134727600	1395134727601	1395134727821	1395134727821	OK	 
ACTION	Pricing	6	price	1395134727636	1395134727637	1395134727857	1395134727857	OK	 
ACTION	Pricing	1	price	1395134727675	1395134727676	1395134727894	1395134727894	OK	 
ACTION	Pricing	4	price	1395134727716	1395134727717	1395134727927	1395134727927	OK	 
ACTION	Pricing	2	price	1395134727753	1395134727754	1395134727960	1395134727961	OK	 
ACTION	Pricing	3	price	1395134727789	1395134727790	1395134727993	1395134727993	OK	 
ACTION	Pricing	5	price	1395134727823	1395134727823	1395134728025	1395134728025	OK	 
ACTION	Pricing	6	price	1395134727859	1395134727860	1395134728074	1395134728074	OK	 
ACTION	Pricing	1	price	1395134727896	1395134727897	1395134728107	1395134728107	OK	 
ACTION	Pricing	4	price	1395134727930	1395134727930	1395134728141	1395134728141	OK	 
ACTION	Pricing	2	price	1395134727962	1395134727963	1395134728173	1395134728173	OK	 
ACTION	Pricing	3	price	1395134727995	1395134727996	1395134728208	1395134728209	OK	 
ACTION	Pricing	5	price	1395134728027	1395134728027	1395134728238	1395134728239	OK	 
ACTION	Pricing	6	price	1395134728075	1395134728076	1395134728271	1395134728272	OK	 
ACTION	Pricing	1	price	1395134728110	1395134728110	1395134728305	1395134728306	OK	 
ACTION	Pricing	4	price	1395134728143	1395134728144	1395134728339	1395134728340	OK	 
ACTION	Pricing	2	price	1395134728174	1395134728175	1395134728372	1395134728372	OK	 
ACTION	Pricing	3	price	1395134728210	1395134728211	1395134728406	1395134728406	OK	 
ACTION	Pricing	5	price	1395134728241	1395134728241	1395134728443	1395134728444	OK	 
ACTION	Pricing	6	price	1395134728273	1395134728274	1395134728475	1395134728475	OK	 
ACTION	Pricing	1	price	1395134728308	1395134728308	1395134728511	1395134728511	OK	 
ACTION	Pricing	4	price	1395134728341	1395134728342	1395134728547	1395134728547	OK	 
ACTION	Pricing	2	price	1395134728374	1395134728374	1395134728584	1395134728585	OK	 
ACTION	Pricing	3	price	1395134728409	1395134728410	1395134728617	1395134728617	OK	 
ACTION	Pricing	5	price	1395134728445	1395134728446	1395134728651	1395134728651	OK	 
ACTION	Pricing	6	price	1395134728478	1395134728478	1395134728687	1395134728687	OK	 
ACTION	Pricing	1	price	1395134728513	1395134728514	1395134728724	1395134728725	OK	 
ACTION	Pricing	4	price	1395134728549	1395134728549	1395134728763	1395134728763	OK	 
ACTION	Pricing	2	price	1395134728586	1395134728587	1395134728799	1395134728799	OK	 
ACTION	Pricing	3	price	1395134728618	1395134728619	1395134728848	1395134728849	OK	 
ACTION	Pricing	5	price	1395134728653	1395134728654	1395134728877	1395134728877	OK	 
ACTION	Pricing	6	price	1395134728689	1395134728690	1395134728912	1395134728912	OK	 
ACTION	Pricing	1	price	1395134728727	1395134728727	1395134728943	1395134728943	OK	 
ACTION	Pricing	4	price	1395134728765	1395134728766	1395134728973	1395134728973	OK	 
ACTION	Pricing	2	price	1395134728802	1395134728802	1395134729007	1395134729008	OK	 
ACTION	Pricing	3	price	1395134728850	1395134728851	1395134729038	1395134729038	OK	 
ACTION	Pricing	5	price	1395134728879	1395134728880	1395134729070	1395134729070	OK	 
ACTION	Pricing	6	price	1395134728914	1395134728914	1395134729103	1395134729103	OK	 
ACTION	Pricing	1	price	1395134728944	1395134728945	1395134729138	1395134729138	OK	 
ACTION	Pricing	4	price	1395134728975	1395134728975	1395134729171	1395134729172	OK	 
ACTION	Pricing	2	price	1395134729009	1395134729010	1395134729202	1395134729203	OK	 
ACTION	Pricing	3	price	1395134729040	1395134729041	1395134729236	1395134729236	OK	 
ACTION	Pricing	5	price	1395134729072	1395134729072	1395134729270	1395134729270	OK	 
ACTION	Pricing	6	price	1395134729105	1395134729105	1395134729303	1395134729303	OK	 
ACTION	Pricing	1	price	1395134729140	1395134729141	1395134729333	1395134729334	OK	 
ACTION	Pricing	4	price	1395134729174	1395134729174	1395134729369	1395134729369	OK	 
ACTION	Pricing	2	price	1395134729204	1395134729205	1395134729400	1395134729400	OK	 
ACTION	Pricing	3	price	1395134729238	1395134729241	1395134729432	1395134729432	OK	 
ACTION	Pricing	5	price	1395134729272	1395134729272	1395134729464	1395134729464	OK	 
ACTION	Pricing	6	price	1395134729305	1395134729305	1395134729496	1395134729496	OK	 
ACTION	Pricing	1	price	1395134729335	1395134729336	1395134729529	1395134729530	OK	 
ACTION	Pricing	4	price	1395134729371	1395134729371	1395134729569	1395134729569	OK	 
ACTION	Pricing	2	price	1395134729401	1395134729402	1395134729611	1395134729611	OK	 
ACTION	Pricing	3	price	1395134729434	1395134729434	1395134729650	1395134729650	OK	 
ACTION	Pricing	5	price	1395134729466	1395134729467	1395134729686	1395134729686	OK	 
ACTION	Pricing	6	price	1395134729499	1395134729499	1395134729713	1395134729713	OK	 
ACTION	Pricing	1	price	1395134729547	1395134729548	1395134729750	1395134729751	OK	 
ACTION	Pricing	4	price	1395134729571	1395134729572	1395134729788	1395134729788	OK	 
ACTION	Pricing	2	price	1395134729613	1395134729614	1395134729828	1395134729828	OK	 
ACTION	Pricing	3	price	1395134729652	1395134729652	1395134729864	1395134729865	OK	 
ACTION	Pricing	5	price	1395134729688	1395134729688	1395134729899	1395134729899	OK	 
ACTION	Pricing	6	price	1395134729715	1395134729716	1395134729943	1395134729944	OK	 
ACTION	Pricing	1	price	1395134729753	1395134729755	1395134729978	1395134729978	OK	 
ACTION	Pricing	4	price	1395134729790	1395134729791	1395134730011	1395134730011	OK	 
ACTION	Pricing	2	price	1395134729830	1395134729830	1395134730043	1395134730043	OK	 
ACTION	Pricing	3	price	1395134729866	1395134729867	1395134730077	1395134730077	OK	 
ACTION	Pricing	5	price	1395134729902	1395134729902	1395134730110	1395134730110	OK	 
ACTION	Pricing	6	price	1395134729945	1395134729946	1395134730142	1395134730143	OK	 
ACTION	Pricing	1	price	1395134729980	1395134729980	1395134730175	1395134730175	OK	 
ACTION	Pricing	4	price	1395134730013	1395134730013	1395134730211	1395134730211	OK	 
ACTION	Pricing	2	price	1395134730045	1395134730045	1395134730248	1395134730248	OK	 
ACTION	Pricing	3	price	1395134730079	1395134730080	1395134730282	1395134730282	OK	 
ACTION	Pricing	5	price	1395134730112	1395134730113	1395134730313	1395134730314	OK	 
ACTION	Pricing	6	price	1395134730144	1395134730145	1395134730345	1395134730345	OK	 
ACTION	Pricing	1	price	1395134730177	1395134730178	1395134730378	1395134730378	OK	 
ACTION	Pricing	4	price	1395134730213	1395134730213	1395134730410	1395134730410	OK	 
ACTION	Pricing	2	price	1395134730250	1395134730250	1395134730443	1395134730443	OK	 
ACTION	Pricing	3	price	1395134730283	1395134730284	1395134730475	1395134730475	OK	 
ACTION	Pricing	5	price	1395134730315	1395134730316	1395134730507	1395134730507	OK	 
ACTION	Pricing	6	price	1395134730347	1395134730347	1395134730539	1395134730539	OK	 
ACTION	Pricing	1	price	1395134730379	1395134730380	1395134730573	1395134730573	OK	 
ACTION	Pricing	4	price	1395134730412	1395134730413	1395134730607	1395134730608	OK	 
ACTION	Pricing	2	price	1395134730445	1395134730445	1395134730642	1395134730642	OK	 
ACTION	Pricing	3	price	1395134730477	1395134730478	1395134730693	1395134730694	OK	 
ACTION	Pricing	5	price	1395134730509	1395134730510	1395134730722	1395134730722	OK	 
ACTION	Pricing	6	price	1395134730541	1395134730541	1395134730754	1395134730754	OK	 
ACTION	Pricing	1	price	1395134730575	1395134730575	1395134730785	1395134730785	OK	 
ACTION	Pricing	4	price	1395134730610	1395134730610	1395134730822	1395134730822	OK	 
ACTION	Pricing	2	price	1395134730644	1395134730645	1395134730860	1395134730861	OK	 
ACTION	Pricing	3	price	1395134730695	1395134730696	1395134730902	1395134730902	OK	 
ACTION	Pricing	5	price	1395134730724	1395134730725	1395134730942	1395134730943	OK	 
ACTION	Pricing	6	price	1395134730755	1395134730756	1395134730976	1395134730976	OK	 
ACTION	Pricing	1	price	1395134730787	1395134730787	1395134731012	1395134731013	OK	 
ACTION	Pricing	4	price	1395134730824	1395134730825	1395134731044	1395134731044	OK	 
ACTION	Pricing	2	price	1395134730863	1395134730863	1395134731080	1395134731080	OK	 
ACTION	Pricing	3	price	1395134730904	1395134730905	1395134731114	1395134731115	OK	 
ACTION	Pricing	5	price	1395134730945	1395134730946	1395134731147	1395134731147	OK	 
ACTION	Pricing	6	price	1395134730977	1395134730978	1395134731179	1395134731180	OK	 
ACTION	Pricing	1	price	1395134731014	1395134731015	1395134731210	1395134731211	OK	 
ACTION	Pricing	4	price	1395134731046	1395134731047	1395134731242	1395134731242	OK	 
ACTION	Pricing	2	price	1395134731081	1395134731082	1395134731273	1395134731274	OK	 
ACTION	Pricing	3	price	1395134731116	1395134731117	1395134731303	1395134731303	OK	 
ACTION	Pricing	5	price	1395134731149	1395134731149	1395134731335	1395134731335	OK	 
ACTION	Pricing	6	price	1395134731182	1395134731182	1395134731367	1395134731367	OK	 
ACTION	Pricing	1	price	1395134731212	1395134731213	1395134731402	1395134731402	OK	 
ACTION	Pricing	4	price	1395134731244	1395134731244	1395134731436	1395134731436	OK	 
ACTION	Pricing	2	price	1395134731275	1395134731275	1395134731474	1395134731474	OK	 
ACTION	Pricing	3	price	1395134731304	1395134731305	1395134731509	1395134731510	OK	 
ACTION	Pricing	5	price	1395134731337	1395134731338	1395134731546	1395134731547	OK	 
ACTION	Pricing	6	price	1395134731369	1395134731369	1395134731580	1395134731580	OK	 
ACTION	Pricing	1	price	1395134731404	1395134731404	1395134731617	1395134731618	OK	 
ACTION	Pricing	4	price	1395134731438	1395134731439	1395134731650	1395134731650	OK	 
ACTION	Pricing	2	price	1395134731476	1395134731477	1395134731685	1395134731685	OK	 
ACTION	Pricing	3	price	1395134731511	1395134731512	1395134731745	1395134731746	OK	 
ACTION	Pricing	5	price	1395134731549	1395134731549	1395134731759	1395134731759	OK	 
ACTION	Pricing	6	price	1395134731582	1395134731582	1395134731790	1395134731790	OK	 
ACTION	Pricing	1	price	1395134731620	1395134731620	1395134731822	1395134731822	OK	 
ACTION	Pricing	4	price	1395134731652	1395134731653	1395134731857	1395134731857	OK	 
ACTION	Pricing	2	price	1395134731687	1395134731687	1395134731894	1395134731894	OK	 
ACTION	Pricing	3	price	1395134731747	1395134731748	1395134731930	1395134731931	OK	 
ACTION	Pricing	5	price	1395134731761	1395134731761	1395134731968	1395134731969	OK	 
ACTION	Pricing	6	price	1395134731792	1395134731792	1395134732006	1395134732006	OK	 
ACTION	Pricing	1	price	1395134731824	1395134731825	1395134732047	1395134732048	OK	 
ACTION	Pricing	4	price	1395134731859	1395134731860	1395134732085	1395134732086	OK	 
ACTION	Pricing	2	price	1395134731895	1395134731896	1395134732117	1395134732117	OK	 
ACTION	Pricing	3	price	1395134731933	1395134731934	1395134732150	1395134732151	OK	 
ACTION	Pricing	5	price	1395134731971	1395134731971	1395134732185	1395134732185	OK	 
ACTION	Pricing	6	price	1395134732008	1395134732009	1395134732218	1395134732218	OK	 
ACTION	Pricing	1	price	1395134732050	1395134732050	1395134732247	1395134732247	OK	 
ACTION	Pricing	4	price	1395134732087	1395134732088	1395134732278	1395134732278	OK	 
ACTION	Pricing	2	price	1395134732119	1395134732120	1395134732311	1395134732311	OK	 
ACTION	Pricing	3	price	1395134732152	1395134732152	1395134732345	1395134732345	OK	 
ACTION	Pricing	5	price	1395134732187	1395134732188	1395134732377	1395134732377	OK	 
ACTION	Pricing	6	price	1395134732219	1395134732220	1395134732413	1395134732413	OK	 
ACTION	Pricing	1	price	1395134732248	1395134732249	1395134732451	1395134732451	OK	 
ACTION	Pricing	4	price	1395134732280	1395134732280	1395134732491	1395134732492	OK	 
ACTION	Pricing	2	price	1395134732312	1395134732313	1395134732532	1395134732533	OK	 
ACTION	Pricing	3	price	1395134732347	1395134732347	1395134732572	1395134732573	OK	 
ACTION	Pricing	5	price	1395134732379	1395134732379	1395134732607	1395134732607	OK	 
ACTION	Pricing	6	price	1395134732415	1395134732415	1395134732638	1395134732638	OK	 
ACTION	Pricing	1	price	1395134732454	1395134732454	1395134732672	1395134732673	OK	 
ACTION	Pricing	4	price	1395134732494	1395134732494	1395134732707	1395134732707	OK	 
ACTION	Pricing	2	price	1395134732534	1395134732535	1395134732740	1395134732741	OK	 
ACTION	Pricing	3	price	1395134732574	1395134732575	1395134732775	1395134732775	OK	 
ACTION	Pricing	5	price	1395134732609	1395134732609	1395134732806	1395134732806	OK	 
ACTION	Pricing	6	price	1395134732640	1395134732641	1395134732839	1395134732839	OK	 
ACTION	Pricing	1	price	1395134732675	1395134732675	1395134732874	1395134732874	OK	 
ACTION	Pricing	4	price	1395134732709	1395134732710	1395134732911	1395134732911	OK	 
ACTION	Pricing	2	price	1395134732742	1395134732743	1395134732974	1395134732974	OK	 
ACTION	Pricing	3	price	1395134732776	1395134732777	1395134733014	1395134733014	OK	 
ACTION	Pricing	5	price	1395134732807	1395134732808	1395134733056	1395134733057	OK	 
ACTION	Pricing	6	price	1395134732841	1395134732842	1395134733096	1395134733097	OK	 
ACTION	Pricing	1	price	1395134732876	1395134732876	1395134733132	1395134733133	OK	 
ACTION	Pricing	4	price	1395134732914	1395134732915	1395134733166	1395134733167	OK	 
ACTION	Pricing	2	price	1395134732976	1395134732977	1395134733201	1395134733201	OK	 
ACTION	Pricing	3	price	1395134733016	1395134733017	1395134733236	1395134733236	OK	 
ACTION	Pricing	5	price	1395134733059	1395134733059	1395134733266	1395134733267	OK	 
ACTION	Pricing	6	price	1395134733099	1395134733099	1395134733301	1395134733301	OK	 
ACTION	Pricing	1	price	1395134733134	1395134733135	1395134733336	1395134733337	OK	 
ACTION	Pricing	4	price	1395134733169	1395134733169	1395134733370	1395134733371	OK	 
ACTION	Pricing	2	price	1395134733203	1395134733203	1395134733404	1395134733404	OK	 
ACTION	Pricing	3	price	1395134733238	1395134733238	1395134733439	1395134733439	OK	 
ACTION	Pricing	5	price	1395134733268	1395134733269	1395134733472	1395134733472	OK	 
ACTION	Pricing	6	price	1395134733302	1395134733303	1395134733504	1395134733504	OK	 
ACTION	Pricing	1	price	1395134733338	1395134733338	1395134733537	1395134733537	OK	 
ACTION	Pricing	4	price	1395134733372	1395134733373	1395134733569	1395134733570	OK	 
ACTION	Pricing	2	price	1395134733406	1395134733406	1395134733602	1395134733602	OK	 
ACTION	Pricing	3	price	1395134733440	1395134733441	1395134733635	1395134733635	OK	 
ACTION	Pricing	5	price	1395134733474	1395134733475	1395134733673	1395134733673	OK	 
ACTION	Pricing	6	price	1395134733505	1395134733507	1395134733709	1395134733710	OK	 
ACTION	Pricing	1	price	1395134733539	1395134733539	1395134733746	1395134733746	OK	 
ACTION	Pricing	4	price	1395134733571	1395134733572	1395134733805	1395134733805	OK	 
ACTION	Pricing	2	price	1395134733604	1395134733604	1395134733818	1395134733818	OK	 
ACTION	Pricing	3	price	1395134733637	1395134733638	1395134733848	1395134733848	OK	 
ACTION	Pricing	5	price	1395134733675	1395134733676	1395134733880	1395134733880	OK	 
ACTION	Pricing	6	price	1395134733711	1395134733712	1395134733915	1395134733915	OK	 
ACTION	Pricing	1	price	1395134733747	1395134733748	1395134733949	1395134733949	OK	 
ACTION	Pricing	4	price	1395134733807	1395134733808	1395134733982	1395134733982	OK	 
ACTION	Pricing	2	price	1395134733820	1395134733821	1395134734016	1395134734016	OK	 
ACTION	Pricing	3	price	1395134733850	1395134733850	1395134734054	1395134734054	OK	 
ACTION	Pricing	5	price	1395134733882	1395134733883	1395134734091	1395134734091	OK	 
ACTION	Pricing	6	price	1395134733917	1395134733919	1395134734127	1395134734127	OK	 
ACTION	Pricing	1	price	1395134733951	1395134733951	1395134734160	1395134734160	OK	 
ACTION	Pricing	4	price	1395134733983	1395134733984	1395134734197	1395134734197	OK	 
ACTION	Pricing	2	price	1395134734018	1395134734019	1395134734233	1395134734234	OK	 
ACTION	Pricing	3	price	1395134734056	1395134734057	1395134734268	1395134734268	OK	 
ACTION	Pricing	5	price	1395134734093	1395134734093	1395134734301	1395134734302	OK	 
ACTION	Pricing	6	price	1395134734129	1395134734129	1395134734336	1395134734337	OK	 
ACTION	Pricing	1	price	1395134734162	1395134734162	1395134734392	1395134734393	OK	 
ACTION	Pricing	4	price	1395134734199	1395134734199	1395134734414	1395134734414	OK	 
ACTION	Pricing	2	price	1395134734235	1395134734236	1395134734454	1395134734455	OK	 
ACTION	Pricing	3	price	1395134734270	1395134734270	1395134734486	1395134734486	OK	 
ACTION	Pricing	5	price	1395134734303	1395134734304	1395134734521	1395134734521	OK	 
ACTION	Pricing	6	price	1395134734338	1395134734339	1395134734550	1395134734551	OK	 
ACTION	Pricing	1	price	1395134734395	1395134734396	1395134734582	1395134734583	OK	 
ACTION	Pricing	4	price	1395134734416	1395134734417	1395134734619	1395134734619	OK	 
ACTION	Pricing	2	price	1395134734456	1395134734457	1395134734652	1395134734652	OK	 
ACTION	Pricing	3	price	1395134734488	1395134734488	1395134734690	1395134734691	OK	 
ACTION	Pricing	5	price	1395134734523	1395134734523	1395134734725	1395134734726	OK	 
ACTION	Pricing	6	price	1395134734552	1395134734553	1395134734757	1395134734757	OK	 
ACTION	Pricing	1	price	1395134734584	1395134734585	1395134734790	1395134734790	OK	 
ACTION	Pricing	4	price	1395134734622	1395134734623	1395134734827	1395134734827	OK	 
ACTION	Pricing	2	price	1395134734654	1395134734654	1395134734860	1395134734861	OK	 
ACTION	Pricing	3	price	1395134734693	1395134734693	1395134734893	1395134734893	OK	 
ACTION	Pricing	5	price	1395134734730	1395134734730	1395134734929	1395134734929	OK	 
ACTION	Pricing	6	price	1395134734759	1395134734759	1395134734965	1395134734966	OK	 
ACTION	Pricing	1	price	1395134734791	1395134734792	1395134735001	1395134735001	OK	 
ACTION	Pricing	4	price	1395134734829	1395134734829	1395134735034	1395134735034	OK	 
ACTION	Pricing	2	price	1395134734862	1395134734863	1395134735065	1395134735065	OK	 
ACTION	Pricing	3	price	1395134734895	1395134734895	1395134735097	1395134735097	OK	 
ACTION	Pricing	5	price	1395134734931	1395134734931	1395134735133	1395134735133	OK	 
ACTION	Pricing	6	price	1395134734968	1395134734969	1395134735164	1395134735164	OK	 
ACTION	Pricing	1	price	1395134735003	1395134735003	1395134735197	1395134735197	OK	 
ACTION	Pricing	4	price	1395134735036	1395134735036	1395134735230	1395134735230	OK	 
ACTION	Pricing	2	price	1395134735068	1395134735068	1395134735264	1395134735264	OK	 
ACTION	Pricing	3	price	1395134735099	1395134735099	1395134735298	1395134735298	OK	 
ACTION	Pricing	5	price	1395134735134	1395134735135	1395134735331	1395134735331	OK	 
ACTION	Pricing	6	price	1395134735167	1395134735167	1395134735363	1395134735363	OK	 
ACTION	Pricing	1	price	1395134735199	1395134735199	1395134735398	1395134735398	OK	 
ACTION	Pricing	4	price	1395134735232	1395134735233	1395134735432	1395134735433	OK	 
ACTION	Pricing	2	price	1395134735266	1395134735267	1395134735466	1395134735466	OK	 
ACTION	Pricing	3	price	1395134735300	1395134735301	1395134735500	1395134735500	OK	 
ACTION	Pricing	5	price	1395134735333	1395134735334	1395134735535	1395134735535	OK	 
ACTION	Pricing	6	price	1395134735365	1395134735365	1395134735572	1395134735572	OK	 
ACTION	Pricing	1	price	1395134735400	1395134735400	1395134735605	1395134735606	OK	 
ACTION	Pricing	4	price	1395134735434	1395134735435	1395134735644	1395134735645	OK	 
ACTION	Pricing	2	price	1395134735468	1395134735468	1395134735682	1395134735683	OK	 
ACTION	Pricing	3	price	1395134735502	1395134735502	1395134735719	1395134735719	OK	 
ACTION	Pricing	5	price	1395134735537	1395134735538	1395134735757	1395134735757	OK	 
ACTION	Pricing	6	price	1395134735573	1395134735574	1395134735789	1395134735789	OK	 
ACTION	Pricing	1	price	1395134735607	1395134735608	1395134735824	1395134735824	OK	 
ACTION	Pricing	4	price	1395134735651	1395134735651	1395134735861	1395134735862	OK	 
ACTION	Pricing	2	price	1395134735684	1395134735685	1395134735895	1395134735895	OK	 
ACTION	Pricing	3	price	1395134735721	1395134735722	1395134735930	1395134735930	OK	 
ACTION	Pricing	5	price	1395134735759	1395134735759	1395134735961	1395134735961	OK	 
ACTION	Pricing	6	price	1395134735791	1395134735791	1395134735993	1395134735993	OK	 
ACTION	Pricing	1	price	1395134735827	1395134735827	1395134736025	1395134736026	OK	 
ACTION	Pricing	4	price	1395134735863	1395134735864	1395134736057	1395134736057	OK	 
ACTION	Pricing	2	price	1395134735896	1395134735897	1395134736089	1395134736089	OK	 
ACTION	Pricing	3	price	1395134735931	1395134735932	1395134736121	1395134736121	OK	 
ACTION	Pricing	5	price	1395134735963	1395134735964	1395134736155	1395134736156	OK	 
ACTION	Pricing	6	price	1395134735995	1395134735995	1395134736196	1395134736196	OK	 
ACTION	Pricing	1	price	1395134736027	1395134736027	1395134736233	1395134736233	OK	 
ACTION	Pricing	4	price	1395134736059	1395134736059	1395134736268	1395134736268	OK	 
ACTION	Pricing	2	price	1395134736091	1395134736092	1395134736305	1395134736306	OK	 
ACTION	Pricing	3	price	1395134736123	1395134736124	1395134736344	1395134736344	OK	 
ACTION	Pricing	5	price	1395134736157	1395134736158	1395134736385	1395134736385	OK	 
ACTION	Pricing	6	price	1395134736198	1395134736199	1395134736427	1395134736427	OK	 
ACTION	Pricing	1	price	1395134736235	1395134736236	1395134736462	1395134736462	OK	 
ACTION	Pricing	4	price	1395134736270	1395134736270	1395134736494	1395134736494	OK	 
ACTION	Pricing	2	price	1395134736307	1395134736308	1395134736526	1395134736526	OK	 
ACTION	Pricing	3	price	1395134736346	1395134736353	1395134736556	1395134736556	OK	 
ACTION	Pricing	5	price	1395134736387	1395134736388	1395134736591	1395134736592	OK	 
ACTION	Pricing	6	price	1395134736429	1395134736430	1395134736622	1395134736622	OK	 
ACTION	Pricing	1	price	1395134736463	1395134736464	1395134736654	1395134736654	OK	 
ACTION	Pricing	4	price	1395134736495	1395134736496	1395134736690	1395134736691	OK	 
ACTION	Pricing	2	price	1395134736527	1395134736528	1395134736724	1395134736724	OK	 
ACTION	Pricing	3	price	1395134736558	1395134736559	1395134736757	1395134736757	OK	 
ACTION	Pricing	5	price	1395134736593	1395134736594	1395134736788	1395134736788	OK	 
ACTION	Pricing	6	price	1395134736625	1395134736625	1395134736823	1395134736823	OK	 
ACTION	Pricing	1	price	1395134736656	1395134736656	1395134736857	1395134736858	OK	 
ACTION	Pricing	4	price	1395134736692	1395134736693	1395134736891	1395134736891	OK	 
ACTION	Pricing	2	price	1395134736726	1395134736726	1395134736926	1395134736926	OK	 
ACTION	Pricing	3	price	1395134736758	1395134736759	1395134736957	1395134736957	OK	 
ACTION	Pricing	5	price	1395134736790	1395134736790	1395134736999	1395134736999	OK	 
ACTION	Pricing	6	price	1395134736825	1395134736826	1395134737035	1395134737035	OK	 
ACTION	Pricing	1	price	1395134736860	1395134736860	1395134737069	1395134737069	OK	 
ACTION	Pricing	4	price	1395134736893	1395134736894	1395134737106	1395134737107	OK	 
ACTION	Pricing	2	price	1395134736927	1395134736928	1395134737140	1395134737140	OK	 
ACTION	Pricing	3	price	1395134736958	1395134736959	1395134737172	1395134737172	OK	 
ACTION	Pricing	5	price	1395134737001	1395134737001	1395134737205	1395134737205	OK	 
ACTION	Pricing	6	price	1395134737043	1395134737043	1395134737239	1395134737239	OK	 
ACTION	Pricing	1	price	1395134737071	1395134737071	1395134737271	1395134737271	OK	 
ACTION	Pricing	4	price	1395134737108	1395134737108	1395134737305	1395134737306	OK	 
ACTION	Pricing	2	price	1395134737141	1395134737142	1395134737339	1395134737339	OK	 
ACTION	Pricing	3	price	1395134737173	1395134737174	1395134737372	1395134737372	OK	 
ACTION	Pricing	5	price	1395134737207	1395134737207	1395134737404	1395134737404	OK	 
ACTION	Pricing	6	price	1395134737241	1395134737241	1395134737441	1395134737441	OK	 
ACTION	Pricing	1	price	1395134737273	1395134737274	1395134737473	1395134737474	OK	 
ACTION	Pricing	4	price	1395134737307	1395134737308	1395134737508	1395134737509	OK	 
ACTION	Pricing	2	price	1395134737341	1395134737341	1395134737544	1395134737544	OK	 
ACTION	Pricing	3	price	1395134737374	1395134737374	1395134737578	1395134737578	OK	 
ACTION	Pricing	5	price	1395134737406	1395134737406	1395134737612	1395134737613	OK	 
ACTION	Pricing	6	price	1395134737442	1395134737443	1395134737651	1395134737651	OK	 
ACTION	Pricing	1	price	1395134737476	1395134737476	1395134737685	1395134737686	OK	 
ACTION	Pricing	4	price	1395134737510	1395134737511	1395134737724	1395134737725	OK	 
ACTION	Pricing	2	price	1395134737546	1395134737547	1395134737756	1395134737756	OK	 
ACTION	Pricing	3	price	1395134737580	1395134737581	1395134737787	1395134737788	OK	 
ACTION	Pricing	5	price	1395134737614	1395134737615	1395134737821	1395134737821	OK	 
ACTION	Pricing	6	price	1395134737653	1395134737653	1395134737855	1395134737855	OK	 
ACTION	Pricing	1	price	1395134737687	1395134737688	1395134737890	1395134737890	OK	 
ACTION	Pricing	4	price	1395134737726	1395134737727	1395134737923	1395134737923	OK	 
ACTION	Pricing	2	price	1395134737757	1395134737758	1395134737957	1395134737957	OK	 
ACTION	Pricing	3	price	1395134737789	1395134737789	1395134737990	1395134737990	OK	 
ACTION	Pricing	5	price	1395134737823	1395134737823	1395134738023	1395134738024	OK	 
ACTION	Pricing	6	price	1395134737857	1395134737858	1395134738057	1395134738058	OK	 
ACTION	Pricing	1	price	1395134737892	1395134737892	1395134738092	1395134738092	OK	 
ACTION	Pricing	4	price	1395134737924	1395134737924	1395134738131	1395134738131	OK	 
ACTION	Pricing	2	price	1395134737958	1395134737959	1395134738168	1395134738168	OK	 
ACTION	Pricing	3	price	1395134737992	1395134737993	1395134738203	1395134738204	OK	 
ACTION	Pricing	5	price	1395134738025	1395134738026	1395134738243	1395134738243	OK	 
ACTION	Pricing	6	price	1395134738059	1395134738060	1395134738280	1395134738281	OK	 
ACTION	Pricing	1	price	1395134738094	1395134738095	1395134738322	1395134738322	OK	 
ACTION	Pricing	4	price	1395134738132	1395134738133	1395134738358	1395134738359	OK	 
ACTION	Pricing	2	price	1395134738170	1395134738170	1395134738390	1395134738391	OK	 
ACTION	Pricing	3	price	1395134738206	1395134738206	1395134738428	1395134738428	OK	 
ACTION	Pricing	5	price	1395134738245	1395134738246	1395134738462	1395134738463	OK	 
ACTION	Pricing	6	price	1395134738282	1395134738283	1395134738500	1395134738500	OK	 
ACTION	Pricing	1	price	1395134738324	1395134738325	1395134738535	1395134738535	OK	 
ACTION	Pricing	4	price	1395134738360	1395134738361	1395134738568	1395134738569	OK	 
ACTION	Pricing	2	price	1395134738392	1395134738397	1395134738605	1395134738605	OK	 
ACTION	Pricing	3	price	1395134738430	1395134738430	1395134738638	1395134738638	OK	 
ACTION	Pricing	5	price	1395134738464	1395134738466	1395134738669	1395134738669	OK	 
ACTION	Pricing	6	price	1395134738502	1395134738503	1395134738704	1395134738704	OK	 
ACTION	Pricing	1	price	1395134738537	1395134738538	1395134738739	1395134738739	OK	 
ACTION	Pricing	4	price	1395134738570	1395134738571	1395134738772	1395134738773	OK	 
ACTION	Pricing	2	price	1395134738606	1395134738607	1395134738807	1395134738807	OK	 
ACTION	Pricing	3	price	1395134738639	1395134738640	1395134738841	1395134738841	OK	 
ACTION	Pricing	5	price	1395134738671	1395134738671	1395134738873	1395134738874	OK	 
ACTION	Pricing	6	price	1395134738706	1395134738706	1395134738909	1395134738909	OK	 
ACTION	Pricing	1	price	1395134738742	1395134738742	1395134738946	1395134738947	OK	 
ACTION	Pricing	4	price	1395134738774	1395134738775	1395134738988	1395134738989	OK	 
ACTION	Pricing	2	price	1395134738809	1395134738809	1395134739026	1395134739026	OK	 
ACTION	Pricing	3	price	1395134738842	1395134738842	1395134739064	1395134739064	OK	 
ACTION	Pricing	5	price	1395134738876	1395134738876	1395134739102	1395134739103	OK	 
ACTION	Pricing	6	price	1395134738910	1395134738910	1395134739140	1395134739140	OK	 
ACTION	Pricing	1	price	1395134738948	1395134738949	1395134739177	1395134739177	OK	 
ACTION	Pricing	4	price	1395134738990	1395134738991	1395134739211	1395134739211	OK	 
ACTION	Pricing	2	price	1395134739028	1395134739029	1395134739246	1395134739247	OK	 
ACTION	Pricing	3	price	1395134739066	1395134739066	1395134739279	1395134739280	OK	 
ACTION	Pricing	5	price	1395134739104	1395134739105	1395134739314	1395134739314	OK	 
ACTION	Pricing	6	price	1395134739142	1395134739142	1395134739346	1395134739346	OK	 
ACTION	Pricing	1	price	1395134739179	1395134739179	1395134739379	1395134739379	OK	 
ACTION	Pricing	4	price	1395134739213	1395134739214	1395134739416	1395134739417	OK	 
ACTION	Pricing	2	price	1395134739248	1395134739248	1395134739463	1395134739464	OK	 
ACTION	Pricing	3	price	1395134739281	1395134739282	1395134739504	1395134739505	OK	 
ACTION	Pricing	5	price	1395134739315	1395134739316	1395134739545	1395134739545	OK	 
ACTION	Pricing	6	price	1395134739348	1395134739348	1395134739583	1395134739584	OK	 
ACTION	Pricing	1	price	1395134739381	1395134739381	1395134739619	1395134739619	OK	 
ACTION	Pricing	4	price	1395134739419	1395134739420	1395134739674	1395134739675	OK	 
ACTION	Pricing	2	price	1395134739467	1395134739468	1395134739694	1395134739694	OK	 
ACTION	Pricing	3	price	1395134739507	1395134739507	1395134739731	1395134739731	OK	 
ACTION	Pricing	5	price	1395134739547	1395134739548	1395134739766	1395134739767	OK	 
ACTION	Pricing	6	price	1395134739586	1395134739587	1395134739803	1395134739804	OK	 
ACTION	Pricing	1	price	1395134739621	1395134739622	1395134739834	1395134739835	OK	 
ACTION	Pricing	4	price	1395134739678	1395134739678	1395134739870	1395134739870	OK	 
ACTION	Pricing	2	price	1395134739697	1395134739698	1395134739902	1395134739903	OK	 
ACTION	Pricing	3	price	1395134739733	1395134739733	1395134739936	1395134739937	OK	 
ACTION	Pricing	5	price	1395134739768	1395134739768	1395134739972	1395134739972	OK	 
ACTION	Pricing	6	price	1395134739806	1395134739807	1395134740006	1395134740006	OK	 
ACTION	Pricing	1	price	1395134739836	1395134739837	1395134740037	1395134740037	OK	 
ACTION	Pricing	4	price	1395134739872	1395134739872	1395134740071	1395134740071	OK	 
ACTION	Pricing	2	price	1395134739904	1395134739905	1395134740103	1395134740103	OK	 
ACTION	Pricing	3	price	1395134739938	1395134739938	1395134740135	1395134740135	OK	 
ACTION	Pricing	5	price	1395134739973	1395134739974	1395134740167	1395134740167	OK	 
ACTION	Pricing	6	price	1395134740008	1395134740008	1395134740198	1395134740198	OK	 
ACTION	Pricing	1	price	1395134740039	1395134740039	1395134740232	1395134740233	OK	 
ACTION	Pricing	4	price	1395134740072	1395134740073	1395134740263	1395134740264	OK	 
ACTION	Pricing	2	price	1395134740104	1395134740105	1395134740295	1395134740295	OK	 
ACTION	Pricing	3	price	1395134740136	1395134740137	1395134740331	1395134740332	OK	 
ACTION	Pricing	5	price	1395134740169	1395134740169	1395134740364	1395134740365	OK	 
ACTION	Pricing	6	price	1395134740200	1395134740200	1395134740400	1395134740400	OK	 
ACTION	Pricing	1	price	1395134740234	1395134740234	1395134740436	1395134740436	OK	 
ACTION	Pricing	4	price	1395134740265	1395134740266	1395134740471	1395134740471	OK	 
ACTION	Pricing	2	price	1395134740297	1395134740297	1395134740503	1395134740503	OK	 
ACTION	Pricing	3	price	1395134740333	1395134740333	1395134740536	1395134740536	OK	 
ACTION	Pricing	5	price	1395134740366	1395134740369	1395134740570	1395134740570	OK	 
ACTION	Pricing	6	price	1395134740402	1395134740402	1395134740602	1395134740602	OK	 
ACTION	Pricing	1	price	1395134740437	1395134740438	1395134740647	1395134740647	OK	 
ACTION	Pricing	4	price	1395134740472	1395134740473	1395134740681	1395134740682	OK	 
ACTION	Pricing	2	price	1395134740506	1395134740507	1395134740713	1395134740713	OK	 
ACTION	Pricing	3	price	1395134740537	1395134740538	1395134740747	1395134740747	OK	 
ACTION	Pricing	5	price	1395134740572	1395134740573	1395134740780	1395134740780	OK	 
ACTION	Pricing	6	price	1395134740604	1395134740604	1395134740812	1395134740813	OK	 
ACTION	Pricing	1	price	1395134740649	1395134740649	1395134740847	1395134740848	OK	 
ACTION	Pricing	4	price	1395134740683	1395134740683	1395134740884	1395134740885	OK	 
ACTION	Pricing	2	price	1395134740715	1395134740715	1395134740917	1395134740917	OK	 
ACTION	Pricing	3	price	1395134740748	1395134740749	1395134740951	1395134740951	OK	 
ACTION	Pricing	5	price	1395134740781	1395134740781	1395134740987	1395134740987	OK	 
ACTION	Pricing	6	price	1395134740814	1395134740815	1395134741026	1395134741027	OK	 
ACTION	Pricing	1	price	1395134740850	1395134740851	1395134741070	1395134741071	OK	 
ACTION	Pricing	4	price	1395134740886	1395134740887	1395134741102	1395134741103	OK	 
ACTION	Pricing	2	price	1395134740919	1395134740919	1395134741144	1395134741145	OK	 
ACTION	Pricing	3	price	1395134740953	1395134740954	1395134741185	1395134741186	OK	 
ACTION	Pricing	5	price	1395134740988	1395134740989	1395134741227	1395134741228	OK	 
ACTION	Pricing	6	price	1395134741029	1395134741031	1395134741268	1395134741268	OK	 
ACTION	Pricing	1	price	1395134741072	1395134741073	1395134741300	1395134741300	OK	 
ACTION	Pricing	4	price	1395134741104	1395134741106	1395134741334	1395134741334	OK	 
ACTION	Pricing	2	price	1395134741147	1395134741148	1395134741366	1395134741366	OK	 
ACTION	Pricing	3	price	1395134741188	1395134741190	1395134741406	1395134741407	OK	 
ACTION	Pricing	5	price	1395134741230	1395134741231	1395134741438	1395134741438	OK	 
ACTION	Pricing	6	price	1395134741270	1395134741270	1395134741473	1395134741473	OK	 
ACTION	Pricing	1	price	1395134741301	1395134741301	1395134741506	1395134741506	OK	 
ACTION	Pricing	4	price	1395134741336	1395134741336	1395134741539	1395134741539	OK	 
ACTION	Pricing	2	price	1395134741367	1395134741368	1395134741570	1395134741571	OK	 
ACTION	Pricing	3	price	1395134741408	1395134741408	1395134741603	1395134741603	OK	 
ACTION	Pricing	5	price	1395134741439	1395134741440	1395134741637	1395134741637	OK	 
ACTION	Pricing	6	price	1395134741475	1395134741475	1395134741667	1395134741667	OK	 
ACTION	Pricing	1	price	1395134741508	1395134741508	1395134741702	1395134741702	OK	 
ACTION	Pricing	4	price	1395134741541	1395134741541	1395134741735	1395134741735	OK	 
ACTION	Pricing	2	price	1395134741572	1395134741573	1395134741770	1395134741770	OK	 
ACTION	Pricing	3	price	1395134741605	1395134741605	1395134741807	1395134741807	OK	 
ACTION	Pricing	5	price	1395134741638	1395134741639	1395134741842	1395134741843	OK	 
ACTION	Pricing	6	price	1395134741669	1395134741669	1395134741877	1395134741877	OK	 
ACTION	Pricing	1	price	1395134741703	1395134741704	1395134741909	1395134741909	OK	 
ACTION	Pricing	4	price	1395134741737	1395134741737	1395134741944	1395134741944	OK	 
ACTION	Pricing	2	price	1395134741772	1395134741772	1395134741977	1395134741977	OK	 
ACTION	Pricing	3	price	1395134741808	1395134741808	1395134742013	1395134742013	OK	 
ACTION	Pricing	5	price	1395134741845	1395134741845	1395134742042	1395134742043	OK	 
ACTION	Pricing	6	price	1395134741878	1395134741878	1395134742077	1395134742077	OK	 
ACTION	Pricing	1	price	1395134741911	1395134741911	1395134742110	1395134742110	OK	 
ACTION	Pricing	4	price	1395134741946	1395134741946	1395134742142	1395134742142	OK	 
ACTION	Pricing	2	price	1395134741978	1395134741979	1395134742173	1395134742174	OK	 
ACTION	Pricing	3	price	1395134742015	1395134742015	1395134742210	1395134742210	OK	 
ACTION	Pricing	5	price	1395134742044	1395134742045	1395134742245	1395134742245	OK	 
ACTION	Pricing	6	price	1395134742078	1395134742079	1395134742276	1395134742277	OK	 
ACTION	Pricing	1	price	1395134742112	1395134742112	1395134742309	1395134742309	OK	 
ACTION	Pricing	4	price	1395134742143	1395134742145	1395134742343	1395134742343	OK	 
ACTION	Pricing	2	price	1395134742175	1395134742176	1395134742377	1395134742377	OK	 
ACTION	Pricing	3	price	1395134742211	1395134742212	1395134742411	1395134742411	OK	 
ACTION	Pricing	5	price	1395134742247	1395134742247	1395134742444	1395134742444	OK	 
ACTION	Pricing	6	price	1395134742278	1395134742279	1395134742482	1395134742482	OK	 
ACTION	Pricing	1	price	1395134742310	1395134742311	1395134742518	1395134742519	OK	 
ACTION	Pricing	4	price	1395134742344	1395134742345	1395134742551	1395134742552	OK	 
ACTION	Pricing	2	price	1395134742378	1395134742379	1395134742585	1395134742585	OK	 
ACTION	Pricing	3	price	1395134742412	1395134742413	1395134742618	1395134742618	OK	 
ACTION	Pricing	5	price	1395134742446	1395134742446	1395134742653	1395134742653	OK	 
ACTION	Pricing	6	price	1395134742483	1395134742484	1395134742688	1395134742688	OK	 
ACTION	Pricing	1	price	1395134742520	1395134742521	1395134742724	1395134742724	OK	 
ACTION	Pricing	4	price	1395134742553	1395134742553	1395134742758	1395134742759	OK	 
ACTION	Pricing	2	price	1395134742586	1395134742587	1395134742799	1395134742800	OK	 
ACTION	Pricing	3	price	1395134742620	1395134742621	1395134742839	1395134742839	OK	 
ACTION	Pricing	5	price	1395134742654	1395134742655	1395134742876	1395134742876	OK	 
ACTION	Pricing	6	price	1395134742690	1395134742690	1395134742911	1395134742911	OK	 
ACTION	Pricing	1	price	1395134742725	1395134742726	1395134742946	1395134742947	OK	 
ACTION	Pricing	4	price	1395134742760	1395134742761	1395134742979	1395134742979	OK	 
ACTION	Pricing	2	price	1395134742801	1395134742802	1395134743012	1395134743012	OK	 
ACTION	Pricing	3	price	1395134742841	1395134742842	1395134743045	1395134743045	OK	 
ACTION	Pricing	5	price	1395134742879	1395134742879	1395134743077	1395134743077	OK	 
ACTION	Pricing	6	price	1395134742913	1395134742914	1395134743109	1395134743109	OK	 
ACTION	Pricing	1	price	1395134742948	1395134742949	1395134743142	1395134743142	OK	 
ACTION	Pricing	4	price	1395134742981	1395134742981	1395134743174	1395134743174	OK	 
ACTION	Pricing	2	price	1395134743014	1395134743014	1395134743208	1395134743209	OK	 
ACTION	Pricing	3	price	1395134743047	1395134743047	1395134743242	1395134743242	OK	 
ACTION	Pricing	5	price	1395134743079	1395134743079	1395134743276	1395134743277	OK	 
ACTION	Pricing	6	price	1395134743111	1395134743111	1395134743313	1395134743313	OK	 
ACTION	Pricing	1	price	1395134743143	1395134743144	1395134743351	1395134743351	OK	 
ACTION	Pricing	4	price	1395134743175	1395134743176	1395134743394	1395134743395	OK	 
ACTION	Pricing	2	price	1395134743210	1395134743211	1395134743426	1395134743426	OK	 
ACTION	Pricing	3	price	1395134743244	1395134743245	1395134743461	1395134743461	OK	 
ACTION	Pricing	5	price	1395134743278	1395134743279	1395134743496	1395134743497	OK	 
ACTION	Pricing	6	price	1395134743314	1395134743316	1395134743531	1395134743531	OK	 
ACTION	Pricing	1	price	1395134743353	1395134743354	1395134743563	1395134743564	OK	 
ACTION	Pricing	4	price	1395134743401	1395134743402	1395134743596	1395134743596	OK	 
ACTION	Pricing	2	price	1395134743428	1395134743428	1395134743633	1395134743633	OK	 
ACTION	Pricing	3	price	1395134743463	1395134743463	1395134743665	1395134743665	OK	 
ACTION	Pricing	5	price	1395134743498	1395134743499	1395134743696	1395134743696	OK	 
ACTION	Pricing	6	price	1395134743533	1395134743534	1395134743735	1395134743735	OK	 
ACTION	Pricing	1	price	1395134743565	1395134743565	1395134743769	1395134743769	OK	 
ACTION	Pricing	4	price	1395134743597	1395134743598	1395134743802	1395134743802	OK	 
ACTION	Pricing	2	price	1395134743634	1395134743635	1395134743834	1395134743835	OK	 
ACTION	Pricing	3	price	1395134743667	1395134743667	1395134743866	1395134743867	OK	 
ACTION	Pricing	5	price	1395134743697	1395134743698	1395134743902	1395134743903	OK	 
ACTION	Pricing	6	price	1395134743737	1395134743737	1395134743937	1395134743937	OK	 
ACTION	Pricing	1	price	1395134743770	1395134743770	1395134743970	1395134743970	OK	 
ACTION	Pricing	4	price	1395134743804	1395134743805	1395134744006	1395134744006	OK	 
ACTION	Pricing	2	price	1395134743836	1395134743836	1395134744038	1395134744038	OK	 
ACTION	Pricing	3	price	1395134743868	1395134743868	1395134744067	1395134744067	OK	 
ACTION	Pricing	5	price	1395134743904	1395134743905	1395134744100	1395134744100	OK	 
ACTION	Pricing	6	price	1395134743938	1395134743939	1395134744133	1395134744134	OK	 
ACTION	Pricing	1	price	1395134743972	1395134743973	1395134744169	1395134744169	OK	 
ACTION	Pricing	4	price	1395134744008	1395134744008	1395134744204	1395134744204	OK	 
ACTION	Pricing	2	price	1395134744040	1395134744040	1395134744241	1395134744241	OK	 
ACTION	Pricing	3	price	1395134744069	1395134744069	1395134744277	1395134744277	OK	 
ACTION	Pricing	5	price	1395134744102	1395134744102	1395134744309	1395134744309	OK	 
ACTION	Pricing	6	price	1395134744135	1395134744136	1395134744341	1395134744341	OK	 
ACTION	Pricing	1	price	1395134744171	1395134744171	1395134744373	1395134744373	OK	 
ACTION	Pricing	4	price	1395134744205	1395134744205	1395134744408	1395134744408	OK	 
ACTION	Pricing	2	price	1395134744243	1395134744243	1395134744441	1395134744441	OK	 
ACTION	Pricing	3	price	1395134744278	1395134744279	1395134744474	1395134744474	OK	 
ACTION	Pricing	5	price	1395134744311	1395134744311	1395134744506	1395134744506	OK	 
ACTION	Pricing	6	price	1395134744343	1395134744343	1395134744540	1395134744540	OK	 
ACTION	Pricing	1	price	1395134744374	1395134744375	1395134744572	1395134744572	OK	 
ACTION	Pricing	4	price	1395134744410	1395134744410	1395134744605	1395134744606	OK	 
ACTION	Pricing	2	price	1395134744443	1395134744443	1395134744640	1395134744640	OK	 
ACTION	Pricing	3	price	1395134744475	1395134744476	1395134744675	1395134744675	OK	 
ACTION	Pricing	5	price	1395134744507	1395134744508	1395134744713	1395134744713	OK	 
ACTION	Pricing	6	price	1395134744541	1395134744542	1395134744750	1395134744750	OK	 
ACTION	Pricing	1	price	1395134744574	1395134744574	1395134744785	1395134744785	OK	 
ACTION	Pricing	4	price	1395134744607	1395134744607	1395134744823	1395134744823	OK	 
ACTION	Pricing	2	price	1395134744642	1395134744642	1395134744860	1395134744860	OK	 
ACTION	Pricing	3	price	1395134744676	1395134744677	1395134744889	1395134744889	OK	 
ACTION	Pricing	5	price	1395134744715	1395134744715	1395134744921	1395134744922	OK	 
ACTION	Pricing	6	price	1395134744751	1395134744752	1395134744956	1395134744956	OK	 
ACTION	Pricing	1	price	1395134744787	1395134744787	1395134744989	1395134744989	OK	 
ACTION	Pricing	4	price	1395134744825	1395134744825	1395134745027	1395134745027	OK	 
ACTION	Pricing	2	price	1395134744862	1395134744862	1395134745059	1395134745060	OK	 
ACTION	Pricing	3	price	1395134744891	1395134744891	1395134745092	1395134745093	OK	 
ACTION	Pricing	5	price	1395134744923	1395134744924	1395134745124	1395134745124	OK	 
ACTION	Pricing	6	price	1395134744958	1395134744958	1395134745156	1395134745156	OK	 
ACTION	Pricing	1	price	1395134744991	1395134744991	1395134745193	1395134745193	OK	 
ACTION	Pricing	4	price	1395134745029	1395134745029	1395134745230	1395134745230	OK	 
ACTION	Pricing	2	price	1395134745061	1395134745062	1395134745264	1395134745264	OK	 
ACTION	Pricing	3	price	1395134745094	1395134745094	1395134745298	1395134745298	OK	 
ACTION	Pricing	5	price	1395134745126	1395134745127	1395134745334	1395134745335	OK	 
ACTION	Pricing	6	price	1395134745158	1395134745158	1395134745368	1395134745368	OK	 
ACTION	Pricing	1	price	1395134745199	1395134745199	1395134745403	1395134745404	OK	 
ACTION	Pricing	4	price	1395134745232	1395134745232	1395134745440	1395134745441	OK	 
ACTION	Pricing	2	price	1395134745265	1395134745266	1395134745477	1395134745477	OK	 
ACTION	Pricing	3	price	1395134745300	1395134745300	1395134745513	1395134745513	OK	 
ACTION	Pricing	5	price	1395134745336	1395134745336	1395134745547	1395134745547	OK	 
ACTION	Pricing	6	price	1395134745370	1395134745370	1395134745585	1395134745586	OK	 
ACTION	Pricing	1	price	1395134745405	1395134745406	1395134745621	1395134745621	OK	 
ACTION	Pricing	4	price	1395134745443	1395134745443	1395134745653	1395134745653	OK	 
ACTION	Pricing	2	price	1395134745479	1395134745479	1395134745687	1395134745687	OK	 
ACTION	Pricing	3	price	1395134745514	1395134745514	1395134745720	1395134745720	OK	 
ACTION	Pricing	5	price	1395134745550	1395134745550	1395134745756	1395134745757	OK	 
ACTION	Pricing	6	price	1395134745587	1395134745588	1395134745790	1395134745791	OK	 
ACTION	Pricing	1	price	1395134745623	1395134745623	1395134745833	1395134745833	OK	 
ACTION	Pricing	4	price	1395134745654	1395134745655	1395134745868	1395134745868	OK	 
ACTION	Pricing	2	price	1395134745689	1395134745689	1395134745901	1395134745902	OK	 
ACTION	Pricing	3	price	1395134745721	1395134745722	1395134745935	1395134745936	OK	 
ACTION	Pricing	5	price	1395134745758	1395134745758	1395134745970	1395134745970	OK	 
ACTION	Pricing	6	price	1395134745793	1395134745793	1395134746003	1395134746003	OK	 
ACTION	Pricing	1	price	1395134745835	1395134745836	1395134746038	1395134746038	OK	 
ACTION	Pricing	4	price	1395134745869	1395134745869	1395134746070	1395134746071	OK	 
ACTION	Pricing	2	price	1395134745903	1395134745904	1395134746105	1395134746105	OK	 
ACTION	Pricing	3	price	1395134745937	1395134745938	1395134746136	1395134746137	OK	 
ACTION	Pricing	5	price	1395134745971	1395134745972	1395134746173	1395134746173	OK	 
ACTION	Pricing	6	price	1395134746005	1395134746005	1395134746206	1395134746206	OK	 
ACTION	Pricing	1	price	1395134746039	1395134746040	1395134746240	1395134746240	OK	 
ACTION	Pricing	4	price	1395134746072	1395134746073	1395134746275	1395134746275	OK	 
ACTION	Pricing	2	price	1395134746107	1395134746107	1395134746306	1395134746307	OK	 
ACTION	Pricing	3	price	1395134746138	1395134746139	1395134746339	1395134746339	OK	 
ACTION	Pricing	5	price	1395134746174	1395134746175	1395134746372	1395134746372	OK	 
ACTION	Pricing	6	price	1395134746208	1395134746208	1395134746409	1395134746410	OK	 
ACTION	Pricing	1	price	1395134746242	1395134746242	1395134746447	1395134746448	OK	 
ACTION	Pricing	4	price	1395134746277	1395134746277	1395134746481	1395134746482	OK	 
ACTION	Pricing	2	price	1395134746308	1395134746308	1395134746516	1395134746517	OK	 
ACTION	Pricing	3	price	1395134746341	1395134746342	1395134746549	1395134746549	OK	 
ACTION	Pricing	5	price	1395134746374	1395134746375	1395134746581	1395134746582	OK	 
ACTION	Pricing	6	price	1395134746411	1395134746412	1395134746615	1395134746615	OK	 
ACTION	Pricing	1	price	1395134746450	1395134746450	1395134746649	1395134746649	OK	 
ACTION	Pricing	4	price	1395134746483	1395134746484	1395134746688	1395134746688	OK	 
ACTION	Pricing	2	price	1395134746519	1395134746519	1395134746724	1395134746725	OK	 
ACTION	Pricing	3	price	1395134746550	1395134746551	1395134746760	1395134746761	OK	 
ACTION	Pricing	5	price	1395134746583	1395134746584	1395134746792	1395134746793	OK	 
ACTION	Pricing	6	price	1395134746617	1395134746617	1395134746828	1395134746828	OK	 
ACTION	Pricing	1	price	1395134746651	1395134746652	1395134746863	1395134746863	OK	 
ACTION	Pricing	4	price	1395134746690	1395134746690	1395134746898	1395134746898	OK	 
ACTION	Pricing	2	price	1395134746726	1395134746726	1395134746938	1395134746938	OK	 
ACTION	Pricing	3	price	1395134746762	1395134746763	1395134746977	1395134746977	OK	 
ACTION	Pricing	5	price	1395134746794	1395134746797	1395134747017	1395134747017	OK	 
ACTION	Pricing	6	price	1395134746830	1395134746830	1395134747056	1395134747056	OK	 
ACTION	Pricing	1	price	1395134746865	1395134746865	1395134747096	1395134747096	OK	 
ACTION	Pricing	4	price	1395134746900	1395134746900	1395134747129	1395134747129	OK	 
ACTION	Pricing	2	price	1395134746940	1395134746941	1395134747181	1395134747182	OK	 
ACTION	Pricing	3	price	1395134746979	1395134746980	1395134747208	1395134747208	OK	 
ACTION	Pricing	5	price	1395134747019	1395134747019	1395134747265	1395134747265	OK	 
ACTION	Pricing	6	price	1395134747058	1395134747058	1395134747305	1395134747305	OK	 
ACTION	Pricing	1	price	1395134747098	1395134747098	1395134747384	1395134747384	OK	 
ACTION	Pricing	4	price	1395134747131	1395134747132	1395134747400	1395134747400	OK	 
ACTION	Pricing	2	price	1395134747183	1395134747183	1395134747443	1395134747443	OK	 
ACTION	Pricing	3	price	1395134747210	1395134747211	1395134747494	1395134747494	OK	 
ACTION	Pricing	5	price	1395134747267	1395134747267	1395134747520	1395134747520	OK	 
ACTION	Pricing	6	price	1395134747307	1395134747307	1395134747555	1395134747555	OK	 
ACTION	Pricing	1	price	1395134747385	1395134747386	1395134747590	1395134747590	OK	 
ACTION	Pricing	4	price	1395134747402	1395134747403	1395134747627	1395134747627	OK	 
ACTION	Pricing	2	price	1395134747445	1395134747445	1395134747661	1395134747661	OK	 
ACTION	Pricing	3	price	1395134747496	1395134747497	1395134747692	1395134747693	OK	 
ACTION	Pricing	5	price	1395134747521	1395134747522	1395134747726	1395134747726	OK	 
ACTION	Pricing	6	price	1395134747557	1395134747557	1395134747759	1395134747759	OK	 
ACTION	Pricing	1	price	1395134747591	1395134747592	1395134747792	1395134747793	OK	 
ACTION	Pricing	4	price	1395134747628	1395134747629	1395134747826	1395134747826	OK	 
ACTION	Pricing	2	price	1395134747663	1395134747663	1395134747861	1395134747862	OK	 
ACTION	Pricing	3	price	1395134747694	1395134747695	1395134747892	1395134747892	OK	 
ACTION	Pricing	5	price	1395134747727	1395134747728	1395134747925	1395134747925	OK	 
ACTION	Pricing	6	price	1395134747761	1395134747761	1395134747957	1395134747957	OK	 
ACTION	Pricing	1	price	1395134747794	1395134747794	1395134747993	1395134747993	OK	 
ACTION	Pricing	4	price	1395134747827	1395134747828	1395134748038	1395134748038	OK	 
ACTION	Pricing	2	price	1395134747863	1395134747863	1395134748073	1395134748073	OK	 
ACTION	Pricing	3	price	1395134747893	1395134747894	1395134748101	1395134748102	OK	 
ACTION	Pricing	5	price	1395134747927	1395134747927	1395134748133	1395134748133	OK	 
ACTION	Pricing	6	price	1395134747959	1395134747960	1395134748165	1395134748165	OK	 
ACTION	Pricing	1	price	1395134747995	1395134747995	1395134748199	1395134748199	OK	 
ACTION	Pricing	4	price	1395134748040	1395134748041	1395134748232	1395134748233	OK	 
ACTION	Pricing	2	price	1395134748074	1395134748075	1395134748265	1395134748266	OK	 
ACTION	Pricing	3	price	1395134748103	1395134748104	1395134748299	1395134748299	OK	 
ACTION	Pricing	5	price	1395134748134	1395134748135	1395134748334	1395134748334	OK	 
ACTION	Pricing	6	price	1395134748166	1395134748166	1395134748367	1395134748367	OK	 
ACTION	Pricing	1	price	1395134748200	1395134748201	1395134748404	1395134748404	OK	 
ACTION	Pricing	4	price	1395134748234	1395134748234	1395134748440	1395134748440	OK	 
ACTION	Pricing	2	price	1395134748267	1395134748267	1395134748471	1395134748472	OK	 
ACTION	Pricing	3	price	1395134748301	1395134748301	1395134748508	1395134748509	OK	 
ACTION	Pricing	5	price	1395134748336	1395134748336	1395134748542	1395134748542	OK	 
ACTION	Pricing	6	price	1395134748368	1395134748369	1395134748576	1395134748577	OK	 
SCENARIO	Pricing	6	END	1395134748577
ACTION	Pricing	1	price	1395134748407	1395134748407	1395134748609	1395134748609	OK	 
SCENARIO	Pricing	1	END	1395134748610
ACTION	Pricing	4	price	1395134748441	1395134748442	1395134748644	1395134748644	OK	 
SCENARIO	Pricing	4	END	1395134748645
ACTION	Pricing	2	price	1395134748474	1395134748474	1395134748678	1395134748679	OK	 
SCENARIO	Pricing	2	END	1395134748679
ACTION	Pricing	3	price	1395134748510	1395134748511	1395134748712	1395134748712	OK	 
SCENARIO	Pricing	3	END	1395134748713
ACTION	Pricing	5	price	1395134748543	1395134748544	1395134748743	1395134748743	OK	 
SCENARIO	Pricing	5	END	1395134748744
