RUN	20140318084544	pricingsimulation	pricingsimulation
SCENARIO	Pricing	1	START	1395132347336
ACTION	Pricing	1	price	1395132347464	1395132347498	1395132347884	1395132347917	OK	 
ACTION	Pricing	1	price	1395132348050	1395132348055	1395132348117	1395132348117	OK	 
ACTION	Pricing	1	price	1395132348129	1395132348132	1395132348172	1395132348172	OK	 
ACTION	Pricing	1	price	1395132348174	1395132348175	1395132348216	1395132348216	OK	 
ACTION	Pricing	1	price	1395132348217	1395132348219	1395132348265	1395132348265	OK	 
ACTION	Pricing	1	price	1395132348267	1395132348268	1395132348309	1395132348310	OK	 
ACTION	Pricing	1	price	1395132348311	1395132348312	1395132348353	1395132348353	OK	 
ACTION	Pricing	1	price	1395132348354	1395132348355	1395132348395	1395132348395	OK	 
ACTION	Pricing	1	price	1395132348397	1395132348406	1395132348435	1395132348435	OK	 
ACTION	Pricing	1	price	1395132348437	1395132348437	1395132348476	1395132348477	OK	 
ACTION	Pricing	1	price	1395132348479	1395132348479	1395132348522	1395132348522	OK	 
ACTION	Pricing	1	price	1395132348524	1395132348525	1395132348560	1395132348560	OK	 
ACTION	Pricing	1	price	1395132348563	1395132348563	1395132348598	1395132348599	OK	 
ACTION	Pricing	1	price	1395132348600	1395132348601	1395132348637	1395132348637	OK	 
ACTION	Pricing	1	price	1395132348639	1395132348640	1395132348674	1395132348675	OK	 
ACTION	Pricing	1	price	1395132348676	1395132348677	1395132348713	1395132348713	OK	 
ACTION	Pricing	1	price	1395132348715	1395132348716	1395132348750	1395132348750	OK	 
ACTION	Pricing	1	price	1395132348752	1395132348753	1395132348788	1395132348788	OK	 
ACTION	Pricing	1	price	1395132348790	1395132348791	1395132348829	1395132348829	OK	 
ACTION	Pricing	1	price	1395132348831	1395132348832	1395132348876	1395132348876	OK	 
ACTION	Pricing	1	price	1395132348877	1395132348879	1395132348912	1395132348912	OK	 
ACTION	Pricing	1	price	1395132348913	1395132348914	1395132348947	1395132348948	OK	 
ACTION	Pricing	1	price	1395132348950	1395132348950	1395132348987	1395132348987	OK	 
ACTION	Pricing	1	price	1395132348989	1395132348990	1395132349024	1395132349025	OK	 
ACTION	Pricing	1	price	1395132349027	1395132349028	1395132349065	1395132349065	OK	 
ACTION	Pricing	1	price	1395132349066	1395132349067	1395132349111	1395132349111	OK	 
ACTION	Pricing	1	price	1395132349113	1395132349113	1395132349148	1395132349148	OK	 
ACTION	Pricing	1	price	1395132349150	1395132349151	1395132349187	1395132349187	OK	 
ACTION	Pricing	1	price	1395132349189	1395132349190	1395132349226	1395132349227	OK	 
ACTION	Pricing	1	price	1395132349228	1395132349229	1395132349268	1395132349268	OK	 
ACTION	Pricing	1	price	1395132349270	1395132349272	1395132349309	1395132349309	OK	 
ACTION	Pricing	1	price	1395132349310	1395132349312	1395132349347	1395132349347	OK	 
ACTION	Pricing	1	price	1395132349349	1395132349350	1395132349387	1395132349387	OK	 
ACTION	Pricing	1	price	1395132349389	1395132349389	1395132349428	1395132349429	OK	 
ACTION	Pricing	1	price	1395132349430	1395132349432	1395132349469	1395132349469	OK	 
ACTION	Pricing	1	price	1395132349471	1395132349472	1395132349517	1395132349517	OK	 
ACTION	Pricing	1	price	1395132349519	1395132349520	1395132349556	1395132349556	OK	 
ACTION	Pricing	1	price	1395132349557	1395132349558	1395132349593	1395132349594	OK	 
ACTION	Pricing	1	price	1395132349596	1395132349596	1395132349632	1395132349632	OK	 
ACTION	Pricing	1	price	1395132349633	1395132349634	1395132349667	1395132349668	OK	 
ACTION	Pricing	1	price	1395132349669	1395132349669	1395132349705	1395132349706	OK	 
ACTION	Pricing	1	price	1395132349707	1395132349708	1395132349742	1395132349742	OK	 
ACTION	Pricing	1	price	1395132349744	1395132349744	1395132349778	1395132349778	OK	 
ACTION	Pricing	1	price	1395132349779	1395132349780	1395132349816	1395132349817	OK	 
ACTION	Pricing	1	price	1395132349818	1395132349819	1395132349856	1395132349856	OK	 
ACTION	Pricing	1	price	1395132349857	1395132349858	1395132349897	1395132349897	OK	 
ACTION	Pricing	1	price	1395132349898	1395132349899	1395132349935	1395132349935	OK	 
ACTION	Pricing	1	price	1395132349937	1395132349937	1395132349972	1395132349972	OK	 
ACTION	Pricing	1	price	1395132349974	1395132349974	1395132350009	1395132350009	OK	 
ACTION	Pricing	1	price	1395132350011	1395132350027	1395132350067	1395132350067	OK	 
ACTION	Pricing	1	price	1395132350068	1395132350069	1395132350103	1395132350103	OK	 
ACTION	Pricing	1	price	1395132350105	1395132350105	1395132350141	1395132350141	OK	 
ACTION	Pricing	1	price	1395132350142	1395132350143	1395132350176	1395132350177	OK	 
ACTION	Pricing	1	price	1395132350178	1395132350179	1395132350212	1395132350212	OK	 
ACTION	Pricing	1	price	1395132350214	1395132350214	1395132350247	1395132350247	OK	 
ACTION	Pricing	1	price	1395132350249	1395132350249	1395132350284	1395132350285	OK	 
ACTION	Pricing	1	price	1395132350286	1395132350286	1395132350329	1395132350329	OK	 
ACTION	Pricing	1	price	1395132350330	1395132350331	1395132350366	1395132350366	OK	 
ACTION	Pricing	1	price	1395132350367	1395132350368	1395132350413	1395132350414	OK	 
ACTION	Pricing	1	price	1395132350415	1395132350416	1395132350450	1395132350450	OK	 
ACTION	Pricing	1	price	1395132350452	1395132350453	1395132350497	1395132350497	OK	 
ACTION	Pricing	1	price	1395132350499	1395132350499	1395132350542	1395132350542	OK	 
ACTION	Pricing	1	price	1395132350543	1395132350544	1395132350577	1395132350577	OK	 
ACTION	Pricing	1	price	1395132350579	1395132350579	1395132350617	1395132350617	OK	 
ACTION	Pricing	1	price	1395132350618	1395132350619	1395132350653	1395132350653	OK	 
ACTION	Pricing	1	price	1395132350654	1395132350655	1395132350698	1395132350698	OK	 
ACTION	Pricing	1	price	1395132350700	1395132350700	1395132350732	1395132350733	OK	 
ACTION	Pricing	1	price	1395132350734	1395132350735	1395132350769	1395132350769	OK	 
ACTION	Pricing	1	price	1395132350770	1395132350771	1395132350804	1395132350804	OK	 
ACTION	Pricing	1	price	1395132350806	1395132350806	1395132350840	1395132350840	OK	 
ACTION	Pricing	1	price	1395132350842	1395132350843	1395132350887	1395132350887	OK	 
ACTION	Pricing	1	price	1395132350889	1395132350889	1395132350922	1395132350922	OK	 
ACTION	Pricing	1	price	1395132350924	1395132350924	1395132350965	1395132350965	OK	 
ACTION	Pricing	1	price	1395132350967	1395132350968	1395132351002	1395132351002	OK	 
ACTION	Pricing	1	price	1395132351004	1395132351004	1395132351038	1395132351039	OK	 
ACTION	Pricing	1	price	1395132351040	1395132351041	1395132351072	1395132351072	OK	 
ACTION	Pricing	1	price	1395132351074	1395132351074	1395132351106	1395132351106	OK	 
ACTION	Pricing	1	price	1395132351107	1395132351108	1395132351139	1395132351139	OK	 
ACTION	Pricing	1	price	1395132351141	1395132351141	1395132351174	1395132351174	OK	 
ACTION	Pricing	1	price	1395132351175	1395132351176	1395132351208	1395132351208	OK	 
ACTION	Pricing	1	price	1395132351209	1395132351209	1395132351243	1395132351243	OK	 
ACTION	Pricing	1	price	1395132351244	1395132351245	1395132351280	1395132351280	OK	 
ACTION	Pricing	1	price	1395132351281	1395132351282	1395132351314	1395132351314	OK	 
ACTION	Pricing	1	price	1395132351316	1395132351316	1395132351349	1395132351349	OK	 
ACTION	Pricing	1	price	1395132351350	1395132351351	1395132351384	1395132351384	OK	 
ACTION	Pricing	1	price	1395132351386	1395132351386	1395132351423	1395132351423	OK	 
ACTION	Pricing	1	price	1395132351424	1395132351425	1395132351459	1395132351459	OK	 
ACTION	Pricing	1	price	1395132351461	1395132351461	1395132351499	1395132351499	OK	 
ACTION	Pricing	1	price	1395132351501	1395132351501	1395132351541	1395132351541	OK	 
ACTION	Pricing	1	price	1395132351542	1395132351543	1395132351576	1395132351576	OK	 
ACTION	Pricing	1	price	1395132351578	1395132351579	1395132351612	1395132351612	OK	 
ACTION	Pricing	1	price	1395132351613	1395132351614	1395132351648	1395132351648	OK	 
ACTION	Pricing	1	price	1395132351650	1395132351650	1395132351682	1395132351682	OK	 
ACTION	Pricing	1	price	1395132351684	1395132351685	1395132351718	1395132351718	OK	 
ACTION	Pricing	1	price	1395132351719	1395132351720	1395132351753	1395132351754	OK	 
ACTION	Pricing	1	price	1395132351755	1395132351756	1395132351789	1395132351789	OK	 
ACTION	Pricing	1	price	1395132351791	1395132351791	1395132351825	1395132351825	OK	 
ACTION	Pricing	1	price	1395132351827	1395132351827	1395132351861	1395132351861	OK	 
ACTION	Pricing	1	price	1395132351863	1395132351864	1395132351897	1395132351898	OK	 
ACTION	Pricing	1	price	1395132351899	1395132351899	1395132351934	1395132351935	OK	 
ACTION	Pricing	1	price	1395132351937	1395132351938	1395132351974	1395132351974	OK	 
ACTION	Pricing	1	price	1395132351975	1395132351976	1395132352009	1395132352009	OK	 
ACTION	Pricing	1	price	1395132352011	1395132352011	1395132352044	1395132352044	OK	 
ACTION	Pricing	1	price	1395132352045	1395132352046	1395132352078	1395132352078	OK	 
ACTION	Pricing	1	price	1395132352079	1395132352080	1395132352112	1395132352113	OK	 
ACTION	Pricing	1	price	1395132352114	1395132352114	1395132352147	1395132352147	OK	 
ACTION	Pricing	1	price	1395132352148	1395132352149	1395132352182	1395132352182	OK	 
ACTION	Pricing	1	price	1395132352184	1395132352184	1395132352218	1395132352218	OK	 
ACTION	Pricing	1	price	1395132352220	1395132352220	1395132352253	1395132352253	OK	 
ACTION	Pricing	1	price	1395132352254	1395132352255	1395132352289	1395132352289	OK	 
ACTION	Pricing	1	price	1395132352291	1395132352291	1395132352323	1395132352323	OK	 
ACTION	Pricing	1	price	1395132352325	1395132352331	1395132352363	1395132352363	OK	 
ACTION	Pricing	1	price	1395132352364	1395132352365	1395132352403	1395132352403	OK	 
ACTION	Pricing	1	price	1395132352405	1395132352405	1395132352439	1395132352439	OK	 
ACTION	Pricing	1	price	1395132352440	1395132352441	1395132352475	1395132352476	OK	 
ACTION	Pricing	1	price	1395132352477	1395132352477	1395132352513	1395132352513	OK	 
ACTION	Pricing	1	price	1395132352514	1395132352515	1395132352549	1395132352549	OK	 
ACTION	Pricing	1	price	1395132352551	1395132352551	1395132352587	1395132352587	OK	 
ACTION	Pricing	1	price	1395132352589	1395132352589	1395132352622	1395132352622	OK	 
ACTION	Pricing	1	price	1395132352624	1395132352624	1395132352667	1395132352667	OK	 
ACTION	Pricing	1	price	1395132352668	1395132352669	1395132352702	1395132352702	OK	 
ACTION	Pricing	1	price	1395132352703	1395132352704	1395132352737	1395132352738	OK	 
ACTION	Pricing	1	price	1395132352739	1395132352739	1395132352785	1395132352785	OK	 
ACTION	Pricing	1	price	1395132352787	1395132352787	1395132352821	1395132352821	OK	 
ACTION	Pricing	1	price	1395132352823	1395132352823	1395132352858	1395132352858	OK	 
ACTION	Pricing	1	price	1395132352860	1395132352860	1395132352904	1395132352904	OK	 
ACTION	Pricing	1	price	1395132352905	1395132352906	1395132352939	1395132352939	OK	 
ACTION	Pricing	1	price	1395132352940	1395132352941	1395132352988	1395132352989	OK	 
ACTION	Pricing	1	price	1395132352990	1395132352990	1395132353022	1395132353022	OK	 
ACTION	Pricing	1	price	1395132353023	1395132353024	1395132353057	1395132353057	OK	 
ACTION	Pricing	1	price	1395132353061	1395132353061	1395132353099	1395132353099	OK	 
ACTION	Pricing	1	price	1395132353100	1395132353101	1395132353134	1395132353134	OK	 
ACTION	Pricing	1	price	1395132353136	1395132353136	1395132353169	1395132353169	OK	 
ACTION	Pricing	1	price	1395132353170	1395132353171	1395132353205	1395132353205	OK	 
ACTION	Pricing	1	price	1395132353206	1395132353207	1395132353239	1395132353239	OK	 
ACTION	Pricing	1	price	1395132353240	1395132353241	1395132353287	1395132353287	OK	 
ACTION	Pricing	1	price	1395132353288	1395132353289	1395132353320	1395132353320	OK	 
ACTION	Pricing	1	price	1395132353322	1395132353322	1395132353354	1395132353355	OK	 
ACTION	Pricing	1	price	1395132353356	1395132353356	1395132353400	1395132353400	OK	 
ACTION	Pricing	1	price	1395132353401	1395132353402	1395132353437	1395132353437	OK	 
ACTION	Pricing	1	price	1395132353438	1395132353439	1395132353473	1395132353473	OK	 
ACTION	Pricing	1	price	1395132353474	1395132353475	1395132353509	1395132353509	OK	 
ACTION	Pricing	1	price	1395132353510	1395132353511	1395132353543	1395132353543	OK	 
ACTION	Pricing	1	price	1395132353544	1395132353545	1395132353580	1395132353580	OK	 
ACTION	Pricing	1	price	1395132353581	1395132353582	1395132353625	1395132353625	OK	 
ACTION	Pricing	1	price	1395132353627	1395132353627	1395132353661	1395132353661	OK	 
ACTION	Pricing	1	price	1395132353662	1395132353663	1395132353698	1395132353699	OK	 
ACTION	Pricing	1	price	1395132353701	1395132353701	1395132353733	1395132353733	OK	 
ACTION	Pricing	1	price	1395132353735	1395132353736	1395132353767	1395132353767	OK	 
ACTION	Pricing	1	price	1395132353768	1395132353769	1395132353813	1395132353813	OK	 
ACTION	Pricing	1	price	1395132353814	1395132353815	1395132353848	1395132353848	OK	 
ACTION	Pricing	1	price	1395132353850	1395132353850	1395132353883	1395132353883	OK	 
ACTION	Pricing	1	price	1395132353884	1395132353885	1395132353918	1395132353918	OK	 
ACTION	Pricing	1	price	1395132353920	1395132353920	1395132353955	1395132353955	OK	 
ACTION	Pricing	1	price	1395132353957	1395132353958	1395132353990	1395132353990	OK	 
ACTION	Pricing	1	price	1395132353992	1395132353992	1395132354023	1395132354023	OK	 
ACTION	Pricing	1	price	1395132354024	1395132354025	1395132354058	1395132354058	OK	 
ACTION	Pricing	1	price	1395132354060	1395132354060	1395132354092	1395132354098	OK	 
ACTION	Pricing	1	price	1395132354100	1395132354100	1395132354133	1395132354134	OK	 
ACTION	Pricing	1	price	1395132354135	1395132354136	1395132354168	1395132354168	OK	 
ACTION	Pricing	1	price	1395132354170	1395132354170	1395132354204	1395132354204	OK	 
ACTION	Pricing	1	price	1395132354206	1395132354206	1395132354237	1395132354238	OK	 
ACTION	Pricing	1	price	1395132354239	1395132354239	1395132354274	1395132354274	OK	 
ACTION	Pricing	1	price	1395132354275	1395132354276	1395132354308	1395132354309	OK	 
ACTION	Pricing	1	price	1395132354310	1395132354311	1395132354343	1395132354343	OK	 
ACTION	Pricing	1	price	1395132354345	1395132354345	1395132354377	1395132354378	OK	 
ACTION	Pricing	1	price	1395132354379	1395132354379	1395132354412	1395132354412	OK	 
ACTION	Pricing	1	price	1395132354414	1395132354414	1395132354446	1395132354446	OK	 
ACTION	Pricing	1	price	1395132354447	1395132354448	1395132354482	1395132354482	OK	 
ACTION	Pricing	1	price	1395132354483	1395132354484	1395132354519	1395132354519	OK	 
ACTION	Pricing	1	price	1395132354520	1395132354521	1395132354554	1395132354554	OK	 
ACTION	Pricing	1	price	1395132354556	1395132354557	1395132354591	1395132354592	OK	 
ACTION	Pricing	1	price	1395132354593	1395132354594	1395132354638	1395132354639	OK	 
ACTION	Pricing	1	price	1395132354640	1395132354641	1395132354681	1395132354681	OK	 
ACTION	Pricing	1	price	1395132354682	1395132354683	1395132354714	1395132354715	OK	 
ACTION	Pricing	1	price	1395132354717	1395132354717	1395132354749	1395132354749	OK	 
ACTION	Pricing	1	price	1395132354750	1395132354751	1395132354782	1395132354782	OK	 
ACTION	Pricing	1	price	1395132354783	1395132354784	1395132354817	1395132354817	OK	 
ACTION	Pricing	1	price	1395132354819	1395132354820	1395132354853	1395132354853	OK	 
ACTION	Pricing	1	price	1395132354855	1395132354855	1395132354888	1395132354888	OK	 
ACTION	Pricing	1	price	1395132354889	1395132354890	1395132354921	1395132354922	OK	 
ACTION	Pricing	1	price	1395132354923	1395132354924	1395132354964	1395132354964	OK	 
ACTION	Pricing	1	price	1395132354965	1395132354966	1395132355000	1395132355000	OK	 
ACTION	Pricing	1	price	1395132355002	1395132355002	1395132355036	1395132355036	OK	 
ACTION	Pricing	1	price	1395132355037	1395132355038	1395132355069	1395132355069	OK	 
ACTION	Pricing	1	price	1395132355070	1395132355071	1395132355104	1395132355104	OK	 
ACTION	Pricing	1	price	1395132355105	1395132355106	1395132355139	1395132355139	OK	 
ACTION	Pricing	1	price	1395132355140	1395132355141	1395132355174	1395132355174	OK	 
ACTION	Pricing	1	price	1395132355175	1395132355176	1395132355208	1395132355208	OK	 
ACTION	Pricing	1	price	1395132355210	1395132355210	1395132355241	1395132355242	OK	 
ACTION	Pricing	1	price	1395132355243	1395132355243	1395132355276	1395132355276	OK	 
ACTION	Pricing	1	price	1395132355277	1395132355278	1395132355313	1395132355313	OK	 
ACTION	Pricing	1	price	1395132355314	1395132355315	1395132355346	1395132355346	OK	 
ACTION	Pricing	1	price	1395132355348	1395132355348	1395132355390	1395132355391	OK	 
ACTION	Pricing	1	price	1395132355392	1395132355393	1395132355427	1395132355427	OK	 
ACTION	Pricing	1	price	1395132355429	1395132355429	1395132355461	1395132355462	OK	 
ACTION	Pricing	1	price	1395132355463	1395132355463	1395132355504	1395132355504	OK	 
ACTION	Pricing	1	price	1395132355506	1395132355506	1395132355538	1395132355538	OK	 
ACTION	Pricing	1	price	1395132355540	1395132355540	1395132355579	1395132355579	OK	 
ACTION	Pricing	1	price	1395132355580	1395132355580	1395132355620	1395132355621	OK	 
ACTION	Pricing	1	price	1395132355623	1395132355624	1395132355658	1395132355658	OK	 
ACTION	Pricing	1	price	1395132355660	1395132355660	1395132355698	1395132355698	OK	 
ACTION	Pricing	1	price	1395132355700	1395132355701	1395132355736	1395132355737	OK	 
ACTION	Pricing	1	price	1395132355738	1395132355739	1395132355775	1395132355775	OK	 
ACTION	Pricing	1	price	1395132355776	1395132355777	1395132355808	1395132355809	OK	 
ACTION	Pricing	1	price	1395132355811	1395132355811	1395132355841	1395132355841	OK	 
ACTION	Pricing	1	price	1395132355843	1395132355843	1395132355877	1395132355877	OK	 
ACTION	Pricing	1	price	1395132355878	1395132355879	1395132355912	1395132355912	OK	 
ACTION	Pricing	1	price	1395132355914	1395132355914	1395132355948	1395132355948	OK	 
ACTION	Pricing	1	price	1395132355950	1395132355950	1395132355985	1395132355985	OK	 
ACTION	Pricing	1	price	1395132355986	1395132355987	1395132356028	1395132356028	OK	 
ACTION	Pricing	1	price	1395132356029	1395132356030	1395132356063	1395132356063	OK	 
ACTION	Pricing	1	price	1395132356064	1395132356065	1395132356095	1395132356096	OK	 
ACTION	Pricing	1	price	1395132356097	1395132356097	1395132356129	1395132356130	OK	 
ACTION	Pricing	1	price	1395132356131	1395132356131	1395132356162	1395132356163	OK	 
ACTION	Pricing	1	price	1395132356164	1395132356165	1395132356198	1395132356199	OK	 
ACTION	Pricing	1	price	1395132356200	1395132356200	1395132356235	1395132356235	OK	 
ACTION	Pricing	1	price	1395132356236	1395132356237	1395132356269	1395132356269	OK	 
ACTION	Pricing	1	price	1395132356270	1395132356271	1395132356303	1395132356304	OK	 
ACTION	Pricing	1	price	1395132356305	1395132356306	1395132356341	1395132356341	OK	 
ACTION	Pricing	1	price	1395132356342	1395132356342	1395132356374	1395132356374	OK	 
ACTION	Pricing	1	price	1395132356376	1395132356376	1395132356419	1395132356419	OK	 
ACTION	Pricing	1	price	1395132356421	1395132356421	1395132356453	1395132356453	OK	 
ACTION	Pricing	1	price	1395132356454	1395132356455	1395132356487	1395132356487	OK	 
ACTION	Pricing	1	price	1395132356488	1395132356489	1395132356520	1395132356520	OK	 
ACTION	Pricing	1	price	1395132356521	1395132356521	1395132356552	1395132356553	OK	 
ACTION	Pricing	1	price	1395132356554	1395132356554	1395132356586	1395132356586	OK	 
ACTION	Pricing	1	price	1395132356587	1395132356588	1395132356620	1395132356620	OK	 
ACTION	Pricing	1	price	1395132356621	1395132356621	1395132356679	1395132356679	OK	 
ACTION	Pricing	1	price	1395132356681	1395132356681	1395132356715	1395132356715	OK	 
ACTION	Pricing	1	price	1395132356716	1395132356717	1395132356759	1395132356759	OK	 
ACTION	Pricing	1	price	1395132356761	1395132356761	1395132356793	1395132356793	OK	 
ACTION	Pricing	1	price	1395132356795	1395132356795	1395132356835	1395132356835	OK	 
ACTION	Pricing	1	price	1395132356837	1395132356837	1395132356871	1395132356871	OK	 
ACTION	Pricing	1	price	1395132356873	1395132356873	1395132356906	1395132356906	OK	 
ACTION	Pricing	1	price	1395132356907	1395132356907	1395132356939	1395132356940	OK	 
ACTION	Pricing	1	price	1395132356941	1395132356941	1395132356974	1395132356975	OK	 
ACTION	Pricing	1	price	1395132356976	1395132356977	1395132357009	1395132357009	OK	 
ACTION	Pricing	1	price	1395132357011	1395132357011	1395132357044	1395132357044	OK	 
ACTION	Pricing	1	price	1395132357045	1395132357045	1395132357079	1395132357079	OK	 
ACTION	Pricing	1	price	1395132357080	1395132357081	1395132357111	1395132357111	OK	 
ACTION	Pricing	1	price	1395132357112	1395132357113	1395132357147	1395132357148	OK	 
ACTION	Pricing	1	price	1395132357149	1395132357149	1395132357181	1395132357181	OK	 
ACTION	Pricing	1	price	1395132357182	1395132357183	1395132357215	1395132357215	OK	 
ACTION	Pricing	1	price	1395132357216	1395132357217	1395132357248	1395132357248	OK	 
ACTION	Pricing	1	price	1395132357250	1395132357252	1395132357285	1395132357285	OK	 
ACTION	Pricing	1	price	1395132357287	1395132357287	1395132357329	1395132357330	OK	 
ACTION	Pricing	1	price	1395132357331	1395132357332	1395132357364	1395132357365	OK	 
ACTION	Pricing	1	price	1395132357366	1395132357367	1395132357398	1395132357398	OK	 
ACTION	Pricing	1	price	1395132357400	1395132357400	1395132357432	1395132357432	OK	 
ACTION	Pricing	1	price	1395132357433	1395132357434	1395132357465	1395132357466	OK	 
ACTION	Pricing	1	price	1395132357467	1395132357467	1395132357500	1395132357501	OK	 
ACTION	Pricing	1	price	1395132357502	1395132357502	1395132357533	1395132357534	OK	 
ACTION	Pricing	1	price	1395132357535	1395132357536	1395132357567	1395132357568	OK	 
ACTION	Pricing	1	price	1395132357569	1395132357569	1395132357601	1395132357601	OK	 
ACTION	Pricing	1	price	1395132357603	1395132357603	1395132357636	1395132357637	OK	 
ACTION	Pricing	1	price	1395132357638	1395132357638	1395132357671	1395132357672	OK	 
ACTION	Pricing	1	price	1395132357673	1395132357674	1395132357707	1395132357708	OK	 
ACTION	Pricing	1	price	1395132357709	1395132357709	1395132357741	1395132357742	OK	 
ACTION	Pricing	1	price	1395132357743	1395132357743	1395132357775	1395132357775	OK	 
ACTION	Pricing	1	price	1395132357777	1395132357777	1395132357809	1395132357809	OK	 
ACTION	Pricing	1	price	1395132357810	1395132357811	1395132357852	1395132357852	OK	 
ACTION	Pricing	1	price	1395132357853	1395132357854	1395132357890	1395132357891	OK	 
ACTION	Pricing	1	price	1395132357892	1395132357892	1395132357925	1395132357925	OK	 
ACTION	Pricing	1	price	1395132357927	1395132357927	1395132357959	1395132357959	OK	 
ACTION	Pricing	1	price	1395132357960	1395132357960	1395132358004	1395132358004	OK	 
ACTION	Pricing	1	price	1395132358005	1395132358006	1395132358038	1395132358038	OK	 
ACTION	Pricing	1	price	1395132358040	1395132358040	1395132358087	1395132358087	OK	 
ACTION	Pricing	1	price	1395132358089	1395132358089	1395132358131	1395132358131	OK	 
ACTION	Pricing	1	price	1395132358132	1395132358133	1395132358168	1395132358168	OK	 
ACTION	Pricing	1	price	1395132358169	1395132358170	1395132358204	1395132358204	OK	 
ACTION	Pricing	1	price	1395132358205	1395132358206	1395132358239	1395132358239	OK	 
ACTION	Pricing	1	price	1395132358240	1395132358241	1395132358274	1395132358275	OK	 
ACTION	Pricing	1	price	1395132358276	1395132358276	1395132358310	1395132358310	OK	 
ACTION	Pricing	1	price	1395132358312	1395132358312	1395132358346	1395132358346	OK	 
ACTION	Pricing	1	price	1395132358347	1395132358348	1395132358381	1395132358381	OK	 
ACTION	Pricing	1	price	1395132358382	1395132358383	1395132358416	1395132358416	OK	 
ACTION	Pricing	1	price	1395132358418	1395132358419	1395132358457	1395132358457	OK	 
ACTION	Pricing	1	price	1395132358458	1395132358459	1395132358491	1395132358491	OK	 
ACTION	Pricing	1	price	1395132358493	1395132358493	1395132358527	1395132358528	OK	 
ACTION	Pricing	1	price	1395132358529	1395132358529	1395132358574	1395132358575	OK	 
ACTION	Pricing	1	price	1395132358576	1395132358576	1395132358609	1395132358609	OK	 
ACTION	Pricing	1	price	1395132358610	1395132358611	1395132358644	1395132358645	OK	 
ACTION	Pricing	1	price	1395132358646	1395132358647	1395132358680	1395132358680	OK	 
ACTION	Pricing	1	price	1395132358681	1395132358682	1395132358713	1395132358713	OK	 
ACTION	Pricing	1	price	1395132358715	1395132358715	1395132358747	1395132358747	OK	 
ACTION	Pricing	1	price	1395132358748	1395132358748	1395132358781	1395132358781	OK	 
ACTION	Pricing	1	price	1395132358782	1395132358783	1395132358814	1395132358814	OK	 
ACTION	Pricing	1	price	1395132358815	1395132358815	1395132358846	1395132358846	OK	 
ACTION	Pricing	1	price	1395132358848	1395132358848	1395132358888	1395132358888	OK	 
ACTION	Pricing	1	price	1395132358890	1395132358891	1395132358923	1395132358923	OK	 
ACTION	Pricing	1	price	1395132358925	1395132358925	1395132358956	1395132358956	OK	 
ACTION	Pricing	1	price	1395132358957	1395132358957	1395132358996	1395132358996	OK	 
ACTION	Pricing	1	price	1395132358999	1395132359000	1395132359038	1395132359038	OK	 
ACTION	Pricing	1	price	1395132359039	1395132359040	1395132359073	1395132359073	OK	 
ACTION	Pricing	1	price	1395132359074	1395132359075	1395132359117	1395132359118	OK	 
ACTION	Pricing	1	price	1395132359119	1395132359120	1395132359152	1395132359152	OK	 
ACTION	Pricing	1	price	1395132359153	1395132359154	1395132359187	1395132359187	OK	 
ACTION	Pricing	1	price	1395132359189	1395132359189	1395132359221	1395132359221	OK	 
ACTION	Pricing	1	price	1395132359223	1395132359223	1395132359255	1395132359256	OK	 
ACTION	Pricing	1	price	1395132359257	1395132359258	1395132359291	1395132359291	OK	 
ACTION	Pricing	1	price	1395132359292	1395132359293	1395132359326	1395132359326	OK	 
ACTION	Pricing	1	price	1395132359327	1395132359328	1395132359361	1395132359361	OK	 
ACTION	Pricing	1	price	1395132359363	1395132359363	1395132359398	1395132359398	OK	 
ACTION	Pricing	1	price	1395132359400	1395132359400	1395132359435	1395132359435	OK	 
ACTION	Pricing	1	price	1395132359436	1395132359437	1395132359483	1395132359484	OK	 
ACTION	Pricing	1	price	1395132359485	1395132359486	1395132359520	1395132359521	OK	 
ACTION	Pricing	1	price	1395132359522	1395132359523	1395132359559	1395132359559	OK	 
ACTION	Pricing	1	price	1395132359561	1395132359561	1395132359596	1395132359597	OK	 
ACTION	Pricing	1	price	1395132359598	1395132359599	1395132359633	1395132359634	OK	 
ACTION	Pricing	1	price	1395132359635	1395132359636	1395132359671	1395132359671	OK	 
ACTION	Pricing	1	price	1395132359673	1395132359673	1395132359708	1395132359708	OK	 
ACTION	Pricing	1	price	1395132359710	1395132359710	1395132359747	1395132359747	OK	 
ACTION	Pricing	1	price	1395132359748	1395132359749	1395132359785	1395132359785	OK	 
ACTION	Pricing	1	price	1395132359787	1395132359787	1395132359824	1395132359824	OK	 
ACTION	Pricing	1	price	1395132359825	1395132359826	1395132359863	1395132359863	OK	 
ACTION	Pricing	1	price	1395132359864	1395132359865	1395132359900	1395132359901	OK	 
ACTION	Pricing	1	price	1395132359902	1395132359903	1395132359938	1395132359938	OK	 
ACTION	Pricing	1	price	1395132359939	1395132359940	1395132359975	1395132359976	OK	 
ACTION	Pricing	1	price	1395132359977	1395132359977	1395132360015	1395132360015	OK	 
ACTION	Pricing	1	price	1395132360016	1395132360016	1395132360053	1395132360053	OK	 
ACTION	Pricing	1	price	1395132360054	1395132360055	1395132360092	1395132360092	OK	 
ACTION	Pricing	1	price	1395132360094	1395132360095	1395132360132	1395132360132	OK	 
ACTION	Pricing	1	price	1395132360134	1395132360134	1395132360170	1395132360171	OK	 
ACTION	Pricing	1	price	1395132360172	1395132360173	1395132360208	1395132360208	OK	 
ACTION	Pricing	1	price	1395132360210	1395132360211	1395132360247	1395132360247	OK	 
ACTION	Pricing	1	price	1395132360249	1395132360249	1395132360287	1395132360287	OK	 
ACTION	Pricing	1	price	1395132360289	1395132360289	1395132360327	1395132360327	OK	 
ACTION	Pricing	1	price	1395132360329	1395132360330	1395132360369	1395132360369	OK	 
ACTION	Pricing	1	price	1395132360371	1395132360371	1395132360406	1395132360406	OK	 
ACTION	Pricing	1	price	1395132360408	1395132360408	1395132360444	1395132360444	OK	 
ACTION	Pricing	1	price	1395132360445	1395132360446	1395132360479	1395132360479	OK	 
ACTION	Pricing	1	price	1395132360480	1395132360481	1395132360512	1395132360512	OK	 
ACTION	Pricing	1	price	1395132360513	1395132360513	1395132360556	1395132360556	OK	 
ACTION	Pricing	1	price	1395132360557	1395132360558	1395132360590	1395132360590	OK	 
ACTION	Pricing	1	price	1395132360591	1395132360592	1395132360638	1395132360638	OK	 
ACTION	Pricing	1	price	1395132360639	1395132360640	1395132360673	1395132360673	OK	 
ACTION	Pricing	1	price	1395132360675	1395132360676	1395132360708	1395132360708	OK	 
ACTION	Pricing	1	price	1395132360709	1395132360709	1395132360742	1395132360742	OK	 
ACTION	Pricing	1	price	1395132360744	1395132360744	1395132360777	1395132360777	OK	 
ACTION	Pricing	1	price	1395132360778	1395132360779	1395132360812	1395132360812	OK	 
ACTION	Pricing	1	price	1395132360813	1395132360814	1395132360844	1395132360844	OK	 
ACTION	Pricing	1	price	1395132360845	1395132360846	1395132360877	1395132360877	OK	 
ACTION	Pricing	1	price	1395132360879	1395132360879	1395132360911	1395132360911	OK	 
ACTION	Pricing	1	price	1395132360913	1395132360913	1395132360944	1395132360944	OK	 
ACTION	Pricing	1	price	1395132360946	1395132360946	1395132360980	1395132360980	OK	 
ACTION	Pricing	1	price	1395132360982	1395132360982	1395132361017	1395132361017	OK	 
ACTION	Pricing	1	price	1395132361018	1395132361018	1395132361052	1395132361052	OK	 
ACTION	Pricing	1	price	1395132361053	1395132361053	1395132361085	1395132361085	OK	 
ACTION	Pricing	1	price	1395132361087	1395132361087	1395132361121	1395132361121	OK	 
ACTION	Pricing	1	price	1395132361122	1395132361122	1395132361154	1395132361154	OK	 
ACTION	Pricing	1	price	1395132361155	1395132361156	1395132361189	1395132361189	OK	 
ACTION	Pricing	1	price	1395132361190	1395132361191	1395132361234	1395132361234	OK	 
ACTION	Pricing	1	price	1395132361235	1395132361236	1395132361267	1395132361267	OK	 
ACTION	Pricing	1	price	1395132361269	1395132361269	1395132361301	1395132361301	OK	 
ACTION	Pricing	1	price	1395132361302	1395132361303	1395132361336	1395132361336	OK	 
ACTION	Pricing	1	price	1395132361338	1395132361338	1395132361380	1395132361381	OK	 
ACTION	Pricing	1	price	1395132361382	1395132361382	1395132361416	1395132361416	OK	 
ACTION	Pricing	1	price	1395132361417	1395132361418	1395132361449	1395132361449	OK	 
ACTION	Pricing	1	price	1395132361450	1395132361451	1395132361482	1395132361483	OK	 
ACTION	Pricing	1	price	1395132361484	1395132361484	1395132361518	1395132361519	OK	 
ACTION	Pricing	1	price	1395132361520	1395132361520	1395132361551	1395132361552	OK	 
ACTION	Pricing	1	price	1395132361553	1395132361553	1395132361584	1395132361585	OK	 
ACTION	Pricing	1	price	1395132361586	1395132361590	1395132361622	1395132361623	OK	 
ACTION	Pricing	1	price	1395132361624	1395132361625	1395132361658	1395132361659	OK	 
ACTION	Pricing	1	price	1395132361660	1395132361661	1395132361692	1395132361692	OK	 
ACTION	Pricing	1	price	1395132361693	1395132361694	1395132361726	1395132361727	OK	 
ACTION	Pricing	1	price	1395132361728	1395132361729	1395132361765	1395132361765	OK	 
ACTION	Pricing	1	price	1395132361766	1395132361767	1395132361799	1395132361799	OK	 
ACTION	Pricing	1	price	1395132361800	1395132361801	1395132361831	1395132361832	OK	 
ACTION	Pricing	1	price	1395132361833	1395132361833	1395132361866	1395132361866	OK	 
ACTION	Pricing	1	price	1395132361868	1395132361868	1395132361900	1395132361900	OK	 
ACTION	Pricing	1	price	1395132361901	1395132361902	1395132361936	1395132361936	OK	 
ACTION	Pricing	1	price	1395132361937	1395132361938	1395132361971	1395132361971	OK	 
ACTION	Pricing	1	price	1395132361973	1395132361973	1395132362006	1395132362006	OK	 
ACTION	Pricing	1	price	1395132362008	1395132362008	1395132362043	1395132362043	OK	 
ACTION	Pricing	1	price	1395132362044	1395132362045	1395132362077	1395132362077	OK	 
ACTION	Pricing	1	price	1395132362079	1395132362079	1395132362113	1395132362113	OK	 
ACTION	Pricing	1	price	1395132362114	1395132362115	1395132362149	1395132362149	OK	 
ACTION	Pricing	1	price	1395132362150	1395132362152	1395132362189	1395132362189	OK	 
ACTION	Pricing	1	price	1395132362192	1395132362192	1395132362231	1395132362232	OK	 
ACTION	Pricing	1	price	1395132362233	1395132362234	1395132362274	1395132362274	OK	 
ACTION	Pricing	1	price	1395132362276	1395132362276	1395132362323	1395132362323	OK	 
ACTION	Pricing	1	price	1395132362325	1395132362325	1395132362364	1395132362364	OK	 
ACTION	Pricing	1	price	1395132362365	1395132362366	1395132362403	1395132362404	OK	 
ACTION	Pricing	1	price	1395132362405	1395132362405	1395132362438	1395132362438	OK	 
ACTION	Pricing	1	price	1395132362439	1395132362439	1395132362472	1395132362473	OK	 
ACTION	Pricing	1	price	1395132362474	1395132362474	1395132362512	1395132362512	OK	 
ACTION	Pricing	1	price	1395132362513	1395132362514	1395132362546	1395132362546	OK	 
ACTION	Pricing	1	price	1395132362547	1395132362548	1395132362582	1395132362582	OK	 
ACTION	Pricing	1	price	1395132362583	1395132362584	1395132362629	1395132362629	OK	 
ACTION	Pricing	1	price	1395132362630	1395132362631	1395132362664	1395132362664	OK	 
ACTION	Pricing	1	price	1395132362665	1395132362666	1395132362698	1395132362698	OK	 
ACTION	Pricing	1	price	1395132362700	1395132362700	1395132362733	1395132362733	OK	 
ACTION	Pricing	1	price	1395132362734	1395132362735	1395132362767	1395132362767	OK	 
ACTION	Pricing	1	price	1395132362768	1395132362768	1395132362801	1395132362801	OK	 
ACTION	Pricing	1	price	1395132362802	1395132362803	1395132362833	1395132362833	OK	 
ACTION	Pricing	1	price	1395132362835	1395132362835	1395132362866	1395132362866	OK	 
ACTION	Pricing	1	price	1395132362868	1395132362868	1395132362900	1395132362900	OK	 
ACTION	Pricing	1	price	1395132362901	1395132362902	1395132362935	1395132362935	OK	 
ACTION	Pricing	1	price	1395132362937	1395132362938	1395132362969	1395132362969	OK	 
ACTION	Pricing	1	price	1395132362971	1395132362971	1395132363004	1395132363005	OK	 
ACTION	Pricing	1	price	1395132363006	1395132363006	1395132363038	1395132363038	OK	 
ACTION	Pricing	1	price	1395132363039	1395132363039	1395132363073	1395132363073	OK	 
ACTION	Pricing	1	price	1395132363074	1395132363075	1395132363113	1395132363114	OK	 
ACTION	Pricing	1	price	1395132363115	1395132363115	1395132363147	1395132363147	OK	 
ACTION	Pricing	1	price	1395132363148	1395132363148	1395132363183	1395132363183	OK	 
ACTION	Pricing	1	price	1395132363184	1395132363185	1395132363218	1395132363218	OK	 
ACTION	Pricing	1	price	1395132363219	1395132363220	1395132363261	1395132363261	OK	 
ACTION	Pricing	1	price	1395132363262	1395132363263	1395132363297	1395132363298	OK	 
ACTION	Pricing	1	price	1395132363299	1395132363299	1395132363333	1395132363333	OK	 
ACTION	Pricing	1	price	1395132363334	1395132363335	1395132363377	1395132363377	OK	 
ACTION	Pricing	1	price	1395132363379	1395132363379	1395132363412	1395132363412	OK	 
ACTION	Pricing	1	price	1395132363413	1395132363413	1395132363447	1395132363447	OK	 
ACTION	Pricing	1	price	1395132363448	1395132363448	1395132363479	1395132363480	OK	 
ACTION	Pricing	1	price	1395132363481	1395132363481	1395132363514	1395132363514	OK	 
ACTION	Pricing	1	price	1395132363515	1395132363515	1395132363548	1395132363548	OK	 
ACTION	Pricing	1	price	1395132363550	1395132363550	1395132363585	1395132363585	OK	 
ACTION	Pricing	1	price	1395132363587	1395132363587	1395132363618	1395132363619	OK	 
ACTION	Pricing	1	price	1395132363620	1395132363620	1395132363659	1395132363659	OK	 
ACTION	Pricing	1	price	1395132363660	1395132363661	1395132363692	1395132363692	OK	 
ACTION	Pricing	1	price	1395132363694	1395132363694	1395132363727	1395132363727	OK	 
ACTION	Pricing	1	price	1395132363728	1395132363729	1395132363760	1395132363761	OK	 
ACTION	Pricing	1	price	1395132363762	1395132363762	1395132363811	1395132363811	OK	 
ACTION	Pricing	1	price	1395132363813	1395132363814	1395132363845	1395132363845	OK	 
ACTION	Pricing	1	price	1395132363847	1395132363847	1395132363881	1395132363881	OK	 
ACTION	Pricing	1	price	1395132363883	1395132363883	1395132363921	1395132363921	OK	 
ACTION	Pricing	1	price	1395132363923	1395132363924	1395132363956	1395132363956	OK	 
ACTION	Pricing	1	price	1395132363958	1395132363958	1395132363990	1395132363990	OK	 
ACTION	Pricing	1	price	1395132363992	1395132363992	1395132364025	1395132364025	OK	 
ACTION	Pricing	1	price	1395132364026	1395132364026	1395132364056	1395132364057	OK	 
ACTION	Pricing	1	price	1395132364058	1395132364058	1395132364091	1395132364091	OK	 
ACTION	Pricing	1	price	1395132364092	1395132364093	1395132364125	1395132364125	OK	 
ACTION	Pricing	1	price	1395132364126	1395132364127	1395132364159	1395132364160	OK	 
ACTION	Pricing	1	price	1395132364161	1395132364162	1395132364194	1395132364195	OK	 
ACTION	Pricing	1	price	1395132364196	1395132364196	1395132364231	1395132364231	OK	 
ACTION	Pricing	1	price	1395132364232	1395132364233	1395132364267	1395132364267	OK	 
ACTION	Pricing	1	price	1395132364269	1395132364269	1395132364309	1395132364310	OK	 
ACTION	Pricing	1	price	1395132364311	1395132364311	1395132364343	1395132364343	OK	 
ACTION	Pricing	1	price	1395132364344	1395132364345	1395132364377	1395132364377	OK	 
ACTION	Pricing	1	price	1395132364378	1395132364379	1395132364412	1395132364412	OK	 
ACTION	Pricing	1	price	1395132364413	1395132364414	1395132364448	1395132364449	OK	 
ACTION	Pricing	1	price	1395132364450	1395132364450	1395132364483	1395132364483	OK	 
ACTION	Pricing	1	price	1395132364484	1395132364484	1395132364518	1395132364518	OK	 
ACTION	Pricing	1	price	1395132364519	1395132364519	1395132364553	1395132364554	OK	 
ACTION	Pricing	1	price	1395132364555	1395132364555	1395132364587	1395132364587	OK	 
ACTION	Pricing	1	price	1395132364588	1395132364589	1395132364622	1395132364622	OK	 
ACTION	Pricing	1	price	1395132364623	1395132364624	1395132364656	1395132364656	OK	 
ACTION	Pricing	1	price	1395132364657	1395132364658	1395132364701	1395132364701	OK	 
ACTION	Pricing	1	price	1395132364702	1395132364703	1395132364754	1395132364755	OK	 
ACTION	Pricing	1	price	1395132364756	1395132364756	1395132364790	1395132364791	OK	 
ACTION	Pricing	1	price	1395132364793	1395132364793	1395132364827	1395132364828	OK	 
ACTION	Pricing	1	price	1395132364829	1395132364829	1395132364863	1395132364864	OK	 
ACTION	Pricing	1	price	1395132364865	1395132364866	1395132364899	1395132364899	OK	 
ACTION	Pricing	1	price	1395132364900	1395132364901	1395132364945	1395132364945	OK	 
ACTION	Pricing	1	price	1395132364946	1395132364947	1395132364989	1395132364989	OK	 
ACTION	Pricing	1	price	1395132364990	1395132364991	1395132365029	1395132365029	OK	 
ACTION	Pricing	1	price	1395132365031	1395132365032	1395132365064	1395132365064	OK	 
ACTION	Pricing	1	price	1395132365065	1395132365066	1395132365098	1395132365098	OK	 
ACTION	Pricing	1	price	1395132365100	1395132365100	1395132365134	1395132365134	OK	 
ACTION	Pricing	1	price	1395132365136	1395132365136	1395132365169	1395132365169	OK	 
ACTION	Pricing	1	price	1395132365170	1395132365171	1395132365205	1395132365206	OK	 
ACTION	Pricing	1	price	1395132365207	1395132365207	1395132365241	1395132365241	OK	 
ACTION	Pricing	1	price	1395132365243	1395132365244	1395132365278	1395132365278	OK	 
ACTION	Pricing	1	price	1395132365280	1395132365280	1395132365323	1395132365323	OK	 
ACTION	Pricing	1	price	1395132365324	1395132365325	1395132365359	1395132365359	OK	 
ACTION	Pricing	1	price	1395132365360	1395132365361	1395132365395	1395132365395	OK	 
ACTION	Pricing	1	price	1395132365396	1395132365400	1395132365436	1395132365437	OK	 
ACTION	Pricing	1	price	1395132365438	1395132365439	1395132365479	1395132365479	OK	 
ACTION	Pricing	1	price	1395132365480	1395132365481	1395132365516	1395132365516	OK	 
ACTION	Pricing	1	price	1395132365517	1395132365518	1395132365554	1395132365555	OK	 
ACTION	Pricing	1	price	1395132365556	1395132365556	1395132365598	1395132365599	OK	 
ACTION	Pricing	1	price	1395132365600	1395132365601	1395132365632	1395132365632	OK	 
ACTION	Pricing	1	price	1395132365634	1395132365634	1395132365667	1395132365667	OK	 
ACTION	Pricing	1	price	1395132365669	1395132365669	1395132365710	1395132365710	OK	 
ACTION	Pricing	1	price	1395132365712	1395132365712	1395132365748	1395132365748	OK	 
ACTION	Pricing	1	price	1395132365749	1395132365749	1395132365785	1395132365785	OK	 
ACTION	Pricing	1	price	1395132365787	1395132365787	1395132365820	1395132365820	OK	 
ACTION	Pricing	1	price	1395132365821	1395132365821	1395132365880	1395132365880	OK	 
ACTION	Pricing	1	price	1395132365882	1395132365882	1395132365938	1395132365938	OK	 
ACTION	Pricing	1	price	1395132365941	1395132365941	1395132365985	1395132365985	OK	 
ACTION	Pricing	1	price	1395132365987	1395132365987	1395132366030	1395132366034	OK	 
ACTION	Pricing	1	price	1395132366036	1395132366037	1395132366079	1395132366079	OK	 
ACTION	Pricing	1	price	1395132366081	1395132366082	1395132366130	1395132366130	OK	 
ACTION	Pricing	1	price	1395132366131	1395132366132	1395132366170	1395132366170	OK	 
ACTION	Pricing	1	price	1395132366172	1395132366173	1395132366210	1395132366210	OK	 
ACTION	Pricing	1	price	1395132366212	1395132366212	1395132366250	1395132366250	OK	 
ACTION	Pricing	1	price	1395132366251	1395132366252	1395132366287	1395132366288	OK	 
ACTION	Pricing	1	price	1395132366289	1395132366290	1395132366327	1395132366327	OK	 
ACTION	Pricing	1	price	1395132366329	1395132366330	1395132366366	1395132366366	OK	 
ACTION	Pricing	1	price	1395132366367	1395132366368	1395132366405	1395132366405	OK	 
ACTION	Pricing	1	price	1395132366407	1395132366407	1395132366440	1395132366440	OK	 
ACTION	Pricing	1	price	1395132366441	1395132366441	1395132366475	1395132366475	OK	 
ACTION	Pricing	1	price	1395132366476	1395132366477	1395132366510	1395132366510	OK	 
ACTION	Pricing	1	price	1395132366511	1395132366512	1395132366548	1395132366549	OK	 
ACTION	Pricing	1	price	1395132366550	1395132366550	1395132366582	1395132366582	OK	 
ACTION	Pricing	1	price	1395132366583	1395132366584	1395132366620	1395132366621	OK	 
ACTION	Pricing	1	price	1395132366622	1395132366622	1395132366659	1395132366659	OK	 
ACTION	Pricing	1	price	1395132366661	1395132366661	1395132366694	1395132366694	OK	 
ACTION	Pricing	1	price	1395132366695	1395132366695	1395132366728	1395132366729	OK	 
ACTION	Pricing	1	price	1395132366731	1395132366732	1395132366769	1395132366769	OK	 
ACTION	Pricing	1	price	1395132366771	1395132366771	1395132366805	1395132366805	OK	 
ACTION	Pricing	1	price	1395132366806	1395132366807	1395132366842	1395132366842	OK	 
ACTION	Pricing	1	price	1395132366843	1395132366844	1395132366879	1395132366879	OK	 
ACTION	Pricing	1	price	1395132366880	1395132366881	1395132366915	1395132366915	OK	 
ACTION	Pricing	1	price	1395132366917	1395132366917	1395132366951	1395132366951	OK	 
ACTION	Pricing	1	price	1395132366952	1395132366952	1395132366992	1395132366992	OK	 
ACTION	Pricing	1	price	1395132366994	1395132366994	1395132367026	1395132367026	OK	 
ACTION	Pricing	1	price	1395132367027	1395132367028	1395132367058	1395132367059	OK	 
ACTION	Pricing	1	price	1395132367060	1395132367060	1395132367095	1395132367095	OK	 
ACTION	Pricing	1	price	1395132367097	1395132367097	1395132367133	1395132367133	OK	 
ACTION	Pricing	1	price	1395132367135	1395132367135	1395132367185	1395132367186	OK	 
ACTION	Pricing	1	price	1395132367187	1395132367187	1395132367222	1395132367222	OK	 
ACTION	Pricing	1	price	1395132367224	1395132367224	1395132367258	1395132367259	OK	 
ACTION	Pricing	1	price	1395132367260	1395132367260	1395132367293	1395132367294	OK	 
ACTION	Pricing	1	price	1395132367295	1395132367295	1395132367332	1395132367332	OK	 
ACTION	Pricing	1	price	1395132367334	1395132367335	1395132367374	1395132367374	OK	 
ACTION	Pricing	1	price	1395132367376	1395132367377	1395132367418	1395132367419	OK	 
ACTION	Pricing	1	price	1395132367420	1395132367420	1395132367458	1395132367458	OK	 
ACTION	Pricing	1	price	1395132367460	1395132367460	1395132367498	1395132367498	OK	 
ACTION	Pricing	1	price	1395132367499	1395132367500	1395132367536	1395132367536	OK	 
ACTION	Pricing	1	price	1395132367537	1395132367537	1395132367572	1395132367572	OK	 
ACTION	Pricing	1	price	1395132367574	1395132367574	1395132367611	1395132367611	OK	 
ACTION	Pricing	1	price	1395132367612	1395132367613	1395132367645	1395132367649	OK	 
ACTION	Pricing	1	price	1395132367651	1395132367651	1395132367685	1395132367685	OK	 
ACTION	Pricing	1	price	1395132367686	1395132367687	1395132367722	1395132367722	OK	 
ACTION	Pricing	1	price	1395132367723	1395132367724	1395132367757	1395132367757	OK	 
ACTION	Pricing	1	price	1395132367758	1395132367759	1395132367802	1395132367802	OK	 
ACTION	Pricing	1	price	1395132367803	1395132367804	1395132367834	1395132367834	OK	 
ACTION	Pricing	1	price	1395132367835	1395132367836	1395132367867	1395132367867	OK	 
ACTION	Pricing	1	price	1395132367868	1395132367869	1395132367903	1395132367903	OK	 
ACTION	Pricing	1	price	1395132367904	1395132367905	1395132367938	1395132367938	OK	 
ACTION	Pricing	1	price	1395132367939	1395132367939	1395132367982	1395132367982	OK	 
ACTION	Pricing	1	price	1395132367984	1395132367984	1395132368036	1395132368037	OK	 
ACTION	Pricing	1	price	1395132368038	1395132368038	1395132368073	1395132368074	OK	 
ACTION	Pricing	1	price	1395132368075	1395132368075	1395132368108	1395132368109	OK	 
ACTION	Pricing	1	price	1395132368110	1395132368111	1395132368145	1395132368145	OK	 
ACTION	Pricing	1	price	1395132368147	1395132368147	1395132368181	1395132368181	OK	 
ACTION	Pricing	1	price	1395132368184	1395132368184	1395132368220	1395132368220	OK	 
ACTION	Pricing	1	price	1395132368221	1395132368222	1395132368257	1395132368257	OK	 
ACTION	Pricing	1	price	1395132368258	1395132368259	1395132368300	1395132368300	OK	 
ACTION	Pricing	1	price	1395132368301	1395132368302	1395132368340	1395132368340	OK	 
ACTION	Pricing	1	price	1395132368341	1395132368342	1395132368381	1395132368382	OK	 
ACTION	Pricing	1	price	1395132368383	1395132368383	1395132368422	1395132368422	OK	 
ACTION	Pricing	1	price	1395132368424	1395132368424	1395132368461	1395132368461	OK	 
ACTION	Pricing	1	price	1395132368462	1395132368463	1395132368498	1395132368499	OK	 
ACTION	Pricing	1	price	1395132368500	1395132368500	1395132368536	1395132368536	OK	 
ACTION	Pricing	1	price	1395132368538	1395132368538	1395132368577	1395132368578	OK	 
ACTION	Pricing	1	price	1395132368580	1395132368581	1395132368622	1395132368623	OK	 
ACTION	Pricing	1	price	1395132368624	1395132368625	1395132368663	1395132368664	OK	 
ACTION	Pricing	1	price	1395132368665	1395132368665	1395132368701	1395132368702	OK	 
ACTION	Pricing	1	price	1395132368703	1395132368704	1395132368740	1395132368740	OK	 
ACTION	Pricing	1	price	1395132368742	1395132368742	1395132368776	1395132368776	OK	 
ACTION	Pricing	1	price	1395132368777	1395132368778	1395132368816	1395132368816	OK	 
ACTION	Pricing	1	price	1395132368817	1395132368817	1395132368860	1395132368860	OK	 
ACTION	Pricing	1	price	1395132368861	1395132368862	1395132368895	1395132368896	OK	 
ACTION	Pricing	1	price	1395132368897	1395132368897	1395132368935	1395132368936	OK	 
ACTION	Pricing	1	price	1395132368938	1395132368939	1395132368976	1395132368976	OK	 
ACTION	Pricing	1	price	1395132368978	1395132368978	1395132369017	1395132369017	OK	 
ACTION	Pricing	1	price	1395132369018	1395132369019	1395132369056	1395132369056	OK	 
ACTION	Pricing	1	price	1395132369057	1395132369057	1395132369096	1395132369096	OK	 
ACTION	Pricing	1	price	1395132369097	1395132369098	1395132369132	1395132369132	OK	 
ACTION	Pricing	1	price	1395132369133	1395132369133	1395132369173	1395132369173	OK	 
ACTION	Pricing	1	price	1395132369174	1395132369175	1395132369208	1395132369208	OK	 
ACTION	Pricing	1	price	1395132369210	1395132369210	1395132369245	1395132369246	OK	 
ACTION	Pricing	1	price	1395132369247	1395132369247	1395132369280	1395132369280	OK	 
ACTION	Pricing	1	price	1395132369281	1395132369283	1395132369317	1395132369317	OK	 
ACTION	Pricing	1	price	1395132369318	1395132369319	1395132369354	1395132369354	OK	 
ACTION	Pricing	1	price	1395132369356	1395132369356	1395132369393	1395132369393	OK	 
ACTION	Pricing	1	price	1395132369396	1395132369396	1395132369432	1395132369433	OK	 
ACTION	Pricing	1	price	1395132369473	1395132369473	1395132369509	1395132369510	OK	 
ACTION	Pricing	1	price	1395132369511	1395132369511	1395132369548	1395132369548	OK	 
ACTION	Pricing	1	price	1395132369550	1395132369550	1395132369585	1395132369585	OK	 
ACTION	Pricing	1	price	1395132369586	1395132369586	1395132369621	1395132369622	OK	 
ACTION	Pricing	1	price	1395132369623	1395132369623	1395132369659	1395132369659	OK	 
ACTION	Pricing	1	price	1395132369660	1395132369661	1395132369696	1395132369696	OK	 
ACTION	Pricing	1	price	1395132369698	1395132369698	1395132369732	1395132369733	OK	 
ACTION	Pricing	1	price	1395132369734	1395132369734	1395132369767	1395132369767	OK	 
ACTION	Pricing	1	price	1395132369768	1395132369768	1395132369804	1395132369804	OK	 
ACTION	Pricing	1	price	1395132369805	1395132369806	1395132369843	1395132369843	OK	 
ACTION	Pricing	1	price	1395132369844	1395132369845	1395132369881	1395132369881	OK	 
ACTION	Pricing	1	price	1395132369883	1395132369884	1395132369919	1395132369920	OK	 
ACTION	Pricing	1	price	1395132369921	1395132369922	1395132369954	1395132369954	OK	 
ACTION	Pricing	1	price	1395132369956	1395132369956	1395132369989	1395132369989	OK	 
ACTION	Pricing	1	price	1395132369990	1395132369991	1395132370031	1395132370031	OK	 
ACTION	Pricing	1	price	1395132370032	1395132370033	1395132370077	1395132370077	OK	 
ACTION	Pricing	1	price	1395132370079	1395132370079	1395132370115	1395132370115	OK	 
ACTION	Pricing	1	price	1395132370116	1395132370116	1395132370158	1395132370158	OK	 
ACTION	Pricing	1	price	1395132370159	1395132370160	1395132370210	1395132370210	OK	 
ACTION	Pricing	1	price	1395132370212	1395132370212	1395132370246	1395132370246	OK	 
ACTION	Pricing	1	price	1395132370247	1395132370248	1395132370283	1395132370283	OK	 
ACTION	Pricing	1	price	1395132370284	1395132370284	1395132370319	1395132370320	OK	 
ACTION	Pricing	1	price	1395132370321	1395132370321	1395132370357	1395132370358	OK	 
ACTION	Pricing	1	price	1395132370359	1395132370359	1395132370397	1395132370397	OK	 
ACTION	Pricing	1	price	1395132370399	1395132370399	1395132370442	1395132370442	OK	 
ACTION	Pricing	1	price	1395132370443	1395132370443	1395132370485	1395132370486	OK	 
ACTION	Pricing	1	price	1395132370487	1395132370488	1395132370522	1395132370522	OK	 
ACTION	Pricing	1	price	1395132370524	1395132370524	1395132370560	1395132370560	OK	 
ACTION	Pricing	1	price	1395132370561	1395132370562	1395132370599	1395132370599	OK	 
ACTION	Pricing	1	price	1395132370600	1395132370600	1395132370636	1395132370637	OK	 
ACTION	Pricing	1	price	1395132370638	1395132370640	1395132370675	1395132370675	OK	 
ACTION	Pricing	1	price	1395132370676	1395132370676	1395132370713	1395132370713	OK	 
ACTION	Pricing	1	price	1395132370714	1395132370714	1395132370749	1395132370749	OK	 
ACTION	Pricing	1	price	1395132370750	1395132370751	1395132370787	1395132370787	OK	 
ACTION	Pricing	1	price	1395132370788	1395132370789	1395132370821	1395132370821	OK	 
ACTION	Pricing	1	price	1395132370823	1395132370823	1395132370859	1395132370859	OK	 
ACTION	Pricing	1	price	1395132370861	1395132370861	1395132370894	1395132370894	OK	 
ACTION	Pricing	1	price	1395132370895	1395132370896	1395132370932	1395132370933	OK	 
ACTION	Pricing	1	price	1395132370934	1395132370934	1395132370971	1395132370971	OK	 
ACTION	Pricing	1	price	1395132370972	1395132370972	1395132371007	1395132371007	OK	 
ACTION	Pricing	1	price	1395132371009	1395132371009	1395132371046	1395132371046	OK	 
ACTION	Pricing	1	price	1395132371048	1395132371049	1395132371081	1395132371082	OK	 
ACTION	Pricing	1	price	1395132371083	1395132371083	1395132371129	1395132371129	OK	 
ACTION	Pricing	1	price	1395132371131	1395132371131	1395132371166	1395132371166	OK	 
ACTION	Pricing	1	price	1395132371168	1395132371168	1395132371204	1395132371204	OK	 
ACTION	Pricing	1	price	1395132371206	1395132371206	1395132371238	1395132371239	OK	 
ACTION	Pricing	1	price	1395132371240	1395132371240	1395132371278	1395132371279	OK	 
ACTION	Pricing	1	price	1395132371280	1395132371280	1395132371318	1395132371318	OK	 
ACTION	Pricing	1	price	1395132371319	1395132371320	1395132371356	1395132371357	OK	 
ACTION	Pricing	1	price	1395132371358	1395132371358	1395132371393	1395132371393	OK	 
ACTION	Pricing	1	price	1395132371394	1395132371395	1395132371431	1395132371431	OK	 
ACTION	Pricing	1	price	1395132371432	1395132371433	1395132371466	1395132371467	OK	 
ACTION	Pricing	1	price	1395132371468	1395132371468	1395132371501	1395132371501	OK	 
ACTION	Pricing	1	price	1395132371503	1395132371503	1395132371535	1395132371535	OK	 
ACTION	Pricing	1	price	1395132371536	1395132371537	1395132371570	1395132371570	OK	 
ACTION	Pricing	1	price	1395132371571	1395132371572	1395132371605	1395132371606	OK	 
ACTION	Pricing	1	price	1395132371607	1395132371607	1395132371644	1395132371645	OK	 
ACTION	Pricing	1	price	1395132371646	1395132371646	1395132371679	1395132371680	OK	 
ACTION	Pricing	1	price	1395132371681	1395132371681	1395132371713	1395132371713	OK	 
ACTION	Pricing	1	price	1395132371714	1395132371714	1395132371745	1395132371746	OK	 
ACTION	Pricing	1	price	1395132371747	1395132371747	1395132371781	1395132371781	OK	 
ACTION	Pricing	1	price	1395132371782	1395132371782	1395132371816	1395132371816	OK	 
ACTION	Pricing	1	price	1395132371817	1395132371818	1395132371850	1395132371850	OK	 
ACTION	Pricing	1	price	1395132371851	1395132371851	1395132371885	1395132371885	OK	 
ACTION	Pricing	1	price	1395132371886	1395132371886	1395132371931	1395132371931	OK	 
ACTION	Pricing	1	price	1395132371932	1395132371932	1395132371966	1395132371966	OK	 
ACTION	Pricing	1	price	1395132371968	1395132371968	1395132372001	1395132372001	OK	 
ACTION	Pricing	1	price	1395132372003	1395132372003	1395132372038	1395132372038	OK	 
ACTION	Pricing	1	price	1395132372039	1395132372040	1395132372071	1395132372072	OK	 
ACTION	Pricing	1	price	1395132372073	1395132372073	1395132372106	1395132372106	OK	 
ACTION	Pricing	1	price	1395132372108	1395132372108	1395132372141	1395132372141	OK	 
ACTION	Pricing	1	price	1395132372143	1395132372143	1395132372177	1395132372178	OK	 
ACTION	Pricing	1	price	1395132372179	1395132372179	1395132372214	1395132372214	OK	 
ACTION	Pricing	1	price	1395132372215	1395132372215	1395132372252	1395132372253	OK	 
ACTION	Pricing	1	price	1395132372254	1395132372254	1395132372289	1395132372289	OK	 
ACTION	Pricing	1	price	1395132372291	1395132372291	1395132372334	1395132372334	OK	 
ACTION	Pricing	1	price	1395132372336	1395132372336	1395132372367	1395132372368	OK	 
ACTION	Pricing	1	price	1395132372369	1395132372369	1395132372404	1395132372404	OK	 
ACTION	Pricing	1	price	1395132372405	1395132372407	1395132372444	1395132372444	OK	 
ACTION	Pricing	1	price	1395132372445	1395132372446	1395132372480	1395132372481	OK	 
ACTION	Pricing	1	price	1395132372482	1395132372482	1395132372525	1395132372525	OK	 
ACTION	Pricing	1	price	1395132372526	1395132372526	1395132372560	1395132372560	OK	 
ACTION	Pricing	1	price	1395132372562	1395132372562	1395132372594	1395132372594	OK	 
ACTION	Pricing	1	price	1395132372595	1395132372596	1395132372637	1395132372637	OK	 
ACTION	Pricing	1	price	1395132372639	1395132372639	1395132372671	1395132372671	OK	 
ACTION	Pricing	1	price	1395132372673	1395132372673	1395132372706	1395132372706	OK	 
ACTION	Pricing	1	price	1395132372707	1395132372708	1395132372740	1395132372740	OK	 
ACTION	Pricing	1	price	1395132372742	1395132372742	1395132372782	1395132372783	OK	 
ACTION	Pricing	1	price	1395132372784	1395132372784	1395132372817	1395132372817	OK	 
ACTION	Pricing	1	price	1395132372819	1395132372819	1395132372853	1395132372853	OK	 
ACTION	Pricing	1	price	1395132372854	1395132372855	1395132372888	1395132372888	OK	 
ACTION	Pricing	1	price	1395132372889	1395132372889	1395132372922	1395132372922	OK	 
ACTION	Pricing	1	price	1395132372923	1395132372924	1395132372956	1395132372956	OK	 
ACTION	Pricing	1	price	1395132372957	1395132372958	1395132373004	1395132373004	OK	 
ACTION	Pricing	1	price	1395132373005	1395132373005	1395132373040	1395132373040	OK	 
ACTION	Pricing	1	price	1395132373042	1395132373042	1395132373073	1395132373074	OK	 
ACTION	Pricing	1	price	1395132373075	1395132373079	1395132373110	1395132373111	OK	 
ACTION	Pricing	1	price	1395132373112	1395132373113	1395132373149	1395132373149	OK	 
ACTION	Pricing	1	price	1395132373150	1395132373151	1395132373190	1395132373190	OK	 
ACTION	Pricing	1	price	1395132373192	1395132373192	1395132373232	1395132373232	OK	 
ACTION	Pricing	1	price	1395132373234	1395132373234	1395132373273	1395132373273	OK	 
ACTION	Pricing	1	price	1395132373274	1395132373275	1395132373311	1395132373311	OK	 
ACTION	Pricing	1	price	1395132373312	1395132373313	1395132373348	1395132373348	OK	 
ACTION	Pricing	1	price	1395132373350	1395132373350	1395132373384	1395132373385	OK	 
ACTION	Pricing	1	price	1395132373386	1395132373386	1395132373421	1395132373421	OK	 
ACTION	Pricing	1	price	1395132373423	1395132373423	1395132373461	1395132373461	OK	 
ACTION	Pricing	1	price	1395132373463	1395132373463	1395132373501	1395132373501	OK	 
ACTION	Pricing	1	price	1395132373502	1395132373503	1395132373539	1395132373540	OK	 
ACTION	Pricing	1	price	1395132373541	1395132373542	1395132373579	1395132373579	OK	 
ACTION	Pricing	1	price	1395132373581	1395132373581	1395132373613	1395132373614	OK	 
ACTION	Pricing	1	price	1395132373615	1395132373615	1395132373661	1395132373661	OK	 
ACTION	Pricing	1	price	1395132373663	1395132373663	1395132373697	1395132373697	OK	 
ACTION	Pricing	1	price	1395132373699	1395132373699	1395132373734	1395132373734	OK	 
ACTION	Pricing	1	price	1395132373735	1395132373735	1395132373773	1395132373773	OK	 
ACTION	Pricing	1	price	1395132373774	1395132373775	1395132373811	1395132373811	OK	 
ACTION	Pricing	1	price	1395132373812	1395132373812	1395132373845	1395132373845	OK	 
ACTION	Pricing	1	price	1395132373847	1395132373847	1395132373888	1395132373888	OK	 
ACTION	Pricing	1	price	1395132373890	1395132373890	1395132373930	1395132373930	OK	 
ACTION	Pricing	1	price	1395132373932	1395132373932	1395132373971	1395132373971	OK	 
ACTION	Pricing	1	price	1395132373972	1395132373973	1395132374007	1395132374007	OK	 
ACTION	Pricing	1	price	1395132374008	1395132374009	1395132374049	1395132374049	OK	 
ACTION	Pricing	1	price	1395132374050	1395132374051	1395132374098	1395132374098	OK	 
ACTION	Pricing	1	price	1395132374099	1395132374100	1395132374133	1395132374133	OK	 
ACTION	Pricing	1	price	1395132374134	1395132374135	1395132374169	1395132374169	OK	 
ACTION	Pricing	1	price	1395132374171	1395132374171	1395132374203	1395132374204	OK	 
ACTION	Pricing	1	price	1395132374205	1395132374205	1395132374242	1395132374242	OK	 
ACTION	Pricing	1	price	1395132374244	1395132374244	1395132374279	1395132374279	OK	 
ACTION	Pricing	1	price	1395132374280	1395132374280	1395132374313	1395132374313	OK	 
ACTION	Pricing	1	price	1395132374315	1395132374316	1395132374352	1395132374352	OK	 
ACTION	Pricing	1	price	1395132374353	1395132374354	1395132374394	1395132374396	OK	 
ACTION	Pricing	1	price	1395132374397	1395132374401	1395132374444	1395132374444	OK	 
ACTION	Pricing	1	price	1395132374446	1395132374446	1395132374487	1395132374487	OK	 
ACTION	Pricing	1	price	1395132374489	1395132374489	1395132374527	1395132374527	OK	 
ACTION	Pricing	1	price	1395132374528	1395132374528	1395132374565	1395132374565	OK	 
ACTION	Pricing	1	price	1395132374566	1395132374567	1395132374601	1395132374602	OK	 
ACTION	Pricing	1	price	1395132374603	1395132374603	1395132374639	1395132374640	OK	 
ACTION	Pricing	1	price	1395132374641	1395132374641	1395132374675	1395132374675	OK	 
ACTION	Pricing	1	price	1395132374676	1395132374677	1395132374725	1395132374725	OK	 
ACTION	Pricing	1	price	1395132374726	1395132374727	1395132374762	1395132374762	OK	 
ACTION	Pricing	1	price	1395132374763	1395132374764	1395132374800	1395132374801	OK	 
ACTION	Pricing	1	price	1395132374802	1395132374803	1395132374839	1395132374839	OK	 
ACTION	Pricing	1	price	1395132374840	1395132374841	1395132374875	1395132374876	OK	 
ACTION	Pricing	1	price	1395132374877	1395132374877	1395132374911	1395132374911	OK	 
ACTION	Pricing	1	price	1395132374912	1395132374912	1395132374946	1395132374946	OK	 
ACTION	Pricing	1	price	1395132374947	1395132374948	1395132374981	1395132374981	OK	 
ACTION	Pricing	1	price	1395132374982	1395132374983	1395132375016	1395132375017	OK	 
ACTION	Pricing	1	price	1395132375018	1395132375018	1395132375054	1395132375054	OK	 
ACTION	Pricing	1	price	1395132375055	1395132375056	1395132375090	1395132375090	OK	 
ACTION	Pricing	1	price	1395132375092	1395132375092	1395132375126	1395132375126	OK	 
ACTION	Pricing	1	price	1395132375128	1395132375128	1395132375162	1395132375162	OK	 
ACTION	Pricing	1	price	1395132375164	1395132375164	1395132375200	1395132375200	OK	 
ACTION	Pricing	1	price	1395132375202	1395132375202	1395132375237	1395132375237	OK	 
ACTION	Pricing	1	price	1395132375239	1395132375239	1395132375274	1395132375274	OK	 
ACTION	Pricing	1	price	1395132375275	1395132375275	1395132375318	1395132375318	OK	 
ACTION	Pricing	1	price	1395132375319	1395132375320	1395132375354	1395132375354	OK	 
ACTION	Pricing	1	price	1395132375355	1395132375356	1395132375397	1395132375397	OK	 
ACTION	Pricing	1	price	1395132375398	1395132375399	1395132375434	1395132375434	OK	 
ACTION	Pricing	1	price	1395132375435	1395132375435	1395132375470	1395132375470	OK	 
ACTION	Pricing	1	price	1395132375472	1395132375472	1395132375513	1395132375514	OK	 
ACTION	Pricing	1	price	1395132375515	1395132375515	1395132375549	1395132375549	OK	 
ACTION	Pricing	1	price	1395132375550	1395132375551	1395132375591	1395132375591	OK	 
ACTION	Pricing	1	price	1395132375592	1395132375592	1395132375625	1395132375625	OK	 
ACTION	Pricing	1	price	1395132375626	1395132375627	1395132375661	1395132375662	OK	 
ACTION	Pricing	1	price	1395132375663	1395132375663	1395132375698	1395132375698	OK	 
ACTION	Pricing	1	price	1395132375699	1395132375700	1395132375737	1395132375737	OK	 
ACTION	Pricing	1	price	1395132375738	1395132375739	1395132375772	1395132375772	OK	 
ACTION	Pricing	1	price	1395132375773	1395132375774	1395132375808	1395132375808	OK	 
ACTION	Pricing	1	price	1395132375809	1395132375810	1395132375844	1395132375844	OK	 
ACTION	Pricing	1	price	1395132375846	1395132375846	1395132375879	1395132375880	OK	 
ACTION	Pricing	1	price	1395132375881	1395132375881	1395132375917	1395132375917	OK	 
ACTION	Pricing	1	price	1395132375918	1395132375919	1395132375964	1395132375964	OK	 
ACTION	Pricing	1	price	1395132375965	1395132375965	1395132376000	1395132376001	OK	 
ACTION	Pricing	1	price	1395132376002	1395132376002	1395132376034	1395132376034	OK	 
ACTION	Pricing	1	price	1395132376036	1395132376036	1395132376069	1395132376069	OK	 
ACTION	Pricing	1	price	1395132376070	1395132376070	1395132376106	1395132376106	OK	 
ACTION	Pricing	1	price	1395132376107	1395132376107	1395132376146	1395132376146	OK	 
ACTION	Pricing	1	price	1395132376148	1395132376148	1395132376181	1395132376182	OK	 
ACTION	Pricing	1	price	1395132376183	1395132376183	1395132376217	1395132376217	OK	 
ACTION	Pricing	1	price	1395132376218	1395132376219	1395132376253	1395132376253	OK	 
ACTION	Pricing	1	price	1395132376254	1395132376255	1395132376285	1395132376285	OK	 
ACTION	Pricing	1	price	1395132376287	1395132376289	1395132376322	1395132376323	OK	 
ACTION	Pricing	1	price	1395132376324	1395132376324	1395132376356	1395132376356	OK	 
ACTION	Pricing	1	price	1395132376358	1395132376358	1395132376393	1395132376394	OK	 
ACTION	Pricing	1	price	1395132376395	1395132376395	1395132376442	1395132376442	OK	 
ACTION	Pricing	1	price	1395132376443	1395132376444	1395132376477	1395132376477	OK	 
ACTION	Pricing	1	price	1395132376478	1395132376479	1395132376512	1395132376512	OK	 
ACTION	Pricing	1	price	1395132376513	1395132376513	1395132376546	1395132376546	OK	 
ACTION	Pricing	1	price	1395132376547	1395132376547	1395132376578	1395132376579	OK	 
ACTION	Pricing	1	price	1395132376580	1395132376580	1395132376614	1395132376614	OK	 
ACTION	Pricing	1	price	1395132376615	1395132376616	1395132376649	1395132376649	OK	 
ACTION	Pricing	1	price	1395132376650	1395132376651	1395132376686	1395132376686	OK	 
ACTION	Pricing	1	price	1395132376687	1395132376687	1395132376723	1395132376723	OK	 
ACTION	Pricing	1	price	1395132376725	1395132376725	1395132376757	1395132376757	OK	 
ACTION	Pricing	1	price	1395132376758	1395132376759	1395132376799	1395132376800	OK	 
ACTION	Pricing	1	price	1395132376801	1395132376801	1395132376835	1395132376835	OK	 
ACTION	Pricing	1	price	1395132376836	1395132376836	1395132376879	1395132376879	OK	 
ACTION	Pricing	1	price	1395132376881	1395132376881	1395132376913	1395132376913	OK	 
ACTION	Pricing	1	price	1395132376915	1395132376915	1395132376948	1395132376948	OK	 
ACTION	Pricing	1	price	1395132376949	1395132376950	1395132376984	1395132376984	OK	 
ACTION	Pricing	1	price	1395132376985	1395132376985	1395132377023	1395132377023	OK	 
ACTION	Pricing	1	price	1395132377024	1395132377025	1395132377058	1395132377058	OK	 
ACTION	Pricing	1	price	1395132377060	1395132377060	1395132377121	1395132377122	OK	 
ACTION	Pricing	1	price	1395132377123	1395132377123	1395132377172	1395132377172	OK	 
ACTION	Pricing	1	price	1395132377173	1395132377174	1395132377233	1395132377233	OK	 
ACTION	Pricing	1	price	1395132377234	1395132377234	1395132377266	1395132377266	OK	 
ACTION	Pricing	1	price	1395132377267	1395132377268	1395132377303	1395132377303	OK	 
ACTION	Pricing	1	price	1395132377304	1395132377304	1395132377342	1395132377342	OK	 
ACTION	Pricing	1	price	1395132377343	1395132377344	1395132377384	1395132377384	OK	 
SCENARIO	Pricing	1	END	1395132377385
