RUN	20140318132315	pricingsimulation	pricingsimulation
SCENARIO	Pricing	59	START	1395148997960
SCENARIO	Pricing	86	START	1395148997964
SCENARIO	Pricing	96	START	1395148997965
SCENARIO	Pricing	95	START	1395148997966
SCENARIO	Pricing	7	START	1395148997966
SCENARIO	Pricing	4	START	1395148997968
SCENARIO	Pricing	12	START	1395148997969
SCENARIO	Pricing	43	START	1395148997969
SCENARIO	Pricing	6	START	1395148997969
SCENARIO	Pricing	98	START	1395148997969
SCENARIO	Pricing	1	START	1395148997969
SCENARIO	Pricing	44	START	1395148997970
SCENARIO	Pricing	10	START	1395148997970
SCENARIO	Pricing	30	START	1395148997970
SCENARIO	Pricing	26	START	1395148997970
SCENARIO	Pricing	56	START	1395148997970
SCENARIO	Pricing	16	START	1395148997970
SCENARIO	Pricing	100	START	1395148997970
SCENARIO	Pricing	63	START	1395148997970
SCENARIO	Pricing	88	START	1395148997970
SCENARIO	Pricing	37	START	1395148997971
SCENARIO	Pricing	8	START	1395148997971
SCENARIO	Pricing	20	START	1395148997971
SCENARIO	Pricing	99	START	1395148997971
SCENARIO	Pricing	60	START	1395148997971
SCENARIO	Pricing	24	START	1395148997972
SCENARIO	Pricing	35	START	1395148997972
SCENARIO	Pricing	64	START	1395148997972
SCENARIO	Pricing	82	START	1395148997972
SCENARIO	Pricing	33	START	1395148997972
SCENARIO	Pricing	48	START	1395148997973
SCENARIO	Pricing	18	START	1395148997973
SCENARIO	Pricing	74	START	1395148997973
SCENARIO	Pricing	72	START	1395148997973
SCENARIO	Pricing	79	START	1395148997973
SCENARIO	Pricing	21	START	1395148997973
SCENARIO	Pricing	57	START	1395148997973
SCENARIO	Pricing	32	START	1395148997973
SCENARIO	Pricing	46	START	1395148997973
SCENARIO	Pricing	15	START	1395148997974
SCENARIO	Pricing	65	START	1395148997974
SCENARIO	Pricing	87	START	1395148997974
SCENARIO	Pricing	66	START	1395148997974
SCENARIO	Pricing	2	START	1395148997974
SCENARIO	Pricing	80	START	1395148997974
SCENARIO	Pricing	27	START	1395148997975
SCENARIO	Pricing	9	START	1395148997975
SCENARIO	Pricing	41	START	1395148997975
SCENARIO	Pricing	28	START	1395148997975
SCENARIO	Pricing	70	START	1395148997975
SCENARIO	Pricing	85	START	1395148997975
SCENARIO	Pricing	39	START	1395148997975
SCENARIO	Pricing	40	START	1395148997975
SCENARIO	Pricing	25	START	1395148997975
SCENARIO	Pricing	22	START	1395148997975
SCENARIO	Pricing	13	START	1395148997976
SCENARIO	Pricing	58	START	1395148997976
SCENARIO	Pricing	49	START	1395148997976
SCENARIO	Pricing	34	START	1395148997976
SCENARIO	Pricing	53	START	1395148997976
SCENARIO	Pricing	83	START	1395148997976
SCENARIO	Pricing	91	START	1395148997976
SCENARIO	Pricing	36	START	1395148997976
SCENARIO	Pricing	92	START	1395148997976
SCENARIO	Pricing	23	START	1395148997976
SCENARIO	Pricing	54	START	1395148997976
SCENARIO	Pricing	90	START	1395148997976
SCENARIO	Pricing	42	START	1395148997976
SCENARIO	Pricing	89	START	1395148997976
SCENARIO	Pricing	52	START	1395148997976
SCENARIO	Pricing	14	START	1395148997976
SCENARIO	Pricing	67	START	1395148997976
SCENARIO	Pricing	47	START	1395148997976
SCENARIO	Pricing	11	START	1395148997976
SCENARIO	Pricing	62	START	1395148997976
SCENARIO	Pricing	69	START	1395148997976
SCENARIO	Pricing	81	START	1395148997976
SCENARIO	Pricing	97	START	1395148997976
SCENARIO	Pricing	50	START	1395148997976
SCENARIO	Pricing	84	START	1395148997976
SCENARIO	Pricing	77	START	1395148997976
SCENARIO	Pricing	94	START	1395148997977
SCENARIO	Pricing	73	START	1395148997977
SCENARIO	Pricing	75	START	1395148997977
SCENARIO	Pricing	51	START	1395148997977
SCENARIO	Pricing	17	START	1395148997977
SCENARIO	Pricing	78	START	1395148997977
SCENARIO	Pricing	31	START	1395148997977
SCENARIO	Pricing	71	START	1395148997977
SCENARIO	Pricing	68	START	1395148997977
SCENARIO	Pricing	3	START	1395148997977
SCENARIO	Pricing	19	START	1395148997977
SCENARIO	Pricing	55	START	1395148997977
SCENARIO	Pricing	76	START	1395148997977
SCENARIO	Pricing	29	START	1395148997977
SCENARIO	Pricing	5	START	1395148997977
SCENARIO	Pricing	93	START	1395148997977
SCENARIO	Pricing	38	START	1395148997977
SCENARIO	Pricing	61	START	1395148997977
SCENARIO	Pricing	45	START	1395148997977
ACTION	Pricing	47	price	1395148998392	1395148998394	1395149011541	1395149011546	OK	 
ACTION	Pricing	63	price	1395148998125	1395148998153	1395149011573	1395149011574	OK	 
ACTION	Pricing	28	price	1395148998304	1395148998307	1395149011601	1395149011601	OK	 
ACTION	Pricing	2	price	1395148998272	1395148998277	1395149011617	1395149011617	OK	 
ACTION	Pricing	17	price	1395148998436	1395148998437	1395149011620	1395149011620	OK	 
ACTION	Pricing	25	price	1395148998321	1395148998324	1395149011429	1395149011691	OK	 
ACTION	Pricing	51	price	1395148998430	1395148998432	1395149011697	1395149011697	OK	 
ACTION	Pricing	95	price	1395148998046	1395148998084	1395149011757	1395149011757	OK	 
ACTION	Pricing	32	price	1395148998239	1395148998247	1395149011764	1395149011764	OK	 
ACTION	Pricing	74	price	1395148998216	1395148998221	1395149011473	1395149011821	OK	 
ACTION	Pricing	50	price	1395148998406	1395148998408	1395149011426	1395149011820	OK	 
ACTION	Pricing	66	price	1395148998265	1395148998271	1395149011475	1395149011821	OK	 
ACTION	Pricing	7	price	1395148998046	1395148998097	1395149011456	1395149011824	OK	 
ACTION	Pricing	37	price	1395148998137	1395148998170	1395149011484	1395149011825	OK	 
ACTION	Pricing	56	price	1395148998117	1395148998171	1395149011430	1395149011820	OK	 
ACTION	Pricing	18	price	1395148998205	1395148998213	1395149011435	1395149011831	OK	 
ACTION	Pricing	67	price	1395148998389	1395148998392	1395149011450	1395149011831	OK	 
ACTION	Pricing	39	price	1395148998313	1395148998317	1395149011452	1395149011831	OK	 
ACTION	Pricing	44	price	1395148998074	1395148998117	1395149011462	1395149011831	OK	 
ACTION	Pricing	99	price	1395148998157	1395148998175	1395149011463	1395149011831	OK	 
ACTION	Pricing	4	price	1395148998049	1395148998096	1395149011443	1395149011837	OK	 
ACTION	Pricing	70	price	1395148998308	1395148998316	1395149011441	1395149011837	OK	 
ACTION	Pricing	30	price	1395148998100	1395148998121	1395149011444	1395149011837	OK	 
ACTION	Pricing	27	price	1395148998284	1395148998286	1395149011460	1395149011837	OK	 
ACTION	Pricing	100	price	1395148998123	1395148998172	1395149011469	1395149011838	OK	 
ACTION	Pricing	14	price	1395148998388	1395148998389	1395149011439	1395149011841	OK	 
ACTION	Pricing	36	price	1395148998365	1395148998366	1395149011448	1395149011842	OK	 
ACTION	Pricing	46	price	1395148998241	1395148998251	1395149011454	1395149011842	OK	 
ACTION	Pricing	62	price	1395148998397	1395148998399	1395149011438	1395149011843	OK	 
ACTION	Pricing	72	price	1395148998222	1395148998226	1395149011434	1395149011838	OK	 
ACTION	Pricing	12	price	1395148998051	1395148998096	1395149011446	1395149011843	OK	 
ACTION	Pricing	97	price	1395148998403	1395148998406	1395149011436	1395149011838	OK	 
ACTION	Pricing	26	price	1395148998112	1395148998122	1395149011457	1395149011843	OK	 
ACTION	Pricing	55	price	1395148998469	1395148998469	1395149011445	1395149011847	OK	 
ACTION	Pricing	6	price	1395148998064	1395148998113	1395149011454	1395149011847	OK	 
ACTION	Pricing	78	price	1395148998436	1395148998442	1395149011458	1395149011843	OK	 
ACTION	Pricing	10	price	1395148998080	1395148998122	1395149011443	1395149011847	OK	 
ACTION	Pricing	85	price	1395148998311	1395148998314	1395149011466	1395149011844	OK	 
ACTION	Pricing	90	price	1395148998374	1395148998379	1395149011465	1395149011843	OK	 
ACTION	Pricing	20	price	1395148998157	1395148998173	1395149011468	1395149011844	OK	 
ACTION	Pricing	82	price	1395148998168	1395148998189	1395149011450	1395149011847	OK	 
ACTION	Pricing	29	price	1395148998474	1395148998478	1395149011472	1395149011844	OK	 
ACTION	Pricing	24	price	1395148998165	1395148998180	1395149011445	1395149011838	OK	 
ACTION	Pricing	9	price	1395148998284	1395148998292	1395149011474	1395149011844	OK	 
ACTION	Pricing	83	price	1395148998343	1395148998345	1395149011458	1395149011847	OK	 
ACTION	Pricing	23	price	1395148998370	1395148998372	1395149011455	1395149011847	OK	 
ACTION	Pricing	16	price	1395148998121	1395148998170	1395149011465	1395149011848	OK	 
ACTION	Pricing	49	price	1395148998334	1395148998336	1395149011456	1395149011838	OK	 
ACTION	Pricing	35	price	1395148998165	1395148998176	1395149011476	1395149011844	OK	 
ACTION	Pricing	59	price	1395148998046	1395148998085	1395149011467	1395149011848	OK	 
ACTION	Pricing	1	price	1395148998074	1395148998114	1395149011477	1395149011844	OK	 
ACTION	Pricing	65	price	1395148998254	1395148998263	1395149011470	1395149011848	OK	 
ACTION	Pricing	60	price	1395148998160	1395148998174	1395149011472	1395149011848	OK	 
ACTION	Pricing	52	price	1395148998384	1395148998387	1395149011464	1395149011839	OK	 
ACTION	Pricing	61	price	1395148998492	1395148998494	1395149011481	1395149011844	OK	 
ACTION	Pricing	80	price	1395148998279	1395148998286	1395149011480	1395149011848	OK	 
ACTION	Pricing	77	price	1395148998415	1395148998418	1395149011482	1395149011848	OK	 
ACTION	Pricing	68	price	1395148998452	1395148998455	1395149011471	1395149011839	OK	 
ACTION	Pricing	3	price	1395148998457	1395148998459	1395149011482	1395149011844	OK	 
ACTION	Pricing	86	price	1395148998055	1395148998082	1395149011474	1395149011839	OK	 
ACTION	Pricing	40	price	1395148998319	1395148998323	1395149011483	1395149011849	OK	 
ACTION	Pricing	21	price	1395148998228	1395148998233	1395149011462	1395149011854	OK	 
ACTION	Pricing	88	price	1395148998132	1395148998171	1395149011435	1395149011854	OK	 
ACTION	Pricing	8	price	1395148998152	1395148998175	1395149011478	1395149011839	OK	 
ACTION	Pricing	38	price	1395148998489	1395148998491	1395149011479	1395149011839	OK	 
ACTION	Pricing	54	price	1395148998372	1395148998375	1395149011480	1395149011839	OK	 
ACTION	Pricing	91	price	1395148998346	1395148998361	1395149011461	1395149011840	OK	 
ACTION	Pricing	93	price	1395148998485	1395148998488	1395149011428	1395149011849	OK	 
ACTION	Pricing	75	price	1395148998424	1395148998427	1395149011436	1395149011854	OK	 
ACTION	Pricing	76	price	1395148998469	1395148998472	1395149011452	1395149011846	OK	 
ACTION	Pricing	94	price	1395148998416	1395148998420	1395149011465	1395149011846	OK	 
ACTION	Pricing	69	price	1395148998400	1395148998402	1395149011441	1395149011855	OK	 
ACTION	Pricing	45	price	1395148998495	1395148998497	1395149011441	1395149011855	OK	 
ACTION	Pricing	64	price	1395148998167	1395148998179	1395149011446	1395149011855	OK	 
ACTION	Pricing	53	price	1395148998340	1395148998342	1395149011446	1395149011855	OK	 
ACTION	Pricing	43	price	1395148998052	1395148998099	1395149011451	1395149011855	OK	 
ACTION	Pricing	92	price	1395148998367	1395148998371	1395149011453	1395149011855	OK	 
ACTION	Pricing	31	price	1395148998442	1395148998448	1395149011461	1395149011855	OK	 
ACTION	Pricing	79	price	1395148998225	1395148998232	1395149012054	1395149012055	OK	 
ACTION	Pricing	96	price	1395148998055	1395148998085	1395149012061	1395149012061	OK	 
ACTION	Pricing	13	price	1395148998329	1395148998331	1395149012064	1395149012064	OK	 
ACTION	Pricing	87	price	1395148998259	1395148998269	1395149012064	1395149012065	OK	 
ACTION	Pricing	57	price	1395148998234	1395148998238	1395149012443	1395149012444	OK	 
ACTION	Pricing	41	price	1395148998290	1395148998300	1395149012444	1395149012445	OK	 
ACTION	Pricing	15	price	1395148998252	1395148998257	1395149012444	1395149012445	OK	 
ACTION	Pricing	34	price	1395148998337	1395148998339	1395149012450	1395149012450	OK	 
ACTION	Pricing	98	price	1395148998069	1395148998112	1395149012456	1395149012456	OK	 
ACTION	Pricing	84	price	1395148998409	1395148998417	1395149012454	1395149012454	OK	 
ACTION	Pricing	81	price	1395148998400	1395148998403	1395149012455	1395149012458	OK	 
ACTION	Pricing	89	price	1395148998382	1395148998384	1395149012458	1395149012459	OK	 
ACTION	Pricing	48	price	1395148998204	1395148998208	1395149012459	1395149012459	OK	 
ACTION	Pricing	73	price	1395148998424	1395148998425	1395149012460	1395149012460	OK	 
ACTION	Pricing	71	price	1395148998446	1395148998449	1395149012460	1395149012460	OK	 
ACTION	Pricing	11	price	1395148998395	1395148998397	1395149012458	1395149012459	OK	 
ACTION	Pricing	33	price	1395148998197	1395148998202	1395149012462	1395149012462	OK	 
ACTION	Pricing	58	price	1395148998332	1395148998333	1395149012462	1395149012462	OK	 
ACTION	Pricing	19	price	1395148998460	1395148998463	1395149012466	1395149012466	OK	 
ACTION	Pricing	42	price	1395148998378	1395148998380	1395149012465	1395149012465	OK	 
ACTION	Pricing	22	price	1395148998325	1395148998328	1395149012463	1395149012464	OK	 
ACTION	Pricing	5	price	1395148998477	1395148998484	1395149012455	1395149012465	OK	 
ACTION	Pricing	73	price	1395149012488	1395149012490	1395149013722	1395149013723	OK	 
ACTION	Pricing	57	price	1395149012446	1395149012452	1395149013929	1395149013929	OK	 
ACTION	Pricing	22	price	1395149012504	1395149012504	1395149013964	1395149013964	OK	 
ACTION	Pricing	42	price	1395149012501	1395149012502	1395149014090	1395149014090	OK	 
ACTION	Pricing	5	price	1395149012505	1395149012506	1395149014103	1395149014103	OK	 
ACTION	Pricing	33	price	1395149012495	1395149012496	1395149015406	1395149015407	OK	 
ACTION	Pricing	95	price	1395149011760	1395149011762	1395149015567	1395149015567	OK	 
ACTION	Pricing	72	price	1395149011922	1395149011922	1395149015678	1395149015679	OK	 
ACTION	Pricing	98	price	1395149012476	1395149012478	1395149015880	1395149015880	OK	 
ACTION	Pricing	78	price	1395149011931	1395149011932	1395149015910	1395149015911	OK	 
ACTION	Pricing	46	price	1395149011918	1395149011919	1395149015921	1395149015921	OK	 
ACTION	Pricing	65	price	1395149011956	1395149011957	1395149015917	1395149015917	OK	 
ACTION	Pricing	24	price	1395149011942	1395149011943	1395149015917	1395149015917	OK	 
ACTION	Pricing	44	price	1395149011899	1395149011900	1395149016015	1395149016016	OK	 
ACTION	Pricing	34	price	1395149012473	1395149012475	1395149016134	1395149016134	OK	 
ACTION	Pricing	15	price	1395149012471	1395149012473	1395149016291	1395149016292	OK	 
ACTION	Pricing	58	price	1395149012497	1395149012498	1395149017653	1395149017653	OK	 
ACTION	Pricing	99	price	1395149011901	1395149011903	1395149019910	1395149019910	OK	 
ACTION	Pricing	30	price	1395149011909	1395149011910	1395149021049	1395149021049	OK	 
ACTION	Pricing	27	price	1395149011912	1395149011912	1395149021050	1395149021050	OK	 
ACTION	Pricing	2	price	1395149011642	1395149011643	1395149021049	1395149021050	OK	 
ACTION	Pricing	40	price	1395149011972	1395149011972	1395149021070	1395149021070	OK	 
ACTION	Pricing	45	price	1395149011990	1395149011990	1395149021162	1395149021162	OK	 
ACTION	Pricing	66	price	1395149011846	1395149011875	1395149021270	1395149021270	OK	 
ACTION	Pricing	17	price	1395149011645	1395149011647	1395149021287	1395149021289	OK	 
ACTION	Pricing	74	price	1395149011826	1395149011846	1395149021289	1395149021289	OK	 
ACTION	Pricing	32	price	1395149011767	1395149011768	1395149021290	1395149021293	OK	 
ACTION	Pricing	50	price	1395149011857	1395149011857	1395149021296	1395149021297	OK	 
ACTION	Pricing	53	price	1395149011992	1395149011996	1395149021866	1395149021866	OK	 
ACTION	Pricing	82	price	1395149011939	1395149011940	1395149021867	1395149021868	OK	 
ACTION	Pricing	61	price	1395149011962	1395149011963	1395149021877	1395149021877	OK	 
ACTION	Pricing	63	price	1395149011633	1395149011635	1395149021885	1395149021885	OK	 
ACTION	Pricing	86	price	1395149011970	1395149011971	1395149021891	1395149021892	OK	 
ACTION	Pricing	1	price	1395149011954	1395149011955	1395149021891	1395149021892	OK	 
ACTION	Pricing	87	price	1395149012076	1395149012078	1395149021895	1395149021895	OK	 
ACTION	Pricing	12	price	1395149011923	1395149011924	1395149021888	1395149021890	OK	 
ACTION	Pricing	25	price	1395149011693	1395149011695	1395149021909	1395149021909	OK	 
ACTION	Pricing	77	price	1395149011965	1395149011966	1395149021917	1395149021917	OK	 
ACTION	Pricing	97	price	1395149011925	1395149011925	1395149021921	1395149021922	OK	 
ACTION	Pricing	41	price	1395149012457	1395149012466	1395149023792	1395149023792	OK	 
ACTION	Pricing	76	price	1395149011984	1395149011985	1395149023861	1395149023862	OK	 
ACTION	Pricing	11	price	1395149012493	1395149012494	1395149016394	1395149024133	OK	 
ACTION	Pricing	92	price	1395149011995	1395149011997	1395149024138	1395149024138	OK	 
ACTION	Pricing	96	price	1395149012065	1395149012072	1395149024142	1395149024142	OK	 
ACTION	Pricing	80	price	1395149011964	1395149011964	1395149024146	1395149024146	OK	 
ACTION	Pricing	64	price	1395149011991	1395149011996	1395149024327	1395149024327	OK	 
ACTION	Pricing	31	price	1395149011998	1395149011999	1395149024328	1395149024332	OK	 
ACTION	Pricing	71	price	1395149012490	1395149012492	1395149024390	1395149024391	OK	 
ACTION	Pricing	81	price	1395149012481	1395149012482	1395149024577	1395149024577	OK	 
ACTION	Pricing	19	price	1395149012499	1395149012500	1395149024805	1395149024806	OK	 
ACTION	Pricing	89	price	1395149012483	1395149012484	1395149024917	1395149024918	OK	 
ACTION	Pricing	46	price	1395149015927	1395149015927	1395149024938	1395149024938	OK	 
ACTION	Pricing	49	price	1395149011950	1395149011950	1395149024947	1395149024948	OK	 
ACTION	Pricing	3	price	1395149011969	1395149011969	1395149024948	1395149024948	OK	 
ACTION	Pricing	83	price	1395149011945	1395149011946	1395149024948	1395149024948	OK	 
ACTION	Pricing	52	price	1395149011961	1395149011961	1395149025030	1395149025030	OK	 
ACTION	Pricing	56	price	1395149011890	1395149011890	1395149025112	1395149025112	OK	 
ACTION	Pricing	59	price	1395149011952	1395149011953	1395149025112	1395149025112	OK	 
ACTION	Pricing	69	price	1395149011987	1395149011989	1395149025115	1395149025115	OK	 
ACTION	Pricing	28	price	1395149011636	1395149011637	1395149025114	1395149025119	OK	 
ACTION	Pricing	95	price	1395149015570	1395149015571	1395149025343	1395149025344	OK	 
ACTION	Pricing	42	price	1395149014092	1395149014093	1395149025405	1395149025405	OK	 
ACTION	Pricing	33	price	1395149015409	1395149015410	1395149025600	1395149025601	OK	 
ACTION	Pricing	5	price	1395149014105	1395149014106	1395149025761	1395149025762	OK	 
ACTION	Pricing	57	price	1395149013932	1395149013933	1395149025854	1395149025854	OK	 
ACTION	Pricing	22	price	1395149013967	1395149013968	1395149025997	1395149025998	OK	 
ACTION	Pricing	73	price	1395149013725	1395149013726	1395149026082	1395149026083	OK	 
ACTION	Pricing	84	price	1395149012479	1395149012480	1395149026157	1395149026157	OK	 
ACTION	Pricing	41	price	1395149023794	1395149023795	1395149026167	1395149026168	OK	 
ACTION	Pricing	48	price	1395149012485	1395149012487	1395149026292	1395149026293	OK	 
ACTION	Pricing	80	price	1395149024150	1395149024150	1395149026359	1395149026360	OK	 
ACTION	Pricing	96	price	1395149024144	1395149024145	1395149026521	1395149026521	OK	 
ACTION	Pricing	92	price	1395149024141	1395149024142	1395149026759	1395149026759	OK	 
ACTION	Pricing	76	price	1395149023864	1395149023864	1395149026874	1395149026874	OK	 
ACTION	Pricing	78	price	1395149015913	1395149015914	1395149027184	1395149027185	OK	 
ACTION	Pricing	98	price	1395149015882	1395149015883	1395149027191	1395149027191	OK	 
ACTION	Pricing	65	price	1395149015926	1395149015926	1395149027268	1395149027269	OK	 
ACTION	Pricing	44	price	1395149016017	1395149016018	1395149027462	1395149027463	OK	 
ACTION	Pricing	15	price	1395149016294	1395149016294	1395149027539	1395149027540	OK	 
ACTION	Pricing	34	price	1395149016136	1395149016136	1395149027686	1395149027687	OK	 
ACTION	Pricing	29	price	1395149011940	1395149011941	1395149028397	1395149028397	OK	 
SCENARIO	Pricing	29	END	1395149028398
ACTION	Pricing	93	price	1395149011982	1395149011983	1395149028445	1395149028445	OK	 
SCENARIO	Pricing	93	END	1395149028447
ACTION	Pricing	60	price	1395149011958	1395149011959	1395149028448	1395149028449	OK	 
SCENARIO	Pricing	60	END	1395149028449
ACTION	Pricing	88	price	1395149011975	1395149011975	1395149028451	1395149028451	OK	 
SCENARIO	Pricing	88	END	1395149028452
ACTION	Pricing	12	price	1395149021902	1395149021902	1395149028619	1395149028620	OK	 
SCENARIO	Pricing	12	END	1395149028621
ACTION	Pricing	97	price	1395149021923	1395149021924	1395149028644	1395149028645	OK	 
SCENARIO	Pricing	97	END	1395149028645
ACTION	Pricing	36	price	1395149011917	1395149011918	1395149028921	1395149028921	OK	 
SCENARIO	Pricing	36	END	1395149028922
ACTION	Pricing	94	price	1395149011986	1395149011988	1395149028925	1395149028925	OK	 
SCENARIO	Pricing	94	END	1395149028926
ACTION	Pricing	16	price	1395149011949	1395149011952	1395149028926	1395149028927	OK	 
SCENARIO	Pricing	16	END	1395149028928
ACTION	Pricing	6	price	1395149011930	1395149011930	1395149028929	1395149028929	OK	 
SCENARIO	Pricing	6	END	1395149028930
ACTION	Pricing	14	price	1395149011915	1395149011916	1395149028931	1395149028932	OK	 
SCENARIO	Pricing	14	END	1395149028932
ACTION	Pricing	85	price	1395149011935	1395149011935	1395149028935	1395149028935	OK	 
SCENARIO	Pricing	85	END	1395149028936
ACTION	Pricing	18	price	1395149011891	1395149011893	1395149028937	1395149028937	OK	 
SCENARIO	Pricing	18	END	1395149028938
ACTION	Pricing	21	price	1395149011973	1395149011974	1395149029165	1395149029166	OK	 
SCENARIO	Pricing	21	END	1395149029167
ACTION	Pricing	1	price	1395149021898	1395149021899	1395149029243	1395149029243	OK	 
SCENARIO	Pricing	1	END	1395149029244
ACTION	Pricing	20	price	1395149011938	1395149011938	1395149029294	1395149029294	OK	 
SCENARIO	Pricing	20	END	1395149029295
ACTION	Pricing	32	price	1395149021297	1395149021300	1395149029462	1395149029462	OK	 
SCENARIO	Pricing	32	END	1395149029463
ACTION	Pricing	40	price	1395149021073	1395149021074	1395149029586	1395149029586	OK	 
SCENARIO	Pricing	40	END	1395149029587
ACTION	Pricing	23	price	1395149011947	1395149011952	1395149029649	1395149029649	OK	 
SCENARIO	Pricing	23	END	1395149029650
ACTION	Pricing	90	price	1395149011936	1395149011937	1395149029651	1395149029651	OK	 
SCENARIO	Pricing	90	END	1395149029652
ACTION	Pricing	2	price	1395149021059	1395149021059	1395149029790	1395149029791	OK	 
SCENARIO	Pricing	2	END	1395149029792
ACTION	Pricing	13	price	1395149012073	1395149012074	1395149029793	1395149029793	OK	 
SCENARIO	Pricing	13	END	1395149029794
ACTION	Pricing	91	price	1395149011982	1395149011982	1395149029794	1395149029794	OK	 
SCENARIO	Pricing	91	END	1395149029795
ACTION	Pricing	17	price	1395149021294	1395149021297	1395149029890	1395149029890	OK	 
SCENARIO	Pricing	17	END	1395149029891
ACTION	Pricing	63	price	1395149021889	1395149021890	1395149029900	1395149029901	OK	 
SCENARIO	Pricing	63	END	1395149029902
ACTION	Pricing	61	price	1395149021880	1395149021880	1395149030050	1395149030050	OK	 
SCENARIO	Pricing	61	END	1395149030051
ACTION	Pricing	30	price	1395149021053	1395149021055	1395149030415	1395149030416	OK	 
SCENARIO	Pricing	30	END	1395149030417
ACTION	Pricing	9	price	1395149011943	1395149011944	1395149030453	1395149030454	OK	 
SCENARIO	Pricing	9	END	1395149030454
ACTION	Pricing	50	price	1395149021300	1395149021301	1395149030776	1395149030776	OK	 
SCENARIO	Pricing	50	END	1395149030777
ACTION	Pricing	58	price	1395149017655	1395149017655	1395149030933	1395149030934	OK	 
SCENARIO	Pricing	58	END	1395149030935
ACTION	Pricing	53	price	1395149021870	1395149021871	1395149031034	1395149031035	OK	 
SCENARIO	Pricing	53	END	1395149031036
ACTION	Pricing	82	price	1395149021872	1395149021872	1395149031209	1395149031210	OK	 
SCENARIO	Pricing	82	END	1395149031211
ACTION	Pricing	34	price	1395149027689	1395149027690	1395149031368	1395149031368	OK	 
SCENARIO	Pricing	34	END	1395149031369
ACTION	Pricing	74	price	1395149021292	1395149021293	1395149031393	1395149031393	OK	 
SCENARIO	Pricing	74	END	1395149031394
ACTION	Pricing	45	price	1395149021166	1395149021167	1395149031570	1395149031570	OK	 
SCENARIO	Pricing	45	END	1395149031571
ACTION	Pricing	15	price	1395149027544	1395149027544	1395149031671	1395149031672	OK	 
SCENARIO	Pricing	15	END	1395149031673
ACTION	Pricing	66	price	1395149021273	1395149021274	1395149031685	1395149031685	OK	 
SCENARIO	Pricing	66	END	1395149031686
ACTION	Pricing	44	price	1395149027465	1395149027465	1395149031900	1395149031900	OK	 
SCENARIO	Pricing	44	END	1395149031901
ACTION	Pricing	65	price	1395149027273	1395149027274	1395149032134	1395149032135	OK	 
SCENARIO	Pricing	65	END	1395149032136
ACTION	Pricing	10	price	1395149011933	1395149011934	1395149032290	1395149032291	OK	 
SCENARIO	Pricing	10	END	1395149032292
ACTION	Pricing	99	price	1395149019912	1395149019913	1395149032347	1395149032348	OK	 
SCENARIO	Pricing	99	END	1395149032349
ACTION	Pricing	78	price	1395149027187	1395149027188	1395149032398	1395149032398	OK	 
SCENARIO	Pricing	78	END	1395149032399
ACTION	Pricing	62	price	1395149011920	1395149011920	1395149032439	1395149032439	OK	 
SCENARIO	Pricing	62	END	1395149032440
ACTION	Pricing	79	price	1395149012066	1395149012066	1395149032578	1395149032578	OK	 
SCENARIO	Pricing	79	END	1395149032580
ACTION	Pricing	35	price	1395149012000	1395149012000	1395149032580	1395149032581	OK	 
SCENARIO	Pricing	35	END	1395149032581
ACTION	Pricing	86	price	1395149021896	1395149021896	1395149032602	1395149032603	OK	 
SCENARIO	Pricing	86	END	1395149032604
ACTION	Pricing	76	price	1395149026876	1395149026877	1395149032627	1395149032628	OK	 
SCENARIO	Pricing	76	END	1395149032629
ACTION	Pricing	87	price	1395149021900	1395149021901	1395149032655	1395149032655	OK	 
SCENARIO	Pricing	87	END	1395149032656
ACTION	Pricing	26	price	1395149011926	1395149011927	1395149032707	1395149032708	OK	 
SCENARIO	Pricing	26	END	1395149032708
ACTION	Pricing	92	price	1395149026762	1395149026764	1395149032764	1395149032764	OK	 
SCENARIO	Pricing	92	END	1395149032765
ACTION	Pricing	77	price	1395149021920	1395149021921	1395149032907	1395149032907	OK	 
SCENARIO	Pricing	77	END	1395149032909
ACTION	Pricing	25	price	1395149021912	1395149021912	1395149032998	1395149032998	OK	 
SCENARIO	Pricing	25	END	1395149032999
ACTION	Pricing	80	price	1395149026362	1395149026363	1395149033104	1395149033105	OK	 
SCENARIO	Pricing	80	END	1395149033106
ACTION	Pricing	41	price	1395149026170	1395149026170	1395149033313	1395149033313	OK	 
SCENARIO	Pricing	41	END	1395149033314
ACTION	Pricing	84	price	1395149026160	1395149026160	1395149033434	1395149033435	OK	 
SCENARIO	Pricing	84	END	1395149033435
ACTION	Pricing	73	price	1395149026085	1395149026086	1395149033501	1395149033501	OK	 
SCENARIO	Pricing	73	END	1395149033502
ACTION	Pricing	22	price	1395149026000	1395149026001	1395149033599	1395149033599	OK	 
SCENARIO	Pricing	22	END	1395149033600
ACTION	Pricing	57	price	1395149025857	1395149025858	1395149033820	1395149033820	OK	 
SCENARIO	Pricing	57	END	1395149033821
ACTION	Pricing	54	price	1395149011979	1395149011980	1395149033912	1395149033913	OK	 
SCENARIO	Pricing	54	END	1395149033914
ACTION	Pricing	5	price	1395149025764	1395149025768	1395149033928	1395149033929	OK	 
SCENARIO	Pricing	5	END	1395149033931
ACTION	Pricing	24	price	1395149015925	1395149015925	1395149033953	1395149033953	OK	 
SCENARIO	Pricing	24	END	1395149033954
ACTION	Pricing	33	price	1395149025602	1395149025603	1395149034006	1395149034006	OK	 
SCENARIO	Pricing	33	END	1395149034007
ACTION	Pricing	75	price	1395149011983	1395149011984	1395149034040	1395149034041	OK	 
ACTION	Pricing	51	price	1395149011700	1395149011701	1395149034040	1395149034041	OK	 
SCENARIO	Pricing	51	END	1395149034042
SCENARIO	Pricing	75	END	1395149034043
ACTION	Pricing	42	price	1395149025407	1395149025408	1395149034066	1395149034066	OK	 
SCENARIO	Pricing	42	END	1395149034068
ACTION	Pricing	95	price	1395149025346	1395149025346	1395149034239	1395149034240	OK	 
SCENARIO	Pricing	95	END	1395149034240
ACTION	Pricing	72	price	1395149015681	1395149015682	1395149034276	1395149034277	OK	 
SCENARIO	Pricing	72	END	1395149034278
ACTION	Pricing	28	price	1395149025121	1395149025122	1395149034338	1395149034338	OK	 
SCENARIO	Pricing	28	END	1395149034339
ACTION	Pricing	55	price	1395149011928	1395149011929	1395149034411	1395149034411	OK	 
SCENARIO	Pricing	55	END	1395149034412
ACTION	Pricing	59	price	1395149025116	1395149025119	1395149034562	1395149034563	OK	 
SCENARIO	Pricing	59	END	1395149034564
ACTION	Pricing	4	price	1395149011904	1395149011905	1395149034628	1395149034629	OK	 
SCENARIO	Pricing	4	END	1395149034630
ACTION	Pricing	52	price	1395149025032	1395149025033	1395149034723	1395149034724	OK	 
SCENARIO	Pricing	52	END	1395149034725
ACTION	Pricing	69	price	1395149025117	1395149025118	1395149034725	1395149034725	OK	 
SCENARIO	Pricing	69	END	1395149034727
ACTION	Pricing	8	price	1395149011976	1395149011977	1395149034780	1395149034780	OK	 
SCENARIO	Pricing	8	END	1395149034782
ACTION	Pricing	70	price	1395149011907	1395149011908	1395149034781	1395149034783	OK	 
SCENARIO	Pricing	70	END	1395149034784
ACTION	Pricing	39	price	1395149011896	1395149011897	1395149034780	1395149034781	OK	 
SCENARIO	Pricing	39	END	1395149034784
ACTION	Pricing	67	price	1395149011893	1395149011895	1395149034792	1395149034793	OK	 
SCENARIO	Pricing	67	END	1395149034794
ACTION	Pricing	68	price	1395149011967	1395149011968	1395149034795	1395149034795	OK	 
SCENARIO	Pricing	68	END	1395149034796
ACTION	Pricing	43	price	1395149011994	1395149011996	1395149034797	1395149034798	OK	 
SCENARIO	Pricing	43	END	1395149034799
ACTION	Pricing	37	price	1395149011883	1395149011884	1395149034800	1395149034801	OK	 
SCENARIO	Pricing	37	END	1395149034802
ACTION	Pricing	7	price	1395149011880	1395149011882	1395149034801	1395149034801	OK	 
SCENARIO	Pricing	7	END	1395149034802
ACTION	Pricing	47	price	1395149011625	1395149011632	1395149034800	1395149034800	OK	 
SCENARIO	Pricing	47	END	1395149034803
ACTION	Pricing	38	price	1395149011977	1395149011978	1395149034804	1395149034804	OK	 
SCENARIO	Pricing	38	END	1395149034805
ACTION	Pricing	100	price	1395149011913	1395149011914	1395149034809	1395149034809	OK	 
SCENARIO	Pricing	100	END	1395149034810
ACTION	Pricing	83	price	1395149024955	1395149024956	1395149034942	1395149034943	OK	 
SCENARIO	Pricing	83	END	1395149034944
ACTION	Pricing	3	price	1395149024953	1395149024955	1395149035006	1395149035007	OK	 
SCENARIO	Pricing	3	END	1395149035008
ACTION	Pricing	11	price	1395149024136	1395149024136	1395149035061	1395149035061	OK	 
SCENARIO	Pricing	11	END	1395149035062
ACTION	Pricing	46	price	1395149024940	1395149024940	1395149035151	1395149035152	OK	 
SCENARIO	Pricing	46	END	1395149035153
ACTION	Pricing	89	price	1395149024920	1395149024921	1395149035300	1395149035300	OK	 
SCENARIO	Pricing	89	END	1395149035301
ACTION	Pricing	19	price	1395149024808	1395149024808	1395149035356	1395149035357	OK	 
SCENARIO	Pricing	19	END	1395149035358
ACTION	Pricing	81	price	1395149024579	1395149024580	1395149035444	1395149035445	OK	 
SCENARIO	Pricing	81	END	1395149035445
ACTION	Pricing	31	price	1395149024335	1395149024335	1395149035532	1395149035532	OK	 
SCENARIO	Pricing	31	END	1395149035533
ACTION	Pricing	71	price	1395149024393	1395149024393	1395149035598	1395149035599	OK	 
SCENARIO	Pricing	71	END	1395149035600
ACTION	Pricing	64	price	1395149024332	1395149024333	1395149035619	1395149035620	OK	 
SCENARIO	Pricing	64	END	1395149035621
ACTION	Pricing	96	price	1395149026524	1395149026525	1395149035628	1395149035628	OK	 
SCENARIO	Pricing	96	END	1395149035629
ACTION	Pricing	49	price	1395149024950	1395149024951	1395149035641	1395149035641	OK	 
SCENARIO	Pricing	49	END	1395149035642
ACTION	Pricing	56	price	1395149025115	1395149025117	1395149035645	1395149035646	OK	 
SCENARIO	Pricing	56	END	1395149035646
ACTION	Pricing	98	price	1395149027193	1395149027194	1395149035659	1395149035659	OK	 
SCENARIO	Pricing	98	END	1395149035660
ACTION	Pricing	48	price	1395149026295	1395149026296	1395149035662	1395149035662	OK	 
SCENARIO	Pricing	48	END	1395149035663
ACTION	Pricing	27	price	1395149021056	1395149021057	1395149035664	1395149035664	OK	 
SCENARIO	Pricing	27	END	1395149035665
