RUN	20140318090744	pricingsimulation	pricingsimulation
SCENARIO	Pricing	2	START	1395133667329
SCENARIO	Pricing	1	START	1395133667330
SCENARIO	Pricing	4	START	1395133667369
SCENARIO	Pricing	3	START	1395133667369
ACTION	Pricing	2	price	1395133667417	1395133667444	1395133668122	1395133668144	OK	 
ACTION	Pricing	3	price	1395133667438	1395133667445	1395133668122	1395133668143	OK	 
ACTION	Pricing	4	price	1395133667432	1395133667445	1395133668123	1395133668143	OK	 
ACTION	Pricing	1	price	1395133667432	1395133667444	1395133668125	1395133668143	OK	 
ACTION	Pricing	4	price	1395133668347	1395133668349	1395133668436	1395133668436	OK	 
ACTION	Pricing	3	price	1395133668335	1395133668339	1395133668436	1395133668436	OK	 
ACTION	Pricing	2	price	1395133668350	1395133668351	1395133668511	1395133668511	OK	 
ACTION	Pricing	3	price	1395133668439	1395133668441	1395133668563	1395133668564	OK	 
ACTION	Pricing	1	price	1395133668352	1395133668354	1395133668599	1395133668599	OK	 
ACTION	Pricing	4	price	1395133668441	1395133668442	1395133668621	1395133668621	OK	 
ACTION	Pricing	3	price	1395133668566	1395133668567	1395133668656	1395133668656	OK	 
ACTION	Pricing	2	price	1395133668513	1395133668514	1395133668686	1395133668687	OK	 
ACTION	Pricing	1	price	1395133668603	1395133668604	1395133668792	1395133668793	OK	 
ACTION	Pricing	3	price	1395133668658	1395133668659	1395133668794	1395133668795	OK	 
ACTION	Pricing	4	price	1395133668624	1395133668624	1395133668800	1395133668801	OK	 
ACTION	Pricing	2	price	1395133668689	1395133668690	1395133668818	1395133668819	OK	 
ACTION	Pricing	3	price	1395133668799	1395133668805	1395133668861	1395133668861	OK	 
ACTION	Pricing	1	price	1395133668795	1395133668798	1395133668926	1395133668926	OK	 
ACTION	Pricing	4	price	1395133668807	1395133668810	1395133668944	1395133668944	OK	 
ACTION	Pricing	2	price	1395133668821	1395133668822	1395133668988	1395133668988	OK	 
ACTION	Pricing	3	price	1395133668863	1395133668864	1395133669032	1395133669033	OK	 
ACTION	Pricing	1	price	1395133668928	1395133668930	1395133669043	1395133669043	OK	 
ACTION	Pricing	2	price	1395133668990	1395133668992	1395133669159	1395133669159	OK	 
ACTION	Pricing	4	price	1395133668946	1395133668947	1395133669159	1395133669159	OK	 
ACTION	Pricing	1	price	1395133669045	1395133669046	1395133669160	1395133669164	OK	 
ACTION	Pricing	3	price	1395133669035	1395133669042	1395133669201	1395133669201	OK	 
ACTION	Pricing	2	price	1395133669162	1395133669163	1395133669231	1395133669231	OK	 
ACTION	Pricing	4	price	1395133669165	1395133669167	1395133669285	1395133669285	OK	 
ACTION	Pricing	1	price	1395133669166	1395133669170	1395133669320	1395133669321	OK	 
ACTION	Pricing	2	price	1395133669233	1395133669234	1395133669360	1395133669361	OK	 
ACTION	Pricing	4	price	1395133669287	1395133669288	1395133669391	1395133669392	OK	 
ACTION	Pricing	3	price	1395133669203	1395133669205	1395133669413	1395133669413	OK	 
ACTION	Pricing	1	price	1395133669322	1395133669323	1395133669439	1395133669440	OK	 
ACTION	Pricing	2	price	1395133669362	1395133669369	1395133669479	1395133669480	OK	 
ACTION	Pricing	3	price	1395133669415	1395133669418	1395133669552	1395133669552	OK	 
ACTION	Pricing	4	price	1395133669393	1395133669395	1395133669555	1395133669555	OK	 
ACTION	Pricing	2	price	1395133669482	1395133669483	1395133669587	1395133669587	OK	 
ACTION	Pricing	1	price	1395133669442	1395133669443	1395133669600	1395133669600	OK	 
ACTION	Pricing	4	price	1395133669557	1395133669558	1395133669641	1395133669642	OK	 
ACTION	Pricing	3	price	1395133669555	1395133669555	1395133669682	1395133669682	OK	 
ACTION	Pricing	2	price	1395133669589	1395133669590	1395133669739	1395133669739	OK	 
ACTION	Pricing	4	price	1395133669644	1395133669645	1395133669748	1395133669748	OK	 
ACTION	Pricing	1	price	1395133669609	1395133669610	1395133669789	1395133669789	OK	 
ACTION	Pricing	3	price	1395133669685	1395133669685	1395133669825	1395133669825	OK	 
ACTION	Pricing	4	price	1395133669750	1395133669751	1395133669852	1395133669852	OK	 
ACTION	Pricing	2	price	1395133669741	1395133669741	1395133669899	1395133669900	OK	 
ACTION	Pricing	4	price	1395133669855	1395133669856	1395133669949	1395133669949	OK	 
ACTION	Pricing	3	price	1395133669828	1395133669828	1395133669955	1395133669955	OK	 
ACTION	Pricing	1	price	1395133669791	1395133669792	1395133670018	1395133670018	OK	 
ACTION	Pricing	2	price	1395133669902	1395133669902	1395133670020	1395133670020	OK	 
ACTION	Pricing	3	price	1395133669957	1395133669957	1395133670084	1395133670084	OK	 
ACTION	Pricing	4	price	1395133669951	1395133669952	1395133670114	1395133670114	OK	 
ACTION	Pricing	1	price	1395133670020	1395133670020	1395133670140	1395133670140	OK	 
ACTION	Pricing	2	price	1395133670022	1395133670023	1395133670164	1395133670165	OK	 
ACTION	Pricing	1	price	1395133670142	1395133670143	1395133670247	1395133670247	OK	 
ACTION	Pricing	4	price	1395133670116	1395133670117	1395133670265	1395133670265	OK	 
ACTION	Pricing	3	price	1395133670086	1395133670087	1395133670276	1395133670277	OK	 
ACTION	Pricing	2	price	1395133670166	1395133670167	1395133670303	1395133670303	OK	 
ACTION	Pricing	1	price	1395133670249	1395133670250	1395133670368	1395133670370	OK	 
ACTION	Pricing	3	price	1395133670279	1395133670280	1395133670378	1395133670379	OK	 
ACTION	Pricing	4	price	1395133670267	1395133670268	1395133670420	1395133670420	OK	 
ACTION	Pricing	2	price	1395133670305	1395133670305	1395133670456	1395133670457	OK	 
ACTION	Pricing	1	price	1395133670372	1395133670372	1395133670500	1395133670501	OK	 
ACTION	Pricing	4	price	1395133670423	1395133670423	1395133670528	1395133670528	OK	 
ACTION	Pricing	3	price	1395133670381	1395133670381	1395133670545	1395133670546	OK	 
ACTION	Pricing	2	price	1395133670459	1395133670459	1395133670561	1395133670561	OK	 
ACTION	Pricing	4	price	1395133670530	1395133670531	1395133670594	1395133670594	OK	 
ACTION	Pricing	1	price	1395133670503	1395133670503	1395133670644	1395133670644	OK	 
ACTION	Pricing	2	price	1395133670563	1395133670563	1395133670680	1395133670681	OK	 
ACTION	Pricing	3	price	1395133670547	1395133670548	1395133670705	1395133670706	OK	 
ACTION	Pricing	4	price	1395133670596	1395133670596	1395133670751	1395133670751	OK	 
ACTION	Pricing	2	price	1395133670683	1395133670683	1395133670773	1395133670774	OK	 
ACTION	Pricing	1	price	1395133670646	1395133670647	1395133670799	1395133670799	OK	 
ACTION	Pricing	4	price	1395133670753	1395133670754	1395133670848	1395133670848	OK	 
ACTION	Pricing	3	price	1395133670708	1395133670708	1395133670849	1395133670849	OK	 
ACTION	Pricing	1	price	1395133670802	1395133670802	1395133670883	1395133670884	OK	 
ACTION	Pricing	2	price	1395133670775	1395133670776	1395133670916	1395133670916	OK	 
ACTION	Pricing	1	price	1395133670885	1395133670886	1395133670955	1395133670956	OK	 
ACTION	Pricing	3	price	1395133670854	1395133670854	1395133671001	1395133671001	OK	 
ACTION	Pricing	2	price	1395133670918	1395133670919	1395133671015	1395133671015	OK	 
ACTION	Pricing	4	price	1395133670852	1395133670852	1395133671075	1395133671076	OK	 
ACTION	Pricing	3	price	1395133671003	1395133671003	1395133671108	1395133671108	OK	 
ACTION	Pricing	1	price	1395133670957	1395133670958	1395133671130	1395133671131	OK	 
ACTION	Pricing	2	price	1395133671017	1395133671017	1395133671157	1395133671157	OK	 
ACTION	Pricing	4	price	1395133671078	1395133671078	1395133671208	1395133671208	OK	 
ACTION	Pricing	3	price	1395133671110	1395133671110	1395133671292	1395133671293	OK	 
ACTION	Pricing	1	price	1395133671133	1395133671133	1395133671298	1395133671299	OK	 
ACTION	Pricing	2	price	1395133671159	1395133671160	1395133671304	1395133671304	OK	 
ACTION	Pricing	4	price	1395133671210	1395133671210	1395133671318	1395133671319	OK	 
ACTION	Pricing	3	price	1395133671294	1395133671295	1395133671360	1395133671361	OK	 
ACTION	Pricing	1	price	1395133671300	1395133671301	1395133671431	1395133671432	OK	 
ACTION	Pricing	2	price	1395133671306	1395133671306	1395133671450	1395133671450	OK	 
ACTION	Pricing	4	price	1395133671320	1395133671321	1395133671485	1395133671485	OK	 
ACTION	Pricing	3	price	1395133671364	1395133671364	1395133671496	1395133671496	OK	 
ACTION	Pricing	1	price	1395133671434	1395133671434	1395133671517	1395133671518	OK	 
ACTION	Pricing	2	price	1395133671452	1395133671453	1395133671549	1395133671549	OK	 
ACTION	Pricing	4	price	1395133671487	1395133671488	1395133671579	1395133671580	OK	 
ACTION	Pricing	1	price	1395133671519	1395133671520	1395133671612	1395133671612	OK	 
ACTION	Pricing	3	price	1395133671498	1395133671499	1395133671649	1395133671649	OK	 
ACTION	Pricing	2	price	1395133671551	1395133671551	1395133671711	1395133671711	OK	 
ACTION	Pricing	1	price	1395133671614	1395133671615	1395133671759	1395133671759	OK	 
ACTION	Pricing	4	price	1395133671581	1395133671582	1395133671760	1395133671761	OK	 
ACTION	Pricing	3	price	1395133671651	1395133671651	1395133671777	1395133671777	OK	 
ACTION	Pricing	2	price	1395133671713	1395133671713	1395133671815	1395133671815	OK	 
ACTION	Pricing	4	price	1395133671764	1395133671764	1395133671860	1395133671860	OK	 
ACTION	Pricing	1	price	1395133671762	1395133671762	1395133671912	1395133671912	OK	 
ACTION	Pricing	3	price	1395133671780	1395133671781	1395133671928	1395133671928	OK	 
ACTION	Pricing	2	price	1395133671817	1395133671818	1395133671966	1395133671967	OK	 
ACTION	Pricing	4	price	1395133671861	1395133671862	1395133671989	1395133671990	OK	 
ACTION	Pricing	3	price	1395133671930	1395133671931	1395133672010	1395133672010	OK	 
ACTION	Pricing	1	price	1395133671914	1395133671914	1395133672059	1395133672059	OK	 
ACTION	Pricing	4	price	1395133671992	1395133671992	1395133672092	1395133672092	OK	 
ACTION	Pricing	2	price	1395133671969	1395133671969	1395133672103	1395133672104	OK	 
ACTION	Pricing	3	price	1395133672012	1395133672012	1395133672137	1395133672137	OK	 
ACTION	Pricing	4	price	1395133672094	1395133672095	1395133672158	1395133672159	OK	 
ACTION	Pricing	1	price	1395133672061	1395133672061	1395133672230	1395133672231	OK	 
ACTION	Pricing	2	price	1395133672106	1395133672106	1395133672242	1395133672243	OK	 
ACTION	Pricing	4	price	1395133672161	1395133672161	1395133672279	1395133672280	OK	 
ACTION	Pricing	3	price	1395133672139	1395133672140	1395133672301	1395133672302	OK	 
ACTION	Pricing	2	price	1395133672245	1395133672245	1395133672356	1395133672356	OK	 
ACTION	Pricing	1	price	1395133672233	1395133672233	1395133672372	1395133672372	OK	 
ACTION	Pricing	3	price	1395133672304	1395133672304	1395133672442	1395133672442	OK	 
ACTION	Pricing	1	price	1395133672374	1395133672375	1395133672508	1395133672509	OK	 
ACTION	Pricing	4	price	1395133672282	1395133672282	1395133672508	1395133672508	OK	 
ACTION	Pricing	2	price	1395133672358	1395133672359	1395133672515	1395133672515	OK	 
ACTION	Pricing	3	price	1395133672444	1395133672445	1395133672542	1395133672542	OK	 
ACTION	Pricing	1	price	1395133672510	1395133672511	1395133672590	1395133672590	OK	 
ACTION	Pricing	4	price	1395133672511	1395133672512	1395133672603	1395133672603	OK	 
ACTION	Pricing	2	price	1395133672516	1395133672517	1395133672653	1395133672653	OK	 
ACTION	Pricing	3	price	1395133672546	1395133672547	1395133672688	1395133672688	OK	 
ACTION	Pricing	1	price	1395133672592	1395133672593	1395133672716	1395133672717	OK	 
ACTION	Pricing	2	price	1395133672655	1395133672656	1395133672730	1395133672730	OK	 
ACTION	Pricing	4	price	1395133672605	1395133672606	1395133672771	1395133672771	OK	 
ACTION	Pricing	3	price	1395133672690	1395133672690	1395133672802	1395133672803	OK	 
ACTION	Pricing	4	price	1395133672773	1395133672773	1395133672841	1395133672842	OK	 
ACTION	Pricing	2	price	1395133672732	1395133672732	1395133672873	1395133672874	OK	 
ACTION	Pricing	1	price	1395133672718	1395133672719	1395133672945	1395133672945	OK	 
ACTION	Pricing	4	price	1395133672843	1395133672844	1395133672952	1395133672953	OK	 
ACTION	Pricing	3	price	1395133672804	1395133672805	1395133672971	1395133672971	OK	 
ACTION	Pricing	2	price	1395133672879	1395133672879	1395133673007	1395133673007	OK	 
ACTION	Pricing	4	price	1395133672954	1395133672955	1395133673027	1395133673027	OK	 
ACTION	Pricing	1	price	1395133672947	1395133672948	1395133673061	1395133673061	OK	 
ACTION	Pricing	2	price	1395133673008	1395133673009	1395133673117	1395133673118	OK	 
ACTION	Pricing	3	price	1395133672973	1395133672973	1395133673140	1395133673140	OK	 
ACTION	Pricing	4	price	1395133673029	1395133673030	1395133673182	1395133673182	OK	 
ACTION	Pricing	1	price	1395133673063	1395133673063	1395133673193	1395133673193	OK	 
ACTION	Pricing	2	price	1395133673119	1395133673120	1395133673223	1395133673223	OK	 
ACTION	Pricing	4	price	1395133673184	1395133673184	1395133673267	1395133673267	OK	 
ACTION	Pricing	3	price	1395133673142	1395133673142	1395133673298	1395133673299	OK	 
ACTION	Pricing	1	price	1395133673194	1395133673195	1395133673321	1395133673321	OK	 
ACTION	Pricing	2	price	1395133673225	1395133673225	1395133673354	1395133673354	OK	 
ACTION	Pricing	4	price	1395133673269	1395133673270	1395133673395	1395133673395	OK	 
ACTION	Pricing	3	price	1395133673300	1395133673301	1395133673431	1395133673431	OK	 
ACTION	Pricing	1	price	1395133673322	1395133673323	1395133673449	1395133673450	OK	 
ACTION	Pricing	4	price	1395133673397	1395133673398	1395133673498	1395133673498	OK	 
ACTION	Pricing	2	price	1395133673356	1395133673356	1395133673540	1395133673540	OK	 
ACTION	Pricing	3	price	1395133673433	1395133673433	1395133673552	1395133673552	OK	 
ACTION	Pricing	4	price	1395133673505	1395133673505	1395133673594	1395133673594	OK	 
ACTION	Pricing	1	price	1395133673452	1395133673452	1395133673613	1395133673613	OK	 
ACTION	Pricing	4	price	1395133673596	1395133673596	1395133673678	1395133673678	OK	 
ACTION	Pricing	2	price	1395133673541	1395133673542	1395133673678	1395133673678	OK	 
ACTION	Pricing	3	price	1395133673554	1395133673554	1395133673720	1395133673720	OK	 
ACTION	Pricing	1	price	1395133673615	1395133673616	1395133673753	1395133673753	OK	 
ACTION	Pricing	2	price	1395133673682	1395133673683	1395133673777	1395133673778	OK	 
ACTION	Pricing	4	price	1395133673680	1395133673681	1395133673820	1395133673820	OK	 
ACTION	Pricing	1	price	1395133673755	1395133673755	1395133673837	1395133673837	OK	 
ACTION	Pricing	3	price	1395133673722	1395133673722	1395133673882	1395133673882	OK	 
ACTION	Pricing	2	price	1395133673779	1395133673780	1395133673922	1395133673922	OK	 
ACTION	Pricing	4	price	1395133673822	1395133673822	1395133673926	1395133673926	OK	 
ACTION	Pricing	3	price	1395133673884	1395133673884	1395133673962	1395133673963	OK	 
ACTION	Pricing	2	price	1395133673923	1395133673924	1395133673992	1395133673992	OK	 
ACTION	Pricing	1	price	1395133673838	1395133673839	1395133674030	1395133674031	OK	 
ACTION	Pricing	3	price	1395133673964	1395133673965	1395133674058	1395133674059	OK	 
ACTION	Pricing	4	price	1395133673927	1395133673928	1395133674091	1395133674091	OK	 
ACTION	Pricing	3	price	1395133674060	1395133674061	1395133674155	1395133674156	OK	 
ACTION	Pricing	1	price	1395133674032	1395133674033	1395133674170	1395133674170	OK	 
ACTION	Pricing	4	price	1395133674093	1395133674093	1395133674237	1395133674238	OK	 
ACTION	Pricing	2	price	1395133673994	1395133673994	1395133674255	1395133674255	OK	 
ACTION	Pricing	3	price	1395133674158	1395133674159	1395133674272	1395133674273	OK	 
ACTION	Pricing	1	price	1395133674171	1395133674172	1395133674297	1395133674298	OK	 
ACTION	Pricing	4	price	1395133674240	1395133674240	1395133674338	1395133674338	OK	 
ACTION	Pricing	2	price	1395133674257	1395133674258	1395133674369	1395133674369	OK	 
ACTION	Pricing	3	price	1395133674274	1395133674275	1395133674398	1395133674398	OK	 
ACTION	Pricing	1	price	1395133674300	1395133674301	1395133674419	1395133674419	OK	 
ACTION	Pricing	2	price	1395133674371	1395133674372	1395133674454	1395133674454	OK	 
ACTION	Pricing	3	price	1395133674400	1395133674400	1395133674539	1395133674540	OK	 
ACTION	Pricing	4	price	1395133674339	1395133674340	1395133674542	1395133674543	OK	 
ACTION	Pricing	2	price	1395133674455	1395133674456	1395133674580	1395133674580	OK	 
ACTION	Pricing	1	price	1395133674421	1395133674422	1395133674587	1395133674587	OK	 
ACTION	Pricing	3	price	1395133674541	1395133674542	1395133674613	1395133674613	OK	 
ACTION	Pricing	4	price	1395133674544	1395133674545	1395133674647	1395133674647	OK	 
ACTION	Pricing	1	price	1395133674589	1395133674589	1395133674678	1395133674678	OK	 
ACTION	Pricing	3	price	1395133674615	1395133674615	1395133674723	1395133674724	OK	 
ACTION	Pricing	4	price	1395133674648	1395133674649	1395133674759	1395133674759	OK	 
ACTION	Pricing	1	price	1395133674680	1395133674681	1395133674814	1395133674814	OK	 
ACTION	Pricing	2	price	1395133674582	1395133674582	1395133674840	1395133674841	OK	 
ACTION	Pricing	3	price	1395133674725	1395133674726	1395133674863	1395133674864	OK	 
ACTION	Pricing	4	price	1395133674763	1395133674764	1395133674890	1395133674890	OK	 
ACTION	Pricing	1	price	1395133674816	1395133674816	1395133674909	1395133674910	OK	 
ACTION	Pricing	2	price	1395133674842	1395133674843	1395133674943	1395133674943	OK	 
ACTION	Pricing	3	price	1395133674866	1395133674866	1395133675030	1395133675031	OK	 
ACTION	Pricing	2	price	1395133674945	1395133674945	1395133675042	1395133675043	OK	 
ACTION	Pricing	1	price	1395133674911	1395133674912	1395133675062	1395133675062	OK	 
ACTION	Pricing	4	price	1395133674892	1395133674893	1395133675118	1395133675119	OK	 
ACTION	Pricing	3	price	1395133675032	1395133675033	1395133675136	1395133675136	OK	 
ACTION	Pricing	2	price	1395133675045	1395133675046	1395133675176	1395133675176	OK	 
ACTION	Pricing	1	price	1395133675064	1395133675064	1395133675185	1395133675186	OK	 
ACTION	Pricing	4	price	1395133675120	1395133675121	1395133675212	1395133675212	OK	 
ACTION	Pricing	3	price	1395133675138	1395133675139	1395133675259	1395133675260	OK	 
ACTION	Pricing	4	price	1395133675214	1395133675215	1395133675319	1395133675320	OK	 
ACTION	Pricing	3	price	1395133675261	1395133675262	1395133675362	1395133675362	OK	 
ACTION	Pricing	2	price	1395133675178	1395133675179	1395133675366	1395133675367	OK	 
ACTION	Pricing	1	price	1395133675188	1395133675189	1395133675380	1395133675380	OK	 
ACTION	Pricing	4	price	1395133675321	1395133675322	1395133675421	1395133675422	OK	 
ACTION	Pricing	3	price	1395133675363	1395133675364	1395133675459	1395133675459	OK	 
ACTION	Pricing	1	price	1395133675382	1395133675383	1395133675484	1395133675484	OK	 
ACTION	Pricing	2	price	1395133675369	1395133675369	1395133675506	1395133675506	OK	 
ACTION	Pricing	4	price	1395133675423	1395133675424	1395133675550	1395133675550	OK	 
ACTION	Pricing	3	price	1395133675461	1395133675462	1395133675580	1395133675581	OK	 
ACTION	Pricing	2	price	1395133675508	1395133675508	1395133675607	1395133675607	OK	 
ACTION	Pricing	1	price	1395133675486	1395133675487	1395133675651	1395133675651	OK	 
ACTION	Pricing	3	price	1395133675582	1395133675583	1395133675677	1395133675678	OK	 
ACTION	Pricing	4	price	1395133675552	1395133675552	1395133675709	1395133675710	OK	 
ACTION	Pricing	2	price	1395133675609	1395133675609	1395133675742	1395133675742	OK	 
ACTION	Pricing	1	price	1395133675652	1395133675653	1395133675766	1395133675767	OK	 
ACTION	Pricing	3	price	1395133675679	1395133675680	1395133675846	1395133675846	OK	 
ACTION	Pricing	2	price	1395133675743	1395133675744	1395133675857	1395133675857	OK	 
ACTION	Pricing	4	price	1395133675712	1395133675712	1395133675871	1395133675871	OK	 
ACTION	Pricing	1	price	1395133675768	1395133675769	1395133675904	1395133675905	OK	 
ACTION	Pricing	2	price	1395133675859	1395133675859	1395133675941	1395133675941	OK	 
ACTION	Pricing	3	price	1395133675848	1395133675848	1395133675982	1395133675982	OK	 
ACTION	Pricing	1	price	1395133675906	1395133675908	1395133676005	1395133676006	OK	 
ACTION	Pricing	4	price	1395133675873	1395133675873	1395133676058	1395133676059	OK	 
ACTION	Pricing	3	price	1395133675984	1395133675984	1395133676078	1395133676079	OK	 
ACTION	Pricing	2	price	1395133675943	1395133675943	1395133676111	1395133676111	OK	 
ACTION	Pricing	4	price	1395133676062	1395133676062	1395133676169	1395133676169	OK	 
ACTION	Pricing	3	price	1395133676081	1395133676081	1395133676203	1395133676203	OK	 
ACTION	Pricing	2	price	1395133676113	1395133676114	1395133676222	1395133676222	OK	 
ACTION	Pricing	4	price	1395133676171	1395133676172	1395133676259	1395133676259	OK	 
ACTION	Pricing	1	price	1395133676007	1395133676008	1395133676276	1395133676277	OK	 
ACTION	Pricing	3	price	1395133676205	1395133676205	1395133676311	1395133676311	OK	 
ACTION	Pricing	4	price	1395133676261	1395133676261	1395133676339	1395133676339	OK	 
ACTION	Pricing	2	price	1395133676223	1395133676224	1395133676372	1395133676373	OK	 
ACTION	Pricing	1	price	1395133676278	1395133676279	1395133676411	1395133676411	OK	 
ACTION	Pricing	3	price	1395133676313	1395133676313	1395133676441	1395133676441	OK	 
ACTION	Pricing	2	price	1395133676374	1395133676375	1395133676482	1395133676482	OK	 
ACTION	Pricing	1	price	1395133676414	1395133676414	1395133676500	1395133676502	OK	 
ACTION	Pricing	4	price	1395133676341	1395133676342	1395133676520	1395133676521	OK	 
ACTION	Pricing	3	price	1395133676443	1395133676443	1395133676574	1395133676575	OK	 
ACTION	Pricing	2	price	1395133676484	1395133676484	1395133676609	1395133676610	OK	 
ACTION	Pricing	1	price	1395133676504	1395133676504	1395133676613	1395133676613	OK	 
ACTION	Pricing	4	price	1395133676523	1395133676523	1395133676687	1395133676688	OK	 
ACTION	Pricing	1	price	1395133676615	1395133676615	1395133676708	1395133676709	OK	 
ACTION	Pricing	3	price	1395133676576	1395133676577	1395133676744	1395133676744	OK	 
ACTION	Pricing	2	price	1395133676611	1395133676612	1395133676760	1395133676760	OK	 
ACTION	Pricing	2	price	1395133676763	1395133676763	1395133676851	1395133676851	OK	 
ACTION	Pricing	1	price	1395133676710	1395133676711	1395133676888	1395133676888	OK	 
ACTION	Pricing	4	price	1395133676689	1395133676690	1395133676905	1395133676906	OK	 
ACTION	Pricing	3	price	1395133676745	1395133676746	1395133676915	1395133676915	OK	 
ACTION	Pricing	2	price	1395133676853	1395133676854	1395133676938	1395133676938	OK	 
ACTION	Pricing	1	price	1395133676891	1395133676891	1395133676973	1395133676973	OK	 
ACTION	Pricing	4	price	1395133676908	1395133676908	1395133676992	1395133676992	OK	 
ACTION	Pricing	3	price	1395133676917	1395133676918	1395133677022	1395133677022	OK	 
ACTION	Pricing	2	price	1395133676940	1395133676941	1395133677075	1395133677075	OK	 
ACTION	Pricing	4	price	1395133676994	1395133676994	1395133677090	1395133677091	OK	 
ACTION	Pricing	1	price	1395133676976	1395133676976	1395133677120	1395133677121	OK	 
ACTION	Pricing	2	price	1395133677077	1395133677078	1395133677196	1395133677197	OK	 
ACTION	Pricing	3	price	1395133677024	1395133677025	1395133677197	1395133677197	OK	 
ACTION	Pricing	1	price	1395133677123	1395133677123	1395133677228	1395133677228	OK	 
ACTION	Pricing	4	price	1395133677092	1395133677093	1395133677267	1395133677267	OK	 
ACTION	Pricing	3	price	1395133677200	1395133677200	1395133677296	1395133677296	OK	 
ACTION	Pricing	2	price	1395133677198	1395133677199	1395133677317	1395133677317	OK	 
ACTION	Pricing	1	price	1395133677231	1395133677231	1395133677364	1395133677364	OK	 
ACTION	Pricing	4	price	1395133677269	1395133677269	1395133677414	1395133677414	OK	 
ACTION	Pricing	3	price	1395133677298	1395133677299	1395133677428	1395133677428	OK	 
ACTION	Pricing	2	price	1395133677319	1395133677319	1395133677450	1395133677450	OK	 
ACTION	Pricing	1	price	1395133677365	1395133677366	1395133677473	1395133677474	OK	 
ACTION	Pricing	4	price	1395133677416	1395133677416	1395133677506	1395133677507	OK	 
ACTION	Pricing	2	price	1395133677452	1395133677453	1395133677588	1395133677589	OK	 
ACTION	Pricing	3	price	1395133677430	1395133677430	1395133677611	1395133677612	OK	 
ACTION	Pricing	1	price	1395133677476	1395133677476	1395133677636	1395133677636	OK	 
ACTION	Pricing	4	price	1395133677509	1395133677509	1395133677640	1395133677640	OK	 
ACTION	Pricing	2	price	1395133677591	1395133677591	1395133677659	1395133677659	OK	 
ACTION	Pricing	3	price	1395133677613	1395133677613	1395133677698	1395133677698	OK	 
ACTION	Pricing	4	price	1395133677641	1395133677642	1395133677811	1395133677811	OK	 
ACTION	Pricing	1	price	1395133677638	1395133677638	1395133677812	1395133677812	OK	 
ACTION	Pricing	2	price	1395133677661	1395133677661	1395133677821	1395133677822	OK	 
ACTION	Pricing	3	price	1395133677700	1395133677700	1395133677825	1395133677825	OK	 
ACTION	Pricing	4	price	1395133677813	1395133677814	1395133677876	1395133677876	OK	 
ACTION	Pricing	1	price	1395133677815	1395133677815	1395133677905	1395133677905	OK	 
ACTION	Pricing	3	price	1395133677826	1395133677827	1395133677930	1395133677930	OK	 
ACTION	Pricing	2	price	1395133677824	1395133677824	1395133677960	1395133677960	OK	 
ACTION	Pricing	4	price	1395133677878	1395133677878	1395133678016	1395133678016	OK	 
ACTION	Pricing	3	price	1395133677932	1395133677932	1395133678033	1395133678033	OK	 
ACTION	Pricing	1	price	1395133677907	1395133677907	1395133678064	1395133678065	OK	 
ACTION	Pricing	4	price	1395133678018	1395133678019	1395133678088	1395133678088	OK	 
ACTION	Pricing	2	price	1395133677962	1395133677962	1395133678120	1395133678121	OK	 
ACTION	Pricing	1	price	1395133678066	1395133678067	1395133678163	1395133678164	OK	 
ACTION	Pricing	3	price	1395133678035	1395133678036	1395133678193	1395133678193	OK	 
ACTION	Pricing	4	price	1395133678090	1395133678090	1395133678232	1395133678233	OK	 
ACTION	Pricing	2	price	1395133678122	1395133678123	1395133678304	1395133678304	OK	 
ACTION	Pricing	1	price	1395133678165	1395133678166	1395133678316	1395133678316	OK	 
ACTION	Pricing	3	price	1395133678196	1395133678196	1395133678318	1395133678319	OK	 
ACTION	Pricing	4	price	1395133678234	1395133678235	1395133678362	1395133678362	OK	 
ACTION	Pricing	2	price	1395133678306	1395133678306	1395133678380	1395133678380	OK	 
ACTION	Pricing	3	price	1395133678321	1395133678322	1395133678418	1395133678418	OK	 
ACTION	Pricing	4	price	1395133678364	1395133678364	1395133678453	1395133678453	OK	 
ACTION	Pricing	1	price	1395133678320	1395133678320	1395133678475	1395133678475	OK	 
ACTION	Pricing	2	price	1395133678382	1395133678382	1395133678526	1395133678526	OK	 
ACTION	Pricing	3	price	1395133678420	1395133678420	1395133678539	1395133678539	OK	 
ACTION	Pricing	4	price	1395133678455	1395133678455	1395133678573	1395133678574	OK	 
ACTION	Pricing	2	price	1395133678528	1395133678529	1395133678631	1395133678631	OK	 
ACTION	Pricing	1	price	1395133678477	1395133678477	1395133678641	1395133678641	OK	 
ACTION	Pricing	3	price	1395133678541	1395133678541	1395133678669	1395133678669	OK	 
ACTION	Pricing	4	price	1395133678575	1395133678576	1395133678693	1395133678694	OK	 
ACTION	Pricing	1	price	1395133678643	1395133678643	1395133678727	1395133678727	OK	 
ACTION	Pricing	2	price	1395133678633	1395133678635	1395133678798	1395133678798	OK	 
ACTION	Pricing	3	price	1395133678673	1395133678673	1395133678829	1395133678829	OK	 
ACTION	Pricing	4	price	1395133678695	1395133678696	1395133678848	1395133678849	OK	 
ACTION	Pricing	1	price	1395133678729	1395133678729	1395133678882	1395133678882	OK	 
ACTION	Pricing	2	price	1395133678800	1395133678801	1395133678911	1395133678912	OK	 
ACTION	Pricing	3	price	1395133678832	1395133678832	1395133678949	1395133678949	OK	 
ACTION	Pricing	4	price	1395133678850	1395133678851	1395133678968	1395133678969	OK	 
ACTION	Pricing	4	price	1395133678970	1395133678970	1395133679079	1395133679079	OK	 
ACTION	Pricing	3	price	1395133678951	1395133678951	1395133679084	1395133679084	OK	 
ACTION	Pricing	1	price	1395133678884	1395133678884	1395133679086	1395133679086	OK	 
ACTION	Pricing	2	price	1395133678914	1395133678914	1395133679087	1395133679088	OK	 
ACTION	Pricing	4	price	1395133679081	1395133679082	1395133679141	1395133679141	OK	 
ACTION	Pricing	3	price	1395133679085	1395133679086	1395133679162	1395133679162	OK	 
ACTION	Pricing	2	price	1395133679089	1395133679089	1395133679207	1395133679208	OK	 
ACTION	Pricing	4	price	1395133679143	1395133679143	1395133679231	1395133679231	OK	 
ACTION	Pricing	1	price	1395133679088	1395133679088	1395133679266	1395133679266	OK	 
ACTION	Pricing	2	price	1395133679209	1395133679210	1395133679295	1395133679296	OK	 
ACTION	Pricing	4	price	1395133679232	1395133679233	1395133679339	1395133679339	OK	 
ACTION	Pricing	2	price	1395133679298	1395133679298	1395133679371	1395133679371	OK	 
ACTION	Pricing	3	price	1395133679164	1395133679164	1395133679432	1395133679432	OK	 
ACTION	Pricing	1	price	1395133679267	1395133679268	1395133679449	1395133679449	OK	 
ACTION	Pricing	4	price	1395133679340	1395133679341	1395133679480	1395133679480	OK	 
ACTION	Pricing	2	price	1395133679373	1395133679373	1395133679511	1395133679511	OK	 
ACTION	Pricing	3	price	1395133679433	1395133679434	1395133679533	1395133679533	OK	 
ACTION	Pricing	4	price	1395133679482	1395133679482	1395133679566	1395133679566	OK	 
ACTION	Pricing	1	price	1395133679451	1395133679451	1395133679617	1395133679618	OK	 
ACTION	Pricing	4	price	1395133679567	1395133679568	1395133679640	1395133679640	OK	 
ACTION	Pricing	3	price	1395133679534	1395133679535	1395133679700	1395133679700	OK	 
ACTION	Pricing	2	price	1395133679514	1395133679515	1395133679704	1395133679704	OK	 
ACTION	Pricing	1	price	1395133679620	1395133679621	1395133679738	1395133679739	OK	 
ACTION	Pricing	2	price	1395133679706	1395133679706	1395133679787	1395133679788	OK	 
ACTION	Pricing	1	price	1395133679740	1395133679741	1395133679837	1395133679837	OK	 
ACTION	Pricing	4	price	1395133679642	1395133679643	1395133679849	1395133679850	OK	 
ACTION	Pricing	2	price	1395133679789	1395133679790	1395133679889	1395133679889	OK	 
ACTION	Pricing	3	price	1395133679702	1395133679703	1395133679893	1395133679893	OK	 
ACTION	Pricing	4	price	1395133679851	1395133679851	1395133679920	1395133679920	OK	 
ACTION	Pricing	2	price	1395133679891	1395133679892	1395133679956	1395133679956	OK	 
ACTION	Pricing	1	price	1395133679838	1395133679839	1395133679985	1395133679986	OK	 
ACTION	Pricing	4	price	1395133679922	1395133679922	1395133680028	1395133680028	OK	 
ACTION	Pricing	3	price	1395133679895	1395133679895	1395133680057	1395133680057	OK	 
ACTION	Pricing	2	price	1395133679958	1395133679958	1395133680094	1395133680095	OK	 
ACTION	Pricing	1	price	1395133679988	1395133679988	1395133680141	1395133680141	OK	 
ACTION	Pricing	4	price	1395133680030	1395133680031	1395133680157	1395133680157	OK	 
ACTION	Pricing	3	price	1395133680059	1395133680059	1395133680190	1395133680190	OK	 
ACTION	Pricing	2	price	1395133680096	1395133680097	1395133680231	1395133680231	OK	 
ACTION	Pricing	1	price	1395133680143	1395133680143	1395133680254	1395133680255	OK	 
ACTION	Pricing	4	price	1395133680159	1395133680159	1395133680351	1395133680351	OK	 
ACTION	Pricing	3	price	1395133680191	1395133680192	1395133680353	1395133680354	OK	 
ACTION	Pricing	2	price	1395133680233	1395133680233	1395133680359	1395133680359	OK	 
ACTION	Pricing	1	price	1395133680256	1395133680257	1395133680419	1395133680419	OK	 
ACTION	Pricing	4	price	1395133680352	1395133680353	1395133680426	1395133680426	OK	 
ACTION	Pricing	2	price	1395133680362	1395133680362	1395133680463	1395133680464	OK	 
ACTION	Pricing	1	price	1395133680421	1395133680421	1395133680492	1395133680492	OK	 
ACTION	Pricing	3	price	1395133680360	1395133680361	1395133680528	1395133680529	OK	 
ACTION	Pricing	2	price	1395133680465	1395133680465	1395133680557	1395133680558	OK	 
ACTION	Pricing	1	price	1395133680494	1395133680494	1395133680591	1395133680591	OK	 
ACTION	Pricing	4	price	1395133680428	1395133680428	1395133680615	1395133680615	OK	 
ACTION	Pricing	3	price	1395133680530	1395133680531	1395133680646	1395133680646	OK	 
ACTION	Pricing	1	price	1395133680593	1395133680593	1395133680674	1395133680675	OK	 
ACTION	Pricing	2	price	1395133680559	1395133680560	1395133680707	1395133680707	OK	 
ACTION	Pricing	4	price	1395133680618	1395133680618	1395133680764	1395133680765	OK	 
ACTION	Pricing	1	price	1395133680676	1395133680677	1395133680784	1395133680784	OK	 
ACTION	Pricing	3	price	1395133680648	1395133680648	1395133680808	1395133680808	OK	 
ACTION	Pricing	2	price	1395133680709	1395133680709	1395133680838	1395133680838	OK	 
ACTION	Pricing	4	price	1395133680766	1395133680767	1395133680869	1395133680869	OK	 
ACTION	Pricing	3	price	1395133680810	1395133680810	1395133680925	1395133680925	OK	 
ACTION	Pricing	1	price	1395133680786	1395133680787	1395133680938	1395133680938	OK	 
ACTION	Pricing	4	price	1395133680871	1395133680871	1395133680994	1395133680995	OK	 
ACTION	Pricing	2	price	1395133680840	1395133680841	1395133680997	1395133680998	OK	 
ACTION	Pricing	3	price	1395133680926	1395133680927	1395133681053	1395133681053	OK	 
ACTION	Pricing	1	price	1395133680940	1395133680940	1395133681087	1395133681087	OK	 
ACTION	Pricing	4	price	1395133680998	1395133680999	1395133681101	1395133681101	OK	 
ACTION	Pricing	2	price	1395133681000	1395133681001	1395133681193	1395133681193	OK	 
ACTION	Pricing	4	price	1395133681103	1395133681103	1395133681212	1395133681213	OK	 
ACTION	Pricing	1	price	1395133681089	1395133681089	1395133681217	1395133681217	OK	 
ACTION	Pricing	3	price	1395133681055	1395133681055	1395133681251	1395133681251	OK	 
ACTION	Pricing	2	price	1395133681194	1395133681195	1395133681311	1395133681312	OK	 
ACTION	Pricing	1	price	1395133681219	1395133681219	1395133681326	1395133681326	OK	 
ACTION	Pricing	3	price	1395133681253	1395133681253	1395133681374	1395133681374	OK	 
ACTION	Pricing	4	price	1395133681214	1395133681215	1395133681391	1395133681391	OK	 
ACTION	Pricing	2	price	1395133681314	1395133681315	1395133681439	1395133681440	OK	 
ACTION	Pricing	1	price	1395133681327	1395133681328	1395133681440	1395133681440	OK	 
ACTION	Pricing	3	price	1395133681376	1395133681376	1395133681489	1395133681490	OK	 
ACTION	Pricing	1	price	1395133681443	1395133681443	1395133681523	1395133681523	OK	 
ACTION	Pricing	4	price	1395133681393	1395133681393	1395133681531	1395133681531	OK	 
ACTION	Pricing	2	price	1395133681442	1395133681442	1395133681554	1395133681555	OK	 
ACTION	Pricing	3	price	1395133681491	1395133681492	1395133681589	1395133681590	OK	 
ACTION	Pricing	3	price	1395133681592	1395133681593	1395133681681	1395133681682	OK	 
ACTION	Pricing	2	price	1395133681556	1395133681556	1395133681682	1395133681682	OK	 
ACTION	Pricing	4	price	1395133681533	1395133681533	1395133681687	1395133681688	OK	 
ACTION	Pricing	1	price	1395133681525	1395133681525	1395133681732	1395133681732	OK	 
ACTION	Pricing	3	price	1395133681684	1395133681684	1395133681757	1395133681758	OK	 
ACTION	Pricing	2	price	1395133681686	1395133681686	1395133681811	1395133681811	OK	 
ACTION	Pricing	1	price	1395133681734	1395133681735	1395133681880	1395133681880	OK	 
ACTION	Pricing	4	price	1395133681690	1395133681690	1395133681879	1395133681880	OK	 
ACTION	Pricing	3	price	1395133681759	1395133681760	1395133681894	1395133681895	OK	 
ACTION	Pricing	2	price	1395133681813	1395133681813	1395133681952	1395133681952	OK	 
ACTION	Pricing	4	price	1395133681884	1395133681884	1395133681974	1395133681974	OK	 
ACTION	Pricing	3	price	1395133681896	1395133681897	1395133682053	1395133682053	OK	 
ACTION	Pricing	4	price	1395133681976	1395133681977	1395133682056	1395133682056	OK	 
ACTION	Pricing	1	price	1395133681882	1395133681883	1395133682072	1395133682073	OK	 
ACTION	Pricing	2	price	1395133681954	1395133681955	1395133682118	1395133682118	OK	 
ACTION	Pricing	4	price	1395133682059	1395133682059	1395133682174	1395133682174	OK	 
ACTION	Pricing	3	price	1395133682055	1395133682055	1395133682183	1395133682184	OK	 
ACTION	Pricing	1	price	1395133682075	1395133682076	1395133682235	1395133682235	OK	 
ACTION	Pricing	2	price	1395133682120	1395133682120	1395133682239	1395133682239	OK	 
ACTION	Pricing	4	price	1395133682176	1395133682176	1395133682270	1395133682270	OK	 
ACTION	Pricing	2	price	1395133682242	1395133682242	1395133682323	1395133682324	OK	 
ACTION	Pricing	1	price	1395133682237	1395133682238	1395133682363	1395133682363	OK	 
ACTION	Pricing	3	price	1395133682185	1395133682185	1395133682371	1395133682372	OK	 
ACTION	Pricing	4	price	1395133682272	1395133682273	1395133682475	1395133682475	OK	 
ACTION	Pricing	1	price	1395133682365	1395133682365	1395133682478	1395133682478	OK	 
ACTION	Pricing	2	price	1395133682326	1395133682327	1395133682475	1395133682475	OK	 
ACTION	Pricing	3	price	1395133682373	1395133682374	1395133682520	1395133682520	OK	 
ACTION	Pricing	4	price	1395133682478	1395133682478	1395133682539	1395133682539	OK	 
ACTION	Pricing	2	price	1395133682483	1395133682483	1395133682569	1395133682569	OK	 
ACTION	Pricing	3	price	1395133682521	1395133682522	1395133682601	1395133682601	OK	 
ACTION	Pricing	1	price	1395133682480	1395133682481	1395133682636	1395133682636	OK	 
ACTION	Pricing	2	price	1395133682571	1395133682571	1395133682662	1395133682662	OK	 
ACTION	Pricing	4	price	1395133682541	1395133682541	1395133682709	1395133682710	OK	 
ACTION	Pricing	3	price	1395133682603	1395133682605	1395133682722	1395133682722	OK	 
ACTION	Pricing	2	price	1395133682664	1395133682664	1395133682762	1395133682762	OK	 
ACTION	Pricing	1	price	1395133682637	1395133682638	1395133682799	1395133682800	OK	 
ACTION	Pricing	4	price	1395133682711	1395133682712	1395133682836	1395133682836	OK	 
ACTION	Pricing	2	price	1395133682764	1395133682764	1395133682864	1395133682864	OK	 
ACTION	Pricing	3	price	1395133682724	1395133682724	1395133682897	1395133682897	OK	 
ACTION	Pricing	1	price	1395133682801	1395133682802	1395133682919	1395133682920	OK	 
ACTION	Pricing	2	price	1395133682865	1395133682866	1395133682969	1395133682969	OK	 
ACTION	Pricing	4	price	1395133682838	1395133682838	1395133682978	1395133682978	OK	 
ACTION	Pricing	1	price	1395133682921	1395133682921	1395133683033	1395133683034	OK	 
ACTION	Pricing	3	price	1395133682899	1395133682900	1395133683062	1395133683063	OK	 
ACTION	Pricing	4	price	1395133682980	1395133682980	1395133683077	1395133683077	OK	 
ACTION	Pricing	2	price	1395133682971	1395133682971	1395133683118	1395133683119	OK	 
ACTION	Pricing	3	price	1395133683064	1395133683065	1395133683149	1395133683149	OK	 
ACTION	Pricing	1	price	1395133683036	1395133683036	1395133683198	1395133683199	OK	 
ACTION	Pricing	2	price	1395133683121	1395133683122	1395133683318	1395133683320	OK	 
ACTION	Pricing	4	price	1395133683079	1395133683080	1395133683325	1395133683325	OK	 
ACTION	Pricing	3	price	1395133683151	1395133683151	1395133683350	1395133683351	OK	 
ACTION	Pricing	1	price	1395133683201	1395133683201	1395133683382	1395133683382	OK	 
ACTION	Pricing	2	price	1395133683322	1395133683323	1395133683423	1395133683423	OK	 
ACTION	Pricing	4	price	1395133683327	1395133683327	1395133683439	1395133683439	OK	 
ACTION	Pricing	3	price	1395133683353	1395133683353	1395133683503	1395133683504	OK	 
ACTION	Pricing	2	price	1395133683425	1395133683425	1395133683525	1395133683526	OK	 
ACTION	Pricing	1	price	1395133683384	1395133683385	1395133683543	1395133683543	OK	 
ACTION	Pricing	4	price	1395133683441	1395133683441	1395133683570	1395133683570	OK	 
ACTION	Pricing	3	price	1395133683505	1395133683506	1395133683599	1395133683600	OK	 
ACTION	Pricing	1	price	1395133683545	1395133683545	1395133683633	1395133683633	OK	 
ACTION	Pricing	2	price	1395133683527	1395133683528	1395133683666	1395133683667	OK	 
ACTION	Pricing	4	price	1395133683572	1395133683572	1395133683699	1395133683700	OK	 
ACTION	Pricing	2	price	1395133683668	1395133683669	1395133683762	1395133683763	OK	 
ACTION	Pricing	1	price	1395133683635	1395133683639	1395133683776	1395133683777	OK	 
ACTION	Pricing	3	price	1395133683601	1395133683602	1395133683803	1395133683803	OK	 
ACTION	Pricing	2	price	1395133683764	1395133683764	1395133683850	1395133683851	OK	 
ACTION	Pricing	3	price	1395133683805	1395133683805	1395133683947	1395133683947	OK	 
ACTION	Pricing	4	price	1395133683702	1395133683702	1395133683950	1395133683950	OK	 
ACTION	Pricing	1	price	1395133683778	1395133683779	1395133683953	1395133683953	OK	 
ACTION	Pricing	2	price	1395133683852	1395133683853	1395133683962	1395133683963	OK	 
ACTION	Pricing	3	price	1395133683949	1395133683950	1395133684005	1395133684005	OK	 
ACTION	Pricing	2	price	1395133683964	1395133683965	1395133684042	1395133684043	OK	 
ACTION	Pricing	4	price	1395133683952	1395133683952	1395133684080	1395133684080	OK	 
ACTION	Pricing	1	price	1395133683955	1395133683955	1395133684093	1395133684093	OK	 
ACTION	Pricing	2	price	1395133684044	1395133684045	1395133684177	1395133684177	OK	 
ACTION	Pricing	3	price	1395133684007	1395133684008	1395133684181	1395133684181	OK	 
ACTION	Pricing	4	price	1395133684082	1395133684082	1395133684222	1395133684222	OK	 
ACTION	Pricing	1	price	1395133684095	1395133684095	1395133684257	1395133684257	OK	 
ACTION	Pricing	2	price	1395133684179	1395133684179	1395133684265	1395133684265	OK	 
ACTION	Pricing	4	price	1395133684224	1395133684224	1395133684303	1395133684303	OK	 
ACTION	Pricing	2	price	1395133684266	1395133684267	1395133684345	1395133684345	OK	 
ACTION	Pricing	1	price	1395133684258	1395133684259	1395133684383	1395133684383	OK	 
ACTION	Pricing	3	price	1395133684183	1395133684184	1395133684407	1395133684408	OK	 
ACTION	Pricing	2	price	1395133684346	1395133684347	1395133684453	1395133684453	OK	 
ACTION	Pricing	4	price	1395133684306	1395133684306	1395133684558	1395133684558	OK	 
ACTION	Pricing	2	price	1395133684455	1395133684456	1395133684558	1395133684558	OK	 
ACTION	Pricing	3	price	1395133684409	1395133684409	1395133684559	1395133684559	OK	 
ACTION	Pricing	1	price	1395133684385	1395133684385	1395133684562	1395133684562	OK	 
ACTION	Pricing	4	price	1395133684560	1395133684560	1395133684621	1395133684621	OK	 
ACTION	Pricing	3	price	1395133684563	1395133684563	1395133684642	1395133684643	OK	 
ACTION	Pricing	1	price	1395133684563	1395133684564	1395133684682	1395133684682	OK	 
ACTION	Pricing	3	price	1395133684644	1395133684644	1395133684715	1395133684715	OK	 
ACTION	Pricing	2	price	1395133684565	1395133684565	1395133684805	1395133684805	OK	 
ACTION	Pricing	1	price	1395133684683	1395133684684	1395133684826	1395133684826	OK	 
ACTION	Pricing	4	price	1395133684622	1395133684623	1395133684826	1395133684826	OK	 
ACTION	Pricing	3	price	1395133684717	1395133684717	1395133684847	1395133684847	OK	 
ACTION	Pricing	2	price	1395133684807	1395133684807	1395133684916	1395133684917	OK	 
ACTION	Pricing	3	price	1395133684849	1395133684849	1395133684965	1395133684965	OK	 
ACTION	Pricing	4	price	1395133684829	1395133684830	1395133684976	1395133684976	OK	 
ACTION	Pricing	1	price	1395133684827	1395133684828	1395133684977	1395133684978	OK	 
ACTION	Pricing	2	price	1395133684918	1395133684918	1395133685022	1395133685023	OK	 
ACTION	Pricing	3	price	1395133684966	1395133684967	1395133685041	1395133685041	OK	 
ACTION	Pricing	1	price	1395133684980	1395133684980	1395133685074	1395133685074	OK	 
ACTION	Pricing	4	price	1395133684978	1395133684979	1395133685161	1395133685162	OK	 
ACTION	Pricing	3	price	1395133685043	1395133685043	1395133685187	1395133685187	OK	 
ACTION	Pricing	2	price	1395133685024	1395133685024	1395133685220	1395133685220	OK	 
ACTION	Pricing	1	price	1395133685075	1395133685076	1395133685238	1395133685238	OK	 
ACTION	Pricing	4	price	1395133685164	1395133685164	1395133685264	1395133685265	OK	 
ACTION	Pricing	3	price	1395133685189	1395133685189	1395133685286	1395133685286	OK	 
ACTION	Pricing	1	price	1395133685240	1395133685240	1395133685345	1395133685345	OK	 
ACTION	Pricing	2	price	1395133685222	1395133685222	1395133685396	1395133685396	OK	 
ACTION	Pricing	3	price	1395133685288	1395133685289	1395133685417	1395133685418	OK	 
ACTION	Pricing	4	price	1395133685266	1395133685267	1395133685446	1395133685446	OK	 
ACTION	Pricing	1	price	1395133685347	1395133685347	1395133685464	1395133685464	OK	 
ACTION	Pricing	2	price	1395133685409	1395133685409	1395133685492	1395133685493	OK	 
ACTION	Pricing	4	price	1395133685448	1395133685448	1395133685518	1395133685519	OK	 
ACTION	Pricing	3	price	1395133685419	1395133685420	1395133685546	1395133685546	OK	 
ACTION	Pricing	1	price	1395133685465	1395133685466	1395133685601	1395133685601	OK	 
ACTION	Pricing	4	price	1395133685520	1395133685520	1395133685650	1395133685650	OK	 
ACTION	Pricing	2	price	1395133685494	1395133685494	1395133685657	1395133685657	OK	 
ACTION	Pricing	3	price	1395133685548	1395133685548	1395133685694	1395133685694	OK	 
ACTION	Pricing	4	price	1395133685652	1395133685652	1395133685758	1395133685758	OK	 
ACTION	Pricing	1	price	1395133685602	1395133685603	1395133685764	1395133685764	OK	 
ACTION	Pricing	2	price	1395133685658	1395133685659	1395133685826	1395133685827	OK	 
ACTION	Pricing	3	price	1395133685696	1395133685697	1395133685842	1395133685842	OK	 
ACTION	Pricing	1	price	1395133685766	1395133685766	1395133685877	1395133685878	OK	 
ACTION	Pricing	4	price	1395133685760	1395133685760	1395133685907	1395133685907	OK	 
ACTION	Pricing	2	price	1395133685828	1395133685829	1395133686009	1395133686009	OK	 
ACTION	Pricing	1	price	1395133685879	1395133685880	1395133686018	1395133686018	OK	 
ACTION	Pricing	3	price	1395133685844	1395133685844	1395133686017	1395133686017	OK	 
ACTION	Pricing	4	price	1395133685909	1395133685910	1395133686024	1395133686024	OK	 
ACTION	Pricing	2	price	1395133686011	1395133686012	1395133686062	1395133686062	OK	 
ACTION	Pricing	3	price	1395133686021	1395133686021	1395133686128	1395133686129	OK	 
ACTION	Pricing	4	price	1395133686026	1395133686026	1395133686155	1395133686156	OK	 
ACTION	Pricing	1	price	1395133686020	1395133686020	1395133686183	1395133686183	OK	 
ACTION	Pricing	3	price	1395133686130	1395133686131	1395133686209	1395133686209	OK	 
ACTION	Pricing	4	price	1395133686157	1395133686158	1395133686265	1395133686265	OK	 
ACTION	Pricing	2	price	1395133686064	1395133686065	1395133686275	1395133686276	OK	 
ACTION	Pricing	1	price	1395133686186	1395133686186	1395133686300	1395133686300	OK	 
ACTION	Pricing	2	price	1395133686277	1395133686277	1395133686344	1395133686345	OK	 
ACTION	Pricing	1	price	1395133686302	1395133686302	1395133686400	1395133686400	OK	 
ACTION	Pricing	4	price	1395133686267	1395133686267	1395133686421	1395133686421	OK	 
ACTION	Pricing	3	price	1395133686211	1395133686211	1395133686447	1395133686447	OK	 
ACTION	Pricing	2	price	1395133686346	1395133686346	1395133686474	1395133686474	OK	 
ACTION	Pricing	4	price	1395133686422	1395133686423	1395133686508	1395133686509	OK	 
ACTION	Pricing	1	price	1395133686402	1395133686402	1395133686551	1395133686552	OK	 
ACTION	Pricing	3	price	1395133686448	1395133686449	1395133686578	1395133686578	OK	 
ACTION	Pricing	4	price	1395133686510	1395133686511	1395133686669	1395133686669	OK	 
ACTION	Pricing	1	price	1395133686553	1395133686553	1395133686694	1395133686695	OK	 
ACTION	Pricing	3	price	1395133686579	1395133686580	1395133686708	1395133686708	OK	 
ACTION	Pricing	2	price	1395133686475	1395133686476	1395133686716	1395133686716	OK	 
ACTION	Pricing	4	price	1395133686671	1395133686671	1395133686796	1395133686796	OK	 
ACTION	Pricing	1	price	1395133686696	1395133686696	1395133686804	1395133686804	OK	 
ACTION	Pricing	3	price	1395133686710	1395133686710	1395133686818	1395133686818	OK	 
ACTION	Pricing	4	price	1395133686798	1395133686798	1395133686901	1395133686902	OK	 
ACTION	Pricing	2	price	1395133686717	1395133686718	1395133686901	1395133686901	OK	 
ACTION	Pricing	3	price	1395133686820	1395133686821	1395133686932	1395133686932	OK	 
ACTION	Pricing	1	price	1395133686806	1395133686806	1395133686960	1395133686960	OK	 
ACTION	Pricing	4	price	1395133686903	1395133686904	1395133686996	1395133686997	OK	 
ACTION	Pricing	2	price	1395133686904	1395133686905	1395133687013	1395133687014	OK	 
ACTION	Pricing	1	price	1395133686961	1395133686961	1395133687043	1395133687044	OK	 
ACTION	Pricing	3	price	1395133686934	1395133686934	1395133687069	1395133687069	OK	 
ACTION	Pricing	4	price	1395133686998	1395133686998	1395133687103	1395133687103	OK	 
ACTION	Pricing	1	price	1395133687045	1395133687045	1395133687206	1395133687206	OK	 
ACTION	Pricing	3	price	1395133687071	1395133687071	1395133687214	1395133687215	OK	 
ACTION	Pricing	2	price	1395133687015	1395133687015	1395133687230	1395133687230	OK	 
ACTION	Pricing	4	price	1395133687104	1395133687105	1395133687236	1395133687236	OK	 
ACTION	Pricing	1	price	1395133687208	1395133687208	1395133687288	1395133687289	OK	 
ACTION	Pricing	3	price	1395133687216	1395133687217	1395133687302	1395133687302	OK	 
ACTION	Pricing	4	price	1395133687238	1395133687238	1395133687340	1395133687341	OK	 
ACTION	Pricing	3	price	1395133687303	1395133687304	1395133687434	1395133687434	OK	 
ACTION	Pricing	1	price	1395133687290	1395133687290	1395133687434	1395133687435	OK	 
ACTION	Pricing	2	price	1395133687231	1395133687232	1395133687436	1395133687437	OK	 
ACTION	Pricing	4	price	1395133687342	1395133687343	1395133687467	1395133687467	OK	 
ACTION	Pricing	1	price	1395133687437	1395133687438	1395133687508	1395133687508	OK	 
ACTION	Pricing	2	price	1395133687439	1395133687439	1395133687524	1395133687524	OK	 
ACTION	Pricing	3	price	1395133687436	1395133687438	1395133687588	1395133687589	OK	 
ACTION	Pricing	4	price	1395133687469	1395133687469	1395133687611	1395133687611	OK	 
ACTION	Pricing	2	price	1395133687526	1395133687526	1395133687621	1395133687622	OK	 
ACTION	Pricing	3	price	1395133687590	1395133687591	1395133687707	1395133687708	OK	 
ACTION	Pricing	1	price	1395133687510	1395133687510	1395133687709	1395133687709	OK	 
ACTION	Pricing	4	price	1395133687612	1395133687613	1395133687760	1395133687761	OK	 
ACTION	Pricing	2	price	1395133687623	1395133687624	1395133687776	1395133687777	OK	 
ACTION	Pricing	1	price	1395133687711	1395133687711	1395133687820	1395133687820	OK	 
ACTION	Pricing	3	price	1395133687709	1395133687710	1395133687855	1395133687855	OK	 
ACTION	Pricing	4	price	1395133687762	1395133687763	1395133687875	1395133687875	OK	 
ACTION	Pricing	1	price	1395133687821	1395133687822	1395133687900	1395133687901	OK	 
ACTION	Pricing	2	price	1395133687778	1395133687779	1395133687948	1395133687948	OK	 
ACTION	Pricing	4	price	1395133687877	1395133687877	1395133688015	1395133688015	OK	 
ACTION	Pricing	3	price	1395133687857	1395133687857	1395133688019	1395133688020	OK	 
ACTION	Pricing	2	price	1395133687949	1395133687950	1395133688045	1395133688045	OK	 
ACTION	Pricing	1	price	1395133687906	1395133687907	1395133688081	1395133688081	OK	 
ACTION	Pricing	3	price	1395133688021	1395133688022	1395133688134	1395133688134	OK	 
ACTION	Pricing	4	price	1395133688016	1395133688017	1395133688209	1395133688210	OK	 
ACTION	Pricing	2	price	1395133688047	1395133688047	1395133688214	1395133688215	OK	 
ACTION	Pricing	1	price	1395133688083	1395133688083	1395133688223	1395133688223	OK	 
ACTION	Pricing	3	price	1395133688136	1395133688136	1395133688276	1395133688276	OK	 
ACTION	Pricing	2	price	1395133688216	1395133688217	1395133688299	1395133688299	OK	 
ACTION	Pricing	4	price	1395133688211	1395133688212	1395133688351	1395133688351	OK	 
ACTION	Pricing	3	price	1395133688278	1395133688278	1395133688380	1395133688380	OK	 
ACTION	Pricing	1	price	1395133688224	1395133688225	1395133688400	1395133688401	OK	 
ACTION	Pricing	3	price	1395133688382	1395133688383	1395133688529	1395133688529	OK	 
ACTION	Pricing	2	price	1395133688301	1395133688302	1395133688532	1395133688533	OK	 
ACTION	Pricing	4	price	1395133688353	1395133688353	1395133688548	1395133688549	OK	 
ACTION	Pricing	1	price	1395133688403	1395133688404	1395133688553	1395133688553	OK	 
ACTION	Pricing	3	price	1395133688531	1395133688531	1395133688603	1395133688604	OK	 
ACTION	Pricing	4	price	1395133688550	1395133688551	1395133688644	1395133688644	OK	 
ACTION	Pricing	2	price	1395133688534	1395133688535	1395133688703	1395133688704	OK	 
ACTION	Pricing	1	price	1395133688555	1395133688556	1395133688721	1395133688721	OK	 
ACTION	Pricing	3	price	1395133688605	1395133688606	1395133688730	1395133688731	OK	 
ACTION	Pricing	3	price	1395133688732	1395133688733	1395133688849	1395133688850	OK	 
ACTION	Pricing	1	price	1395133688723	1395133688723	1395133688851	1395133688851	OK	 
ACTION	Pricing	2	price	1395133688705	1395133688706	1395133688855	1395133688855	OK	 
ACTION	Pricing	4	price	1395133688646	1395133688648	1395133688860	1395133688861	OK	 
ACTION	Pricing	3	price	1395133688852	1395133688854	1395133688916	1395133688916	OK	 
ACTION	Pricing	4	price	1395133688862	1395133688863	1395133688968	1395133688969	OK	 
ACTION	Pricing	2	price	1395133688856	1395133688857	1395133689008	1395133689008	OK	 
ACTION	Pricing	1	price	1395133688853	1395133688854	1395133689017	1395133689018	OK	 
ACTION	Pricing	3	price	1395133688918	1395133688918	1395133689055	1395133689055	OK	 
ACTION	Pricing	2	price	1395133689010	1395133689011	1395133689103	1395133689103	OK	 
ACTION	Pricing	4	price	1395133688970	1395133688971	1395133689113	1395133689113	OK	 
ACTION	Pricing	1	price	1395133689019	1395133689019	1395133689147	1395133689148	OK	 
ACTION	Pricing	3	price	1395133689057	1395133689057	1395133689170	1395133689171	OK	 
ACTION	Pricing	2	price	1395133689105	1395133689105	1395133689199	1395133689199	OK	 
ACTION	Pricing	1	price	1395133689149	1395133689149	1395133689250	1395133689251	OK	 
ACTION	Pricing	4	price	1395133689115	1395133689115	1395133689266	1395133689267	OK	 
ACTION	Pricing	3	price	1395133689172	1395133689173	1395133689296	1395133689296	OK	 
ACTION	Pricing	2	price	1395133689201	1395133689201	1395133689347	1395133689348	OK	 
ACTION	Pricing	4	price	1395133689268	1395133689268	1395133689364	1395133689364	OK	 
ACTION	Pricing	1	price	1395133689252	1395133689252	1395133689436	1395133689436	OK	 
ACTION	Pricing	3	price	1395133689297	1395133689298	1395133689477	1395133689478	OK	 
ACTION	Pricing	4	price	1395133689366	1395133689366	1395133689499	1395133689499	OK	 
ACTION	Pricing	2	price	1395133689350	1395133689350	1395133689531	1395133689532	OK	 
ACTION	Pricing	1	price	1395133689437	1395133689438	1395133689537	1395133689537	OK	 
ACTION	Pricing	3	price	1395133689479	1395133689479	1395133689575	1395133689575	OK	 
ACTION	Pricing	2	price	1395133689533	1395133689533	1395133689636	1395133689636	OK	 
ACTION	Pricing	4	price	1395133689501	1395133689502	1395133689647	1395133689647	OK	 
ACTION	Pricing	1	price	1395133689538	1395133689539	1395133689692	1395133689692	OK	 
ACTION	Pricing	3	price	1395133689577	1395133689577	1395133689700	1395133689700	OK	 
ACTION	Pricing	4	price	1395133689649	1395133689650	1395133689749	1395133689750	OK	 
ACTION	Pricing	2	price	1395133689638	1395133689639	1395133689783	1395133689783	OK	 
ACTION	Pricing	3	price	1395133689701	1395133689701	1395133689798	1395133689799	OK	 
ACTION	Pricing	1	price	1395133689693	1395133689694	1395133689854	1395133689855	OK	 
ACTION	Pricing	4	price	1395133689751	1395133689751	1395133689867	1395133689868	OK	 
ACTION	Pricing	2	price	1395133689784	1395133689785	1395133689907	1395133689907	OK	 
ACTION	Pricing	3	price	1395133689800	1395133689800	1395133689941	1395133689942	OK	 
ACTION	Pricing	1	price	1395133689856	1395133689856	1395133689979	1395133689979	OK	 
ACTION	Pricing	2	price	1395133689909	1395133689909	1395133690013	1395133690014	OK	 
ACTION	Pricing	4	price	1395133689869	1395133689869	1395133690032	1395133690032	OK	 
ACTION	Pricing	3	price	1395133689943	1395133689943	1395133690088	1395133690089	OK	 
ACTION	Pricing	1	price	1395133689980	1395133689981	1395133690114	1395133690114	OK	 
ACTION	Pricing	2	price	1395133690015	1395133690016	1395133690157	1395133690157	OK	 
ACTION	Pricing	4	price	1395133690033	1395133690034	1395133690167	1395133690167	OK	 
ACTION	Pricing	3	price	1395133690090	1395133690090	1395133690226	1395133690226	OK	 
ACTION	Pricing	1	price	1395133690116	1395133690116	1395133690242	1395133690243	OK	 
ACTION	Pricing	2	price	1395133690159	1395133690159	1395133690276	1395133690276	OK	 
ACTION	Pricing	4	price	1395133690169	1395133690169	1395133690288	1395133690288	OK	 
ACTION	Pricing	3	price	1395133690228	1395133690229	1395133690320	1395133690321	OK	 
ACTION	Pricing	2	price	1395133690277	1395133690278	1395133690356	1395133690356	OK	 
ACTION	Pricing	4	price	1395133690289	1395133690290	1395133690390	1395133690390	OK	 
ACTION	Pricing	1	price	1395133690244	1395133690245	1395133690436	1395133690437	OK	 
ACTION	Pricing	2	price	1395133690358	1395133690358	1395133690459	1395133690460	OK	 
ACTION	Pricing	3	price	1395133690322	1395133690323	1395133690503	1395133690503	OK	 
ACTION	Pricing	1	price	1395133690442	1395133690443	1395133690523	1395133690523	OK	 
ACTION	Pricing	4	price	1395133690392	1395133690392	1395133690582	1395133690583	OK	 
ACTION	Pricing	2	price	1395133690461	1395133690461	1395133690595	1395133690595	OK	 
ACTION	Pricing	1	price	1395133690525	1395133690526	1395133690651	1395133690651	OK	 
ACTION	Pricing	3	price	1395133690505	1395133690506	1395133690663	1395133690664	OK	 
ACTION	Pricing	2	price	1395133690597	1395133690597	1395133690771	1395133690771	OK	 
ACTION	Pricing	1	price	1395133690653	1395133690653	1395133690788	1395133690788	OK	 
ACTION	Pricing	3	price	1395133690665	1395133690665	1395133690792	1395133690792	OK	 
ACTION	Pricing	4	price	1395133690584	1395133690585	1395133690793	1395133690839	OK	 
ACTION	Pricing	1	price	1395133690789	1395133690790	1395133690901	1395133690902	OK	 
ACTION	Pricing	2	price	1395133690773	1395133690774	1395133690910	1395133690910	OK	 
ACTION	Pricing	4	price	1395133690841	1395133690841	1395133690927	1395133690927	OK	 
ACTION	Pricing	3	price	1395133690793	1395133690794	1395133691009	1395133691010	OK	 
ACTION	Pricing	2	price	1395133690912	1395133690912	1395133691028	1395133691029	OK	 
ACTION	Pricing	1	price	1395133690903	1395133690903	1395133691060	1395133691060	OK	 
ACTION	Pricing	4	price	1395133690928	1395133690929	1395133691064	1395133691064	OK	 
ACTION	Pricing	3	price	1395133691011	1395133691012	1395133691116	1395133691116	OK	 
ACTION	Pricing	1	price	1395133691061	1395133691062	1395133691136	1395133691136	OK	 
ACTION	Pricing	2	price	1395133691030	1395133691031	1395133691183	1395133691183	OK	 
ACTION	Pricing	3	price	1395133691117	1395133691118	1395133691216	1395133691216	OK	 
ACTION	Pricing	4	price	1395133691065	1395133691066	1395133691234	1395133691235	OK	 
ACTION	Pricing	1	price	1395133691137	1395133691138	1395133691328	1395133691329	OK	 
ACTION	Pricing	2	price	1395133691185	1395133691185	1395133691338	1395133691339	OK	 
ACTION	Pricing	3	price	1395133691217	1395133691218	1395133691356	1395133691356	OK	 
ACTION	Pricing	4	price	1395133691236	1395133691236	1395133691359	1395133691359	OK	 
ACTION	Pricing	1	price	1395133691331	1395133691331	1395133691393	1395133691394	OK	 
ACTION	Pricing	1	price	1395133691395	1395133691395	1395133691477	1395133691477	OK	 
ACTION	Pricing	4	price	1395133691360	1395133691361	1395133691514	1395133691514	OK	 
ACTION	Pricing	3	price	1395133691357	1395133691359	1395133691530	1395133691530	OK	 
ACTION	Pricing	2	price	1395133691340	1395133691340	1395133691556	1395133691556	OK	 
ACTION	Pricing	1	price	1395133691479	1395133691479	1395133691557	1395133691558	OK	 
ACTION	Pricing	4	price	1395133691515	1395133691516	1395133691607	1395133691608	OK	 
ACTION	Pricing	3	price	1395133691531	1395133691531	1395133691627	1395133691628	OK	 
ACTION	Pricing	2	price	1395133691558	1395133691559	1395133691667	1395133691667	OK	 
ACTION	Pricing	4	price	1395133691609	1395133691609	1395133691724	1395133691724	OK	 
ACTION	Pricing	1	price	1395133691559	1395133691559	1395133691725	1395133691726	OK	 
ACTION	Pricing	2	price	1395133691669	1395133691669	1395133691764	1395133691765	OK	 
ACTION	Pricing	3	price	1395133691629	1395133691630	1395133691789	1395133691789	OK	 
ACTION	Pricing	1	price	1395133691728	1395133691728	1395133691850	1395133691850	OK	 
ACTION	Pricing	4	price	1395133691727	1395133691727	1395133691874	1395133691875	OK	 
ACTION	Pricing	2	price	1395133691766	1395133691767	1395133691894	1395133691894	OK	 
ACTION	Pricing	3	price	1395133691790	1395133691791	1395133691923	1395133691923	OK	 
ACTION	Pricing	4	price	1395133691876	1395133691876	1395133691960	1395133691960	OK	 
ACTION	Pricing	1	price	1395133691852	1395133691852	1395133691997	1395133691997	OK	 
ACTION	Pricing	2	price	1395133691895	1395133691896	1395133692017	1395133692017	OK	 
ACTION	Pricing	3	price	1395133691924	1395133691924	1395133692055	1395133692055	OK	 
ACTION	Pricing	2	price	1395133692019	1395133692019	1395133692089	1395133692089	OK	 
ACTION	Pricing	4	price	1395133691962	1395133691963	1395133692160	1395133692160	OK	 
ACTION	Pricing	1	price	1395133691999	1395133692000	1395133692185	1395133692185	OK	 
ACTION	Pricing	3	price	1395133692056	1395133692057	1395133692185	1395133692185	OK	 
ACTION	Pricing	2	price	1395133692090	1395133692091	1395133692215	1395133692216	OK	 
ACTION	Pricing	4	price	1395133692162	1395133692162	1395133692262	1395133692262	OK	 
ACTION	Pricing	2	price	1395133692217	1395133692217	1395133692288	1395133692288	OK	 
ACTION	Pricing	1	price	1395133692186	1395133692187	1395133692358	1395133692359	OK	 
ACTION	Pricing	3	price	1395133692187	1395133692187	1395133692386	1395133692386	OK	 
ACTION	Pricing	2	price	1395133692290	1395133692290	1395133692400	1395133692401	OK	 
ACTION	Pricing	4	price	1395133692264	1395133692264	1395133692442	1395133692442	OK	 
ACTION	Pricing	1	price	1395133692360	1395133692361	1395133692462	1395133692462	OK	 
ACTION	Pricing	3	price	1395133692388	1395133692388	1395133692475	1395133692475	OK	 
ACTION	Pricing	2	price	1395133692402	1395133692403	1395133692510	1395133692510	OK	 
ACTION	Pricing	3	price	1395133692477	1395133692477	1395133692575	1395133692575	OK	 
ACTION	Pricing	1	price	1395133692463	1395133692464	1395133692592	1395133692592	OK	 
ACTION	Pricing	4	price	1395133692444	1395133692445	1395133692646	1395133692646	OK	 
ACTION	Pricing	2	price	1395133692512	1395133692513	1395133692667	1395133692667	OK	 
ACTION	Pricing	1	price	1395133692593	1395133692594	1395133692685	1395133692685	OK	 
ACTION	Pricing	3	price	1395133692576	1395133692577	1395133692752	1395133692753	OK	 
ACTION	Pricing	4	price	1395133692648	1395133692648	1395133692753	1395133692753	OK	 
ACTION	Pricing	2	price	1395133692668	1395133692669	1395133692784	1395133692784	OK	 
ACTION	Pricing	1	price	1395133692687	1395133692687	1395133692806	1395133692807	OK	 
ACTION	Pricing	4	price	1395133692755	1395133692755	1395133692851	1395133692851	OK	 
ACTION	Pricing	1	price	1395133692808	1395133692808	1395133692881	1395133692881	OK	 
ACTION	Pricing	3	price	1395133692754	1395133692755	1395133692951	1395133692951	OK	 
ACTION	Pricing	2	price	1395133692785	1395133692786	1395133692951	1395133692951	OK	 
ACTION	Pricing	4	price	1395133692852	1395133692853	1395133692986	1395133692986	OK	 
ACTION	Pricing	1	price	1395133692883	1395133692883	1395133693074	1395133693075	OK	 
ACTION	Pricing	3	price	1395133692953	1395133692954	1395133693107	1395133693107	OK	 
ACTION	Pricing	2	price	1395133692952	1395133692953	1395133693121	1395133693121	OK	 
ACTION	Pricing	4	price	1395133692987	1395133692988	1395133693135	1395133693136	OK	 
ACTION	Pricing	1	price	1395133693076	1395133693076	1395133693161	1395133693162	OK	 
ACTION	Pricing	3	price	1395133693108	1395133693109	1395133693203	1395133693203	OK	 
ACTION	Pricing	4	price	1395133693137	1395133693137	1395133693224	1395133693224	OK	 
ACTION	Pricing	2	price	1395133693122	1395133693123	1395133693244	1395133693244	OK	 
ACTION	Pricing	3	price	1395133693204	1395133693205	1395133693294	1395133693294	OK	 
ACTION	Pricing	1	price	1395133693163	1395133693164	1395133693307	1395133693307	OK	 
ACTION	Pricing	2	price	1395133693245	1395133693245	1395133693350	1395133693351	OK	 
ACTION	Pricing	4	price	1395133693225	1395133693226	1395133693401	1395133693401	OK	 
ACTION	Pricing	1	price	1395133693308	1395133693309	1395133693421	1395133693421	OK	 
ACTION	Pricing	3	price	1395133693296	1395133693296	1395133693451	1395133693452	OK	 
ACTION	Pricing	4	price	1395133693403	1395133693403	1395133693491	1395133693491	OK	 
ACTION	Pricing	2	price	1395133693352	1395133693353	1395133693540	1395133693541	OK	 
ACTION	Pricing	3	price	1395133693453	1395133693454	1395133693549	1395133693549	OK	 
ACTION	Pricing	1	price	1395133693422	1395133693423	1395133693601	1395133693601	OK	 
ACTION	Pricing	4	price	1395133693492	1395133693493	1395133693640	1395133693641	OK	 
ACTION	Pricing	2	price	1395133693542	1395133693543	1395133693679	1395133693679	OK	 
ACTION	Pricing	3	price	1395133693550	1395133693551	1395133693727	1395133693727	OK	 
ACTION	Pricing	4	price	1395133693642	1395133693643	1395133693763	1395133693763	OK	 
ACTION	Pricing	2	price	1395133693680	1395133693681	1395133693775	1395133693775	OK	 
ACTION	Pricing	1	price	1395133693603	1395133693603	1395133693783	1395133693783	OK	 
ACTION	Pricing	3	price	1395133693729	1395133693730	1395133693818	1395133693819	OK	 
ACTION	Pricing	2	price	1395133693776	1395133693777	1395133693851	1395133693851	OK	 
ACTION	Pricing	4	price	1395133693764	1395133693765	1395133693902	1395133693902	OK	 
ACTION	Pricing	3	price	1395133693820	1395133693821	1395133693937	1395133693938	OK	 
ACTION	Pricing	1	price	1395133693785	1395133693785	1395133693956	1395133693956	OK	 
ACTION	Pricing	2	price	1395133693852	1395133693852	1395133693989	1395133693990	OK	 
ACTION	Pricing	3	price	1395133693939	1395133693940	1395133694035	1395133694036	OK	 
ACTION	Pricing	4	price	1395133693904	1395133693905	1395133694086	1395133694086	OK	 
ACTION	Pricing	1	price	1395133693957	1395133693958	1395133694152	1395133694153	OK	 
ACTION	Pricing	2	price	1395133693991	1395133693992	1395133694156	1395133694156	OK	 
ACTION	Pricing	3	price	1395133694037	1395133694038	1395133694193	1395133694193	OK	 
ACTION	Pricing	4	price	1395133694088	1395133694089	1395133694224	1395133694224	OK	 
ACTION	Pricing	2	price	1395133694157	1395133694158	1395133694257	1395133694258	OK	 
ACTION	Pricing	1	price	1395133694155	1395133694155	1395133694281	1395133694281	OK	 
ACTION	Pricing	4	price	1395133694226	1395133694226	1395133694340	1395133694340	OK	 
ACTION	Pricing	3	price	1395133694194	1395133694195	1395133694380	1395133694380	OK	 
ACTION	Pricing	1	price	1395133694282	1395133694283	1395133694421	1395133694421	OK	 
ACTION	Pricing	2	price	1395133694259	1395133694259	1395133694438	1395133694438	OK	 
ACTION	Pricing	3	price	1395133694381	1395133694382	1395133694475	1395133694476	OK	 
ACTION	Pricing	4	price	1395133694341	1395133694342	1395133694545	1395133694545	OK	 
ACTION	Pricing	1	price	1395133694422	1395133694423	1395133694589	1395133694590	OK	 
ACTION	Pricing	2	price	1395133694440	1395133694440	1395133694627	1395133694628	OK	 
ACTION	Pricing	3	price	1395133694477	1395133694478	1395133694629	1395133694629	OK	 
ACTION	Pricing	4	price	1395133694546	1395133694547	1395133694663	1395133694663	OK	 
ACTION	Pricing	1	price	1395133694591	1395133694592	1395133694745	1395133694745	OK	 
ACTION	Pricing	2	price	1395133694630	1395133694632	1395133694765	1395133694765	OK	 
ACTION	Pricing	3	price	1395133694632	1395133694633	1395133694765	1395133694766	OK	 
ACTION	Pricing	4	price	1395133694665	1395133694665	1395133694815	1395133694816	OK	 
ACTION	Pricing	1	price	1395133694746	1395133694747	1395133694876	1395133694877	OK	 
ACTION	Pricing	2	price	1395133694770	1395133694770	1395133694922	1395133694922	OK	 
ACTION	Pricing	3	price	1395133694773	1395133694773	1395133694935	1395133694936	OK	 
ACTION	Pricing	1	price	1395133694878	1395133694879	1395133694989	1395133694989	OK	 
ACTION	Pricing	2	price	1395133694923	1395133694924	1395133695056	1395133695057	OK	 
ACTION	Pricing	4	price	1395133694818	1395133694820	1395133695087	1395133695087	OK	 
ACTION	Pricing	3	price	1395133694938	1395133694940	1395133695096	1395133695096	OK	 
ACTION	Pricing	1	price	1395133694991	1395133694992	1395133695130	1395133695130	OK	 
ACTION	Pricing	4	price	1395133695089	1395133695089	1395133695176	1395133695176	OK	 
ACTION	Pricing	2	price	1395133695059	1395133695059	1395133695195	1395133695196	OK	 
ACTION	Pricing	3	price	1395133695097	1395133695097	1395133695253	1395133695253	OK	 
ACTION	Pricing	4	price	1395133695177	1395133695177	1395133695271	1395133695271	OK	 
ACTION	Pricing	1	price	1395133695132	1395133695132	1395133695301	1395133695301	OK	 
ACTION	Pricing	2	price	1395133695199	1395133695199	1395133695324	1395133695325	OK	 
ACTION	Pricing	4	price	1395133695273	1395133695273	1395133695381	1395133695381	OK	 
ACTION	Pricing	3	price	1395133695254	1395133695255	1395133695392	1395133695392	OK	 
ACTION	Pricing	2	price	1395133695326	1395133695326	1395133695427	1395133695427	OK	 
ACTION	Pricing	1	price	1395133695302	1395133695303	1395133695456	1395133695456	OK	 
ACTION	Pricing	3	price	1395133695394	1395133695394	1395133695512	1395133695512	OK	 
ACTION	Pricing	4	price	1395133695383	1395133695383	1395133695599	1395133695599	OK	 
ACTION	Pricing	1	price	1395133695458	1395133695458	1395133695605	1395133695605	OK	 
ACTION	Pricing	2	price	1395133695428	1395133695429	1395133695609	1395133695610	OK	 
ACTION	Pricing	3	price	1395133695514	1395133695514	1395133695619	1395133695619	OK	 
ACTION	Pricing	4	price	1395133695601	1395133695601	1395133695649	1395133695650	OK	 
ACTION	Pricing	1	price	1395133695607	1395133695607	1395133695732	1395133695732	OK	 
ACTION	Pricing	3	price	1395133695620	1395133695621	1395133695753	1395133695754	OK	 
ACTION	Pricing	2	price	1395133695611	1395133695611	1395133695777	1395133695777	OK	 
ACTION	Pricing	4	price	1395133695652	1395133695652	1395133695803	1395133695803	OK	 
ACTION	Pricing	3	price	1395133695755	1395133695756	1395133695827	1395133695827	OK	 
ACTION	Pricing	1	price	1395133695734	1395133695735	1395133695863	1395133695864	OK	 
ACTION	Pricing	4	price	1395133695804	1395133695804	1395133695924	1395133695925	OK	 
ACTION	Pricing	2	price	1395133695779	1395133695779	1395133695977	1395133695977	OK	 
ACTION	Pricing	3	price	1395133695829	1395133695829	1395133695997	1395133695997	OK	 
ACTION	Pricing	1	price	1395133695866	1395133695868	1395133696004	1395133696004	OK	 
ACTION	Pricing	4	price	1395133695926	1395133695927	1395133696037	1395133696037	OK	 
ACTION	Pricing	3	price	1395133695998	1395133695999	1395133696125	1395133696126	OK	 
ACTION	Pricing	2	price	1395133695979	1395133695980	1395133696133	1395133696133	OK	 
ACTION	Pricing	1	price	1395133696006	1395133696006	1395133696143	1395133696144	OK	 
ACTION	Pricing	4	price	1395133696039	1395133696039	1395133696151	1395133696151	OK	 
ACTION	Pricing	3	price	1395133696127	1395133696127	1395133696185	1395133696185	OK	 
ACTION	Pricing	1	price	1395133696151	1395133696152	1395133696244	1395133696244	OK	 
ACTION	Pricing	2	price	1395133696136	1395133696136	1395133696273	1395133696274	OK	 
ACTION	Pricing	3	price	1395133696187	1395133696187	1395133696323	1395133696323	OK	 
ACTION	Pricing	1	price	1395133696245	1395133696246	1395133696350	1395133696350	OK	 
ACTION	Pricing	4	price	1395133696153	1395133696153	1395133696359	1395133696359	OK	 
ACTION	Pricing	2	price	1395133696275	1395133696275	1395133696432	1395133696432	OK	 
ACTION	Pricing	3	price	1395133696324	1395133696325	1395133696448	1395133696448	OK	 
ACTION	Pricing	1	price	1395133696351	1395133696352	1395133696482	1395133696482	OK	 
ACTION	Pricing	4	price	1395133696360	1395133696361	1395133696497	1395133696497	OK	 
ACTION	Pricing	2	price	1395133696433	1395133696434	1395133696526	1395133696526	OK	 
ACTION	Pricing	3	price	1395133696449	1395133696449	1395133696565	1395133696565	OK	 
ACTION	Pricing	4	price	1395133696498	1395133696499	1395133696592	1395133696592	OK	 
ACTION	Pricing	1	price	1395133696483	1395133696484	1395133696624	1395133696624	OK	 
ACTION	Pricing	3	price	1395133696566	1395133696567	1395133696662	1395133696662	OK	 
ACTION	Pricing	2	price	1395133696528	1395133696528	1395133696682	1395133696683	OK	 
ACTION	Pricing	1	price	1395133696626	1395133696626	1395133696736	1395133696737	OK	 
ACTION	Pricing	4	price	1395133696593	1395133696593	1395133696764	1395133696764	OK	 
ACTION	Pricing	2	price	1395133696684	1395133696684	1395133696788	1395133696789	OK	 
ACTION	Pricing	3	price	1395133696663	1395133696663	1395133696827	1395133696827	OK	 
ACTION	Pricing	4	price	1395133696765	1395133696766	1395133696897	1395133696897	OK	 
ACTION	Pricing	1	price	1395133696738	1395133696738	1395133696914	1395133696914	OK	 
ACTION	Pricing	3	price	1395133696828	1395133696829	1395133696930	1395133696931	OK	 
ACTION	Pricing	2	price	1395133696790	1395133696790	1395133696981	1395133696982	OK	 
ACTION	Pricing	1	price	1395133696916	1395133696916	1395133697000	1395133697000	OK	 
ACTION	Pricing	4	price	1395133696899	1395133696899	1395133697068	1395133697069	OK	 
ACTION	Pricing	2	price	1395133696983	1395133696983	1395133697133	1395133697134	OK	 
ACTION	Pricing	3	price	1395133696933	1395133696933	1395133697140	1395133697140	OK	 
ACTION	Pricing	1	price	1395133697002	1395133697002	1395133697152	1395133697152	OK	 
ACTION	Pricing	4	price	1395133697070	1395133697071	1395133697175	1395133697176	OK	 
ACTION	Pricing	2	price	1395133697135	1395133697135	1395133697219	1395133697219	OK	 
ACTION	Pricing	3	price	1395133697142	1395133697142	1395133697256	1395133697256	OK	 
ACTION	Pricing	1	price	1395133697153	1395133697154	1395133697328	1395133697328	OK	 
ACTION	Pricing	4	price	1395133697177	1395133697177	1395133697337	1395133697337	OK	 
ACTION	Pricing	2	price	1395133697220	1395133697221	1395133697356	1395133697356	OK	 
SCENARIO	Pricing	2	END	1395133697357
ACTION	Pricing	3	price	1395133697257	1395133697258	1395133697367	1395133697367	OK	 
ACTION	Pricing	1	price	1395133697329	1395133697329	1395133697404	1395133697404	OK	 
SCENARIO	Pricing	1	END	1395133697404
ACTION	Pricing	4	price	1395133697339	1395133697339	1395133697445	1395133697446	OK	 
SCENARIO	Pricing	4	END	1395133697446
ACTION	Pricing	3	price	1395133697368	1395133697369	1395133697457	1395133697457	OK	 
SCENARIO	Pricing	3	END	1395133697458
