RUN	20140318085434	pricingsimulation	pricingsimulation
SCENARIO	Pricing	1	START	1395132878015
SCENARIO	Pricing	2	START	1395132878017
ACTION	Pricing	1	price	1395132878103	1395132878129	1395132878625	1395132878648	OK	 
ACTION	Pricing	2	price	1395132878110	1395132878129	1395132878626	1395132878648	OK	 
ACTION	Pricing	1	price	1395132878727	1395132878737	1395132878811	1395132878812	OK	 
ACTION	Pricing	2	price	1395132878834	1395132878839	1395132878912	1395132878912	OK	 
ACTION	Pricing	1	price	1395132878845	1395132878848	1395132878921	1395132878922	OK	 
ACTION	Pricing	2	price	1395132878914	1395132878916	1395132878988	1395132878988	OK	 
ACTION	Pricing	1	price	1395132878923	1395132878924	1395132878998	1395132878998	OK	 
ACTION	Pricing	2	price	1395132878990	1395132878991	1395132879070	1395132879071	OK	 
ACTION	Pricing	1	price	1395132879000	1395132879001	1395132879075	1395132879075	OK	 
ACTION	Pricing	2	price	1395132879072	1395132879074	1395132879147	1395132879147	OK	 
ACTION	Pricing	1	price	1395132879077	1395132879078	1395132879152	1395132879152	OK	 
ACTION	Pricing	2	price	1395132879149	1395132879150	1395132879222	1395132879222	OK	 
ACTION	Pricing	1	price	1395132879155	1395132879157	1395132879231	1395132879232	OK	 
ACTION	Pricing	2	price	1395132879224	1395132879225	1395132879301	1395132879302	OK	 
ACTION	Pricing	1	price	1395132879233	1395132879235	1395132879309	1395132879309	OK	 
ACTION	Pricing	2	price	1395132879303	1395132879304	1395132879374	1395132879374	OK	 
ACTION	Pricing	1	price	1395132879310	1395132879312	1395132879388	1395132879388	OK	 
ACTION	Pricing	2	price	1395132879376	1395132879377	1395132879448	1395132879448	OK	 
ACTION	Pricing	1	price	1395132879389	1395132879391	1395132879467	1395132879467	OK	 
ACTION	Pricing	2	price	1395132879450	1395132879451	1395132879526	1395132879526	OK	 
ACTION	Pricing	1	price	1395132879469	1395132879470	1395132879548	1395132879549	OK	 
ACTION	Pricing	2	price	1395132879528	1395132879529	1395132879608	1395132879608	OK	 
ACTION	Pricing	1	price	1395132879551	1395132879552	1395132879635	1395132879635	OK	 
ACTION	Pricing	2	price	1395132879609	1395132879610	1395132879700	1395132879700	OK	 
ACTION	Pricing	1	price	1395132879637	1395132879638	1395132879726	1395132879726	OK	 
ACTION	Pricing	2	price	1395132879702	1395132879703	1395132879772	1395132879772	OK	 
ACTION	Pricing	1	price	1395132879727	1395132879729	1395132879800	1395132879801	OK	 
ACTION	Pricing	2	price	1395132879774	1395132879775	1395132879849	1395132879849	OK	 
ACTION	Pricing	1	price	1395132879802	1395132879805	1395132879879	1395132879879	OK	 
ACTION	Pricing	2	price	1395132879851	1395132879852	1395132879927	1395132879928	OK	 
ACTION	Pricing	1	price	1395132879881	1395132879882	1395132879959	1395132879959	OK	 
ACTION	Pricing	2	price	1395132879929	1395132879930	1395132880010	1395132880010	OK	 
ACTION	Pricing	1	price	1395132879961	1395132879962	1395132880041	1395132880041	OK	 
ACTION	Pricing	2	price	1395132880012	1395132880013	1395132880087	1395132880087	OK	 
ACTION	Pricing	1	price	1395132880042	1395132880044	1395132880123	1395132880124	OK	 
ACTION	Pricing	2	price	1395132880089	1395132880090	1395132880169	1395132880169	OK	 
ACTION	Pricing	1	price	1395132880126	1395132880127	1395132880202	1395132880202	OK	 
ACTION	Pricing	2	price	1395132880171	1395132880172	1395132880246	1395132880246	OK	 
ACTION	Pricing	1	price	1395132880204	1395132880205	1395132880279	1395132880280	OK	 
ACTION	Pricing	2	price	1395132880248	1395132880248	1395132880329	1395132880329	OK	 
ACTION	Pricing	1	price	1395132880281	1395132880281	1395132880358	1395132880359	OK	 
ACTION	Pricing	2	price	1395132880331	1395132880331	1395132880408	1395132880409	OK	 
ACTION	Pricing	1	price	1395132880380	1395132880380	1395132880453	1395132880454	OK	 
ACTION	Pricing	2	price	1395132880410	1395132880411	1395132880484	1395132880485	OK	 
ACTION	Pricing	1	price	1395132880455	1395132880455	1395132880527	1395132880528	OK	 
ACTION	Pricing	2	price	1395132880486	1395132880487	1395132880561	1395132880561	OK	 
ACTION	Pricing	1	price	1395132880529	1395132880530	1395132880606	1395132880606	OK	 
ACTION	Pricing	2	price	1395132880562	1395132880563	1395132880638	1395132880638	OK	 
ACTION	Pricing	1	price	1395132880608	1395132880608	1395132880683	1395132880684	OK	 
ACTION	Pricing	2	price	1395132880640	1395132880640	1395132880713	1395132880713	OK	 
ACTION	Pricing	1	price	1395132880685	1395132880686	1395132880756	1395132880756	OK	 
ACTION	Pricing	2	price	1395132880715	1395132880715	1395132880788	1395132880788	OK	 
ACTION	Pricing	1	price	1395132880758	1395132880758	1395132880829	1395132880829	OK	 
ACTION	Pricing	2	price	1395132880789	1395132880790	1395132880862	1395132880862	OK	 
ACTION	Pricing	1	price	1395132880831	1395132880831	1395132880903	1395132880903	OK	 
ACTION	Pricing	2	price	1395132880863	1395132880864	1395132880941	1395132880941	OK	 
ACTION	Pricing	1	price	1395132880905	1395132880905	1395132880984	1395132880984	OK	 
ACTION	Pricing	2	price	1395132880942	1395132880943	1395132881017	1395132881018	OK	 
ACTION	Pricing	1	price	1395132880985	1395132880986	1395132881060	1395132881060	OK	 
ACTION	Pricing	2	price	1395132881022	1395132881022	1395132881092	1395132881092	OK	 
ACTION	Pricing	1	price	1395132881061	1395132881062	1395132881133	1395132881133	OK	 
ACTION	Pricing	2	price	1395132881093	1395132881094	1395132881167	1395132881167	OK	 
ACTION	Pricing	1	price	1395132881135	1395132881136	1395132881207	1395132881207	OK	 
ACTION	Pricing	2	price	1395132881169	1395132881169	1395132881243	1395132881243	OK	 
ACTION	Pricing	1	price	1395132881208	1395132881209	1395132881284	1395132881285	OK	 
ACTION	Pricing	2	price	1395132881245	1395132881245	1395132881322	1395132881322	OK	 
ACTION	Pricing	1	price	1395132881286	1395132881287	1395132881363	1395132881363	OK	 
ACTION	Pricing	2	price	1395132881324	1395132881324	1395132881396	1395132881396	OK	 
ACTION	Pricing	1	price	1395132881365	1395132881365	1395132881436	1395132881437	OK	 
ACTION	Pricing	2	price	1395132881397	1395132881398	1395132881469	1395132881469	OK	 
ACTION	Pricing	1	price	1395132881438	1395132881438	1395132881510	1395132881511	OK	 
ACTION	Pricing	2	price	1395132881470	1395132881471	1395132881544	1395132881544	OK	 
ACTION	Pricing	1	price	1395132881512	1395132881512	1395132881584	1395132881584	OK	 
ACTION	Pricing	2	price	1395132881546	1395132881547	1395132881618	1395132881618	OK	 
ACTION	Pricing	1	price	1395132881586	1395132881586	1395132881658	1395132881658	OK	 
ACTION	Pricing	2	price	1395132881619	1395132881620	1395132881692	1395132881693	OK	 
ACTION	Pricing	1	price	1395132881659	1395132881660	1395132881731	1395132881732	OK	 
ACTION	Pricing	2	price	1395132881694	1395132881694	1395132881768	1395132881768	OK	 
ACTION	Pricing	1	price	1395132881734	1395132881735	1395132881805	1395132881805	OK	 
ACTION	Pricing	2	price	1395132881770	1395132881770	1395132881842	1395132881842	OK	 
ACTION	Pricing	1	price	1395132881807	1395132881807	1395132881879	1395132881879	OK	 
ACTION	Pricing	2	price	1395132881843	1395132881844	1395132881916	1395132881917	OK	 
ACTION	Pricing	1	price	1395132881880	1395132881881	1395132881954	1395132881954	OK	 
ACTION	Pricing	2	price	1395132881919	1395132881919	1395132881992	1395132881992	OK	 
ACTION	Pricing	1	price	1395132881956	1395132881956	1395132882026	1395132882026	OK	 
ACTION	Pricing	2	price	1395132881994	1395132881994	1395132882065	1395132882065	OK	 
ACTION	Pricing	1	price	1395132882027	1395132882028	1395132882100	1395132882100	OK	 
ACTION	Pricing	2	price	1395132882067	1395132882067	1395132882140	1395132882140	OK	 
ACTION	Pricing	1	price	1395132882101	1395132882102	1395132882172	1395132882172	OK	 
ACTION	Pricing	2	price	1395132882141	1395132882143	1395132882216	1395132882217	OK	 
ACTION	Pricing	1	price	1395132882174	1395132882174	1395132882246	1395132882246	OK	 
ACTION	Pricing	2	price	1395132882218	1395132882218	1395132882292	1395132882292	OK	 
ACTION	Pricing	1	price	1395132882248	1395132882248	1395132882323	1395132882323	OK	 
ACTION	Pricing	2	price	1395132882293	1395132882294	1395132882366	1395132882366	OK	 
ACTION	Pricing	1	price	1395132882325	1395132882326	1395132882396	1395132882396	OK	 
ACTION	Pricing	2	price	1395132882367	1395132882368	1395132882438	1395132882439	OK	 
ACTION	Pricing	1	price	1395132882397	1395132882398	1395132882471	1395132882472	OK	 
ACTION	Pricing	2	price	1395132882440	1395132882440	1395132882516	1395132882516	OK	 
ACTION	Pricing	1	price	1395132882473	1395132882473	1395132882548	1395132882548	OK	 
ACTION	Pricing	2	price	1395132882517	1395132882518	1395132882594	1395132882595	OK	 
ACTION	Pricing	1	price	1395132882550	1395132882550	1395132882625	1395132882625	OK	 
ACTION	Pricing	2	price	1395132882596	1395132882597	1395132882684	1395132882684	OK	 
ACTION	Pricing	1	price	1395132882627	1395132882627	1395132882708	1395132882708	OK	 
ACTION	Pricing	2	price	1395132882686	1395132882686	1395132882758	1395132882758	OK	 
ACTION	Pricing	1	price	1395132882709	1395132882710	1395132882783	1395132882784	OK	 
ACTION	Pricing	2	price	1395132882760	1395132882760	1395132882833	1395132882833	OK	 
ACTION	Pricing	1	price	1395132882784	1395132882785	1395132882857	1395132882857	OK	 
ACTION	Pricing	2	price	1395132882835	1395132882836	1395132882909	1395132882909	OK	 
ACTION	Pricing	1	price	1395132882858	1395132882859	1395132882932	1395132882932	OK	 
ACTION	Pricing	2	price	1395132882911	1395132882912	1395132882990	1395132882990	OK	 
ACTION	Pricing	1	price	1395132882934	1395132882935	1395132883010	1395132883010	OK	 
ACTION	Pricing	2	price	1395132882992	1395132882992	1395132883064	1395132883064	OK	 
ACTION	Pricing	1	price	1395132883012	1395132883012	1395132883085	1395132883086	OK	 
ACTION	Pricing	2	price	1395132883066	1395132883066	1395132883141	1395132883142	OK	 
ACTION	Pricing	1	price	1395132883087	1395132883088	1395132883164	1395132883164	OK	 
ACTION	Pricing	2	price	1395132883144	1395132883144	1395132883217	1395132883218	OK	 
ACTION	Pricing	1	price	1395132883166	1395132883167	1395132883238	1395132883238	OK	 
ACTION	Pricing	2	price	1395132883219	1395132883220	1395132883291	1395132883291	OK	 
ACTION	Pricing	1	price	1395132883239	1395132883240	1395132883312	1395132883313	OK	 
ACTION	Pricing	2	price	1395132883292	1395132883298	1395132883376	1395132883376	OK	 
ACTION	Pricing	1	price	1395132883314	1395132883314	1395132883388	1395132883389	OK	 
ACTION	Pricing	2	price	1395132883377	1395132883378	1395132883449	1395132883449	OK	 
ACTION	Pricing	1	price	1395132883390	1395132883391	1395132883463	1395132883463	OK	 
ACTION	Pricing	2	price	1395132883451	1395132883451	1395132883523	1395132883523	OK	 
ACTION	Pricing	1	price	1395132883464	1395132883465	1395132883539	1395132883540	OK	 
ACTION	Pricing	2	price	1395132883525	1395132883525	1395132883596	1395132883596	OK	 
ACTION	Pricing	1	price	1395132883541	1395132883541	1395132883611	1395132883611	OK	 
ACTION	Pricing	2	price	1395132883598	1395132883598	1395132883669	1395132883669	OK	 
ACTION	Pricing	1	price	1395132883613	1395132883613	1395132883684	1395132883684	OK	 
ACTION	Pricing	2	price	1395132883671	1395132883671	1395132883742	1395132883742	OK	 
ACTION	Pricing	1	price	1395132883686	1395132883686	1395132883759	1395132883759	OK	 
ACTION	Pricing	2	price	1395132883744	1395132883744	1395132883818	1395132883818	OK	 
ACTION	Pricing	1	price	1395132883760	1395132883761	1395132883832	1395132883832	OK	 
ACTION	Pricing	2	price	1395132883819	1395132883820	1395132883893	1395132883893	OK	 
ACTION	Pricing	1	price	1395132883834	1395132883834	1395132883909	1395132883910	OK	 
ACTION	Pricing	2	price	1395132883894	1395132883895	1395132883968	1395132883968	OK	 
ACTION	Pricing	1	price	1395132883911	1395132883911	1395132883984	1395132883987	OK	 
ACTION	Pricing	2	price	1395132883969	1395132883969	1395132884043	1395132884043	OK	 
ACTION	Pricing	1	price	1395132883988	1395132883988	1395132884065	1395132884066	OK	 
ACTION	Pricing	2	price	1395132884045	1395132884045	1395132884120	1395132884121	OK	 
ACTION	Pricing	1	price	1395132884067	1395132884067	1395132884143	1395132884143	OK	 
ACTION	Pricing	2	price	1395132884122	1395132884123	1395132884197	1395132884197	OK	 
ACTION	Pricing	1	price	1395132884144	1395132884145	1395132884218	1395132884218	OK	 
ACTION	Pricing	2	price	1395132884198	1395132884198	1395132884271	1395132884271	OK	 
ACTION	Pricing	1	price	1395132884220	1395132884220	1395132884291	1395132884291	OK	 
ACTION	Pricing	2	price	1395132884272	1395132884273	1395132884346	1395132884346	OK	 
ACTION	Pricing	1	price	1395132884292	1395132884292	1395132884367	1395132884367	OK	 
ACTION	Pricing	2	price	1395132884347	1395132884348	1395132884418	1395132884419	OK	 
ACTION	Pricing	1	price	1395132884368	1395132884369	1395132884440	1395132884440	OK	 
ACTION	Pricing	2	price	1395132884420	1395132884421	1395132884491	1395132884491	OK	 
ACTION	Pricing	1	price	1395132884441	1395132884442	1395132884516	1395132884516	OK	 
ACTION	Pricing	2	price	1395132884493	1395132884493	1395132884566	1395132884566	OK	 
ACTION	Pricing	1	price	1395132884517	1395132884517	1395132884588	1395132884588	OK	 
ACTION	Pricing	2	price	1395132884567	1395132884568	1395132884639	1395132884639	OK	 
ACTION	Pricing	1	price	1395132884589	1395132884590	1395132884665	1395132884666	OK	 
ACTION	Pricing	2	price	1395132884640	1395132884641	1395132884722	1395132884722	OK	 
ACTION	Pricing	1	price	1395132884667	1395132884668	1395132884747	1395132884748	OK	 
ACTION	Pricing	2	price	1395132884723	1395132884724	1395132884800	1395132884800	OK	 
ACTION	Pricing	1	price	1395132884750	1395132884750	1395132884825	1395132884825	OK	 
ACTION	Pricing	2	price	1395132884802	1395132884803	1395132884876	1395132884876	OK	 
ACTION	Pricing	1	price	1395132884827	1395132884828	1395132884900	1395132884900	OK	 
ACTION	Pricing	2	price	1395132884877	1395132884878	1395132884953	1395132884953	OK	 
ACTION	Pricing	1	price	1395132884901	1395132884902	1395132884973	1395132884973	OK	 
ACTION	Pricing	2	price	1395132884955	1395132884955	1395132885029	1395132885030	OK	 
ACTION	Pricing	1	price	1395132884974	1395132884975	1395132885046	1395132885046	OK	 
ACTION	Pricing	2	price	1395132885031	1395132885031	1395132885107	1395132885108	OK	 
ACTION	Pricing	1	price	1395132885047	1395132885047	1395132885120	1395132885120	OK	 
ACTION	Pricing	2	price	1395132885109	1395132885109	1395132885185	1395132885185	OK	 
ACTION	Pricing	1	price	1395132885123	1395132885123	1395132885200	1395132885200	OK	 
ACTION	Pricing	2	price	1395132885187	1395132885187	1395132885263	1395132885263	OK	 
ACTION	Pricing	1	price	1395132885202	1395132885202	1395132885274	1395132885274	OK	 
ACTION	Pricing	2	price	1395132885264	1395132885265	1395132885341	1395132885342	OK	 
ACTION	Pricing	1	price	1395132885275	1395132885276	1395132885351	1395132885352	OK	 
ACTION	Pricing	2	price	1395132885343	1395132885343	1395132885416	1395132885416	OK	 
ACTION	Pricing	1	price	1395132885353	1395132885354	1395132885427	1395132885427	OK	 
ACTION	Pricing	2	price	1395132885418	1395132885418	1395132885501	1395132885501	OK	 
ACTION	Pricing	1	price	1395132885429	1395132885429	1395132885507	1395132885507	OK	 
ACTION	Pricing	2	price	1395132885503	1395132885503	1395132885578	1395132885578	OK	 
ACTION	Pricing	1	price	1395132885508	1395132885509	1395132885587	1395132885587	OK	 
ACTION	Pricing	2	price	1395132885580	1395132885580	1395132885652	1395132885653	OK	 
ACTION	Pricing	1	price	1395132885589	1395132885589	1395132885662	1395132885662	OK	 
ACTION	Pricing	2	price	1395132885654	1395132885655	1395132885733	1395132885733	OK	 
ACTION	Pricing	1	price	1395132885664	1395132885664	1395132885742	1395132885742	OK	 
ACTION	Pricing	2	price	1395132885734	1395132885735	1395132885820	1395132885821	OK	 
ACTION	Pricing	1	price	1395132885744	1395132885744	1395132885826	1395132885827	OK	 
ACTION	Pricing	2	price	1395132885822	1395132885823	1395132885899	1395132885899	OK	 
ACTION	Pricing	1	price	1395132885828	1395132885829	1395132885907	1395132885907	OK	 
ACTION	Pricing	2	price	1395132885901	1395132885901	1395132885977	1395132885977	OK	 
ACTION	Pricing	1	price	1395132885909	1395132885909	1395132885981	1395132885981	OK	 
ACTION	Pricing	2	price	1395132885978	1395132885979	1395132886054	1395132886054	OK	 
ACTION	Pricing	1	price	1395132885983	1395132885983	1395132886055	1395132886057	OK	 
ACTION	Pricing	2	price	1395132886056	1395132886056	1395132886132	1395132886132	OK	 
ACTION	Pricing	1	price	1395132886058	1395132886058	1395132886132	1395132886132	OK	 
ACTION	Pricing	2	price	1395132886134	1395132886135	1395132886207	1395132886207	OK	 
ACTION	Pricing	1	price	1395132886136	1395132886136	1395132886210	1395132886210	OK	 
ACTION	Pricing	2	price	1395132886208	1395132886209	1395132886279	1395132886279	OK	 
ACTION	Pricing	1	price	1395132886212	1395132886213	1395132886284	1395132886285	OK	 
ACTION	Pricing	2	price	1395132886281	1395132886281	1395132886349	1395132886349	OK	 
ACTION	Pricing	1	price	1395132886286	1395132886286	1395132886358	1395132886360	OK	 
ACTION	Pricing	2	price	1395132886350	1395132886351	1395132886421	1395132886422	OK	 
ACTION	Pricing	1	price	1395132886361	1395132886363	1395132886436	1395132886436	OK	 
ACTION	Pricing	2	price	1395132886423	1395132886424	1395132886496	1395132886496	OK	 
ACTION	Pricing	1	price	1395132886437	1395132886437	1395132886511	1395132886511	OK	 
ACTION	Pricing	2	price	1395132886498	1395132886498	1395132886569	1395132886569	OK	 
ACTION	Pricing	1	price	1395132886512	1395132886513	1395132886585	1395132886585	OK	 
ACTION	Pricing	2	price	1395132886570	1395132886571	1395132886645	1395132886645	OK	 
ACTION	Pricing	1	price	1395132886586	1395132886587	1395132886658	1395132886659	OK	 
ACTION	Pricing	2	price	1395132886647	1395132886647	1395132886718	1395132886719	OK	 
ACTION	Pricing	1	price	1395132886660	1395132886660	1395132886732	1395132886733	OK	 
ACTION	Pricing	2	price	1395132886720	1395132886720	1395132886792	1395132886792	OK	 
ACTION	Pricing	1	price	1395132886734	1395132886735	1395132886808	1395132886809	OK	 
ACTION	Pricing	2	price	1395132886794	1395132886794	1395132886869	1395132886869	OK	 
ACTION	Pricing	1	price	1395132886810	1395132886810	1395132886882	1395132886882	OK	 
ACTION	Pricing	2	price	1395132886870	1395132886871	1395132886942	1395132886942	OK	 
ACTION	Pricing	1	price	1395132886883	1395132886884	1395132886955	1395132886955	OK	 
ACTION	Pricing	2	price	1395132886944	1395132886944	1395132887015	1395132887015	OK	 
ACTION	Pricing	1	price	1395132886956	1395132886957	1395132887032	1395132887032	OK	 
ACTION	Pricing	2	price	1395132887016	1395132887017	1395132887094	1395132887094	OK	 
ACTION	Pricing	1	price	1395132887034	1395132887035	1395132887109	1395132887109	OK	 
ACTION	Pricing	2	price	1395132887096	1395132887097	1395132887170	1395132887170	OK	 
ACTION	Pricing	1	price	1395132887111	1395132887111	1395132887186	1395132887186	OK	 
ACTION	Pricing	2	price	1395132887172	1395132887172	1395132887247	1395132887247	OK	 
ACTION	Pricing	1	price	1395132887188	1395132887188	1395132887260	1395132887261	OK	 
ACTION	Pricing	2	price	1395132887248	1395132887249	1395132887320	1395132887321	OK	 
ACTION	Pricing	1	price	1395132887262	1395132887266	1395132887338	1395132887338	OK	 
ACTION	Pricing	2	price	1395132887322	1395132887322	1395132887399	1395132887399	OK	 
ACTION	Pricing	1	price	1395132887340	1395132887340	1395132887411	1395132887411	OK	 
ACTION	Pricing	2	price	1395132887400	1395132887401	1395132887472	1395132887472	OK	 
ACTION	Pricing	1	price	1395132887412	1395132887413	1395132887485	1395132887485	OK	 
ACTION	Pricing	2	price	1395132887473	1395132887474	1395132887545	1395132887545	OK	 
ACTION	Pricing	1	price	1395132887487	1395132887487	1395132887560	1395132887561	OK	 
ACTION	Pricing	2	price	1395132887546	1395132887547	1395132887619	1395132887619	OK	 
ACTION	Pricing	1	price	1395132887562	1395132887563	1395132887635	1395132887636	OK	 
ACTION	Pricing	2	price	1395132887621	1395132887621	1395132887693	1395132887693	OK	 
ACTION	Pricing	1	price	1395132887638	1395132887638	1395132887714	1395132887714	OK	 
ACTION	Pricing	2	price	1395132887695	1395132887695	1395132887767	1395132887768	OK	 
ACTION	Pricing	1	price	1395132887715	1395132887716	1395132887787	1395132887788	OK	 
ACTION	Pricing	2	price	1395132887769	1395132887769	1395132887840	1395132887840	OK	 
ACTION	Pricing	1	price	1395132887789	1395132887789	1395132887860	1395132887861	OK	 
ACTION	Pricing	2	price	1395132887841	1395132887842	1395132887912	1395132887913	OK	 
ACTION	Pricing	1	price	1395132887862	1395132887862	1395132887933	1395132887933	OK	 
ACTION	Pricing	2	price	1395132887914	1395132887915	1395132887987	1395132887988	OK	 
ACTION	Pricing	1	price	1395132887935	1395132887935	1395132888006	1395132888007	OK	 
ACTION	Pricing	2	price	1395132887989	1395132887989	1395132888060	1395132888060	OK	 
ACTION	Pricing	1	price	1395132888008	1395132888008	1395132888079	1395132888079	OK	 
ACTION	Pricing	2	price	1395132888061	1395132888062	1395132888137	1395132888137	OK	 
ACTION	Pricing	1	price	1395132888080	1395132888081	1395132888151	1395132888151	OK	 
ACTION	Pricing	2	price	1395132888138	1395132888138	1395132888213	1395132888213	OK	 
ACTION	Pricing	1	price	1395132888153	1395132888153	1395132888223	1395132888224	OK	 
ACTION	Pricing	2	price	1395132888214	1395132888214	1395132888285	1395132888285	OK	 
ACTION	Pricing	1	price	1395132888225	1395132888225	1395132888296	1395132888296	OK	 
ACTION	Pricing	2	price	1395132888287	1395132888287	1395132888359	1395132888359	OK	 
ACTION	Pricing	1	price	1395132888298	1395132888298	1395132888370	1395132888371	OK	 
ACTION	Pricing	2	price	1395132888361	1395132888361	1395132888434	1395132888434	OK	 
ACTION	Pricing	1	price	1395132888372	1395132888372	1395132888443	1395132888443	OK	 
ACTION	Pricing	2	price	1395132888435	1395132888435	1395132888508	1395132888508	OK	 
ACTION	Pricing	1	price	1395132888445	1395132888445	1395132888519	1395132888519	OK	 
ACTION	Pricing	2	price	1395132888510	1395132888510	1395132888582	1395132888582	OK	 
ACTION	Pricing	1	price	1395132888521	1395132888521	1395132888599	1395132888600	OK	 
ACTION	Pricing	2	price	1395132888584	1395132888585	1395132888659	1395132888660	OK	 
ACTION	Pricing	1	price	1395132888601	1395132888601	1395132888677	1395132888677	OK	 
ACTION	Pricing	2	price	1395132888661	1395132888661	1395132888732	1395132888733	OK	 
ACTION	Pricing	1	price	1395132888678	1395132888678	1395132888755	1395132888755	OK	 
ACTION	Pricing	2	price	1395132888734	1395132888735	1395132888808	1395132888808	OK	 
ACTION	Pricing	1	price	1395132888757	1395132888758	1395132888831	1395132888831	OK	 
ACTION	Pricing	2	price	1395132888809	1395132888809	1395132888881	1395132888881	OK	 
ACTION	Pricing	1	price	1395132888832	1395132888833	1395132888905	1395132888905	OK	 
ACTION	Pricing	2	price	1395132888882	1395132888883	1395132888954	1395132888954	OK	 
ACTION	Pricing	1	price	1395132888907	1395132888907	1395132888980	1395132888981	OK	 
ACTION	Pricing	2	price	1395132888956	1395132888956	1395132889027	1395132889027	OK	 
ACTION	Pricing	1	price	1395132888982	1395132888982	1395132889055	1395132889055	OK	 
ACTION	Pricing	2	price	1395132889029	1395132889029	1395132889104	1395132889104	OK	 
ACTION	Pricing	1	price	1395132889057	1395132889058	1395132889130	1395132889130	OK	 
ACTION	Pricing	2	price	1395132889105	1395132889105	1395132889177	1395132889177	OK	 
ACTION	Pricing	1	price	1395132889132	1395132889132	1395132889203	1395132889203	OK	 
ACTION	Pricing	2	price	1395132889179	1395132889179	1395132889252	1395132889252	OK	 
ACTION	Pricing	1	price	1395132889205	1395132889205	1395132889276	1395132889277	OK	 
ACTION	Pricing	2	price	1395132889253	1395132889254	1395132889325	1395132889326	OK	 
ACTION	Pricing	1	price	1395132889278	1395132889278	1395132889352	1395132889352	OK	 
ACTION	Pricing	2	price	1395132889327	1395132889328	1395132889402	1395132889403	OK	 
ACTION	Pricing	1	price	1395132889353	1395132889354	1395132889424	1395132889425	OK	 
ACTION	Pricing	2	price	1395132889404	1395132889404	1395132889476	1395132889476	OK	 
ACTION	Pricing	1	price	1395132889426	1395132889426	1395132889503	1395132889503	OK	 
ACTION	Pricing	2	price	1395132889477	1395132889477	1395132889550	1395132889550	OK	 
ACTION	Pricing	1	price	1395132889504	1395132889505	1395132889578	1395132889579	OK	 
ACTION	Pricing	2	price	1395132889551	1395132889552	1395132889623	1395132889623	OK	 
ACTION	Pricing	1	price	1395132889580	1395132889580	1395132889652	1395132889652	OK	 
ACTION	Pricing	2	price	1395132889624	1395132889625	1395132889698	1395132889698	OK	 
ACTION	Pricing	1	price	1395132889653	1395132889654	1395132889726	1395132889726	OK	 
ACTION	Pricing	2	price	1395132889699	1395132889700	1395132889772	1395132889772	OK	 
ACTION	Pricing	1	price	1395132889727	1395132889728	1395132889800	1395132889800	OK	 
ACTION	Pricing	2	price	1395132889774	1395132889774	1395132889846	1395132889847	OK	 
ACTION	Pricing	1	price	1395132889801	1395132889801	1395132889873	1395132889873	OK	 
ACTION	Pricing	2	price	1395132889848	1395132889849	1395132889921	1395132889921	OK	 
ACTION	Pricing	1	price	1395132889874	1395132889875	1395132889948	1395132889948	OK	 
ACTION	Pricing	2	price	1395132889923	1395132889923	1395132890000	1395132890000	OK	 
ACTION	Pricing	1	price	1395132889950	1395132889950	1395132890028	1395132890028	OK	 
ACTION	Pricing	2	price	1395132890002	1395132890002	1395132890075	1395132890075	OK	 
ACTION	Pricing	1	price	1395132890030	1395132890030	1395132890096	1395132890097	OK	 
ACTION	Pricing	2	price	1395132890076	1395132890076	1395132890147	1395132890147	OK	 
ACTION	Pricing	1	price	1395132890098	1395132890098	1395132890166	1395132890166	OK	 
ACTION	Pricing	2	price	1395132890149	1395132890149	1395132890220	1395132890220	OK	 
ACTION	Pricing	1	price	1395132890167	1395132890168	1395132890235	1395132890235	OK	 
ACTION	Pricing	2	price	1395132890221	1395132890221	1395132890295	1395132890295	OK	 
ACTION	Pricing	1	price	1395132890236	1395132890237	1395132890307	1395132890307	OK	 
ACTION	Pricing	2	price	1395132890296	1395132890296	1395132890373	1395132890374	OK	 
ACTION	Pricing	1	price	1395132890309	1395132890309	1395132890380	1395132890380	OK	 
ACTION	Pricing	2	price	1395132890375	1395132890375	1395132890448	1395132890448	OK	 
ACTION	Pricing	1	price	1395132890381	1395132890381	1395132890448	1395132890448	OK	 
ACTION	Pricing	1	price	1395132890451	1395132890451	1395132890520	1395132890520	OK	 
ACTION	Pricing	2	price	1395132890450	1395132890450	1395132890527	1395132890527	OK	 
ACTION	Pricing	1	price	1395132890521	1395132890522	1395132890586	1395132890587	OK	 
ACTION	Pricing	2	price	1395132890528	1395132890528	1395132890600	1395132890601	OK	 
ACTION	Pricing	1	price	1395132890588	1395132890589	1395132890656	1395132890656	OK	 
ACTION	Pricing	2	price	1395132890603	1395132890603	1395132890674	1395132890674	OK	 
ACTION	Pricing	1	price	1395132890658	1395132890658	1395132890727	1395132890727	OK	 
ACTION	Pricing	2	price	1395132890679	1395132890679	1395132890754	1395132890754	OK	 
ACTION	Pricing	1	price	1395132890728	1395132890729	1395132890804	1395132890804	OK	 
ACTION	Pricing	2	price	1395132890756	1395132890757	1395132890839	1395132890840	OK	 
ACTION	Pricing	1	price	1395132890805	1395132890806	1395132890886	1395132890886	OK	 
ACTION	Pricing	2	price	1395132890841	1395132890841	1395132890920	1395132890921	OK	 
ACTION	Pricing	1	price	1395132890888	1395132890888	1395132890957	1395132890957	OK	 
ACTION	Pricing	2	price	1395132890922	1395132890923	1395132890998	1395132890998	OK	 
ACTION	Pricing	1	price	1395132890959	1395132890959	1395132891024	1395132891025	OK	 
ACTION	Pricing	2	price	1395132890999	1395132890999	1395132891072	1395132891072	OK	 
ACTION	Pricing	1	price	1395132891026	1395132891026	1395132891091	1395132891091	OK	 
ACTION	Pricing	2	price	1395132891073	1395132891074	1395132891150	1395132891151	OK	 
ACTION	Pricing	1	price	1395132891093	1395132891094	1395132891166	1395132891166	OK	 
ACTION	Pricing	2	price	1395132891152	1395132891153	1395132891228	1395132891228	OK	 
ACTION	Pricing	1	price	1395132891167	1395132891168	1395132891236	1395132891236	OK	 
ACTION	Pricing	2	price	1395132891230	1395132891230	1395132891305	1395132891306	OK	 
ACTION	Pricing	1	price	1395132891237	1395132891238	1395132891309	1395132891309	OK	 
ACTION	Pricing	1	price	1395132891310	1395132891311	1395132891379	1395132891380	OK	 
ACTION	Pricing	2	price	1395132891307	1395132891308	1395132891384	1395132891384	OK	 
ACTION	Pricing	1	price	1395132891381	1395132891381	1395132891450	1395132891450	OK	 
ACTION	Pricing	2	price	1395132891385	1395132891385	1395132891462	1395132891462	OK	 
ACTION	Pricing	1	price	1395132891452	1395132891452	1395132891520	1395132891520	OK	 
ACTION	Pricing	2	price	1395132891463	1395132891464	1395132891535	1395132891535	OK	 
ACTION	Pricing	1	price	1395132891522	1395132891522	1395132891588	1395132891588	OK	 
ACTION	Pricing	2	price	1395132891536	1395132891536	1395132891606	1395132891606	OK	 
ACTION	Pricing	1	price	1395132891589	1395132891589	1395132891655	1395132891656	OK	 
ACTION	Pricing	2	price	1395132891607	1395132891608	1395132891674	1395132891674	OK	 
ACTION	Pricing	1	price	1395132891657	1395132891657	1395132891724	1395132891724	OK	 
ACTION	Pricing	2	price	1395132891675	1395132891676	1395132891742	1395132891742	OK	 
ACTION	Pricing	1	price	1395132891726	1395132891726	1395132891798	1395132891798	OK	 
ACTION	Pricing	2	price	1395132891744	1395132891744	1395132891810	1395132891811	OK	 
ACTION	Pricing	1	price	1395132891799	1395132891800	1395132891867	1395132891867	OK	 
ACTION	Pricing	2	price	1395132891812	1395132891812	1395132891880	1395132891880	OK	 
ACTION	Pricing	1	price	1395132891869	1395132891869	1395132891937	1395132891938	OK	 
ACTION	Pricing	2	price	1395132891881	1395132891882	1395132891948	1395132891948	OK	 
ACTION	Pricing	1	price	1395132891939	1395132891940	1395132892009	1395132892010	OK	 
ACTION	Pricing	2	price	1395132891950	1395132891950	1395132892016	1395132892016	OK	 
ACTION	Pricing	1	price	1395132892011	1395132892011	1395132892077	1395132892078	OK	 
ACTION	Pricing	2	price	1395132892018	1395132892018	1395132892084	1395132892084	OK	 
ACTION	Pricing	1	price	1395132892079	1395132892080	1395132892147	1395132892147	OK	 
ACTION	Pricing	2	price	1395132892085	1395132892085	1395132892155	1395132892156	OK	 
ACTION	Pricing	1	price	1395132892149	1395132892149	1395132892216	1395132892216	OK	 
ACTION	Pricing	2	price	1395132892157	1395132892157	1395132892222	1395132892223	OK	 
ACTION	Pricing	1	price	1395132892217	1395132892218	1395132892288	1395132892288	OK	 
ACTION	Pricing	2	price	1395132892224	1395132892224	1395132892291	1395132892291	OK	 
ACTION	Pricing	1	price	1395132892289	1395132892290	1395132892361	1395132892361	OK	 
ACTION	Pricing	2	price	1395132892293	1395132892294	1395132892362	1395132892364	OK	 
ACTION	Pricing	1	price	1395132892362	1395132892363	1395132892430	1395132892430	OK	 
ACTION	Pricing	2	price	1395132892365	1395132892366	1395132892431	1395132892431	OK	 
ACTION	Pricing	1	price	1395132892431	1395132892437	1395132892502	1395132892503	OK	 
ACTION	Pricing	2	price	1395132892438	1395132892439	1395132892506	1395132892507	OK	 
ACTION	Pricing	1	price	1395132892504	1395132892504	1395132892575	1395132892575	OK	 
ACTION	Pricing	2	price	1395132892508	1395132892508	1395132892580	1395132892580	OK	 
ACTION	Pricing	1	price	1395132892576	1395132892577	1395132892645	1395132892645	OK	 
ACTION	Pricing	2	price	1395132892582	1395132892582	1395132892650	1395132892650	OK	 
ACTION	Pricing	1	price	1395132892646	1395132892646	1395132892714	1395132892714	OK	 
ACTION	Pricing	2	price	1395132892651	1395132892652	1395132892718	1395132892718	OK	 
ACTION	Pricing	1	price	1395132892715	1395132892715	1395132892784	1395132892785	OK	 
ACTION	Pricing	2	price	1395132892720	1395132892720	1395132892788	1395132892788	OK	 
ACTION	Pricing	1	price	1395132892786	1395132892787	1395132892854	1395132892854	OK	 
ACTION	Pricing	2	price	1395132892789	1395132892790	1395132892858	1395132892858	OK	 
ACTION	Pricing	1	price	1395132892855	1395132892856	1395132892922	1395132892922	OK	 
ACTION	Pricing	2	price	1395132892860	1395132892860	1395132892927	1395132892927	OK	 
ACTION	Pricing	1	price	1395132892924	1395132892924	1395132892992	1395132892992	OK	 
ACTION	Pricing	2	price	1395132892928	1395132892929	1395132892993	1395132892994	OK	 
ACTION	Pricing	2	price	1395132892995	1395132892995	1395132893064	1395132893064	OK	 
ACTION	Pricing	1	price	1395132892993	1395132892994	1395132893070	1395132893070	OK	 
ACTION	Pricing	2	price	1395132893065	1395132893066	1395132893133	1395132893133	OK	 
ACTION	Pricing	1	price	1395132893072	1395132893072	1395132893144	1395132893144	OK	 
ACTION	Pricing	2	price	1395132893135	1395132893135	1395132893203	1395132893203	OK	 
ACTION	Pricing	1	price	1395132893145	1395132893146	1395132893219	1395132893220	OK	 
ACTION	Pricing	2	price	1395132893204	1395132893205	1395132893272	1395132893273	OK	 
ACTION	Pricing	1	price	1395132893221	1395132893222	1395132893296	1395132893297	OK	 
ACTION	Pricing	2	price	1395132893274	1395132893274	1395132893342	1395132893342	OK	 
ACTION	Pricing	1	price	1395132893298	1395132893298	1395132893372	1395132893372	OK	 
ACTION	Pricing	2	price	1395132893343	1395132893344	1395132893410	1395132893411	OK	 
ACTION	Pricing	1	price	1395132893374	1395132893374	1395132893447	1395132893447	OK	 
ACTION	Pricing	2	price	1395132893412	1395132893412	1395132893482	1395132893482	OK	 
ACTION	Pricing	1	price	1395132893448	1395132893449	1395132893523	1395132893523	OK	 
ACTION	Pricing	2	price	1395132893484	1395132893484	1395132893551	1395132893551	OK	 
ACTION	Pricing	1	price	1395132893524	1395132893525	1395132893596	1395132893596	OK	 
ACTION	Pricing	2	price	1395132893552	1395132893552	1395132893620	1395132893620	OK	 
ACTION	Pricing	1	price	1395132893597	1395132893597	1395132893671	1395132893672	OK	 
ACTION	Pricing	2	price	1395132893621	1395132893622	1395132893690	1395132893690	OK	 
ACTION	Pricing	1	price	1395132893673	1395132893675	1395132893748	1395132893748	OK	 
ACTION	Pricing	2	price	1395132893692	1395132893692	1395132893762	1395132893763	OK	 
ACTION	Pricing	1	price	1395132893750	1395132893750	1395132893822	1395132893823	OK	 
ACTION	Pricing	2	price	1395132893764	1395132893766	1395132893838	1395132893838	OK	 
ACTION	Pricing	1	price	1395132893824	1395132893824	1395132893896	1395132893896	OK	 
ACTION	Pricing	2	price	1395132893840	1395132893840	1395132893912	1395132893912	OK	 
ACTION	Pricing	1	price	1395132893897	1395132893898	1395132893969	1395132893969	OK	 
ACTION	Pricing	2	price	1395132893913	1395132893913	1395132893985	1395132893985	OK	 
ACTION	Pricing	1	price	1395132893970	1395132893970	1395132894045	1395132894045	OK	 
ACTION	Pricing	2	price	1395132893987	1395132893987	1395132894061	1395132894061	OK	 
ACTION	Pricing	1	price	1395132894046	1395132894047	1395132894120	1395132894120	OK	 
ACTION	Pricing	2	price	1395132894062	1395132894063	1395132894137	1395132894138	OK	 
ACTION	Pricing	1	price	1395132894121	1395132894122	1395132894194	1395132894195	OK	 
ACTION	Pricing	2	price	1395132894139	1395132894139	1395132894211	1395132894211	OK	 
ACTION	Pricing	1	price	1395132894196	1395132894196	1395132894269	1395132894269	OK	 
ACTION	Pricing	2	price	1395132894213	1395132894213	1395132894285	1395132894286	OK	 
ACTION	Pricing	1	price	1395132894271	1395132894271	1395132894345	1395132894345	OK	 
ACTION	Pricing	2	price	1395132894287	1395132894288	1395132894363	1395132894363	OK	 
ACTION	Pricing	1	price	1395132894346	1395132894347	1395132894418	1395132894419	OK	 
ACTION	Pricing	2	price	1395132894364	1395132894365	1395132894436	1395132894437	OK	 
ACTION	Pricing	1	price	1395132894420	1395132894420	1395132894492	1395132894492	OK	 
ACTION	Pricing	2	price	1395132894438	1395132894438	1395132894508	1395132894508	OK	 
ACTION	Pricing	1	price	1395132894493	1395132894494	1395132894566	1395132894567	OK	 
ACTION	Pricing	2	price	1395132894510	1395132894511	1395132894584	1395132894584	OK	 
ACTION	Pricing	1	price	1395132894568	1395132894568	1395132894643	1395132894643	OK	 
ACTION	Pricing	2	price	1395132894585	1395132894586	1395132894661	1395132894661	OK	 
ACTION	Pricing	1	price	1395132894644	1395132894644	1395132894718	1395132894718	OK	 
ACTION	Pricing	2	price	1395132894662	1395132894663	1395132894736	1395132894736	OK	 
ACTION	Pricing	1	price	1395132894720	1395132894720	1395132894793	1395132894793	OK	 
ACTION	Pricing	2	price	1395132894737	1395132894738	1395132894815	1395132894816	OK	 
ACTION	Pricing	1	price	1395132894794	1395132894795	1395132894875	1395132894876	OK	 
ACTION	Pricing	2	price	1395132894818	1395132894818	1395132894896	1395132894897	OK	 
ACTION	Pricing	1	price	1395132894877	1395132894877	1395132894951	1395132894951	OK	 
ACTION	Pricing	2	price	1395132894898	1395132894899	1395132894971	1395132894971	OK	 
ACTION	Pricing	1	price	1395132894952	1395132894953	1395132895024	1395132895025	OK	 
ACTION	Pricing	2	price	1395132894972	1395132894973	1395132895045	1395132895046	OK	 
ACTION	Pricing	1	price	1395132895026	1395132895026	1395132895098	1395132895099	OK	 
ACTION	Pricing	2	price	1395132895047	1395132895047	1395132895120	1395132895120	OK	 
ACTION	Pricing	1	price	1395132895100	1395132895100	1395132895175	1395132895176	OK	 
ACTION	Pricing	2	price	1395132895121	1395132895122	1395132895203	1395132895204	OK	 
ACTION	Pricing	1	price	1395132895177	1395132895178	1395132895260	1395132895260	OK	 
ACTION	Pricing	2	price	1395132895205	1395132895206	1395132895282	1395132895283	OK	 
ACTION	Pricing	1	price	1395132895261	1395132895261	1395132895334	1395132895335	OK	 
ACTION	Pricing	2	price	1395132895284	1395132895284	1395132895359	1395132895359	OK	 
ACTION	Pricing	1	price	1395132895336	1395132895336	1395132895412	1395132895412	OK	 
ACTION	Pricing	2	price	1395132895361	1395132895361	1395132895436	1395132895436	OK	 
ACTION	Pricing	1	price	1395132895414	1395132895414	1395132895491	1395132895491	OK	 
ACTION	Pricing	2	price	1395132895437	1395132895438	1395132895515	1395132895515	OK	 
ACTION	Pricing	1	price	1395132895493	1395132895493	1395132895574	1395132895574	OK	 
ACTION	Pricing	2	price	1395132895516	1395132895518	1395132895595	1395132895595	OK	 
ACTION	Pricing	1	price	1395132895576	1395132895576	1395132895649	1395132895649	OK	 
ACTION	Pricing	2	price	1395132895596	1395132895597	1395132895674	1395132895674	OK	 
ACTION	Pricing	1	price	1395132895651	1395132895651	1395132895724	1395132895724	OK	 
ACTION	Pricing	2	price	1395132895676	1395132895676	1395132895751	1395132895751	OK	 
ACTION	Pricing	1	price	1395132895725	1395132895726	1395132895803	1395132895803	OK	 
ACTION	Pricing	2	price	1395132895753	1395132895753	1395132895827	1395132895827	OK	 
ACTION	Pricing	1	price	1395132895805	1395132895805	1395132895877	1395132895877	OK	 
ACTION	Pricing	2	price	1395132895829	1395132895829	1395132895905	1395132895905	OK	 
ACTION	Pricing	1	price	1395132895878	1395132895879	1395132895951	1395132895952	OK	 
ACTION	Pricing	2	price	1395132895906	1395132895907	1395132895979	1395132895979	OK	 
ACTION	Pricing	1	price	1395132895953	1395132895953	1395132896025	1395132896025	OK	 
ACTION	Pricing	2	price	1395132895981	1395132895981	1395132896056	1395132896056	OK	 
ACTION	Pricing	1	price	1395132896027	1395132896027	1395132896102	1395132896102	OK	 
ACTION	Pricing	2	price	1395132896057	1395132896057	1395132896127	1395132896127	OK	 
ACTION	Pricing	1	price	1395132896104	1395132896104	1395132896179	1395132896179	OK	 
ACTION	Pricing	2	price	1395132896128	1395132896129	1395132896203	1395132896203	OK	 
ACTION	Pricing	1	price	1395132896180	1395132896180	1395132896253	1395132896253	OK	 
ACTION	Pricing	2	price	1395132896204	1395132896205	1395132896284	1395132896284	OK	 
ACTION	Pricing	1	price	1395132896254	1395132896255	1395132896336	1395132896336	OK	 
ACTION	Pricing	2	price	1395132896285	1395132896286	1395132896360	1395132896360	OK	 
ACTION	Pricing	1	price	1395132896337	1395132896338	1395132896411	1395132896412	OK	 
ACTION	Pricing	2	price	1395132896361	1395132896362	1395132896434	1395132896434	OK	 
ACTION	Pricing	1	price	1395132896413	1395132896413	1395132896485	1395132896486	OK	 
ACTION	Pricing	2	price	1395132896436	1395132896436	1395132896511	1395132896511	OK	 
ACTION	Pricing	1	price	1395132896487	1395132896487	1395132896567	1395132896567	OK	 
ACTION	Pricing	2	price	1395132896512	1395132896513	1395132896596	1395132896596	OK	 
ACTION	Pricing	1	price	1395132896569	1395132896570	1395132896656	1395132896656	OK	 
ACTION	Pricing	2	price	1395132896597	1395132896598	1395132896680	1395132896680	OK	 
ACTION	Pricing	1	price	1395132896657	1395132896658	1395132896731	1395132896731	OK	 
ACTION	Pricing	2	price	1395132896681	1395132896682	1395132896755	1395132896755	OK	 
ACTION	Pricing	1	price	1395132896733	1395132896733	1395132896808	1395132896809	OK	 
ACTION	Pricing	2	price	1395132896756	1395132896757	1395132896830	1395132896831	OK	 
ACTION	Pricing	1	price	1395132896810	1395132896811	1395132896888	1395132896889	OK	 
ACTION	Pricing	2	price	1395132896832	1395132896833	1395132896906	1395132896906	OK	 
ACTION	Pricing	1	price	1395132896890	1395132896890	1395132896965	1395132896966	OK	 
ACTION	Pricing	2	price	1395132896907	1395132896907	1395132896983	1395132896983	OK	 
ACTION	Pricing	1	price	1395132896968	1395132896968	1395132897042	1395132897042	OK	 
ACTION	Pricing	2	price	1395132896985	1395132896985	1395132897058	1395132897058	OK	 
ACTION	Pricing	1	price	1395132897043	1395132897044	1395132897119	1395132897120	OK	 
ACTION	Pricing	2	price	1395132897059	1395132897060	1395132897131	1395132897131	OK	 
ACTION	Pricing	1	price	1395132897121	1395132897123	1395132897193	1395132897193	OK	 
ACTION	Pricing	2	price	1395132897132	1395132897133	1395132897205	1395132897205	OK	 
ACTION	Pricing	1	price	1395132897194	1395132897195	1395132897266	1395132897266	OK	 
ACTION	Pricing	2	price	1395132897207	1395132897207	1395132897277	1395132897277	OK	 
ACTION	Pricing	1	price	1395132897267	1395132897268	1395132897340	1395132897340	OK	 
ACTION	Pricing	2	price	1395132897279	1395132897280	1395132897355	1395132897356	OK	 
ACTION	Pricing	1	price	1395132897342	1395132897342	1395132897413	1395132897413	OK	 
ACTION	Pricing	2	price	1395132897357	1395132897357	1395132897433	1395132897433	OK	 
ACTION	Pricing	1	price	1395132897414	1395132897414	1395132897490	1395132897491	OK	 
ACTION	Pricing	2	price	1395132897434	1395132897435	1395132897506	1395132897506	OK	 
ACTION	Pricing	1	price	1395132897492	1395132897492	1395132897565	1395132897565	OK	 
ACTION	Pricing	2	price	1395132897507	1395132897508	1395132897580	1395132897581	OK	 
ACTION	Pricing	1	price	1395132897567	1395132897567	1395132897641	1395132897641	OK	 
ACTION	Pricing	2	price	1395132897582	1395132897583	1395132897654	1395132897654	OK	 
ACTION	Pricing	1	price	1395132897643	1395132897644	1395132897720	1395132897720	OK	 
ACTION	Pricing	2	price	1395132897655	1395132897656	1395132897729	1395132897729	OK	 
ACTION	Pricing	1	price	1395132897721	1395132897721	1395132897792	1395132897793	OK	 
ACTION	Pricing	2	price	1395132897730	1395132897730	1395132897805	1395132897805	OK	 
ACTION	Pricing	1	price	1395132897795	1395132897795	1395132897869	1395132897869	OK	 
ACTION	Pricing	2	price	1395132897807	1395132897807	1395132897882	1395132897882	OK	 
ACTION	Pricing	1	price	1395132897871	1395132897871	1395132897950	1395132897950	OK	 
ACTION	Pricing	2	price	1395132897884	1395132897884	1395132897959	1395132897959	OK	 
ACTION	Pricing	1	price	1395132897951	1395132897952	1395132898027	1395132898027	OK	 
ACTION	Pricing	2	price	1395132897961	1395132897962	1395132898034	1395132898034	OK	 
ACTION	Pricing	1	price	1395132898028	1395132898028	1395132898102	1395132898102	OK	 
ACTION	Pricing	2	price	1395132898035	1395132898036	1395132898106	1395132898107	OK	 
ACTION	Pricing	1	price	1395132898104	1395132898104	1395132898176	1395132898176	OK	 
ACTION	Pricing	2	price	1395132898108	1395132898108	1395132898179	1395132898179	OK	 
ACTION	Pricing	1	price	1395132898177	1395132898177	1395132898247	1395132898248	OK	 
ACTION	Pricing	2	price	1395132898180	1395132898180	1395132898250	1395132898250	OK	 
ACTION	Pricing	1	price	1395132898249	1395132898249	1395132898321	1395132898321	OK	 
ACTION	Pricing	2	price	1395132898251	1395132898252	1395132898322	1395132898323	OK	 
ACTION	Pricing	1	price	1395132898322	1395132898323	1395132898394	1395132898394	OK	 
ACTION	Pricing	2	price	1395132898324	1395132898324	1395132898395	1395132898395	OK	 
ACTION	Pricing	2	price	1395132898396	1395132898397	1395132898467	1395132898467	OK	 
ACTION	Pricing	1	price	1395132898395	1395132898396	1395132898467	1395132898473	OK	 
ACTION	Pricing	2	price	1395132898469	1395132898474	1395132898548	1395132898548	OK	 
ACTION	Pricing	1	price	1395132898474	1395132898474	1395132898553	1395132898553	OK	 
ACTION	Pricing	2	price	1395132898549	1395132898550	1395132898626	1395132898626	OK	 
ACTION	Pricing	1	price	1395132898554	1395132898555	1395132898627	1395132898627	OK	 
ACTION	Pricing	2	price	1395132898627	1395132898628	1395132898702	1395132898702	OK	 
ACTION	Pricing	1	price	1395132898628	1395132898629	1395132898702	1395132898703	OK	 
ACTION	Pricing	1	price	1395132898705	1395132898705	1395132898778	1395132898778	OK	 
ACTION	Pricing	2	price	1395132898704	1395132898705	1395132898781	1395132898781	OK	 
ACTION	Pricing	2	price	1395132898782	1395132898782	1395132898853	1395132898853	OK	 
ACTION	Pricing	1	price	1395132898780	1395132898781	1395132898853	1395132898853	OK	 
ACTION	Pricing	1	price	1395132898855	1395132898856	1395132898929	1395132898929	OK	 
ACTION	Pricing	2	price	1395132898855	1395132898855	1395132898932	1395132898932	OK	 
ACTION	Pricing	2	price	1395132898933	1395132898933	1395132899004	1395132899005	OK	 
ACTION	Pricing	1	price	1395132898930	1395132898931	1395132899004	1395132899005	OK	 
ACTION	Pricing	2	price	1395132899007	1395132899007	1395132899078	1395132899078	OK	 
ACTION	Pricing	1	price	1395132899006	1395132899007	1395132899081	1395132899082	OK	 
ACTION	Pricing	1	price	1395132899084	1395132899084	1395132899155	1395132899155	OK	 
ACTION	Pricing	2	price	1395132899084	1395132899084	1395132899159	1395132899159	OK	 
ACTION	Pricing	1	price	1395132899157	1395132899157	1395132899230	1395132899230	OK	 
ACTION	Pricing	2	price	1395132899160	1395132899160	1395132899235	1395132899235	OK	 
ACTION	Pricing	2	price	1395132899236	1395132899236	1395132899302	1395132899302	OK	 
ACTION	Pricing	1	price	1395132899231	1395132899232	1395132899304	1395132899304	OK	 
ACTION	Pricing	2	price	1395132899304	1395132899304	1395132899372	1395132899372	OK	 
ACTION	Pricing	1	price	1395132899305	1395132899306	1395132899376	1395132899376	OK	 
ACTION	Pricing	2	price	1395132899374	1395132899374	1395132899442	1395132899442	OK	 
ACTION	Pricing	1	price	1395132899377	1395132899377	1395132899448	1395132899448	OK	 
ACTION	Pricing	2	price	1395132899443	1395132899443	1395132899519	1395132899519	OK	 
ACTION	Pricing	1	price	1395132899450	1395132899450	1395132899521	1395132899521	OK	 
ACTION	Pricing	2	price	1395132899520	1395132899521	1395132899592	1395132899592	OK	 
ACTION	Pricing	1	price	1395132899523	1395132899523	1395132899594	1395132899594	OK	 
ACTION	Pricing	2	price	1395132899593	1395132899594	1395132899666	1395132899666	OK	 
ACTION	Pricing	1	price	1395132899597	1395132899598	1395132899669	1395132899669	OK	 
ACTION	Pricing	1	price	1395132899670	1395132899671	1395132899742	1395132899743	OK	 
ACTION	Pricing	2	price	1395132899668	1395132899668	1395132899742	1395132899743	OK	 
ACTION	Pricing	2	price	1395132899744	1395132899744	1395132899818	1395132899818	OK	 
ACTION	Pricing	1	price	1395132899745	1395132899745	1395132899824	1395132899824	OK	 
ACTION	Pricing	2	price	1395132899819	1395132899820	1395132899889	1395132899889	OK	 
ACTION	Pricing	1	price	1395132899825	1395132899826	1395132899900	1395132899900	OK	 
ACTION	Pricing	2	price	1395132899891	1395132899892	1395132899962	1395132899962	OK	 
ACTION	Pricing	1	price	1395132899901	1395132899902	1395132899977	1395132899978	OK	 
ACTION	Pricing	2	price	1395132899964	1395132899964	1395132900037	1395132900037	OK	 
ACTION	Pricing	1	price	1395132899979	1395132899980	1395132900056	1395132900056	OK	 
ACTION	Pricing	2	price	1395132900038	1395132900039	1395132900109	1395132900109	OK	 
ACTION	Pricing	1	price	1395132900058	1395132900058	1395132900133	1395132900133	OK	 
ACTION	Pricing	2	price	1395132900111	1395132900111	1395132900181	1395132900181	OK	 
ACTION	Pricing	1	price	1395132900135	1395132900135	1395132900210	1395132900210	OK	 
ACTION	Pricing	2	price	1395132900182	1395132900183	1395132900251	1395132900251	OK	 
ACTION	Pricing	1	price	1395132900212	1395132900212	1395132900289	1395132900289	OK	 
ACTION	Pricing	2	price	1395132900253	1395132900253	1395132900329	1395132900329	OK	 
ACTION	Pricing	1	price	1395132900291	1395132900291	1395132900367	1395132900368	OK	 
ACTION	Pricing	2	price	1395132900332	1395132900332	1395132900406	1395132900406	OK	 
ACTION	Pricing	1	price	1395132900369	1395132900369	1395132900446	1395132900447	OK	 
ACTION	Pricing	2	price	1395132900407	1395132900408	1395132900479	1395132900479	OK	 
ACTION	Pricing	1	price	1395132900449	1395132900449	1395132900528	1395132900529	OK	 
ACTION	Pricing	2	price	1395132900481	1395132900481	1395132900566	1395132900567	OK	 
ACTION	Pricing	1	price	1395132900530	1395132900531	1395132900608	1395132900608	OK	 
ACTION	Pricing	2	price	1395132900568	1395132900568	1395132900644	1395132900645	OK	 
ACTION	Pricing	1	price	1395132900609	1395132900610	1395132900686	1395132900686	OK	 
ACTION	Pricing	2	price	1395132900646	1395132900647	1395132900722	1395132900722	OK	 
ACTION	Pricing	1	price	1395132900688	1395132900688	1395132900763	1395132900764	OK	 
ACTION	Pricing	2	price	1395132900724	1395132900724	1395132900797	1395132900797	OK	 
ACTION	Pricing	1	price	1395132900765	1395132900765	1395132900836	1395132900836	OK	 
ACTION	Pricing	2	price	1395132900799	1395132900799	1395132900871	1395132900871	OK	 
ACTION	Pricing	1	price	1395132900837	1395132900837	1395132900911	1395132900911	OK	 
ACTION	Pricing	2	price	1395132900872	1395132900872	1395132900948	1395132900948	OK	 
ACTION	Pricing	1	price	1395132900912	1395132900913	1395132900988	1395132900988	OK	 
ACTION	Pricing	2	price	1395132900949	1395132900949	1395132901022	1395132901022	OK	 
ACTION	Pricing	1	price	1395132900989	1395132900989	1395132901060	1395132901060	OK	 
ACTION	Pricing	2	price	1395132901023	1395132901023	1395132901100	1395132901100	OK	 
ACTION	Pricing	1	price	1395132901061	1395132901061	1395132901134	1395132901134	OK	 
ACTION	Pricing	2	price	1395132901101	1395132901102	1395132901174	1395132901174	OK	 
ACTION	Pricing	1	price	1395132901135	1395132901136	1395132901206	1395132901206	OK	 
ACTION	Pricing	2	price	1395132901175	1395132901175	1395132901251	1395132901251	OK	 
ACTION	Pricing	1	price	1395132901244	1395132901245	1395132901320	1395132901321	OK	 
ACTION	Pricing	2	price	1395132901252	1395132901253	1395132901326	1395132901326	OK	 
ACTION	Pricing	1	price	1395132901322	1395132901323	1395132901400	1395132901401	OK	 
ACTION	Pricing	2	price	1395132901327	1395132901329	1395132901406	1395132901406	OK	 
ACTION	Pricing	1	price	1395132901402	1395132901402	1395132901473	1395132901473	OK	 
ACTION	Pricing	2	price	1395132901407	1395132901407	1395132901478	1395132901478	OK	 
ACTION	Pricing	1	price	1395132901475	1395132901475	1395132901552	1395132901553	OK	 
ACTION	Pricing	2	price	1395132901479	1395132901479	1395132901556	1395132901556	OK	 
ACTION	Pricing	1	price	1395132901554	1395132901554	1395132901624	1395132901625	OK	 
ACTION	Pricing	2	price	1395132901557	1395132901557	1395132901629	1395132901630	OK	 
ACTION	Pricing	1	price	1395132901626	1395132901626	1395132901698	1395132901698	OK	 
ACTION	Pricing	2	price	1395132901631	1395132901631	1395132901704	1395132901704	OK	 
ACTION	Pricing	1	price	1395132901699	1395132901699	1395132901769	1395132901769	OK	 
ACTION	Pricing	2	price	1395132901705	1395132901705	1395132901776	1395132901776	OK	 
ACTION	Pricing	1	price	1395132901770	1395132901771	1395132901843	1395132901843	OK	 
ACTION	Pricing	2	price	1395132901777	1395132901777	1395132901852	1395132901852	OK	 
ACTION	Pricing	1	price	1395132901844	1395132901845	1395132901921	1395132901921	OK	 
ACTION	Pricing	2	price	1395132901855	1395132901856	1395132901929	1395132901930	OK	 
ACTION	Pricing	1	price	1395132901922	1395132901923	1395132901995	1395132901995	OK	 
ACTION	Pricing	2	price	1395132901931	1395132901931	1395132902005	1395132902005	OK	 
ACTION	Pricing	1	price	1395132901996	1395132901996	1395132902070	1395132902070	OK	 
ACTION	Pricing	2	price	1395132902006	1395132902006	1395132902081	1395132902081	OK	 
ACTION	Pricing	1	price	1395132902071	1395132902071	1395132902145	1395132902145	OK	 
ACTION	Pricing	2	price	1395132902083	1395132902083	1395132902155	1395132902155	OK	 
ACTION	Pricing	1	price	1395132902147	1395132902147	1395132902221	1395132902221	OK	 
ACTION	Pricing	2	price	1395132902156	1395132902156	1395132902228	1395132902229	OK	 
ACTION	Pricing	1	price	1395132902222	1395132902223	1395132902299	1395132902299	OK	 
ACTION	Pricing	2	price	1395132902230	1395132902230	1395132902304	1395132902304	OK	 
ACTION	Pricing	1	price	1395132902300	1395132902301	1395132902373	1395132902373	OK	 
ACTION	Pricing	2	price	1395132902305	1395132902306	1395132902378	1395132902378	OK	 
ACTION	Pricing	1	price	1395132902374	1395132902375	1395132902443	1395132902444	OK	 
ACTION	Pricing	2	price	1395132902379	1395132902380	1395132902450	1395132902450	OK	 
ACTION	Pricing	1	price	1395132902445	1395132902445	1395132902511	1395132902511	OK	 
ACTION	Pricing	2	price	1395132902451	1395132902451	1395132902523	1395132902523	OK	 
ACTION	Pricing	1	price	1395132902512	1395132902513	1395132902585	1395132902585	OK	 
ACTION	Pricing	2	price	1395132902524	1395132902524	1395132902599	1395132902599	OK	 
ACTION	Pricing	1	price	1395132902586	1395132902587	1395132902660	1395132902660	OK	 
ACTION	Pricing	2	price	1395132902600	1395132902600	1395132902673	1395132902674	OK	 
ACTION	Pricing	1	price	1395132902661	1395132902662	1395132902732	1395132902733	OK	 
ACTION	Pricing	2	price	1395132902675	1395132902675	1395132902745	1395132902745	OK	 
ACTION	Pricing	1	price	1395132902734	1395132902735	1395132902807	1395132902807	OK	 
ACTION	Pricing	2	price	1395132902746	1395132902746	1395132902817	1395132902818	OK	 
ACTION	Pricing	1	price	1395132902808	1395132902809	1395132902881	1395132902882	OK	 
ACTION	Pricing	2	price	1395132902819	1395132902819	1395132902892	1395132902893	OK	 
ACTION	Pricing	1	price	1395132902883	1395132902884	1395132902956	1395132902957	OK	 
ACTION	Pricing	2	price	1395132902894	1395132902894	1395132902965	1395132902965	OK	 
ACTION	Pricing	1	price	1395132902958	1395132902959	1395132903032	1395132903032	OK	 
ACTION	Pricing	2	price	1395132902966	1395132902966	1395132903038	1395132903038	OK	 
ACTION	Pricing	2	price	1395132903039	1395132903039	1395132903110	1395132903111	OK	 
ACTION	Pricing	1	price	1395132903033	1395132903034	1395132903110	1395132903112	OK	 
ACTION	Pricing	1	price	1395132903113	1395132903113	1395132903185	1395132903185	OK	 
ACTION	Pricing	2	price	1395132903112	1395132903113	1395132903186	1395132903186	OK	 
ACTION	Pricing	2	price	1395132903187	1395132903188	1395132903258	1395132903259	OK	 
ACTION	Pricing	1	price	1395132903186	1395132903187	1395132903260	1395132903260	OK	 
ACTION	Pricing	2	price	1395132903260	1395132903260	1395132903332	1395132903334	OK	 
ACTION	Pricing	1	price	1395132903261	1395132903261	1395132903335	1395132903337	OK	 
ACTION	Pricing	2	price	1395132903336	1395132903336	1395132903409	1395132903409	OK	 
ACTION	Pricing	1	price	1395132903338	1395132903338	1395132903412	1395132903412	OK	 
ACTION	Pricing	2	price	1395132903410	1395132903411	1395132903483	1395132903483	OK	 
ACTION	Pricing	1	price	1395132903413	1395132903414	1395132903487	1395132903487	OK	 
ACTION	Pricing	2	price	1395132903484	1395132903485	1395132903555	1395132903556	OK	 
ACTION	Pricing	1	price	1395132903489	1395132903489	1395132903560	1395132903561	OK	 
ACTION	Pricing	2	price	1395132903557	1395132903557	1395132903631	1395132903631	OK	 
ACTION	Pricing	1	price	1395132903562	1395132903562	1395132903639	1395132903639	OK	 
ACTION	Pricing	2	price	1395132903632	1395132903633	1395132903706	1395132903707	OK	 
ACTION	Pricing	1	price	1395132903640	1395132903640	1395132903711	1395132903711	OK	 
ACTION	Pricing	2	price	1395132903708	1395132903708	1395132903781	1395132903781	OK	 
ACTION	Pricing	1	price	1395132903712	1395132903712	1395132903784	1395132903785	OK	 
ACTION	Pricing	2	price	1395132903784	1395132903784	1395132903860	1395132903861	OK	 
ACTION	Pricing	1	price	1395132903787	1395132903789	1395132903870	1395132903871	OK	 
ACTION	Pricing	2	price	1395132903862	1395132903863	1395132903942	1395132903942	OK	 
ACTION	Pricing	1	price	1395132903872	1395132903872	1395132903945	1395132903945	OK	 
ACTION	Pricing	2	price	1395132903943	1395132903944	1395132904017	1395132904017	OK	 
ACTION	Pricing	1	price	1395132903946	1395132903946	1395132904018	1395132904018	OK	 
ACTION	Pricing	2	price	1395132904019	1395132904019	1395132904089	1395132904090	OK	 
ACTION	Pricing	1	price	1395132904019	1395132904019	1395132904089	1395132904090	OK	 
ACTION	Pricing	2	price	1395132904094	1395132904094	1395132904165	1395132904165	OK	 
ACTION	Pricing	1	price	1395132904093	1395132904093	1395132904167	1395132904167	OK	 
ACTION	Pricing	2	price	1395132904166	1395132904166	1395132904239	1395132904239	OK	 
ACTION	Pricing	1	price	1395132904168	1395132904168	1395132904242	1395132904243	OK	 
ACTION	Pricing	2	price	1395132904240	1395132904240	1395132904315	1395132904315	OK	 
ACTION	Pricing	1	price	1395132904244	1395132904244	1395132904318	1395132904318	OK	 
ACTION	Pricing	2	price	1395132904316	1395132904317	1395132904387	1395132904387	OK	 
ACTION	Pricing	1	price	1395132904319	1395132904320	1395132904391	1395132904391	OK	 
ACTION	Pricing	2	price	1395132904389	1395132904389	1395132904462	1395132904462	OK	 
ACTION	Pricing	1	price	1395132904393	1395132904393	1395132904468	1395132904468	OK	 
ACTION	Pricing	2	price	1395132904464	1395132904464	1395132904536	1395132904536	OK	 
ACTION	Pricing	1	price	1395132904469	1395132904469	1395132904544	1395132904545	OK	 
ACTION	Pricing	2	price	1395132904537	1395132904537	1395132904610	1395132904610	OK	 
ACTION	Pricing	1	price	1395132904546	1395132904546	1395132904620	1395132904620	OK	 
ACTION	Pricing	2	price	1395132904611	1395132904611	1395132904685	1395132904686	OK	 
ACTION	Pricing	1	price	1395132904621	1395132904622	1395132904700	1395132904700	OK	 
ACTION	Pricing	2	price	1395132904687	1395132904687	1395132904759	1395132904759	OK	 
ACTION	Pricing	1	price	1395132904701	1395132904702	1395132904773	1395132904773	OK	 
ACTION	Pricing	2	price	1395132904760	1395132904761	1395132904832	1395132904833	OK	 
ACTION	Pricing	1	price	1395132904774	1395132904775	1395132904848	1395132904848	OK	 
ACTION	Pricing	2	price	1395132904834	1395132904834	1395132904905	1395132904905	OK	 
ACTION	Pricing	1	price	1395132904850	1395132904850	1395132904921	1395132904921	OK	 
ACTION	Pricing	2	price	1395132904906	1395132904906	1395132904980	1395132904980	OK	 
ACTION	Pricing	1	price	1395132904922	1395132904923	1395132904995	1395132904996	OK	 
ACTION	Pricing	2	price	1395132904981	1395132904981	1395132905053	1395132905053	OK	 
ACTION	Pricing	1	price	1395132904997	1395132904997	1395132905069	1395132905069	OK	 
ACTION	Pricing	2	price	1395132905054	1395132905054	1395132905126	1395132905126	OK	 
ACTION	Pricing	1	price	1395132905070	1395132905070	1395132905143	1395132905143	OK	 
ACTION	Pricing	2	price	1395132905127	1395132905127	1395132905199	1395132905199	OK	 
ACTION	Pricing	1	price	1395132905144	1395132905144	1395132905216	1395132905216	OK	 
ACTION	Pricing	2	price	1395132905200	1395132905200	1395132905270	1395132905271	OK	 
ACTION	Pricing	1	price	1395132905217	1395132905218	1395132905294	1395132905294	OK	 
ACTION	Pricing	2	price	1395132905271	1395132905272	1395132905342	1395132905342	OK	 
ACTION	Pricing	1	price	1395132905295	1395132905295	1395132905367	1395132905367	OK	 
ACTION	Pricing	2	price	1395132905343	1395132905343	1395132905415	1395132905415	OK	 
ACTION	Pricing	1	price	1395132905368	1395132905369	1395132905440	1395132905440	OK	 
ACTION	Pricing	2	price	1395132905416	1395132905416	1395132905491	1395132905491	OK	 
ACTION	Pricing	1	price	1395132905441	1395132905441	1395132905512	1395132905512	OK	 
ACTION	Pricing	2	price	1395132905492	1395132905492	1395132905565	1395132905565	OK	 
ACTION	Pricing	1	price	1395132905514	1395132905514	1395132905586	1395132905586	OK	 
ACTION	Pricing	2	price	1395132905566	1395132905566	1395132905637	1395132905637	OK	 
ACTION	Pricing	1	price	1395132905587	1395132905587	1395132905661	1395132905661	OK	 
ACTION	Pricing	2	price	1395132905638	1395132905640	1395132905710	1395132905711	OK	 
ACTION	Pricing	1	price	1395132905663	1395132905663	1395132905738	1395132905739	OK	 
ACTION	Pricing	2	price	1395132905712	1395132905712	1395132905788	1395132905788	OK	 
ACTION	Pricing	1	price	1395132905739	1395132905740	1395132905813	1395132905813	OK	 
ACTION	Pricing	2	price	1395132905789	1395132905790	1395132905861	1395132905861	OK	 
ACTION	Pricing	1	price	1395132905814	1395132905814	1395132905886	1395132905886	OK	 
ACTION	Pricing	2	price	1395132905862	1395132905863	1395132905934	1395132905934	OK	 
ACTION	Pricing	1	price	1395132905887	1395132905887	1395132905959	1395132905959	OK	 
ACTION	Pricing	2	price	1395132905936	1395132905936	1395132906007	1395132906007	OK	 
ACTION	Pricing	1	price	1395132905960	1395132905960	1395132906032	1395132906032	OK	 
ACTION	Pricing	2	price	1395132906008	1395132906008	1395132906083	1395132906084	OK	 
ACTION	Pricing	1	price	1395132906033	1395132906034	1395132906110	1395132906110	OK	 
ACTION	Pricing	2	price	1395132906085	1395132906085	1395132906157	1395132906158	OK	 
ACTION	Pricing	1	price	1395132906111	1395132906111	1395132906182	1395132906182	OK	 
ACTION	Pricing	2	price	1395132906159	1395132906159	1395132906230	1395132906230	OK	 
ACTION	Pricing	1	price	1395132906183	1395132906185	1395132906260	1395132906260	OK	 
ACTION	Pricing	2	price	1395132906231	1395132906232	1395132906303	1395132906303	OK	 
ACTION	Pricing	1	price	1395132906261	1395132906262	1395132906332	1395132906332	OK	 
ACTION	Pricing	2	price	1395132906305	1395132906305	1395132906375	1395132906375	OK	 
ACTION	Pricing	1	price	1395132906333	1395132906333	1395132906405	1395132906406	OK	 
ACTION	Pricing	2	price	1395132906376	1395132906376	1395132906447	1395132906447	OK	 
ACTION	Pricing	1	price	1395132906407	1395132906407	1395132906479	1395132906479	OK	 
ACTION	Pricing	2	price	1395132906448	1395132906448	1395132906523	1395132906523	OK	 
ACTION	Pricing	1	price	1395132906480	1395132906480	1395132906552	1395132906552	OK	 
ACTION	Pricing	2	price	1395132906524	1395132906525	1395132906596	1395132906596	OK	 
ACTION	Pricing	1	price	1395132906553	1395132906554	1395132906624	1395132906625	OK	 
ACTION	Pricing	2	price	1395132906597	1395132906597	1395132906668	1395132906668	OK	 
ACTION	Pricing	1	price	1395132906626	1395132906626	1395132906696	1395132906697	OK	 
ACTION	Pricing	2	price	1395132906669	1395132906669	1395132906743	1395132906744	OK	 
ACTION	Pricing	1	price	1395132906698	1395132906698	1395132906778	1395132906778	OK	 
ACTION	Pricing	2	price	1395132906745	1395132906745	1395132906823	1395132906823	OK	 
ACTION	Pricing	1	price	1395132906780	1395132906780	1395132906854	1395132906855	OK	 
ACTION	Pricing	2	price	1395132906824	1395132906824	1395132906895	1395132906896	OK	 
ACTION	Pricing	1	price	1395132906856	1395132906856	1395132906928	1395132906928	OK	 
ACTION	Pricing	2	price	1395132906897	1395132906897	1395132906972	1395132906972	OK	 
ACTION	Pricing	1	price	1395132906929	1395132906930	1395132907005	1395132907005	OK	 
ACTION	Pricing	2	price	1395132906973	1395132906973	1395132907047	1395132907048	OK	 
ACTION	Pricing	1	price	1395132907006	1395132907007	1395132907083	1395132907083	OK	 
ACTION	Pricing	2	price	1395132907049	1395132907049	1395132907125	1395132907126	OK	 
ACTION	Pricing	1	price	1395132907084	1395132907085	1395132907157	1395132907157	OK	 
ACTION	Pricing	2	price	1395132907127	1395132907127	1395132907198	1395132907198	OK	 
ACTION	Pricing	1	price	1395132907158	1395132907159	1395132907231	1395132907231	OK	 
ACTION	Pricing	2	price	1395132907200	1395132907200	1395132907272	1395132907272	OK	 
ACTION	Pricing	1	price	1395132907233	1395132907233	1395132907308	1395132907308	OK	 
ACTION	Pricing	2	price	1395132907273	1395132907273	1395132907344	1395132907344	OK	 
ACTION	Pricing	1	price	1395132907309	1395132907309	1395132907381	1395132907381	OK	 
ACTION	Pricing	2	price	1395132907345	1395132907345	1395132907417	1395132907417	OK	 
ACTION	Pricing	1	price	1395132907382	1395132907382	1395132907457	1395132907458	OK	 
ACTION	Pricing	2	price	1395132907418	1395132907419	1395132907489	1395132907489	OK	 
ACTION	Pricing	1	price	1395132907459	1395132907459	1395132907530	1395132907531	OK	 
ACTION	Pricing	2	price	1395132907490	1395132907490	1395132907561	1395132907561	OK	 
ACTION	Pricing	1	price	1395132907532	1395132907532	1395132907608	1395132907608	OK	 
ACTION	Pricing	2	price	1395132907562	1395132907563	1395132907632	1395132907632	OK	 
ACTION	Pricing	1	price	1395132907609	1395132907609	1395132907680	1395132907681	OK	 
ACTION	Pricing	2	price	1395132907633	1395132907633	1395132907706	1395132907707	OK	 
ACTION	Pricing	1	price	1395132907682	1395132907682	1395132907759	1395132907759	OK	 
ACTION	Pricing	2	price	1395132907708	1395132907708	1395132907779	1395132907779	OK	 
ACTION	Pricing	1	price	1395132907760	1395132907760	1395132907833	1395132907833	OK	 
ACTION	Pricing	2	price	1395132907780	1395132907781	1395132907853	1395132907854	OK	 
ACTION	Pricing	1	price	1395132907834	1395132907834	1395132907907	1395132907907	OK	 
ACTION	Pricing	2	price	1395132907856	1395132907857	1395132907931	1395132907931	OK	 
ACTION	Pricing	1	price	1395132907908	1395132907908	1395132907984	1395132907984	OK	 
ACTION	Pricing	2	price	1395132907933	1395132907933	1395132908005	1395132908005	OK	 
ACTION	Pricing	1	price	1395132907987	1395132907987	1395132908064	1395132908064	OK	 
SCENARIO	Pricing	1	END	1395132908065
ACTION	Pricing	2	price	1395132908007	1395132908007	1395132908082	1395132908083	OK	 
SCENARIO	Pricing	2	END	1395132908083
