RUN	20140318093648	pricingsimulation	pricingsimulation
SCENARIO	Pricing	9	START	1395135410662
SCENARIO	Pricing	6	START	1395135410664
SCENARIO	Pricing	14	START	1395135410664
SCENARIO	Pricing	8	START	1395135410664
SCENARIO	Pricing	10	START	1395135410664
SCENARIO	Pricing	22	START	1395135410664
SCENARIO	Pricing	3	START	1395135410664
SCENARIO	Pricing	12	START	1395135410664
SCENARIO	Pricing	18	START	1395135410664
SCENARIO	Pricing	4	START	1395135410664
SCENARIO	Pricing	23	START	1395135410665
SCENARIO	Pricing	20	START	1395135410665
SCENARIO	Pricing	17	START	1395135410665
SCENARIO	Pricing	11	START	1395135410665
SCENARIO	Pricing	2	START	1395135410665
SCENARIO	Pricing	24	START	1395135410665
SCENARIO	Pricing	16	START	1395135410665
SCENARIO	Pricing	25	START	1395135410665
SCENARIO	Pricing	15	START	1395135410665
SCENARIO	Pricing	13	START	1395135410665
SCENARIO	Pricing	1	START	1395135410665
SCENARIO	Pricing	7	START	1395135410665
SCENARIO	Pricing	19	START	1395135410665
SCENARIO	Pricing	5	START	1395135410665
SCENARIO	Pricing	21	START	1395135410665
ACTION	Pricing	11	price	1395135410789	1395135410810	1395135412312	1395135412312	OK	 
ACTION	Pricing	6	price	1395135410714	1395135410735	1395135412310	1395135412310	OK	 
ACTION	Pricing	4	price	1395135410744	1395135410763	1395135412292	1395135412309	OK	 
ACTION	Pricing	22	price	1395135410730	1395135410756	1395135412300	1395135412308	OK	 
ACTION	Pricing	21	price	1395135410826	1395135410829	1395135412291	1395135412306	OK	 
ACTION	Pricing	15	price	1395135410814	1395135410820	1395135412291	1395135412318	OK	 
ACTION	Pricing	7	price	1395135410816	1395135410821	1395135412311	1395135412311	OK	 
ACTION	Pricing	16	price	1395135410800	1395135410813	1395135412307	1395135412308	OK	 
ACTION	Pricing	25	price	1395135410802	1395135410820	1395135412313	1395135412337	OK	 
ACTION	Pricing	5	price	1395135410823	1395135410826	1395135412299	1395135412322	OK	 
ACTION	Pricing	23	price	1395135410764	1395135410768	1395135412319	1395135412320	OK	 
ACTION	Pricing	20	price	1395135410765	1395135410771	1395135412291	1395135412323	OK	 
ACTION	Pricing	14	price	1395135410714	1395135410736	1395135412320	1395135412320	OK	 
ACTION	Pricing	24	price	1395135410799	1395135410812	1395135412323	1395135412323	OK	 
ACTION	Pricing	10	price	1395135410720	1395135410758	1395135412317	1395135412330	OK	 
ACTION	Pricing	8	price	1395135410718	1395135410738	1395135412331	1395135412331	OK	 
ACTION	Pricing	12	price	1395135410732	1395135410756	1395135412334	1395135412334	OK	 
ACTION	Pricing	1	price	1395135410815	1395135410821	1395135412331	1395135412335	OK	 
ACTION	Pricing	13	price	1395135410814	1395135410820	1395135412337	1395135412338	OK	 
ACTION	Pricing	18	price	1395135410735	1395135410760	1395135412336	1395135412336	OK	 
ACTION	Pricing	9	price	1395135410715	1395135410736	1395135412336	1395135412336	OK	 
ACTION	Pricing	17	price	1395135410782	1395135410802	1395135412348	1395135412348	OK	 
ACTION	Pricing	2	price	1395135410789	1395135410813	1395135412321	1395135412321	OK	 
ACTION	Pricing	19	price	1395135410817	1395135410822	1395135412322	1395135412322	OK	 
ACTION	Pricing	3	price	1395135410732	1395135410757	1395135412353	1395135412354	OK	 
ACTION	Pricing	16	price	1395135412448	1395135412449	1395135412827	1395135412827	OK	 
ACTION	Pricing	6	price	1395135412445	1395135412447	1395135412841	1395135412841	OK	 
ACTION	Pricing	17	price	1395135412511	1395135412520	1395135412866	1395135412866	OK	 
ACTION	Pricing	21	price	1395135412434	1395135412437	1395135412888	1395135412888	OK	 
ACTION	Pricing	13	price	1395135412505	1395135412507	1395135412892	1395135412892	OK	 
ACTION	Pricing	1	price	1395135412501	1395135412504	1395135412934	1395135412935	OK	 
ACTION	Pricing	24	price	1395135412484	1395135412486	1395135412935	1395135412936	OK	 
ACTION	Pricing	22	price	1395135412462	1395135412466	1395135412959	1395135412959	OK	 
ACTION	Pricing	3	price	1395135412524	1395135412525	1395135413003	1395135413003	OK	 
ACTION	Pricing	7	price	1395135412452	1395135412457	1395135413079	1395135413080	OK	 
ACTION	Pricing	5	price	1395135412468	1395135412470	1395135413101	1395135413101	OK	 
ACTION	Pricing	20	price	1395135412476	1395135412478	1395135413128	1395135413128	OK	 
ACTION	Pricing	17	price	1395135412868	1395135412868	1395135413141	1395135413141	OK	 
ACTION	Pricing	15	price	1395135412449	1395135412458	1395135413196	1395135413196	OK	 
ACTION	Pricing	2	price	1395135412521	1395135412522	1395135413200	1395135413201	OK	 
ACTION	Pricing	19	price	1395135412522	1395135412523	1395135413203	1395135413204	OK	 
ACTION	Pricing	3	price	1395135413006	1395135413006	1395135413232	1395135413233	OK	 
ACTION	Pricing	18	price	1395135412508	1395135412509	1395135413263	1395135413263	OK	 
ACTION	Pricing	12	price	1395135412500	1395135412502	1395135413339	1395135413339	OK	 
ACTION	Pricing	22	price	1395135412961	1395135412961	1395135413396	1395135413397	OK	 
ACTION	Pricing	18	price	1395135413266	1395135413266	1395135413426	1395135413426	OK	 
ACTION	Pricing	13	price	1395135412894	1395135412895	1395135413460	1395135413461	OK	 
ACTION	Pricing	16	price	1395135412830	1395135412831	1395135413501	1395135413501	OK	 
ACTION	Pricing	22	price	1395135413398	1395135413399	1395135413532	1395135413532	OK	 
ACTION	Pricing	25	price	1395135412465	1395135412467	1395135413608	1395135413609	OK	 
ACTION	Pricing	11	price	1395135412457	1395135412459	1395135413611	1395135413612	OK	 
ACTION	Pricing	9	price	1395135412510	1395135412510	1395135413607	1395135413618	OK	 
ACTION	Pricing	17	price	1395135413142	1395135413143	1395135413640	1395135413640	OK	 
ACTION	Pricing	15	price	1395135413198	1395135413199	1395135413675	1395135413676	OK	 
ACTION	Pricing	1	price	1395135412937	1395135412937	1395135413768	1395135413768	OK	 
ACTION	Pricing	21	price	1395135412890	1395135412895	1395135413775	1395135413775	OK	 
ACTION	Pricing	5	price	1395135413103	1395135413103	1395135413789	1395135413790	OK	 
ACTION	Pricing	7	price	1395135413082	1395135413082	1395135413788	1395135413790	OK	 
ACTION	Pricing	22	price	1395135413534	1395135413534	1395135413852	1395135413853	OK	 
ACTION	Pricing	13	price	1395135413462	1395135413463	1395135413936	1395135413937	OK	 
ACTION	Pricing	20	price	1395135413130	1395135413130	1395135413943	1395135413944	OK	 
ACTION	Pricing	18	price	1395135413428	1395135413429	1395135413967	1395135413967	OK	 
ACTION	Pricing	22	price	1395135413854	1395135413855	1395135414018	1395135414018	OK	 
ACTION	Pricing	19	price	1395135413206	1395135413207	1395135414045	1395135414045	OK	 
ACTION	Pricing	23	price	1395135412471	1395135412475	1395135414046	1395135414046	OK	 
ACTION	Pricing	2	price	1395135413203	1395135413205	1395135414063	1395135414063	OK	 
ACTION	Pricing	1	price	1395135413770	1395135413770	1395135414099	1395135414100	OK	 
ACTION	Pricing	14	price	1395135412482	1395135412484	1395135414105	1395135414105	OK	 
ACTION	Pricing	2	price	1395135414064	1395135414065	1395135414151	1395135414151	OK	 
ACTION	Pricing	17	price	1395135413642	1395135413642	1395135414191	1395135414191	OK	 
ACTION	Pricing	24	price	1395135412938	1395135412938	1395135414212	1395135414213	OK	 
ACTION	Pricing	6	price	1395135412844	1395135412844	1395135414317	1395135414317	OK	 
ACTION	Pricing	3	price	1395135413234	1395135413235	1395135414341	1395135414341	OK	 
ACTION	Pricing	8	price	1395135412492	1395135412502	1395135414350	1395135414351	OK	 
ACTION	Pricing	4	price	1395135412460	1395135412465	1395135414382	1395135414382	OK	 
ACTION	Pricing	23	price	1395135414048	1395135414049	1395135414394	1395135414394	OK	 
ACTION	Pricing	15	price	1395135413677	1395135413678	1395135414840	1395135414841	OK	 
ACTION	Pricing	22	price	1395135414020	1395135414021	1395135414854	1395135414855	OK	 
ACTION	Pricing	20	price	1395135413946	1395135413946	1395135414853	1395135414854	OK	 
ACTION	Pricing	12	price	1395135413341	1395135413341	1395135414875	1395135414875	OK	 
ACTION	Pricing	11	price	1395135413615	1395135413616	1395135414875	1395135414875	OK	 
ACTION	Pricing	25	price	1395135413612	1395135413616	1395135414890	1395135414890	OK	 
ACTION	Pricing	14	price	1395135414107	1395135414108	1395135414892	1395135414892	OK	 
ACTION	Pricing	17	price	1395135414193	1395135414193	1395135414919	1395135414920	OK	 
ACTION	Pricing	9	price	1395135413621	1395135413622	1395135414967	1395135414967	OK	 
ACTION	Pricing	16	price	1395135413503	1395135413504	1395135414996	1395135414996	OK	 
ACTION	Pricing	1	price	1395135414101	1395135414102	1395135415003	1395135415003	OK	 
ACTION	Pricing	3	price	1395135414343	1395135414344	1395135415012	1395135415013	OK	 
ACTION	Pricing	2	price	1395135414153	1395135414154	1395135415018	1395135415019	OK	 
ACTION	Pricing	5	price	1395135413792	1395135413792	1395135415020	1395135415021	OK	 
ACTION	Pricing	19	price	1395135414047	1395135414047	1395135415039	1395135415039	OK	 
ACTION	Pricing	7	price	1395135413794	1395135413794	1395135415040	1395135415041	OK	 
ACTION	Pricing	4	price	1395135414385	1395135414386	1395135415042	1395135415043	OK	 
ACTION	Pricing	18	price	1395135413969	1395135413970	1395135415056	1395135415056	OK	 
ACTION	Pricing	23	price	1395135414396	1395135414396	1395135415088	1395135415089	OK	 
ACTION	Pricing	21	price	1395135413777	1395135413778	1395135415114	1395135415114	OK	 
ACTION	Pricing	6	price	1395135414319	1395135414320	1395135415141	1395135415141	OK	 
ACTION	Pricing	24	price	1395135414214	1395135414215	1395135415155	1395135415155	OK	 
ACTION	Pricing	13	price	1395135413938	1395135413939	1395135415182	1395135415182	OK	 
ACTION	Pricing	21	price	1395135415116	1395135415117	1395135415210	1395135415211	OK	 
ACTION	Pricing	23	price	1395135415091	1395135415091	1395135415275	1395135415275	OK	 
ACTION	Pricing	19	price	1395135415042	1395135415043	1395135415351	1395135415351	OK	 
ACTION	Pricing	3	price	1395135415014	1395135415015	1395135415367	1395135415367	OK	 
ACTION	Pricing	1	price	1395135415004	1395135415005	1395135415419	1395135415419	OK	 
ACTION	Pricing	16	price	1395135414998	1395135414999	1395135415450	1395135415451	OK	 
ACTION	Pricing	10	price	1395135412488	1395135412491	1395135415473	1395135415473	OK	 
ACTION	Pricing	12	price	1395135414878	1395135414878	1395135415573	1395135415574	OK	 
ACTION	Pricing	20	price	1395135414859	1395135414859	1395135415574	1395135415575	OK	 
ACTION	Pricing	22	price	1395135414857	1395135414857	1395135415629	1395135415630	OK	 
ACTION	Pricing	15	price	1395135414842	1395135414843	1395135415663	1395135415663	OK	 
ACTION	Pricing	8	price	1395135414353	1395135414353	1395135415673	1395135415674	OK	 
ACTION	Pricing	12	price	1395135415579	1395135415579	1395135415699	1395135415699	OK	 
ACTION	Pricing	20	price	1395135415576	1395135415578	1395135415739	1395135415739	OK	 
ACTION	Pricing	10	price	1395135415475	1395135415477	1395135415779	1395135415780	OK	 
ACTION	Pricing	9	price	1395135414968	1395135414969	1395135415806	1395135415807	OK	 
ACTION	Pricing	17	price	1395135414921	1395135414922	1395135415851	1395135415852	OK	 
ACTION	Pricing	25	price	1395135414893	1395135414893	1395135415882	1395135415882	OK	 
ACTION	Pricing	10	price	1395135415782	1395135415782	1395135415896	1395135415896	OK	 
ACTION	Pricing	16	price	1395135415452	1395135415453	1395135415916	1395135415916	OK	 
ACTION	Pricing	3	price	1395135415370	1395135415370	1395135415944	1395135415944	OK	 
ACTION	Pricing	19	price	1395135415353	1395135415354	1395135415978	1395135415978	OK	 
ACTION	Pricing	5	price	1395135415023	1395135415024	1395135415986	1395135415986	OK	 
ACTION	Pricing	23	price	1395135415277	1395135415278	1395135416054	1395135416055	OK	 
ACTION	Pricing	7	price	1395135415044	1395135415044	1395135416082	1395135416082	OK	 
ACTION	Pricing	21	price	1395135415213	1395135415214	1395135416111	1395135416112	OK	 
ACTION	Pricing	4	price	1395135415046	1395135415046	1395135416131	1395135416131	OK	 
ACTION	Pricing	18	price	1395135415058	1395135415059	1395135416158	1395135416159	OK	 
ACTION	Pricing	13	price	1395135415184	1395135415185	1395135416177	1395135416178	OK	 
ACTION	Pricing	24	price	1395135415157	1395135415157	1395135416242	1395135416242	OK	 
ACTION	Pricing	6	price	1395135415143	1395135415144	1395135416256	1395135416257	OK	 
ACTION	Pricing	4	price	1395135416133	1395135416134	1395135416314	1395135416314	OK	 
ACTION	Pricing	21	price	1395135416114	1395135416114	1395135416338	1395135416339	OK	 
ACTION	Pricing	7	price	1395135416084	1395135416085	1395135416366	1395135416366	OK	 
ACTION	Pricing	23	price	1395135416057	1395135416057	1395135416400	1395135416400	OK	 
ACTION	Pricing	2	price	1395135415020	1395135415021	1395135416494	1395135416494	OK	 
ACTION	Pricing	16	price	1395135415918	1395135415918	1395135416500	1395135416500	OK	 
ACTION	Pricing	3	price	1395135415946	1395135415947	1395135416502	1395135416502	OK	 
ACTION	Pricing	10	price	1395135415898	1395135415899	1395135416522	1395135416522	OK	 
ACTION	Pricing	25	price	1395135415884	1395135415884	1395135416577	1395135416578	OK	 
ACTION	Pricing	17	price	1395135415853	1395135415854	1395135416602	1395135416602	OK	 
ACTION	Pricing	11	price	1395135414879	1395135414880	1395135416645	1395135416645	OK	 
ACTION	Pricing	15	price	1395135415665	1395135415666	1395135416708	1395135416708	OK	 
ACTION	Pricing	8	price	1395135415675	1395135415676	1395135416862	1395135416862	OK	 
ACTION	Pricing	22	price	1395135415632	1395135415632	1395135416895	1395135416895	OK	 
ACTION	Pricing	12	price	1395135415701	1395135415701	1395135416896	1395135416896	OK	 
ACTION	Pricing	17	price	1395135416603	1395135416604	1395135416894	1395135416895	OK	 
ACTION	Pricing	20	price	1395135415741	1395135415742	1395135416915	1395135416915	OK	 
ACTION	Pricing	1	price	1395135415421	1395135415422	1395135416959	1395135416959	OK	 
ACTION	Pricing	10	price	1395135416524	1395135416524	1395135416983	1395135416983	OK	 
ACTION	Pricing	16	price	1395135416503	1395135416503	1395135417040	1395135417040	OK	 
ACTION	Pricing	2	price	1395135416496	1395135416496	1395135417051	1395135417051	OK	 
ACTION	Pricing	23	price	1395135416402	1395135416402	1395135417096	1395135417096	OK	 
ACTION	Pricing	7	price	1395135416368	1395135416369	1395135417113	1395135417113	OK	 
ACTION	Pricing	5	price	1395135415988	1395135415989	1395135417149	1395135417149	OK	 
ACTION	Pricing	4	price	1395135416316	1395135416317	1395135417202	1395135417202	OK	 
ACTION	Pricing	6	price	1395135416258	1395135416259	1395135417251	1395135417251	OK	 
ACTION	Pricing	24	price	1395135416244	1395135416244	1395135417287	1395135417288	OK	 
ACTION	Pricing	13	price	1395135416180	1395135416181	1395135417325	1395135417325	OK	 
ACTION	Pricing	18	price	1395135416160	1395135416161	1395135417340	1395135417340	OK	 
ACTION	Pricing	6	price	1395135417253	1395135417253	1395135417355	1395135417356	OK	 
ACTION	Pricing	4	price	1395135417204	1395135417204	1395135417393	1395135417394	OK	 
ACTION	Pricing	5	price	1395135417151	1395135417151	1395135417429	1395135417429	OK	 
ACTION	Pricing	21	price	1395135416341	1395135416341	1395135417439	1395135417439	OK	 
ACTION	Pricing	7	price	1395135417115	1395135417115	1395135417482	1395135417483	OK	 
ACTION	Pricing	19	price	1395135415980	1395135415980	1395135417508	1395135417509	OK	 
ACTION	Pricing	2	price	1395135417052	1395135417053	1395135417554	1395135417554	OK	 
ACTION	Pricing	10	price	1395135416985	1395135416986	1395135417621	1395135417621	OK	 
ACTION	Pricing	1	price	1395135416961	1395135416961	1395135417623	1395135417624	OK	 
ACTION	Pricing	20	price	1395135416916	1395135416917	1395135417644	1395135417645	OK	 
ACTION	Pricing	23	price	1395135417101	1395135417101	1395135417807	1395135417808	OK	 
ACTION	Pricing	5	price	1395135417431	1395135417432	1395135417828	1395135417828	OK	 
ACTION	Pricing	4	price	1395135417395	1395135417396	1395135417842	1395135417842	OK	 
ACTION	Pricing	6	price	1395135417357	1395135417357	1395135417884	1395135417884	OK	 
ACTION	Pricing	18	price	1395135417342	1395135417342	1395135417903	1395135417903	OK	 
ACTION	Pricing	13	price	1395135417327	1395135417327	1395135417962	1395135417962	OK	 
ACTION	Pricing	24	price	1395135417290	1395135417290	1395135417979	1395135417979	OK	 
ACTION	Pricing	6	price	1395135417886	1395135417886	1395135418000	1395135418001	OK	 
ACTION	Pricing	13	price	1395135417963	1395135417964	1395135418033	1395135418033	OK	 
ACTION	Pricing	11	price	1395135416647	1395135416648	1395135418155	1395135418155	OK	 
ACTION	Pricing	25	price	1395135416579	1395135416580	1395135418231	1395135418232	OK	 
ACTION	Pricing	12	price	1395135416898	1395135416900	1395135418269	1395135418270	OK	 
ACTION	Pricing	20	price	1395135417647	1395135417647	1395135418380	1395135418380	OK	 
ACTION	Pricing	1	price	1395135417626	1395135417626	1395135418412	1395135418412	OK	 
ACTION	Pricing	11	price	1395135418157	1395135418158	1395135418486	1395135418486	OK	 
ACTION	Pricing	14	price	1395135414895	1395135414895	1395135418531	1395135418531	OK	 
ACTION	Pricing	22	price	1395135416897	1395135416900	1395135418533	1395135418534	OK	 
ACTION	Pricing	19	price	1395135417510	1395135417511	1395135418547	1395135418548	OK	 
ACTION	Pricing	2	price	1395135417556	1395135417557	1395135418563	1395135418563	OK	 
ACTION	Pricing	7	price	1395135417484	1395135417485	1395135418564	1395135418565	OK	 
ACTION	Pricing	16	price	1395135417042	1395135417042	1395135418562	1395135418563	OK	 
ACTION	Pricing	25	price	1395135418233	1395135418234	1395135418570	1395135418570	OK	 
ACTION	Pricing	9	price	1395135415809	1395135415810	1395135418585	1395135418586	OK	 
ACTION	Pricing	4	price	1395135417843	1395135417843	1395135418586	1395135418586	OK	 
ACTION	Pricing	8	price	1395135416864	1395135416864	1395135418589	1395135418590	OK	 
ACTION	Pricing	23	price	1395135417809	1395135417810	1395135418645	1395135418646	OK	 
ACTION	Pricing	13	price	1395135418035	1395135418036	1395135418683	1395135418684	OK	 
ACTION	Pricing	6	price	1395135418002	1395135418003	1395135418706	1395135418707	OK	 
ACTION	Pricing	24	price	1395135417981	1395135417981	1395135418744	1395135418744	OK	 
ACTION	Pricing	6	price	1395135418709	1395135418710	1395135418782	1395135418783	OK	 
ACTION	Pricing	18	price	1395135417905	1395135417905	1395135418815	1395135418815	OK	 
ACTION	Pricing	17	price	1395135416899	1395135416900	1395135418869	1395135418870	OK	 
ACTION	Pricing	23	price	1395135418647	1395135418648	1395135418876	1395135418876	OK	 
ACTION	Pricing	20	price	1395135418382	1395135418383	1395135418889	1395135418890	OK	 
ACTION	Pricing	10	price	1395135417623	1395135417624	1395135418906	1395135418907	OK	 
ACTION	Pricing	5	price	1395135417830	1395135417831	1395135418907	1395135418907	OK	 
ACTION	Pricing	3	price	1395135416504	1395135416505	1395135418913	1395135418913	OK	 
ACTION	Pricing	4	price	1395135418588	1395135418589	1395135418970	1395135418971	OK	 
ACTION	Pricing	12	price	1395135418271	1395135418272	1395135418982	1395135418983	OK	 
ACTION	Pricing	22	price	1395135418535	1395135418536	1395135419029	1395135419029	OK	 
ACTION	Pricing	21	price	1395135417441	1395135417442	1395135419050	1395135419050	OK	 
ACTION	Pricing	17	price	1395135418871	1395135418872	1395135419058	1395135419058	OK	 
ACTION	Pricing	8	price	1395135418591	1395135418592	1395135419086	1395135419086	OK	 
ACTION	Pricing	9	price	1395135418590	1395135418591	1395135419109	1395135419109	OK	 
ACTION	Pricing	25	price	1395135418572	1395135418572	1395135419153	1395135419153	OK	 
ACTION	Pricing	16	price	1395135418569	1395135418569	1395135419177	1395135419178	OK	 
ACTION	Pricing	7	price	1395135418566	1395135418569	1395135419199	1395135419199	OK	 
ACTION	Pricing	2	price	1395135418565	1395135418567	1395135419219	1395135419219	OK	 
ACTION	Pricing	1	price	1395135418414	1395135418415	1395135419307	1395135419308	OK	 
ACTION	Pricing	7	price	1395135419201	1395135419201	1395135419341	1395135419341	OK	 
ACTION	Pricing	11	price	1395135418488	1395135418488	1395135419340	1395135419341	OK	 
ACTION	Pricing	14	price	1395135418533	1395135418534	1395135419376	1395135419376	OK	 
ACTION	Pricing	25	price	1395135419155	1395135419155	1395135419528	1395135419529	OK	 
ACTION	Pricing	16	price	1395135419180	1395135419180	1395135419531	1395135419531	OK	 
ACTION	Pricing	8	price	1395135419088	1395135419089	1395135419534	1395135419534	OK	 
ACTION	Pricing	19	price	1395135418550	1395135418550	1395135419535	1395135419535	OK	 
ACTION	Pricing	17	price	1395135419060	1395135419060	1395135419565	1395135419565	OK	 
ACTION	Pricing	21	price	1395135419051	1395135419052	1395135419584	1395135419584	OK	 
ACTION	Pricing	22	price	1395135419031	1395135419031	1395135419621	1395135419621	OK	 
ACTION	Pricing	12	price	1395135418984	1395135418985	1395135419654	1395135419654	OK	 
ACTION	Pricing	4	price	1395135418973	1395135418973	1395135419687	1395135419688	OK	 
ACTION	Pricing	20	price	1395135418891	1395135418892	1395135419738	1395135419738	OK	 
ACTION	Pricing	25	price	1395135419531	1395135419532	1395135419977	1395135419977	OK	 
ACTION	Pricing	18	price	1395135418817	1395135418818	1395135420046	1395135420046	OK	 
ACTION	Pricing	22	price	1395135419623	1395135419623	1395135420075	1395135420075	OK	 
ACTION	Pricing	13	price	1395135418685	1395135418686	1395135420078	1395135420078	OK	 
ACTION	Pricing	5	price	1395135418910	1395135418910	1395135420096	1395135420096	OK	 
ACTION	Pricing	4	price	1395135419690	1395135419690	1395135420099	1395135420099	OK	 
ACTION	Pricing	14	price	1395135419378	1395135419379	1395135420127	1395135420127	OK	 
ACTION	Pricing	9	price	1395135419111	1395135419111	1395135420165	1395135420165	OK	 
ACTION	Pricing	11	price	1395135419344	1395135419344	1395135420217	1395135420217	OK	 
ACTION	Pricing	7	price	1395135419342	1395135419343	1395135420245	1395135420246	OK	 
ACTION	Pricing	15	price	1395135416710	1395135416711	1395135420271	1395135420271	OK	 
ACTION	Pricing	1	price	1395135419310	1395135419310	1395135420270	1395135420271	OK	 
ACTION	Pricing	14	price	1395135420129	1395135420129	1395135420295	1395135420295	OK	 
ACTION	Pricing	4	price	1395135420101	1395135420101	1395135420326	1395135420326	OK	 
ACTION	Pricing	5	price	1395135420099	1395135420099	1395135420381	1395135420381	OK	 
ACTION	Pricing	13	price	1395135420082	1395135420083	1395135420400	1395135420400	OK	 
ACTION	Pricing	22	price	1395135420085	1395135420085	1395135420467	1395135420468	OK	 
ACTION	Pricing	18	price	1395135420048	1395135420048	1395135420472	1395135420473	OK	 
ACTION	Pricing	25	price	1395135419979	1395135419980	1395135420486	1395135420486	OK	 
ACTION	Pricing	24	price	1395135418746	1395135418747	1395135420525	1395135420526	OK	 
ACTION	Pricing	20	price	1395135419741	1395135419742	1395135420539	1395135420539	OK	 
ACTION	Pricing	6	price	1395135418785	1395135418785	1395135420550	1395135420550	OK	 
ACTION	Pricing	23	price	1395135418878	1395135418878	1395135420599	1395135420599	OK	 
ACTION	Pricing	12	price	1395135419656	1395135419656	1395135420668	1395135420668	OK	 
ACTION	Pricing	17	price	1395135419567	1395135419568	1395135420684	1395135420685	OK	 
ACTION	Pricing	21	price	1395135419586	1395135419588	1395135420695	1395135420695	OK	 
ACTION	Pricing	20	price	1395135420540	1395135420541	1395135420723	1395135420723	OK	 
ACTION	Pricing	16	price	1395135419534	1395135419537	1395135420734	1395135420735	OK	 
ACTION	Pricing	3	price	1395135418916	1395135418917	1395135420745	1395135420746	OK	 
ACTION	Pricing	12	price	1395135420670	1395135420671	1395135420777	1395135420777	OK	 
ACTION	Pricing	23	price	1395135420601	1395135420602	1395135420826	1395135420826	OK	 
ACTION	Pricing	19	price	1395135419539	1395135419539	1395135420843	1395135420843	OK	 
ACTION	Pricing	8	price	1395135419537	1395135419538	1395135420948	1395135420948	OK	 
ACTION	Pricing	25	price	1395135420488	1395135420488	1395135420957	1395135420957	OK	 
ACTION	Pricing	18	price	1395135420475	1395135420475	1395135420981	1395135420982	OK	 
ACTION	Pricing	22	price	1395135420469	1395135420470	1395135421029	1395135421029	OK	 
ACTION	Pricing	8	price	1395135420950	1395135420951	1395135421060	1395135421060	OK	 
ACTION	Pricing	13	price	1395135420402	1395135420403	1395135421097	1395135421098	OK	 
ACTION	Pricing	14	price	1395135420296	1395135420297	1395135421185	1395135421185	OK	 
ACTION	Pricing	15	price	1395135420274	1395135420274	1395135421194	1395135421194	OK	 
ACTION	Pricing	9	price	1395135420167	1395135420168	1395135421302	1395135421303	OK	 
ACTION	Pricing	2	price	1395135419221	1395135419221	1395135421331	1395135421331	OK	 
ACTION	Pricing	15	price	1395135421197	1395135421197	1395135421361	1395135421362	OK	 
ACTION	Pricing	7	price	1395135420247	1395135420248	1395135421382	1395135421383	OK	 
ACTION	Pricing	1	price	1395135420273	1395135420273	1395135421412	1395135421413	OK	 
ACTION	Pricing	13	price	1395135421099	1395135421100	1395135421471	1395135421471	OK	 
ACTION	Pricing	4	price	1395135420328	1395135420329	1395135421479	1395135421479	OK	 
ACTION	Pricing	8	price	1395135421062	1395135421063	1395135421516	1395135421517	OK	 
ACTION	Pricing	22	price	1395135421031	1395135421031	1395135421520	1395135421520	OK	 
ACTION	Pricing	18	price	1395135420983	1395135420984	1395135421552	1395135421552	OK	 
ACTION	Pricing	25	price	1395135420959	1395135420960	1395135421586	1395135421587	OK	 
ACTION	Pricing	10	price	1395135418909	1395135418909	1395135421622	1395135421622	OK	 
ACTION	Pricing	24	price	1395135420528	1395135420528	1395135421648	1395135421648	OK	 
ACTION	Pricing	6	price	1395135420552	1395135420552	1395135421694	1395135421694	OK	 
ACTION	Pricing	12	price	1395135420779	1395135420780	1395135421732	1395135421732	OK	 
ACTION	Pricing	16	price	1395135420736	1395135420737	1395135421757	1395135421757	OK	 
ACTION	Pricing	20	price	1395135420725	1395135420725	1395135421779	1395135421779	OK	 
ACTION	Pricing	21	price	1395135420697	1395135420697	1395135421830	1395135421830	OK	 
ACTION	Pricing	17	price	1395135420687	1395135420687	1395135421846	1395135421846	OK	 
ACTION	Pricing	20	price	1395135421785	1395135421786	1395135421900	1395135421900	OK	 
ACTION	Pricing	16	price	1395135421759	1395135421759	1395135421931	1395135421931	OK	 
ACTION	Pricing	12	price	1395135421734	1395135421734	1395135421968	1395135421968	OK	 
ACTION	Pricing	24	price	1395135421650	1395135421651	1395135422039	1395135422039	OK	 
ACTION	Pricing	6	price	1395135421696	1395135421696	1395135422049	1395135422049	OK	 
ACTION	Pricing	3	price	1395135420748	1395135420748	1395135422085	1395135422085	OK	 
ACTION	Pricing	25	price	1395135421589	1395135421590	1395135422113	1395135422113	OK	 
ACTION	Pricing	23	price	1395135420828	1395135420829	1395135422144	1395135422144	OK	 
ACTION	Pricing	18	price	1395135421553	1395135421554	1395135422157	1395135422158	OK	 
ACTION	Pricing	19	price	1395135420845	1395135420845	1395135422170	1395135422170	OK	 
ACTION	Pricing	25	price	1395135422115	1395135422115	1395135422230	1395135422230	OK	 
ACTION	Pricing	22	price	1395135421522	1395135421523	1395135422273	1395135422274	OK	 
ACTION	Pricing	4	price	1395135421481	1395135421482	1395135422299	1395135422299	OK	 
ACTION	Pricing	13	price	1395135421473	1395135421473	1395135422329	1395135422329	OK	 
ACTION	Pricing	1	price	1395135421414	1395135421415	1395135422355	1395135422355	OK	 
ACTION	Pricing	5	price	1395135420383	1395135420383	1395135422361	1395135422362	OK	 
ACTION	Pricing	9	price	1395135421305	1395135421305	1395135422480	1395135422480	OK	 
ACTION	Pricing	11	price	1395135420219	1395135420219	1395135422501	1395135422501	OK	 
ACTION	Pricing	14	price	1395135421187	1395135421188	1395135422501	1395135422501	OK	 
ACTION	Pricing	5	price	1395135422363	1395135422364	1395135422540	1395135422540	OK	 
ACTION	Pricing	15	price	1395135421363	1395135421364	1395135422557	1395135422557	OK	 
ACTION	Pricing	7	price	1395135421385	1395135421385	1395135422561	1395135422561	OK	 
ACTION	Pricing	13	price	1395135422331	1395135422332	1395135422582	1395135422583	OK	 
ACTION	Pricing	4	price	1395135422301	1395135422302	1395135422621	1395135422622	OK	 
ACTION	Pricing	22	price	1395135422275	1395135422276	1395135422661	1395135422661	OK	 
ACTION	Pricing	23	price	1395135422146	1395135422147	1395135422745	1395135422745	OK	 
ACTION	Pricing	3	price	1395135422087	1395135422088	1395135422775	1395135422776	OK	 
ACTION	Pricing	6	price	1395135422051	1395135422051	1395135422808	1395135422808	OK	 
ACTION	Pricing	24	price	1395135422041	1395135422042	1395135422854	1395135422855	OK	 
ACTION	Pricing	10	price	1395135421624	1395135421624	1395135422861	1395135422861	OK	 
ACTION	Pricing	12	price	1395135421970	1395135421971	1395135422893	1395135422893	OK	 
ACTION	Pricing	20	price	1395135421902	1395135421903	1395135422929	1395135422929	OK	 
ACTION	Pricing	21	price	1395135421832	1395135421832	1395135422973	1395135422973	OK	 
ACTION	Pricing	12	price	1395135422894	1395135422895	1395135423028	1395135423028	OK	 
ACTION	Pricing	16	price	1395135421933	1395135421933	1395135423084	1395135423085	OK	 
ACTION	Pricing	24	price	1395135422856	1395135422857	1395135423128	1395135423128	OK	 
ACTION	Pricing	6	price	1395135422810	1395135422810	1395135423139	1395135423140	OK	 
ACTION	Pricing	3	price	1395135422777	1395135422778	1395135423178	1395135423179	OK	 
ACTION	Pricing	23	price	1395135422747	1395135422748	1395135423202	1395135423202	OK	 
ACTION	Pricing	8	price	1395135421519	1395135421519	1395135423228	1395135423229	OK	 
ACTION	Pricing	22	price	1395135422663	1395135422663	1395135423342	1395135423342	OK	 
ACTION	Pricing	25	price	1395135422232	1395135422232	1395135423355	1395135423355	OK	 
ACTION	Pricing	19	price	1395135422172	1395135422172	1395135423360	1395135423360	OK	 
ACTION	Pricing	18	price	1395135422159	1395135422160	1395135423371	1395135423372	OK	 
ACTION	Pricing	4	price	1395135422623	1395135422624	1395135423384	1395135423384	OK	 
ACTION	Pricing	13	price	1395135422585	1395135422585	1395135423429	1395135423430	OK	 
ACTION	Pricing	7	price	1395135422562	1395135422563	1395135423460	1395135423460	OK	 
ACTION	Pricing	15	price	1395135422558	1395135422559	1395135423490	1395135423491	OK	 
ACTION	Pricing	5	price	1395135422542	1395135422543	1395135423513	1395135423514	OK	 
ACTION	Pricing	11	price	1395135422504	1395135422505	1395135423554	1395135423554	OK	 
ACTION	Pricing	1	price	1395135422357	1395135422357	1395135423571	1395135423572	OK	 
ACTION	Pricing	9	price	1395135422482	1395135422482	1395135423605	1395135423606	OK	 
ACTION	Pricing	2	price	1395135421334	1395135421334	1395135423640	1395135423641	OK	 
ACTION	Pricing	1	price	1395135423573	1395135423573	1395135423694	1395135423694	OK	 
ACTION	Pricing	11	price	1395135423556	1395135423556	1395135423727	1395135423727	OK	 
ACTION	Pricing	14	price	1395135422503	1395135422504	1395135423763	1395135423763	OK	 
ACTION	Pricing	15	price	1395135423493	1395135423493	1395135423824	1395135423824	OK	 
ACTION	Pricing	7	price	1395135423462	1395135423463	1395135423852	1395135423852	OK	 
ACTION	Pricing	13	price	1395135423431	1395135423432	1395135423878	1395135423879	OK	 
ACTION	Pricing	4	price	1395135423386	1395135423387	1395135423898	1395135423898	OK	 
ACTION	Pricing	18	price	1395135423373	1395135423374	1395135423942	1395135423943	OK	 
ACTION	Pricing	25	price	1395135423358	1395135423358	1395135423983	1395135423984	OK	 
ACTION	Pricing	22	price	1395135423344	1395135423344	1395135424004	1395135424004	OK	 
ACTION	Pricing	8	price	1395135423230	1395135423231	1395135424047	1395135424047	OK	 
ACTION	Pricing	6	price	1395135423141	1395135423142	1395135424108	1395135424109	OK	 
ACTION	Pricing	16	price	1395135423087	1395135423088	1395135424212	1395135424212	OK	 
ACTION	Pricing	17	price	1395135421848	1395135421848	1395135424223	1395135424224	OK	 
ACTION	Pricing	21	price	1395135422975	1395135422975	1395135424252	1395135424252	OK	 
ACTION	Pricing	10	price	1395135422863	1395135422863	1395135424268	1395135424268	OK	 
ACTION	Pricing	20	price	1395135422932	1395135422932	1395135424309	1395135424309	OK	 
ACTION	Pricing	16	price	1395135424214	1395135424215	1395135424315	1395135424316	OK	 
ACTION	Pricing	12	price	1395135423030	1395135423030	1395135424345	1395135424346	OK	 
ACTION	Pricing	24	price	1395135423129	1395135423130	1395135424377	1395135424377	OK	 
ACTION	Pricing	8	price	1395135424049	1395135424050	1395135424408	1395135424408	OK	 
ACTION	Pricing	3	price	1395135423180	1395135423181	1395135424417	1395135424417	OK	 
ACTION	Pricing	22	price	1395135424006	1395135424007	1395135424462	1395135424462	OK	 
ACTION	Pricing	23	price	1395135423204	1395135423204	1395135424520	1395135424521	OK	 
ACTION	Pricing	18	price	1395135423944	1395135423945	1395135424537	1395135424537	OK	 
ACTION	Pricing	4	price	1395135423899	1395135423900	1395135424570	1395135424570	OK	 
ACTION	Pricing	19	price	1395135423362	1395135423363	1395135424586	1395135424587	OK	 
ACTION	Pricing	13	price	1395135423880	1395135423881	1395135424629	1395135424629	OK	 
ACTION	Pricing	7	price	1395135423853	1395135423854	1395135424657	1395135424657	OK	 
ACTION	Pricing	15	price	1395135423826	1395135423828	1395135424673	1395135424673	OK	 
ACTION	Pricing	13	price	1395135424631	1395135424631	1395135424746	1395135424747	OK	 
ACTION	Pricing	14	price	1395135423765	1395135423765	1395135424757	1395135424758	OK	 
ACTION	Pricing	11	price	1395135423728	1395135423729	1395135424792	1395135424792	OK	 
ACTION	Pricing	1	price	1395135423696	1395135423697	1395135424873	1395135424874	OK	 
ACTION	Pricing	2	price	1395135423643	1395135423644	1395135424910	1395135424911	OK	 
ACTION	Pricing	7	price	1395135424659	1395135424659	1395135425007	1395135425007	OK	 
ACTION	Pricing	19	price	1395135424588	1395135424589	1395135425045	1395135425046	OK	 
ACTION	Pricing	4	price	1395135424572	1395135424573	1395135425085	1395135425086	OK	 
ACTION	Pricing	23	price	1395135424522	1395135424523	1395135425117	1395135425117	OK	 
ACTION	Pricing	22	price	1395135424464	1395135424464	1395135425164	1395135425164	OK	 
ACTION	Pricing	3	price	1395135424419	1395135424420	1395135425183	1395135425184	OK	 
ACTION	Pricing	25	price	1395135423985	1395135423986	1395135425235	1395135425235	OK	 
ACTION	Pricing	24	price	1395135424379	1395135424379	1395135425266	1395135425267	OK	 
ACTION	Pricing	12	price	1395135424347	1395135424348	1395135425284	1395135425284	OK	 
ACTION	Pricing	6	price	1395135424110	1395135424111	1395135425321	1395135425322	OK	 
ACTION	Pricing	17	price	1395135424225	1395135424226	1395135425389	1395135425389	OK	 
ACTION	Pricing	6	price	1395135425323	1395135425324	1395135425409	1395135425409	OK	 
ACTION	Pricing	21	price	1395135424254	1395135424254	1395135425425	1395135425426	OK	 
ACTION	Pricing	10	price	1395135424278	1395135424278	1395135425489	1395135425489	OK	 
ACTION	Pricing	12	price	1395135425286	1395135425287	1395135425489	1395135425489	OK	 
ACTION	Pricing	20	price	1395135424311	1395135424311	1395135425539	1395135425539	OK	 
ACTION	Pricing	16	price	1395135424317	1395135424318	1395135425553	1395135425553	OK	 
ACTION	Pricing	3	price	1395135425187	1395135425187	1395135425597	1395135425597	OK	 
ACTION	Pricing	8	price	1395135424410	1395135424411	1395135425649	1395135425649	OK	 
ACTION	Pricing	23	price	1395135425119	1395135425119	1395135425681	1395135425681	OK	 
ACTION	Pricing	4	price	1395135425087	1395135425088	1395135425744	1395135425745	OK	 
ACTION	Pricing	19	price	1395135425050	1395135425051	1395135425758	1395135425758	OK	 
ACTION	Pricing	9	price	1395135423607	1395135423608	1395135425804	1395135425804	OK	 
ACTION	Pricing	11	price	1395135424794	1395135424794	1395135425810	1395135425810	OK	 
ACTION	Pricing	18	price	1395135424538	1395135424539	1395135425811	1395135425811	OK	 
ACTION	Pricing	14	price	1395135424759	1395135424760	1395135425810	1395135425812	OK	 
ACTION	Pricing	13	price	1395135424749	1395135424749	1395135425843	1395135425843	OK	 
ACTION	Pricing	5	price	1395135423515	1395135423516	1395135425861	1395135425862	OK	 
ACTION	Pricing	4	price	1395135425746	1395135425747	1395135425878	1395135425879	OK	 
ACTION	Pricing	15	price	1395135424675	1395135424676	1395135425895	1395135425895	OK	 
ACTION	Pricing	2	price	1395135424912	1395135424913	1395135425966	1395135425966	OK	 
ACTION	Pricing	13	price	1395135425845	1395135425846	1395135425995	1395135425996	OK	 
ACTION	Pricing	1	price	1395135424875	1395135424876	1395135425995	1395135425996	OK	 
ACTION	Pricing	14	price	1395135425814	1395135425815	1395135426073	1395135426074	OK	 
ACTION	Pricing	11	price	1395135425812	1395135425812	1395135426092	1395135426092	OK	 
ACTION	Pricing	7	price	1395135425009	1395135425010	1395135426183	1395135426184	OK	 
ACTION	Pricing	23	price	1395135425683	1395135425684	1395135426193	1395135426193	OK	 
ACTION	Pricing	19	price	1395135425760	1395135425760	1395135426194	1395135426194	OK	 
ACTION	Pricing	8	price	1395135425651	1395135425652	1395135426249	1395135426249	OK	 
ACTION	Pricing	3	price	1395135425598	1395135425599	1395135426254	1395135426254	OK	 
ACTION	Pricing	22	price	1395135425165	1395135425166	1395135426265	1395135426266	OK	 
ACTION	Pricing	16	price	1395135425555	1395135425556	1395135426288	1395135426289	OK	 
ACTION	Pricing	20	price	1395135425540	1395135425541	1395135426312	1395135426312	OK	 
ACTION	Pricing	10	price	1395135425492	1395135425492	1395135426372	1395135426372	OK	 
ACTION	Pricing	25	price	1395135425237	1395135425237	1395135426436	1395135426436	OK	 
ACTION	Pricing	21	price	1395135425427	1395135425428	1395135426510	1395135426511	OK	 
ACTION	Pricing	10	price	1395135426374	1395135426375	1395135426729	1395135426729	OK	 
ACTION	Pricing	17	price	1395135425391	1395135425391	1395135426730	1395135426730	OK	 
ACTION	Pricing	12	price	1395135425490	1395135425491	1395135426747	1395135426747	OK	 
ACTION	Pricing	7	price	1395135426186	1395135426187	1395135426770	1395135426771	OK	 
ACTION	Pricing	14	price	1395135426075	1395135426076	1395135426771	1395135426773	OK	 
ACTION	Pricing	1	price	1395135425999	1395135425999	1395135426791	1395135426791	OK	 
ACTION	Pricing	13	price	1395135425998	1395135425998	1395135426839	1395135426839	OK	 
ACTION	Pricing	9	price	1395135425806	1395135425806	1395135426855	1395135426856	OK	 
ACTION	Pricing	2	price	1395135425968	1395135425968	1395135426894	1395135426894	OK	 
ACTION	Pricing	18	price	1395135425813	1395135425815	1395135426908	1395135426909	OK	 
ACTION	Pricing	15	price	1395135425897	1395135425897	1395135426944	1395135426944	OK	 
ACTION	Pricing	5	price	1395135425863	1395135425864	1395135426969	1395135426969	OK	 
ACTION	Pricing	4	price	1395135425880	1395135425881	1395135427016	1395135427016	OK	 
ACTION	Pricing	13	price	1395135426841	1395135426841	1395135427084	1395135427084	OK	 
ACTION	Pricing	1	price	1395135426792	1395135426793	1395135427097	1395135427097	OK	 
ACTION	Pricing	12	price	1395135426749	1395135426749	1395135427149	1395135427150	OK	 
ACTION	Pricing	17	price	1395135426733	1395135426734	1395135427196	1395135427196	OK	 
ACTION	Pricing	11	price	1395135426094	1395135426094	1395135427199	1395135427199	OK	 
ACTION	Pricing	24	price	1395135425269	1395135425269	1395135427207	1395135427207	OK	 
ACTION	Pricing	6	price	1395135425411	1395135425412	1395135427225	1395135427226	OK	 
ACTION	Pricing	22	price	1395135426267	1395135426268	1395135427259	1395135427259	OK	 
ACTION	Pricing	3	price	1395135426255	1395135426256	1395135427278	1395135427279	OK	 
ACTION	Pricing	19	price	1395135426197	1395135426198	1395135427289	1395135427290	OK	 
ACTION	Pricing	20	price	1395135426314	1395135426314	1395135427349	1395135427349	OK	 
ACTION	Pricing	22	price	1395135427261	1395135427262	1395135427372	1395135427372	OK	 
ACTION	Pricing	17	price	1395135427197	1395135427198	1395135427450	1395135427450	OK	 
ACTION	Pricing	25	price	1395135426439	1395135426440	1395135427497	1395135427497	OK	 
ACTION	Pricing	21	price	1395135426512	1395135426513	1395135427530	1395135427531	OK	 
ACTION	Pricing	12	price	1395135427151	1395135427152	1395135427570	1395135427570	OK	 
ACTION	Pricing	10	price	1395135426731	1395135426732	1395135427615	1395135427615	OK	 
ACTION	Pricing	1	price	1395135427098	1395135427099	1395135427635	1395135427635	OK	 
ACTION	Pricing	13	price	1395135427086	1395135427086	1395135427670	1395135427670	OK	 
ACTION	Pricing	7	price	1395135426773	1395135426775	1395135427678	1395135427678	OK	 
ACTION	Pricing	14	price	1395135426775	1395135426776	1395135427695	1395135427695	OK	 
ACTION	Pricing	9	price	1395135426858	1395135426858	1395135427709	1395135427709	OK	 
ACTION	Pricing	15	price	1395135426946	1395135426946	1395135427765	1395135427765	OK	 
ACTION	Pricing	2	price	1395135426896	1395135426897	1395135427787	1395135427787	OK	 
ACTION	Pricing	9	price	1395135427710	1395135427711	1395135427819	1395135427819	OK	 
ACTION	Pricing	18	price	1395135426910	1395135426911	1395135427852	1395135427853	OK	 
ACTION	Pricing	5	price	1395135426970	1395135426971	1395135427870	1395135427870	OK	 
ACTION	Pricing	13	price	1395135427671	1395135427672	1395135427911	1395135427912	OK	 
ACTION	Pricing	10	price	1395135427617	1395135427618	1395135428026	1395135428027	OK	 
ACTION	Pricing	12	price	1395135427574	1395135427574	1395135428059	1395135428059	OK	 
ACTION	Pricing	21	price	1395135427532	1395135427533	1395135428111	1395135428111	OK	 
ACTION	Pricing	23	price	1395135426197	1395135426197	1395135428131	1395135428131	OK	 
ACTION	Pricing	24	price	1395135427208	1395135427213	1395135428151	1395135428151	OK	 
ACTION	Pricing	16	price	1395135426290	1395135426291	1395135428160	1395135428160	OK	 
ACTION	Pricing	8	price	1395135426251	1395135426251	1395135428208	1395135428208	OK	 
ACTION	Pricing	6	price	1395135427227	1395135427228	1395135428211	1395135428212	OK	 
ACTION	Pricing	20	price	1395135427351	1395135427351	1395135428363	1395135428363	OK	 
ACTION	Pricing	22	price	1395135427374	1395135427374	1395135428365	1395135428366	OK	 
ACTION	Pricing	10	price	1395135428029	1395135428029	1395135428397	1395135428397	OK	 
ACTION	Pricing	17	price	1395135427451	1395135427452	1395135428423	1395135428423	OK	 
ACTION	Pricing	25	price	1395135427499	1395135427499	1395135428441	1395135428441	OK	 
ACTION	Pricing	4	price	1395135427018	1395135427018	1395135428491	1395135428491	OK	 
ACTION	Pricing	1	price	1395135427636	1395135427637	1395135428493	1395135428494	OK	 
ACTION	Pricing	5	price	1395135427872	1395135427872	1395135428507	1395135428507	OK	 
ACTION	Pricing	18	price	1395135427855	1395135427855	1395135428556	1395135428556	OK	 
ACTION	Pricing	2	price	1395135427788	1395135427788	1395135428604	1395135428604	OK	 
ACTION	Pricing	15	price	1395135427767	1395135427767	1395135428629	1395135428630	OK	 
ACTION	Pricing	18	price	1395135428562	1395135428562	1395135428687	1395135428687	OK	 
ACTION	Pricing	7	price	1395135427680	1395135427680	1395135428731	1395135428732	OK	 
ACTION	Pricing	14	price	1395135427696	1395135427696	1395135428731	1395135428732	OK	 
ACTION	Pricing	5	price	1395135428509	1395135428509	1395135428740	1395135428741	OK	 
ACTION	Pricing	1	price	1395135428495	1395135428496	1395135428805	1395135428805	OK	 
ACTION	Pricing	9	price	1395135427821	1395135427821	1395135428807	1395135428807	OK	 
ACTION	Pricing	25	price	1395135428443	1395135428443	1395135428863	1395135428863	OK	 
ACTION	Pricing	13	price	1395135427913	1395135427914	1395135428949	1395135428950	OK	 
ACTION	Pricing	10	price	1395135428399	1395135428399	1395135428950	1395135428950	OK	 
ACTION	Pricing	22	price	1395135428368	1395135428368	1395135428966	1395135428966	OK	 
ACTION	Pricing	3	price	1395135427280	1395135427281	1395135429003	1395135429003	OK	 
ACTION	Pricing	20	price	1395135428366	1395135428367	1395135429056	1395135429057	OK	 
ACTION	Pricing	16	price	1395135428162	1395135428163	1395135429058	1395135429059	OK	 
ACTION	Pricing	11	price	1395135427200	1395135427201	1395135429075	1395135429076	OK	 
ACTION	Pricing	21	price	1395135428113	1395135428113	1395135429134	1395135429135	OK	 
ACTION	Pricing	19	price	1395135427291	1395135427291	1395135429159	1395135429159	OK	 
ACTION	Pricing	3	price	1395135429005	1395135429005	1395135429171	1395135429171	OK	 
ACTION	Pricing	24	price	1395135428153	1395135428153	1395135429203	1395135429204	OK	 
ACTION	Pricing	6	price	1395135428213	1395135428214	1395135429228	1395135429228	OK	 
ACTION	Pricing	8	price	1395135428210	1395135428211	1395135429244	1395135429244	OK	 
ACTION	Pricing	21	price	1395135429136	1395135429137	1395135429272	1395135429272	OK	 
ACTION	Pricing	11	price	1395135429077	1395135429078	1395135429299	1395135429300	OK	 
ACTION	Pricing	20	price	1395135429059	1395135429059	1395135429350	1395135429350	OK	 
ACTION	Pricing	23	price	1395135428133	1395135428133	1395135429375	1395135429376	OK	 
ACTION	Pricing	13	price	1395135428952	1395135428952	1395135429466	1395135429466	OK	 
ACTION	Pricing	9	price	1395135428809	1395135428810	1395135429489	1395135429490	OK	 
ACTION	Pricing	17	price	1395135428426	1395135428426	1395135429587	1395135429588	OK	 
ACTION	Pricing	5	price	1395135428742	1395135428742	1395135429592	1395135429592	OK	 
ACTION	Pricing	7	price	1395135428734	1395135428735	1395135429610	1395135429610	OK	 
ACTION	Pricing	14	price	1395135428733	1395135428734	1395135429625	1395135429625	OK	 
ACTION	Pricing	4	price	1395135428494	1395135428494	1395135429641	1395135429641	OK	 
ACTION	Pricing	15	price	1395135428631	1395135428632	1395135429682	1395135429683	OK	 
ACTION	Pricing	2	price	1395135428606	1395135428607	1395135429721	1395135429721	OK	 
ACTION	Pricing	4	price	1395135429643	1395135429643	1395135429768	1395135429768	OK	 
ACTION	Pricing	14	price	1395135429627	1395135429627	1395135429809	1395135429810	OK	 
ACTION	Pricing	5	price	1395135429593	1395135429594	1395135429836	1395135429836	OK	 
ACTION	Pricing	17	price	1395135429589	1395135429590	1395135429873	1395135429874	OK	 
ACTION	Pricing	18	price	1395135428689	1395135428689	1395135429908	1395135429908	OK	 
ACTION	Pricing	9	price	1395135429491	1395135429492	1395135429936	1395135429936	OK	 
ACTION	Pricing	1	price	1395135428808	1395135428808	1395135429968	1395135429969	OK	 
ACTION	Pricing	22	price	1395135428967	1395135428968	1395135429995	1395135429995	OK	 
ACTION	Pricing	25	price	1395135428865	1395135428865	1395135430053	1395135430053	OK	 
ACTION	Pricing	10	price	1395135428951	1395135428952	1395135430053	1395135430053	OK	 
ACTION	Pricing	23	price	1395135429377	1395135429378	1395135430187	1395135430187	OK	 
ACTION	Pricing	20	price	1395135429352	1395135429353	1395135430244	1395135430244	OK	 
ACTION	Pricing	12	price	1395135428061	1395135428061	1395135430262	1395135430263	OK	 
ACTION	Pricing	21	price	1395135429274	1395135429275	1395135430317	1395135430318	OK	 
ACTION	Pricing	8	price	1395135429246	1395135429246	1395135430322	1395135430323	OK	 
ACTION	Pricing	16	price	1395135429060	1395135429061	1395135430324	1395135430324	OK	 
ACTION	Pricing	6	price	1395135429229	1395135429230	1395135430345	1395135430345	OK	 
ACTION	Pricing	24	price	1395135429205	1395135429206	1395135430344	1395135430345	OK	 
ACTION	Pricing	3	price	1395135429173	1395135429174	1395135430403	1395135430403	OK	 
ACTION	Pricing	19	price	1395135429161	1395135429161	1395135430420	1395135430420	OK	 
ACTION	Pricing	10	price	1395135430056	1395135430057	1395135430428	1395135430429	OK	 
ACTION	Pricing	25	price	1395135430055	1395135430056	1395135430453	1395135430453	OK	 
ACTION	Pricing	11	price	1395135429302	1395135429303	1395135430472	1395135430472	OK	 
ACTION	Pricing	22	price	1395135429997	1395135429997	1395135430506	1395135430506	OK	 
ACTION	Pricing	1	price	1395135429970	1395135429971	1395135430551	1395135430551	OK	 
ACTION	Pricing	9	price	1395135429938	1395135429938	1395135430552	1395135430552	OK	 
ACTION	Pricing	17	price	1395135429876	1395135429876	1395135430595	1395135430596	OK	 
ACTION	Pricing	5	price	1395135429838	1395135429839	1395135430647	1395135430647	OK	 
ACTION	Pricing	14	price	1395135429811	1395135429812	1395135430726	1395135430727	OK	 
ACTION	Pricing	4	price	1395135429770	1395135429770	1395135430734	1395135430734	OK	 
ACTION	Pricing	2	price	1395135429722	1395135429723	1395135430770	1395135430770	OK	 
ACTION	Pricing	15	price	1395135429684	1395135429685	1395135430795	1395135430795	OK	 
ACTION	Pricing	14	price	1395135430729	1395135430730	1395135430887	1395135430888	OK	 
ACTION	Pricing	7	price	1395135429612	1395135429612	1395135430902	1395135430902	OK	 
ACTION	Pricing	5	price	1395135430649	1395135430649	1395135430915	1395135430915	OK	 
ACTION	Pricing	17	price	1395135430597	1395135430598	1395135430947	1395135430947	OK	 
ACTION	Pricing	13	price	1395135429468	1395135429469	1395135430975	1395135430975	OK	 
ACTION	Pricing	9	price	1395135430553	1395135430554	1395135430998	1395135430999	OK	 
ACTION	Pricing	11	price	1395135430474	1395135430474	1395135431054	1395135431054	OK	 
ACTION	Pricing	18	price	1395135429911	1395135429911	1395135431063	1395135431063	OK	 
ACTION	Pricing	25	price	1395135430455	1395135430456	1395135431123	1395135431123	OK	 
ACTION	Pricing	6	price	1395135430348	1395135430348	1395135431223	1395135431223	OK	 
ACTION	Pricing	8	price	1395135430324	1395135430325	1395135431263	1395135431264	OK	 
ACTION	Pricing	21	price	1395135430319	1395135430320	1395135431286	1395135431286	OK	 
ACTION	Pricing	12	price	1395135430264	1395135430265	1395135431337	1395135431337	OK	 
ACTION	Pricing	20	price	1395135430246	1395135430246	1395135431381	1395135431381	OK	 
ACTION	Pricing	23	price	1395135430189	1395135430190	1395135431394	1395135431394	OK	 
ACTION	Pricing	8	price	1395135431265	1395135431266	1395135431456	1395135431456	OK	 
ACTION	Pricing	10	price	1395135430430	1395135430431	1395135431515	1395135431516	OK	 
ACTION	Pricing	6	price	1395135431226	1395135431226	1395135431522	1395135431522	OK	 
ACTION	Pricing	3	price	1395135430405	1395135430406	1395135431572	1395135431572	OK	 
ACTION	Pricing	19	price	1395135430422	1395135430423	1395135431574	1395135431574	OK	 
ACTION	Pricing	24	price	1395135430347	1395135430348	1395135431597	1395135431598	OK	 
ACTION	Pricing	10	price	1395135431517	1395135431518	1395135431628	1395135431628	OK	 
ACTION	Pricing	25	price	1395135431125	1395135431126	1395135431659	1395135431660	OK	 
ACTION	Pricing	11	price	1395135431056	1395135431056	1395135431672	1395135431672	OK	 
ACTION	Pricing	9	price	1395135431000	1395135431000	1395135431732	1395135431732	OK	 
ACTION	Pricing	13	price	1395135430977	1395135430978	1395135431758	1395135431758	OK	 
ACTION	Pricing	17	price	1395135430948	1395135430949	1395135431798	1395135431798	OK	 
ACTION	Pricing	5	price	1395135430916	1395135430917	1395135431824	1395135431825	OK	 
ACTION	Pricing	7	price	1395135430904	1395135430904	1395135431859	1395135431859	OK	 
ACTION	Pricing	14	price	1395135430889	1395135430890	1395135431909	1395135431909	OK	 
ACTION	Pricing	15	price	1395135430797	1395135430797	1395135431946	1395135431946	OK	 
ACTION	Pricing	2	price	1395135430772	1395135430773	1395135431976	1395135431977	OK	 
ACTION	Pricing	4	price	1395135430740	1395135430740	1395135431999	1395135431999	OK	 
ACTION	Pricing	7	price	1395135431862	1395135431862	1395135432038	1395135432038	OK	 
ACTION	Pricing	13	price	1395135431760	1395135431760	1395135432115	1395135432116	OK	 
ACTION	Pricing	22	price	1395135430507	1395135430508	1395135432162	1395135432162	OK	 
ACTION	Pricing	9	price	1395135431733	1395135431734	1395135432166	1395135432166	OK	 
ACTION	Pricing	25	price	1395135431661	1395135431662	1395135432198	1395135432198	OK	 
ACTION	Pricing	10	price	1395135431630	1395135431630	1395135432249	1395135432250	OK	 
ACTION	Pricing	18	price	1395135431065	1395135431065	1395135432294	1395135432294	OK	 
ACTION	Pricing	19	price	1395135431576	1395135431576	1395135432334	1395135432334	OK	 
ACTION	Pricing	16	price	1395135430326	1395135430326	1395135432345	1395135432346	OK	 
ACTION	Pricing	6	price	1395135431524	1395135431525	1395135432380	1395135432380	OK	 
ACTION	Pricing	8	price	1395135431457	1395135431458	1395135432396	1395135432396	OK	 
ACTION	Pricing	23	price	1395135431395	1395135431396	1395135432439	1395135432440	OK	 
ACTION	Pricing	20	price	1395135431383	1395135431383	1395135432457	1395135432458	OK	 
ACTION	Pricing	21	price	1395135431288	1395135431289	1395135432473	1395135432474	OK	 
ACTION	Pricing	12	price	1395135431339	1395135431339	1395135432537	1395135432537	OK	 
ACTION	Pricing	23	price	1395135432441	1395135432441	1395135432564	1395135432565	OK	 
ACTION	Pricing	8	price	1395135432398	1395135432398	1395135432598	1395135432598	OK	 
ACTION	Pricing	16	price	1395135432347	1395135432347	1395135432611	1395135432611	OK	 
ACTION	Pricing	19	price	1395135432335	1395135432336	1395135432672	1395135432672	OK	 
ACTION	Pricing	18	price	1395135432296	1395135432297	1395135432685	1395135432685	OK	 
ACTION	Pricing	3	price	1395135431575	1395135431575	1395135432798	1395135432798	OK	 
ACTION	Pricing	24	price	1395135431600	1395135431600	1395135432805	1395135432805	OK	 
ACTION	Pricing	25	price	1395135432199	1395135432200	1395135432840	1395135432841	OK	 
ACTION	Pricing	9	price	1395135432168	1395135432168	1395135432870	1395135432870	OK	 
ACTION	Pricing	11	price	1395135431674	1395135431675	1395135432948	1395135432948	OK	 
ACTION	Pricing	17	price	1395135431799	1395135431800	1395135432976	1395135432977	OK	 
ACTION	Pricing	5	price	1395135431826	1395135431827	1395135432988	1395135432988	OK	 
ACTION	Pricing	7	price	1395135432040	1395135432041	1395135433003	1395135433003	OK	 
ACTION	Pricing	11	price	1395135432950	1395135432951	1395135433045	1395135433046	OK	 
ACTION	Pricing	1	price	1395135430554	1395135430555	1395135433073	1395135433073	OK	 
ACTION	Pricing	14	price	1395135431911	1395135431911	1395135433090	1395135433090	OK	 
ACTION	Pricing	2	price	1395135431979	1395135431979	1395135433174	1395135433174	OK	 
ACTION	Pricing	17	price	1395135432978	1395135432979	1395135433220	1395135433220	OK	 
ACTION	Pricing	9	price	1395135432871	1395135432872	1395135433267	1395135433268	OK	 
ACTION	Pricing	4	price	1395135432000	1395135432001	1395135433306	1395135433306	OK	 
ACTION	Pricing	25	price	1395135432843	1395135432843	1395135433337	1395135433337	OK	 
ACTION	Pricing	13	price	1395135432117	1395135432118	1395135433382	1395135433382	OK	 
ACTION	Pricing	24	price	1395135432807	1395135432807	1395135433410	1395135433410	OK	 
ACTION	Pricing	3	price	1395135432800	1395135432800	1395135433446	1395135433446	OK	 
ACTION	Pricing	22	price	1395135432164	1395135432164	1395135433453	1395135433453	OK	 
ACTION	Pricing	10	price	1395135432251	1395135432252	1395135433498	1395135433498	OK	 
ACTION	Pricing	3	price	1395135433448	1395135433448	1395135433517	1395135433517	OK	 
ACTION	Pricing	8	price	1395135432599	1395135432600	1395135433557	1395135433557	OK	 
ACTION	Pricing	12	price	1395135432539	1395135432540	1395135433633	1395135433633	OK	 
ACTION	Pricing	23	price	1395135432566	1395135432567	1395135433635	1395135433635	OK	 
ACTION	Pricing	6	price	1395135432382	1395135432382	1395135433658	1395135433658	OK	 
ACTION	Pricing	21	price	1395135432476	1395135432476	1395135433700	1395135433701	OK	 
ACTION	Pricing	20	price	1395135432460	1395135432460	1395135433734	1395135433734	OK	 
ACTION	Pricing	15	price	1395135431948	1395135431948	1395135433834	1395135433834	OK	 
ACTION	Pricing	6	price	1395135433660	1395135433660	1395135433930	1395135433930	OK	 
ACTION	Pricing	1	price	1395135433075	1395135433075	1395135434188	1395135434188	OK	 
ACTION	Pricing	7	price	1395135433005	1395135433006	1395135434282	1395135434282	OK	 
ACTION	Pricing	3	price	1395135433519	1395135433519	1395135434315	1395135434315	OK	 
ACTION	Pricing	17	price	1395135433222	1395135433222	1395135434320	1395135434320	OK	 
ACTION	Pricing	8	price	1395135433558	1395135433558	1395135434324	1395135434325	OK	 
ACTION	Pricing	12	price	1395135433635	1395135433635	1395135434329	1395135434329	OK	 
ACTION	Pricing	23	price	1395135433636	1395135433637	1395135434329	1395135434329	OK	 
ACTION	Pricing	22	price	1395135433455	1395135433455	1395135434334	1395135434335	OK	 
ACTION	Pricing	10	price	1395135433499	1395135433500	1395135434341	1395135434342	OK	 
ACTION	Pricing	14	price	1395135433091	1395135433092	1395135434342	1395135434342	OK	 
ACTION	Pricing	18	price	1395135432687	1395135432687	1395135434343	1395135434343	OK	 
ACTION	Pricing	24	price	1395135433412	1395135433413	1395135434345	1395135434345	OK	 
ACTION	Pricing	25	price	1395135433339	1395135433340	1395135434347	1395135434347	OK	 
ACTION	Pricing	16	price	1395135432612	1395135432613	1395135434377	1395135434378	OK	 
ACTION	Pricing	20	price	1395135433736	1395135433736	1395135434395	1395135434395	OK	 
ACTION	Pricing	19	price	1395135432674	1395135432674	1395135434450	1395135434451	OK	 
ACTION	Pricing	21	price	1395135433702	1395135433703	1395135434449	1395135434450	OK	 
ACTION	Pricing	13	price	1395135433385	1395135433385	1395135434478	1395135434478	OK	 
ACTION	Pricing	9	price	1395135433269	1395135433270	1395135434500	1395135434500	OK	 
ACTION	Pricing	2	price	1395135433176	1395135433176	1395135434518	1395135434518	OK	 
ACTION	Pricing	5	price	1395135432989	1395135432990	1395135434537	1395135434538	OK	 
ACTION	Pricing	15	price	1395135433835	1395135433836	1395135434560	1395135434560	OK	 
ACTION	Pricing	11	price	1395135433047	1395135433048	1395135434576	1395135434577	OK	 
ACTION	Pricing	20	price	1395135434397	1395135434397	1395135434606	1395135434606	OK	 
ACTION	Pricing	16	price	1395135434380	1395135434381	1395135434633	1395135434634	OK	 
ACTION	Pricing	18	price	1395135434349	1395135434354	1395135434656	1395135434656	OK	 
ACTION	Pricing	25	price	1395135434352	1395135434353	1395135434691	1395135434691	OK	 
ACTION	Pricing	24	price	1395135434351	1395135434352	1395135434757	1395135434757	OK	 
ACTION	Pricing	23	price	1395135434332	1395135434332	1395135434785	1395135434786	OK	 
ACTION	Pricing	8	price	1395135434326	1395135434327	1395135434823	1395135434823	OK	 
ACTION	Pricing	17	price	1395135434322	1395135434322	1395135434864	1395135434864	OK	 
ACTION	Pricing	4	price	1395135433308	1395135433308	1395135434870	1395135434870	OK	 
ACTION	Pricing	7	price	1395135434284	1395135434284	1395135434916	1395135434917	OK	 
ACTION	Pricing	1	price	1395135434190	1395135434191	1395135434959	1395135434959	OK	 
ACTION	Pricing	6	price	1395135433931	1395135433932	1395135434973	1395135434973	OK	 
ACTION	Pricing	3	price	1395135434317	1395135434317	1395135435037	1395135435037	OK	 
ACTION	Pricing	24	price	1395135434759	1395135434759	1395135435105	1395135435105	OK	 
ACTION	Pricing	25	price	1395135434693	1395135434693	1395135435158	1395135435158	OK	 
ACTION	Pricing	10	price	1395135434344	1395135434345	1395135435167	1395135435167	OK	 
ACTION	Pricing	14	price	1395135434347	1395135434348	1395135435211	1395135435211	OK	 
ACTION	Pricing	18	price	1395135434657	1395135434658	1395135435239	1395135435239	OK	 
ACTION	Pricing	16	price	1395135434635	1395135434636	1395135435278	1395135435278	OK	 
ACTION	Pricing	20	price	1395135434608	1395135434608	1395135435325	1395135435325	OK	 
ACTION	Pricing	11	price	1395135434578	1395135434578	1395135435350	1395135435350	OK	 
ACTION	Pricing	15	price	1395135434561	1395135434562	1395135435425	1395135435425	OK	 
ACTION	Pricing	5	price	1395135434539	1395135434540	1395135435448	1395135435449	OK	 
ACTION	Pricing	2	price	1395135434520	1395135434520	1395135435482	1395135435482	OK	 
ACTION	Pricing	9	price	1395135434501	1395135434502	1395135435510	1395135435511	OK	 
ACTION	Pricing	13	price	1395135434480	1395135434480	1395135435548	1395135435548	OK	 
ACTION	Pricing	19	price	1395135434461	1395135434462	1395135435576	1395135435576	OK	 
ACTION	Pricing	21	price	1395135434462	1395135434462	1395135435606	1395135435606	OK	 
ACTION	Pricing	13	price	1395135435550	1395135435550	1395135435637	1395135435637	OK	 
ACTION	Pricing	9	price	1395135435512	1395135435512	1395135435707	1395135435707	OK	 
ACTION	Pricing	2	price	1395135435484	1395135435484	1395135435742	1395135435743	OK	 
ACTION	Pricing	5	price	1395135435450	1395135435451	1395135435762	1395135435762	OK	 
ACTION	Pricing	15	price	1395135435427	1395135435428	1395135435806	1395135435807	OK	 
ACTION	Pricing	11	price	1395135435351	1395135435352	1395135435863	1395135435863	OK	 
ACTION	Pricing	20	price	1395135435327	1395135435327	1395135435897	1395135435897	OK	 
ACTION	Pricing	16	price	1395135435280	1395135435280	1395135435925	1395135435926	OK	 
ACTION	Pricing	18	price	1395135435240	1395135435241	1395135435954	1395135435954	OK	 
ACTION	Pricing	10	price	1395135435169	1395135435170	1395135436014	1395135436014	OK	 
ACTION	Pricing	3	price	1395135435038	1395135435039	1395135436038	1395135436038	OK	 
ACTION	Pricing	22	price	1395135434336	1395135434337	1395135436069	1395135436070	OK	 
ACTION	Pricing	17	price	1395135434865	1395135434866	1395135436087	1395135436088	OK	 
ACTION	Pricing	12	price	1395135434331	1395135434331	1395135436125	1395135436125	OK	 
ACTION	Pricing	8	price	1395135434824	1395135434825	1395135436145	1395135436145	OK	 
ACTION	Pricing	23	price	1395135434787	1395135434788	1395135436190	1395135436191	OK	 
ACTION	Pricing	1	price	1395135434961	1395135434961	1395135436220	1395135436220	OK	 
ACTION	Pricing	7	price	1395135434918	1395135434919	1395135436254	1395135436255	OK	 
ACTION	Pricing	4	price	1395135434871	1395135434872	1395135436286	1395135436287	OK	 
ACTION	Pricing	23	price	1395135436192	1395135436193	1395135436323	1395135436324	OK	 
ACTION	Pricing	8	price	1395135436146	1395135436147	1395135436380	1395135436380	OK	 
ACTION	Pricing	12	price	1395135436126	1395135436127	1395135436408	1395135436408	OK	 
ACTION	Pricing	6	price	1395135434975	1395135434975	1395135436419	1395135436420	OK	 
ACTION	Pricing	17	price	1395135436090	1395135436090	1395135436451	1395135436451	OK	 
ACTION	Pricing	22	price	1395135436072	1395135436072	1395135436501	1395135436501	OK	 
ACTION	Pricing	10	price	1395135436016	1395135436016	1395135436527	1395135436527	OK	 
ACTION	Pricing	18	price	1395135435956	1395135435956	1395135436561	1395135436562	OK	 
ACTION	Pricing	24	price	1395135435107	1395135435107	1395135436563	1395135436563	OK	 
ACTION	Pricing	25	price	1395135435160	1395135435160	1395135436610	1395135436610	OK	 
ACTION	Pricing	20	price	1395135435899	1395135435899	1395135436658	1395135436658	OK	 
ACTION	Pricing	14	price	1395135435213	1395135435214	1395135436696	1395135436696	OK	 
ACTION	Pricing	15	price	1395135435808	1395135435809	1395135436719	1395135436720	OK	 
ACTION	Pricing	5	price	1395135435764	1395135435764	1395135436816	1395135436817	OK	 
ACTION	Pricing	2	price	1395135435745	1395135435746	1395135436830	1395135436831	OK	 
ACTION	Pricing	9	price	1395135435709	1395135435710	1395135436875	1395135436875	OK	 
ACTION	Pricing	13	price	1395135435639	1395135435640	1395135436904	1395135436904	OK	 
ACTION	Pricing	21	price	1395135435608	1395135435608	1395135436929	1395135436929	OK	 
ACTION	Pricing	19	price	1395135435578	1395135435578	1395135436947	1395135436947	OK	 
ACTION	Pricing	9	price	1395135436877	1395135436877	1395135436987	1395135436987	OK	 
ACTION	Pricing	2	price	1395135436833	1395135436833	1395135437011	1395135437011	OK	 
ACTION	Pricing	5	price	1395135436818	1395135436819	1395135437089	1395135437089	OK	 
ACTION	Pricing	15	price	1395135436722	1395135436722	1395135437093	1395135437094	OK	 
ACTION	Pricing	14	price	1395135436698	1395135436698	1395135437141	1395135437142	OK	 
ACTION	Pricing	20	price	1395135436660	1395135436661	1395135437195	1395135437195	OK	 
ACTION	Pricing	11	price	1395135435865	1395135435865	1395135437206	1395135437206	OK	 
ACTION	Pricing	24	price	1395135436565	1395135436566	1395135437274	1395135437274	OK	 
ACTION	Pricing	16	price	1395135435927	1395135435928	1395135437288	1395135437288	OK	 
ACTION	Pricing	10	price	1395135436528	1395135436529	1395135437328	1395135437328	OK	 
ACTION	Pricing	24	price	1395135437275	1395135437276	1395135437373	1395135437373	OK	 
ACTION	Pricing	22	price	1395135436502	1395135436503	1395135437408	1395135437408	OK	 
ACTION	Pricing	17	price	1395135436453	1395135436453	1395135437439	1395135437440	OK	 
ACTION	Pricing	3	price	1395135436039	1395135436040	1395135437477	1395135437478	OK	 
ACTION	Pricing	8	price	1395135436382	1395135436382	1395135437522	1395135437522	OK	 
ACTION	Pricing	23	price	1395135436325	1395135436325	1395135437550	1395135437551	OK	 
ACTION	Pricing	4	price	1395135436288	1395135436289	1395135437591	1395135437591	OK	 
ACTION	Pricing	7	price	1395135436257	1395135436257	1395135437623	1395135437624	OK	 
ACTION	Pricing	1	price	1395135436222	1395135436222	1395135437663	1395135437664	OK	 
ACTION	Pricing	4	price	1395135437592	1395135437592	1395135437701	1395135437701	OK	 
ACTION	Pricing	23	price	1395135437552	1395135437553	1395135437769	1395135437769	OK	 
ACTION	Pricing	8	price	1395135437524	1395135437524	1395135437792	1395135437792	OK	 
ACTION	Pricing	3	price	1395135437479	1395135437479	1395135437824	1395135437824	OK	 
ACTION	Pricing	17	price	1395135437441	1395135437442	1395135437846	1395135437847	OK	 
ACTION	Pricing	12	price	1395135436410	1395135436410	1395135437857	1395135437857	OK	 
ACTION	Pricing	6	price	1395135436421	1395135436422	1395135437888	1395135437888	OK	 
ACTION	Pricing	22	price	1395135437410	1395135437410	1395135437939	1395135437940	OK	 
ACTION	Pricing	24	price	1395135437375	1395135437375	1395135437964	1395135437964	OK	 
ACTION	Pricing	10	price	1395135437330	1395135437330	1395135437999	1395135437999	OK	 
ACTION	Pricing	16	price	1395135437290	1395135437290	1395135438037	1395135438038	OK	 
ACTION	Pricing	18	price	1395135436564	1395135436564	1395135438098	1395135438098	OK	 
ACTION	Pricing	25	price	1395135436612	1395135436612	1395135438116	1395135438116	OK	 
ACTION	Pricing	20	price	1395135437196	1395135437197	1395135438121	1395135438121	OK	 
ACTION	Pricing	14	price	1395135437143	1395135437144	1395135438168	1395135438169	OK	 
ACTION	Pricing	19	price	1395135436949	1395135436950	1395135438337	1395135438337	OK	 
ACTION	Pricing	2	price	1395135437013	1395135437013	1395135438407	1395135438408	OK	 
ACTION	Pricing	13	price	1395135436906	1395135436906	1395135438432	1395135438433	OK	 
ACTION	Pricing	21	price	1395135436931	1395135436931	1395135438442	1395135438442	OK	 
ACTION	Pricing	14	price	1395135438170	1395135438171	1395135438455	1395135438456	OK	 
ACTION	Pricing	9	price	1395135436988	1395135436989	1395135438457	1395135438457	OK	 
ACTION	Pricing	5	price	1395135437091	1395135437091	1395135438473	1395135438473	OK	 
ACTION	Pricing	15	price	1395135437095	1395135437096	1395135438482	1395135438483	OK	 
ACTION	Pricing	20	price	1395135438123	1395135438124	1395135438504	1395135438504	OK	 
ACTION	Pricing	18	price	1395135438100	1395135438100	1395135438520	1395135438521	OK	 
ACTION	Pricing	5	price	1395135438475	1395135438475	1395135438598	1395135438598	OK	 
ACTION	Pricing	16	price	1395135438039	1395135438039	1395135438621	1395135438621	OK	 
ACTION	Pricing	10	price	1395135438001	1395135438001	1395135438651	1395135438651	OK	 
ACTION	Pricing	24	price	1395135437966	1395135437966	1395135438689	1395135438690	OK	 
ACTION	Pricing	22	price	1395135437941	1395135437941	1395135438734	1395135438734	OK	 
ACTION	Pricing	6	price	1395135437890	1395135437890	1395135438764	1395135438764	OK	 
ACTION	Pricing	6	price	1395135438766	1395135438766	1395135438875	1395135438875	OK	 
ACTION	Pricing	8	price	1395135437794	1395135437794	1395135438909	1395135438909	OK	 
ACTION	Pricing	23	price	1395135437771	1395135437771	1395135438929	1395135438929	OK	 
ACTION	Pricing	1	price	1395135437665	1395135437665	1395135438992	1395135438993	OK	 
ACTION	Pricing	8	price	1395135438910	1395135438911	1395135439032	1395135439032	OK	 
ACTION	Pricing	7	price	1395135437625	1395135437626	1395135439060	1395135439060	OK	 
ACTION	Pricing	23	price	1395135438930	1395135438931	1395135439077	1395135439077	OK	 
ACTION	Pricing	4	price	1395135437703	1395135437703	1395135439124	1395135439125	OK	 
ACTION	Pricing	3	price	1395135437826	1395135437826	1395135439134	1395135439135	OK	 
ACTION	Pricing	17	price	1395135437848	1395135437848	1395135439176	1395135439177	OK	 
ACTION	Pricing	12	price	1395135437859	1395135437859	1395135439192	1395135439192	OK	 
ACTION	Pricing	24	price	1395135438691	1395135438692	1395135439206	1395135439206	OK	 
ACTION	Pricing	10	price	1395135438653	1395135438654	1395135439251	1395135439251	OK	 
ACTION	Pricing	22	price	1395135438735	1395135438736	1395135439590	1395135439590	OK	 
ACTION	Pricing	23	price	1395135439078	1395135439078	1395135439668	1395135439668	OK	 
ACTION	Pricing	6	price	1395135438877	1395135438877	1395135439688	1395135439688	OK	 
ACTION	Pricing	8	price	1395135439034	1395135439034	1395135439693	1395135439693	OK	 
ACTION	Pricing	1	price	1395135438994	1395135438994	1395135439733	1395135439733	OK	 
ACTION	Pricing	6	price	1395135439690	1395135439690	1395135439776	1395135439776	OK	 
ACTION	Pricing	12	price	1395135439195	1395135439195	1395135440023	1395135440024	OK	 
ACTION	Pricing	24	price	1395135439208	1395135439209	1395135440066	1395135440066	OK	 
ACTION	Pricing	9	price	1395135438459	1395135438459	1395135440076	1395135440076	OK	 
ACTION	Pricing	18	price	1395135438522	1395135438523	1395135440111	1395135440112	OK	 
ACTION	Pricing	20	price	1395135438506	1395135438506	1395135440132	1395135440133	OK	 
ACTION	Pricing	21	price	1395135438444	1395135438444	1395135440136	1395135440137	OK	 
ACTION	Pricing	16	price	1395135438623	1395135438623	1395135440138	1395135440138	OK	 
ACTION	Pricing	10	price	1395135439253	1395135439253	1395135440143	1395135440144	OK	 
ACTION	Pricing	2	price	1395135438409	1395135438410	1395135440144	1395135440144	OK	 
ACTION	Pricing	25	price	1395135438118	1395135438118	1395135440171	1395135440172	OK	 
ACTION	Pricing	22	price	1395135439592	1395135439593	1395135440191	1395135440191	OK	 
ACTION	Pricing	3	price	1395135439136	1395135439136	1395135440209	1395135440209	OK	 
ACTION	Pricing	19	price	1395135438339	1395135438339	1395135440224	1395135440224	OK	 
ACTION	Pricing	13	price	1395135438434	1395135438435	1395135440230	1395135440231	OK	 
ACTION	Pricing	14	price	1395135438457	1395135438457	1395135440235	1395135440235	OK	 
ACTION	Pricing	17	price	1395135439178	1395135439178	1395135440238	1395135440238	OK	 
ACTION	Pricing	15	price	1395135438484	1395135438485	1395135440249	1395135440249	OK	 
ACTION	Pricing	7	price	1395135439062	1395135439062	1395135440248	1395135440248	OK	 
ACTION	Pricing	11	price	1395135437207	1395135437208	1395135440249	1395135440249	OK	 
ACTION	Pricing	4	price	1395135439126	1395135439127	1395135440269	1395135440269	OK	 
ACTION	Pricing	6	price	1395135439778	1395135439778	1395135440316	1395135440316	OK	 
ACTION	Pricing	5	price	1395135438599	1395135438600	1395135440324	1395135440324	OK	 
ACTION	Pricing	1	price	1395135439735	1395135439735	1395135440341	1395135440342	OK	 
ACTION	Pricing	11	price	1395135440253	1395135440253	1395135440394	1395135440395	OK	 
ACTION	Pricing	4	price	1395135440271	1395135440272	1395135440456	1395135440457	OK	 
ACTION	Pricing	8	price	1395135439695	1395135439695	1395135440593	1395135440593	OK	 
ACTION	Pricing	3	price	1395135440210	1395135440211	1395135440803	1395135440803	OK	 
SCENARIO	Pricing	3	END	1395135440804
ACTION	Pricing	2	price	1395135440146	1395135440146	1395135440806	1395135440807	OK	 
ACTION	Pricing	19	price	1395135440225	1395135440226	1395135440806	1395135440806	OK	 
SCENARIO	Pricing	19	END	1395135440807
SCENARIO	Pricing	2	END	1395135440807
ACTION	Pricing	13	price	1395135440232	1395135440233	1395135440810	1395135440811	OK	 
SCENARIO	Pricing	13	END	1395135440812
ACTION	Pricing	17	price	1395135440240	1395135440240	1395135440816	1395135440817	OK	 
SCENARIO	Pricing	17	END	1395135440817
ACTION	Pricing	14	price	1395135440236	1395135440237	1395135440829	1395135440829	OK	 
SCENARIO	Pricing	14	END	1395135440830
ACTION	Pricing	10	price	1395135440145	1395135440145	1395135440834	1395135440834	OK	 
SCENARIO	Pricing	10	END	1395135440835
ACTION	Pricing	25	price	1395135440173	1395135440174	1395135440841	1395135440842	OK	 
SCENARIO	Pricing	25	END	1395135440843
ACTION	Pricing	16	price	1395135440140	1395135440141	1395135440874	1395135440874	OK	 
SCENARIO	Pricing	16	END	1395135440875
ACTION	Pricing	21	price	1395135440138	1395135440139	1395135440933	1395135440934	OK	 
SCENARIO	Pricing	21	END	1395135440934
ACTION	Pricing	18	price	1395135440113	1395135440114	1395135440960	1395135440960	OK	 
SCENARIO	Pricing	18	END	1395135440961
ACTION	Pricing	24	price	1395135440068	1395135440068	1395135440977	1395135440977	OK	 
SCENARIO	Pricing	24	END	1395135440978
ACTION	Pricing	8	price	1395135440595	1395135440595	1395135441090	1395135441090	OK	 
SCENARIO	Pricing	8	END	1395135441091
ACTION	Pricing	22	price	1395135440193	1395135440193	1395135441094	1395135441094	OK	 
SCENARIO	Pricing	22	END	1395135441095
ACTION	Pricing	7	price	1395135440251	1395135440251	1395135441126	1395135441126	OK	 
SCENARIO	Pricing	7	END	1395135441127
ACTION	Pricing	11	price	1395135440403	1395135440409	1395135441170	1395135441170	OK	 
SCENARIO	Pricing	11	END	1395135441171
ACTION	Pricing	23	price	1395135439670	1395135439671	1395135441184	1395135441184	OK	 
SCENARIO	Pricing	23	END	1395135441184
ACTION	Pricing	15	price	1395135440252	1395135440254	1395135441210	1395135441210	OK	 
SCENARIO	Pricing	15	END	1395135441211
ACTION	Pricing	1	price	1395135440343	1395135440344	1395135441253	1395135441253	OK	 
SCENARIO	Pricing	1	END	1395135441254
ACTION	Pricing	5	price	1395135440325	1395135440326	1395135441287	1395135441287	OK	 
SCENARIO	Pricing	5	END	1395135441288
ACTION	Pricing	9	price	1395135440077	1395135440078	1395135441321	1395135441321	OK	 
SCENARIO	Pricing	9	END	1395135441322
ACTION	Pricing	6	price	1395135440318	1395135440318	1395135441340	1395135441340	OK	 
SCENARIO	Pricing	6	END	1395135441340
ACTION	Pricing	12	price	1395135440025	1395135440026	1395135441348	1395135441348	OK	 
SCENARIO	Pricing	12	END	1395135441348
ACTION	Pricing	20	price	1395135440134	1395135440135	1395135441353	1395135441353	OK	 
SCENARIO	Pricing	20	END	1395135441354
ACTION	Pricing	4	price	1395135440458	1395135440459	1395135441360	1395135441360	OK	 
SCENARIO	Pricing	4	END	1395135441360
