RUN	20140318093946	pricingsimulation	pricingsimulation
SCENARIO	Pricing	6	START	1395135589046
SCENARIO	Pricing	15	START	1395135589052
SCENARIO	Pricing	12	START	1395135589052
SCENARIO	Pricing	3	START	1395135589052
SCENARIO	Pricing	20	START	1395135589052
SCENARIO	Pricing	2	START	1395135589052
SCENARIO	Pricing	14	START	1395135589052
SCENARIO	Pricing	16	START	1395135589052
SCENARIO	Pricing	9	START	1395135589052
SCENARIO	Pricing	18	START	1395135589053
SCENARIO	Pricing	24	START	1395135589053
SCENARIO	Pricing	5	START	1395135589053
SCENARIO	Pricing	10	START	1395135589053
SCENARIO	Pricing	17	START	1395135589053
SCENARIO	Pricing	23	START	1395135589054
SCENARIO	Pricing	4	START	1395135589054
SCENARIO	Pricing	8	START	1395135589054
SCENARIO	Pricing	22	START	1395135589054
SCENARIO	Pricing	1	START	1395135589054
SCENARIO	Pricing	21	START	1395135589054
SCENARIO	Pricing	19	START	1395135589054
SCENARIO	Pricing	7	START	1395135589054
SCENARIO	Pricing	13	START	1395135589054
SCENARIO	Pricing	25	START	1395135589054
SCENARIO	Pricing	11	START	1395135589054
ACTION	Pricing	13	price	1395135589255	1395135589263	1395135589861	1395135589888	OK	 
ACTION	Pricing	15	price	1395135589137	1395135589157	1395135589924	1395135589924	OK	 
ACTION	Pricing	23	price	1395135589230	1395135589239	1395135589906	1395135589907	OK	 
ACTION	Pricing	6	price	1395135589140	1395135589157	1395135589905	1395135589906	OK	 
ACTION	Pricing	9	price	1395135589192	1395135589197	1395135589961	1395135589961	OK	 
ACTION	Pricing	10	price	1395135589211	1395135589213	1395135589983	1395135589983	OK	 
ACTION	Pricing	14	price	1395135589187	1395135589193	1395135590015	1395135590015	OK	 
ACTION	Pricing	12	price	1395135589175	1395135589181	1395135590065	1395135590065	OK	 
ACTION	Pricing	25	price	1395135589255	1395135589264	1395135590098	1395135590098	OK	 
ACTION	Pricing	19	price	1395135589252	1395135589262	1395135590127	1395135590127	OK	 
ACTION	Pricing	18	price	1395135589198	1395135589200	1395135590148	1395135590149	OK	 
ACTION	Pricing	22	price	1395135589235	1395135589249	1395135590182	1395135590182	OK	 
ACTION	Pricing	16	price	1395135589189	1395135589195	1395135590210	1395135590211	OK	 
ACTION	Pricing	3	price	1395135589182	1395135589184	1395135590240	1395135590240	OK	 
ACTION	Pricing	17	price	1395135589220	1395135589225	1395135590268	1395135590268	OK	 
ACTION	Pricing	7	price	1395135589253	1395135589264	1395135590309	1395135590310	OK	 
ACTION	Pricing	21	price	1395135589238	1395135589262	1395135590325	1395135590325	OK	 
ACTION	Pricing	24	price	1395135589201	1395135589203	1395135590356	1395135590356	OK	 
ACTION	Pricing	5	price	1395135589205	1395135589207	1395135590388	1395135590388	OK	 
ACTION	Pricing	20	price	1395135589185	1395135589191	1395135590419	1395135590419	OK	 
ACTION	Pricing	4	price	1395135589233	1395135589240	1395135590453	1395135590453	OK	 
ACTION	Pricing	2	price	1395135589186	1395135589192	1395135590483	1395135590483	OK	 
ACTION	Pricing	8	price	1395135589233	1395135589240	1395135590512	1395135590512	OK	 
ACTION	Pricing	1	price	1395135589236	1395135589250	1395135590545	1395135590545	OK	 
ACTION	Pricing	11	price	1395135589261	1395135589272	1395135590572	1395135590572	OK	 
ACTION	Pricing	15	price	1395135590025	1395135590033	1395135590600	1395135590601	OK	 
ACTION	Pricing	9	price	1395135590045	1395135590049	1395135590629	1395135590629	OK	 
ACTION	Pricing	13	price	1395135590040	1395135590043	1395135590657	1395135590657	OK	 
ACTION	Pricing	6	price	1395135590056	1395135590057	1395135590688	1395135590688	OK	 
ACTION	Pricing	10	price	1395135590058	1395135590060	1395135590722	1395135590722	OK	 
ACTION	Pricing	14	price	1395135590060	1395135590064	1395135590749	1395135590750	OK	 
ACTION	Pricing	23	price	1395135590049	1395135590055	1395135590779	1395135590779	OK	 
ACTION	Pricing	12	price	1395135590067	1395135590069	1395135590808	1395135590809	OK	 
ACTION	Pricing	25	price	1395135590100	1395135590103	1395135590842	1395135590842	OK	 
ACTION	Pricing	19	price	1395135590129	1395135590131	1395135590872	1395135590872	OK	 
ACTION	Pricing	18	price	1395135590150	1395135590152	1395135590900	1395135590900	OK	 
ACTION	Pricing	22	price	1395135590184	1395135590187	1395135590927	1395135590927	OK	 
ACTION	Pricing	16	price	1395135590213	1395135590214	1395135590959	1395135590959	OK	 
ACTION	Pricing	3	price	1395135590242	1395135590244	1395135590991	1395135590991	OK	 
ACTION	Pricing	17	price	1395135590270	1395135590271	1395135591019	1395135591020	OK	 
ACTION	Pricing	7	price	1395135590312	1395135590312	1395135591049	1395135591049	OK	 
ACTION	Pricing	21	price	1395135590327	1395135590328	1395135591076	1395135591076	OK	 
ACTION	Pricing	24	price	1395135590358	1395135590359	1395135591106	1395135591106	OK	 
ACTION	Pricing	5	price	1395135590391	1395135590391	1395135591138	1395135591138	OK	 
ACTION	Pricing	20	price	1395135590421	1395135590422	1395135591167	1395135591172	OK	 
ACTION	Pricing	4	price	1395135590455	1395135590456	1395135591195	1395135591195	OK	 
ACTION	Pricing	2	price	1395135590485	1395135590485	1395135591225	1395135591225	OK	 
ACTION	Pricing	8	price	1395135590514	1395135590515	1395135591253	1395135591253	OK	 
ACTION	Pricing	1	price	1395135590553	1395135590553	1395135591282	1395135591282	OK	 
ACTION	Pricing	11	price	1395135590574	1395135590576	1395135591309	1395135591310	OK	 
ACTION	Pricing	15	price	1395135590602	1395135590603	1395135591340	1395135591340	OK	 
ACTION	Pricing	9	price	1395135590632	1395135590632	1395135591368	1395135591368	OK	 
ACTION	Pricing	13	price	1395135590658	1395135590659	1395135591398	1395135591398	OK	 
ACTION	Pricing	6	price	1395135590690	1395135590691	1395135591428	1395135591428	OK	 
ACTION	Pricing	10	price	1395135590724	1395135590724	1395135591460	1395135591460	OK	 
ACTION	Pricing	14	price	1395135590751	1395135590752	1395135591495	1395135591495	OK	 
ACTION	Pricing	23	price	1395135590780	1395135590781	1395135591526	1395135591526	OK	 
ACTION	Pricing	12	price	1395135590810	1395135590811	1395135591556	1395135591556	OK	 
ACTION	Pricing	25	price	1395135590845	1395135590846	1395135591585	1395135591585	OK	 
ACTION	Pricing	19	price	1395135590874	1395135590874	1395135591612	1395135591612	OK	 
ACTION	Pricing	18	price	1395135590901	1395135590902	1395135591639	1395135591639	OK	 
ACTION	Pricing	22	price	1395135590929	1395135590929	1395135591668	1395135591668	OK	 
ACTION	Pricing	16	price	1395135590961	1395135590961	1395135591696	1395135591697	OK	 
ACTION	Pricing	3	price	1395135590993	1395135590993	1395135591726	1395135591726	OK	 
ACTION	Pricing	17	price	1395135591021	1395135591022	1395135591755	1395135591755	OK	 
ACTION	Pricing	7	price	1395135591050	1395135591051	1395135591783	1395135591783	OK	 
ACTION	Pricing	21	price	1395135591078	1395135591078	1395135591816	1395135591817	OK	 
ACTION	Pricing	24	price	1395135591108	1395135591108	1395135591845	1395135591845	OK	 
ACTION	Pricing	5	price	1395135591140	1395135591140	1395135591877	1395135591877	OK	 
ACTION	Pricing	20	price	1395135591174	1395135591174	1395135591905	1395135591906	OK	 
ACTION	Pricing	4	price	1395135591196	1395135591198	1395135591937	1395135591937	OK	 
ACTION	Pricing	2	price	1395135591226	1395135591227	1395135591969	1395135591969	OK	 
ACTION	Pricing	8	price	1395135591255	1395135591256	1395135591996	1395135591996	OK	 
ACTION	Pricing	1	price	1395135591284	1395135591284	1395135592024	1395135592024	OK	 
ACTION	Pricing	11	price	1395135591311	1395135591312	1395135592052	1395135592052	OK	 
ACTION	Pricing	15	price	1395135591342	1395135591343	1395135592080	1395135592080	OK	 
ACTION	Pricing	9	price	1395135591371	1395135591371	1395135592107	1395135592107	OK	 
ACTION	Pricing	13	price	1395135591399	1395135591400	1395135592133	1395135592134	OK	 
ACTION	Pricing	6	price	1395135591430	1395135591430	1395135592162	1395135592162	OK	 
ACTION	Pricing	10	price	1395135591462	1395135591463	1395135592191	1395135592191	OK	 
ACTION	Pricing	14	price	1395135591498	1395135591498	1395135592220	1395135592220	OK	 
ACTION	Pricing	23	price	1395135591528	1395135591528	1395135592249	1395135592249	OK	 
ACTION	Pricing	12	price	1395135591557	1395135591558	1395135592277	1395135592277	OK	 
ACTION	Pricing	25	price	1395135591587	1395135591588	1395135592304	1395135592305	OK	 
ACTION	Pricing	19	price	1395135591614	1395135591614	1395135592335	1395135592335	OK	 
ACTION	Pricing	18	price	1395135591641	1395135591641	1395135592362	1395135592362	OK	 
ACTION	Pricing	22	price	1395135591670	1395135591671	1395135592391	1395135592391	OK	 
ACTION	Pricing	16	price	1395135591698	1395135591699	1395135592418	1395135592418	OK	 
ACTION	Pricing	3	price	1395135591728	1395135591728	1395135592447	1395135592447	OK	 
ACTION	Pricing	17	price	1395135591757	1395135591757	1395135592476	1395135592476	OK	 
ACTION	Pricing	7	price	1395135591785	1395135591786	1395135592507	1395135592507	OK	 
ACTION	Pricing	21	price	1395135591818	1395135591819	1395135592539	1395135592539	OK	 
ACTION	Pricing	24	price	1395135591847	1395135591847	1395135592571	1395135592572	OK	 
ACTION	Pricing	5	price	1395135591879	1395135591879	1395135592603	1395135592604	OK	 
ACTION	Pricing	20	price	1395135591907	1395135591908	1395135592636	1395135592636	OK	 
ACTION	Pricing	4	price	1395135591938	1395135591939	1395135592665	1395135592666	OK	 
ACTION	Pricing	2	price	1395135591971	1395135591971	1395135592717	1395135592717	OK	 
ACTION	Pricing	8	price	1395135591998	1395135591998	1395135592748	1395135592748	OK	 
ACTION	Pricing	1	price	1395135592026	1395135592027	1395135592778	1395135592778	OK	 
ACTION	Pricing	11	price	1395135592054	1395135592054	1395135592808	1395135592808	OK	 
ACTION	Pricing	15	price	1395135592082	1395135592082	1395135592841	1395135592841	OK	 
ACTION	Pricing	9	price	1395135592108	1395135592109	1395135592874	1395135592875	OK	 
ACTION	Pricing	13	price	1395135592135	1395135592136	1395135592908	1395135592908	OK	 
ACTION	Pricing	6	price	1395135592164	1395135592164	1395135592939	1395135592940	OK	 
ACTION	Pricing	10	price	1395135592192	1395135592193	1395135592974	1395135592974	OK	 
ACTION	Pricing	14	price	1395135592222	1395135592222	1395135593005	1395135593005	OK	 
ACTION	Pricing	23	price	1395135592251	1395135592251	1395135593038	1395135593039	OK	 
ACTION	Pricing	12	price	1395135592279	1395135592279	1395135593069	1395135593070	OK	 
ACTION	Pricing	25	price	1395135592306	1395135592307	1395135593102	1395135593102	OK	 
ACTION	Pricing	19	price	1395135592336	1395135592337	1395135593134	1395135593134	OK	 
ACTION	Pricing	18	price	1395135592364	1395135592365	1395135593161	1395135593162	OK	 
ACTION	Pricing	22	price	1395135592392	1395135592393	1395135593189	1395135593189	OK	 
ACTION	Pricing	16	price	1395135592419	1395135592420	1395135593222	1395135593222	OK	 
ACTION	Pricing	3	price	1395135592449	1395135592449	1395135593249	1395135593250	OK	 
ACTION	Pricing	17	price	1395135592478	1395135592478	1395135593288	1395135593289	OK	 
ACTION	Pricing	7	price	1395135592508	1395135592509	1395135593318	1395135593318	OK	 
ACTION	Pricing	21	price	1395135592541	1395135592542	1395135593348	1395135593348	OK	 
ACTION	Pricing	24	price	1395135592574	1395135592574	1395135593377	1395135593378	OK	 
ACTION	Pricing	5	price	1395135592605	1395135592606	1395135593406	1395135593406	OK	 
ACTION	Pricing	20	price	1395135592638	1395135592638	1395135593435	1395135593436	OK	 
ACTION	Pricing	4	price	1395135592668	1395135592668	1395135593464	1395135593465	OK	 
ACTION	Pricing	2	price	1395135592719	1395135592719	1395135593501	1395135593501	OK	 
ACTION	Pricing	8	price	1395135592750	1395135592751	1395135593528	1395135593528	OK	 
ACTION	Pricing	1	price	1395135592780	1395135592781	1395135593557	1395135593557	OK	 
ACTION	Pricing	11	price	1395135592810	1395135592811	1395135593586	1395135593586	OK	 
ACTION	Pricing	15	price	1395135592843	1395135592843	1395135593615	1395135593616	OK	 
ACTION	Pricing	9	price	1395135592876	1395135592877	1395135593648	1395135593648	OK	 
ACTION	Pricing	13	price	1395135592910	1395135592911	1395135593676	1395135593677	OK	 
ACTION	Pricing	6	price	1395135592942	1395135592942	1395135593707	1395135593707	OK	 
ACTION	Pricing	10	price	1395135592976	1395135592977	1395135593738	1395135593738	OK	 
ACTION	Pricing	14	price	1395135593007	1395135593007	1395135593768	1395135593768	OK	 
ACTION	Pricing	23	price	1395135593041	1395135593042	1395135593801	1395135593801	OK	 
ACTION	Pricing	12	price	1395135593072	1395135593072	1395135593826	1395135593827	OK	 
ACTION	Pricing	25	price	1395135593104	1395135593105	1395135593855	1395135593855	OK	 
ACTION	Pricing	19	price	1395135593136	1395135593136	1395135593883	1395135593883	OK	 
ACTION	Pricing	18	price	1395135593163	1395135593164	1395135593911	1395135593911	OK	 
ACTION	Pricing	22	price	1395135593191	1395135593191	1395135593940	1395135593941	OK	 
ACTION	Pricing	16	price	1395135593224	1395135593225	1395135593970	1395135593970	OK	 
ACTION	Pricing	3	price	1395135593252	1395135593252	1395135594000	1395135594000	OK	 
ACTION	Pricing	17	price	1395135593291	1395135593291	1395135594028	1395135594028	OK	 
ACTION	Pricing	7	price	1395135593320	1395135593321	1395135594059	1395135594059	OK	 
ACTION	Pricing	21	price	1395135593350	1395135593350	1395135594087	1395135594087	OK	 
ACTION	Pricing	24	price	1395135593379	1395135593380	1395135594114	1395135594114	OK	 
ACTION	Pricing	5	price	1395135593408	1395135593408	1395135594142	1395135594142	OK	 
ACTION	Pricing	20	price	1395135593437	1395135593438	1395135594171	1395135594171	OK	 
ACTION	Pricing	4	price	1395135593466	1395135593466	1395135594217	1395135594217	OK	 
ACTION	Pricing	2	price	1395135593502	1395135593503	1395135594245	1395135594245	OK	 
ACTION	Pricing	8	price	1395135593530	1395135593531	1395135594277	1395135594277	OK	 
ACTION	Pricing	1	price	1395135593562	1395135593562	1395135594307	1395135594307	OK	 
ACTION	Pricing	11	price	1395135593587	1395135593588	1395135594337	1395135594337	OK	 
ACTION	Pricing	15	price	1395135593617	1395135593618	1395135594368	1395135594368	OK	 
ACTION	Pricing	9	price	1395135593650	1395135593650	1395135594396	1395135594396	OK	 
ACTION	Pricing	13	price	1395135593678	1395135593679	1395135594424	1395135594424	OK	 
ACTION	Pricing	6	price	1395135593709	1395135593709	1395135594452	1395135594453	OK	 
ACTION	Pricing	10	price	1395135593740	1395135593741	1395135594483	1395135594483	OK	 
ACTION	Pricing	14	price	1395135593769	1395135593770	1395135594513	1395135594513	OK	 
ACTION	Pricing	23	price	1395135593803	1395135593803	1395135594540	1395135594540	OK	 
ACTION	Pricing	12	price	1395135593828	1395135593829	1395135594568	1395135594568	OK	 
ACTION	Pricing	25	price	1395135593857	1395135593857	1395135594600	1395135594600	OK	 
ACTION	Pricing	19	price	1395135593885	1395135593885	1395135594629	1395135594629	OK	 
ACTION	Pricing	18	price	1395135593913	1395135593913	1395135594657	1395135594657	OK	 
ACTION	Pricing	22	price	1395135593942	1395135593943	1395135594688	1395135594688	OK	 
ACTION	Pricing	16	price	1395135593972	1395135593973	1395135594718	1395135594718	OK	 
ACTION	Pricing	3	price	1395135594002	1395135594002	1395135594745	1395135594745	OK	 
ACTION	Pricing	17	price	1395135594030	1395135594030	1395135594776	1395135594776	OK	 
ACTION	Pricing	7	price	1395135594061	1395135594061	1395135594808	1395135594808	OK	 
ACTION	Pricing	21	price	1395135594088	1395135594089	1395135594841	1395135594841	OK	 
ACTION	Pricing	24	price	1395135594116	1395135594116	1395135594867	1395135594867	OK	 
ACTION	Pricing	5	price	1395135594144	1395135594144	1395135594895	1395135594895	OK	 
ACTION	Pricing	20	price	1395135594172	1395135594173	1395135594925	1395135594925	OK	 
ACTION	Pricing	4	price	1395135594219	1395135594219	1395135594957	1395135594957	OK	 
ACTION	Pricing	2	price	1395135594247	1395135594247	1395135594987	1395135594987	OK	 
ACTION	Pricing	8	price	1395135594279	1395135594280	1395135595019	1395135595019	OK	 
ACTION	Pricing	1	price	1395135594309	1395135594309	1395135595051	1395135595051	OK	 
ACTION	Pricing	11	price	1395135594338	1395135594339	1395135595081	1395135595081	OK	 
ACTION	Pricing	15	price	1395135594370	1395135594370	1395135595111	1395135595112	OK	 
ACTION	Pricing	9	price	1395135594398	1395135594398	1395135595140	1395135595140	OK	 
ACTION	Pricing	13	price	1395135594425	1395135594426	1395135595168	1395135595168	OK	 
ACTION	Pricing	6	price	1395135594454	1395135594455	1395135595199	1395135595199	OK	 
ACTION	Pricing	10	price	1395135594485	1395135594486	1395135595227	1395135595227	OK	 
ACTION	Pricing	14	price	1395135594514	1395135594515	1395135595257	1395135595258	OK	 
ACTION	Pricing	23	price	1395135594542	1395135594542	1395135595309	1395135595309	OK	 
ACTION	Pricing	12	price	1395135594570	1395135594571	1395135595353	1395135595354	OK	 
ACTION	Pricing	25	price	1395135594602	1395135594602	1395135595384	1395135595384	OK	 
ACTION	Pricing	19	price	1395135594630	1395135594631	1395135595416	1395135595416	OK	 
ACTION	Pricing	18	price	1395135594659	1395135594659	1395135595447	1395135595447	OK	 
ACTION	Pricing	22	price	1395135594690	1395135594690	1395135595479	1395135595479	OK	 
ACTION	Pricing	16	price	1395135594720	1395135594721	1395135595510	1395135595511	OK	 
ACTION	Pricing	3	price	1395135594747	1395135594748	1395135595542	1395135595542	OK	 
ACTION	Pricing	17	price	1395135594779	1395135594779	1395135595568	1395135595568	OK	 
ACTION	Pricing	7	price	1395135594810	1395135594810	1395135595595	1395135595595	OK	 
ACTION	Pricing	21	price	1395135594842	1395135594843	1395135595624	1395135595624	OK	 
ACTION	Pricing	24	price	1395135594869	1395135594870	1395135595654	1395135595655	OK	 
ACTION	Pricing	5	price	1395135594897	1395135594897	1395135595683	1395135595684	OK	 
ACTION	Pricing	20	price	1395135594927	1395135594928	1395135595714	1395135595714	OK	 
ACTION	Pricing	4	price	1395135594959	1395135594959	1395135595741	1395135595741	OK	 
ACTION	Pricing	2	price	1395135594989	1395135594989	1395135595768	1395135595769	OK	 
ACTION	Pricing	8	price	1395135595021	1395135595021	1395135595796	1395135595797	OK	 
ACTION	Pricing	1	price	1395135595053	1395135595053	1395135595827	1395135595827	OK	 
ACTION	Pricing	11	price	1395135595083	1395135595083	1395135595856	1395135595856	OK	 
ACTION	Pricing	15	price	1395135595113	1395135595114	1395135595886	1395135595886	OK	 
ACTION	Pricing	9	price	1395135595142	1395135595143	1395135595915	1395135595915	OK	 
ACTION	Pricing	13	price	1395135595170	1395135595170	1395135595944	1395135595945	OK	 
ACTION	Pricing	6	price	1395135595201	1395135595201	1395135595974	1395135595974	OK	 
ACTION	Pricing	10	price	1395135595228	1395135595229	1395135596003	1395135596003	OK	 
ACTION	Pricing	14	price	1395135595259	1395135595260	1395135596068	1395135596069	OK	 
ACTION	Pricing	23	price	1395135595311	1395135595311	1395135596072	1395135596072	OK	 
ACTION	Pricing	12	price	1395135595356	1395135595356	1395135596100	1395135596100	OK	 
ACTION	Pricing	25	price	1395135595386	1395135595386	1395135596129	1395135596129	OK	 
ACTION	Pricing	19	price	1395135595418	1395135595418	1395135596160	1395135596160	OK	 
ACTION	Pricing	18	price	1395135595448	1395135595449	1395135596192	1395135596192	OK	 
ACTION	Pricing	22	price	1395135595481	1395135595482	1395135596223	1395135596223	OK	 
ACTION	Pricing	16	price	1395135595512	1395135595513	1395135596253	1395135596253	OK	 
ACTION	Pricing	3	price	1395135595544	1395135595544	1395135596284	1395135596284	OK	 
ACTION	Pricing	17	price	1395135595569	1395135595571	1395135596314	1395135596314	OK	 
ACTION	Pricing	7	price	1395135595597	1395135595597	1395135596342	1395135596343	OK	 
ACTION	Pricing	21	price	1395135595625	1395135595626	1395135596373	1395135596373	OK	 
ACTION	Pricing	24	price	1395135595656	1395135595656	1395135596402	1395135596402	OK	 
ACTION	Pricing	5	price	1395135595686	1395135595686	1395135596432	1395135596432	OK	 
ACTION	Pricing	20	price	1395135595715	1395135595716	1395135596461	1395135596461	OK	 
ACTION	Pricing	4	price	1395135595743	1395135595743	1395135596488	1395135596488	OK	 
ACTION	Pricing	2	price	1395135595770	1395135595771	1395135596519	1395135596519	OK	 
ACTION	Pricing	8	price	1395135595798	1395135595799	1395135596547	1395135596547	OK	 
ACTION	Pricing	1	price	1395135595829	1395135595829	1395135596577	1395135596578	OK	 
ACTION	Pricing	11	price	1395135595858	1395135595858	1395135596610	1395135596610	OK	 
ACTION	Pricing	15	price	1395135595888	1395135595888	1395135596653	1395135596653	OK	 
ACTION	Pricing	9	price	1395135595916	1395135595917	1395135596667	1395135596667	OK	 
ACTION	Pricing	13	price	1395135595946	1395135595946	1395135596696	1395135596696	OK	 
ACTION	Pricing	6	price	1395135595976	1395135595977	1395135596728	1395135596729	OK	 
ACTION	Pricing	10	price	1395135596004	1395135596005	1395135596754	1395135596755	OK	 
ACTION	Pricing	14	price	1395135596070	1395135596071	1395135596783	1395135596783	OK	 
ACTION	Pricing	23	price	1395135596074	1395135596074	1395135596814	1395135596815	OK	 
ACTION	Pricing	12	price	1395135596102	1395135596102	1395135596845	1395135596845	OK	 
ACTION	Pricing	25	price	1395135596131	1395135596131	1395135596879	1395135596879	OK	 
ACTION	Pricing	19	price	1395135596162	1395135596162	1395135596909	1395135596909	OK	 
ACTION	Pricing	18	price	1395135596193	1395135596194	1395135596941	1395135596941	OK	 
ACTION	Pricing	22	price	1395135596224	1395135596225	1395135596972	1395135596973	OK	 
ACTION	Pricing	16	price	1395135596255	1395135596255	1395135597005	1395135597005	OK	 
ACTION	Pricing	3	price	1395135596286	1395135596287	1395135597031	1395135597032	OK	 
ACTION	Pricing	17	price	1395135596315	1395135596316	1395135597061	1395135597061	OK	 
ACTION	Pricing	7	price	1395135596344	1395135596345	1395135597091	1395135597091	OK	 
ACTION	Pricing	21	price	1395135596375	1395135596375	1395135597121	1395135597121	OK	 
ACTION	Pricing	24	price	1395135596404	1395135596404	1395135597149	1395135597150	OK	 
ACTION	Pricing	5	price	1395135596434	1395135596434	1395135597180	1395135597180	OK	 
ACTION	Pricing	20	price	1395135596463	1395135596463	1395135597208	1395135597209	OK	 
ACTION	Pricing	4	price	1395135596490	1395135596491	1395135597236	1395135597236	OK	 
ACTION	Pricing	2	price	1395135596520	1395135596521	1395135597266	1395135597266	OK	 
ACTION	Pricing	8	price	1395135596549	1395135596550	1395135597295	1395135597295	OK	 
ACTION	Pricing	1	price	1395135596579	1395135596580	1395135597325	1395135597325	OK	 
ACTION	Pricing	11	price	1395135596611	1395135596612	1395135597359	1395135597359	OK	 
ACTION	Pricing	15	price	1395135596655	1395135596656	1395135597388	1395135597389	OK	 
ACTION	Pricing	9	price	1395135596670	1395135596670	1395135597423	1395135597423	OK	 
ACTION	Pricing	13	price	1395135596698	1395135596698	1395135597453	1395135597453	OK	 
ACTION	Pricing	6	price	1395135596730	1395135596731	1395135597482	1395135597483	OK	 
ACTION	Pricing	10	price	1395135596756	1395135596757	1395135597515	1395135597515	OK	 
ACTION	Pricing	14	price	1395135596784	1395135596785	1395135597544	1395135597544	OK	 
ACTION	Pricing	23	price	1395135596816	1395135596817	1395135597576	1395135597577	OK	 
ACTION	Pricing	12	price	1395135596847	1395135596847	1395135597609	1395135597610	OK	 
ACTION	Pricing	25	price	1395135596881	1395135596882	1395135597643	1395135597643	OK	 
ACTION	Pricing	19	price	1395135596913	1395135596913	1395135597674	1395135597675	OK	 
ACTION	Pricing	18	price	1395135596943	1395135596943	1395135597704	1395135597704	OK	 
ACTION	Pricing	22	price	1395135596974	1395135596975	1395135597734	1395135597734	OK	 
ACTION	Pricing	16	price	1395135597006	1395135597007	1395135597764	1395135597764	OK	 
ACTION	Pricing	3	price	1395135597033	1395135597034	1395135597793	1395135597793	OK	 
ACTION	Pricing	17	price	1395135597064	1395135597065	1395135597828	1395135597828	OK	 
ACTION	Pricing	7	price	1395135597093	1395135597093	1395135597860	1395135597860	OK	 
ACTION	Pricing	21	price	1395135597123	1395135597123	1395135597889	1395135597889	OK	 
ACTION	Pricing	24	price	1395135597151	1395135597151	1395135597918	1395135597919	OK	 
ACTION	Pricing	5	price	1395135597182	1395135597183	1395135597949	1395135597950	OK	 
ACTION	Pricing	20	price	1395135597210	1395135597211	1395135597981	1395135597982	OK	 
ACTION	Pricing	4	price	1395135597238	1395135597238	1395135598011	1395135598012	OK	 
ACTION	Pricing	2	price	1395135597268	1395135597268	1395135598043	1395135598044	OK	 
ACTION	Pricing	8	price	1395135597296	1395135597297	1395135598075	1395135598075	OK	 
ACTION	Pricing	1	price	1395135597327	1395135597327	1395135598104	1395135598104	OK	 
ACTION	Pricing	11	price	1395135597361	1395135597361	1395135598135	1395135598135	OK	 
ACTION	Pricing	15	price	1395135597391	1395135597391	1395135598166	1395135598167	OK	 
ACTION	Pricing	9	price	1395135597424	1395135597425	1395135598198	1395135598198	OK	 
ACTION	Pricing	13	price	1395135597455	1395135597455	1395135598226	1395135598227	OK	 
ACTION	Pricing	6	price	1395135597484	1395135597485	1395135598256	1395135598256	OK	 
ACTION	Pricing	10	price	1395135597516	1395135597517	1395135598287	1395135598288	OK	 
ACTION	Pricing	14	price	1395135597546	1395135597547	1395135598317	1395135598317	OK	 
ACTION	Pricing	23	price	1395135597578	1395135597579	1395135598357	1395135598357	OK	 
ACTION	Pricing	12	price	1395135597611	1395135597612	1395135598391	1395135598391	OK	 
ACTION	Pricing	25	price	1395135597645	1395135597645	1395135598422	1395135598422	OK	 
ACTION	Pricing	19	price	1395135597676	1395135597677	1395135598455	1395135598456	OK	 
ACTION	Pricing	18	price	1395135597705	1395135597706	1395135598486	1395135598487	OK	 
ACTION	Pricing	22	price	1395135597735	1395135597736	1395135598518	1395135598518	OK	 
ACTION	Pricing	16	price	1395135597765	1395135597766	1395135598549	1395135598549	OK	 
ACTION	Pricing	3	price	1395135597795	1395135597795	1395135598579	1395135598579	OK	 
ACTION	Pricing	17	price	1395135597831	1395135597831	1395135598614	1395135598615	OK	 
ACTION	Pricing	7	price	1395135597862	1395135597862	1395135598647	1395135598647	OK	 
ACTION	Pricing	21	price	1395135597891	1395135597891	1395135598679	1395135598679	OK	 
ACTION	Pricing	24	price	1395135597922	1395135597922	1395135598708	1395135598709	OK	 
ACTION	Pricing	5	price	1395135597951	1395135597952	1395135598738	1395135598739	OK	 
ACTION	Pricing	20	price	1395135597984	1395135597984	1395135598768	1395135598768	OK	 
ACTION	Pricing	4	price	1395135598013	1395135598014	1395135598800	1395135598801	OK	 
ACTION	Pricing	2	price	1395135598050	1395135598050	1395135598829	1395135598830	OK	 
ACTION	Pricing	8	price	1395135598077	1395135598077	1395135598858	1395135598859	OK	 
ACTION	Pricing	1	price	1395135598106	1395135598106	1395135598887	1395135598888	OK	 
ACTION	Pricing	11	price	1395135598137	1395135598137	1395135598918	1395135598919	OK	 
ACTION	Pricing	15	price	1395135598168	1395135598169	1395135598948	1395135598948	OK	 
ACTION	Pricing	9	price	1395135598199	1395135598200	1395135598979	1395135598979	OK	 
ACTION	Pricing	13	price	1395135598228	1395135598229	1395135599009	1395135599009	OK	 
ACTION	Pricing	6	price	1395135598258	1395135598258	1395135599039	1395135599040	OK	 
ACTION	Pricing	10	price	1395135598289	1395135598289	1395135599070	1395135599070	OK	 
ACTION	Pricing	14	price	1395135598318	1395135598319	1395135599102	1395135599103	OK	 
ACTION	Pricing	23	price	1395135598359	1395135598359	1395135599141	1395135599142	OK	 
ACTION	Pricing	12	price	1395135598393	1395135598393	1395135599180	1395135599181	OK	 
ACTION	Pricing	25	price	1395135598423	1395135598424	1395135599217	1395135599217	OK	 
ACTION	Pricing	19	price	1395135598457	1395135598458	1395135599244	1395135599245	OK	 
ACTION	Pricing	18	price	1395135598489	1395135598489	1395135599276	1395135599276	OK	 
ACTION	Pricing	22	price	1395135598519	1395135598520	1395135599307	1395135599307	OK	 
ACTION	Pricing	16	price	1395135598550	1395135598551	1395135599336	1395135599336	OK	 
ACTION	Pricing	3	price	1395135598581	1395135598581	1395135599365	1395135599365	OK	 
ACTION	Pricing	17	price	1395135598616	1395135598616	1395135599396	1395135599396	OK	 
ACTION	Pricing	7	price	1395135598649	1395135598650	1395135599438	1395135599439	OK	 
ACTION	Pricing	21	price	1395135598680	1395135598681	1395135599469	1395135599469	OK	 
ACTION	Pricing	24	price	1395135598710	1395135598711	1395135599501	1395135599502	OK	 
ACTION	Pricing	5	price	1395135598740	1395135598741	1395135599531	1395135599532	OK	 
ACTION	Pricing	20	price	1395135598770	1395135598770	1395135599562	1395135599562	OK	 
ACTION	Pricing	4	price	1395135598802	1395135598803	1395135599595	1395135599595	OK	 
ACTION	Pricing	2	price	1395135598831	1395135598832	1395135599626	1395135599626	OK	 
ACTION	Pricing	8	price	1395135598860	1395135598861	1395135599658	1395135599658	OK	 
ACTION	Pricing	1	price	1395135598889	1395135598890	1395135599688	1395135599689	OK	 
ACTION	Pricing	11	price	1395135598920	1395135598923	1395135599721	1395135599721	OK	 
ACTION	Pricing	15	price	1395135598950	1395135598950	1395135599753	1395135599753	OK	 
ACTION	Pricing	9	price	1395135598981	1395135598981	1395135599784	1395135599784	OK	 
ACTION	Pricing	13	price	1395135599014	1395135599014	1395135599816	1395135599816	OK	 
ACTION	Pricing	6	price	1395135599041	1395135599042	1395135599846	1395135599846	OK	 
ACTION	Pricing	10	price	1395135599072	1395135599072	1395135599878	1395135599879	OK	 
ACTION	Pricing	14	price	1395135599105	1395135599106	1395135599912	1395135599912	OK	 
ACTION	Pricing	23	price	1395135599143	1395135599144	1395135599945	1395135599945	OK	 
ACTION	Pricing	12	price	1395135599182	1395135599183	1395135599981	1395135599982	OK	 
ACTION	Pricing	25	price	1395135599219	1395135599219	1395135600012	1395135600012	OK	 
ACTION	Pricing	19	price	1395135599246	1395135599247	1395135600046	1395135600046	OK	 
ACTION	Pricing	18	price	1395135599278	1395135599278	1395135600078	1395135600078	OK	 
ACTION	Pricing	22	price	1395135599309	1395135599309	1395135600112	1395135600113	OK	 
ACTION	Pricing	16	price	1395135599338	1395135599338	1395135600143	1395135600143	OK	 
ACTION	Pricing	3	price	1395135599367	1395135599367	1395135600177	1395135600177	OK	 
ACTION	Pricing	17	price	1395135599397	1395135599398	1395135600210	1395135600210	OK	 
ACTION	Pricing	7	price	1395135599440	1395135599441	1395135600236	1395135600237	OK	 
ACTION	Pricing	21	price	1395135599471	1395135599471	1395135600266	1395135600267	OK	 
ACTION	Pricing	24	price	1395135599503	1395135599503	1395135600296	1395135600296	OK	 
ACTION	Pricing	5	price	1395135599533	1395135599533	1395135600328	1395135600328	OK	 
ACTION	Pricing	20	price	1395135599563	1395135599564	1395135600359	1395135600360	OK	 
ACTION	Pricing	4	price	1395135599596	1395135599597	1395135600401	1395135600402	OK	 
ACTION	Pricing	2	price	1395135599627	1395135599628	1395135600442	1395135600442	OK	 
ACTION	Pricing	8	price	1395135599659	1395135599660	1395135600471	1395135600471	OK	 
ACTION	Pricing	1	price	1395135599690	1395135599691	1395135600501	1395135600502	OK	 
ACTION	Pricing	11	price	1395135599722	1395135599723	1395135600533	1395135600534	OK	 
ACTION	Pricing	15	price	1395135599754	1395135599755	1395135600570	1395135600570	OK	 
ACTION	Pricing	9	price	1395135599785	1395135599786	1395135600601	1395135600601	OK	 
ACTION	Pricing	13	price	1395135599817	1395135599818	1395135600634	1395135600634	OK	 
ACTION	Pricing	6	price	1395135599847	1395135599848	1395135600667	1395135600667	OK	 
ACTION	Pricing	10	price	1395135599880	1395135599881	1395135600698	1395135600698	OK	 
ACTION	Pricing	14	price	1395135599913	1395135599914	1395135600727	1395135600727	OK	 
ACTION	Pricing	23	price	1395135599948	1395135599948	1395135600758	1395135600759	OK	 
ACTION	Pricing	12	price	1395135599984	1395135599985	1395135600793	1395135600793	OK	 
ACTION	Pricing	25	price	1395135600014	1395135600015	1395135600829	1395135600829	OK	 
ACTION	Pricing	19	price	1395135600048	1395135600048	1395135600862	1395135600863	OK	 
ACTION	Pricing	18	price	1395135600080	1395135600080	1395135600899	1395135600899	OK	 
ACTION	Pricing	22	price	1395135600114	1395135600114	1395135600950	1395135600950	OK	 
ACTION	Pricing	16	price	1395135600145	1395135600146	1395135600993	1395135600994	OK	 
ACTION	Pricing	3	price	1395135600179	1395135600179	1395135601036	1395135601037	OK	 
ACTION	Pricing	17	price	1395135600212	1395135600212	1395135601078	1395135601078	OK	 
ACTION	Pricing	7	price	1395135600238	1395135600239	1395135601117	1395135601118	OK	 
ACTION	Pricing	21	price	1395135600268	1395135600268	1395135601174	1395135601174	OK	 
ACTION	Pricing	24	price	1395135600297	1395135600298	1395135601190	1395135601190	OK	 
ACTION	Pricing	5	price	1395135600330	1395135600330	1395135601221	1395135601222	OK	 
ACTION	Pricing	20	price	1395135600361	1395135600362	1395135601254	1395135601254	OK	 
ACTION	Pricing	4	price	1395135600403	1395135600404	1395135601289	1395135601289	OK	 
ACTION	Pricing	2	price	1395135600444	1395135600444	1395135601323	1395135601323	OK	 
ACTION	Pricing	8	price	1395135600472	1395135600473	1395135601355	1395135601355	OK	 
ACTION	Pricing	1	price	1395135600503	1395135600504	1395135601388	1395135601389	OK	 
ACTION	Pricing	11	price	1395135600535	1395135600536	1395135601420	1395135601420	OK	 
ACTION	Pricing	15	price	1395135600572	1395135600573	1395135601451	1395135601452	OK	 
ACTION	Pricing	9	price	1395135600602	1395135600603	1395135601512	1395135601512	OK	 
ACTION	Pricing	13	price	1395135600642	1395135600642	1395135601519	1395135601519	OK	 
ACTION	Pricing	6	price	1395135600669	1395135600669	1395135601549	1395135601549	OK	 
ACTION	Pricing	10	price	1395135600699	1395135600700	1395135601579	1395135601579	OK	 
ACTION	Pricing	14	price	1395135600729	1395135600730	1395135601610	1395135601610	OK	 
ACTION	Pricing	23	price	1395135600760	1395135600761	1395135601638	1395135601639	OK	 
ACTION	Pricing	12	price	1395135600795	1395135600795	1395135601671	1395135601672	OK	 
ACTION	Pricing	25	price	1395135600831	1395135600831	1395135601702	1395135601702	OK	 
ACTION	Pricing	19	price	1395135600864	1395135600865	1395135601733	1395135601733	OK	 
ACTION	Pricing	18	price	1395135600902	1395135600902	1395135601762	1395135601763	OK	 
ACTION	Pricing	22	price	1395135600952	1395135600953	1395135601793	1395135601793	OK	 
ACTION	Pricing	16	price	1395135600996	1395135600997	1395135601824	1395135601824	OK	 
ACTION	Pricing	3	price	1395135601039	1395135601039	1395135601856	1395135601856	OK	 
ACTION	Pricing	17	price	1395135601081	1395135601081	1395135601885	1395135601885	OK	 
ACTION	Pricing	7	price	1395135601119	1395135601120	1395135601917	1395135601917	OK	 
ACTION	Pricing	21	price	1395135601176	1395135601176	1395135601951	1395135601951	OK	 
ACTION	Pricing	24	price	1395135601191	1395135601192	1395135601979	1395135601980	OK	 
ACTION	Pricing	5	price	1395135601223	1395135601223	1395135602012	1395135602012	OK	 
ACTION	Pricing	20	price	1395135601256	1395135601256	1395135602044	1395135602044	OK	 
ACTION	Pricing	4	price	1395135601291	1395135601291	1395135602074	1395135602075	OK	 
ACTION	Pricing	2	price	1395135601324	1395135601325	1395135602105	1395135602105	OK	 
ACTION	Pricing	8	price	1395135601356	1395135601357	1395135602137	1395135602138	OK	 
ACTION	Pricing	1	price	1395135601390	1395135601390	1395135602168	1395135602169	OK	 
ACTION	Pricing	11	price	1395135601422	1395135601422	1395135602201	1395135602201	OK	 
ACTION	Pricing	15	price	1395135601454	1395135601454	1395135602234	1395135602234	OK	 
ACTION	Pricing	9	price	1395135601514	1395135601515	1395135602262	1395135602262	OK	 
ACTION	Pricing	13	price	1395135601521	1395135601521	1395135602291	1395135602292	OK	 
ACTION	Pricing	6	price	1395135601551	1395135601551	1395135602320	1395135602320	OK	 
ACTION	Pricing	10	price	1395135601580	1395135601581	1395135602350	1395135602350	OK	 
ACTION	Pricing	14	price	1395135601611	1395135601611	1395135602378	1395135602378	OK	 
ACTION	Pricing	23	price	1395135601640	1395135601642	1395135602409	1395135602410	OK	 
ACTION	Pricing	12	price	1395135601674	1395135601674	1395135602439	1395135602439	OK	 
ACTION	Pricing	25	price	1395135601704	1395135601704	1395135602470	1395135602470	OK	 
ACTION	Pricing	19	price	1395135601734	1395135601734	1395135602500	1395135602500	OK	 
ACTION	Pricing	18	price	1395135601764	1395135601765	1395135602529	1395135602529	OK	 
ACTION	Pricing	22	price	1395135601795	1395135601796	1395135602561	1395135602562	OK	 
ACTION	Pricing	16	price	1395135601825	1395135601826	1395135602591	1395135602591	OK	 
ACTION	Pricing	3	price	1395135601858	1395135601858	1395135602621	1395135602622	OK	 
ACTION	Pricing	17	price	1395135601887	1395135601887	1395135602654	1395135602654	OK	 
ACTION	Pricing	7	price	1395135601919	1395135601919	1395135602686	1395135602686	OK	 
ACTION	Pricing	21	price	1395135601952	1395135601953	1395135602721	1395135602722	OK	 
ACTION	Pricing	24	price	1395135601981	1395135601981	1395135602756	1395135602757	OK	 
ACTION	Pricing	5	price	1395135602014	1395135602014	1395135602789	1395135602789	OK	 
ACTION	Pricing	20	price	1395135602046	1395135602046	1395135602820	1395135602820	OK	 
ACTION	Pricing	4	price	1395135602076	1395135602076	1395135602852	1395135602853	OK	 
ACTION	Pricing	2	price	1395135602107	1395135602108	1395135602885	1395135602885	OK	 
ACTION	Pricing	8	price	1395135602139	1395135602140	1395135602918	1395135602918	OK	 
ACTION	Pricing	1	price	1395135602170	1395135602171	1395135602949	1395135602950	OK	 
ACTION	Pricing	11	price	1395135602203	1395135602203	1395135602988	1395135602989	OK	 
ACTION	Pricing	15	price	1395135602235	1395135602236	1395135603017	1395135603017	OK	 
ACTION	Pricing	9	price	1395135602264	1395135602264	1395135603050	1395135603050	OK	 
ACTION	Pricing	13	price	1395135602294	1395135602294	1395135603082	1395135603082	OK	 
ACTION	Pricing	6	price	1395135602322	1395135602323	1395135603115	1395135603115	OK	 
ACTION	Pricing	10	price	1395135602352	1395135602352	1395135603145	1395135603145	OK	 
ACTION	Pricing	14	price	1395135602380	1395135602380	1395135603176	1395135603176	OK	 
ACTION	Pricing	23	price	1395135602411	1395135602411	1395135603206	1395135603206	OK	 
ACTION	Pricing	12	price	1395135602444	1395135602445	1395135603238	1395135603238	OK	 
ACTION	Pricing	25	price	1395135602472	1395135602472	1395135603279	1395135603280	OK	 
ACTION	Pricing	19	price	1395135602501	1395135602502	1395135603309	1395135603309	OK	 
ACTION	Pricing	18	price	1395135602531	1395135602532	1395135603340	1395135603340	OK	 
ACTION	Pricing	22	price	1395135602563	1395135602564	1395135603373	1395135603373	OK	 
ACTION	Pricing	16	price	1395135602593	1395135602593	1395135603401	1395135603401	OK	 
ACTION	Pricing	3	price	1395135602623	1395135602624	1395135603439	1395135603439	OK	 
ACTION	Pricing	17	price	1395135602656	1395135602656	1395135603473	1395135603473	OK	 
ACTION	Pricing	7	price	1395135602687	1395135602688	1395135603529	1395135603529	OK	 
ACTION	Pricing	21	price	1395135602724	1395135602725	1395135603545	1395135603545	OK	 
ACTION	Pricing	24	price	1395135602762	1395135602762	1395135603582	1395135603583	OK	 
ACTION	Pricing	5	price	1395135602791	1395135602791	1395135603619	1395135603619	OK	 
ACTION	Pricing	20	price	1395135602822	1395135602823	1395135603645	1395135603645	OK	 
ACTION	Pricing	4	price	1395135602854	1395135602854	1395135603675	1395135603675	OK	 
ACTION	Pricing	2	price	1395135602886	1395135602888	1395135603706	1395135603706	OK	 
ACTION	Pricing	8	price	1395135602920	1395135602920	1395135603736	1395135603736	OK	 
ACTION	Pricing	1	price	1395135602952	1395135602953	1395135603766	1395135603766	OK	 
ACTION	Pricing	11	price	1395135602990	1395135602991	1395135603802	1395135603803	OK	 
ACTION	Pricing	15	price	1395135603019	1395135603019	1395135603836	1395135603836	OK	 
ACTION	Pricing	9	price	1395135603052	1395135603052	1395135603868	1395135603868	OK	 
ACTION	Pricing	13	price	1395135603084	1395135603084	1395135603902	1395135603902	OK	 
ACTION	Pricing	6	price	1395135603117	1395135603117	1395135603938	1395135603939	OK	 
ACTION	Pricing	10	price	1395135603146	1395135603147	1395135603977	1395135603977	OK	 
ACTION	Pricing	14	price	1395135603177	1395135603178	1395135604018	1395135604019	OK	 
ACTION	Pricing	23	price	1395135603208	1395135603209	1395135604056	1395135604056	OK	 
ACTION	Pricing	12	price	1395135603240	1395135603241	1395135604093	1395135604093	OK	 
ACTION	Pricing	25	price	1395135603282	1395135603282	1395135604129	1395135604129	OK	 
ACTION	Pricing	19	price	1395135603311	1395135603311	1395135604170	1395135604170	OK	 
ACTION	Pricing	18	price	1395135603341	1395135603342	1395135604201	1395135604202	OK	 
ACTION	Pricing	22	price	1395135603375	1395135603375	1395135604234	1395135604234	OK	 
ACTION	Pricing	16	price	1395135603402	1395135603403	1395135604266	1395135604267	OK	 
ACTION	Pricing	3	price	1395135603440	1395135603441	1395135604302	1395135604302	OK	 
ACTION	Pricing	17	price	1395135603474	1395135603475	1395135604337	1395135604337	OK	 
ACTION	Pricing	7	price	1395135603530	1395135603531	1395135604371	1395135604372	OK	 
ACTION	Pricing	21	price	1395135603547	1395135603547	1395135604407	1395135604407	OK	 
ACTION	Pricing	24	price	1395135603584	1395135603587	1395135604441	1395135604442	OK	 
ACTION	Pricing	5	price	1395135603620	1395135603621	1395135604477	1395135604477	OK	 
ACTION	Pricing	20	price	1395135603646	1395135603647	1395135604513	1395135604513	OK	 
ACTION	Pricing	4	price	1395135603676	1395135603677	1395135604547	1395135604548	OK	 
ACTION	Pricing	2	price	1395135603708	1395135603709	1395135604582	1395135604583	OK	 
ACTION	Pricing	8	price	1395135603738	1395135603738	1395135604614	1395135604614	OK	 
ACTION	Pricing	1	price	1395135603768	1395135603769	1395135604643	1395135604643	OK	 
ACTION	Pricing	11	price	1395135603804	1395135603804	1395135604675	1395135604675	OK	 
ACTION	Pricing	15	price	1395135603838	1395135603839	1395135604706	1395135604706	OK	 
ACTION	Pricing	9	price	1395135603870	1395135603871	1395135604737	1395135604737	OK	 
ACTION	Pricing	13	price	1395135603903	1395135603904	1395135604766	1395135604766	OK	 
ACTION	Pricing	6	price	1395135603941	1395135603941	1395135604797	1395135604798	OK	 
ACTION	Pricing	10	price	1395135603979	1395135603980	1395135604829	1395135604829	OK	 
ACTION	Pricing	14	price	1395135604020	1395135604021	1395135604862	1395135604863	OK	 
ACTION	Pricing	23	price	1395135604058	1395135604058	1395135604892	1395135604897	OK	 
ACTION	Pricing	12	price	1395135604095	1395135604096	1395135604926	1395135604926	OK	 
ACTION	Pricing	25	price	1395135604131	1395135604131	1395135604957	1395135604958	OK	 
ACTION	Pricing	19	price	1395135604172	1395135604172	1395135604992	1395135604992	OK	 
ACTION	Pricing	18	price	1395135604204	1395135604204	1395135605017	1395135605018	OK	 
ACTION	Pricing	22	price	1395135604236	1395135604236	1395135605047	1395135605047	OK	 
ACTION	Pricing	16	price	1395135604268	1395135604269	1395135605079	1395135605079	OK	 
ACTION	Pricing	3	price	1395135604304	1395135604305	1395135605113	1395135605113	OK	 
ACTION	Pricing	17	price	1395135604340	1395135604340	1395135605144	1395135605145	OK	 
ACTION	Pricing	7	price	1395135604373	1395135604374	1395135605179	1395135605180	OK	 
ACTION	Pricing	21	price	1395135604409	1395135604410	1395135605213	1395135605213	OK	 
ACTION	Pricing	24	price	1395135604443	1395135604444	1395135605244	1395135605244	OK	 
ACTION	Pricing	5	price	1395135604479	1395135604479	1395135605279	1395135605279	OK	 
ACTION	Pricing	20	price	1395135604515	1395135604516	1395135605311	1395135605311	OK	 
ACTION	Pricing	4	price	1395135604549	1395135604550	1395135605345	1395135605345	OK	 
ACTION	Pricing	2	price	1395135604584	1395135604585	1395135605380	1395135605380	OK	 
ACTION	Pricing	8	price	1395135604617	1395135604617	1395135605412	1395135605412	OK	 
ACTION	Pricing	1	price	1395135604645	1395135604646	1395135605447	1395135605448	OK	 
ACTION	Pricing	11	price	1395135604677	1395135604677	1395135605483	1395135605484	OK	 
ACTION	Pricing	15	price	1395135604708	1395135604708	1395135605517	1395135605517	OK	 
ACTION	Pricing	9	price	1395135604738	1395135604738	1395135605548	1395135605548	OK	 
ACTION	Pricing	13	price	1395135604767	1395135604768	1395135605586	1395135605586	OK	 
ACTION	Pricing	6	price	1395135604799	1395135604800	1395135605623	1395135605623	OK	 
ACTION	Pricing	10	price	1395135604831	1395135604831	1395135605658	1395135605658	OK	 
ACTION	Pricing	14	price	1395135604864	1395135604864	1395135605695	1395135605695	OK	 
ACTION	Pricing	23	price	1395135604898	1395135604899	1395135605731	1395135605731	OK	 
ACTION	Pricing	12	price	1395135604928	1395135604928	1395135605766	1395135605766	OK	 
ACTION	Pricing	25	price	1395135604959	1395135604960	1395135605798	1395135605798	OK	 
ACTION	Pricing	19	price	1395135604994	1395135604994	1395135605830	1395135605830	OK	 
ACTION	Pricing	18	price	1395135605019	1395135605019	1395135605863	1395135605863	OK	 
ACTION	Pricing	22	price	1395135605049	1395135605049	1395135605892	1395135605892	OK	 
ACTION	Pricing	16	price	1395135605081	1395135605081	1395135605923	1395135605923	OK	 
ACTION	Pricing	3	price	1395135605114	1395135605115	1395135605953	1395135605954	OK	 
ACTION	Pricing	17	price	1395135605146	1395135605147	1395135605982	1395135605983	OK	 
ACTION	Pricing	7	price	1395135605181	1395135605182	1395135606014	1395135606014	OK	 
ACTION	Pricing	21	price	1395135605214	1395135605215	1395135606043	1395135606043	OK	 
ACTION	Pricing	24	price	1395135605245	1395135605246	1395135606074	1395135606074	OK	 
ACTION	Pricing	5	price	1395135605280	1395135605281	1395135606104	1395135606105	OK	 
ACTION	Pricing	20	price	1395135605313	1395135605313	1395135606137	1395135606138	OK	 
ACTION	Pricing	4	price	1395135605347	1395135605348	1395135606170	1395135606171	OK	 
ACTION	Pricing	2	price	1395135605382	1395135605383	1395135606203	1395135606203	OK	 
ACTION	Pricing	8	price	1395135605414	1395135605414	1395135606236	1395135606236	OK	 
ACTION	Pricing	1	price	1395135605450	1395135605450	1395135606289	1395135606289	OK	 
ACTION	Pricing	11	price	1395135605485	1395135605486	1395135606308	1395135606308	OK	 
ACTION	Pricing	15	price	1395135605519	1395135605519	1395135606339	1395135606339	OK	 
ACTION	Pricing	9	price	1395135605550	1395135605551	1395135606372	1395135606373	OK	 
ACTION	Pricing	13	price	1395135605588	1395135605588	1395135606406	1395135606407	OK	 
ACTION	Pricing	6	price	1395135605624	1395135605625	1395135606444	1395135606444	OK	 
ACTION	Pricing	10	price	1395135605660	1395135605661	1395135606475	1395135606476	OK	 
ACTION	Pricing	14	price	1395135605697	1395135605697	1395135606506	1395135606506	OK	 
ACTION	Pricing	23	price	1395135605732	1395135605733	1395135606538	1395135606538	OK	 
ACTION	Pricing	12	price	1395135605767	1395135605768	1395135606570	1395135606570	OK	 
ACTION	Pricing	25	price	1395135605799	1395135605800	1395135606601	1395135606601	OK	 
ACTION	Pricing	19	price	1395135605832	1395135605833	1395135606631	1395135606632	OK	 
ACTION	Pricing	18	price	1395135605864	1395135605865	1395135606665	1395135606665	OK	 
ACTION	Pricing	22	price	1395135605894	1395135605895	1395135606695	1395135606695	OK	 
ACTION	Pricing	16	price	1395135605925	1395135605925	1395135606730	1395135606730	OK	 
ACTION	Pricing	3	price	1395135605958	1395135605958	1395135606759	1395135606760	OK	 
ACTION	Pricing	17	price	1395135605984	1395135605985	1395135606792	1395135606792	OK	 
ACTION	Pricing	7	price	1395135606016	1395135606016	1395135606828	1395135606828	OK	 
ACTION	Pricing	21	price	1395135606045	1395135606045	1395135606861	1395135606861	OK	 
ACTION	Pricing	24	price	1395135606076	1395135606076	1395135606895	1395135606895	OK	 
ACTION	Pricing	5	price	1395135606106	1395135606107	1395135606931	1395135606931	OK	 
ACTION	Pricing	20	price	1395135606139	1395135606139	1395135606966	1395135606966	OK	 
ACTION	Pricing	4	price	1395135606172	1395135606172	1395135606999	1395135606999	OK	 
ACTION	Pricing	2	price	1395135606205	1395135606205	1395135607033	1395135607034	OK	 
ACTION	Pricing	8	price	1395135606237	1395135606288	1395135607065	1395135607066	OK	 
ACTION	Pricing	1	price	1395135606291	1395135606291	1395135607098	1395135607098	OK	 
ACTION	Pricing	11	price	1395135606310	1395135606311	1395135607129	1395135607129	OK	 
ACTION	Pricing	15	price	1395135606341	1395135606342	1395135607161	1395135607161	OK	 
ACTION	Pricing	9	price	1395135606374	1395135606375	1395135607190	1395135607190	OK	 
ACTION	Pricing	13	price	1395135606408	1395135606409	1395135607220	1395135607221	OK	 
ACTION	Pricing	6	price	1395135606446	1395135606447	1395135607255	1395135607255	OK	 
ACTION	Pricing	10	price	1395135606477	1395135606478	1395135607288	1395135607288	OK	 
ACTION	Pricing	14	price	1395135606508	1395135606508	1395135607320	1395135607320	OK	 
ACTION	Pricing	23	price	1395135606540	1395135606540	1395135607354	1395135607354	OK	 
ACTION	Pricing	12	price	1395135606572	1395135606572	1395135607388	1395135607388	OK	 
ACTION	Pricing	25	price	1395135606602	1395135606602	1395135607422	1395135607423	OK	 
ACTION	Pricing	19	price	1395135606633	1395135606634	1395135607462	1395135607462	OK	 
ACTION	Pricing	18	price	1395135606666	1395135606667	1395135607494	1395135607494	OK	 
ACTION	Pricing	22	price	1395135606696	1395135606697	1395135607528	1395135607528	OK	 
ACTION	Pricing	16	price	1395135606731	1395135606732	1395135607556	1395135607556	OK	 
ACTION	Pricing	3	price	1395135606762	1395135606762	1395135607586	1395135607586	OK	 
ACTION	Pricing	17	price	1395135606793	1395135606793	1395135607616	1395135607616	OK	 
ACTION	Pricing	7	price	1395135606830	1395135606830	1395135607663	1395135607664	OK	 
ACTION	Pricing	21	price	1395135606863	1395135606863	1395135607689	1395135607689	OK	 
ACTION	Pricing	24	price	1395135606897	1395135606897	1395135607719	1395135607719	OK	 
ACTION	Pricing	5	price	1395135606933	1395135606933	1395135607750	1395135607750	OK	 
ACTION	Pricing	20	price	1395135606968	1395135606968	1395135607785	1395135607786	OK	 
ACTION	Pricing	4	price	1395135607002	1395135607002	1395135607818	1395135607818	OK	 
ACTION	Pricing	2	price	1395135607035	1395135607035	1395135607851	1395135607851	OK	 
ACTION	Pricing	8	price	1395135607067	1395135607067	1395135607883	1395135607883	OK	 
ACTION	Pricing	1	price	1395135607100	1395135607100	1395135607914	1395135607914	OK	 
ACTION	Pricing	11	price	1395135607131	1395135607131	1395135607946	1395135607947	OK	 
ACTION	Pricing	15	price	1395135607162	1395135607163	1395135607976	1395135607977	OK	 
ACTION	Pricing	9	price	1395135607191	1395135607192	1395135608008	1395135608009	OK	 
ACTION	Pricing	13	price	1395135607222	1395135607222	1395135608039	1395135608039	OK	 
ACTION	Pricing	6	price	1395135607256	1395135607257	1395135608071	1395135608071	OK	 
ACTION	Pricing	10	price	1395135607289	1395135607290	1395135608101	1395135608101	OK	 
ACTION	Pricing	14	price	1395135607321	1395135607321	1395135608132	1395135608134	OK	 
ACTION	Pricing	23	price	1395135607356	1395135607357	1395135608163	1395135608164	OK	 
ACTION	Pricing	12	price	1395135607390	1395135607390	1395135608198	1395135608198	OK	 
ACTION	Pricing	25	price	1395135607424	1395135607424	1395135608232	1395135608233	OK	 
ACTION	Pricing	19	price	1395135607464	1395135607464	1395135608269	1395135608269	OK	 
ACTION	Pricing	18	price	1395135607496	1395135607496	1395135608303	1395135608304	OK	 
ACTION	Pricing	22	price	1395135607529	1395135607530	1395135608333	1395135608334	OK	 
ACTION	Pricing	16	price	1395135607558	1395135607558	1395135608363	1395135608363	OK	 
ACTION	Pricing	3	price	1395135607587	1395135607587	1395135608393	1395135608393	OK	 
ACTION	Pricing	17	price	1395135607618	1395135607619	1395135608424	1395135608424	OK	 
ACTION	Pricing	7	price	1395135607665	1395135607666	1395135608454	1395135608455	OK	 
ACTION	Pricing	21	price	1395135607691	1395135607691	1395135608486	1395135608486	OK	 
ACTION	Pricing	24	price	1395135607721	1395135607721	1395135608519	1395135608519	OK	 
ACTION	Pricing	5	price	1395135607752	1395135607752	1395135608549	1395135608550	OK	 
ACTION	Pricing	20	price	1395135607787	1395135607788	1395135608584	1395135608584	OK	 
ACTION	Pricing	4	price	1395135607819	1395135607820	1395135608615	1395135608615	OK	 
ACTION	Pricing	2	price	1395135607853	1395135607854	1395135608645	1395135608646	OK	 
ACTION	Pricing	8	price	1395135607885	1395135607885	1395135608678	1395135608679	OK	 
ACTION	Pricing	1	price	1395135607916	1395135607916	1395135608714	1395135608715	OK	 
ACTION	Pricing	11	price	1395135607948	1395135607949	1395135608748	1395135608749	OK	 
ACTION	Pricing	15	price	1395135607978	1395135607979	1395135608779	1395135608779	OK	 
ACTION	Pricing	9	price	1395135608010	1395135608010	1395135608811	1395135608812	OK	 
ACTION	Pricing	13	price	1395135608042	1395135608043	1395135608844	1395135608844	OK	 
ACTION	Pricing	6	price	1395135608072	1395135608073	1395135608876	1395135608876	OK	 
ACTION	Pricing	10	price	1395135608102	1395135608103	1395135608907	1395135608907	OK	 
ACTION	Pricing	14	price	1395135608135	1395135608135	1395135608939	1395135608940	OK	 
ACTION	Pricing	23	price	1395135608167	1395135608167	1395135608972	1395135608972	OK	 
ACTION	Pricing	12	price	1395135608199	1395135608200	1395135609004	1395135609004	OK	 
ACTION	Pricing	25	price	1395135608234	1395135608235	1395135609037	1395135609037	OK	 
ACTION	Pricing	19	price	1395135608270	1395135608271	1395135609068	1395135609068	OK	 
ACTION	Pricing	18	price	1395135608305	1395135608306	1395135609102	1395135609103	OK	 
ACTION	Pricing	22	price	1395135608335	1395135608335	1395135609133	1395135609133	OK	 
ACTION	Pricing	16	price	1395135608365	1395135608365	1395135609167	1395135609167	OK	 
ACTION	Pricing	3	price	1395135608394	1395135608395	1395135609201	1395135609201	OK	 
ACTION	Pricing	17	price	1395135608426	1395135608426	1395135609232	1395135609232	OK	 
ACTION	Pricing	7	price	1395135608456	1395135608456	1395135609263	1395135609263	OK	 
ACTION	Pricing	21	price	1395135608487	1395135608488	1395135609298	1395135609299	OK	 
ACTION	Pricing	24	price	1395135608521	1395135608521	1395135609329	1395135609329	OK	 
ACTION	Pricing	5	price	1395135608551	1395135608551	1395135609362	1395135609362	OK	 
ACTION	Pricing	20	price	1395135608585	1395135608586	1395135609393	1395135609393	OK	 
ACTION	Pricing	4	price	1395135608616	1395135608617	1395135609426	1395135609426	OK	 
ACTION	Pricing	2	price	1395135608647	1395135608648	1395135609455	1395135609455	OK	 
ACTION	Pricing	8	price	1395135608680	1395135608680	1395135609487	1395135609487	OK	 
ACTION	Pricing	1	price	1395135608716	1395135608716	1395135609516	1395135609516	OK	 
ACTION	Pricing	11	price	1395135608750	1395135608750	1395135609551	1395135609552	OK	 
ACTION	Pricing	15	price	1395135608781	1395135608781	1395135609584	1395135609584	OK	 
ACTION	Pricing	9	price	1395135608813	1395135608814	1395135609617	1395135609617	OK	 
ACTION	Pricing	13	price	1395135608845	1395135608846	1395135609650	1395135609651	OK	 
ACTION	Pricing	6	price	1395135608877	1395135608877	1395135609681	1395135609681	OK	 
ACTION	Pricing	10	price	1395135608908	1395135608909	1395135609714	1395135609715	OK	 
ACTION	Pricing	14	price	1395135608941	1395135608942	1395135609744	1395135609744	OK	 
ACTION	Pricing	23	price	1395135608973	1395135608974	1395135609778	1395135609778	OK	 
ACTION	Pricing	12	price	1395135609006	1395135609007	1395135609810	1395135609810	OK	 
ACTION	Pricing	25	price	1395135609038	1395135609039	1395135609842	1395135609842	OK	 
ACTION	Pricing	19	price	1395135609069	1395135609070	1395135609875	1395135609875	OK	 
ACTION	Pricing	18	price	1395135609104	1395135609105	1395135609909	1395135609910	OK	 
ACTION	Pricing	22	price	1395135609134	1395135609135	1395135609943	1395135609943	OK	 
ACTION	Pricing	16	price	1395135609168	1395135609169	1395135609973	1395135609973	OK	 
ACTION	Pricing	3	price	1395135609203	1395135609203	1395135610004	1395135610004	OK	 
ACTION	Pricing	17	price	1395135609233	1395135609234	1395135610037	1395135610037	OK	 
ACTION	Pricing	7	price	1395135609265	1395135609265	1395135610068	1395135610069	OK	 
ACTION	Pricing	21	price	1395135609300	1395135609300	1395135610100	1395135610100	OK	 
ACTION	Pricing	24	price	1395135609330	1395135609330	1395135610134	1395135610135	OK	 
ACTION	Pricing	5	price	1395135609364	1395135609364	1395135610167	1395135610168	OK	 
ACTION	Pricing	20	price	1395135609394	1395135609394	1395135610204	1395135610204	OK	 
ACTION	Pricing	4	price	1395135609427	1395135609428	1395135610236	1395135610236	OK	 
ACTION	Pricing	2	price	1395135609457	1395135609458	1395135610276	1395135610277	OK	 
ACTION	Pricing	8	price	1395135609488	1395135609489	1395135610310	1395135610310	OK	 
ACTION	Pricing	1	price	1395135609518	1395135609518	1395135610344	1395135610344	OK	 
ACTION	Pricing	11	price	1395135609553	1395135609554	1395135610374	1395135610374	OK	 
ACTION	Pricing	15	price	1395135609586	1395135609586	1395135610409	1395135610409	OK	 
ACTION	Pricing	9	price	1395135609619	1395135609619	1395135610441	1395135610442	OK	 
ACTION	Pricing	13	price	1395135609652	1395135609653	1395135610474	1395135610474	OK	 
ACTION	Pricing	6	price	1395135609683	1395135609683	1395135610507	1395135610507	OK	 
ACTION	Pricing	10	price	1395135609716	1395135609717	1395135610540	1395135610541	OK	 
ACTION	Pricing	14	price	1395135609746	1395135609746	1395135610571	1395135610571	OK	 
ACTION	Pricing	23	price	1395135609779	1395135609779	1395135610606	1395135610607	OK	 
ACTION	Pricing	12	price	1395135609811	1395135609812	1395135610640	1395135610640	OK	 
ACTION	Pricing	25	price	1395135609844	1395135609844	1395135610675	1395135610676	OK	 
ACTION	Pricing	19	price	1395135609877	1395135609878	1395135610707	1395135610707	OK	 
ACTION	Pricing	18	price	1395135609911	1395135609911	1395135610743	1395135610743	OK	 
ACTION	Pricing	22	price	1395135609945	1395135609945	1395135610776	1395135610777	OK	 
ACTION	Pricing	16	price	1395135609975	1395135609975	1395135610811	1395135610811	OK	 
ACTION	Pricing	3	price	1395135610006	1395135610006	1395135610844	1395135610844	OK	 
ACTION	Pricing	17	price	1395135610039	1395135610040	1395135610879	1395135610879	OK	 
ACTION	Pricing	7	price	1395135610070	1395135610071	1395135610912	1395135610913	OK	 
ACTION	Pricing	21	price	1395135610103	1395135610103	1395135610952	1395135610952	OK	 
ACTION	Pricing	24	price	1395135610136	1395135610137	1395135610991	1395135610991	OK	 
ACTION	Pricing	5	price	1395135610169	1395135610170	1395135611031	1395135611032	OK	 
ACTION	Pricing	20	price	1395135610206	1395135610206	1395135611069	1395135611069	OK	 
ACTION	Pricing	4	price	1395135610238	1395135610239	1395135611107	1395135611107	OK	 
ACTION	Pricing	2	price	1395135610278	1395135610279	1395135611144	1395135611144	OK	 
ACTION	Pricing	8	price	1395135610312	1395135610312	1395135611178	1395135611178	OK	 
ACTION	Pricing	1	price	1395135610346	1395135610346	1395135611214	1395135611214	OK	 
ACTION	Pricing	11	price	1395135610376	1395135610376	1395135611248	1395135611249	OK	 
ACTION	Pricing	15	price	1395135610410	1395135610411	1395135611280	1395135611280	OK	 
ACTION	Pricing	9	price	1395135610444	1395135610444	1395135611311	1395135611311	OK	 
ACTION	Pricing	13	price	1395135610479	1395135610479	1395135611343	1395135611343	OK	 
ACTION	Pricing	6	price	1395135610509	1395135610509	1395135611375	1395135611375	OK	 
ACTION	Pricing	10	price	1395135610542	1395135610544	1395135611407	1395135611407	OK	 
ACTION	Pricing	14	price	1395135610573	1395135610573	1395135611436	1395135611436	OK	 
ACTION	Pricing	23	price	1395135610608	1395135610609	1395135611466	1395135611466	OK	 
ACTION	Pricing	12	price	1395135610641	1395135610642	1395135611497	1395135611497	OK	 
ACTION	Pricing	25	price	1395135610677	1395135610677	1395135611529	1395135611529	OK	 
ACTION	Pricing	19	price	1395135610709	1395135610710	1395135611560	1395135611561	OK	 
ACTION	Pricing	18	price	1395135610745	1395135610745	1395135611590	1395135611590	OK	 
ACTION	Pricing	22	price	1395135610779	1395135610779	1395135611622	1395135611622	OK	 
ACTION	Pricing	16	price	1395135610813	1395135610813	1395135611655	1395135611656	OK	 
ACTION	Pricing	3	price	1395135610846	1395135610846	1395135611689	1395135611689	OK	 
ACTION	Pricing	17	price	1395135610881	1395135610881	1395135611722	1395135611722	OK	 
ACTION	Pricing	7	price	1395135610914	1395135610915	1395135611755	1395135611755	OK	 
ACTION	Pricing	21	price	1395135610954	1395135610955	1395135611790	1395135611791	OK	 
ACTION	Pricing	24	price	1395135610992	1395135610993	1395135611824	1395135611825	OK	 
ACTION	Pricing	5	price	1395135611033	1395135611034	1395135611860	1395135611860	OK	 
ACTION	Pricing	20	price	1395135611070	1395135611071	1395135611895	1395135611895	OK	 
ACTION	Pricing	4	price	1395135611109	1395135611109	1395135611931	1395135611931	OK	 
ACTION	Pricing	2	price	1395135611146	1395135611146	1395135611963	1395135611964	OK	 
ACTION	Pricing	8	price	1395135611180	1395135611180	1395135611999	1395135611999	OK	 
ACTION	Pricing	1	price	1395135611216	1395135611216	1395135612034	1395135612034	OK	 
ACTION	Pricing	11	price	1395135611250	1395135611250	1395135612069	1395135612069	OK	 
ACTION	Pricing	15	price	1395135611281	1395135611282	1395135612103	1395135612103	OK	 
ACTION	Pricing	9	price	1395135611312	1395135611313	1395135612136	1395135612137	OK	 
ACTION	Pricing	13	price	1395135611344	1395135611344	1395135612171	1395135612171	OK	 
ACTION	Pricing	6	price	1395135611377	1395135611377	1395135612212	1395135612212	OK	 
ACTION	Pricing	10	price	1395135611408	1395135611409	1395135612250	1395135612250	OK	 
ACTION	Pricing	14	price	1395135611438	1395135611438	1395135612286	1395135612287	OK	 
ACTION	Pricing	23	price	1395135611468	1395135611468	1395135612319	1395135612319	OK	 
ACTION	Pricing	12	price	1395135611499	1395135611499	1395135612354	1395135612354	OK	 
ACTION	Pricing	25	price	1395135611531	1395135611531	1395135612395	1395135612395	OK	 
ACTION	Pricing	19	price	1395135611562	1395135611562	1395135612430	1395135612430	OK	 
ACTION	Pricing	18	price	1395135611592	1395135611592	1395135612466	1395135612466	OK	 
ACTION	Pricing	22	price	1395135611623	1395135611623	1395135612501	1395135612501	OK	 
ACTION	Pricing	16	price	1395135611657	1395135611657	1395135612538	1395135612538	OK	 
ACTION	Pricing	3	price	1395135611690	1395135611691	1395135612572	1395135612574	OK	 
ACTION	Pricing	17	price	1395135611723	1395135611723	1395135612604	1395135612605	OK	 
ACTION	Pricing	7	price	1395135611757	1395135611757	1395135612640	1395135612640	OK	 
ACTION	Pricing	21	price	1395135611792	1395135611793	1395135612676	1395135612677	OK	 
ACTION	Pricing	24	price	1395135611826	1395135611827	1395135612731	1395135612731	OK	 
ACTION	Pricing	5	price	1395135611862	1395135611863	1395135612758	1395135612758	OK	 
ACTION	Pricing	20	price	1395135611897	1395135611897	1395135612793	1395135612794	OK	 
ACTION	Pricing	4	price	1395135611933	1395135611933	1395135612829	1395135612829	OK	 
ACTION	Pricing	2	price	1395135611966	1395135611966	1395135612865	1395135612865	OK	 
ACTION	Pricing	8	price	1395135612000	1395135612002	1395135612901	1395135612902	OK	 
ACTION	Pricing	1	price	1395135612035	1395135612036	1395135612934	1395135612934	OK	 
ACTION	Pricing	11	price	1395135612071	1395135612071	1395135612969	1395135612969	OK	 
ACTION	Pricing	15	price	1395135612104	1395135612105	1395135613009	1395135613009	OK	 
ACTION	Pricing	9	price	1395135612138	1395135612139	1395135613041	1395135613042	OK	 
ACTION	Pricing	13	price	1395135612173	1395135612174	1395135613075	1395135613075	OK	 
ACTION	Pricing	6	price	1395135612213	1395135612214	1395135613108	1395135613108	OK	 
ACTION	Pricing	10	price	1395135612252	1395135612252	1395135613137	1395135613137	OK	 
ACTION	Pricing	14	price	1395135612288	1395135612289	1395135613171	1395135613171	OK	 
ACTION	Pricing	23	price	1395135612320	1395135612321	1395135613204	1395135613204	OK	 
ACTION	Pricing	12	price	1395135612356	1395135612356	1395135613235	1395135613235	OK	 
ACTION	Pricing	25	price	1395135612397	1395135612398	1395135613272	1395135613272	OK	 
ACTION	Pricing	19	price	1395135612432	1395135612432	1395135613305	1395135613305	OK	 
ACTION	Pricing	18	price	1395135612471	1395135612471	1395135613335	1395135613335	OK	 
ACTION	Pricing	22	price	1395135612503	1395135612504	1395135613376	1395135613377	OK	 
ACTION	Pricing	16	price	1395135612540	1395135612540	1395135613407	1395135613408	OK	 
ACTION	Pricing	3	price	1395135612575	1395135612576	1395135613440	1395135613440	OK	 
ACTION	Pricing	17	price	1395135612606	1395135612607	1395135613471	1395135613471	OK	 
ACTION	Pricing	7	price	1395135612642	1395135612643	1395135613503	1395135613503	OK	 
ACTION	Pricing	21	price	1395135612678	1395135612679	1395135613537	1395135613538	OK	 
ACTION	Pricing	24	price	1395135612733	1395135612733	1395135613573	1395135613573	OK	 
ACTION	Pricing	5	price	1395135612760	1395135612760	1395135613603	1395135613603	OK	 
ACTION	Pricing	20	price	1395135612795	1395135612796	1395135613636	1395135613636	OK	 
ACTION	Pricing	4	price	1395135612830	1395135612831	1395135613669	1395135613669	OK	 
ACTION	Pricing	2	price	1395135612867	1395135612867	1395135613704	1395135613704	OK	 
ACTION	Pricing	1	price	1395135612936	1395135612936	1395135613768	1395135613768	OK	 
ACTION	Pricing	8	price	1395135612903	1395135612904	1395135613777	1395135613778	OK	 
ACTION	Pricing	11	price	1395135612970	1395135612971	1395135613806	1395135613806	OK	 
ACTION	Pricing	15	price	1395135613011	1395135613011	1395135613871	1395135613872	OK	 
ACTION	Pricing	9	price	1395135613043	1395135613044	1395135613893	1395135613894	OK	 
ACTION	Pricing	13	price	1395135613076	1395135613077	1395135613927	1395135613927	OK	 
ACTION	Pricing	6	price	1395135613109	1395135613109	1395135613960	1395135613960	OK	 
ACTION	Pricing	10	price	1395135613138	1395135613139	1395135613990	1395135613991	OK	 
ACTION	Pricing	14	price	1395135613173	1395135613173	1395135614022	1395135614022	OK	 
ACTION	Pricing	23	price	1395135613205	1395135613206	1395135614055	1395135614055	OK	 
ACTION	Pricing	12	price	1395135613236	1395135613237	1395135614086	1395135614086	OK	 
ACTION	Pricing	25	price	1395135613275	1395135613275	1395135614117	1395135614117	OK	 
ACTION	Pricing	19	price	1395135613306	1395135613307	1395135614147	1395135614147	OK	 
ACTION	Pricing	18	price	1395135613337	1395135613337	1395135614178	1395135614178	OK	 
ACTION	Pricing	22	price	1395135613378	1395135613378	1395135614211	1395135614211	OK	 
ACTION	Pricing	16	price	1395135613409	1395135613409	1395135614245	1395135614245	OK	 
ACTION	Pricing	3	price	1395135613441	1395135613441	1395135614277	1395135614277	OK	 
ACTION	Pricing	17	price	1395135613473	1395135613473	1395135614312	1395135614312	OK	 
ACTION	Pricing	7	price	1395135613505	1395135613505	1395135614344	1395135614344	OK	 
ACTION	Pricing	21	price	1395135613539	1395135613540	1395135614383	1395135614383	OK	 
ACTION	Pricing	24	price	1395135613574	1395135613575	1395135614419	1395135614419	OK	 
ACTION	Pricing	5	price	1395135613604	1395135613604	1395135614450	1395135614451	OK	 
ACTION	Pricing	20	price	1395135613637	1395135613637	1395135614483	1395135614483	OK	 
ACTION	Pricing	4	price	1395135613675	1395135613676	1395135614517	1395135614517	OK	 
ACTION	Pricing	2	price	1395135613706	1395135613707	1395135614549	1395135614550	OK	 
ACTION	Pricing	1	price	1395135613770	1395135613770	1395135614612	1395135614612	OK	 
ACTION	Pricing	8	price	1395135613779	1395135613779	1395135614623	1395135614623	OK	 
ACTION	Pricing	11	price	1395135613808	1395135613809	1395135614672	1395135614672	OK	 
ACTION	Pricing	15	price	1395135613873	1395135613874	1395135614692	1395135614692	OK	 
ACTION	Pricing	9	price	1395135613895	1395135613895	1395135614748	1395135614748	OK	 
ACTION	Pricing	13	price	1395135613928	1395135613928	1395135614793	1395135614793	OK	 
ACTION	Pricing	6	price	1395135613962	1395135613963	1395135614821	1395135614821	OK	 
ACTION	Pricing	10	price	1395135613992	1395135613992	1395135614856	1395135614857	OK	 
ACTION	Pricing	14	price	1395135614024	1395135614024	1395135614890	1395135614890	OK	 
ACTION	Pricing	23	price	1395135614056	1395135614057	1395135614919	1395135614919	OK	 
ACTION	Pricing	12	price	1395135614088	1395135614088	1395135614952	1395135614953	OK	 
ACTION	Pricing	25	price	1395135614118	1395135614119	1395135614983	1395135614983	OK	 
ACTION	Pricing	19	price	1395135614149	1395135614149	1395135615016	1395135615019	OK	 
ACTION	Pricing	18	price	1395135614179	1395135614180	1395135615047	1395135615047	OK	 
ACTION	Pricing	22	price	1395135614212	1395135614213	1395135615078	1395135615078	OK	 
ACTION	Pricing	16	price	1395135614246	1395135614247	1395135615145	1395135615145	OK	 
ACTION	Pricing	3	price	1395135614279	1395135614279	1395135615167	1395135615167	OK	 
ACTION	Pricing	17	price	1395135614314	1395135614314	1395135615204	1395135615205	OK	 
ACTION	Pricing	7	price	1395135614346	1395135614346	1395135615239	1395135615239	OK	 
ACTION	Pricing	21	price	1395135614384	1395135614385	1395135615269	1395135615270	OK	 
ACTION	Pricing	24	price	1395135614420	1395135614420	1395135615300	1395135615300	OK	 
ACTION	Pricing	5	price	1395135614452	1395135614453	1395135615332	1395135615332	OK	 
ACTION	Pricing	20	price	1395135614484	1395135614485	1395135615365	1395135615365	OK	 
ACTION	Pricing	4	price	1395135614518	1395135614519	1395135615403	1395135615404	OK	 
ACTION	Pricing	2	price	1395135614551	1395135614551	1395135615435	1395135615435	OK	 
ACTION	Pricing	1	price	1395135614614	1395135614615	1395135615468	1395135615468	OK	 
ACTION	Pricing	8	price	1395135614625	1395135614625	1395135615499	1395135615500	OK	 
ACTION	Pricing	11	price	1395135614674	1395135614674	1395135615531	1395135615531	OK	 
ACTION	Pricing	15	price	1395135614695	1395135614695	1395135615562	1395135615562	OK	 
ACTION	Pricing	9	price	1395135614749	1395135614750	1395135615596	1395135615596	OK	 
ACTION	Pricing	13	price	1395135614795	1395135614795	1395135615628	1395135615628	OK	 
ACTION	Pricing	6	price	1395135614823	1395135614823	1395135615663	1395135615663	OK	 
ACTION	Pricing	10	price	1395135614858	1395135614859	1395135615699	1395135615699	OK	 
ACTION	Pricing	14	price	1395135614891	1395135614892	1395135615737	1395135615737	OK	 
ACTION	Pricing	23	price	1395135614920	1395135614920	1395135615776	1395135615776	OK	 
ACTION	Pricing	12	price	1395135614954	1395135614954	1395135615813	1395135615814	OK	 
ACTION	Pricing	25	price	1395135614985	1395135614985	1395135615850	1395135615850	OK	 
ACTION	Pricing	19	price	1395135615021	1395135615021	1395135615889	1395135615889	OK	 
ACTION	Pricing	18	price	1395135615048	1395135615049	1395135615927	1395135615927	OK	 
ACTION	Pricing	22	price	1395135615080	1395135615080	1395135615960	1395135615960	OK	 
ACTION	Pricing	16	price	1395135615147	1395135615147	1395135615995	1395135615995	OK	 
ACTION	Pricing	3	price	1395135615168	1395135615169	1395135616025	1395135616025	OK	 
ACTION	Pricing	17	price	1395135615206	1395135615207	1395135616059	1395135616059	OK	 
ACTION	Pricing	7	price	1395135615240	1395135615241	1395135616091	1395135616092	OK	 
ACTION	Pricing	21	price	1395135615271	1395135615271	1395135616122	1395135616122	OK	 
ACTION	Pricing	24	price	1395135615301	1395135615302	1395135616157	1395135616157	OK	 
ACTION	Pricing	5	price	1395135615333	1395135615334	1395135616189	1395135616189	OK	 
ACTION	Pricing	20	price	1395135615367	1395135615367	1395135616222	1395135616222	OK	 
ACTION	Pricing	4	price	1395135615406	1395135615406	1395135616254	1395135616255	OK	 
ACTION	Pricing	2	price	1395135615437	1395135615438	1395135616289	1395135616290	OK	 
ACTION	Pricing	1	price	1395135615470	1395135615470	1395135616325	1395135616325	OK	 
ACTION	Pricing	8	price	1395135615501	1395135615501	1395135616355	1395135616355	OK	 
ACTION	Pricing	11	price	1395135615533	1395135615533	1395135616385	1395135616386	OK	 
ACTION	Pricing	15	price	1395135615563	1395135615564	1395135616415	1395135616416	OK	 
ACTION	Pricing	9	price	1395135615597	1395135615598	1395135616446	1395135616446	OK	 
ACTION	Pricing	13	price	1395135615630	1395135615630	1395135616479	1395135616480	OK	 
ACTION	Pricing	6	price	1395135615664	1395135615665	1395135616511	1395135616511	OK	 
ACTION	Pricing	10	price	1395135615700	1395135615701	1395135616546	1395135616546	OK	 
ACTION	Pricing	14	price	1395135615739	1395135615739	1395135616581	1395135616582	OK	 
ACTION	Pricing	23	price	1395135615778	1395135615778	1395135616616	1395135616617	OK	 
ACTION	Pricing	12	price	1395135615815	1395135615815	1395135616651	1395135616651	OK	 
ACTION	Pricing	25	price	1395135615851	1395135615852	1395135616684	1395135616684	OK	 
ACTION	Pricing	19	price	1395135615891	1395135615891	1395135616718	1395135616718	OK	 
ACTION	Pricing	18	price	1395135615928	1395135615929	1395135616752	1395135616752	OK	 
ACTION	Pricing	16	price	1395135615997	1395135615997	1395135616859	1395135616859	OK	 
ACTION	Pricing	22	price	1395135615962	1395135615962	1395135616785	1395135616872	OK	 
ACTION	Pricing	3	price	1395135616035	1395135616035	1395135616907	1395135616908	OK	 
ACTION	Pricing	17	price	1395135616060	1395135616061	1395135616935	1395135616935	OK	 
ACTION	Pricing	7	price	1395135616093	1395135616093	1395135616968	1395135616968	OK	 
ACTION	Pricing	21	price	1395135616124	1395135616124	1395135617000	1395135617000	OK	 
ACTION	Pricing	24	price	1395135616158	1395135616159	1395135617031	1395135617031	OK	 
ACTION	Pricing	5	price	1395135616191	1395135616191	1395135617064	1395135617064	OK	 
ACTION	Pricing	20	price	1395135616223	1395135616224	1395135617095	1395135617095	OK	 
ACTION	Pricing	4	price	1395135616256	1395135616257	1395135617128	1395135617128	OK	 
ACTION	Pricing	2	price	1395135616291	1395135616292	1395135617162	1395135617162	OK	 
ACTION	Pricing	1	price	1395135616327	1395135616327	1395135617197	1395135617197	OK	 
ACTION	Pricing	8	price	1395135616357	1395135616357	1395135617227	1395135617227	OK	 
ACTION	Pricing	11	price	1395135616387	1395135616387	1395135617259	1395135617260	OK	 
ACTION	Pricing	15	price	1395135616417	1395135616417	1395135617292	1395135617293	OK	 
ACTION	Pricing	9	price	1395135616447	1395135616448	1395135617326	1395135617327	OK	 
ACTION	Pricing	13	price	1395135616481	1395135616482	1395135617385	1395135617386	OK	 
ACTION	Pricing	6	price	1395135616512	1395135616512	1395135617465	1395135617465	OK	 
ACTION	Pricing	10	price	1395135616548	1395135616548	1395135617470	1395135617470	OK	 
ACTION	Pricing	14	price	1395135616583	1395135616584	1395135617525	1395135617525	OK	 
ACTION	Pricing	23	price	1395135616618	1395135616618	1395135617551	1395135617551	OK	 
ACTION	Pricing	12	price	1395135616653	1395135616653	1395135617597	1395135617598	OK	 
ACTION	Pricing	25	price	1395135616686	1395135616686	1395135617637	1395135617637	OK	 
ACTION	Pricing	19	price	1395135616719	1395135616720	1395135617668	1395135617668	OK	 
ACTION	Pricing	18	price	1395135616753	1395135616754	1395135617700	1395135617700	OK	 
ACTION	Pricing	16	price	1395135616861	1395135616861	1395135617731	1395135617731	OK	 
ACTION	Pricing	22	price	1395135616873	1395135616874	1395135617764	1395135617764	OK	 
ACTION	Pricing	3	price	1395135616910	1395135616910	1395135617798	1395135617798	OK	 
ACTION	Pricing	17	price	1395135616936	1395135616936	1395135617835	1395135617835	OK	 
ACTION	Pricing	7	price	1395135616969	1395135616970	1395135617869	1395135617869	OK	 
ACTION	Pricing	21	price	1395135617001	1395135617002	1395135617898	1395135617898	OK	 
ACTION	Pricing	24	price	1395135617032	1395135617033	1395135617929	1395135617929	OK	 
ACTION	Pricing	5	price	1395135617065	1395135617066	1395135617960	1395135617960	OK	 
ACTION	Pricing	20	price	1395135617097	1395135617097	1395135617992	1395135617992	OK	 
ACTION	Pricing	4	price	1395135617130	1395135617130	1395135618025	1395135618025	OK	 
ACTION	Pricing	2	price	1395135617164	1395135617164	1395135618058	1395135618058	OK	 
ACTION	Pricing	1	price	1395135617198	1395135617198	1395135618125	1395135618125	OK	 
ACTION	Pricing	8	price	1395135617228	1395135617229	1395135618140	1395135618140	OK	 
ACTION	Pricing	11	price	1395135617261	1395135617261	1395135618194	1395135618195	OK	 
ACTION	Pricing	15	price	1395135617294	1395135617294	1395135618226	1395135618227	OK	 
ACTION	Pricing	9	price	1395135617328	1395135617329	1395135618257	1395135618257	OK	 
ACTION	Pricing	13	price	1395135617387	1395135617388	1395135618295	1395135618295	OK	 
ACTION	Pricing	6	price	1395135617467	1395135617467	1395135618326	1395135618327	OK	 
ACTION	Pricing	10	price	1395135617472	1395135617472	1395135618360	1395135618360	OK	 
ACTION	Pricing	14	price	1395135617526	1395135617527	1395135618396	1395135618396	OK	 
ACTION	Pricing	23	price	1395135617554	1395135617554	1395135618425	1395135618425	OK	 
ACTION	Pricing	12	price	1395135617599	1395135617599	1395135618456	1395135618456	OK	 
ACTION	Pricing	25	price	1395135617638	1395135617638	1395135618485	1395135618485	OK	 
ACTION	Pricing	19	price	1395135617669	1395135617670	1395135618519	1395135618519	OK	 
ACTION	Pricing	18	price	1395135617702	1395135617702	1395135618553	1395135618553	OK	 
ACTION	Pricing	16	price	1395135617733	1395135617733	1395135618586	1395135618587	OK	 
ACTION	Pricing	22	price	1395135617765	1395135617765	1395135618618	1395135618619	OK	 
ACTION	Pricing	3	price	1395135617800	1395135617800	1395135618650	1395135618651	OK	 
ACTION	Pricing	17	price	1395135617836	1395135617837	1395135618686	1395135618686	OK	 
ACTION	Pricing	7	price	1395135617870	1395135617870	1395135618720	1395135618720	OK	 
ACTION	Pricing	21	price	1395135617899	1395135617899	1395135618751	1395135618752	OK	 
ACTION	Pricing	24	price	1395135617931	1395135617931	1395135618786	1395135618787	OK	 
ACTION	Pricing	5	price	1395135617962	1395135617962	1395135618818	1395135618818	OK	 
ACTION	Pricing	20	price	1395135617993	1395135617994	1395135618850	1395135618851	OK	 
ACTION	Pricing	4	price	1395135618026	1395135618027	1395135618882	1395135618882	OK	 
ACTION	Pricing	2	price	1395135618060	1395135618060	1395135618921	1395135618921	OK	 
ACTION	Pricing	1	price	1395135618126	1395135618127	1395135618952	1395135618952	OK	 
ACTION	Pricing	8	price	1395135618142	1395135618142	1395135618985	1395135618985	OK	 
ACTION	Pricing	11	price	1395135618196	1395135618197	1395135619018	1395135619019	OK	 
ACTION	Pricing	15	price	1395135618229	1395135618229	1395135619054	1395135619054	OK	 
ACTION	Pricing	9	price	1395135618259	1395135618259	1395135619089	1395135619089	OK	 
SCENARIO	Pricing	9	END	1395135619090
ACTION	Pricing	13	price	1395135618296	1395135618297	1395135619122	1395135619122	OK	 
SCENARIO	Pricing	13	END	1395135619123
ACTION	Pricing	6	price	1395135618328	1395135618328	1395135619156	1395135619156	OK	 
SCENARIO	Pricing	6	END	1395135619157
ACTION	Pricing	10	price	1395135618362	1395135618363	1395135619188	1395135619188	OK	 
SCENARIO	Pricing	10	END	1395135619189
ACTION	Pricing	14	price	1395135618398	1395135618398	1395135619221	1395135619221	OK	 
SCENARIO	Pricing	14	END	1395135619222
ACTION	Pricing	23	price	1395135618426	1395135618426	1395135619257	1395135619257	OK	 
SCENARIO	Pricing	23	END	1395135619257
ACTION	Pricing	12	price	1395135618457	1395135618458	1395135619295	1395135619295	OK	 
SCENARIO	Pricing	12	END	1395135619296
ACTION	Pricing	25	price	1395135618490	1395135618490	1395135619328	1395135619329	OK	 
SCENARIO	Pricing	25	END	1395135619329
ACTION	Pricing	19	price	1395135618525	1395135618526	1395135619361	1395135619361	OK	 
SCENARIO	Pricing	19	END	1395135619362
ACTION	Pricing	18	price	1395135618554	1395135618555	1395135619395	1395135619395	OK	 
SCENARIO	Pricing	18	END	1395135619396
ACTION	Pricing	16	price	1395135618588	1395135618588	1395135619431	1395135619431	OK	 
SCENARIO	Pricing	16	END	1395135619431
ACTION	Pricing	22	price	1395135618620	1395135618621	1395135619463	1395135619464	OK	 
SCENARIO	Pricing	22	END	1395135619464
ACTION	Pricing	3	price	1395135618652	1395135618652	1395135619494	1395135619494	OK	 
SCENARIO	Pricing	3	END	1395135619495
ACTION	Pricing	17	price	1395135618687	1395135618688	1395135619524	1395135619524	OK	 
SCENARIO	Pricing	17	END	1395135619525
ACTION	Pricing	7	price	1395135618722	1395135618722	1395135619556	1395135619556	OK	 
SCENARIO	Pricing	7	END	1395135619557
ACTION	Pricing	21	price	1395135618753	1395135618753	1395135619587	1395135619587	OK	 
SCENARIO	Pricing	21	END	1395135619587
ACTION	Pricing	24	price	1395135618788	1395135618788	1395135619618	1395135619618	OK	 
SCENARIO	Pricing	24	END	1395135619619
ACTION	Pricing	5	price	1395135618820	1395135618820	1395135619651	1395135619651	OK	 
SCENARIO	Pricing	5	END	1395135619651
ACTION	Pricing	20	price	1395135618852	1395135618853	1395135619681	1395135619682	OK	 
SCENARIO	Pricing	20	END	1395135619682
ACTION	Pricing	4	price	1395135618883	1395135618884	1395135619713	1395135619713	OK	 
SCENARIO	Pricing	4	END	1395135619714
ACTION	Pricing	2	price	1395135618922	1395135618923	1395135619746	1395135619746	OK	 
SCENARIO	Pricing	2	END	1395135619747
ACTION	Pricing	1	price	1395135618953	1395135618954	1395135619780	1395135619780	OK	 
SCENARIO	Pricing	1	END	1395135619780
ACTION	Pricing	8	price	1395135618987	1395135618987	1395135619809	1395135619810	OK	 
SCENARIO	Pricing	8	END	1395135619810
ACTION	Pricing	11	price	1395135619020	1395135619020	1395135619841	1395135619842	OK	 
SCENARIO	Pricing	11	END	1395135619842
ACTION	Pricing	15	price	1395135619055	1395135619056	1395135619878	1395135619878	OK	 
SCENARIO	Pricing	15	END	1395135619879
