RUN	20140318130530	pricingsimulation	pricingsimulation
SCENARIO	Pricing	63	START	1395147933660
SCENARIO	Pricing	90	START	1395147933663
SCENARIO	Pricing	100	START	1395147933663
SCENARIO	Pricing	99	START	1395147933664
SCENARIO	Pricing	8	START	1395147933664
SCENARIO	Pricing	11	START	1395147933664
SCENARIO	Pricing	16	START	1395147933664
SCENARIO	Pricing	47	START	1395147933664
SCENARIO	Pricing	10	START	1395147933664
SCENARIO	Pricing	5	START	1395147933665
SCENARIO	Pricing	48	START	1395147933665
SCENARIO	Pricing	14	START	1395147933665
SCENARIO	Pricing	34	START	1395147933671
SCENARIO	Pricing	30	START	1395147933672
SCENARIO	Pricing	60	START	1395147933672
SCENARIO	Pricing	20	START	1395147933672
SCENARIO	Pricing	2	START	1395147933672
SCENARIO	Pricing	67	START	1395147933672
SCENARIO	Pricing	92	START	1395147933672
SCENARIO	Pricing	41	START	1395147933672
SCENARIO	Pricing	12	START	1395147933672
SCENARIO	Pricing	24	START	1395147933672
SCENARIO	Pricing	64	START	1395147933672
SCENARIO	Pricing	28	START	1395147933672
SCENARIO	Pricing	39	START	1395147933672
SCENARIO	Pricing	68	START	1395147933672
SCENARIO	Pricing	86	START	1395147933672
SCENARIO	Pricing	37	START	1395147933672
SCENARIO	Pricing	52	START	1395147933672
SCENARIO	Pricing	22	START	1395147933672
SCENARIO	Pricing	78	START	1395147933673
SCENARIO	Pricing	76	START	1395147933673
SCENARIO	Pricing	1	START	1395147933673
SCENARIO	Pricing	83	START	1395147933673
SCENARIO	Pricing	25	START	1395147933673
SCENARIO	Pricing	61	START	1395147933673
SCENARIO	Pricing	36	START	1395147933673
SCENARIO	Pricing	50	START	1395147933673
SCENARIO	Pricing	19	START	1395147933673
SCENARIO	Pricing	69	START	1395147933673
SCENARIO	Pricing	91	START	1395147933673
SCENARIO	Pricing	70	START	1395147933673
SCENARIO	Pricing	6	START	1395147933673
SCENARIO	Pricing	84	START	1395147933673
SCENARIO	Pricing	31	START	1395147933673
SCENARIO	Pricing	13	START	1395147933673
SCENARIO	Pricing	45	START	1395147933673
SCENARIO	Pricing	32	START	1395147933673
SCENARIO	Pricing	74	START	1395147933673
SCENARIO	Pricing	89	START	1395147933673
SCENARIO	Pricing	43	START	1395147933673
SCENARIO	Pricing	44	START	1395147933673
SCENARIO	Pricing	29	START	1395147933673
SCENARIO	Pricing	26	START	1395147933673
SCENARIO	Pricing	17	START	1395147933673
SCENARIO	Pricing	62	START	1395147933674
SCENARIO	Pricing	53	START	1395147933674
SCENARIO	Pricing	38	START	1395147933674
SCENARIO	Pricing	57	START	1395147933674
SCENARIO	Pricing	87	START	1395147933674
SCENARIO	Pricing	95	START	1395147933674
SCENARIO	Pricing	40	START	1395147933674
SCENARIO	Pricing	4	START	1395147933674
SCENARIO	Pricing	96	START	1395147933674
SCENARIO	Pricing	27	START	1395147933674
SCENARIO	Pricing	58	START	1395147933674
SCENARIO	Pricing	94	START	1395147933674
SCENARIO	Pricing	46	START	1395147933674
SCENARIO	Pricing	93	START	1395147933674
SCENARIO	Pricing	56	START	1395147933674
SCENARIO	Pricing	18	START	1395147933674
SCENARIO	Pricing	71	START	1395147933674
SCENARIO	Pricing	51	START	1395147933674
SCENARIO	Pricing	15	START	1395147933674
SCENARIO	Pricing	66	START	1395147933674
SCENARIO	Pricing	73	START	1395147933675
SCENARIO	Pricing	85	START	1395147933675
SCENARIO	Pricing	54	START	1395147933675
SCENARIO	Pricing	88	START	1395147933675
SCENARIO	Pricing	81	START	1395147933675
SCENARIO	Pricing	98	START	1395147933675
SCENARIO	Pricing	77	START	1395147933675
SCENARIO	Pricing	79	START	1395147933675
SCENARIO	Pricing	55	START	1395147933675
SCENARIO	Pricing	21	START	1395147933675
SCENARIO	Pricing	82	START	1395147933676
SCENARIO	Pricing	35	START	1395147933676
SCENARIO	Pricing	75	START	1395147933676
SCENARIO	Pricing	72	START	1395147933676
SCENARIO	Pricing	7	START	1395147933676
SCENARIO	Pricing	23	START	1395147933676
SCENARIO	Pricing	3	START	1395147933676
SCENARIO	Pricing	59	START	1395147933676
SCENARIO	Pricing	80	START	1395147933676
SCENARIO	Pricing	33	START	1395147933676
SCENARIO	Pricing	9	START	1395147933676
SCENARIO	Pricing	97	START	1395147933676
SCENARIO	Pricing	42	START	1395147933676
SCENARIO	Pricing	65	START	1395147933676
SCENARIO	Pricing	49	START	1395147933677
ACTION	Pricing	28	price	1395147933779	1395147933813	1395147934915	1395147934916	OK	 
ACTION	Pricing	95	price	1395147933911	1395147933912	1395147934882	1395147934906	OK	 
ACTION	Pricing	37	price	1395147933791	1395147933813	1395147934883	1395147934906	OK	 
ACTION	Pricing	57	price	1395147933906	1395147933907	1395147934978	1395147934979	OK	 
ACTION	Pricing	78	price	1395147933798	1395147933817	1395147935023	1395147935024	OK	 
ACTION	Pricing	73	price	1395147933952	1395147933953	1395147935066	1395147935066	OK	 
ACTION	Pricing	94	price	1395147933936	1395147933938	1395147935103	1395147935103	OK	 
ACTION	Pricing	17	price	1395147933897	1395147933898	1395147935142	1395147935142	OK	 
ACTION	Pricing	30	price	1395147933755	1395147933814	1395147935175	1395147935176	OK	 
ACTION	Pricing	50	price	1395147933835	1395147933848	1395147935211	1395147935212	OK	 
ACTION	Pricing	90	price	1395147933745	1395147933758	1395147935232	1395147935233	OK	 
ACTION	Pricing	34	price	1395147933753	1395147933806	1395147935274	1395147935274	OK	 
ACTION	Pricing	99	price	1395147933746	1395147933786	1395147935330	1395147935330	OK	 
ACTION	Pricing	32	price	1395147933865	1395147933872	1395147935350	1395147935350	OK	 
ACTION	Pricing	96	price	1395147933931	1395147933932	1395147935405	1395147935405	OK	 
ACTION	Pricing	98	price	1395147933963	1395147933966	1395147935422	1395147935422	OK	 
ACTION	Pricing	33	price	1395147933983	1395147933987	1395147935461	1395147935461	OK	 
ACTION	Pricing	55	price	1395147933967	1395147933970	1395147935497	1395147935497	OK	 
ACTION	Pricing	23	price	1395147933977	1395147933982	1395147935531	1395147935532	OK	 
ACTION	Pricing	56	price	1395147933941	1395147933945	1395147935571	1395147935571	OK	 
ACTION	Pricing	18	price	1395147933942	1395147933946	1395147935605	1395147935606	OK	 
ACTION	Pricing	7	price	1395147933975	1395147933981	1395147935650	1395147935650	OK	 
ACTION	Pricing	25	price	1395147933805	1395147933837	1395147935685	1395147935686	OK	 
ACTION	Pricing	75	price	1395147933972	1395147933979	1395147935725	1395147935725	OK	 
ACTION	Pricing	35	price	1395147933969	1395147933976	1395147935761	1395147935761	OK	 
ACTION	Pricing	84	price	1395147933848	1395147933856	1395147935804	1395147935804	OK	 
ACTION	Pricing	11	price	1395147933745	1395147933784	1395147935843	1395147935843	OK	 
ACTION	Pricing	93	price	1395147933939	1395147933940	1395147935891	1395147935892	OK	 
ACTION	Pricing	19	price	1395147933835	1395147933849	1395147935930	1395147935930	OK	 
ACTION	Pricing	62	price	1395147933899	1395147933901	1395147935965	1395147935965	OK	 
ACTION	Pricing	13	price	1395147933854	1395147933863	1395147936001	1395147936001	OK	 
ACTION	Pricing	66	price	1395147933949	1395147933951	1395147936038	1395147936038	OK	 
ACTION	Pricing	2	price	1395147933770	1395147933808	1395147936076	1395147936077	OK	 
ACTION	Pricing	76	price	1395147933798	1395147933818	1395147936113	1395147936113	OK	 
ACTION	Pricing	47	price	1395147933746	1395147933750	1395147936159	1395147936159	OK	 
ACTION	Pricing	60	price	1395147933755	1395147933807	1395147936205	1395147936205	OK	 
ACTION	Pricing	24	price	1395147933770	1395147933814	1395147936232	1395147936232	OK	 
ACTION	Pricing	79	price	1395147933966	1395147933971	1395147936267	1395147936267	OK	 
ACTION	Pricing	51	price	1395147933945	1395147933948	1395147936300	1395147936300	OK	 
ACTION	Pricing	85	price	1395147933952	1395147933955	1395147936352	1395147936352	OK	 
ACTION	Pricing	83	price	1395147933801	1395147933830	1395147936390	1395147936390	OK	 
ACTION	Pricing	71	price	1395147933944	1395147933946	1395147936412	1395147936412	OK	 
ACTION	Pricing	27	price	1395147933933	1395147933933	1395147936442	1395147936442	OK	 
ACTION	Pricing	21	price	1395147933967	1395147933973	1395147936474	1395147936474	OK	 
ACTION	Pricing	88	price	1395147933956	1395147933958	1395147936506	1395147936506	OK	 
ACTION	Pricing	65	price	1395147933992	1395147933995	1395147936537	1395147936538	OK	 
ACTION	Pricing	22	price	1395147933795	1395147933829	1395147936570	1395147936570	OK	 
ACTION	Pricing	3	price	1395147933978	1395147933984	1395147936600	1395147936600	OK	 
ACTION	Pricing	100	price	1395147933746	1395147933785	1395147936645	1395147936646	OK	 
ACTION	Pricing	8	price	1395147933746	1395147933802	1395147936675	1395147936676	OK	 
ACTION	Pricing	10	price	1395147933747	1395147933784	1395147936710	1395147936710	OK	 
ACTION	Pricing	14	price	1395147933749	1395147933804	1395147936741	1395147936741	OK	 
ACTION	Pricing	91	price	1395147933845	1395147933853	1395147936772	1395147936772	OK	 
ACTION	Pricing	58	price	1395147933934	1395147933935	1395147936805	1395147936805	OK	 
ACTION	Pricing	70	price	1395147933845	1395147933851	1395147936840	1395147936841	OK	 
ACTION	Pricing	89	price	1395147933877	1395147933879	1395147936874	1395147936874	OK	 
ACTION	Pricing	53	price	1395147933902	1395147933903	1395147936906	1395147936906	OK	 
ACTION	Pricing	15	price	1395147933948	1395147933950	1395147936940	1395147936941	OK	 
ACTION	Pricing	38	price	1395147933903	1395147933905	1395147936971	1395147936972	OK	 
ACTION	Pricing	39	price	1395147933782	1395147933816	1395147937004	1395147937004	OK	 
ACTION	Pricing	5	price	1395147933747	1395147933803	1395147937037	1395147937037	OK	 
ACTION	Pricing	61	price	1395147933830	1395147933849	1395147937072	1395147937072	OK	 
ACTION	Pricing	81	price	1395147933958	1395147933964	1395147937106	1395147937106	OK	 
ACTION	Pricing	63	price	1395147933745	1395147933758	1395147937136	1395147937137	OK	 
ACTION	Pricing	54	price	1395147933955	1395147933956	1395147937168	1395147937168	OK	 
ACTION	Pricing	36	price	1395147933833	1395147933849	1395147937202	1395147937203	OK	 
ACTION	Pricing	59	price	1395147933980	1395147933986	1395147937236	1395147937237	OK	 
ACTION	Pricing	42	price	1395147933986	1395147933995	1395147937270	1395147937270	OK	 
ACTION	Pricing	74	price	1395147933875	1395147933876	1395147937302	1395147937302	OK	 
ACTION	Pricing	77	price	1395147933964	1395147933968	1395147937337	1395147937337	OK	 
ACTION	Pricing	16	price	1395147933746	1395147933747	1395147937371	1395147937371	OK	 
ACTION	Pricing	6	price	1395147933846	1395147933853	1395147937404	1395147937404	OK	 
ACTION	Pricing	68	price	1395147933783	1395147933815	1395147937441	1395147937442	OK	 
ACTION	Pricing	1	price	1395147933799	1395147933818	1395147937473	1395147937473	OK	 
ACTION	Pricing	67	price	1395147933769	1395147933808	1395147937508	1395147937508	OK	 
ACTION	Pricing	9	price	1395147933984	1395147933989	1395147937541	1395147937541	OK	 
ACTION	Pricing	12	price	1395147933770	1395147933816	1395147937576	1395147937576	OK	 
ACTION	Pricing	46	price	1395147933937	1395147933938	1395147937613	1395147937613	OK	 
ACTION	Pricing	43	price	1395147933880	1395147933883	1395147937643	1395147937643	OK	 
ACTION	Pricing	26	price	1395147933896	1395147933896	1395147937678	1395147937678	OK	 
ACTION	Pricing	52	price	1395147933794	1395147933817	1395147937711	1395147937711	OK	 
ACTION	Pricing	86	price	1395147933786	1395147933816	1395147937744	1395147937745	OK	 
ACTION	Pricing	80	price	1395147933982	1395147933988	1395147937778	1395147937778	OK	 
ACTION	Pricing	40	price	1395147933913	1395147933920	1395147937813	1395147937813	OK	 
ACTION	Pricing	92	price	1395147933767	1395147933812	1395147937846	1395147937846	OK	 
ACTION	Pricing	49	price	1395147933993	1395147933996	1395147937881	1395147937881	OK	 
ACTION	Pricing	69	price	1395147933836	1395147933854	1395147937915	1395147937915	OK	 
ACTION	Pricing	45	price	1395147933863	1395147933866	1395147937948	1395147937948	OK	 
ACTION	Pricing	72	price	1395147933973	1395147933977	1395147937983	1395147937984	OK	 
ACTION	Pricing	64	price	1395147933772	1395147933813	1395147938019	1395147938019	OK	 
ACTION	Pricing	41	price	1395147933769	1395147933812	1395147938052	1395147938053	OK	 
ACTION	Pricing	82	price	1395147933968	1395147933974	1395147938083	1395147938083	OK	 
ACTION	Pricing	29	price	1395147933885	1395147933890	1395147938116	1395147938116	OK	 
ACTION	Pricing	31	price	1395147933852	1395147933856	1395147938149	1395147938149	OK	 
ACTION	Pricing	48	price	1395147933749	1395147933804	1395147938179	1395147938180	OK	 
ACTION	Pricing	97	price	1395147933985	1395147933990	1395147938212	1395147938212	OK	 
ACTION	Pricing	44	price	1395147933883	1395147933885	1395147938245	1395147938246	OK	 
ACTION	Pricing	4	price	1395147933928	1395147933930	1395147938280	1395147938281	OK	 
ACTION	Pricing	20	price	1395147933771	1395147933807	1395147938312	1395147938313	OK	 
ACTION	Pricing	87	price	1395147933908	1395147933910	1395147938350	1395147938350	OK	 
ACTION	Pricing	95	price	1395147934987	1395147934989	1395147938386	1395147938387	OK	 
ACTION	Pricing	57	price	1395147935039	1395147935041	1395147938421	1395147938422	OK	 
ACTION	Pricing	78	price	1395147935046	1395147935046	1395147938484	1395147938484	OK	 
ACTION	Pricing	37	price	1395147935042	1395147935043	1395147938489	1395147938489	OK	 
ACTION	Pricing	28	price	1395147935043	1395147935045	1395147938524	1395147938524	OK	 
ACTION	Pricing	73	price	1395147935067	1395147935073	1395147938582	1395147938582	OK	 
ACTION	Pricing	94	price	1395147935105	1395147935107	1395147938609	1395147938610	OK	 
ACTION	Pricing	17	price	1395147935144	1395147935146	1395147938646	1395147938646	OK	 
ACTION	Pricing	30	price	1395147935177	1395147935178	1395147938679	1395147938679	OK	 
ACTION	Pricing	50	price	1395147935214	1395147935216	1395147938710	1395147938711	OK	 
ACTION	Pricing	90	price	1395147935237	1395147935237	1395147938744	1395147938744	OK	 
ACTION	Pricing	34	price	1395147935276	1395147935281	1395147938776	1395147938777	OK	 
ACTION	Pricing	99	price	1395147935334	1395147935334	1395147938810	1395147938810	OK	 
ACTION	Pricing	32	price	1395147935353	1395147935354	1395147938847	1395147938847	OK	 
ACTION	Pricing	96	price	1395147935410	1395147935411	1395147938882	1395147938882	OK	 
ACTION	Pricing	98	price	1395147935424	1395147935425	1395147938918	1395147938918	OK	 
ACTION	Pricing	33	price	1395147935468	1395147935468	1395147938951	1395147938951	OK	 
ACTION	Pricing	55	price	1395147935499	1395147935501	1395147938983	1395147938984	OK	 
ACTION	Pricing	23	price	1395147935534	1395147935535	1395147939019	1395147939019	OK	 
ACTION	Pricing	56	price	1395147935575	1395147935576	1395147939057	1395147939057	OK	 
ACTION	Pricing	18	price	1395147935608	1395147935609	1395147939090	1395147939090	OK	 
ACTION	Pricing	7	price	1395147935652	1395147935654	1395147939120	1395147939120	OK	 
ACTION	Pricing	25	price	1395147935687	1395147935689	1395147939153	1395147939154	OK	 
ACTION	Pricing	75	price	1395147935732	1395147935732	1395147939185	1395147939186	OK	 
ACTION	Pricing	35	price	1395147935772	1395147935772	1395147939218	1395147939218	OK	 
ACTION	Pricing	84	price	1395147935806	1395147935808	1395147939252	1395147939253	OK	 
ACTION	Pricing	11	price	1395147935845	1395147935847	1395147939284	1395147939284	OK	 
ACTION	Pricing	93	price	1395147935894	1395147935895	1395147939315	1395147939316	OK	 
ACTION	Pricing	19	price	1395147935932	1395147935934	1395147939351	1395147939352	OK	 
ACTION	Pricing	62	price	1395147935969	1395147935970	1395147939383	1395147939383	OK	 
ACTION	Pricing	13	price	1395147936003	1395147936005	1395147939450	1395147939450	OK	 
ACTION	Pricing	66	price	1395147936040	1395147936042	1395147939466	1395147939466	OK	 
ACTION	Pricing	2	price	1395147936079	1395147936080	1395147939497	1395147939497	OK	 
ACTION	Pricing	76	price	1395147936116	1395147936117	1395147939531	1395147939532	OK	 
ACTION	Pricing	47	price	1395147936162	1395147936162	1395147939562	1395147939562	OK	 
ACTION	Pricing	60	price	1395147936208	1395147936208	1395147939595	1395147939595	OK	 
ACTION	Pricing	24	price	1395147936234	1395147936237	1395147939627	1395147939627	OK	 
ACTION	Pricing	79	price	1395147936269	1395147936270	1395147939660	1395147939660	OK	 
ACTION	Pricing	51	price	1395147936302	1395147936303	1395147939694	1395147939694	OK	 
ACTION	Pricing	85	price	1395147936354	1395147936355	1395147939727	1395147939727	OK	 
ACTION	Pricing	83	price	1395147936392	1395147936392	1395147939759	1395147939759	OK	 
ACTION	Pricing	71	price	1395147936414	1395147936414	1395147939791	1395147939791	OK	 
ACTION	Pricing	27	price	1395147936444	1395147936445	1395147939826	1395147939826	OK	 
ACTION	Pricing	21	price	1395147936475	1395147936476	1395147939860	1395147939861	OK	 
ACTION	Pricing	88	price	1395147936508	1395147936509	1395147939896	1395147939896	OK	 
ACTION	Pricing	65	price	1395147936539	1395147936540	1395147939928	1395147939929	OK	 
ACTION	Pricing	22	price	1395147936571	1395147936572	1395147939965	1395147939965	OK	 
ACTION	Pricing	3	price	1395147936602	1395147936602	1395147939999	1395147939999	OK	 
ACTION	Pricing	100	price	1395147936648	1395147936648	1395147940034	1395147940034	OK	 
ACTION	Pricing	8	price	1395147936677	1395147936678	1395147940066	1395147940066	OK	 
ACTION	Pricing	10	price	1395147936712	1395147936713	1395147940098	1395147940098	OK	 
ACTION	Pricing	14	price	1395147936744	1395147936744	1395147940130	1395147940130	OK	 
ACTION	Pricing	91	price	1395147936774	1395147936775	1395147940167	1395147940168	OK	 
ACTION	Pricing	58	price	1395147936807	1395147936807	1395147940202	1395147940202	OK	 
ACTION	Pricing	70	price	1395147936842	1395147936843	1395147940234	1395147940234	OK	 
ACTION	Pricing	89	price	1395147936876	1395147936877	1395147940267	1395147940267	OK	 
ACTION	Pricing	53	price	1395147936908	1395147936908	1395147940301	1395147940301	OK	 
ACTION	Pricing	15	price	1395147936943	1395147936944	1395147940332	1395147940333	OK	 
ACTION	Pricing	38	price	1395147936973	1395147936974	1395147940366	1395147940367	OK	 
ACTION	Pricing	39	price	1395147937006	1395147937007	1395147940399	1395147940399	OK	 
ACTION	Pricing	5	price	1395147937039	1395147937039	1395147940431	1395147940431	OK	 
ACTION	Pricing	61	price	1395147937074	1395147937074	1395147940465	1395147940465	OK	 
ACTION	Pricing	81	price	1395147937107	1395147937108	1395147940506	1395147940507	OK	 
ACTION	Pricing	63	price	1395147937139	1395147937139	1395147940538	1395147940538	OK	 
ACTION	Pricing	54	price	1395147937170	1395147937171	1395147940574	1395147940574	OK	 
ACTION	Pricing	36	price	1395147937204	1395147937205	1395147940605	1395147940606	OK	 
ACTION	Pricing	59	price	1395147937239	1395147937239	1395147940639	1395147940640	OK	 
ACTION	Pricing	42	price	1395147937272	1395147937273	1395147940674	1395147940674	OK	 
ACTION	Pricing	74	price	1395147937304	1395147937305	1395147940709	1395147940709	OK	 
ACTION	Pricing	77	price	1395147937338	1395147937339	1395147940745	1395147940746	OK	 
ACTION	Pricing	16	price	1395147937374	1395147937375	1395147940780	1395147940780	OK	 
ACTION	Pricing	6	price	1395147937406	1395147937406	1395147940814	1395147940814	OK	 
ACTION	Pricing	68	price	1395147937444	1395147937444	1395147940851	1395147940851	OK	 
ACTION	Pricing	1	price	1395147937475	1395147937475	1395147940888	1395147940888	OK	 
ACTION	Pricing	67	price	1395147937510	1395147937511	1395147940925	1395147940926	OK	 
ACTION	Pricing	9	price	1395147937543	1395147937544	1395147940961	1395147940962	OK	 
ACTION	Pricing	12	price	1395147937578	1395147937579	1395147940991	1395147940992	OK	 
ACTION	Pricing	46	price	1395147937615	1395147937615	1395147941023	1395147941023	OK	 
ACTION	Pricing	43	price	1395147937645	1395147937645	1395147941054	1395147941054	OK	 
ACTION	Pricing	26	price	1395147937680	1395147937680	1395147941084	1395147941085	OK	 
ACTION	Pricing	52	price	1395147937713	1395147937713	1395147941120	1395147941120	OK	 
ACTION	Pricing	86	price	1395147937746	1395147937747	1395147941151	1395147941151	OK	 
ACTION	Pricing	80	price	1395147937779	1395147937780	1395147941183	1395147941183	OK	 
ACTION	Pricing	40	price	1395147937815	1395147937816	1395147941218	1395147941218	OK	 
ACTION	Pricing	92	price	1395147937848	1395147937848	1395147941251	1395147941251	OK	 
ACTION	Pricing	49	price	1395147937883	1395147937883	1395147941284	1395147941284	OK	 
ACTION	Pricing	69	price	1395147937917	1395147937918	1395147941321	1395147941321	OK	 
ACTION	Pricing	45	price	1395147937950	1395147937951	1395147941355	1395147941355	OK	 
ACTION	Pricing	72	price	1395147937985	1395147937986	1395147941392	1395147941392	OK	 
ACTION	Pricing	64	price	1395147938021	1395147938021	1395147941426	1395147941426	OK	 
ACTION	Pricing	41	price	1395147938054	1395147938055	1395147941460	1395147941460	OK	 
ACTION	Pricing	82	price	1395147938085	1395147938086	1395147941493	1395147941493	OK	 
ACTION	Pricing	29	price	1395147938118	1395147938119	1395147941523	1395147941524	OK	 
ACTION	Pricing	31	price	1395147938151	1395147938152	1395147941560	1395147941560	OK	 
ACTION	Pricing	48	price	1395147938181	1395147938182	1395147941592	1395147941592	OK	 
ACTION	Pricing	97	price	1395147938214	1395147938215	1395147941625	1395147941625	OK	 
ACTION	Pricing	44	price	1395147938247	1395147938248	1395147941657	1395147941657	OK	 
ACTION	Pricing	4	price	1395147938283	1395147938284	1395147941689	1395147941690	OK	 
ACTION	Pricing	20	price	1395147938315	1395147938315	1395147941724	1395147941724	OK	 
ACTION	Pricing	87	price	1395147938352	1395147938353	1395147941761	1395147941762	OK	 
ACTION	Pricing	95	price	1395147938388	1395147938389	1395147941794	1395147941794	OK	 
ACTION	Pricing	57	price	1395147938424	1395147938425	1395147941827	1395147941828	OK	 
ACTION	Pricing	78	price	1395147938485	1395147938486	1395147941861	1395147941861	OK	 
ACTION	Pricing	37	price	1395147938491	1395147938491	1395147941896	1395147941897	OK	 
ACTION	Pricing	28	price	1395147938526	1395147938527	1395147941929	1395147941929	OK	 
ACTION	Pricing	73	price	1395147938585	1395147938585	1395147941967	1395147941968	OK	 
ACTION	Pricing	94	price	1395147938612	1395147938612	1395147942003	1395147942003	OK	 
ACTION	Pricing	17	price	1395147938648	1395147938649	1395147942037	1395147942038	OK	 
ACTION	Pricing	30	price	1395147938681	1395147938681	1395147942077	1395147942077	OK	 
ACTION	Pricing	50	price	1395147938712	1395147938713	1395147942121	1395147942121	OK	 
ACTION	Pricing	90	price	1395147938746	1395147938746	1395147942153	1395147942153	OK	 
ACTION	Pricing	34	price	1395147938778	1395147938779	1395147942184	1395147942184	OK	 
ACTION	Pricing	99	price	1395147938812	1395147938813	1395147942216	1395147942216	OK	 
ACTION	Pricing	32	price	1395147938849	1395147938849	1395147942250	1395147942251	OK	 
ACTION	Pricing	96	price	1395147938885	1395147938885	1395147942282	1395147942283	OK	 
ACTION	Pricing	98	price	1395147938919	1395147938920	1395147942312	1395147942312	OK	 
ACTION	Pricing	33	price	1395147938952	1395147938953	1395147942351	1395147942351	OK	 
ACTION	Pricing	55	price	1395147938985	1395147938986	1395147942385	1395147942385	OK	 
ACTION	Pricing	23	price	1395147939021	1395147939021	1395147942416	1395147942417	OK	 
ACTION	Pricing	56	price	1395147939059	1395147939060	1395147942452	1395147942452	OK	 
ACTION	Pricing	18	price	1395147939092	1395147939093	1395147942485	1395147942485	OK	 
ACTION	Pricing	7	price	1395147939122	1395147939123	1395147942516	1395147942516	OK	 
ACTION	Pricing	25	price	1395147939156	1395147939156	1395147942549	1395147942550	OK	 
ACTION	Pricing	75	price	1395147939187	1395147939188	1395147942584	1395147942584	OK	 
ACTION	Pricing	35	price	1395147939219	1395147939220	1395147942618	1395147942619	OK	 
ACTION	Pricing	84	price	1395147939254	1395147939255	1395147942652	1395147942652	OK	 
ACTION	Pricing	11	price	1395147939286	1395147939286	1395147942689	1395147942689	OK	 
ACTION	Pricing	93	price	1395147939317	1395147939318	1395147942726	1395147942726	OK	 
ACTION	Pricing	19	price	1395147939354	1395147939354	1395147942760	1395147942760	OK	 
ACTION	Pricing	62	price	1395147939385	1395147939385	1395147942796	1395147942796	OK	 
ACTION	Pricing	13	price	1395147939452	1395147939453	1395147942827	1395147942827	OK	 
ACTION	Pricing	66	price	1395147939468	1395147939468	1395147942863	1395147942864	OK	 
ACTION	Pricing	2	price	1395147939499	1395147939499	1395147942895	1395147942896	OK	 
ACTION	Pricing	76	price	1395147939533	1395147939534	1395147942932	1395147942932	OK	 
ACTION	Pricing	47	price	1395147939564	1395147939565	1395147942964	1395147942965	OK	 
ACTION	Pricing	60	price	1395147939596	1395147939597	1395147942997	1395147942997	OK	 
ACTION	Pricing	24	price	1395147939630	1395147939630	1395147943028	1395147943029	OK	 
ACTION	Pricing	79	price	1395147939662	1395147939663	1395147943059	1395147943059	OK	 
ACTION	Pricing	51	price	1395147939695	1395147939696	1395147943092	1395147943093	OK	 
ACTION	Pricing	85	price	1395147939729	1395147939730	1395147943126	1395147943126	OK	 
ACTION	Pricing	83	price	1395147939761	1395147939761	1395147943161	1395147943161	OK	 
ACTION	Pricing	71	price	1395147939792	1395147939793	1395147943192	1395147943192	OK	 
ACTION	Pricing	27	price	1395147939828	1395147939829	1395147943232	1395147943232	OK	 
ACTION	Pricing	21	price	1395147939863	1395147939863	1395147943267	1395147943267	OK	 
ACTION	Pricing	88	price	1395147939898	1395147939898	1395147943300	1395147943300	OK	 
ACTION	Pricing	65	price	1395147939930	1395147939931	1395147943337	1395147943337	OK	 
ACTION	Pricing	22	price	1395147939966	1395147939967	1395147943372	1395147943372	OK	 
ACTION	Pricing	3	price	1395147940001	1395147940001	1395147943405	1395147943405	OK	 
ACTION	Pricing	100	price	1395147940036	1395147940036	1395147943437	1395147943438	OK	 
ACTION	Pricing	8	price	1395147940068	1395147940069	1395147943470	1395147943470	OK	 
ACTION	Pricing	10	price	1395147940100	1395147940100	1395147943502	1395147943503	OK	 
ACTION	Pricing	14	price	1395147940132	1395147940132	1395147943556	1395147943557	OK	 
ACTION	Pricing	91	price	1395147940173	1395147940174	1395147943593	1395147943593	OK	 
ACTION	Pricing	58	price	1395147940204	1395147940204	1395147943625	1395147943626	OK	 
ACTION	Pricing	70	price	1395147940236	1395147940237	1395147943664	1395147943665	OK	 
ACTION	Pricing	89	price	1395147940269	1395147940269	1395147943697	1395147943697	OK	 
ACTION	Pricing	53	price	1395147940303	1395147940304	1395147943728	1395147943729	OK	 
ACTION	Pricing	15	price	1395147940335	1395147940336	1395147943772	1395147943773	OK	 
ACTION	Pricing	38	price	1395147940368	1395147940369	1395147943802	1395147943802	OK	 
ACTION	Pricing	39	price	1395147940401	1395147940402	1395147943834	1395147943835	OK	 
ACTION	Pricing	5	price	1395147940433	1395147940434	1395147943868	1395147943869	OK	 
ACTION	Pricing	61	price	1395147940467	1395147940467	1395147943902	1395147943902	OK	 
ACTION	Pricing	81	price	1395147940508	1395147940509	1395147943935	1395147943935	OK	 
ACTION	Pricing	63	price	1395147940540	1395147940540	1395147943970	1395147943970	OK	 
ACTION	Pricing	54	price	1395147940577	1395147940577	1395147944005	1395147944005	OK	 
ACTION	Pricing	36	price	1395147940607	1395147940608	1395147944037	1395147944037	OK	 
ACTION	Pricing	59	price	1395147940641	1395147940642	1395147944069	1395147944069	OK	 
ACTION	Pricing	42	price	1395147940675	1395147940676	1395147944102	1395147944102	OK	 
ACTION	Pricing	74	price	1395147940711	1395147940712	1395147944134	1395147944135	OK	 
ACTION	Pricing	77	price	1395147940747	1395147940748	1395147944168	1395147944169	OK	 
ACTION	Pricing	16	price	1395147940782	1395147940782	1395147944202	1395147944203	OK	 
ACTION	Pricing	6	price	1395147940816	1395147940816	1395147944238	1395147944239	OK	 
ACTION	Pricing	68	price	1395147940853	1395147940854	1395147944272	1395147944273	OK	 
ACTION	Pricing	1	price	1395147940890	1395147940891	1395147944305	1395147944305	OK	 
ACTION	Pricing	67	price	1395147940928	1395147940928	1395147944338	1395147944339	OK	 
ACTION	Pricing	9	price	1395147940964	1395147940965	1395147944373	1395147944373	OK	 
ACTION	Pricing	12	price	1395147940993	1395147940994	1395147944405	1395147944405	OK	 
ACTION	Pricing	46	price	1395147941025	1395147941025	1395147944437	1395147944438	OK	 
ACTION	Pricing	43	price	1395147941057	1395147941057	1395147944469	1395147944470	OK	 
ACTION	Pricing	26	price	1395147941086	1395147941087	1395147944501	1395147944501	OK	 
ACTION	Pricing	52	price	1395147941122	1395147941123	1395147944533	1395147944533	OK	 
ACTION	Pricing	86	price	1395147941152	1395147941153	1395147944566	1395147944566	OK	 
ACTION	Pricing	80	price	1395147941185	1395147941186	1395147944598	1395147944598	OK	 
ACTION	Pricing	40	price	1395147941220	1395147941220	1395147944633	1395147944633	OK	 
ACTION	Pricing	92	price	1395147941253	1395147941254	1395147944669	1395147944669	OK	 
ACTION	Pricing	49	price	1395147941286	1395147941286	1395147944700	1395147944700	OK	 
ACTION	Pricing	69	price	1395147941323	1395147941324	1395147944732	1395147944732	OK	 
ACTION	Pricing	45	price	1395147941357	1395147941358	1395147944765	1395147944766	OK	 
ACTION	Pricing	72	price	1395147941394	1395147941395	1395147944799	1395147944799	OK	 
ACTION	Pricing	64	price	1395147941428	1395147941428	1395147944833	1395147944833	OK	 
ACTION	Pricing	41	price	1395147941462	1395147941462	1395147944866	1395147944866	OK	 
ACTION	Pricing	82	price	1395147941495	1395147941496	1395147944898	1395147944898	OK	 
ACTION	Pricing	29	price	1395147941525	1395147941526	1395147944930	1395147944930	OK	 
ACTION	Pricing	31	price	1395147941561	1395147941562	1395147944965	1395147944965	OK	 
ACTION	Pricing	48	price	1395147941593	1395147941594	1395147944997	1395147944998	OK	 
ACTION	Pricing	97	price	1395147941626	1395147941627	1395147945034	1395147945034	OK	 
ACTION	Pricing	44	price	1395147941659	1395147941660	1395147945068	1395147945068	OK	 
ACTION	Pricing	4	price	1395147941692	1395147941692	1395147945104	1395147945104	OK	 
ACTION	Pricing	20	price	1395147941726	1395147941726	1395147945141	1395147945141	OK	 
ACTION	Pricing	87	price	1395147941763	1395147941764	1395147945182	1395147945182	OK	 
ACTION	Pricing	95	price	1395147941796	1395147941796	1395147945216	1395147945216	OK	 
ACTION	Pricing	57	price	1395147941829	1395147941830	1395147945249	1395147945249	OK	 
ACTION	Pricing	78	price	1395147941862	1395147941863	1395147945283	1395147945283	OK	 
ACTION	Pricing	37	price	1395147941899	1395147941899	1395147945317	1395147945318	OK	 
ACTION	Pricing	28	price	1395147941931	1395147941931	1395147945353	1395147945354	OK	 
ACTION	Pricing	73	price	1395147941969	1395147941970	1395147945391	1395147945391	OK	 
ACTION	Pricing	94	price	1395147942005	1395147942005	1395147945428	1395147945428	OK	 
ACTION	Pricing	17	price	1395147942039	1395147942040	1395147945461	1395147945462	OK	 
ACTION	Pricing	30	price	1395147942079	1395147942079	1395147945496	1395147945496	OK	 
ACTION	Pricing	50	price	1395147942123	1395147942124	1395147945529	1395147945529	OK	 
ACTION	Pricing	90	price	1395147942155	1395147942156	1395147945563	1395147945564	OK	 
ACTION	Pricing	34	price	1395147942186	1395147942186	1395147945597	1395147945597	OK	 
ACTION	Pricing	99	price	1395147942218	1395147942218	1395147945629	1395147945630	OK	 
ACTION	Pricing	32	price	1395147942253	1395147942254	1395147945665	1395147945665	OK	 
ACTION	Pricing	96	price	1395147942284	1395147942285	1395147945696	1395147945696	OK	 
ACTION	Pricing	98	price	1395147942314	1395147942314	1395147945728	1395147945728	OK	 
ACTION	Pricing	33	price	1395147942353	1395147942354	1395147945760	1395147945760	OK	 
ACTION	Pricing	55	price	1395147942386	1395147942387	1395147945794	1395147945795	OK	 
ACTION	Pricing	23	price	1395147942418	1395147942419	1395147945829	1395147945829	OK	 
ACTION	Pricing	56	price	1395147942454	1395147942455	1395147945860	1395147945860	OK	 
ACTION	Pricing	18	price	1395147942487	1395147942488	1395147945894	1395147945895	OK	 
ACTION	Pricing	7	price	1395147942518	1395147942518	1395147945925	1395147945925	OK	 
ACTION	Pricing	25	price	1395147942551	1395147942552	1395147945962	1395147945962	OK	 
ACTION	Pricing	75	price	1395147942586	1395147942586	1395147945995	1395147945995	OK	 
ACTION	Pricing	35	price	1395147942620	1395147942621	1395147946032	1395147946032	OK	 
ACTION	Pricing	84	price	1395147942654	1395147942655	1395147946066	1395147946066	OK	 
ACTION	Pricing	11	price	1395147942691	1395147942691	1395147946099	1395147946099	OK	 
ACTION	Pricing	93	price	1395147942727	1395147942728	1395147946134	1395147946134	OK	 
ACTION	Pricing	19	price	1395147942762	1395147942763	1395147946180	1395147946180	OK	 
ACTION	Pricing	62	price	1395147942798	1395147942799	1395147946208	1395147946209	OK	 
ACTION	Pricing	13	price	1395147942830	1395147942830	1395147946246	1395147946246	OK	 
ACTION	Pricing	66	price	1395147942865	1395147942866	1395147946310	1395147946310	OK	 
ACTION	Pricing	2	price	1395147942898	1395147942898	1395147946313	1395147946314	OK	 
ACTION	Pricing	76	price	1395147942934	1395147942934	1395147946351	1395147946351	OK	 
ACTION	Pricing	47	price	1395147942966	1395147942967	1395147946386	1395147946386	OK	 
ACTION	Pricing	60	price	1395147942998	1395147942999	1395147946420	1395147946421	OK	 
ACTION	Pricing	24	price	1395147943031	1395147943031	1395147946452	1395147946452	OK	 
ACTION	Pricing	79	price	1395147943060	1395147943061	1395147946484	1395147946485	OK	 
ACTION	Pricing	51	price	1395147943095	1395147943095	1395147946519	1395147946519	OK	 
ACTION	Pricing	85	price	1395147943128	1395147943128	1395147946553	1395147946553	OK	 
ACTION	Pricing	83	price	1395147943163	1395147943163	1395147946585	1395147946585	OK	 
ACTION	Pricing	71	price	1395147943195	1395147943195	1395147946617	1395147946618	OK	 
ACTION	Pricing	27	price	1395147943233	1395147943234	1395147946651	1395147946652	OK	 
ACTION	Pricing	21	price	1395147943269	1395147943269	1395147946686	1395147946686	OK	 
ACTION	Pricing	88	price	1395147943302	1395147943302	1395147946718	1395147946719	OK	 
ACTION	Pricing	65	price	1395147943339	1395147943339	1395147946751	1395147946752	OK	 
ACTION	Pricing	22	price	1395147943374	1395147943375	1395147946786	1395147946786	OK	 
ACTION	Pricing	3	price	1395147943407	1395147943407	1395147946820	1395147946820	OK	 
ACTION	Pricing	100	price	1395147943439	1395147943440	1395147946854	1395147946854	OK	 
ACTION	Pricing	8	price	1395147943472	1395147943473	1395147946909	1395147946909	OK	 
ACTION	Pricing	10	price	1395147943504	1395147943505	1395147946940	1395147946940	OK	 
ACTION	Pricing	14	price	1395147943558	1395147943559	1395147946973	1395147946973	OK	 
ACTION	Pricing	91	price	1395147943595	1395147943596	1395147947006	1395147947007	OK	 
ACTION	Pricing	58	price	1395147943627	1395147943627	1395147947036	1395147947037	OK	 
ACTION	Pricing	70	price	1395147943667	1395147943668	1395147947068	1395147947068	OK	 
ACTION	Pricing	89	price	1395147943699	1395147943699	1395147947100	1395147947101	OK	 
ACTION	Pricing	53	price	1395147943731	1395147943731	1395147947134	1395147947134	OK	 
ACTION	Pricing	15	price	1395147943775	1395147943776	1395147947176	1395147947176	OK	 
ACTION	Pricing	38	price	1395147943804	1395147943805	1395147947209	1395147947209	OK	 
ACTION	Pricing	39	price	1395147943836	1395147943837	1395147947244	1395147947245	OK	 
ACTION	Pricing	5	price	1395147943870	1395147943871	1395147947280	1395147947281	OK	 
ACTION	Pricing	61	price	1395147943903	1395147943904	1395147947312	1395147947312	OK	 
ACTION	Pricing	81	price	1395147943937	1395147943938	1395147947348	1395147947348	OK	 
ACTION	Pricing	63	price	1395147943971	1395147943972	1395147947378	1395147947379	OK	 
ACTION	Pricing	54	price	1395147944007	1395147944007	1395147947412	1395147947412	OK	 
ACTION	Pricing	36	price	1395147944039	1395147944040	1395147947444	1395147947444	OK	 
ACTION	Pricing	59	price	1395147944070	1395147944071	1395147947476	1395147947476	OK	 
ACTION	Pricing	42	price	1395147944103	1395147944104	1395147947513	1395147947513	OK	 
ACTION	Pricing	74	price	1395147944137	1395147944138	1395147947545	1395147947545	OK	 
ACTION	Pricing	77	price	1395147944170	1395147944171	1395147947579	1395147947580	OK	 
ACTION	Pricing	16	price	1395147944205	1395147944205	1395147947614	1395147947614	OK	 
ACTION	Pricing	6	price	1395147944240	1395147944241	1395147947648	1395147947648	OK	 
ACTION	Pricing	68	price	1395147944274	1395147944274	1395147947681	1395147947681	OK	 
ACTION	Pricing	1	price	1395147944306	1395147944307	1395147947714	1395147947714	OK	 
ACTION	Pricing	67	price	1395147944340	1395147944341	1395147947750	1395147947750	OK	 
ACTION	Pricing	9	price	1395147944375	1395147944375	1395147947784	1395147947785	OK	 
ACTION	Pricing	12	price	1395147944407	1395147944407	1395147947821	1395147947821	OK	 
ACTION	Pricing	46	price	1395147944439	1395147944439	1395147947855	1395147947855	OK	 
ACTION	Pricing	43	price	1395147944471	1395147944472	1395147947888	1395147947888	OK	 
ACTION	Pricing	26	price	1395147944503	1395147944503	1395147947922	1395147947923	OK	 
ACTION	Pricing	52	price	1395147944535	1395147944535	1395147947958	1395147947959	OK	 
ACTION	Pricing	86	price	1395147944568	1395147944568	1395147947992	1395147947992	OK	 
ACTION	Pricing	80	price	1395147944600	1395147944600	1395147948026	1395147948026	OK	 
ACTION	Pricing	40	price	1395147944635	1395147944635	1395147948063	1395147948064	OK	 
ACTION	Pricing	92	price	1395147944671	1395147944671	1395147948095	1395147948095	OK	 
ACTION	Pricing	49	price	1395147944702	1395147944702	1395147948127	1395147948127	OK	 
ACTION	Pricing	69	price	1395147944734	1395147944735	1395147948162	1395147948163	OK	 
ACTION	Pricing	45	price	1395147944767	1395147944768	1395147948196	1395147948196	OK	 
ACTION	Pricing	72	price	1395147944801	1395147944802	1395147948230	1395147948230	OK	 
ACTION	Pricing	64	price	1395147944835	1395147944836	1395147948264	1395147948264	OK	 
ACTION	Pricing	41	price	1395147944869	1395147944869	1395147948299	1395147948299	OK	 
ACTION	Pricing	82	price	1395147944900	1395147944900	1395147948333	1395147948334	OK	 
ACTION	Pricing	29	price	1395147944932	1395147944932	1395147948366	1395147948366	OK	 
ACTION	Pricing	31	price	1395147944967	1395147944967	1395147948399	1395147948399	OK	 
ACTION	Pricing	48	price	1395147944999	1395147945000	1395147948432	1395147948432	OK	 
ACTION	Pricing	97	price	1395147945036	1395147945037	1395147948467	1395147948467	OK	 
ACTION	Pricing	44	price	1395147945070	1395147945070	1395147948503	1395147948503	OK	 
ACTION	Pricing	4	price	1395147945106	1395147945107	1395147948535	1395147948535	OK	 
ACTION	Pricing	20	price	1395147945143	1395147945144	1395147948570	1395147948571	OK	 
ACTION	Pricing	87	price	1395147945183	1395147945184	1395147948604	1395147948604	OK	 
ACTION	Pricing	95	price	1395147945218	1395147945218	1395147948641	1395147948642	OK	 
ACTION	Pricing	57	price	1395147945251	1395147945251	1395147948679	1395147948679	OK	 
ACTION	Pricing	78	price	1395147945285	1395147945285	1395147948712	1395147948712	OK	 
ACTION	Pricing	37	price	1395147945319	1395147945320	1395147948746	1395147948746	OK	 
ACTION	Pricing	28	price	1395147945355	1395147945356	1395147948776	1395147948776	OK	 
ACTION	Pricing	73	price	1395147945393	1395147945394	1395147948810	1395147948810	OK	 
ACTION	Pricing	94	price	1395147945429	1395147945430	1395147948843	1395147948843	OK	 
ACTION	Pricing	17	price	1395147945463	1395147945463	1395147948876	1395147948876	OK	 
ACTION	Pricing	30	price	1395147945498	1395147945498	1395147948908	1395147948908	OK	 
ACTION	Pricing	50	price	1395147945531	1395147945531	1395147948944	1395147948944	OK	 
ACTION	Pricing	90	price	1395147945565	1395147945566	1395147948980	1395147948980	OK	 
ACTION	Pricing	34	price	1395147945599	1395147945600	1395147949013	1395147949013	OK	 
ACTION	Pricing	99	price	1395147945632	1395147945632	1395147949047	1395147949047	OK	 
ACTION	Pricing	32	price	1395147945666	1395147945667	1395147949078	1395147949078	OK	 
ACTION	Pricing	96	price	1395147945698	1395147945698	1395147949109	1395147949109	OK	 
ACTION	Pricing	98	price	1395147945730	1395147945730	1395147949141	1395147949141	OK	 
ACTION	Pricing	33	price	1395147945762	1395147945762	1395147949181	1395147949182	OK	 
ACTION	Pricing	55	price	1395147945797	1395147945797	1395147949215	1395147949216	OK	 
ACTION	Pricing	23	price	1395147945830	1395147945831	1395147949250	1395147949250	OK	 
ACTION	Pricing	56	price	1395147945861	1395147945862	1395147949283	1395147949283	OK	 
ACTION	Pricing	18	price	1395147945896	1395147945897	1395147949318	1395147949318	OK	 
ACTION	Pricing	7	price	1395147945927	1395147945927	1395147949353	1395147949353	OK	 
ACTION	Pricing	25	price	1395147945964	1395147945964	1395147949387	1395147949387	OK	 
ACTION	Pricing	75	price	1395147945996	1395147945997	1395147949419	1395147949419	OK	 
ACTION	Pricing	35	price	1395147946034	1395147946035	1395147949455	1395147949455	OK	 
ACTION	Pricing	84	price	1395147946067	1395147946068	1395147949490	1395147949491	OK	 
ACTION	Pricing	11	price	1395147946101	1395147946101	1395147949530	1395147949531	OK	 
ACTION	Pricing	93	price	1395147946136	1395147946136	1395147949571	1395147949572	OK	 
ACTION	Pricing	19	price	1395147946182	1395147946183	1395147949606	1395147949606	OK	 
ACTION	Pricing	62	price	1395147946210	1395147946211	1395147949639	1395147949639	OK	 
ACTION	Pricing	13	price	1395147946248	1395147946248	1395147949671	1395147949671	OK	 
ACTION	Pricing	66	price	1395147946312	1395147946314	1395147949702	1395147949703	OK	 
ACTION	Pricing	2	price	1395147946316	1395147946316	1395147949734	1395147949734	OK	 
ACTION	Pricing	76	price	1395147946353	1395147946354	1395147949768	1395147949768	OK	 
ACTION	Pricing	47	price	1395147946388	1395147946389	1395147949801	1395147949802	OK	 
ACTION	Pricing	60	price	1395147946422	1395147946423	1395147949834	1395147949834	OK	 
ACTION	Pricing	24	price	1395147946454	1395147946455	1395147949867	1395147949867	OK	 
ACTION	Pricing	79	price	1395147946486	1395147946486	1395147949900	1395147949900	OK	 
ACTION	Pricing	51	price	1395147946520	1395147946521	1395147949936	1395147949936	OK	 
ACTION	Pricing	85	price	1395147946555	1395147946555	1395147949968	1395147949968	OK	 
ACTION	Pricing	83	price	1395147946587	1395147946587	1395147950006	1395147950006	OK	 
ACTION	Pricing	71	price	1395147946619	1395147946620	1395147950042	1395147950042	OK	 
ACTION	Pricing	27	price	1395147946653	1395147946654	1395147950072	1395147950073	OK	 
ACTION	Pricing	21	price	1395147946688	1395147946689	1395147950107	1395147950107	OK	 
ACTION	Pricing	88	price	1395147946720	1395147946721	1395147950146	1395147950146	OK	 
ACTION	Pricing	65	price	1395147946753	1395147946754	1395147950180	1395147950181	OK	 
ACTION	Pricing	22	price	1395147946787	1395147946788	1395147950216	1395147950216	OK	 
ACTION	Pricing	3	price	1395147946822	1395147946822	1395147950249	1395147950249	OK	 
ACTION	Pricing	100	price	1395147946855	1395147946856	1395147950281	1395147950282	OK	 
ACTION	Pricing	8	price	1395147946910	1395147946911	1395147950313	1395147950313	OK	 
ACTION	Pricing	10	price	1395147946941	1395147946942	1395147950346	1395147950346	OK	 
ACTION	Pricing	14	price	1395147946975	1395147946976	1395147950377	1395147950377	OK	 
ACTION	Pricing	91	price	1395147947008	1395147947009	1395147950408	1395147950409	OK	 
ACTION	Pricing	58	price	1395147947038	1395147947038	1395147950442	1395147950442	OK	 
ACTION	Pricing	70	price	1395147947070	1395147947070	1395147950473	1395147950474	OK	 
ACTION	Pricing	89	price	1395147947102	1395147947103	1395147950507	1395147950508	OK	 
ACTION	Pricing	53	price	1395147947136	1395147947136	1395147950541	1395147950541	OK	 
ACTION	Pricing	15	price	1395147947178	1395147947178	1395147950576	1395147950576	OK	 
ACTION	Pricing	38	price	1395147947210	1395147947211	1395147950609	1395147950609	OK	 
ACTION	Pricing	39	price	1395147947246	1395147947247	1395147950644	1395147950644	OK	 
ACTION	Pricing	5	price	1395147947282	1395147947283	1395147950680	1395147950680	OK	 
ACTION	Pricing	61	price	1395147947313	1395147947314	1395147950715	1395147950715	OK	 
ACTION	Pricing	81	price	1395147947350	1395147947350	1395147950751	1395147950752	OK	 
ACTION	Pricing	63	price	1395147947380	1395147947381	1395147950789	1395147950789	OK	 
ACTION	Pricing	54	price	1395147947413	1395147947414	1395147950821	1395147950821	OK	 
ACTION	Pricing	36	price	1395147947445	1395147947446	1395147950854	1395147950854	OK	 
ACTION	Pricing	59	price	1395147947477	1395147947478	1395147950885	1395147950886	OK	 
ACTION	Pricing	42	price	1395147947515	1395147947515	1395147950919	1395147950919	OK	 
ACTION	Pricing	74	price	1395147947546	1395147947547	1395147950953	1395147950954	OK	 
ACTION	Pricing	77	price	1395147947581	1395147947582	1395147950986	1395147950987	OK	 
ACTION	Pricing	16	price	1395147947616	1395147947616	1395147951021	1395147951021	OK	 
ACTION	Pricing	6	price	1395147947649	1395147947649	1395147951056	1395147951056	OK	 
ACTION	Pricing	68	price	1395147947683	1395147947683	1395147951088	1395147951089	OK	 
ACTION	Pricing	1	price	1395147947716	1395147947716	1395147951121	1395147951122	OK	 
ACTION	Pricing	67	price	1395147947751	1395147947752	1395147951154	1395147951155	OK	 
ACTION	Pricing	9	price	1395147947786	1395147947787	1395147951186	1395147951186	OK	 
ACTION	Pricing	12	price	1395147947823	1395147947824	1395147951218	1395147951219	OK	 
ACTION	Pricing	46	price	1395147947857	1395147947858	1395147951254	1395147951254	OK	 
ACTION	Pricing	43	price	1395147947889	1395147947890	1395147951289	1395147951290	OK	 
ACTION	Pricing	26	price	1395147947924	1395147947925	1395147951340	1395147951340	OK	 
ACTION	Pricing	52	price	1395147947961	1395147947961	1395147951366	1395147951367	OK	 
ACTION	Pricing	86	price	1395147947993	1395147947994	1395147951403	1395147951403	OK	 
ACTION	Pricing	80	price	1395147948028	1395147948029	1395147951438	1395147951438	OK	 
ACTION	Pricing	40	price	1395147948065	1395147948066	1395147951475	1395147951475	OK	 
ACTION	Pricing	92	price	1395147948096	1395147948097	1395147951509	1395147951509	OK	 
ACTION	Pricing	49	price	1395147948129	1395147948129	1395147951543	1395147951544	OK	 
ACTION	Pricing	69	price	1395147948164	1395147948165	1395147951576	1395147951576	OK	 
ACTION	Pricing	45	price	1395147948198	1395147948199	1395147951609	1395147951609	OK	 
ACTION	Pricing	72	price	1395147948232	1395147948232	1395147951640	1395147951640	OK	 
ACTION	Pricing	64	price	1395147948266	1395147948267	1395147951692	1395147951692	OK	 
ACTION	Pricing	41	price	1395147948300	1395147948301	1395147951718	1395147951718	OK	 
ACTION	Pricing	82	price	1395147948335	1395147948336	1395147951754	1395147951755	OK	 
ACTION	Pricing	29	price	1395147948368	1395147948368	1395147951790	1395147951790	OK	 
ACTION	Pricing	31	price	1395147948401	1395147948401	1395147951824	1395147951824	OK	 
ACTION	Pricing	48	price	1395147948434	1395147948434	1395147951857	1395147951857	OK	 
ACTION	Pricing	97	price	1395147948470	1395147948470	1395147951893	1395147951894	OK	 
ACTION	Pricing	44	price	1395147948504	1395147948505	1395147951927	1395147951927	OK	 
ACTION	Pricing	4	price	1395147948537	1395147948537	1395147951961	1395147951961	OK	 
ACTION	Pricing	20	price	1395147948572	1395147948572	1395147951993	1395147951993	OK	 
ACTION	Pricing	87	price	1395147948605	1395147948606	1395147952026	1395147952026	OK	 
ACTION	Pricing	95	price	1395147948644	1395147948644	1395147952061	1395147952061	OK	 
ACTION	Pricing	57	price	1395147948681	1395147948681	1395147952095	1395147952095	OK	 
ACTION	Pricing	78	price	1395147948714	1395147948714	1395147952129	1395147952129	OK	 
ACTION	Pricing	37	price	1395147948748	1395147948748	1395147952164	1395147952165	OK	 
ACTION	Pricing	28	price	1395147948778	1395147948779	1395147952203	1395147952203	OK	 
ACTION	Pricing	73	price	1395147948812	1395147948812	1395147952236	1395147952236	OK	 
ACTION	Pricing	94	price	1395147948844	1395147948845	1395147952270	1395147952270	OK	 
ACTION	Pricing	17	price	1395147948878	1395147948878	1395147952304	1395147952304	OK	 
ACTION	Pricing	30	price	1395147948910	1395147948910	1395147952342	1395147952343	OK	 
ACTION	Pricing	50	price	1395147948946	1395147948946	1395147952378	1395147952378	OK	 
ACTION	Pricing	90	price	1395147948982	1395147948983	1395147952412	1395147952412	OK	 
ACTION	Pricing	34	price	1395147949014	1395147949015	1395147952447	1395147952448	OK	 
ACTION	Pricing	99	price	1395147949049	1395147949049	1395147952484	1395147952484	OK	 
ACTION	Pricing	32	price	1395147949080	1395147949080	1395147952517	1395147952517	OK	 
ACTION	Pricing	96	price	1395147949111	1395147949111	1395147952550	1395147952551	OK	 
ACTION	Pricing	98	price	1395147949143	1395147949143	1395147952582	1395147952582	OK	 
ACTION	Pricing	33	price	1395147949183	1395147949184	1395147952614	1395147952614	OK	 
ACTION	Pricing	55	price	1395147949217	1395147949217	1395147952647	1395147952647	OK	 
ACTION	Pricing	23	price	1395147949252	1395147949253	1395147952681	1395147952681	OK	 
ACTION	Pricing	56	price	1395147949285	1395147949285	1395147952715	1395147952715	OK	 
ACTION	Pricing	18	price	1395147949319	1395147949319	1395147952748	1395147952748	OK	 
ACTION	Pricing	7	price	1395147949354	1395147949355	1395147952779	1395147952780	OK	 
ACTION	Pricing	25	price	1395147949388	1395147949389	1395147952811	1395147952812	OK	 
ACTION	Pricing	75	price	1395147949421	1395147949421	1395147952844	1395147952844	OK	 
ACTION	Pricing	35	price	1395147949456	1395147949457	1395147952876	1395147952876	OK	 
ACTION	Pricing	84	price	1395147949492	1395147949493	1395147952913	1395147952914	OK	 
ACTION	Pricing	11	price	1395147949532	1395147949533	1395147952954	1395147952954	OK	 
ACTION	Pricing	93	price	1395147949573	1395147949574	1395147952987	1395147952987	OK	 
ACTION	Pricing	19	price	1395147949608	1395147949609	1395147953024	1395147953024	OK	 
ACTION	Pricing	62	price	1395147949640	1395147949641	1395147953060	1395147953060	OK	 
ACTION	Pricing	13	price	1395147949672	1395147949673	1395147953091	1395147953091	OK	 
ACTION	Pricing	66	price	1395147949704	1395147949704	1395147953125	1395147953125	OK	 
ACTION	Pricing	2	price	1395147949736	1395147949737	1395147953158	1395147953158	OK	 
ACTION	Pricing	76	price	1395147949769	1395147949770	1395147953197	1395147953198	OK	 
ACTION	Pricing	47	price	1395147949804	1395147949804	1395147953231	1395147953231	OK	 
ACTION	Pricing	60	price	1395147949836	1395147949836	1395147953263	1395147953263	OK	 
ACTION	Pricing	24	price	1395147949869	1395147949869	1395147953296	1395147953296	OK	 
ACTION	Pricing	79	price	1395147949901	1395147949902	1395147953327	1395147953327	OK	 
ACTION	Pricing	51	price	1395147949939	1395147949939	1395147953360	1395147953360	OK	 
ACTION	Pricing	85	price	1395147949970	1395147949970	1395147953395	1395147953395	OK	 
ACTION	Pricing	83	price	1395147950008	1395147950008	1395147953429	1395147953429	OK	 
ACTION	Pricing	71	price	1395147950044	1395147950045	1395147953463	1395147953463	OK	 
ACTION	Pricing	27	price	1395147950074	1395147950075	1395147953501	1395147953501	OK	 
ACTION	Pricing	21	price	1395147950109	1395147950109	1395147953534	1395147953534	OK	 
ACTION	Pricing	88	price	1395147950148	1395147950149	1395147953567	1395147953567	OK	 
ACTION	Pricing	65	price	1395147950182	1395147950183	1395147953601	1395147953602	OK	 
ACTION	Pricing	22	price	1395147950217	1395147950218	1395147953634	1395147953635	OK	 
ACTION	Pricing	3	price	1395147950251	1395147950251	1395147953669	1395147953669	OK	 
ACTION	Pricing	100	price	1395147950283	1395147950283	1395147953703	1395147953703	OK	 
ACTION	Pricing	8	price	1395147950315	1395147950315	1395147953735	1395147953736	OK	 
ACTION	Pricing	10	price	1395147950348	1395147950348	1395147953769	1395147953769	OK	 
ACTION	Pricing	14	price	1395147950379	1395147950379	1395147953804	1395147953804	OK	 
ACTION	Pricing	91	price	1395147950410	1395147950410	1395147953839	1395147953839	OK	 
ACTION	Pricing	58	price	1395147950443	1395147950444	1395147953874	1395147953874	OK	 
ACTION	Pricing	70	price	1395147950475	1395147950475	1395147953916	1395147953916	OK	 
ACTION	Pricing	89	price	1395147950509	1395147950510	1395147953950	1395147953950	OK	 
ACTION	Pricing	53	price	1395147950543	1395147950543	1395147953984	1395147953984	OK	 
ACTION	Pricing	15	price	1395147950578	1395147950578	1395147954018	1395147954019	OK	 
ACTION	Pricing	38	price	1395147950610	1395147950611	1395147954050	1395147954050	OK	 
ACTION	Pricing	39	price	1395147950646	1395147950646	1395147954086	1395147954086	OK	 
ACTION	Pricing	5	price	1395147950682	1395147950682	1395147954119	1395147954119	OK	 
ACTION	Pricing	61	price	1395147950718	1395147950718	1395147954151	1395147954151	OK	 
ACTION	Pricing	81	price	1395147950753	1395147950754	1395147954184	1395147954184	OK	 
ACTION	Pricing	63	price	1395147950790	1395147950791	1395147954218	1395147954219	OK	 
ACTION	Pricing	54	price	1395147950823	1395147950824	1395147954253	1395147954254	OK	 
ACTION	Pricing	36	price	1395147950856	1395147950857	1395147954285	1395147954286	OK	 
ACTION	Pricing	59	price	1395147950887	1395147950888	1395147954319	1395147954320	OK	 
ACTION	Pricing	42	price	1395147950921	1395147950921	1395147954353	1395147954353	OK	 
ACTION	Pricing	74	price	1395147950956	1395147950956	1395147954389	1395147954390	OK	 
ACTION	Pricing	77	price	1395147950988	1395147950989	1395147954429	1395147954429	OK	 
ACTION	Pricing	16	price	1395147951023	1395147951024	1395147954465	1395147954466	OK	 
ACTION	Pricing	6	price	1395147951057	1395147951058	1395147954503	1395147954503	OK	 
ACTION	Pricing	68	price	1395147951090	1395147951091	1395147954543	1395147954543	OK	 
ACTION	Pricing	1	price	1395147951124	1395147951124	1395147954580	1395147954580	OK	 
ACTION	Pricing	67	price	1395147951156	1395147951157	1395147954616	1395147954616	OK	 
ACTION	Pricing	9	price	1395147951187	1395147951188	1395147954649	1395147954650	OK	 
ACTION	Pricing	12	price	1395147951220	1395147951221	1395147954687	1395147954687	OK	 
ACTION	Pricing	46	price	1395147951256	1395147951256	1395147954720	1395147954721	OK	 
ACTION	Pricing	43	price	1395147951339	1395147951342	1395147954756	1395147954756	OK	 
ACTION	Pricing	26	price	1395147951342	1395147951342	1395147954788	1395147954788	OK	 
ACTION	Pricing	52	price	1395147951368	1395147951368	1395147954823	1395147954823	OK	 
ACTION	Pricing	86	price	1395147951409	1395147951409	1395147954856	1395147954856	OK	 
ACTION	Pricing	80	price	1395147951441	1395147951441	1395147954888	1395147954888	OK	 
ACTION	Pricing	40	price	1395147951476	1395147951477	1395147954921	1395147954921	OK	 
ACTION	Pricing	92	price	1395147951510	1395147951511	1395147954954	1395147954954	OK	 
ACTION	Pricing	49	price	1395147951546	1395147951546	1395147954986	1395147954987	OK	 
ACTION	Pricing	69	price	1395147951577	1395147951578	1395147955022	1395147955022	OK	 
ACTION	Pricing	45	price	1395147951610	1395147951611	1395147955054	1395147955055	OK	 
ACTION	Pricing	72	price	1395147951642	1395147951642	1395147955091	1395147955091	OK	 
ACTION	Pricing	64	price	1395147951693	1395147951694	1395147955124	1395147955124	OK	 
ACTION	Pricing	41	price	1395147951720	1395147951720	1395147955159	1395147955159	OK	 
ACTION	Pricing	82	price	1395147951756	1395147951757	1395147955190	1395147955191	OK	 
ACTION	Pricing	29	price	1395147951792	1395147951793	1395147955226	1395147955226	OK	 
ACTION	Pricing	31	price	1395147951825	1395147951826	1395147955261	1395147955262	OK	 
ACTION	Pricing	48	price	1395147951859	1395147951859	1395147955293	1395147955293	OK	 
ACTION	Pricing	97	price	1395147951895	1395147951896	1395147955328	1395147955329	OK	 
ACTION	Pricing	44	price	1395147951928	1395147951929	1395147955362	1395147955362	OK	 
ACTION	Pricing	4	price	1395147951962	1395147951963	1395147955397	1395147955398	OK	 
ACTION	Pricing	20	price	1395147951995	1395147951995	1395147955432	1395147955432	OK	 
ACTION	Pricing	87	price	1395147952028	1395147952028	1395147955467	1395147955467	OK	 
ACTION	Pricing	95	price	1395147952063	1395147952064	1395147955502	1395147955503	OK	 
ACTION	Pricing	57	price	1395147952097	1395147952097	1395147955538	1395147955539	OK	 
ACTION	Pricing	78	price	1395147952131	1395147952132	1395147955575	1395147955575	OK	 
ACTION	Pricing	37	price	1395147952166	1395147952167	1395147955609	1395147955609	OK	 
ACTION	Pricing	28	price	1395147952205	1395147952206	1395147955643	1395147955643	OK	 
ACTION	Pricing	73	price	1395147952238	1395147952238	1395147955680	1395147955680	OK	 
ACTION	Pricing	94	price	1395147952271	1395147952272	1395147955716	1395147955716	OK	 
ACTION	Pricing	17	price	1395147952307	1395147952308	1395147955751	1395147955751	OK	 
ACTION	Pricing	30	price	1395147952344	1395147952345	1395147955782	1395147955782	OK	 
ACTION	Pricing	50	price	1395147952380	1395147952380	1395147955815	1395147955815	OK	 
ACTION	Pricing	90	price	1395147952413	1395147952414	1395147955852	1395147955852	OK	 
ACTION	Pricing	34	price	1395147952449	1395147952450	1395147955885	1395147955886	OK	 
ACTION	Pricing	99	price	1395147952485	1395147952486	1395147955921	1395147955921	OK	 
ACTION	Pricing	32	price	1395147952518	1395147952519	1395147955954	1395147955955	OK	 
ACTION	Pricing	96	price	1395147952552	1395147952553	1395147955988	1395147955988	OK	 
ACTION	Pricing	98	price	1395147952583	1395147952584	1395147956021	1395147956021	OK	 
ACTION	Pricing	33	price	1395147952616	1395147952616	1395147956064	1395147956064	OK	 
ACTION	Pricing	55	price	1395147952649	1395147952649	1395147956099	1395147956099	OK	 
ACTION	Pricing	23	price	1395147952682	1395147952682	1395147956134	1395147956134	OK	 
ACTION	Pricing	56	price	1395147952717	1395147952717	1395147956167	1395147956167	OK	 
ACTION	Pricing	18	price	1395147952750	1395147952750	1395147956203	1395147956203	OK	 
ACTION	Pricing	7	price	1395147952781	1395147952781	1395147956236	1395147956237	OK	 
ACTION	Pricing	25	price	1395147952813	1395147952813	1395147956273	1395147956274	OK	 
ACTION	Pricing	75	price	1395147952846	1395147952846	1395147956311	1395147956311	OK	 
ACTION	Pricing	35	price	1395147952879	1395147952879	1395147956346	1395147956346	OK	 
ACTION	Pricing	84	price	1395147952915	1395147952916	1395147956382	1395147956382	OK	 
ACTION	Pricing	11	price	1395147952955	1395147952956	1395147956414	1395147956415	OK	 
ACTION	Pricing	93	price	1395147952988	1395147952989	1395147956450	1395147956451	OK	 
ACTION	Pricing	19	price	1395147953026	1395147953027	1395147956482	1395147956482	OK	 
ACTION	Pricing	62	price	1395147953061	1395147953062	1395147956515	1395147956515	OK	 
ACTION	Pricing	13	price	1395147953093	1395147953093	1395147956566	1395147956566	OK	 
ACTION	Pricing	66	price	1395147953127	1395147953127	1395147956596	1395147956597	OK	 
ACTION	Pricing	2	price	1395147953160	1395147953161	1395147956632	1395147956632	OK	 
ACTION	Pricing	76	price	1395147953199	1395147953200	1395147956669	1395147956669	OK	 
ACTION	Pricing	47	price	1395147953233	1395147953233	1395147956703	1395147956704	OK	 
ACTION	Pricing	60	price	1395147953264	1395147953265	1395147956735	1395147956735	OK	 
ACTION	Pricing	24	price	1395147953297	1395147953298	1395147956773	1395147956773	OK	 
ACTION	Pricing	79	price	1395147953329	1395147953329	1395147956804	1395147956804	OK	 
ACTION	Pricing	51	price	1395147953362	1395147953363	1395147956837	1395147956837	OK	 
ACTION	Pricing	85	price	1395147953397	1395147953397	1395147956870	1395147956870	OK	 
ACTION	Pricing	83	price	1395147953431	1395147953431	1395147956902	1395147956903	OK	 
ACTION	Pricing	71	price	1395147953465	1395147953465	1395147956935	1395147956936	OK	 
ACTION	Pricing	27	price	1395147953502	1395147953503	1395147956971	1395147956971	OK	 
ACTION	Pricing	21	price	1395147953535	1395147953536	1395147957007	1395147957007	OK	 
ACTION	Pricing	88	price	1395147953568	1395147953569	1395147957040	1395147957040	OK	 
ACTION	Pricing	65	price	1395147953603	1395147953603	1395147957073	1395147957073	OK	 
ACTION	Pricing	22	price	1395147953637	1395147953637	1395147957108	1395147957108	OK	 
ACTION	Pricing	3	price	1395147953671	1395147953671	1395147957148	1395147957148	OK	 
ACTION	Pricing	100	price	1395147953705	1395147953705	1395147957182	1395147957182	OK	 
ACTION	Pricing	8	price	1395147953738	1395147953738	1395147957215	1395147957215	OK	 
ACTION	Pricing	10	price	1395147953771	1395147953771	1395147957250	1395147957250	OK	 
ACTION	Pricing	14	price	1395147953806	1395147953806	1395147957284	1395147957284	OK	 
ACTION	Pricing	91	price	1395147953841	1395147953841	1395147957319	1395147957319	OK	 
ACTION	Pricing	58	price	1395147953876	1395147953876	1395147957354	1395147957355	OK	 
ACTION	Pricing	70	price	1395147953918	1395147953918	1395147957389	1395147957389	OK	 
ACTION	Pricing	89	price	1395147953951	1395147953952	1395147957424	1395147957424	OK	 
ACTION	Pricing	53	price	1395147953986	1395147953987	1395147957460	1395147957460	OK	 
ACTION	Pricing	15	price	1395147954020	1395147954020	1395147957490	1395147957490	OK	 
ACTION	Pricing	38	price	1395147954051	1395147954052	1395147957522	1395147957522	OK	 
ACTION	Pricing	39	price	1395147954087	1395147954088	1395147957555	1395147957556	OK	 
ACTION	Pricing	5	price	1395147954120	1395147954121	1395147957589	1395147957590	OK	 
ACTION	Pricing	61	price	1395147954152	1395147954153	1395147957621	1395147957621	OK	 
ACTION	Pricing	81	price	1395147954186	1395147954186	1395147957655	1395147957655	OK	 
ACTION	Pricing	63	price	1395147954222	1395147954222	1395147957687	1395147957687	OK	 
ACTION	Pricing	54	price	1395147954255	1395147954256	1395147957721	1395147957721	OK	 
ACTION	Pricing	36	price	1395147954287	1395147954287	1395147957752	1395147957753	OK	 
ACTION	Pricing	59	price	1395147954321	1395147954322	1395147957784	1395147957784	OK	 
ACTION	Pricing	42	price	1395147954354	1395147954356	1395147957820	1395147957821	OK	 
ACTION	Pricing	74	price	1395147954391	1395147954392	1395147957855	1395147957855	OK	 
ACTION	Pricing	77	price	1395147954431	1395147954431	1395147957889	1395147957889	OK	 
ACTION	Pricing	16	price	1395147954468	1395147954469	1395147957924	1395147957925	OK	 
ACTION	Pricing	6	price	1395147954505	1395147954505	1395147957961	1395147957961	OK	 
ACTION	Pricing	68	price	1395147954545	1395147954545	1395147958028	1395147958029	OK	 
ACTION	Pricing	1	price	1395147954581	1395147954582	1395147958045	1395147958045	OK	 
ACTION	Pricing	67	price	1395147954617	1395147954618	1395147958089	1395147958089	OK	 
ACTION	Pricing	9	price	1395147954651	1395147954651	1395147958120	1395147958120	OK	 
ACTION	Pricing	12	price	1395147954689	1395147954689	1395147958156	1395147958156	OK	 
ACTION	Pricing	46	price	1395147954722	1395147954722	1395147958209	1395147958209	OK	 
ACTION	Pricing	43	price	1395147954758	1395147954758	1395147958241	1395147958242	OK	 
ACTION	Pricing	26	price	1395147954789	1395147954790	1395147958278	1395147958278	OK	 
ACTION	Pricing	52	price	1395147954825	1395147954825	1395147958313	1395147958313	OK	 
ACTION	Pricing	86	price	1395147954858	1395147954858	1395147958347	1395147958347	OK	 
ACTION	Pricing	80	price	1395147954890	1395147954890	1395147958378	1395147958379	OK	 
ACTION	Pricing	40	price	1395147954922	1395147954923	1395147958411	1395147958411	OK	 
ACTION	Pricing	92	price	1395147954956	1395147954956	1395147958444	1395147958444	OK	 
ACTION	Pricing	49	price	1395147954988	1395147954989	1395147958477	1395147958477	OK	 
ACTION	Pricing	69	price	1395147955023	1395147955023	1395147958510	1395147958510	OK	 
ACTION	Pricing	45	price	1395147955056	1395147955056	1395147958543	1395147958544	OK	 
ACTION	Pricing	72	price	1395147955092	1395147955093	1395147958585	1395147958585	OK	 
ACTION	Pricing	64	price	1395147955125	1395147955126	1395147958618	1395147958618	OK	 
ACTION	Pricing	41	price	1395147955161	1395147955161	1395147958651	1395147958651	OK	 
ACTION	Pricing	82	price	1395147955192	1395147955193	1395147958684	1395147958684	OK	 
ACTION	Pricing	29	price	1395147955227	1395147955228	1395147958717	1395147958717	OK	 
ACTION	Pricing	31	price	1395147955263	1395147955263	1395147958752	1395147958752	OK	 
ACTION	Pricing	48	price	1395147955295	1395147955295	1395147958786	1395147958786	OK	 
ACTION	Pricing	97	price	1395147955331	1395147955331	1395147958817	1395147958818	OK	 
ACTION	Pricing	44	price	1395147955364	1395147955365	1395147958852	1395147958852	OK	 
ACTION	Pricing	4	price	1395147955399	1395147955399	1395147958891	1395147958891	OK	 
ACTION	Pricing	20	price	1395147955433	1395147955434	1395147958925	1395147958925	OK	 
ACTION	Pricing	87	price	1395147955469	1395147955469	1395147958960	1395147958960	OK	 
ACTION	Pricing	95	price	1395147955505	1395147955505	1395147958995	1395147958996	OK	 
ACTION	Pricing	57	price	1395147955541	1395147955541	1395147959029	1395147959029	OK	 
ACTION	Pricing	78	price	1395147955577	1395147955577	1395147959064	1395147959064	OK	 
ACTION	Pricing	37	price	1395147955611	1395147955611	1395147959095	1395147959096	OK	 
ACTION	Pricing	28	price	1395147955645	1395147955645	1395147959128	1395147959128	OK	 
ACTION	Pricing	73	price	1395147955681	1395147955682	1395147959161	1395147959162	OK	 
ACTION	Pricing	94	price	1395147955718	1395147955718	1395147959198	1395147959198	OK	 
ACTION	Pricing	17	price	1395147955753	1395147955754	1395147959233	1395147959233	OK	 
ACTION	Pricing	30	price	1395147955784	1395147955784	1395147959265	1395147959265	OK	 
ACTION	Pricing	50	price	1395147955817	1395147955817	1395147959297	1395147959297	OK	 
ACTION	Pricing	90	price	1395147955853	1395147955854	1395147959329	1395147959330	OK	 
ACTION	Pricing	34	price	1395147955887	1395147955887	1395147959363	1395147959364	OK	 
ACTION	Pricing	99	price	1395147955923	1395147955928	1395147959400	1395147959400	OK	 
ACTION	Pricing	32	price	1395147955956	1395147955957	1395147959433	1395147959433	OK	 
ACTION	Pricing	96	price	1395147955989	1395147955990	1395147959465	1395147959465	OK	 
ACTION	Pricing	98	price	1395147956023	1395147956023	1395147959499	1395147959499	OK	 
ACTION	Pricing	33	price	1395147956066	1395147956066	1395147959532	1395147959532	OK	 
ACTION	Pricing	55	price	1395147956101	1395147956101	1395147959569	1395147959569	OK	 
ACTION	Pricing	23	price	1395147956136	1395147956136	1395147959609	1395147959610	OK	 
ACTION	Pricing	56	price	1395147956169	1395147956169	1395147959641	1395147959642	OK	 
ACTION	Pricing	18	price	1395147956204	1395147956205	1395147959675	1395147959675	OK	 
ACTION	Pricing	7	price	1395147956238	1395147956238	1395147959707	1395147959707	OK	 
ACTION	Pricing	25	price	1395147956275	1395147956276	1395147959738	1395147959738	OK	 
ACTION	Pricing	75	price	1395147956313	1395147956313	1395147959773	1395147959773	OK	 
ACTION	Pricing	35	price	1395147956348	1395147956348	1395147959806	1395147959806	OK	 
ACTION	Pricing	84	price	1395147956383	1395147956384	1395147959843	1395147959843	OK	 
ACTION	Pricing	11	price	1395147956416	1395147956417	1395147959877	1395147959877	OK	 
ACTION	Pricing	93	price	1395147956452	1395147956452	1395147959912	1395147959912	OK	 
ACTION	Pricing	19	price	1395147956484	1395147956484	1395147959944	1395147959944	OK	 
ACTION	Pricing	62	price	1395147956517	1395147956517	1395147959979	1395147959979	OK	 
ACTION	Pricing	13	price	1395147956568	1395147956568	1395147960013	1395147960013	OK	 
ACTION	Pricing	66	price	1395147956598	1395147956598	1395147960048	1395147960048	OK	 
ACTION	Pricing	2	price	1395147956633	1395147956634	1395147960083	1395147960083	OK	 
ACTION	Pricing	76	price	1395147956671	1395147956671	1395147960117	1395147960117	OK	 
ACTION	Pricing	47	price	1395147956705	1395147956706	1395147960153	1395147960154	OK	 
ACTION	Pricing	60	price	1395147956737	1395147956737	1395147960187	1395147960187	OK	 
ACTION	Pricing	24	price	1395147956774	1395147956774	1395147960246	1395147960246	OK	 
ACTION	Pricing	79	price	1395147956806	1395147956807	1395147960262	1395147960263	OK	 
ACTION	Pricing	51	price	1395147956839	1395147956839	1395147960312	1395147960312	OK	 
ACTION	Pricing	85	price	1395147956871	1395147956872	1395147960381	1395147960382	OK	 
ACTION	Pricing	83	price	1395147956905	1395147956906	1395147960388	1395147960388	OK	 
ACTION	Pricing	71	price	1395147956937	1395147956937	1395147960427	1395147960427	OK	 
ACTION	Pricing	27	price	1395147956973	1395147956973	1395147960463	1395147960463	OK	 
ACTION	Pricing	21	price	1395147957009	1395147957009	1395147960499	1395147960499	OK	 
ACTION	Pricing	88	price	1395147957041	1395147957042	1395147960535	1395147960536	OK	 
ACTION	Pricing	65	price	1395147957074	1395147957075	1395147960571	1395147960571	OK	 
ACTION	Pricing	22	price	1395147957110	1395147957110	1395147960610	1395147960610	OK	 
ACTION	Pricing	3	price	1395147957150	1395147957151	1395147960642	1395147960642	OK	 
ACTION	Pricing	100	price	1395147957183	1395147957184	1395147960676	1395147960676	OK	 
ACTION	Pricing	8	price	1395147957217	1395147957217	1395147960711	1395147960711	OK	 
ACTION	Pricing	10	price	1395147957252	1395147957252	1395147960746	1395147960746	OK	 
ACTION	Pricing	14	price	1395147957285	1395147957286	1395147960780	1395147960781	OK	 
ACTION	Pricing	91	price	1395147957321	1395147957321	1395147960817	1395147960817	OK	 
ACTION	Pricing	58	price	1395147957356	1395147957356	1395147960852	1395147960852	OK	 
ACTION	Pricing	70	price	1395147957391	1395147957392	1395147960885	1395147960886	OK	 
ACTION	Pricing	89	price	1395147957426	1395147957426	1395147960918	1395147960919	OK	 
ACTION	Pricing	53	price	1395147957462	1395147957462	1395147960952	1395147960953	OK	 
ACTION	Pricing	15	price	1395147957491	1395147957492	1395147960989	1395147960990	OK	 
ACTION	Pricing	38	price	1395147957523	1395147957524	1395147961022	1395147961022	OK	 
ACTION	Pricing	39	price	1395147957558	1395147957558	1395147961058	1395147961058	OK	 
ACTION	Pricing	5	price	1395147957591	1395147957591	1395147961091	1395147961091	OK	 
ACTION	Pricing	61	price	1395147957623	1395147957623	1395147961125	1395147961125	OK	 
ACTION	Pricing	81	price	1395147957656	1395147957657	1395147961157	1395147961158	OK	 
ACTION	Pricing	63	price	1395147957689	1395147957689	1395147961190	1395147961190	OK	 
ACTION	Pricing	54	price	1395147957723	1395147957723	1395147961222	1395147961223	OK	 
ACTION	Pricing	36	price	1395147957754	1395147957755	1395147961256	1395147961256	OK	 
ACTION	Pricing	59	price	1395147957785	1395147957786	1395147961291	1395147961291	OK	 
ACTION	Pricing	42	price	1395147957822	1395147957823	1395147961328	1395147961328	OK	 
ACTION	Pricing	74	price	1395147957856	1395147957857	1395147961362	1395147961362	OK	 
ACTION	Pricing	77	price	1395147957890	1395147957891	1395147961395	1395147961395	OK	 
ACTION	Pricing	16	price	1395147957926	1395147957927	1395147961429	1395147961429	OK	 
ACTION	Pricing	6	price	1395147957963	1395147957963	1395147961461	1395147961462	OK	 
ACTION	Pricing	68	price	1395147958030	1395147958031	1395147961497	1395147961497	OK	 
ACTION	Pricing	1	price	1395147958047	1395147958047	1395147961532	1395147961532	OK	 
ACTION	Pricing	67	price	1395147958091	1395147958091	1395147961569	1395147961569	OK	 
ACTION	Pricing	9	price	1395147958121	1395147958122	1395147961602	1395147961602	OK	 
ACTION	Pricing	12	price	1395147958157	1395147958158	1395147961638	1395147961638	OK	 
ACTION	Pricing	46	price	1395147958211	1395147958211	1395147961670	1395147961670	OK	 
ACTION	Pricing	43	price	1395147958243	1395147958244	1395147961706	1395147961706	OK	 
ACTION	Pricing	26	price	1395147958280	1395147958281	1395147961740	1395147961740	OK	 
ACTION	Pricing	52	price	1395147958314	1395147958315	1395147961775	1395147961776	OK	 
ACTION	Pricing	86	price	1395147958348	1395147958349	1395147961808	1395147961808	OK	 
ACTION	Pricing	80	price	1395147958380	1395147958381	1395147961842	1395147961842	OK	 
ACTION	Pricing	40	price	1395147958414	1395147958414	1395147961902	1395147961902	OK	 
ACTION	Pricing	92	price	1395147958446	1395147958446	1395147961911	1395147961911	OK	 
ACTION	Pricing	49	price	1395147958478	1395147958479	1395147961975	1395147961975	OK	 
ACTION	Pricing	69	price	1395147958512	1395147958512	1395147961984	1395147961985	OK	 
ACTION	Pricing	45	price	1395147958545	1395147958546	1395147962043	1395147962043	OK	 
ACTION	Pricing	72	price	1395147958586	1395147958587	1395147962107	1395147962108	OK	 
ACTION	Pricing	64	price	1395147958619	1395147958619	1395147962108	1395147962109	OK	 
ACTION	Pricing	82	price	1395147958686	1395147958686	1395147962177	1395147962177	OK	 
ACTION	Pricing	41	price	1395147958654	1395147958655	1395147962183	1395147962184	OK	 
ACTION	Pricing	29	price	1395147958719	1395147958719	1395147962224	1395147962225	OK	 
ACTION	Pricing	31	price	1395147958753	1395147958754	1395147962257	1395147962257	OK	 
ACTION	Pricing	48	price	1395147958787	1395147958788	1395147962291	1395147962291	OK	 
ACTION	Pricing	97	price	1395147958819	1395147958820	1395147962322	1395147962322	OK	 
ACTION	Pricing	44	price	1395147958854	1395147958854	1395147962357	1395147962357	OK	 
ACTION	Pricing	4	price	1395147958893	1395147958894	1395147962393	1395147962393	OK	 
ACTION	Pricing	20	price	1395147958926	1395147958927	1395147962427	1395147962427	OK	 
ACTION	Pricing	87	price	1395147958961	1395147958962	1395147962462	1395147962462	OK	 
ACTION	Pricing	95	price	1395147958997	1395147958997	1395147962499	1395147962499	OK	 
ACTION	Pricing	57	price	1395147959031	1395147959031	1395147962532	1395147962532	OK	 
ACTION	Pricing	78	price	1395147959066	1395147959066	1395147962567	1395147962567	OK	 
ACTION	Pricing	37	price	1395147959097	1395147959097	1395147962612	1395147962612	OK	 
ACTION	Pricing	28	price	1395147959130	1395147959130	1395147962645	1395147962645	OK	 
ACTION	Pricing	73	price	1395147959163	1395147959164	1395147962678	1395147962678	OK	 
ACTION	Pricing	94	price	1395147959200	1395147959200	1395147962714	1395147962714	OK	 
ACTION	Pricing	17	price	1395147959235	1395147959235	1395147962751	1395147962751	OK	 
ACTION	Pricing	30	price	1395147959266	1395147959267	1395147962787	1395147962787	OK	 
ACTION	Pricing	50	price	1395147959298	1395147959299	1395147962822	1395147962823	OK	 
ACTION	Pricing	90	price	1395147959331	1395147959331	1395147962857	1395147962857	OK	 
ACTION	Pricing	34	price	1395147959365	1395147959367	1395147962888	1395147962889	OK	 
ACTION	Pricing	99	price	1395147959401	1395147959402	1395147962929	1395147962929	OK	 
ACTION	Pricing	32	price	1395147959434	1395147959434	1395147962963	1395147962963	OK	 
ACTION	Pricing	96	price	1395147959467	1395147959468	1395147962997	1395147962997	OK	 
ACTION	Pricing	98	price	1395147959500	1395147959501	1395147963032	1395147963032	OK	 
ACTION	Pricing	33	price	1395147959533	1395147959533	1395147963064	1395147963064	OK	 
ACTION	Pricing	55	price	1395147959570	1395147959571	1395147963096	1395147963097	OK	 
ACTION	Pricing	23	price	1395147959611	1395147959611	1395147963131	1395147963132	OK	 
ACTION	Pricing	56	price	1395147959643	1395147959643	1395147963166	1395147963166	OK	 
ACTION	Pricing	18	price	1395147959677	1395147959677	1395147963233	1395147963233	OK	 
ACTION	Pricing	7	price	1395147959709	1395147959709	1395147963235	1395147963235	OK	 
ACTION	Pricing	25	price	1395147959740	1395147959740	1395147963306	1395147963307	OK	 
ACTION	Pricing	75	price	1395147959775	1395147959775	1395147963320	1395147963320	OK	 
ACTION	Pricing	35	price	1395147959807	1395147959808	1395147963382	1395147963382	OK	 
ACTION	Pricing	84	price	1395147959845	1395147959845	1395147963394	1395147963395	OK	 
ACTION	Pricing	11	price	1395147959879	1395147959879	1395147963437	1395147963437	OK	 
ACTION	Pricing	93	price	1395147959913	1395147959914	1395147963470	1395147963471	OK	 
ACTION	Pricing	19	price	1395147959946	1395147959946	1395147963506	1395147963507	OK	 
ACTION	Pricing	62	price	1395147959981	1395147959981	1395147963541	1395147963541	OK	 
ACTION	Pricing	13	price	1395147960015	1395147960016	1395147963575	1395147963576	OK	 
ACTION	Pricing	66	price	1395147960050	1395147960050	1395147963612	1395147963612	OK	 
ACTION	Pricing	2	price	1395147960085	1395147960085	1395147963645	1395147963645	OK	 
ACTION	Pricing	76	price	1395147960118	1395147960119	1395147963678	1395147963678	OK	 
SCENARIO	Pricing	76	END	1395147963680
ACTION	Pricing	47	price	1395147960155	1395147960156	1395147963712	1395147963712	OK	 
SCENARIO	Pricing	47	END	1395147963712
ACTION	Pricing	60	price	1395147960189	1395147960189	1395147963746	1395147963747	OK	 
SCENARIO	Pricing	60	END	1395147963747
ACTION	Pricing	24	price	1395147960248	1395147960248	1395147963780	1395147963780	OK	 
SCENARIO	Pricing	24	END	1395147963781
ACTION	Pricing	79	price	1395147960264	1395147960265	1395147963812	1395147963812	OK	 
SCENARIO	Pricing	79	END	1395147963812
ACTION	Pricing	51	price	1395147960314	1395147960315	1395147963846	1395147963846	OK	 
SCENARIO	Pricing	51	END	1395147963847
ACTION	Pricing	85	price	1395147960384	1395147960384	1395147963885	1395147963885	OK	 
SCENARIO	Pricing	85	END	1395147963886
ACTION	Pricing	83	price	1395147960390	1395147960390	1395147963918	1395147963918	OK	 
SCENARIO	Pricing	83	END	1395147963918
ACTION	Pricing	71	price	1395147960428	1395147960429	1395147963955	1395147963955	OK	 
SCENARIO	Pricing	71	END	1395147963956
ACTION	Pricing	27	price	1395147960465	1395147960466	1395147963987	1395147963987	OK	 
SCENARIO	Pricing	27	END	1395147963988
ACTION	Pricing	21	price	1395147960500	1395147960501	1395147964020	1395147964021	OK	 
SCENARIO	Pricing	21	END	1395147964022
ACTION	Pricing	88	price	1395147960537	1395147960538	1395147964055	1395147964056	OK	 
SCENARIO	Pricing	88	END	1395147964056
ACTION	Pricing	65	price	1395147960573	1395147960573	1395147964087	1395147964088	OK	 
SCENARIO	Pricing	65	END	1395147964088
ACTION	Pricing	22	price	1395147960611	1395147960612	1395147964122	1395147964122	OK	 
SCENARIO	Pricing	22	END	1395147964123
ACTION	Pricing	3	price	1395147960644	1395147960645	1395147964155	1395147964155	OK	 
SCENARIO	Pricing	3	END	1395147964156
ACTION	Pricing	100	price	1395147960678	1395147960678	1395147964188	1395147964189	OK	 
SCENARIO	Pricing	100	END	1395147964189
ACTION	Pricing	8	price	1395147960712	1395147960712	1395147964224	1395147964224	OK	 
SCENARIO	Pricing	8	END	1395147964224
ACTION	Pricing	10	price	1395147960748	1395147960748	1395147964258	1395147964258	OK	 
SCENARIO	Pricing	10	END	1395147964259
ACTION	Pricing	14	price	1395147960782	1395147960782	1395147964293	1395147964294	OK	 
SCENARIO	Pricing	14	END	1395147964295
ACTION	Pricing	91	price	1395147960818	1395147960819	1395147964328	1395147964329	OK	 
SCENARIO	Pricing	91	END	1395147964329
ACTION	Pricing	58	price	1395147960854	1395147960855	1395147964362	1395147964363	OK	 
SCENARIO	Pricing	58	END	1395147964363
ACTION	Pricing	70	price	1395147960887	1395147960887	1395147964398	1395147964399	OK	 
SCENARIO	Pricing	70	END	1395147964399
ACTION	Pricing	89	price	1395147960920	1395147960920	1395147964432	1395147964432	OK	 
SCENARIO	Pricing	89	END	1395147964433
ACTION	Pricing	53	price	1395147960955	1395147960956	1395147964467	1395147964467	OK	 
SCENARIO	Pricing	53	END	1395147964468
ACTION	Pricing	15	price	1395147960991	1395147960991	1395147964501	1395147964502	OK	 
SCENARIO	Pricing	15	END	1395147964502
ACTION	Pricing	38	price	1395147961023	1395147961024	1395147964535	1395147964536	OK	 
SCENARIO	Pricing	38	END	1395147964536
ACTION	Pricing	39	price	1395147961059	1395147961060	1395147964569	1395147964569	OK	 
SCENARIO	Pricing	39	END	1395147964570
ACTION	Pricing	5	price	1395147961093	1395147961093	1395147964605	1395147964605	OK	 
SCENARIO	Pricing	5	END	1395147964605
ACTION	Pricing	61	price	1395147961126	1395147961126	1395147964637	1395147964637	OK	 
SCENARIO	Pricing	61	END	1395147964638
ACTION	Pricing	81	price	1395147961159	1395147961159	1395147964669	1395147964669	OK	 
SCENARIO	Pricing	81	END	1395147964670
ACTION	Pricing	63	price	1395147961192	1395147961192	1395147964704	1395147964704	OK	 
SCENARIO	Pricing	63	END	1395147964705
ACTION	Pricing	54	price	1395147961224	1395147961225	1395147964738	1395147964739	OK	 
SCENARIO	Pricing	54	END	1395147964739
ACTION	Pricing	36	price	1395147961257	1395147961258	1395147964768	1395147964769	OK	 
SCENARIO	Pricing	36	END	1395147964769
ACTION	Pricing	59	price	1395147961292	1395147961293	1395147964802	1395147964802	OK	 
SCENARIO	Pricing	59	END	1395147964803
ACTION	Pricing	42	price	1395147961329	1395147961330	1395147964836	1395147964837	OK	 
SCENARIO	Pricing	42	END	1395147964837
ACTION	Pricing	74	price	1395147961364	1395147961364	1395147964870	1395147964870	OK	 
SCENARIO	Pricing	74	END	1395147964870
ACTION	Pricing	77	price	1395147961396	1395147961397	1395147964904	1395147964905	OK	 
SCENARIO	Pricing	77	END	1395147964905
ACTION	Pricing	16	price	1395147961431	1395147961431	1395147964940	1395147964940	OK	 
SCENARIO	Pricing	16	END	1395147964941
ACTION	Pricing	6	price	1395147961463	1395147961463	1395147964974	1395147964974	OK	 
SCENARIO	Pricing	6	END	1395147964975
ACTION	Pricing	68	price	1395147961498	1395147961498	1395147965004	1395147965004	OK	 
SCENARIO	Pricing	68	END	1395147965005
ACTION	Pricing	1	price	1395147961533	1395147961533	1395147965043	1395147965043	OK	 
SCENARIO	Pricing	1	END	1395147965044
ACTION	Pricing	67	price	1395147961570	1395147961571	1395147965076	1395147965077	OK	 
SCENARIO	Pricing	67	END	1395147965077
ACTION	Pricing	9	price	1395147961604	1395147961605	1395147965109	1395147965110	OK	 
SCENARIO	Pricing	9	END	1395147965110
ACTION	Pricing	12	price	1395147961640	1395147961640	1395147965141	1395147965141	OK	 
SCENARIO	Pricing	12	END	1395147965142
ACTION	Pricing	46	price	1395147961671	1395147961672	1395147965176	1395147965176	OK	 
SCENARIO	Pricing	46	END	1395147965176
ACTION	Pricing	43	price	1395147961708	1395147961708	1395147965209	1395147965209	OK	 
SCENARIO	Pricing	43	END	1395147965209
ACTION	Pricing	26	price	1395147961741	1395147961742	1395147965243	1395147965243	OK	 
SCENARIO	Pricing	26	END	1395147965244
ACTION	Pricing	52	price	1395147961777	1395147961777	1395147965279	1395147965279	OK	 
SCENARIO	Pricing	52	END	1395147965280
ACTION	Pricing	86	price	1395147961809	1395147961809	1395147965317	1395147965317	OK	 
SCENARIO	Pricing	86	END	1395147965317
ACTION	Pricing	80	price	1395147961843	1395147961844	1395147965351	1395147965351	OK	 
SCENARIO	Pricing	80	END	1395147965352
ACTION	Pricing	40	price	1395147961904	1395147961905	1395147965386	1395147965386	OK	 
SCENARIO	Pricing	40	END	1395147965386
ACTION	Pricing	92	price	1395147961913	1395147961913	1395147965421	1395147965421	OK	 
SCENARIO	Pricing	92	END	1395147965422
ACTION	Pricing	49	price	1395147961977	1395147961977	1395147965455	1395147965455	OK	 
SCENARIO	Pricing	49	END	1395147965456
ACTION	Pricing	69	price	1395147961986	1395147961987	1395147965491	1395147965491	OK	 
SCENARIO	Pricing	69	END	1395147965492
ACTION	Pricing	45	price	1395147962045	1395147962046	1395147965524	1395147965524	OK	 
SCENARIO	Pricing	45	END	1395147965525
ACTION	Pricing	72	price	1395147962109	1395147962110	1395147965560	1395147965560	OK	 
SCENARIO	Pricing	72	END	1395147965561
ACTION	Pricing	64	price	1395147962111	1395147962112	1395147965589	1395147965590	OK	 
SCENARIO	Pricing	64	END	1395147965590
ACTION	Pricing	82	price	1395147962179	1395147962179	1395147965622	1395147965623	OK	 
SCENARIO	Pricing	82	END	1395147965623
ACTION	Pricing	41	price	1395147962185	1395147962185	1395147965657	1395147965657	OK	 
SCENARIO	Pricing	41	END	1395147965657
ACTION	Pricing	29	price	1395147962226	1395147962226	1395147965690	1395147965690	OK	 
SCENARIO	Pricing	29	END	1395147965690
ACTION	Pricing	31	price	1395147962258	1395147962259	1395147965722	1395147965722	OK	 
SCENARIO	Pricing	31	END	1395147965723
ACTION	Pricing	48	price	1395147962292	1395147962293	1395147965756	1395147965756	OK	 
SCENARIO	Pricing	48	END	1395147965757
ACTION	Pricing	97	price	1395147962324	1395147962324	1395147965791	1395147965792	OK	 
SCENARIO	Pricing	97	END	1395147965797
ACTION	Pricing	44	price	1395147962359	1395147962359	1395147965828	1395147965828	OK	 
SCENARIO	Pricing	44	END	1395147965829
ACTION	Pricing	4	price	1395147962395	1395147962395	1395147965864	1395147965864	OK	 
SCENARIO	Pricing	4	END	1395147965864
ACTION	Pricing	20	price	1395147962428	1395147962429	1395147965896	1395147965896	OK	 
SCENARIO	Pricing	20	END	1395147965897
ACTION	Pricing	87	price	1395147962464	1395147962464	1395147965928	1395147965928	OK	 
SCENARIO	Pricing	87	END	1395147965928
ACTION	Pricing	95	price	1395147962500	1395147962501	1395147965959	1395147965959	OK	 
SCENARIO	Pricing	95	END	1395147965960
ACTION	Pricing	57	price	1395147962533	1395147962534	1395147965992	1395147965992	OK	 
SCENARIO	Pricing	57	END	1395147965992
ACTION	Pricing	78	price	1395147962569	1395147962569	1395147966024	1395147966024	OK	 
SCENARIO	Pricing	78	END	1395147966025
ACTION	Pricing	37	price	1395147962614	1395147962615	1395147966057	1395147966057	OK	 
SCENARIO	Pricing	37	END	1395147966058
ACTION	Pricing	28	price	1395147962647	1395147962647	1395147966093	1395147966094	OK	 
SCENARIO	Pricing	28	END	1395147966095
ACTION	Pricing	73	price	1395147962680	1395147962680	1395147966127	1395147966127	OK	 
SCENARIO	Pricing	73	END	1395147966128
ACTION	Pricing	94	price	1395147962716	1395147962716	1395147966161	1395147966161	OK	 
SCENARIO	Pricing	94	END	1395147966162
ACTION	Pricing	17	price	1395147962753	1395147962753	1395147966192	1395147966193	OK	 
SCENARIO	Pricing	17	END	1395147966193
ACTION	Pricing	30	price	1395147962789	1395147962790	1395147966226	1395147966227	OK	 
SCENARIO	Pricing	30	END	1395147966227
ACTION	Pricing	50	price	1395147962824	1395147962824	1395147966261	1395147966261	OK	 
SCENARIO	Pricing	50	END	1395147966262
ACTION	Pricing	90	price	1395147962858	1395147962859	1395147966293	1395147966293	OK	 
SCENARIO	Pricing	90	END	1395147966294
ACTION	Pricing	34	price	1395147962890	1395147962891	1395147966326	1395147966326	OK	 
SCENARIO	Pricing	34	END	1395147966327
ACTION	Pricing	99	price	1395147962931	1395147962932	1395147966361	1395147966361	OK	 
SCENARIO	Pricing	99	END	1395147966361
ACTION	Pricing	32	price	1395147962965	1395147962965	1395147966394	1395147966394	OK	 
SCENARIO	Pricing	32	END	1395147966395
ACTION	Pricing	96	price	1395147962998	1395147962999	1395147966430	1395147966430	OK	 
SCENARIO	Pricing	96	END	1395147966431
ACTION	Pricing	98	price	1395147963033	1395147963034	1395147966466	1395147966466	OK	 
SCENARIO	Pricing	98	END	1395147966467
ACTION	Pricing	33	price	1395147963066	1395147963066	1395147966500	1395147966501	OK	 
SCENARIO	Pricing	33	END	1395147966501
ACTION	Pricing	55	price	1395147963098	1395147963099	1395147966532	1395147966533	OK	 
SCENARIO	Pricing	55	END	1395147966533
ACTION	Pricing	23	price	1395147963133	1395147963134	1395147966567	1395147966567	OK	 
SCENARIO	Pricing	23	END	1395147966567
ACTION	Pricing	56	price	1395147963168	1395147963168	1395147966598	1395147966598	OK	 
SCENARIO	Pricing	56	END	1395147966599
ACTION	Pricing	18	price	1395147963234	1395147963236	1395147966631	1395147966631	OK	 
SCENARIO	Pricing	18	END	1395147966632
ACTION	Pricing	7	price	1395147963237	1395147963238	1395147966664	1395147966664	OK	 
SCENARIO	Pricing	7	END	1395147966664
ACTION	Pricing	25	price	1395147963308	1395147963308	1395147966696	1395147966697	OK	 
SCENARIO	Pricing	25	END	1395147966697
ACTION	Pricing	75	price	1395147963321	1395147963322	1395147966733	1395147966733	OK	 
SCENARIO	Pricing	75	END	1395147966733
ACTION	Pricing	35	price	1395147963383	1395147963383	1395147966767	1395147966767	OK	 
SCENARIO	Pricing	35	END	1395147966767
ACTION	Pricing	84	price	1395147963396	1395147963396	1395147966799	1395147966799	OK	 
SCENARIO	Pricing	84	END	1395147966799
ACTION	Pricing	11	price	1395147963438	1395147963439	1395147966831	1395147966831	OK	 
SCENARIO	Pricing	11	END	1395147966832
ACTION	Pricing	93	price	1395147963472	1395147963473	1395147966866	1395147966866	OK	 
SCENARIO	Pricing	93	END	1395147966867
ACTION	Pricing	19	price	1395147963509	1395147963509	1395147966898	1395147966898	OK	 
SCENARIO	Pricing	19	END	1395147966898
ACTION	Pricing	62	price	1395147963543	1395147963544	1395147966932	1395147966932	OK	 
SCENARIO	Pricing	62	END	1395147966932
ACTION	Pricing	13	price	1395147963577	1395147963577	1395147966966	1395147966966	OK	 
SCENARIO	Pricing	13	END	1395147966967
ACTION	Pricing	66	price	1395147963613	1395147963614	1395147967004	1395147967004	OK	 
SCENARIO	Pricing	66	END	1395147967005
ACTION	Pricing	2	price	1395147963646	1395147963647	1395147967037	1395147967037	OK	 
SCENARIO	Pricing	2	END	1395147967038
