RUN	20140318133725	pricingsimulation	pricingsimulation
SCENARIO	Pricing	69	START	1395149848700
SCENARIO	Pricing	96	START	1395149848703
SCENARIO	Pricing	14	START	1395149848703
SCENARIO	Pricing	17	START	1395149848703
SCENARIO	Pricing	5	START	1395149848703
SCENARIO	Pricing	22	START	1395149848703
SCENARIO	Pricing	53	START	1395149848704
SCENARIO	Pricing	4	START	1395149848704
SCENARIO	Pricing	16	START	1395149848704
SCENARIO	Pricing	11	START	1395149848704
SCENARIO	Pricing	54	START	1395149848704
SCENARIO	Pricing	20	START	1395149848711
SCENARIO	Pricing	40	START	1395149848711
SCENARIO	Pricing	36	START	1395149848711
SCENARIO	Pricing	66	START	1395149848711
SCENARIO	Pricing	26	START	1395149848711
SCENARIO	Pricing	8	START	1395149848712
SCENARIO	Pricing	73	START	1395149848712
SCENARIO	Pricing	98	START	1395149848712
SCENARIO	Pricing	47	START	1395149848712
SCENARIO	Pricing	18	START	1395149848712
SCENARIO	Pricing	30	START	1395149848712
SCENARIO	Pricing	70	START	1395149848712
SCENARIO	Pricing	34	START	1395149848712
SCENARIO	Pricing	45	START	1395149848712
SCENARIO	Pricing	74	START	1395149848712
SCENARIO	Pricing	92	START	1395149848712
SCENARIO	Pricing	43	START	1395149848712
SCENARIO	Pricing	58	START	1395149848712
SCENARIO	Pricing	28	START	1395149848712
SCENARIO	Pricing	84	START	1395149848712
SCENARIO	Pricing	82	START	1395149848712
SCENARIO	Pricing	7	START	1395149848712
SCENARIO	Pricing	89	START	1395149848712
SCENARIO	Pricing	1	START	1395149848712
SCENARIO	Pricing	31	START	1395149848712
SCENARIO	Pricing	67	START	1395149848712
SCENARIO	Pricing	42	START	1395149848712
SCENARIO	Pricing	56	START	1395149848712
SCENARIO	Pricing	25	START	1395149848712
SCENARIO	Pricing	75	START	1395149848712
SCENARIO	Pricing	97	START	1395149848712
SCENARIO	Pricing	6	START	1395149848712
SCENARIO	Pricing	76	START	1395149848712
SCENARIO	Pricing	12	START	1395149848712
SCENARIO	Pricing	90	START	1395149848712
SCENARIO	Pricing	37	START	1395149848713
SCENARIO	Pricing	19	START	1395149848713
SCENARIO	Pricing	51	START	1395149848713
SCENARIO	Pricing	38	START	1395149848713
SCENARIO	Pricing	80	START	1395149848713
SCENARIO	Pricing	95	START	1395149848713
SCENARIO	Pricing	49	START	1395149848713
SCENARIO	Pricing	50	START	1395149848714
SCENARIO	Pricing	35	START	1395149848714
SCENARIO	Pricing	32	START	1395149848714
SCENARIO	Pricing	23	START	1395149848714
SCENARIO	Pricing	68	START	1395149848714
SCENARIO	Pricing	59	START	1395149848714
SCENARIO	Pricing	44	START	1395149848714
SCENARIO	Pricing	63	START	1395149848714
SCENARIO	Pricing	93	START	1395149848714
SCENARIO	Pricing	46	START	1395149848714
SCENARIO	Pricing	10	START	1395149848714
SCENARIO	Pricing	33	START	1395149848714
SCENARIO	Pricing	64	START	1395149848714
SCENARIO	Pricing	100	START	1395149848714
SCENARIO	Pricing	52	START	1395149848715
SCENARIO	Pricing	99	START	1395149848715
SCENARIO	Pricing	62	START	1395149848715
SCENARIO	Pricing	24	START	1395149848716
SCENARIO	Pricing	3	START	1395149848716
SCENARIO	Pricing	77	START	1395149848716
SCENARIO	Pricing	57	START	1395149848716
SCENARIO	Pricing	21	START	1395149848716
SCENARIO	Pricing	72	START	1395149848716
SCENARIO	Pricing	79	START	1395149848716
SCENARIO	Pricing	91	START	1395149848716
SCENARIO	Pricing	60	START	1395149848716
SCENARIO	Pricing	94	START	1395149848716
SCENARIO	Pricing	87	START	1395149848716
SCENARIO	Pricing	83	START	1395149848717
SCENARIO	Pricing	2	START	1395149848717
SCENARIO	Pricing	85	START	1395149848717
SCENARIO	Pricing	61	START	1395149848717
SCENARIO	Pricing	27	START	1395149848717
SCENARIO	Pricing	88	START	1395149848717
SCENARIO	Pricing	41	START	1395149848717
SCENARIO	Pricing	81	START	1395149848717
SCENARIO	Pricing	78	START	1395149848717
SCENARIO	Pricing	29	START	1395149848718
SCENARIO	Pricing	13	START	1395149848718
SCENARIO	Pricing	9	START	1395149848718
SCENARIO	Pricing	65	START	1395149848718
SCENARIO	Pricing	86	START	1395149848718
SCENARIO	Pricing	39	START	1395149848719
SCENARIO	Pricing	15	START	1395149848719
SCENARIO	Pricing	48	START	1395149848719
SCENARIO	Pricing	71	START	1395149848719
SCENARIO	Pricing	55	START	1395149848719
ACTION	Pricing	50	price	1395149848989	1395149848992	1395149850278	1395149850305	OK	 
ACTION	Pricing	81	price	1395149849063	1395149849065	1395149850390	1395149850390	OK	 
ACTION	Pricing	42	price	1395149848940	1395149848943	1395149850587	1395149850587	OK	 
ACTION	Pricing	11	price	1395149848818	1395149848856	1395149850772	1395149850773	OK	 
ACTION	Pricing	64	price	1395149849020	1395149849021	1395149850950	1395149850950	OK	 
ACTION	Pricing	58	price	1395149848910	1395149848925	1395149851124	1395149851125	OK	 
ACTION	Pricing	94	price	1395149849046	1395149849050	1395149851300	1395149851300	OK	 
ACTION	Pricing	60	price	1395149849045	1395149849046	1395149851470	1395149851470	OK	 
ACTION	Pricing	30	price	1395149848888	1395149848913	1395149851637	1395149851637	OK	 
ACTION	Pricing	19	price	1395149848977	1395149848979	1395149851812	1395149851812	OK	 
ACTION	Pricing	78	price	1395149849065	1395149849070	1395149851979	1395149851979	OK	 
ACTION	Pricing	82	price	1395149848921	1395149848927	1395149852155	1395149852156	OK	 
ACTION	Pricing	73	price	1395149848877	1395149848913	1395149852323	1395149852323	OK	 
ACTION	Pricing	25	price	1395149848946	1395149848949	1395149852505	1395149852506	OK	 
ACTION	Pricing	7	price	1395149848922	1395149848930	1395149852683	1395149852684	OK	 
ACTION	Pricing	89	price	1395149848927	1395149848931	1395149852857	1395149852857	OK	 
ACTION	Pricing	98	price	1395149848878	1395149848908	1395149853037	1395149853037	OK	 
ACTION	Pricing	8	price	1395149848866	1395149848896	1395149853216	1395149853217	OK	 
ACTION	Pricing	43	price	1395149848909	1395149848920	1395149853410	1395149853411	OK	 
ACTION	Pricing	17	price	1395149848795	1395149848832	1395149853581	1395149853581	OK	 
ACTION	Pricing	44	price	1395149849008	1395149849009	1395149853749	1395149853750	OK	 
ACTION	Pricing	22	price	1395149848804	1395149848853	1395149853926	1395149853926	OK	 
ACTION	Pricing	80	price	1395149848984	1395149848986	1395149854099	1395149854099	OK	 
ACTION	Pricing	27	price	1395149849058	1395149849060	1395149854272	1395149854273	OK	 
ACTION	Pricing	39	price	1395149849073	1395149849083	1395149854445	1395149854446	OK	 
ACTION	Pricing	47	price	1395149848879	1395149848914	1395149854630	1395149854630	OK	 
ACTION	Pricing	12	price	1395149848969	1395149848971	1395149854812	1395149854813	OK	 
ACTION	Pricing	4	price	1395149848807	1395149848854	1395149854989	1395149854989	OK	 
ACTION	Pricing	70	price	1395149848889	1395149848915	1395149855164	1395149855165	OK	 
ACTION	Pricing	9	price	1395149849069	1395149849081	1395149855348	1395149855348	OK	 
ACTION	Pricing	35	price	1395149848992	1395149848994	1395149855526	1395149855527	OK	 
ACTION	Pricing	3	price	1395149849032	1395149849033	1395149855714	1395149855714	OK	 
ACTION	Pricing	2	price	1395149849054	1395149849054	1395149855895	1395149855895	OK	 
ACTION	Pricing	74	price	1395149848893	1395149848913	1395149856075	1395149856075	OK	 
ACTION	Pricing	20	price	1395149848837	1395149848856	1395149856260	1395149856261	OK	 
ACTION	Pricing	59	price	1395149849000	1395149849008	1395149856434	1395149856434	OK	 
ACTION	Pricing	40	price	1395149848846	1395149848860	1395149856615	1395149856615	OK	 
ACTION	Pricing	26	price	1395149848865	1395149848896	1395149856795	1395149856795	OK	 
ACTION	Pricing	24	price	1395149849030	1395149849031	1395149856976	1395149856976	OK	 
ACTION	Pricing	45	price	1395149848891	1395149848916	1395149857180	1395149857181	OK	 
ACTION	Pricing	72	price	1395149849039	1395149849040	1395149857395	1395149857396	OK	 
ACTION	Pricing	68	price	1395149848998	1395149848999	1395149857690	1395149857690	OK	 
ACTION	Pricing	83	price	1395149849049	1395149849052	1395149857872	1395149857872	OK	 
ACTION	Pricing	56	price	1395149848944	1395149848946	1395149858043	1395149858044	OK	 
ACTION	Pricing	63	price	1395149849012	1395149849013	1395149858218	1395149858218	OK	 
ACTION	Pricing	41	price	1395149849062	1395149849064	1395149858410	1395149858410	OK	 
ACTION	Pricing	34	price	1395149848890	1395149848914	1395149858667	1395149858667	OK	 
ACTION	Pricing	95	price	1395149848986	1395149848988	1395149858853	1395149858853	OK	 
ACTION	Pricing	32	price	1395149848993	1395149848995	1395149859036	1395149859037	OK	 
ACTION	Pricing	21	price	1395149849037	1395149849039	1395149859236	1395149859236	OK	 
ACTION	Pricing	93	price	1395149849013	1395149849015	1395149859424	1395149859424	OK	 
ACTION	Pricing	66	price	1395149848862	1395149848895	1395149859638	1395149859638	OK	 
ACTION	Pricing	62	price	1395149849028	1395149849029	1395149859827	1395149859827	OK	 
ACTION	Pricing	99	price	1395149849025	1395149849027	1395149860009	1395149860009	OK	 
ACTION	Pricing	84	price	1395149848913	1395149848926	1395149860196	1395149860196	OK	 
ACTION	Pricing	13	price	1395149849068	1395149849081	1395149860376	1395149860376	OK	 
ACTION	Pricing	54	price	1395149848834	1395149848860	1395149860558	1395149860558	OK	 
ACTION	Pricing	97	price	1395149848957	1395149848960	1395149860833	1395149860834	OK	 
ACTION	Pricing	37	price	1395149848974	1395149848976	1395149861074	1395149861074	OK	 
ACTION	Pricing	5	price	1395149848803	1395149848852	1395149861292	1395149861292	OK	 
ACTION	Pricing	91	price	1395149849042	1395149849044	1395149861492	1395149861492	OK	 
ACTION	Pricing	38	price	1395149848982	1395149848983	1395149861680	1395149861680	OK	 
ACTION	Pricing	23	price	1395149848996	1395149848997	1395149861852	1395149861852	OK	 
ACTION	Pricing	28	price	1395149848911	1395149848918	1395149862030	1395149862030	OK	 
ACTION	Pricing	79	price	1395149849041	1395149849042	1395149862216	1395149862216	OK	 
ACTION	Pricing	69	price	1395149848785	1395149848831	1395149862414	1395149862414	OK	 
ACTION	Pricing	49	price	1395149848988	1395149848990	1395149862624	1395149862624	OK	 
ACTION	Pricing	87	price	1395149849048	1395149849051	1395149862807	1395149862808	OK	 
ACTION	Pricing	29	price	1395149849066	1395149849072	1395149862993	1395149862993	OK	 
ACTION	Pricing	75	price	1395149848949	1395149848956	1395149863182	1395149863183	OK	 
ACTION	Pricing	48	price	1395149849075	1395149849084	1395149863374	1395149863374	OK	 
ACTION	Pricing	31	price	1395149848933	1395149848936	1395149863569	1395149863569	OK	 
ACTION	Pricing	61	price	1395149849056	1395149849057	1395149863755	1395149863755	OK	 
ACTION	Pricing	65	price	1395149849071	1395149849080	1395149863936	1395149863936	OK	 
ACTION	Pricing	86	price	1395149849072	1395149849080	1395149864115	1395149864115	OK	 
ACTION	Pricing	77	price	1395149849033	1395149849035	1395149864299	1395149864299	OK	 
ACTION	Pricing	33	price	1395149849018	1395149849019	1395149864480	1395149864480	OK	 
ACTION	Pricing	57	price	1395149849036	1395149849036	1395149864669	1395149864669	OK	 
ACTION	Pricing	52	price	1395149849024	1395149849025	1395149864862	1395149864863	OK	 
ACTION	Pricing	15	price	1395149849076	1395149849082	1395149865071	1395149865071	OK	 
ACTION	Pricing	53	price	1395149848806	1395149848857	1395149865256	1395149865256	OK	 
ACTION	Pricing	36	price	1395149848858	1395149848895	1395149865459	1395149865459	OK	 
ACTION	Pricing	92	price	1395149848894	1395149848920	1395149865653	1395149865654	OK	 
ACTION	Pricing	76	price	1395149848965	1395149848968	1395149865853	1395149865853	OK	 
ACTION	Pricing	88	price	1395149849061	1395149849062	1395149866032	1395149866032	OK	 
ACTION	Pricing	6	price	1395149848961	1395149848963	1395149866220	1395149866220	OK	 
ACTION	Pricing	90	price	1395149848972	1395149848974	1395149866415	1395149866415	OK	 
ACTION	Pricing	51	price	1395149848980	1395149848981	1395149866608	1395149866609	OK	 
ACTION	Pricing	85	price	1395149849054	1395149849055	1395149866800	1395149866800	OK	 
ACTION	Pricing	10	price	1395149849016	1395149849018	1395149866996	1395149866997	OK	 
ACTION	Pricing	1	price	1395149848929	1395149848933	1395149867183	1395149867183	OK	 
ACTION	Pricing	55	price	1395149849077	1395149849084	1395149867382	1395149867382	OK	 
ACTION	Pricing	96	price	1395149848792	1395149848832	1395149867600	1395149867600	OK	 
ACTION	Pricing	100	price	1395149849023	1395149849023	1395149867802	1395149867802	OK	 
ACTION	Pricing	67	price	1395149848937	1395149848940	1395149868002	1395149868002	OK	 
ACTION	Pricing	18	price	1395149848887	1395149848915	1395149868192	1395149868192	OK	 
ACTION	Pricing	71	price	1395149849076	1395149849083	1395149868382	1395149868382	OK	 
ACTION	Pricing	46	price	1395149849015	1395149849018	1395149868566	1395149868566	OK	 
ACTION	Pricing	16	price	1395149848808	1395149848855	1395149868753	1395149868753	OK	 
ACTION	Pricing	14	price	1395149848794	1395149848831	1395149868936	1395149868937	OK	 
ACTION	Pricing	50	price	1395149850412	1395149850419	1395149869120	1395149869121	OK	 
ACTION	Pricing	81	price	1395149850418	1395149850429	1395149869307	1395149869308	OK	 
ACTION	Pricing	42	price	1395149850589	1395149850590	1395149869505	1395149869505	OK	 
ACTION	Pricing	11	price	1395149850774	1395149850775	1395149869703	1395149869703	OK	 
ACTION	Pricing	64	price	1395149850956	1395149850957	1395149869893	1395149869893	OK	 
ACTION	Pricing	58	price	1395149851126	1395149851127	1395149870081	1395149870081	OK	 
ACTION	Pricing	94	price	1395149851302	1395149851303	1395149870273	1395149870273	OK	 
ACTION	Pricing	60	price	1395149851471	1395149851472	1395149870459	1395149870459	OK	 
ACTION	Pricing	30	price	1395149851639	1395149851640	1395149870641	1395149870641	OK	 
ACTION	Pricing	19	price	1395149851813	1395149851814	1395149870829	1395149870829	OK	 
ACTION	Pricing	78	price	1395149851981	1395149851982	1395149871020	1395149871020	OK	 
ACTION	Pricing	82	price	1395149852157	1395149852158	1395149871203	1395149871203	OK	 
ACTION	Pricing	73	price	1395149852325	1395149852326	1395149871381	1395149871381	OK	 
ACTION	Pricing	25	price	1395149852508	1395149852509	1395149871571	1395149871571	OK	 
ACTION	Pricing	7	price	1395149852685	1395149852686	1395149871765	1395149871766	OK	 
ACTION	Pricing	89	price	1395149852859	1395149852860	1395149871966	1395149871966	OK	 
ACTION	Pricing	98	price	1395149853039	1395149853041	1395149872160	1395149872161	OK	 
ACTION	Pricing	8	price	1395149853219	1395149853220	1395149872375	1395149872376	OK	 
ACTION	Pricing	43	price	1395149853414	1395149853414	1395149872590	1395149872591	OK	 
ACTION	Pricing	17	price	1395149853586	1395149853588	1395149872795	1395149872795	OK	 
ACTION	Pricing	44	price	1395149853757	1395149853758	1395149872983	1395149872984	OK	 
ACTION	Pricing	22	price	1395149853930	1395149853930	1395149873181	1395149873181	OK	 
ACTION	Pricing	80	price	1395149854101	1395149854102	1395149873370	1395149873370	OK	 
ACTION	Pricing	27	price	1395149854274	1395149854275	1395149873556	1395149873557	OK	 
ACTION	Pricing	39	price	1395149854450	1395149854450	1395149873740	1395149873741	OK	 
ACTION	Pricing	47	price	1395149854634	1395149854634	1395149873923	1395149873923	OK	 
ACTION	Pricing	12	price	1395149854814	1395149854816	1395149874109	1395149874109	OK	 
ACTION	Pricing	4	price	1395149854991	1395149854992	1395149874301	1395149874302	OK	 
ACTION	Pricing	70	price	1395149855166	1395149855168	1395149874489	1395149874490	OK	 
ACTION	Pricing	9	price	1395149855350	1395149855351	1395149874709	1395149874709	OK	 
ACTION	Pricing	35	price	1395149855528	1395149855529	1395149874910	1395149874910	OK	 
ACTION	Pricing	3	price	1395149855716	1395149855717	1395149875104	1395149875104	OK	 
ACTION	Pricing	2	price	1395149855898	1395149855898	1395149875297	1395149875297	OK	 
ACTION	Pricing	74	price	1395149856078	1395149856079	1395149875493	1395149875493	OK	 
ACTION	Pricing	20	price	1395149856263	1395149856264	1395149875682	1395149875682	OK	 
ACTION	Pricing	59	price	1395149856436	1395149856437	1395149875872	1395149875872	OK	 
ACTION	Pricing	40	price	1395149856618	1395149856619	1395149876065	1395149876065	OK	 
ACTION	Pricing	26	price	1395149856798	1395149856799	1395149876255	1395149876255	OK	 
ACTION	Pricing	24	price	1395149856978	1395149856979	1395149876449	1395149876450	OK	 
ACTION	Pricing	45	price	1395149857182	1395149857184	1395149876648	1395149876649	OK	 
ACTION	Pricing	72	price	1395149857400	1395149857401	1395149876846	1395149876846	OK	 
ACTION	Pricing	68	price	1395149857692	1395149857692	1395149877058	1395149877058	OK	 
ACTION	Pricing	83	price	1395149857874	1395149857875	1395149877265	1395149877265	OK	 
ACTION	Pricing	56	price	1395149858045	1395149858046	1395149877467	1395149877467	OK	 
ACTION	Pricing	63	price	1395149858222	1395149858223	1395149877662	1395149877662	OK	 
ACTION	Pricing	41	price	1395149858412	1395149858413	1395149877862	1395149877862	OK	 
ACTION	Pricing	34	price	1395149858669	1395149858670	1395149878053	1395149878053	OK	 
ACTION	Pricing	95	price	1395149858855	1395149858855	1395149878254	1395149878254	OK	 
ACTION	Pricing	32	price	1395149859038	1395149859039	1395149878446	1395149878446	OK	 
ACTION	Pricing	21	price	1395149859238	1395149859239	1395149878638	1395149878639	OK	 
ACTION	Pricing	93	price	1395149859426	1395149859426	1395149878832	1395149878832	OK	 
SCENARIO	Pricing	93	END	1395149878833
ACTION	Pricing	66	price	1395149859640	1395149859641	1395149879031	1395149879031	OK	 
SCENARIO	Pricing	66	END	1395149879032
ACTION	Pricing	62	price	1395149859829	1395149859829	1395149879228	1395149879228	OK	 
SCENARIO	Pricing	62	END	1395149879229
ACTION	Pricing	99	price	1395149860011	1395149860012	1395149879423	1395149879423	OK	 
SCENARIO	Pricing	99	END	1395149879424
ACTION	Pricing	84	price	1395149860198	1395149860198	1395149879607	1395149879607	OK	 
SCENARIO	Pricing	84	END	1395149879608
ACTION	Pricing	13	price	1395149860378	1395149860379	1395149879806	1395149879806	OK	 
SCENARIO	Pricing	13	END	1395149879807
ACTION	Pricing	54	price	1395149860561	1395149860561	1395149880003	1395149880003	OK	 
SCENARIO	Pricing	54	END	1395149880004
ACTION	Pricing	97	price	1395149860836	1395149860836	1395149880195	1395149880195	OK	 
SCENARIO	Pricing	97	END	1395149880196
ACTION	Pricing	37	price	1395149861076	1395149861077	1395149880384	1395149880385	OK	 
SCENARIO	Pricing	37	END	1395149880385
ACTION	Pricing	5	price	1395149861295	1395149861295	1395149880592	1395149880592	OK	 
SCENARIO	Pricing	5	END	1395149880593
ACTION	Pricing	91	price	1395149861494	1395149861495	1395149880785	1395149880785	OK	 
SCENARIO	Pricing	91	END	1395149880786
ACTION	Pricing	38	price	1395149861682	1395149861682	1395149880989	1395149880989	OK	 
SCENARIO	Pricing	38	END	1395149880990
ACTION	Pricing	23	price	1395149861854	1395149861855	1395149881187	1395149881187	OK	 
SCENARIO	Pricing	23	END	1395149881188
ACTION	Pricing	28	price	1395149862032	1395149862033	1395149881376	1395149881376	OK	 
SCENARIO	Pricing	28	END	1395149881377
ACTION	Pricing	79	price	1395149862218	1395149862219	1395149881566	1395149881566	OK	 
SCENARIO	Pricing	79	END	1395149881567
ACTION	Pricing	69	price	1395149862416	1395149862417	1395149881760	1395149881760	OK	 
SCENARIO	Pricing	69	END	1395149881761
ACTION	Pricing	49	price	1395149862626	1395149862627	1395149881956	1395149881957	OK	 
SCENARIO	Pricing	49	END	1395149881958
ACTION	Pricing	87	price	1395149862809	1395149862810	1395149882146	1395149882146	OK	 
SCENARIO	Pricing	87	END	1395149882147
ACTION	Pricing	29	price	1395149862996	1395149862996	1395149882339	1395149882339	OK	 
SCENARIO	Pricing	29	END	1395149882340
ACTION	Pricing	75	price	1395149863184	1395149863185	1395149882535	1395149882535	OK	 
SCENARIO	Pricing	75	END	1395149882536
ACTION	Pricing	48	price	1395149863376	1395149863377	1395149882731	1395149882731	OK	 
SCENARIO	Pricing	48	END	1395149882732
ACTION	Pricing	31	price	1395149863571	1395149863572	1395149882925	1395149882926	OK	 
SCENARIO	Pricing	31	END	1395149882926
ACTION	Pricing	61	price	1395149863757	1395149863758	1395149883123	1395149883123	OK	 
SCENARIO	Pricing	61	END	1395149883124
ACTION	Pricing	65	price	1395149863939	1395149863940	1395149883312	1395149883313	OK	 
SCENARIO	Pricing	65	END	1395149883313
ACTION	Pricing	86	price	1395149864117	1395149864118	1395149883504	1395149883505	OK	 
SCENARIO	Pricing	86	END	1395149883505
ACTION	Pricing	77	price	1395149864301	1395149864301	1395149883692	1395149883692	OK	 
SCENARIO	Pricing	77	END	1395149883693
ACTION	Pricing	33	price	1395149864482	1395149864483	1395149883886	1395149883886	OK	 
SCENARIO	Pricing	33	END	1395149883887
ACTION	Pricing	57	price	1395149864671	1395149864672	1395149884072	1395149884073	OK	 
SCENARIO	Pricing	57	END	1395149884073
ACTION	Pricing	52	price	1395149864865	1395149864866	1395149884272	1395149884272	OK	 
SCENARIO	Pricing	52	END	1395149884274
ACTION	Pricing	15	price	1395149865072	1395149865073	1395149884501	1395149884501	OK	 
SCENARIO	Pricing	15	END	1395149884502
ACTION	Pricing	53	price	1395149865259	1395149865259	1395149884691	1395149884691	OK	 
SCENARIO	Pricing	53	END	1395149884692
ACTION	Pricing	36	price	1395149865461	1395149865462	1395149884899	1395149884899	OK	 
SCENARIO	Pricing	36	END	1395149884900
ACTION	Pricing	92	price	1395149865656	1395149865656	1395149885106	1395149885106	OK	 
SCENARIO	Pricing	92	END	1395149885107
ACTION	Pricing	76	price	1395149865855	1395149865856	1395149885309	1395149885309	OK	 
SCENARIO	Pricing	76	END	1395149885310
ACTION	Pricing	88	price	1395149866034	1395149866034	1395149885503	1395149885503	OK	 
SCENARIO	Pricing	88	END	1395149885504
ACTION	Pricing	6	price	1395149866222	1395149866223	1395149885695	1395149885695	OK	 
SCENARIO	Pricing	6	END	1395149885696
ACTION	Pricing	90	price	1395149866417	1395149866418	1395149885883	1395149885883	OK	 
SCENARIO	Pricing	90	END	1395149885884
ACTION	Pricing	51	price	1395149866611	1395149866611	1395149886081	1395149886082	OK	 
SCENARIO	Pricing	51	END	1395149886083
ACTION	Pricing	85	price	1395149866802	1395149866802	1395149886291	1395149886291	OK	 
SCENARIO	Pricing	85	END	1395149886292
ACTION	Pricing	10	price	1395149866999	1395149866999	1395149886477	1395149886477	OK	 
SCENARIO	Pricing	10	END	1395149886478
ACTION	Pricing	1	price	1395149867185	1395149867186	1395149886668	1395149886668	OK	 
SCENARIO	Pricing	1	END	1395149886669
ACTION	Pricing	55	price	1395149867387	1395149867388	1395149886856	1395149886856	OK	 
SCENARIO	Pricing	55	END	1395149886857
ACTION	Pricing	96	price	1395149867602	1395149867603	1395149887039	1395149887039	OK	 
SCENARIO	Pricing	96	END	1395149887040
ACTION	Pricing	100	price	1395149867804	1395149867805	1395149887242	1395149887242	OK	 
SCENARIO	Pricing	100	END	1395149887244
ACTION	Pricing	67	price	1395149868004	1395149868005	1395149887451	1395149887452	OK	 
SCENARIO	Pricing	67	END	1395149887453
ACTION	Pricing	18	price	1395149868194	1395149868195	1395149887645	1395149887645	OK	 
SCENARIO	Pricing	18	END	1395149887646
ACTION	Pricing	71	price	1395149868384	1395149868384	1395149887839	1395149887840	OK	 
SCENARIO	Pricing	71	END	1395149887840
ACTION	Pricing	46	price	1395149868569	1395149868569	1395149888035	1395149888035	OK	 
SCENARIO	Pricing	46	END	1395149888036
ACTION	Pricing	16	price	1395149868755	1395149868756	1395149888230	1395149888231	OK	 
SCENARIO	Pricing	16	END	1395149888232
ACTION	Pricing	14	price	1395149868938	1395149868939	1395149888450	1395149888451	OK	 
SCENARIO	Pricing	14	END	1395149888452
ACTION	Pricing	50	price	1395149869122	1395149869123	1395149888644	1395149888644	OK	 
SCENARIO	Pricing	50	END	1395149888645
ACTION	Pricing	81	price	1395149869310	1395149869310	1395149888833	1395149888833	OK	 
SCENARIO	Pricing	81	END	1395149888834
ACTION	Pricing	42	price	1395149869507	1395149869508	1395149889023	1395149889024	OK	 
SCENARIO	Pricing	42	END	1395149889025
ACTION	Pricing	11	price	1395149869705	1395149869705	1395149889211	1395149889211	OK	 
SCENARIO	Pricing	11	END	1395149889212
ACTION	Pricing	64	price	1395149869895	1395149869896	1395149889407	1395149889407	OK	 
SCENARIO	Pricing	64	END	1395149889409
ACTION	Pricing	58	price	1395149870083	1395149870084	1395149889610	1395149889611	OK	 
SCENARIO	Pricing	58	END	1395149889611
ACTION	Pricing	94	price	1395149870275	1395149870276	1395149889795	1395149889795	OK	 
SCENARIO	Pricing	94	END	1395149889796
ACTION	Pricing	60	price	1395149870461	1395149870461	1395149889991	1395149889991	OK	 
SCENARIO	Pricing	60	END	1395149889992
ACTION	Pricing	30	price	1395149870643	1395149870643	1395149890179	1395149890179	OK	 
SCENARIO	Pricing	30	END	1395149890180
ACTION	Pricing	19	price	1395149870831	1395149870832	1395149890383	1395149890383	OK	 
SCENARIO	Pricing	19	END	1395149890384
ACTION	Pricing	78	price	1395149871022	1395149871023	1395149890603	1395149890603	OK	 
SCENARIO	Pricing	78	END	1395149890604
ACTION	Pricing	82	price	1395149871205	1395149871206	1395149890806	1395149890806	OK	 
SCENARIO	Pricing	82	END	1395149890807
ACTION	Pricing	73	price	1395149871382	1395149871383	1395149891022	1395149891022	OK	 
SCENARIO	Pricing	73	END	1395149891023
ACTION	Pricing	25	price	1395149871573	1395149871573	1395149891241	1395149891242	OK	 
SCENARIO	Pricing	25	END	1395149891243
ACTION	Pricing	7	price	1395149871767	1395149871768	1395149891457	1395149891458	OK	 
SCENARIO	Pricing	7	END	1395149891459
ACTION	Pricing	89	price	1395149871968	1395149871969	1395149891636	1395149891636	OK	 
SCENARIO	Pricing	89	END	1395149891637
ACTION	Pricing	98	price	1395149872162	1395149872163	1395149891822	1395149891823	OK	 
SCENARIO	Pricing	98	END	1395149891824
ACTION	Pricing	8	price	1395149872377	1395149872378	1395149892017	1395149892018	OK	 
SCENARIO	Pricing	8	END	1395149892018
ACTION	Pricing	43	price	1395149872592	1395149872593	1395149892224	1395149892224	OK	 
SCENARIO	Pricing	43	END	1395149892225
ACTION	Pricing	17	price	1395149872797	1395149872798	1395149892462	1395149892462	OK	 
SCENARIO	Pricing	17	END	1395149892463
ACTION	Pricing	44	price	1395149872986	1395149872986	1395149892648	1395149892648	OK	 
SCENARIO	Pricing	44	END	1395149892649
ACTION	Pricing	22	price	1395149873183	1395149873184	1395149892832	1395149892833	OK	 
SCENARIO	Pricing	22	END	1395149892833
ACTION	Pricing	80	price	1395149873372	1395149873372	1395149893028	1395149893028	OK	 
SCENARIO	Pricing	80	END	1395149893029
ACTION	Pricing	27	price	1395149873558	1395149873559	1395149893223	1395149893224	OK	 
SCENARIO	Pricing	27	END	1395149893224
ACTION	Pricing	39	price	1395149873742	1395149873743	1395149893425	1395149893425	OK	 
SCENARIO	Pricing	39	END	1395149893426
ACTION	Pricing	47	price	1395149873925	1395149873926	1395149893620	1395149893621	OK	 
SCENARIO	Pricing	47	END	1395149893621
ACTION	Pricing	12	price	1395149874111	1395149874112	1395149893821	1395149893821	OK	 
SCENARIO	Pricing	12	END	1395149893822
ACTION	Pricing	4	price	1395149874303	1395149874304	1395149894018	1395149894019	OK	 
SCENARIO	Pricing	4	END	1395149894020
ACTION	Pricing	70	price	1395149874491	1395149874492	1395149894213	1395149894213	OK	 
SCENARIO	Pricing	70	END	1395149894214
ACTION	Pricing	9	price	1395149874711	1395149874711	1395149894406	1395149894406	OK	 
SCENARIO	Pricing	9	END	1395149894407
ACTION	Pricing	35	price	1395149874912	1395149874913	1395149894598	1395149894599	OK	 
SCENARIO	Pricing	35	END	1395149894600
ACTION	Pricing	3	price	1395149875106	1395149875107	1395149894805	1395149894805	OK	 
SCENARIO	Pricing	3	END	1395149894806
ACTION	Pricing	2	price	1395149875299	1395149875300	1395149895012	1395149895012	OK	 
SCENARIO	Pricing	2	END	1395149895013
ACTION	Pricing	74	price	1395149875495	1395149875495	1395149895211	1395149895211	OK	 
SCENARIO	Pricing	74	END	1395149895212
ACTION	Pricing	20	price	1395149875684	1395149875684	1395149895413	1395149895414	OK	 
SCENARIO	Pricing	20	END	1395149895415
ACTION	Pricing	59	price	1395149875874	1395149875874	1395149895614	1395149895614	OK	 
SCENARIO	Pricing	59	END	1395149895615
ACTION	Pricing	40	price	1395149876067	1395149876068	1395149895816	1395149895816	OK	 
SCENARIO	Pricing	40	END	1395149895817
ACTION	Pricing	26	price	1395149876257	1395149876258	1395149896009	1395149896009	OK	 
SCENARIO	Pricing	26	END	1395149896010
ACTION	Pricing	24	price	1395149876452	1395149876452	1395149896203	1395149896203	OK	 
SCENARIO	Pricing	24	END	1395149896204
ACTION	Pricing	45	price	1395149876651	1395149876651	1395149896406	1395149896406	OK	 
SCENARIO	Pricing	45	END	1395149896407
ACTION	Pricing	72	price	1395149876847	1395149876848	1395149896597	1395149896597	OK	 
SCENARIO	Pricing	72	END	1395149896598
ACTION	Pricing	68	price	1395149877060	1395149877061	1395149896793	1395149896793	OK	 
SCENARIO	Pricing	68	END	1395149896794
ACTION	Pricing	83	price	1395149877267	1395149877268	1395149897001	1395149897001	OK	 
SCENARIO	Pricing	83	END	1395149897002
ACTION	Pricing	56	price	1395149877469	1395149877469	1395149897192	1395149897192	OK	 
SCENARIO	Pricing	56	END	1395149897193
ACTION	Pricing	63	price	1395149877664	1395149877665	1395149897392	1395149897392	OK	 
SCENARIO	Pricing	63	END	1395149897393
ACTION	Pricing	41	price	1395149877864	1395149877864	1395149897589	1395149897590	OK	 
SCENARIO	Pricing	41	END	1395149897590
ACTION	Pricing	34	price	1395149878056	1395149878056	1395149897792	1395149897792	OK	 
SCENARIO	Pricing	34	END	1395149897793
ACTION	Pricing	95	price	1395149878256	1395149878257	1395149898007	1395149898007	OK	 
SCENARIO	Pricing	95	END	1395149898008
ACTION	Pricing	32	price	1395149878448	1395149878449	1395149898217	1395149898218	OK	 
SCENARIO	Pricing	32	END	1395149898219
ACTION	Pricing	21	price	1395149878641	1395149878641	1395149898388	1395149898388	OK	 
SCENARIO	Pricing	21	END	1395149898389
