RUN	20140318132139	pricingsimulation	pricingsimulation
SCENARIO	Pricing	65	START	1395148902378
SCENARIO	Pricing	92	START	1395148902382
SCENARIO	Pricing	10	START	1395148902382
SCENARIO	Pricing	13	START	1395148902382
SCENARIO	Pricing	1	START	1395148902382
SCENARIO	Pricing	18	START	1395148902383
SCENARIO	Pricing	49	START	1395148902383
SCENARIO	Pricing	12	START	1395148902383
SCENARIO	Pricing	7	START	1395148902391
SCENARIO	Pricing	50	START	1395148902391
SCENARIO	Pricing	16	START	1395148902391
SCENARIO	Pricing	36	START	1395148902391
SCENARIO	Pricing	32	START	1395148902391
SCENARIO	Pricing	62	START	1395148902391
SCENARIO	Pricing	22	START	1395148902391
SCENARIO	Pricing	4	START	1395148902392
SCENARIO	Pricing	69	START	1395148902392
SCENARIO	Pricing	94	START	1395148902392
SCENARIO	Pricing	43	START	1395148902392
SCENARIO	Pricing	14	START	1395148902392
SCENARIO	Pricing	26	START	1395148902392
SCENARIO	Pricing	66	START	1395148902392
SCENARIO	Pricing	30	START	1395148902392
SCENARIO	Pricing	41	START	1395148902392
SCENARIO	Pricing	70	START	1395148902392
SCENARIO	Pricing	88	START	1395148902392
SCENARIO	Pricing	39	START	1395148902392
SCENARIO	Pricing	54	START	1395148902392
SCENARIO	Pricing	24	START	1395148902392
SCENARIO	Pricing	80	START	1395148902392
SCENARIO	Pricing	78	START	1395148902393
SCENARIO	Pricing	3	START	1395148902393
SCENARIO	Pricing	85	START	1395148902393
SCENARIO	Pricing	27	START	1395148902393
SCENARIO	Pricing	63	START	1395148902393
SCENARIO	Pricing	38	START	1395148902393
SCENARIO	Pricing	52	START	1395148902393
SCENARIO	Pricing	21	START	1395148902393
SCENARIO	Pricing	71	START	1395148902393
SCENARIO	Pricing	93	START	1395148902393
SCENARIO	Pricing	2	START	1395148902393
SCENARIO	Pricing	72	START	1395148902393
SCENARIO	Pricing	8	START	1395148902393
SCENARIO	Pricing	86	START	1395148902393
SCENARIO	Pricing	33	START	1395148902393
SCENARIO	Pricing	15	START	1395148902394
SCENARIO	Pricing	47	START	1395148902394
SCENARIO	Pricing	34	START	1395148902394
SCENARIO	Pricing	76	START	1395148902394
SCENARIO	Pricing	91	START	1395148902394
SCENARIO	Pricing	45	START	1395148902394
SCENARIO	Pricing	46	START	1395148902394
SCENARIO	Pricing	31	START	1395148902394
SCENARIO	Pricing	28	START	1395148902394
SCENARIO	Pricing	19	START	1395148902394
SCENARIO	Pricing	64	START	1395148902394
SCENARIO	Pricing	55	START	1395148902394
SCENARIO	Pricing	40	START	1395148902394
SCENARIO	Pricing	59	START	1395148902394
SCENARIO	Pricing	89	START	1395148902394
SCENARIO	Pricing	97	START	1395148902395
SCENARIO	Pricing	42	START	1395148902395
SCENARIO	Pricing	6	START	1395148902395
SCENARIO	Pricing	98	START	1395148902395
SCENARIO	Pricing	29	START	1395148902395
SCENARIO	Pricing	60	START	1395148902395
SCENARIO	Pricing	96	START	1395148902395
SCENARIO	Pricing	48	START	1395148902395
SCENARIO	Pricing	95	START	1395148902395
SCENARIO	Pricing	58	START	1395148902395
SCENARIO	Pricing	20	START	1395148902395
SCENARIO	Pricing	73	START	1395148902395
SCENARIO	Pricing	53	START	1395148902395
SCENARIO	Pricing	17	START	1395148902395
SCENARIO	Pricing	68	START	1395148902395
SCENARIO	Pricing	75	START	1395148902395
SCENARIO	Pricing	87	START	1395148902396
SCENARIO	Pricing	56	START	1395148902396
SCENARIO	Pricing	90	START	1395148902396
SCENARIO	Pricing	83	START	1395148902396
SCENARIO	Pricing	100	START	1395148902396
SCENARIO	Pricing	79	START	1395148902396
SCENARIO	Pricing	81	START	1395148902396
SCENARIO	Pricing	57	START	1395148902396
SCENARIO	Pricing	23	START	1395148902396
SCENARIO	Pricing	84	START	1395148902396
SCENARIO	Pricing	37	START	1395148902396
SCENARIO	Pricing	77	START	1395148902396
SCENARIO	Pricing	74	START	1395148902396
SCENARIO	Pricing	9	START	1395148902396
SCENARIO	Pricing	25	START	1395148902397
SCENARIO	Pricing	5	START	1395148902397
SCENARIO	Pricing	61	START	1395148902397
SCENARIO	Pricing	82	START	1395148902397
SCENARIO	Pricing	35	START	1395148902397
SCENARIO	Pricing	11	START	1395148902397
SCENARIO	Pricing	99	START	1395148902397
SCENARIO	Pricing	44	START	1395148902397
SCENARIO	Pricing	67	START	1395148902397
SCENARIO	Pricing	51	START	1395148902397
ACTION	Pricing	70	price	1395148902583	1395148902621	1395148904401	1395148904401	OK	 
ACTION	Pricing	3	price	1395148902607	1395148902618	1395148904345	1395148904381	OK	 
ACTION	Pricing	52	price	1395148902651	1395148902655	1395148904557	1395148904558	OK	 
ACTION	Pricing	87	price	1395148902781	1395148902791	1395148904662	1395148904662	OK	 
ACTION	Pricing	39	price	1395148902587	1395148902618	1395148904773	1395148904773	OK	 
ACTION	Pricing	65	price	1395148902473	1395148902550	1395148904876	1395148904876	OK	 
ACTION	Pricing	55	price	1395148902736	1395148902739	1395148904981	1395148904981	OK	 
ACTION	Pricing	84	price	1395148902802	1395148902804	1395148905080	1395148905080	OK	 
ACTION	Pricing	36	price	1395148902517	1395148902608	1395148905187	1395148905187	OK	 
ACTION	Pricing	62	price	1395148902531	1395148902611	1395148905314	1395148905315	OK	 
ACTION	Pricing	93	price	1395148902658	1395148902667	1395148905434	1395148905434	OK	 
ACTION	Pricing	27	price	1395148902621	1395148902649	1395148905536	1395148905537	OK	 
ACTION	Pricing	24	price	1395148902591	1395148902621	1395148905642	1395148905642	OK	 
ACTION	Pricing	14	price	1395148902574	1395148902615	1395148905744	1395148905744	OK	 
ACTION	Pricing	6	price	1395148902748	1395148902754	1395148905843	1395148905844	OK	 
ACTION	Pricing	23	price	1395148902800	1395148902802	1395148905943	1395148905944	OK	 
ACTION	Pricing	90	price	1395148902784	1395148902789	1395148906040	1395148906041	OK	 
ACTION	Pricing	72	price	1395148902661	1395148902670	1395148906148	1395148906148	OK	 
ACTION	Pricing	31	price	1395148902728	1395148902730	1395148906244	1395148906244	OK	 
ACTION	Pricing	71	price	1395148902657	1395148902664	1395148906346	1395148906347	OK	 
ACTION	Pricing	92	price	1395148902481	1395148902535	1395148906454	1395148906454	OK	 
ACTION	Pricing	5	price	1395148902817	1395148902817	1395148906556	1395148906556	OK	 
ACTION	Pricing	73	price	1395148902769	1395148902772	1395148906665	1395148906666	OK	 
ACTION	Pricing	42	price	1395148902748	1395148902752	1395148906776	1395148906776	OK	 
ACTION	Pricing	47	price	1395148902691	1395148902697	1395148906891	1395148906891	OK	 
ACTION	Pricing	58	price	1395148902763	1395148902767	1395148907011	1395148907011	OK	 
ACTION	Pricing	48	price	1395148902760	1395148902764	1395148907128	1395148907128	OK	 
ACTION	Pricing	100	price	1395148902794	1395148902796	1395148907249	1395148907250	OK	 
ACTION	Pricing	94	price	1395148902570	1395148902614	1395148907370	1395148907370	OK	 
ACTION	Pricing	20	price	1395148902766	1395148902770	1395148907481	1395148907481	OK	 
ACTION	Pricing	96	price	1395148902759	1395148902761	1395148907582	1395148907582	OK	 
ACTION	Pricing	60	price	1395148902759	1395148902762	1395148907686	1395148907686	OK	 
ACTION	Pricing	12	price	1395148902499	1395148902532	1395148907791	1395148907791	OK	 
ACTION	Pricing	25	price	1395148902815	1395148902818	1395148907896	1395148907896	OK	 
ACTION	Pricing	33	price	1395148902683	1395148902687	1395148908001	1395148908001	OK	 
ACTION	Pricing	17	price	1395148902772	1395148902777	1395148908109	1395148908109	OK	 
ACTION	Pricing	11	price	1395148902829	1395148902829	1395148908232	1395148908232	OK	 
ACTION	Pricing	16	price	1395148902511	1395148902607	1395148908343	1395148908344	OK	 
ACTION	Pricing	40	price	1395148902738	1395148902742	1395148908456	1395148908456	OK	 
ACTION	Pricing	7	price	1395148902499	1395148902531	1395148908592	1395148908592	OK	 
ACTION	Pricing	98	price	1395148902753	1395148902756	1395148908711	1395148908712	OK	 
ACTION	Pricing	78	price	1395148902607	1395148902619	1395148908820	1395148908820	OK	 
ACTION	Pricing	8	price	1395148902670	1395148902676	1395148908927	1395148908928	OK	 
ACTION	Pricing	67	price	1395148902837	1395148902837	1395148909026	1395148909027	OK	 
ACTION	Pricing	35	price	1395148902821	1395148902823	1395148909131	1395148909132	OK	 
ACTION	Pricing	45	price	1395148902722	1395148902727	1395148909233	1395148909233	OK	 
ACTION	Pricing	22	price	1395148902544	1395148902613	1395148909338	1395148909338	OK	 
ACTION	Pricing	30	price	1395148902580	1395148902618	1395148909444	1395148909444	OK	 
ACTION	Pricing	85	price	1395148902613	1395148902625	1395148909552	1395148909552	OK	 
ACTION	Pricing	26	price	1395148902577	1395148902620	1395148909664	1395148909664	OK	 
ACTION	Pricing	88	price	1395148902585	1395148902616	1395148909776	1395148909776	OK	 
ACTION	Pricing	18	price	1395148902484	1395148902551	1395148909897	1395148909898	OK	 
ACTION	Pricing	41	price	1395148902582	1395148902615	1395148910016	1395148910017	OK	 
ACTION	Pricing	81	price	1395148902796	1395148902799	1395148910136	1395148910136	OK	 
ACTION	Pricing	68	price	1395148902778	1395148902780	1395148910262	1395148910263	OK	 
ACTION	Pricing	50	price	1395148902502	1395148902575	1395148910383	1395148910383	OK	 
ACTION	Pricing	75	price	1395148902780	1395148902788	1395148910502	1395148910503	OK	 
ACTION	Pricing	29	price	1395148902756	1395148902759	1395148910622	1395148910622	OK	 
ACTION	Pricing	57	price	1395148902797	1395148902799	1395148910742	1395148910742	OK	 
ACTION	Pricing	69	price	1395148902547	1395148902611	1395148910859	1395148910859	OK	 
ACTION	Pricing	83	price	1395148902784	1395148902791	1395148910977	1395148910977	OK	 
ACTION	Pricing	74	price	1395148902809	1395148902811	1395148911099	1395148911100	OK	 
ACTION	Pricing	13	price	1395148902481	1395148902554	1395148911217	1395148911217	OK	 
ACTION	Pricing	9	price	1395148902812	1395148902815	1395148911344	1395148911345	OK	 
ACTION	Pricing	79	price	1395148902794	1395148902795	1395148911461	1395148911461	OK	 
ACTION	Pricing	49	price	1395148902491	1395148902554	1395148911579	1395148911580	OK	 
ACTION	Pricing	66	price	1395148902578	1395148902615	1395148911705	1395148911705	OK	 
ACTION	Pricing	46	price	1395148902724	1395148902727	1395148911825	1395148911825	OK	 
ACTION	Pricing	2	price	1395148902659	1395148902667	1395148911943	1395148911943	OK	 
ACTION	Pricing	95	price	1395148902762	1395148902765	1395148912066	1395148912067	OK	 
ACTION	Pricing	91	price	1395148902711	1395148902726	1395148912190	1395148912191	OK	 
ACTION	Pricing	82	price	1395148902821	1395148902825	1395148912312	1395148912312	OK	 
ACTION	Pricing	86	price	1395148902677	1395148902682	1395148912430	1395148912430	OK	 
ACTION	Pricing	59	price	1395148902743	1395148902743	1395148912542	1395148912542	OK	 
ACTION	Pricing	99	price	1395148902829	1395148902831	1395148912658	1395148912658	OK	 
ACTION	Pricing	1	price	1395148902482	1395148902555	1395148912779	1395148912779	OK	 
ACTION	Pricing	43	price	1395148902572	1395148902617	1395148912891	1395148912892	OK	 
ACTION	Pricing	34	price	1395148902694	1395148902699	1395148912999	1395148913000	OK	 
ACTION	Pricing	21	price	1395148902655	1395148902661	1395148913103	1395148913103	OK	 
ACTION	Pricing	54	price	1395148902589	1395148902616	1395148913210	1395148913210	OK	 
ACTION	Pricing	10	price	1395148902481	1395148902532	1395148913318	1395148913318	OK	 
ACTION	Pricing	19	price	1395148902733	1395148902735	1395148913423	1395148913423	OK	 
ACTION	Pricing	44	price	1395148902832	1395148902834	1395148913527	1395148913527	OK	 
ACTION	Pricing	77	price	1395148902806	1395148902808	1395148913634	1395148913634	OK	 
ACTION	Pricing	15	price	1395148902686	1395148902693	1395148913744	1395148913744	OK	 
ACTION	Pricing	28	price	1395148902730	1395148902732	1395148913859	1395148913860	OK	 
ACTION	Pricing	37	price	1395148902804	1395148902806	1395148913972	1395148913972	OK	 
ACTION	Pricing	4	price	1395148902545	1395148902613	1395148914086	1395148914086	OK	 
ACTION	Pricing	51	price	1395148902839	1395148902841	1395148914205	1395148914205	OK	 
ACTION	Pricing	89	price	1395148902743	1395148902746	1395148914334	1395148914335	OK	 
ACTION	Pricing	97	price	1395148902744	1395148902746	1395148914444	1395148914445	OK	 
ACTION	Pricing	64	price	1395148902735	1395148902737	1395148914560	1395148914561	OK	 
ACTION	Pricing	76	price	1395148902696	1395148902711	1395148914681	1395148914681	OK	 
ACTION	Pricing	61	price	1395148902818	1395148902821	1395148914803	1395148914804	OK	 
ACTION	Pricing	38	price	1395148902650	1395148902655	1395148914924	1395148914924	OK	 
ACTION	Pricing	32	price	1395148902517	1395148902596	1395148915045	1395148915046	OK	 
ACTION	Pricing	63	price	1395148902634	1395148902641	1395148915163	1395148915163	OK	 
ACTION	Pricing	56	price	1395148902783	1395148902790	1395148915277	1395148915277	OK	 
ACTION	Pricing	53	price	1395148902771	1395148902773	1395148915394	1395148915394	OK	 
ACTION	Pricing	80	price	1395148902592	1395148902622	1395148915518	1395148915518	OK	 
ACTION	Pricing	70	price	1395148904486	1395148904488	1395148915639	1395148915639	OK	 
ACTION	Pricing	3	price	1395148904489	1395148904490	1395148915763	1395148915763	OK	 
ACTION	Pricing	52	price	1395148904578	1395148904581	1395148915887	1395148915887	OK	 
ACTION	Pricing	87	price	1395148904664	1395148904665	1395148916008	1395148916009	OK	 
ACTION	Pricing	39	price	1395148904775	1395148904776	1395148916137	1395148916137	OK	 
ACTION	Pricing	65	price	1395148904881	1395148904881	1395148916258	1395148916258	OK	 
ACTION	Pricing	55	price	1395148904987	1395148904987	1395148916374	1395148916374	OK	 
ACTION	Pricing	84	price	1395148905084	1395148905084	1395148916494	1395148916494	OK	 
ACTION	Pricing	36	price	1395148905189	1395148905190	1395148916616	1395148916617	OK	 
ACTION	Pricing	62	price	1395148905317	1395148905318	1395148916743	1395148916743	OK	 
ACTION	Pricing	93	price	1395148905439	1395148905439	1395148916860	1395148916860	OK	 
ACTION	Pricing	27	price	1395148905541	1395148905541	1395148916971	1395148916971	OK	 
ACTION	Pricing	24	price	1395148905644	1395148905646	1395148917074	1395148917074	OK	 
ACTION	Pricing	14	price	1395148905747	1395148905747	1395148917177	1395148917177	OK	 
ACTION	Pricing	6	price	1395148905848	1395148905848	1395148917279	1395148917280	OK	 
ACTION	Pricing	23	price	1395148905947	1395148905948	1395148917376	1395148917376	OK	 
ACTION	Pricing	90	price	1395148906043	1395148906044	1395148917478	1395148917479	OK	 
ACTION	Pricing	72	price	1395148906151	1395148906152	1395148917577	1395148917578	OK	 
ACTION	Pricing	31	price	1395148906247	1395148906248	1395148917674	1395148917674	OK	 
ACTION	Pricing	71	price	1395148906353	1395148906353	1395148917773	1395148917773	OK	 
ACTION	Pricing	92	price	1395148906456	1395148906457	1395148917874	1395148917875	OK	 
ACTION	Pricing	5	price	1395148906558	1395148906559	1395148917979	1395148917979	OK	 
ACTION	Pricing	73	price	1395148906670	1395148906671	1395148918090	1395148918091	OK	 
ACTION	Pricing	42	price	1395148906778	1395148906780	1395148918195	1395148918195	OK	 
ACTION	Pricing	47	price	1395148906893	1395148906895	1395148918297	1395148918297	OK	 
ACTION	Pricing	58	price	1395148907013	1395148907015	1395148918399	1395148918400	OK	 
ACTION	Pricing	48	price	1395148907130	1395148907132	1395148918501	1395148918501	OK	 
ACTION	Pricing	100	price	1395148907252	1395148907254	1395148918603	1395148918603	OK	 
ACTION	Pricing	94	price	1395148907374	1395148907375	1395148918709	1395148918709	OK	 
ACTION	Pricing	20	price	1395148907483	1395148907485	1395148918879	1395148918879	OK	 
ACTION	Pricing	96	price	1395148907584	1395148907586	1395148918985	1395148918985	OK	 
ACTION	Pricing	60	price	1395148907688	1395148907690	1395148919092	1395148919092	OK	 
ACTION	Pricing	12	price	1395148907793	1395148907794	1395148919204	1395148919204	OK	 
ACTION	Pricing	25	price	1395148907900	1395148907900	1395148919320	1395148919321	OK	 
ACTION	Pricing	33	price	1395148908003	1395148908004	1395148919442	1395148919442	OK	 
ACTION	Pricing	17	price	1395148908113	1395148908114	1395148919552	1395148919553	OK	 
ACTION	Pricing	11	price	1395148908234	1395148908236	1395148919659	1395148919659	OK	 
ACTION	Pricing	16	price	1395148908348	1395148908348	1395148919766	1395148919767	OK	 
ACTION	Pricing	40	price	1395148908459	1395148908461	1395148919878	1395148919878	OK	 
ACTION	Pricing	7	price	1395148908598	1395148908598	1395148919990	1395148919990	OK	 
ACTION	Pricing	98	price	1395148908714	1395148908714	1395148920101	1395148920101	OK	 
ACTION	Pricing	78	price	1395148908822	1395148908823	1395148920218	1395148920219	OK	 
ACTION	Pricing	8	price	1395148908930	1395148908931	1395148920352	1395148920353	OK	 
ACTION	Pricing	67	price	1395148909028	1395148909029	1395148920473	1395148920473	OK	 
ACTION	Pricing	35	price	1395148909134	1395148909135	1395148920600	1395148920601	OK	 
ACTION	Pricing	45	price	1395148909235	1395148909236	1395148920726	1395148920726	OK	 
ACTION	Pricing	22	price	1395148909340	1395148909341	1395148920852	1395148920853	OK	 
ACTION	Pricing	30	price	1395148909446	1395148909447	1395148920973	1395148920973	OK	 
ACTION	Pricing	85	price	1395148909554	1395148909555	1395148921096	1395148921096	OK	 
ACTION	Pricing	26	price	1395148909666	1395148909667	1395148921226	1395148921226	OK	 
ACTION	Pricing	88	price	1395148909781	1395148909782	1395148921339	1395148921340	OK	 
ACTION	Pricing	18	price	1395148909900	1395148909901	1395148921465	1395148921465	OK	 
ACTION	Pricing	41	price	1395148910019	1395148910019	1395148921585	1395148921585	OK	 
ACTION	Pricing	81	price	1395148910139	1395148910140	1395148921715	1395148921715	OK	 
ACTION	Pricing	68	price	1395148910265	1395148910266	1395148921841	1395148921842	OK	 
ACTION	Pricing	50	price	1395148910385	1395148910386	1395148921961	1395148921961	OK	 
ACTION	Pricing	75	price	1395148910505	1395148910506	1395148922084	1395148922084	OK	 
ACTION	Pricing	29	price	1395148910624	1395148910625	1395148922203	1395148922203	OK	 
ACTION	Pricing	57	price	1395148910744	1395148910745	1395148922324	1395148922325	OK	 
ACTION	Pricing	69	price	1395148910862	1395148910863	1395148922447	1395148922448	OK	 
ACTION	Pricing	83	price	1395148910979	1395148910980	1395148922578	1395148922578	OK	 
ACTION	Pricing	74	price	1395148911102	1395148911103	1395148922705	1395148922706	OK	 
ACTION	Pricing	13	price	1395148911220	1395148911221	1395148922823	1395148922823	OK	 
ACTION	Pricing	9	price	1395148911347	1395148911348	1395148922932	1395148922933	OK	 
ACTION	Pricing	79	price	1395148911463	1395148911464	1395148923049	1395148923049	OK	 
ACTION	Pricing	49	price	1395148911582	1395148911582	1395148923157	1395148923157	OK	 
ACTION	Pricing	66	price	1395148911708	1395148911709	1395148923259	1395148923259	OK	 
ACTION	Pricing	46	price	1395148911828	1395148911828	1395148923367	1395148923367	OK	 
ACTION	Pricing	2	price	1395148911945	1395148911946	1395148923478	1395148923478	OK	 
ACTION	Pricing	95	price	1395148912069	1395148912070	1395148923586	1395148923587	OK	 
ACTION	Pricing	91	price	1395148912193	1395148912194	1395148923691	1395148923691	OK	 
ACTION	Pricing	82	price	1395148912315	1395148912316	1395148923792	1395148923792	OK	 
ACTION	Pricing	86	price	1395148912432	1395148912433	1395148923895	1395148923895	OK	 
ACTION	Pricing	59	price	1395148912544	1395148912545	1395148923998	1395148923998	OK	 
ACTION	Pricing	99	price	1395148912661	1395148912661	1395148924106	1395148924107	OK	 
ACTION	Pricing	1	price	1395148912781	1395148912782	1395148924228	1395148924228	OK	 
ACTION	Pricing	43	price	1395148912894	1395148912895	1395148924349	1395148924350	OK	 
ACTION	Pricing	34	price	1395148913002	1395148913003	1395148924468	1395148924468	OK	 
ACTION	Pricing	21	price	1395148913105	1395148913106	1395148924589	1395148924590	OK	 
ACTION	Pricing	54	price	1395148913212	1395148913213	1395148924710	1395148924710	OK	 
ACTION	Pricing	10	price	1395148913320	1395148913321	1395148924832	1395148924833	OK	 
ACTION	Pricing	19	price	1395148913425	1395148913426	1395148924954	1395148924955	OK	 
ACTION	Pricing	44	price	1395148913530	1395148913530	1395148925089	1395148925090	OK	 
ACTION	Pricing	77	price	1395148913637	1395148913637	1395148925218	1395148925219	OK	 
ACTION	Pricing	15	price	1395148913746	1395148913747	1395148925343	1395148925344	OK	 
ACTION	Pricing	28	price	1395148913862	1395148913863	1395148925473	1395148925474	OK	 
ACTION	Pricing	37	price	1395148913974	1395148913975	1395148925609	1395148925610	OK	 
ACTION	Pricing	4	price	1395148914088	1395148914089	1395148925746	1395148925746	OK	 
ACTION	Pricing	51	price	1395148914207	1395148914208	1395148925894	1395148925894	OK	 
ACTION	Pricing	89	price	1395148914337	1395148914338	1395148926053	1395148926053	OK	 
ACTION	Pricing	97	price	1395148914447	1395148914448	1395148926182	1395148926183	OK	 
ACTION	Pricing	64	price	1395148914563	1395148914564	1395148926317	1395148926317	OK	 
ACTION	Pricing	76	price	1395148914684	1395148914685	1395148926449	1395148926449	OK	 
ACTION	Pricing	61	price	1395148914806	1395148914806	1395148926581	1395148926581	OK	 
ACTION	Pricing	38	price	1395148914926	1395148914927	1395148926714	1395148926714	OK	 
ACTION	Pricing	32	price	1395148915047	1395148915048	1395148926850	1395148926851	OK	 
ACTION	Pricing	63	price	1395148915165	1395148915166	1395148926979	1395148926979	OK	 
ACTION	Pricing	56	price	1395148915279	1395148915280	1395148927102	1395148927103	OK	 
ACTION	Pricing	53	price	1395148915397	1395148915397	1395148927218	1395148927219	OK	 
ACTION	Pricing	80	price	1395148915520	1395148915521	1395148927325	1395148927325	OK	 
ACTION	Pricing	70	price	1395148915641	1395148915642	1395148927441	1395148927441	OK	 
ACTION	Pricing	3	price	1395148915766	1395148915766	1395148927551	1395148927552	OK	 
ACTION	Pricing	52	price	1395148915889	1395148915890	1395148927660	1395148927661	OK	 
ACTION	Pricing	87	price	1395148916012	1395148916013	1395148927775	1395148927775	OK	 
ACTION	Pricing	39	price	1395148916139	1395148916140	1395148927917	1395148927917	OK	 
ACTION	Pricing	65	price	1395148916260	1395148916261	1395148928036	1395148928036	OK	 
ACTION	Pricing	55	price	1395148916377	1395148916378	1395148928153	1395148928154	OK	 
ACTION	Pricing	84	price	1395148916496	1395148916497	1395148928277	1395148928277	OK	 
ACTION	Pricing	36	price	1395148916619	1395148916619	1395148928397	1395148928397	OK	 
ACTION	Pricing	62	price	1395148916746	1395148916747	1395148928506	1395148928506	OK	 
ACTION	Pricing	93	price	1395148916862	1395148916863	1395148928618	1395148928618	OK	 
ACTION	Pricing	27	price	1395148916973	1395148916973	1395148928738	1395148928738	OK	 
ACTION	Pricing	24	price	1395148917076	1395148917076	1395148928860	1395148928861	OK	 
ACTION	Pricing	14	price	1395148917179	1395148917180	1395148928980	1395148928981	OK	 
ACTION	Pricing	6	price	1395148917282	1395148917282	1395148929092	1395148929092	OK	 
ACTION	Pricing	23	price	1395148917378	1395148917379	1395148929197	1395148929197	OK	 
ACTION	Pricing	90	price	1395148917481	1395148917481	1395148929315	1395148929315	OK	 
ACTION	Pricing	72	price	1395148917579	1395148917580	1395148929418	1395148929419	OK	 
ACTION	Pricing	31	price	1395148917676	1395148917677	1395148929530	1395148929530	OK	 
ACTION	Pricing	71	price	1395148917775	1395148917775	1395148929642	1395148929643	OK	 
ACTION	Pricing	92	price	1395148917876	1395148917877	1395148929746	1395148929746	OK	 
ACTION	Pricing	5	price	1395148917981	1395148917982	1395148929852	1395148929852	OK	 
ACTION	Pricing	73	price	1395148918093	1395148918094	1395148929967	1395148929968	OK	 
ACTION	Pricing	42	price	1395148918197	1395148918197	1395148930076	1395148930076	OK	 
ACTION	Pricing	47	price	1395148918299	1395148918300	1395148930186	1395148930186	OK	 
ACTION	Pricing	58	price	1395148918402	1395148918402	1395148930294	1395148930295	OK	 
ACTION	Pricing	48	price	1395148918503	1395148918504	1395148930397	1395148930397	OK	 
ACTION	Pricing	100	price	1395148918605	1395148918606	1395148930500	1395148930500	OK	 
ACTION	Pricing	94	price	1395148918711	1395148918712	1395148930604	1395148930605	OK	 
ACTION	Pricing	20	price	1395148918881	1395148918882	1395148930707	1395148930708	OK	 
ACTION	Pricing	96	price	1395148918987	1395148918987	1395148930815	1395148930815	OK	 
ACTION	Pricing	60	price	1395148919094	1395148919095	1395148930922	1395148930922	OK	 
ACTION	Pricing	12	price	1395148919206	1395148919207	1395148931029	1395148931030	OK	 
ACTION	Pricing	25	price	1395148919322	1395148919323	1395148931137	1395148931137	OK	 
ACTION	Pricing	33	price	1395148919444	1395148919445	1395148931242	1395148931242	OK	 
ACTION	Pricing	17	price	1395148919555	1395148919555	1395148931344	1395148931344	OK	 
ACTION	Pricing	11	price	1395148919661	1395148919662	1395148931449	1395148931449	OK	 
ACTION	Pricing	16	price	1395148919768	1395148919769	1395148931552	1395148931553	OK	 
ACTION	Pricing	40	price	1395148919880	1395148919881	1395148931659	1395148931660	OK	 
ACTION	Pricing	7	price	1395148919992	1395148919993	1395148931766	1395148931766	OK	 
ACTION	Pricing	98	price	1395148920103	1395148920104	1395148931878	1395148931878	OK	 
ACTION	Pricing	78	price	1395148920221	1395148920222	1395148931993	1395148931994	OK	 
ACTION	Pricing	8	price	1395148920355	1395148920356	1395148932105	1395148932105	OK	 
ACTION	Pricing	67	price	1395148920475	1395148920476	1395148932229	1395148932230	OK	 
ACTION	Pricing	35	price	1395148920603	1395148920604	1395148932331	1395148932331	OK	 
ACTION	Pricing	45	price	1395148920729	1395148920730	1395148932439	1395148932439	OK	 
SCENARIO	Pricing	45	END	1395148932440
ACTION	Pricing	22	price	1395148920854	1395148920855	1395148932542	1395148932543	OK	 
SCENARIO	Pricing	22	END	1395148932544
ACTION	Pricing	30	price	1395148920975	1395148920976	1395148932646	1395148932646	OK	 
SCENARIO	Pricing	30	END	1395148932647
ACTION	Pricing	85	price	1395148921103	1395148921104	1395148932754	1395148932754	OK	 
SCENARIO	Pricing	85	END	1395148932755
ACTION	Pricing	26	price	1395148921230	1395148921231	1395148932858	1395148932858	OK	 
SCENARIO	Pricing	26	END	1395148932859
ACTION	Pricing	88	price	1395148921342	1395148921342	1395148932965	1395148932965	OK	 
SCENARIO	Pricing	88	END	1395148932966
ACTION	Pricing	18	price	1395148921468	1395148921469	1395148933079	1395148933079	OK	 
SCENARIO	Pricing	18	END	1395148933080
ACTION	Pricing	41	price	1395148921587	1395148921588	1395148933191	1395148933191	OK	 
SCENARIO	Pricing	41	END	1395148933193
ACTION	Pricing	81	price	1395148921717	1395148921717	1395148933298	1395148933298	OK	 
SCENARIO	Pricing	81	END	1395148933299
ACTION	Pricing	68	price	1395148921843	1395148921844	1395148933407	1395148933407	OK	 
SCENARIO	Pricing	68	END	1395148933408
ACTION	Pricing	50	price	1395148921963	1395148921964	1395148933513	1395148933513	OK	 
SCENARIO	Pricing	50	END	1395148933514
ACTION	Pricing	75	price	1395148922086	1395148922087	1395148933618	1395148933618	OK	 
SCENARIO	Pricing	75	END	1395148933619
ACTION	Pricing	29	price	1395148922206	1395148922206	1395148933721	1395148933722	OK	 
SCENARIO	Pricing	29	END	1395148933722
ACTION	Pricing	57	price	1395148922327	1395148922328	1395148933826	1395148933826	OK	 
SCENARIO	Pricing	57	END	1395148933827
ACTION	Pricing	69	price	1395148922449	1395148922451	1395148933935	1395148933935	OK	 
SCENARIO	Pricing	69	END	1395148933935
ACTION	Pricing	83	price	1395148922580	1395148922581	1395148934044	1395148934044	OK	 
SCENARIO	Pricing	83	END	1395148934045
ACTION	Pricing	74	price	1395148922708	1395148922709	1395148934151	1395148934152	OK	 
SCENARIO	Pricing	74	END	1395148934152
ACTION	Pricing	13	price	1395148922825	1395148922826	1395148934261	1395148934262	OK	 
SCENARIO	Pricing	13	END	1395148934263
ACTION	Pricing	9	price	1395148922936	1395148922937	1395148934373	1395148934373	OK	 
SCENARIO	Pricing	9	END	1395148934374
ACTION	Pricing	79	price	1395148923051	1395148923057	1395148934477	1395148934478	OK	 
SCENARIO	Pricing	79	END	1395148934479
ACTION	Pricing	49	price	1395148923161	1395148923161	1395148934582	1395148934583	OK	 
SCENARIO	Pricing	49	END	1395148934584
ACTION	Pricing	66	price	1395148923261	1395148923262	1395148934686	1395148934686	OK	 
SCENARIO	Pricing	66	END	1395148934687
ACTION	Pricing	46	price	1395148923372	1395148923372	1395148934789	1395148934790	OK	 
SCENARIO	Pricing	46	END	1395148934790
ACTION	Pricing	2	price	1395148923481	1395148923482	1395148934957	1395148934958	OK	 
SCENARIO	Pricing	2	END	1395148934959
ACTION	Pricing	95	price	1395148923589	1395148923590	1395148935094	1395148935094	OK	 
SCENARIO	Pricing	95	END	1395148935095
ACTION	Pricing	91	price	1395148923693	1395148923694	1395148935213	1395148935213	OK	 
SCENARIO	Pricing	91	END	1395148935214
ACTION	Pricing	82	price	1395148923794	1395148923794	1395148935320	1395148935320	OK	 
SCENARIO	Pricing	82	END	1395148935321
ACTION	Pricing	86	price	1395148923897	1395148923898	1395148935424	1395148935424	OK	 
SCENARIO	Pricing	86	END	1395148935425
ACTION	Pricing	59	price	1395148924000	1395148924001	1395148935526	1395148935527	OK	 
SCENARIO	Pricing	59	END	1395148935528
ACTION	Pricing	99	price	1395148924109	1395148924110	1395148935630	1395148935631	OK	 
SCENARIO	Pricing	99	END	1395148935631
ACTION	Pricing	1	price	1395148924232	1395148924232	1395148935735	1395148935735	OK	 
SCENARIO	Pricing	1	END	1395148935736
ACTION	Pricing	43	price	1395148924352	1395148924353	1395148935844	1395148935845	OK	 
SCENARIO	Pricing	43	END	1395148935846
ACTION	Pricing	34	price	1395148924470	1395148924471	1395148935950	1395148935950	OK	 
SCENARIO	Pricing	34	END	1395148935951
ACTION	Pricing	21	price	1395148924593	1395148924593	1395148936054	1395148936054	OK	 
SCENARIO	Pricing	21	END	1395148936056
ACTION	Pricing	54	price	1395148924712	1395148924713	1395148936160	1395148936160	OK	 
SCENARIO	Pricing	54	END	1395148936161
ACTION	Pricing	10	price	1395148924835	1395148924836	1395148936265	1395148936266	OK	 
SCENARIO	Pricing	10	END	1395148936267
ACTION	Pricing	19	price	1395148924957	1395148924958	1395148936379	1395148936379	OK	 
SCENARIO	Pricing	19	END	1395148936380
ACTION	Pricing	44	price	1395148925092	1395148925093	1395148936493	1395148936493	OK	 
SCENARIO	Pricing	44	END	1395148936494
ACTION	Pricing	77	price	1395148925221	1395148925221	1395148936601	1395148936601	OK	 
SCENARIO	Pricing	77	END	1395148936602
ACTION	Pricing	15	price	1395148925346	1395148925346	1395148936710	1395148936710	OK	 
SCENARIO	Pricing	15	END	1395148936711
ACTION	Pricing	28	price	1395148925476	1395148925476	1395148936822	1395148936822	OK	 
SCENARIO	Pricing	28	END	1395148936823
ACTION	Pricing	37	price	1395148925612	1395148925613	1395148936934	1395148936935	OK	 
SCENARIO	Pricing	37	END	1395148936936
ACTION	Pricing	4	price	1395148925750	1395148925750	1395148937048	1395148937048	OK	 
SCENARIO	Pricing	4	END	1395148937049
ACTION	Pricing	51	price	1395148925896	1395148925897	1395148937163	1395148937164	OK	 
SCENARIO	Pricing	51	END	1395148937165
ACTION	Pricing	89	price	1395148926055	1395148926056	1395148937276	1395148937276	OK	 
SCENARIO	Pricing	89	END	1395148937277
ACTION	Pricing	97	price	1395148926185	1395148926186	1395148937389	1395148937389	OK	 
SCENARIO	Pricing	97	END	1395148937390
ACTION	Pricing	64	price	1395148926320	1395148926320	1395148937493	1395148937494	OK	 
SCENARIO	Pricing	64	END	1395148937494
ACTION	Pricing	76	price	1395148926451	1395148926452	1395148937607	1395148937607	OK	 
SCENARIO	Pricing	76	END	1395148937608
ACTION	Pricing	61	price	1395148926584	1395148926584	1395148937709	1395148937710	OK	 
SCENARIO	Pricing	61	END	1395148937711
ACTION	Pricing	38	price	1395148926716	1395148926717	1395148937818	1395148937818	OK	 
SCENARIO	Pricing	38	END	1395148937819
ACTION	Pricing	32	price	1395148926853	1395148926854	1395148937923	1395148937924	OK	 
SCENARIO	Pricing	32	END	1395148937925
ACTION	Pricing	63	price	1395148926981	1395148926982	1395148938035	1395148938036	OK	 
SCENARIO	Pricing	63	END	1395148938037
ACTION	Pricing	56	price	1395148927105	1395148927106	1395148938150	1395148938150	OK	 
SCENARIO	Pricing	56	END	1395148938151
ACTION	Pricing	53	price	1395148927221	1395148927221	1395148938259	1395148938259	OK	 
SCENARIO	Pricing	53	END	1395148938260
ACTION	Pricing	80	price	1395148927327	1395148927328	1395148938370	1395148938370	OK	 
SCENARIO	Pricing	80	END	1395148938371
ACTION	Pricing	70	price	1395148927444	1395148927445	1395148938485	1395148938486	OK	 
SCENARIO	Pricing	70	END	1395148938487
ACTION	Pricing	3	price	1395148927554	1395148927555	1395148938595	1395148938596	OK	 
SCENARIO	Pricing	3	END	1395148938596
ACTION	Pricing	52	price	1395148927663	1395148927664	1395148938708	1395148938708	OK	 
SCENARIO	Pricing	52	END	1395148938709
ACTION	Pricing	87	price	1395148927778	1395148927778	1395148938826	1395148938826	OK	 
SCENARIO	Pricing	87	END	1395148938827
ACTION	Pricing	39	price	1395148927919	1395148927920	1395148938934	1395148938934	OK	 
SCENARIO	Pricing	39	END	1395148938935
ACTION	Pricing	65	price	1395148928038	1395148928039	1395148939042	1395148939042	OK	 
SCENARIO	Pricing	65	END	1395148939043
ACTION	Pricing	55	price	1395148928155	1395148928156	1395148939151	1395148939151	OK	 
SCENARIO	Pricing	55	END	1395148939152
ACTION	Pricing	84	price	1395148928279	1395148928279	1395148939258	1395148939259	OK	 
SCENARIO	Pricing	84	END	1395148939260
ACTION	Pricing	36	price	1395148928399	1395148928400	1395148939363	1395148939364	OK	 
SCENARIO	Pricing	36	END	1395148939365
ACTION	Pricing	62	price	1395148928509	1395148928510	1395148939479	1395148939480	OK	 
SCENARIO	Pricing	62	END	1395148939480
ACTION	Pricing	93	price	1395148928620	1395148928621	1395148939582	1395148939582	OK	 
SCENARIO	Pricing	93	END	1395148939583
ACTION	Pricing	27	price	1395148928740	1395148928741	1395148939695	1395148939695	OK	 
SCENARIO	Pricing	27	END	1395148939696
ACTION	Pricing	24	price	1395148928863	1395148928864	1395148939798	1395148939798	OK	 
SCENARIO	Pricing	24	END	1395148939799
ACTION	Pricing	14	price	1395148928982	1395148928983	1395148939901	1395148939901	OK	 
SCENARIO	Pricing	14	END	1395148939902
ACTION	Pricing	6	price	1395148929094	1395148929094	1395148940010	1395148940010	OK	 
SCENARIO	Pricing	6	END	1395148940011
ACTION	Pricing	23	price	1395148929199	1395148929199	1395148940117	1395148940118	OK	 
SCENARIO	Pricing	23	END	1395148940119
ACTION	Pricing	90	price	1395148929317	1395148929317	1395148940228	1395148940229	OK	 
SCENARIO	Pricing	90	END	1395148940230
ACTION	Pricing	72	price	1395148929421	1395148929421	1395148940336	1395148940336	OK	 
SCENARIO	Pricing	72	END	1395148940337
ACTION	Pricing	31	price	1395148929532	1395148929533	1395148940446	1395148940446	OK	 
SCENARIO	Pricing	31	END	1395148940447
ACTION	Pricing	71	price	1395148929644	1395148929645	1395148940551	1395148940551	OK	 
SCENARIO	Pricing	71	END	1395148940552
ACTION	Pricing	92	price	1395148929748	1395148929748	1395148940661	1395148940661	OK	 
SCENARIO	Pricing	92	END	1395148940661
ACTION	Pricing	5	price	1395148929854	1395148929855	1395148940769	1395148940770	OK	 
SCENARIO	Pricing	5	END	1395148940770
ACTION	Pricing	73	price	1395148929969	1395148929970	1395148940875	1395148940875	OK	 
SCENARIO	Pricing	73	END	1395148940876
ACTION	Pricing	42	price	1395148930078	1395148930078	1395148940979	1395148940980	OK	 
SCENARIO	Pricing	42	END	1395148940981
ACTION	Pricing	47	price	1395148930187	1395148930188	1395148941091	1395148941091	OK	 
SCENARIO	Pricing	47	END	1395148941092
ACTION	Pricing	58	price	1395148930296	1395148930297	1395148941201	1395148941201	OK	 
SCENARIO	Pricing	58	END	1395148941202
ACTION	Pricing	48	price	1395148930399	1395148930400	1395148941309	1395148941310	OK	 
SCENARIO	Pricing	48	END	1395148941311
ACTION	Pricing	100	price	1395148930502	1395148930502	1395148941419	1395148941419	OK	 
SCENARIO	Pricing	100	END	1395148941420
ACTION	Pricing	94	price	1395148930607	1395148930607	1395148941520	1395148941520	OK	 
SCENARIO	Pricing	94	END	1395148941521
ACTION	Pricing	20	price	1395148930709	1395148930710	1395148941628	1395148941628	OK	 
SCENARIO	Pricing	20	END	1395148941629
ACTION	Pricing	96	price	1395148930817	1395148930818	1395148941736	1395148941736	OK	 
SCENARIO	Pricing	96	END	1395148941737
ACTION	Pricing	60	price	1395148930924	1395148930924	1395148941847	1395148941847	OK	 
SCENARIO	Pricing	60	END	1395148941848
ACTION	Pricing	12	price	1395148931032	1395148931032	1395148941955	1395148941955	OK	 
SCENARIO	Pricing	12	END	1395148941955
ACTION	Pricing	25	price	1395148931140	1395148931140	1395148942063	1395148942063	OK	 
SCENARIO	Pricing	25	END	1395148942064
ACTION	Pricing	33	price	1395148931244	1395148931245	1395148942165	1395148942165	OK	 
SCENARIO	Pricing	33	END	1395148942166
ACTION	Pricing	17	price	1395148931345	1395148931346	1395148942268	1395148942268	OK	 
SCENARIO	Pricing	17	END	1395148942269
ACTION	Pricing	11	price	1395148931451	1395148931452	1395148942371	1395148942371	OK	 
SCENARIO	Pricing	11	END	1395148942372
ACTION	Pricing	16	price	1395148931554	1395148931555	1395148942482	1395148942483	OK	 
SCENARIO	Pricing	16	END	1395148942484
ACTION	Pricing	40	price	1395148931662	1395148931662	1395148942597	1395148942597	OK	 
SCENARIO	Pricing	40	END	1395148942598
ACTION	Pricing	7	price	1395148931768	1395148931769	1395148942721	1395148942721	OK	 
SCENARIO	Pricing	7	END	1395148942722
ACTION	Pricing	98	price	1395148931880	1395148931881	1395148942834	1395148942834	OK	 
SCENARIO	Pricing	98	END	1395148942835
ACTION	Pricing	78	price	1395148931995	1395148931996	1395148942942	1395148942942	OK	 
SCENARIO	Pricing	78	END	1395148942943
ACTION	Pricing	8	price	1395148932107	1395148932107	1395148943054	1395148943054	OK	 
SCENARIO	Pricing	8	END	1395148943055
ACTION	Pricing	67	price	1395148932232	1395148932233	1395148943149	1395148943149	OK	 
SCENARIO	Pricing	67	END	1395148943150
ACTION	Pricing	35	price	1395148932333	1395148932334	1395148943241	1395148943241	OK	 
SCENARIO	Pricing	35	END	1395148943242
