RUN	20140318092223	pricingsimulation	pricingsimulation
SCENARIO	Pricing	2	START	1395134546179
SCENARIO	Pricing	5	START	1395134546181
SCENARIO	Pricing	1	START	1395134546181
SCENARIO	Pricing	6	START	1395134546181
SCENARIO	Pricing	4	START	1395134546181
SCENARIO	Pricing	3	START	1395134546181
ACTION	Pricing	3	price	1395134546329	1395134546332	1395134547108	1395134547108	OK	 
ACTION	Pricing	4	price	1395134546319	1395134546328	1395134547107	1395134547110	OK	 
ACTION	Pricing	5	price	1395134546306	1395134546314	1395134547096	1395134547103	OK	 
ACTION	Pricing	6	price	1395134546315	1395134546318	1395134547098	1395134547102	OK	 
ACTION	Pricing	1	price	1395134546307	1395134546314	1395134547096	1395134547102	OK	 
ACTION	Pricing	2	price	1395134546315	1395134546315	1395134547098	1395134547104	OK	 
ACTION	Pricing	3	price	1395134547245	1395134547249	1395134547331	1395134547332	OK	 
ACTION	Pricing	4	price	1395134547253	1395134547256	1395134547424	1395134547424	OK	 
ACTION	Pricing	1	price	1395134547269	1395134547277	1395134547425	1395134547425	OK	 
ACTION	Pricing	5	price	1395134547258	1395134547259	1395134547424	1395134547424	OK	 
ACTION	Pricing	3	price	1395134547334	1395134547336	1395134547584	1395134547585	OK	 
ACTION	Pricing	1	price	1395134547429	1395134547433	1395134547643	1395134547643	OK	 
ACTION	Pricing	5	price	1395134547431	1395134547433	1395134547649	1395134547649	OK	 
ACTION	Pricing	4	price	1395134547428	1395134547430	1395134547654	1395134547654	OK	 
ACTION	Pricing	3	price	1395134547586	1395134547587	1395134547689	1395134547689	OK	 
ACTION	Pricing	6	price	1395134547260	1395134547265	1395134547717	1395134547717	OK	 
ACTION	Pricing	1	price	1395134547645	1395134547646	1395134547746	1395134547747	OK	 
ACTION	Pricing	2	price	1395134547276	1395134547278	1395134547718	1395134547754	OK	 
ACTION	Pricing	4	price	1395134547656	1395134547657	1395134547857	1395134547857	OK	 
ACTION	Pricing	3	price	1395134547691	1395134547693	1395134547876	1395134547876	OK	 
ACTION	Pricing	5	price	1395134547651	1395134547652	1395134547880	1395134547880	OK	 
ACTION	Pricing	2	price	1395134547756	1395134547757	1395134547933	1395134547933	OK	 
ACTION	Pricing	1	price	1395134547748	1395134547750	1395134547974	1395134547974	OK	 
ACTION	Pricing	4	price	1395134547859	1395134547860	1395134547992	1395134547992	OK	 
ACTION	Pricing	6	price	1395134547720	1395134547721	1395134547994	1395134547994	OK	 
ACTION	Pricing	3	price	1395134547878	1395134547879	1395134548034	1395134548035	OK	 
ACTION	Pricing	2	price	1395134547935	1395134547937	1395134548147	1395134548148	OK	 
ACTION	Pricing	1	price	1395134547976	1395134547979	1395134548149	1395134548149	OK	 
ACTION	Pricing	5	price	1395134547882	1395134547884	1395134548147	1395134548150	OK	 
ACTION	Pricing	3	price	1395134548037	1395134548038	1395134548173	1395134548173	OK	 
ACTION	Pricing	4	price	1395134547994	1395134547998	1395134548222	1395134548223	OK	 
ACTION	Pricing	2	price	1395134548150	1395134548153	1395134548236	1395134548236	OK	 
ACTION	Pricing	3	price	1395134548175	1395134548176	1395134548258	1395134548259	OK	 
ACTION	Pricing	6	price	1395134547996	1395134547998	1395134548307	1395134548308	OK	 
ACTION	Pricing	4	price	1395134548224	1395134548226	1395134548325	1395134548325	OK	 
ACTION	Pricing	1	price	1395134548154	1395134548157	1395134548369	1395134548369	OK	 
ACTION	Pricing	3	price	1395134548261	1395134548267	1395134548450	1395134548451	OK	 
ACTION	Pricing	2	price	1395134548238	1395134548240	1395134548455	1395134548455	OK	 
ACTION	Pricing	4	price	1395134548327	1395134548328	1395134548492	1395134548492	OK	 
ACTION	Pricing	6	price	1395134548310	1395134548311	1395134548497	1395134548497	OK	 
ACTION	Pricing	2	price	1395134548457	1395134548457	1395134548552	1395134548552	OK	 
ACTION	Pricing	3	price	1395134548452	1395134548453	1395134548609	1395134548609	OK	 
ACTION	Pricing	1	price	1395134548371	1395134548372	1395134548627	1395134548627	OK	 
ACTION	Pricing	6	price	1395134548498	1395134548499	1395134548648	1395134548648	OK	 
ACTION	Pricing	5	price	1395134548157	1395134548159	1395134548666	1395134548666	OK	 
ACTION	Pricing	4	price	1395134548494	1395134548495	1395134548696	1395134548697	OK	 
ACTION	Pricing	5	price	1395134548668	1395134548669	1395134548773	1395134548773	OK	 
ACTION	Pricing	6	price	1395134548651	1395134548652	1395134548792	1395134548792	OK	 
ACTION	Pricing	1	price	1395134548629	1395134548629	1395134548864	1395134548865	OK	 
ACTION	Pricing	3	price	1395134548611	1395134548611	1395134548888	1395134548888	OK	 
ACTION	Pricing	2	price	1395134548554	1395134548554	1395134548900	1395134548901	OK	 
ACTION	Pricing	4	price	1395134548698	1395134548699	1395134548902	1395134548904	OK	 
ACTION	Pricing	6	price	1395134548794	1395134548794	1395134548953	1395134548953	OK	 
ACTION	Pricing	5	price	1395134548774	1395134548775	1395134548979	1395134548979	OK	 
ACTION	Pricing	1	price	1395134548867	1395134548869	1395134549029	1395134549030	OK	 
ACTION	Pricing	6	price	1395134548955	1395134548956	1395134549051	1395134549051	OK	 
ACTION	Pricing	2	price	1395134548903	1395134548904	1395134549061	1395134549061	OK	 
ACTION	Pricing	4	price	1395134548906	1395134548907	1395134549122	1395134549123	OK	 
ACTION	Pricing	3	price	1395134548890	1395134548890	1395134549157	1395134549158	OK	 
ACTION	Pricing	6	price	1395134549053	1395134549054	1395134549184	1395134549185	OK	 
ACTION	Pricing	2	price	1395134549063	1395134549064	1395134549207	1395134549208	OK	 
ACTION	Pricing	4	price	1395134549125	1395134549125	1395134549316	1395134549318	OK	 
ACTION	Pricing	1	price	1395134549032	1395134549036	1395134549317	1395134549317	OK	 
ACTION	Pricing	6	price	1395134549187	1395134549187	1395134549333	1395134549334	OK	 
ACTION	Pricing	5	price	1395134548981	1395134548981	1395134549360	1395134549360	OK	 
ACTION	Pricing	2	price	1395134549210	1395134549211	1395134549383	1395134549383	OK	 
ACTION	Pricing	3	price	1395134549159	1395134549160	1395134549412	1395134549413	OK	 
ACTION	Pricing	1	price	1395134549321	1395134549321	1395134549447	1395134549447	OK	 
ACTION	Pricing	2	price	1395134549384	1395134549385	1395134549465	1395134549465	OK	 
ACTION	Pricing	5	price	1395134549361	1395134549362	1395134549502	1395134549502	OK	 
ACTION	Pricing	4	price	1395134549320	1395134549321	1395134549543	1395134549543	OK	 
ACTION	Pricing	6	price	1395134549335	1395134549336	1395134549565	1395134549566	OK	 
ACTION	Pricing	1	price	1395134549449	1395134549449	1395134549605	1395134549605	OK	 
ACTION	Pricing	3	price	1395134549414	1395134549415	1395134549640	1395134549641	OK	 
ACTION	Pricing	6	price	1395134549567	1395134549568	1395134549678	1395134549678	OK	 
ACTION	Pricing	5	price	1395134549504	1395134549505	1395134549752	1395134549754	OK	 
ACTION	Pricing	4	price	1395134549545	1395134549546	1395134549769	1395134549770	OK	 
ACTION	Pricing	2	price	1395134549467	1395134549468	1395134549780	1395134549783	OK	 
ACTION	Pricing	3	price	1395134549642	1395134549643	1395134549826	1395134549826	OK	 
ACTION	Pricing	1	price	1395134549607	1395134549608	1395134549839	1395134549839	OK	 
ACTION	Pricing	2	price	1395134549785	1395134549785	1395134549863	1395134549863	OK	 
ACTION	Pricing	4	price	1395134549771	1395134549772	1395134549918	1395134549919	OK	 
ACTION	Pricing	5	price	1395134549755	1395134549756	1395134549930	1395134549930	OK	 
ACTION	Pricing	6	price	1395134549680	1395134549681	1395134549963	1395134549963	OK	 
ACTION	Pricing	2	price	1395134549865	1395134549865	1395134550007	1395134550007	OK	 
ACTION	Pricing	1	price	1395134549842	1395134549842	1395134550048	1395134550048	OK	 
ACTION	Pricing	3	price	1395134549828	1395134549828	1395134550075	1395134550076	OK	 
ACTION	Pricing	6	price	1395134549965	1395134549966	1395134550112	1395134550113	OK	 
ACTION	Pricing	5	price	1395134549932	1395134549932	1395134550139	1395134550140	OK	 
ACTION	Pricing	4	price	1395134549920	1395134549920	1395134550171	1395134550172	OK	 
ACTION	Pricing	3	price	1395134550078	1395134550078	1395134550206	1395134550206	OK	 
ACTION	Pricing	1	price	1395134550050	1395134550051	1395134550250	1395134550250	OK	 
ACTION	Pricing	2	price	1395134550009	1395134550011	1395134550262	1395134550263	OK	 
ACTION	Pricing	5	price	1395134550141	1395134550142	1395134550305	1395134550305	OK	 
ACTION	Pricing	6	price	1395134550114	1395134550115	1395134550320	1395134550321	OK	 
ACTION	Pricing	2	price	1395134550264	1395134550265	1395134550367	1395134550367	OK	 
ACTION	Pricing	5	price	1395134550307	1395134550308	1395134550399	1395134550399	OK	 
ACTION	Pricing	6	price	1395134550322	1395134550323	1395134550532	1395134550533	OK	 
ACTION	Pricing	2	price	1395134550369	1395134550369	1395134550560	1395134550561	OK	 
ACTION	Pricing	1	price	1395134550252	1395134550252	1395134550566	1395134550567	OK	 
ACTION	Pricing	4	price	1395134550173	1395134550174	1395134550573	1395134550573	OK	 
ACTION	Pricing	3	price	1395134550208	1395134550208	1395134550573	1395134550573	OK	 
ACTION	Pricing	5	price	1395134550401	1395134550402	1395134550612	1395134550613	OK	 
ACTION	Pricing	6	price	1395134550535	1395134550535	1395134550642	1395134550642	OK	 
ACTION	Pricing	1	price	1395134550568	1395134550569	1395134550667	1395134550667	OK	 
ACTION	Pricing	3	price	1395134550576	1395134550577	1395134550694	1395134550694	OK	 
ACTION	Pricing	2	price	1395134550562	1395134550563	1395134550733	1395134550734	OK	 
ACTION	Pricing	5	price	1395134550614	1395134550615	1395134550816	1395134550817	OK	 
ACTION	Pricing	4	price	1395134550575	1395134550576	1395134550843	1395134550843	OK	 
ACTION	Pricing	2	price	1395134550735	1395134550736	1395134550864	1395134550864	OK	 
ACTION	Pricing	3	price	1395134550696	1395134550696	1395134550880	1395134550880	OK	 
ACTION	Pricing	1	price	1395134550669	1395134550670	1395134550909	1395134550909	OK	 
ACTION	Pricing	4	price	1395134550845	1395134550846	1395134550934	1395134550934	OK	 
ACTION	Pricing	5	price	1395134550818	1395134550819	1395134550971	1395134550971	OK	 
ACTION	Pricing	6	price	1395134550644	1395134550644	1395134550982	1395134550982	OK	 
ACTION	Pricing	4	price	1395134550936	1395134550937	1395134551008	1395134551008	OK	 
ACTION	Pricing	5	price	1395134550973	1395134550974	1395134551045	1395134551045	OK	 
ACTION	Pricing	4	price	1395134551010	1395134551010	1395134551079	1395134551079	OK	 
ACTION	Pricing	6	price	1395134550983	1395134550984	1395134551127	1395134551127	OK	 
ACTION	Pricing	1	price	1395134550911	1395134550912	1395134551138	1395134551138	OK	 
ACTION	Pricing	3	price	1395134550882	1395134550883	1395134551173	1395134551174	OK	 
ACTION	Pricing	2	price	1395134550866	1395134550867	1395134551224	1395134551224	OK	 
ACTION	Pricing	1	price	1395134551141	1395134551142	1395134551274	1395134551274	OK	 
ACTION	Pricing	6	price	1395134551129	1395134551130	1395134551277	1395134551277	OK	 
ACTION	Pricing	4	price	1395134551081	1395134551081	1395134551320	1395134551320	OK	 
ACTION	Pricing	5	price	1395134551047	1395134551048	1395134551342	1395134551343	OK	 
ACTION	Pricing	6	price	1395134551279	1395134551279	1395134551363	1395134551363	OK	 
ACTION	Pricing	2	price	1395134551226	1395134551227	1395134551394	1395134551395	OK	 
ACTION	Pricing	3	price	1395134551176	1395134551176	1395134551428	1395134551428	OK	 
ACTION	Pricing	6	price	1395134551365	1395134551365	1395134551479	1395134551480	OK	 
ACTION	Pricing	5	price	1395134551344	1395134551345	1395134551497	1395134551497	OK	 
ACTION	Pricing	1	price	1395134551276	1395134551276	1395134551549	1395134551550	OK	 
ACTION	Pricing	4	price	1395134551323	1395134551323	1395134551598	1395134551598	OK	 
ACTION	Pricing	3	price	1395134551430	1395134551431	1395134551601	1395134551601	OK	 
ACTION	Pricing	2	price	1395134551396	1395134551397	1395134551635	1395134551635	OK	 
ACTION	Pricing	1	price	1395134551551	1395134551552	1395134551682	1395134551682	OK	 
ACTION	Pricing	5	price	1395134551499	1395134551499	1395134551725	1395134551725	OK	 
ACTION	Pricing	3	price	1395134551603	1395134551606	1395134551848	1395134551848	OK	 
ACTION	Pricing	6	price	1395134551481	1395134551482	1395134551868	1395134551868	OK	 
ACTION	Pricing	1	price	1395134551684	1395134551684	1395134551871	1395134551872	OK	 
ACTION	Pricing	4	price	1395134551600	1395134551601	1395134551872	1395134551873	OK	 
ACTION	Pricing	5	price	1395134551727	1395134551727	1395134551889	1395134551889	OK	 
ACTION	Pricing	2	price	1395134551637	1395134551638	1395134551892	1395134551893	OK	 
ACTION	Pricing	3	price	1395134551850	1395134551850	1395134551941	1395134551941	OK	 
ACTION	Pricing	4	price	1395134551875	1395134551876	1395134551976	1395134551977	OK	 
ACTION	Pricing	6	price	1395134551870	1395134551870	1395134551994	1395134551994	OK	 
ACTION	Pricing	3	price	1395134551943	1395134551944	1395134552024	1395134552025	OK	 
ACTION	Pricing	2	price	1395134551894	1395134551895	1395134552067	1395134552067	OK	 
ACTION	Pricing	5	price	1395134551891	1395134551892	1395134552109	1395134552109	OK	 
ACTION	Pricing	3	price	1395134552026	1395134552027	1395134552135	1395134552135	OK	 
ACTION	Pricing	1	price	1395134551874	1395134551875	1395134552187	1395134552187	OK	 
ACTION	Pricing	6	price	1395134551996	1395134551997	1395134552197	1395134552198	OK	 
ACTION	Pricing	4	price	1395134551979	1395134551980	1395134552248	1395134552248	OK	 
ACTION	Pricing	3	price	1395134552137	1395134552138	1395134552371	1395134552371	OK	 
ACTION	Pricing	5	price	1395134552110	1395134552112	1395134552370	1395134552371	OK	 
ACTION	Pricing	2	price	1395134552069	1395134552070	1395134552406	1395134552406	OK	 
ACTION	Pricing	1	price	1395134552189	1395134552189	1395134552475	1395134552475	OK	 
ACTION	Pricing	4	price	1395134552250	1395134552250	1395134552484	1395134552484	OK	 
ACTION	Pricing	3	price	1395134552373	1395134552374	1395134552490	1395134552490	OK	 
ACTION	Pricing	6	price	1395134552199	1395134552200	1395134552493	1395134552493	OK	 
ACTION	Pricing	2	price	1395134552408	1395134552408	1395134552526	1395134552527	OK	 
ACTION	Pricing	5	price	1395134552374	1395134552375	1395134552641	1395134552641	OK	 
ACTION	Pricing	1	price	1395134552476	1395134552477	1395134552647	1395134552648	OK	 
ACTION	Pricing	4	price	1395134552486	1395134552486	1395134552665	1395134552665	OK	 
ACTION	Pricing	3	price	1395134552492	1395134552492	1395134552687	1395134552688	OK	 
ACTION	Pricing	2	price	1395134552529	1395134552529	1395134552716	1395134552717	OK	 
ACTION	Pricing	6	price	1395134552495	1395134552495	1395134552734	1395134552734	OK	 
ACTION	Pricing	5	price	1395134552643	1395134552644	1395134552753	1395134552753	OK	 
ACTION	Pricing	3	price	1395134552689	1395134552690	1395134552789	1395134552789	OK	 
ACTION	Pricing	4	price	1395134552667	1395134552668	1395134552808	1395134552808	OK	 
ACTION	Pricing	1	price	1395134552650	1395134552650	1395134552855	1395134552855	OK	 
ACTION	Pricing	6	price	1395134552736	1395134552737	1395134552898	1395134552899	OK	 
ACTION	Pricing	5	price	1395134552755	1395134552756	1395134552958	1395134552958	OK	 
ACTION	Pricing	2	price	1395134552718	1395134552719	1395134553044	1395134553045	OK	 
ACTION	Pricing	4	price	1395134552810	1395134552811	1395134553083	1395134553083	OK	 
ACTION	Pricing	3	price	1395134552791	1395134552792	1395134553090	1395134553090	OK	 
ACTION	Pricing	6	price	1395134552900	1395134552901	1395134553089	1395134553089	OK	 
ACTION	Pricing	1	price	1395134552856	1395134552857	1395134553092	1395134553093	OK	 
ACTION	Pricing	5	price	1395134552959	1395134552960	1395134553104	1395134553104	OK	 
ACTION	Pricing	2	price	1395134553046	1395134553047	1395134553150	1395134553150	OK	 
ACTION	Pricing	4	price	1395134553085	1395134553086	1395134553166	1395134553167	OK	 
ACTION	Pricing	5	price	1395134553106	1395134553107	1395134553220	1395134553221	OK	 
ACTION	Pricing	1	price	1395134553096	1395134553096	1395134553267	1395134553267	OK	 
ACTION	Pricing	3	price	1395134553094	1395134553095	1395134553289	1395134553289	OK	 
ACTION	Pricing	6	price	1395134553095	1395134553095	1395134553334	1395134553334	OK	 
ACTION	Pricing	4	price	1395134553168	1395134553169	1395134553343	1395134553343	OK	 
ACTION	Pricing	2	price	1395134553152	1395134553153	1395134553394	1395134553394	OK	 
ACTION	Pricing	3	price	1395134553291	1395134553292	1395134553484	1395134553484	OK	 
ACTION	Pricing	4	price	1395134553344	1395134553345	1395134553516	1395134553516	OK	 
ACTION	Pricing	1	price	1395134553269	1395134553270	1395134553521	1395134553521	OK	 
ACTION	Pricing	2	price	1395134553396	1395134553396	1395134553543	1395134553543	OK	 
ACTION	Pricing	5	price	1395134553222	1395134553223	1395134553562	1395134553562	OK	 
ACTION	Pricing	3	price	1395134553486	1395134553487	1395134553602	1395134553602	OK	 
ACTION	Pricing	2	price	1395134553545	1395134553545	1395134553635	1395134553635	OK	 
ACTION	Pricing	6	price	1395134553336	1395134553337	1395134553647	1395134553647	OK	 
ACTION	Pricing	1	price	1395134553523	1395134553523	1395134553693	1395134553693	OK	 
ACTION	Pricing	4	price	1395134553518	1395134553519	1395134553702	1395134553702	OK	 
ACTION	Pricing	6	price	1395134553649	1395134553649	1395134553741	1395134553741	OK	 
ACTION	Pricing	2	price	1395134553636	1395134553637	1395134553771	1395134553772	OK	 
ACTION	Pricing	3	price	1395134553604	1395134553604	1395134553851	1395134553852	OK	 
ACTION	Pricing	5	price	1395134553564	1395134553564	1395134553854	1395134553854	OK	 
ACTION	Pricing	6	price	1395134553742	1395134553743	1395134553885	1395134553885	OK	 
ACTION	Pricing	1	price	1395134553695	1395134553695	1395134553918	1395134553918	OK	 
ACTION	Pricing	6	price	1395134553887	1395134553888	1395134553951	1395134553951	OK	 
ACTION	Pricing	5	price	1395134553860	1395134553861	1395134553996	1395134553996	OK	 
ACTION	Pricing	4	price	1395134553703	1395134553704	1395134554003	1395134554003	OK	 
ACTION	Pricing	2	price	1395134553774	1395134553774	1395134554035	1395134554035	OK	 
ACTION	Pricing	4	price	1395134554004	1395134554005	1395134554069	1395134554070	OK	 
ACTION	Pricing	5	price	1395134553998	1395134553998	1395134554106	1395134554106	OK	 
ACTION	Pricing	6	price	1395134553953	1395134553954	1395134554133	1395134554134	OK	 
ACTION	Pricing	1	price	1395134553920	1395134553920	1395134554202	1395134554202	OK	 
ACTION	Pricing	3	price	1395134553854	1395134553856	1395134554208	1395134554208	OK	 
ACTION	Pricing	5	price	1395134554108	1395134554108	1395134554250	1395134554250	OK	 
ACTION	Pricing	4	price	1395134554071	1395134554072	1395134554278	1395134554279	OK	 
ACTION	Pricing	2	price	1395134554037	1395134554037	1395134554302	1395134554302	OK	 
ACTION	Pricing	3	price	1395134554211	1395134554211	1395134554337	1395134554338	OK	 
ACTION	Pricing	4	price	1395134554280	1395134554281	1395134554378	1395134554378	OK	 
ACTION	Pricing	6	price	1395134554135	1395134554135	1395134554392	1395134554393	OK	 
ACTION	Pricing	3	price	1395134554340	1395134554340	1395134554449	1395134554449	OK	 
ACTION	Pricing	4	price	1395134554380	1395134554380	1395134554461	1395134554461	OK	 
ACTION	Pricing	2	price	1395134554304	1395134554305	1395134554534	1395134554534	OK	 
ACTION	Pricing	5	price	1395134554252	1395134554252	1395134554558	1395134554559	OK	 
ACTION	Pricing	1	price	1395134554204	1395134554205	1395134554581	1395134554582	OK	 
ACTION	Pricing	4	price	1395134554463	1395134554463	1395134554634	1395134554634	OK	 
ACTION	Pricing	3	price	1395134554451	1395134554452	1395134554657	1395134554657	OK	 
ACTION	Pricing	6	price	1395134554395	1395134554395	1395134554700	1395134554700	OK	 
ACTION	Pricing	1	price	1395134554584	1395134554585	1395134554725	1395134554725	OK	 
ACTION	Pricing	5	price	1395134554560	1395134554561	1395134554745	1395134554745	OK	 
ACTION	Pricing	2	price	1395134554536	1395134554536	1395134554778	1395134554778	OK	 
ACTION	Pricing	1	price	1395134554727	1395134554728	1395134554812	1395134554813	OK	 
ACTION	Pricing	3	price	1395134554659	1395134554660	1395134554854	1395134554854	OK	 
ACTION	Pricing	4	price	1395134554636	1395134554637	1395134554878	1395134554878	OK	 
ACTION	Pricing	1	price	1395134554815	1395134554815	1395134554904	1395134554904	OK	 
ACTION	Pricing	6	price	1395134554702	1395134554702	1395134554957	1395134554957	OK	 
ACTION	Pricing	5	price	1395134554746	1395134554747	1395134555004	1395134555005	OK	 
ACTION	Pricing	1	price	1395134554906	1395134554906	1395134555032	1395134555033	OK	 
ACTION	Pricing	4	price	1395134554880	1395134554880	1395134555070	1395134555070	OK	 
ACTION	Pricing	2	price	1395134554780	1395134554781	1395134555080	1395134555080	OK	 
ACTION	Pricing	3	price	1395134554855	1395134554856	1395134555109	1395134555109	OK	 
ACTION	Pricing	2	price	1395134555082	1395134555082	1395134555165	1395134555166	OK	 
ACTION	Pricing	4	price	1395134555071	1395134555072	1395134555191	1395134555192	OK	 
ACTION	Pricing	5	price	1395134555006	1395134555007	1395134555243	1395134555243	OK	 
ACTION	Pricing	6	price	1395134554959	1395134554960	1395134555266	1395134555266	OK	 
ACTION	Pricing	4	price	1395134555194	1395134555194	1395134555309	1395134555310	OK	 
ACTION	Pricing	2	price	1395134555168	1395134555168	1395134555375	1395134555375	OK	 
ACTION	Pricing	3	price	1395134555110	1395134555111	1395134555410	1395134555410	OK	 
ACTION	Pricing	1	price	1395134555034	1395134555035	1395134555416	1395134555416	OK	 
ACTION	Pricing	6	price	1395134555268	1395134555268	1395134555436	1395134555437	OK	 
ACTION	Pricing	5	price	1395134555244	1395134555245	1395134555461	1395134555462	OK	 
ACTION	Pricing	2	price	1395134555377	1395134555377	1395134555485	1395134555486	OK	 
ACTION	Pricing	4	price	1395134555311	1395134555312	1395134555521	1395134555521	OK	 
ACTION	Pricing	1	price	1395134555418	1395134555419	1395134555571	1395134555571	OK	 
ACTION	Pricing	3	price	1395134555412	1395134555412	1395134555596	1395134555596	OK	 
ACTION	Pricing	2	price	1395134555487	1395134555488	1395134555620	1395134555620	OK	 
ACTION	Pricing	5	price	1395134555463	1395134555463	1395134555648	1395134555649	OK	 
ACTION	Pricing	6	price	1395134555438	1395134555439	1395134555699	1395134555699	OK	 
ACTION	Pricing	3	price	1395134555597	1395134555598	1395134555715	1395134555715	OK	 
ACTION	Pricing	6	price	1395134555701	1395134555702	1395134555875	1395134555875	OK	 
ACTION	Pricing	4	price	1395134555523	1395134555524	1395134555885	1395134555885	OK	 
ACTION	Pricing	2	price	1395134555622	1395134555622	1395134555893	1395134555893	OK	 
ACTION	Pricing	5	price	1395134555650	1395134555651	1395134555893	1395134555893	OK	 
ACTION	Pricing	1	price	1395134555573	1395134555574	1395134555895	1395134555895	OK	 
ACTION	Pricing	3	price	1395134555717	1395134555718	1395134555939	1395134555939	OK	 
ACTION	Pricing	4	price	1395134555886	1395134555887	1395134555962	1395134555962	OK	 
ACTION	Pricing	5	price	1395134555896	1395134555896	1395134556038	1395134556038	OK	 
ACTION	Pricing	1	price	1395134555897	1395134555897	1395134556115	1395134556115	OK	 
ACTION	Pricing	2	price	1395134555895	1395134555897	1395134556143	1395134556143	OK	 
ACTION	Pricing	6	price	1395134555876	1395134555877	1395134556146	1395134556147	OK	 
ACTION	Pricing	3	price	1395134555941	1395134555942	1395134556149	1395134556149	OK	 
ACTION	Pricing	4	price	1395134555964	1395134555965	1395134556150	1395134556151	OK	 
ACTION	Pricing	5	price	1395134556040	1395134556041	1395134556180	1395134556181	OK	 
ACTION	Pricing	2	price	1395134556145	1395134556145	1395134556225	1395134556225	OK	 
ACTION	Pricing	6	price	1395134556148	1395134556149	1395134556270	1395134556270	OK	 
ACTION	Pricing	2	price	1395134556227	1395134556228	1395134556300	1395134556300	OK	 
ACTION	Pricing	1	price	1395134556117	1395134556117	1395134556330	1395134556330	OK	 
ACTION	Pricing	4	price	1395134556153	1395134556153	1395134556355	1395134556355	OK	 
ACTION	Pricing	3	price	1395134556151	1395134556152	1395134556393	1395134556393	OK	 
ACTION	Pricing	5	price	1395134556182	1395134556183	1395134556433	1395134556433	OK	 
ACTION	Pricing	6	price	1395134556271	1395134556273	1395134556490	1395134556490	OK	 
ACTION	Pricing	5	price	1395134556435	1395134556436	1395134556535	1395134556535	OK	 
ACTION	Pricing	2	price	1395134556302	1395134556302	1395134556544	1395134556545	OK	 
ACTION	Pricing	1	price	1395134556333	1395134556333	1395134556590	1395134556590	OK	 
ACTION	Pricing	3	price	1395134556395	1395134556396	1395134556597	1395134556597	OK	 
ACTION	Pricing	4	price	1395134556357	1395134556357	1395134556633	1395134556633	OK	 
ACTION	Pricing	6	price	1395134556492	1395134556492	1395134556664	1395134556664	OK	 
ACTION	Pricing	5	price	1395134556536	1395134556537	1395134556795	1395134556795	OK	 
ACTION	Pricing	6	price	1395134556666	1395134556666	1395134556813	1395134556813	OK	 
ACTION	Pricing	3	price	1395134556599	1395134556599	1395134556842	1395134556842	OK	 
ACTION	Pricing	1	price	1395134556592	1395134556592	1395134556854	1395134556854	OK	 
ACTION	Pricing	4	price	1395134556635	1395134556635	1395134556861	1395134556862	OK	 
ACTION	Pricing	2	price	1395134556546	1395134556547	1395134556903	1395134556903	OK	 
ACTION	Pricing	5	price	1395134556797	1395134556798	1395134556912	1395134556913	OK	 
ACTION	Pricing	3	price	1395134556844	1395134556845	1395134556945	1395134556945	OK	 
ACTION	Pricing	6	price	1395134556814	1395134556815	1395134556973	1395134556973	OK	 
ACTION	Pricing	2	price	1395134556905	1395134556906	1395134556996	1395134556997	OK	 
ACTION	Pricing	4	price	1395134556863	1395134556864	1395134557033	1395134557034	OK	 
ACTION	Pricing	1	price	1395134556855	1395134556856	1395134557060	1395134557060	OK	 
ACTION	Pricing	2	price	1395134557001	1395134557001	1395134557114	1395134557114	OK	 
ACTION	Pricing	3	price	1395134556947	1395134556947	1395134557170	1395134557171	OK	 
ACTION	Pricing	5	price	1395134556915	1395134556916	1395134557176	1395134557176	OK	 
ACTION	Pricing	6	price	1395134556974	1395134556974	1395134557219	1395134557219	OK	 
ACTION	Pricing	4	price	1395134557035	1395134557036	1395134557289	1395134557290	OK	 
ACTION	Pricing	3	price	1395134557172	1395134557173	1395134557305	1395134557305	OK	 
ACTION	Pricing	1	price	1395134557063	1395134557063	1395134557327	1395134557328	OK	 
ACTION	Pricing	2	price	1395134557116	1395134557116	1395134557333	1395134557333	OK	 
ACTION	Pricing	6	price	1395134557222	1395134557222	1395134557375	1395134557375	OK	 
ACTION	Pricing	5	price	1395134557178	1395134557178	1395134557411	1395134557411	OK	 
ACTION	Pricing	4	price	1395134557291	1395134557292	1395134557438	1395134557438	OK	 
ACTION	Pricing	6	price	1395134557377	1395134557378	1395134557496	1395134557496	OK	 
ACTION	Pricing	4	price	1395134557440	1395134557441	1395134557537	1395134557537	OK	 
ACTION	Pricing	6	price	1395134557498	1395134557499	1395134557595	1395134557596	OK	 
ACTION	Pricing	1	price	1395134557329	1395134557330	1395134557619	1395134557619	OK	 
ACTION	Pricing	5	price	1395134557413	1395134557414	1395134557670	1395134557670	OK	 
ACTION	Pricing	4	price	1395134557539	1395134557539	1395134557686	1395134557686	OK	 
ACTION	Pricing	2	price	1395134557335	1395134557335	1395134557713	1395134557713	OK	 
ACTION	Pricing	3	price	1395134557307	1395134557307	1395134557722	1395134557723	OK	 
ACTION	Pricing	1	price	1395134557620	1395134557621	1395134557768	1395134557768	OK	 
ACTION	Pricing	4	price	1395134557688	1395134557688	1395134557818	1395134557818	OK	 
ACTION	Pricing	5	price	1395134557672	1395134557673	1395134557843	1395134557843	OK	 
ACTION	Pricing	3	price	1395134557726	1395134557728	1395134557851	1395134557852	OK	 
ACTION	Pricing	6	price	1395134557600	1395134557600	1395134557881	1395134557882	OK	 
ACTION	Pricing	4	price	1395134557820	1395134557821	1395134557928	1395134557928	OK	 
ACTION	Pricing	2	price	1395134557715	1395134557716	1395134557974	1395134557974	OK	 
ACTION	Pricing	1	price	1395134557770	1395134557770	1395134557983	1395134557983	OK	 
ACTION	Pricing	4	price	1395134557930	1395134557930	1395134558022	1395134558023	OK	 
ACTION	Pricing	5	price	1395134557845	1395134557845	1395134558069	1395134558069	OK	 
ACTION	Pricing	3	price	1395134557853	1395134557854	1395134558091	1395134558091	OK	 
ACTION	Pricing	2	price	1395134557975	1395134557976	1395134558126	1395134558126	OK	 
ACTION	Pricing	6	price	1395134557883	1395134557884	1395134558160	1395134558160	OK	 
ACTION	Pricing	3	price	1395134558093	1395134558094	1395134558271	1395134558272	OK	 
ACTION	Pricing	5	price	1395134558071	1395134558072	1395134558281	1395134558281	OK	 
ACTION	Pricing	1	price	1395134557985	1395134557986	1395134558283	1395134558283	OK	 
ACTION	Pricing	4	price	1395134558024	1395134558025	1395134558323	1395134558323	OK	 
ACTION	Pricing	2	price	1395134558128	1395134558128	1395134558356	1395134558356	OK	 
ACTION	Pricing	6	price	1395134558162	1395134558162	1395134558381	1395134558382	OK	 
ACTION	Pricing	4	price	1395134558324	1395134558325	1395134558406	1395134558406	OK	 
ACTION	Pricing	2	price	1395134558358	1395134558358	1395134558437	1395134558437	OK	 
ACTION	Pricing	1	price	1395134558285	1395134558285	1395134558473	1395134558474	OK	 
ACTION	Pricing	3	price	1395134558273	1395134558274	1395134558513	1395134558514	OK	 
ACTION	Pricing	2	price	1395134558439	1395134558440	1395134558543	1395134558543	OK	 
ACTION	Pricing	4	price	1395134558408	1395134558409	1395134558610	1395134558610	OK	 
ACTION	Pricing	5	price	1395134558284	1395134558284	1395134558643	1395134558643	OK	 
ACTION	Pricing	6	price	1395134558383	1395134558384	1395134558679	1395134558679	OK	 
ACTION	Pricing	2	price	1395134558545	1395134558546	1395134558700	1395134558700	OK	 
ACTION	Pricing	3	price	1395134558515	1395134558516	1395134558737	1395134558738	OK	 
ACTION	Pricing	1	price	1395134558476	1395134558476	1395134558750	1395134558750	OK	 
ACTION	Pricing	6	price	1395134558680	1395134558681	1395134558788	1395134558789	OK	 
ACTION	Pricing	4	price	1395134558613	1395134558614	1395134558820	1395134558821	OK	 
ACTION	Pricing	1	price	1395134558752	1395134558752	1395134558889	1395134558890	OK	 
ACTION	Pricing	3	price	1395134558740	1395134558740	1395134558950	1395134558951	OK	 
ACTION	Pricing	2	price	1395134558702	1395134558702	1395134558967	1395134558967	OK	 
ACTION	Pricing	1	price	1395134558892	1395134558892	1395134558980	1395134558981	OK	 
ACTION	Pricing	5	price	1395134558645	1395134558645	1395134558994	1395134558994	OK	 
ACTION	Pricing	4	price	1395134558823	1395134558824	1395134559027	1395134559027	OK	 
ACTION	Pricing	6	price	1395134558790	1395134558790	1395134559079	1395134559079	OK	 
ACTION	Pricing	5	price	1395134558996	1395134558996	1395134559104	1395134559105	OK	 
ACTION	Pricing	1	price	1395134558982	1395134558983	1395134559151	1395134559151	OK	 
ACTION	Pricing	2	price	1395134558969	1395134558970	1395134559181	1395134559182	OK	 
ACTION	Pricing	3	price	1395134558952	1395134558953	1395134559205	1395134559206	OK	 
ACTION	Pricing	1	price	1395134559153	1395134559153	1395134559237	1395134559237	OK	 
ACTION	Pricing	2	price	1395134559183	1395134559184	1395134559280	1395134559281	OK	 
ACTION	Pricing	5	price	1395134559106	1395134559107	1395134559378	1395134559378	OK	 
ACTION	Pricing	6	price	1395134559081	1395134559081	1395134559405	1395134559405	OK	 
ACTION	Pricing	4	price	1395134559029	1395134559029	1395134559419	1395134559419	OK	 
ACTION	Pricing	1	price	1395134559239	1395134559239	1395134559422	1395134559422	OK	 
ACTION	Pricing	3	price	1395134559207	1395134559208	1395134559449	1395134559449	OK	 
ACTION	Pricing	5	price	1395134559380	1395134559381	1395134559477	1395134559477	OK	 
ACTION	Pricing	2	price	1395134559283	1395134559283	1395134559517	1395134559517	OK	 
ACTION	Pricing	1	price	1395134559424	1395134559424	1395134559570	1395134559570	OK	 
ACTION	Pricing	6	price	1395134559407	1395134559407	1395134559628	1395134559628	OK	 
ACTION	Pricing	2	price	1395134559519	1395134559520	1395134559638	1395134559639	OK	 
ACTION	Pricing	3	price	1395134559451	1395134559452	1395134559698	1395134559699	OK	 
ACTION	Pricing	5	price	1395134559479	1395134559480	1395134559715	1395134559715	OK	 
ACTION	Pricing	4	price	1395134559425	1395134559425	1395134559734	1395134559735	OK	 
ACTION	Pricing	1	price	1395134559572	1395134559573	1395134559756	1395134559756	OK	 
ACTION	Pricing	5	price	1395134559717	1395134559718	1395134559804	1395134559804	OK	 
ACTION	Pricing	3	price	1395134559700	1395134559701	1395134559839	1395134559839	OK	 
ACTION	Pricing	6	price	1395134559630	1395134559631	1395134559856	1395134559857	OK	 
ACTION	Pricing	4	price	1395134559737	1395134559737	1395134559907	1395134559908	OK	 
ACTION	Pricing	6	price	1395134559858	1395134559859	1395134559996	1395134559997	OK	 
ACTION	Pricing	1	price	1395134559759	1395134559759	1395134559999	1395134559999	OK	 
ACTION	Pricing	5	price	1395134559806	1395134559806	1395134560023	1395134560024	OK	 
ACTION	Pricing	2	price	1395134559640	1395134559641	1395134560071	1395134560071	OK	 
ACTION	Pricing	4	price	1395134559909	1395134559910	1395134560101	1395134560101	OK	 
ACTION	Pricing	3	price	1395134559841	1395134559842	1395134560134	1395134560134	OK	 
ACTION	Pricing	1	price	1395134560001	1395134560001	1395134560183	1395134560183	OK	 
ACTION	Pricing	4	price	1395134560103	1395134560104	1395134560223	1395134560223	OK	 
ACTION	Pricing	6	price	1395134559999	1395134560000	1395134560232	1395134560233	OK	 
ACTION	Pricing	2	price	1395134560073	1395134560073	1395134560313	1395134560313	OK	 
ACTION	Pricing	5	price	1395134560026	1395134560026	1395134560329	1395134560329	OK	 
ACTION	Pricing	1	price	1395134560186	1395134560186	1395134560354	1395134560355	OK	 
ACTION	Pricing	3	price	1395134560136	1395134560137	1395134560479	1395134560479	OK	 
ACTION	Pricing	1	price	1395134560356	1395134560357	1395134560517	1395134560517	OK	 
ACTION	Pricing	4	price	1395134560225	1395134560225	1395134560521	1395134560522	OK	 
ACTION	Pricing	6	price	1395134560234	1395134560235	1395134560522	1395134560522	OK	 
ACTION	Pricing	2	price	1395134560315	1395134560316	1395134560554	1395134560595	OK	 
ACTION	Pricing	3	price	1395134560481	1395134560481	1395134560681	1395134560681	OK	 
ACTION	Pricing	5	price	1395134560331	1395134560331	1395134560736	1395134560736	OK	 
ACTION	Pricing	4	price	1395134560528	1395134560529	1395134560751	1395134560751	OK	 
ACTION	Pricing	6	price	1395134560527	1395134560528	1395134560761	1395134560761	OK	 
ACTION	Pricing	2	price	1395134560599	1395134560599	1395134560773	1395134560773	OK	 
ACTION	Pricing	1	price	1395134560518	1395134560519	1395134560775	1395134560775	OK	 
ACTION	Pricing	3	price	1395134560683	1395134560683	1395134560802	1395134560802	OK	 
ACTION	Pricing	5	price	1395134560738	1395134560739	1395134560830	1395134560831	OK	 
ACTION	Pricing	4	price	1395134560753	1395134560754	1395134561016	1395134561017	OK	 
ACTION	Pricing	5	price	1395134560833	1395134560833	1395134561027	1395134561028	OK	 
ACTION	Pricing	1	price	1395134560777	1395134560777	1395134561044	1395134561044	OK	 
ACTION	Pricing	2	price	1395134560775	1395134560776	1395134561044	1395134561045	OK	 
ACTION	Pricing	6	price	1395134560763	1395134560763	1395134561056	1395134561056	OK	 
ACTION	Pricing	3	price	1395134560804	1395134560805	1395134561061	1395134561062	OK	 
ACTION	Pricing	4	price	1395134561018	1395134561019	1395134561119	1395134561120	OK	 
ACTION	Pricing	5	price	1395134561030	1395134561031	1395134561184	1395134561184	OK	 
ACTION	Pricing	2	price	1395134561047	1395134561047	1395134561187	1395134561187	OK	 
ACTION	Pricing	1	price	1395134561045	1395134561046	1395134561271	1395134561271	OK	 
ACTION	Pricing	3	price	1395134561063	1395134561064	1395134561309	1395134561313	OK	 
ACTION	Pricing	5	price	1395134561189	1395134561190	1395134561314	1395134561315	OK	 
ACTION	Pricing	6	price	1395134561058	1395134561058	1395134561330	1395134561330	OK	 
ACTION	Pricing	4	price	1395134561121	1395134561122	1395134561365	1395134561366	OK	 
ACTION	Pricing	3	price	1395134561315	1395134561316	1395134561403	1395134561403	OK	 
ACTION	Pricing	1	price	1395134561273	1395134561273	1395134561425	1395134561426	OK	 
ACTION	Pricing	2	price	1395134561190	1395134561190	1395134561462	1395134561463	OK	 
ACTION	Pricing	3	price	1395134561405	1395134561405	1395134561610	1395134561610	OK	 
ACTION	Pricing	1	price	1395134561427	1395134561428	1395134561628	1395134561629	OK	 
ACTION	Pricing	6	price	1395134561332	1395134561332	1395134561643	1395134561643	OK	 
ACTION	Pricing	4	price	1395134561367	1395134561368	1395134561651	1395134561651	OK	 
ACTION	Pricing	5	price	1395134561316	1395134561317	1395134561668	1395134561668	OK	 
ACTION	Pricing	2	price	1395134561464	1395134561465	1395134561693	1395134561693	OK	 
ACTION	Pricing	3	price	1395134561612	1395134561612	1395134561748	1395134561748	OK	 
ACTION	Pricing	5	price	1395134561670	1395134561671	1395134561787	1395134561788	OK	 
ACTION	Pricing	4	price	1395134561653	1395134561654	1395134561812	1395134561812	OK	 
ACTION	Pricing	1	price	1395134561631	1395134561631	1395134561832	1395134561832	OK	 
ACTION	Pricing	5	price	1395134561789	1395134561790	1395134561867	1395134561867	OK	 
ACTION	Pricing	3	price	1395134561750	1395134561751	1395134561934	1395134561934	OK	 
ACTION	Pricing	6	price	1395134561645	1395134561646	1395134561954	1395134561954	OK	 
ACTION	Pricing	5	price	1395134561869	1395134561869	1395134561996	1395134561997	OK	 
ACTION	Pricing	1	price	1395134561833	1395134561834	1395134562057	1395134562058	OK	 
ACTION	Pricing	4	price	1395134561814	1395134561815	1395134562076	1395134562077	OK	 
ACTION	Pricing	6	price	1395134561956	1395134561956	1395134562094	1395134562094	OK	 
ACTION	Pricing	3	price	1395134561937	1395134561937	1395134562133	1395134562134	OK	 
ACTION	Pricing	2	price	1395134561694	1395134561695	1395134562162	1395134562163	OK	 
ACTION	Pricing	4	price	1395134562078	1395134562079	1395134562234	1395134562234	OK	 
ACTION	Pricing	1	price	1395134562059	1395134562060	1395134562258	1395134562258	OK	 
ACTION	Pricing	5	price	1395134561998	1395134561999	1395134562286	1395134562286	OK	 
ACTION	Pricing	2	price	1395134562165	1395134562165	1395134562352	1395134562352	OK	 
ACTION	Pricing	3	price	1395134562135	1395134562136	1395134562375	1395134562375	OK	 
ACTION	Pricing	5	price	1395134562292	1395134562293	1395134562396	1395134562397	OK	 
ACTION	Pricing	4	price	1395134562236	1395134562237	1395134562459	1395134562459	OK	 
ACTION	Pricing	1	price	1395134562259	1395134562260	1395134562459	1395134562459	OK	 
ACTION	Pricing	5	price	1395134562398	1395134562399	1395134562499	1395134562500	OK	 
ACTION	Pricing	4	price	1395134562461	1395134562461	1395134562575	1395134562575	OK	 
ACTION	Pricing	3	price	1395134562377	1395134562377	1395134562577	1395134562577	OK	 
ACTION	Pricing	2	price	1395134562354	1395134562355	1395134562735	1395134562735	OK	 
ACTION	Pricing	3	price	1395134562579	1395134562579	1395134562746	1395134562747	OK	 
ACTION	Pricing	1	price	1395134562462	1395134562462	1395134562761	1395134562762	OK	 
ACTION	Pricing	6	price	1395134562096	1395134562097	1395134562773	1395134562773	OK	 
ACTION	Pricing	5	price	1395134562501	1395134562502	1395134562794	1395134562795	OK	 
ACTION	Pricing	4	price	1395134562577	1395134562578	1395134562807	1395134562807	OK	 
ACTION	Pricing	2	price	1395134562737	1395134562738	1395134562838	1395134562838	OK	 
ACTION	Pricing	1	price	1395134562763	1395134562764	1395134562892	1395134562893	OK	 
ACTION	Pricing	3	price	1395134562748	1395134562749	1395134562944	1395134562945	OK	 
ACTION	Pricing	4	price	1395134562808	1395134562809	1395134562953	1395134562954	OK	 
ACTION	Pricing	6	price	1395134562775	1395134562776	1395134562962	1395134562963	OK	 
ACTION	Pricing	5	price	1395134562796	1395134562797	1395134563012	1395134563013	OK	 
ACTION	Pricing	1	price	1395134562894	1395134562895	1395134563062	1395134563062	OK	 
ACTION	Pricing	2	price	1395134562840	1395134562841	1395134563093	1395134563093	OK	 
ACTION	Pricing	6	price	1395134562964	1395134562965	1395134563135	1395134563135	OK	 
ACTION	Pricing	1	price	1395134563064	1395134563064	1395134563310	1395134563310	OK	 
ACTION	Pricing	3	price	1395134562947	1395134562948	1395134563311	1395134563311	OK	 
ACTION	Pricing	6	price	1395134563137	1395134563138	1395134563329	1395134563329	OK	 
ACTION	Pricing	2	price	1395134563095	1395134563095	1395134563331	1395134563332	OK	 
ACTION	Pricing	4	price	1395134562955	1395134562957	1395134563347	1395134563348	OK	 
ACTION	Pricing	5	price	1395134563014	1395134563015	1395134563349	1395134563349	OK	 
ACTION	Pricing	1	price	1395134563312	1395134563313	1395134563394	1395134563394	OK	 
ACTION	Pricing	6	price	1395134563331	1395134563333	1395134563448	1395134563448	OK	 
ACTION	Pricing	1	price	1395134563396	1395134563396	1395134563496	1395134563496	OK	 
ACTION	Pricing	2	price	1395134563334	1395134563334	1395134563505	1395134563505	OK	 
ACTION	Pricing	5	price	1395134563350	1395134563351	1395134563591	1395134563591	OK	 
ACTION	Pricing	6	price	1395134563450	1395134563451	1395134563593	1395134563593	OK	 
ACTION	Pricing	4	price	1395134563350	1395134563350	1395134563632	1395134563632	OK	 
ACTION	Pricing	3	price	1395134563314	1395134563314	1395134563659	1395134563660	OK	 
ACTION	Pricing	1	price	1395134563498	1395134563498	1395134563673	1395134563673	OK	 
ACTION	Pricing	6	price	1395134563595	1395134563596	1395134563711	1395134563711	OK	 
ACTION	Pricing	5	price	1395134563593	1395134563594	1395134563743	1395134563744	OK	 
ACTION	Pricing	1	price	1395134563675	1395134563675	1395134563797	1395134563797	OK	 
ACTION	Pricing	3	price	1395134563661	1395134563662	1395134563807	1395134563807	OK	 
ACTION	Pricing	4	price	1395134563634	1395134563634	1395134563868	1395134563868	OK	 
ACTION	Pricing	2	price	1395134563507	1395134563507	1395134563895	1395134563896	OK	 
ACTION	Pricing	1	price	1395134563799	1395134563799	1395134563912	1395134563912	OK	 
ACTION	Pricing	6	price	1395134563718	1395134563718	1395134563984	1395134563985	OK	 
ACTION	Pricing	2	price	1395134563897	1395134563898	1395134564021	1395134564021	OK	 
ACTION	Pricing	4	price	1395134563870	1395134563870	1395134564076	1395134564076	OK	 
ACTION	Pricing	3	price	1395134563808	1395134563809	1395134564099	1395134564099	OK	 
ACTION	Pricing	5	price	1395134563745	1395134563746	1395134564130	1395134564130	OK	 
ACTION	Pricing	1	price	1395134563914	1395134563914	1395134564146	1395134564147	OK	 
ACTION	Pricing	6	price	1395134563987	1395134563987	1395134564226	1395134564226	OK	 
ACTION	Pricing	5	price	1395134564132	1395134564132	1395134564279	1395134564280	OK	 
ACTION	Pricing	2	price	1395134564023	1395134564024	1395134564306	1395134564306	OK	 
ACTION	Pricing	3	price	1395134564101	1395134564101	1395134564316	1395134564316	OK	 
ACTION	Pricing	4	price	1395134564078	1395134564079	1395134564328	1395134564328	OK	 
ACTION	Pricing	1	price	1395134564149	1395134564149	1395134564368	1395134564368	OK	 
ACTION	Pricing	6	price	1395134564228	1395134564228	1395134564390	1395134564391	OK	 
ACTION	Pricing	2	price	1395134564308	1395134564308	1395134564444	1395134564444	OK	 
ACTION	Pricing	5	price	1395134564281	1395134564282	1395134564470	1395134564470	OK	 
ACTION	Pricing	1	price	1395134564369	1395134564370	1395134564511	1395134564511	OK	 
ACTION	Pricing	4	price	1395134564330	1395134564331	1395134564548	1395134564548	OK	 
ACTION	Pricing	3	price	1395134564317	1395134564318	1395134564580	1395134564580	OK	 
ACTION	Pricing	5	price	1395134564472	1395134564472	1395134564594	1395134564595	OK	 
ACTION	Pricing	2	price	1395134564446	1395134564446	1395134564654	1395134564654	OK	 
ACTION	Pricing	1	price	1395134564513	1395134564514	1395134564811	1395134564811	OK	 
ACTION	Pricing	6	price	1395134564392	1395134564393	1395134564813	1395134564814	OK	 
ACTION	Pricing	4	price	1395134564550	1395134564550	1395134564816	1395134564816	OK	 
ACTION	Pricing	3	price	1395134564582	1395134564582	1395134564817	1395134564817	OK	 
ACTION	Pricing	2	price	1395134564655	1395134564656	1395134564827	1395134564827	OK	 
ACTION	Pricing	5	price	1395134564597	1395134564597	1395134564863	1395134564863	OK	 
ACTION	Pricing	1	price	1395134564814	1395134564814	1395134564894	1395134564894	OK	 
ACTION	Pricing	4	price	1395134564818	1395134564818	1395134564964	1395134564964	OK	 
ACTION	Pricing	3	price	1395134564819	1395134564819	1395134564967	1395134564968	OK	 
ACTION	Pricing	1	price	1395134564896	1395134564896	1395134565020	1395134565021	OK	 
ACTION	Pricing	5	price	1395134564865	1395134564866	1395134565047	1395134565048	OK	 
ACTION	Pricing	2	price	1395134564830	1395134564830	1395134565099	1395134565099	OK	 
ACTION	Pricing	3	price	1395134564969	1395134564970	1395134565134	1395134565134	OK	 
ACTION	Pricing	6	price	1395134564815	1395134564816	1395134565157	1395134565157	OK	 
ACTION	Pricing	4	price	1395134564966	1395134564967	1395134565183	1395134565183	OK	 
ACTION	Pricing	5	price	1395134565049	1395134565050	1395134565221	1395134565221	OK	 
ACTION	Pricing	1	price	1395134565022	1395134565023	1395134565236	1395134565236	OK	 
ACTION	Pricing	4	price	1395134565185	1395134565185	1395134565263	1395134565263	OK	 
ACTION	Pricing	6	price	1395134565159	1395134565159	1395134565325	1395134565325	OK	 
ACTION	Pricing	3	price	1395134565136	1395134565136	1395134565352	1395134565352	OK	 
ACTION	Pricing	2	price	1395134565101	1395134565101	1395134565389	1395134565389	OK	 
ACTION	Pricing	4	price	1395134565264	1395134565265	1395134565415	1395134565415	OK	 
ACTION	Pricing	3	price	1395134565354	1395134565355	1395134565454	1395134565454	OK	 
ACTION	Pricing	5	price	1395134565222	1395134565223	1395134565512	1395134565512	OK	 
ACTION	Pricing	3	price	1395134565456	1395134565456	1395134565532	1395134565532	OK	 
ACTION	Pricing	1	price	1395134565237	1395134565238	1395134565567	1395134565567	OK	 
ACTION	Pricing	4	price	1395134565416	1395134565417	1395134565589	1395134565589	OK	 
ACTION	Pricing	2	price	1395134565391	1395134565391	1395134565615	1395134565616	OK	 
ACTION	Pricing	6	price	1395134565327	1395134565327	1395134565664	1395134565664	OK	 
ACTION	Pricing	4	price	1395134565590	1395134565590	1395134565683	1395134565683	OK	 
ACTION	Pricing	1	price	1395134565569	1395134565569	1395134565713	1395134565713	OK	 
ACTION	Pricing	3	price	1395134565533	1395134565534	1395134565763	1395134565763	OK	 
ACTION	Pricing	5	price	1395134565514	1395134565514	1395134565822	1395134565823	OK	 
ACTION	Pricing	1	price	1395134565715	1395134565715	1395134565838	1395134565838	OK	 
ACTION	Pricing	4	price	1395134565686	1395134565687	1395134565872	1395134565872	OK	 
ACTION	Pricing	2	price	1395134565617	1395134565617	1395134565951	1395134565951	OK	 
ACTION	Pricing	6	price	1395134565666	1395134565666	1395134565951	1395134565951	OK	 
ACTION	Pricing	1	price	1395134565840	1395134565840	1395134565970	1395134565971	OK	 
ACTION	Pricing	3	price	1395134565764	1395134565765	1395134566009	1395134566009	OK	 
ACTION	Pricing	2	price	1395134565955	1395134565955	1395134566036	1395134566037	OK	 
ACTION	Pricing	5	price	1395134565824	1395134565825	1395134566097	1395134566097	OK	 
ACTION	Pricing	4	price	1395134565873	1395134565874	1395134566137	1395134566138	OK	 
ACTION	Pricing	3	price	1395134566010	1395134566011	1395134566164	1395134566164	OK	 
ACTION	Pricing	1	price	1395134565972	1395134565972	1395134566184	1395134566184	OK	 
ACTION	Pricing	6	price	1395134565954	1395134565954	1395134566224	1395134566225	OK	 
ACTION	Pricing	5	price	1395134566100	1395134566100	1395134566261	1395134566261	OK	 
ACTION	Pricing	2	price	1395134566038	1395134566039	1395134566282	1395134566282	OK	 
ACTION	Pricing	4	price	1395134566139	1395134566140	1395134566341	1395134566341	OK	 
ACTION	Pricing	3	price	1395134566166	1395134566166	1395134566344	1395134566344	OK	 
ACTION	Pricing	6	price	1395134566226	1395134566227	1395134566396	1395134566397	OK	 
ACTION	Pricing	1	price	1395134566186	1395134566187	1395134566437	1395134566437	OK	 
ACTION	Pricing	2	price	1395134566285	1395134566285	1395134566464	1395134566465	OK	 
ACTION	Pricing	5	price	1395134566263	1395134566263	1395134566509	1395134566510	OK	 
ACTION	Pricing	6	price	1395134566400	1395134566400	1395134566526	1395134566526	OK	 
ACTION	Pricing	3	price	1395134566346	1395134566346	1395134566574	1395134566574	OK	 
ACTION	Pricing	4	price	1395134566343	1395134566344	1395134566598	1395134566599	OK	 
ACTION	Pricing	6	price	1395134566528	1395134566528	1395134566662	1395134566663	OK	 
ACTION	Pricing	2	price	1395134566466	1395134566467	1395134566676	1395134566677	OK	 
ACTION	Pricing	1	price	1395134566438	1395134566439	1395134566718	1395134566719	OK	 
ACTION	Pricing	6	price	1395134566665	1395134566665	1395134566894	1395134566894	OK	 
ACTION	Pricing	2	price	1395134566678	1395134566679	1395134566906	1395134566906	OK	 
ACTION	Pricing	4	price	1395134566600	1395134566601	1395134566902	1395134566905	OK	 
ACTION	Pricing	3	price	1395134566575	1395134566576	1395134566906	1395134566907	OK	 
ACTION	Pricing	1	price	1395134566720	1395134566721	1395134566908	1395134566908	OK	 
ACTION	Pricing	5	price	1395134566511	1395134566512	1395134566902	1395134566902	OK	 
ACTION	Pricing	6	price	1395134566896	1395134566896	1395134566976	1395134566976	OK	 
ACTION	Pricing	4	price	1395134566908	1395134566911	1395134567003	1395134567004	OK	 
ACTION	Pricing	2	price	1395134566909	1395134566910	1395134567037	1395134567038	OK	 
ACTION	Pricing	1	price	1395134566910	1395134566911	1395134567090	1395134567090	OK	 
ACTION	Pricing	5	price	1395134566912	1395134566913	1395134567125	1395134567125	OK	 
ACTION	Pricing	4	price	1395134567005	1395134567006	1395134567143	1395134567144	OK	 
ACTION	Pricing	3	price	1395134566909	1395134566910	1395134567189	1395134567189	OK	 
ACTION	Pricing	2	price	1395134567039	1395134567040	1395134567223	1395134567224	OK	 
ACTION	Pricing	4	price	1395134567146	1395134567146	1395134567249	1395134567249	OK	 
ACTION	Pricing	5	price	1395134567128	1395134567128	1395134567284	1395134567285	OK	 
ACTION	Pricing	6	price	1395134566977	1395134566978	1395134567326	1395134567327	OK	 
ACTION	Pricing	1	price	1395134567092	1395134567093	1395134567377	1395134567378	OK	 
ACTION	Pricing	4	price	1395134567251	1395134567251	1395134567404	1395134567405	OK	 
ACTION	Pricing	6	price	1395134567328	1395134567329	1395134567517	1395134567517	OK	 
ACTION	Pricing	5	price	1395134567286	1395134567287	1395134567549	1395134567550	OK	 
ACTION	Pricing	1	price	1395134567380	1395134567381	1395134567556	1395134567557	OK	 
ACTION	Pricing	2	price	1395134567226	1395134567227	1395134567560	1395134567560	OK	 
ACTION	Pricing	3	price	1395134567191	1395134567191	1395134567582	1395134567582	OK	 
ACTION	Pricing	6	price	1395134567519	1395134567519	1395134567619	1395134567619	OK	 
ACTION	Pricing	1	price	1395134567558	1395134567559	1395134567674	1395134567675	OK	 
ACTION	Pricing	4	price	1395134567406	1395134567407	1395134567709	1395134567709	OK	 
ACTION	Pricing	3	price	1395134567583	1395134567584	1395134567753	1395134567755	OK	 
ACTION	Pricing	2	price	1395134567562	1395134567562	1395134567778	1395134567779	OK	 
ACTION	Pricing	5	price	1395134567551	1395134567551	1395134567791	1395134567791	OK	 
ACTION	Pricing	4	price	1395134567711	1395134567712	1395134567874	1395134567874	OK	 
ACTION	Pricing	1	price	1395134567676	1395134567677	1395134567911	1395134567911	OK	 
ACTION	Pricing	5	price	1395134567793	1395134567793	1395134567972	1395134567973	OK	 
ACTION	Pricing	2	price	1395134567780	1395134567781	1395134568014	1395134568014	OK	 
ACTION	Pricing	1	price	1395134567913	1395134567914	1395134568072	1395134568073	OK	 
ACTION	Pricing	3	price	1395134567758	1395134567759	1395134568075	1395134568075	OK	 
ACTION	Pricing	4	price	1395134567876	1395134567877	1395134568095	1395134568095	OK	 
ACTION	Pricing	6	price	1395134567620	1395134567621	1395134568120	1395134568120	OK	 
ACTION	Pricing	5	price	1395134567974	1395134567975	1395134568172	1395134568173	OK	 
ACTION	Pricing	3	price	1395134568081	1395134568081	1395134568199	1395134568199	OK	 
ACTION	Pricing	1	price	1395134568074	1395134568076	1395134568273	1395134568273	OK	 
ACTION	Pricing	5	price	1395134568174	1395134568175	1395134568275	1395134568277	OK	 
ACTION	Pricing	1	price	1395134568277	1395134568278	1395134568362	1395134568362	OK	 
ACTION	Pricing	2	price	1395134568072	1395134568075	1395134568405	1395134568406	OK	 
ACTION	Pricing	3	price	1395134568201	1395134568201	1395134568473	1395134568473	OK	 
ACTION	Pricing	6	price	1395134568122	1395134568123	1395134568475	1395134568476	OK	 
ACTION	Pricing	1	price	1395134568364	1395134568365	1395134568513	1395134568513	OK	 
ACTION	Pricing	4	price	1395134568097	1395134568098	1395134568568	1395134568568	OK	 
ACTION	Pricing	5	price	1395134568279	1395134568286	1395134568574	1395134568574	OK	 
ACTION	Pricing	2	price	1395134568408	1395134568409	1395134568598	1395134568598	OK	 
ACTION	Pricing	6	price	1395134568478	1395134568478	1395134568697	1395134568697	OK	 
ACTION	Pricing	1	price	1395134568515	1395134568516	1395134568715	1395134568715	OK	 
ACTION	Pricing	2	price	1395134568600	1395134568600	1395134568732	1395134568732	OK	 
ACTION	Pricing	3	price	1395134568475	1395134568475	1395134568749	1395134568750	OK	 
ACTION	Pricing	5	price	1395134568576	1395134568577	1395134568780	1395134568781	OK	 
ACTION	Pricing	4	price	1395134568570	1395134568570	1395134568803	1395134568803	OK	 
ACTION	Pricing	3	price	1395134568751	1395134568752	1395134568949	1395134568950	OK	 
ACTION	Pricing	5	price	1395134568782	1395134568783	1395134569013	1395134569013	OK	 
ACTION	Pricing	1	price	1395134568717	1395134568717	1395134569016	1395134569017	OK	 
ACTION	Pricing	6	price	1395134568699	1395134568699	1395134569018	1395134569018	OK	 
ACTION	Pricing	4	price	1395134568805	1395134568805	1395134569025	1395134569025	OK	 
ACTION	Pricing	2	price	1395134568733	1395134568734	1395134569027	1395134569027	OK	 
ACTION	Pricing	3	price	1395134568952	1395134568952	1395134569061	1395134569061	OK	 
ACTION	Pricing	5	price	1395134569014	1395134569015	1395134569101	1395134569101	OK	 
ACTION	Pricing	6	price	1395134569020	1395134569020	1395134569123	1395134569125	OK	 
ACTION	Pricing	1	price	1395134569019	1395134569019	1395134569229	1395134569229	OK	 
ACTION	Pricing	6	price	1395134569126	1395134569128	1395134569334	1395134569334	OK	 
ACTION	Pricing	5	price	1395134569103	1395134569104	1395134569343	1395134569343	OK	 
ACTION	Pricing	2	price	1395134569029	1395134569029	1395134569349	1395134569350	OK	 
ACTION	Pricing	3	price	1395134569063	1395134569064	1395134569357	1395134569357	OK	 
ACTION	Pricing	4	price	1395134569028	1395134569028	1395134569356	1395134569356	OK	 
ACTION	Pricing	6	price	1395134569336	1395134569337	1395134569417	1395134569418	OK	 
ACTION	Pricing	1	price	1395134569231	1395134569232	1395134569421	1395134569421	OK	 
ACTION	Pricing	3	price	1395134569358	1395134569358	1395134569474	1395134569474	OK	 
ACTION	Pricing	2	price	1395134569351	1395134569351	1395134569506	1395134569506	OK	 
ACTION	Pricing	1	price	1395134569422	1395134569423	1395134569542	1395134569542	OK	 
ACTION	Pricing	5	price	1395134569344	1395134569345	1395134569587	1395134569587	OK	 
ACTION	Pricing	3	price	1395134569475	1395134569476	1395134569620	1395134569620	OK	 
ACTION	Pricing	6	price	1395134569419	1395134569420	1395134569658	1395134569658	OK	 
ACTION	Pricing	4	price	1395134569359	1395134569360	1395134569681	1395134569682	OK	 
ACTION	Pricing	5	price	1395134569589	1395134569590	1395134569773	1395134569773	OK	 
ACTION	Pricing	2	price	1395134569508	1395134569509	1395134569813	1395134569814	OK	 
ACTION	Pricing	3	price	1395134569622	1395134569622	1395134569834	1395134569834	OK	 
ACTION	Pricing	6	price	1395134569660	1395134569661	1395134569863	1395134569863	OK	 
ACTION	Pricing	1	price	1395134569543	1395134569544	1395134569897	1395134569898	OK	 
ACTION	Pricing	2	price	1395134569816	1395134569817	1395134569933	1395134569933	OK	 
ACTION	Pricing	5	price	1395134569776	1395134569776	1395134569970	1395134569970	OK	 
ACTION	Pricing	4	price	1395134569684	1395134569684	1395134570023	1395134570023	OK	 
ACTION	Pricing	3	price	1395134569836	1395134569836	1395134570024	1395134570025	OK	 
ACTION	Pricing	2	price	1395134569935	1395134569936	1395134570084	1395134570084	OK	 
ACTION	Pricing	6	price	1395134569865	1395134569865	1395134570116	1395134570116	OK	 
ACTION	Pricing	3	price	1395134570028	1395134570028	1395134570143	1395134570143	OK	 
ACTION	Pricing	1	price	1395134569899	1395134569900	1395134570238	1395134570238	OK	 
ACTION	Pricing	2	price	1395134570085	1395134570086	1395134570303	1395134570304	OK	 
ACTION	Pricing	5	price	1395134569972	1395134569973	1395134570347	1395134570347	OK	 
ACTION	Pricing	3	price	1395134570145	1395134570146	1395134570441	1395134570441	OK	 
ACTION	Pricing	1	price	1395134570239	1395134570240	1395134570451	1395134570451	OK	 
ACTION	Pricing	6	price	1395134570118	1395134570118	1395134570465	1395134570465	OK	 
ACTION	Pricing	4	price	1395134570026	1395134570027	1395134570469	1395134570470	OK	 
ACTION	Pricing	2	price	1395134570306	1395134570307	1395134570480	1395134570480	OK	 
ACTION	Pricing	5	price	1395134570349	1395134570350	1395134570505	1395134570506	OK	 
ACTION	Pricing	3	price	1395134570443	1395134570449	1395134570535	1395134570535	OK	 
ACTION	Pricing	4	price	1395134570472	1395134570473	1395134570581	1395134570581	OK	 
ACTION	Pricing	6	price	1395134570466	1395134570467	1395134570613	1395134570613	OK	 
ACTION	Pricing	1	price	1395134570454	1395134570455	1395134570699	1395134570699	OK	 
ACTION	Pricing	6	price	1395134570615	1395134570615	1395134570768	1395134570768	OK	 
ACTION	Pricing	5	price	1395134570507	1395134570508	1395134570794	1395134570794	OK	 
ACTION	Pricing	4	price	1395134570582	1395134570583	1395134570810	1395134570810	OK	 
ACTION	Pricing	1	price	1395134570701	1395134570701	1395134570853	1395134570853	OK	 
ACTION	Pricing	2	price	1395134570482	1395134570482	1395134570909	1395134570909	OK	 
ACTION	Pricing	5	price	1395134570796	1395134570796	1395134570962	1395134570962	OK	 
ACTION	Pricing	3	price	1395134570537	1395134570538	1395134570977	1395134570978	OK	 
ACTION	Pricing	4	price	1395134570812	1395134570812	1395134570987	1395134570987	OK	 
ACTION	Pricing	6	price	1395134570770	1395134570771	1395134571043	1395134571043	OK	 
ACTION	Pricing	2	price	1395134570911	1395134570911	1395134571053	1395134571054	OK	 
ACTION	Pricing	5	price	1395134570964	1395134570964	1395134571072	1395134571073	OK	 
ACTION	Pricing	1	price	1395134570854	1395134570855	1395134571125	1395134571125	OK	 
ACTION	Pricing	3	price	1395134570979	1395134570979	1395134571162	1395134571163	OK	 
ACTION	Pricing	6	price	1395134571045	1395134571045	1395134571180	1395134571180	OK	 
ACTION	Pricing	4	price	1395134570990	1395134570991	1395134571207	1395134571207	OK	 
ACTION	Pricing	5	price	1395134571074	1395134571075	1395134571262	1395134571263	OK	 
ACTION	Pricing	6	price	1395134571182	1395134571183	1395134571320	1395134571321	OK	 
ACTION	Pricing	3	price	1395134571164	1395134571165	1395134571350	1395134571350	OK	 
ACTION	Pricing	1	price	1395134571127	1395134571127	1395134571413	1395134571413	OK	 
ACTION	Pricing	6	price	1395134571322	1395134571323	1395134571452	1395134571453	OK	 
ACTION	Pricing	5	price	1395134571265	1395134571266	1395134571465	1395134571465	OK	 
ACTION	Pricing	4	price	1395134571210	1395134571211	1395134571502	1395134571502	OK	 
ACTION	Pricing	2	price	1395134571055	1395134571056	1395134571557	1395134571557	OK	 
ACTION	Pricing	1	price	1395134571415	1395134571415	1395134571566	1395134571567	OK	 
ACTION	Pricing	3	price	1395134571351	1395134571354	1395134571583	1395134571584	OK	 
ACTION	Pricing	4	price	1395134571504	1395134571505	1395134571671	1395134571671	OK	 
ACTION	Pricing	5	price	1395134571467	1395134571467	1395134571693	1395134571693	OK	 
ACTION	Pricing	6	price	1395134571454	1395134571455	1395134571732	1395134571732	OK	 
ACTION	Pricing	3	price	1395134571585	1395134571586	1395134571750	1395134571750	OK	 
ACTION	Pricing	1	price	1395134571569	1395134571569	1395134571774	1395134571774	OK	 
ACTION	Pricing	2	price	1395134571559	1395134571559	1395134571841	1395134571841	OK	 
ACTION	Pricing	3	price	1395134571751	1395134571752	1395134571872	1395134571873	OK	 
ACTION	Pricing	6	price	1395134571734	1395134571734	1395134571919	1395134571919	OK	 
ACTION	Pricing	5	price	1395134571695	1395134571695	1395134571939	1395134571940	OK	 
ACTION	Pricing	4	price	1395134571673	1395134571673	1395134572001	1395134572001	OK	 
ACTION	Pricing	6	price	1395134571921	1395134571921	1395134572015	1395134572016	OK	 
ACTION	Pricing	3	price	1395134571874	1395134571875	1395134572053	1395134572053	OK	 
ACTION	Pricing	2	price	1395134571843	1395134571843	1395134572096	1395134572096	OK	 
ACTION	Pricing	1	price	1395134571776	1395134571777	1395134572116	1395134572116	OK	 
ACTION	Pricing	6	price	1395134572018	1395134572019	1395134572155	1395134572155	OK	 
ACTION	Pricing	5	price	1395134571941	1395134571941	1395134572216	1395134572217	OK	 
ACTION	Pricing	2	price	1395134572098	1395134572098	1395134572276	1395134572277	OK	 
ACTION	Pricing	4	price	1395134572002	1395134572003	1395134572292	1395134572292	OK	 
ACTION	Pricing	3	price	1395134572054	1395134572055	1395134572358	1395134572358	OK	 
ACTION	Pricing	5	price	1395134572218	1395134572219	1395134572359	1395134572359	OK	 
ACTION	Pricing	1	price	1395134572118	1395134572119	1395134572401	1395134572401	OK	 
ACTION	Pricing	6	price	1395134572157	1395134572158	1395134572446	1395134572446	OK	 
ACTION	Pricing	2	price	1395134572278	1395134572279	1395134572486	1395134572487	OK	 
ACTION	Pricing	1	price	1395134572403	1395134572404	1395134572544	1395134572544	OK	 
ACTION	Pricing	4	price	1395134572294	1395134572294	1395134572593	1395134572594	OK	 
ACTION	Pricing	3	price	1395134572361	1395134572361	1395134572602	1395134572602	OK	 
ACTION	Pricing	5	price	1395134572361	1395134572362	1395134572644	1395134572644	OK	 
ACTION	Pricing	6	price	1395134572447	1395134572448	1395134572662	1395134572663	OK	 
ACTION	Pricing	2	price	1395134572488	1395134572489	1395134572740	1395134572740	OK	 
ACTION	Pricing	3	price	1395134572604	1395134572604	1395134572764	1395134572764	OK	 
ACTION	Pricing	4	price	1395134572595	1395134572596	1395134572781	1395134572781	OK	 
ACTION	Pricing	6	price	1395134572664	1395134572665	1395134572857	1395134572857	OK	 
ACTION	Pricing	5	price	1395134572646	1395134572646	1395134572876	1395134572876	OK	 
ACTION	Pricing	1	price	1395134572546	1395134572547	1395134572885	1395134572885	OK	 
ACTION	Pricing	4	price	1395134572783	1395134572783	1395134572923	1395134572923	OK	 
ACTION	Pricing	3	price	1395134572765	1395134572766	1395134572943	1395134572943	OK	 
ACTION	Pricing	2	price	1395134572742	1395134572742	1395134572992	1395134572992	OK	 
ACTION	Pricing	4	price	1395134572925	1395134572926	1395134573016	1395134573017	OK	 
ACTION	Pricing	1	price	1395134572887	1395134572888	1395134573065	1395134573066	OK	 
ACTION	Pricing	6	price	1395134572859	1395134572859	1395134573087	1395134573087	OK	 
ACTION	Pricing	4	price	1395134573018	1395134573018	1395134573126	1395134573127	OK	 
ACTION	Pricing	5	price	1395134572877	1395134572878	1395134573198	1395134573198	OK	 
ACTION	Pricing	3	price	1395134572944	1395134572945	1395134573242	1395134573242	OK	 
ACTION	Pricing	6	price	1395134573089	1395134573090	1395134573263	1395134573263	OK	 
ACTION	Pricing	1	price	1395134573067	1395134573068	1395134573322	1395134573323	OK	 
ACTION	Pricing	6	price	1395134573265	1395134573266	1395134573417	1395134573417	OK	 
ACTION	Pricing	5	price	1395134573200	1395134573200	1395134573427	1395134573427	OK	 
ACTION	Pricing	4	price	1395134573128	1395134573129	1395134573455	1395134573455	OK	 
ACTION	Pricing	3	price	1395134573244	1395134573244	1395134573479	1395134573479	OK	 
ACTION	Pricing	2	price	1395134572994	1395134572995	1395134573509	1395134573509	OK	 
ACTION	Pricing	1	price	1395134573324	1395134573324	1395134573522	1395134573522	OK	 
ACTION	Pricing	6	price	1395134573419	1395134573419	1395134573554	1395134573555	OK	 
ACTION	Pricing	5	price	1395134573428	1395134573429	1395134573590	1395134573591	OK	 
ACTION	Pricing	2	price	1395134573511	1395134573511	1395134573631	1395134573631	OK	 
ACTION	Pricing	4	price	1395134573456	1395134573457	1395134573671	1395134573671	OK	 
ACTION	Pricing	3	price	1395134573481	1395134573481	1395134573688	1395134573688	OK	 
ACTION	Pricing	6	price	1395134573556	1395134573557	1395134573712	1395134573712	OK	 
ACTION	Pricing	1	price	1395134573524	1395134573525	1395134573754	1395134573754	OK	 
ACTION	Pricing	4	price	1395134573672	1395134573673	1395134573797	1395134573798	OK	 
ACTION	Pricing	2	price	1395134573633	1395134573633	1395134573864	1395134573864	OK	 
ACTION	Pricing	6	price	1395134573713	1395134573714	1395134573906	1395134573906	OK	 
ACTION	Pricing	1	price	1395134573756	1395134573756	1395134573936	1395134573937	OK	 
ACTION	Pricing	5	price	1395134573592	1395134573592	1395134573938	1395134573939	OK	 
ACTION	Pricing	2	price	1395134573866	1395134573866	1395134574013	1395134574013	OK	 
ACTION	Pricing	4	price	1395134573799	1395134573799	1395134574032	1395134574032	OK	 
ACTION	Pricing	3	price	1395134573690	1395134573690	1395134574059	1395134574059	OK	 
ACTION	Pricing	5	price	1395134573941	1395134573941	1395134574103	1395134574103	OK	 
ACTION	Pricing	1	price	1395134573939	1395134573939	1395134574143	1395134574143	OK	 
ACTION	Pricing	6	price	1395134573907	1395134573908	1395134574183	1395134574183	OK	 
ACTION	Pricing	3	price	1395134574062	1395134574062	1395134574223	1395134574223	OK	 
ACTION	Pricing	4	price	1395134574033	1395134574034	1395134574247	1395134574247	OK	 
ACTION	Pricing	2	price	1395134574015	1395134574015	1395134574310	1395134574311	OK	 
ACTION	Pricing	3	price	1395134574224	1395134574225	1395134574337	1395134574337	OK	 
ACTION	Pricing	6	price	1395134574184	1395134574185	1395134574398	1395134574398	OK	 
ACTION	Pricing	1	price	1395134574145	1395134574145	1395134574420	1395134574421	OK	 
ACTION	Pricing	5	price	1395134574104	1395134574105	1395134574499	1395134574499	OK	 
ACTION	Pricing	3	price	1395134574339	1395134574339	1395134574566	1395134574567	OK	 
ACTION	Pricing	2	price	1395134574312	1395134574313	1395134574569	1395134574569	OK	 
ACTION	Pricing	4	price	1395134574249	1395134574249	1395134574647	1395134574648	OK	 
ACTION	Pricing	1	price	1395134574422	1395134574422	1395134574651	1395134574652	OK	 
ACTION	Pricing	6	price	1395134574399	1395134574400	1395134574695	1395134574695	OK	 
ACTION	Pricing	2	price	1395134574572	1395134574573	1395134574709	1395134574709	OK	 
ACTION	Pricing	3	price	1395134574570	1395134574570	1395134574774	1395134574774	OK	 
ACTION	Pricing	5	price	1395134574501	1395134574501	1395134574810	1395134574811	OK	 
ACTION	Pricing	4	price	1395134574649	1395134574649	1395134574870	1395134574871	OK	 
ACTION	Pricing	5	price	1395134574812	1395134574813	1395134574937	1395134574937	OK	 
ACTION	Pricing	1	price	1395134574654	1395134574654	1395134574981	1395134574981	OK	 
ACTION	Pricing	3	price	1395134574776	1395134574776	1395134574981	1395134574981	OK	 
ACTION	Pricing	2	price	1395134574711	1395134574711	1395134574999	1395134575000	OK	 
ACTION	Pricing	6	price	1395134574697	1395134574697	1395134575035	1395134575035	OK	 
ACTION	Pricing	5	price	1395134574938	1395134574939	1395134575077	1395134575077	OK	 
ACTION	Pricing	4	price	1395134574872	1395134574872	1395134575098	1395134575098	OK	 
ACTION	Pricing	6	price	1395134575037	1395134575037	1395134575133	1395134575133	OK	 
ACTION	Pricing	2	price	1395134575001	1395134575001	1395134575189	1395134575189	OK	 
ACTION	Pricing	3	price	1395134574984	1395134574985	1395134575245	1395134575245	OK	 
ACTION	Pricing	1	price	1395134574983	1395134574984	1395134575247	1395134575247	OK	 
ACTION	Pricing	6	price	1395134575135	1395134575135	1395134575307	1395134575307	OK	 
ACTION	Pricing	5	price	1395134575079	1395134575080	1395134575335	1395134575335	OK	 
ACTION	Pricing	1	price	1395134575249	1395134575249	1395134575377	1395134575377	OK	 
ACTION	Pricing	3	price	1395134575247	1395134575248	1395134575388	1395134575388	OK	 
ACTION	Pricing	4	price	1395134575100	1395134575100	1395134575440	1395134575441	OK	 
ACTION	Pricing	2	price	1395134575191	1395134575191	1395134575494	1395134575494	OK	 
ACTION	Pricing	3	price	1395134575390	1395134575390	1395134575502	1395134575503	OK	 
ACTION	Pricing	1	price	1395134575378	1395134575379	1395134575551	1395134575551	OK	 
ACTION	Pricing	5	price	1395134575337	1395134575337	1395134575585	1395134575585	OK	 
ACTION	Pricing	6	price	1395134575309	1395134575309	1395134575623	1395134575624	OK	 
ACTION	Pricing	1	price	1395134575553	1395134575553	1395134575663	1395134575663	OK	 
ACTION	Pricing	3	price	1395134575504	1395134575505	1395134575687	1395134575687	OK	 
ACTION	Pricing	2	price	1395134575496	1395134575496	1395134575725	1395134575725	OK	 
ACTION	Pricing	4	price	1395134575442	1395134575443	1395134575731	1395134575731	OK	 
ACTION	Pricing	3	price	1395134575689	1395134575689	1395134575798	1395134575799	OK	 
ACTION	Pricing	1	price	1395134575664	1395134575665	1395134575824	1395134575824	OK	 
ACTION	Pricing	6	price	1395134575625	1395134575625	1395134575880	1395134575880	OK	 
ACTION	Pricing	5	price	1395134575586	1395134575587	1395134575879	1395134575880	OK	 
ACTION	Pricing	4	price	1395134575733	1395134575733	1395134575921	1395134575921	OK	 
ACTION	Pricing	2	price	1395134575726	1395134575727	1395134575959	1395134575959	OK	 
ACTION	Pricing	1	price	1395134575825	1395134575826	1395134575987	1395134575987	OK	 
ACTION	Pricing	3	price	1395134575800	1395134575801	1395134575999	1395134576000	OK	 
ACTION	Pricing	4	price	1395134575923	1395134575923	1395134576037	1395134576037	OK	 
ACTION	Pricing	5	price	1395134575883	1395134575883	1395134576098	1395134576098	OK	 
ACTION	Pricing	6	price	1395134575883	1395134575883	1395134576131	1395134576132	OK	 
ACTION	Pricing	1	price	1395134575989	1395134575989	1395134576182	1395134576183	OK	 
ACTION	Pricing	6	price	1395134576133	1395134576134	1395134576231	1395134576232	OK	 
SCENARIO	Pricing	6	END	1395134576233
ACTION	Pricing	2	price	1395134575961	1395134575961	1395134576248	1395134576249	OK	 
SCENARIO	Pricing	2	END	1395134576249
ACTION	Pricing	1	price	1395134576184	1395134576185	1395134576319	1395134576319	OK	 
SCENARIO	Pricing	1	END	1395134576320
ACTION	Pricing	3	price	1395134576001	1395134576001	1395134576326	1395134576327	OK	 
SCENARIO	Pricing	3	END	1395134576327
ACTION	Pricing	4	price	1395134576039	1395134576040	1395134576340	1395134576340	OK	 
SCENARIO	Pricing	4	END	1395134576341
ACTION	Pricing	5	price	1395134576100	1395134576100	1395134576353	1395134576353	OK	 
SCENARIO	Pricing	5	END	1395134576354
