RUN	20140318132009	pricingsimulation	pricingsimulation
SCENARIO	Pricing	56	START	1395148812632
SCENARIO	Pricing	83	START	1395148812635
SCENARIO	Pricing	93	START	1395148812635
SCENARIO	Pricing	92	START	1395148812636
SCENARIO	Pricing	1	START	1395148812636
SCENARIO	Pricing	4	START	1395148812636
SCENARIO	Pricing	9	START	1395148812636
SCENARIO	Pricing	40	START	1395148812637
SCENARIO	Pricing	3	START	1395148812638
SCENARIO	Pricing	95	START	1395148812638
SCENARIO	Pricing	41	START	1395148812639
SCENARIO	Pricing	7	START	1395148812639
SCENARIO	Pricing	27	START	1395148812639
SCENARIO	Pricing	23	START	1395148812639
SCENARIO	Pricing	53	START	1395148812639
SCENARIO	Pricing	13	START	1395148812639
SCENARIO	Pricing	97	START	1395148812639
SCENARIO	Pricing	60	START	1395148812639
SCENARIO	Pricing	85	START	1395148812639
SCENARIO	Pricing	34	START	1395148812639
SCENARIO	Pricing	5	START	1395148812639
SCENARIO	Pricing	17	START	1395148812639
SCENARIO	Pricing	96	START	1395148812639
SCENARIO	Pricing	57	START	1395148812639
SCENARIO	Pricing	21	START	1395148812639
SCENARIO	Pricing	32	START	1395148812640
SCENARIO	Pricing	61	START	1395148812640
SCENARIO	Pricing	79	START	1395148812640
SCENARIO	Pricing	30	START	1395148812640
SCENARIO	Pricing	45	START	1395148812640
SCENARIO	Pricing	15	START	1395148812641
SCENARIO	Pricing	71	START	1395148812641
SCENARIO	Pricing	69	START	1395148812641
SCENARIO	Pricing	76	START	1395148812641
SCENARIO	Pricing	18	START	1395148812641
SCENARIO	Pricing	54	START	1395148812642
SCENARIO	Pricing	29	START	1395148812642
SCENARIO	Pricing	43	START	1395148812642
SCENARIO	Pricing	12	START	1395148812642
SCENARIO	Pricing	62	START	1395148812642
SCENARIO	Pricing	84	START	1395148812642
SCENARIO	Pricing	63	START	1395148812642
SCENARIO	Pricing	77	START	1395148812642
SCENARIO	Pricing	24	START	1395148812642
SCENARIO	Pricing	6	START	1395148812642
SCENARIO	Pricing	38	START	1395148812644
SCENARIO	Pricing	25	START	1395148812644
SCENARIO	Pricing	98	START	1395148812644
SCENARIO	Pricing	67	START	1395148812644
SCENARIO	Pricing	82	START	1395148812644
SCENARIO	Pricing	36	START	1395148812644
SCENARIO	Pricing	37	START	1395148812644
SCENARIO	Pricing	22	START	1395148812644
SCENARIO	Pricing	19	START	1395148812644
SCENARIO	Pricing	10	START	1395148812644
SCENARIO	Pricing	55	START	1395148812645
SCENARIO	Pricing	46	START	1395148812645
SCENARIO	Pricing	31	START	1395148812645
SCENARIO	Pricing	50	START	1395148812645
SCENARIO	Pricing	80	START	1395148812645
SCENARIO	Pricing	88	START	1395148812645
SCENARIO	Pricing	33	START	1395148812645
SCENARIO	Pricing	89	START	1395148812645
SCENARIO	Pricing	20	START	1395148812645
SCENARIO	Pricing	51	START	1395148812645
SCENARIO	Pricing	87	START	1395148812645
SCENARIO	Pricing	39	START	1395148812645
SCENARIO	Pricing	86	START	1395148812645
SCENARIO	Pricing	49	START	1395148812645
SCENARIO	Pricing	11	START	1395148812645
SCENARIO	Pricing	64	START	1395148812645
SCENARIO	Pricing	44	START	1395148812645
SCENARIO	Pricing	8	START	1395148812645
SCENARIO	Pricing	59	START	1395148812645
SCENARIO	Pricing	66	START	1395148812645
SCENARIO	Pricing	78	START	1395148812645
SCENARIO	Pricing	94	START	1395148812645
SCENARIO	Pricing	47	START	1395148812645
SCENARIO	Pricing	81	START	1395148812645
SCENARIO	Pricing	74	START	1395148812645
SCENARIO	Pricing	99	START	1395148812645
SCENARIO	Pricing	91	START	1395148812645
SCENARIO	Pricing	70	START	1395148812646
SCENARIO	Pricing	72	START	1395148812646
SCENARIO	Pricing	48	START	1395148812646
SCENARIO	Pricing	14	START	1395148812646
SCENARIO	Pricing	75	START	1395148812646
SCENARIO	Pricing	28	START	1395148812646
SCENARIO	Pricing	68	START	1395148812646
SCENARIO	Pricing	65	START	1395148812646
SCENARIO	Pricing	16	START	1395148812646
SCENARIO	Pricing	52	START	1395148812646
SCENARIO	Pricing	73	START	1395148812646
SCENARIO	Pricing	26	START	1395148812646
SCENARIO	Pricing	2	START	1395148812646
SCENARIO	Pricing	90	START	1395148812646
SCENARIO	Pricing	100	START	1395148812646
SCENARIO	Pricing	35	START	1395148812646
SCENARIO	Pricing	58	START	1395148812646
SCENARIO	Pricing	42	START	1395148812646
ACTION	Pricing	60	price	1395148812758	1395148812795	1395148814193	1395148814223	OK	 
ACTION	Pricing	2	price	1395148812973	1395148812987	1395148814255	1395148814255	OK	 
ACTION	Pricing	4	price	1395148812726	1395148812750	1395148814373	1395148814373	OK	 
ACTION	Pricing	74	price	1395148812954	1395148812962	1395148814448	1395148814448	OK	 
ACTION	Pricing	45	price	1395148812780	1395148812798	1395148814525	1395148814525	OK	 
ACTION	Pricing	61	price	1395148812772	1395148812794	1395148814597	1395148814597	OK	 
ACTION	Pricing	39	price	1395148812936	1395148812938	1395148814668	1395148814668	OK	 
ACTION	Pricing	100	price	1395148812979	1395148812992	1395148814742	1395148814743	OK	 
ACTION	Pricing	37	price	1395148812891	1395148812906	1395148814817	1395148814818	OK	 
ACTION	Pricing	84	price	1395148812853	1395148812857	1395148814880	1395148814881	OK	 
ACTION	Pricing	1	price	1395148812724	1395148812748	1395148814940	1395148814940	OK	 
ACTION	Pricing	44	price	1395148812945	1395148812949	1395148814977	1395148814977	OK	 
ACTION	Pricing	57	price	1395148812766	1395148812792	1395148815053	1395148815054	OK	 
ACTION	Pricing	24	price	1395148812862	1395148812869	1395148815126	1395148815127	OK	 
ACTION	Pricing	95	price	1395148812734	1395148812782	1395148815210	1395148815210	OK	 
ACTION	Pricing	97	price	1395148812757	1395148812788	1395148815284	1395148815285	OK	 
ACTION	Pricing	89	price	1395148812925	1395148812930	1395148815354	1395148815354	OK	 
ACTION	Pricing	79	price	1395148812772	1395148812793	1395148815447	1395148815447	OK	 
ACTION	Pricing	41	price	1395148812735	1395148812777	1395148815493	1395148815493	OK	 
ACTION	Pricing	28	price	1395148812966	1395148812977	1395148815562	1395148815562	OK	 
ACTION	Pricing	18	price	1395148812815	1395148812821	1395148815633	1395148815633	OK	 
ACTION	Pricing	8	price	1395148812945	1395148812951	1395148815705	1395148815705	OK	 
ACTION	Pricing	12	price	1395148812845	1395148812848	1395148815773	1395148815773	OK	 
ACTION	Pricing	59	price	1395148812947	1395148812953	1395148815844	1395148815844	OK	 
ACTION	Pricing	42	price	1395148812982	1395148812989	1395148815915	1395148815915	OK	 
ACTION	Pricing	64	price	1395148812945	1395148812946	1395148815983	1395148815983	OK	 
ACTION	Pricing	30	price	1395148812780	1395148812796	1395148816054	1395148816054	OK	 
ACTION	Pricing	72	price	1395148812963	1395148812979	1395148816127	1395148816128	OK	 
ACTION	Pricing	92	price	1395148812724	1395148812740	1395148816202	1395148816202	OK	 
ACTION	Pricing	58	price	1395148812981	1395148812986	1395148816277	1395148816278	OK	 
ACTION	Pricing	36	price	1395148812890	1395148812904	1395148816346	1395148816346	OK	 
ACTION	Pricing	46	price	1395148812896	1395148812908	1395148816423	1395148816423	OK	 
ACTION	Pricing	90	price	1395148812975	1395148812986	1395148816498	1395148816498	OK	 
ACTION	Pricing	80	price	1395148812919	1395148812925	1395148816573	1395148816574	OK	 
ACTION	Pricing	88	price	1395148812922	1395148812926	1395148816672	1395148816672	OK	 
ACTION	Pricing	85	price	1395148812760	1395148812788	1395148816742	1395148816742	OK	 
ACTION	Pricing	78	price	1395148812950	1395148812958	1395148816814	1395148816814	OK	 
ACTION	Pricing	65	price	1395148812968	1395148812983	1395148816907	1395148816907	OK	 
ACTION	Pricing	3	price	1395148812734	1395148812776	1395148816956	1395148816956	OK	 
ACTION	Pricing	35	price	1395148812980	1395148812985	1395148817041	1395148817041	OK	 
ACTION	Pricing	38	price	1395148812874	1395148812878	1395148817158	1395148817159	OK	 
ACTION	Pricing	96	price	1395148812765	1395148812793	1395148817193	1395148817194	OK	 
ACTION	Pricing	53	price	1395148812754	1395148812784	1395148817258	1395148817258	OK	 
ACTION	Pricing	99	price	1395148812960	1395148812964	1395148817327	1395148817327	OK	 
ACTION	Pricing	86	price	1395148812938	1395148812939	1395148817398	1395148817399	OK	 
ACTION	Pricing	55	price	1395148812895	1395148812907	1395148817468	1395148817468	OK	 
ACTION	Pricing	73	price	1395148812971	1395148812988	1395148817539	1395148817540	OK	 
ACTION	Pricing	70	price	1395148812962	1395148812969	1395148817614	1395148817614	OK	 
ACTION	Pricing	23	price	1395148812753	1395148812788	1395148817684	1395148817684	OK	 
ACTION	Pricing	76	price	1395148812815	1395148812825	1395148817757	1395148817757	OK	 
ACTION	Pricing	32	price	1395148812772	1395148812797	1395148817834	1395148817834	OK	 
ACTION	Pricing	83	price	1395148812713	1395148812736	1395148817903	1395148817904	OK	 
ACTION	Pricing	48	price	1395148812972	1395148812975	1395148817974	1395148817974	OK	 
ACTION	Pricing	93	price	1395148812715	1395148812736	1395148818042	1395148818043	OK	 
ACTION	Pricing	56	price	1395148812715	1395148812736	1395148818109	1395148818109	OK	 
ACTION	Pricing	6	price	1395148812869	1395148812873	1395148818179	1395148818180	OK	 
ACTION	Pricing	19	price	1395148812894	1395148812904	1395148818248	1395148818249	OK	 
ACTION	Pricing	27	price	1395148812751	1395148812784	1395148818320	1395148818320	OK	 
ACTION	Pricing	17	price	1395148812765	1395148812796	1395148818385	1395148818386	OK	 
ACTION	Pricing	82	price	1395148812888	1395148812903	1395148818451	1395148818452	OK	 
ACTION	Pricing	7	price	1395148812747	1395148812781	1395148818519	1395148818519	OK	 
ACTION	Pricing	81	price	1395148812953	1395148812959	1395148818591	1395148818591	OK	 
ACTION	Pricing	98	price	1395148812882	1395148812885	1395148818664	1395148818664	OK	 
ACTION	Pricing	15	price	1395148812789	1395148812804	1395148818734	1395148818734	OK	 
ACTION	Pricing	25	price	1395148812878	1395148812882	1395148818805	1395148818805	OK	 
ACTION	Pricing	9	price	1395148812730	1395148812749	1395148818876	1395148818876	OK	 
ACTION	Pricing	34	price	1395148812762	1395148812792	1395148818949	1395148818949	OK	 
ACTION	Pricing	29	price	1395148812830	1395148812837	1395148819023	1395148819024	OK	 
ACTION	Pricing	33	price	1395148812923	1395148812925	1395148819155	1395148819155	OK	 
ACTION	Pricing	10	price	1395148812894	1395148812905	1395148819228	1395148819229	OK	 
ACTION	Pricing	49	price	1395148812939	1395148812941	1395148819297	1395148819298	OK	 
ACTION	Pricing	77	price	1395148812861	1395148812864	1395148819371	1395148819371	OK	 
ACTION	Pricing	47	price	1395148812951	1395148812954	1395148819444	1395148819444	OK	 
ACTION	Pricing	5	price	1395148812765	1395148812795	1395148819510	1395148819510	OK	 
ACTION	Pricing	94	price	1395148812951	1395148812955	1395148819519	1395148819519	OK	 
ACTION	Pricing	16	price	1395148812969	1395148812986	1395148819586	1395148819586	OK	 
ACTION	Pricing	40	price	1395148812732	1395148812749	1395148819659	1395148819659	OK	 
ACTION	Pricing	50	price	1395148812917	1395148812919	1395148819733	1395148819733	OK	 
ACTION	Pricing	91	price	1395148812961	1395148812968	1395148819810	1395148819810	OK	 
ACTION	Pricing	26	price	1395148812972	1395148812988	1395148819886	1395148819886	OK	 
ACTION	Pricing	66	price	1395148812949	1395148812957	1395148819966	1395148819967	OK	 
ACTION	Pricing	14	price	1395148812964	1395148812976	1395148820045	1395148820046	OK	 
ACTION	Pricing	71	price	1395148812799	1395148812804	1395148820116	1395148820116	OK	 
ACTION	Pricing	69	price	1395148812804	1395148812818	1395148820192	1395148820192	OK	 
ACTION	Pricing	22	price	1395148812893	1395148812908	1395148820263	1395148820263	OK	 
ACTION	Pricing	67	price	1395148812886	1395148812888	1395148820334	1395148820334	OK	 
ACTION	Pricing	52	price	1395148812970	1395148812985	1395148820402	1395148820403	OK	 
ACTION	Pricing	31	price	1395148812904	1395148812917	1395148820469	1395148820470	OK	 
ACTION	Pricing	51	price	1395148812929	1395148812932	1395148820542	1395148820542	OK	 
ACTION	Pricing	68	price	1395148812967	1395148812984	1395148820614	1395148820615	OK	 
ACTION	Pricing	87	price	1395148812933	1395148812935	1395148820685	1395148820686	OK	 
ACTION	Pricing	54	price	1395148812819	1395148812829	1395148820753	1395148820753	OK	 
ACTION	Pricing	21	price	1395148812768	1395148812796	1395148820822	1395148820822	OK	 
ACTION	Pricing	43	price	1395148812840	1395148812845	1395148820899	1395148820900	OK	 
ACTION	Pricing	63	price	1395148812858	1395148812860	1395148820972	1395148820972	OK	 
ACTION	Pricing	62	price	1395148812849	1395148812852	1395148821037	1395148821038	OK	 
ACTION	Pricing	13	price	1395148812757	1395148812785	1395148821167	1395148821168	OK	 
ACTION	Pricing	75	price	1395148812965	1395148812974	1395148821176	1395148821177	OK	 
ACTION	Pricing	11	price	1395148812941	1395148812944	1395148821251	1395148821252	OK	 
ACTION	Pricing	20	price	1395148812928	1395148812930	1395148821321	1395148821321	OK	 
ACTION	Pricing	60	price	1395148814306	1395148814309	1395148821398	1395148821398	OK	 
ACTION	Pricing	2	price	1395148814309	1395148814311	1395148821469	1395148821469	OK	 
ACTION	Pricing	4	price	1395148814437	1395148814439	1395148821539	1395148821540	OK	 
ACTION	Pricing	74	price	1395148814450	1395148814452	1395148821608	1395148821608	OK	 
ACTION	Pricing	45	price	1395148814527	1395148814528	1395148821678	1395148821679	OK	 
ACTION	Pricing	61	price	1395148814599	1395148814606	1395148821747	1395148821748	OK	 
ACTION	Pricing	39	price	1395148814671	1395148814672	1395148821817	1395148821817	OK	 
ACTION	Pricing	100	price	1395148814745	1395148814746	1395148821908	1395148821908	OK	 
ACTION	Pricing	37	price	1395148814820	1395148814821	1395148821975	1395148821976	OK	 
ACTION	Pricing	84	price	1395148814884	1395148814885	1395148822046	1395148822046	OK	 
ACTION	Pricing	1	price	1395148814942	1395148814943	1395148822114	1395148822114	OK	 
ACTION	Pricing	44	price	1395148814979	1395148814981	1395148822190	1395148822190	OK	 
ACTION	Pricing	57	price	1395148815055	1395148815057	1395148822263	1395148822263	OK	 
ACTION	Pricing	24	price	1395148815129	1395148815131	1395148822331	1395148822331	OK	 
ACTION	Pricing	95	price	1395148815213	1395148815213	1395148822404	1395148822404	OK	 
ACTION	Pricing	97	price	1395148815287	1395148815289	1395148822477	1395148822477	OK	 
ACTION	Pricing	89	price	1395148815356	1395148815357	1395148822548	1395148822548	OK	 
ACTION	Pricing	79	price	1395148815449	1395148815450	1395148822619	1395148822619	OK	 
ACTION	Pricing	41	price	1395148815495	1395148815497	1395148822688	1395148822688	OK	 
ACTION	Pricing	28	price	1395148815564	1395148815566	1395148822763	1395148822764	OK	 
ACTION	Pricing	18	price	1395148815635	1395148815636	1395148822831	1395148822832	OK	 
ACTION	Pricing	8	price	1395148815707	1395148815708	1395148822906	1395148822906	OK	 
ACTION	Pricing	12	price	1395148815776	1395148815777	1395148822978	1395148822978	OK	 
ACTION	Pricing	59	price	1395148815846	1395148815847	1395148823051	1395148823051	OK	 
ACTION	Pricing	42	price	1395148815918	1395148815919	1395148823125	1395148823125	OK	 
ACTION	Pricing	64	price	1395148815985	1395148815987	1395148823196	1395148823197	OK	 
ACTION	Pricing	30	price	1395148816056	1395148816058	1395148823274	1395148823275	OK	 
ACTION	Pricing	72	price	1395148816130	1395148816131	1395148823349	1395148823349	OK	 
ACTION	Pricing	92	price	1395148816204	1395148816205	1395148823427	1395148823427	OK	 
ACTION	Pricing	58	price	1395148816281	1395148816281	1395148823504	1395148823504	OK	 
ACTION	Pricing	36	price	1395148816348	1395148816351	1395148823575	1395148823575	OK	 
ACTION	Pricing	46	price	1395148816425	1395148816426	1395148823642	1395148823642	OK	 
ACTION	Pricing	90	price	1395148816500	1395148816501	1395148823709	1395148823709	OK	 
ACTION	Pricing	80	price	1395148816576	1395148816577	1395148823778	1395148823778	OK	 
ACTION	Pricing	88	price	1395148816676	1395148816677	1395148823850	1395148823850	OK	 
ACTION	Pricing	85	price	1395148816744	1395148816746	1395148823920	1395148823921	OK	 
ACTION	Pricing	78	price	1395148816816	1395148816817	1395148823995	1395148823995	OK	 
ACTION	Pricing	65	price	1395148816911	1395148816912	1395148824067	1395148824067	OK	 
ACTION	Pricing	3	price	1395148816958	1395148816960	1395148824140	1395148824140	OK	 
ACTION	Pricing	35	price	1395148817045	1395148817045	1395148824209	1395148824209	OK	 
ACTION	Pricing	38	price	1395148817160	1395148817161	1395148824288	1395148824288	OK	 
ACTION	Pricing	96	price	1395148817196	1395148817196	1395148824357	1395148824357	OK	 
ACTION	Pricing	53	price	1395148817259	1395148817260	1395148824428	1395148824428	OK	 
ACTION	Pricing	99	price	1395148817329	1395148817330	1395148824509	1395148824509	OK	 
ACTION	Pricing	86	price	1395148817401	1395148817402	1395148824597	1395148824598	OK	 
ACTION	Pricing	55	price	1395148817471	1395148817471	1395148824662	1395148824663	OK	 
ACTION	Pricing	73	price	1395148817544	1395148817544	1395148824736	1395148824736	OK	 
ACTION	Pricing	70	price	1395148817616	1395148817617	1395148824802	1395148824802	OK	 
ACTION	Pricing	23	price	1395148817686	1395148817687	1395148824870	1395148824870	OK	 
ACTION	Pricing	76	price	1395148817760	1395148817761	1395148824938	1395148824938	OK	 
ACTION	Pricing	32	price	1395148817837	1395148817837	1395148825008	1395148825008	OK	 
ACTION	Pricing	83	price	1395148817906	1395148817907	1395148825079	1395148825080	OK	 
ACTION	Pricing	48	price	1395148817977	1395148817978	1395148825149	1395148825149	OK	 
ACTION	Pricing	93	price	1395148818045	1395148818045	1395148825220	1395148825221	OK	 
ACTION	Pricing	56	price	1395148818112	1395148818113	1395148825287	1395148825288	OK	 
ACTION	Pricing	6	price	1395148818182	1395148818182	1395148825356	1395148825357	OK	 
ACTION	Pricing	19	price	1395148818250	1395148818251	1395148825448	1395148825448	OK	 
ACTION	Pricing	27	price	1395148818322	1395148818323	1395148825515	1395148825515	OK	 
ACTION	Pricing	17	price	1395148818388	1395148818389	1395148825586	1395148825586	OK	 
ACTION	Pricing	82	price	1395148818454	1395148818455	1395148825655	1395148825655	OK	 
ACTION	Pricing	7	price	1395148818521	1395148818522	1395148825724	1395148825724	OK	 
ACTION	Pricing	81	price	1395148818593	1395148818594	1395148825790	1395148825790	OK	 
ACTION	Pricing	98	price	1395148818666	1395148818667	1395148825861	1395148825861	OK	 
ACTION	Pricing	15	price	1395148818736	1395148818737	1395148825933	1395148825933	OK	 
ACTION	Pricing	25	price	1395148818807	1395148818808	1395148826008	1395148826009	OK	 
ACTION	Pricing	9	price	1395148818878	1395148818879	1395148826083	1395148826084	OK	 
ACTION	Pricing	34	price	1395148818951	1395148818952	1395148826148	1395148826148	OK	 
ACTION	Pricing	29	price	1395148819026	1395148819027	1395148826213	1395148826213	OK	 
ACTION	Pricing	33	price	1395148819157	1395148819158	1395148826282	1395148826282	OK	 
ACTION	Pricing	10	price	1395148819230	1395148819232	1395148826352	1395148826352	OK	 
ACTION	Pricing	49	price	1395148819300	1395148819300	1395148826417	1395148826417	OK	 
ACTION	Pricing	77	price	1395148819373	1395148819374	1395148826486	1395148826486	OK	 
ACTION	Pricing	47	price	1395148819446	1395148819447	1395148826557	1395148826557	OK	 
ACTION	Pricing	5	price	1395148819513	1395148819513	1395148826624	1395148826624	OK	 
ACTION	Pricing	94	price	1395148819521	1395148819522	1395148826699	1395148826700	OK	 
ACTION	Pricing	16	price	1395148819588	1395148819589	1395148826769	1395148826770	OK	 
ACTION	Pricing	40	price	1395148819661	1395148819662	1395148826841	1395148826842	OK	 
ACTION	Pricing	50	price	1395148819735	1395148819736	1395148826914	1395148826915	OK	 
ACTION	Pricing	91	price	1395148819813	1395148819814	1395148826983	1395148826984	OK	 
ACTION	Pricing	26	price	1395148819894	1395148819894	1395148827053	1395148827053	OK	 
ACTION	Pricing	66	price	1395148819969	1395148819970	1395148827122	1395148827122	OK	 
ACTION	Pricing	14	price	1395148820048	1395148820048	1395148827188	1395148827188	OK	 
ACTION	Pricing	71	price	1395148820118	1395148820119	1395148827258	1395148827258	OK	 
ACTION	Pricing	69	price	1395148820195	1395148820195	1395148827329	1395148827329	OK	 
ACTION	Pricing	22	price	1395148820265	1395148820265	1395148827397	1395148827398	OK	 
ACTION	Pricing	67	price	1395148820336	1395148820336	1395148827470	1395148827470	OK	 
ACTION	Pricing	52	price	1395148820405	1395148820405	1395148827546	1395148827547	OK	 
ACTION	Pricing	31	price	1395148820471	1395148820472	1395148827615	1395148827615	OK	 
ACTION	Pricing	51	price	1395148820544	1395148820545	1395148827685	1395148827685	OK	 
ACTION	Pricing	68	price	1395148820617	1395148820618	1395148827755	1395148827756	OK	 
ACTION	Pricing	87	price	1395148820687	1395148820688	1395148827826	1395148827827	OK	 
ACTION	Pricing	54	price	1395148820755	1395148820755	1395148827892	1395148827893	OK	 
ACTION	Pricing	21	price	1395148820824	1395148820825	1395148827969	1395148827969	OK	 
ACTION	Pricing	43	price	1395148820902	1395148820902	1395148828037	1395148828038	OK	 
ACTION	Pricing	63	price	1395148820973	1395148820974	1395148828110	1395148828110	OK	 
ACTION	Pricing	62	price	1395148821039	1395148821040	1395148828177	1395148828177	OK	 
ACTION	Pricing	13	price	1395148821170	1395148821170	1395148828251	1395148828251	OK	 
ACTION	Pricing	75	price	1395148821179	1395148821179	1395148828319	1395148828319	OK	 
ACTION	Pricing	11	price	1395148821253	1395148821254	1395148828388	1395148828389	OK	 
ACTION	Pricing	20	price	1395148821323	1395148821324	1395148828458	1395148828458	OK	 
ACTION	Pricing	60	price	1395148821400	1395148821400	1395148828526	1395148828526	OK	 
ACTION	Pricing	2	price	1395148821471	1395148821471	1395148828599	1395148828599	OK	 
ACTION	Pricing	4	price	1395148821542	1395148821543	1395148828670	1395148828670	OK	 
ACTION	Pricing	74	price	1395148821611	1395148821611	1395148828740	1395148828740	OK	 
ACTION	Pricing	45	price	1395148821680	1395148821682	1395148828815	1395148828815	OK	 
ACTION	Pricing	61	price	1395148821750	1395148821751	1395148828920	1395148828921	OK	 
ACTION	Pricing	39	price	1395148821819	1395148821819	1395148828972	1395148828972	OK	 
ACTION	Pricing	100	price	1395148821910	1395148821911	1395148829045	1395148829045	OK	 
ACTION	Pricing	37	price	1395148821978	1395148821978	1395148829115	1395148829116	OK	 
ACTION	Pricing	84	price	1395148822048	1395148822049	1395148829184	1395148829184	OK	 
ACTION	Pricing	1	price	1395148822117	1395148822118	1395148829250	1395148829250	OK	 
ACTION	Pricing	44	price	1395148822191	1395148822192	1395148829321	1395148829322	OK	 
ACTION	Pricing	57	price	1395148822265	1395148822265	1395148829394	1395148829394	OK	 
ACTION	Pricing	24	price	1395148822333	1395148822334	1395148829467	1395148829468	OK	 
ACTION	Pricing	95	price	1395148822406	1395148822407	1395148829535	1395148829536	OK	 
ACTION	Pricing	97	price	1395148822479	1395148822479	1395148829608	1395148829608	OK	 
ACTION	Pricing	89	price	1395148822550	1395148822550	1395148829683	1395148829684	OK	 
ACTION	Pricing	79	price	1395148822621	1395148822621	1395148829758	1395148829758	OK	 
ACTION	Pricing	41	price	1395148822690	1395148822691	1395148829827	1395148829827	OK	 
ACTION	Pricing	28	price	1395148822766	1395148822767	1395148829900	1395148829900	OK	 
ACTION	Pricing	18	price	1395148822833	1395148822834	1395148829971	1395148829972	OK	 
ACTION	Pricing	8	price	1395148822908	1395148822909	1395148830040	1395148830040	OK	 
ACTION	Pricing	12	price	1395148822980	1395148822981	1395148830108	1395148830108	OK	 
ACTION	Pricing	59	price	1395148823053	1395148823053	1395148830171	1395148830171	OK	 
ACTION	Pricing	42	price	1395148823127	1395148823127	1395148830241	1395148830241	OK	 
ACTION	Pricing	64	price	1395148823198	1395148823199	1395148830313	1395148830313	OK	 
ACTION	Pricing	30	price	1395148823277	1395148823277	1395148830384	1395148830384	OK	 
ACTION	Pricing	72	price	1395148823351	1395148823352	1395148830458	1395148830459	OK	 
ACTION	Pricing	92	price	1395148823430	1395148823430	1395148830529	1395148830529	OK	 
ACTION	Pricing	58	price	1395148823506	1395148823506	1395148830603	1395148830603	OK	 
ACTION	Pricing	36	price	1395148823577	1395148823578	1395148830673	1395148830674	OK	 
ACTION	Pricing	46	price	1395148823644	1395148823645	1395148830745	1395148830745	OK	 
ACTION	Pricing	90	price	1395148823711	1395148823711	1395148830818	1395148830818	OK	 
ACTION	Pricing	80	price	1395148823780	1395148823780	1395148830887	1395148830887	OK	 
ACTION	Pricing	88	price	1395148823852	1395148823853	1395148830957	1395148830957	OK	 
ACTION	Pricing	85	price	1395148823923	1395148823924	1395148831029	1395148831029	OK	 
ACTION	Pricing	78	price	1395148823998	1395148823998	1395148831096	1395148831097	OK	 
ACTION	Pricing	65	price	1395148824069	1395148824070	1395148831165	1395148831166	OK	 
ACTION	Pricing	3	price	1395148824142	1395148824143	1395148831235	1395148831235	OK	 
ACTION	Pricing	35	price	1395148824211	1395148824212	1395148831311	1395148831311	OK	 
ACTION	Pricing	38	price	1395148824290	1395148824291	1395148831384	1395148831384	OK	 
ACTION	Pricing	96	price	1395148824359	1395148824360	1395148831457	1395148831457	OK	 
ACTION	Pricing	53	price	1395148824430	1395148824431	1395148831529	1395148831530	OK	 
ACTION	Pricing	99	price	1395148824511	1395148824514	1395148831600	1395148831601	OK	 
ACTION	Pricing	86	price	1395148824600	1395148824601	1395148831673	1395148831673	OK	 
ACTION	Pricing	55	price	1395148824665	1395148824665	1395148831748	1395148831748	OK	 
ACTION	Pricing	73	price	1395148824738	1395148824738	1395148831835	1395148831835	OK	 
ACTION	Pricing	70	price	1395148824804	1395148824805	1395148831907	1395148831908	OK	 
ACTION	Pricing	23	price	1395148824872	1395148824872	1395148831982	1395148831983	OK	 
ACTION	Pricing	76	price	1395148824941	1395148824941	1395148832056	1395148832056	OK	 
ACTION	Pricing	32	price	1395148825010	1395148825011	1395148832130	1395148832130	OK	 
ACTION	Pricing	83	price	1395148825085	1395148825086	1395148832199	1395148832199	OK	 
ACTION	Pricing	48	price	1395148825151	1395148825152	1395148832264	1395148832264	OK	 
ACTION	Pricing	93	price	1395148825223	1395148825223	1395148832334	1395148832335	OK	 
ACTION	Pricing	56	price	1395148825290	1395148825290	1395148832406	1395148832406	OK	 
ACTION	Pricing	6	price	1395148825359	1395148825359	1395148832478	1395148832478	OK	 
ACTION	Pricing	19	price	1395148825451	1395148825451	1395148832556	1395148832556	OK	 
ACTION	Pricing	27	price	1395148825517	1395148825518	1395148832657	1395148832658	OK	 
ACTION	Pricing	17	price	1395148825588	1395148825588	1395148832700	1395148832700	OK	 
ACTION	Pricing	82	price	1395148825657	1395148825658	1395148832777	1395148832777	OK	 
ACTION	Pricing	7	price	1395148825726	1395148825727	1395148832861	1395148832861	OK	 
ACTION	Pricing	81	price	1395148825792	1395148825793	1395148832948	1395148832949	OK	 
ACTION	Pricing	98	price	1395148825863	1395148825864	1395148833029	1395148833029	OK	 
ACTION	Pricing	15	price	1395148825935	1395148825935	1395148833105	1395148833106	OK	 
ACTION	Pricing	25	price	1395148826012	1395148826012	1395148833185	1395148833185	OK	 
ACTION	Pricing	9	price	1395148826085	1395148826086	1395148833261	1395148833261	OK	 
ACTION	Pricing	34	price	1395148826150	1395148826151	1395148833341	1395148833341	OK	 
ACTION	Pricing	29	price	1395148826215	1395148826215	1395148833421	1395148833421	OK	 
ACTION	Pricing	33	price	1395148826284	1395148826284	1395148833501	1395148833501	OK	 
ACTION	Pricing	10	price	1395148826354	1395148826355	1395148833582	1395148833583	OK	 
ACTION	Pricing	49	price	1395148826419	1395148826420	1395148833661	1395148833662	OK	 
ACTION	Pricing	77	price	1395148826488	1395148826488	1395148833748	1395148833748	OK	 
ACTION	Pricing	47	price	1395148826559	1395148826559	1395148833832	1395148833833	OK	 
ACTION	Pricing	5	price	1395148826626	1395148826627	1395148833920	1395148833920	OK	 
ACTION	Pricing	94	price	1395148826702	1395148826702	1395148834008	1395148834009	OK	 
ACTION	Pricing	16	price	1395148826771	1395148826772	1395148834099	1395148834099	OK	 
ACTION	Pricing	40	price	1395148826844	1395148826844	1395148834195	1395148834196	OK	 
ACTION	Pricing	50	price	1395148826917	1395148826917	1395148834284	1395148834284	OK	 
ACTION	Pricing	91	price	1395148826986	1395148826986	1395148834366	1395148834367	OK	 
ACTION	Pricing	26	price	1395148827055	1395148827056	1395148834450	1395148834450	OK	 
ACTION	Pricing	66	price	1395148827124	1395148827125	1395148834540	1395148834540	OK	 
ACTION	Pricing	14	price	1395148827190	1395148827190	1395148834621	1395148834621	OK	 
ACTION	Pricing	71	price	1395148827260	1395148827260	1395148834707	1395148834708	OK	 
ACTION	Pricing	69	price	1395148827332	1395148827332	1395148834788	1395148834788	OK	 
ACTION	Pricing	22	price	1395148827400	1395148827400	1395148834868	1395148834868	OK	 
ACTION	Pricing	67	price	1395148827473	1395148827474	1395148834956	1395148834957	OK	 
ACTION	Pricing	52	price	1395148827548	1395148827549	1395148835042	1395148835043	OK	 
ACTION	Pricing	31	price	1395148827617	1395148827617	1395148835129	1395148835129	OK	 
ACTION	Pricing	51	price	1395148827687	1395148827687	1395148835212	1395148835212	OK	 
ACTION	Pricing	68	price	1395148827757	1395148827758	1395148835297	1395148835297	OK	 
ACTION	Pricing	87	price	1395148827829	1395148827829	1395148835382	1395148835382	OK	 
ACTION	Pricing	54	price	1395148827895	1395148827896	1395148835464	1395148835464	OK	 
ACTION	Pricing	21	price	1395148827970	1395148827971	1395148835545	1395148835546	OK	 
ACTION	Pricing	43	price	1395148828039	1395148828040	1395148835636	1395148835636	OK	 
ACTION	Pricing	63	price	1395148828112	1395148828113	1395148835719	1395148835719	OK	 
ACTION	Pricing	62	price	1395148828179	1395148828179	1395148835800	1395148835800	OK	 
ACTION	Pricing	13	price	1395148828253	1395148828254	1395148835878	1395148835878	OK	 
ACTION	Pricing	75	price	1395148828321	1395148828322	1395148835953	1395148835953	OK	 
ACTION	Pricing	11	price	1395148828391	1395148828391	1395148836024	1395148836024	OK	 
ACTION	Pricing	20	price	1395148828459	1395148828460	1395148836093	1395148836093	OK	 
ACTION	Pricing	60	price	1395148828528	1395148828529	1395148836165	1395148836165	OK	 
ACTION	Pricing	2	price	1395148828601	1395148828601	1395148836233	1395148836233	OK	 
ACTION	Pricing	4	price	1395148828672	1395148828673	1395148836301	1395148836301	OK	 
ACTION	Pricing	74	price	1395148828743	1395148828743	1395148836371	1395148836371	OK	 
ACTION	Pricing	45	price	1395148828817	1395148828818	1395148836440	1395148836441	OK	 
ACTION	Pricing	61	price	1395148828923	1395148828924	1395148836510	1395148836510	OK	 
ACTION	Pricing	39	price	1395148828974	1395148828975	1395148836578	1395148836578	OK	 
ACTION	Pricing	100	price	1395148829046	1395148829047	1395148836644	1395148836644	OK	 
ACTION	Pricing	37	price	1395148829118	1395148829119	1395148836711	1395148836711	OK	 
ACTION	Pricing	84	price	1395148829186	1395148829187	1395148836780	1395148836781	OK	 
ACTION	Pricing	1	price	1395148829253	1395148829253	1395148836854	1395148836855	OK	 
ACTION	Pricing	44	price	1395148829324	1395148829325	1395148836927	1395148836927	OK	 
ACTION	Pricing	57	price	1395148829396	1395148829396	1395148836997	1395148836997	OK	 
ACTION	Pricing	24	price	1395148829470	1395148829471	1395148837067	1395148837067	OK	 
ACTION	Pricing	95	price	1395148829538	1395148829538	1395148837144	1395148837145	OK	 
ACTION	Pricing	97	price	1395148829610	1395148829610	1395148837215	1395148837215	OK	 
ACTION	Pricing	89	price	1395148829685	1395148829686	1395148837288	1395148837288	OK	 
ACTION	Pricing	79	price	1395148829759	1395148829760	1395148837356	1395148837356	OK	 
ACTION	Pricing	41	price	1395148829828	1395148829829	1395148837426	1395148837426	OK	 
ACTION	Pricing	28	price	1395148829902	1395148829903	1395148837499	1395148837500	OK	 
ACTION	Pricing	18	price	1395148829973	1395148829974	1395148837572	1395148837572	OK	 
ACTION	Pricing	8	price	1395148830042	1395148830042	1395148837646	1395148837646	OK	 
ACTION	Pricing	12	price	1395148830110	1395148830111	1395148837721	1395148837721	OK	 
ACTION	Pricing	59	price	1395148830173	1395148830173	1395148837789	1395148837790	OK	 
ACTION	Pricing	42	price	1395148830243	1395148830244	1395148837862	1395148837862	OK	 
ACTION	Pricing	64	price	1395148830315	1395148830315	1395148837925	1395148837925	OK	 
ACTION	Pricing	30	price	1395148830386	1395148830386	1395148837999	1395148837999	OK	 
ACTION	Pricing	72	price	1395148830460	1395148830463	1395148838077	1395148838077	OK	 
ACTION	Pricing	92	price	1395148830530	1395148830531	1395148838146	1395148838146	OK	 
ACTION	Pricing	58	price	1395148830605	1395148830606	1395148838217	1395148838217	OK	 
ACTION	Pricing	36	price	1395148830676	1395148830677	1395148838294	1395148838294	OK	 
ACTION	Pricing	46	price	1395148830746	1395148830747	1395148838367	1395148838368	OK	 
ACTION	Pricing	90	price	1395148830820	1395148830820	1395148838438	1395148838438	OK	 
ACTION	Pricing	80	price	1395148830889	1395148830889	1395148838507	1395148838508	OK	 
ACTION	Pricing	88	price	1395148830959	1395148830960	1395148838586	1395148838587	OK	 
ACTION	Pricing	85	price	1395148831030	1395148831031	1395148838653	1395148838653	OK	 
ACTION	Pricing	78	price	1395148831099	1395148831099	1395148838726	1395148838726	OK	 
ACTION	Pricing	65	price	1395148831167	1395148831168	1395148838796	1395148838796	OK	 
ACTION	Pricing	3	price	1395148831237	1395148831238	1395148838862	1395148838862	OK	 
ACTION	Pricing	35	price	1395148831313	1395148831313	1395148838929	1395148838930	OK	 
ACTION	Pricing	38	price	1395148831387	1395148831387	1395148838996	1395148838996	OK	 
ACTION	Pricing	96	price	1395148831459	1395148831460	1395148839063	1395148839063	OK	 
ACTION	Pricing	53	price	1395148831532	1395148831532	1395148839133	1395148839133	OK	 
ACTION	Pricing	99	price	1395148831602	1395148831603	1395148839203	1395148839203	OK	 
ACTION	Pricing	86	price	1395148831675	1395148831676	1395148839278	1395148839279	OK	 
ACTION	Pricing	55	price	1395148831750	1395148831751	1395148839359	1395148839359	OK	 
ACTION	Pricing	73	price	1395148831837	1395148831838	1395148839429	1395148839429	OK	 
ACTION	Pricing	70	price	1395148831909	1395148831910	1395148839500	1395148839500	OK	 
ACTION	Pricing	23	price	1395148831985	1395148831986	1395148839598	1395148839599	OK	 
ACTION	Pricing	76	price	1395148832058	1395148832058	1395148839655	1395148839656	OK	 
ACTION	Pricing	32	price	1395148832133	1395148832133	1395148839729	1395148839729	OK	 
ACTION	Pricing	83	price	1395148832201	1395148832202	1395148839803	1395148839803	OK	 
ACTION	Pricing	48	price	1395148832273	1395148832274	1395148839877	1395148839877	OK	 
ACTION	Pricing	93	price	1395148832337	1395148832337	1395148839944	1395148839944	OK	 
ACTION	Pricing	56	price	1395148832408	1395148832409	1395148840015	1395148840016	OK	 
ACTION	Pricing	6	price	1395148832479	1395148832480	1395148840087	1395148840087	OK	 
ACTION	Pricing	19	price	1395148832559	1395148832559	1395148840154	1395148840155	OK	 
ACTION	Pricing	27	price	1395148832660	1395148832660	1395148840224	1395148840224	OK	 
ACTION	Pricing	17	price	1395148832702	1395148832703	1395148840298	1395148840298	OK	 
ACTION	Pricing	82	price	1395148832780	1395148832780	1395148840369	1395148840370	OK	 
ACTION	Pricing	7	price	1395148832863	1395148832864	1395148840438	1395148840438	OK	 
ACTION	Pricing	81	price	1395148832951	1395148832952	1395148840508	1395148840508	OK	 
ACTION	Pricing	98	price	1395148833032	1395148833032	1395148840575	1395148840576	OK	 
ACTION	Pricing	15	price	1395148833107	1395148833108	1395148840643	1395148840643	OK	 
ACTION	Pricing	25	price	1395148833187	1395148833188	1395148840716	1395148840716	OK	 
ACTION	Pricing	9	price	1395148833263	1395148833264	1395148840786	1395148840786	OK	 
ACTION	Pricing	34	price	1395148833343	1395148833344	1395148840853	1395148840854	OK	 
ACTION	Pricing	29	price	1395148833424	1395148833424	1395148840921	1395148840922	OK	 
ACTION	Pricing	33	price	1395148833504	1395148833505	1395148840995	1395148840995	OK	 
ACTION	Pricing	10	price	1395148833585	1395148833585	1395148841068	1395148841069	OK	 
ACTION	Pricing	49	price	1395148833664	1395148833665	1395148841140	1395148841141	OK	 
ACTION	Pricing	77	price	1395148833750	1395148833751	1395148841213	1395148841213	OK	 
ACTION	Pricing	47	price	1395148833834	1395148833835	1395148841285	1395148841285	OK	 
ACTION	Pricing	5	price	1395148833923	1395148833923	1395148841356	1395148841356	OK	 
ACTION	Pricing	94	price	1395148834010	1395148834011	1395148841426	1395148841426	OK	 
ACTION	Pricing	16	price	1395148834102	1395148834102	1395148841496	1395148841496	OK	 
ACTION	Pricing	40	price	1395148834198	1395148834199	1395148841564	1395148841564	OK	 
ACTION	Pricing	50	price	1395148834286	1395148834287	1395148841634	1395148841634	OK	 
ACTION	Pricing	91	price	1395148834368	1395148834369	1395148841703	1395148841703	OK	 
ACTION	Pricing	26	price	1395148834485	1395148834485	1395148841779	1395148841779	OK	 
ACTION	Pricing	66	price	1395148834543	1395148834543	1395148841844	1395148841844	OK	 
ACTION	Pricing	14	price	1395148834624	1395148834624	1395148841914	1395148841915	OK	 
ACTION	Pricing	71	price	1395148834710	1395148834710	1395148841986	1395148841987	OK	 
ACTION	Pricing	69	price	1395148834790	1395148834790	1395148842053	1395148842054	OK	 
ACTION	Pricing	22	price	1395148834873	1395148834874	1395148842123	1395148842125	OK	 
ACTION	Pricing	67	price	1395148834959	1395148834960	1395148842194	1395148842194	OK	 
ACTION	Pricing	52	price	1395148835045	1395148835045	1395148842267	1395148842267	OK	 
ACTION	Pricing	31	price	1395148835131	1395148835132	1395148842337	1395148842338	OK	 
ACTION	Pricing	51	price	1395148835214	1395148835215	1395148842412	1395148842413	OK	 
ACTION	Pricing	68	price	1395148835299	1395148835300	1395148842484	1395148842484	OK	 
ACTION	Pricing	87	price	1395148835385	1395148835386	1395148842557	1395148842557	OK	 
ACTION	Pricing	54	price	1395148835467	1395148835467	1395148842628	1395148842628	OK	 
ACTION	Pricing	21	price	1395148835548	1395148835549	1395148842697	1395148842697	OK	 
SCENARIO	Pricing	21	END	1395148842698
ACTION	Pricing	43	price	1395148835638	1395148835639	1395148842767	1395148842768	OK	 
SCENARIO	Pricing	43	END	1395148842769
ACTION	Pricing	63	price	1395148835721	1395148835722	1395148842834	1395148842834	OK	 
SCENARIO	Pricing	63	END	1395148842835
ACTION	Pricing	62	price	1395148835802	1395148835803	1395148842903	1395148842903	OK	 
SCENARIO	Pricing	62	END	1395148842904
ACTION	Pricing	13	price	1395148835881	1395148835881	1395148842979	1395148842980	OK	 
SCENARIO	Pricing	13	END	1395148842981
ACTION	Pricing	75	price	1395148835955	1395148835955	1395148843058	1395148843058	OK	 
SCENARIO	Pricing	75	END	1395148843059
ACTION	Pricing	11	price	1395148836026	1395148836026	1395148843130	1395148843130	OK	 
SCENARIO	Pricing	11	END	1395148843131
ACTION	Pricing	20	price	1395148836095	1395148836096	1395148843200	1395148843200	OK	 
SCENARIO	Pricing	20	END	1395148843201
ACTION	Pricing	60	price	1395148836167	1395148836168	1395148843274	1395148843274	OK	 
SCENARIO	Pricing	60	END	1395148843275
ACTION	Pricing	2	price	1395148836235	1395148836236	1395148843349	1395148843349	OK	 
SCENARIO	Pricing	2	END	1395148843350
ACTION	Pricing	4	price	1395148836303	1395148836304	1395148843422	1395148843423	OK	 
SCENARIO	Pricing	4	END	1395148843424
ACTION	Pricing	74	price	1395148836373	1395148836374	1395148843518	1395148843518	OK	 
SCENARIO	Pricing	74	END	1395148843519
ACTION	Pricing	45	price	1395148836443	1395148836443	1395148843599	1395148843600	OK	 
SCENARIO	Pricing	45	END	1395148843601
ACTION	Pricing	61	price	1395148836512	1395148836512	1395148843677	1395148843677	OK	 
SCENARIO	Pricing	61	END	1395148843678
ACTION	Pricing	39	price	1395148836580	1395148836581	1395148843754	1395148843754	OK	 
SCENARIO	Pricing	39	END	1395148843755
ACTION	Pricing	100	price	1395148836645	1395148836646	1395148843828	1395148843829	OK	 
SCENARIO	Pricing	100	END	1395148843830
ACTION	Pricing	37	price	1395148836713	1395148836715	1395148843897	1395148843897	OK	 
SCENARIO	Pricing	37	END	1395148843898
ACTION	Pricing	84	price	1395148836783	1395148836783	1395148843965	1395148843965	OK	 
SCENARIO	Pricing	84	END	1395148843966
ACTION	Pricing	1	price	1395148836860	1395148836860	1395148844038	1395148844039	OK	 
SCENARIO	Pricing	1	END	1395148844039
ACTION	Pricing	44	price	1395148836929	1395148836929	1395148844107	1395148844108	OK	 
SCENARIO	Pricing	44	END	1395148844109
ACTION	Pricing	57	price	1395148836998	1395148836999	1395148844177	1395148844178	OK	 
SCENARIO	Pricing	57	END	1395148844179
ACTION	Pricing	24	price	1395148837069	1395148837069	1395148844247	1395148844247	OK	 
SCENARIO	Pricing	24	END	1395148844248
ACTION	Pricing	95	price	1395148837147	1395148837148	1395148844314	1395148844315	OK	 
SCENARIO	Pricing	95	END	1395148844316
ACTION	Pricing	97	price	1395148837217	1395148837218	1395148844391	1395148844392	OK	 
SCENARIO	Pricing	97	END	1395148844393
ACTION	Pricing	89	price	1395148837290	1395148837291	1395148844463	1395148844463	OK	 
SCENARIO	Pricing	89	END	1395148844464
ACTION	Pricing	79	price	1395148837358	1395148837359	1395148844535	1395148844536	OK	 
SCENARIO	Pricing	79	END	1395148844536
ACTION	Pricing	41	price	1395148837428	1395148837429	1395148844608	1395148844608	OK	 
SCENARIO	Pricing	41	END	1395148844609
ACTION	Pricing	28	price	1395148837502	1395148837503	1395148844684	1395148844685	OK	 
SCENARIO	Pricing	28	END	1395148844686
ACTION	Pricing	18	price	1395148837574	1395148837575	1395148844757	1395148844757	OK	 
SCENARIO	Pricing	18	END	1395148844758
ACTION	Pricing	8	price	1395148837648	1395148837649	1395148844830	1395148844831	OK	 
SCENARIO	Pricing	8	END	1395148844831
ACTION	Pricing	12	price	1395148837723	1395148837723	1395148844901	1395148844902	OK	 
SCENARIO	Pricing	12	END	1395148844902
ACTION	Pricing	59	price	1395148837792	1395148837792	1395148844980	1395148844980	OK	 
SCENARIO	Pricing	59	END	1395148844981
ACTION	Pricing	42	price	1395148837863	1395148837864	1395148845060	1395148845061	OK	 
SCENARIO	Pricing	42	END	1395148845061
ACTION	Pricing	64	price	1395148837926	1395148837927	1395148845144	1395148845145	OK	 
SCENARIO	Pricing	64	END	1395148845146
ACTION	Pricing	30	price	1395148838001	1395148838001	1395148845234	1395148845234	OK	 
SCENARIO	Pricing	30	END	1395148845235
ACTION	Pricing	72	price	1395148838079	1395148838079	1395148845311	1395148845312	OK	 
SCENARIO	Pricing	72	END	1395148845313
ACTION	Pricing	92	price	1395148838147	1395148838148	1395148845387	1395148845388	OK	 
SCENARIO	Pricing	92	END	1395148845388
ACTION	Pricing	58	price	1395148838219	1395148838219	1395148845467	1395148845467	OK	 
SCENARIO	Pricing	58	END	1395148845468
ACTION	Pricing	36	price	1395148838296	1395148838296	1395148845549	1395148845549	OK	 
SCENARIO	Pricing	36	END	1395148845550
ACTION	Pricing	46	price	1395148838370	1395148838370	1395148845631	1395148845631	OK	 
SCENARIO	Pricing	46	END	1395148845633
ACTION	Pricing	90	price	1395148838440	1395148838441	1395148845718	1395148845719	OK	 
SCENARIO	Pricing	90	END	1395148845720
ACTION	Pricing	80	price	1395148838509	1395148838510	1395148845803	1395148845803	OK	 
SCENARIO	Pricing	80	END	1395148845804
ACTION	Pricing	88	price	1395148838588	1395148838589	1395148845885	1395148845885	OK	 
SCENARIO	Pricing	88	END	1395148845886
ACTION	Pricing	85	price	1395148838655	1395148838656	1395148845966	1395148845966	OK	 
SCENARIO	Pricing	85	END	1395148845967
ACTION	Pricing	78	price	1395148838728	1395148838729	1395148846043	1395148846043	OK	 
SCENARIO	Pricing	78	END	1395148846044
ACTION	Pricing	65	price	1395148838798	1395148838799	1395148846127	1395148846127	OK	 
SCENARIO	Pricing	65	END	1395148846128
ACTION	Pricing	3	price	1395148838864	1395148838864	1395148846213	1395148846213	OK	 
SCENARIO	Pricing	3	END	1395148846214
ACTION	Pricing	35	price	1395148838931	1395148838932	1395148846300	1395148846301	OK	 
SCENARIO	Pricing	35	END	1395148846302
ACTION	Pricing	38	price	1395148838998	1395148838999	1395148846383	1395148846384	OK	 
SCENARIO	Pricing	38	END	1395148846385
ACTION	Pricing	96	price	1395148839065	1395148839066	1395148846467	1395148846468	OK	 
SCENARIO	Pricing	96	END	1395148846469
ACTION	Pricing	53	price	1395148839135	1395148839135	1395148846551	1395148846551	OK	 
SCENARIO	Pricing	53	END	1395148846552
ACTION	Pricing	99	price	1395148839205	1395148839205	1395148846637	1395148846638	OK	 
SCENARIO	Pricing	99	END	1395148846639
ACTION	Pricing	86	price	1395148839280	1395148839281	1395148846729	1395148846729	OK	 
SCENARIO	Pricing	86	END	1395148846730
ACTION	Pricing	55	price	1395148839361	1395148839362	1395148846814	1395148846814	OK	 
SCENARIO	Pricing	55	END	1395148846815
ACTION	Pricing	73	price	1395148839431	1395148839432	1395148846900	1395148846900	OK	 
SCENARIO	Pricing	73	END	1395148846901
ACTION	Pricing	70	price	1395148839502	1395148839502	1395148846992	1395148846992	OK	 
SCENARIO	Pricing	70	END	1395148846993
ACTION	Pricing	23	price	1395148839600	1395148839601	1395148847085	1395148847085	OK	 
SCENARIO	Pricing	23	END	1395148847086
ACTION	Pricing	76	price	1395148839657	1395148839658	1395148847177	1395148847178	OK	 
SCENARIO	Pricing	76	END	1395148847179
ACTION	Pricing	32	price	1395148839731	1395148839731	1395148847272	1395148847272	OK	 
SCENARIO	Pricing	32	END	1395148847273
ACTION	Pricing	83	price	1395148839805	1395148839806	1395148847362	1395148847362	OK	 
SCENARIO	Pricing	83	END	1395148847364
ACTION	Pricing	48	price	1395148839879	1395148839879	1395148847452	1395148847452	OK	 
SCENARIO	Pricing	48	END	1395148847453
ACTION	Pricing	93	price	1395148839946	1395148839946	1395148847547	1395148847548	OK	 
SCENARIO	Pricing	93	END	1395148847550
ACTION	Pricing	56	price	1395148840018	1395148840018	1395148847634	1395148847635	OK	 
SCENARIO	Pricing	56	END	1395148847636
ACTION	Pricing	6	price	1395148840089	1395148840089	1395148847728	1395148847731	OK	 
SCENARIO	Pricing	6	END	1395148847731
ACTION	Pricing	19	price	1395148840156	1395148840156	1395148847816	1395148847817	OK	 
SCENARIO	Pricing	19	END	1395148847817
ACTION	Pricing	27	price	1395148840226	1395148840226	1395148847901	1395148847902	OK	 
SCENARIO	Pricing	27	END	1395148847902
ACTION	Pricing	17	price	1395148840300	1395148840300	1395148847986	1395148847986	OK	 
SCENARIO	Pricing	17	END	1395148847987
ACTION	Pricing	82	price	1395148840371	1395148840372	1395148848073	1395148848073	OK	 
SCENARIO	Pricing	82	END	1395148848074
ACTION	Pricing	7	price	1395148840440	1395148840440	1395148848159	1395148848160	OK	 
SCENARIO	Pricing	7	END	1395148848160
ACTION	Pricing	81	price	1395148840510	1395148840511	1395148848239	1395148848240	OK	 
SCENARIO	Pricing	81	END	1395148848241
ACTION	Pricing	98	price	1395148840577	1395148840578	1395148848326	1395148848326	OK	 
SCENARIO	Pricing	98	END	1395148848327
ACTION	Pricing	15	price	1395148840645	1395148840645	1395148848405	1395148848406	OK	 
SCENARIO	Pricing	15	END	1395148848407
ACTION	Pricing	25	price	1395148840718	1395148840718	1395148848492	1395148848492	OK	 
SCENARIO	Pricing	25	END	1395148848493
ACTION	Pricing	9	price	1395148840788	1395148840789	1395148848577	1395148848578	OK	 
SCENARIO	Pricing	9	END	1395148848578
ACTION	Pricing	34	price	1395148840855	1395148840856	1395148848660	1395148848661	OK	 
SCENARIO	Pricing	34	END	1395148848662
ACTION	Pricing	29	price	1395148840923	1395148840932	1395148848745	1395148848745	OK	 
SCENARIO	Pricing	29	END	1395148848746
ACTION	Pricing	33	price	1395148840997	1395148840997	1395148848829	1395148848830	OK	 
SCENARIO	Pricing	33	END	1395148848830
ACTION	Pricing	10	price	1395148841070	1395148841071	1395148848907	1395148848908	OK	 
SCENARIO	Pricing	10	END	1395148848909
ACTION	Pricing	49	price	1395148841143	1395148841143	1395148848987	1395148848988	OK	 
SCENARIO	Pricing	49	END	1395148848989
ACTION	Pricing	77	price	1395148841215	1395148841215	1395148849067	1395148849067	OK	 
SCENARIO	Pricing	77	END	1395148849068
ACTION	Pricing	47	price	1395148841287	1395148841287	1395148849146	1395148849147	OK	 
SCENARIO	Pricing	47	END	1395148849148
ACTION	Pricing	5	price	1395148841358	1395148841359	1395148849226	1395148849226	OK	 
SCENARIO	Pricing	5	END	1395148849227
ACTION	Pricing	94	price	1395148841427	1395148841428	1395148849304	1395148849305	OK	 
SCENARIO	Pricing	94	END	1395148849305
ACTION	Pricing	16	price	1395148841497	1395148841498	1395148849386	1395148849387	OK	 
SCENARIO	Pricing	16	END	1395148849388
ACTION	Pricing	40	price	1395148841566	1395148841566	1395148849462	1395148849463	OK	 
SCENARIO	Pricing	40	END	1395148849464
ACTION	Pricing	50	price	1395148841635	1395148841636	1395148849548	1395148849548	OK	 
SCENARIO	Pricing	50	END	1395148849549
ACTION	Pricing	91	price	1395148841705	1395148841705	1395148849634	1395148849634	OK	 
SCENARIO	Pricing	91	END	1395148849635
ACTION	Pricing	26	price	1395148841781	1395148841781	1395148849726	1395148849727	OK	 
SCENARIO	Pricing	26	END	1395148849728
ACTION	Pricing	66	price	1395148841846	1395148841846	1395148849821	1395148849821	OK	 
SCENARIO	Pricing	66	END	1395148849823
ACTION	Pricing	14	price	1395148841916	1395148841917	1395148849909	1395148849909	OK	 
SCENARIO	Pricing	14	END	1395148849911
ACTION	Pricing	71	price	1395148841988	1395148841989	1395148849994	1395148849994	OK	 
SCENARIO	Pricing	71	END	1395148849995
ACTION	Pricing	69	price	1395148842056	1395148842056	1395148850089	1395148850090	OK	 
SCENARIO	Pricing	69	END	1395148850091
ACTION	Pricing	22	price	1395148842126	1395148842127	1395148850184	1395148850185	OK	 
SCENARIO	Pricing	22	END	1395148850186
ACTION	Pricing	67	price	1395148842196	1395148842197	1395148850270	1395148850270	OK	 
SCENARIO	Pricing	67	END	1395148850271
ACTION	Pricing	52	price	1395148842269	1395148842270	1395148850358	1395148850358	OK	 
SCENARIO	Pricing	52	END	1395148850359
ACTION	Pricing	31	price	1395148842339	1395148842340	1395148850444	1395148850444	OK	 
SCENARIO	Pricing	31	END	1395148850445
ACTION	Pricing	51	price	1395148842414	1395148842415	1395148850528	1395148850529	OK	 
SCENARIO	Pricing	51	END	1395148850529
ACTION	Pricing	68	price	1395148842487	1395148842487	1395148850616	1395148850617	OK	 
SCENARIO	Pricing	68	END	1395148850618
ACTION	Pricing	87	price	1395148842559	1395148842559	1395148850702	1395148850702	OK	 
SCENARIO	Pricing	87	END	1395148850703
ACTION	Pricing	54	price	1395148842630	1395148842630	1395148850784	1395148850784	OK	 
SCENARIO	Pricing	54	END	1395148850785
