RUN	20140318085144	pricingsimulation	pricingsimulation
SCENARIO	Pricing	1	START	1395132706629
SCENARIO	Pricing	2	START	1395132706631
ACTION	Pricing	2	price	1395132706670	1395132706693	1395132707164	1395132707187	OK	 
ACTION	Pricing	1	price	1395132706664	1395132706694	1395132707165	1395132707187	OK	 
ACTION	Pricing	1	price	1395132707275	1395132707279	1395132707321	1395132707321	OK	 
ACTION	Pricing	2	price	1395132707265	1395132707274	1395132707360	1395132707360	OK	 
ACTION	Pricing	1	price	1395132707325	1395132707327	1395132707394	1395132707394	OK	 
ACTION	Pricing	2	price	1395132707362	1395132707367	1395132707436	1395132707436	OK	 
ACTION	Pricing	1	price	1395132707396	1395132707398	1395132707471	1395132707471	OK	 
ACTION	Pricing	2	price	1395132707438	1395132707439	1395132707505	1395132707505	OK	 
ACTION	Pricing	1	price	1395132707473	1395132707475	1395132707552	1395132707553	OK	 
ACTION	Pricing	2	price	1395132707518	1395132707519	1395132707701	1395132707701	OK	 
ACTION	Pricing	1	price	1395132707555	1395132707555	1395132707735	1395132707735	OK	 
ACTION	Pricing	2	price	1395132707703	1395132707705	1395132707769	1395132707769	OK	 
ACTION	Pricing	1	price	1395132707737	1395132707738	1395132707799	1395132707799	OK	 
ACTION	Pricing	2	price	1395132707771	1395132707772	1395132707827	1395132707828	OK	 
ACTION	Pricing	1	price	1395132707800	1395132707802	1395132707856	1395132707857	OK	 
ACTION	Pricing	2	price	1395132707829	1395132707831	1395132707887	1395132707888	OK	 
ACTION	Pricing	1	price	1395132707859	1395132707860	1395132707918	1395132707919	OK	 
ACTION	Pricing	2	price	1395132707889	1395132707891	1395132707960	1395132707960	OK	 
ACTION	Pricing	1	price	1395132707920	1395132707921	1395132707992	1395132707992	OK	 
ACTION	Pricing	2	price	1395132707962	1395132707967	1395132708035	1395132708035	OK	 
ACTION	Pricing	1	price	1395132707994	1395132707996	1395132708066	1395132708067	OK	 
ACTION	Pricing	2	price	1395132708037	1395132708039	1395132708099	1395132708100	OK	 
ACTION	Pricing	1	price	1395132708072	1395132708074	1395132708132	1395132708132	OK	 
ACTION	Pricing	2	price	1395132708102	1395132708105	1395132708166	1395132708167	OK	 
ACTION	Pricing	1	price	1395132708134	1395132708135	1395132708198	1395132708198	OK	 
ACTION	Pricing	2	price	1395132708169	1395132708170	1395132708241	1395132708241	OK	 
ACTION	Pricing	1	price	1395132708200	1395132708201	1395132708274	1395132708274	OK	 
ACTION	Pricing	2	price	1395132708243	1395132708245	1395132708311	1395132708311	OK	 
ACTION	Pricing	1	price	1395132708276	1395132708278	1395132708352	1395132708352	OK	 
ACTION	Pricing	2	price	1395132708312	1395132708313	1395132708395	1395132708395	OK	 
ACTION	Pricing	1	price	1395132708354	1395132708355	1395132708431	1395132708431	OK	 
ACTION	Pricing	2	price	1395132708397	1395132708400	1395132708468	1395132708468	OK	 
ACTION	Pricing	1	price	1395132708433	1395132708434	1395132708502	1395132708502	OK	 
ACTION	Pricing	2	price	1395132708470	1395132708472	1395132708536	1395132708536	OK	 
ACTION	Pricing	1	price	1395132708504	1395132708505	1395132708587	1395132708588	OK	 
ACTION	Pricing	2	price	1395132708539	1395132708540	1395132708618	1395132708618	OK	 
ACTION	Pricing	1	price	1395132708590	1395132708590	1395132708646	1395132708646	OK	 
ACTION	Pricing	2	price	1395132708619	1395132708621	1395132708680	1395132708683	OK	 
ACTION	Pricing	1	price	1395132708648	1395132708650	1395132708713	1395132708714	OK	 
ACTION	Pricing	2	price	1395132708685	1395132708686	1395132708745	1395132708745	OK	 
ACTION	Pricing	1	price	1395132708716	1395132708717	1395132708775	1395132708776	OK	 
ACTION	Pricing	2	price	1395132708747	1395132708747	1395132708806	1395132708807	OK	 
ACTION	Pricing	1	price	1395132708778	1395132708779	1395132708839	1395132708839	OK	 
ACTION	Pricing	2	price	1395132708809	1395132708809	1395132708871	1395132708872	OK	 
ACTION	Pricing	1	price	1395132708841	1395132708841	1395132708906	1395132708906	OK	 
ACTION	Pricing	2	price	1395132708873	1395132708875	1395132708939	1395132708939	OK	 
ACTION	Pricing	1	price	1395132708908	1395132708909	1395132708972	1395132708972	OK	 
ACTION	Pricing	2	price	1395132708941	1395132708941	1395132709006	1395132709006	OK	 
ACTION	Pricing	1	price	1395132708974	1395132708975	1395132709041	1395132709041	OK	 
ACTION	Pricing	2	price	1395132709008	1395132709008	1395132709074	1395132709074	OK	 
ACTION	Pricing	1	price	1395132709043	1395132709044	1395132709107	1395132709107	OK	 
ACTION	Pricing	2	price	1395132709076	1395132709077	1395132709140	1395132709141	OK	 
ACTION	Pricing	1	price	1395132709109	1395132709110	1395132709173	1395132709173	OK	 
ACTION	Pricing	2	price	1395132709142	1395132709143	1395132709203	1395132709203	OK	 
ACTION	Pricing	1	price	1395132709175	1395132709175	1395132709230	1395132709231	OK	 
ACTION	Pricing	2	price	1395132709205	1395132709205	1395132709266	1395132709267	OK	 
ACTION	Pricing	1	price	1395132709232	1395132709233	1395132709308	1395132709308	OK	 
ACTION	Pricing	2	price	1395132709269	1395132709269	1395132709335	1395132709336	OK	 
ACTION	Pricing	1	price	1395132709310	1395132709310	1395132709364	1395132709364	OK	 
ACTION	Pricing	2	price	1395132709337	1395132709338	1395132709420	1395132709420	OK	 
ACTION	Pricing	1	price	1395132709366	1395132709367	1395132709432	1395132709433	OK	 
ACTION	Pricing	2	price	1395132709423	1395132709425	1395132709463	1395132709464	OK	 
ACTION	Pricing	1	price	1395132709435	1395132709436	1395132709499	1395132709500	OK	 
ACTION	Pricing	2	price	1395132709465	1395132709466	1395132709529	1395132709529	OK	 
ACTION	Pricing	1	price	1395132709502	1395132709502	1395132709568	1395132709568	OK	 
ACTION	Pricing	2	price	1395132709531	1395132709531	1395132709624	1395132709624	OK	 
ACTION	Pricing	1	price	1395132709572	1395132709572	1395132709683	1395132709683	OK	 
ACTION	Pricing	2	price	1395132709628	1395132709629	1395132709725	1395132709726	OK	 
ACTION	Pricing	1	price	1395132709685	1395132709686	1395132709766	1395132709766	OK	 
ACTION	Pricing	2	price	1395132709728	1395132709728	1395132709803	1395132709803	OK	 
ACTION	Pricing	1	price	1395132709768	1395132709769	1395132709837	1395132709837	OK	 
ACTION	Pricing	2	price	1395132709805	1395132709806	1395132709869	1395132709869	OK	 
ACTION	Pricing	1	price	1395132709839	1395132709840	1395132709900	1395132709901	OK	 
ACTION	Pricing	2	price	1395132709871	1395132709872	1395132709934	1395132709934	OK	 
ACTION	Pricing	1	price	1395132709903	1395132709903	1395132709963	1395132709963	OK	 
ACTION	Pricing	2	price	1395132709936	1395132709937	1395132709995	1395132709996	OK	 
ACTION	Pricing	1	price	1395132709965	1395132709966	1395132710023	1395132710024	OK	 
ACTION	Pricing	2	price	1395132709997	1395132709998	1395132710054	1395132710054	OK	 
ACTION	Pricing	1	price	1395132710025	1395132710026	1395132710085	1395132710086	OK	 
ACTION	Pricing	2	price	1395132710056	1395132710057	1395132710114	1395132710115	OK	 
ACTION	Pricing	1	price	1395132710088	1395132710088	1395132710144	1395132710145	OK	 
ACTION	Pricing	2	price	1395132710116	1395132710117	1395132710172	1395132710172	OK	 
ACTION	Pricing	1	price	1395132710147	1395132710147	1395132710202	1395132710202	OK	 
ACTION	Pricing	2	price	1395132710173	1395132710174	1395132710232	1395132710232	OK	 
ACTION	Pricing	1	price	1395132710204	1395132710205	1395132710259	1395132710260	OK	 
ACTION	Pricing	2	price	1395132710234	1395132710234	1395132710292	1395132710292	OK	 
ACTION	Pricing	1	price	1395132710261	1395132710262	1395132710322	1395132710322	OK	 
ACTION	Pricing	2	price	1395132710294	1395132710295	1395132710351	1395132710351	OK	 
ACTION	Pricing	1	price	1395132710324	1395132710324	1395132710385	1395132710385	OK	 
ACTION	Pricing	2	price	1395132710353	1395132710353	1395132710417	1395132710417	OK	 
ACTION	Pricing	1	price	1395132710387	1395132710388	1395132710451	1395132710451	OK	 
ACTION	Pricing	2	price	1395132710419	1395132710419	1395132710481	1395132710481	OK	 
ACTION	Pricing	1	price	1395132710453	1395132710453	1395132710512	1395132710513	OK	 
ACTION	Pricing	2	price	1395132710483	1395132710483	1395132710542	1395132710542	OK	 
ACTION	Pricing	1	price	1395132710514	1395132710515	1395132710574	1395132710575	OK	 
ACTION	Pricing	2	price	1395132710544	1395132710545	1395132710606	1395132710606	OK	 
ACTION	Pricing	1	price	1395132710576	1395132710577	1395132710765	1395132710766	OK	 
ACTION	Pricing	2	price	1395132710608	1395132710608	1395132710844	1395132710844	OK	 
ACTION	Pricing	1	price	1395132710771	1395132710772	1395132710900	1395132710900	OK	 
ACTION	Pricing	2	price	1395132710847	1395132710848	1395132710950	1395132710950	OK	 
ACTION	Pricing	1	price	1395132710902	1395132710903	1395132710990	1395132710990	OK	 
ACTION	Pricing	2	price	1395132710953	1395132710954	1395132711031	1395132711032	OK	 
ACTION	Pricing	1	price	1395132710992	1395132710993	1395132711069	1395132711070	OK	 
ACTION	Pricing	2	price	1395132711034	1395132711035	1395132711105	1395132711106	OK	 
ACTION	Pricing	1	price	1395132711072	1395132711073	1395132711136	1395132711136	OK	 
ACTION	Pricing	2	price	1395132711108	1395132711108	1395132711167	1395132711168	OK	 
ACTION	Pricing	1	price	1395132711138	1395132711139	1395132711201	1395132711201	OK	 
ACTION	Pricing	2	price	1395132711169	1395132711170	1395132711225	1395132711226	OK	 
ACTION	Pricing	1	price	1395132711202	1395132711203	1395132711257	1395132711257	OK	 
ACTION	Pricing	2	price	1395132711227	1395132711228	1395132711294	1395132711295	OK	 
ACTION	Pricing	1	price	1395132711259	1395132711259	1395132711330	1395132711331	OK	 
ACTION	Pricing	2	price	1395132711296	1395132711297	1395132711359	1395132711360	OK	 
ACTION	Pricing	1	price	1395132711332	1395132711333	1395132711390	1395132711390	OK	 
ACTION	Pricing	2	price	1395132711361	1395132711362	1395132711424	1395132711424	OK	 
ACTION	Pricing	1	price	1395132711392	1395132711392	1395132711454	1395132711454	OK	 
ACTION	Pricing	2	price	1395132711426	1395132711427	1395132711487	1395132711487	OK	 
ACTION	Pricing	1	price	1395132711456	1395132711456	1395132711525	1395132711526	OK	 
ACTION	Pricing	2	price	1395132711489	1395132711490	1395132711548	1395132711548	OK	 
ACTION	Pricing	1	price	1395132711527	1395132711528	1395132711581	1395132711581	OK	 
ACTION	Pricing	2	price	1395132711550	1395132711550	1395132711614	1395132711614	OK	 
ACTION	Pricing	1	price	1395132711583	1395132711583	1395132711644	1395132711644	OK	 
ACTION	Pricing	2	price	1395132711616	1395132711617	1395132711673	1395132711674	OK	 
ACTION	Pricing	1	price	1395132711646	1395132711647	1395132711702	1395132711703	OK	 
ACTION	Pricing	2	price	1395132711675	1395132711676	1395132711734	1395132711734	OK	 
ACTION	Pricing	1	price	1395132711704	1395132711705	1395132711764	1395132711764	OK	 
ACTION	Pricing	2	price	1395132711735	1395132711736	1395132711802	1395132711803	OK	 
ACTION	Pricing	1	price	1395132711766	1395132711766	1395132711830	1395132711830	OK	 
ACTION	Pricing	2	price	1395132711804	1395132711805	1395132711864	1395132711865	OK	 
ACTION	Pricing	1	price	1395132711832	1395132711832	1395132711894	1395132711894	OK	 
ACTION	Pricing	2	price	1395132711866	1395132711867	1395132711925	1395132711925	OK	 
ACTION	Pricing	1	price	1395132711895	1395132711896	1395132711955	1395132711955	OK	 
ACTION	Pricing	2	price	1395132711927	1395132711927	1395132711986	1395132711987	OK	 
ACTION	Pricing	1	price	1395132711957	1395132711958	1395132712020	1395132712020	OK	 
ACTION	Pricing	2	price	1395132711989	1395132711989	1395132712050	1395132712050	OK	 
ACTION	Pricing	1	price	1395132712022	1395132712023	1395132712080	1395132712080	OK	 
ACTION	Pricing	2	price	1395132712052	1395132712052	1395132712111	1395132712112	OK	 
ACTION	Pricing	1	price	1395132712082	1395132712082	1395132712141	1395132712141	OK	 
ACTION	Pricing	2	price	1395132712113	1395132712114	1395132712186	1395132712186	OK	 
ACTION	Pricing	1	price	1395132712144	1395132712145	1395132712219	1395132712220	OK	 
ACTION	Pricing	2	price	1395132712188	1395132712189	1395132712249	1395132712250	OK	 
ACTION	Pricing	1	price	1395132712221	1395132712222	1395132712282	1395132712282	OK	 
ACTION	Pricing	2	price	1395132712251	1395132712252	1395132712311	1395132712311	OK	 
ACTION	Pricing	1	price	1395132712284	1395132712284	1395132712344	1395132712345	OK	 
ACTION	Pricing	2	price	1395132712313	1395132712313	1395132712376	1395132712376	OK	 
ACTION	Pricing	1	price	1395132712346	1395132712347	1395132712411	1395132712411	OK	 
ACTION	Pricing	2	price	1395132712378	1395132712379	1395132712445	1395132712445	OK	 
ACTION	Pricing	1	price	1395132712412	1395132712413	1395132712479	1395132712479	OK	 
ACTION	Pricing	2	price	1395132712447	1395132712448	1395132712513	1395132712513	OK	 
ACTION	Pricing	1	price	1395132712481	1395132712481	1395132712546	1395132712546	OK	 
ACTION	Pricing	2	price	1395132712515	1395132712515	1395132712586	1395132712586	OK	 
ACTION	Pricing	1	price	1395132712548	1395132712548	1395132712625	1395132712626	OK	 
ACTION	Pricing	2	price	1395132712587	1395132712588	1395132712654	1395132712654	OK	 
ACTION	Pricing	1	price	1395132712627	1395132712627	1395132712685	1395132712685	OK	 
ACTION	Pricing	2	price	1395132712656	1395132712657	1395132712715	1395132712715	OK	 
ACTION	Pricing	1	price	1395132712687	1395132712687	1395132712751	1395132712751	OK	 
ACTION	Pricing	2	price	1395132712717	1395132712718	1395132712785	1395132712785	OK	 
ACTION	Pricing	1	price	1395132712753	1395132712753	1395132712814	1395132712814	OK	 
ACTION	Pricing	2	price	1395132712786	1395132712787	1395132712843	1395132712844	OK	 
ACTION	Pricing	1	price	1395132712816	1395132712816	1395132712870	1395132712870	OK	 
ACTION	Pricing	2	price	1395132712845	1395132712846	1395132712899	1395132712900	OK	 
ACTION	Pricing	1	price	1395132712872	1395132712872	1395132712931	1395132712932	OK	 
ACTION	Pricing	2	price	1395132712902	1395132712902	1395132712964	1395132712964	OK	 
ACTION	Pricing	1	price	1395132712933	1395132712934	1395132712998	1395132712998	OK	 
ACTION	Pricing	2	price	1395132712966	1395132712966	1395132713035	1395132713035	OK	 
ACTION	Pricing	1	price	1395132713000	1395132713000	1395132713065	1395132713065	OK	 
ACTION	Pricing	2	price	1395132713037	1395132713037	1395132713100	1395132713100	OK	 
ACTION	Pricing	1	price	1395132713067	1395132713068	1395132713134	1395132713135	OK	 
ACTION	Pricing	2	price	1395132713102	1395132713103	1395132713170	1395132713170	OK	 
ACTION	Pricing	1	price	1395132713136	1395132713137	1395132713205	1395132713205	OK	 
ACTION	Pricing	2	price	1395132713172	1395132713172	1395132713240	1395132713240	OK	 
ACTION	Pricing	1	price	1395132713207	1395132713207	1395132713277	1395132713277	OK	 
ACTION	Pricing	2	price	1395132713242	1395132713243	1395132713312	1395132713312	OK	 
ACTION	Pricing	1	price	1395132713279	1395132713280	1395132713345	1395132713346	OK	 
ACTION	Pricing	2	price	1395132713314	1395132713315	1395132713379	1395132713380	OK	 
ACTION	Pricing	1	price	1395132713365	1395132713366	1395132713415	1395132713415	OK	 
ACTION	Pricing	2	price	1395132713381	1395132713382	1395132713450	1395132713450	OK	 
ACTION	Pricing	1	price	1395132713417	1395132713417	1395132713483	1395132713483	OK	 
ACTION	Pricing	2	price	1395132713452	1395132713453	1395132713520	1395132713520	OK	 
ACTION	Pricing	1	price	1395132713485	1395132713486	1395132713556	1395132713556	OK	 
ACTION	Pricing	2	price	1395132713522	1395132713522	1395132713589	1395132713589	OK	 
ACTION	Pricing	1	price	1395132713558	1395132713558	1395132713624	1395132713624	OK	 
ACTION	Pricing	2	price	1395132713591	1395132713592	1395132713657	1395132713657	OK	 
ACTION	Pricing	1	price	1395132713626	1395132713626	1395132713692	1395132713692	OK	 
ACTION	Pricing	2	price	1395132713659	1395132713660	1395132713724	1395132713724	OK	 
ACTION	Pricing	1	price	1395132713693	1395132713694	1395132713756	1395132713756	OK	 
ACTION	Pricing	2	price	1395132713725	1395132713726	1395132713787	1395132713787	OK	 
ACTION	Pricing	1	price	1395132713758	1395132713758	1395132713816	1395132713817	OK	 
ACTION	Pricing	2	price	1395132713789	1395132713790	1395132713847	1395132713848	OK	 
ACTION	Pricing	1	price	1395132713818	1395132713819	1395132713876	1395132713876	OK	 
ACTION	Pricing	2	price	1395132713849	1395132713850	1395132713905	1395132713905	OK	 
ACTION	Pricing	1	price	1395132713877	1395132713878	1395132713941	1395132713942	OK	 
ACTION	Pricing	2	price	1395132713907	1395132713907	1395132713974	1395132713975	OK	 
ACTION	Pricing	1	price	1395132713943	1395132713944	1395132714011	1395132714012	OK	 
ACTION	Pricing	2	price	1395132713979	1395132713980	1395132714049	1395132714049	OK	 
ACTION	Pricing	1	price	1395132714014	1395132714015	1395132714085	1395132714085	OK	 
ACTION	Pricing	2	price	1395132714051	1395132714051	1395132714126	1395132714126	OK	 
ACTION	Pricing	1	price	1395132714087	1395132714088	1395132714172	1395132714172	OK	 
ACTION	Pricing	2	price	1395132714128	1395132714128	1395132714206	1395132714206	OK	 
ACTION	Pricing	1	price	1395132714174	1395132714174	1395132714240	1395132714242	OK	 
ACTION	Pricing	2	price	1395132714208	1395132714209	1395132714288	1395132714289	OK	 
ACTION	Pricing	1	price	1395132714244	1395132714246	1395132714325	1395132714325	OK	 
ACTION	Pricing	2	price	1395132714291	1395132714292	1395132714362	1395132714362	OK	 
ACTION	Pricing	1	price	1395132714327	1395132714328	1395132714395	1395132714396	OK	 
ACTION	Pricing	2	price	1395132714364	1395132714365	1395132714431	1395132714431	OK	 
ACTION	Pricing	1	price	1395132714397	1395132714398	1395132714467	1395132714467	OK	 
ACTION	Pricing	2	price	1395132714433	1395132714433	1395132714500	1395132714500	OK	 
ACTION	Pricing	1	price	1395132714469	1395132714469	1395132714535	1395132714536	OK	 
ACTION	Pricing	2	price	1395132714502	1395132714503	1395132714571	1395132714571	OK	 
ACTION	Pricing	1	price	1395132714537	1395132714539	1395132714605	1395132714605	OK	 
ACTION	Pricing	2	price	1395132714573	1395132714574	1395132714638	1395132714638	OK	 
ACTION	Pricing	1	price	1395132714607	1395132714607	1395132714672	1395132714672	OK	 
ACTION	Pricing	2	price	1395132714640	1395132714641	1395132714703	1395132714703	OK	 
ACTION	Pricing	1	price	1395132714674	1395132714674	1395132714747	1395132714747	OK	 
ACTION	Pricing	2	price	1395132714704	1395132714705	1395132714781	1395132714781	OK	 
ACTION	Pricing	1	price	1395132714750	1395132714750	1395132714816	1395132714816	OK	 
ACTION	Pricing	2	price	1395132714782	1395132714783	1395132714849	1395132714850	OK	 
ACTION	Pricing	1	price	1395132714817	1395132714818	1395132714879	1395132714880	OK	 
ACTION	Pricing	2	price	1395132714852	1395132714852	1395132714909	1395132714909	OK	 
ACTION	Pricing	1	price	1395132714881	1395132714882	1395132714937	1395132714937	OK	 
ACTION	Pricing	2	price	1395132714911	1395132714912	1395132714965	1395132714965	OK	 
ACTION	Pricing	1	price	1395132714939	1395132714939	1395132714994	1395132714994	OK	 
ACTION	Pricing	2	price	1395132714966	1395132714967	1395132715028	1395132715028	OK	 
ACTION	Pricing	1	price	1395132714995	1395132714996	1395132715062	1395132715062	OK	 
ACTION	Pricing	2	price	1395132715030	1395132715031	1395132715095	1395132715095	OK	 
ACTION	Pricing	1	price	1395132715064	1395132715065	1395132715135	1395132715135	OK	 
ACTION	Pricing	2	price	1395132715096	1395132715097	1395132715176	1395132715176	OK	 
ACTION	Pricing	1	price	1395132715136	1395132715137	1395132715205	1395132715205	OK	 
ACTION	Pricing	2	price	1395132715178	1395132715179	1395132715234	1395132715234	OK	 
ACTION	Pricing	1	price	1395132715207	1395132715207	1395132715269	1395132715269	OK	 
ACTION	Pricing	2	price	1395132715236	1395132715237	1395132715317	1395132715317	OK	 
ACTION	Pricing	1	price	1395132715271	1395132715271	1395132715351	1395132715352	OK	 
ACTION	Pricing	2	price	1395132715319	1395132715320	1395132715385	1395132715385	OK	 
ACTION	Pricing	1	price	1395132715353	1395132715354	1395132715418	1395132715419	OK	 
ACTION	Pricing	2	price	1395132715388	1395132715388	1395132715453	1395132715453	OK	 
ACTION	Pricing	1	price	1395132715421	1395132715422	1395132715486	1395132715486	OK	 
ACTION	Pricing	2	price	1395132715455	1395132715455	1395132715519	1395132715520	OK	 
ACTION	Pricing	1	price	1395132715488	1395132715489	1395132715557	1395132715557	OK	 
ACTION	Pricing	2	price	1395132715522	1395132715523	1395132715594	1395132715594	OK	 
ACTION	Pricing	1	price	1395132715560	1395132715560	1395132715635	1395132715636	OK	 
ACTION	Pricing	2	price	1395132715596	1395132715597	1395132715674	1395132715674	OK	 
ACTION	Pricing	1	price	1395132715637	1395132715638	1395132715716	1395132715717	OK	 
ACTION	Pricing	2	price	1395132715676	1395132715677	1395132715756	1395132715756	OK	 
ACTION	Pricing	1	price	1395132715719	1395132715720	1395132715794	1395132715795	OK	 
ACTION	Pricing	2	price	1395132715758	1395132715759	1395132715833	1395132715834	OK	 
ACTION	Pricing	1	price	1395132715797	1395132715798	1395132715873	1395132715874	OK	 
ACTION	Pricing	2	price	1395132715835	1395132715836	1395132715919	1395132715919	OK	 
ACTION	Pricing	1	price	1395132715876	1395132715877	1395132715953	1395132715953	OK	 
ACTION	Pricing	2	price	1395132715921	1395132715921	1395132715986	1395132715986	OK	 
ACTION	Pricing	1	price	1395132715955	1395132715956	1395132716017	1395132716017	OK	 
ACTION	Pricing	2	price	1395132715988	1395132715988	1395132716045	1395132716046	OK	 
ACTION	Pricing	1	price	1395132716018	1395132716019	1395132716074	1395132716075	OK	 
ACTION	Pricing	2	price	1395132716047	1395132716048	1395132716106	1395132716106	OK	 
ACTION	Pricing	1	price	1395132716076	1395132716077	1395132716141	1395132716141	OK	 
ACTION	Pricing	2	price	1395132716108	1395132716109	1395132716177	1395132716178	OK	 
ACTION	Pricing	1	price	1395132716143	1395132716144	1395132716213	1395132716213	OK	 
ACTION	Pricing	2	price	1395132716180	1395132716181	1395132716252	1395132716252	OK	 
ACTION	Pricing	1	price	1395132716216	1395132716216	1395132716296	1395132716296	OK	 
ACTION	Pricing	2	price	1395132716254	1395132716254	1395132716323	1395132716323	OK	 
ACTION	Pricing	1	price	1395132716298	1395132716298	1395132716357	1395132716358	OK	 
ACTION	Pricing	2	price	1395132716325	1395132716326	1395132716389	1395132716389	OK	 
ACTION	Pricing	1	price	1395132716360	1395132716360	1395132716425	1395132716425	OK	 
ACTION	Pricing	2	price	1395132716391	1395132716392	1395132716460	1395132716461	OK	 
ACTION	Pricing	1	price	1395132716427	1395132716428	1395132716501	1395132716501	OK	 
ACTION	Pricing	2	price	1395132716462	1395132716466	1395132716538	1395132716538	OK	 
ACTION	Pricing	1	price	1395132716503	1395132716503	1395132716577	1395132716577	OK	 
ACTION	Pricing	2	price	1395132716540	1395132716541	1395132716615	1395132716616	OK	 
ACTION	Pricing	1	price	1395132716579	1395132716580	1395132716655	1395132716655	OK	 
ACTION	Pricing	2	price	1395132716618	1395132716618	1395132716687	1395132716687	OK	 
ACTION	Pricing	1	price	1395132716657	1395132716658	1395132716719	1395132716719	OK	 
ACTION	Pricing	2	price	1395132716689	1395132716690	1395132716753	1395132716753	OK	 
ACTION	Pricing	1	price	1395132716721	1395132716722	1395132716789	1395132716790	OK	 
ACTION	Pricing	2	price	1395132716755	1395132716756	1395132716829	1395132716829	OK	 
ACTION	Pricing	1	price	1395132716792	1395132716792	1395132716865	1395132716865	OK	 
ACTION	Pricing	2	price	1395132716831	1395132716831	1395132716901	1395132716902	OK	 
ACTION	Pricing	1	price	1395132716867	1395132716867	1395132716941	1395132716942	OK	 
ACTION	Pricing	2	price	1395132716903	1395132716904	1395132716972	1395132716972	OK	 
ACTION	Pricing	1	price	1395132716943	1395132716944	1395132717002	1395132717002	OK	 
ACTION	Pricing	2	price	1395132716974	1395132716974	1395132717037	1395132717037	OK	 
ACTION	Pricing	1	price	1395132717004	1395132717005	1395132717068	1395132717068	OK	 
ACTION	Pricing	2	price	1395132717039	1395132717039	1395132717101	1395132717101	OK	 
ACTION	Pricing	1	price	1395132717069	1395132717070	1395132717133	1395132717133	OK	 
ACTION	Pricing	2	price	1395132717102	1395132717103	1395132717166	1395132717167	OK	 
ACTION	Pricing	1	price	1395132717134	1395132717135	1395132717203	1395132717204	OK	 
ACTION	Pricing	2	price	1395132717169	1395132717169	1395132717255	1395132717255	OK	 
ACTION	Pricing	1	price	1395132717205	1395132717206	1395132717296	1395132717296	OK	 
ACTION	Pricing	2	price	1395132717256	1395132717257	1395132717323	1395132717324	OK	 
ACTION	Pricing	1	price	1395132717297	1395132717298	1395132717356	1395132717356	OK	 
ACTION	Pricing	2	price	1395132717325	1395132717325	1395132717385	1395132717386	OK	 
ACTION	Pricing	1	price	1395132717358	1395132717359	1395132717420	1395132717420	OK	 
ACTION	Pricing	2	price	1395132717387	1395132717388	1395132717448	1395132717448	OK	 
ACTION	Pricing	1	price	1395132717422	1395132717422	1395132717478	1395132717479	OK	 
ACTION	Pricing	2	price	1395132717450	1395132717451	1395132717513	1395132717513	OK	 
ACTION	Pricing	1	price	1395132717481	1395132717481	1395132717543	1395132717543	OK	 
ACTION	Pricing	2	price	1395132717515	1395132717516	1395132717573	1395132717573	OK	 
ACTION	Pricing	1	price	1395132717544	1395132717545	1395132717605	1395132717605	OK	 
ACTION	Pricing	2	price	1395132717575	1395132717575	1395132717637	1395132717637	OK	 
ACTION	Pricing	1	price	1395132717606	1395132717607	1395132717670	1395132717671	OK	 
ACTION	Pricing	2	price	1395132717639	1395132717639	1395132717702	1395132717702	OK	 
ACTION	Pricing	1	price	1395132717672	1395132717672	1395132717735	1395132717736	OK	 
ACTION	Pricing	2	price	1395132717704	1395132717704	1395132717771	1395132717771	OK	 
ACTION	Pricing	1	price	1395132717737	1395132717738	1395132717804	1395132717804	OK	 
ACTION	Pricing	2	price	1395132717773	1395132717774	1395132717838	1395132717838	OK	 
ACTION	Pricing	1	price	1395132717805	1395132717806	1395132717872	1395132717873	OK	 
ACTION	Pricing	2	price	1395132717840	1395132717841	1395132717905	1395132717905	OK	 
ACTION	Pricing	1	price	1395132717876	1395132717876	1395132717939	1395132717939	OK	 
ACTION	Pricing	2	price	1395132717907	1395132717908	1395132717971	1395132717971	OK	 
ACTION	Pricing	1	price	1395132717941	1395132717941	1395132718009	1395132718009	OK	 
ACTION	Pricing	2	price	1395132717973	1395132717973	1395132718039	1395132718039	OK	 
ACTION	Pricing	1	price	1395132718011	1395132718012	1395132718069	1395132718069	OK	 
ACTION	Pricing	2	price	1395132718040	1395132718041	1395132718101	1395132718101	OK	 
ACTION	Pricing	1	price	1395132718070	1395132718071	1395132718141	1395132718141	OK	 
ACTION	Pricing	2	price	1395132718103	1395132718103	1395132718175	1395132718175	OK	 
ACTION	Pricing	1	price	1395132718143	1395132718144	1395132718209	1395132718209	OK	 
ACTION	Pricing	2	price	1395132718177	1395132718177	1395132718260	1395132718260	OK	 
ACTION	Pricing	1	price	1395132718211	1395132718212	1395132718291	1395132718291	OK	 
ACTION	Pricing	2	price	1395132718262	1395132718263	1395132718324	1395132718325	OK	 
ACTION	Pricing	1	price	1395132718293	1395132718293	1395132718359	1395132718360	OK	 
ACTION	Pricing	2	price	1395132718327	1395132718327	1395132718397	1395132718397	OK	 
ACTION	Pricing	1	price	1395132718365	1395132718366	1395132718432	1395132718432	OK	 
ACTION	Pricing	2	price	1395132718399	1395132718400	1395132718473	1395132718473	OK	 
ACTION	Pricing	1	price	1395132718434	1395132718434	1395132718507	1395132718508	OK	 
ACTION	Pricing	2	price	1395132718475	1395132718475	1395132718550	1395132718551	OK	 
ACTION	Pricing	1	price	1395132718509	1395132718510	1395132718589	1395132718589	OK	 
ACTION	Pricing	2	price	1395132718552	1395132718553	1395132718625	1395132718626	OK	 
ACTION	Pricing	1	price	1395132718591	1395132718592	1395132718660	1395132718660	OK	 
ACTION	Pricing	2	price	1395132718628	1395132718628	1395132718692	1395132718692	OK	 
ACTION	Pricing	1	price	1395132718661	1395132718662	1395132718725	1395132718726	OK	 
ACTION	Pricing	2	price	1395132718693	1395132718694	1395132718757	1395132718758	OK	 
ACTION	Pricing	1	price	1395132718727	1395132718728	1395132718793	1395132718793	OK	 
ACTION	Pricing	2	price	1395132718759	1395132718760	1395132718828	1395132718828	OK	 
ACTION	Pricing	1	price	1395132718795	1395132718796	1395132718862	1395132718862	OK	 
ACTION	Pricing	2	price	1395132718830	1395132718830	1395132718903	1395132718903	OK	 
ACTION	Pricing	1	price	1395132718864	1395132718864	1395132718954	1395132718955	OK	 
ACTION	Pricing	2	price	1395132718906	1395132718907	1395132718996	1395132718996	OK	 
ACTION	Pricing	1	price	1395132718956	1395132718957	1395132719029	1395132719029	OK	 
ACTION	Pricing	2	price	1395132718997	1395132718998	1395132719064	1395132719064	OK	 
ACTION	Pricing	1	price	1395132719030	1395132719031	1395132719102	1395132719102	OK	 
ACTION	Pricing	2	price	1395132719066	1395132719067	1395132719135	1395132719135	OK	 
ACTION	Pricing	1	price	1395132719104	1395132719105	1395132719169	1395132719169	OK	 
ACTION	Pricing	2	price	1395132719137	1395132719138	1395132719201	1395132719201	OK	 
ACTION	Pricing	1	price	1395132719171	1395132719171	1395132719233	1395132719234	OK	 
ACTION	Pricing	2	price	1395132719203	1395132719204	1395132719268	1395132719269	OK	 
ACTION	Pricing	1	price	1395132719235	1395132719236	1395132719302	1395132719302	OK	 
ACTION	Pricing	2	price	1395132719270	1395132719271	1395132719338	1395132719338	OK	 
ACTION	Pricing	1	price	1395132719305	1395132719305	1395132719371	1395132719371	OK	 
ACTION	Pricing	2	price	1395132719340	1395132719340	1395132719406	1395132719407	OK	 
ACTION	Pricing	1	price	1395132719373	1395132719373	1395132719438	1395132719438	OK	 
ACTION	Pricing	2	price	1395132719408	1395132719409	1395132719475	1395132719475	OK	 
ACTION	Pricing	1	price	1395132719440	1395132719441	1395132719508	1395132719508	OK	 
ACTION	Pricing	2	price	1395132719476	1395132719477	1395132719542	1395132719543	OK	 
ACTION	Pricing	1	price	1395132719510	1395132719511	1395132719577	1395132719578	OK	 
ACTION	Pricing	2	price	1395132719545	1395132719545	1395132719616	1395132719616	OK	 
ACTION	Pricing	1	price	1395132719580	1395132719581	1395132719653	1395132719653	OK	 
ACTION	Pricing	2	price	1395132719618	1395132719618	1395132719689	1395132719689	OK	 
ACTION	Pricing	1	price	1395132719655	1395132719656	1395132719727	1395132719728	OK	 
ACTION	Pricing	2	price	1395132719691	1395132719691	1395132719768	1395132719768	OK	 
ACTION	Pricing	1	price	1395132719730	1395132719730	1395132719805	1395132719805	OK	 
ACTION	Pricing	2	price	1395132719770	1395132719771	1395132719844	1395132719844	OK	 
ACTION	Pricing	1	price	1395132719807	1395132719807	1395132719882	1395132719882	OK	 
ACTION	Pricing	2	price	1395132719845	1395132719846	1395132719941	1395132719941	OK	 
ACTION	Pricing	1	price	1395132719888	1395132719889	1395132719970	1395132719971	OK	 
ACTION	Pricing	2	price	1395132719943	1395132719943	1395132720005	1395132720005	OK	 
ACTION	Pricing	1	price	1395132719973	1395132719973	1395132720037	1395132720037	OK	 
ACTION	Pricing	2	price	1395132720007	1395132720007	1395132720066	1395132720066	OK	 
ACTION	Pricing	1	price	1395132720038	1395132720039	1395132720097	1395132720097	OK	 
ACTION	Pricing	2	price	1395132720068	1395132720068	1395132720125	1395132720125	OK	 
ACTION	Pricing	1	price	1395132720099	1395132720100	1395132720155	1395132720156	OK	 
ACTION	Pricing	2	price	1395132720127	1395132720127	1395132720186	1395132720186	OK	 
ACTION	Pricing	1	price	1395132720157	1395132720158	1395132720216	1395132720217	OK	 
ACTION	Pricing	2	price	1395132720188	1395132720188	1395132720246	1395132720247	OK	 
ACTION	Pricing	1	price	1395132720218	1395132720218	1395132720287	1395132720288	OK	 
ACTION	Pricing	2	price	1395132720248	1395132720249	1395132720312	1395132720312	OK	 
ACTION	Pricing	1	price	1395132720289	1395132720290	1395132720341	1395132720341	OK	 
ACTION	Pricing	2	price	1395132720314	1395132720314	1395132720384	1395132720384	OK	 
ACTION	Pricing	1	price	1395132720343	1395132720343	1395132720424	1395132720424	OK	 
ACTION	Pricing	2	price	1395132720385	1395132720386	1395132720463	1395132720463	OK	 
ACTION	Pricing	1	price	1395132720425	1395132720426	1395132720501	1395132720501	OK	 
ACTION	Pricing	2	price	1395132720465	1395132720465	1395132720533	1395132720533	OK	 
ACTION	Pricing	1	price	1395132720502	1395132720503	1395132720566	1395132720566	OK	 
ACTION	Pricing	2	price	1395132720535	1395132720536	1395132720596	1395132720597	OK	 
ACTION	Pricing	1	price	1395132720569	1395132720569	1395132720628	1395132720629	OK	 
ACTION	Pricing	2	price	1395132720598	1395132720599	1395132720658	1395132720658	OK	 
ACTION	Pricing	1	price	1395132720630	1395132720631	1395132720692	1395132720692	OK	 
ACTION	Pricing	2	price	1395132720660	1395132720660	1395132720724	1395132720724	OK	 
ACTION	Pricing	1	price	1395132720693	1395132720694	1395132720755	1395132720755	OK	 
ACTION	Pricing	2	price	1395132720725	1395132720726	1395132720792	1395132720792	OK	 
ACTION	Pricing	1	price	1395132720756	1395132720757	1395132720824	1395132720825	OK	 
ACTION	Pricing	2	price	1395132720794	1395132720795	1395132720857	1395132720857	OK	 
ACTION	Pricing	1	price	1395132720826	1395132720827	1395132720889	1395132720890	OK	 
ACTION	Pricing	2	price	1395132720858	1395132720859	1395132720921	1395132720921	OK	 
ACTION	Pricing	1	price	1395132720891	1395132720891	1395132720953	1395132720954	OK	 
ACTION	Pricing	2	price	1395132720923	1395132720923	1395132720984	1395132720984	OK	 
ACTION	Pricing	1	price	1395132720956	1395132720956	1395132721013	1395132721014	OK	 
ACTION	Pricing	2	price	1395132720986	1395132720987	1395132721044	1395132721044	OK	 
ACTION	Pricing	1	price	1395132721015	1395132721016	1395132721077	1395132721077	OK	 
ACTION	Pricing	2	price	1395132721046	1395132721047	1395132721110	1395132721111	OK	 
ACTION	Pricing	1	price	1395132721078	1395132721079	1395132721143	1395132721144	OK	 
ACTION	Pricing	2	price	1395132721112	1395132721113	1395132721176	1395132721176	OK	 
ACTION	Pricing	1	price	1395132721145	1395132721145	1395132721208	1395132721209	OK	 
ACTION	Pricing	2	price	1395132721177	1395132721178	1395132721249	1395132721250	OK	 
ACTION	Pricing	1	price	1395132721211	1395132721213	1395132721286	1395132721286	OK	 
ACTION	Pricing	2	price	1395132721252	1395132721253	1395132721323	1395132721323	OK	 
ACTION	Pricing	1	price	1395132721288	1395132721288	1395132721360	1395132721360	OK	 
ACTION	Pricing	2	price	1395132721325	1395132721325	1395132721404	1395132721405	OK	 
ACTION	Pricing	1	price	1395132721362	1395132721363	1395132721436	1395132721437	OK	 
ACTION	Pricing	2	price	1395132721406	1395132721407	1395132721468	1395132721468	OK	 
ACTION	Pricing	1	price	1395132721438	1395132721439	1395132721500	1395132721500	OK	 
ACTION	Pricing	2	price	1395132721470	1395132721470	1395132721533	1395132721534	OK	 
ACTION	Pricing	1	price	1395132721502	1395132721503	1395132721564	1395132721564	OK	 
ACTION	Pricing	2	price	1395132721535	1395132721536	1395132721596	1395132721596	OK	 
ACTION	Pricing	1	price	1395132721565	1395132721566	1395132721628	1395132721628	OK	 
ACTION	Pricing	2	price	1395132721598	1395132721599	1395132721660	1395132721660	OK	 
ACTION	Pricing	1	price	1395132721630	1395132721630	1395132721693	1395132721693	OK	 
ACTION	Pricing	2	price	1395132721661	1395132721662	1395132721730	1395132721731	OK	 
ACTION	Pricing	1	price	1395132721694	1395132721695	1395132721755	1395132721755	OK	 
ACTION	Pricing	2	price	1395132721732	1395132721733	1395132721789	1395132721789	OK	 
ACTION	Pricing	1	price	1395132721756	1395132721757	1395132721821	1395132721821	OK	 
ACTION	Pricing	2	price	1395132721793	1395132721793	1395132721853	1395132721853	OK	 
ACTION	Pricing	1	price	1395132721822	1395132721823	1395132721888	1395132721888	OK	 
ACTION	Pricing	2	price	1395132721854	1395132721855	1395132721922	1395132721922	OK	 
ACTION	Pricing	1	price	1395132721908	1395132721908	1395132721954	1395132721955	OK	 
ACTION	Pricing	2	price	1395132721924	1395132721924	1395132721983	1395132721984	OK	 
ACTION	Pricing	1	price	1395132721956	1395132721956	1395132722013	1395132722013	OK	 
ACTION	Pricing	2	price	1395132721985	1395132721986	1395132722046	1395132722046	OK	 
ACTION	Pricing	1	price	1395132722015	1395132722015	1395132722079	1395132722079	OK	 
ACTION	Pricing	2	price	1395132722047	1395132722048	1395132722114	1395132722114	OK	 
ACTION	Pricing	1	price	1395132722081	1395132722082	1395132722147	1395132722147	OK	 
ACTION	Pricing	2	price	1395132722116	1395132722117	1395132722181	1395132722181	OK	 
ACTION	Pricing	1	price	1395132722149	1395132722150	1395132722214	1395132722214	OK	 
ACTION	Pricing	2	price	1395132722183	1395132722184	1395132722245	1395132722245	OK	 
ACTION	Pricing	1	price	1395132722215	1395132722216	1395132722274	1395132722275	OK	 
ACTION	Pricing	2	price	1395132722246	1395132722247	1395132722309	1395132722310	OK	 
ACTION	Pricing	1	price	1395132722276	1395132722277	1395132722334	1395132722334	OK	 
ACTION	Pricing	2	price	1395132722311	1395132722312	1395132722373	1395132722373	OK	 
ACTION	Pricing	1	price	1395132722335	1395132722336	1395132722406	1395132722406	OK	 
ACTION	Pricing	2	price	1395132722375	1395132722376	1395132722438	1395132722438	OK	 
ACTION	Pricing	1	price	1395132722408	1395132722408	1395132722466	1395132722467	OK	 
ACTION	Pricing	2	price	1395132722440	1395132722440	1395132722499	1395132722500	OK	 
ACTION	Pricing	1	price	1395132722468	1395132722468	1395132722529	1395132722529	OK	 
ACTION	Pricing	2	price	1395132722501	1395132722502	1395132722560	1395132722560	OK	 
ACTION	Pricing	1	price	1395132722531	1395132722531	1395132722604	1395132722604	OK	 
ACTION	Pricing	2	price	1395132722561	1395132722562	1395132722638	1395132722638	OK	 
ACTION	Pricing	1	price	1395132722605	1395132722606	1395132722660	1395132722660	OK	 
ACTION	Pricing	2	price	1395132722639	1395132722640	1395132722690	1395132722690	OK	 
ACTION	Pricing	1	price	1395132722661	1395132722662	1395132722721	1395132722722	OK	 
ACTION	Pricing	2	price	1395132722692	1395132722692	1395132722774	1395132722775	OK	 
ACTION	Pricing	1	price	1395132722724	1395132722724	1395132722810	1395132722810	OK	 
ACTION	Pricing	2	price	1395132722776	1395132722777	1395132722833	1395132722833	OK	 
ACTION	Pricing	1	price	1395132722811	1395132722812	1395132722863	1395132722863	OK	 
ACTION	Pricing	2	price	1395132722834	1395132722835	1395132722894	1395132722894	OK	 
ACTION	Pricing	1	price	1395132722865	1395132722865	1395132722927	1395132722927	OK	 
ACTION	Pricing	2	price	1395132722895	1395132722895	1395132722957	1395132722958	OK	 
ACTION	Pricing	1	price	1395132722929	1395132722929	1395132722988	1395132722988	OK	 
ACTION	Pricing	2	price	1395132722959	1395132722960	1395132723021	1395132723021	OK	 
ACTION	Pricing	1	price	1395132722989	1395132722990	1395132723049	1395132723050	OK	 
ACTION	Pricing	2	price	1395132723022	1395132723023	1395132723081	1395132723081	OK	 
ACTION	Pricing	1	price	1395132723051	1395132723052	1395132723112	1395132723113	OK	 
ACTION	Pricing	2	price	1395132723082	1395132723083	1395132723153	1395132723153	OK	 
ACTION	Pricing	1	price	1395132723114	1395132723114	1395132723187	1395132723187	OK	 
ACTION	Pricing	2	price	1395132723155	1395132723155	1395132723216	1395132723217	OK	 
ACTION	Pricing	1	price	1395132723189	1395132723189	1395132723247	1395132723247	OK	 
ACTION	Pricing	2	price	1395132723218	1395132723219	1395132723280	1395132723280	OK	 
ACTION	Pricing	1	price	1395132723248	1395132723249	1395132723311	1395132723311	OK	 
ACTION	Pricing	2	price	1395132723282	1395132723283	1395132723343	1395132723344	OK	 
ACTION	Pricing	1	price	1395132723313	1395132723314	1395132723372	1395132723372	OK	 
ACTION	Pricing	2	price	1395132723345	1395132723345	1395132723404	1395132723404	OK	 
ACTION	Pricing	1	price	1395132723374	1395132723374	1395132723436	1395132723436	OK	 
ACTION	Pricing	2	price	1395132723406	1395132723407	1395132723468	1395132723468	OK	 
ACTION	Pricing	1	price	1395132723438	1395132723438	1395132723504	1395132723504	OK	 
ACTION	Pricing	2	price	1395132723470	1395132723470	1395132723536	1395132723536	OK	 
ACTION	Pricing	1	price	1395132723506	1395132723506	1395132723580	1395132723580	OK	 
ACTION	Pricing	2	price	1395132723537	1395132723538	1395132723610	1395132723610	OK	 
ACTION	Pricing	1	price	1395132723581	1395132723581	1395132723639	1395132723639	OK	 
ACTION	Pricing	2	price	1395132723612	1395132723613	1395132723672	1395132723672	OK	 
ACTION	Pricing	1	price	1395132723642	1395132723642	1395132723704	1395132723704	OK	 
ACTION	Pricing	2	price	1395132723674	1395132723674	1395132723737	1395132723737	OK	 
ACTION	Pricing	1	price	1395132723706	1395132723706	1395132723767	1395132723768	OK	 
ACTION	Pricing	2	price	1395132723739	1395132723739	1395132723800	1395132723800	OK	 
ACTION	Pricing	1	price	1395132723769	1395132723769	1395132723829	1395132723829	OK	 
ACTION	Pricing	2	price	1395132723801	1395132723802	1395132723860	1395132723860	OK	 
ACTION	Pricing	1	price	1395132723831	1395132723831	1395132723894	1395132723895	OK	 
ACTION	Pricing	2	price	1395132723862	1395132723862	1395132723925	1395132723925	OK	 
ACTION	Pricing	1	price	1395132723896	1395132723896	1395132723960	1395132723960	OK	 
ACTION	Pricing	2	price	1395132723928	1395132723929	1395132723991	1395132723992	OK	 
ACTION	Pricing	1	price	1395132723961	1395132723962	1395132724023	1395132724023	OK	 
ACTION	Pricing	2	price	1395132723993	1395132723994	1395132724055	1395132724055	OK	 
ACTION	Pricing	1	price	1395132724024	1395132724025	1395132724089	1395132724089	OK	 
ACTION	Pricing	2	price	1395132724057	1395132724057	1395132724131	1395132724131	OK	 
ACTION	Pricing	1	price	1395132724090	1395132724091	1395132724164	1395132724164	OK	 
ACTION	Pricing	2	price	1395132724133	1395132724135	1395132724199	1395132724200	OK	 
ACTION	Pricing	1	price	1395132724166	1395132724166	1395132724230	1395132724230	OK	 
ACTION	Pricing	2	price	1395132724201	1395132724201	1395132724260	1395132724260	OK	 
ACTION	Pricing	1	price	1395132724232	1395132724232	1395132724289	1395132724290	OK	 
ACTION	Pricing	2	price	1395132724261	1395132724262	1395132724322	1395132724322	OK	 
ACTION	Pricing	1	price	1395132724291	1395132724292	1395132724355	1395132724355	OK	 
ACTION	Pricing	2	price	1395132724324	1395132724325	1395132724386	1395132724386	OK	 
ACTION	Pricing	1	price	1395132724356	1395132724357	1395132724417	1395132724417	OK	 
ACTION	Pricing	2	price	1395132724388	1395132724388	1395132724459	1395132724459	OK	 
ACTION	Pricing	1	price	1395132724418	1395132724419	1395132724492	1395132724492	OK	 
ACTION	Pricing	2	price	1395132724460	1395132724461	1395132724521	1395132724521	OK	 
ACTION	Pricing	1	price	1395132724493	1395132724494	1395132724552	1395132724552	OK	 
ACTION	Pricing	2	price	1395132724524	1395132724524	1395132724581	1395132724581	OK	 
ACTION	Pricing	1	price	1395132724554	1395132724555	1395132724613	1395132724613	OK	 
ACTION	Pricing	2	price	1395132724586	1395132724586	1395132724643	1395132724644	OK	 
ACTION	Pricing	1	price	1395132724614	1395132724615	1395132724672	1395132724673	OK	 
ACTION	Pricing	2	price	1395132724645	1395132724645	1395132724703	1395132724703	OK	 
ACTION	Pricing	1	price	1395132724674	1395132724674	1395132724733	1395132724734	OK	 
ACTION	Pricing	2	price	1395132724704	1395132724705	1395132724770	1395132724771	OK	 
ACTION	Pricing	1	price	1395132724735	1395132724735	1395132724800	1395132724800	OK	 
ACTION	Pricing	2	price	1395132724773	1395132724773	1395132724832	1395132724832	OK	 
ACTION	Pricing	1	price	1395132724802	1395132724802	1395132724864	1395132724865	OK	 
ACTION	Pricing	2	price	1395132724834	1395132724834	1395132724893	1395132724894	OK	 
ACTION	Pricing	1	price	1395132724866	1395132724866	1395132724927	1395132724927	OK	 
ACTION	Pricing	2	price	1395132724895	1395132724895	1395132724958	1395132724959	OK	 
ACTION	Pricing	1	price	1395132724928	1395132724929	1395132724989	1395132724990	OK	 
ACTION	Pricing	2	price	1395132724960	1395132724961	1395132725022	1395132725022	OK	 
ACTION	Pricing	1	price	1395132724991	1395132724992	1395132725056	1395132725056	OK	 
ACTION	Pricing	2	price	1395132725024	1395132725024	1395132725088	1395132725089	OK	 
ACTION	Pricing	1	price	1395132725058	1395132725058	1395132725119	1395132725119	OK	 
ACTION	Pricing	2	price	1395132725090	1395132725090	1395132725152	1395132725152	OK	 
ACTION	Pricing	1	price	1395132725120	1395132725121	1395132725184	1395132725185	OK	 
ACTION	Pricing	2	price	1395132725153	1395132725153	1395132725217	1395132725217	OK	 
ACTION	Pricing	1	price	1395132725186	1395132725186	1395132725252	1395132725252	OK	 
ACTION	Pricing	2	price	1395132725222	1395132725223	1395132725281	1395132725281	OK	 
ACTION	Pricing	1	price	1395132725253	1395132725254	1395132725311	1395132725311	OK	 
ACTION	Pricing	2	price	1395132725282	1395132725283	1395132725345	1395132725345	OK	 
ACTION	Pricing	1	price	1395132725313	1395132725314	1395132725376	1395132725376	OK	 
ACTION	Pricing	2	price	1395132725346	1395132725347	1395132725413	1395132725414	OK	 
ACTION	Pricing	1	price	1395132725377	1395132725378	1395132725447	1395132725447	OK	 
ACTION	Pricing	2	price	1395132725415	1395132725416	1395132725489	1395132725489	OK	 
ACTION	Pricing	1	price	1395132725448	1395132725449	1395132725523	1395132725523	OK	 
ACTION	Pricing	2	price	1395132725491	1395132725491	1395132725559	1395132725559	OK	 
ACTION	Pricing	1	price	1395132725525	1395132725525	1395132725591	1395132725591	OK	 
ACTION	Pricing	2	price	1395132725560	1395132725562	1395132725627	1395132725627	OK	 
ACTION	Pricing	1	price	1395132725594	1395132725594	1395132725673	1395132725673	OK	 
ACTION	Pricing	2	price	1395132725629	1395132725629	1395132725704	1395132725704	OK	 
ACTION	Pricing	1	price	1395132725675	1395132725675	1395132725739	1395132725739	OK	 
ACTION	Pricing	2	price	1395132725706	1395132725707	1395132725771	1395132725772	OK	 
ACTION	Pricing	1	price	1395132725740	1395132725741	1395132725808	1395132725808	OK	 
ACTION	Pricing	2	price	1395132725773	1395132725774	1395132725851	1395132725852	OK	 
ACTION	Pricing	1	price	1395132725809	1395132725810	1395132725885	1395132725885	OK	 
ACTION	Pricing	2	price	1395132725853	1395132725854	1395132725921	1395132725921	OK	 
ACTION	Pricing	1	price	1395132725887	1395132725887	1395132725954	1395132725954	OK	 
ACTION	Pricing	2	price	1395132725923	1395132725924	1395132725988	1395132725988	OK	 
ACTION	Pricing	1	price	1395132725957	1395132725957	1395132726027	1395132726027	OK	 
ACTION	Pricing	2	price	1395132725989	1395132725990	1395132726063	1395132726064	OK	 
ACTION	Pricing	1	price	1395132726029	1395132726030	1395132726103	1395132726103	OK	 
ACTION	Pricing	2	price	1395132726065	1395132726066	1395132726136	1395132726136	OK	 
ACTION	Pricing	1	price	1395132726105	1395132726106	1395132726174	1395132726174	OK	 
ACTION	Pricing	2	price	1395132726138	1395132726139	1395132726205	1395132726205	OK	 
ACTION	Pricing	1	price	1395132726176	1395132726176	1395132726237	1395132726237	OK	 
ACTION	Pricing	2	price	1395132726206	1395132726207	1395132726266	1395132726267	OK	 
ACTION	Pricing	1	price	1395132726239	1395132726239	1395132726299	1395132726299	OK	 
ACTION	Pricing	2	price	1395132726268	1395132726268	1395132726332	1395132726332	OK	 
ACTION	Pricing	1	price	1395132726301	1395132726301	1395132726365	1395132726366	OK	 
ACTION	Pricing	2	price	1395132726333	1395132726334	1395132726402	1395132726403	OK	 
ACTION	Pricing	1	price	1395132726367	1395132726368	1395132726433	1395132726433	OK	 
ACTION	Pricing	2	price	1395132726404	1395132726405	1395132726468	1395132726468	OK	 
ACTION	Pricing	1	price	1395132726436	1395132726436	1395132726499	1395132726499	OK	 
ACTION	Pricing	2	price	1395132726470	1395132726470	1395132726531	1395132726531	OK	 
ACTION	Pricing	1	price	1395132726501	1395132726501	1395132726561	1395132726561	OK	 
ACTION	Pricing	2	price	1395132726533	1395132726533	1395132726593	1395132726594	OK	 
ACTION	Pricing	1	price	1395132726563	1395132726563	1395132726625	1395132726625	OK	 
ACTION	Pricing	2	price	1395132726595	1395132726596	1395132726657	1395132726658	OK	 
ACTION	Pricing	1	price	1395132726626	1395132726627	1395132726690	1395132726691	OK	 
ACTION	Pricing	2	price	1395132726659	1395132726660	1395132726721	1395132726722	OK	 
ACTION	Pricing	1	price	1395132726692	1395132726692	1395132726752	1395132726752	OK	 
ACTION	Pricing	2	price	1395132726723	1395132726724	1395132726782	1395132726782	OK	 
ACTION	Pricing	1	price	1395132726753	1395132726753	1395132726815	1395132726815	OK	 
ACTION	Pricing	2	price	1395132726784	1395132726784	1395132726847	1395132726847	OK	 
ACTION	Pricing	1	price	1395132726816	1395132726817	1395132726879	1395132726879	OK	 
ACTION	Pricing	2	price	1395132726849	1395132726849	1395132726913	1395132726914	OK	 
ACTION	Pricing	1	price	1395132726881	1395132726881	1395132726946	1395132726947	OK	 
ACTION	Pricing	2	price	1395132726916	1395132726916	1395132726977	1395132726977	OK	 
ACTION	Pricing	1	price	1395132726948	1395132726948	1395132727007	1395132727007	OK	 
ACTION	Pricing	2	price	1395132726979	1395132726979	1395132727039	1395132727039	OK	 
ACTION	Pricing	1	price	1395132727008	1395132727009	1395132727070	1395132727070	OK	 
ACTION	Pricing	2	price	1395132727040	1395132727041	1395132727100	1395132727100	OK	 
ACTION	Pricing	1	price	1395132727072	1395132727072	1395132727131	1395132727131	OK	 
ACTION	Pricing	2	price	1395132727101	1395132727102	1395132727160	1395132727160	OK	 
ACTION	Pricing	1	price	1395132727132	1395132727133	1395132727202	1395132727202	OK	 
ACTION	Pricing	2	price	1395132727162	1395132727163	1395132727235	1395132727236	OK	 
ACTION	Pricing	1	price	1395132727204	1395132727205	1395132727264	1395132727264	OK	 
ACTION	Pricing	2	price	1395132727237	1395132727237	1395132727295	1395132727295	OK	 
ACTION	Pricing	1	price	1395132727265	1395132727266	1395132727327	1395132727327	OK	 
ACTION	Pricing	2	price	1395132727297	1395132727298	1395132727358	1395132727358	OK	 
ACTION	Pricing	1	price	1395132727329	1395132727330	1395132727388	1395132727388	OK	 
ACTION	Pricing	2	price	1395132727360	1395132727360	1395132727420	1395132727420	OK	 
ACTION	Pricing	1	price	1395132727390	1395132727391	1395132727451	1395132727451	OK	 
ACTION	Pricing	2	price	1395132727422	1395132727422	1395132727484	1395132727485	OK	 
ACTION	Pricing	1	price	1395132727452	1395132727453	1395132727516	1395132727516	OK	 
ACTION	Pricing	2	price	1395132727486	1395132727486	1395132727545	1395132727545	OK	 
ACTION	Pricing	1	price	1395132727517	1395132727517	1395132727583	1395132727583	OK	 
ACTION	Pricing	2	price	1395132727547	1395132727547	1395132727615	1395132727615	OK	 
ACTION	Pricing	1	price	1395132727585	1395132727585	1395132727655	1395132727655	OK	 
ACTION	Pricing	2	price	1395132727616	1395132727617	1395132727690	1395132727690	OK	 
ACTION	Pricing	1	price	1395132727656	1395132727657	1395132727720	1395132727720	OK	 
ACTION	Pricing	2	price	1395132727691	1395132727692	1395132727751	1395132727751	OK	 
ACTION	Pricing	1	price	1395132727721	1395132727721	1395132727785	1395132727786	OK	 
ACTION	Pricing	2	price	1395132727753	1395132727753	1395132727819	1395132727820	OK	 
ACTION	Pricing	1	price	1395132727788	1395132727789	1395132727857	1395132727857	OK	 
ACTION	Pricing	2	price	1395132727821	1395132727823	1395132727891	1395132727892	OK	 
ACTION	Pricing	1	price	1395132727859	1395132727859	1395132727931	1395132727931	OK	 
ACTION	Pricing	2	price	1395132727894	1395132727894	1395132727960	1395132727961	OK	 
ACTION	Pricing	1	price	1395132727933	1395132727933	1395132727994	1395132727994	OK	 
ACTION	Pricing	2	price	1395132727962	1395132727963	1395132728040	1395132728040	OK	 
ACTION	Pricing	1	price	1395132728039	1395132728041	1395132728080	1395132728081	OK	 
ACTION	Pricing	2	price	1395132728041	1395132728042	1395132728113	1395132728113	OK	 
ACTION	Pricing	1	price	1395132728082	1395132728083	1395132728144	1395132728145	OK	 
ACTION	Pricing	2	price	1395132728115	1395132728115	1395132728179	1395132728179	OK	 
ACTION	Pricing	1	price	1395132728146	1395132728147	1395132728215	1395132728215	OK	 
ACTION	Pricing	2	price	1395132728181	1395132728181	1395132728250	1395132728250	OK	 
ACTION	Pricing	1	price	1395132728216	1395132728217	1395132728284	1395132728284	OK	 
ACTION	Pricing	2	price	1395132728252	1395132728252	1395132728319	1395132728319	OK	 
ACTION	Pricing	1	price	1395132728285	1395132728286	1395132728355	1395132728355	OK	 
ACTION	Pricing	2	price	1395132728321	1395132728321	1395132728395	1395132728395	OK	 
ACTION	Pricing	1	price	1395132728356	1395132728356	1395132728421	1395132728422	OK	 
ACTION	Pricing	2	price	1395132728396	1395132728397	1395132728455	1395132728455	OK	 
ACTION	Pricing	1	price	1395132728423	1395132728424	1395132728489	1395132728489	OK	 
ACTION	Pricing	2	price	1395132728456	1395132728457	1395132728523	1395132728523	OK	 
ACTION	Pricing	1	price	1395132728491	1395132728491	1395132728555	1395132728555	OK	 
ACTION	Pricing	2	price	1395132728525	1395132728525	1395132728588	1395132728588	OK	 
ACTION	Pricing	1	price	1395132728556	1395132728557	1395132728621	1395132728621	OK	 
ACTION	Pricing	2	price	1395132728589	1395132728590	1395132728653	1395132728654	OK	 
ACTION	Pricing	1	price	1395132728623	1395132728624	1395132728685	1395132728685	OK	 
ACTION	Pricing	2	price	1395132728655	1395132728656	1395132728719	1395132728719	OK	 
ACTION	Pricing	1	price	1395132728687	1395132728687	1395132728780	1395132728781	OK	 
ACTION	Pricing	2	price	1395132728720	1395132728721	1395132728811	1395132728812	OK	 
ACTION	Pricing	1	price	1395132728782	1395132728782	1395132728843	1395132728843	OK	 
ACTION	Pricing	2	price	1395132728814	1395132728814	1395132728873	1395132728873	OK	 
ACTION	Pricing	1	price	1395132728845	1395132728845	1395132728907	1395132728907	OK	 
ACTION	Pricing	2	price	1395132728875	1395132728875	1395132728936	1395132728936	OK	 
ACTION	Pricing	1	price	1395132728908	1395132728909	1395132728969	1395132728969	OK	 
ACTION	Pricing	2	price	1395132728938	1395132728938	1395132729001	1395132729001	OK	 
ACTION	Pricing	1	price	1395132728971	1395132728971	1395132729033	1395132729033	OK	 
ACTION	Pricing	2	price	1395132729003	1395132729003	1395132729069	1395132729070	OK	 
ACTION	Pricing	1	price	1395132729056	1395132729057	1395132729107	1395132729107	OK	 
ACTION	Pricing	2	price	1395132729072	1395132729072	1395132729145	1395132729145	OK	 
ACTION	Pricing	1	price	1395132729109	1395132729109	1395132729180	1395132729181	OK	 
ACTION	Pricing	2	price	1395132729147	1395132729147	1395132729223	1395132729223	OK	 
ACTION	Pricing	1	price	1395132729183	1395132729183	1395132729260	1395132729260	OK	 
ACTION	Pricing	2	price	1395132729225	1395132729225	1395132729302	1395132729302	OK	 
ACTION	Pricing	1	price	1395132729262	1395132729263	1395132729339	1395132729339	OK	 
ACTION	Pricing	2	price	1395132729303	1395132729304	1395132729378	1395132729379	OK	 
ACTION	Pricing	1	price	1395132729340	1395132729341	1395132729416	1395132729416	OK	 
ACTION	Pricing	2	price	1395132729381	1395132729381	1395132729453	1395132729453	OK	 
ACTION	Pricing	1	price	1395132729418	1395132729418	1395132729485	1395132729486	OK	 
ACTION	Pricing	2	price	1395132729454	1395132729455	1395132729518	1395132729518	OK	 
ACTION	Pricing	1	price	1395132729487	1395132729487	1395132729556	1395132729556	OK	 
ACTION	Pricing	2	price	1395132729520	1395132729520	1395132729587	1395132729588	OK	 
ACTION	Pricing	1	price	1395132729558	1395132729558	1395132729617	1395132729617	OK	 
ACTION	Pricing	2	price	1395132729589	1395132729589	1395132729644	1395132729644	OK	 
ACTION	Pricing	1	price	1395132729619	1395132729619	1395132729675	1395132729675	OK	 
ACTION	Pricing	2	price	1395132729646	1395132729646	1395132729704	1395132729705	OK	 
ACTION	Pricing	1	price	1395132729676	1395132729677	1395132729740	1395132729740	OK	 
ACTION	Pricing	2	price	1395132729706	1395132729707	1395132729771	1395132729772	OK	 
ACTION	Pricing	1	price	1395132729741	1395132729742	1395132729806	1395132729806	OK	 
ACTION	Pricing	2	price	1395132729773	1395132729773	1395132729838	1395132729838	OK	 
ACTION	Pricing	1	price	1395132729808	1395132729808	1395132729869	1395132729869	OK	 
ACTION	Pricing	2	price	1395132729840	1395132729840	1395132729901	1395132729902	OK	 
ACTION	Pricing	1	price	1395132729871	1395132729872	1395132729930	1395132729931	OK	 
ACTION	Pricing	2	price	1395132729904	1395132729904	1395132729975	1395132729975	OK	 
ACTION	Pricing	1	price	1395132729932	1395132729932	1395132730004	1395132730004	OK	 
ACTION	Pricing	2	price	1395132729976	1395132729977	1395132730036	1395132730036	OK	 
ACTION	Pricing	1	price	1395132730006	1395132730006	1395132730065	1395132730065	OK	 
ACTION	Pricing	2	price	1395132730037	1395132730038	1395132730099	1395132730099	OK	 
ACTION	Pricing	1	price	1395132730067	1395132730067	1395132730140	1395132730140	OK	 
ACTION	Pricing	2	price	1395132730103	1395132730112	1395132730181	1395132730181	OK	 
ACTION	Pricing	1	price	1395132730141	1395132730142	1395132730220	1395132730220	OK	 
ACTION	Pricing	2	price	1395132730183	1395132730183	1395132730258	1395132730259	OK	 
ACTION	Pricing	1	price	1395132730222	1395132730223	1395132730295	1395132730295	OK	 
ACTION	Pricing	2	price	1395132730260	1395132730260	1395132730337	1395132730337	OK	 
ACTION	Pricing	1	price	1395132730297	1395132730297	1395132730366	1395132730366	OK	 
ACTION	Pricing	2	price	1395132730339	1395132730339	1395132730396	1395132730396	OK	 
ACTION	Pricing	1	price	1395132730368	1395132730368	1395132730427	1395132730428	OK	 
ACTION	Pricing	2	price	1395132730397	1395132730398	1395132730460	1395132730460	OK	 
ACTION	Pricing	1	price	1395132730429	1395132730430	1395132730490	1395132730491	OK	 
ACTION	Pricing	2	price	1395132730461	1395132730462	1395132730522	1395132730522	OK	 
ACTION	Pricing	1	price	1395132730492	1395132730493	1395132730552	1395132730552	OK	 
ACTION	Pricing	2	price	1395132730523	1395132730524	1395132730586	1395132730587	OK	 
ACTION	Pricing	1	price	1395132730553	1395132730554	1395132730618	1395132730618	OK	 
ACTION	Pricing	2	price	1395132730588	1395132730589	1395132730650	1395132730650	OK	 
ACTION	Pricing	1	price	1395132730619	1395132730620	1395132730681	1395132730682	OK	 
ACTION	Pricing	2	price	1395132730651	1395132730652	1395132730714	1395132730714	OK	 
ACTION	Pricing	1	price	1395132730683	1395132730683	1395132730751	1395132730751	OK	 
ACTION	Pricing	2	price	1395132730716	1395132730716	1395132730774	1395132730775	OK	 
ACTION	Pricing	1	price	1395132730752	1395132730753	1395132730805	1395132730805	OK	 
ACTION	Pricing	2	price	1395132730776	1395132730777	1395132730839	1395132730839	OK	 
ACTION	Pricing	1	price	1395132730806	1395132730807	1395132730872	1395132730873	OK	 
ACTION	Pricing	2	price	1395132730841	1395132730841	1395132730905	1395132730905	OK	 
ACTION	Pricing	1	price	1395132730875	1395132730875	1395132730939	1395132730940	OK	 
ACTION	Pricing	2	price	1395132730907	1395132730907	1395132730973	1395132730973	OK	 
ACTION	Pricing	1	price	1395132730941	1395132730942	1395132731012	1395132731012	OK	 
ACTION	Pricing	2	price	1395132730974	1395132730975	1395132731040	1395132731040	OK	 
ACTION	Pricing	1	price	1395132731013	1395132731014	1395132731071	1395132731071	OK	 
ACTION	Pricing	2	price	1395132731041	1395132731042	1395132731111	1395132731112	OK	 
ACTION	Pricing	1	price	1395132731072	1395132731072	1395132731151	1395132731152	OK	 
ACTION	Pricing	2	price	1395132731113	1395132731114	1395132731183	1395132731183	OK	 
ACTION	Pricing	1	price	1395132731153	1395132731153	1395132731214	1395132731215	OK	 
ACTION	Pricing	2	price	1395132731185	1395132731186	1395132731243	1395132731243	OK	 
ACTION	Pricing	1	price	1395132731216	1395132731216	1395132731272	1395132731273	OK	 
ACTION	Pricing	2	price	1395132731244	1395132731245	1395132731302	1395132731302	OK	 
ACTION	Pricing	1	price	1395132731274	1395132731275	1395132731332	1395132731333	OK	 
ACTION	Pricing	2	price	1395132731304	1395132731304	1395132731367	1395132731367	OK	 
ACTION	Pricing	1	price	1395132731334	1395132731335	1395132731396	1395132731396	OK	 
ACTION	Pricing	2	price	1395132731368	1395132731369	1395132731431	1395132731431	OK	 
ACTION	Pricing	1	price	1395132731398	1395132731398	1395132731460	1395132731460	OK	 
ACTION	Pricing	2	price	1395132731432	1395132731433	1395132731492	1395132731492	OK	 
ACTION	Pricing	1	price	1395132731461	1395132731461	1395132731522	1395132731523	OK	 
ACTION	Pricing	2	price	1395132731493	1395132731494	1395132731562	1395132731563	OK	 
ACTION	Pricing	1	price	1395132731524	1395132731524	1395132731592	1395132731592	OK	 
ACTION	Pricing	2	price	1395132731564	1395132731564	1395132731623	1395132731623	OK	 
ACTION	Pricing	1	price	1395132731594	1395132731594	1395132731652	1395132731653	OK	 
ACTION	Pricing	2	price	1395132731625	1395132731625	1395132731684	1395132731684	OK	 
ACTION	Pricing	1	price	1395132731655	1395132731656	1395132731715	1395132731715	OK	 
ACTION	Pricing	2	price	1395132731685	1395132731686	1395132731745	1395132731745	OK	 
ACTION	Pricing	1	price	1395132731716	1395132731717	1395132731778	1395132731778	OK	 
ACTION	Pricing	2	price	1395132731747	1395132731747	1395132731809	1395132731810	OK	 
ACTION	Pricing	1	price	1395132731779	1395132731779	1395132731840	1395132731841	OK	 
ACTION	Pricing	2	price	1395132731811	1395132731811	1395132731873	1395132731873	OK	 
ACTION	Pricing	1	price	1395132731842	1395132731843	1395132731904	1395132731905	OK	 
ACTION	Pricing	2	price	1395132731875	1395132731875	1395132731936	1395132731936	OK	 
ACTION	Pricing	1	price	1395132731906	1395132731906	1395132731968	1395132731968	OK	 
ACTION	Pricing	2	price	1395132731938	1395132731938	1395132732005	1395132732006	OK	 
ACTION	Pricing	1	price	1395132731969	1395132731970	1395132732038	1395132732038	OK	 
ACTION	Pricing	2	price	1395132732007	1395132732008	1395132732069	1395132732070	OK	 
ACTION	Pricing	1	price	1395132732039	1395132732040	1395132732102	1395132732103	OK	 
ACTION	Pricing	2	price	1395132732071	1395132732072	1395132732135	1395132732135	OK	 
ACTION	Pricing	1	price	1395132732105	1395132732105	1395132732167	1395132732168	OK	 
ACTION	Pricing	2	price	1395132732137	1395132732137	1395132732213	1395132732213	OK	 
ACTION	Pricing	1	price	1395132732169	1395132732169	1395132732240	1395132732241	OK	 
ACTION	Pricing	2	price	1395132732214	1395132732215	1395132732270	1395132732270	OK	 
ACTION	Pricing	1	price	1395132732242	1395132732242	1395132732296	1395132732297	OK	 
ACTION	Pricing	2	price	1395132732272	1395132732272	1395132732328	1395132732329	OK	 
ACTION	Pricing	1	price	1395132732298	1395132732298	1395132732360	1395132732360	OK	 
ACTION	Pricing	2	price	1395132732330	1395132732331	1395132732395	1395132732395	OK	 
ACTION	Pricing	1	price	1395132732361	1395132732362	1395132732428	1395132732428	OK	 
ACTION	Pricing	2	price	1395132732396	1395132732397	1395132732463	1395132732463	OK	 
ACTION	Pricing	1	price	1395132732429	1395132732430	1395132732494	1395132732495	OK	 
ACTION	Pricing	2	price	1395132732464	1395132732465	1395132732527	1395132732527	OK	 
ACTION	Pricing	1	price	1395132732497	1395132732498	1395132732558	1395132732558	OK	 
ACTION	Pricing	2	price	1395132732529	1395132732529	1395132732588	1395132732588	OK	 
ACTION	Pricing	1	price	1395132732559	1395132732560	1395132732618	1395132732618	OK	 
ACTION	Pricing	2	price	1395132732590	1395132732590	1395132732650	1395132732651	OK	 
ACTION	Pricing	1	price	1395132732620	1395132732620	1395132732684	1395132732685	OK	 
ACTION	Pricing	2	price	1395132732652	1395132732653	1395132732722	1395132732723	OK	 
ACTION	Pricing	1	price	1395132732686	1395132732687	1395132732757	1395132732757	OK	 
ACTION	Pricing	2	price	1395132732724	1395132732725	1395132732791	1395132732791	OK	 
ACTION	Pricing	1	price	1395132732759	1395132732759	1395132732827	1395132732827	OK	 
ACTION	Pricing	2	price	1395132732792	1395132732793	1395132732858	1395132732858	OK	 
ACTION	Pricing	1	price	1395132732828	1395132732829	1395132732887	1395132732888	OK	 
ACTION	Pricing	2	price	1395132732859	1395132732860	1395132732922	1395132732922	OK	 
ACTION	Pricing	1	price	1395132732889	1395132732890	1395132732956	1395132732956	OK	 
ACTION	Pricing	2	price	1395132732924	1395132732924	1395132732992	1395132732992	OK	 
ACTION	Pricing	1	price	1395132732958	1395132732958	1395132733023	1395132733023	OK	 
ACTION	Pricing	2	price	1395132732993	1395132732994	1395132733058	1395132733058	OK	 
ACTION	Pricing	1	price	1395132733025	1395132733025	1395132733094	1395132733094	OK	 
ACTION	Pricing	2	price	1395132733060	1395132733060	1395132733125	1395132733125	OK	 
ACTION	Pricing	1	price	1395132733096	1395132733097	1395132733161	1395132733161	OK	 
ACTION	Pricing	2	price	1395132733127	1395132733127	1395132733196	1395132733196	OK	 
ACTION	Pricing	1	price	1395132733163	1395132733164	1395132733232	1395132733233	OK	 
ACTION	Pricing	2	price	1395132733198	1395132733198	1395132733264	1395132733265	OK	 
ACTION	Pricing	1	price	1395132733234	1395132733235	1395132733301	1395132733302	OK	 
ACTION	Pricing	2	price	1395132733268	1395132733268	1395132733337	1395132733337	OK	 
ACTION	Pricing	1	price	1395132733303	1395132733304	1395132733371	1395132733371	OK	 
ACTION	Pricing	2	price	1395132733339	1395132733339	1395132733407	1395132733407	OK	 
ACTION	Pricing	1	price	1395132733373	1395132733373	1395132733440	1395132733441	OK	 
ACTION	Pricing	2	price	1395132733416	1395132733417	1395132733476	1395132733476	OK	 
ACTION	Pricing	1	price	1395132733442	1395132733443	1395132733512	1395132733512	OK	 
ACTION	Pricing	2	price	1395132733478	1395132733478	1395132733546	1395132733546	OK	 
ACTION	Pricing	1	price	1395132733514	1395132733514	1395132733584	1395132733584	OK	 
ACTION	Pricing	2	price	1395132733548	1395132733548	1395132733633	1395132733634	OK	 
ACTION	Pricing	1	price	1395132733586	1395132733586	1395132733700	1395132733700	OK	 
ACTION	Pricing	2	price	1395132733636	1395132733637	1395132733731	1395132733732	OK	 
ACTION	Pricing	1	price	1395132733701	1395132733702	1395132733777	1395132733777	OK	 
ACTION	Pricing	2	price	1395132733733	1395132733734	1395132733838	1395132733839	OK	 
ACTION	Pricing	1	price	1395132733779	1395132733779	1395132733875	1395132733875	OK	 
ACTION	Pricing	2	price	1395132733840	1395132733841	1395132733910	1395132733911	OK	 
ACTION	Pricing	1	price	1395132733877	1395132733878	1395132733966	1395132733967	OK	 
ACTION	Pricing	2	price	1395132733912	1395132733913	1395132733998	1395132733998	OK	 
ACTION	Pricing	1	price	1395132733968	1395132733969	1395132734030	1395132734030	OK	 
ACTION	Pricing	2	price	1395132734000	1395132734000	1395132734074	1395132734075	OK	 
ACTION	Pricing	1	price	1395132734031	1395132734032	1395132734103	1395132734103	OK	 
ACTION	Pricing	2	price	1395132734076	1395132734077	1395132734134	1395132734135	OK	 
ACTION	Pricing	1	price	1395132734104	1395132734105	1395132734194	1395132734194	OK	 
ACTION	Pricing	2	price	1395132734136	1395132734137	1395132734224	1395132734225	OK	 
ACTION	Pricing	1	price	1395132734195	1395132734196	1395132734268	1395132734268	OK	 
ACTION	Pricing	2	price	1395132734227	1395132734227	1395132734300	1395132734300	OK	 
ACTION	Pricing	1	price	1395132734270	1395132734270	1395132734344	1395132734344	OK	 
ACTION	Pricing	2	price	1395132734302	1395132734302	1395132734383	1395132734383	OK	 
ACTION	Pricing	1	price	1395132734345	1395132734346	1395132734416	1395132734416	OK	 
ACTION	Pricing	2	price	1395132734385	1395132734385	1395132734455	1395132734455	OK	 
ACTION	Pricing	1	price	1395132734418	1395132734418	1395132734489	1395132734489	OK	 
ACTION	Pricing	2	price	1395132734457	1395132734457	1395132734521	1395132734521	OK	 
ACTION	Pricing	1	price	1395132734490	1395132734491	1395132734552	1395132734553	OK	 
ACTION	Pricing	2	price	1395132734523	1395132734523	1395132734584	1395132734584	OK	 
ACTION	Pricing	1	price	1395132734554	1395132734555	1395132734615	1395132734616	OK	 
ACTION	Pricing	2	price	1395132734585	1395132734585	1395132734654	1395132734654	OK	 
ACTION	Pricing	1	price	1395132734618	1395132734618	1395132734700	1395132734701	OK	 
ACTION	Pricing	2	price	1395132734656	1395132734656	1395132734735	1395132734736	OK	 
ACTION	Pricing	1	price	1395132734702	1395132734705	1395132734775	1395132734775	OK	 
ACTION	Pricing	2	price	1395132734738	1395132734743	1395132734810	1395132734811	OK	 
ACTION	Pricing	1	price	1395132734777	1395132734777	1395132734845	1395132734846	OK	 
ACTION	Pricing	2	price	1395132734813	1395132734813	1395132734880	1395132734881	OK	 
ACTION	Pricing	1	price	1395132734847	1395132734848	1395132734914	1395132734914	OK	 
ACTION	Pricing	2	price	1395132734882	1395132734883	1395132734949	1395132734949	OK	 
ACTION	Pricing	1	price	1395132734916	1395132734916	1395132734990	1395132734990	OK	 
ACTION	Pricing	2	price	1395132734950	1395132734951	1395132735024	1395132735024	OK	 
ACTION	Pricing	1	price	1395132734991	1395132734992	1395132735058	1395132735058	OK	 
ACTION	Pricing	2	price	1395132735026	1395132735027	1395132735095	1395132735096	OK	 
ACTION	Pricing	1	price	1395132735060	1395132735060	1395132735128	1395132735129	OK	 
ACTION	Pricing	2	price	1395132735097	1395132735098	1395132735158	1395132735158	OK	 
ACTION	Pricing	1	price	1395132735130	1395132735131	1395132735188	1395132735188	OK	 
ACTION	Pricing	2	price	1395132735159	1395132735159	1395132735221	1395132735221	OK	 
ACTION	Pricing	1	price	1395132735189	1395132735190	1395132735252	1395132735253	OK	 
ACTION	Pricing	2	price	1395132735223	1395132735224	1395132735305	1395132735305	OK	 
ACTION	Pricing	1	price	1395132735254	1395132735254	1395132735335	1395132735335	OK	 
ACTION	Pricing	2	price	1395132735306	1395132735307	1395132735367	1395132735367	OK	 
ACTION	Pricing	1	price	1395132735337	1395132735337	1395132735397	1395132735397	OK	 
ACTION	Pricing	2	price	1395132735368	1395132735369	1395132735424	1395132735425	OK	 
ACTION	Pricing	1	price	1395132735399	1395132735399	1395132735457	1395132735457	OK	 
ACTION	Pricing	2	price	1395132735426	1395132735426	1395132735488	1395132735488	OK	 
ACTION	Pricing	1	price	1395132735459	1395132735459	1395132735516	1395132735517	OK	 
ACTION	Pricing	2	price	1395132735489	1395132735490	1395132735547	1395132735548	OK	 
ACTION	Pricing	1	price	1395132735518	1395132735519	1395132735578	1395132735578	OK	 
ACTION	Pricing	2	price	1395132735549	1395132735549	1395132735610	1395132735611	OK	 
ACTION	Pricing	1	price	1395132735579	1395132735580	1395132735653	1395132735653	OK	 
ACTION	Pricing	2	price	1395132735612	1395132735612	1395132735684	1395132735684	OK	 
ACTION	Pricing	1	price	1395132735655	1395132735655	1395132735715	1395132735715	OK	 
ACTION	Pricing	2	price	1395132735685	1395132735685	1395132735751	1395132735751	OK	 
ACTION	Pricing	1	price	1395132735718	1395132735718	1395132735783	1395132735783	OK	 
ACTION	Pricing	2	price	1395132735752	1395132735753	1395132735819	1395132735819	OK	 
ACTION	Pricing	1	price	1395132735797	1395132735798	1395132735870	1395132735871	OK	 
ACTION	Pricing	2	price	1395132735820	1395132735821	1395132735902	1395132735902	OK	 
ACTION	Pricing	1	price	1395132735872	1395132735872	1395132735934	1395132735934	OK	 
ACTION	Pricing	2	price	1395132735904	1395132735904	1395132735965	1395132735966	OK	 
ACTION	Pricing	1	price	1395132735935	1395132735936	1395132735995	1395132735995	OK	 
ACTION	Pricing	2	price	1395132735967	1395132735967	1395132736028	1395132736028	OK	 
ACTION	Pricing	1	price	1395132735996	1395132735997	1395132736060	1395132736060	OK	 
ACTION	Pricing	2	price	1395132736029	1395132736030	1395132736091	1395132736091	OK	 
ACTION	Pricing	1	price	1395132736061	1395132736062	1395132736121	1395132736121	OK	 
ACTION	Pricing	2	price	1395132736093	1395132736093	1395132736153	1395132736153	OK	 
ACTION	Pricing	1	price	1395132736122	1395132736122	1395132736185	1395132736186	OK	 
ACTION	Pricing	2	price	1395132736154	1395132736155	1395132736220	1395132736221	OK	 
ACTION	Pricing	1	price	1395132736187	1395132736187	1395132736257	1395132736258	OK	 
ACTION	Pricing	2	price	1395132736222	1395132736222	1395132736306	1395132736307	OK	 
ACTION	Pricing	1	price	1395132736259	1395132736260	1395132736336	1395132736337	OK	 
ACTION	Pricing	2	price	1395132736308	1395132736309	1395132736371	1395132736371	OK	 
ACTION	Pricing	1	price	1395132736338	1395132736338	1395132736400	1395132736401	OK	 
ACTION	Pricing	2	price	1395132736372	1395132736373	1395132736431	1395132736431	OK	 
ACTION	Pricing	1	price	1395132736403	1395132736403	1395132736464	1395132736464	OK	 
ACTION	Pricing	2	price	1395132736433	1395132736433	1395132736495	1395132736495	OK	 
ACTION	Pricing	1	price	1395132736465	1395132736466	1395132736526	1395132736526	OK	 
ACTION	Pricing	2	price	1395132736496	1395132736497	1395132736562	1395132736563	OK	 
ACTION	Pricing	1	price	1395132736527	1395132736528	1395132736591	1395132736591	OK	 
ACTION	Pricing	2	price	1395132736564	1395132736564	1395132736624	1395132736624	OK	 
ACTION	Pricing	1	price	1395132736593	1395132736593	1395132736658	1395132736659	OK	 
SCENARIO	Pricing	1	END	1395132736659
ACTION	Pricing	2	price	1395132736625	1395132736626	1395132736688	1395132736688	OK	 
SCENARIO	Pricing	2	END	1395132736688
