RUN	20140318131712	pricingsimulation	pricingsimulation
SCENARIO	Pricing	57	START	1395148635229
SCENARIO	Pricing	84	START	1395148635231
SCENARIO	Pricing	94	START	1395148635231
SCENARIO	Pricing	93	START	1395148635232
SCENARIO	Pricing	2	START	1395148635232
SCENARIO	Pricing	5	START	1395148635232
SCENARIO	Pricing	10	START	1395148635232
SCENARIO	Pricing	41	START	1395148635232
SCENARIO	Pricing	4	START	1395148635232
SCENARIO	Pricing	96	START	1395148635232
SCENARIO	Pricing	42	START	1395148635232
SCENARIO	Pricing	8	START	1395148635232
SCENARIO	Pricing	28	START	1395148635232
SCENARIO	Pricing	24	START	1395148635232
SCENARIO	Pricing	54	START	1395148635232
SCENARIO	Pricing	14	START	1395148635232
SCENARIO	Pricing	98	START	1395148635240
SCENARIO	Pricing	61	START	1395148635240
SCENARIO	Pricing	86	START	1395148635240
SCENARIO	Pricing	35	START	1395148635240
SCENARIO	Pricing	6	START	1395148635240
SCENARIO	Pricing	18	START	1395148635240
SCENARIO	Pricing	97	START	1395148635240
SCENARIO	Pricing	58	START	1395148635240
SCENARIO	Pricing	22	START	1395148635240
SCENARIO	Pricing	33	START	1395148635240
SCENARIO	Pricing	62	START	1395148635240
SCENARIO	Pricing	80	START	1395148635240
SCENARIO	Pricing	31	START	1395148635240
SCENARIO	Pricing	46	START	1395148635240
SCENARIO	Pricing	16	START	1395148635240
SCENARIO	Pricing	72	START	1395148635240
SCENARIO	Pricing	70	START	1395148635240
SCENARIO	Pricing	77	START	1395148635240
SCENARIO	Pricing	19	START	1395148635240
SCENARIO	Pricing	55	START	1395148635241
SCENARIO	Pricing	30	START	1395148635241
SCENARIO	Pricing	44	START	1395148635241
SCENARIO	Pricing	13	START	1395148635241
SCENARIO	Pricing	63	START	1395148635241
SCENARIO	Pricing	85	START	1395148635241
SCENARIO	Pricing	64	START	1395148635241
SCENARIO	Pricing	78	START	1395148635241
SCENARIO	Pricing	25	START	1395148635241
SCENARIO	Pricing	7	START	1395148635241
SCENARIO	Pricing	39	START	1395148635241
SCENARIO	Pricing	26	START	1395148635241
SCENARIO	Pricing	99	START	1395148635241
SCENARIO	Pricing	68	START	1395148635241
SCENARIO	Pricing	83	START	1395148635241
SCENARIO	Pricing	37	START	1395148635241
SCENARIO	Pricing	38	START	1395148635241
SCENARIO	Pricing	23	START	1395148635241
SCENARIO	Pricing	20	START	1395148635241
SCENARIO	Pricing	11	START	1395148635241
SCENARIO	Pricing	56	START	1395148635241
SCENARIO	Pricing	47	START	1395148635241
SCENARIO	Pricing	32	START	1395148635241
SCENARIO	Pricing	51	START	1395148635241
SCENARIO	Pricing	81	START	1395148635242
SCENARIO	Pricing	89	START	1395148635242
SCENARIO	Pricing	34	START	1395148635242
SCENARIO	Pricing	90	START	1395148635242
SCENARIO	Pricing	21	START	1395148635242
SCENARIO	Pricing	52	START	1395148635242
SCENARIO	Pricing	88	START	1395148635242
SCENARIO	Pricing	40	START	1395148635242
SCENARIO	Pricing	87	START	1395148635242
SCENARIO	Pricing	50	START	1395148635242
SCENARIO	Pricing	12	START	1395148635242
SCENARIO	Pricing	65	START	1395148635242
SCENARIO	Pricing	45	START	1395148635242
SCENARIO	Pricing	9	START	1395148635242
SCENARIO	Pricing	60	START	1395148635242
SCENARIO	Pricing	67	START	1395148635242
SCENARIO	Pricing	79	START	1395148635242
SCENARIO	Pricing	95	START	1395148635242
SCENARIO	Pricing	48	START	1395148635242
SCENARIO	Pricing	82	START	1395148635242
SCENARIO	Pricing	75	START	1395148635243
SCENARIO	Pricing	100	START	1395148635243
SCENARIO	Pricing	92	START	1395148635243
SCENARIO	Pricing	71	START	1395148635243
SCENARIO	Pricing	73	START	1395148635243
SCENARIO	Pricing	49	START	1395148635243
SCENARIO	Pricing	15	START	1395148635243
SCENARIO	Pricing	76	START	1395148635243
SCENARIO	Pricing	29	START	1395148635243
SCENARIO	Pricing	69	START	1395148635243
SCENARIO	Pricing	66	START	1395148635243
SCENARIO	Pricing	1	START	1395148635243
SCENARIO	Pricing	17	START	1395148635243
SCENARIO	Pricing	53	START	1395148635243
SCENARIO	Pricing	74	START	1395148635243
SCENARIO	Pricing	27	START	1395148635243
SCENARIO	Pricing	3	START	1395148635243
SCENARIO	Pricing	91	START	1395148635243
SCENARIO	Pricing	36	START	1395148635243
SCENARIO	Pricing	59	START	1395148635243
SCENARIO	Pricing	43	START	1395148635243
ACTION	Pricing	88	price	1395148635643	1395148635646	1395148643034	1395148643035	OK	 
ACTION	Pricing	93	price	1395148635389	1395148635394	1395148643027	1395148643030	OK	 
ACTION	Pricing	39	price	1395148635592	1395148635595	1395148643028	1395148643029	OK	 
ACTION	Pricing	71	price	1395148635682	1395148635685	1395148643041	1395148643041	OK	 
ACTION	Pricing	96	price	1395148635422	1395148635425	1395148643046	1395148643046	OK	 
ACTION	Pricing	67	price	1395148635663	1395148635671	1395148643068	1395148643069	OK	 
ACTION	Pricing	3	price	1395148635709	1395148635715	1395148643070	1395148643070	OK	 
ACTION	Pricing	69	price	1395148635693	1395148635697	1395148643074	1395148643075	OK	 
ACTION	Pricing	55	price	1395148635559	1395148635565	1395148643017	1395148643023	OK	 
ACTION	Pricing	38	price	1395148635606	1395148635609	1395148643087	1395148643087	OK	 
ACTION	Pricing	97	price	1395148635485	1395148635491	1395148643109	1395148643109	OK	 
ACTION	Pricing	86	price	1395148635462	1395148635474	1395148643131	1395148643131	OK	 
ACTION	Pricing	89	price	1395148635625	1395148635632	1395148643137	1395148643137	OK	 
ACTION	Pricing	80	price	1395148635521	1395148635540	1395148643161	1395148643161	OK	 
ACTION	Pricing	51	price	1395148635621	1395148635623	1395148643167	1395148643190	OK	 
ACTION	Pricing	36	price	1395148635722	1395148635724	1395148643193	1395148643193	OK	 
ACTION	Pricing	50	price	1395148635650	1395148635655	1395148643191	1395148643196	OK	 
ACTION	Pricing	68	price	1395148635600	1395148635602	1395148643198	1395148643198	OK	 
ACTION	Pricing	54	price	1395148635451	1395148635467	1395148643214	1395148643214	OK	 
ACTION	Pricing	1	price	1395148635698	1395148635706	1395148643220	1395148643221	OK	 
ACTION	Pricing	5	price	1395148635400	1395148635405	1395148642998	1395148643229	OK	 
ACTION	Pricing	76	price	1395148635688	1395148635694	1395148643231	1395148643235	OK	 
ACTION	Pricing	49	price	1395148635684	1395148635689	1395148643252	1395148643253	OK	 
ACTION	Pricing	34	price	1395148635627	1395148635637	1395148643252	1395148643252	OK	 
ACTION	Pricing	66	price	1395148635696	1395148635706	1395148643253	1395148643253	OK	 
ACTION	Pricing	48	price	1395148635668	1395148635673	1395148643250	1395148643251	OK	 
ACTION	Pricing	42	price	1395148635425	1395148635428	1395148643260	1395148643263	OK	 
ACTION	Pricing	62	price	1395148635508	1395148635535	1395148643264	1395148643264	OK	 
ACTION	Pricing	13	price	1395148635567	1395148635577	1395148643266	1395148643266	OK	 
ACTION	Pricing	4	price	1395148635418	1395148635420	1395148643264	1395148643267	OK	 
ACTION	Pricing	6	price	1395148635470	1395148635479	1395148643269	1395148643269	OK	 
ACTION	Pricing	27	price	1395148635702	1395148635707	1395148643269	1395148643272	OK	 
ACTION	Pricing	31	price	1395148635524	1395148635540	1395148643272	1395148643272	OK	 
ACTION	Pricing	41	price	1395148635409	1395148635416	1395148643280	1395148643281	OK	 
ACTION	Pricing	28	price	1395148635434	1395148635445	1395148643283	1395148643283	OK	 
ACTION	Pricing	2	price	1395148635395	1395148635397	1395148643286	1395148643288	OK	 
ACTION	Pricing	30	price	1395148635562	1395148635565	1395148643290	1395148643290	OK	 
ACTION	Pricing	85	price	1395148635574	1395148635578	1395148643167	1395148643290	OK	 
ACTION	Pricing	23	price	1395148635607	1395148635611	1395148643295	1395148643296	OK	 
ACTION	Pricing	81	price	1395148635624	1395148635628	1395148643344	1395148643344	OK	 
ACTION	Pricing	37	price	1395148635604	1395148635608	1395148643350	1395148643350	OK	 
ACTION	Pricing	73	price	1395148635684	1395148635687	1395148643353	1395148643356	OK	 
ACTION	Pricing	90	price	1395148635630	1395148635639	1395148643358	1395148643359	OK	 
ACTION	Pricing	16	price	1395148635530	1395148635546	1395148643365	1395148643365	OK	 
ACTION	Pricing	19	price	1395148635548	1395148635555	1395148643379	1395148643379	OK	 
ACTION	Pricing	99	price	1395148635597	1395148635599	1395148643382	1395148643382	OK	 
ACTION	Pricing	94	price	1395148635359	1395148635371	1395148643387	1395148643387	OK	 
ACTION	Pricing	15	price	1395148635686	1395148635695	1395148643409	1395148643409	OK	 
ACTION	Pricing	74	price	1395148635701	1395148635710	1395148643410	1395148643411	OK	 
ACTION	Pricing	11	price	1395148635612	1395148635616	1395148643417	1395148643418	OK	 
ACTION	Pricing	79	price	1395148635665	1395148635670	1395148643418	1395148643418	OK	 
ACTION	Pricing	59	price	1395148635725	1395148635727	1395148643428	1395148643429	OK	 
ACTION	Pricing	83	price	1395148635603	1395148635605	1395148643433	1395148643434	OK	 
ACTION	Pricing	87	price	1395148635648	1395148635650	1395148643435	1395148643435	OK	 
ACTION	Pricing	77	price	1395148635541	1395148635550	1395148643439	1395148643440	OK	 
ACTION	Pricing	95	price	1395148635666	1395148635674	1395148643446	1395148643446	OK	 
ACTION	Pricing	47	price	1395148635616	1395148635618	1395148643465	1395148643465	OK	 
ACTION	Pricing	100	price	1395148635679	1395148635680	1395148643470	1395148643470	OK	 
ACTION	Pricing	35	price	1395148635465	1395148635477	1395148642998	1395148643473	OK	 
ACTION	Pricing	84	price	1395148635360	1395148635371	1395148643475	1395148643476	OK	 
ACTION	Pricing	12	price	1395148635656	1395148635659	1395148643476	1395148643476	OK	 
ACTION	Pricing	75	price	1395148635670	1395148635678	1395148643480	1395148643480	OK	 
ACTION	Pricing	98	price	1395148635453	1395148635476	1395148643461	1395148643482	OK	 
ACTION	Pricing	57	price	1395148635357	1395148635371	1395148643018	1395148643485	OK	 
ACTION	Pricing	64	price	1395148635580	1395148635583	1395148643491	1395148643491	OK	 
ACTION	Pricing	10	price	1395148635406	1395148635411	1395148643492	1395148643492	OK	 
ACTION	Pricing	22	price	1395148635493	1395148635505	1395148643507	1395148643508	OK	 
ACTION	Pricing	26	price	1395148635593	1395148635596	1395148643513	1395148643513	OK	 
ACTION	Pricing	58	price	1395148635488	1395148635493	1395148643516	1395148643517	OK	 
ACTION	Pricing	65	price	1395148635657	1395148635660	1395148643453	1395148643519	OK	 
ACTION	Pricing	14	price	1395148635452	1395148635459	1395148643528	1395148643529	OK	 
ACTION	Pricing	9	price	1395148635661	1395148635665	1395148643543	1395148643543	OK	 
ACTION	Pricing	24	price	1395148635447	1395148635459	1395148643556	1395148643557	OK	 
ACTION	Pricing	60	price	1395148635662	1395148635667	1395148643560	1395148643561	OK	 
ACTION	Pricing	21	price	1395148635638	1395148635646	1395148643558	1395148643559	OK	 
ACTION	Pricing	43	price	1395148635728	1395148635731	1395148643566	1395148643566	OK	 
ACTION	Pricing	44	price	1395148635562	1395148635570	1395148643577	1395148643577	OK	 
ACTION	Pricing	63	price	1395148635572	1395148635578	1395148643581	1395148643582	OK	 
ACTION	Pricing	56	price	1395148635614	1395148635617	1395148643590	1395148643591	OK	 
ACTION	Pricing	40	price	1395148635645	1395148635648	1395148643595	1395148643595	OK	 
ACTION	Pricing	32	price	1395148635618	1395148635621	1395148643600	1395148643601	OK	 
ACTION	Pricing	53	price	1395148635700	1395148635708	1395148643604	1395148643604	OK	 
ACTION	Pricing	25	price	1395148635586	1395148635588	1395148643597	1395148643606	OK	 
ACTION	Pricing	7	price	1395148635589	1395148635591	1395148643612	1395148643612	OK	 
ACTION	Pricing	70	price	1395148635537	1395148635549	1395148643611	1395148643612	OK	 
ACTION	Pricing	29	price	1395148635691	1395148635696	1395148643618	1395148643618	OK	 
ACTION	Pricing	46	price	1395148635526	1395148635541	1395148643623	1395148643623	OK	 
ACTION	Pricing	33	price	1395148635497	1395148635510	1395148643624	1395148643624	OK	 
ACTION	Pricing	91	price	1395148635715	1395148635722	1395148643620	1395148643621	OK	 
ACTION	Pricing	8	price	1395148635428	1395148635432	1395148643622	1395148643622	OK	 
ACTION	Pricing	72	price	1395148635530	1395148635549	1395148643631	1395148643632	OK	 
ACTION	Pricing	61	price	1395148635455	1395148635476	1395148643637	1395148643638	OK	 
ACTION	Pricing	18	price	1395148635477	1395148635485	1395148643644	1395148643644	OK	 
ACTION	Pricing	20	price	1395148635609	1395148635613	1395148643630	1395148643649	OK	 
ACTION	Pricing	78	price	1395148635581	1395148635584	1395148643650	1395148643650	OK	 
ACTION	Pricing	92	price	1395148635679	1395148635683	1395148643642	1395148643642	OK	 
ACTION	Pricing	52	price	1395148635642	1395148635645	1395148643653	1395148643653	OK	 
ACTION	Pricing	45	price	1395148635659	1395148635663	1395148643652	1395148643653	OK	 
ACTION	Pricing	17	price	1395148635698	1395148635709	1395148643648	1395148643648	OK	 
ACTION	Pricing	82	price	1395148635669	1395148635676	1395148643660	1395148643660	OK	 
ACTION	Pricing	38	price	1395148643148	1395148643149	1395148645657	1395148645657	OK	 
ACTION	Pricing	13	price	1395148643301	1395148643302	1395148648044	1395148648044	OK	 
ACTION	Pricing	86	price	1395148643153	1395148643154	1395148648111	1395148648112	OK	 
ACTION	Pricing	1	price	1395148643223	1395148643225	1395148648224	1395148648225	OK	 
ACTION	Pricing	83	price	1395148643442	1395148643442	1395148648286	1395148648342	OK	 
ACTION	Pricing	89	price	1395148643155	1395148643157	1395148647930	1395148648354	OK	 
ACTION	Pricing	63	price	1395148643586	1395148643587	1395148648456	1395148648457	OK	 
ACTION	Pricing	58	price	1395148643519	1395148643520	1395148648362	1395148648478	OK	 
ACTION	Pricing	18	price	1395148643648	1395148643649	1395148648653	1395148648654	OK	 
ACTION	Pricing	98	price	1395148643487	1395148643488	1395148648695	1395148648695	OK	 
ACTION	Pricing	10	price	1395148643495	1395148643496	1395148648750	1395148648750	OK	 
ACTION	Pricing	49	price	1395148643256	1395148643270	1395148648813	1395148648814	OK	 
ACTION	Pricing	47	price	1395148643468	1395148643469	1395148648829	1395148648829	OK	 
ACTION	Pricing	45	price	1395148643669	1395148643670	1395148648864	1395148648864	OK	 
ACTION	Pricing	34	price	1395148643263	1395148643270	1395148648907	1395148648908	OK	 
ACTION	Pricing	80	price	1395148643164	1395148643166	1395148648912	1395148648912	OK	 
ACTION	Pricing	7	price	1395148643617	1395148643619	1395148648949	1395148648949	OK	 
ACTION	Pricing	15	price	1395148643414	1395148643415	1395148648988	1395148648989	OK	 
ACTION	Pricing	64	price	1395148643497	1395148643498	1395148648999	1395148649000	OK	 
ACTION	Pricing	2	price	1395148643321	1395148643322	1395148649003	1395148649003	OK	 
ACTION	Pricing	50	price	1395148643205	1395148643209	1395148649012	1395148649013	OK	 
ACTION	Pricing	77	price	1395148643447	1395148643447	1395148649021	1395148649021	OK	 
ACTION	Pricing	73	price	1395148643360	1395148643360	1395148649057	1395148649058	OK	 
ACTION	Pricing	99	price	1395148643387	1395148643387	1395148649087	1395148649087	OK	 
ACTION	Pricing	68	price	1395148643209	1395148643211	1395148649094	1395148649095	OK	 
ACTION	Pricing	75	price	1395148643484	1395148643485	1395148649095	1395148649096	OK	 
ACTION	Pricing	9	price	1395148643546	1395148643547	1395148649105	1395148649105	OK	 
ACTION	Pricing	54	price	1395148643218	1395148643219	1395148649115	1395148649116	OK	 
ACTION	Pricing	31	price	1395148643307	1395148643309	1395148649130	1395148649130	OK	 
ACTION	Pricing	96	price	1395148643128	1395148643129	1395148649134	1395148649134	OK	 
ACTION	Pricing	67	price	1395148643132	1395148643133	1395148649141	1395148649141	OK	 
ACTION	Pricing	93	price	1395148643138	1395148643142	1395148649143	1395148649144	OK	 
ACTION	Pricing	95	price	1395148643450	1395148643450	1395148649145	1395148649145	OK	 
ACTION	Pricing	30	price	1395148643323	1395148643324	1395148649174	1395148649174	OK	 
ACTION	Pricing	46	price	1395148643626	1395148643627	1395148649176	1395148649176	OK	 
ACTION	Pricing	20	price	1395148643660	1395148643661	1395148649179	1395148649180	OK	 
ACTION	Pricing	92	price	1395148643665	1395148643666	1395148649192	1395148649192	OK	 
ACTION	Pricing	27	price	1395148643310	1395148643312	1395148649200	1395148649200	OK	 
ACTION	Pricing	28	price	1395148643318	1395148643319	1395148649201	1395148649201	OK	 
ACTION	Pricing	85	price	1395148643326	1395148643328	1395148649216	1395148649216	OK	 
ACTION	Pricing	88	price	1395148643116	1395148643117	1395148649216	1395148649216	OK	 
ACTION	Pricing	51	price	1395148643193	1395148643197	1395148649247	1395148649247	OK	 
ACTION	Pricing	22	price	1395148643510	1395148643510	1395148649249	1395148649251	OK	 
ACTION	Pricing	52	price	1395148643667	1395148643668	1395148649253	1395148649274	OK	 
ACTION	Pricing	61	price	1395148643640	1395148643641	1395148649287	1395148649287	OK	 
ACTION	Pricing	17	price	1395148643671	1395148643671	1395148649289	1395148649289	OK	 
ACTION	Pricing	29	price	1395148643620	1395148643621	1395148649290	1395148649290	OK	 
ACTION	Pricing	43	price	1395148643582	1395148643584	1395148649305	1395148649305	OK	 
ACTION	Pricing	41	price	1395148643316	1395148643317	1395148649314	1395148649314	OK	 
ACTION	Pricing	44	price	1395148643585	1395148643585	1395148649331	1395148649332	OK	 
ACTION	Pricing	90	price	1395148643361	1395148643362	1395148649361	1395148649362	OK	 
ACTION	Pricing	81	price	1395148643346	1395148643349	1395148649370	1395148649370	OK	 
ACTION	Pricing	76	price	1395148643238	1395148643239	1395148649375	1395148649376	OK	 
ACTION	Pricing	78	price	1395148643663	1395148643663	1395148649377	1395148649377	OK	 
ACTION	Pricing	42	price	1395148643291	1395148643295	1395148649381	1395148649381	OK	 
ACTION	Pricing	23	price	1395148643328	1395148643331	1395148649392	1395148649393	OK	 
ACTION	Pricing	65	price	1395148643522	1395148643523	1395148649404	1395148649404	OK	 
ACTION	Pricing	100	price	1395148643473	1395148643482	1395148649412	1395148649413	OK	 
ACTION	Pricing	87	price	1395148643443	1395148643444	1395148649416	1395148649417	OK	 
ACTION	Pricing	69	price	1395148643142	1395148643144	1395148649413	1395148649416	OK	 
ACTION	Pricing	56	price	1395148643593	1395148643594	1395148649421	1395148649421	OK	 
ACTION	Pricing	35	price	1395148643477	1395148643480	1395148649433	1395148649433	OK	 
ACTION	Pricing	6	price	1395148643305	1395148643306	1395148649437	1395148649437	OK	 
ACTION	Pricing	53	price	1395148643607	1395148643608	1395148649442	1395148649443	OK	 
ACTION	Pricing	84	price	1395148643478	1395148643479	1395148649450	1395148649450	OK	 
ACTION	Pricing	8	price	1395148643634	1395148643635	1395148649452	1395148649452	OK	 
ACTION	Pricing	74	price	1395148643416	1395148643416	1395148649456	1395148649456	OK	 
ACTION	Pricing	19	price	1395148643383	1395148643385	1395148649466	1395148649466	OK	 
ACTION	Pricing	24	price	1395148643565	1395148643574	1395148649476	1395148649476	OK	 
ACTION	Pricing	37	price	1395148643355	1395148643355	1395148649480	1395148649480	OK	 
ACTION	Pricing	60	price	1395148643575	1395148643578	1395148649480	1395148649482	OK	 
ACTION	Pricing	62	price	1395148643298	1395148643300	1395148649489	1395148649489	OK	 
ACTION	Pricing	59	price	1395148643438	1395148643439	1395148649492	1395148649492	OK	 
ACTION	Pricing	39	price	1395148643123	1395148643123	1395148649495	1395148649496	OK	 
ACTION	Pricing	16	price	1395148643368	1395148643369	1395148649502	1395148649503	OK	 
ACTION	Pricing	94	price	1395148643390	1395148643390	1395148649510	1395148649511	OK	 
ACTION	Pricing	40	price	1395148643597	1395148643598	1395148649515	1395148649516	OK	 
ACTION	Pricing	66	price	1395148643273	1395148643282	1395148649519	1395148649520	OK	 
ACTION	Pricing	32	price	1395148643605	1395148643608	1395148649517	1395148649518	OK	 
ACTION	Pricing	82	price	1395148643672	1395148643673	1395148649526	1395148649527	OK	 
ACTION	Pricing	4	price	1395148643302	1395148643304	1395148649534	1395148649535	OK	 
ACTION	Pricing	55	price	1395148643145	1395148643147	1395148649536	1395148649536	OK	 
ACTION	Pricing	97	price	1395148643150	1395148643151	1395148649170	1395148649540	OK	 
ACTION	Pricing	3	price	1395148643134	1395148643137	1395148649540	1395148649540	OK	 
ACTION	Pricing	5	price	1395148643234	1395148643234	1395148649543	1395148649543	OK	 
ACTION	Pricing	14	price	1395148643531	1395148643532	1395148649509	1395148649544	OK	 
ACTION	Pricing	25	price	1395148643609	1395148643610	1395148649545	1395148649545	OK	 
ACTION	Pricing	26	price	1395148643517	1395148643517	1395148649579	1395148649579	OK	 
ACTION	Pricing	48	price	1395148643286	1395148643287	1395148649615	1395148649616	OK	 
ACTION	Pricing	12	price	1395148643479	1395148643483	1395148649640	1395148649640	OK	 
ACTION	Pricing	57	price	1395148643489	1395148643489	1395148649699	1395148649699	OK	 
ACTION	Pricing	11	price	1395148643421	1395148643429	1395148649728	1395148649729	OK	 
ACTION	Pricing	21	price	1395148643582	1395148643582	1395148649775	1395148649775	OK	 
ACTION	Pricing	33	price	1395148643628	1395148643629	1395148649813	1395148649814	OK	 
ACTION	Pricing	36	price	1395148643203	1395148643204	1395148649836	1395148649836	OK	 
ACTION	Pricing	71	price	1395148643125	1395148643126	1395148649888	1395148649888	OK	 
ACTION	Pricing	91	price	1395148643630	1395148643632	1395148649890	1395148649891	OK	 
ACTION	Pricing	72	price	1395148643637	1395148643637	1395148649921	1395148649921	OK	 
ACTION	Pricing	70	price	1395148643620	1395148643627	1395148650025	1395148650026	OK	 
ACTION	Pricing	79	price	1395148643431	1395148643432	1395148650028	1395148650028	OK	 
ACTION	Pricing	38	price	1395148645660	1395148645661	1395148651179	1395148651180	OK	 
ACTION	Pricing	86	price	1395148648114	1395148648115	1395148652844	1395148652845	OK	 
ACTION	Pricing	13	price	1395148648046	1395148648048	1395148653141	1395148653141	OK	 
ACTION	Pricing	89	price	1395148648356	1395148648357	1395148653399	1395148653399	OK	 
ACTION	Pricing	1	price	1395148648227	1395148648228	1395148653480	1395148653480	OK	 
ACTION	Pricing	10	price	1395148648752	1395148648752	1395148653833	1395148653833	OK	 
ACTION	Pricing	58	price	1395148648481	1395148648481	1395148653885	1395148653885	OK	 
ACTION	Pricing	18	price	1395148648655	1395148648656	1395148653885	1395148653885	OK	 
ACTION	Pricing	63	price	1395148648458	1395148648459	1395148653887	1395148653887	OK	 
ACTION	Pricing	98	price	1395148648697	1395148648698	1395148653958	1395148653958	OK	 
ACTION	Pricing	47	price	1395148648831	1395148648832	1395148653868	1395148653976	OK	 
ACTION	Pricing	7	price	1395148648951	1395148648952	1395148654095	1395148654095	OK	 
ACTION	Pricing	49	price	1395148648816	1395148648817	1395148654019	1395148654096	OK	 
ACTION	Pricing	24	price	1395148649478	1395148649479	1395148654148	1395148654149	OK	 
ACTION	Pricing	83	price	1395148648344	1395148648345	1395148654181	1395148654181	OK	 
ACTION	Pricing	92	price	1395148649194	1395148649195	1395148654210	1395148654210	OK	 
ACTION	Pricing	23	price	1395148649395	1395148649395	1395148654222	1395148654222	OK	 
ACTION	Pricing	34	price	1395148648910	1395148648911	1395148654242	1395148654243	OK	 
ACTION	Pricing	80	price	1395148648914	1395148648914	1395148654252	1395148654252	OK	 
ACTION	Pricing	31	price	1395148649132	1395148649134	1395148654278	1395148654278	OK	 
ACTION	Pricing	16	price	1395148649505	1395148649506	1395148654281	1395148654281	OK	 
ACTION	Pricing	14	price	1395148649548	1395148649548	1395148654293	1395148654294	OK	 
ACTION	Pricing	44	price	1395148649334	1395148649335	1395148654330	1395148654331	OK	 
ACTION	Pricing	50	price	1395148649015	1395148649016	1395148654330	1395148654331	OK	 
ACTION	Pricing	85	price	1395148649220	1395148649221	1395148654346	1395148654346	OK	 
ACTION	Pricing	4	price	1395148649536	1395148649538	1395148654355	1395148654355	OK	 
ACTION	Pricing	67	price	1395148649143	1395148649144	1395148654372	1395148654372	OK	 
ACTION	Pricing	20	price	1395148649181	1395148649182	1395148654377	1395148654377	OK	 
ACTION	Pricing	5	price	1395148649546	1395148649547	1395148654307	1395148654379	OK	 
ACTION	Pricing	40	price	1395148649518	1395148649519	1395148654724	1395148654724	OK	 
ACTION	Pricing	76	price	1395148649379	1395148649379	1395148654726	1395148654727	OK	 
ACTION	Pricing	96	price	1395148649136	1395148649137	1395148654730	1395148654731	OK	 
ACTION	Pricing	28	price	1395148649205	1395148649205	1395148654735	1395148654736	OK	 
ACTION	Pricing	22	price	1395148649253	1395148649254	1395148654739	1395148654740	OK	 
ACTION	Pricing	78	price	1395148649380	1395148649381	1395148654729	1395148654744	OK	 
ACTION	Pricing	75	price	1395148649098	1395148649099	1395148654747	1395148654748	OK	 
ACTION	Pricing	21	price	1395148649777	1395148649778	1395148654760	1395148654760	OK	 
ACTION	Pricing	93	price	1395148649148	1395148649148	1395148654768	1395148654769	OK	 
ACTION	Pricing	54	price	1395148649117	1395148649118	1395148654769	1395148654769	OK	 
ACTION	Pricing	90	price	1395148649363	1395148649364	1395148654792	1395148654793	OK	 
ACTION	Pricing	2	price	1395148649006	1395148649007	1395148654794	1395148654795	OK	 
ACTION	Pricing	60	price	1395148649488	1395148649488	1395148654804	1395148654805	OK	 
ACTION	Pricing	56	price	1395148649423	1395148649424	1395148654806	1395148654806	OK	 
ACTION	Pricing	55	price	1395148649538	1395148649539	1395148654809	1395148654810	OK	 
ACTION	Pricing	37	price	1395148649484	1395148649487	1395148654811	1395148654811	OK	 
ACTION	Pricing	95	price	1395148649147	1395148649147	1395148654813	1395148654813	OK	 
ACTION	Pricing	82	price	1395148649529	1395148649530	1395148654817	1395148654817	OK	 
ACTION	Pricing	27	price	1395148649202	1395148649203	1395148654818	1395148654818	OK	 
ACTION	Pricing	46	price	1395148649178	1395148649180	1395148654806	1395148654821	OK	 
ACTION	Pricing	30	price	1395148649177	1395148649178	1395148654822	1395148654822	OK	 
ACTION	Pricing	9	price	1395148649107	1395148649108	1395148654823	1395148654823	OK	 
ACTION	Pricing	12	price	1395148649642	1395148649643	1395148654822	1395148654825	OK	 
ACTION	Pricing	45	price	1395148648867	1395148648868	1395148654826	1395148654827	OK	 
ACTION	Pricing	99	price	1395148649089	1395148649090	1395148654827	1395148654828	OK	 
ACTION	Pricing	25	price	1395148649552	1395148649553	1395148654828	1395148654828	OK	 
ACTION	Pricing	41	price	1395148649316	1395148649317	1395148654829	1395148654829	OK	 
ACTION	Pricing	97	price	1395148649542	1395148649542	1395148654830	1395148654830	OK	 
ACTION	Pricing	6	price	1395148649440	1395148649441	1395148654832	1395148654832	OK	 
ACTION	Pricing	61	price	1395148649290	1395148649291	1395148654827	1395148654835	OK	 
ACTION	Pricing	35	price	1395148649436	1395148649438	1395148654841	1395148654842	OK	 
ACTION	Pricing	88	price	1395148649218	1395148649219	1395148654841	1395148654843	OK	 
ACTION	Pricing	42	price	1395148649383	1395148649384	1395148654831	1395148654831	OK	 
ACTION	Pricing	68	price	1395148649097	1395148649098	1395148654883	1395148654883	OK	 
ACTION	Pricing	32	price	1395148649525	1395148649525	1395148654920	1395148654921	OK	 
ACTION	Pricing	57	price	1395148649701	1395148649702	1395148654983	1395148654983	OK	 
ACTION	Pricing	66	price	1395148649521	1395148649522	1395148655025	1395148655026	OK	 
ACTION	Pricing	77	price	1395148649023	1395148649024	1395148655050	1395148655050	OK	 
ACTION	Pricing	43	price	1395148649307	1395148649308	1395148655091	1395148655091	OK	 
ACTION	Pricing	53	price	1395148649445	1395148649447	1395148655101	1395148655101	OK	 
ACTION	Pricing	100	price	1395148649416	1395148649416	1395148655119	1395148655120	OK	 
ACTION	Pricing	51	price	1395148649250	1395148649250	1395148655165	1395148655165	OK	 
ACTION	Pricing	17	price	1395148649299	1395148649299	1395148655165	1395148655165	OK	 
ACTION	Pricing	19	price	1395148649469	1395148649469	1395148655232	1395148655232	OK	 
ACTION	Pricing	29	price	1395148649293	1395148649293	1395148655239	1395148655239	OK	 
ACTION	Pricing	74	price	1395148649458	1395148649459	1395148655143	1395148655251	OK	 
ACTION	Pricing	8	price	1395148649454	1395148649455	1395148655255	1395148655255	OK	 
ACTION	Pricing	15	price	1395148648990	1395148648991	1395148655278	1395148655278	OK	 
ACTION	Pricing	72	price	1395148649924	1395148649924	1395148655284	1395148655284	OK	 
ACTION	Pricing	3	price	1395148649543	1395148649545	1395148655305	1395148655305	OK	 
ACTION	Pricing	26	price	1395148649581	1395148649581	1395148655332	1395148655333	OK	 
ACTION	Pricing	59	price	1395148649496	1395148649497	1395148655267	1395148655334	OK	 
ACTION	Pricing	11	price	1395148649731	1395148649731	1395148655418	1395148655418	OK	 
ACTION	Pricing	84	price	1395148649457	1395148649458	1395148655346	1395148655427	OK	 
ACTION	Pricing	64	price	1395148649002	1395148649002	1395148655444	1395148655444	OK	 
ACTION	Pricing	39	price	1395148649498	1395148649499	1395148655370	1395148655459	OK	 
ACTION	Pricing	87	price	1395148649420	1395148649421	1395148655477	1395148655477	OK	 
ACTION	Pricing	48	price	1395148649618	1395148649619	1395148655566	1395148655566	OK	 
ACTION	Pricing	79	price	1395148650030	1395148650031	1395148655583	1395148655584	OK	 
ACTION	Pricing	91	price	1395148649893	1395148649894	1395148655510	1395148655595	OK	 
ACTION	Pricing	69	price	1395148649419	1395148649420	1395148655599	1395148655599	OK	 
ACTION	Pricing	65	price	1395148649406	1395148649407	1395148655649	1395148655649	OK	 
ACTION	Pricing	36	price	1395148649838	1395148649839	1395148655677	1395148655678	OK	 
ACTION	Pricing	71	price	1395148649891	1395148649892	1395148655800	1395148655800	OK	 
ACTION	Pricing	81	price	1395148649372	1395148649373	1395148655830	1395148655830	OK	 
ACTION	Pricing	70	price	1395148650028	1395148650029	1395148655865	1395148655866	OK	 
ACTION	Pricing	62	price	1395148649492	1395148649492	1395148655869	1395148655869	OK	 
ACTION	Pricing	33	price	1395148649816	1395148649816	1395148655905	1395148655905	OK	 
ACTION	Pricing	73	price	1395148649060	1395148649061	1395148656029	1395148656029	OK	 
ACTION	Pricing	94	price	1395148649514	1395148649514	1395148656155	1395148656155	OK	 
ACTION	Pricing	52	price	1395148649276	1395148649277	1395148656376	1395148656376	OK	 
ACTION	Pricing	38	price	1395148651182	1395148651183	1395148656845	1395148656845	OK	 
ACTION	Pricing	31	price	1395148654282	1395148654283	1395148657132	1395148657133	OK	 
ACTION	Pricing	86	price	1395148652847	1395148652848	1395148658818	1395148658819	OK	 
ACTION	Pricing	13	price	1395148653144	1395148653145	1395148659160	1395148659161	OK	 
ACTION	Pricing	1	price	1395148653482	1395148653483	1395148659334	1395148659334	OK	 
ACTION	Pricing	58	price	1395148653892	1395148653892	1395148659619	1395148659620	OK	 
ACTION	Pricing	49	price	1395148654100	1395148654101	1395148659840	1395148659840	OK	 
ACTION	Pricing	18	price	1395148653889	1395148653890	1395148659850	1395148659850	OK	 
ACTION	Pricing	98	price	1395148653961	1395148653961	1395148659857	1395148659857	OK	 
ACTION	Pricing	89	price	1395148653401	1395148653402	1395148659938	1395148659939	OK	 
ACTION	Pricing	7	price	1395148654097	1395148654098	1395148659946	1395148659947	OK	 
ACTION	Pricing	14	price	1395148654295	1395148654296	1395148659956	1395148659956	OK	 
ACTION	Pricing	10	price	1395148653835	1395148653835	1395148660060	1395148660060	OK	 
ACTION	Pricing	23	price	1395148654224	1395148654225	1395148660060	1395148660060	OK	 
ACTION	Pricing	28	price	1395148654738	1395148654740	1395148660078	1395148660079	OK	 
ACTION	Pricing	96	price	1395148654733	1395148654733	1395148660004	1395148660105	OK	 
ACTION	Pricing	83	price	1395148654184	1395148654186	1395148660147	1395148660148	OK	 
ACTION	Pricing	34	price	1395148654245	1395148654245	1395148660174	1395148660174	OK	 
ACTION	Pricing	85	price	1395148654348	1395148654349	1395148660258	1395148660258	OK	 
ACTION	Pricing	76	price	1395148654729	1395148654744	1395148660308	1395148660308	OK	 
ACTION	Pricing	78	price	1395148654746	1395148654748	1395148660349	1395148660349	OK	 
ACTION	Pricing	22	price	1395148654742	1395148654743	1395148660411	1395148660412	OK	 
ACTION	Pricing	9	price	1395148654849	1395148654850	1395148660442	1395148660442	OK	 
ACTION	Pricing	5	price	1395148654381	1395148654382	1395148660447	1395148660447	OK	 
ACTION	Pricing	68	price	1395148654885	1395148654886	1395148660475	1395148660475	OK	 
ACTION	Pricing	63	price	1395148653892	1395148653893	1395148660428	1395148660505	OK	 
ACTION	Pricing	47	price	1395148653978	1395148653979	1395148660508	1395148660508	OK	 
ACTION	Pricing	67	price	1395148654374	1395148654375	1395148660510	1395148660510	OK	 
ACTION	Pricing	30	price	1395148654848	1395148654849	1395148660576	1395148660577	OK	 
ACTION	Pricing	53	price	1395148655103	1395148655104	1395148660583	1395148660584	OK	 
ACTION	Pricing	92	price	1395148654212	1395148654212	1395148660598	1395148660599	OK	 
ACTION	Pricing	41	price	1395148654857	1395148654857	1395148660601	1395148660601	OK	 
ACTION	Pricing	11	price	1395148655420	1395148655421	1395148660617	1395148660618	OK	 
ACTION	Pricing	80	price	1395148654254	1395148654255	1395148660623	1395148660624	OK	 
ACTION	Pricing	95	price	1395148654817	1395148654820	1395148660628	1395148660628	OK	 
ACTION	Pricing	46	price	1395148654847	1395148654847	1395148660659	1395148660660	OK	 
ACTION	Pricing	77	price	1395148655053	1395148655054	1395148660660	1395148660662	OK	 
ACTION	Pricing	90	price	1395148654796	1395148654797	1395148660677	1395148660678	OK	 
ACTION	Pricing	60	price	1395148654865	1395148654868	1395148660677	1395148660678	OK	 
ACTION	Pricing	4	price	1395148654357	1395148654358	1395148660729	1395148660729	OK	 
ACTION	Pricing	32	price	1395148654923	1395148654924	1395148660760	1395148660761	OK	 
ACTION	Pricing	44	price	1395148654334	1395148654334	1395148660783	1395148660784	OK	 
ACTION	Pricing	57	price	1395148654986	1395148654987	1395148660785	1395148660785	OK	 
ACTION	Pricing	75	price	1395148654750	1395148654750	1395148660801	1395148660802	OK	 
ACTION	Pricing	16	price	1395148654283	1395148654284	1395148660805	1395148660805	OK	 
ACTION	Pricing	35	price	1395148654866	1395148654866	1395148660809	1395148660809	OK	 
ACTION	Pricing	27	price	1395148654839	1395148654840	1395148660814	1395148660815	OK	 
ACTION	Pricing	8	price	1395148655258	1395148655259	1395148660829	1395148660830	OK	 
ACTION	Pricing	99	price	1395148654852	1395148654853	1395148660858	1395148660859	OK	 
ACTION	Pricing	61	price	1395148654863	1395148654864	1395148660878	1395148660878	OK	 
ACTION	Pricing	55	price	1395148654814	1395148654825	1395148660881	1395148660881	OK	 
ACTION	Pricing	88	price	1395148654867	1395148654868	1395148660928	1395148660928	OK	 
ACTION	Pricing	50	price	1395148654333	1395148654333	1395148660933	1395148660933	OK	 
ACTION	Pricing	40	price	1395148654727	1395148654728	1395148661030	1395148661031	OK	 
ACTION	Pricing	43	price	1395148655093	1395148655094	1395148661033	1395148661033	OK	 
ACTION	Pricing	3	price	1395148655308	1395148655308	1395148661034	1395148661034	OK	 
ACTION	Pricing	93	price	1395148654771	1395148654772	1395148661042	1395148661042	OK	 
ACTION	Pricing	20	price	1395148654379	1395148654380	1395148661064	1395148661065	OK	 
ACTION	Pricing	6	price	1395148654860	1395148654861	1395148661085	1395148661086	OK	 
ACTION	Pricing	54	price	1395148654773	1395148654774	1395148661110	1395148661110	OK	 
ACTION	Pricing	39	price	1395148655462	1395148655463	1395148661123	1395148661123	OK	 
ACTION	Pricing	21	price	1395148654762	1395148654763	1395148661130	1395148661130	OK	 
ACTION	Pricing	82	price	1395148654833	1395148654840	1395148661169	1395148661169	OK	 
ACTION	Pricing	56	price	1395148654810	1395148654810	1395148661196	1395148661197	OK	 
ACTION	Pricing	87	price	1395148655479	1395148655480	1395148661198	1395148661198	OK	 
ACTION	Pricing	51	price	1395148655167	1395148655168	1395148661238	1395148661238	OK	 
ACTION	Pricing	24	price	1395148654151	1395148654152	1395148661239	1395148661240	OK	 
ACTION	Pricing	59	price	1395148655338	1395148655338	1395148661297	1395148661297	OK	 
ACTION	Pricing	26	price	1395148655336	1395148655337	1395148661306	1395148661306	OK	 
ACTION	Pricing	25	price	1395148654854	1395148654855	1395148661324	1395148661324	OK	 
ACTION	Pricing	12	price	1395148654851	1395148654851	1395148661175	1395148661345	OK	 
ACTION	Pricing	65	price	1395148655651	1395148655652	1395148661349	1395148661349	OK	 
ACTION	Pricing	17	price	1395148655169	1395148655169	1395148661352	1395148661352	OK	 
ACTION	Pricing	71	price	1395148655802	1395148655805	1395148661361	1395148661361	OK	 
ACTION	Pricing	37	price	1395148654816	1395148654819	1395148661405	1395148661405	OK	 
ACTION	Pricing	74	price	1395148655253	1395148655254	1395148661408	1395148661409	OK	 
ACTION	Pricing	45	price	1395148654861	1395148654862	1395148661481	1395148661481	OK	 
ACTION	Pricing	2	price	1395148654799	1395148654800	1395148661484	1395148661485	OK	 
ACTION	Pricing	79	price	1395148655586	1395148655587	1395148661510	1395148661511	OK	 
ACTION	Pricing	15	price	1395148655280	1395148655281	1395148661537	1395148661537	OK	 
ACTION	Pricing	69	price	1395148655601	1395148655602	1395148661538	1395148661539	OK	 
ACTION	Pricing	19	price	1395148655234	1395148655235	1395148661562	1395148661562	OK	 
ACTION	Pricing	91	price	1395148655597	1395148655598	1395148661590	1395148661590	OK	 
ACTION	Pricing	97	price	1395148654858	1395148654859	1395148661618	1395148661618	OK	 
ACTION	Pricing	29	price	1395148655242	1395148655243	1395148661630	1395148661630	OK	 
ACTION	Pricing	48	price	1395148655568	1395148655569	1395148661644	1395148661644	OK	 
ACTION	Pricing	42	price	1395148654867	1395148654868	1395148661633	1395148661644	OK	 
ACTION	Pricing	81	price	1395148655833	1395148655834	1395148661654	1395148661655	OK	 
ACTION	Pricing	72	price	1395148655287	1395148655288	1395148661714	1395148661714	OK	 
ACTION	Pricing	84	price	1395148655431	1395148655431	1395148661714	1395148661715	OK	 
ACTION	Pricing	36	price	1395148655679	1395148655680	1395148661747	1395148661748	OK	 
ACTION	Pricing	66	price	1395148655028	1395148655028	1395148661719	1395148661840	OK	 
ACTION	Pricing	64	price	1395148655446	1395148655447	1395148661870	1395148661871	OK	 
ACTION	Pricing	62	price	1395148655871	1395148655872	1395148661898	1395148661898	OK	 
ACTION	Pricing	33	price	1395148655907	1395148655908	1395148661945	1395148661945	OK	 
ACTION	Pricing	73	price	1395148656031	1395148656032	1395148661966	1395148661967	OK	 
ACTION	Pricing	100	price	1395148655123	1395148655124	1395148662022	1395148662022	OK	 
ACTION	Pricing	70	price	1395148655867	1395148655869	1395148662066	1395148662066	OK	 
ACTION	Pricing	52	price	1395148656378	1395148656379	1395148662282	1395148662282	OK	 
ACTION	Pricing	38	price	1395148656848	1395148656848	1395148662322	1395148662322	OK	 
ACTION	Pricing	94	price	1395148656158	1395148656158	1395148662372	1395148662372	OK	 
ACTION	Pricing	31	price	1395148657136	1395148657136	1395148662986	1395148662986	OK	 
ACTION	Pricing	1	price	1395148659337	1395148659338	1395148664511	1395148664512	OK	 
ACTION	Pricing	86	price	1395148658821	1395148658822	1395148664665	1395148664666	OK	 
ACTION	Pricing	58	price	1395148659622	1395148659623	1395148664977	1395148664977	OK	 
ACTION	Pricing	98	price	1395148659859	1395148659859	1395148665136	1395148665136	OK	 
ACTION	Pricing	18	price	1395148659852	1395148659853	1395148665184	1395148665184	OK	 
ACTION	Pricing	49	price	1395148659842	1395148659843	1395148665196	1395148665196	OK	 
ACTION	Pricing	14	price	1395148659958	1395148659958	1395148665242	1395148665243	OK	 
ACTION	Pricing	34	price	1395148660176	1395148660177	1395148665275	1395148665275	OK	 
SCENARIO	Pricing	34	END	1395148665276
ACTION	Pricing	10	price	1395148660065	1395148660065	1395148665428	1395148665428	OK	 
SCENARIO	Pricing	10	END	1395148665429
ACTION	Pricing	83	price	1395148660150	1395148660150	1395148665467	1395148665467	OK	 
SCENARIO	Pricing	83	END	1395148665468
ACTION	Pricing	28	price	1395148660081	1395148660082	1395148665493	1395148665493	OK	 
SCENARIO	Pricing	28	END	1395148665494
ACTION	Pricing	90	price	1395148660681	1395148660681	1395148665543	1395148665544	OK	 
SCENARIO	Pricing	90	END	1395148665544
ACTION	Pricing	96	price	1395148660107	1395148660108	1395148665546	1395148665547	OK	 
SCENARIO	Pricing	96	END	1395148665549
ACTION	Pricing	85	price	1395148660260	1395148660261	1395148665541	1395148665606	OK	 
SCENARIO	Pricing	85	END	1395148665608
ACTION	Pricing	99	price	1395148660861	1395148660862	1395148665612	1395148665612	OK	 
SCENARIO	Pricing	99	END	1395148665613
ACTION	Pricing	76	price	1395148660311	1395148660311	1395148665641	1395148665642	OK	 
SCENARIO	Pricing	76	END	1395148665643
ACTION	Pricing	5	price	1395148660449	1395148660450	1395148665681	1395148665682	OK	 
SCENARIO	Pricing	5	END	1395148665683
ACTION	Pricing	78	price	1395148660352	1395148660353	1395148665687	1395148665688	OK	 
SCENARIO	Pricing	78	END	1395148665688
ACTION	Pricing	9	price	1395148660444	1395148660445	1395148665606	1395148665698	OK	 
SCENARIO	Pricing	9	END	1395148665699
ACTION	Pricing	13	price	1395148659162	1395148659164	1395148665724	1395148665724	OK	 
SCENARIO	Pricing	13	END	1395148665725
ACTION	Pricing	7	price	1395148659949	1395148659949	1395148665729	1395148665729	OK	 
SCENARIO	Pricing	7	END	1395148665730
ACTION	Pricing	22	price	1395148660414	1395148660415	1395148665814	1395148665815	OK	 
SCENARIO	Pricing	22	END	1395148665816
ACTION	Pricing	60	price	1395148660682	1395148660682	1395148665849	1395148665849	OK	 
SCENARIO	Pricing	60	END	1395148665850
ACTION	Pricing	67	price	1395148660513	1395148660514	1395148665864	1395148665864	OK	 
SCENARIO	Pricing	67	END	1395148665866
ACTION	Pricing	53	price	1395148660585	1395148660586	1395148665887	1395148665887	OK	 
SCENARIO	Pricing	53	END	1395148665888
ACTION	Pricing	46	price	1395148660662	1395148660662	1395148665946	1395148665947	OK	 
ACTION	Pricing	27	price	1395148660817	1395148660817	1395148665946	1395148665948	OK	 
SCENARIO	Pricing	46	END	1395148665949
SCENARIO	Pricing	27	END	1395148665949
ACTION	Pricing	11	price	1395148660619	1395148660620	1395148665951	1395148665951	OK	 
SCENARIO	Pricing	11	END	1395148665952
ACTION	Pricing	23	price	1395148660063	1395148660063	1395148665951	1395148665951	OK	 
SCENARIO	Pricing	23	END	1395148665953
ACTION	Pricing	68	price	1395148660477	1395148660478	1395148665953	1395148665954	OK	 
SCENARIO	Pricing	68	END	1395148665955
ACTION	Pricing	95	price	1395148660630	1395148660630	1395148665955	1395148665956	OK	 
SCENARIO	Pricing	95	END	1395148665956
ACTION	Pricing	55	price	1395148660884	1395148660884	1395148665965	1395148665965	OK	 
SCENARIO	Pricing	55	END	1395148665967
ACTION	Pricing	77	price	1395148660664	1395148660665	1395148666002	1395148666002	OK	 
SCENARIO	Pricing	77	END	1395148666003
ACTION	Pricing	16	price	1395148660808	1395148660808	1395148666017	1395148666017	OK	 
ACTION	Pricing	87	price	1395148661201	1395148661201	1395148666017	1395148666017	OK	 
SCENARIO	Pricing	87	END	1395148666018
SCENARIO	Pricing	16	END	1395148666019
ACTION	Pricing	41	price	1395148660605	1395148660605	1395148666030	1395148666030	OK	 
SCENARIO	Pricing	41	END	1395148666031
ACTION	Pricing	30	price	1395148660579	1395148660581	1395148666034	1395148666035	OK	 
SCENARIO	Pricing	30	END	1395148666036
ACTION	Pricing	32	price	1395148660763	1395148660763	1395148666058	1395148666059	OK	 
ACTION	Pricing	39	price	1395148661125	1395148661126	1395148666014	1395148666059	OK	 
SCENARIO	Pricing	32	END	1395148666060
SCENARIO	Pricing	39	END	1395148666060
ACTION	Pricing	59	price	1395148661299	1395148661300	1395148666070	1395148666071	OK	 
SCENARIO	Pricing	59	END	1395148666072
ACTION	Pricing	61	price	1395148660880	1395148660881	1395148666078	1395148666079	OK	 
SCENARIO	Pricing	61	END	1395148666079
ACTION	Pricing	8	price	1395148660832	1395148660832	1395148666090	1395148666091	OK	 
SCENARIO	Pricing	8	END	1395148666092
ACTION	Pricing	3	price	1395148661038	1395148661039	1395148666142	1395148666142	OK	 
SCENARIO	Pricing	3	END	1395148666144
ACTION	Pricing	35	price	1395148660811	1395148660812	1395148666191	1395148666192	OK	 
SCENARIO	Pricing	35	END	1395148666193
ACTION	Pricing	65	price	1395148661351	1395148661352	1395148666197	1395148666198	OK	 
SCENARIO	Pricing	65	END	1395148666199
ACTION	Pricing	4	price	1395148660732	1395148660732	1395148666210	1395148666210	OK	 
SCENARIO	Pricing	4	END	1395148666212
ACTION	Pricing	20	price	1395148661067	1395148661068	1395148666212	1395148666213	OK	 
SCENARIO	Pricing	20	END	1395148666213
ACTION	Pricing	89	price	1395148659941	1395148659941	1395148666252	1395148666254	OK	 
SCENARIO	Pricing	89	END	1395148666255
ACTION	Pricing	43	price	1395148661036	1395148661037	1395148666271	1395148666271	OK	 
SCENARIO	Pricing	43	END	1395148666272
ACTION	Pricing	88	price	1395148660930	1395148660931	1395148666280	1395148666281	OK	 
SCENARIO	Pricing	88	END	1395148666282
ACTION	Pricing	93	price	1395148661045	1395148661046	1395148666287	1395148666288	OK	 
SCENARIO	Pricing	93	END	1395148666288
ACTION	Pricing	19	price	1395148661565	1395148661566	1395148666296	1395148666297	OK	 
SCENARIO	Pricing	19	END	1395148666298
ACTION	Pricing	50	price	1395148660935	1395148660936	1395148666302	1395148666303	OK	 
SCENARIO	Pricing	50	END	1395148666303
ACTION	Pricing	15	price	1395148661540	1395148661542	1395148666305	1395148666306	OK	 
SCENARIO	Pricing	15	END	1395148666307
ACTION	Pricing	57	price	1395148660787	1395148660788	1395148666311	1395148666312	OK	 
SCENARIO	Pricing	57	END	1395148666312
ACTION	Pricing	84	price	1395148661718	1395148661719	1395148666315	1395148666315	OK	 
SCENARIO	Pricing	84	END	1395148666316
ACTION	Pricing	80	price	1395148660625	1395148660626	1395148666360	1395148666360	OK	 
SCENARIO	Pricing	80	END	1395148666361
ACTION	Pricing	79	price	1395148661513	1395148661514	1395148666363	1395148666363	OK	 
SCENARIO	Pricing	79	END	1395148666364
ACTION	Pricing	71	price	1395148661363	1395148661364	1395148666366	1395148666367	OK	 
SCENARIO	Pricing	71	END	1395148666368
ACTION	Pricing	26	price	1395148661309	1395148661309	1395148666368	1395148666368	OK	 
SCENARIO	Pricing	26	END	1395148666369
ACTION	Pricing	40	price	1395148661034	1395148661035	1395148666317	1395148666377	OK	 
SCENARIO	Pricing	40	END	1395148666379
ACTION	Pricing	44	price	1395148660786	1395148660787	1395148666379	1395148666379	OK	 
SCENARIO	Pricing	44	END	1395148666380
ACTION	Pricing	81	price	1395148661656	1395148661657	1395148666390	1395148666390	OK	 
SCENARIO	Pricing	81	END	1395148666391
ACTION	Pricing	17	price	1395148661355	1395148661356	1395148666414	1395148666414	OK	 
SCENARIO	Pricing	17	END	1395148666416
ACTION	Pricing	74	price	1395148661411	1395148661411	1395148666431	1395148666431	OK	 
SCENARIO	Pricing	74	END	1395148666432
ACTION	Pricing	64	price	1395148661873	1395148661874	1395148666432	1395148666433	OK	 
SCENARIO	Pricing	64	END	1395148666434
ACTION	Pricing	6	price	1395148661089	1395148661089	1395148666420	1395148666457	OK	 
SCENARIO	Pricing	6	END	1395148666458
ACTION	Pricing	48	price	1395148661646	1395148661647	1395148666463	1395148666464	OK	 
SCENARIO	Pricing	48	END	1395148666465
ACTION	Pricing	91	price	1395148661593	1395148661593	1395148666472	1395148666472	OK	 
SCENARIO	Pricing	91	END	1395148666473
ACTION	Pricing	70	price	1395148662068	1395148662069	1395148666514	1395148666515	OK	 
SCENARIO	Pricing	70	END	1395148666516
ACTION	Pricing	33	price	1395148661947	1395148661948	1395148666517	1395148666517	OK	 
SCENARIO	Pricing	33	END	1395148666518
ACTION	Pricing	36	price	1395148661750	1395148661750	1395148666517	1395148666518	OK	 
SCENARIO	Pricing	36	END	1395148666519
ACTION	Pricing	73	price	1395148661972	1395148661974	1395148666534	1395148666534	OK	 
SCENARIO	Pricing	73	END	1395148666535
ACTION	Pricing	62	price	1395148661900	1395148661901	1395148666555	1395148666555	OK	 
SCENARIO	Pricing	62	END	1395148666556
ACTION	Pricing	38	price	1395148662325	1395148662325	1395148666560	1395148666560	OK	 
SCENARIO	Pricing	38	END	1395148666561
ACTION	Pricing	69	price	1395148661542	1395148661543	1395148666567	1395148666567	OK	 
SCENARIO	Pricing	69	END	1395148666568
ACTION	Pricing	47	price	1395148660511	1395148660512	1395148666600	1395148666600	OK	 
SCENARIO	Pricing	47	END	1395148666601
ACTION	Pricing	52	price	1395148662285	1395148662285	1395148666614	1395148666614	OK	 
SCENARIO	Pricing	52	END	1395148666616
ACTION	Pricing	92	price	1395148660601	1395148660603	1395148666623	1395148666623	OK	 
SCENARIO	Pricing	92	END	1395148666628
ACTION	Pricing	29	price	1395148661632	1395148661633	1395148666640	1395148666641	OK	 
ACTION	Pricing	2	price	1395148661487	1395148661487	1395148666621	1395148666641	OK	 
SCENARIO	Pricing	29	END	1395148666642
SCENARIO	Pricing	2	END	1395148666644
ACTION	Pricing	25	price	1395148661326	1395148661327	1395148666646	1395148666646	OK	 
SCENARIO	Pricing	25	END	1395148666647
ACTION	Pricing	75	price	1395148660804	1395148660805	1395148666651	1395148666652	OK	 
SCENARIO	Pricing	75	END	1395148666653
ACTION	Pricing	63	price	1395148660508	1395148660509	1395148666655	1395148666655	OK	 
SCENARIO	Pricing	63	END	1395148666656
ACTION	Pricing	54	price	1395148661113	1395148661114	1395148666655	1395148666656	OK	 
SCENARIO	Pricing	54	END	1395148666657
ACTION	Pricing	82	price	1395148661171	1395148661172	1395148666630	1395148666661	OK	 
SCENARIO	Pricing	82	END	1395148666662
ACTION	Pricing	21	price	1395148661132	1395148661133	1395148666662	1395148666663	OK	 
SCENARIO	Pricing	21	END	1395148666664
ACTION	Pricing	56	price	1395148661199	1395148661200	1395148666671	1395148666672	OK	 
SCENARIO	Pricing	56	END	1395148666673
ACTION	Pricing	37	price	1395148661409	1395148661409	1395148666660	1395148666682	OK	 
SCENARIO	Pricing	37	END	1395148666683
ACTION	Pricing	97	price	1395148661621	1395148661621	1395148666694	1395148666694	OK	 
SCENARIO	Pricing	97	END	1395148666696
ACTION	Pricing	24	price	1395148661244	1395148661245	1395148666702	1395148666702	OK	 
SCENARIO	Pricing	24	END	1395148666704
ACTION	Pricing	42	price	1395148661649	1395148661649	1395148666716	1395148666717	OK	 
ACTION	Pricing	12	price	1395148661347	1395148661347	1395148666718	1395148666718	OK	 
SCENARIO	Pricing	42	END	1395148666719
SCENARIO	Pricing	12	END	1395148666719
ACTION	Pricing	66	price	1395148661842	1395148661843	1395148666745	1395148666746	OK	 
SCENARIO	Pricing	66	END	1395148666747
ACTION	Pricing	51	price	1395148661241	1395148661243	1395148666756	1395148666757	OK	 
SCENARIO	Pricing	51	END	1395148666758
ACTION	Pricing	94	price	1395148662374	1395148662375	1395148666758	1395148666758	OK	 
SCENARIO	Pricing	94	END	1395148666759
ACTION	Pricing	45	price	1395148661483	1395148661484	1395148666762	1395148666762	OK	 
SCENARIO	Pricing	45	END	1395148666764
ACTION	Pricing	72	price	1395148661716	1395148661717	1395148666764	1395148666764	OK	 
SCENARIO	Pricing	72	END	1395148666765
ACTION	Pricing	100	price	1395148662025	1395148662025	1395148666771	1395148666771	OK	 
SCENARIO	Pricing	100	END	1395148666772
ACTION	Pricing	58	price	1395148664979	1395148664980	1395148666858	1395148666858	OK	 
SCENARIO	Pricing	58	END	1395148666859
ACTION	Pricing	31	price	1395148662988	1395148662989	1395148666875	1395148666875	OK	 
SCENARIO	Pricing	31	END	1395148666876
ACTION	Pricing	14	price	1395148665245	1395148665245	1395148666931	1395148666931	OK	 
SCENARIO	Pricing	14	END	1395148666932
ACTION	Pricing	18	price	1395148665186	1395148665187	1395148666940	1395148666941	OK	 
SCENARIO	Pricing	18	END	1395148666942
ACTION	Pricing	49	price	1395148665198	1395148665199	1395148666950	1395148666950	OK	 
SCENARIO	Pricing	49	END	1395148666951
ACTION	Pricing	86	price	1395148664667	1395148664668	1395148666952	1395148666953	OK	 
SCENARIO	Pricing	86	END	1395148666954
ACTION	Pricing	1	price	1395148664514	1395148664515	1395148666957	1395148666957	OK	 
SCENARIO	Pricing	1	END	1395148666958
ACTION	Pricing	98	price	1395148665138	1395148665139	1395148666959	1395148666959	OK	 
SCENARIO	Pricing	98	END	1395148666960
