RUN	20140318131542	pricingsimulation	pricingsimulation
SCENARIO	Pricing	49	START	1395148546108
SCENARIO	Pricing	76	START	1395148546112
SCENARIO	Pricing	86	START	1395148546113
SCENARIO	Pricing	85	START	1395148546114
SCENARIO	Pricing	2	START	1395148546114
SCENARIO	Pricing	33	START	1395148546116
SCENARIO	Pricing	88	START	1395148546116
SCENARIO	Pricing	34	START	1395148546116
SCENARIO	Pricing	20	START	1395148546116
SCENARIO	Pricing	16	START	1395148546116
SCENARIO	Pricing	46	START	1395148546116
SCENARIO	Pricing	6	START	1395148546116
SCENARIO	Pricing	90	START	1395148546116
SCENARIO	Pricing	53	START	1395148546116
SCENARIO	Pricing	78	START	1395148546116
SCENARIO	Pricing	27	START	1395148546117
SCENARIO	Pricing	10	START	1395148546117
SCENARIO	Pricing	89	START	1395148546117
SCENARIO	Pricing	50	START	1395148546117
SCENARIO	Pricing	14	START	1395148546117
SCENARIO	Pricing	25	START	1395148546117
SCENARIO	Pricing	54	START	1395148546117
SCENARIO	Pricing	72	START	1395148546117
SCENARIO	Pricing	23	START	1395148546117
SCENARIO	Pricing	96	START	1395148546117
SCENARIO	Pricing	38	START	1395148546118
SCENARIO	Pricing	8	START	1395148546118
SCENARIO	Pricing	64	START	1395148546118
SCENARIO	Pricing	62	START	1395148546118
SCENARIO	Pricing	69	START	1395148546118
SCENARIO	Pricing	11	START	1395148546119
SCENARIO	Pricing	47	START	1395148546119
SCENARIO	Pricing	22	START	1395148546119
SCENARIO	Pricing	36	START	1395148546119
SCENARIO	Pricing	5	START	1395148546119
SCENARIO	Pricing	55	START	1395148546120
SCENARIO	Pricing	77	START	1395148546120
SCENARIO	Pricing	56	START	1395148546120
SCENARIO	Pricing	70	START	1395148546120
SCENARIO	Pricing	17	START	1395148546120
SCENARIO	Pricing	31	START	1395148546122
SCENARIO	Pricing	18	START	1395148546122
SCENARIO	Pricing	91	START	1395148546122
SCENARIO	Pricing	60	START	1395148546122
SCENARIO	Pricing	75	START	1395148546122
SCENARIO	Pricing	29	START	1395148546123
SCENARIO	Pricing	30	START	1395148546123
SCENARIO	Pricing	15	START	1395148546123
SCENARIO	Pricing	12	START	1395148546123
SCENARIO	Pricing	3	START	1395148546123
SCENARIO	Pricing	48	START	1395148546123
SCENARIO	Pricing	99	START	1395148546123
SCENARIO	Pricing	39	START	1395148546123
SCENARIO	Pricing	24	START	1395148546123
SCENARIO	Pricing	43	START	1395148546123
SCENARIO	Pricing	73	START	1395148546123
SCENARIO	Pricing	81	START	1395148546123
SCENARIO	Pricing	26	START	1395148546124
SCENARIO	Pricing	82	START	1395148546124
SCENARIO	Pricing	13	START	1395148546124
SCENARIO	Pricing	44	START	1395148546124
SCENARIO	Pricing	80	START	1395148546124
SCENARIO	Pricing	32	START	1395148546124
SCENARIO	Pricing	79	START	1395148546124
SCENARIO	Pricing	42	START	1395148546124
SCENARIO	Pricing	4	START	1395148546124
SCENARIO	Pricing	57	START	1395148546124
SCENARIO	Pricing	95	START	1395148546124
SCENARIO	Pricing	37	START	1395148546124
SCENARIO	Pricing	1	START	1395148546124
SCENARIO	Pricing	52	START	1395148546125
SCENARIO	Pricing	59	START	1395148546125
SCENARIO	Pricing	71	START	1395148546125
SCENARIO	Pricing	87	START	1395148546125
SCENARIO	Pricing	40	START	1395148546125
SCENARIO	Pricing	74	START	1395148546125
SCENARIO	Pricing	67	START	1395148546125
SCENARIO	Pricing	92	START	1395148546125
SCENARIO	Pricing	84	START	1395148546125
SCENARIO	Pricing	63	START	1395148546125
SCENARIO	Pricing	100	START	1395148546125
SCENARIO	Pricing	65	START	1395148546125
SCENARIO	Pricing	7	START	1395148546125
SCENARIO	Pricing	41	START	1395148546125
SCENARIO	Pricing	94	START	1395148546125
SCENARIO	Pricing	68	START	1395148546125
SCENARIO	Pricing	21	START	1395148546125
SCENARIO	Pricing	61	START	1395148546125
SCENARIO	Pricing	58	START	1395148546125
SCENARIO	Pricing	9	START	1395148546125
SCENARIO	Pricing	45	START	1395148546125
SCENARIO	Pricing	66	START	1395148546125
SCENARIO	Pricing	97	START	1395148546125
SCENARIO	Pricing	19	START	1395148546126
SCENARIO	Pricing	83	START	1395148546126
SCENARIO	Pricing	93	START	1395148546126
SCENARIO	Pricing	28	START	1395148546126
SCENARIO	Pricing	51	START	1395148546126
SCENARIO	Pricing	98	START	1395148546126
SCENARIO	Pricing	35	START	1395148546126
ACTION	Pricing	47	price	1395148546449	1395148546456	1395148554592	1395148554751	OK	 
ACTION	Pricing	68	price	1395148546620	1395148546622	1395148554579	1395148554751	OK	 
ACTION	Pricing	23	price	1395148546403	1395148546406	1395148554582	1395148554751	OK	 
ACTION	Pricing	56	price	1395148546482	1395148546482	1395148554597	1395148554751	OK	 
ACTION	Pricing	5	price	1395148546466	1395148546471	1395148554580	1395148554753	OK	 
ACTION	Pricing	90	price	1395148546317	1395148546327	1395148554596	1395148554752	OK	 
ACTION	Pricing	64	price	1395148546422	1395148546429	1395148554593	1395148554752	OK	 
ACTION	Pricing	69	price	1395148546440	1395148546445	1395148554791	1395148554791	OK	 
ACTION	Pricing	73	price	1395148546536	1395148546545	1395148554831	1395148554831	OK	 
ACTION	Pricing	78	price	1395148546332	1395148546353	1395148554834	1395148554834	OK	 
ACTION	Pricing	44	price	1395148546558	1395148546559	1395148554870	1395148554870	OK	 
ACTION	Pricing	37	price	1395148546586	1395148546587	1395148554902	1395148554903	OK	 
ACTION	Pricing	54	price	1395148546386	1395148546397	1395148554619	1395148554982	OK	 
ACTION	Pricing	93	price	1395148546652	1395148546652	1395148554603	1395148554982	OK	 
ACTION	Pricing	32	price	1395148546568	1395148546570	1395148554590	1395148554985	OK	 
ACTION	Pricing	11	price	1395148546441	1395148546453	1395148554586	1395148554985	OK	 
ACTION	Pricing	95	price	1395148546578	1395148546585	1395148554611	1395148554987	OK	 
ACTION	Pricing	13	price	1395148546555	1395148546556	1395148554627	1395148554987	OK	 
ACTION	Pricing	94	price	1395148546617	1395148546618	1395148554592	1395148554987	OK	 
ACTION	Pricing	60	price	1395148546499	1395148546510	1395148554608	1395148554988	OK	 
ACTION	Pricing	96	price	1395148546406	1395148546411	1395148554600	1395148554988	OK	 
ACTION	Pricing	58	price	1395148546627	1395148546629	1395148554613	1395148554988	OK	 
ACTION	Pricing	89	price	1395148546341	1395148546365	1395148554604	1395148554990	OK	 
ACTION	Pricing	34	price	1395148546265	1395148546289	1395148554610	1395148554992	OK	 
ACTION	Pricing	50	price	1395148546349	1395148546370	1395148554592	1395148554992	OK	 
ACTION	Pricing	31	price	1395148546489	1395148546495	1395148554622	1395148554988	OK	 
ACTION	Pricing	45	price	1395148546631	1395148546634	1395148554607	1395148554992	OK	 
ACTION	Pricing	79	price	1395148546571	1395148546577	1395148554612	1395148554996	OK	 
ACTION	Pricing	88	price	1395148546256	1395148546292	1395148554602	1395148554992	OK	 
ACTION	Pricing	18	price	1395148546493	1395148546495	1395148554592	1395148554991	OK	 
ACTION	Pricing	48	price	1395148546525	1395148546526	1395148554623	1395148554992	OK	 
ACTION	Pricing	26	price	1395148546541	1395148546551	1395148554599	1395148554997	OK	 
ACTION	Pricing	57	price	1395148546576	1395148546579	1395148554631	1395148554993	OK	 
ACTION	Pricing	39	price	1395148546529	1395148546531	1395148554588	1395148554997	OK	 
ACTION	Pricing	49	price	1395148546230	1395148546279	1395148554618	1395148554997	OK	 
ACTION	Pricing	52	price	1395148546589	1395148546591	1395148554643	1395148554993	OK	 
ACTION	Pricing	61	price	1395148546625	1395148546626	1395148554613	1395148554997	OK	 
ACTION	Pricing	76	price	1395148546226	1395148546276	1395148554606	1395148554997	OK	 
ACTION	Pricing	43	price	1395148546533	1395148546536	1395148554617	1395148554993	OK	 
ACTION	Pricing	86	price	1395148546223	1395148546276	1395148554596	1395148554994	OK	 
ACTION	Pricing	67	price	1395148546599	1395148546602	1395148554633	1395148554998	OK	 
ACTION	Pricing	82	price	1395148546552	1395148546554	1395148554633	1395148554995	OK	 
ACTION	Pricing	4	price	1395148546574	1395148546578	1395148554607	1395148555001	OK	 
ACTION	Pricing	83	price	1395148546639	1395148546640	1395148554634	1395148554996	OK	 
ACTION	Pricing	40	price	1395148546595	1395148546597	1395148554629	1395148554996	OK	 
ACTION	Pricing	100	price	1395148546607	1395148546609	1395148554637	1395148554998	OK	 
ACTION	Pricing	1	price	1395148546588	1395148546589	1395148554629	1395148554991	OK	 
ACTION	Pricing	36	price	1395148546466	1395148546466	1395148554623	1395148555002	OK	 
ACTION	Pricing	24	price	1395148546533	1395148546534	1395148554622	1395148555005	OK	 
ACTION	Pricing	72	price	1395148546395	1395148546401	1395148554641	1395148554996	OK	 
ACTION	Pricing	3	price	1395148546523	1395148546525	1395148554624	1395148555005	OK	 
ACTION	Pricing	35	price	1395148546648	1395148546649	1395148554602	1395148555003	OK	 
ACTION	Pricing	25	price	1395148546374	1395148546386	1395148554579	1395148554998	OK	 
ACTION	Pricing	65	price	1395148546611	1395148546613	1395148554628	1395148555005	OK	 
ACTION	Pricing	63	price	1395148546605	1395148546606	1395148554595	1395148555004	OK	 
ACTION	Pricing	2	price	1395148546229	1395148546290	1395148554599	1395148555006	OK	 
ACTION	Pricing	28	price	1395148546644	1395148546645	1395148554600	1395148555006	OK	 
ACTION	Pricing	55	price	1395148546472	1395148546478	1395148554627	1395148555005	OK	 
ACTION	Pricing	15	price	1395148546518	1395148546518	1395148554594	1395148555005	OK	 
ACTION	Pricing	75	price	1395148546509	1395148546511	1395148554606	1395148555006	OK	 
ACTION	Pricing	27	price	1395148546337	1395148546357	1395148554600	1395148555008	OK	 
ACTION	Pricing	80	price	1395148546561	1395148546563	1395148554600	1395148555008	OK	 
ACTION	Pricing	6	price	1395148546306	1395148546323	1395148554609	1395148555008	OK	 
ACTION	Pricing	22	price	1395148546456	1395148546461	1395148554610	1395148555006	OK	 
ACTION	Pricing	7	price	1395148546613	1395148546614	1395148554612	1395148555003	OK	 
ACTION	Pricing	71	price	1395148546591	1395148546594	1395148554630	1395148555007	OK	 
ACTION	Pricing	62	price	1395148546435	1395148546443	1395148554640	1395148555007	OK	 
ACTION	Pricing	46	price	1395148546302	1395148546319	1395148554597	1395148555004	OK	 
ACTION	Pricing	20	price	1395148546282	1395148546315	1395148554605	1395148555007	OK	 
ACTION	Pricing	97	price	1395148546635	1395148546638	1395148554618	1395148555008	OK	 
ACTION	Pricing	77	price	1395148546473	1395148546477	1395148554636	1395148554998	OK	 
ACTION	Pricing	66	price	1395148546633	1395148546634	1395148554614	1395148554997	OK	 
ACTION	Pricing	41	price	1395148546615	1395148546618	1395148554601	1395148555023	OK	 
ACTION	Pricing	14	price	1395148546370	1395148546373	1395148554731	1395148555023	OK	 
ACTION	Pricing	99	price	1395148546527	1395148546529	1395148554612	1395148555023	OK	 
ACTION	Pricing	33	price	1395148546237	1395148546289	1395148554618	1395148555025	OK	 
ACTION	Pricing	87	price	1395148546594	1395148546596	1395148554621	1395148555025	OK	 
ACTION	Pricing	16	price	1395148546299	1395148546311	1395148554622	1395148555025	OK	 
ACTION	Pricing	29	price	1395148546514	1395148546514	1395148554587	1395148555025	OK	 
ACTION	Pricing	53	price	1395148546331	1395148546352	1395148554628	1395148555026	OK	 
ACTION	Pricing	19	price	1395148546637	1395148546639	1395148554630	1395148555026	OK	 
ACTION	Pricing	92	price	1395148546601	1395148546603	1395148554631	1395148555026	OK	 
ACTION	Pricing	84	price	1395148546603	1395148546604	1395148554631	1395148555025	OK	 
ACTION	Pricing	98	price	1395148546644	1395148546651	1395148554644	1395148555028	OK	 
ACTION	Pricing	30	price	1395148546514	1395148546516	1395148554608	1395148555029	OK	 
ACTION	Pricing	8	price	1395148546415	1395148546429	1395148555030	1395148555030	OK	 
ACTION	Pricing	21	price	1395148546623	1395148546624	1395148554642	1395148555030	OK	 
ACTION	Pricing	12	price	1395148546519	1395148546522	1395148554638	1395148555033	OK	 
ACTION	Pricing	81	price	1395148546539	1395148546550	1395148554587	1395148555033	OK	 
ACTION	Pricing	70	price	1395148546484	1395148546488	1395148555157	1395148555157	OK	 
ACTION	Pricing	10	price	1395148546337	1395148546358	1395148555216	1395148555216	OK	 
ACTION	Pricing	91	price	1395148546497	1395148546498	1395148555401	1395148555402	OK	 
ACTION	Pricing	74	price	1395148546598	1395148546599	1395148555415	1395148555415	OK	 
ACTION	Pricing	9	price	1395148546629	1395148546631	1395148555479	1395148555480	OK	 
ACTION	Pricing	51	price	1395148546644	1395148546647	1395148555513	1395148555513	OK	 
ACTION	Pricing	17	price	1395148546486	1395148546491	1395148555719	1395148555719	OK	 
ACTION	Pricing	42	price	1395148546573	1395148546578	1395148555721	1395148555721	OK	 
ACTION	Pricing	85	price	1395148546229	1395148546279	1395148555723	1395148555723	OK	 
ACTION	Pricing	59	price	1395148546590	1395148546595	1395148555721	1395148555722	OK	 
ACTION	Pricing	38	price	1395148546415	1395148546419	1395148555726	1395148555726	OK	 
ACTION	Pricing	42	price	1395148555724	1395148555727	1395148556284	1395148556284	OK	 
ACTION	Pricing	85	price	1395148555732	1395148555732	1395148556346	1395148556346	OK	 
ACTION	Pricing	95	price	1395148555037	1395148555041	1395148558355	1395148558356	OK	 
ACTION	Pricing	90	price	1395148554850	1395148554851	1395148558605	1395148558605	OK	 
ACTION	Pricing	83	price	1395148555078	1395148555079	1395148559161	1395148559165	OK	 
ACTION	Pricing	72	price	1395148555093	1395148555093	1395148559165	1395148559170	OK	 
ACTION	Pricing	67	price	1395148555074	1395148555075	1395148559161	1395148559170	OK	 
ACTION	Pricing	81	price	1395148555163	1395148555164	1395148559357	1395148559358	OK	 
ACTION	Pricing	22	price	1395148555117	1395148555118	1395148559705	1395148559706	OK	 
ACTION	Pricing	12	price	1395148555162	1395148555163	1395148559708	1395148559709	OK	 
ACTION	Pricing	37	price	1395148554907	1395148554908	1395148559710	1395148559710	OK	 
ACTION	Pricing	99	price	1395148555141	1395148555144	1395148559729	1395148559729	OK	 
ACTION	Pricing	35	price	1395148555096	1395148555096	1395148559883	1395148559885	OK	 
ACTION	Pricing	53	price	1395148555149	1395148555150	1395148559927	1395148559928	OK	 
ACTION	Pricing	71	price	1395148555120	1395148555121	1395148560072	1395148560072	OK	 
ACTION	Pricing	33	price	1395148555142	1395148555143	1395148560152	1395148560152	OK	 
ACTION	Pricing	83	price	1395148559169	1395148559170	1395148560219	1395148560219	OK	 
ACTION	Pricing	2	price	1395148555105	1395148555105	1395148560300	1395148560300	OK	 
ACTION	Pricing	29	price	1395148555148	1395148555148	1395148560361	1395148560361	OK	 
ACTION	Pricing	55	price	1395148555108	1395148555108	1395148560363	1395148560363	OK	 
ACTION	Pricing	62	price	1395148555122	1395148555122	1395148560365	1395148560366	OK	 
ACTION	Pricing	46	price	1395148555123	1395148555124	1395148560369	1395148560369	OK	 
ACTION	Pricing	84	price	1395148555154	1395148555154	1395148560372	1395148560372	OK	 
ACTION	Pricing	3	price	1395148555094	1395148555095	1395148560405	1395148560405	OK	 
ACTION	Pricing	80	price	1395148555114	1395148555115	1395148560511	1395148560512	OK	 
ACTION	Pricing	98	price	1395148555155	1395148555156	1395148560629	1395148560630	OK	 
ACTION	Pricing	74	price	1395148555419	1395148555420	1395148560633	1395148560633	OK	 
ACTION	Pricing	54	price	1395148555098	1395148555098	1395148560632	1395148560633	OK	 
ACTION	Pricing	41	price	1395148555139	1395148555144	1395148561267	1395148561267	OK	 
ACTION	Pricing	52	price	1395148555069	1395148555069	1395148561282	1395148561282	OK	 
ACTION	Pricing	88	price	1395148555059	1395148555060	1395148561283	1395148561283	OK	 
ACTION	Pricing	60	price	1395148555049	1395148555049	1395148561286	1395148561286	OK	 
ACTION	Pricing	26	price	1395148555064	1395148555064	1395148561287	1395148561287	OK	 
ACTION	Pricing	82	price	1395148555075	1395148555076	1395148561288	1395148561288	OK	 
ACTION	Pricing	1	price	1395148555088	1395148555089	1395148561291	1395148561291	OK	 
ACTION	Pricing	77	price	1395148555136	1395148555137	1395148561294	1395148561294	OK	 
ACTION	Pricing	68	price	1395148554842	1395148554844	1395148561298	1395148561299	OK	 
ACTION	Pricing	45	price	1395148555057	1395148555057	1395148561299	1395148561299	OK	 
ACTION	Pricing	66	price	1395148555138	1395148555138	1395148561302	1395148561302	OK	 
ACTION	Pricing	97	price	1395148555129	1395148555135	1395148561302	1395148561302	OK	 
ACTION	Pricing	24	price	1395148555091	1395148555092	1395148561303	1395148561304	OK	 
ACTION	Pricing	92	price	1395148555152	1395148555153	1395148561304	1395148561304	OK	 
ACTION	Pricing	73	price	1395148554862	1395148554863	1395148561303	1395148561305	OK	 
ACTION	Pricing	19	price	1395148555151	1395148555151	1395148561326	1395148561326	OK	 
ACTION	Pricing	76	price	1395148555071	1395148555072	1395148561330	1395148561330	OK	 
ACTION	Pricing	14	price	1395148555141	1395148555144	1395148561631	1395148561631	OK	 
ACTION	Pricing	47	price	1395148554845	1395148554847	1395148561895	1395148561895	OK	 
ACTION	Pricing	48	price	1395148555062	1395148555063	1395148562058	1395148562059	OK	 
ACTION	Pricing	10	price	1395148555219	1395148555220	1395148562111	1395148562111	OK	 
ACTION	Pricing	5	price	1395148554855	1395148554856	1395148562111	1395148562111	OK	 
ACTION	Pricing	56	price	1395148554858	1395148554859	1395148562114	1395148562114	OK	 
ACTION	Pricing	91	price	1395148555404	1395148555405	1395148562184	1395148562184	OK	 
ACTION	Pricing	32	price	1395148555026	1395148555036	1395148562379	1395148562380	OK	 
ACTION	Pricing	94	price	1395148555044	1395148555045	1395148562381	1395148562381	OK	 
ACTION	Pricing	96	price	1395148555050	1395148555051	1395148562802	1395148562802	OK	 
ACTION	Pricing	93	price	1395148554985	1395148555023	1395148562802	1395148562802	OK	 
ACTION	Pricing	11	price	1395148555018	1395148555025	1395148562805	1395148562805	OK	 
ACTION	Pricing	43	price	1395148555072	1395148555073	1395148562975	1395148562975	OK	 
ACTION	Pricing	21	price	1395148555161	1395148555161	1395148562981	1395148562981	OK	 
ACTION	Pricing	40	price	1395148555085	1395148555085	1395148562980	1395148562981	OK	 
ACTION	Pricing	59	price	1395148555731	1395148555732	1395148563041	1395148563041	OK	 
ACTION	Pricing	50	price	1395148555054	1395148555055	1395148563090	1395148563091	OK	 
ACTION	Pricing	17	price	1395148555734	1395148555734	1395148563097	1395148563098	OK	 
ACTION	Pricing	77	price	1395148561297	1395148561301	1395148563150	1395148563151	OK	 
ACTION	Pricing	42	price	1395148556286	1395148556287	1395148563210	1395148563210	OK	 
ACTION	Pricing	85	price	1395148556348	1395148556349	1395148563282	1395148563282	OK	 
ACTION	Pricing	58	price	1395148555051	1395148555052	1395148563334	1395148563334	OK	 
ACTION	Pricing	38	price	1395148555735	1395148555736	1395148563654	1395148563654	OK	 
ACTION	Pricing	93	price	1395148562808	1395148562808	1395148563737	1395148563737	OK	 
ACTION	Pricing	94	price	1395148562384	1395148562384	1395148563771	1395148563771	OK	 
ACTION	Pricing	91	price	1395148562187	1395148562188	1395148563809	1395148563809	OK	 
ACTION	Pricing	56	price	1395148562119	1395148562120	1395148563863	1395148563863	OK	 
ACTION	Pricing	47	price	1395148561898	1395148561899	1395148564085	1395148564086	OK	 
ACTION	Pricing	48	price	1395148562061	1395148562061	1395148564098	1395148564099	OK	 
ACTION	Pricing	14	price	1395148561633	1395148561634	1395148564213	1395148564213	OK	 
ACTION	Pricing	19	price	1395148561328	1395148561329	1395148564379	1395148564380	OK	 
ACTION	Pricing	76	price	1395148561332	1395148561332	1395148564508	1395148564508	OK	 
ACTION	Pricing	73	price	1395148561312	1395148561313	1395148564670	1395148564670	OK	 
ACTION	Pricing	97	price	1395148561309	1395148561310	1395148564721	1395148564722	OK	 
ACTION	Pricing	66	price	1395148561309	1395148561309	1395148564787	1395148564787	OK	 
ACTION	Pricing	45	price	1395148561307	1395148561307	1395148564901	1395148564902	OK	 
ACTION	Pricing	68	price	1395148561306	1395148561306	1395148564975	1395148564975	OK	 
ACTION	Pricing	82	price	1395148561293	1395148561299	1395148565146	1395148565146	OK	 
ACTION	Pricing	41	price	1395148561269	1395148561270	1395148565553	1395148565553	OK	 
ACTION	Pricing	81	price	1395148559359	1395148559360	1395148565623	1395148565623	OK	 
ACTION	Pricing	33	price	1395148560154	1395148560155	1395148565653	1395148565653	OK	 
ACTION	Pricing	78	price	1395148554864	1395148554865	1395148565909	1395148565910	OK	 
ACTION	Pricing	46	price	1395148560371	1395148560373	1395148566240	1395148566240	OK	 
ACTION	Pricing	74	price	1395148560635	1395148560635	1395148566252	1395148566252	OK	 
ACTION	Pricing	37	price	1395148559713	1395148559714	1395148566317	1395148566317	OK	 
ACTION	Pricing	80	price	1395148560514	1395148560515	1395148566460	1395148566460	OK	 
ACTION	Pricing	100	price	1395148555087	1395148555087	1395148566466	1395148566466	OK	 
ACTION	Pricing	2	price	1395148560302	1395148560302	1395148566513	1395148566513	OK	 
ACTION	Pricing	4	price	1395148555076	1395148555077	1395148566561	1395148566562	OK	 
ACTION	Pricing	28	price	1395148555106	1395148555107	1395148566623	1395148566623	OK	 
ACTION	Pricing	53	price	1395148559930	1395148559931	1395148566664	1395148566664	OK	 
ACTION	Pricing	12	price	1395148559712	1395148559713	1395148566698	1395148566698	OK	 
ACTION	Pricing	34	price	1395148555053	1395148555054	1395148566760	1395148566761	OK	 
ACTION	Pricing	25	price	1395148555099	1395148555101	1395148566760	1395148566761	OK	 
ACTION	Pricing	13	price	1395148555043	1395148555043	1395148566885	1395148566886	OK	 
ACTION	Pricing	27	price	1395148555113	1395148555113	1395148566904	1395148566905	OK	 
ACTION	Pricing	49	price	1395148555068	1395148555068	1395148566904	1395148566905	OK	 
ACTION	Pricing	8	price	1395148555157	1395148555160	1395148566907	1395148566907	OK	 
ACTION	Pricing	99	price	1395148559731	1395148559732	1395148566934	1395148566934	OK	 
ACTION	Pricing	33	price	1395148565656	1395148565657	1395148567026	1395148567027	OK	 
ACTION	Pricing	6	price	1395148555116	1395148555117	1395148567145	1395148567145	OK	 
ACTION	Pricing	22	price	1395148559708	1395148559709	1395148567246	1395148567246	OK	 
ACTION	Pricing	71	price	1395148560074	1395148560075	1395148567332	1395148567333	OK	 
ACTION	Pricing	3	price	1395148560408	1395148560408	1395148567397	1395148567397	OK	 
ACTION	Pricing	86	price	1395148555073	1395148555074	1395148567409	1395148567409	OK	 
ACTION	Pricing	51	price	1395148555515	1395148555517	1395148567409	1395148567409	OK	 
ACTION	Pricing	75	price	1395148555111	1395148555111	1395148567484	1395148567485	OK	 
ACTION	Pricing	54	price	1395148560636	1395148560637	1395148567523	1395148567524	OK	 
ACTION	Pricing	16	price	1395148555146	1395148555147	1395148567560	1395148567560	OK	 
ACTION	Pricing	30	price	1395148555156	1395148555157	1395148567560	1395148567560	OK	 
ACTION	Pricing	82	price	1395148565148	1395148565149	1395148567608	1395148567608	OK	 
ACTION	Pricing	7	price	1395148555118	1395148555119	1395148567655	1395148567655	OK	 
ACTION	Pricing	15	price	1395148555109	1395148555110	1395148567655	1395148567655	OK	 
ACTION	Pricing	63	price	1395148555103	1395148555104	1395148567656	1395148567656	OK	 
ACTION	Pricing	44	price	1395148554872	1395148554873	1395148567657	1395148567659	OK	 
ACTION	Pricing	9	price	1395148555485	1395148555486	1395148567661	1395148567661	OK	 
ACTION	Pricing	84	price	1395148560375	1395148560376	1395148567687	1395148567688	OK	 
ACTION	Pricing	87	price	1395148555144	1395148555145	1395148567744	1395148567744	OK	 
ACTION	Pricing	69	price	1395148554861	1395148554861	1395148567745	1395148567747	OK	 
ACTION	Pricing	65	price	1395148555102	1395148555102	1395148567749	1395148567749	OK	 
ACTION	Pricing	66	price	1395148564789	1395148564790	1395148567859	1395148567860	OK	 
ACTION	Pricing	97	price	1395148564723	1395148564724	1395148567944	1395148567944	OK	 
ACTION	Pricing	73	price	1395148564672	1395148564673	1395148568045	1395148568045	OK	 
ACTION	Pricing	88	price	1395148561286	1395148561287	1395148568083	1395148568083	OK	 
ACTION	Pricing	60	price	1395148561289	1395148561290	1395148568178	1395148568178	OK	 
ACTION	Pricing	64	price	1395148554848	1395148554849	1395148568195	1395148568195	OK	 
ACTION	Pricing	70	price	1395148555165	1395148555166	1395148568223	1395148568224	OK	 
ACTION	Pricing	18	price	1395148555061	1395148555061	1395148568225	1395148568225	OK	 
ACTION	Pricing	31	price	1395148555055	1395148555056	1395148568227	1395148568227	OK	 
ACTION	Pricing	23	price	1395148554853	1395148554854	1395148568225	1395148568231	OK	 
ACTION	Pricing	26	price	1395148561290	1395148561291	1395148568274	1395148568275	OK	 
ACTION	Pricing	79	price	1395148555057	1395148555058	1395148568343	1395148568343	OK	 
ACTION	Pricing	19	price	1395148564382	1395148564382	1395148568358	1395148568358	OK	 
ACTION	Pricing	14	price	1395148564215	1395148564216	1395148568448	1395148568449	OK	 
ACTION	Pricing	89	price	1395148555052	1395148555053	1395148568475	1395148568476	OK	 
ACTION	Pricing	48	price	1395148564101	1395148564102	1395148568514	1395148568515	OK	 
ACTION	Pricing	92	price	1395148561311	1395148561312	1395148568599	1395148568599	OK	 
ACTION	Pricing	47	price	1395148564087	1395148564088	1395148568607	1395148568607	OK	 
ACTION	Pricing	56	price	1395148563865	1395148563866	1395148568699	1395148568699	OK	 
ACTION	Pricing	91	price	1395148563811	1395148563812	1395148568752	1395148568752	OK	 
ACTION	Pricing	38	price	1395148563656	1395148563657	1395148568841	1395148568841	OK	 
ACTION	Pricing	85	price	1395148563284	1395148563285	1395148568899	1395148568900	OK	 
ACTION	Pricing	5	price	1395148562118	1395148562118	1395148568931	1395148568931	OK	 
ACTION	Pricing	10	price	1395148562113	1395148562115	1395148569058	1395148569058	OK	 
ACTION	Pricing	77	price	1395148563153	1395148563158	1395148569103	1395148569103	OK	 
ACTION	Pricing	17	price	1395148563099	1395148563100	1395148569170	1395148569170	OK	 
ACTION	Pricing	11	price	1395148562807	1395148562808	1395148569382	1395148569382	OK	 
ACTION	Pricing	91	price	1395148568754	1395148568755	1395148569470	1395148569471	OK	 
ACTION	Pricing	56	price	1395148568702	1395148568702	1395148569557	1395148569557	OK	 
ACTION	Pricing	43	price	1395148562977	1395148562978	1395148569597	1395148569597	OK	 
ACTION	Pricing	40	price	1395148562984	1395148562985	1395148569645	1395148569645	OK	 
ACTION	Pricing	21	price	1395148562983	1395148562984	1395148569677	1395148569678	OK	 
ACTION	Pricing	47	price	1395148568609	1395148568610	1395148569803	1395148569804	OK	 
ACTION	Pricing	59	price	1395148563043	1395148563044	1395148569879	1395148569879	OK	 
ACTION	Pricing	48	price	1395148568517	1395148568518	1395148569982	1395148569982	OK	 
ACTION	Pricing	89	price	1395148568478	1395148568479	1395148570095	1395148570095	OK	 
ACTION	Pricing	14	price	1395148568451	1395148568452	1395148570202	1395148570202	OK	 
ACTION	Pricing	42	price	1395148563212	1395148563213	1395148570241	1395148570241	OK	 
ACTION	Pricing	79	price	1395148568345	1395148568346	1395148570348	1395148570348	OK	 
ACTION	Pricing	26	price	1395148568277	1395148568277	1395148570450	1395148570450	OK	 
ACTION	Pricing	23	price	1395148568233	1395148568234	1395148570494	1395148570494	OK	 
ACTION	Pricing	18	price	1395148568229	1395148568231	1395148570576	1395148570576	OK	 
ACTION	Pricing	64	price	1395148568198	1395148568198	1395148570642	1395148570642	OK	 
ACTION	Pricing	94	price	1395148563773	1395148563774	1395148570718	1395148570719	OK	 
ACTION	Pricing	66	price	1395148567862	1395148567862	1395148570858	1395148570858	OK	 
ACTION	Pricing	65	price	1395148567754	1395148567755	1395148570917	1395148570918	OK	 
ACTION	Pricing	84	price	1395148567690	1395148567691	1395148571008	1395148571009	OK	 
ACTION	Pricing	9	price	1395148567669	1395148567669	1395148571061	1395148571062	OK	 
ACTION	Pricing	63	price	1395148567665	1395148567667	1395148571150	1395148571151	OK	 
ACTION	Pricing	75	price	1395148567487	1395148567488	1395148571346	1395148571347	OK	 
ACTION	Pricing	76	price	1395148564510	1395148564511	1395148571376	1395148571377	OK	 
ACTION	Pricing	86	price	1395148567415	1395148567415	1395148571429	1395148571429	OK	 
ACTION	Pricing	71	price	1395148567335	1395148567336	1395148571454	1395148571455	OK	 
ACTION	Pricing	83	price	1395148560221	1395148560222	1395148571486	1395148571487	OK	 
ACTION	Pricing	52	price	1395148561285	1395148561286	1395148571553	1395148571553	OK	 
ACTION	Pricing	33	price	1395148567030	1395148567030	1395148571626	1395148571627	OK	 
ACTION	Pricing	55	price	1395148560366	1395148560367	1395148571709	1395148571709	OK	 
ACTION	Pricing	29	price	1395148560364	1395148560364	1395148571733	1395148571734	OK	 
ACTION	Pricing	8	price	1395148566914	1395148566914	1395148571809	1395148571809	OK	 
ACTION	Pricing	49	price	1395148566908	1395148566910	1395148571890	1395148571890	OK	 
ACTION	Pricing	13	price	1395148566888	1395148566889	1395148571989	1395148571989	OK	 
ACTION	Pricing	12	price	1395148566700	1395148566701	1395148572073	1395148572074	OK	 
ACTION	Pricing	53	price	1395148566666	1395148566667	1395148572113	1395148572113	OK	 
ACTION	Pricing	95	price	1395148558358	1395148558359	1395148572153	1395148572153	OK	 
ACTION	Pricing	90	price	1395148558607	1395148558608	1395148572289	1395148572289	OK	 
ACTION	Pricing	72	price	1395148559173	1395148559173	1395148572425	1395148572425	OK	 
ACTION	Pricing	78	price	1395148565912	1395148565913	1395148572509	1395148572509	OK	 
ACTION	Pricing	67	price	1395148559174	1395148559175	1395148572557	1395148572557	OK	 
ACTION	Pricing	62	price	1395148560368	1395148560369	1395148572642	1395148572643	OK	 
ACTION	Pricing	45	price	1395148564904	1395148564905	1395148572682	1395148572683	OK	 
ACTION	Pricing	39	price	1395148555066	1395148555067	1395148572844	1395148572844	OK	 
ACTION	Pricing	4	price	1395148566564	1395148566565	1395148572865	1395148572865	OK	 
ACTION	Pricing	35	price	1395148559888	1395148559888	1395148572886	1395148572886	OK	 
ACTION	Pricing	68	price	1395148564977	1395148564978	1395148572936	1395148572936	OK	 
ACTION	Pricing	80	price	1395148566463	1395148566463	1395148573010	1395148573010	OK	 
ACTION	Pricing	61	price	1395148555070	1395148555071	1395148573113	1395148573113	OK	 
ACTION	Pricing	57	price	1395148555065	1395148555066	1395148573166	1395148573166	OK	 
ACTION	Pricing	49	price	1395148571892	1395148571893	1395148573201	1395148573201	OK	 
ACTION	Pricing	81	price	1395148565625	1395148565626	1395148573210	1395148573210	OK	 
ACTION	Pricing	21	price	1395148569680	1395148569680	1395148573241	1395148573241	OK	 
ACTION	Pricing	37	price	1395148566319	1395148566320	1395148573288	1395148573288	OK	 
ACTION	Pricing	74	price	1395148566255	1395148566255	1395148573386	1395148573387	OK	 
ACTION	Pricing	56	price	1395148569559	1395148569560	1395148573392	1395148573393	OK	 
ACTION	Pricing	93	price	1395148563739	1395148563740	1395148573477	1395148573477	OK	 
ACTION	Pricing	46	price	1395148566242	1395148566243	1395148573499	1395148573499	OK	 
ACTION	Pricing	53	price	1395148572114	1395148572115	1395148573594	1395148573595	OK	 
ACTION	Pricing	100	price	1395148566468	1395148566468	1395148573687	1395148573687	OK	 
ACTION	Pricing	41	price	1395148565556	1395148565557	1395148573772	1395148573772	OK	 
ACTION	Pricing	8	price	1395148571811	1395148571812	1395148573772	1395148573774	OK	 
ACTION	Pricing	2	price	1395148566515	1395148566515	1395148573842	1395148573842	OK	 
ACTION	Pricing	29	price	1395148571736	1395148571736	1395148573883	1395148573883	OK	 
ACTION	Pricing	28	price	1395148566625	1395148566626	1395148573973	1395148573974	OK	 
ACTION	Pricing	52	price	1395148571555	1395148571556	1395148574018	1395148574018	OK	 
ACTION	Pricing	83	price	1395148571489	1395148571489	1395148574080	1395148574081	OK	 
ACTION	Pricing	98	price	1395148560632	1395148560634	1395148574147	1395148574148	OK	 
ACTION	Pricing	34	price	1395148566764	1395148566765	1395148574199	1395148574199	OK	 
ACTION	Pricing	27	price	1395148566909	1395148566911	1395148574351	1395148574352	OK	 
ACTION	Pricing	99	price	1395148566937	1395148566938	1395148574424	1395148574424	OK	 
ACTION	Pricing	63	price	1395148571153	1395148571153	1395148574528	1395148574529	OK	 
ACTION	Pricing	84	price	1395148571010	1395148571011	1395148574627	1395148574627	OK	 
ACTION	Pricing	3	price	1395148567399	1395148567400	1395148574752	1395148574752	OK	 
ACTION	Pricing	51	price	1395148567413	1395148567414	1395148574828	1395148574829	OK	 
ACTION	Pricing	30	price	1395148567562	1395148567563	1395148574839	1395148574840	OK	 
ACTION	Pricing	16	price	1395148567564	1395148567566	1395148574952	1395148574952	OK	 
ACTION	Pricing	18	price	1395148570579	1395148570579	1395148574972	1395148574972	OK	 
ACTION	Pricing	82	price	1395148567611	1395148567611	1395148575119	1395148575119	OK	 
ACTION	Pricing	15	price	1395148567665	1395148567665	1395148575153	1395148575153	OK	 
ACTION	Pricing	26	price	1395148570452	1395148570453	1395148575336	1395148575336	OK	 
ACTION	Pricing	44	price	1395148567667	1395148567668	1395148575428	1395148575429	OK	 
ACTION	Pricing	79	price	1395148570350	1395148570351	1395148575445	1395148575445	OK	 
ACTION	Pricing	42	price	1395148570243	1395148570243	1395148575540	1395148575540	OK	 
ACTION	Pricing	69	price	1395148567749	1395148567751	1395148575674	1395148575674	OK	 
ACTION	Pricing	97	price	1395148567946	1395148567947	1395148575724	1395148575724	OK	 
ACTION	Pricing	88	price	1395148568085	1395148568085	1395148575839	1395148575840	OK	 
ACTION	Pricing	60	price	1395148568181	1395148568181	1395148575895	1395148575896	OK	 
ACTION	Pricing	36	price	1395148555090	1395148555090	1395148575919	1395148575919	OK	 
ACTION	Pricing	70	price	1395148568228	1395148568231	1395148575965	1395148575965	OK	 
ACTION	Pricing	59	price	1395148569881	1395148569882	1395148576045	1395148576045	OK	 
ACTION	Pricing	47	price	1395148569805	1395148569806	1395148576117	1395148576118	OK	 
ACTION	Pricing	43	price	1395148569599	1395148569600	1395148576191	1395148576192	OK	 
SCENARIO	Pricing	43	END	1395148576193
ACTION	Pricing	91	price	1395148569473	1395148569473	1395148576298	1395148576298	OK	 
SCENARIO	Pricing	91	END	1395148576299
ACTION	Pricing	11	price	1395148569384	1395148569385	1395148576378	1395148576379	OK	 
SCENARIO	Pricing	11	END	1395148576380
ACTION	Pricing	50	price	1395148563093	1395148563094	1395148576384	1395148576384	OK	 
SCENARIO	Pricing	50	END	1395148576385
ACTION	Pricing	92	price	1395148568601	1395148568602	1395148576467	1395148576467	OK	 
SCENARIO	Pricing	92	END	1395148576469
ACTION	Pricing	5	price	1395148568933	1395148568934	1395148576539	1395148576539	OK	 
SCENARIO	Pricing	5	END	1395148576540
ACTION	Pricing	38	price	1395148568843	1395148568844	1395148576614	1395148576614	OK	 
SCENARIO	Pricing	38	END	1395148576615
ACTION	Pricing	96	price	1395148562806	1395148562807	1395148576746	1395148576746	OK	 
SCENARIO	Pricing	96	END	1395148576747
ACTION	Pricing	70	price	1395148575967	1395148575967	1395148576826	1395148576827	OK	 
SCENARIO	Pricing	70	END	1395148576827
ACTION	Pricing	36	price	1395148575921	1395148575922	1395148576886	1395148576887	OK	 
SCENARIO	Pricing	36	END	1395148576888
ACTION	Pricing	85	price	1395148568902	1395148568902	1395148576971	1395148576971	OK	 
SCENARIO	Pricing	85	END	1395148576972
ACTION	Pricing	77	price	1395148569105	1395148569105	1395148577135	1395148577136	OK	 
SCENARIO	Pricing	77	END	1395148577137
ACTION	Pricing	17	price	1395148569172	1395148569173	1395148577211	1395148577211	OK	 
SCENARIO	Pricing	17	END	1395148577212
ACTION	Pricing	97	price	1395148575726	1395148575726	1395148577304	1395148577305	OK	 
SCENARIO	Pricing	97	END	1395148577306
ACTION	Pricing	19	price	1395148568360	1395148568361	1395148577357	1395148577357	OK	 
SCENARIO	Pricing	19	END	1395148577358
ACTION	Pricing	79	price	1395148575447	1395148575448	1395148577439	1395148577440	OK	 
SCENARIO	Pricing	79	END	1395148577441
ACTION	Pricing	44	price	1395148575431	1395148575431	1395148577576	1395148577576	OK	 
SCENARIO	Pricing	44	END	1395148577577
ACTION	Pricing	31	price	1395148568231	1395148568231	1395148577591	1395148577591	OK	 
SCENARIO	Pricing	31	END	1395148577592
ACTION	Pricing	26	price	1395148575338	1395148575338	1395148577727	1395148577727	OK	 
SCENARIO	Pricing	26	END	1395148577728
ACTION	Pricing	15	price	1395148575155	1395148575155	1395148577783	1395148577783	OK	 
SCENARIO	Pricing	15	END	1395148577784
ACTION	Pricing	82	price	1395148575122	1395148575122	1395148577854	1395148577854	OK	 
SCENARIO	Pricing	82	END	1395148577855
ACTION	Pricing	48	price	1395148569985	1395148569986	1395148577943	1395148577943	OK	 
SCENARIO	Pricing	48	END	1395148577945
ACTION	Pricing	73	price	1395148568047	1395148568047	1395148578014	1395148578015	OK	 
SCENARIO	Pricing	73	END	1395148578016
ACTION	Pricing	14	price	1395148570204	1395148570204	1395148578127	1395148578127	OK	 
SCENARIO	Pricing	14	END	1395148578129
ACTION	Pricing	18	price	1395148574974	1395148574978	1395148578185	1395148578185	OK	 
SCENARIO	Pricing	18	END	1395148578186
ACTION	Pricing	16	price	1395148574954	1395148574955	1395148578258	1395148578258	OK	 
SCENARIO	Pricing	16	END	1395148578259
ACTION	Pricing	87	price	1395148567748	1395148567749	1395148578313	1395148578314	OK	 
SCENARIO	Pricing	87	END	1395148578314
ACTION	Pricing	30	price	1395148574841	1395148574842	1395148578415	1395148578415	OK	 
SCENARIO	Pricing	30	END	1395148578416
ACTION	Pricing	20	price	1395148555128	1395148555129	1395148578612	1395148578612	OK	 
SCENARIO	Pricing	20	END	1395148578613
ACTION	Pricing	3	price	1395148574754	1395148574754	1395148578673	1395148578673	OK	 
SCENARIO	Pricing	3	END	1395148578675
ACTION	Pricing	23	price	1395148570496	1395148570497	1395148578713	1395148578713	OK	 
SCENARIO	Pricing	23	END	1395148578714
ACTION	Pricing	84	price	1395148574629	1395148574630	1395148578773	1395148578773	OK	 
SCENARIO	Pricing	84	END	1395148578774
ACTION	Pricing	7	price	1395148567659	1395148567665	1395148578790	1395148578790	OK	 
SCENARIO	Pricing	7	END	1395148578791
ACTION	Pricing	63	price	1395148574530	1395148574531	1395148578996	1395148578997	OK	 
SCENARIO	Pricing	63	END	1395148578998
ACTION	Pricing	99	price	1395148574426	1395148574427	1395148579058	1395148579059	OK	 
SCENARIO	Pricing	99	END	1395148579060
ACTION	Pricing	27	price	1395148574353	1395148574354	1395148579134	1395148579134	OK	 
SCENARIO	Pricing	27	END	1395148579135
ACTION	Pricing	94	price	1395148570720	1395148570721	1395148579187	1395148579187	OK	 
SCENARIO	Pricing	94	END	1395148579188
ACTION	Pricing	34	price	1395148574201	1395148574202	1395148579250	1395148579251	OK	 
SCENARIO	Pricing	34	END	1395148579251
ACTION	Pricing	66	price	1395148570860	1395148570861	1395148579312	1395148579312	OK	 
SCENARIO	Pricing	66	END	1395148579315
ACTION	Pricing	22	price	1395148567249	1395148567249	1395148579365	1395148579365	OK	 
SCENARIO	Pricing	22	END	1395148579366
ACTION	Pricing	40	price	1395148569647	1395148569648	1395148579381	1395148579382	OK	 
SCENARIO	Pricing	40	END	1395148579383
ACTION	Pricing	54	price	1395148567526	1395148567526	1395148579602	1395148579602	OK	 
SCENARIO	Pricing	54	END	1395148579604
ACTION	Pricing	98	price	1395148574149	1395148574150	1395148579602	1395148579604	OK	 
SCENARIO	Pricing	98	END	1395148579605
ACTION	Pricing	64	price	1395148570645	1395148570645	1395148579622	1395148579622	OK	 
SCENARIO	Pricing	64	END	1395148579623
ACTION	Pricing	51	price	1395148574830	1395148574831	1395148579821	1395148579822	OK	 
ACTION	Pricing	89	price	1395148570097	1395148570098	1395148579822	1395148579822	OK	 
SCENARIO	Pricing	89	END	1395148579823
SCENARIO	Pricing	51	END	1395148579824
ACTION	Pricing	42	price	1395148575542	1395148575543	1395148580029	1395148580029	OK	 
SCENARIO	Pricing	42	END	1395148580030
ACTION	Pricing	88	price	1395148575842	1395148575842	1395148580053	1395148580053	OK	 
SCENARIO	Pricing	88	END	1395148580054
ACTION	Pricing	60	price	1395148575898	1395148575898	1395148580106	1395148580107	OK	 
SCENARIO	Pricing	60	END	1395148580108
ACTION	Pricing	59	price	1395148576047	1395148576047	1395148580237	1395148580238	OK	 
SCENARIO	Pricing	59	END	1395148580238
ACTION	Pricing	10	price	1395148569061	1395148569061	1395148580356	1395148580356	OK	 
SCENARIO	Pricing	10	END	1395148580357
ACTION	Pricing	76	price	1395148571379	1395148571379	1395148580419	1395148580419	OK	 
SCENARIO	Pricing	76	END	1395148580420
ACTION	Pricing	29	price	1395148573885	1395148573885	1395148580434	1395148580434	OK	 
SCENARIO	Pricing	29	END	1395148580435
ACTION	Pricing	2	price	1395148573843	1395148573844	1395148580477	1395148580477	OK	 
SCENARIO	Pricing	2	END	1395148580480
ACTION	Pricing	8	price	1395148573776	1395148573777	1395148580590	1395148580590	OK	 
SCENARIO	Pricing	8	END	1395148580591
ACTION	Pricing	41	price	1395148573773	1395148573774	1395148580608	1395148580608	OK	 
SCENARIO	Pricing	41	END	1395148580609
ACTION	Pricing	28	price	1395148573975	1395148573977	1395148580669	1395148580669	OK	 
SCENARIO	Pricing	28	END	1395148580670
ACTION	Pricing	69	price	1395148575676	1395148575677	1395148580716	1395148580717	OK	 
SCENARIO	Pricing	69	END	1395148580718
ACTION	Pricing	86	price	1395148571431	1395148571432	1395148580757	1395148580757	OK	 
SCENARIO	Pricing	86	END	1395148580758
ACTION	Pricing	75	price	1395148571349	1395148571350	1395148580777	1395148580778	OK	 
SCENARIO	Pricing	75	END	1395148580778
ACTION	Pricing	100	price	1395148573689	1395148573690	1395148580899	1395148580899	OK	 
SCENARIO	Pricing	100	END	1395148580901
ACTION	Pricing	71	price	1395148571456	1395148571457	1395148580925	1395148580925	OK	 
SCENARIO	Pricing	71	END	1395148580926
ACTION	Pricing	46	price	1395148573501	1395148573501	1395148581030	1395148581031	OK	 
SCENARIO	Pricing	46	END	1395148581032
ACTION	Pricing	25	price	1395148566764	1395148566766	1395148581098	1395148581098	OK	 
SCENARIO	Pricing	25	END	1395148581099
ACTION	Pricing	93	price	1395148573479	1395148573480	1395148581129	1395148581129	OK	 
SCENARIO	Pricing	93	END	1395148581130
ACTION	Pricing	56	price	1395148573395	1395148573395	1395148581218	1395148581219	OK	 
SCENARIO	Pricing	56	END	1395148581220
ACTION	Pricing	33	price	1395148571628	1395148571629	1395148581311	1395148581311	OK	 
SCENARIO	Pricing	33	END	1395148581312
ACTION	Pricing	55	price	1395148571711	1395148571711	1395148581368	1395148581368	OK	 
SCENARIO	Pricing	55	END	1395148581369
ACTION	Pricing	21	price	1395148573244	1395148573244	1395148581485	1395148581486	OK	 
SCENARIO	Pricing	21	END	1395148581487
ACTION	Pricing	49	price	1395148573203	1395148573204	1395148581641	1395148581642	OK	 
SCENARIO	Pricing	49	END	1395148581642
ACTION	Pricing	57	price	1395148573169	1395148573169	1395148581769	1395148581769	OK	 
SCENARIO	Pricing	57	END	1395148581770
ACTION	Pricing	12	price	1395148572075	1395148572076	1395148581803	1395148581803	OK	 
SCENARIO	Pricing	12	END	1395148581804
ACTION	Pricing	68	price	1395148572938	1395148572939	1395148581976	1395148581977	OK	 
SCENARIO	Pricing	68	END	1395148581978
ACTION	Pricing	35	price	1395148572888	1395148572888	1395148582053	1395148582053	OK	 
SCENARIO	Pricing	35	END	1395148582054
ACTION	Pricing	4	price	1395148572867	1395148572868	1395148582164	1395148582164	OK	 
SCENARIO	Pricing	4	END	1395148582165
ACTION	Pricing	39	price	1395148572846	1395148572847	1395148582177	1395148582177	OK	 
SCENARIO	Pricing	39	END	1395148582178
ACTION	Pricing	32	price	1395148562383	1395148562383	1395148582304	1395148582304	OK	 
SCENARIO	Pricing	32	END	1395148582305
ACTION	Pricing	62	price	1395148572644	1395148572645	1395148582409	1395148582409	OK	 
SCENARIO	Pricing	62	END	1395148582410
ACTION	Pricing	72	price	1395148572427	1395148572428	1395148582574	1395148582574	OK	 
SCENARIO	Pricing	72	END	1395148582575
ACTION	Pricing	78	price	1395148572511	1395148572512	1395148582580	1395148582580	OK	 
SCENARIO	Pricing	78	END	1395148582581
ACTION	Pricing	65	price	1395148570919	1395148570920	1395148582646	1395148582646	OK	 
SCENARIO	Pricing	65	END	1395148582647
ACTION	Pricing	9	price	1395148571063	1395148571064	1395148582670	1395148582670	OK	 
SCENARIO	Pricing	9	END	1395148582670
ACTION	Pricing	90	price	1395148572291	1395148572291	1395148582679	1395148582679	OK	 
SCENARIO	Pricing	90	END	1395148582680
ACTION	Pricing	6	price	1395148567147	1395148567148	1395148582762	1395148582763	OK	 
SCENARIO	Pricing	6	END	1395148582764
ACTION	Pricing	83	price	1395148574082	1395148574083	1395148582818	1395148582818	OK	 
SCENARIO	Pricing	83	END	1395148582819
ACTION	Pricing	67	price	1395148572559	1395148572560	1395148582832	1395148582832	OK	 
SCENARIO	Pricing	67	END	1395148582833
ACTION	Pricing	52	price	1395148574020	1395148574021	1395148582851	1395148582851	OK	 
SCENARIO	Pricing	52	END	1395148582852
ACTION	Pricing	58	price	1395148563336	1395148563337	1395148582895	1395148582895	OK	 
SCENARIO	Pricing	58	END	1395148582896
ACTION	Pricing	24	price	1395148561310	1395148561311	1395148582918	1395148582919	OK	 
SCENARIO	Pricing	24	END	1395148582919
ACTION	Pricing	95	price	1395148572155	1395148572156	1395148583008	1395148583009	OK	 
SCENARIO	Pricing	95	END	1395148583009
ACTION	Pricing	1	price	1395148561296	1395148561297	1395148583032	1395148583032	OK	 
SCENARIO	Pricing	1	END	1395148583033
ACTION	Pricing	61	price	1395148573115	1395148573116	1395148583054	1395148583055	OK	 
SCENARIO	Pricing	61	END	1395148583055
ACTION	Pricing	80	price	1395148573012	1395148573013	1395148583056	1395148583057	OK	 
SCENARIO	Pricing	80	END	1395148583058
ACTION	Pricing	13	price	1395148571991	1395148571992	1395148583078	1395148583078	OK	 
SCENARIO	Pricing	13	END	1395148583079
ACTION	Pricing	74	price	1395148573389	1395148573389	1395148583080	1395148583080	OK	 
SCENARIO	Pricing	74	END	1395148583081
ACTION	Pricing	81	price	1395148573212	1395148573213	1395148583085	1395148583086	OK	 
SCENARIO	Pricing	81	END	1395148583087
ACTION	Pricing	45	price	1395148572684	1395148572685	1395148583107	1395148583107	OK	 
SCENARIO	Pricing	45	END	1395148583108
ACTION	Pricing	37	price	1395148573290	1395148573290	1395148583113	1395148583113	OK	 
SCENARIO	Pricing	37	END	1395148583113
ACTION	Pricing	53	price	1395148573597	1395148573597	1395148583119	1395148583120	OK	 
SCENARIO	Pricing	53	END	1395148583121
ACTION	Pricing	47	price	1395148576120	1395148576121	1395148583121	1395148583121	OK	 
SCENARIO	Pricing	47	END	1395148583121
