RUN	20140318094408	pricingsimulation	pricingsimulation
SCENARIO	Pricing	13	START	1395135850713
SCENARIO	Pricing	16	START	1395135850723
SCENARIO	Pricing	4	START	1395135850723
SCENARIO	Pricing	21	START	1395135850723
SCENARIO	Pricing	3	START	1395135850723
SCENARIO	Pricing	15	START	1395135850723
SCENARIO	Pricing	10	START	1395135850724
SCENARIO	Pricing	19	START	1395135850724
SCENARIO	Pricing	39	START	1395135850733
SCENARIO	Pricing	35	START	1395135850733
SCENARIO	Pricing	25	START	1395135850733
SCENARIO	Pricing	7	START	1395135850733
SCENARIO	Pricing	46	START	1395135850733
SCENARIO	Pricing	17	START	1395135850733
SCENARIO	Pricing	29	START	1395135850733
SCENARIO	Pricing	33	START	1395135850733
SCENARIO	Pricing	44	START	1395135850733
SCENARIO	Pricing	42	START	1395135850733
SCENARIO	Pricing	11	START	1395135850733
SCENARIO	Pricing	36	START	1395135850733
SCENARIO	Pricing	27	START	1395135850733
SCENARIO	Pricing	18	START	1395135850733
SCENARIO	Pricing	50	START	1395135850733
SCENARIO	Pricing	6	START	1395135850733
SCENARIO	Pricing	37	START	1395135850733
SCENARIO	Pricing	30	START	1395135850733
SCENARIO	Pricing	41	START	1395135850733
SCENARIO	Pricing	24	START	1395135850733
SCENARIO	Pricing	48	START	1395135850733
SCENARIO	Pricing	5	START	1395135850733
SCENARIO	Pricing	49	START	1395135850733
SCENARIO	Pricing	34	START	1395135850733
SCENARIO	Pricing	9	START	1395135850733
SCENARIO	Pricing	31	START	1395135850733
SCENARIO	Pricing	32	START	1395135850734
SCENARIO	Pricing	22	START	1395135850734
SCENARIO	Pricing	23	START	1395135850734
SCENARIO	Pricing	2	START	1395135850734
SCENARIO	Pricing	43	START	1395135850734
SCENARIO	Pricing	20	START	1395135850734
SCENARIO	Pricing	45	START	1395135850734
SCENARIO	Pricing	8	START	1395135850734
SCENARIO	Pricing	1	START	1395135850734
SCENARIO	Pricing	38	START	1395135850734
SCENARIO	Pricing	14	START	1395135850734
SCENARIO	Pricing	26	START	1395135850734
SCENARIO	Pricing	40	START	1395135850734
SCENARIO	Pricing	47	START	1395135850734
SCENARIO	Pricing	28	START	1395135850734
SCENARIO	Pricing	12	START	1395135850734
ACTION	Pricing	29	price	1395135850820	1395135850879	1395135853146	1395135853148	OK	 
ACTION	Pricing	24	price	1395135850852	1395135850887	1395135853137	1395135853153	OK	 
ACTION	Pricing	12	price	1395135850932	1395135850938	1395135853147	1395135853151	OK	 
ACTION	Pricing	21	price	1395135850801	1395135850834	1395135853153	1395135853153	OK	 
ACTION	Pricing	30	price	1395135850850	1395135850889	1395135853137	1395135853146	OK	 
ACTION	Pricing	45	price	1395135850910	1395135850916	1395135853148	1395135853151	OK	 
ACTION	Pricing	40	price	1395135850920	1395135850936	1395135853126	1395135853149	OK	 
ACTION	Pricing	8	price	1395135850911	1395135850922	1395135853152	1395135853152	OK	 
ACTION	Pricing	6	price	1395135850849	1395135850886	1395135853173	1395135853173	OK	 
ACTION	Pricing	2	price	1395135850907	1395135850914	1395135853170	1395135853170	OK	 
ACTION	Pricing	10	price	1395135850805	1395135850870	1395135853162	1395135853189	OK	 
ACTION	Pricing	17	price	1395135850819	1395135850880	1395135853171	1395135853171	OK	 
ACTION	Pricing	22	price	1395135850902	1395135850906	1395135853127	1395135853174	OK	 
ACTION	Pricing	18	price	1395135850847	1395135850889	1395135853171	1395135853172	OK	 
ACTION	Pricing	26	price	1395135850919	1395135850925	1395135853172	1395135853178	OK	 
ACTION	Pricing	3	price	1395135850802	1395135850877	1395135853173	1395135853174	OK	 
ACTION	Pricing	15	price	1395135850805	1395135850873	1395135853179	1395135853180	OK	 
ACTION	Pricing	47	price	1395135850921	1395135850936	1395135853174	1395135853174	OK	 
ACTION	Pricing	13	price	1395135850796	1395135850833	1395135853174	1395135853175	OK	 
ACTION	Pricing	7	price	1395135850817	1395135850873	1395135853175	1395135853175	OK	 
ACTION	Pricing	31	price	1395135850896	1395135850899	1395135853180	1395135853181	OK	 
ACTION	Pricing	39	price	1395135850807	1395135850867	1395135853175	1395135853175	OK	 
ACTION	Pricing	19	price	1395135850805	1395135850871	1395135853176	1395135853176	OK	 
ACTION	Pricing	50	price	1395135850848	1395135850887	1395135853190	1395135853190	OK	 
ACTION	Pricing	33	price	1395135850834	1395135850878	1395135853176	1395135853176	OK	 
ACTION	Pricing	23	price	1395135850907	1395135850907	1395135853176	1395135853176	OK	 
ACTION	Pricing	36	price	1395135850845	1395135850884	1395135853185	1395135853185	OK	 
ACTION	Pricing	14	price	1395135850918	1395135850924	1395135853186	1395135853187	OK	 
ACTION	Pricing	27	price	1395135850847	1395135850886	1395135853187	1395135853187	OK	 
ACTION	Pricing	11	price	1395135850843	1395135850887	1395135853191	1395135853191	OK	 
ACTION	Pricing	42	price	1395135850840	1395135850889	1395135853126	1395135853182	OK	 
ACTION	Pricing	20	price	1395135850909	1395135850915	1395135853186	1395135853186	OK	 
ACTION	Pricing	28	price	1395135850931	1395135850937	1395135853188	1395135853188	OK	 
ACTION	Pricing	35	price	1395135850808	1395135850833	1395135853182	1395135853183	OK	 
ACTION	Pricing	49	price	1395135850877	1395135850888	1395135853192	1395135853192	OK	 
ACTION	Pricing	4	price	1395135850800	1395135850834	1395135853195	1395135853196	OK	 
ACTION	Pricing	46	price	1395135850818	1395135850883	1395135853126	1395135853197	OK	 
ACTION	Pricing	44	price	1395135850836	1395135850886	1395135853197	1395135853197	OK	 
ACTION	Pricing	9	price	1395135850883	1395135850899	1395135853198	1395135853201	OK	 
ACTION	Pricing	38	price	1395135850916	1395135850923	1395135853186	1395135853186	OK	 
ACTION	Pricing	37	price	1395135850850	1395135850886	1395135853201	1395135853201	OK	 
ACTION	Pricing	48	price	1395135850868	1395135850886	1395135853202	1395135853202	OK	 
ACTION	Pricing	1	price	1395135850912	1395135850922	1395135853196	1395135853196	OK	 
ACTION	Pricing	32	price	1395135850899	1395135850902	1395135853191	1395135853191	OK	 
ACTION	Pricing	25	price	1395135850810	1395135850873	1395135853197	1395135853197	OK	 
ACTION	Pricing	16	price	1395135850798	1395135850870	1395135853153	1395135853158	OK	 
ACTION	Pricing	41	price	1395135850851	1395135850887	1395135853221	1395135853221	OK	 
ACTION	Pricing	34	price	1395135850880	1395135850888	1395135853167	1395135853168	OK	 
ACTION	Pricing	5	price	1395135850875	1395135850889	1395135853181	1395135853182	OK	 
ACTION	Pricing	43	price	1395135850908	1395135850915	1395135853141	1395135853196	OK	 
ACTION	Pricing	45	price	1395135853313	1395135853317	1395135853466	1395135853518	OK	 
ACTION	Pricing	40	price	1395135853311	1395135853312	1395135853518	1395135853518	OK	 
ACTION	Pricing	30	price	1395135853326	1395135853328	1395135853520	1395135853520	OK	 
ACTION	Pricing	26	price	1395135853348	1395135853353	1395135853848	1395135853848	OK	 
ACTION	Pricing	2	price	1395135853332	1395135853333	1395135853888	1395135853889	OK	 
ACTION	Pricing	15	price	1395135853354	1395135853355	1395135853891	1395135853891	OK	 
ACTION	Pricing	13	price	1395135853358	1395135853359	1395135853913	1395135853913	OK	 
ACTION	Pricing	19	price	1395135853366	1395135853367	1395135853915	1395135853917	OK	 
ACTION	Pricing	21	price	1395135853338	1395135853339	1395135853913	1395135853913	OK	 
ACTION	Pricing	6	price	1395135853330	1395135853332	1395135853941	1395135853942	OK	 
ACTION	Pricing	33	price	1395135853369	1395135853370	1395135853942	1395135853943	OK	 
ACTION	Pricing	11	price	1395135853375	1395135853375	1395135853947	1395135853948	OK	 
ACTION	Pricing	7	price	1395135853361	1395135853361	1395135854511	1395135854511	OK	 
ACTION	Pricing	31	price	1395135853362	1395135853363	1395135854511	1395135854512	OK	 
ACTION	Pricing	39	price	1395135853364	1395135853365	1395135854513	1395135854513	OK	 
ACTION	Pricing	17	price	1395135853376	1395135853376	1395135854513	1395135854515	OK	 
ACTION	Pricing	6	price	1395135853947	1395135853948	1395135854517	1395135854517	OK	 
ACTION	Pricing	40	price	1395135853520	1395135853522	1395135854554	1395135854555	OK	 
ACTION	Pricing	48	price	1395135853392	1395135853392	1395135854600	1395135854601	OK	 
ACTION	Pricing	6	price	1395135854520	1395135854521	1395135854657	1395135854657	OK	 
ACTION	Pricing	40	price	1395135854556	1395135854557	1395135854688	1395135854688	OK	 
ACTION	Pricing	25	price	1395135853395	1395135853396	1395135854712	1395135854713	OK	 
ACTION	Pricing	28	price	1395135853382	1395135853382	1395135854767	1395135854767	OK	 
ACTION	Pricing	4	price	1395135853385	1395135853385	1395135854799	1395135854809	OK	 
ACTION	Pricing	12	price	1395135853340	1395135853341	1395135854866	1395135854867	OK	 
ACTION	Pricing	3	price	1395135853346	1395135853347	1395135854889	1395135854889	OK	 
ACTION	Pricing	10	price	1395135853335	1395135853336	1395135854970	1395135854970	OK	 
ACTION	Pricing	18	price	1395135853344	1395135853346	1395135854970	1395135854971	OK	 
ACTION	Pricing	22	price	1395135853342	1395135853343	1395135854973	1395135854973	OK	 
ACTION	Pricing	20	price	1395135853379	1395135853380	1395135854983	1395135854983	OK	 
ACTION	Pricing	5	price	1395135853401	1395135853402	1395135855019	1395135855019	OK	 
ACTION	Pricing	16	price	1395135853397	1395135853398	1395135855049	1395135855050	OK	 
ACTION	Pricing	32	price	1395135853394	1395135853394	1395135855051	1395135855053	OK	 
ACTION	Pricing	1	price	1395135853393	1395135853393	1395135855065	1395135855070	OK	 
ACTION	Pricing	42	price	1395135853378	1395135853379	1395135855093	1395135855094	OK	 
ACTION	Pricing	24	price	1395135853377	1395135853377	1395135855093	1395135855094	OK	 
ACTION	Pricing	9	price	1395135853388	1395135853389	1395135855147	1395135855149	OK	 
ACTION	Pricing	44	price	1395135853387	1395135853388	1395135855155	1395135855156	OK	 
ACTION	Pricing	46	price	1395135853386	1395135853387	1395135855191	1395135855192	OK	 
ACTION	Pricing	30	price	1395135853523	1395135853523	1395135855270	1395135855270	OK	 
ACTION	Pricing	45	price	1395135853520	1395135853521	1395135855347	1395135855347	OK	 
ACTION	Pricing	15	price	1395135853893	1395135853893	1395135855367	1395135855367	OK	 
ACTION	Pricing	26	price	1395135853850	1395135853851	1395135855389	1395135855389	OK	 
ACTION	Pricing	21	price	1395135853921	1395135853922	1395135855408	1395135855408	OK	 
ACTION	Pricing	8	price	1395135853329	1395135853331	1395135855419	1395135855419	OK	 
ACTION	Pricing	23	price	1395135853370	1395135853371	1395135855431	1395135855436	OK	 
ACTION	Pricing	14	price	1395135853373	1395135853373	1395135855437	1395135855438	OK	 
ACTION	Pricing	19	price	1395135853919	1395135853919	1395135855449	1395135855449	OK	 
ACTION	Pricing	33	price	1395135853945	1395135853946	1395135855470	1395135855470	OK	 
ACTION	Pricing	36	price	1395135853371	1395135853372	1395135855477	1395135855477	OK	 
ACTION	Pricing	11	price	1395135853950	1395135853950	1395135855503	1395135855503	OK	 
ACTION	Pricing	33	price	1395135855472	1395135855473	1395135855544	1395135855545	OK	 
ACTION	Pricing	19	price	1395135855451	1395135855451	1395135855577	1395135855577	OK	 
ACTION	Pricing	8	price	1395135855421	1395135855422	1395135855625	1395135855626	OK	 
ACTION	Pricing	26	price	1395135855392	1395135855392	1395135855656	1395135855657	OK	 
ACTION	Pricing	50	price	1395135853368	1395135853368	1395135855691	1395135855691	OK	 
ACTION	Pricing	15	price	1395135855368	1395135855369	1395135855711	1395135855711	OK	 
ACTION	Pricing	26	price	1395135855659	1395135855659	1395135855739	1395135855740	OK	 
ACTION	Pricing	2	price	1395135853891	1395135853891	1395135855760	1395135855760	OK	 
ACTION	Pricing	30	price	1395135855272	1395135855273	1395135855776	1395135855776	OK	 
ACTION	Pricing	9	price	1395135855150	1395135855151	1395135855818	1395135855819	OK	 
ACTION	Pricing	40	price	1395135854690	1395135854691	1395135855949	1395135855950	OK	 
ACTION	Pricing	6	price	1395135854659	1395135854659	1395135855977	1395135855977	OK	 
ACTION	Pricing	31	price	1395135854516	1395135854517	1395135855976	1395135855977	OK	 
ACTION	Pricing	7	price	1395135854514	1395135854516	1395135855992	1395135855993	OK	 
ACTION	Pricing	37	price	1395135853391	1395135853391	1395135855994	1395135855995	OK	 
ACTION	Pricing	29	price	1395135853380	1395135853381	1395135855996	1395135855996	OK	 
ACTION	Pricing	41	price	1395135853400	1395135853400	1395135855997	1395135855997	OK	 
ACTION	Pricing	47	price	1395135853357	1395135853358	1395135855998	1395135855998	OK	 
ACTION	Pricing	35	price	1395135853383	1395135853383	1395135856000	1395135856000	OK	 
ACTION	Pricing	43	price	1395135853402	1395135853403	1395135856001	1395135856001	OK	 
ACTION	Pricing	38	price	1395135853390	1395135853390	1395135856001	1395135856002	OK	 
ACTION	Pricing	34	price	1395135853400	1395135853400	1395135856003	1395135856003	OK	 
ACTION	Pricing	40	price	1395135855951	1395135855952	1395135856039	1395135856039	OK	 
ACTION	Pricing	7	price	1395135855995	1395135855997	1395135856069	1395135856070	OK	 
ACTION	Pricing	47	price	1395135856008	1395135856008	1395135856101	1395135856102	OK	 
ACTION	Pricing	29	price	1395135856005	1395135856006	1395135856130	1395135856130	OK	 
ACTION	Pricing	37	price	1395135855999	1395135856000	1395135856167	1395135856167	OK	 
ACTION	Pricing	6	price	1395135855980	1395135855980	1395135856212	1395135856213	OK	 
ACTION	Pricing	46	price	1395135855194	1395135855194	1395135856235	1395135856235	OK	 
ACTION	Pricing	18	price	1395135854975	1395135854976	1395135856268	1395135856268	OK	 
ACTION	Pricing	24	price	1395135855097	1395135855098	1395135856271	1395135856271	OK	 
ACTION	Pricing	3	price	1395135854891	1395135854891	1395135856326	1395135856326	OK	 
ACTION	Pricing	18	price	1395135856269	1395135856270	1395135856359	1395135856360	OK	 
ACTION	Pricing	39	price	1395135854517	1395135854518	1395135856403	1395135856403	OK	 
ACTION	Pricing	28	price	1395135854769	1395135854769	1395135856436	1395135856437	OK	 
ACTION	Pricing	4	price	1395135854811	1395135854812	1395135856494	1395135856494	OK	 
ACTION	Pricing	5	price	1395135855021	1395135855022	1395135856515	1395135856516	OK	 
ACTION	Pricing	30	price	1395135855778	1395135855778	1395135856557	1395135856558	OK	 
ACTION	Pricing	16	price	1395135855055	1395135855055	1395135856583	1395135856583	OK	 
ACTION	Pricing	10	price	1395135854973	1395135854974	1395135856624	1395135856624	OK	 
ACTION	Pricing	2	price	1395135855762	1395135855763	1395135856626	1395135856627	OK	 
ACTION	Pricing	44	price	1395135855158	1395135855159	1395135856663	1395135856663	OK	 
ACTION	Pricing	26	price	1395135855741	1395135855742	1395135856687	1395135856687	OK	 
ACTION	Pricing	15	price	1395135855713	1395135855714	1395135856728	1395135856728	OK	 
ACTION	Pricing	50	price	1395135855693	1395135855694	1395135856757	1395135856757	OK	 
ACTION	Pricing	8	price	1395135855628	1395135855628	1395135856807	1395135856808	OK	 
ACTION	Pricing	13	price	1395135853915	1395135853917	1395135856829	1395135856829	OK	 
ACTION	Pricing	21	price	1395135855410	1395135855410	1395135856843	1395135856844	OK	 
ACTION	Pricing	27	price	1395135853374	1395135853374	1395135856846	1395135856847	OK	 
ACTION	Pricing	19	price	1395135855579	1395135855580	1395135856911	1395135856911	OK	 
ACTION	Pricing	23	price	1395135855438	1395135855439	1395135856941	1395135856941	OK	 
ACTION	Pricing	14	price	1395135855440	1395135855440	1395135856972	1395135856972	OK	 
ACTION	Pricing	11	price	1395135855505	1395135855505	1395135857004	1395135857005	OK	 
ACTION	Pricing	36	price	1395135855479	1395135855480	1395135857068	1395135857068	OK	 
ACTION	Pricing	23	price	1395135856943	1395135856944	1395135857082	1395135857083	OK	 
ACTION	Pricing	19	price	1395135856912	1395135856913	1395135857130	1395135857131	OK	 
ACTION	Pricing	33	price	1395135855546	1395135855547	1395135857140	1395135857141	OK	 
ACTION	Pricing	13	price	1395135856831	1395135856831	1395135857152	1395135857152	OK	 
ACTION	Pricing	8	price	1395135856809	1395135856810	1395135857206	1395135857206	OK	 
ACTION	Pricing	50	price	1395135856759	1395135856760	1395135857216	1395135857216	OK	 
ACTION	Pricing	45	price	1395135855349	1395135855349	1395135857222	1395135857223	OK	 
ACTION	Pricing	15	price	1395135856730	1395135856730	1395135857268	1395135857268	OK	 
ACTION	Pricing	26	price	1395135856689	1395135856689	1395135857317	1395135857317	OK	 
ACTION	Pricing	44	price	1395135856665	1395135856666	1395135857353	1395135857353	OK	 
ACTION	Pricing	2	price	1395135856628	1395135856629	1395135857367	1395135857367	OK	 
ACTION	Pricing	30	price	1395135856559	1395135856560	1395135857427	1395135857427	OK	 
ACTION	Pricing	16	price	1395135856585	1395135856586	1395135857444	1395135857445	OK	 
ACTION	Pricing	5	price	1395135856517	1395135856518	1395135857482	1395135857482	OK	 
ACTION	Pricing	28	price	1395135856439	1395135856439	1395135857493	1395135857493	OK	 
ACTION	Pricing	9	price	1395135855820	1395135855821	1395135857503	1395135857503	OK	 
ACTION	Pricing	39	price	1395135856404	1395135856405	1395135857539	1395135857539	OK	 
ACTION	Pricing	49	price	1395135853384	1395135853384	1395135857575	1395135857576	OK	 
ACTION	Pricing	25	price	1395135854715	1395135854716	1395135857586	1395135857586	OK	 
ACTION	Pricing	48	price	1395135854603	1395135854603	1395135857586	1395135857586	OK	 
ACTION	Pricing	17	price	1395135854519	1395135854519	1395135857620	1395135857621	OK	 
ACTION	Pricing	20	price	1395135854985	1395135854985	1395135857691	1395135857692	OK	 
ACTION	Pricing	47	price	1395135856103	1395135856104	1395135857788	1395135857788	OK	 
ACTION	Pricing	7	price	1395135856071	1395135856072	1395135857826	1395135857826	OK	 
ACTION	Pricing	41	price	1395135856006	1395135856007	1395135857863	1395135857863	OK	 
ACTION	Pricing	40	price	1395135856042	1395135856042	1395135857884	1395135857884	OK	 
ACTION	Pricing	35	price	1395135856011	1395135856012	1395135857943	1395135857944	OK	 
ACTION	Pricing	40	price	1395135857885	1395135857886	1395135857983	1395135857984	OK	 
ACTION	Pricing	43	price	1395135856009	1395135856010	1395135858022	1395135858022	OK	 
ACTION	Pricing	34	price	1395135856012	1395135856013	1395135858048	1395135858048	OK	 
ACTION	Pricing	7	price	1395135857828	1395135857828	1395135858054	1395135858054	OK	 
ACTION	Pricing	47	price	1395135857790	1395135857791	1395135858075	1395135858076	OK	 
ACTION	Pricing	22	price	1395135854977	1395135854977	1395135858094	1395135858094	OK	 
ACTION	Pricing	1	price	1395135855071	1395135855072	1395135858101	1395135858101	OK	 
ACTION	Pricing	31	price	1395135855979	1395135855979	1395135858142	1395135858142	OK	 
ACTION	Pricing	20	price	1395135857693	1395135857694	1395135858162	1395135858163	OK	 
ACTION	Pricing	32	price	1395135855055	1395135855056	1395135858201	1395135858202	OK	 
ACTION	Pricing	46	price	1395135856237	1395135856237	1395135858249	1395135858249	OK	 
ACTION	Pricing	32	price	1395135858203	1395135858206	1395135858284	1395135858285	OK	 
ACTION	Pricing	49	price	1395135857578	1395135857578	1395135858310	1395135858310	OK	 
ACTION	Pricing	3	price	1395135856328	1395135856329	1395135858349	1395135858349	OK	 
ACTION	Pricing	18	price	1395135856361	1395135856362	1395135858358	1395135858358	OK	 
ACTION	Pricing	28	price	1395135857495	1395135857496	1395135858401	1395135858401	OK	 
ACTION	Pricing	30	price	1395135857429	1395135857430	1395135858435	1395135858435	OK	 
ACTION	Pricing	2	price	1395135857369	1395135857369	1395135858498	1395135858498	OK	 
ACTION	Pricing	44	price	1395135857355	1395135857356	1395135858519	1395135858519	OK	 
ACTION	Pricing	10	price	1395135856627	1395135856627	1395135858542	1395135858543	OK	 
ACTION	Pricing	15	price	1395135857270	1395135857271	1395135858545	1395135858546	OK	 
ACTION	Pricing	12	price	1395135854869	1395135854869	1395135858587	1395135858587	OK	 
ACTION	Pricing	45	price	1395135857224	1395135857225	1395135858606	1395135858606	OK	 
ACTION	Pricing	8	price	1395135857208	1395135857208	1395135858633	1395135858633	OK	 
ACTION	Pricing	13	price	1395135857155	1395135857155	1395135858670	1395135858670	OK	 
ACTION	Pricing	19	price	1395135857132	1395135857133	1395135858692	1395135858692	OK	 
ACTION	Pricing	23	price	1395135857084	1395135857085	1395135858730	1395135858730	OK	 
ACTION	Pricing	36	price	1395135857070	1395135857070	1395135858761	1395135858762	OK	 
ACTION	Pricing	21	price	1395135856845	1395135856846	1395135858826	1395135858827	OK	 
ACTION	Pricing	27	price	1395135856848	1395135856849	1395135858834	1395135858834	OK	 
ACTION	Pricing	23	price	1395135858732	1395135858732	1395135858871	1395135858871	OK	 
ACTION	Pricing	19	price	1395135858694	1395135858695	1395135858907	1395135858907	OK	 
ACTION	Pricing	8	price	1395135858635	1395135858636	1395135858932	1395135858933	OK	 
ACTION	Pricing	45	price	1395135858607	1395135858608	1395135858982	1395135858982	OK	 
ACTION	Pricing	33	price	1395135857142	1395135857143	1395135859001	1395135859001	OK	 
ACTION	Pricing	12	price	1395135858589	1395135858589	1395135859028	1395135859029	OK	 
ACTION	Pricing	15	price	1395135858547	1395135858548	1395135859057	1395135859057	OK	 
ACTION	Pricing	50	price	1395135857218	1395135857219	1395135859090	1395135859090	OK	 
ACTION	Pricing	44	price	1395135858521	1395135858521	1395135859138	1395135859139	OK	 
ACTION	Pricing	26	price	1395135857319	1395135857319	1395135859182	1395135859182	OK	 
ACTION	Pricing	30	price	1395135858437	1395135858437	1395135859213	1395135859213	OK	 
ACTION	Pricing	28	price	1395135858405	1395135858405	1395135859255	1395135859255	OK	 
ACTION	Pricing	5	price	1395135857484	1395135857484	1395135859314	1395135859315	OK	 
ACTION	Pricing	3	price	1395135858351	1395135858351	1395135859325	1395135859325	OK	 
ACTION	Pricing	49	price	1395135858312	1395135858313	1395135859355	1395135859356	OK	 
ACTION	Pricing	9	price	1395135857504	1395135857506	1395135859393	1395135859393	OK	 
ACTION	Pricing	32	price	1395135858286	1395135858287	1395135859426	1395135859426	OK	 
ACTION	Pricing	24	price	1395135856273	1395135856274	1395135859484	1395135859484	OK	 
ACTION	Pricing	48	price	1395135857589	1395135857589	1395135859486	1395135859487	OK	 
ACTION	Pricing	6	price	1395135856214	1395135856215	1395135859522	1395135859522	OK	 
ACTION	Pricing	20	price	1395135858164	1395135858165	1395135859534	1395135859535	OK	 
ACTION	Pricing	25	price	1395135857589	1395135857590	1395135859572	1395135859573	OK	 
ACTION	Pricing	17	price	1395135857623	1395135857623	1395135859585	1395135859585	OK	 
ACTION	Pricing	31	price	1395135858144	1395135858145	1395135859636	1395135859636	OK	 
ACTION	Pricing	42	price	1395135855095	1395135855096	1395135859657	1395135859657	OK	 
ACTION	Pricing	1	price	1395135858103	1395135858103	1395135859689	1395135859690	OK	 
ACTION	Pricing	4	price	1395135856496	1395135856497	1395135859741	1395135859742	OK	 
ACTION	Pricing	29	price	1395135856132	1395135856132	1395135859747	1395135859747	OK	 
ACTION	Pricing	35	price	1395135857945	1395135857946	1395135859830	1395135859831	OK	 
ACTION	Pricing	41	price	1395135857865	1395135857866	1395135859863	1395135859864	OK	 
ACTION	Pricing	35	price	1395135859832	1395135859833	1395135859910	1395135859910	OK	 
ACTION	Pricing	40	price	1395135857987	1395135857987	1395135859932	1395135859932	OK	 
ACTION	Pricing	29	price	1395135859748	1395135859749	1395135859950	1395135859951	OK	 
ACTION	Pricing	4	price	1395135859743	1395135859744	1395135860009	1395135860009	OK	 
ACTION	Pricing	7	price	1395135858055	1395135858056	1395135860213	1395135860213	OK	 
ACTION	Pricing	42	price	1395135859658	1395135859659	1395135860213	1395135860213	OK	 
ACTION	Pricing	22	price	1395135858096	1395135858096	1395135860221	1395135860221	OK	 
ACTION	Pricing	47	price	1395135858078	1395135858078	1395135860227	1395135860228	OK	 
ACTION	Pricing	37	price	1395135856171	1395135856171	1395135860362	1395135860362	OK	 
ACTION	Pricing	31	price	1395135859638	1395135859639	1395135860368	1395135860368	OK	 
ACTION	Pricing	20	price	1395135859536	1395135859537	1395135860378	1395135860379	OK	 
ACTION	Pricing	17	price	1395135859587	1395135859588	1395135860385	1395135860385	OK	 
ACTION	Pricing	46	price	1395135858251	1395135858252	1395135860384	1395135860385	OK	 
ACTION	Pricing	34	price	1395135858050	1395135858050	1395135860389	1395135860389	OK	 
ACTION	Pricing	43	price	1395135858024	1395135858025	1395135860402	1395135860402	OK	 
ACTION	Pricing	35	price	1395135859912	1395135859912	1395135860501	1395135860501	OK	 
ACTION	Pricing	37	price	1395135860364	1395135860365	1395135860536	1395135860536	OK	 
ACTION	Pricing	41	price	1395135859866	1395135859867	1395135860543	1395135860543	OK	 
ACTION	Pricing	40	price	1395135859934	1395135859935	1395135860552	1395135860552	OK	 
ACTION	Pricing	47	price	1395135860229	1395135860230	1395135860579	1395135860579	OK	 
ACTION	Pricing	39	price	1395135857541	1395135857541	1395135860633	1395135860634	OK	 
ACTION	Pricing	18	price	1395135858360	1395135858361	1395135860699	1395135860699	OK	 
ACTION	Pricing	44	price	1395135859141	1395135859141	1395135860739	1395135860739	OK	 
ACTION	Pricing	2	price	1395135858500	1395135858501	1395135860748	1395135860748	OK	 
ACTION	Pricing	10	price	1395135858544	1395135858544	1395135860831	1395135860831	OK	 
ACTION	Pricing	8	price	1395135858934	1395135858934	1395135860874	1395135860874	OK	 
ACTION	Pricing	19	price	1395135858908	1395135858912	1395135860905	1395135860905	OK	 
ACTION	Pricing	27	price	1395135858835	1395135858836	1395135860965	1395135860965	OK	 
ACTION	Pricing	11	price	1395135857007	1395135857007	1395135860975	1395135860975	OK	 
ACTION	Pricing	6	price	1395135859524	1395135859525	1395135861012	1395135861013	OK	 
ACTION	Pricing	13	price	1395135858672	1395135858672	1395135861026	1395135861027	OK	 
ACTION	Pricing	1	price	1395135859691	1395135859692	1395135861048	1395135861049	OK	 
ACTION	Pricing	24	price	1395135859486	1395135859488	1395135861053	1395135861053	OK	 
ACTION	Pricing	32	price	1395135859428	1395135859428	1395135861097	1395135861097	OK	 
ACTION	Pricing	9	price	1395135859395	1395135859395	1395135861126	1395135861126	OK	 
ACTION	Pricing	24	price	1395135861055	1395135861055	1395135861156	1395135861157	OK	 
ACTION	Pricing	1	price	1395135861050	1395135861050	1395135861205	1395135861205	OK	 
ACTION	Pricing	13	price	1395135861028	1395135861029	1395135861218	1395135861218	OK	 
ACTION	Pricing	29	price	1395135859952	1395135859953	1395135861256	1395135861257	OK	 
ACTION	Pricing	6	price	1395135861014	1395135861014	1395135861291	1395135861291	OK	 
ACTION	Pricing	11	price	1395135860977	1395135860977	1395135861324	1395135861324	OK	 
ACTION	Pricing	27	price	1395135860966	1395135860967	1395135861343	1395135861343	OK	 
ACTION	Pricing	14	price	1395135856973	1395135856974	1395135861370	1395135861370	OK	 
ACTION	Pricing	21	price	1395135858828	1395135858829	1395135861388	1395135861388	OK	 
ACTION	Pricing	23	price	1395135858873	1395135858874	1395135861425	1395135861425	OK	 
ACTION	Pricing	10	price	1395135860833	1395135860834	1395135861447	1395135861447	OK	 
ACTION	Pricing	33	price	1395135859002	1395135859003	1395135861485	1395135861485	OK	 
ACTION	Pricing	2	price	1395135860749	1395135860750	1395135861535	1395135861536	OK	 
ACTION	Pricing	15	price	1395135859059	1395135859059	1395135861545	1395135861545	OK	 
ACTION	Pricing	50	price	1395135859092	1395135859092	1395135861620	1395135861620	OK	 
ACTION	Pricing	18	price	1395135860701	1395135860701	1395135861713	1395135861713	OK	 
ACTION	Pricing	16	price	1395135857446	1395135857447	1395135861721	1395135861721	OK	 
ACTION	Pricing	26	price	1395135859184	1395135859184	1395135861727	1395135861728	OK	 
ACTION	Pricing	28	price	1395135859257	1395135859257	1395135861732	1395135861732	OK	 
ACTION	Pricing	5	price	1395135859316	1395135859317	1395135861732	1395135861732	OK	 
ACTION	Pricing	30	price	1395135859214	1395135859215	1395135861734	1395135861735	OK	 
ACTION	Pricing	39	price	1395135860636	1395135860636	1395135861746	1395135861746	OK	 
ACTION	Pricing	25	price	1395135859575	1395135859576	1395135861763	1395135861764	OK	 
ACTION	Pricing	3	price	1395135859327	1395135859327	1395135861771	1395135861771	OK	 
ACTION	Pricing	47	price	1395135860581	1395135860582	1395135861807	1395135861807	OK	 
ACTION	Pricing	49	price	1395135859357	1395135859358	1395135861820	1395135861820	OK	 
ACTION	Pricing	40	price	1395135860554	1395135860554	1395135861864	1395135861865	OK	 
ACTION	Pricing	41	price	1395135860545	1395135860545	1395135861888	1395135861888	OK	 
ACTION	Pricing	42	price	1395135860216	1395135860216	1395135861983	1395135861984	OK	 
ACTION	Pricing	35	price	1395135860503	1395135860503	1395135862001	1395135862002	OK	 
ACTION	Pricing	31	price	1395135860369	1395135860370	1395135862124	1395135862125	OK	 
ACTION	Pricing	38	price	1395135856011	1395135856011	1395135862127	1395135862127	OK	 
ACTION	Pricing	46	price	1395135860388	1395135860388	1395135862150	1395135862150	OK	 
ACTION	Pricing	20	price	1395135860380	1395135860381	1395135862151	1395135862152	OK	 
ACTION	Pricing	35	price	1395135862003	1395135862004	1395135862163	1395135862164	OK	 
ACTION	Pricing	17	price	1395135860388	1395135860388	1395135862180	1395135862180	OK	 
ACTION	Pricing	37	price	1395135860539	1395135860539	1395135862256	1395135862256	OK	 
ACTION	Pricing	43	price	1395135860404	1395135860404	1395135862267	1395135862268	OK	 
ACTION	Pricing	22	price	1395135860222	1395135860223	1395135862311	1395135862312	OK	 
ACTION	Pricing	3	price	1395135861773	1395135861774	1395135862340	1395135862340	OK	 
ACTION	Pricing	39	price	1395135861748	1395135861748	1395135862405	1395135862405	OK	 
ACTION	Pricing	25	price	1395135861766	1395135861766	1395135862411	1395135862411	OK	 
ACTION	Pricing	30	price	1395135861738	1395135861738	1395135862425	1395135862426	OK	 
ACTION	Pricing	5	price	1395135861736	1395135861737	1395135862511	1395135862511	OK	 
ACTION	Pricing	28	price	1395135861734	1395135861735	1395135862528	1395135862529	OK	 
ACTION	Pricing	26	price	1395135861729	1395135861730	1395135862543	1395135862543	OK	 
ACTION	Pricing	18	price	1395135861715	1395135861716	1395135862575	1395135862575	OK	 
ACTION	Pricing	50	price	1395135861622	1395135861623	1395135862614	1395135862615	OK	 
ACTION	Pricing	15	price	1395135861547	1395135861547	1395135862646	1395135862646	OK	 
ACTION	Pricing	2	price	1395135861537	1395135861538	1395135862681	1395135862682	OK	 
ACTION	Pricing	33	price	1395135861487	1395135861487	1395135862723	1395135862723	OK	 
ACTION	Pricing	12	price	1395135859030	1395135859030	1395135862757	1395135862757	OK	 
ACTION	Pricing	10	price	1395135861449	1395135861449	1395135862791	1395135862791	OK	 
ACTION	Pricing	23	price	1395135861427	1395135861427	1395135862815	1395135862815	OK	 
ACTION	Pricing	48	price	1395135859489	1395135859489	1395135862818	1395135862818	OK	 
ACTION	Pricing	21	price	1395135861389	1395135861390	1395135862844	1395135862845	OK	 
ACTION	Pricing	8	price	1395135860875	1395135860876	1395135862878	1395135862878	OK	 
ACTION	Pricing	27	price	1395135861345	1395135861345	1395135862911	1395135862912	OK	 
ACTION	Pricing	11	price	1395135861326	1395135861326	1395135862939	1395135862939	OK	 
ACTION	Pricing	36	price	1395135858763	1395135858764	1395135862976	1395135862977	OK	 
ACTION	Pricing	19	price	1395135860907	1395135860907	1395135862998	1395135862999	OK	 
ACTION	Pricing	6	price	1395135861293	1395135861293	1395135863017	1395135863018	OK	 
ACTION	Pricing	4	price	1395135860012	1395135860012	1395135863038	1395135863039	OK	 
ACTION	Pricing	1	price	1395135861207	1395135861208	1395135863077	1395135863078	OK	 
ACTION	Pricing	9	price	1395135861127	1395135861128	1395135863145	1395135863145	OK	 
ACTION	Pricing	1	price	1395135863079	1395135863080	1395135863168	1395135863169	OK	 
ACTION	Pricing	32	price	1395135861099	1395135861099	1395135863231	1395135863231	OK	 
ACTION	Pricing	24	price	1395135861158	1395135861159	1395135863231	1395135863232	OK	 
ACTION	Pricing	9	price	1395135863146	1395135863147	1395135863236	1395135863236	OK	 
ACTION	Pricing	4	price	1395135863040	1395135863040	1395135863277	1395135863277	OK	 
ACTION	Pricing	6	price	1395135863019	1395135863020	1395135863335	1395135863335	OK	 
ACTION	Pricing	19	price	1395135863000	1395135863001	1395135863372	1395135863372	OK	 
ACTION	Pricing	13	price	1395135861219	1395135861219	1395135863413	1395135863413	OK	 
ACTION	Pricing	29	price	1395135861258	1395135861259	1395135863430	1395135863430	OK	 
ACTION	Pricing	11	price	1395135862941	1395135862941	1395135863479	1395135863479	OK	 
ACTION	Pricing	27	price	1395135862913	1395135862913	1395135863494	1395135863494	OK	 
ACTION	Pricing	21	price	1395135862846	1395135862847	1395135863571	1395135863571	OK	 
ACTION	Pricing	48	price	1395135862820	1395135862820	1395135863581	1395135863582	OK	 
ACTION	Pricing	14	price	1395135861371	1395135861372	1395135863637	1395135863637	OK	 
ACTION	Pricing	10	price	1395135862793	1395135862793	1395135863657	1395135863657	OK	 
ACTION	Pricing	45	price	1395135858983	1395135858984	1395135863700	1395135863700	OK	 
ACTION	Pricing	33	price	1395135862725	1395135862725	1395135863720	1395135863720	OK	 
ACTION	Pricing	2	price	1395135862683	1395135862684	1395135863782	1395135863782	OK	 
ACTION	Pricing	15	price	1395135862648	1395135862649	1395135863801	1395135863801	OK	 
ACTION	Pricing	50	price	1395135862616	1395135862616	1395135863827	1395135863827	OK	 
ACTION	Pricing	7	price	1395135860215	1395135860215	1395135863873	1395135863874	OK	 
ACTION	Pricing	40	price	1395135861866	1395135861867	1395135863880	1395135863881	OK	 
ACTION	Pricing	18	price	1395135862577	1395135862578	1395135864134	1395135864134	OK	 
ACTION	Pricing	30	price	1395135862427	1395135862428	1395135864152	1395135864153	OK	 
ACTION	Pricing	49	price	1395135861821	1395135861822	1395135864173	1395135864173	OK	 
ACTION	Pricing	3	price	1395135862342	1395135862342	1395135864178	1395135864178	OK	 
ACTION	Pricing	28	price	1395135862530	1395135862531	1395135864205	1395135864205	OK	 
ACTION	Pricing	22	price	1395135862313	1395135862314	1395135864215	1395135864215	OK	 
ACTION	Pricing	39	price	1395135862407	1395135862407	1395135864219	1395135864220	OK	 
ACTION	Pricing	47	price	1395135861809	1395135861809	1395135864222	1395135864222	OK	 
ACTION	Pricing	37	price	1395135862258	1395135862258	1395135864238	1395135864239	OK	 
ACTION	Pricing	17	price	1395135862182	1395135862182	1395135864249	1395135864249	OK	 
ACTION	Pricing	41	price	1395135861890	1395135861891	1395135864286	1395135864287	OK	 
ACTION	Pricing	35	price	1395135862165	1395135862166	1395135864309	1395135864309	OK	 
ACTION	Pricing	34	price	1395135860391	1395135860391	1395135864324	1395135864324	OK	 
ACTION	Pricing	20	price	1395135862153	1395135862154	1395135864355	1395135864356	OK	 
ACTION	Pricing	31	price	1395135862126	1395135862127	1395135864425	1395135864425	OK	 
ACTION	Pricing	34	price	1395135864326	1395135864326	1395135864447	1395135864447	OK	 
ACTION	Pricing	35	price	1395135864311	1395135864311	1395135864492	1395135864493	OK	 
ACTION	Pricing	17	price	1395135864250	1395135864251	1395135864617	1395135864617	OK	 
ACTION	Pricing	39	price	1395135864222	1395135864223	1395135864640	1395135864641	OK	 
ACTION	Pricing	37	price	1395135864240	1395135864241	1395135864646	1395135864647	OK	 
ACTION	Pricing	22	price	1395135864216	1395135864217	1395135864679	1395135864679	OK	 
ACTION	Pricing	28	price	1395135864207	1395135864207	1395135864712	1395135864712	OK	 
ACTION	Pricing	3	price	1395135864180	1395135864180	1395135864743	1395135864743	OK	 
ACTION	Pricing	49	price	1395135864175	1395135864175	1395135864763	1395135864764	OK	 
ACTION	Pricing	18	price	1395135864136	1395135864136	1395135864805	1395135864806	OK	 
ACTION	Pricing	40	price	1395135863882	1395135863883	1395135864844	1395135864844	OK	 
ACTION	Pricing	7	price	1395135863875	1395135863876	1395135864868	1395135864868	OK	 
ACTION	Pricing	50	price	1395135863829	1395135863829	1395135864903	1395135864904	OK	 
ACTION	Pricing	16	price	1395135861722	1395135861723	1395135864912	1395135864912	OK	 
ACTION	Pricing	26	price	1395135862545	1395135862546	1395135864933	1395135864934	OK	 
ACTION	Pricing	15	price	1395135863803	1395135863803	1395135864980	1395135864980	OK	 
ACTION	Pricing	2	price	1395135863784	1395135863784	1395135865022	1395135865022	OK	 
ACTION	Pricing	33	price	1395135863722	1395135863722	1395135865034	1395135865034	OK	 
ACTION	Pricing	45	price	1395135863702	1395135863703	1395135865073	1395135865074	OK	 
ACTION	Pricing	10	price	1395135863659	1395135863659	1395135865102	1395135865102	OK	 
ACTION	Pricing	12	price	1395135862759	1395135862759	1395135865109	1395135865109	OK	 
ACTION	Pricing	21	price	1395135863572	1395135863573	1395135865157	1395135865157	OK	 
ACTION	Pricing	23	price	1395135862817	1395135862818	1395135865188	1395135865188	OK	 
ACTION	Pricing	27	price	1395135863496	1395135863496	1395135865220	1395135865220	OK	 
ACTION	Pricing	8	price	1395135862879	1395135862880	1395135865227	1395135865228	OK	 
ACTION	Pricing	11	price	1395135863481	1395135863481	1395135865274	1395135865274	OK	 
ACTION	Pricing	29	price	1395135863439	1395135863439	1395135865307	1395135865308	OK	 
ACTION	Pricing	13	price	1395135863415	1395135863415	1395135865336	1395135865337	OK	 
ACTION	Pricing	19	price	1395135863374	1395135863374	1395135865384	1395135865384	OK	 
ACTION	Pricing	36	price	1395135862978	1395135862979	1395135865397	1395135865397	OK	 
ACTION	Pricing	4	price	1395135863278	1395135863279	1395135865467	1395135865467	OK	 
ACTION	Pricing	9	price	1395135863238	1395135863238	1395135865507	1395135865507	OK	 
ACTION	Pricing	32	price	1395135863233	1395135863234	1395135865535	1395135865535	OK	 
ACTION	Pricing	1	price	1395135863170	1395135863171	1395135865550	1395135865551	OK	 
ACTION	Pricing	19	price	1395135865386	1395135865386	1395135865589	1395135865589	OK	 
ACTION	Pricing	6	price	1395135863337	1395135863338	1395135865612	1395135865613	OK	 
ACTION	Pricing	11	price	1395135865276	1395135865276	1395135865696	1395135865696	OK	 
ACTION	Pricing	29	price	1395135865309	1395135865310	1395135865699	1395135865699	OK	 
ACTION	Pricing	8	price	1395135865229	1395135865230	1395135865727	1395135865727	OK	 
ACTION	Pricing	23	price	1395135865191	1395135865191	1395135865765	1395135865766	OK	 
ACTION	Pricing	21	price	1395135865159	1395135865159	1395135865802	1395135865803	OK	 
ACTION	Pricing	12	price	1395135865111	1395135865112	1395135865809	1395135865809	OK	 
ACTION	Pricing	48	price	1395135863583	1395135863584	1395135865852	1395135865852	OK	 
ACTION	Pricing	45	price	1395135865076	1395135865076	1395135865885	1395135865885	OK	 
ACTION	Pricing	14	price	1395135863639	1395135863640	1395135865926	1395135865927	OK	 
ACTION	Pricing	33	price	1395135865035	1395135865036	1395135865966	1395135865967	OK	 
ACTION	Pricing	44	price	1395135860741	1395135860742	1395135865987	1395135865987	OK	 
ACTION	Pricing	15	price	1395135864982	1395135864982	1395135865995	1395135865995	OK	 
ACTION	Pricing	26	price	1395135864935	1395135864936	1395135866048	1395135866048	OK	 
ACTION	Pricing	16	price	1395135864913	1395135864914	1395135866071	1395135866071	OK	 
ACTION	Pricing	5	price	1395135862513	1395135862514	1395135866081	1395135866081	OK	 
ACTION	Pricing	7	price	1395135864870	1395135864870	1395135866105	1395135866105	OK	 
ACTION	Pricing	25	price	1395135862413	1395135862413	1395135866139	1395135866139	OK	 
ACTION	Pricing	40	price	1395135864845	1395135864846	1395135866173	1395135866173	OK	 
ACTION	Pricing	49	price	1395135864765	1395135864766	1395135866216	1395135866217	OK	 
ACTION	Pricing	30	price	1395135864155	1395135864155	1395135866231	1395135866231	OK	 
ACTION	Pricing	28	price	1395135864714	1395135864715	1395135866262	1395135866262	OK	 
ACTION	Pricing	22	price	1395135864681	1395135864681	1395135866301	1395135866301	OK	 
ACTION	Pricing	37	price	1395135864648	1395135864649	1395135866342	1395135866342	OK	 
ACTION	Pricing	46	price	1395135862152	1395135862153	1395135866370	1395135866370	OK	 
ACTION	Pricing	17	price	1395135864618	1395135864619	1395135866414	1395135866415	OK	 
ACTION	Pricing	47	price	1395135864224	1395135864224	1395135866421	1395135866421	OK	 
ACTION	Pricing	41	price	1395135864288	1395135864289	1395135866428	1395135866428	OK	 
ACTION	Pricing	34	price	1395135864449	1395135864449	1395135866494	1395135866494	OK	 
ACTION	Pricing	42	price	1395135861985	1395135861986	1395135866513	1395135866513	OK	 
ACTION	Pricing	31	price	1395135864427	1395135864427	1395135866547	1395135866547	OK	 
ACTION	Pricing	38	price	1395135862129	1395135862130	1395135866548	1395135866548	OK	 
ACTION	Pricing	47	price	1395135866423	1395135866423	1395135866622	1395135866622	OK	 
ACTION	Pricing	31	price	1395135866549	1395135866549	1395135866654	1395135866654	OK	 
ACTION	Pricing	46	price	1395135866372	1395135866372	1395135866671	1395135866671	OK	 
ACTION	Pricing	35	price	1395135864495	1395135864496	1395135866684	1395135866684	OK	 
ACTION	Pricing	37	price	1395135866343	1395135866344	1395135866720	1395135866721	OK	 
ACTION	Pricing	22	price	1395135866303	1395135866303	1395135866755	1395135866756	OK	 
ACTION	Pricing	39	price	1395135864642	1395135864643	1395135866792	1395135866793	OK	 
ACTION	Pricing	30	price	1395135866233	1395135866233	1395135866808	1395135866808	OK	 
ACTION	Pricing	49	price	1395135866218	1395135866218	1395135866844	1395135866845	OK	 
ACTION	Pricing	18	price	1395135864807	1395135864808	1395135867034	1395135867034	OK	 
ACTION	Pricing	43	price	1395135862269	1395135862270	1395135867051	1395135867051	OK	 
ACTION	Pricing	7	price	1395135866107	1395135866108	1395135867094	1395135867094	OK	 
ACTION	Pricing	16	price	1395135866072	1395135866073	1395135867095	1395135867095	OK	 
ACTION	Pricing	26	price	1395135866049	1395135866050	1395135867100	1395135867101	OK	 
ACTION	Pricing	50	price	1395135864905	1395135864906	1395135867101	1395135867101	OK	 
ACTION	Pricing	5	price	1395135866083	1395135866083	1395135867101	1395135867103	OK	 
ACTION	Pricing	15	price	1395135865996	1395135865997	1395135867141	1395135867142	OK	 
ACTION	Pricing	44	price	1395135865988	1395135865989	1395135867159	1395135867159	OK	 
ACTION	Pricing	2	price	1395135865024	1395135865024	1395135867212	1395135867213	OK	 
ACTION	Pricing	48	price	1395135865854	1395135865854	1395135867241	1395135867241	OK	 
ACTION	Pricing	12	price	1395135865810	1395135865811	1395135867295	1395135867296	OK	 
ACTION	Pricing	10	price	1395135865104	1395135865105	1395135867331	1395135867331	OK	 
ACTION	Pricing	23	price	1395135865767	1395135865768	1395135867346	1395135867346	OK	 
ACTION	Pricing	8	price	1395135865728	1395135865734	1395135867368	1395135867368	OK	 
ACTION	Pricing	29	price	1395135865701	1395135865701	1395135867400	1395135867400	OK	 
ACTION	Pricing	11	price	1395135865698	1395135865699	1395135867444	1395135867444	OK	 
ACTION	Pricing	27	price	1395135865222	1395135865222	1395135867499	1395135867500	OK	 
ACTION	Pricing	6	price	1395135865614	1395135865615	1395135867511	1395135867511	OK	 
ACTION	Pricing	19	price	1395135865591	1395135865592	1395135867530	1395135867530	OK	 
ACTION	Pricing	13	price	1395135865339	1395135865339	1395135867561	1395135867562	OK	 
ACTION	Pricing	1	price	1395135865552	1395135865553	1395135867594	1395135867594	OK	 
ACTION	Pricing	27	price	1395135867501	1395135867501	1395135867689	1395135867689	OK	 
ACTION	Pricing	11	price	1395135867445	1395135867446	1395135867746	1395135867746	OK	 
ACTION	Pricing	29	price	1395135867402	1395135867402	1395135867978	1395135867978	OK	 
ACTION	Pricing	14	price	1395135865928	1395135865929	1395135868043	1395135868044	OK	 
ACTION	Pricing	24	price	1395135863234	1395135863234	1395135868258	1395135868259	OK	 
ACTION	Pricing	40	price	1395135866175	1395135866175	1395135868352	1395135868353	OK	 
ACTION	Pricing	17	price	1395135866416	1395135866417	1395135868363	1395135868363	OK	 
ACTION	Pricing	9	price	1395135865508	1395135865508	1395135868395	1395135868395	OK	 
ACTION	Pricing	35	price	1395135866685	1395135866686	1395135868398	1395135868399	OK	 
ACTION	Pricing	12	price	1395135867297	1395135867298	1395135868402	1395135868402	OK	 
ACTION	Pricing	47	price	1395135866623	1395135866624	1395135868452	1395135868453	OK	 
ACTION	Pricing	15	price	1395135867143	1395135867144	1395135868467	1395135868467	OK	 
ACTION	Pricing	25	price	1395135866140	1395135866141	1395135868470	1395135868470	OK	 
ACTION	Pricing	45	price	1395135865886	1395135865887	1395135868476	1395135868476	OK	 
ACTION	Pricing	31	price	1395135866655	1395135866656	1395135868497	1395135868497	OK	 
ACTION	Pricing	4	price	1395135865471	1395135865471	1395135868513	1395135868514	OK	 
ACTION	Pricing	36	price	1395135865398	1395135865399	1395135868515	1395135868515	OK	 
ACTION	Pricing	27	price	1395135867691	1395135867691	1395135868524	1395135868525	OK	 
ACTION	Pricing	6	price	1395135867513	1395135867513	1395135868528	1395135868528	OK	 
ACTION	Pricing	32	price	1395135865536	1395135865537	1395135868541	1395135868541	OK	 
ACTION	Pricing	19	price	1395135867531	1395135867531	1395135868559	1395135868560	OK	 
ACTION	Pricing	1	price	1395135867596	1395135867596	1395135868603	1395135868603	OK	 
ACTION	Pricing	13	price	1395135867563	1395135867564	1395135868610	1395135868610	OK	 
ACTION	Pricing	12	price	1395135868404	1395135868404	1395135868624	1395135868624	OK	 
ACTION	Pricing	9	price	1395135868396	1395135868397	1395135868683	1395135868683	OK	 
ACTION	Pricing	40	price	1395135868354	1395135868355	1395135868707	1395135868707	OK	 
ACTION	Pricing	24	price	1395135868266	1395135868266	1395135868745	1395135868746	OK	 
ACTION	Pricing	14	price	1395135868045	1395135868046	1395135868790	1395135868790	OK	 
ACTION	Pricing	23	price	1395135867348	1395135867349	1395135868799	1395135868799	OK	 
ACTION	Pricing	21	price	1395135865804	1395135865805	1395135868830	1395135868831	OK	 
ACTION	Pricing	2	price	1395135867214	1395135867214	1395135868859	1395135868859	OK	 
ACTION	Pricing	44	price	1395135867161	1395135867162	1395135868877	1395135868878	OK	 
ACTION	Pricing	26	price	1395135867103	1395135867103	1395135868907	1395135868907	OK	 
ACTION	Pricing	16	price	1395135867097	1395135867098	1395135868935	1395135868935	OK	 
ACTION	Pricing	43	price	1395135867052	1395135867053	1395135868956	1395135868957	OK	 
ACTION	Pricing	22	price	1395135866757	1395135866757	1395135869006	1395135869006	OK	 
ACTION	Pricing	37	price	1395135866722	1395135866722	1395135869019	1395135869019	OK	 
ACTION	Pricing	42	price	1395135866514	1395135866514	1395135869043	1395135869043	OK	 
ACTION	Pricing	34	price	1395135866495	1395135866496	1395135869081	1395135869082	OK	 
ACTION	Pricing	41	price	1395135866430	1395135866430	1395135869094	1395135869094	OK	 
ACTION	Pricing	8	price	1395135867370	1395135867370	1395135869121	1395135869121	OK	 
ACTION	Pricing	49	price	1395135866846	1395135866846	1395135869137	1395135869138	OK	 
ACTION	Pricing	20	price	1395135864358	1395135864358	1395135869191	1395135869192	OK	 
ACTION	Pricing	38	price	1395135866549	1395135866549	1395135869201	1395135869201	OK	 
ACTION	Pricing	11	price	1395135867748	1395135867748	1395135869205	1395135869206	OK	 
ACTION	Pricing	37	price	1395135869021	1395135869021	1395135869243	1395135869243	OK	 
ACTION	Pricing	46	price	1395135866673	1395135866673	1395135869264	1395135869264	OK	 
ACTION	Pricing	22	price	1395135869008	1395135869008	1395135869276	1395135869276	OK	 
ACTION	Pricing	28	price	1395135866265	1395135866265	1395135869294	1395135869294	OK	 
ACTION	Pricing	39	price	1395135866794	1395135866795	1395135869311	1395135869311	OK	 
ACTION	Pricing	30	price	1395135866809	1395135866811	1395135869345	1395135869345	OK	 
ACTION	Pricing	7	price	1395135867096	1395135867096	1395135869379	1395135869379	OK	 
ACTION	Pricing	16	price	1395135868937	1395135868937	1395135869399	1395135869400	OK	 
ACTION	Pricing	18	price	1395135867036	1395135867037	1395135869400	1395135869400	OK	 
ACTION	Pricing	44	price	1395135868879	1395135868879	1395135869453	1395135869454	OK	 
ACTION	Pricing	2	price	1395135868861	1395135868861	1395135869487	1395135869487	OK	 
ACTION	Pricing	5	price	1395135867106	1395135867106	1395135869502	1395135869503	OK	 
ACTION	Pricing	23	price	1395135868801	1395135868801	1395135869532	1395135869532	OK	 
ACTION	Pricing	10	price	1395135867333	1395135867333	1395135869535	1395135869535	OK	 
ACTION	Pricing	29	price	1395135867980	1395135867981	1395135869567	1395135869568	OK	 
ACTION	Pricing	40	price	1395135868709	1395135868709	1395135869605	1395135869605	OK	 
ACTION	Pricing	12	price	1395135868626	1395135868626	1395135869643	1395135869643	OK	 
ACTION	Pricing	13	price	1395135868612	1395135868612	1395135869697	1395135869697	OK	 
ACTION	Pricing	19	price	1395135868561	1395135868561	1395135869764	1395135869765	OK	 
ACTION	Pricing	32	price	1395135868542	1395135868543	1395135869797	1395135869797	OK	 
ACTION	Pricing	6	price	1395135868529	1395135868529	1395135869816	1395135869816	OK	 
ACTION	Pricing	36	price	1395135868517	1395135868517	1395135869886	1395135869887	OK	 
ACTION	Pricing	31	price	1395135868499	1395135868499	1395135869911	1395135869912	OK	 
ACTION	Pricing	45	price	1395135868477	1395135868478	1395135869942	1395135869943	OK	 
ACTION	Pricing	25	price	1395135868473	1395135868473	1395135869990	1395135869990	OK	 
ACTION	Pricing	15	price	1395135868469	1395135868469	1395135870004	1395135870004	OK	 
ACTION	Pricing	47	price	1395135868455	1395135868455	1395135870055	1395135870056	OK	 
ACTION	Pricing	45	price	1395135869944	1395135869944	1395135870078	1395135870078	OK	 
ACTION	Pricing	31	price	1395135869914	1395135869914	1395135870103	1395135870104	OK	 
ACTION	Pricing	36	price	1395135869888	1395135869889	1395135870138	1395135870138	OK	 
ACTION	Pricing	35	price	1395135868400	1395135868401	1395135870235	1395135870235	OK	 
ACTION	Pricing	32	price	1395135869798	1395135869799	1395135870248	1395135870248	OK	 
ACTION	Pricing	19	price	1395135869767	1395135869768	1395135870294	1395135870294	OK	 
ACTION	Pricing	27	price	1395135868526	1395135868526	1395135870310	1395135870311	OK	 
ACTION	Pricing	13	price	1395135869698	1395135869699	1395135870337	1395135870337	OK	 
ACTION	Pricing	1	price	1395135868604	1395135868605	1395135870356	1395135870356	OK	 
ACTION	Pricing	12	price	1395135869645	1395135869645	1395135870388	1395135870388	OK	 
ACTION	Pricing	40	price	1395135869607	1395135869607	1395135870436	1395135870437	OK	 
ACTION	Pricing	17	price	1395135868364	1395135868365	1395135870460	1395135870460	OK	 
ACTION	Pricing	12	price	1395135870390	1395135870390	1395135870483	1395135870483	OK	 
ACTION	Pricing	9	price	1395135868685	1395135868685	1395135870502	1395135870502	OK	 
ACTION	Pricing	10	price	1395135869537	1395135869537	1395135870533	1395135870533	OK	 
ACTION	Pricing	24	price	1395135868747	1395135868748	1395135870567	1395135870567	OK	 
ACTION	Pricing	2	price	1395135869489	1395135869489	1395135870609	1395135870610	OK	 
ACTION	Pricing	48	price	1395135867242	1395135867243	1395135870632	1395135870632	OK	 
ACTION	Pricing	21	price	1395135868832	1395135868832	1395135870675	1395135870676	OK	 
ACTION	Pricing	50	price	1395135867105	1395135867105	1395135870688	1395135870688	OK	 
ACTION	Pricing	7	price	1395135869381	1395135869382	1395135870761	1395135870761	OK	 
ACTION	Pricing	30	price	1395135869347	1395135869347	1395135870777	1395135870777	OK	 
ACTION	Pricing	33	price	1395135865968	1395135865969	1395135870821	1395135870821	OK	 
ACTION	Pricing	39	price	1395135869313	1395135869313	1395135870841	1395135870841	OK	 
ACTION	Pricing	28	price	1395135869296	1395135869296	1395135870886	1395135870887	OK	 
ACTION	Pricing	22	price	1395135869278	1395135869278	1395135870895	1395135870899	OK	 
ACTION	Pricing	46	price	1395135869265	1395135869266	1395135870937	1395135870938	OK	 
ACTION	Pricing	37	price	1395135869245	1395135869245	1395135870957	1395135870957	OK	 
ACTION	Pricing	11	price	1395135869207	1395135869208	1395135870989	1395135870989	OK	 
ACTION	Pricing	20	price	1395135869193	1395135869194	1395135871026	1395135871026	OK	 
ACTION	Pricing	8	price	1395135869123	1395135869123	1395135871088	1395135871089	OK	 
ACTION	Pricing	42	price	1395135869044	1395135869046	1395135871131	1395135871132	OK	 
ACTION	Pricing	41	price	1395135869096	1395135869096	1395135871165	1395135871165	OK	 
ACTION	Pricing	34	price	1395135869083	1395135869084	1395135871184	1395135871185	OK	 
ACTION	Pricing	3	price	1395135864744	1395135864745	1395135871195	1395135871195	OK	 
ACTION	Pricing	42	price	1395135871133	1395135871133	1395135871229	1395135871229	OK	 
ACTION	Pricing	8	price	1395135871090	1395135871090	1395135871271	1395135871271	OK	 
ACTION	Pricing	20	price	1395135871028	1395135871029	1395135871324	1395135871324	OK	 
ACTION	Pricing	49	price	1395135869140	1395135869140	1395135871361	1395135871361	OK	 
ACTION	Pricing	11	price	1395135870991	1395135870991	1395135871375	1395135871375	OK	 
ACTION	Pricing	37	price	1395135870959	1395135870959	1395135871387	1395135871387	OK	 
ACTION	Pricing	28	price	1395135870888	1395135870889	1395135871489	1395135871489	OK	 
ACTION	Pricing	43	price	1395135868958	1395135868959	1395135871507	1395135871508	OK	 
ACTION	Pricing	39	price	1395135870844	1395135870844	1395135871546	1395135871547	OK	 
ACTION	Pricing	30	price	1395135870778	1395135870779	1395135871575	1395135871575	OK	 
ACTION	Pricing	7	price	1395135870763	1395135870763	1395135871646	1395135871646	OK	 
ACTION	Pricing	26	price	1395135868908	1395135868909	1395135871663	1395135871664	OK	 
ACTION	Pricing	50	price	1395135870690	1395135870690	1395135871687	1395135871687	OK	 
ACTION	Pricing	21	price	1395135870677	1395135870678	1395135871723	1395135871723	OK	 
ACTION	Pricing	18	price	1395135869403	1395135869403	1395135871755	1395135871755	OK	 
ACTION	Pricing	48	price	1395135870633	1395135870634	1395135871786	1395135871786	OK	 
ACTION	Pricing	2	price	1395135870611	1395135870612	1395135871820	1395135871821	OK	 
ACTION	Pricing	14	price	1395135868792	1395135868792	1395135871849	1395135871849	OK	 
ACTION	Pricing	44	price	1395135869455	1395135869456	1395135871876	1395135871876	OK	 
ACTION	Pricing	10	price	1395135870534	1395135870535	1395135871933	1395135871934	OK	 
ACTION	Pricing	24	price	1395135870569	1395135870569	1395135871934	1395135871934	OK	 
ACTION	Pricing	9	price	1395135870504	1395135870504	1395135871977	1395135871977	OK	 
ACTION	Pricing	5	price	1395135869505	1395135869505	1395135871996	1395135871996	OK	 
ACTION	Pricing	17	price	1395135870463	1395135870463	1395135872042	1395135872043	OK	 
ACTION	Pricing	17	price	1395135872044	1395135872044	1395135872123	1395135872124	OK	 
ACTION	Pricing	1	price	1395135870358	1395135870358	1395135872148	1395135872149	OK	 
ACTION	Pricing	13	price	1395135870339	1395135870340	1395135872204	1395135872204	OK	 
ACTION	Pricing	4	price	1395135868516	1395135868517	1395135872343	1395135872344	OK	 
ACTION	Pricing	19	price	1395135870295	1395135870296	1395135872352	1395135872353	OK	 
ACTION	Pricing	36	price	1395135870139	1395135870140	1395135872392	1395135872392	OK	 
ACTION	Pricing	6	price	1395135869818	1395135869818	1395135872406	1395135872406	OK	 
ACTION	Pricing	35	price	1395135870236	1395135870237	1395135872406	1395135872409	OK	 
ACTION	Pricing	47	price	1395135870057	1395135870058	1395135872423	1395135872423	OK	 
ACTION	Pricing	25	price	1395135869992	1395135869992	1395135872481	1395135872481	OK	 
ACTION	Pricing	19	price	1395135872354	1395135872354	1395135872501	1395135872502	OK	 
ACTION	Pricing	4	price	1395135872345	1395135872345	1395135872652	1395135872652	OK	 
ACTION	Pricing	32	price	1395135870249	1395135870250	1395135872674	1395135872674	OK	 
ACTION	Pricing	27	price	1395135870312	1395135870312	1395135872690	1395135872690	OK	 
ACTION	Pricing	13	price	1395135872205	1395135872206	1395135872695	1395135872695	OK	 
ACTION	Pricing	31	price	1395135870105	1395135870106	1395135872697	1395135872698	OK	 
ACTION	Pricing	1	price	1395135872150	1395135872151	1395135872709	1395135872710	OK	 
ACTION	Pricing	40	price	1395135870438	1395135870439	1395135872753	1395135872753	OK	 
ACTION	Pricing	17	price	1395135872125	1395135872126	1395135872753	1395135872754	OK	 
ACTION	Pricing	23	price	1395135869533	1395135869534	1395135872768	1395135872768	OK	 
ACTION	Pricing	29	price	1395135869569	1395135869570	1395135872771	1395135872771	OK	 
ACTION	Pricing	5	price	1395135871998	1395135871998	1395135872811	1395135872811	OK	 
ACTION	Pricing	12	price	1395135870484	1395135870485	1395135872845	1395135872845	OK	 
ACTION	Pricing	44	price	1395135871878	1395135871936	1395135872880	1395135872880	OK	 
ACTION	Pricing	14	price	1395135871851	1395135871851	1395135872905	1395135872906	OK	 
ACTION	Pricing	2	price	1395135871822	1395135871823	1395135872979	1395135872979	OK	 
ACTION	Pricing	18	price	1395135871757	1395135871758	1395135872996	1395135872996	OK	 
ACTION	Pricing	21	price	1395135871725	1395135871726	1395135873056	1395135873057	OK	 
ACTION	Pricing	50	price	1395135871688	1395135871689	1395135873063	1395135873063	OK	 
ACTION	Pricing	16	price	1395135869402	1395135869403	1395135873095	1395135873095	OK	 
ACTION	Pricing	7	price	1395135871648	1395135871648	1395135873116	1395135873116	OK	 
ACTION	Pricing	39	price	1395135871548	1395135871548	1395135873204	1395135873205	OK	 
ACTION	Pricing	33	price	1395135870823	1395135870824	1395135873227	1395135873228	OK	 
ACTION	Pricing	37	price	1395135871388	1395135871389	1395135873271	1395135873272	OK	 
ACTION	Pricing	22	price	1395135870900	1395135870901	1395135873280	1395135873281	OK	 
ACTION	Pricing	46	price	1395135870939	1395135870939	1395135873311	1395135873311	OK	 
ACTION	Pricing	38	price	1395135869205	1395135869205	1395135873340	1395135873341	OK	 
ACTION	Pricing	8	price	1395135871273	1395135871273	1395135873378	1395135873379	OK	 
ACTION	Pricing	20	price	1395135871326	1395135871326	1395135873381	1395135873381	OK	 
ACTION	Pricing	42	price	1395135871231	1395135871231	1395135873408	1395135873409	OK	 
ACTION	Pricing	3	price	1395135871197	1395135871197	1395135873467	1395135873467	OK	 
ACTION	Pricing	41	price	1395135871166	1395135871167	1395135873497	1395135873498	OK	 
ACTION	Pricing	34	price	1395135871186	1395135871187	1395135873550	1395135873550	OK	 
ACTION	Pricing	38	price	1395135873342	1395135873342	1395135873584	1395135873584	OK	 
ACTION	Pricing	46	price	1395135873313	1395135873313	1395135873617	1395135873618	OK	 
ACTION	Pricing	22	price	1395135873282	1395135873283	1395135873671	1395135873671	OK	 
ACTION	Pricing	49	price	1395135871364	1395135871364	1395135873682	1395135873682	OK	 
ACTION	Pricing	11	price	1395135871376	1395135871377	1395135873731	1395135873731	OK	 
ACTION	Pricing	22	price	1395135873672	1395135873673	1395135873764	1395135873765	OK	 
ACTION	Pricing	39	price	1395135873206	1395135873207	1395135873798	1395135873798	OK	 
ACTION	Pricing	43	price	1395135871509	1395135871509	1395135873824	1395135873824	OK	 
ACTION	Pricing	28	price	1395135871491	1395135871491	1395135873860	1395135873861	OK	 
ACTION	Pricing	7	price	1395135873118	1395135873118	1395135873898	1395135873898	OK	 
ACTION	Pricing	16	price	1395135873097	1395135873097	1395135873903	1395135873903	OK	 
ACTION	Pricing	50	price	1395135873065	1395135873065	1395135873951	1395135873952	OK	 
ACTION	Pricing	21	price	1395135873058	1395135873059	1395135873990	1395135873990	OK	 
ACTION	Pricing	26	price	1395135871665	1395135871665	1395135873997	1395135873997	OK	 
ACTION	Pricing	18	price	1395135872997	1395135872998	1395135874026	1395135874026	OK	 
ACTION	Pricing	2	price	1395135872980	1395135872981	1395135874072	1395135874072	OK	 
ACTION	Pricing	14	price	1395135872909	1395135872909	1395135874113	1395135874114	OK	 
ACTION	Pricing	12	price	1395135872847	1395135872847	1395135874145	1395135874145	OK	 
ACTION	Pricing	24	price	1395135871938	1395135871938	1395135874183	1395135874183	OK	 
ACTION	Pricing	29	price	1395135872773	1395135872773	1395135874210	1395135874210	OK	 
ACTION	Pricing	27	price	1395135872692	1395135872692	1395135874370	1395135874370	OK	 
ACTION	Pricing	32	price	1395135872675	1395135872676	1395135874386	1395135874386	OK	 
ACTION	Pricing	45	price	1395135870079	1395135870080	1395135874430	1395135874430	OK	 
ACTION	Pricing	47	price	1395135872425	1395135872426	1395135874481	1395135874481	OK	 
ACTION	Pricing	15	price	1395135870005	1395135870006	1395135874505	1395135874506	OK	 
ACTION	Pricing	6	price	1395135872408	1395135872409	1395135874540	1395135874540	OK	 
ACTION	Pricing	36	price	1395135872394	1395135872394	1395135874570	1395135874571	OK	 
ACTION	Pricing	15	price	1395135874507	1395135874508	1395135874610	1395135874610	OK	 
ACTION	Pricing	35	price	1395135872410	1395135872411	1395135874644	1395135874645	OK	 
ACTION	Pricing	15	price	1395135874612	1395135874612	1395135874680	1395135874680	OK	 
ACTION	Pricing	45	price	1395135874432	1395135874432	1395135874744	1395135874744	OK	 
ACTION	Pricing	25	price	1395135872483	1395135872484	1395135874752	1395135874752	OK	 
ACTION	Pricing	32	price	1395135874387	1395135874387	1395135874776	1395135874776	OK	 
ACTION	Pricing	19	price	1395135872504	1395135872504	1395135874808	1395135874808	OK	 
ACTION	Pricing	27	price	1395135874372	1395135874373	1395135874827	1395135874827	OK	 
ACTION	Pricing	1	price	1395135872711	1395135872711	1395135874844	1395135874845	OK	 
ACTION	Pricing	13	price	1395135872697	1395135872698	1395135874851	1395135874851	OK	 
ACTION	Pricing	31	price	1395135872699	1395135872700	1395135874878	1395135874879	OK	 
ACTION	Pricing	9	price	1395135871979	1395135871979	1395135874895	1395135874896	OK	 
ACTION	Pricing	31	price	1395135874880	1395135874881	1395135874966	1395135874966	OK	 
ACTION	Pricing	10	price	1395135871938	1395135871938	1395135874995	1395135874996	OK	 
ACTION	Pricing	12	price	1395135874146	1395135874147	1395135875055	1395135875055	OK	 
ACTION	Pricing	14	price	1395135874115	1395135874116	1395135875081	1395135875081	OK	 
ACTION	Pricing	2	price	1395135874074	1395135874074	1395135875127	1395135875127	OK	 
ACTION	Pricing	44	price	1395135872882	1395135872882	1395135875148	1395135875148	OK	 
ACTION	Pricing	48	price	1395135871788	1395135871788	1395135875156	1395135875157	OK	 
ACTION	Pricing	26	price	1395135873998	1395135873999	1395135875211	1395135875212	OK	 
ACTION	Pricing	50	price	1395135873953	1395135873954	1395135875257	1395135875258	OK	 
ACTION	Pricing	16	price	1395135873904	1395135873905	1395135875288	1395135875288	OK	 
ACTION	Pricing	7	price	1395135873899	1395135873900	1395135875329	1395135875329	OK	 
ACTION	Pricing	43	price	1395135873825	1395135873826	1395135875384	1395135875385	OK	 
ACTION	Pricing	30	price	1395135871577	1395135871578	1395135875406	1395135875406	OK	 
ACTION	Pricing	22	price	1395135873766	1395135873766	1395135875447	1395135875448	OK	 
ACTION	Pricing	20	price	1395135873383	1395135873383	1395135875543	1395135875543	OK	 
ACTION	Pricing	3	price	1395135873468	1395135873469	1395135875574	1395135875575	OK	 
ACTION	Pricing	8	price	1395135873380	1395135873383	1395135875586	1395135875586	OK	 
ACTION	Pricing	49	price	1395135873683	1395135873683	1395135875659	1395135875659	OK	 
ACTION	Pricing	42	price	1395135873410	1395135873410	1395135875715	1395135875715	OK	 
ACTION	Pricing	33	price	1395135873229	1395135873229	1395135875792	1395135875792	OK	 
ACTION	Pricing	20	price	1395135875545	1395135875545	1395135875799	1395135875800	OK	 
ACTION	Pricing	41	price	1395135873499	1395135873499	1395135875821	1395135875821	OK	 
ACTION	Pricing	38	price	1395135873586	1395135873586	1395135875825	1395135875825	OK	 
ACTION	Pricing	37	price	1395135873273	1395135873274	1395135875837	1395135875837	OK	 
ACTION	Pricing	22	price	1395135875449	1395135875449	1395135875863	1395135875864	OK	 
ACTION	Pricing	46	price	1395135873619	1395135873620	1395135875883	1395135875883	OK	 
ACTION	Pricing	11	price	1395135873737	1395135873737	1395135875884	1395135875884	OK	 
ACTION	Pricing	30	price	1395135875407	1395135875408	1395135875897	1395135875897	OK	 
ACTION	Pricing	43	price	1395135875386	1395135875386	1395135875928	1395135875928	OK	 
ACTION	Pricing	28	price	1395135873862	1395135873863	1395135875956	1395135875957	OK	 
ACTION	Pricing	7	price	1395135875331	1395135875331	1395135875970	1395135875970	OK	 
ACTION	Pricing	50	price	1395135875259	1395135875259	1395135876161	1395135876162	OK	 
ACTION	Pricing	2	price	1395135875129	1395135875129	1395135876207	1395135876207	OK	 
ACTION	Pricing	18	price	1395135874028	1395135874029	1395135876239	1395135876239	OK	 
ACTION	Pricing	48	price	1395135875158	1395135875158	1395135876242	1395135876243	OK	 
ACTION	Pricing	21	price	1395135873992	1395135873993	1395135876246	1395135876246	OK	 
ACTION	Pricing	26	price	1395135875213	1395135875214	1395135876250	1395135876250	OK	 
ACTION	Pricing	5	price	1395135872812	1395135872813	1395135876517	1395135876517	OK	 
ACTION	Pricing	17	price	1395135872756	1395135872756	1395135876520	1395135876520	OK	 
ACTION	Pricing	40	price	1395135872755	1395135872755	1395135876526	1395135876526	OK	 
ACTION	Pricing	23	price	1395135872770	1395135872770	1395135876542	1395135876542	OK	 
ACTION	Pricing	29	price	1395135874212	1395135874212	1395135876552	1395135876553	OK	 
ACTION	Pricing	4	price	1395135872654	1395135872654	1395135876556	1395135876557	OK	 
ACTION	Pricing	45	price	1395135874745	1395135874745	1395135876560	1395135876560	OK	 
ACTION	Pricing	47	price	1395135874482	1395135874483	1395135876578	1395135876578	OK	 
ACTION	Pricing	13	price	1395135874852	1395135874853	1395135876582	1395135876582	OK	 
ACTION	Pricing	10	price	1395135874997	1395135874998	1395135876613	1395135876613	OK	 
ACTION	Pricing	44	price	1395135875150	1395135875150	1395135876660	1395135876660	OK	 
ACTION	Pricing	43	price	1395135875930	1395135875930	1395135876675	1395135876675	OK	 
ACTION	Pricing	28	price	1395135875958	1395135875958	1395135876675	1395135876675	OK	 
ACTION	Pricing	30	price	1395135875898	1395135875899	1395135876724	1395135876725	OK	 
ACTION	Pricing	11	price	1395135875886	1395135875886	1395135876803	1395135876803	OK	 
ACTION	Pricing	22	price	1395135875865	1395135875866	1395135876834	1395135876834	OK	 
ACTION	Pricing	38	price	1395135875826	1395135875826	1395135876865	1395135876865	OK	 
ACTION	Pricing	20	price	1395135875801	1395135875801	1395135876939	1395135876939	OK	 
ACTION	Pricing	33	price	1395135875794	1395135875794	1395135876964	1395135876964	OK	 
ACTION	Pricing	34	price	1395135873552	1395135873553	1395135876988	1395135876988	OK	 
ACTION	Pricing	49	price	1395135875660	1395135875661	1395135876993	1395135876993	OK	 
ACTION	Pricing	8	price	1395135875587	1395135875588	1395135877020	1395135877020	OK	 
ACTION	Pricing	3	price	1395135875576	1395135875576	1395135877088	1395135877089	OK	 
ACTION	Pricing	49	price	1395135876995	1395135876995	1395135877103	1395135877103	OK	 
ACTION	Pricing	33	price	1395135876966	1395135876966	1395135877137	1395135877138	OK	 
ACTION	Pricing	20	price	1395135876941	1395135876941	1395135877153	1395135877153	OK	 
ACTION	Pricing	42	price	1395135875717	1395135875717	1395135877199	1395135877200	OK	 
ACTION	Pricing	22	price	1395135876836	1395135876836	1395135877244	1395135877245	OK	 
ACTION	Pricing	41	price	1395135875823	1395135875823	1395135877256	1395135877256	OK	 
ACTION	Pricing	37	price	1395135875838	1395135875839	1395135877286	1395135877286	OK	 
ACTION	Pricing	11	price	1395135876804	1395135876805	1395135877291	1395135877291	OK	 
ACTION	Pricing	28	price	1395135876678	1395135876678	1395135877362	1395135877362	OK	 
ACTION	Pricing	30	price	1395135876726	1395135876727	1395135877365	1395135877365	OK	 
ACTION	Pricing	46	price	1395135875885	1395135875885	1395135877392	1395135877392	OK	 
ACTION	Pricing	39	price	1395135873799	1395135873800	1395135877414	1395135877414	OK	 
ACTION	Pricing	44	price	1395135876662	1395135876662	1395135877416	1395135877416	OK	 
ACTION	Pricing	13	price	1395135876583	1395135876584	1395135877473	1395135877474	OK	 
ACTION	Pricing	16	price	1395135875290	1395135875290	1395135877502	1395135877502	OK	 
ACTION	Pricing	4	price	1395135876558	1395135876558	1395135877564	1395135877564	OK	 
ACTION	Pricing	40	price	1395135876529	1395135876529	1395135877642	1395135877643	OK	 
ACTION	Pricing	26	price	1395135876252	1395135876252	1395135877701	1395135877701	OK	 
ACTION	Pricing	14	price	1395135875082	1395135875083	1395135877746	1395135877747	OK	 
ACTION	Pricing	12	price	1395135875057	1395135875057	1395135877778	1395135877778	OK	 
ACTION	Pricing	27	price	1395135874829	1395135874829	1395135877841	1395135877841	OK	 
ACTION	Pricing	1	price	1395135874846	1395135874846	1395135877846	1395135877846	OK	 
ACTION	Pricing	32	price	1395135874777	1395135874777	1395135877859	1395135877859	OK	 
ACTION	Pricing	25	price	1395135874754	1395135874754	1395135877885	1395135877886	OK	 
ACTION	Pricing	6	price	1395135874542	1395135874542	1395135877919	1395135877919	OK	 
ACTION	Pricing	32	price	1395135877860	1395135877861	1395135877990	1395135877990	OK	 
ACTION	Pricing	50	price	1395135876163	1395135876163	1395135877994	1395135877994	OK	 
ACTION	Pricing	15	price	1395135874682	1395135874682	1395135878007	1395135878008	OK	 
ACTION	Pricing	27	price	1395135877843	1395135877844	1395135878046	1395135878046	OK	 
ACTION	Pricing	19	price	1395135874809	1395135874810	1395135878113	1395135878113	OK	 
ACTION	Pricing	31	price	1395135874967	1395135874968	1395135878158	1395135878158	OK	 
ACTION	Pricing	14	price	1395135877748	1395135877748	1395135878165	1395135878166	OK	 
ACTION	Pricing	48	price	1395135876244	1395135876245	1395135878180	1395135878181	OK	 
ACTION	Pricing	21	price	1395135876247	1395135876248	1395135878203	1395135878203	OK	 
ACTION	Pricing	40	price	1395135877644	1395135877645	1395135878281	1395135878281	OK	 
ACTION	Pricing	5	price	1395135876519	1395135876519	1395135878285	1395135878285	OK	 
ACTION	Pricing	23	price	1395135876544	1395135876545	1395135878306	1395135878306	OK	 
ACTION	Pricing	4	price	1395135877566	1395135877566	1395135878356	1395135878357	OK	 
ACTION	Pricing	40	price	1395135878282	1395135878283	1395135878421	1395135878421	OK	 
ACTION	Pricing	29	price	1395135876554	1395135876555	1395135878425	1395135878425	OK	 
ACTION	Pricing	45	price	1395135876561	1395135876561	1395135878448	1395135878449	OK	 
ACTION	Pricing	16	price	1395135877504	1395135877504	1395135878469	1395135878469	OK	 
ACTION	Pricing	47	price	1395135876579	1395135876580	1395135878514	1395135878515	OK	 
ACTION	Pricing	13	price	1395135877476	1395135877477	1395135878519	1395135878520	OK	 
ACTION	Pricing	44	price	1395135877418	1395135877418	1395135878589	1395135878589	OK	 
ACTION	Pricing	10	price	1395135876615	1395135876615	1395135878609	1395135878609	OK	 
ACTION	Pricing	46	price	1395135877393	1395135877393	1395135878628	1395135878629	OK	 
ACTION	Pricing	28	price	1395135877364	1395135877365	1395135878686	1395135878687	OK	 
ACTION	Pricing	11	price	1395135877293	1395135877293	1395135878714	1395135878714	OK	 
ACTION	Pricing	41	price	1395135877257	1395135877258	1395135878779	1395135878779	OK	 
ACTION	Pricing	20	price	1395135877155	1395135877155	1395135878874	1395135878874	OK	 
ACTION	Pricing	49	price	1395135877104	1395135877105	1395135878905	1395135878905	OK	 
ACTION	Pricing	3	price	1395135877090	1395135877091	1395135878959	1395135878959	OK	 
ACTION	Pricing	22	price	1395135877246	1395135877247	1395135878983	1395135878983	OK	 
ACTION	Pricing	8	price	1395135877022	1395135877022	1395135879129	1395135879129	OK	 
ACTION	Pricing	20	price	1395135878876	1395135878876	1395135879129	1395135879129	OK	 
ACTION	Pricing	33	price	1395135877139	1395135877140	1395135879155	1395135879156	OK	 
ACTION	Pricing	42	price	1395135877201	1395135877201	1395135879157	1395135879157	OK	 
ACTION	Pricing	34	price	1395135876990	1395135876990	1395135879160	1395135879160	OK	 
ACTION	Pricing	38	price	1395135876866	1395135876867	1395135879183	1395135879183	OK	 
ACTION	Pricing	3	price	1395135878961	1395135878961	1395135879208	1395135879208	OK	 
ACTION	Pricing	41	price	1395135878781	1395135878781	1395135879232	1395135879233	OK	 
ACTION	Pricing	43	price	1395135876677	1395135876677	1395135879261	1395135879262	OK	 
ACTION	Pricing	11	price	1395135878715	1395135878716	1395135879297	1395135879298	OK	 
ACTION	Pricing	28	price	1395135878688	1395135878688	1395135879320	1395135879320	OK	 
ACTION	Pricing	46	price	1395135878630	1395135878631	1395135879380	1395135879380	OK	 
ACTION	Pricing	11	price	1395135879299	1395135879300	1395135879396	1395135879396	OK	 
ACTION	Pricing	44	price	1395135878594	1395135878594	1395135879437	1395135879437	OK	 
ACTION	Pricing	46	price	1395135879382	1395135879382	1395135879491	1395135879492	OK	 
ACTION	Pricing	39	price	1395135877416	1395135877416	1395135879513	1395135879514	OK	 
ACTION	Pricing	45	price	1395135878450	1395135878451	1395135879566	1395135879567	OK	 
ACTION	Pricing	29	price	1395135878426	1395135878427	1395135879613	1395135879613	OK	 
ACTION	Pricing	40	price	1395135878423	1395135878423	1395135879651	1395135879651	OK	 
ACTION	Pricing	4	price	1395135878358	1395135878359	1395135879671	1395135879671	OK	 
ACTION	Pricing	23	price	1395135878308	1395135878308	1395135879699	1395135879699	OK	 
ACTION	Pricing	5	price	1395135878287	1395135878287	1395135879740	1395135879740	OK	 
ACTION	Pricing	18	price	1395135876240	1395135876241	1395135879787	1395135879788	OK	 
ACTION	Pricing	14	price	1395135878167	1395135878167	1395135879841	1395135879841	OK	 
ACTION	Pricing	26	price	1395135877703	1395135877704	1395135879900	1395135879900	OK	 
ACTION	Pricing	24	price	1395135874185	1395135874185	1395135879915	1395135879916	OK	 
ACTION	Pricing	9	price	1395135874897	1395135874897	1395135879932	1395135879933	OK	 
ACTION	Pricing	27	price	1395135878048	1395135878048	1395135879954	1395135879954	OK	 
ACTION	Pricing	12	price	1395135877780	1395135877780	1395135879978	1395135879978	OK	 
ACTION	Pricing	2	price	1395135876209	1395135876209	1395135880015	1395135880015	OK	 
ACTION	Pricing	1	price	1395135877847	1395135877848	1395135880081	1395135880081	OK	 
ACTION	Pricing	6	price	1395135877920	1395135877921	1395135880094	1395135880094	OK	 
ACTION	Pricing	36	price	1395135874572	1395135874573	1395135880105	1395135880105	OK	 
ACTION	Pricing	35	price	1395135874646	1395135874647	1395135880109	1395135880109	OK	 
ACTION	Pricing	25	price	1395135877887	1395135877887	1395135880149	1395135880149	OK	 
ACTION	Pricing	12	price	1395135879979	1395135879979	1395135880196	1395135880196	OK	 
ACTION	Pricing	32	price	1395135877992	1395135877992	1395135880238	1395135880238	OK	 
ACTION	Pricing	24	price	1395135879918	1395135879918	1395135880294	1395135880295	OK	 
ACTION	Pricing	14	price	1395135879842	1395135879842	1395135880391	1395135880391	OK	 
ACTION	Pricing	19	price	1395135878115	1395135878115	1395135880393	1395135880393	OK	 
ACTION	Pricing	31	price	1395135878160	1395135878160	1395135880421	1395135880421	OK	 
ACTION	Pricing	7	price	1395135875971	1395135875972	1395135880436	1395135880436	OK	 
ACTION	Pricing	18	price	1395135879790	1395135879790	1395135880450	1395135880450	OK	 
ACTION	Pricing	48	price	1395135878182	1395135878183	1395135880466	1395135880466	OK	 
ACTION	Pricing	17	price	1395135876521	1395135876529	1395135880499	1395135880499	OK	 
ACTION	Pricing	23	price	1395135879701	1395135879701	1395135880513	1395135880514	OK	 
ACTION	Pricing	21	price	1395135878205	1395135878206	1395135880561	1395135880561	OK	 
ACTION	Pricing	45	price	1395135879568	1395135879568	1395135880656	1395135880656	OK	 
ACTION	Pricing	39	price	1395135879516	1395135879516	1395135880665	1395135880665	OK	 
ACTION	Pricing	46	price	1395135879494	1395135879494	1395135880712	1395135880713	OK	 
ACTION	Pricing	47	price	1395135878518	1395135878518	1395135880734	1395135880734	OK	 
ACTION	Pricing	16	price	1395135878470	1395135878470	1395135880751	1395135880751	OK	 
SCENARIO	Pricing	16	END	1395135880752
ACTION	Pricing	13	price	1395135878521	1395135878522	1395135880768	1395135880769	OK	 
SCENARIO	Pricing	13	END	1395135880769
ACTION	Pricing	43	price	1395135879263	1395135879264	1395135880937	1395135880937	OK	 
SCENARIO	Pricing	43	END	1395135880938
ACTION	Pricing	10	price	1395135878611	1395135878611	1395135880938	1395135880938	OK	 
SCENARIO	Pricing	10	END	1395135880938
ACTION	Pricing	3	price	1395135879210	1395135879210	1395135880948	1395135880949	OK	 
SCENARIO	Pricing	3	END	1395135880949
ACTION	Pricing	38	price	1395135879185	1395135879185	1395135880984	1395135880984	OK	 
SCENARIO	Pricing	38	END	1395135880985
ACTION	Pricing	37	price	1395135877288	1395135877288	1395135881017	1395135881017	OK	 
SCENARIO	Pricing	37	END	1395135881018
ACTION	Pricing	33	price	1395135879157	1395135879158	1395135881024	1395135881024	OK	 
SCENARIO	Pricing	33	END	1395135881024
ACTION	Pricing	8	price	1395135879131	1395135879131	1395135881052	1395135881053	OK	 
SCENARIO	Pricing	8	END	1395135881054
ACTION	Pricing	22	price	1395135878985	1395135878985	1395135881086	1395135881086	OK	 
SCENARIO	Pricing	22	END	1395135881087
ACTION	Pricing	49	price	1395135878907	1395135878907	1395135881126	1395135881126	OK	 
SCENARIO	Pricing	49	END	1395135881127
ACTION	Pricing	41	price	1395135879234	1395135879235	1395135881316	1395135881316	OK	 
SCENARIO	Pricing	41	END	1395135881317
ACTION	Pricing	29	price	1395135879615	1395135879615	1395135881376	1395135881376	OK	 
SCENARIO	Pricing	29	END	1395135881377
ACTION	Pricing	28	price	1395135879322	1395135879323	1395135881818	1395135881818	OK	 
SCENARIO	Pricing	28	END	1395135881819
ACTION	Pricing	15	price	1395135878009	1395135878009	1395135881838	1395135881839	OK	 
SCENARIO	Pricing	15	END	1395135881839
ACTION	Pricing	2	price	1395135880016	1395135880017	1395135881846	1395135881847	OK	 
ACTION	Pricing	25	price	1395135880150	1395135880151	1395135881847	1395135881847	OK	 
SCENARIO	Pricing	25	END	1395135881848
SCENARIO	Pricing	2	END	1395135881848
ACTION	Pricing	23	price	1395135880515	1395135880515	1395135881849	1395135881849	OK	 
SCENARIO	Pricing	23	END	1395135881849
ACTION	Pricing	4	price	1395135879672	1395135879672	1395135881851	1395135881851	OK	 
SCENARIO	Pricing	4	END	1395135881852
ACTION	Pricing	5	price	1395135879741	1395135879741	1395135881908	1395135881908	OK	 
SCENARIO	Pricing	5	END	1395135881909
ACTION	Pricing	47	price	1395135880735	1395135880736	1395135881931	1395135881931	OK	 
SCENARIO	Pricing	47	END	1395135881932
ACTION	Pricing	50	price	1395135877995	1395135877996	1395135881953	1395135881953	OK	 
SCENARIO	Pricing	50	END	1395135881954
ACTION	Pricing	12	price	1395135880198	1395135880198	1395135881962	1395135881962	OK	 
SCENARIO	Pricing	12	END	1395135881963
ACTION	Pricing	32	price	1395135880240	1395135880240	1395135881964	1395135881964	OK	 
SCENARIO	Pricing	32	END	1395135881964
ACTION	Pricing	26	price	1395135879902	1395135879902	1395135881970	1395135881970	OK	 
SCENARIO	Pricing	26	END	1395135881970
ACTION	Pricing	48	price	1395135880468	1395135880469	1395135881977	1395135881978	OK	 
SCENARIO	Pricing	48	END	1395135881978
ACTION	Pricing	40	price	1395135879653	1395135879653	1395135881995	1395135881995	OK	 
SCENARIO	Pricing	40	END	1395135881996
ACTION	Pricing	44	price	1395135879439	1395135879439	1395135881997	1395135881997	OK	 
SCENARIO	Pricing	44	END	1395135881998
ACTION	Pricing	1	price	1395135880082	1395135880083	1395135881997	1395135881997	OK	 
SCENARIO	Pricing	1	END	1395135881998
ACTION	Pricing	45	price	1395135880657	1395135880658	1395135881998	1395135881998	OK	 
SCENARIO	Pricing	45	END	1395135881999
ACTION	Pricing	7	price	1395135880438	1395135880438	1395135881998	1395135881999	OK	 
SCENARIO	Pricing	7	END	1395135882000
ACTION	Pricing	36	price	1395135880106	1395135880107	1395135882006	1395135882006	OK	 
SCENARIO	Pricing	36	END	1395135882006
ACTION	Pricing	46	price	1395135880714	1395135880715	1395135882025	1395135882026	OK	 
SCENARIO	Pricing	46	END	1395135882026
ACTION	Pricing	35	price	1395135880110	1395135880111	1395135882049	1395135882049	OK	 
SCENARIO	Pricing	35	END	1395135882050
ACTION	Pricing	6	price	1395135880096	1395135880097	1395135882064	1395135882064	OK	 
SCENARIO	Pricing	6	END	1395135882065
ACTION	Pricing	9	price	1395135879934	1395135879935	1395135882084	1395135882085	OK	 
SCENARIO	Pricing	9	END	1395135882085
ACTION	Pricing	27	price	1395135879955	1395135879956	1395135882085	1395135882086	OK	 
SCENARIO	Pricing	27	END	1395135882086
ACTION	Pricing	24	price	1395135880296	1395135880297	1395135882095	1395135882095	OK	 
SCENARIO	Pricing	24	END	1395135882096
ACTION	Pricing	14	price	1395135880393	1395135880394	1395135882097	1395135882098	OK	 
SCENARIO	Pricing	14	END	1395135882098
ACTION	Pricing	20	price	1395135879130	1395135879131	1395135882110	1395135882111	OK	 
SCENARIO	Pricing	20	END	1395135882111
ACTION	Pricing	34	price	1395135879162	1395135879162	1395135882131	1395135882131	OK	 
SCENARIO	Pricing	34	END	1395135882132
ACTION	Pricing	19	price	1395135880395	1395135880395	1395135882141	1395135882141	OK	 
SCENARIO	Pricing	19	END	1395135882142
ACTION	Pricing	18	price	1395135880451	1395135880452	1395135882160	1395135882160	OK	 
SCENARIO	Pricing	18	END	1395135882161
ACTION	Pricing	17	price	1395135880500	1395135880501	1395135882206	1395135882207	OK	 
SCENARIO	Pricing	17	END	1395135882207
ACTION	Pricing	21	price	1395135880563	1395135880563	1395135882210	1395135882211	OK	 
SCENARIO	Pricing	21	END	1395135882211
ACTION	Pricing	39	price	1395135880667	1395135880667	1395135882213	1395135882213	OK	 
SCENARIO	Pricing	39	END	1395135882213
ACTION	Pricing	42	price	1395135879159	1395135879159	1395135882233	1395135882234	OK	 
SCENARIO	Pricing	42	END	1395135882234
ACTION	Pricing	30	price	1395135877366	1395135877367	1395135882236	1395135882237	OK	 
SCENARIO	Pricing	30	END	1395135882237
ACTION	Pricing	11	price	1395135879397	1395135879398	1395135882242	1395135882243	OK	 
SCENARIO	Pricing	11	END	1395135882243
ACTION	Pricing	31	price	1395135880422	1395135880422	1395135882254	1395135882254	OK	 
SCENARIO	Pricing	31	END	1395135882255
