RUN	20140318130821	pricingsimulation	pricingsimulation
SCENARIO	Pricing	57	START	1395148104224
SCENARIO	Pricing	84	START	1395148104227
SCENARIO	Pricing	94	START	1395148104228
SCENARIO	Pricing	93	START	1395148104228
SCENARIO	Pricing	2	START	1395148104228
SCENARIO	Pricing	5	START	1395148104228
SCENARIO	Pricing	10	START	1395148104228
SCENARIO	Pricing	41	START	1395148104228
SCENARIO	Pricing	4	START	1395148104228
SCENARIO	Pricing	96	START	1395148104228
SCENARIO	Pricing	42	START	1395148104228
SCENARIO	Pricing	8	START	1395148104228
SCENARIO	Pricing	28	START	1395148104228
SCENARIO	Pricing	24	START	1395148104228
SCENARIO	Pricing	54	START	1395148104228
SCENARIO	Pricing	14	START	1395148104228
SCENARIO	Pricing	98	START	1395148104233
SCENARIO	Pricing	61	START	1395148104233
SCENARIO	Pricing	86	START	1395148104233
SCENARIO	Pricing	35	START	1395148104233
SCENARIO	Pricing	6	START	1395148104234
SCENARIO	Pricing	18	START	1395148104234
SCENARIO	Pricing	97	START	1395148104235
SCENARIO	Pricing	58	START	1395148104235
SCENARIO	Pricing	22	START	1395148104235
SCENARIO	Pricing	33	START	1395148104235
SCENARIO	Pricing	62	START	1395148104235
SCENARIO	Pricing	80	START	1395148104235
SCENARIO	Pricing	31	START	1395148104235
SCENARIO	Pricing	46	START	1395148104235
SCENARIO	Pricing	16	START	1395148104235
SCENARIO	Pricing	72	START	1395148104235
SCENARIO	Pricing	70	START	1395148104235
SCENARIO	Pricing	77	START	1395148104235
SCENARIO	Pricing	19	START	1395148104235
SCENARIO	Pricing	55	START	1395148104236
SCENARIO	Pricing	30	START	1395148104236
SCENARIO	Pricing	44	START	1395148104236
SCENARIO	Pricing	13	START	1395148104236
SCENARIO	Pricing	63	START	1395148104236
SCENARIO	Pricing	85	START	1395148104236
SCENARIO	Pricing	64	START	1395148104236
SCENARIO	Pricing	78	START	1395148104236
SCENARIO	Pricing	25	START	1395148104236
SCENARIO	Pricing	7	START	1395148104236
SCENARIO	Pricing	39	START	1395148104236
SCENARIO	Pricing	26	START	1395148104236
SCENARIO	Pricing	99	START	1395148104236
SCENARIO	Pricing	68	START	1395148104236
SCENARIO	Pricing	83	START	1395148104236
SCENARIO	Pricing	37	START	1395148104236
SCENARIO	Pricing	38	START	1395148104236
SCENARIO	Pricing	23	START	1395148104236
SCENARIO	Pricing	20	START	1395148104236
SCENARIO	Pricing	11	START	1395148104236
SCENARIO	Pricing	56	START	1395148104236
SCENARIO	Pricing	47	START	1395148104236
SCENARIO	Pricing	32	START	1395148104236
SCENARIO	Pricing	51	START	1395148104236
SCENARIO	Pricing	81	START	1395148104236
SCENARIO	Pricing	89	START	1395148104236
SCENARIO	Pricing	34	START	1395148104237
SCENARIO	Pricing	90	START	1395148104237
SCENARIO	Pricing	21	START	1395148104237
SCENARIO	Pricing	52	START	1395148104237
SCENARIO	Pricing	88	START	1395148104237
SCENARIO	Pricing	40	START	1395148104237
SCENARIO	Pricing	87	START	1395148104237
SCENARIO	Pricing	50	START	1395148104237
SCENARIO	Pricing	12	START	1395148104237
SCENARIO	Pricing	65	START	1395148104237
SCENARIO	Pricing	45	START	1395148104237
SCENARIO	Pricing	9	START	1395148104237
SCENARIO	Pricing	60	START	1395148104237
SCENARIO	Pricing	67	START	1395148104237
SCENARIO	Pricing	79	START	1395148104237
SCENARIO	Pricing	95	START	1395148104237
SCENARIO	Pricing	48	START	1395148104237
SCENARIO	Pricing	82	START	1395148104237
SCENARIO	Pricing	75	START	1395148104237
SCENARIO	Pricing	100	START	1395148104237
SCENARIO	Pricing	92	START	1395148104237
SCENARIO	Pricing	71	START	1395148104237
SCENARIO	Pricing	73	START	1395148104237
SCENARIO	Pricing	49	START	1395148104237
SCENARIO	Pricing	15	START	1395148104237
SCENARIO	Pricing	76	START	1395148104237
SCENARIO	Pricing	29	START	1395148104237
SCENARIO	Pricing	69	START	1395148104237
SCENARIO	Pricing	66	START	1395148104237
SCENARIO	Pricing	1	START	1395148104238
SCENARIO	Pricing	17	START	1395148104238
SCENARIO	Pricing	53	START	1395148104238
SCENARIO	Pricing	74	START	1395148104238
SCENARIO	Pricing	27	START	1395148104238
SCENARIO	Pricing	3	START	1395148104238
SCENARIO	Pricing	91	START	1395148104238
SCENARIO	Pricing	36	START	1395148104238
SCENARIO	Pricing	59	START	1395148104238
SCENARIO	Pricing	43	START	1395148104238
ACTION	Pricing	82	price	1395148104625	1395148104627	1395148112015	1395148112214	OK	 
ACTION	Pricing	54	price	1395148104389	1395148104405	1395148112024	1395148112215	OK	 
ACTION	Pricing	55	price	1395148104506	1395148104520	1395148112018	1395148112214	OK	 
ACTION	Pricing	18	price	1395148104442	1395148104449	1395148112218	1395148112219	OK	 
ACTION	Pricing	6	price	1395148104436	1395148104441	1395148112060	1395148112216	OK	 
ACTION	Pricing	92	price	1395148104633	1395148104637	1395148112015	1395148112215	OK	 
ACTION	Pricing	43	price	1395148104671	1395148104674	1395148112021	1395148112217	OK	 
ACTION	Pricing	23	price	1395148104566	1395148104568	1395148112015	1395148112216	OK	 
ACTION	Pricing	9	price	1395148104616	1395148104617	1395148112075	1395148112217	OK	 
ACTION	Pricing	78	price	1395148104540	1395148104543	1395148112210	1395148112219	OK	 
ACTION	Pricing	36	price	1395148104662	1395148104669	1395148112022	1395148112219	OK	 
ACTION	Pricing	70	price	1395148104491	1395148104498	1395148112044	1395148112220	OK	 
ACTION	Pricing	35	price	1395148104429	1395148104434	1395148112033	1395148112218	OK	 
ACTION	Pricing	60	price	1395148104617	1395148104619	1395148112023	1395148112219	OK	 
ACTION	Pricing	38	price	1395148104563	1395148104567	1395148112069	1395148112223	OK	 
ACTION	Pricing	7	price	1395148104545	1395148104547	1395148112046	1395148112221	OK	 
ACTION	Pricing	64	price	1395148104537	1395148104539	1395148112054	1395148112219	OK	 
ACTION	Pricing	86	price	1395148104422	1395148104426	1395148112034	1395148112219	OK	 
ACTION	Pricing	76	price	1395148104641	1395148104644	1395148112056	1395148112219	OK	 
ACTION	Pricing	11	price	1395148104571	1395148104572	1395148112058	1395148112220	OK	 
ACTION	Pricing	29	price	1395148104643	1395148104646	1395148112070	1395148112224	OK	 
ACTION	Pricing	95	price	1395148104622	1395148104624	1395148112057	1395148112221	OK	 
ACTION	Pricing	49	price	1395148104637	1395148104640	1395148112060	1395148112252	OK	 
ACTION	Pricing	12	price	1395148104612	1395148104613	1395148112027	1395148112253	OK	 
ACTION	Pricing	59	price	1395148104666	1395148104669	1395148112029	1395148112252	OK	 
ACTION	Pricing	40	price	1395148104607	1395148104608	1395148112030	1395148112256	OK	 
ACTION	Pricing	63	price	1395148104511	1395148104535	1395148112035	1395148112250	OK	 
ACTION	Pricing	67	price	1395148104619	1395148104622	1395148112055	1395148112262	OK	 
ACTION	Pricing	34	price	1395148104592	1395148104594	1395148112033	1395148112254	OK	 
ACTION	Pricing	98	price	1395148104409	1395148104415	1395148112029	1395148112256	OK	 
ACTION	Pricing	96	price	1395148104364	1395148104372	1395148112042	1395148112254	OK	 
ACTION	Pricing	71	price	1395148104633	1395148104636	1395148112068	1395148112262	OK	 
ACTION	Pricing	2	price	1395148104336	1395148104349	1395148112071	1395148112260	OK	 
ACTION	Pricing	32	price	1395148104578	1395148104580	1395148112050	1395148112255	OK	 
ACTION	Pricing	42	price	1395148104369	1395148104376	1395148112077	1395148112262	OK	 
ACTION	Pricing	73	price	1395148104634	1395148104638	1395148112042	1395148112256	OK	 
ACTION	Pricing	74	price	1395148104653	1395148104656	1395148112258	1395148112258	OK	 
ACTION	Pricing	21	price	1395148104599	1395148104601	1395148112041	1395148112256	OK	 
ACTION	Pricing	77	price	1395148104498	1395148104501	1395148112039	1395148112258	OK	 
ACTION	Pricing	97	price	1395148104445	1395148104449	1395148112078	1395148112263	OK	 
ACTION	Pricing	51	price	1395148104580	1395148104586	1395148112051	1395148112265	OK	 
ACTION	Pricing	27	price	1395148104655	1395148104661	1395148112076	1395148112265	OK	 
ACTION	Pricing	1	price	1395148104649	1395148104651	1395148112079	1395148112265	OK	 
ACTION	Pricing	41	price	1395148104353	1395148104357	1395148112047	1395148112264	OK	 
ACTION	Pricing	75	price	1395148104628	1395148104632	1395148112063	1395148112264	OK	 
ACTION	Pricing	4	price	1395148104358	1395148104363	1395148112043	1395148112267	OK	 
ACTION	Pricing	19	price	1395148104502	1395148104506	1395148112031	1395148112266	OK	 
ACTION	Pricing	14	price	1395148104403	1395148104410	1395148112027	1395148112277	OK	 
ACTION	Pricing	91	price	1395148104662	1395148104672	1395148112045	1395148112267	OK	 
ACTION	Pricing	28	price	1395148104379	1395148104398	1395148112052	1395148112267	OK	 
ACTION	Pricing	79	price	1395148104622	1395148104623	1395148112038	1395148112277	OK	 
ACTION	Pricing	80	price	1395148104468	1395148104475	1395148112041	1395148112277	OK	 
ACTION	Pricing	65	price	1395148104613	1395148104614	1395148112045	1395148112266	OK	 
ACTION	Pricing	52	price	1395148104602	1395148104604	1395148112073	1395148112268	OK	 
ACTION	Pricing	39	price	1395148104548	1395148104551	1395148112021	1395148112270	OK	 
ACTION	Pricing	62	price	1395148104465	1395148104475	1395148112025	1395148112272	OK	 
ACTION	Pricing	83	price	1395148104558	1395148104560	1395148112026	1395148112270	OK	 
ACTION	Pricing	56	price	1395148104573	1395148104576	1395148112030	1395148112263	OK	 
ACTION	Pricing	100	price	1395148104632	1395148104636	1395148112034	1395148112266	OK	 
ACTION	Pricing	17	price	1395148104650	1395148104651	1395148112048	1395148112277	OK	 
ACTION	Pricing	31	price	1395148104471	1395148104478	1395148112074	1395148112268	OK	 
ACTION	Pricing	10	price	1395148104345	1395148104352	1395148112040	1395148112273	OK	 
ACTION	Pricing	15	price	1395148104639	1395148104641	1395148112027	1395148112271	OK	 
ACTION	Pricing	3	price	1395148104658	1395148104671	1395148112054	1395148112277	OK	 
ACTION	Pricing	20	price	1395148104569	1395148104570	1395148112046	1395148112271	OK	 
ACTION	Pricing	84	price	1395148104319	1395148104323	1395148112061	1395148112271	OK	 
ACTION	Pricing	90	price	1395148104594	1395148104598	1395148112042	1395148112273	OK	 
ACTION	Pricing	26	price	1395148104549	1395148104553	1395148112047	1395148112274	OK	 
ACTION	Pricing	16	price	1395148104484	1395148104490	1395148112057	1395148112274	OK	 
ACTION	Pricing	13	price	1395148104510	1395148104519	1395148112052	1395148112274	OK	 
ACTION	Pricing	45	price	1395148104614	1395148104615	1395148112058	1395148112278	OK	 
ACTION	Pricing	85	price	1395148104535	1395148104537	1395148112040	1395148112269	OK	 
ACTION	Pricing	94	price	1395148104332	1395148104346	1395148112080	1395148112274	OK	 
ACTION	Pricing	5	price	1395148104343	1395148104350	1395148112062	1395148112284	OK	 
ACTION	Pricing	53	price	1395148104652	1395148104653	1395148112031	1395148112261	OK	 
ACTION	Pricing	72	price	1395148104490	1395148104494	1395148112069	1395148112278	OK	 
ACTION	Pricing	47	price	1395148104576	1395148104577	1395148112022	1395148112297	OK	 
ACTION	Pricing	61	price	1395148104416	1395148104421	1395148112064	1395148112284	OK	 
ACTION	Pricing	69	price	1395148104645	1395148104649	1395148112059	1395148112269	OK	 
ACTION	Pricing	93	price	1395148104335	1395148104349	1395148112093	1395148112278	OK	 
ACTION	Pricing	58	price	1395148104456	1395148104462	1395148112064	1395148112278	OK	 
ACTION	Pricing	8	price	1395148104376	1395148104378	1395148112071	1395148112278	OK	 
ACTION	Pricing	46	price	1395148104482	1395148104487	1395148112064	1395148112284	OK	 
ACTION	Pricing	88	price	1395148104604	1395148104606	1395148112049	1395148112285	OK	 
ACTION	Pricing	37	price	1395148104562	1395148104564	1395148112299	1395148112299	OK	 
ACTION	Pricing	44	price	1395148104509	1395148104522	1395148112060	1395148112285	OK	 
ACTION	Pricing	57	price	1395148104317	1395148104319	1395148112027	1395148112297	OK	 
ACTION	Pricing	24	price	1395148104389	1395148104399	1395148112062	1395148112285	OK	 
ACTION	Pricing	87	price	1395148104608	1395148104610	1395148112161	1395148112279	OK	 
ACTION	Pricing	33	price	1395148104463	1395148104475	1395148112063	1395148112285	OK	 
ACTION	Pricing	81	price	1395148104586	1395148104589	1395148112133	1395148112279	OK	 
ACTION	Pricing	30	price	1395148104508	1395148104519	1395148112085	1395148112297	OK	 
ACTION	Pricing	25	price	1395148104542	1395148104545	1395148112292	1395148112292	OK	 
ACTION	Pricing	48	price	1395148104622	1395148104625	1395148112036	1395148112284	OK	 
ACTION	Pricing	89	price	1395148104590	1395148104594	1395148112161	1395148112297	OK	 
ACTION	Pricing	68	price	1395148104556	1395148104558	1395148112163	1395148112297	OK	 
ACTION	Pricing	22	price	1395148104458	1395148104462	1395148112037	1395148112297	OK	 
ACTION	Pricing	99	price	1395148104554	1395148104556	1395148112302	1395148112303	OK	 
ACTION	Pricing	50	price	1395148104609	1395148104612	1395148112360	1395148112360	OK	 
ACTION	Pricing	66	price	1395148104646	1395148104650	1395148112377	1395148112377	OK	 
ACTION	Pricing	29	price	1395148112409	1395148112411	1395148112787	1395148112788	OK	 
ACTION	Pricing	5	price	1395148112488	1395148112489	1395148112787	1395148112788	OK	 
ACTION	Pricing	96	price	1395148112424	1395148112425	1395148117031	1395148117037	OK	 
ACTION	Pricing	1	price	1395148112440	1395148112444	1395148117034	1395148117037	OK	 
ACTION	Pricing	8	price	1395148112501	1395148112502	1395148117034	1395148117039	OK	 
ACTION	Pricing	91	price	1395148112451	1395148112452	1395148117035	1395148117041	OK	 
ACTION	Pricing	52	price	1395148112459	1395148112460	1395148117042	1395148117047	OK	 
ACTION	Pricing	14	price	1395148112449	1395148112450	1395148117040	1395148117047	OK	 
ACTION	Pricing	62	price	1395148112461	1395148112461	1395148117038	1395148117047	OK	 
ACTION	Pricing	57	price	1395148112508	1395148112509	1395148117048	1395148117051	OK	 
ACTION	Pricing	81	price	1395148112514	1395148112514	1395148117047	1395148117051	OK	 
ACTION	Pricing	55	price	1395148112369	1395148112369	1395148117051	1395148117052	OK	 
ACTION	Pricing	20	price	1395148112474	1395148112475	1395148117037	1395148117052	OK	 
ACTION	Pricing	65	price	1395148112458	1395148112458	1395148117047	1395148117053	OK	 
ACTION	Pricing	97	price	1395148112437	1395148112437	1395148117054	1395148117057	OK	 
ACTION	Pricing	44	price	1395148112507	1395148112507	1395148117057	1395148117061	OK	 
ACTION	Pricing	2	price	1395148112427	1395148112427	1395148117059	1395148117061	OK	 
ACTION	Pricing	46	price	1395148112503	1395148112503	1395148117062	1395148117064	OK	 
ACTION	Pricing	92	price	1395148112375	1395148112375	1395148117087	1395148117088	OK	 
ACTION	Pricing	64	price	1395148112400	1395148112401	1395148117093	1395148117093	OK	 
ACTION	Pricing	49	price	1395148112414	1395148112414	1395148117145	1395148117146	OK	 
ACTION	Pricing	26	price	1395148112479	1395148112479	1395148117191	1395148117192	OK	 
ACTION	Pricing	63	price	1395148112418	1395148112419	1395148117236	1395148117238	OK	 
ACTION	Pricing	18	price	1395148112434	1395148112435	1395148117236	1395148117241	OK	 
ACTION	Pricing	77	price	1395148112436	1395148112436	1395148117280	1395148117281	OK	 
ACTION	Pricing	99	price	1395148112524	1395148112524	1395148117280	1395148117281	OK	 
ACTION	Pricing	76	price	1395148112405	1395148112407	1395148117285	1395148117286	OK	 
ACTION	Pricing	22	price	1395148112522	1395148112522	1395148117317	1395148117317	OK	 
ACTION	Pricing	39	price	1395148112460	1395148112460	1395148117427	1395148117427	OK	 
ACTION	Pricing	82	price	1395148112376	1395148112377	1395148117440	1395148117441	OK	 
ACTION	Pricing	17	price	1395148112465	1395148112466	1395148117504	1395148117504	OK	 
ACTION	Pricing	33	price	1395148112512	1395148112513	1395148117510	1395148117510	OK	 
ACTION	Pricing	24	price	1395148112510	1395148112510	1395148117609	1395148117609	OK	 
ACTION	Pricing	10	price	1395148112469	1395148112470	1395148117620	1395148117621	OK	 
ACTION	Pricing	19	price	1395148112448	1395148112448	1395148117733	1395148117733	OK	 
ACTION	Pricing	37	price	1395148112505	1395148112506	1395148117734	1395148117735	OK	 
ACTION	Pricing	88	price	1395148112504	1395148112504	1395148117777	1395148117777	OK	 
ACTION	Pricing	28	price	1395148112453	1395148112453	1395148117778	1395148117779	OK	 
ACTION	Pricing	100	price	1395148112463	1395148112464	1395148117829	1395148117829	OK	 
ACTION	Pricing	93	price	1395148112499	1395148112499	1395148117833	1395148117834	OK	 
ACTION	Pricing	58	price	1395148112500	1395148112500	1395148117928	1395148117928	OK	 
ACTION	Pricing	51	price	1395148112438	1395148112438	1395148117927	1395148117928	OK	 
ACTION	Pricing	75	price	1395148112442	1395148112443	1395148117930	1395148117931	OK	 
ACTION	Pricing	11	price	1395148112407	1395148112408	1395148117951	1395148117952	OK	 
ACTION	Pricing	3	price	1395148112473	1395148112473	1395148117973	1395148117975	OK	 
ACTION	Pricing	27	price	1395148112440	1395148112444	1395148117975	1395148117976	OK	 
ACTION	Pricing	79	price	1395148112455	1395148112456	1395148117974	1395148117974	OK	 
ACTION	Pricing	25	price	1395148112517	1395148112517	1395148117984	1395148117985	OK	 
ACTION	Pricing	30	price	1395148112515	1395148112516	1395148118001	1395148118002	OK	 
ACTION	Pricing	48	price	1395148112518	1395148112519	1395148118004	1395148118004	OK	 
ACTION	Pricing	84	price	1395148112476	1395148112477	1395148118005	1395148118005	OK	 
ACTION	Pricing	60	price	1395148112395	1395148112395	1395148118005	1395148118006	OK	 
ACTION	Pricing	90	price	1395148112477	1395148112478	1395148118007	1395148118008	OK	 
ACTION	Pricing	50	price	1395148112525	1395148112525	1395148118008	1395148118008	OK	 
ACTION	Pricing	68	price	1395148112520	1395148112521	1395148118008	1395148118008	OK	 
ACTION	Pricing	71	price	1395148112426	1395148112426	1395148118008	1395148118008	OK	 
ACTION	Pricing	34	price	1395148112422	1395148112422	1395148118011	1395148118012	OK	 
ACTION	Pricing	54	price	1395148112433	1395148112434	1395148118015	1395148118016	OK	 
ACTION	Pricing	16	price	1395148112480	1395148112481	1395148118015	1395148118015	OK	 
ACTION	Pricing	78	price	1395148112386	1395148112386	1395148118020	1395148118020	OK	 
ACTION	Pricing	98	price	1395148112423	1395148112424	1395148118051	1395148118051	OK	 
ACTION	Pricing	7	price	1395148112398	1395148112399	1395148118053	1395148118053	OK	 
ACTION	Pricing	13	price	1395148112482	1395148112482	1395148118078	1395148118078	OK	 
ACTION	Pricing	45	price	1395148112483	1395148112484	1395148118080	1395148118080	OK	 
ACTION	Pricing	41	price	1395148112441	1395148112441	1395148118125	1395148118126	OK	 
ACTION	Pricing	15	price	1395148112470	1395148112471	1395148118125	1395148118126	OK	 
ACTION	Pricing	86	price	1395148112405	1395148112405	1395148118128	1395148118128	OK	 
ACTION	Pricing	42	price	1395148112429	1395148112430	1395148118129	1395148118129	OK	 
ACTION	Pricing	83	price	1395148112523	1395148112523	1395148118128	1395148118129	OK	 
ACTION	Pricing	80	price	1395148112457	1395148112457	1395148118132	1395148118133	OK	 
ACTION	Pricing	59	price	1395148112416	1395148112416	1395148118133	1395148118133	OK	 
ACTION	Pricing	35	price	1395148112390	1395148112391	1395148118131	1395148118132	OK	 
ACTION	Pricing	87	price	1395148112511	1395148112512	1395148118134	1395148118134	OK	 
ACTION	Pricing	89	price	1395148112519	1395148112520	1395148118135	1395148118135	OK	 
ACTION	Pricing	9	price	1395148112383	1395148112383	1395148118135	1395148118136	OK	 
ACTION	Pricing	70	price	1395148112388	1395148112389	1395148118141	1395148118141	OK	 
ACTION	Pricing	6	price	1395148112370	1395148112371	1395148118142	1395148118142	OK	 
ACTION	Pricing	73	price	1395148112430	1395148112431	1395148118145	1395148118145	OK	 
ACTION	Pricing	67	price	1395148112420	1395148112421	1395148118145	1395148118146	OK	 
ACTION	Pricing	94	price	1395148112487	1395148112487	1395148118146	1395148118146	OK	 
ACTION	Pricing	95	price	1395148112412	1395148112413	1395148118148	1395148118148	OK	 
ACTION	Pricing	23	price	1395148112381	1395148112382	1395148118148	1395148118149	OK	 
ACTION	Pricing	40	price	1395148112417	1395148112418	1395148118148	1395148118149	OK	 
ACTION	Pricing	12	price	1395148112414	1395148112415	1395148118140	1395148118150	OK	 
ACTION	Pricing	47	price	1395148112493	1395148112494	1395148118150	1395148118150	OK	 
ACTION	Pricing	36	price	1395148112386	1395148112387	1395148118151	1395148118152	OK	 
ACTION	Pricing	74	price	1395148112431	1395148112432	1395148118152	1395148118152	OK	 
ACTION	Pricing	32	price	1395148112428	1395148112429	1395148118159	1395148118160	OK	 
ACTION	Pricing	66	price	1395148112526	1395148112526	1395148118162	1395148118163	OK	 
ACTION	Pricing	61	price	1395148112494	1395148112495	1395148118165	1395148118166	OK	 
ACTION	Pricing	21	price	1395148112432	1395148112433	1395148118426	1395148118426	OK	 
ACTION	Pricing	31	price	1395148112468	1395148112468	1395148118427	1395148118427	OK	 
ACTION	Pricing	38	price	1395148112395	1395148112397	1395148118455	1395148118456	OK	 
ACTION	Pricing	4	price	1395148112445	1395148112446	1395148118510	1395148118511	OK	 
ACTION	Pricing	85	price	1395148112485	1395148112486	1395148118515	1395148118515	OK	 
ACTION	Pricing	69	price	1395148112496	1395148112497	1395148118539	1395148118539	OK	 
ACTION	Pricing	56	price	1395148112463	1395148112463	1395148118568	1395148118569	OK	 
ACTION	Pricing	72	price	1395148112491	1395148112492	1395148118639	1395148118639	OK	 
ACTION	Pricing	5	price	1395148112792	1395148112792	1395148118815	1395148118815	OK	 
ACTION	Pricing	43	price	1395148112378	1395148112380	1395148118889	1395148118889	OK	 
ACTION	Pricing	53	price	1395148112489	1395148112490	1395148118889	1395148118890	OK	 
ACTION	Pricing	12	price	1395148118189	1395148118189	1395148118933	1395148118933	OK	 
ACTION	Pricing	79	price	1395148117981	1395148117985	1395148118983	1395148118984	OK	 
ACTION	Pricing	96	price	1395148117040	1395148117053	1395148119034	1395148119034	OK	 
ACTION	Pricing	8	price	1395148117044	1395148117051	1395148119173	1395148119173	OK	 
ACTION	Pricing	85	price	1395148118517	1395148118518	1395148119190	1395148119190	OK	 
ACTION	Pricing	4	price	1395148118513	1395148118513	1395148119249	1395148119249	OK	 
ACTION	Pricing	49	price	1395148117148	1395148117149	1395148119359	1395148119360	OK	 
ACTION	Pricing	21	price	1395148118429	1395148118430	1395148119413	1395148119413	OK	 
ACTION	Pricing	11	price	1395148117954	1395148117956	1395148119521	1395148119521	OK	 
ACTION	Pricing	75	price	1395148117934	1395148117935	1395148119569	1395148119569	OK	 
ACTION	Pricing	93	price	1395148117836	1395148117836	1395148119665	1395148119665	OK	 
ACTION	Pricing	100	price	1395148117831	1395148117832	1395148119703	1395148119703	OK	 
ACTION	Pricing	28	price	1395148117781	1395148117782	1395148119753	1395148119754	OK	 
ACTION	Pricing	19	price	1395148117735	1395148117736	1395148119844	1395148119845	OK	 
ACTION	Pricing	10	price	1395148117623	1395148117624	1395148119886	1395148119886	OK	 
ACTION	Pricing	33	price	1395148117512	1395148117513	1395148119941	1395148119942	OK	 
ACTION	Pricing	17	price	1395148117506	1395148117507	1395148119986	1395148119986	OK	 
ACTION	Pricing	82	price	1395148117443	1395148117444	1395148120083	1395148120084	OK	 
ACTION	Pricing	18	price	1395148117245	1395148117245	1395148120179	1395148120180	OK	 
ACTION	Pricing	92	price	1395148117090	1395148117090	1395148120276	1395148120277	OK	 
ACTION	Pricing	64	price	1395148117095	1395148117096	1395148120340	1395148120341	OK	 
ACTION	Pricing	44	price	1395148117076	1395148117076	1395148120464	1395148120464	OK	 
ACTION	Pricing	48	price	1395148118016	1395148118016	1395148120595	1395148120595	OK	 
ACTION	Pricing	84	price	1395148118021	1395148118022	1395148120658	1395148120658	OK	 
ACTION	Pricing	68	price	1395148118029	1395148118029	1395148120697	1395148120697	OK	 
ACTION	Pricing	60	price	1395148118023	1395148118024	1395148120754	1395148120754	OK	 
ACTION	Pricing	7	price	1395148118055	1395148118056	1395148120939	1395148120939	OK	 
ACTION	Pricing	13	price	1395148118081	1395148118082	1395148121022	1395148121022	OK	 
ACTION	Pricing	47	price	1395148118190	1395148118191	1395148121117	1395148121117	OK	 
ACTION	Pricing	40	price	1395148118185	1395148118186	1395148121145	1395148121145	OK	 
ACTION	Pricing	1	price	1395148117041	1395148117057	1395148121322	1395148121323	OK	 
ACTION	Pricing	36	price	1395148118192	1395148118192	1395148121346	1395148121346	OK	 
ACTION	Pricing	95	price	1395148118181	1395148118182	1395148121469	1395148121469	OK	 
ACTION	Pricing	65	price	1395148117073	1395148117074	1395148121501	1395148121501	OK	 
ACTION	Pricing	78	price	1395148118034	1395148118034	1395148121560	1395148121560	OK	 
ACTION	Pricing	98	price	1395148118054	1395148118056	1395148121621	1395148121622	OK	 
ACTION	Pricing	16	price	1395148118033	1395148118033	1395148121678	1395148121679	OK	 
ACTION	Pricing	84	price	1395148120660	1395148120661	1395148121745	1395148121745	OK	 
ACTION	Pricing	90	price	1395148118025	1395148118025	1395148121783	1395148121783	OK	 
ACTION	Pricing	34	price	1395148118030	1395148118031	1395148121816	1395148121817	OK	 
ACTION	Pricing	48	price	1395148120597	1395148120598	1395148121891	1395148121891	OK	 
ACTION	Pricing	44	price	1395148120466	1395148120467	1395148121974	1395148121974	OK	 
ACTION	Pricing	30	price	1395148118004	1395148118013	1395148122013	1395148122013	OK	 
ACTION	Pricing	71	price	1395148118029	1395148118029	1395148122100	1395148122101	OK	 
ACTION	Pricing	91	price	1395148117044	1395148117048	1395148122142	1395148122142	OK	 
ACTION	Pricing	52	price	1395148117053	1395148117056	1395148122154	1395148122154	OK	 
ACTION	Pricing	92	price	1395148120279	1395148120279	1395148122249	1395148122249	OK	 
ACTION	Pricing	29	price	1395148112790	1395148112791	1395148122257	1395148122258	OK	 
ACTION	Pricing	57	price	1395148117067	1395148117068	1395148122326	1395148122327	OK	 
ACTION	Pricing	18	price	1395148120181	1395148120182	1395148122401	1395148122401	OK	 
ACTION	Pricing	14	price	1395148117054	1395148117055	1395148122426	1395148122427	OK	 
ACTION	Pricing	2	price	1395148117077	1395148117078	1395148122498	1395148122498	OK	 
ACTION	Pricing	31	price	1395148118431	1395148118431	1395148122602	1395148122603	OK	 
ACTION	Pricing	82	price	1395148120085	1395148120086	1395148122645	1395148122646	OK	 
ACTION	Pricing	26	price	1395148117194	1395148117195	1395148122666	1395148122667	OK	 
ACTION	Pricing	17	price	1395148119988	1395148119989	1395148122721	1395148122721	OK	 
ACTION	Pricing	33	price	1395148119944	1395148119944	1395148122782	1395148122782	OK	 
ACTION	Pricing	63	price	1395148117243	1395148117244	1395148122806	1395148122806	OK	 
ACTION	Pricing	99	price	1395148117283	1395148117284	1395148122859	1395148122860	OK	 
ACTION	Pricing	10	price	1395148119888	1395148119888	1395148122897	1395148122897	OK	 
ACTION	Pricing	22	price	1395148117319	1395148117320	1395148122920	1395148122920	OK	 
ACTION	Pricing	19	price	1395148119847	1395148119849	1395148122926	1395148122926	OK	 
ACTION	Pricing	39	price	1395148117429	1395148117430	1395148122992	1395148122992	OK	 
ACTION	Pricing	100	price	1395148119705	1395148119706	1395148123172	1395148123173	OK	 
ACTION	Pricing	75	price	1395148119571	1395148119572	1395148123340	1395148123340	OK	 
ACTION	Pricing	11	price	1395148119523	1395148119523	1395148123679	1395148123680	OK	 
ACTION	Pricing	88	price	1395148117780	1395148117781	1395148123760	1395148123760	OK	 
ACTION	Pricing	37	price	1395148117737	1395148117738	1395148123809	1395148123809	OK	 
ACTION	Pricing	38	price	1395148118458	1395148118458	1395148124130	1395148124130	OK	 
ACTION	Pricing	4	price	1395148119251	1395148119252	1395148124136	1395148124136	OK	 
ACTION	Pricing	69	price	1395148118541	1395148118542	1395148124143	1395148124143	OK	 
ACTION	Pricing	46	price	1395148117079	1395148117079	1395148124157	1395148124158	OK	 
ACTION	Pricing	58	price	1395148117930	1395148117931	1395148124169	1395148124169	OK	 
ACTION	Pricing	51	price	1395148117933	1395148117933	1395148124168	1395148124169	OK	 
ACTION	Pricing	12	price	1395148118936	1395148118936	1395148124171	1395148124173	OK	 
ACTION	Pricing	53	price	1395148118893	1395148118893	1395148124174	1395148124174	OK	 
ACTION	Pricing	5	price	1395148118817	1395148118817	1395148124180	1395148124181	OK	 
ACTION	Pricing	8	price	1395148119175	1395148119175	1395148124186	1395148124186	OK	 
ACTION	Pricing	43	price	1395148118891	1395148118894	1395148124198	1395148124198	OK	 
ACTION	Pricing	56	price	1395148118571	1395148118572	1395148124218	1395148124218	OK	 
ACTION	Pricing	79	price	1395148118986	1395148118987	1395148124219	1395148124219	OK	 
ACTION	Pricing	72	price	1395148118642	1395148118642	1395148124221	1395148124221	OK	 
ACTION	Pricing	49	price	1395148119363	1395148119364	1395148124224	1395148124224	OK	 
ACTION	Pricing	3	price	1395148117977	1395148117978	1395148124256	1395148124256	OK	 
ACTION	Pricing	21	price	1395148119415	1395148119416	1395148124268	1395148124269	OK	 
ACTION	Pricing	39	price	1395148122994	1395148122995	1395148124357	1395148124357	OK	 
ACTION	Pricing	19	price	1395148122928	1395148122929	1395148124391	1395148124391	OK	 
ACTION	Pricing	22	price	1395148122922	1395148122922	1395148124458	1395148124458	OK	 
ACTION	Pricing	10	price	1395148122899	1395148122899	1395148124523	1395148124523	OK	 
ACTION	Pricing	24	price	1395148117611	1395148117612	1395148124549	1395148124549	OK	 
ACTION	Pricing	93	price	1395148119667	1395148119668	1395148124582	1395148124582	OK	 
ACTION	Pricing	63	price	1395148122809	1395148122809	1395148124694	1395148124695	OK	 
ACTION	Pricing	99	price	1395148122862	1395148122863	1395148124696	1395148124696	OK	 
ACTION	Pricing	33	price	1395148122784	1395148122785	1395148124738	1395148124739	OK	 
ACTION	Pricing	28	price	1395148119755	1395148119756	1395148124744	1395148124745	OK	 
ACTION	Pricing	17	price	1395148122724	1395148122724	1395148124810	1395148124811	OK	 
ACTION	Pricing	26	price	1395148122669	1395148122669	1395148124877	1395148124877	OK	 
ACTION	Pricing	82	price	1395148122649	1395148122649	1395148124939	1395148124940	OK	 
ACTION	Pricing	31	price	1395148122605	1395148122605	1395148124974	1395148124975	OK	 
ACTION	Pricing	76	price	1395148117288	1395148117289	1395148125004	1395148125005	OK	 
ACTION	Pricing	2	price	1395148122500	1395148122501	1395148125063	1395148125064	OK	 
ACTION	Pricing	77	price	1395148117285	1395148117286	1395148125115	1395148125115	OK	 
ACTION	Pricing	14	price	1395148122429	1395148122429	1395148125143	1395148125144	OK	 
ACTION	Pricing	57	price	1395148122330	1395148122330	1395148125232	1395148125232	OK	 
ACTION	Pricing	29	price	1395148122260	1395148122260	1395148125300	1395148125300	OK	 
ACTION	Pricing	92	price	1395148122251	1395148122252	1395148125375	1395148125375	OK	 
ACTION	Pricing	52	price	1395148122156	1395148122157	1395148125424	1395148125424	OK	 
ACTION	Pricing	91	price	1395148122144	1395148122145	1395148125483	1395148125484	OK	 
ACTION	Pricing	55	price	1395148117070	1395148117071	1395148125498	1395148125498	OK	 
ACTION	Pricing	71	price	1395148122102	1395148122103	1395148125503	1395148125504	OK	 
ACTION	Pricing	30	price	1395148122015	1395148122016	1395148125568	1395148125568	OK	 
ACTION	Pricing	62	price	1395148117061	1395148117064	1395148125590	1395148125591	OK	 
ACTION	Pricing	97	price	1395148117074	1395148117075	1395148125655	1395148125656	OK	 
ACTION	Pricing	27	price	1395148117979	1395148117979	1395148125723	1395148125724	OK	 
ACTION	Pricing	25	price	1395148117987	1395148117988	1395148125744	1395148125744	OK	 
ACTION	Pricing	84	price	1395148121748	1395148121748	1395148125789	1395148125789	OK	 
ACTION	Pricing	64	price	1395148120342	1395148120343	1395148125840	1395148125840	OK	 
ACTION	Pricing	98	price	1395148121624	1395148121625	1395148125879	1395148125879	OK	 
ACTION	Pricing	50	price	1395148118027	1395148118027	1395148125983	1395148125984	OK	 
ACTION	Pricing	65	price	1395148121503	1395148121504	1395148125999	1395148125999	OK	 
ACTION	Pricing	95	price	1395148121471	1395148121471	1395148126081	1395148126082	OK	 
ACTION	Pricing	54	price	1395148118031	1395148118032	1395148126124	1395148126125	OK	 
ACTION	Pricing	1	price	1395148121325	1395148121326	1395148126195	1395148126195	OK	 
ACTION	Pricing	68	price	1395148120699	1395148120699	1395148126200	1395148126200	OK	 
ACTION	Pricing	60	price	1395148120755	1395148120756	1395148126236	1395148126237	OK	 
ACTION	Pricing	45	price	1395148118082	1395148118083	1395148126304	1395148126305	OK	 
ACTION	Pricing	23	price	1395148118183	1395148118184	1395148126352	1395148126352	OK	 
ACTION	Pricing	7	price	1395148120941	1395148120941	1395148126353	1395148126353	OK	 
ACTION	Pricing	20	price	1395148117072	1395148117072	1395148126375	1395148126375	OK	 
ACTION	Pricing	6	price	1395148118174	1395148118175	1395148126556	1395148126557	OK	 
ACTION	Pricing	66	price	1395148118195	1395148118197	1395148126594	1395148126595	OK	 
ACTION	Pricing	35	price	1395148118167	1395148118168	1395148126704	1395148126704	OK	 
ACTION	Pricing	80	price	1395148118162	1395148118163	1395148126761	1395148126762	OK	 
ACTION	Pricing	83	price	1395148118159	1395148118168	1395148126804	1395148126805	OK	 
ACTION	Pricing	87	price	1395148118170	1395148118170	1395148126850	1395148126850	OK	 
ACTION	Pricing	42	price	1395148118158	1395148118159	1395148126924	1395148126924	OK	 
ACTION	Pricing	41	price	1395148118132	1395148118135	1395148127016	1395148127016	OK	 
ACTION	Pricing	89	price	1395148118171	1395148118172	1395148127042	1395148127042	OK	 
ACTION	Pricing	15	price	1395148118138	1395148118140	1395148127154	1395148127155	OK	 
ACTION	Pricing	61	price	1395148118197	1395148118197	1395148127160	1395148127160	OK	 
ACTION	Pricing	73	price	1395148118176	1395148118177	1395148127229	1395148127230	OK	 
ACTION	Pricing	13	price	1395148121024	1395148121024	1395148127294	1395148127294	OK	 
ACTION	Pricing	89	price	1395148127043	1395148127044	1395148127400	1395148127401	OK	 
ACTION	Pricing	47	price	1395148121119	1395148121119	1395148127421	1395148127421	OK	 
ACTION	Pricing	94	price	1395148118178	1395148118181	1395148127452	1395148127453	OK	 
ACTION	Pricing	74	price	1395148118193	1395148118193	1395148127463	1395148127464	OK	 
ACTION	Pricing	81	price	1395148117069	1395148117069	1395148127498	1395148127499	OK	 
ACTION	Pricing	42	price	1395148126926	1395148126926	1395148127587	1395148127587	OK	 
ACTION	Pricing	87	price	1395148126852	1395148126853	1395148127645	1395148127645	OK	 
ACTION	Pricing	83	price	1395148126807	1395148126807	1395148127699	1395148127700	OK	 
ACTION	Pricing	80	price	1395148126763	1395148126764	1395148127728	1395148127728	OK	 
ACTION	Pricing	35	price	1395148126707	1395148126707	1395148127808	1395148127809	OK	 
ACTION	Pricing	86	price	1395148118154	1395148118155	1395148127845	1395148127845	OK	 
ACTION	Pricing	66	price	1395148126597	1395148126598	1395148127914	1395148127914	OK	 
ACTION	Pricing	6	price	1395148126558	1395148126559	1395148127951	1395148127951	OK	 
ACTION	Pricing	20	price	1395148126377	1395148126378	1395148128008	1395148128008	OK	 
ACTION	Pricing	9	price	1395148118172	1395148118173	1395148128028	1395148128028	OK	 
ACTION	Pricing	7	price	1395148126355	1395148126356	1395148128103	1395148128104	OK	 
ACTION	Pricing	59	price	1395148118164	1395148118165	1395148128122	1395148128123	OK	 
ACTION	Pricing	60	price	1395148126238	1395148126239	1395148128221	1395148128221	OK	 
ACTION	Pricing	32	price	1395148118194	1395148118195	1395148128240	1395148128241	OK	 
ACTION	Pricing	54	price	1395148126126	1395148126127	1395148128310	1395148128312	OK	 
ACTION	Pricing	95	price	1395148126083	1395148126084	1395148128356	1395148128357	OK	 
ACTION	Pricing	65	price	1395148126001	1395148126002	1395148128400	1395148128400	OK	 
ACTION	Pricing	50	price	1395148125986	1395148125986	1395148128479	1395148128479	OK	 
ACTION	Pricing	98	price	1395148125882	1395148125883	1395148128524	1395148128524	OK	 
ACTION	Pricing	36	price	1395148121348	1395148121348	1395148128540	1395148128540	OK	 
ACTION	Pricing	64	price	1395148125842	1395148125843	1395148128613	1395148128613	OK	 
ACTION	Pricing	84	price	1395148125791	1395148125792	1395148128642	1395148128642	OK	 
ACTION	Pricing	25	price	1395148125746	1395148125747	1395148128708	1395148128709	OK	 
ACTION	Pricing	78	price	1395148121562	1395148121563	1395148128793	1395148128793	OK	 
ACTION	Pricing	27	price	1395148125726	1395148125727	1395148128794	1395148128794	OK	 
ACTION	Pricing	62	price	1395148125592	1395148125593	1395148128891	1395148128892	OK	 
ACTION	Pricing	71	price	1395148125505	1395148125506	1395148128997	1395148128997	OK	 
ACTION	Pricing	55	price	1395148125500	1395148125500	1395148129056	1395148129057	OK	 
ACTION	Pricing	91	price	1395148125486	1395148125487	1395148129130	1395148129130	OK	 
ACTION	Pricing	90	price	1395148121785	1395148121786	1395148129181	1395148129182	OK	 
ACTION	Pricing	34	price	1395148121818	1395148121819	1395148129200	1395148129201	OK	 
ACTION	Pricing	92	price	1395148125377	1395148125378	1395148129285	1395148129286	OK	 
ACTION	Pricing	44	price	1395148121977	1395148121977	1395148129330	1395148129330	OK	 
ACTION	Pricing	57	price	1395148125234	1395148125235	1395148129411	1395148129411	OK	 
ACTION	Pricing	77	price	1395148125117	1395148125117	1395148129490	1395148129490	OK	 
ACTION	Pricing	2	price	1395148125066	1395148125066	1395148129546	1395148129547	OK	 
ACTION	Pricing	76	price	1395148125007	1395148125008	1395148129588	1395148129588	OK	 
ACTION	Pricing	31	price	1395148124977	1395148124977	1395148129639	1395148129639	OK	 
ACTION	Pricing	82	price	1395148124941	1395148124942	1395148129670	1395148129670	OK	 
ACTION	Pricing	18	price	1395148122403	1395148122403	1395148129694	1395148129694	OK	 
ACTION	Pricing	26	price	1395148124879	1395148124879	1395148129781	1395148129781	OK	 
ACTION	Pricing	17	price	1395148124813	1395148124813	1395148129832	1395148129832	OK	 
ACTION	Pricing	28	price	1395148124747	1395148124747	1395148129915	1395148129915	OK	 
ACTION	Pricing	99	price	1395148124703	1395148124703	1395148129956	1395148129956	OK	 
ACTION	Pricing	63	price	1395148124702	1395148124702	1395148129988	1395148129989	OK	 
ACTION	Pricing	10	price	1395148124524	1395148124526	1395148130137	1395148130138	OK	 
ACTION	Pricing	22	price	1395148124461	1395148124461	1395148130164	1395148130165	OK	 
ACTION	Pricing	19	price	1395148124393	1395148124394	1395148130211	1395148130211	OK	 
ACTION	Pricing	21	price	1395148124270	1395148124271	1395148130315	1395148130315	OK	 
ACTION	Pricing	49	price	1395148124227	1395148124228	1395148130417	1395148130417	OK	 
ACTION	Pricing	56	price	1395148124226	1395148124226	1395148130480	1395148130480	OK	 
ACTION	Pricing	72	price	1395148124223	1395148124224	1395148130481	1395148130481	OK	 
ACTION	Pricing	43	price	1395148124200	1395148124201	1395148130567	1395148130568	OK	 
ACTION	Pricing	5	price	1395148124183	1395148124183	1395148130606	1395148130606	OK	 
ACTION	Pricing	12	price	1395148124177	1395148124178	1395148130645	1395148130645	OK	 
ACTION	Pricing	53	price	1395148124175	1395148124176	1395148130732	1395148130732	OK	 
ACTION	Pricing	58	price	1395148124172	1395148124173	1395148130799	1395148130799	OK	 
ACTION	Pricing	51	price	1395148124172	1395148124172	1395148130833	1395148130833	OK	 
ACTION	Pricing	69	price	1395148124145	1395148124146	1395148130914	1395148130915	OK	 
ACTION	Pricing	4	price	1395148124138	1395148124139	1395148130957	1395148130957	OK	 
ACTION	Pricing	38	price	1395148124132	1395148124133	1395148131022	1395148131023	OK	 
ACTION	Pricing	37	price	1395148123811	1395148123812	1395148131107	1395148131107	OK	 
ACTION	Pricing	100	price	1395148123175	1395148123176	1395148131199	1395148131199	OK	 
ACTION	Pricing	85	price	1395148119192	1395148119193	1395148131218	1395148131219	OK	 
ACTION	Pricing	96	price	1395148119036	1395148119036	1395148131247	1395148131247	OK	 
ACTION	Pricing	69	price	1395148130916	1395148130917	1395148131303	1395148131304	OK	 
ACTION	Pricing	51	price	1395148130835	1395148130835	1395148131340	1395148131340	OK	 
ACTION	Pricing	75	price	1395148123342	1395148123342	1395148131386	1395148131386	OK	 
ACTION	Pricing	88	price	1395148123762	1395148123763	1395148131458	1395148131458	OK	 
ACTION	Pricing	12	price	1395148130647	1395148130648	1395148131548	1395148131548	OK	 
ACTION	Pricing	5	price	1395148130608	1395148130608	1395148131549	1395148131549	OK	 
ACTION	Pricing	43	price	1395148130569	1395148130570	1395148131627	1395148131627	OK	 
ACTION	Pricing	46	price	1395148124160	1395148124161	1395148131685	1395148131685	OK	 
ACTION	Pricing	49	price	1395148130419	1395148130420	1395148131737	1395148131738	OK	 
ACTION	Pricing	21	price	1395148130317	1395148130317	1395148131786	1395148131786	OK	 
ACTION	Pricing	8	price	1395148124188	1395148124188	1395148131860	1395148131861	OK	 
ACTION	Pricing	19	price	1395148130213	1395148130214	1395148131952	1395148131952	OK	 
ACTION	Pricing	22	price	1395148130167	1395148130167	1395148131964	1395148131965	OK	 
ACTION	Pricing	79	price	1395148124221	1395148124222	1395148132075	1395148132075	OK	 
ACTION	Pricing	10	price	1395148130139	1395148130140	1395148132088	1395148132088	OK	 
ACTION	Pricing	3	price	1395148124257	1395148124258	1395148132151	1395148132151	OK	 
ACTION	Pricing	8	price	1395148131862	1395148131863	1395148132198	1395148132199	OK	 
ACTION	Pricing	39	price	1395148124359	1395148124359	1395148132215	1395148132216	OK	 
ACTION	Pricing	99	price	1395148129958	1395148129958	1395148132317	1395148132317	OK	 
ACTION	Pricing	17	price	1395148129834	1395148129835	1395148132375	1395148132375	OK	 
ACTION	Pricing	93	price	1395148124584	1395148124585	1395148132408	1395148132409	OK	 
ACTION	Pricing	76	price	1395148129590	1395148129591	1395148132751	1395148132751	OK	 
ACTION	Pricing	18	price	1395148129696	1395148129697	1395148132759	1395148132759	OK	 
ACTION	Pricing	33	price	1395148124740	1395148124741	1395148132762	1395148132763	OK	 
ACTION	Pricing	26	price	1395148129783	1395148129784	1395148132777	1395148132778	OK	 
ACTION	Pricing	67	price	1395148118177	1395148118178	1395148133428	1395148133428	OK	 
ACTION	Pricing	68	price	1395148126202	1395148126202	1395148133451	1395148133451	OK	 
ACTION	Pricing	16	price	1395148121681	1395148121682	1395148133468	1395148133469	OK	 
ACTION	Pricing	40	price	1395148121147	1395148121148	1395148133489	1395148133489	OK	 
ACTION	Pricing	28	price	1395148129917	1395148129918	1395148133583	1395148133583	OK	 
ACTION	Pricing	22	price	1395148131967	1395148131968	1395148133715	1395148133715	OK	 
ACTION	Pricing	19	price	1395148131954	1395148131954	1395148133715	1395148133715	OK	 
ACTION	Pricing	63	price	1395148129990	1395148129991	1395148133787	1395148133787	OK	 
ACTION	Pricing	49	price	1395148131739	1395148131740	1395148133932	1395148133933	OK	 
ACTION	Pricing	21	price	1395148131788	1395148131789	1395148133940	1395148133940	OK	 
ACTION	Pricing	46	price	1395148131687	1395148131688	1395148133949	1395148133949	OK	 
ACTION	Pricing	5	price	1395148131551	1395148131551	1395148134022	1395148134022	OK	 
ACTION	Pricing	43	price	1395148131629	1395148131629	1395148134051	1395148134051	OK	 
ACTION	Pricing	88	price	1395148131460	1395148131461	1395148134096	1395148134097	OK	 
ACTION	Pricing	56	price	1395148130484	1395148130485	1395148134193	1395148134193	OK	 
ACTION	Pricing	75	price	1395148131388	1395148131389	1395148134252	1395148134252	OK	 
SCENARIO	Pricing	75	END	1395148134253
ACTION	Pricing	51	price	1395148131342	1395148131342	1395148134322	1395148134323	OK	 
SCENARIO	Pricing	51	END	1395148134323
ACTION	Pricing	69	price	1395148131305	1395148131306	1395148134376	1395148134376	OK	 
SCENARIO	Pricing	69	END	1395148134377
ACTION	Pricing	96	price	1395148131249	1395148131249	1395148134412	1395148134413	OK	 
SCENARIO	Pricing	96	END	1395148134414
ACTION	Pricing	100	price	1395148131201	1395148131201	1395148134493	1395148134493	OK	 
SCENARIO	Pricing	100	END	1395148134494
ACTION	Pricing	53	price	1395148130734	1395148130734	1395148134528	1395148134528	OK	 
SCENARIO	Pricing	53	END	1395148134529
ACTION	Pricing	11	price	1395148123681	1395148123682	1395148134561	1395148134561	OK	 
SCENARIO	Pricing	11	END	1395148134562
ACTION	Pricing	37	price	1395148131109	1395148131110	1395148134616	1395148134616	OK	 
SCENARIO	Pricing	37	END	1395148134617
ACTION	Pricing	58	price	1395148130801	1395148130802	1395148134684	1395148134684	OK	 
SCENARIO	Pricing	58	END	1395148134685
ACTION	Pricing	38	price	1395148131024	1395148131025	1395148134728	1395148134728	OK	 
SCENARIO	Pricing	38	END	1395148134729
ACTION	Pricing	4	price	1395148130959	1395148130960	1395148134773	1395148134773	OK	 
SCENARIO	Pricing	4	END	1395148134774
ACTION	Pricing	56	price	1395148134195	1395148134196	1395148134852	1395148134852	OK	 
SCENARIO	Pricing	56	END	1395148134853
ACTION	Pricing	85	price	1395148131220	1395148131221	1395148134872	1395148134872	OK	 
SCENARIO	Pricing	85	END	1395148134873
ACTION	Pricing	88	price	1395148134098	1395148134099	1395148134908	1395148134908	OK	 
SCENARIO	Pricing	88	END	1395148134909
ACTION	Pricing	43	price	1395148134053	1395148134054	1395148135011	1395148135011	OK	 
SCENARIO	Pricing	43	END	1395148135012
ACTION	Pricing	5	price	1395148134024	1395148134024	1395148135069	1395148135069	OK	 
SCENARIO	Pricing	5	END	1395148135070
ACTION	Pricing	46	price	1395148133952	1395148133952	1395148135145	1395148135145	OK	 
SCENARIO	Pricing	46	END	1395148135146
ACTION	Pricing	49	price	1395148133934	1395148133935	1395148135188	1395148135188	OK	 
SCENARIO	Pricing	49	END	1395148135189
ACTION	Pricing	72	price	1395148130483	1395148130484	1395148135205	1395148135205	OK	 
SCENARIO	Pricing	72	END	1395148135206
ACTION	Pricing	19	price	1395148133719	1395148133719	1395148135255	1395148135256	OK	 
SCENARIO	Pricing	19	END	1395148135256
ACTION	Pricing	22	price	1395148133717	1395148133718	1395148135328	1395148135329	OK	 
SCENARIO	Pricing	22	END	1395148135330
ACTION	Pricing	28	price	1395148133647	1395148133648	1395148135369	1395148135370	OK	 
SCENARIO	Pricing	28	END	1395148135370
ACTION	Pricing	16	price	1395148133470	1395148133471	1395148135443	1395148135443	OK	 
SCENARIO	Pricing	16	END	1395148135444
ACTION	Pricing	68	price	1395148133453	1395148133457	1395148135524	1395148135524	OK	 
SCENARIO	Pricing	68	END	1395148135525
ACTION	Pricing	67	price	1395148133430	1395148133431	1395148135553	1395148135553	OK	 
SCENARIO	Pricing	67	END	1395148135554
ACTION	Pricing	57	price	1395148129413	1395148129413	1395148135566	1395148135566	OK	 
SCENARIO	Pricing	57	END	1395148135567
ACTION	Pricing	92	price	1395148129288	1395148129289	1395148135648	1395148135649	OK	 
SCENARIO	Pricing	92	END	1395148135650
ACTION	Pricing	14	price	1395148125146	1395148125146	1395148135686	1395148135687	OK	 
SCENARIO	Pricing	14	END	1395148135688
ACTION	Pricing	18	price	1395148132761	1395148132763	1395148135813	1395148135814	OK	 
SCENARIO	Pricing	18	END	1395148135815
ACTION	Pricing	29	price	1395148125302	1395148125302	1395148135840	1395148135840	OK	 
SCENARIO	Pricing	29	END	1395148135841
ACTION	Pricing	55	price	1395148129058	1395148129059	1395148135865	1395148135865	OK	 
SCENARIO	Pricing	55	END	1395148135866
ACTION	Pricing	48	price	1395148121893	1395148121894	1395148135893	1395148135893	OK	 
SCENARIO	Pricing	48	END	1395148135894
ACTION	Pricing	78	price	1395148128795	1395148128796	1395148135938	1395148135938	OK	 
SCENARIO	Pricing	78	END	1395148135939
ACTION	Pricing	64	price	1395148128615	1395148128616	1395148136037	1395148136037	OK	 
SCENARIO	Pricing	64	END	1395148136038
ACTION	Pricing	98	price	1395148128526	1395148128527	1395148136048	1395148136049	OK	 
SCENARIO	Pricing	98	END	1395148136049
ACTION	Pricing	50	price	1395148128481	1395148128482	1395148136071	1395148136072	OK	 
SCENARIO	Pricing	50	END	1395148136072
ACTION	Pricing	65	price	1395148128402	1395148128402	1395148136126	1395148136127	OK	 
SCENARIO	Pricing	65	END	1395148136132
ACTION	Pricing	20	price	1395148128010	1395148128010	1395148136253	1395148136253	OK	 
SCENARIO	Pricing	20	END	1395148136254
ACTION	Pricing	6	price	1395148127953	1395148127953	1395148136329	1395148136329	OK	 
SCENARIO	Pricing	6	END	1395148136330
ACTION	Pricing	66	price	1395148127915	1395148127916	1395148136353	1395148136353	OK	 
SCENARIO	Pricing	66	END	1395148136354
ACTION	Pricing	23	price	1395148126353	1395148126355	1395148136447	1395148136447	OK	 
SCENARIO	Pricing	23	END	1395148136448
ACTION	Pricing	81	price	1395148127501	1395148127501	1395148136541	1395148136541	OK	 
SCENARIO	Pricing	81	END	1395148136542
ACTION	Pricing	47	price	1395148127423	1395148127424	1395148136626	1395148136626	OK	 
SCENARIO	Pricing	47	END	1395148136627
ACTION	Pricing	13	price	1395148127296	1395148127297	1395148136673	1395148136673	OK	 
SCENARIO	Pricing	13	END	1395148136674
ACTION	Pricing	73	price	1395148127232	1395148127232	1395148136697	1395148136697	OK	 
SCENARIO	Pricing	73	END	1395148136698
ACTION	Pricing	61	price	1395148127162	1395148127163	1395148136751	1395148136751	OK	 
SCENARIO	Pricing	61	END	1395148136752
ACTION	Pricing	1	price	1395148126197	1395148126198	1395148136841	1395148136841	OK	 
ACTION	Pricing	36	price	1395148128542	1395148128545	1395148136841	1395148136841	OK	 
SCENARIO	Pricing	1	END	1395148136842
SCENARIO	Pricing	36	END	1395148136842
ACTION	Pricing	17	price	1395148132377	1395148132378	1395148136901	1395148136901	OK	 
SCENARIO	Pricing	17	END	1395148136902
ACTION	Pricing	3	price	1395148132153	1395148132153	1395148136982	1395148136982	OK	 
SCENARIO	Pricing	3	END	1395148136983
ACTION	Pricing	24	price	1395148124551	1395148124551	1395148137027	1395148137028	OK	 
SCENARIO	Pricing	24	END	1395148137028
ACTION	Pricing	10	price	1395148132090	1395148132091	1395148137082	1395148137083	OK	 
SCENARIO	Pricing	10	END	1395148137086
ACTION	Pricing	79	price	1395148132077	1395148132078	1395148137110	1395148137110	OK	 
SCENARIO	Pricing	79	END	1395148137111
ACTION	Pricing	31	price	1395148129641	1395148129641	1395148137201	1395148137201	OK	 
SCENARIO	Pricing	31	END	1395148137202
ACTION	Pricing	77	price	1395148129491	1395148129492	1395148137236	1395148137236	OK	 
SCENARIO	Pricing	77	END	1395148137237
ACTION	Pricing	62	price	1395148128894	1395148128894	1395148137275	1395148137275	OK	 
SCENARIO	Pricing	62	END	1395148137276
ACTION	Pricing	35	price	1395148127811	1395148127812	1395148137427	1395148137427	OK	 
SCENARIO	Pricing	35	END	1395148137428
ACTION	Pricing	42	price	1395148127589	1395148127589	1395148137445	1395148137446	OK	 
SCENARIO	Pricing	42	END	1395148137447
ACTION	Pricing	80	price	1395148127729	1395148127730	1395148137456	1395148137456	OK	 
SCENARIO	Pricing	80	END	1395148137457
ACTION	Pricing	83	price	1395148127701	1395148127702	1395148137512	1395148137512	OK	 
SCENARIO	Pricing	83	END	1395148137513
ACTION	Pricing	27	price	1395148128797	1395148128797	1395148137538	1395148137538	OK	 
SCENARIO	Pricing	27	END	1395148137539
ACTION	Pricing	93	price	1395148132410	1395148132411	1395148137621	1395148137622	OK	 
SCENARIO	Pricing	93	END	1395148137622
ACTION	Pricing	8	price	1395148132201	1395148132201	1395148137666	1395148137666	OK	 
SCENARIO	Pricing	8	END	1395148137667
ACTION	Pricing	39	price	1395148132218	1395148132218	1395148137698	1395148137698	OK	 
SCENARIO	Pricing	39	END	1395148137699
ACTION	Pricing	99	price	1395148132319	1395148132320	1395148137737	1395148137737	OK	 
SCENARIO	Pricing	99	END	1395148137738
ACTION	Pricing	2	price	1395148129549	1395148129550	1395148137761	1395148137761	OK	 
SCENARIO	Pricing	2	END	1395148137762
ACTION	Pricing	71	price	1395148128999	1395148129000	1395148137798	1395148137798	OK	 
SCENARIO	Pricing	71	END	1395148137799
ACTION	Pricing	25	price	1395148128711	1395148128712	1395148137835	1395148137836	OK	 
SCENARIO	Pricing	25	END	1395148137837
ACTION	Pricing	70	price	1395148118173	1395148118174	1395148137858	1395148137859	OK	 
SCENARIO	Pricing	70	END	1395148137860
ACTION	Pricing	15	price	1395148127156	1395148127157	1395148137942	1395148137942	OK	 
SCENARIO	Pricing	15	END	1395148137943
ACTION	Pricing	41	price	1395148127018	1395148127018	1395148137968	1395148137969	OK	 
SCENARIO	Pricing	41	END	1395148137970
ACTION	Pricing	89	price	1395148127403	1395148127404	1395148138029	1395148138030	OK	 
SCENARIO	Pricing	89	END	1395148138030
ACTION	Pricing	94	price	1395148127455	1395148127455	1395148138057	1395148138057	OK	 
SCENARIO	Pricing	94	END	1395148138058
ACTION	Pricing	74	price	1395148127465	1395148127466	1395148138103	1395148138104	OK	 
SCENARIO	Pricing	74	END	1395148138105
ACTION	Pricing	86	price	1395148127847	1395148127848	1395148138117	1395148138117	OK	 
SCENARIO	Pricing	86	END	1395148138118
ACTION	Pricing	45	price	1395148126306	1395148126307	1395148138130	1395148138130	OK	 
SCENARIO	Pricing	45	END	1395148138131
ACTION	Pricing	9	price	1395148128030	1395148128031	1395148138177	1395148138177	OK	 
SCENARIO	Pricing	9	END	1395148138178
ACTION	Pricing	7	price	1395148128105	1395148128106	1395148138206	1395148138206	OK	 
SCENARIO	Pricing	7	END	1395148138207
ACTION	Pricing	60	price	1395148128223	1395148128223	1395148138238	1395148138238	OK	 
SCENARIO	Pricing	60	END	1395148138239
ACTION	Pricing	95	price	1395148128358	1395148128359	1395148138273	1395148138274	OK	 
SCENARIO	Pricing	95	END	1395148138276
ACTION	Pricing	32	price	1395148128243	1395148128246	1395148138275	1395148138277	OK	 
SCENARIO	Pricing	32	END	1395148138277
ACTION	Pricing	54	price	1395148128313	1395148128314	1395148138288	1395148138288	OK	 
SCENARIO	Pricing	54	END	1395148138289
ACTION	Pricing	52	price	1395148125425	1395148125426	1395148138327	1395148138327	OK	 
SCENARIO	Pricing	52	END	1395148138328
ACTION	Pricing	30	price	1395148125570	1395148125570	1395148138330	1395148138330	OK	 
SCENARIO	Pricing	30	END	1395148138331
ACTION	Pricing	44	price	1395148129332	1395148129333	1395148138377	1395148138377	OK	 
SCENARIO	Pricing	44	END	1395148138378
ACTION	Pricing	34	price	1395148129202	1395148129203	1395148138401	1395148138401	OK	 
SCENARIO	Pricing	34	END	1395148138402
ACTION	Pricing	33	price	1395148132764	1395148132765	1395148138440	1395148138440	OK	 
SCENARIO	Pricing	33	END	1395148138441
ACTION	Pricing	12	price	1395148131552	1395148131552	1395148138505	1395148138506	OK	 
SCENARIO	Pricing	12	END	1395148138506
ACTION	Pricing	63	price	1395148133789	1395148133789	1395148138565	1395148138565	OK	 
SCENARIO	Pricing	63	END	1395148138566
ACTION	Pricing	21	price	1395148133941	1395148133942	1395148138611	1395148138611	OK	 
SCENARIO	Pricing	21	END	1395148138611
ACTION	Pricing	76	price	1395148132753	1395148132754	1395148138673	1395148138673	OK	 
SCENARIO	Pricing	76	END	1395148138674
ACTION	Pricing	91	price	1395148129132	1395148129132	1395148138693	1395148138693	OK	 
SCENARIO	Pricing	91	END	1395148138693
ACTION	Pricing	90	price	1395148129184	1395148129184	1395148138694	1395148138694	OK	 
SCENARIO	Pricing	90	END	1395148138695
ACTION	Pricing	84	price	1395148128644	1395148128644	1395148138730	1395148138731	OK	 
SCENARIO	Pricing	84	END	1395148138731
ACTION	Pricing	97	price	1395148125657	1395148125658	1395148138742	1395148138742	OK	 
SCENARIO	Pricing	97	END	1395148138743
ACTION	Pricing	82	price	1395148129672	1395148129673	1395148138764	1395148138764	OK	 
SCENARIO	Pricing	82	END	1395148138766
ACTION	Pricing	87	price	1395148127647	1395148127647	1395148138773	1395148138774	OK	 
SCENARIO	Pricing	87	END	1395148138774
ACTION	Pricing	59	price	1395148128124	1395148128125	1395148138778	1395148138778	OK	 
SCENARIO	Pricing	59	END	1395148138779
ACTION	Pricing	40	price	1395148133491	1395148133491	1395148138800	1395148138800	OK	 
SCENARIO	Pricing	40	END	1395148138801
ACTION	Pricing	26	price	1395148132779	1395148132780	1395148138820	1395148138820	OK	 
SCENARIO	Pricing	26	END	1395148138821
