RUN	20140318091806	pricingsimulation	pricingsimulation
SCENARIO	Pricing	3	START	1395134288884
SCENARIO	Pricing	4	START	1395134288887
SCENARIO	Pricing	2	START	1395134288888
SCENARIO	Pricing	1	START	1395134288889
SCENARIO	Pricing	5	START	1395134288924
ACTION	Pricing	1	price	1395134289003	1395134289021	1395134289598	1395134289619	OK	 
ACTION	Pricing	5	price	1395134289012	1395134289032	1395134289645	1395134289645	OK	 
ACTION	Pricing	4	price	1395134288997	1395134289021	1395134289596	1395134289618	OK	 
ACTION	Pricing	3	price	1395134289002	1395134289021	1395134289612	1395134289618	OK	 
ACTION	Pricing	2	price	1395134288998	1395134289021	1395134289598	1395134289618	OK	 
ACTION	Pricing	5	price	1395134289763	1395134289765	1395134289817	1395134289817	OK	 
ACTION	Pricing	4	price	1395134289765	1395134289768	1395134289856	1395134289856	OK	 
ACTION	Pricing	3	price	1395134289774	1395134289775	1395134289894	1395134289894	OK	 
ACTION	Pricing	1	price	1395134289776	1395134289789	1395134289924	1395134289925	OK	 
ACTION	Pricing	2	price	1395134289790	1395134289792	1395134289961	1395134289961	OK	 
ACTION	Pricing	5	price	1395134289820	1395134289821	1395134289995	1395134289995	OK	 
ACTION	Pricing	4	price	1395134289858	1395134289859	1395134290027	1395134290028	OK	 
ACTION	Pricing	3	price	1395134289897	1395134289898	1395134290061	1395134290062	OK	 
ACTION	Pricing	1	price	1395134289927	1395134289929	1395134290099	1395134290099	OK	 
ACTION	Pricing	2	price	1395134289963	1395134289964	1395134290135	1395134290136	OK	 
ACTION	Pricing	5	price	1395134289997	1395134289999	1395134290175	1395134290175	OK	 
ACTION	Pricing	4	price	1395134290029	1395134290030	1395134290206	1395134290206	OK	 
ACTION	Pricing	3	price	1395134290063	1395134290064	1395134290237	1395134290237	OK	 
ACTION	Pricing	1	price	1395134290101	1395134290103	1395134290268	1395134290269	OK	 
ACTION	Pricing	2	price	1395134290138	1395134290139	1395134290303	1395134290304	OK	 
ACTION	Pricing	5	price	1395134290177	1395134290179	1395134290331	1395134290331	OK	 
ACTION	Pricing	4	price	1395134290207	1395134290209	1395134290359	1395134290359	OK	 
ACTION	Pricing	3	price	1395134290239	1395134290244	1395134290394	1395134290394	OK	 
ACTION	Pricing	1	price	1395134290271	1395134290272	1395134290424	1395134290425	OK	 
ACTION	Pricing	2	price	1395134290306	1395134290312	1395134290456	1395134290457	OK	 
ACTION	Pricing	5	price	1395134290333	1395134290334	1395134290491	1395134290492	OK	 
ACTION	Pricing	4	price	1395134290361	1395134290363	1395134290522	1395134290522	OK	 
ACTION	Pricing	3	price	1395134290396	1395134290398	1395134290552	1395134290553	OK	 
ACTION	Pricing	1	price	1395134290426	1395134290427	1395134290586	1395134290586	OK	 
ACTION	Pricing	2	price	1395134290459	1395134290460	1395134290618	1395134290618	OK	 
ACTION	Pricing	5	price	1395134290493	1395134290494	1395134290653	1395134290653	OK	 
ACTION	Pricing	4	price	1395134290524	1395134290525	1395134290684	1395134290684	OK	 
ACTION	Pricing	3	price	1395134290554	1395134290555	1395134290713	1395134290714	OK	 
ACTION	Pricing	1	price	1395134290588	1395134290589	1395134290747	1395134290747	OK	 
ACTION	Pricing	2	price	1395134290621	1395134290622	1395134290778	1395134290778	OK	 
ACTION	Pricing	5	price	1395134290655	1395134290658	1395134290811	1395134290811	OK	 
ACTION	Pricing	4	price	1395134290686	1395134290689	1395134290841	1395134290841	OK	 
ACTION	Pricing	3	price	1395134290715	1395134290717	1395134290872	1395134290872	OK	 
ACTION	Pricing	1	price	1395134290749	1395134290751	1395134290903	1395134290903	OK	 
ACTION	Pricing	2	price	1395134290783	1395134290783	1395134290930	1395134290930	OK	 
ACTION	Pricing	5	price	1395134290813	1395134290814	1395134290957	1395134290957	OK	 
ACTION	Pricing	4	price	1395134290843	1395134290843	1395134290985	1395134290985	OK	 
ACTION	Pricing	3	price	1395134290873	1395134290874	1395134291012	1395134291012	OK	 
ACTION	Pricing	1	price	1395134290906	1395134290906	1395134291042	1395134291042	OK	 
ACTION	Pricing	2	price	1395134290932	1395134290932	1395134291077	1395134291077	OK	 
ACTION	Pricing	5	price	1395134290959	1395134290960	1395134291106	1395134291107	OK	 
ACTION	Pricing	4	price	1395134290987	1395134290988	1395134291142	1395134291142	OK	 
ACTION	Pricing	3	price	1395134291014	1395134291014	1395134291172	1395134291172	OK	 
ACTION	Pricing	1	price	1395134291044	1395134291045	1395134291206	1395134291206	OK	 
ACTION	Pricing	2	price	1395134291079	1395134291080	1395134291238	1395134291238	OK	 
ACTION	Pricing	5	price	1395134291108	1395134291109	1395134291270	1395134291270	OK	 
ACTION	Pricing	4	price	1395134291144	1395134291144	1395134291297	1395134291298	OK	 
ACTION	Pricing	3	price	1395134291174	1395134291174	1395134291329	1395134291329	OK	 
ACTION	Pricing	1	price	1395134291208	1395134291209	1395134291360	1395134291361	OK	 
ACTION	Pricing	2	price	1395134291240	1395134291241	1395134291389	1395134291389	OK	 
ACTION	Pricing	5	price	1395134291272	1395134291273	1395134291417	1395134291417	OK	 
ACTION	Pricing	4	price	1395134291299	1395134291300	1395134291447	1395134291448	OK	 
ACTION	Pricing	3	price	1395134291331	1395134291331	1395134291483	1395134291484	OK	 
ACTION	Pricing	1	price	1395134291362	1395134291363	1395134291519	1395134291519	OK	 
ACTION	Pricing	2	price	1395134291391	1395134291392	1395134291548	1395134291548	OK	 
ACTION	Pricing	5	price	1395134291419	1395134291423	1395134291582	1395134291582	OK	 
ACTION	Pricing	4	price	1395134291449	1395134291450	1395134291615	1395134291615	OK	 
ACTION	Pricing	3	price	1395134291486	1395134291486	1395134291647	1395134291647	OK	 
ACTION	Pricing	1	price	1395134291521	1395134291522	1395134291678	1395134291678	OK	 
ACTION	Pricing	2	price	1395134291551	1395134291551	1395134291704	1395134291705	OK	 
ACTION	Pricing	5	price	1395134291584	1395134291584	1395134291753	1395134291753	OK	 
ACTION	Pricing	4	price	1395134291617	1395134291617	1395134291765	1395134291765	OK	 
ACTION	Pricing	3	price	1395134291649	1395134291650	1395134291797	1395134291798	OK	 
ACTION	Pricing	1	price	1395134291680	1395134291681	1395134291829	1395134291830	OK	 
ACTION	Pricing	2	price	1395134291706	1395134291706	1395134291859	1395134291859	OK	 
ACTION	Pricing	5	price	1395134291755	1395134291756	1395134291890	1395134291890	OK	 
ACTION	Pricing	4	price	1395134291766	1395134291767	1395134291923	1395134291923	OK	 
ACTION	Pricing	3	price	1395134291799	1395134291800	1395134291960	1395134291960	OK	 
ACTION	Pricing	1	price	1395134291831	1395134291832	1395134291994	1395134291994	OK	 
ACTION	Pricing	2	price	1395134291860	1395134291861	1395134292025	1395134292025	OK	 
ACTION	Pricing	5	price	1395134291892	1395134291892	1395134292056	1395134292056	OK	 
ACTION	Pricing	4	price	1395134291925	1395134291925	1395134292088	1395134292089	OK	 
ACTION	Pricing	3	price	1395134291965	1395134291966	1395134292124	1395134292124	OK	 
ACTION	Pricing	1	price	1395134291995	1395134291996	1395134292151	1395134292151	OK	 
ACTION	Pricing	2	price	1395134292027	1395134292028	1395134292180	1395134292180	OK	 
ACTION	Pricing	5	price	1395134292058	1395134292058	1395134292208	1395134292209	OK	 
ACTION	Pricing	4	price	1395134292091	1395134292091	1395134292237	1395134292237	OK	 
ACTION	Pricing	3	price	1395134292126	1395134292127	1395134292266	1395134292267	OK	 
ACTION	Pricing	1	price	1395134292153	1395134292153	1395134292298	1395134292298	OK	 
ACTION	Pricing	2	price	1395134292182	1395134292183	1395134292342	1395134292342	OK	 
ACTION	Pricing	5	price	1395134292211	1395134292211	1395134292374	1395134292374	OK	 
ACTION	Pricing	4	price	1395134292238	1395134292238	1395134292401	1395134292402	OK	 
ACTION	Pricing	3	price	1395134292268	1395134292269	1395134292429	1395134292430	OK	 
ACTION	Pricing	1	price	1395134292300	1395134292300	1395134292459	1395134292459	OK	 
ACTION	Pricing	2	price	1395134292344	1395134292345	1395134292489	1395134292490	OK	 
ACTION	Pricing	5	price	1395134292375	1395134292376	1395134292518	1395134292518	OK	 
ACTION	Pricing	4	price	1395134292403	1395134292404	1395134292551	1395134292551	OK	 
ACTION	Pricing	3	price	1395134292431	1395134292432	1395134292582	1395134292582	OK	 
ACTION	Pricing	1	price	1395134292461	1395134292462	1395134292615	1395134292615	OK	 
ACTION	Pricing	2	price	1395134292491	1395134292492	1395134292646	1395134292646	OK	 
ACTION	Pricing	5	price	1395134292520	1395134292521	1395134292679	1395134292679	OK	 
ACTION	Pricing	4	price	1395134292553	1395134292553	1395134292709	1395134292709	OK	 
ACTION	Pricing	3	price	1395134292584	1395134292584	1395134292742	1395134292742	OK	 
ACTION	Pricing	1	price	1395134292617	1395134292617	1395134292774	1395134292775	OK	 
ACTION	Pricing	2	price	1395134292648	1395134292649	1395134292810	1395134292810	OK	 
ACTION	Pricing	5	price	1395134292681	1395134292681	1395134292842	1395134292842	OK	 
ACTION	Pricing	4	price	1395134292710	1395134292711	1395134292872	1395134292872	OK	 
ACTION	Pricing	3	price	1395134292744	1395134292745	1395134292901	1395134292901	OK	 
ACTION	Pricing	1	price	1395134292776	1395134292777	1395134292928	1395134292929	OK	 
ACTION	Pricing	2	price	1395134292811	1395134292812	1395134292956	1395134292956	OK	 
ACTION	Pricing	5	price	1395134292844	1395134292844	1395134292987	1395134292988	OK	 
ACTION	Pricing	4	price	1395134292874	1395134292875	1395134293018	1395134293018	OK	 
ACTION	Pricing	3	price	1395134292903	1395134292904	1395134293049	1395134293049	OK	 
ACTION	Pricing	1	price	1395134292931	1395134292931	1395134293078	1395134293079	OK	 
ACTION	Pricing	2	price	1395134292959	1395134292960	1395134293107	1395134293107	OK	 
ACTION	Pricing	5	price	1395134292989	1395134292990	1395134293138	1395134293139	OK	 
ACTION	Pricing	4	price	1395134293019	1395134293020	1395134293167	1395134293167	OK	 
ACTION	Pricing	3	price	1395134293051	1395134293052	1395134293199	1395134293199	OK	 
ACTION	Pricing	1	price	1395134293080	1395134293081	1395134293229	1395134293229	OK	 
ACTION	Pricing	2	price	1395134293109	1395134293110	1395134293260	1395134293260	OK	 
ACTION	Pricing	5	price	1395134293140	1395134293141	1395134293289	1395134293289	OK	 
ACTION	Pricing	4	price	1395134293169	1395134293170	1395134293316	1395134293317	OK	 
ACTION	Pricing	3	price	1395134293200	1395134293201	1395134293346	1395134293346	OK	 
ACTION	Pricing	1	price	1395134293231	1395134293231	1395134293378	1395134293379	OK	 
ACTION	Pricing	2	price	1395134293262	1395134293263	1395134293409	1395134293409	OK	 
ACTION	Pricing	5	price	1395134293291	1395134293291	1395134293441	1395134293442	OK	 
ACTION	Pricing	4	price	1395134293318	1395134293319	1395134293475	1395134293476	OK	 
ACTION	Pricing	3	price	1395134293348	1395134293349	1395134293508	1395134293508	OK	 
ACTION	Pricing	1	price	1395134293380	1395134293381	1395134293544	1395134293545	OK	 
ACTION	Pricing	2	price	1395134293411	1395134293412	1395134293580	1395134293580	OK	 
ACTION	Pricing	5	price	1395134293444	1395134293444	1395134293614	1395134293614	OK	 
ACTION	Pricing	4	price	1395134293477	1395134293478	1395134293644	1395134293644	OK	 
ACTION	Pricing	3	price	1395134293510	1395134293511	1395134293677	1395134293677	OK	 
ACTION	Pricing	1	price	1395134293546	1395134293547	1395134293711	1395134293711	OK	 
ACTION	Pricing	2	price	1395134293582	1395134293583	1395134293742	1395134293742	OK	 
ACTION	Pricing	5	price	1395134293616	1395134293617	1395134293774	1395134293774	OK	 
ACTION	Pricing	4	price	1395134293646	1395134293647	1395134293804	1395134293805	OK	 
ACTION	Pricing	3	price	1395134293679	1395134293680	1395134293835	1395134293835	OK	 
ACTION	Pricing	1	price	1395134293713	1395134293713	1395134293865	1395134293866	OK	 
ACTION	Pricing	2	price	1395134293744	1395134293744	1395134293896	1395134293896	OK	 
ACTION	Pricing	5	price	1395134293775	1395134293776	1395134293935	1395134293935	OK	 
ACTION	Pricing	4	price	1395134293810	1395134293810	1395134293965	1395134293965	OK	 
ACTION	Pricing	3	price	1395134293837	1395134293837	1395134293994	1395134293995	OK	 
ACTION	Pricing	1	price	1395134293867	1395134293868	1395134294024	1395134294024	OK	 
ACTION	Pricing	2	price	1395134293901	1395134293901	1395134294055	1395134294055	OK	 
ACTION	Pricing	5	price	1395134293937	1395134293937	1395134294087	1395134294087	OK	 
ACTION	Pricing	4	price	1395134293967	1395134293967	1395134294115	1395134294115	OK	 
ACTION	Pricing	3	price	1395134293996	1395134293997	1395134294146	1395134294146	OK	 
ACTION	Pricing	1	price	1395134294026	1395134294026	1395134294174	1395134294174	OK	 
ACTION	Pricing	2	price	1395134294057	1395134294057	1395134294203	1395134294204	OK	 
ACTION	Pricing	5	price	1395134294089	1395134294090	1395134294235	1395134294235	OK	 
ACTION	Pricing	4	price	1395134294117	1395134294117	1395134294267	1395134294267	OK	 
ACTION	Pricing	3	price	1395134294147	1395134294148	1395134294299	1395134294300	OK	 
ACTION	Pricing	1	price	1395134294176	1395134294176	1395134294333	1395134294334	OK	 
ACTION	Pricing	2	price	1395134294205	1395134294206	1395134294368	1395134294369	OK	 
ACTION	Pricing	5	price	1395134294236	1395134294237	1395134294401	1395134294401	OK	 
ACTION	Pricing	4	price	1395134294269	1395134294270	1395134294432	1395134294433	OK	 
ACTION	Pricing	3	price	1395134294301	1395134294302	1395134294464	1395134294465	OK	 
ACTION	Pricing	1	price	1395134294335	1395134294336	1395134294495	1395134294495	OK	 
ACTION	Pricing	2	price	1395134294370	1395134294371	1395134294525	1395134294526	OK	 
ACTION	Pricing	5	price	1395134294402	1395134294403	1395134294554	1395134294554	OK	 
ACTION	Pricing	4	price	1395134294435	1395134294435	1395134294586	1395134294586	OK	 
ACTION	Pricing	3	price	1395134294466	1395134294467	1395134294615	1395134294616	OK	 
ACTION	Pricing	1	price	1395134294497	1395134294498	1395134294646	1395134294646	OK	 
ACTION	Pricing	2	price	1395134294527	1395134294528	1395134294675	1395134294675	OK	 
ACTION	Pricing	5	price	1395134294556	1395134294557	1395134294705	1395134294705	OK	 
ACTION	Pricing	4	price	1395134294588	1395134294588	1395134294736	1395134294736	OK	 
ACTION	Pricing	3	price	1395134294617	1395134294618	1395134294767	1395134294767	OK	 
ACTION	Pricing	1	price	1395134294647	1395134294648	1395134294811	1395134294811	OK	 
ACTION	Pricing	2	price	1395134294677	1395134294677	1395134294842	1395134294842	OK	 
ACTION	Pricing	5	price	1395134294707	1395134294707	1395134294874	1395134294875	OK	 
ACTION	Pricing	4	price	1395134294738	1395134294738	1395134294901	1395134294901	OK	 
ACTION	Pricing	3	price	1395134294769	1395134294769	1395134294932	1395134294932	OK	 
ACTION	Pricing	1	price	1395134294813	1395134294813	1395134294964	1395134294964	OK	 
ACTION	Pricing	2	price	1395134294844	1395134294845	1395134294995	1395134294995	OK	 
ACTION	Pricing	5	price	1395134294876	1395134294877	1395134295024	1395134295025	OK	 
ACTION	Pricing	4	price	1395134294903	1395134294903	1395134295055	1395134295055	OK	 
ACTION	Pricing	3	price	1395134294934	1395134294934	1395134295086	1395134295087	OK	 
ACTION	Pricing	1	price	1395134294966	1395134294966	1395134295116	1395134295116	OK	 
ACTION	Pricing	2	price	1395134294997	1395134294997	1395134295145	1395134295145	OK	 
ACTION	Pricing	5	price	1395134295026	1395134295027	1395134295181	1395134295181	OK	 
ACTION	Pricing	4	price	1395134295057	1395134295057	1395134295217	1395134295217	OK	 
ACTION	Pricing	3	price	1395134295088	1395134295089	1395134295250	1395134295250	OK	 
ACTION	Pricing	1	price	1395134295118	1395134295119	1395134295282	1395134295282	OK	 
ACTION	Pricing	2	price	1395134295146	1395134295147	1395134295313	1395134295314	OK	 
ACTION	Pricing	5	price	1395134295183	1395134295184	1395134295345	1395134295345	OK	 
ACTION	Pricing	4	price	1395134295219	1395134295219	1395134295377	1395134295377	OK	 
ACTION	Pricing	3	price	1395134295251	1395134295252	1395134295410	1395134295410	OK	 
ACTION	Pricing	1	price	1395134295284	1395134295285	1395134295447	1395134295447	OK	 
ACTION	Pricing	2	price	1395134295315	1395134295316	1395134295477	1395134295477	OK	 
ACTION	Pricing	5	price	1395134295346	1395134295347	1395134295506	1395134295506	OK	 
ACTION	Pricing	4	price	1395134295379	1395134295379	1395134295536	1395134295536	OK	 
ACTION	Pricing	3	price	1395134295411	1395134295412	1395134295565	1395134295565	OK	 
ACTION	Pricing	1	price	1395134295449	1395134295450	1395134295595	1395134295595	OK	 
ACTION	Pricing	2	price	1395134295478	1395134295479	1395134295626	1395134295626	OK	 
ACTION	Pricing	5	price	1395134295508	1395134295509	1395134295656	1395134295656	OK	 
ACTION	Pricing	4	price	1395134295538	1395134295538	1395134295685	1395134295686	OK	 
ACTION	Pricing	3	price	1395134295567	1395134295567	1395134295713	1395134295714	OK	 
ACTION	Pricing	1	price	1395134295597	1395134295597	1395134295747	1395134295747	OK	 
ACTION	Pricing	2	price	1395134295627	1395134295628	1395134295779	1395134295780	OK	 
ACTION	Pricing	5	price	1395134295658	1395134295658	1395134295816	1395134295816	OK	 
ACTION	Pricing	4	price	1395134295687	1395134295688	1395134295849	1395134295849	OK	 
ACTION	Pricing	3	price	1395134295715	1395134295716	1395134295882	1395134295882	OK	 
ACTION	Pricing	1	price	1395134295749	1395134295749	1395134295913	1395134295913	OK	 
ACTION	Pricing	2	price	1395134295781	1395134295782	1395134295946	1395134295946	OK	 
ACTION	Pricing	5	price	1395134295818	1395134295818	1395134295980	1395134295981	OK	 
ACTION	Pricing	4	price	1395134295851	1395134295852	1395134296010	1395134296010	OK	 
ACTION	Pricing	3	price	1395134295884	1395134295884	1395134296043	1395134296043	OK	 
ACTION	Pricing	1	price	1395134295916	1395134295917	1395134296080	1395134296081	OK	 
ACTION	Pricing	2	price	1395134295948	1395134295948	1395134296136	1395134296136	OK	 
ACTION	Pricing	5	price	1395134295982	1395134295983	1395134296186	1395134296187	OK	 
ACTION	Pricing	4	price	1395134296012	1395134296013	1395134296226	1395134296226	OK	 
ACTION	Pricing	3	price	1395134296045	1395134296045	1395134296264	1395134296264	OK	 
ACTION	Pricing	1	price	1395134296083	1395134296085	1395134296302	1395134296303	OK	 
ACTION	Pricing	2	price	1395134296139	1395134296140	1395134296339	1395134296339	OK	 
ACTION	Pricing	5	price	1395134296189	1395134296190	1395134296372	1395134296373	OK	 
ACTION	Pricing	4	price	1395134296228	1395134296229	1395134296404	1395134296404	OK	 
ACTION	Pricing	3	price	1395134296266	1395134296267	1395134296436	1395134296436	OK	 
ACTION	Pricing	1	price	1395134296305	1395134296305	1395134296467	1395134296467	OK	 
ACTION	Pricing	2	price	1395134296341	1395134296342	1395134296500	1395134296501	OK	 
ACTION	Pricing	5	price	1395134296374	1395134296375	1395134296532	1395134296532	OK	 
ACTION	Pricing	4	price	1395134296406	1395134296407	1395134296561	1395134296561	OK	 
ACTION	Pricing	3	price	1395134296438	1395134296439	1395134296595	1395134296595	OK	 
ACTION	Pricing	1	price	1395134296469	1395134296469	1395134296628	1395134296629	OK	 
ACTION	Pricing	2	price	1395134296502	1395134296503	1395134296661	1395134296662	OK	 
ACTION	Pricing	5	price	1395134296534	1395134296535	1395134296691	1395134296691	OK	 
ACTION	Pricing	4	price	1395134296564	1395134296565	1395134296725	1395134296725	OK	 
ACTION	Pricing	3	price	1395134296596	1395134296597	1395134296757	1395134296757	OK	 
ACTION	Pricing	1	price	1395134296630	1395134296631	1395134296786	1395134296786	OK	 
ACTION	Pricing	2	price	1395134296663	1395134296664	1395134296819	1395134296819	OK	 
ACTION	Pricing	5	price	1395134296693	1395134296694	1395134296864	1395134296865	OK	 
ACTION	Pricing	4	price	1395134296727	1395134296727	1395134296887	1395134296887	OK	 
ACTION	Pricing	3	price	1395134296759	1395134296759	1395134296942	1395134296942	OK	 
ACTION	Pricing	1	price	1395134296788	1395134296789	1395134296963	1395134296964	OK	 
ACTION	Pricing	2	price	1395134296821	1395134296822	1395134296992	1395134296992	OK	 
ACTION	Pricing	5	price	1395134296866	1395134296867	1395134297024	1395134297024	OK	 
ACTION	Pricing	4	price	1395134296889	1395134296889	1395134297054	1395134297054	OK	 
ACTION	Pricing	3	price	1395134296944	1395134296945	1395134297084	1395134297084	OK	 
ACTION	Pricing	1	price	1395134296965	1395134296966	1395134297117	1395134297117	OK	 
ACTION	Pricing	2	price	1395134296994	1395134296994	1395134297152	1395134297152	OK	 
ACTION	Pricing	5	price	1395134297026	1395134297027	1395134297188	1395134297188	OK	 
ACTION	Pricing	4	price	1395134297056	1395134297056	1395134297224	1395134297224	OK	 
ACTION	Pricing	3	price	1395134297086	1395134297087	1395134297256	1395134297257	OK	 
ACTION	Pricing	1	price	1395134297119	1395134297119	1395134297290	1395134297290	OK	 
ACTION	Pricing	2	price	1395134297155	1395134297155	1395134297323	1395134297324	OK	 
ACTION	Pricing	5	price	1395134297190	1395134297191	1395134297354	1395134297354	OK	 
ACTION	Pricing	4	price	1395134297226	1395134297226	1395134297386	1395134297386	OK	 
ACTION	Pricing	3	price	1395134297259	1395134297259	1395134297418	1395134297418	OK	 
ACTION	Pricing	1	price	1395134297292	1395134297293	1395134297451	1395134297451	OK	 
ACTION	Pricing	2	price	1395134297325	1395134297326	1395134297480	1395134297480	OK	 
ACTION	Pricing	5	price	1395134297356	1395134297356	1395134297511	1395134297511	OK	 
ACTION	Pricing	4	price	1395134297388	1395134297388	1395134297541	1395134297541	OK	 
ACTION	Pricing	3	price	1395134297421	1395134297421	1395134297574	1395134297574	OK	 
ACTION	Pricing	1	price	1395134297453	1395134297453	1395134297604	1395134297605	OK	 
ACTION	Pricing	2	price	1395134297482	1395134297482	1395134297648	1395134297648	OK	 
ACTION	Pricing	5	price	1395134297513	1395134297514	1395134297678	1395134297678	OK	 
ACTION	Pricing	4	price	1395134297543	1395134297543	1395134297707	1395134297707	OK	 
ACTION	Pricing	3	price	1395134297576	1395134297576	1395134297738	1395134297738	OK	 
ACTION	Pricing	1	price	1395134297606	1395134297607	1395134297767	1395134297768	OK	 
ACTION	Pricing	2	price	1395134297650	1395134297651	1395134297803	1395134297803	OK	 
ACTION	Pricing	5	price	1395134297679	1395134297680	1395134297835	1395134297835	OK	 
ACTION	Pricing	4	price	1395134297708	1395134297709	1395134297864	1395134297864	OK	 
ACTION	Pricing	3	price	1395134297739	1395134297740	1395134297896	1395134297896	OK	 
ACTION	Pricing	1	price	1395134297770	1395134297770	1395134297928	1395134297928	OK	 
ACTION	Pricing	2	price	1395134297805	1395134297805	1395134297962	1395134297963	OK	 
ACTION	Pricing	5	price	1395134297836	1395134297837	1395134297996	1395134297996	OK	 
ACTION	Pricing	4	price	1395134297866	1395134297866	1395134298031	1395134298031	OK	 
ACTION	Pricing	3	price	1395134297899	1395134297900	1395134298063	1395134298064	OK	 
ACTION	Pricing	1	price	1395134297930	1395134297933	1395134298095	1395134298096	OK	 
ACTION	Pricing	2	price	1395134297965	1395134297965	1395134298129	1395134298129	OK	 
ACTION	Pricing	5	price	1395134297997	1395134297998	1395134298161	1395134298162	OK	 
ACTION	Pricing	4	price	1395134298033	1395134298033	1395134298195	1395134298195	OK	 
ACTION	Pricing	3	price	1395134298065	1395134298066	1395134298235	1395134298235	OK	 
ACTION	Pricing	1	price	1395134298097	1395134298097	1395134298288	1395134298289	OK	 
ACTION	Pricing	2	price	1395134298130	1395134298131	1395134298334	1395134298334	OK	 
ACTION	Pricing	5	price	1395134298163	1395134298164	1395134298375	1395134298376	OK	 
ACTION	Pricing	4	price	1395134298197	1395134298197	1395134298414	1395134298415	OK	 
ACTION	Pricing	3	price	1395134298238	1395134298239	1395134298452	1395134298453	OK	 
ACTION	Pricing	1	price	1395134298291	1395134298292	1395134298489	1395134298490	OK	 
ACTION	Pricing	2	price	1395134298337	1395134298337	1395134298524	1395134298525	OK	 
ACTION	Pricing	5	price	1395134298378	1395134298379	1395134298557	1395134298558	OK	 
ACTION	Pricing	4	price	1395134298417	1395134298417	1395134298592	1395134298592	OK	 
ACTION	Pricing	3	price	1395134298454	1395134298455	1395134298632	1395134298633	OK	 
ACTION	Pricing	1	price	1395134298491	1395134298492	1395134298665	1395134298665	OK	 
ACTION	Pricing	2	price	1395134298526	1395134298527	1395134298701	1395134298701	OK	 
ACTION	Pricing	5	price	1395134298561	1395134298561	1395134298731	1395134298731	OK	 
ACTION	Pricing	4	price	1395134298595	1395134298595	1395134298761	1395134298762	OK	 
ACTION	Pricing	3	price	1395134298634	1395134298635	1395134298793	1395134298794	OK	 
ACTION	Pricing	1	price	1395134298666	1395134298667	1395134298825	1395134298825	OK	 
ACTION	Pricing	2	price	1395134298703	1395134298703	1395134298859	1395134298859	OK	 
ACTION	Pricing	5	price	1395134298734	1395134298734	1395134298888	1395134298888	OK	 
ACTION	Pricing	4	price	1395134298763	1395134298764	1395134298918	1395134298918	OK	 
ACTION	Pricing	3	price	1395134298795	1395134298796	1395134298949	1395134298950	OK	 
ACTION	Pricing	1	price	1395134298826	1395134298827	1395134298982	1395134298982	OK	 
ACTION	Pricing	2	price	1395134298860	1395134298861	1395134299015	1395134299015	OK	 
ACTION	Pricing	5	price	1395134298889	1395134298890	1395134299048	1395134299048	OK	 
ACTION	Pricing	4	price	1395134298920	1395134298921	1395134299080	1395134299081	OK	 
ACTION	Pricing	3	price	1395134298951	1395134298952	1395134299112	1395134299112	OK	 
ACTION	Pricing	1	price	1395134298984	1395134298985	1395134299142	1395134299143	OK	 
ACTION	Pricing	2	price	1395134299017	1395134299018	1395134299175	1395134299176	OK	 
ACTION	Pricing	5	price	1395134299050	1395134299051	1395134299207	1395134299208	OK	 
ACTION	Pricing	4	price	1395134299082	1395134299083	1395134299241	1395134299241	OK	 
ACTION	Pricing	3	price	1395134299114	1395134299115	1395134299273	1395134299274	OK	 
ACTION	Pricing	1	price	1395134299144	1395134299145	1395134299305	1395134299306	OK	 
ACTION	Pricing	2	price	1395134299178	1395134299178	1395134299335	1395134299335	OK	 
ACTION	Pricing	5	price	1395134299209	1395134299210	1395134299368	1395134299369	OK	 
ACTION	Pricing	4	price	1395134299243	1395134299243	1395134299401	1395134299401	OK	 
ACTION	Pricing	3	price	1395134299276	1395134299276	1395134299431	1395134299432	OK	 
ACTION	Pricing	1	price	1395134299307	1395134299307	1395134299461	1395134299461	OK	 
ACTION	Pricing	2	price	1395134299337	1395134299337	1395134299492	1395134299492	OK	 
ACTION	Pricing	5	price	1395134299370	1395134299371	1395134299519	1395134299520	OK	 
ACTION	Pricing	4	price	1395134299403	1395134299404	1395134299550	1395134299550	OK	 
ACTION	Pricing	3	price	1395134299433	1395134299434	1395134299582	1395134299582	OK	 
ACTION	Pricing	1	price	1395134299463	1395134299463	1395134299613	1395134299613	OK	 
ACTION	Pricing	2	price	1395134299493	1395134299494	1395134299642	1395134299642	OK	 
ACTION	Pricing	5	price	1395134299522	1395134299522	1395134299673	1395134299673	OK	 
ACTION	Pricing	4	price	1395134299552	1395134299552	1395134299706	1395134299706	OK	 
ACTION	Pricing	3	price	1395134299584	1395134299585	1395134299737	1395134299738	OK	 
ACTION	Pricing	1	price	1395134299614	1395134299615	1395134299769	1395134299769	OK	 
ACTION	Pricing	2	price	1395134299643	1395134299644	1395134299799	1395134299800	OK	 
ACTION	Pricing	5	price	1395134299674	1395134299675	1395134299832	1395134299832	OK	 
ACTION	Pricing	4	price	1395134299708	1395134299709	1395134299865	1395134299865	OK	 
ACTION	Pricing	3	price	1395134299740	1395134299740	1395134299897	1395134299898	OK	 
ACTION	Pricing	1	price	1395134299771	1395134299771	1395134299930	1395134299931	OK	 
ACTION	Pricing	2	price	1395134299801	1395134299802	1395134299965	1395134299965	OK	 
ACTION	Pricing	5	price	1395134299834	1395134299834	1395134299996	1395134299997	OK	 
ACTION	Pricing	4	price	1395134299866	1395134299867	1395134300029	1395134300030	OK	 
ACTION	Pricing	3	price	1395134299899	1395134299900	1395134300064	1395134300064	OK	 
ACTION	Pricing	1	price	1395134299933	1395134299933	1395134300098	1395134300098	OK	 
ACTION	Pricing	2	price	1395134299966	1395134299967	1395134300129	1395134300129	OK	 
ACTION	Pricing	5	price	1395134299998	1395134299999	1395134300162	1395134300162	OK	 
ACTION	Pricing	4	price	1395134300033	1395134300033	1395134300195	1395134300195	OK	 
ACTION	Pricing	3	price	1395134300065	1395134300066	1395134300221	1395134300222	OK	 
ACTION	Pricing	1	price	1395134300099	1395134300100	1395134300252	1395134300252	OK	 
ACTION	Pricing	2	price	1395134300131	1395134300131	1395134300287	1395134300287	OK	 
ACTION	Pricing	5	price	1395134300164	1395134300165	1395134300353	1395134300353	OK	 
ACTION	Pricing	4	price	1395134300196	1395134300197	1395134300351	1395134300353	OK	 
ACTION	Pricing	3	price	1395134300223	1395134300224	1395134300394	1395134300394	OK	 
ACTION	Pricing	1	price	1395134300254	1395134300254	1395134300430	1395134300431	OK	 
ACTION	Pricing	2	price	1395134300289	1395134300289	1395134300466	1395134300466	OK	 
ACTION	Pricing	5	price	1395134300355	1395134300355	1395134300500	1395134300500	OK	 
ACTION	Pricing	4	price	1395134300356	1395134300356	1395134300531	1395134300531	OK	 
ACTION	Pricing	3	price	1395134300396	1395134300397	1395134300563	1395134300563	OK	 
ACTION	Pricing	1	price	1395134300433	1395134300433	1395134300594	1395134300594	OK	 
ACTION	Pricing	2	price	1395134300468	1395134300469	1395134300624	1395134300624	OK	 
ACTION	Pricing	5	price	1395134300502	1395134300502	1395134300656	1395134300657	OK	 
ACTION	Pricing	4	price	1395134300533	1395134300533	1395134300690	1395134300690	OK	 
ACTION	Pricing	3	price	1395134300565	1395134300565	1395134300720	1395134300721	OK	 
ACTION	Pricing	1	price	1395134300595	1395134300596	1395134300752	1395134300752	OK	 
ACTION	Pricing	2	price	1395134300626	1395134300627	1395134300785	1395134300786	OK	 
ACTION	Pricing	5	price	1395134300658	1395134300658	1395134300817	1395134300817	OK	 
ACTION	Pricing	4	price	1395134300692	1395134300693	1395134300850	1395134300850	OK	 
ACTION	Pricing	3	price	1395134300723	1395134300723	1395134300883	1395134300883	OK	 
ACTION	Pricing	1	price	1395134300754	1395134300754	1395134300917	1395134300918	OK	 
ACTION	Pricing	2	price	1395134300788	1395134300788	1395134300950	1395134300950	OK	 
ACTION	Pricing	5	price	1395134300818	1395134300819	1395134300981	1395134300982	OK	 
ACTION	Pricing	4	price	1395134300852	1395134300853	1395134301011	1395134301011	OK	 
ACTION	Pricing	3	price	1395134300885	1395134300885	1395134301041	1395134301041	OK	 
ACTION	Pricing	1	price	1395134300919	1395134300920	1395134301092	1395134301092	OK	 
ACTION	Pricing	2	price	1395134300952	1395134300953	1395134301128	1395134301128	OK	 
ACTION	Pricing	5	price	1395134300983	1395134300984	1395134301160	1395134301160	OK	 
ACTION	Pricing	4	price	1395134301014	1395134301014	1395134301190	1395134301191	OK	 
ACTION	Pricing	3	price	1395134301043	1395134301044	1395134301223	1395134301223	OK	 
ACTION	Pricing	1	price	1395134301093	1395134301094	1395134301253	1395134301254	OK	 
ACTION	Pricing	2	price	1395134301130	1395134301130	1395134301285	1395134301285	OK	 
ACTION	Pricing	5	price	1395134301162	1395134301163	1395134301316	1395134301317	OK	 
ACTION	Pricing	4	price	1395134301192	1395134301193	1395134301349	1395134301349	OK	 
ACTION	Pricing	3	price	1395134301225	1395134301225	1395134301380	1395134301380	OK	 
ACTION	Pricing	1	price	1395134301255	1395134301256	1395134301416	1395134301416	OK	 
ACTION	Pricing	2	price	1395134301286	1395134301287	1395134301449	1395134301449	OK	 
ACTION	Pricing	5	price	1395134301318	1395134301319	1395134301483	1395134301483	OK	 
ACTION	Pricing	4	price	1395134301350	1395134301351	1395134301517	1395134301517	OK	 
ACTION	Pricing	3	price	1395134301381	1395134301382	1395134301552	1395134301552	OK	 
ACTION	Pricing	1	price	1395134301418	1395134301418	1395134301586	1395134301586	OK	 
ACTION	Pricing	2	price	1395134301450	1395134301451	1395134301620	1395134301621	OK	 
ACTION	Pricing	5	price	1395134301485	1395134301485	1395134301652	1395134301653	OK	 
ACTION	Pricing	4	price	1395134301519	1395134301519	1395134301684	1395134301684	OK	 
ACTION	Pricing	3	price	1395134301554	1395134301555	1395134301716	1395134301716	OK	 
ACTION	Pricing	1	price	1395134301588	1395134301588	1395134301746	1395134301746	OK	 
ACTION	Pricing	2	price	1395134301622	1395134301623	1395134301777	1395134301777	OK	 
ACTION	Pricing	5	price	1395134301654	1395134301655	1395134301813	1395134301813	OK	 
ACTION	Pricing	4	price	1395134301686	1395134301686	1395134301844	1395134301844	OK	 
ACTION	Pricing	3	price	1395134301719	1395134301719	1395134301876	1395134301876	OK	 
ACTION	Pricing	1	price	1395134301748	1395134301748	1395134301909	1395134301909	OK	 
ACTION	Pricing	2	price	1395134301779	1395134301779	1395134301941	1395134301941	OK	 
ACTION	Pricing	5	price	1395134301814	1395134301815	1395134301972	1395134301972	OK	 
ACTION	Pricing	4	price	1395134301846	1395134301846	1395134302006	1395134302006	OK	 
ACTION	Pricing	3	price	1395134301877	1395134301878	1395134302039	1395134302040	OK	 
ACTION	Pricing	1	price	1395134301910	1395134301911	1395134302073	1395134302073	OK	 
ACTION	Pricing	2	price	1395134301942	1395134301943	1395134302106	1395134302106	OK	 
ACTION	Pricing	5	price	1395134301973	1395134301974	1395134302140	1395134302141	OK	 
ACTION	Pricing	4	price	1395134302008	1395134302008	1395134302170	1395134302170	OK	 
ACTION	Pricing	3	price	1395134302041	1395134302041	1395134302201	1395134302202	OK	 
ACTION	Pricing	1	price	1395134302075	1395134302075	1395134302262	1395134302262	OK	 
ACTION	Pricing	2	price	1395134302108	1395134302109	1395134302274	1395134302274	OK	 
ACTION	Pricing	5	price	1395134302143	1395134302143	1395134302304	1395134302304	OK	 
ACTION	Pricing	4	price	1395134302172	1395134302172	1395134302335	1395134302336	OK	 
ACTION	Pricing	3	price	1395134302203	1395134302204	1395134302367	1395134302367	OK	 
ACTION	Pricing	1	price	1395134302264	1395134302264	1395134302397	1395134302397	OK	 
ACTION	Pricing	2	price	1395134302275	1395134302276	1395134302429	1395134302430	OK	 
ACTION	Pricing	5	price	1395134302306	1395134302307	1395134302462	1395134302462	OK	 
ACTION	Pricing	4	price	1395134302337	1395134302338	1395134302497	1395134302498	OK	 
ACTION	Pricing	3	price	1395134302368	1395134302369	1395134302533	1395134302533	OK	 
ACTION	Pricing	1	price	1395134302399	1395134302400	1395134302566	1395134302566	OK	 
ACTION	Pricing	2	price	1395134302431	1395134302432	1395134302600	1395134302600	OK	 
ACTION	Pricing	5	price	1395134302464	1395134302464	1395134302632	1395134302632	OK	 
ACTION	Pricing	4	price	1395134302500	1395134302500	1395134302667	1395134302667	OK	 
ACTION	Pricing	3	price	1395134302534	1395134302535	1395134302701	1395134302701	OK	 
ACTION	Pricing	1	price	1395134302568	1395134302568	1395134302734	1395134302735	OK	 
ACTION	Pricing	2	price	1395134302602	1395134302602	1395134302772	1395134302772	OK	 
ACTION	Pricing	5	price	1395134302634	1395134302634	1395134302806	1395134302806	OK	 
ACTION	Pricing	4	price	1395134302669	1395134302669	1395134302842	1395134302842	OK	 
ACTION	Pricing	3	price	1395134302702	1395134302703	1395134302867	1395134302868	OK	 
ACTION	Pricing	1	price	1395134302736	1395134302737	1395134302900	1395134302900	OK	 
ACTION	Pricing	2	price	1395134302773	1395134302774	1395134302933	1395134302934	OK	 
ACTION	Pricing	5	price	1395134302807	1395134302808	1395134302965	1395134302966	OK	 
ACTION	Pricing	4	price	1395134302844	1395134302844	1395134302996	1395134302996	OK	 
ACTION	Pricing	3	price	1395134302869	1395134302869	1395134303027	1395134303027	OK	 
ACTION	Pricing	1	price	1395134302902	1395134302902	1395134303057	1395134303057	OK	 
ACTION	Pricing	2	price	1395134302935	1395134302936	1395134303088	1395134303088	OK	 
ACTION	Pricing	5	price	1395134302967	1395134302967	1395134303118	1395134303118	OK	 
ACTION	Pricing	4	price	1395134302997	1395134302998	1395134303149	1395134303149	OK	 
ACTION	Pricing	3	price	1395134303029	1395134303029	1395134303182	1395134303183	OK	 
ACTION	Pricing	1	price	1395134303058	1395134303059	1395134303215	1395134303215	OK	 
ACTION	Pricing	2	price	1395134303090	1395134303090	1395134303248	1395134303248	OK	 
ACTION	Pricing	5	price	1395134303119	1395134303120	1395134303283	1395134303283	OK	 
ACTION	Pricing	4	price	1395134303151	1395134303152	1395134303316	1395134303317	OK	 
ACTION	Pricing	3	price	1395134303184	1395134303185	1395134303348	1395134303348	OK	 
ACTION	Pricing	1	price	1395134303217	1395134303217	1395134303381	1395134303381	OK	 
ACTION	Pricing	2	price	1395134303250	1395134303251	1395134303415	1395134303416	OK	 
ACTION	Pricing	5	price	1395134303288	1395134303289	1395134303443	1395134303443	OK	 
ACTION	Pricing	4	price	1395134303318	1395134303319	1395134303474	1395134303474	OK	 
ACTION	Pricing	3	price	1395134303349	1395134303350	1395134303507	1395134303507	OK	 
ACTION	Pricing	1	price	1395134303383	1395134303384	1395134303538	1395134303538	OK	 
ACTION	Pricing	2	price	1395134303417	1395134303417	1395134303571	1395134303571	OK	 
ACTION	Pricing	5	price	1395134303445	1395134303445	1395134303601	1395134303602	OK	 
ACTION	Pricing	4	price	1395134303476	1395134303480	1395134303634	1395134303634	OK	 
ACTION	Pricing	3	price	1395134303509	1395134303510	1395134303665	1395134303665	OK	 
ACTION	Pricing	1	price	1395134303540	1395134303541	1395134303696	1395134303696	OK	 
ACTION	Pricing	2	price	1395134303573	1395134303573	1395134303729	1395134303729	OK	 
ACTION	Pricing	5	price	1395134303604	1395134303605	1395134303762	1395134303763	OK	 
ACTION	Pricing	4	price	1395134303635	1395134303636	1395134303796	1395134303796	OK	 
ACTION	Pricing	3	price	1395134303668	1395134303668	1395134303834	1395134303834	OK	 
ACTION	Pricing	1	price	1395134303698	1395134303698	1395134303866	1395134303866	OK	 
ACTION	Pricing	2	price	1395134303731	1395134303731	1395134303898	1395134303898	OK	 
ACTION	Pricing	5	price	1395134303764	1395134303765	1395134303929	1395134303929	OK	 
ACTION	Pricing	4	price	1395134303798	1395134303798	1395134303959	1395134303960	OK	 
ACTION	Pricing	3	price	1395134303836	1395134303837	1395134303991	1395134303991	OK	 
ACTION	Pricing	1	price	1395134303867	1395134303868	1395134304033	1395134304033	OK	 
ACTION	Pricing	2	price	1395134303900	1395134303901	1395134304065	1395134304065	OK	 
ACTION	Pricing	5	price	1395134303931	1395134303931	1395134304095	1395134304095	OK	 
ACTION	Pricing	4	price	1395134303961	1395134303962	1395134304127	1395134304127	OK	 
ACTION	Pricing	3	price	1395134303993	1395134303993	1395134304157	1395134304157	OK	 
ACTION	Pricing	1	price	1395134304035	1395134304035	1395134304189	1395134304189	OK	 
ACTION	Pricing	2	price	1395134304067	1395134304067	1395134304222	1395134304222	OK	 
ACTION	Pricing	5	price	1395134304101	1395134304101	1395134304254	1395134304254	OK	 
ACTION	Pricing	4	price	1395134304129	1395134304129	1395134304286	1395134304286	OK	 
ACTION	Pricing	3	price	1395134304159	1395134304160	1395134304316	1395134304317	OK	 
ACTION	Pricing	1	price	1395134304191	1395134304191	1395134304346	1395134304346	OK	 
ACTION	Pricing	2	price	1395134304224	1395134304224	1395134304378	1395134304378	OK	 
ACTION	Pricing	5	price	1395134304256	1395134304256	1395134304409	1395134304409	OK	 
ACTION	Pricing	4	price	1395134304287	1395134304288	1395134304440	1395134304440	OK	 
ACTION	Pricing	3	price	1395134304318	1395134304319	1395134304473	1395134304473	OK	 
ACTION	Pricing	1	price	1395134304348	1395134304348	1395134304505	1395134304506	OK	 
ACTION	Pricing	2	price	1395134304380	1395134304380	1395134304538	1395134304538	OK	 
ACTION	Pricing	5	price	1395134304411	1395134304412	1395134304569	1395134304570	OK	 
ACTION	Pricing	4	price	1395134304442	1395134304442	1395134304601	1395134304602	OK	 
ACTION	Pricing	3	price	1395134304474	1395134304475	1395134304639	1395134304639	OK	 
ACTION	Pricing	1	price	1395134304507	1395134304507	1395134304677	1395134304677	OK	 
ACTION	Pricing	2	price	1395134304539	1395134304540	1395134304712	1395134304712	OK	 
ACTION	Pricing	5	price	1395134304571	1395134304572	1395134304749	1395134304749	OK	 
ACTION	Pricing	4	price	1395134304617	1395134304618	1395134304788	1395134304788	OK	 
ACTION	Pricing	3	price	1395134304641	1395134304644	1395134304822	1395134304822	OK	 
ACTION	Pricing	1	price	1395134304679	1395134304679	1395134304854	1395134304855	OK	 
ACTION	Pricing	2	price	1395134304714	1395134304714	1395134304884	1395134304885	OK	 
ACTION	Pricing	5	price	1395134304751	1395134304751	1395134304915	1395134304916	OK	 
ACTION	Pricing	4	price	1395134304790	1395134304790	1395134304947	1395134304947	OK	 
ACTION	Pricing	3	price	1395134304824	1395134304825	1395134304979	1395134304979	OK	 
ACTION	Pricing	1	price	1395134304856	1395134304857	1395134305008	1395134305008	OK	 
ACTION	Pricing	2	price	1395134304886	1395134304887	1395134305041	1395134305041	OK	 
ACTION	Pricing	5	price	1395134304917	1395134304918	1395134305072	1395134305072	OK	 
ACTION	Pricing	4	price	1395134304949	1395134304949	1395134305102	1395134305102	OK	 
ACTION	Pricing	3	price	1395134304980	1395134304981	1395134305134	1395134305134	OK	 
ACTION	Pricing	1	price	1395134305009	1395134305010	1395134305164	1395134305164	OK	 
ACTION	Pricing	2	price	1395134305043	1395134305043	1395134305194	1395134305194	OK	 
ACTION	Pricing	5	price	1395134305073	1395134305074	1395134305226	1395134305227	OK	 
ACTION	Pricing	4	price	1395134305104	1395134305104	1395134305262	1395134305262	OK	 
ACTION	Pricing	3	price	1395134305135	1395134305136	1395134305296	1395134305296	OK	 
ACTION	Pricing	1	price	1395134305165	1395134305166	1395134305329	1395134305330	OK	 
ACTION	Pricing	2	price	1395134305195	1395134305196	1395134305358	1395134305358	OK	 
ACTION	Pricing	5	price	1395134305228	1395134305229	1395134305387	1395134305387	OK	 
ACTION	Pricing	4	price	1395134305265	1395134305265	1395134305418	1395134305418	OK	 
ACTION	Pricing	3	price	1395134305297	1395134305298	1395134305450	1395134305450	OK	 
ACTION	Pricing	1	price	1395134305331	1395134305332	1395134305482	1395134305482	OK	 
ACTION	Pricing	2	price	1395134305359	1395134305360	1395134305514	1395134305514	OK	 
ACTION	Pricing	5	price	1395134305388	1395134305389	1395134305545	1395134305545	OK	 
ACTION	Pricing	4	price	1395134305420	1395134305420	1395134305583	1395134305584	OK	 
ACTION	Pricing	3	price	1395134305452	1395134305452	1395134305618	1395134305618	OK	 
ACTION	Pricing	1	price	1395134305484	1395134305485	1395134305651	1395134305652	OK	 
ACTION	Pricing	2	price	1395134305515	1395134305516	1395134305682	1395134305682	OK	 
ACTION	Pricing	5	price	1395134305547	1395134305547	1395134305714	1395134305715	OK	 
ACTION	Pricing	4	price	1395134305585	1395134305586	1395134305754	1395134305755	OK	 
ACTION	Pricing	3	price	1395134305619	1395134305620	1395134305787	1395134305788	OK	 
ACTION	Pricing	1	price	1395134305653	1395134305653	1395134305820	1395134305821	OK	 
ACTION	Pricing	2	price	1395134305684	1395134305684	1395134305855	1395134305856	OK	 
ACTION	Pricing	5	price	1395134305717	1395134305718	1395134305890	1395134305890	OK	 
ACTION	Pricing	4	price	1395134305756	1395134305758	1395134305923	1395134305924	OK	 
ACTION	Pricing	3	price	1395134305789	1395134305791	1395134305956	1395134305956	OK	 
ACTION	Pricing	1	price	1395134305823	1395134305825	1395134305989	1395134305989	OK	 
ACTION	Pricing	2	price	1395134305857	1395134305859	1395134306023	1395134306023	OK	 
ACTION	Pricing	5	price	1395134305892	1395134305892	1395134306054	1395134306055	OK	 
ACTION	Pricing	4	price	1395134305926	1395134305926	1395134306086	1395134306086	OK	 
ACTION	Pricing	3	price	1395134305957	1395134305958	1395134306117	1395134306118	OK	 
ACTION	Pricing	1	price	1395134305990	1395134305991	1395134306150	1395134306151	OK	 
ACTION	Pricing	2	price	1395134306025	1395134306026	1395134306181	1395134306181	OK	 
ACTION	Pricing	5	price	1395134306056	1395134306057	1395134306211	1395134306211	OK	 
ACTION	Pricing	4	price	1395134306087	1395134306088	1395134306242	1395134306243	OK	 
ACTION	Pricing	3	price	1395134306120	1395134306120	1395134306273	1395134306274	OK	 
ACTION	Pricing	1	price	1395134306152	1395134306153	1395134306303	1395134306304	OK	 
ACTION	Pricing	2	price	1395134306183	1395134306183	1395134306334	1395134306334	OK	 
ACTION	Pricing	5	price	1395134306212	1395134306213	1395134306364	1395134306364	OK	 
ACTION	Pricing	4	price	1395134306244	1395134306245	1395134306394	1395134306395	OK	 
ACTION	Pricing	3	price	1395134306276	1395134306276	1395134306426	1395134306426	OK	 
ACTION	Pricing	1	price	1395134306305	1395134306306	1395134306458	1395134306459	OK	 
ACTION	Pricing	2	price	1395134306335	1395134306336	1395134306489	1395134306490	OK	 
ACTION	Pricing	5	price	1395134306366	1395134306366	1395134306522	1395134306523	OK	 
ACTION	Pricing	4	price	1395134306396	1395134306396	1395134306552	1395134306553	OK	 
ACTION	Pricing	3	price	1395134306428	1395134306428	1395134306587	1395134306587	OK	 
ACTION	Pricing	1	price	1395134306460	1395134306461	1395134306622	1395134306622	OK	 
ACTION	Pricing	2	price	1395134306491	1395134306492	1395134306658	1395134306658	OK	 
ACTION	Pricing	5	price	1395134306529	1395134306529	1395134306691	1395134306692	OK	 
ACTION	Pricing	4	price	1395134306554	1395134306555	1395134306723	1395134306723	OK	 
ACTION	Pricing	3	price	1395134306588	1395134306589	1395134306758	1395134306758	OK	 
ACTION	Pricing	1	price	1395134306623	1395134306624	1395134306795	1395134306795	OK	 
ACTION	Pricing	2	price	1395134306660	1395134306660	1395134306829	1395134306830	OK	 
ACTION	Pricing	5	price	1395134306693	1395134306694	1395134306873	1395134306874	OK	 
ACTION	Pricing	4	price	1395134306724	1395134306725	1395134306910	1395134306911	OK	 
ACTION	Pricing	3	price	1395134306761	1395134306761	1395134306941	1395134306941	OK	 
ACTION	Pricing	1	price	1395134306797	1395134306798	1395134306992	1395134306992	OK	 
ACTION	Pricing	2	price	1395134306831	1395134306832	1395134307008	1395134307008	OK	 
ACTION	Pricing	5	price	1395134306875	1395134306876	1395134307039	1395134307039	OK	 
ACTION	Pricing	4	price	1395134306912	1395134306912	1395134307069	1395134307070	OK	 
ACTION	Pricing	3	price	1395134306943	1395134306943	1395134307100	1395134307100	OK	 
ACTION	Pricing	1	price	1395134306994	1395134306994	1395134307132	1395134307132	OK	 
ACTION	Pricing	2	price	1395134307010	1395134307010	1395134307165	1395134307165	OK	 
ACTION	Pricing	5	price	1395134307041	1395134307042	1395134307197	1395134307197	OK	 
ACTION	Pricing	4	price	1395134307072	1395134307073	1395134307229	1395134307230	OK	 
ACTION	Pricing	3	price	1395134307102	1395134307102	1395134307261	1395134307262	OK	 
ACTION	Pricing	1	price	1395134307134	1395134307135	1395134307295	1395134307295	OK	 
ACTION	Pricing	2	price	1395134307167	1395134307167	1395134307328	1395134307328	OK	 
ACTION	Pricing	5	price	1395134307199	1395134307200	1395134307360	1395134307360	OK	 
ACTION	Pricing	4	price	1395134307231	1395134307231	1395134307393	1395134307393	OK	 
ACTION	Pricing	3	price	1395134307263	1395134307264	1395134307426	1395134307426	OK	 
ACTION	Pricing	1	price	1395134307296	1395134307297	1395134307462	1395134307462	OK	 
ACTION	Pricing	2	price	1395134307329	1395134307330	1395134307491	1395134307492	OK	 
ACTION	Pricing	5	price	1395134307361	1395134307362	1395134307522	1395134307522	OK	 
ACTION	Pricing	4	price	1395134307394	1395134307394	1395134307555	1395134307555	OK	 
ACTION	Pricing	3	price	1395134307428	1395134307428	1395134307588	1395134307588	OK	 
ACTION	Pricing	1	price	1395134307463	1395134307463	1395134307620	1395134307620	OK	 
ACTION	Pricing	2	price	1395134307493	1395134307493	1395134307652	1395134307652	OK	 
ACTION	Pricing	5	price	1395134307524	1395134307524	1395134307686	1395134307686	OK	 
ACTION	Pricing	4	price	1395134307556	1395134307557	1395134307716	1395134307717	OK	 
ACTION	Pricing	3	price	1395134307589	1395134307589	1395134307745	1395134307746	OK	 
ACTION	Pricing	1	price	1395134307622	1395134307622	1395134307778	1395134307778	OK	 
ACTION	Pricing	2	price	1395134307654	1395134307655	1395134307808	1395134307809	OK	 
ACTION	Pricing	5	price	1395134307688	1395134307688	1395134307840	1395134307840	OK	 
ACTION	Pricing	4	price	1395134307718	1395134307718	1395134307876	1395134307876	OK	 
ACTION	Pricing	3	price	1395134307747	1395134307747	1395134307909	1395134307909	OK	 
ACTION	Pricing	1	price	1395134307780	1395134307780	1395134307938	1395134307938	OK	 
ACTION	Pricing	2	price	1395134307810	1395134307810	1395134307972	1395134307972	OK	 
ACTION	Pricing	5	price	1395134307841	1395134307842	1395134308005	1395134308005	OK	 
ACTION	Pricing	4	price	1395134307878	1395134307879	1395134308037	1395134308038	OK	 
ACTION	Pricing	3	price	1395134307910	1395134307910	1395134308071	1395134308071	OK	 
ACTION	Pricing	1	price	1395134307940	1395134307940	1395134308105	1395134308105	OK	 
ACTION	Pricing	2	price	1395134307973	1395134307974	1395134308136	1395134308136	OK	 
ACTION	Pricing	5	price	1395134308008	1395134308008	1395134308165	1395134308166	OK	 
ACTION	Pricing	4	price	1395134308039	1395134308039	1395134308196	1395134308196	OK	 
ACTION	Pricing	3	price	1395134308073	1395134308073	1395134308226	1395134308227	OK	 
ACTION	Pricing	1	price	1395134308107	1395134308108	1395134308261	1395134308261	OK	 
ACTION	Pricing	2	price	1395134308137	1395134308138	1395134308292	1395134308293	OK	 
ACTION	Pricing	5	price	1395134308167	1395134308168	1395134308325	1395134308325	OK	 
ACTION	Pricing	4	price	1395134308197	1395134308198	1395134308355	1395134308355	OK	 
ACTION	Pricing	3	price	1395134308228	1395134308229	1395134308385	1395134308385	OK	 
ACTION	Pricing	1	price	1395134308263	1395134308264	1395134308416	1395134308416	OK	 
ACTION	Pricing	2	price	1395134308294	1395134308294	1395134308446	1395134308446	OK	 
ACTION	Pricing	5	price	1395134308326	1395134308327	1395134308481	1395134308483	OK	 
ACTION	Pricing	4	price	1395134308357	1395134308357	1395134308512	1395134308512	OK	 
ACTION	Pricing	3	price	1395134308387	1395134308387	1395134308545	1395134308545	OK	 
ACTION	Pricing	1	price	1395134308418	1395134308418	1395134308579	1395134308579	OK	 
ACTION	Pricing	2	price	1395134308448	1395134308448	1395134308619	1395134308620	OK	 
ACTION	Pricing	5	price	1395134308484	1395134308485	1395134308662	1395134308662	OK	 
ACTION	Pricing	4	price	1395134308513	1395134308514	1395134308682	1395134308682	OK	 
ACTION	Pricing	3	price	1395134308546	1395134308547	1395134308716	1395134308717	OK	 
ACTION	Pricing	1	price	1395134308581	1395134308581	1395134308749	1395134308750	OK	 
ACTION	Pricing	2	price	1395134308621	1395134308622	1395134308782	1395134308782	OK	 
ACTION	Pricing	5	price	1395134308664	1395134308665	1395134308816	1395134308817	OK	 
ACTION	Pricing	4	price	1395134308683	1395134308684	1395134308850	1395134308851	OK	 
ACTION	Pricing	3	price	1395134308718	1395134308719	1395134308890	1395134308890	OK	 
ACTION	Pricing	1	price	1395134308751	1395134308751	1395134308921	1395134308921	OK	 
ACTION	Pricing	2	price	1395134308784	1395134308784	1395134308954	1395134308954	OK	 
ACTION	Pricing	5	price	1395134308818	1395134308819	1395134308990	1395134308990	OK	 
ACTION	Pricing	4	price	1395134308852	1395134308853	1395134309021	1395134309021	OK	 
ACTION	Pricing	3	price	1395134308892	1395134308892	1395134309052	1395134309052	OK	 
ACTION	Pricing	1	price	1395134308923	1395134308923	1395134309082	1395134309082	OK	 
ACTION	Pricing	2	price	1395134308956	1395134308956	1395134309114	1395134309114	OK	 
ACTION	Pricing	5	price	1395134308991	1395134308992	1395134309147	1395134309147	OK	 
ACTION	Pricing	4	price	1395134309023	1395134309023	1395134309188	1395134309188	OK	 
ACTION	Pricing	3	price	1395134309054	1395134309054	1395134309223	1395134309223	OK	 
ACTION	Pricing	1	price	1395134309084	1395134309085	1395134309258	1395134309258	OK	 
ACTION	Pricing	2	price	1395134309115	1395134309116	1395134309288	1395134309288	OK	 
ACTION	Pricing	5	price	1395134309149	1395134309149	1395134309322	1395134309322	OK	 
ACTION	Pricing	4	price	1395134309190	1395134309191	1395134309355	1395134309355	OK	 
ACTION	Pricing	3	price	1395134309224	1395134309225	1395134309385	1395134309385	OK	 
ACTION	Pricing	1	price	1395134309259	1395134309260	1395134309415	1395134309415	OK	 
ACTION	Pricing	2	price	1395134309290	1395134309290	1395134309445	1395134309445	OK	 
ACTION	Pricing	5	price	1395134309323	1395134309324	1395134309477	1395134309477	OK	 
ACTION	Pricing	4	price	1395134309358	1395134309358	1395134309506	1395134309506	OK	 
ACTION	Pricing	3	price	1395134309387	1395134309387	1395134309537	1395134309537	OK	 
ACTION	Pricing	1	price	1395134309416	1395134309417	1395134309572	1395134309572	OK	 
ACTION	Pricing	2	price	1395134309446	1395134309447	1395134309602	1395134309602	OK	 
ACTION	Pricing	5	price	1395134309478	1395134309479	1395134309635	1395134309635	OK	 
ACTION	Pricing	4	price	1395134309509	1395134309509	1395134309669	1395134309669	OK	 
ACTION	Pricing	3	price	1395134309539	1395134309539	1395134309704	1395134309704	OK	 
ACTION	Pricing	1	price	1395134309573	1395134309574	1395134309732	1395134309732	OK	 
ACTION	Pricing	2	price	1395134309604	1395134309604	1395134309762	1395134309762	OK	 
ACTION	Pricing	5	price	1395134309637	1395134309637	1395134309795	1395134309795	OK	 
ACTION	Pricing	4	price	1395134309671	1395134309671	1395134309826	1395134309827	OK	 
ACTION	Pricing	3	price	1395134309705	1395134309706	1395134309858	1395134309858	OK	 
ACTION	Pricing	1	price	1395134309734	1395134309734	1395134309892	1395134309892	OK	 
ACTION	Pricing	2	price	1395134309763	1395134309764	1395134309921	1395134309922	OK	 
ACTION	Pricing	5	price	1395134309797	1395134309797	1395134309956	1395134309956	OK	 
ACTION	Pricing	4	price	1395134309831	1395134309832	1395134309989	1395134309989	OK	 
ACTION	Pricing	3	price	1395134309861	1395134309861	1395134310019	1395134310019	OK	 
ACTION	Pricing	1	price	1395134309893	1395134309894	1395134310051	1395134310051	OK	 
ACTION	Pricing	2	price	1395134309923	1395134309923	1395134310084	1395134310084	OK	 
ACTION	Pricing	5	price	1395134309957	1395134309958	1395134310116	1395134310117	OK	 
ACTION	Pricing	4	price	1395134309991	1395134309991	1395134310150	1395134310150	OK	 
ACTION	Pricing	3	price	1395134310020	1395134310021	1395134310184	1395134310184	OK	 
ACTION	Pricing	1	price	1395134310053	1395134310053	1395134310217	1395134310217	OK	 
ACTION	Pricing	2	price	1395134310085	1395134310086	1395134310251	1395134310251	OK	 
ACTION	Pricing	5	price	1395134310118	1395134310119	1395134310285	1395134310285	OK	 
ACTION	Pricing	4	price	1395134310152	1395134310152	1395134310318	1395134310319	OK	 
ACTION	Pricing	3	price	1395134310186	1395134310186	1395134310351	1395134310352	OK	 
ACTION	Pricing	1	price	1395134310219	1395134310220	1395134310386	1395134310386	OK	 
ACTION	Pricing	2	price	1395134310253	1395134310254	1395134310419	1395134310419	OK	 
ACTION	Pricing	5	price	1395134310286	1395134310287	1395134310452	1395134310452	OK	 
ACTION	Pricing	4	price	1395134310320	1395134310321	1395134310485	1395134310486	OK	 
ACTION	Pricing	3	price	1395134310353	1395134310353	1395134310517	1395134310518	OK	 
ACTION	Pricing	1	price	1395134310388	1395134310388	1395134310553	1395134310553	OK	 
ACTION	Pricing	2	price	1395134310420	1395134310421	1395134310584	1395134310584	OK	 
ACTION	Pricing	5	price	1395134310453	1395134310454	1395134310613	1395134310613	OK	 
ACTION	Pricing	4	price	1395134310487	1395134310487	1395134310644	1395134310644	OK	 
ACTION	Pricing	3	price	1395134310519	1395134310519	1395134310676	1395134310676	OK	 
ACTION	Pricing	1	price	1395134310554	1395134310555	1395134310708	1395134310708	OK	 
ACTION	Pricing	2	price	1395134310585	1395134310586	1395134310743	1395134310743	OK	 
ACTION	Pricing	5	price	1395134310614	1395134310614	1395134310776	1395134310776	OK	 
ACTION	Pricing	4	price	1395134310645	1395134310646	1395134310809	1395134310809	OK	 
ACTION	Pricing	3	price	1395134310678	1395134310678	1395134310840	1395134310840	OK	 
ACTION	Pricing	1	price	1395134310710	1395134310710	1395134310874	1395134310875	OK	 
ACTION	Pricing	2	price	1395134310745	1395134310745	1395134310908	1395134310908	OK	 
ACTION	Pricing	5	price	1395134310777	1395134310778	1395134310937	1395134310938	OK	 
ACTION	Pricing	4	price	1395134310811	1395134310811	1395134310970	1395134310970	OK	 
ACTION	Pricing	3	price	1395134310842	1395134310842	1395134311001	1395134311001	OK	 
ACTION	Pricing	1	price	1395134310876	1395134310877	1395134311033	1395134311033	OK	 
ACTION	Pricing	2	price	1395134310910	1395134310910	1395134311064	1395134311064	OK	 
ACTION	Pricing	5	price	1395134310939	1395134310939	1395134311096	1395134311096	OK	 
ACTION	Pricing	4	price	1395134310971	1395134310972	1395134311131	1395134311131	OK	 
ACTION	Pricing	3	price	1395134311002	1395134311003	1395134311165	1395134311165	OK	 
ACTION	Pricing	1	price	1395134311034	1395134311035	1395134311198	1395134311198	OK	 
ACTION	Pricing	2	price	1395134311065	1395134311065	1395134311234	1395134311234	OK	 
ACTION	Pricing	5	price	1395134311097	1395134311098	1395134311265	1395134311265	OK	 
ACTION	Pricing	4	price	1395134311133	1395134311134	1395134311300	1395134311300	OK	 
ACTION	Pricing	3	price	1395134311167	1395134311174	1395134311345	1395134311346	OK	 
ACTION	Pricing	1	price	1395134311200	1395134311200	1395134311375	1395134311375	OK	 
ACTION	Pricing	2	price	1395134311236	1395134311237	1395134311408	1395134311408	OK	 
ACTION	Pricing	5	price	1395134311267	1395134311268	1395134311438	1395134311438	OK	 
ACTION	Pricing	4	price	1395134311302	1395134311303	1395134311471	1395134311471	OK	 
ACTION	Pricing	3	price	1395134311347	1395134311348	1395134311503	1395134311503	OK	 
ACTION	Pricing	1	price	1395134311376	1395134311377	1395134311533	1395134311533	OK	 
ACTION	Pricing	2	price	1395134311409	1395134311410	1395134311564	1395134311564	OK	 
ACTION	Pricing	5	price	1395134311440	1395134311440	1395134311596	1395134311597	OK	 
ACTION	Pricing	4	price	1395134311472	1395134311473	1395134311628	1395134311628	OK	 
ACTION	Pricing	3	price	1395134311504	1395134311504	1395134311660	1395134311660	OK	 
ACTION	Pricing	1	price	1395134311534	1395134311534	1395134311694	1395134311694	OK	 
ACTION	Pricing	2	price	1395134311566	1395134311566	1395134311724	1395134311724	OK	 
ACTION	Pricing	5	price	1395134311598	1395134311599	1395134311754	1395134311754	OK	 
ACTION	Pricing	4	price	1395134311629	1395134311630	1395134311785	1395134311786	OK	 
ACTION	Pricing	3	price	1395134311661	1395134311662	1395134311821	1395134311821	OK	 
ACTION	Pricing	1	price	1395134311696	1395134311696	1395134311854	1395134311855	OK	 
ACTION	Pricing	2	price	1395134311726	1395134311726	1395134311887	1395134311887	OK	 
ACTION	Pricing	5	price	1395134311756	1395134311756	1395134311917	1395134311918	OK	 
ACTION	Pricing	4	price	1395134311787	1395134311788	1395134311950	1395134311950	OK	 
ACTION	Pricing	3	price	1395134311823	1395134311823	1395134311981	1395134311981	OK	 
ACTION	Pricing	1	price	1395134311856	1395134311857	1395134312014	1395134312014	OK	 
ACTION	Pricing	2	price	1395134311888	1395134311888	1395134312046	1395134312047	OK	 
ACTION	Pricing	5	price	1395134311919	1395134311919	1395134312078	1395134312078	OK	 
ACTION	Pricing	4	price	1395134311951	1395134311952	1395134312108	1395134312108	OK	 
ACTION	Pricing	3	price	1395134311982	1395134311983	1395134312142	1395134312142	OK	 
ACTION	Pricing	1	price	1395134312016	1395134312016	1395134312174	1395134312174	OK	 
ACTION	Pricing	2	price	1395134312048	1395134312048	1395134312207	1395134312207	OK	 
ACTION	Pricing	5	price	1395134312080	1395134312080	1395134312241	1395134312241	OK	 
ACTION	Pricing	4	price	1395134312109	1395134312110	1395134312274	1395134312274	OK	 
ACTION	Pricing	3	price	1395134312144	1395134312144	1395134312307	1395134312308	OK	 
ACTION	Pricing	1	price	1395134312176	1395134312176	1395134312339	1395134312339	OK	 
ACTION	Pricing	2	price	1395134312209	1395134312209	1395134312370	1395134312370	OK	 
ACTION	Pricing	5	price	1395134312243	1395134312243	1395134312401	1395134312401	OK	 
ACTION	Pricing	4	price	1395134312276	1395134312276	1395134312434	1395134312434	OK	 
ACTION	Pricing	3	price	1395134312309	1395134312310	1395134312466	1395134312466	OK	 
ACTION	Pricing	1	price	1395134312340	1395134312341	1395134312498	1395134312498	OK	 
ACTION	Pricing	2	price	1395134312371	1395134312372	1395134312530	1395134312530	OK	 
ACTION	Pricing	5	price	1395134312403	1395134312403	1395134312562	1395134312562	OK	 
ACTION	Pricing	4	price	1395134312436	1395134312436	1395134312594	1395134312594	OK	 
ACTION	Pricing	3	price	1395134312468	1395134312468	1395134312626	1395134312626	OK	 
ACTION	Pricing	1	price	1395134312499	1395134312500	1395134312659	1395134312659	OK	 
ACTION	Pricing	2	price	1395134312532	1395134312532	1395134312692	1395134312692	OK	 
ACTION	Pricing	5	price	1395134312564	1395134312564	1395134312726	1395134312726	OK	 
ACTION	Pricing	4	price	1395134312596	1395134312596	1395134312759	1395134312759	OK	 
ACTION	Pricing	3	price	1395134312628	1395134312628	1395134312796	1395134312796	OK	 
ACTION	Pricing	1	price	1395134312661	1395134312661	1395134312828	1395134312828	OK	 
ACTION	Pricing	2	price	1395134312694	1395134312694	1395134312860	1395134312860	OK	 
ACTION	Pricing	5	price	1395134312728	1395134312728	1395134312892	1395134312893	OK	 
ACTION	Pricing	4	price	1395134312761	1395134312761	1395134312923	1395134312923	OK	 
ACTION	Pricing	3	price	1395134312798	1395134312798	1395134312954	1395134312954	OK	 
ACTION	Pricing	1	price	1395134312829	1395134312829	1395134312986	1395134312987	OK	 
ACTION	Pricing	2	price	1395134312862	1395134312862	1395134313017	1395134313017	OK	 
ACTION	Pricing	5	price	1395134312894	1395134312894	1395134313048	1395134313048	OK	 
ACTION	Pricing	4	price	1395134312924	1395134312925	1395134313078	1395134313078	OK	 
ACTION	Pricing	3	price	1395134312956	1395134312956	1395134313108	1395134313108	OK	 
ACTION	Pricing	1	price	1395134312988	1395134312989	1395134313143	1395134313144	OK	 
ACTION	Pricing	2	price	1395134313018	1395134313019	1395134313173	1395134313173	OK	 
ACTION	Pricing	5	price	1395134313049	1395134313049	1395134313204	1395134313204	OK	 
ACTION	Pricing	4	price	1395134313079	1395134313080	1395134313235	1395134313235	OK	 
ACTION	Pricing	3	price	1395134313110	1395134313110	1395134313267	1395134313267	OK	 
ACTION	Pricing	1	price	1395134313145	1395134313145	1395134313302	1395134313302	OK	 
ACTION	Pricing	2	price	1395134313175	1395134313175	1395134313335	1395134313336	OK	 
ACTION	Pricing	5	price	1395134313205	1395134313206	1395134313368	1395134313368	OK	 
ACTION	Pricing	4	price	1395134313237	1395134313237	1395134313402	1395134313402	OK	 
ACTION	Pricing	3	price	1395134313268	1395134313269	1395134313436	1395134313436	OK	 
ACTION	Pricing	1	price	1395134313303	1395134313303	1395134313469	1395134313469	OK	 
ACTION	Pricing	2	price	1395134313337	1395134313337	1395134313506	1395134313506	OK	 
ACTION	Pricing	5	price	1395134313370	1395134313370	1395134313537	1395134313537	OK	 
ACTION	Pricing	4	price	1395134313404	1395134313404	1395134313568	1395134313569	OK	 
ACTION	Pricing	3	price	1395134313439	1395134313439	1395134313599	1395134313599	OK	 
ACTION	Pricing	1	price	1395134313471	1395134313471	1395134313632	1395134313632	OK	 
ACTION	Pricing	2	price	1395134313508	1395134313508	1395134313663	1395134313663	OK	 
ACTION	Pricing	5	price	1395134313538	1395134313539	1395134313695	1395134313696	OK	 
ACTION	Pricing	4	price	1395134313570	1395134313571	1395134313726	1395134313726	OK	 
ACTION	Pricing	3	price	1395134313600	1395134313601	1395134313758	1395134313758	OK	 
ACTION	Pricing	1	price	1395134313633	1395134313634	1395134313790	1395134313791	OK	 
ACTION	Pricing	2	price	1395134313664	1395134313665	1395134313822	1395134313823	OK	 
ACTION	Pricing	5	price	1395134313697	1395134313697	1395134313853	1395134313854	OK	 
ACTION	Pricing	4	price	1395134313728	1395134313728	1395134313884	1395134313884	OK	 
ACTION	Pricing	3	price	1395134313760	1395134313760	1395134313915	1395134313915	OK	 
ACTION	Pricing	1	price	1395134313792	1395134313792	1395134313948	1395134313949	OK	 
ACTION	Pricing	2	price	1395134313824	1395134313826	1395134313982	1395134313982	OK	 
ACTION	Pricing	5	price	1395134313855	1395134313856	1395134314013	1395134314014	OK	 
ACTION	Pricing	4	price	1395134313885	1395134313886	1395134314046	1395134314046	OK	 
ACTION	Pricing	3	price	1395134313917	1395134313917	1395134314080	1395134314080	OK	 
ACTION	Pricing	1	price	1395134313950	1395134313950	1395134314111	1395134314111	OK	 
ACTION	Pricing	2	price	1395134313983	1395134313983	1395134314144	1395134314145	OK	 
ACTION	Pricing	5	price	1395134314015	1395134314016	1395134314177	1395134314178	OK	 
ACTION	Pricing	4	price	1395134314047	1395134314048	1395134314207	1395134314207	OK	 
ACTION	Pricing	3	price	1395134314081	1395134314082	1395134314238	1395134314238	OK	 
ACTION	Pricing	1	price	1395134314113	1395134314113	1395134314270	1395134314270	OK	 
ACTION	Pricing	2	price	1395134314147	1395134314147	1395134314303	1395134314303	OK	 
ACTION	Pricing	5	price	1395134314180	1395134314180	1395134314338	1395134314338	OK	 
ACTION	Pricing	4	price	1395134314208	1395134314209	1395134314373	1395134314373	OK	 
ACTION	Pricing	3	price	1395134314239	1395134314240	1395134314407	1395134314407	OK	 
ACTION	Pricing	1	price	1395134314271	1395134314271	1395134314439	1395134314439	OK	 
ACTION	Pricing	2	price	1395134314305	1395134314305	1395134314472	1395134314472	OK	 
ACTION	Pricing	5	price	1395134314340	1395134314340	1395134314506	1395134314506	OK	 
ACTION	Pricing	4	price	1395134314374	1395134314374	1395134314538	1395134314538	OK	 
ACTION	Pricing	3	price	1395134314409	1395134314409	1395134314571	1395134314571	OK	 
ACTION	Pricing	1	price	1395134314440	1395134314441	1395134314601	1395134314601	OK	 
ACTION	Pricing	2	price	1395134314474	1395134314474	1395134314632	1395134314632	OK	 
ACTION	Pricing	5	price	1395134314508	1395134314508	1395134314664	1395134314664	OK	 
ACTION	Pricing	4	price	1395134314540	1395134314540	1395134314696	1395134314697	OK	 
ACTION	Pricing	3	price	1395134314573	1395134314573	1395134314759	1395134314759	OK	 
ACTION	Pricing	1	price	1395134314602	1395134314603	1395134314775	1395134314775	OK	 
ACTION	Pricing	2	price	1395134314634	1395134314634	1395134314827	1395134314827	OK	 
ACTION	Pricing	5	price	1395134314665	1395134314666	1395134314849	1395134314849	OK	 
ACTION	Pricing	4	price	1395134314698	1395134314699	1395134314885	1395134314885	OK	 
ACTION	Pricing	3	price	1395134314761	1395134314761	1395134314953	1395134314954	OK	 
ACTION	Pricing	1	price	1395134314776	1395134314777	1395134314952	1395134314953	OK	 
ACTION	Pricing	2	price	1395134314828	1395134314829	1395134315008	1395134315008	OK	 
ACTION	Pricing	5	price	1395134314851	1395134314851	1395134315039	1395134315040	OK	 
ACTION	Pricing	4	price	1395134314887	1395134314887	1395134315070	1395134315071	OK	 
ACTION	Pricing	1	price	1395134314956	1395134314957	1395134315129	1395134315129	OK	 
ACTION	Pricing	3	price	1395134314957	1395134314957	1395134315136	1395134315136	OK	 
ACTION	Pricing	2	price	1395134315009	1395134315010	1395134315197	1395134315197	OK	 
ACTION	Pricing	5	price	1395134315041	1395134315042	1395134315211	1395134315211	OK	 
ACTION	Pricing	4	price	1395134315072	1395134315073	1395134315265	1395134315265	OK	 
ACTION	Pricing	1	price	1395134315131	1395134315132	1395134315297	1395134315297	OK	 
ACTION	Pricing	3	price	1395134315137	1395134315138	1395134315328	1395134315328	OK	 
ACTION	Pricing	2	price	1395134315198	1395134315199	1395134315359	1395134315359	OK	 
ACTION	Pricing	5	price	1395134315212	1395134315213	1395134315392	1395134315392	OK	 
ACTION	Pricing	4	price	1395134315266	1395134315267	1395134315424	1395134315424	OK	 
ACTION	Pricing	1	price	1395134315299	1395134315299	1395134315457	1395134315457	OK	 
ACTION	Pricing	2	price	1395134315361	1395134315361	1395134315523	1395134315523	OK	 
ACTION	Pricing	3	price	1395134315329	1395134315330	1395134315525	1395134315525	OK	 
ACTION	Pricing	5	price	1395134315394	1395134315394	1395134315555	1395134315555	OK	 
ACTION	Pricing	4	price	1395134315425	1395134315426	1395134315590	1395134315590	OK	 
ACTION	Pricing	1	price	1395134315458	1395134315459	1395134315652	1395134315652	OK	 
ACTION	Pricing	2	price	1395134315525	1395134315527	1395134315692	1395134315692	OK	 
ACTION	Pricing	3	price	1395134315526	1395134315527	1395134315724	1395134315725	OK	 
ACTION	Pricing	5	price	1395134315556	1395134315557	1395134315757	1395134315757	OK	 
ACTION	Pricing	4	price	1395134315596	1395134315596	1395134315837	1395134315837	OK	 
ACTION	Pricing	1	price	1395134315653	1395134315653	1395134315857	1395134315858	OK	 
ACTION	Pricing	2	price	1395134315694	1395134315695	1395134315888	1395134315888	OK	 
ACTION	Pricing	3	price	1395134315726	1395134315726	1395134315917	1395134315918	OK	 
ACTION	Pricing	5	price	1395134315759	1395134315759	1395134315948	1395134315948	OK	 
ACTION	Pricing	4	price	1395134315839	1395134315839	1395134315979	1395134315980	OK	 
ACTION	Pricing	1	price	1395134315859	1395134315859	1395134316011	1395134316011	OK	 
ACTION	Pricing	2	price	1395134315889	1395134315890	1395134316044	1395134316044	OK	 
ACTION	Pricing	3	price	1395134315919	1395134315919	1395134316074	1395134316074	OK	 
ACTION	Pricing	5	price	1395134315949	1395134315949	1395134316105	1395134316105	OK	 
ACTION	Pricing	4	price	1395134315981	1395134315981	1395134316136	1395134316136	OK	 
ACTION	Pricing	1	price	1395134316013	1395134316013	1395134316169	1395134316169	OK	 
ACTION	Pricing	2	price	1395134316046	1395134316046	1395134316202	1395134316203	OK	 
ACTION	Pricing	3	price	1395134316076	1395134316076	1395134316236	1395134316236	OK	 
ACTION	Pricing	5	price	1395134316106	1395134316107	1395134316270	1395134316270	OK	 
ACTION	Pricing	4	price	1395134316137	1395134316138	1395134316301	1395134316301	OK	 
ACTION	Pricing	1	price	1395134316170	1395134316171	1395134316334	1395134316334	OK	 
ACTION	Pricing	2	price	1395134316204	1395134316205	1395134316365	1395134316366	OK	 
ACTION	Pricing	3	price	1395134316237	1395134316237	1395134316397	1395134316397	OK	 
ACTION	Pricing	5	price	1395134316272	1395134316272	1395134316429	1395134316429	OK	 
ACTION	Pricing	4	price	1395134316303	1395134316303	1395134316462	1395134316462	OK	 
ACTION	Pricing	1	price	1395134316336	1395134316336	1395134316497	1395134316498	OK	 
ACTION	Pricing	2	price	1395134316367	1395134316368	1395134316529	1395134316529	OK	 
ACTION	Pricing	3	price	1395134316400	1395134316400	1395134316565	1395134316565	OK	 
ACTION	Pricing	5	price	1395134316431	1395134316431	1395134316599	1395134316599	OK	 
ACTION	Pricing	4	price	1395134316465	1395134316466	1395134316632	1395134316633	OK	 
ACTION	Pricing	1	price	1395134316499	1395134316500	1395134316665	1395134316665	OK	 
ACTION	Pricing	2	price	1395134316531	1395134316531	1395134316699	1395134316704	OK	 
ACTION	Pricing	3	price	1395134316566	1395134316567	1395134316733	1395134316733	OK	 
ACTION	Pricing	5	price	1395134316601	1395134316601	1395134316778	1395134316778	OK	 
ACTION	Pricing	4	price	1395134316634	1395134316635	1395134316809	1395134316809	OK	 
ACTION	Pricing	1	price	1395134316667	1395134316667	1395134316862	1395134316862	OK	 
ACTION	Pricing	2	price	1395134316705	1395134316708	1395134316906	1395134316906	OK	 
ACTION	Pricing	3	price	1395134316735	1395134316735	1395134316933	1395134316933	OK	 
ACTION	Pricing	5	price	1395134316780	1395134316781	1395134316966	1395134316966	OK	 
ACTION	Pricing	4	price	1395134316810	1395134316811	1395134316999	1395134316999	OK	 
ACTION	Pricing	1	price	1395134316864	1395134316864	1395134317037	1395134317037	OK	 
ACTION	Pricing	2	price	1395134316908	1395134316908	1395134317065	1395134317065	OK	 
ACTION	Pricing	3	price	1395134316934	1395134316935	1395134317098	1395134317098	OK	 
ACTION	Pricing	5	price	1395134316967	1395134316968	1395134317129	1395134317129	OK	 
ACTION	Pricing	4	price	1395134317001	1395134317001	1395134317160	1395134317160	OK	 
ACTION	Pricing	1	price	1395134317038	1395134317038	1395134317191	1395134317191	OK	 
ACTION	Pricing	2	price	1395134317066	1395134317067	1395134317225	1395134317225	OK	 
ACTION	Pricing	3	price	1395134317099	1395134317100	1395134317257	1395134317257	OK	 
ACTION	Pricing	5	price	1395134317131	1395134317131	1395134317287	1395134317288	OK	 
ACTION	Pricing	4	price	1395134317161	1395134317162	1395134317319	1395134317319	OK	 
ACTION	Pricing	1	price	1395134317192	1395134317193	1395134317350	1395134317350	OK	 
ACTION	Pricing	2	price	1395134317226	1395134317227	1395134317382	1395134317383	OK	 
ACTION	Pricing	3	price	1395134317258	1395134317259	1395134317414	1395134317414	OK	 
ACTION	Pricing	5	price	1395134317289	1395134317289	1395134317445	1395134317445	OK	 
ACTION	Pricing	4	price	1395134317320	1395134317321	1395134317480	1395134317480	OK	 
ACTION	Pricing	1	price	1395134317351	1395134317352	1395134317512	1395134317512	OK	 
ACTION	Pricing	2	price	1395134317384	1395134317385	1395134317544	1395134317544	OK	 
ACTION	Pricing	3	price	1395134317415	1395134317415	1395134317573	1395134317573	OK	 
ACTION	Pricing	5	price	1395134317446	1395134317447	1395134317606	1395134317606	OK	 
ACTION	Pricing	4	price	1395134317481	1395134317482	1395134317641	1395134317641	OK	 
ACTION	Pricing	1	price	1395134317513	1395134317514	1395134317673	1395134317673	OK	 
ACTION	Pricing	2	price	1395134317545	1395134317546	1395134317706	1395134317706	OK	 
ACTION	Pricing	3	price	1395134317575	1395134317575	1395134317741	1395134317741	OK	 
ACTION	Pricing	5	price	1395134317608	1395134317608	1395134317772	1395134317772	OK	 
ACTION	Pricing	4	price	1395134317642	1395134317643	1395134317804	1395134317804	OK	 
ACTION	Pricing	1	price	1395134317675	1395134317675	1395134317839	1395134317839	OK	 
ACTION	Pricing	2	price	1395134317707	1395134317708	1395134317871	1395134317871	OK	 
ACTION	Pricing	3	price	1395134317742	1395134317743	1395134317905	1395134317905	OK	 
ACTION	Pricing	5	price	1395134317774	1395134317774	1395134317936	1395134317936	OK	 
ACTION	Pricing	4	price	1395134317805	1395134317806	1395134317968	1395134317968	OK	 
ACTION	Pricing	1	price	1395134317841	1395134317841	1395134317997	1395134317998	OK	 
ACTION	Pricing	2	price	1395134317873	1395134317874	1395134318030	1395134318030	OK	 
ACTION	Pricing	3	price	1395134317907	1395134317907	1395134318063	1395134318063	OK	 
ACTION	Pricing	5	price	1395134317937	1395134317938	1395134318095	1395134318095	OK	 
ACTION	Pricing	4	price	1395134317969	1395134317969	1395134318128	1395134318128	OK	 
ACTION	Pricing	1	price	1395134317999	1395134317999	1395134318157	1395134318158	OK	 
ACTION	Pricing	2	price	1395134318031	1395134318032	1395134318191	1395134318192	OK	 
ACTION	Pricing	3	price	1395134318064	1395134318065	1395134318224	1395134318224	OK	 
ACTION	Pricing	5	price	1395134318097	1395134318097	1395134318255	1395134318255	OK	 
ACTION	Pricing	4	price	1395134318130	1395134318130	1395134318285	1395134318285	OK	 
ACTION	Pricing	1	price	1395134318159	1395134318159	1395134318319	1395134318319	OK	 
ACTION	Pricing	2	price	1395134318194	1395134318194	1395134318349	1395134318349	OK	 
ACTION	Pricing	3	price	1395134318225	1395134318226	1395134318383	1395134318383	OK	 
ACTION	Pricing	5	price	1395134318256	1395134318257	1395134318414	1395134318414	OK	 
ACTION	Pricing	4	price	1395134318286	1395134318287	1395134318446	1395134318447	OK	 
ACTION	Pricing	1	price	1395134318320	1395134318321	1395134318481	1395134318481	OK	 
ACTION	Pricing	2	price	1395134318350	1395134318350	1395134318515	1395134318515	OK	 
ACTION	Pricing	3	price	1395134318384	1395134318385	1395134318548	1395134318548	OK	 
ACTION	Pricing	5	price	1395134318415	1395134318416	1395134318583	1395134318583	OK	 
ACTION	Pricing	4	price	1395134318448	1395134318448	1395134318617	1395134318617	OK	 
ACTION	Pricing	1	price	1395134318482	1395134318483	1395134318651	1395134318651	OK	 
ACTION	Pricing	2	price	1395134318516	1395134318517	1395134318688	1395134318688	OK	 
ACTION	Pricing	3	price	1395134318550	1395134318550	1395134318722	1395134318723	OK	 
ACTION	Pricing	5	price	1395134318584	1395134318585	1395134318759	1395134318759	OK	 
ACTION	Pricing	4	price	1395134318618	1395134318618	1395134318789	1395134318789	OK	 
ACTION	Pricing	1	price	1395134318653	1395134318654	1395134318822	1395134318823	OK	 
ACTION	Pricing	2	price	1395134318690	1395134318690	1395134318862	1395134318862	OK	 
ACTION	Pricing	3	price	1395134318727	1395134318727	1395134318893	1395134318893	OK	 
SCENARIO	Pricing	3	END	1395134318894
ACTION	Pricing	5	price	1395134318760	1395134318761	1395134318927	1395134318927	OK	 
SCENARIO	Pricing	5	END	1395134318927
ACTION	Pricing	4	price	1395134318791	1395134318791	1395134318957	1395134318957	OK	 
SCENARIO	Pricing	4	END	1395134318958
ACTION	Pricing	1	price	1395134318824	1395134318824	1395134318991	1395134318991	OK	 
SCENARIO	Pricing	1	END	1395134318991
ACTION	Pricing	2	price	1395134318864	1395134318864	1395134319019	1395134319019	OK	 
SCENARIO	Pricing	2	END	1395134319020
