RUN	20140318092810	pricingsimulation	pricingsimulation
SCENARIO	Pricing	1	START	1395134893369
SCENARIO	Pricing	3	START	1395134893372
SCENARIO	Pricing	4	START	1395134893373
SCENARIO	Pricing	6	START	1395134893373
SCENARIO	Pricing	8	START	1395134893373
SCENARIO	Pricing	9	START	1395134893374
SCENARIO	Pricing	10	START	1395134893374
SCENARIO	Pricing	5	START	1395134893374
SCENARIO	Pricing	7	START	1395134893374
SCENARIO	Pricing	2	START	1395134893374
ACTION	Pricing	5	price	1395134893429	1395134893440	1395134894116	1395134894116	OK	 
ACTION	Pricing	10	price	1395134893426	1395134893440	1395134894016	1395134894043	OK	 
ACTION	Pricing	6	price	1395134893420	1395134893462	1395134894144	1395134894145	OK	 
ACTION	Pricing	4	price	1395134893418	1395134893459	1395134894199	1395134894200	OK	 
ACTION	Pricing	8	price	1395134893422	1395134893460	1395134894243	1395134894243	OK	 
ACTION	Pricing	7	price	1395134893429	1395134893464	1395134894307	1395134894307	OK	 
ACTION	Pricing	3	price	1395134893416	1395134893440	1395134894348	1395134894348	OK	 
ACTION	Pricing	2	price	1395134893443	1395134893463	1395134894393	1395134894393	OK	 
ACTION	Pricing	1	price	1395134893409	1395134893424	1395134894442	1395134894442	OK	 
ACTION	Pricing	9	price	1395134893423	1395134893459	1395134894483	1395134894484	OK	 
ACTION	Pricing	5	price	1395134894129	1395134894138	1395134894529	1395134894529	OK	 
ACTION	Pricing	8	price	1395134894249	1395134894257	1395134894574	1395134894575	OK	 
ACTION	Pricing	4	price	1395134894246	1395134894250	1395134894608	1395134894608	OK	 
ACTION	Pricing	10	price	1395134894233	1395134894238	1395134894645	1395134894645	OK	 
ACTION	Pricing	6	price	1395134894238	1395134894248	1395134894684	1395134894684	OK	 
ACTION	Pricing	7	price	1395134894310	1395134894312	1395134894719	1395134894719	OK	 
ACTION	Pricing	3	price	1395134894350	1395134894355	1395134894749	1395134894749	OK	 
ACTION	Pricing	2	price	1395134894399	1395134894400	1395134894782	1395134894783	OK	 
ACTION	Pricing	1	price	1395134894448	1395134894448	1395134894815	1395134894815	OK	 
ACTION	Pricing	9	price	1395134894486	1395134894488	1395134894850	1395134894851	OK	 
ACTION	Pricing	5	price	1395134894531	1395134894532	1395134894883	1395134894883	OK	 
ACTION	Pricing	8	price	1395134894577	1395134894578	1395134894919	1395134894920	OK	 
ACTION	Pricing	4	price	1395134894611	1395134894614	1395134894953	1395134894953	OK	 
ACTION	Pricing	10	price	1395134894647	1395134894649	1395134894989	1395134894989	OK	 
ACTION	Pricing	6	price	1395134894686	1395134894687	1395134895023	1395134895023	OK	 
ACTION	Pricing	7	price	1395134894721	1395134894722	1395134895057	1395134895058	OK	 
ACTION	Pricing	3	price	1395134894752	1395134894753	1395134895092	1395134895093	OK	 
ACTION	Pricing	2	price	1395134894785	1395134894786	1395134895147	1395134895147	OK	 
ACTION	Pricing	1	price	1395134894817	1395134894819	1395134895186	1395134895187	OK	 
ACTION	Pricing	9	price	1395134894853	1395134894854	1395134895235	1395134895235	OK	 
ACTION	Pricing	5	price	1395134894885	1395134894887	1395134895267	1395134895267	OK	 
ACTION	Pricing	8	price	1395134894921	1395134894923	1395134895303	1395134895304	OK	 
ACTION	Pricing	4	price	1395134894955	1395134894955	1395134895337	1395134895337	OK	 
ACTION	Pricing	10	price	1395134894991	1395134894993	1395134895373	1395134895374	OK	 
ACTION	Pricing	6	price	1395134895025	1395134895027	1395134895411	1395134895412	OK	 
ACTION	Pricing	7	price	1395134895060	1395134895062	1395134895448	1395134895448	OK	 
ACTION	Pricing	3	price	1395134895094	1395134895095	1395134895489	1395134895489	OK	 
ACTION	Pricing	2	price	1395134895149	1395134895150	1395134895550	1395134895551	OK	 
ACTION	Pricing	1	price	1395134895189	1395134895191	1395134895596	1395134895596	OK	 
ACTION	Pricing	9	price	1395134895237	1395134895238	1395134895632	1395134895632	OK	 
ACTION	Pricing	5	price	1395134895269	1395134895269	1395134895674	1395134895674	OK	 
ACTION	Pricing	8	price	1395134895306	1395134895306	1395134895706	1395134895706	OK	 
ACTION	Pricing	4	price	1395134895339	1395134895340	1395134895740	1395134895740	OK	 
ACTION	Pricing	10	price	1395134895376	1395134895377	1395134895778	1395134895778	OK	 
ACTION	Pricing	6	price	1395134895414	1395134895415	1395134895815	1395134895815	OK	 
ACTION	Pricing	7	price	1395134895450	1395134895451	1395134895850	1395134895851	OK	 
ACTION	Pricing	3	price	1395134895491	1395134895492	1395134895888	1395134895889	OK	 
ACTION	Pricing	2	price	1395134895554	1395134895555	1395134895926	1395134895926	OK	 
ACTION	Pricing	1	price	1395134895598	1395134895598	1395134895972	1395134895973	OK	 
ACTION	Pricing	9	price	1395134895634	1395134895635	1395134896019	1395134896019	OK	 
ACTION	Pricing	5	price	1395134895677	1395134895677	1395134896052	1395134896052	OK	 
ACTION	Pricing	8	price	1395134895711	1395134895712	1395134896085	1395134896086	OK	 
ACTION	Pricing	4	price	1395134895742	1395134895743	1395134896120	1395134896121	OK	 
ACTION	Pricing	10	price	1395134895780	1395134895783	1395134896154	1395134896154	OK	 
ACTION	Pricing	6	price	1395134895817	1395134895817	1395134896186	1395134896187	OK	 
ACTION	Pricing	7	price	1395134895853	1395134895853	1395134896216	1395134896216	OK	 
ACTION	Pricing	3	price	1395134895890	1395134895891	1395134896247	1395134896247	OK	 
ACTION	Pricing	2	price	1395134895928	1395134895929	1395134896293	1395134896294	OK	 
ACTION	Pricing	1	price	1395134895975	1395134895976	1395134896323	1395134896323	OK	 
ACTION	Pricing	9	price	1395134896021	1395134896022	1395134896356	1395134896356	OK	 
ACTION	Pricing	5	price	1395134896054	1395134896055	1395134896390	1395134896390	OK	 
ACTION	Pricing	8	price	1395134896087	1395134896123	1395134896426	1395134896427	OK	 
ACTION	Pricing	4	price	1395134896123	1395134896124	1395134896465	1395134896466	OK	 
ACTION	Pricing	10	price	1395134896156	1395134896157	1395134896501	1395134896502	OK	 
ACTION	Pricing	6	price	1395134896188	1395134896189	1395134896537	1395134896538	OK	 
ACTION	Pricing	7	price	1395134896218	1395134896219	1395134896574	1395134896574	OK	 
ACTION	Pricing	3	price	1395134896250	1395134896250	1395134896608	1395134896609	OK	 
ACTION	Pricing	2	price	1395134896295	1395134896296	1395134896644	1395134896644	OK	 
ACTION	Pricing	1	price	1395134896325	1395134896326	1395134896682	1395134896682	OK	 
ACTION	Pricing	9	price	1395134896358	1395134896359	1395134896718	1395134896718	OK	 
ACTION	Pricing	5	price	1395134896392	1395134896393	1395134896756	1395134896756	OK	 
ACTION	Pricing	8	price	1395134896429	1395134896429	1395134896797	1395134896797	OK	 
ACTION	Pricing	4	price	1395134896467	1395134896468	1395134896832	1395134896832	OK	 
ACTION	Pricing	10	price	1395134896504	1395134896504	1395134896868	1395134896869	OK	 
ACTION	Pricing	6	price	1395134896539	1395134896540	1395134896905	1395134896905	OK	 
ACTION	Pricing	7	price	1395134896576	1395134896576	1395134896942	1395134896942	OK	 
ACTION	Pricing	3	price	1395134896610	1395134896611	1395134896978	1395134896978	OK	 
ACTION	Pricing	2	price	1395134896646	1395134896646	1395134897012	1395134897013	OK	 
ACTION	Pricing	1	price	1395134896684	1395134896685	1395134897049	1395134897049	OK	 
ACTION	Pricing	9	price	1395134896719	1395134896720	1395134897084	1395134897084	OK	 
ACTION	Pricing	5	price	1395134896758	1395134896759	1395134897121	1395134897121	OK	 
ACTION	Pricing	8	price	1395134896799	1395134896800	1395134897155	1395134897156	OK	 
ACTION	Pricing	4	price	1395134896834	1395134896835	1395134897192	1395134897193	OK	 
ACTION	Pricing	10	price	1395134896871	1395134896871	1395134897232	1395134897233	OK	 
ACTION	Pricing	6	price	1395134896907	1395134896908	1395134897269	1395134897269	OK	 
ACTION	Pricing	7	price	1395134896944	1395134896945	1395134897303	1395134897304	OK	 
ACTION	Pricing	3	price	1395134896981	1395134896981	1395134897337	1395134897337	OK	 
ACTION	Pricing	2	price	1395134897014	1395134897015	1395134897372	1395134897372	OK	 
ACTION	Pricing	1	price	1395134897051	1395134897051	1395134897418	1395134897419	OK	 
ACTION	Pricing	9	price	1395134897086	1395134897087	1395134897451	1395134897452	OK	 
ACTION	Pricing	5	price	1395134897123	1395134897123	1395134897485	1395134897485	OK	 
ACTION	Pricing	8	price	1395134897157	1395134897158	1395134897518	1395134897519	OK	 
ACTION	Pricing	4	price	1395134897195	1395134897195	1395134897551	1395134897551	OK	 
ACTION	Pricing	10	price	1395134897235	1395134897236	1395134897585	1395134897586	OK	 
ACTION	Pricing	6	price	1395134897271	1395134897272	1395134897617	1395134897617	OK	 
ACTION	Pricing	7	price	1395134897305	1395134897306	1395134897655	1395134897655	OK	 
ACTION	Pricing	3	price	1395134897339	1395134897340	1395134897680	1395134897680	OK	 
ACTION	Pricing	2	price	1395134897374	1395134897374	1395134897713	1395134897713	OK	 
ACTION	Pricing	1	price	1395134897421	1395134897421	1395134897752	1395134897752	OK	 
ACTION	Pricing	9	price	1395134897454	1395134897454	1395134897788	1395134897789	OK	 
ACTION	Pricing	5	price	1395134897487	1395134897488	1395134897825	1395134897825	OK	 
ACTION	Pricing	8	price	1395134897521	1395134897522	1395134897859	1395134897860	OK	 
ACTION	Pricing	4	price	1395134897553	1395134897554	1395134897897	1395134897897	OK	 
ACTION	Pricing	10	price	1395134897587	1395134897588	1395134897935	1395134897936	OK	 
ACTION	Pricing	6	price	1395134897619	1395134897619	1395134897975	1395134897976	OK	 
ACTION	Pricing	7	price	1395134897657	1395134897658	1395134898012	1395134898012	OK	 
ACTION	Pricing	3	price	1395134897683	1395134897683	1395134898047	1395134898047	OK	 
ACTION	Pricing	2	price	1395134897715	1395134897715	1395134898081	1395134898081	OK	 
ACTION	Pricing	1	price	1395134897754	1395134897754	1395134898120	1395134898120	OK	 
ACTION	Pricing	9	price	1395134897791	1395134897791	1395134898159	1395134898159	OK	 
ACTION	Pricing	5	price	1395134897827	1395134897827	1395134898196	1395134898196	OK	 
ACTION	Pricing	8	price	1395134897862	1395134897862	1395134898231	1395134898231	OK	 
ACTION	Pricing	4	price	1395134897899	1395134897900	1395134898267	1395134898267	OK	 
ACTION	Pricing	10	price	1395134897938	1395134897938	1395134898302	1395134898303	OK	 
ACTION	Pricing	6	price	1395134897978	1395134897978	1395134898336	1395134898336	OK	 
ACTION	Pricing	7	price	1395134898014	1395134898014	1395134898368	1395134898368	OK	 
ACTION	Pricing	3	price	1395134898049	1395134898049	1395134898400	1395134898400	OK	 
ACTION	Pricing	2	price	1395134898083	1395134898083	1395134898437	1395134898437	OK	 
ACTION	Pricing	1	price	1395134898124	1395134898124	1395134898472	1395134898472	OK	 
ACTION	Pricing	9	price	1395134898161	1395134898162	1395134898508	1395134898511	OK	 
ACTION	Pricing	5	price	1395134898198	1395134898199	1395134898541	1395134898542	OK	 
ACTION	Pricing	8	price	1395134898233	1395134898234	1395134898576	1395134898576	OK	 
ACTION	Pricing	4	price	1395134898270	1395134898270	1395134898611	1395134898611	OK	 
ACTION	Pricing	10	price	1395134898304	1395134898305	1395134898645	1395134898645	OK	 
ACTION	Pricing	6	price	1395134898338	1395134898339	1395134898681	1395134898681	OK	 
ACTION	Pricing	7	price	1395134898369	1395134898370	1395134898718	1395134898718	OK	 
ACTION	Pricing	3	price	1395134898402	1395134898403	1395134898754	1395134898754	OK	 
ACTION	Pricing	2	price	1395134898439	1395134898439	1395134898789	1395134898789	OK	 
ACTION	Pricing	1	price	1395134898474	1395134898475	1395134898824	1395134898824	OK	 
ACTION	Pricing	9	price	1395134898513	1395134898514	1395134898871	1395134898872	OK	 
ACTION	Pricing	5	price	1395134898544	1395134898544	1395134898904	1395134898904	OK	 
ACTION	Pricing	8	price	1395134898578	1395134898578	1395134898939	1395134898939	OK	 
ACTION	Pricing	4	price	1395134898613	1395134898614	1395134898978	1395134898978	OK	 
ACTION	Pricing	10	price	1395134898647	1395134898647	1395134899018	1395134899018	OK	 
ACTION	Pricing	6	price	1395134898683	1395134898684	1395134899044	1395134899044	OK	 
ACTION	Pricing	7	price	1395134898720	1395134898720	1395134899076	1395134899076	OK	 
ACTION	Pricing	3	price	1395134898756	1395134898756	1395134899108	1395134899108	OK	 
ACTION	Pricing	2	price	1395134898791	1395134898791	1395134899141	1395134899141	OK	 
ACTION	Pricing	1	price	1395134898826	1395134898827	1395134899176	1395134899176	OK	 
ACTION	Pricing	9	price	1395134898874	1395134898874	1395134899209	1395134899209	OK	 
ACTION	Pricing	5	price	1395134898906	1395134898906	1395134899243	1395134899243	OK	 
ACTION	Pricing	8	price	1395134898942	1395134898942	1395134899275	1395134899275	OK	 
ACTION	Pricing	4	price	1395134898980	1395134898981	1395134899310	1395134899310	OK	 
ACTION	Pricing	10	price	1395134899020	1395134899021	1395134899348	1395134899348	OK	 
ACTION	Pricing	6	price	1395134899046	1395134899047	1395134899373	1395134899373	OK	 
ACTION	Pricing	7	price	1395134899078	1395134899078	1395134899412	1395134899412	OK	 
ACTION	Pricing	3	price	1395134899110	1395134899110	1395134899440	1395134899440	OK	 
ACTION	Pricing	2	price	1395134899143	1395134899144	1395134899471	1395134899471	OK	 
ACTION	Pricing	1	price	1395134899178	1395134899178	1395134899502	1395134899502	OK	 
ACTION	Pricing	9	price	1395134899211	1395134899212	1395134899535	1395134899535	OK	 
ACTION	Pricing	5	price	1395134899244	1395134899245	1395134899567	1395134899567	OK	 
ACTION	Pricing	8	price	1395134899277	1395134899278	1395134899599	1395134899600	OK	 
ACTION	Pricing	4	price	1395134899312	1395134899313	1395134899632	1395134899632	OK	 
ACTION	Pricing	10	price	1395134899350	1395134899350	1395134899662	1395134899662	OK	 
ACTION	Pricing	6	price	1395134899375	1395134899376	1395134899693	1395134899693	OK	 
ACTION	Pricing	7	price	1395134899414	1395134899414	1395134899726	1395134899727	OK	 
ACTION	Pricing	3	price	1395134899442	1395134899443	1395134899756	1395134899757	OK	 
ACTION	Pricing	2	price	1395134899473	1395134899474	1395134899788	1395134899788	OK	 
ACTION	Pricing	1	price	1395134899504	1395134899504	1395134899817	1395134899817	OK	 
ACTION	Pricing	9	price	1395134899537	1395134899538	1395134899848	1395134899848	OK	 
ACTION	Pricing	5	price	1395134899568	1395134899569	1395134899879	1395134899879	OK	 
ACTION	Pricing	8	price	1395134899601	1395134899602	1395134899911	1395134899911	OK	 
ACTION	Pricing	4	price	1395134899634	1395134899634	1395134899940	1395134899941	OK	 
ACTION	Pricing	10	price	1395134899665	1395134899665	1395134899973	1395134899973	OK	 
ACTION	Pricing	6	price	1395134899695	1395134899696	1395134900004	1395134900005	OK	 
ACTION	Pricing	7	price	1395134899728	1395134899729	1395134900035	1395134900035	OK	 
ACTION	Pricing	3	price	1395134899758	1395134899759	1395134900068	1395134900068	OK	 
ACTION	Pricing	2	price	1395134899790	1395134899791	1395134900103	1395134900103	OK	 
ACTION	Pricing	1	price	1395134899818	1395134899819	1395134900129	1395134900130	OK	 
ACTION	Pricing	9	price	1395134899850	1395134899850	1395134900161	1395134900161	OK	 
ACTION	Pricing	5	price	1395134899881	1395134899882	1395134900193	1395134900193	OK	 
ACTION	Pricing	8	price	1395134899913	1395134899914	1395134900224	1395134900224	OK	 
ACTION	Pricing	4	price	1395134899943	1395134899943	1395134900255	1395134900256	OK	 
ACTION	Pricing	10	price	1395134899975	1395134899975	1395134900288	1395134900288	OK	 
ACTION	Pricing	6	price	1395134900006	1395134900007	1395134900324	1395134900324	OK	 
ACTION	Pricing	7	price	1395134900037	1395134900038	1395134900356	1395134900356	OK	 
ACTION	Pricing	3	price	1395134900070	1395134900070	1395134900389	1395134900389	OK	 
ACTION	Pricing	2	price	1395134900105	1395134900106	1395134900423	1395134900424	OK	 
ACTION	Pricing	1	price	1395134900131	1395134900132	1395134900453	1395134900453	OK	 
ACTION	Pricing	9	price	1395134900163	1395134900163	1395134900484	1395134900484	OK	 
ACTION	Pricing	5	price	1395134900195	1395134900195	1395134900518	1395134900518	OK	 
ACTION	Pricing	8	price	1395134900226	1395134900227	1395134900549	1395134900549	OK	 
ACTION	Pricing	4	price	1395134900257	1395134900258	1395134900579	1395134900579	OK	 
ACTION	Pricing	10	price	1395134900292	1395134900293	1395134900610	1395134900610	OK	 
ACTION	Pricing	6	price	1395134900325	1395134900326	1395134900642	1395134900642	OK	 
ACTION	Pricing	7	price	1395134900358	1395134900359	1395134900672	1395134900672	OK	 
ACTION	Pricing	3	price	1395134900391	1395134900392	1395134900708	1395134900708	OK	 
ACTION	Pricing	2	price	1395134900425	1395134900426	1395134900740	1395134900740	OK	 
ACTION	Pricing	1	price	1395134900455	1395134900455	1395134900780	1395134900780	OK	 
ACTION	Pricing	9	price	1395134900486	1395134900486	1395134900804	1395134900804	OK	 
ACTION	Pricing	5	price	1395134900520	1395134900520	1395134900835	1395134900835	OK	 
ACTION	Pricing	8	price	1395134900551	1395134900551	1395134900866	1395134900866	OK	 
ACTION	Pricing	4	price	1395134900580	1395134900581	1395134900897	1395134900897	OK	 
ACTION	Pricing	10	price	1395134900612	1395134900613	1395134900928	1395134900928	OK	 
ACTION	Pricing	6	price	1395134900644	1395134900645	1395134900961	1395134900961	OK	 
ACTION	Pricing	7	price	1395134900674	1395134900675	1395134900992	1395134900992	OK	 
ACTION	Pricing	3	price	1395134900709	1395134900710	1395134901028	1395134901029	OK	 
ACTION	Pricing	2	price	1395134900742	1395134900742	1395134901056	1395134901056	OK	 
ACTION	Pricing	1	price	1395134900782	1395134900782	1395134901089	1395134901089	OK	 
ACTION	Pricing	9	price	1395134900806	1395134900806	1395134901122	1395134901122	OK	 
ACTION	Pricing	5	price	1395134900837	1395134900838	1395134901152	1395134901153	OK	 
ACTION	Pricing	8	price	1395134900868	1395134900868	1395134901185	1395134901186	OK	 
ACTION	Pricing	4	price	1395134900899	1395134900899	1395134901220	1395134901220	OK	 
ACTION	Pricing	10	price	1395134900930	1395134900930	1395134901251	1395134901251	OK	 
ACTION	Pricing	6	price	1395134900963	1395134900963	1395134901281	1395134901281	OK	 
ACTION	Pricing	7	price	1395134900994	1395134900995	1395134901314	1395134901314	OK	 
ACTION	Pricing	3	price	1395134901031	1395134901031	1395134901346	1395134901346	OK	 
ACTION	Pricing	2	price	1395134901058	1395134901059	1395134901377	1395134901377	OK	 
ACTION	Pricing	1	price	1395134901091	1395134901091	1395134901408	1395134901408	OK	 
ACTION	Pricing	9	price	1395134901123	1395134901124	1395134901440	1395134901441	OK	 
ACTION	Pricing	5	price	1395134901154	1395134901155	1395134901493	1395134901493	OK	 
ACTION	Pricing	8	price	1395134901188	1395134901188	1395134901523	1395134901523	OK	 
ACTION	Pricing	4	price	1395134901222	1395134901223	1395134901558	1395134901558	OK	 
ACTION	Pricing	10	price	1395134901253	1395134901254	1395134901590	1395134901590	OK	 
ACTION	Pricing	6	price	1395134901283	1395134901283	1395134901623	1395134901624	OK	 
ACTION	Pricing	7	price	1395134901315	1395134901316	1395134901655	1395134901656	OK	 
ACTION	Pricing	3	price	1395134901348	1395134901348	1395134901688	1395134901688	OK	 
ACTION	Pricing	2	price	1395134901379	1395134901379	1395134901726	1395134901726	OK	 
ACTION	Pricing	1	price	1395134901410	1395134901411	1395134901758	1395134901759	OK	 
ACTION	Pricing	9	price	1395134901442	1395134901443	1395134901801	1395134901801	OK	 
ACTION	Pricing	5	price	1395134901495	1395134901495	1395134901881	1395134901882	OK	 
ACTION	Pricing	8	price	1395134901525	1395134901526	1395134901914	1395134901914	OK	 
ACTION	Pricing	4	price	1395134901560	1395134901560	1395134901948	1395134901948	OK	 
ACTION	Pricing	10	price	1395134901593	1395134901593	1395134901978	1395134901978	OK	 
ACTION	Pricing	6	price	1395134901626	1395134901626	1395134902011	1395134902012	OK	 
ACTION	Pricing	7	price	1395134901657	1395134901658	1395134902047	1395134902047	OK	 
ACTION	Pricing	3	price	1395134901690	1395134901690	1395134902081	1395134902082	OK	 
ACTION	Pricing	2	price	1395134901728	1395134901728	1395134902118	1395134902118	OK	 
ACTION	Pricing	1	price	1395134901760	1395134901761	1395134902152	1395134902152	OK	 
ACTION	Pricing	9	price	1395134901803	1395134901803	1395134902187	1395134902187	OK	 
ACTION	Pricing	5	price	1395134901884	1395134901884	1395134902221	1395134902221	OK	 
ACTION	Pricing	8	price	1395134901916	1395134901917	1395134902255	1395134902256	OK	 
ACTION	Pricing	4	price	1395134901949	1395134901950	1395134902291	1395134902291	OK	 
ACTION	Pricing	10	price	1395134901980	1395134901980	1395134902327	1395134902328	OK	 
ACTION	Pricing	6	price	1395134902013	1395134902014	1395134902361	1395134902361	OK	 
ACTION	Pricing	7	price	1395134902049	1395134902050	1395134902398	1395134902398	OK	 
ACTION	Pricing	3	price	1395134902083	1395134902084	1395134902432	1395134902432	OK	 
ACTION	Pricing	2	price	1395134902120	1395134902121	1395134902467	1395134902467	OK	 
ACTION	Pricing	1	price	1395134902154	1395134902155	1395134902502	1395134902502	OK	 
ACTION	Pricing	9	price	1395134902189	1395134902191	1395134902537	1395134902537	OK	 
ACTION	Pricing	5	price	1395134902223	1395134902223	1395134902568	1395134902569	OK	 
ACTION	Pricing	8	price	1395134902257	1395134902258	1395134902606	1395134902606	OK	 
ACTION	Pricing	4	price	1395134902293	1395134902294	1395134902643	1395134902643	OK	 
ACTION	Pricing	10	price	1395134902329	1395134902330	1395134902678	1395134902678	OK	 
ACTION	Pricing	6	price	1395134902363	1395134902363	1395134902709	1395134902709	OK	 
ACTION	Pricing	7	price	1395134902400	1395134902400	1395134902742	1395134902742	OK	 
ACTION	Pricing	3	price	1395134902434	1395134902434	1395134902779	1395134902780	OK	 
ACTION	Pricing	2	price	1395134902469	1395134902470	1395134902809	1395134902809	OK	 
ACTION	Pricing	1	price	1395134902504	1395134902508	1395134902841	1395134902841	OK	 
ACTION	Pricing	9	price	1395134902539	1395134902540	1395134902874	1395134902874	OK	 
ACTION	Pricing	5	price	1395134902570	1395134902571	1395134902904	1395134902905	OK	 
ACTION	Pricing	8	price	1395134902608	1395134902608	1395134902939	1395134902939	OK	 
ACTION	Pricing	4	price	1395134902644	1395134902645	1395134902971	1395134902972	OK	 
ACTION	Pricing	10	price	1395134902680	1395134902681	1395134903004	1395134903005	OK	 
ACTION	Pricing	6	price	1395134902711	1395134902712	1395134903035	1395134903035	OK	 
ACTION	Pricing	7	price	1395134902744	1395134902744	1395134903066	1395134903067	OK	 
ACTION	Pricing	3	price	1395134902782	1395134902782	1395134903097	1395134903098	OK	 
ACTION	Pricing	2	price	1395134902811	1395134902811	1395134903130	1395134903131	OK	 
ACTION	Pricing	1	price	1395134902843	1395134902844	1395134903166	1395134903166	OK	 
ACTION	Pricing	9	price	1395134902876	1395134902876	1395134903214	1395134903214	OK	 
ACTION	Pricing	5	price	1395134902907	1395134902907	1395134903249	1395134903249	OK	 
ACTION	Pricing	8	price	1395134902940	1395134902941	1395134903283	1395134903283	OK	 
ACTION	Pricing	4	price	1395134902973	1395134902974	1395134903316	1395134903316	OK	 
ACTION	Pricing	10	price	1395134903006	1395134903008	1395134903350	1395134903351	OK	 
ACTION	Pricing	6	price	1395134903036	1395134903037	1395134903387	1395134903388	OK	 
ACTION	Pricing	7	price	1395134903069	1395134903069	1395134903420	1395134903421	OK	 
ACTION	Pricing	3	price	1395134903100	1395134903100	1395134903451	1395134903452	OK	 
ACTION	Pricing	2	price	1395134903132	1395134903133	1395134903484	1395134903484	OK	 
ACTION	Pricing	1	price	1395134903168	1395134903168	1395134903518	1395134903519	OK	 
ACTION	Pricing	9	price	1395134903216	1395134903217	1395134903572	1395134903572	OK	 
ACTION	Pricing	5	price	1395134903251	1395134903251	1395134903609	1395134903609	OK	 
ACTION	Pricing	8	price	1395134903285	1395134903286	1395134903645	1395134903645	OK	 
ACTION	Pricing	4	price	1395134903318	1395134903319	1395134903679	1395134903679	OK	 
ACTION	Pricing	10	price	1395134903352	1395134903353	1395134903713	1395134903714	OK	 
ACTION	Pricing	6	price	1395134903390	1395134903390	1395134903748	1395134903748	OK	 
ACTION	Pricing	7	price	1395134903422	1395134903423	1395134903782	1395134903783	OK	 
ACTION	Pricing	3	price	1395134903453	1395134903454	1395134903818	1395134903818	OK	 
ACTION	Pricing	2	price	1395134903486	1395134903486	1395134903855	1395134903855	OK	 
ACTION	Pricing	1	price	1395134903520	1395134903521	1395134903890	1395134903890	OK	 
ACTION	Pricing	9	price	1395134903574	1395134903574	1395134903923	1395134903923	OK	 
ACTION	Pricing	5	price	1395134903611	1395134903612	1395134903957	1395134903957	OK	 
ACTION	Pricing	8	price	1395134903650	1395134903650	1395134903993	1395134903993	OK	 
ACTION	Pricing	4	price	1395134903681	1395134903681	1395134904028	1395134904028	OK	 
ACTION	Pricing	10	price	1395134903716	1395134903717	1395134904061	1395134904062	OK	 
ACTION	Pricing	6	price	1395134903750	1395134903750	1395134904097	1395134904097	OK	 
ACTION	Pricing	7	price	1395134903785	1395134903785	1395134904134	1395134904134	OK	 
ACTION	Pricing	3	price	1395134903820	1395134903820	1395134904172	1395134904172	OK	 
ACTION	Pricing	2	price	1395134903857	1395134903857	1395134904212	1395134904212	OK	 
ACTION	Pricing	1	price	1395134903892	1395134903892	1395134904245	1395134904245	OK	 
ACTION	Pricing	9	price	1395134903925	1395134903926	1395134904286	1395134904287	OK	 
ACTION	Pricing	5	price	1395134903959	1395134903960	1395134904325	1395134904325	OK	 
ACTION	Pricing	8	price	1395134903995	1395134903996	1395134904364	1395134904364	OK	 
ACTION	Pricing	4	price	1395134904029	1395134904030	1395134904402	1395134904402	OK	 
ACTION	Pricing	10	price	1395134904063	1395134904064	1395134904438	1395134904439	OK	 
ACTION	Pricing	6	price	1395134904101	1395134904101	1395134904477	1395134904477	OK	 
ACTION	Pricing	7	price	1395134904136	1395134904137	1395134904541	1395134904542	OK	 
ACTION	Pricing	3	price	1395134904174	1395134904175	1395134904581	1395134904582	OK	 
ACTION	Pricing	2	price	1395134904215	1395134904215	1395134904620	1395134904620	OK	 
ACTION	Pricing	1	price	1395134904247	1395134904248	1395134904658	1395134904659	OK	 
ACTION	Pricing	9	price	1395134904288	1395134904289	1395134904697	1395134904698	OK	 
ACTION	Pricing	5	price	1395134904327	1395134904327	1395134904735	1395134904735	OK	 
ACTION	Pricing	8	price	1395134904367	1395134904367	1395134904773	1395134904773	OK	 
ACTION	Pricing	4	price	1395134904404	1395134904404	1395134904807	1395134904808	OK	 
ACTION	Pricing	10	price	1395134904441	1395134904442	1395134904840	1395134904840	OK	 
ACTION	Pricing	6	price	1395134904479	1395134904479	1395134904874	1395134904874	OK	 
ACTION	Pricing	7	price	1395134904543	1395134904544	1395134904912	1395134904912	OK	 
ACTION	Pricing	3	price	1395134904584	1395134904584	1395134904943	1395134904943	OK	 
ACTION	Pricing	2	price	1395134904622	1395134904623	1395134904977	1395134904978	OK	 
ACTION	Pricing	1	price	1395134904660	1395134904661	1395134905012	1395134905012	OK	 
ACTION	Pricing	9	price	1395134904700	1395134904700	1395134905047	1395134905047	OK	 
ACTION	Pricing	5	price	1395134904737	1395134904737	1395134905083	1395134905083	OK	 
ACTION	Pricing	8	price	1395134904775	1395134904775	1395134905116	1395134905117	OK	 
ACTION	Pricing	4	price	1395134904809	1395134904810	1395134905151	1395134905151	OK	 
ACTION	Pricing	10	price	1395134904842	1395134904842	1395134905185	1395134905186	OK	 
ACTION	Pricing	6	price	1395134904876	1395134904876	1395134905219	1395134905219	OK	 
ACTION	Pricing	7	price	1395134904914	1395134904914	1395134905264	1395134905265	OK	 
ACTION	Pricing	3	price	1395134904944	1395134904945	1395134905295	1395134905296	OK	 
ACTION	Pricing	2	price	1395134904979	1395134904980	1395134905333	1395134905334	OK	 
ACTION	Pricing	1	price	1395134905014	1395134905014	1395134905371	1395134905371	OK	 
ACTION	Pricing	9	price	1395134905049	1395134905049	1395134905406	1395134905406	OK	 
ACTION	Pricing	5	price	1395134905084	1395134905085	1395134905442	1395134905442	OK	 
ACTION	Pricing	8	price	1395134905118	1395134905119	1395134905482	1395134905482	OK	 
ACTION	Pricing	4	price	1395134905153	1395134905154	1395134905520	1395134905521	OK	 
ACTION	Pricing	10	price	1395134905188	1395134905188	1395134905553	1395134905553	OK	 
ACTION	Pricing	6	price	1395134905221	1395134905221	1395134905588	1395134905589	OK	 
ACTION	Pricing	7	price	1395134905266	1395134905266	1395134905633	1395134905633	OK	 
ACTION	Pricing	3	price	1395134905298	1395134905299	1395134905673	1395134905673	OK	 
ACTION	Pricing	2	price	1395134905336	1395134905336	1395134905713	1395134905713	OK	 
ACTION	Pricing	1	price	1395134905374	1395134905375	1395134905749	1395134905749	OK	 
ACTION	Pricing	9	price	1395134905408	1395134905409	1395134905785	1395134905786	OK	 
ACTION	Pricing	5	price	1395134905444	1395134905444	1395134905846	1395134905847	OK	 
ACTION	Pricing	8	price	1395134905485	1395134905485	1395134905884	1395134905884	OK	 
ACTION	Pricing	4	price	1395134905523	1395134905523	1395134905918	1395134905919	OK	 
ACTION	Pricing	10	price	1395134905555	1395134905556	1395134905956	1395134905956	OK	 
ACTION	Pricing	6	price	1395134905591	1395134905591	1395134905989	1395134905990	OK	 
ACTION	Pricing	7	price	1395134905636	1395134905636	1395134906025	1395134906025	OK	 
ACTION	Pricing	3	price	1395134905675	1395134905676	1395134906060	1395134906061	OK	 
ACTION	Pricing	2	price	1395134905715	1395134905716	1395134906098	1395134906098	OK	 
ACTION	Pricing	1	price	1395134905751	1395134905752	1395134906130	1395134906130	OK	 
ACTION	Pricing	9	price	1395134905787	1395134905788	1395134906165	1395134906165	OK	 
ACTION	Pricing	5	price	1395134905849	1395134905849	1395134906203	1395134906204	OK	 
ACTION	Pricing	8	price	1395134905886	1395134905887	1395134906244	1395134906244	OK	 
ACTION	Pricing	4	price	1395134905920	1395134905921	1395134906280	1395134906281	OK	 
ACTION	Pricing	10	price	1395134905958	1395134905959	1395134906315	1395134906315	OK	 
ACTION	Pricing	6	price	1395134905991	1395134905992	1395134906345	1395134906346	OK	 
ACTION	Pricing	7	price	1395134906027	1395134906028	1395134906384	1395134906385	OK	 
ACTION	Pricing	3	price	1395134906062	1395134906063	1395134906420	1395134906420	OK	 
ACTION	Pricing	2	price	1395134906100	1395134906100	1395134906461	1395134906461	OK	 
ACTION	Pricing	1	price	1395134906133	1395134906133	1395134906499	1395134906500	OK	 
ACTION	Pricing	9	price	1395134906166	1395134906167	1395134906544	1395134906545	OK	 
ACTION	Pricing	5	price	1395134906206	1395134906206	1395134906579	1395134906579	OK	 
ACTION	Pricing	8	price	1395134906245	1395134906246	1395134906610	1395134906610	OK	 
ACTION	Pricing	4	price	1395134906283	1395134906283	1395134906644	1395134906644	OK	 
ACTION	Pricing	10	price	1395134906316	1395134906317	1395134906678	1395134906678	OK	 
ACTION	Pricing	6	price	1395134906348	1395134906348	1395134906714	1395134906714	OK	 
ACTION	Pricing	7	price	1395134906386	1395134906387	1395134906747	1395134906747	OK	 
ACTION	Pricing	3	price	1395134906422	1395134906423	1395134906779	1395134906779	OK	 
ACTION	Pricing	2	price	1395134906463	1395134906464	1395134906815	1395134906815	OK	 
ACTION	Pricing	1	price	1395134906502	1395134906503	1395134906848	1395134906848	OK	 
ACTION	Pricing	9	price	1395134906547	1395134906547	1395134906878	1395134906878	OK	 
ACTION	Pricing	5	price	1395134906581	1395134906581	1395134906913	1395134906914	OK	 
ACTION	Pricing	8	price	1395134906612	1395134906612	1395134906946	1395134906946	OK	 
ACTION	Pricing	4	price	1395134906646	1395134906647	1395134906977	1395134906977	OK	 
ACTION	Pricing	10	price	1395134906680	1395134906680	1395134907009	1395134907010	OK	 
ACTION	Pricing	6	price	1395134906716	1395134906716	1395134907045	1395134907045	OK	 
ACTION	Pricing	7	price	1395134906748	1395134906749	1395134907078	1395134907078	OK	 
ACTION	Pricing	3	price	1395134906780	1395134906781	1395134907111	1395134907111	OK	 
ACTION	Pricing	2	price	1395134906817	1395134906818	1395134907142	1395134907142	OK	 
ACTION	Pricing	1	price	1395134906850	1395134906850	1395134907172	1395134907173	OK	 
ACTION	Pricing	9	price	1395134906880	1395134906880	1395134907205	1395134907205	OK	 
ACTION	Pricing	5	price	1395134906921	1395134906921	1395134907238	1395134907239	OK	 
ACTION	Pricing	8	price	1395134906948	1395134906949	1395134907274	1395134907274	OK	 
ACTION	Pricing	4	price	1395134906979	1395134906979	1395134907306	1395134907306	OK	 
ACTION	Pricing	10	price	1395134907011	1395134907012	1395134907350	1395134907351	OK	 
ACTION	Pricing	6	price	1395134907046	1395134907046	1395134907390	1395134907390	OK	 
ACTION	Pricing	7	price	1395134907080	1395134907080	1395134907425	1395134907425	OK	 
ACTION	Pricing	3	price	1395134907113	1395134907113	1395134907460	1395134907460	OK	 
ACTION	Pricing	2	price	1395134907144	1395134907144	1395134907496	1395134907496	OK	 
ACTION	Pricing	1	price	1395134907175	1395134907175	1395134907532	1395134907533	OK	 
ACTION	Pricing	9	price	1395134907207	1395134907207	1395134907575	1395134907575	OK	 
ACTION	Pricing	5	price	1395134907240	1395134907241	1395134907617	1395134907617	OK	 
ACTION	Pricing	8	price	1395134907276	1395134907276	1395134907653	1395134907654	OK	 
ACTION	Pricing	4	price	1395134907307	1395134907308	1395134907686	1395134907686	OK	 
ACTION	Pricing	10	price	1395134907352	1395134907353	1395134907725	1395134907725	OK	 
ACTION	Pricing	6	price	1395134907395	1395134907395	1395134907757	1395134907757	OK	 
ACTION	Pricing	7	price	1395134907427	1395134907427	1395134907791	1395134907791	OK	 
ACTION	Pricing	3	price	1395134907462	1395134907462	1395134907858	1395134907858	OK	 
ACTION	Pricing	2	price	1395134907498	1395134907498	1395134907896	1395134907896	OK	 
ACTION	Pricing	1	price	1395134907534	1395134907535	1395134907940	1395134907941	OK	 
ACTION	Pricing	9	price	1395134907577	1395134907578	1395134907984	1395134907984	OK	 
ACTION	Pricing	5	price	1395134907619	1395134907620	1395134908010	1395134908010	OK	 
ACTION	Pricing	8	price	1395134907656	1395134907656	1395134908045	1395134908046	OK	 
ACTION	Pricing	4	price	1395134907688	1395134907688	1395134908079	1395134908079	OK	 
ACTION	Pricing	10	price	1395134907727	1395134907727	1395134908113	1395134908113	OK	 
ACTION	Pricing	6	price	1395134907759	1395134907759	1395134908148	1395134908149	OK	 
ACTION	Pricing	7	price	1395134907793	1395134907793	1395134908184	1395134908184	OK	 
ACTION	Pricing	3	price	1395134907860	1395134907861	1395134908219	1395134908219	OK	 
ACTION	Pricing	2	price	1395134907898	1395134907898	1395134908255	1395134908256	OK	 
ACTION	Pricing	1	price	1395134907943	1395134907944	1395134908293	1395134908293	OK	 
ACTION	Pricing	9	price	1395134907985	1395134907986	1395134908328	1395134908328	OK	 
ACTION	Pricing	5	price	1395134908012	1395134908012	1395134908360	1395134908360	OK	 
ACTION	Pricing	8	price	1395134908047	1395134908047	1395134908395	1395134908395	OK	 
ACTION	Pricing	4	price	1395134908081	1395134908081	1395134908426	1395134908426	OK	 
ACTION	Pricing	10	price	1395134908115	1395134908115	1395134908464	1395134908464	OK	 
ACTION	Pricing	6	price	1395134908150	1395134908151	1395134908513	1395134908513	OK	 
ACTION	Pricing	7	price	1395134908186	1395134908186	1395134908546	1395134908546	OK	 
ACTION	Pricing	3	price	1395134908221	1395134908221	1395134908579	1395134908579	OK	 
ACTION	Pricing	2	price	1395134908257	1395134908258	1395134908611	1395134908611	OK	 
ACTION	Pricing	1	price	1395134908295	1395134908296	1395134908643	1395134908644	OK	 
ACTION	Pricing	9	price	1395134908329	1395134908330	1395134908675	1395134908675	OK	 
ACTION	Pricing	5	price	1395134908361	1395134908362	1395134908708	1395134908708	OK	 
ACTION	Pricing	8	price	1395134908397	1395134908397	1395134908741	1395134908741	OK	 
ACTION	Pricing	4	price	1395134908427	1395134908428	1395134908772	1395134908772	OK	 
ACTION	Pricing	10	price	1395134908466	1395134908466	1395134908802	1395134908802	OK	 
ACTION	Pricing	6	price	1395134908515	1395134908515	1395134908833	1395134908834	OK	 
ACTION	Pricing	7	price	1395134908547	1395134908548	1395134908865	1395134908865	OK	 
ACTION	Pricing	3	price	1395134908581	1395134908582	1395134908896	1395134908896	OK	 
ACTION	Pricing	2	price	1395134908613	1395134908614	1395134908934	1395134908934	OK	 
ACTION	Pricing	1	price	1395134908645	1395134908646	1395134908966	1395134908966	OK	 
ACTION	Pricing	9	price	1395134908677	1395134908677	1395134908999	1395134908999	OK	 
ACTION	Pricing	5	price	1395134908710	1395134908710	1395134909030	1395134909030	OK	 
ACTION	Pricing	8	price	1395134908743	1395134908744	1395134909063	1395134909063	OK	 
ACTION	Pricing	4	price	1395134908774	1395134908774	1395134909097	1395134909097	OK	 
ACTION	Pricing	10	price	1395134908803	1395134908803	1395134909129	1395134909130	OK	 
ACTION	Pricing	6	price	1395134908835	1395134908836	1395134909162	1395134909163	OK	 
ACTION	Pricing	7	price	1395134908866	1395134908867	1395134909194	1395134909194	OK	 
ACTION	Pricing	3	price	1395134908898	1395134908898	1395134909227	1395134909228	OK	 
ACTION	Pricing	2	price	1395134908936	1395134908936	1395134909259	1395134909259	OK	 
ACTION	Pricing	1	price	1395134908968	1395134908969	1395134909294	1395134909294	OK	 
ACTION	Pricing	9	price	1395134909001	1395134909001	1395134909326	1395134909327	OK	 
ACTION	Pricing	5	price	1395134909032	1395134909032	1395134909357	1395134909358	OK	 
ACTION	Pricing	8	price	1395134909064	1395134909065	1395134909390	1395134909391	OK	 
ACTION	Pricing	4	price	1395134909099	1395134909099	1395134909424	1395134909424	OK	 
ACTION	Pricing	10	price	1395134909131	1395134909132	1395134909455	1395134909455	OK	 
ACTION	Pricing	6	price	1395134909164	1395134909165	1395134909490	1395134909490	OK	 
ACTION	Pricing	7	price	1395134909197	1395134909197	1395134909522	1395134909522	OK	 
ACTION	Pricing	3	price	1395134909229	1395134909230	1395134909554	1395134909554	OK	 
ACTION	Pricing	2	price	1395134909261	1395134909261	1395134909586	1395134909586	OK	 
ACTION	Pricing	1	price	1395134909296	1395134909296	1395134909644	1395134909644	OK	 
ACTION	Pricing	9	price	1395134909328	1395134909329	1395134909678	1395134909678	OK	 
ACTION	Pricing	5	price	1395134909359	1395134909359	1395134909711	1395134909712	OK	 
ACTION	Pricing	8	price	1395134909392	1395134909393	1395134909743	1395134909743	OK	 
ACTION	Pricing	4	price	1395134909425	1395134909426	1395134909776	1395134909776	OK	 
ACTION	Pricing	10	price	1395134909457	1395134909458	1395134909810	1395134909810	OK	 
ACTION	Pricing	6	price	1395134909491	1395134909492	1395134909841	1395134909842	OK	 
ACTION	Pricing	7	price	1395134909523	1395134909524	1395134909884	1395134909885	OK	 
ACTION	Pricing	3	price	1395134909556	1395134909556	1395134909907	1395134909907	OK	 
ACTION	Pricing	2	price	1395134909588	1395134909588	1395134909941	1395134909942	OK	 
ACTION	Pricing	1	price	1395134909646	1395134909647	1395134909974	1395134909974	OK	 
ACTION	Pricing	9	price	1395134909680	1395134909681	1395134910006	1395134910006	OK	 
ACTION	Pricing	5	price	1395134909713	1395134909714	1395134910061	1395134910062	OK	 
ACTION	Pricing	8	price	1395134909745	1395134909745	1395134910095	1395134910095	OK	 
ACTION	Pricing	4	price	1395134909778	1395134909778	1395134910129	1395134910129	OK	 
ACTION	Pricing	10	price	1395134909811	1395134909812	1395134910160	1395134910160	OK	 
ACTION	Pricing	6	price	1395134909843	1395134909844	1395134910193	1395134910193	OK	 
ACTION	Pricing	7	price	1395134909886	1395134909886	1395134910224	1395134910224	OK	 
ACTION	Pricing	3	price	1395134909909	1395134909910	1395134910255	1395134910255	OK	 
ACTION	Pricing	2	price	1395134909943	1395134909944	1395134910286	1395134910286	OK	 
ACTION	Pricing	1	price	1395134909976	1395134909976	1395134910318	1395134910318	OK	 
ACTION	Pricing	9	price	1395134910008	1395134910009	1395134910350	1395134910350	OK	 
ACTION	Pricing	5	price	1395134910063	1395134910064	1395134910383	1395134910385	OK	 
ACTION	Pricing	8	price	1395134910097	1395134910098	1395134910417	1395134910417	OK	 
ACTION	Pricing	4	price	1395134910131	1395134910131	1395134910461	1395134910461	OK	 
ACTION	Pricing	10	price	1395134910162	1395134910163	1395134910496	1395134910496	OK	 
ACTION	Pricing	6	price	1395134910195	1395134910195	1395134910529	1395134910530	OK	 
ACTION	Pricing	7	price	1395134910226	1395134910226	1395134910565	1395134910565	OK	 
ACTION	Pricing	3	price	1395134910256	1395134910257	1395134910597	1395134910597	OK	 
ACTION	Pricing	2	price	1395134910288	1395134910288	1395134910628	1395134910628	OK	 
ACTION	Pricing	1	price	1395134910320	1395134910320	1395134910661	1395134910661	OK	 
ACTION	Pricing	9	price	1395134910351	1395134910352	1395134910695	1395134910695	OK	 
ACTION	Pricing	5	price	1395134910386	1395134910386	1395134910727	1395134910727	OK	 
ACTION	Pricing	8	price	1395134910418	1395134910419	1395134910758	1395134910758	OK	 
ACTION	Pricing	4	price	1395134910463	1395134910463	1395134910794	1395134910794	OK	 
ACTION	Pricing	10	price	1395134910497	1395134910498	1395134910827	1395134910828	OK	 
ACTION	Pricing	6	price	1395134910531	1395134910532	1395134910861	1395134910861	OK	 
ACTION	Pricing	7	price	1395134910566	1395134910567	1395134910897	1395134910897	OK	 
ACTION	Pricing	3	price	1395134910599	1395134910599	1395134910929	1395134910929	OK	 
ACTION	Pricing	2	price	1395134910629	1395134910630	1395134910969	1395134910969	OK	 
ACTION	Pricing	1	price	1395134910663	1395134910664	1395134910994	1395134910994	OK	 
ACTION	Pricing	9	price	1395134910697	1395134910698	1395134911027	1395134911027	OK	 
ACTION	Pricing	5	price	1395134910728	1395134910729	1395134911060	1395134911061	OK	 
ACTION	Pricing	8	price	1395134910759	1395134910760	1395134911094	1395134911102	OK	 
ACTION	Pricing	4	price	1395134910795	1395134910796	1395134911131	1395134911131	OK	 
ACTION	Pricing	10	price	1395134910829	1395134910830	1395134911162	1395134911162	OK	 
ACTION	Pricing	6	price	1395134910862	1395134910863	1395134911197	1395134911197	OK	 
ACTION	Pricing	7	price	1395134910898	1395134910899	1395134911230	1395134911230	OK	 
ACTION	Pricing	3	price	1395134910930	1395134910931	1395134911264	1395134911264	OK	 
ACTION	Pricing	2	price	1395134910970	1395134910971	1395134911299	1395134911299	OK	 
ACTION	Pricing	1	price	1395134910995	1395134910995	1395134911330	1395134911330	OK	 
ACTION	Pricing	9	price	1395134911029	1395134911029	1395134911362	1395134911362	OK	 
ACTION	Pricing	5	price	1395134911062	1395134911063	1395134911401	1395134911402	OK	 
ACTION	Pricing	8	price	1395134911104	1395134911105	1395134911434	1395134911434	OK	 
ACTION	Pricing	4	price	1395134911132	1395134911133	1395134911465	1395134911465	OK	 
ACTION	Pricing	10	price	1395134911163	1395134911164	1395134911499	1395134911500	OK	 
ACTION	Pricing	6	price	1395134911199	1395134911199	1395134911533	1395134911533	OK	 
ACTION	Pricing	7	price	1395134911232	1395134911232	1395134911566	1395134911566	OK	 
ACTION	Pricing	3	price	1395134911265	1395134911266	1395134911599	1395134911599	OK	 
ACTION	Pricing	2	price	1395134911300	1395134911301	1395134911633	1395134911633	OK	 
ACTION	Pricing	1	price	1395134911331	1395134911332	1395134911665	1395134911665	OK	 
ACTION	Pricing	9	price	1395134911363	1395134911363	1395134911698	1395134911698	OK	 
ACTION	Pricing	5	price	1395134911403	1395134911403	1395134911731	1395134911731	OK	 
ACTION	Pricing	8	price	1395134911435	1395134911435	1395134911772	1395134911773	OK	 
ACTION	Pricing	4	price	1395134911467	1395134911467	1395134911808	1395134911808	OK	 
ACTION	Pricing	10	price	1395134911501	1395134911502	1395134911842	1395134911842	OK	 
ACTION	Pricing	6	price	1395134911535	1395134911535	1395134911877	1395134911877	OK	 
ACTION	Pricing	7	price	1395134911568	1395134911568	1395134911909	1395134911910	OK	 
ACTION	Pricing	3	price	1395134911600	1395134911601	1395134911940	1395134911940	OK	 
ACTION	Pricing	2	price	1395134911635	1395134911635	1395134911972	1395134911972	OK	 
ACTION	Pricing	1	price	1395134911667	1395134911668	1395134912004	1395134912005	OK	 
ACTION	Pricing	9	price	1395134911700	1395134911700	1395134912041	1395134912041	OK	 
ACTION	Pricing	5	price	1395134911733	1395134911734	1395134912074	1395134912074	OK	 
ACTION	Pricing	8	price	1395134911774	1395134911775	1395134912110	1395134912111	OK	 
ACTION	Pricing	4	price	1395134911809	1395134911810	1395134912142	1395134912143	OK	 
ACTION	Pricing	10	price	1395134911844	1395134911844	1395134912176	1395134912177	OK	 
ACTION	Pricing	6	price	1395134911879	1395134911879	1395134912209	1395134912209	OK	 
ACTION	Pricing	7	price	1395134911911	1395134911912	1395134912244	1395134912244	OK	 
ACTION	Pricing	3	price	1395134911941	1395134911942	1395134912279	1395134912280	OK	 
ACTION	Pricing	2	price	1395134911973	1395134911974	1395134912313	1395134912314	OK	 
ACTION	Pricing	1	price	1395134912006	1395134912006	1395134912354	1395134912354	OK	 
ACTION	Pricing	9	price	1395134912043	1395134912043	1395134912387	1395134912387	OK	 
ACTION	Pricing	5	price	1395134912076	1395134912076	1395134912420	1395134912421	OK	 
ACTION	Pricing	8	price	1395134912112	1395134912113	1395134912453	1395134912454	OK	 
ACTION	Pricing	4	price	1395134912145	1395134912145	1395134912489	1395134912489	OK	 
ACTION	Pricing	10	price	1395134912178	1395134912178	1395134912521	1395134912521	OK	 
ACTION	Pricing	6	price	1395134912211	1395134912211	1395134912562	1395134912563	OK	 
ACTION	Pricing	7	price	1395134912246	1395134912246	1395134912592	1395134912593	OK	 
ACTION	Pricing	3	price	1395134912282	1395134912282	1395134912626	1395134912626	OK	 
ACTION	Pricing	2	price	1395134912315	1395134912316	1395134912657	1395134912658	OK	 
ACTION	Pricing	1	price	1395134912356	1395134912356	1395134912690	1395134912691	OK	 
ACTION	Pricing	9	price	1395134912389	1395134912390	1395134912723	1395134912723	OK	 
ACTION	Pricing	5	price	1395134912422	1395134912423	1395134912754	1395134912754	OK	 
ACTION	Pricing	8	price	1395134912455	1395134912456	1395134912791	1395134912791	OK	 
ACTION	Pricing	4	price	1395134912491	1395134912491	1395134912824	1395134912824	OK	 
ACTION	Pricing	10	price	1395134912523	1395134912524	1395134912892	1395134912892	OK	 
ACTION	Pricing	6	price	1395134912564	1395134912564	1395134912923	1395134912923	OK	 
ACTION	Pricing	7	price	1395134912594	1395134912594	1395134912961	1395134912961	OK	 
ACTION	Pricing	3	price	1395134912628	1395134912628	1395134913012	1395134913012	OK	 
ACTION	Pricing	2	price	1395134912659	1395134912660	1395134913048	1395134913049	OK	 
ACTION	Pricing	1	price	1395134912692	1395134912693	1395134913081	1395134913082	OK	 
ACTION	Pricing	9	price	1395134912724	1395134912725	1395134913115	1395134913116	OK	 
ACTION	Pricing	5	price	1395134912756	1395134912756	1395134913151	1395134913151	OK	 
ACTION	Pricing	8	price	1395134912792	1395134912793	1395134913185	1395134913185	OK	 
ACTION	Pricing	4	price	1395134912826	1395134912826	1395134913217	1395134913218	OK	 
ACTION	Pricing	10	price	1395134912893	1395134912894	1395134913250	1395134913250	OK	 
ACTION	Pricing	6	price	1395134912925	1395134912925	1395134913284	1395134913284	OK	 
ACTION	Pricing	7	price	1395134913009	1395134913014	1395134913316	1395134913317	OK	 
ACTION	Pricing	3	price	1395134913014	1395134913015	1395134913350	1395134913350	OK	 
ACTION	Pricing	2	price	1395134913050	1395134913051	1395134913380	1395134913381	OK	 
ACTION	Pricing	1	price	1395134913083	1395134913083	1395134913412	1395134913413	OK	 
ACTION	Pricing	9	price	1395134913118	1395134913118	1395134913446	1395134913446	OK	 
ACTION	Pricing	5	price	1395134913154	1395134913155	1395134913482	1395134913482	OK	 
ACTION	Pricing	8	price	1395134913187	1395134913187	1395134913515	1395134913515	OK	 
ACTION	Pricing	4	price	1395134913219	1395134913219	1395134913547	1395134913548	OK	 
ACTION	Pricing	10	price	1395134913252	1395134913252	1395134913586	1395134913586	OK	 
ACTION	Pricing	6	price	1395134913286	1395134913286	1395134913619	1395134913619	OK	 
ACTION	Pricing	7	price	1395134913318	1395134913319	1395134913653	1395134913653	OK	 
ACTION	Pricing	3	price	1395134913352	1395134913352	1395134913686	1395134913686	OK	 
ACTION	Pricing	2	price	1395134913382	1395134913383	1395134913720	1395134913720	OK	 
ACTION	Pricing	1	price	1395134913414	1395134913415	1395134913752	1395134913752	OK	 
ACTION	Pricing	9	price	1395134913447	1395134913448	1395134913785	1395134913785	OK	 
ACTION	Pricing	5	price	1395134913484	1395134913484	1395134913817	1395134913817	OK	 
ACTION	Pricing	8	price	1395134913516	1395134913517	1395134913849	1395134913849	OK	 
ACTION	Pricing	4	price	1395134913549	1395134913549	1395134913882	1395134913882	OK	 
ACTION	Pricing	10	price	1395134913587	1395134913588	1395134913915	1395134913915	OK	 
ACTION	Pricing	6	price	1395134913621	1395134913621	1395134913947	1395134913947	OK	 
ACTION	Pricing	7	price	1395134913656	1395134913657	1395134913981	1395134913981	OK	 
ACTION	Pricing	3	price	1395134913688	1395134913688	1395134914013	1395134914014	OK	 
ACTION	Pricing	2	price	1395134913722	1395134913722	1395134914047	1395134914047	OK	 
ACTION	Pricing	1	price	1395134913753	1395134913754	1395134914079	1395134914079	OK	 
ACTION	Pricing	9	price	1395134913787	1395134913787	1395134914112	1395134914112	OK	 
ACTION	Pricing	5	price	1395134913818	1395134913819	1395134914146	1395134914146	OK	 
ACTION	Pricing	8	price	1395134913851	1395134913851	1395134914180	1395134914180	OK	 
ACTION	Pricing	4	price	1395134913883	1395134913884	1395134914215	1395134914216	OK	 
ACTION	Pricing	10	price	1395134913917	1395134913917	1395134914248	1395134914248	OK	 
ACTION	Pricing	6	price	1395134913949	1395134913949	1395134914282	1395134914282	OK	 
ACTION	Pricing	7	price	1395134913982	1395134913983	1395134914315	1395134914315	OK	 
ACTION	Pricing	3	price	1395134914015	1395134914015	1395134914351	1395134914351	OK	 
ACTION	Pricing	2	price	1395134914048	1395134914049	1395134914384	1395134914384	OK	 
ACTION	Pricing	1	price	1395134914081	1395134914081	1395134914417	1395134914417	OK	 
ACTION	Pricing	9	price	1395134914114	1395134914114	1395134914448	1395134914448	OK	 
ACTION	Pricing	5	price	1395134914148	1395134914148	1395134914500	1395134914501	OK	 
ACTION	Pricing	8	price	1395134914182	1395134914183	1395134914536	1395134914536	OK	 
ACTION	Pricing	4	price	1395134914217	1395134914217	1395134914570	1395134914570	OK	 
ACTION	Pricing	10	price	1395134914250	1395134914250	1395134914606	1395134914606	OK	 
ACTION	Pricing	6	price	1395134914284	1395134914284	1395134914639	1395134914639	OK	 
ACTION	Pricing	7	price	1395134914317	1395134914318	1395134914671	1395134914671	OK	 
ACTION	Pricing	3	price	1395134914353	1395134914353	1395134914704	1395134914705	OK	 
ACTION	Pricing	2	price	1395134914386	1395134914386	1395134914738	1395134914738	OK	 
ACTION	Pricing	1	price	1395134914419	1395134914419	1395134914773	1395134914773	OK	 
ACTION	Pricing	9	price	1395134914451	1395134914452	1395134914806	1395134914806	OK	 
ACTION	Pricing	5	price	1395134914503	1395134914504	1395134914838	1395134914838	OK	 
ACTION	Pricing	8	price	1395134914538	1395134914538	1395134914870	1395134914870	OK	 
ACTION	Pricing	4	price	1395134914572	1395134914572	1395134914906	1395134914906	OK	 
ACTION	Pricing	10	price	1395134914607	1395134914608	1395134914937	1395134914938	OK	 
ACTION	Pricing	6	price	1395134914641	1395134914641	1395134914969	1395134914969	OK	 
ACTION	Pricing	7	price	1395134914673	1395134914674	1395134915001	1395134915001	OK	 
ACTION	Pricing	3	price	1395134914706	1395134914707	1395134915033	1395134915033	OK	 
ACTION	Pricing	2	price	1395134914740	1395134914740	1395134915066	1395134915067	OK	 
ACTION	Pricing	1	price	1395134914775	1395134914775	1395134915102	1395134915102	OK	 
ACTION	Pricing	9	price	1395134914808	1395134914808	1395134915136	1395134915137	OK	 
ACTION	Pricing	5	price	1395134914840	1395134914840	1395134915168	1395134915169	OK	 
ACTION	Pricing	8	price	1395134914872	1395134914873	1395134915203	1395134915204	OK	 
ACTION	Pricing	4	price	1395134914907	1395134914908	1395134915238	1395134915238	OK	 
ACTION	Pricing	10	price	1395134914939	1395134914940	1395134915274	1395134915275	OK	 
ACTION	Pricing	6	price	1395134914971	1395134914971	1395134915310	1395134915310	OK	 
ACTION	Pricing	7	price	1395134915003	1395134915004	1395134915350	1395134915351	OK	 
ACTION	Pricing	3	price	1395134915035	1395134915035	1395134915389	1395134915389	OK	 
ACTION	Pricing	2	price	1395134915068	1395134915068	1395134915423	1395134915424	OK	 
ACTION	Pricing	1	price	1395134915104	1395134915104	1395134915463	1395134915464	OK	 
ACTION	Pricing	9	price	1395134915138	1395134915139	1395134915500	1395134915501	OK	 
ACTION	Pricing	5	price	1395134915170	1395134915171	1395134915539	1395134915540	OK	 
ACTION	Pricing	8	price	1395134915205	1395134915206	1395134915578	1395134915578	OK	 
ACTION	Pricing	4	price	1395134915240	1395134915240	1395134915617	1395134915617	OK	 
ACTION	Pricing	10	price	1395134915276	1395134915277	1395134915654	1395134915654	OK	 
ACTION	Pricing	6	price	1395134915311	1395134915312	1395134915690	1395134915691	OK	 
ACTION	Pricing	7	price	1395134915352	1395134915353	1395134915729	1395134915730	OK	 
ACTION	Pricing	3	price	1395134915390	1395134915391	1395134915770	1395134915770	OK	 
ACTION	Pricing	2	price	1395134915425	1395134915425	1395134915809	1395134915809	OK	 
ACTION	Pricing	1	price	1395134915465	1395134915466	1395134915848	1395134915848	OK	 
ACTION	Pricing	9	price	1395134915502	1395134915503	1395134915883	1395134915883	OK	 
ACTION	Pricing	5	price	1395134915542	1395134915542	1395134915917	1395134915917	OK	 
ACTION	Pricing	8	price	1395134915580	1395134915581	1395134915951	1395134915951	OK	 
ACTION	Pricing	4	price	1395134915619	1395134915619	1395134915984	1395134915984	OK	 
ACTION	Pricing	10	price	1395134915655	1395134915656	1395134916015	1395134916016	OK	 
ACTION	Pricing	6	price	1395134915695	1395134915695	1395134916051	1395134916051	OK	 
ACTION	Pricing	7	price	1395134915731	1395134915732	1395134916089	1395134916089	OK	 
ACTION	Pricing	3	price	1395134915771	1395134915772	1395134916123	1395134916124	OK	 
ACTION	Pricing	2	price	1395134915811	1395134915811	1395134916155	1395134916155	OK	 
ACTION	Pricing	1	price	1395134915850	1395134915850	1395134916188	1395134916188	OK	 
ACTION	Pricing	9	price	1395134915885	1395134915886	1395134916227	1395134916228	OK	 
ACTION	Pricing	5	price	1395134915918	1395134915919	1395134916263	1395134916263	OK	 
ACTION	Pricing	8	price	1395134915953	1395134915953	1395134916298	1395134916298	OK	 
ACTION	Pricing	4	price	1395134915985	1395134915986	1395134916338	1395134916338	OK	 
ACTION	Pricing	10	price	1395134916018	1395134916018	1395134916374	1395134916375	OK	 
ACTION	Pricing	6	price	1395134916053	1395134916054	1395134916407	1395134916407	OK	 
ACTION	Pricing	7	price	1395134916091	1395134916091	1395134916440	1395134916441	OK	 
ACTION	Pricing	3	price	1395134916126	1395134916126	1395134916477	1395134916477	OK	 
ACTION	Pricing	2	price	1395134916157	1395134916157	1395134916512	1395134916512	OK	 
ACTION	Pricing	1	price	1395134916190	1395134916190	1395134916549	1395134916550	OK	 
ACTION	Pricing	9	price	1395134916230	1395134916230	1395134916583	1395134916583	OK	 
ACTION	Pricing	5	price	1395134916264	1395134916265	1395134916616	1395134916617	OK	 
ACTION	Pricing	8	price	1395134916300	1395134916300	1395134916655	1395134916655	OK	 
ACTION	Pricing	4	price	1395134916339	1395134916340	1395134916686	1395134916686	OK	 
ACTION	Pricing	10	price	1395134916376	1395134916376	1395134916719	1395134916719	OK	 
ACTION	Pricing	6	price	1395134916409	1395134916409	1395134916755	1395134916755	OK	 
ACTION	Pricing	7	price	1395134916442	1395134916443	1395134916787	1395134916787	OK	 
ACTION	Pricing	3	price	1395134916479	1395134916479	1395134916824	1395134916824	OK	 
ACTION	Pricing	2	price	1395134916514	1395134916515	1395134916858	1395134916858	OK	 
ACTION	Pricing	1	price	1395134916551	1395134916551	1395134916893	1395134916893	OK	 
ACTION	Pricing	9	price	1395134916585	1395134916586	1395134916930	1395134916930	OK	 
ACTION	Pricing	5	price	1395134916619	1395134916619	1395134916966	1395134916966	OK	 
ACTION	Pricing	8	price	1395134916657	1395134916657	1395134917000	1395134917000	OK	 
ACTION	Pricing	4	price	1395134916689	1395134916690	1395134917033	1395134917033	OK	 
ACTION	Pricing	10	price	1395134916721	1395134916722	1395134917065	1395134917065	OK	 
ACTION	Pricing	6	price	1395134916756	1395134916757	1395134917097	1395134917097	OK	 
ACTION	Pricing	7	price	1395134916789	1395134916789	1395134917130	1395134917130	OK	 
ACTION	Pricing	3	price	1395134916826	1395134916826	1395134917164	1395134917164	OK	 
ACTION	Pricing	2	price	1395134916859	1395134916860	1395134917198	1395134917198	OK	 
ACTION	Pricing	1	price	1395134916895	1395134916895	1395134917233	1395134917233	OK	 
ACTION	Pricing	9	price	1395134916931	1395134916932	1395134917271	1395134917271	OK	 
ACTION	Pricing	5	price	1395134916967	1395134916968	1395134917310	1395134917310	OK	 
ACTION	Pricing	8	price	1395134917002	1395134917002	1395134917347	1395134917347	OK	 
ACTION	Pricing	4	price	1395134917035	1395134917035	1395134917378	1395134917378	OK	 
ACTION	Pricing	10	price	1395134917067	1395134917067	1395134917411	1395134917412	OK	 
ACTION	Pricing	6	price	1395134917099	1395134917099	1395134917452	1395134917452	OK	 
ACTION	Pricing	7	price	1395134917132	1395134917133	1395134917485	1395134917485	OK	 
ACTION	Pricing	3	price	1395134917166	1395134917166	1395134917522	1395134917523	OK	 
ACTION	Pricing	2	price	1395134917200	1395134917201	1395134917561	1395134917561	OK	 
ACTION	Pricing	1	price	1395134917234	1395134917235	1395134917595	1395134917595	OK	 
ACTION	Pricing	9	price	1395134917273	1395134917273	1395134917626	1395134917626	OK	 
ACTION	Pricing	5	price	1395134917311	1395134917312	1395134917664	1395134917664	OK	 
ACTION	Pricing	8	price	1395134917349	1395134917349	1395134917693	1395134917694	OK	 
ACTION	Pricing	4	price	1395134917379	1395134917380	1395134917725	1395134917725	OK	 
ACTION	Pricing	10	price	1395134917413	1395134917414	1395134917758	1395134917758	OK	 
ACTION	Pricing	6	price	1395134917454	1395134917454	1395134917790	1395134917790	OK	 
ACTION	Pricing	7	price	1395134917486	1395134917487	1395134917824	1395134917824	OK	 
ACTION	Pricing	3	price	1395134917524	1395134917525	1395134917857	1395134917857	OK	 
ACTION	Pricing	2	price	1395134917563	1395134917564	1395134917893	1395134917893	OK	 
ACTION	Pricing	1	price	1395134917597	1395134917597	1395134917931	1395134917931	OK	 
ACTION	Pricing	9	price	1395134917628	1395134917628	1395134917969	1395134917970	OK	 
ACTION	Pricing	5	price	1395134917665	1395134917666	1395134918001	1395134918002	OK	 
ACTION	Pricing	8	price	1395134917695	1395134917695	1395134918035	1395134918035	OK	 
ACTION	Pricing	4	price	1395134917726	1395134917727	1395134918066	1395134918066	OK	 
ACTION	Pricing	10	price	1395134917759	1395134917760	1395134918102	1395134918102	OK	 
ACTION	Pricing	6	price	1395134917791	1395134917792	1395134918134	1395134918134	OK	 
ACTION	Pricing	7	price	1395134917826	1395134917826	1395134918168	1395134918168	OK	 
ACTION	Pricing	3	price	1395134917859	1395134917859	1395134918200	1395134918200	OK	 
ACTION	Pricing	2	price	1395134917895	1395134917895	1395134918233	1395134918233	OK	 
ACTION	Pricing	1	price	1395134917932	1395134917933	1395134918270	1395134918270	OK	 
ACTION	Pricing	9	price	1395134917971	1395134917971	1395134918303	1395134918303	OK	 
ACTION	Pricing	5	price	1395134918003	1395134918004	1395134918348	1395134918348	OK	 
ACTION	Pricing	8	price	1395134918036	1395134918037	1395134918396	1395134918396	OK	 
ACTION	Pricing	4	price	1395134918068	1395134918069	1395134918436	1395134918436	OK	 
ACTION	Pricing	10	price	1395134918103	1395134918104	1395134918470	1395134918470	OK	 
ACTION	Pricing	6	price	1395134918136	1395134918136	1395134918506	1395134918506	OK	 
ACTION	Pricing	7	price	1395134918169	1395134918170	1395134918542	1395134918542	OK	 
ACTION	Pricing	3	price	1395134918201	1395134918202	1395134918578	1395134918578	OK	 
ACTION	Pricing	2	price	1395134918235	1395134918235	1395134918610	1395134918610	OK	 
ACTION	Pricing	1	price	1395134918271	1395134918272	1395134918647	1395134918647	OK	 
ACTION	Pricing	9	price	1395134918305	1395134918306	1395134918680	1395134918681	OK	 
ACTION	Pricing	5	price	1395134918350	1395134918350	1395134918714	1395134918715	OK	 
ACTION	Pricing	8	price	1395134918398	1395134918398	1395134918748	1395134918748	OK	 
ACTION	Pricing	4	price	1395134918437	1395134918438	1395134918780	1395134918780	OK	 
ACTION	Pricing	10	price	1395134918472	1395134918472	1395134918811	1395134918811	OK	 
ACTION	Pricing	6	price	1395134918508	1395134918508	1395134918842	1395134918843	OK	 
ACTION	Pricing	7	price	1395134918544	1395134918544	1395134918874	1395134918874	OK	 
ACTION	Pricing	3	price	1395134918580	1395134918580	1395134918908	1395134918908	OK	 
ACTION	Pricing	2	price	1395134918612	1395134918612	1395134918941	1395134918941	OK	 
ACTION	Pricing	1	price	1395134918648	1395134918649	1395134918973	1395134918974	OK	 
ACTION	Pricing	9	price	1395134918682	1395134918683	1395134919007	1395134919007	OK	 
ACTION	Pricing	5	price	1395134918716	1395134918717	1395134919044	1395134919044	OK	 
ACTION	Pricing	8	price	1395134918750	1395134918750	1395134919082	1395134919082	OK	 
ACTION	Pricing	4	price	1395134918782	1395134918782	1395134919116	1395134919116	OK	 
ACTION	Pricing	10	price	1395134918813	1395134918813	1395134919150	1395134919151	OK	 
ACTION	Pricing	6	price	1395134918845	1395134918845	1395134919184	1395134919184	OK	 
ACTION	Pricing	7	price	1395134918875	1395134918876	1395134919222	1395134919222	OK	 
ACTION	Pricing	3	price	1395134918910	1395134918910	1395134919270	1395134919270	OK	 
ACTION	Pricing	2	price	1395134918942	1395134918943	1395134919304	1395134919304	OK	 
ACTION	Pricing	1	price	1395134918975	1395134918975	1395134919337	1395134919338	OK	 
ACTION	Pricing	9	price	1395134919008	1395134919009	1395134919371	1395134919372	OK	 
ACTION	Pricing	5	price	1395134919045	1395134919046	1395134919407	1395134919407	OK	 
ACTION	Pricing	8	price	1395134919084	1395134919085	1395134919442	1395134919443	OK	 
ACTION	Pricing	4	price	1395134919118	1395134919118	1395134919477	1395134919477	OK	 
ACTION	Pricing	10	price	1395134919152	1395134919152	1395134919510	1395134919510	OK	 
ACTION	Pricing	6	price	1395134919186	1395134919187	1395134919546	1395134919546	OK	 
ACTION	Pricing	7	price	1395134919224	1395134919225	1395134919579	1395134919579	OK	 
ACTION	Pricing	3	price	1395134919272	1395134919273	1395134919615	1395134919615	OK	 
ACTION	Pricing	2	price	1395134919306	1395134919307	1395134919648	1395134919648	OK	 
ACTION	Pricing	1	price	1395134919339	1395134919339	1395134919694	1395134919695	OK	 
ACTION	Pricing	9	price	1395134919374	1395134919374	1395134919728	1395134919729	OK	 
ACTION	Pricing	5	price	1395134919408	1395134919409	1395134919762	1395134919762	OK	 
ACTION	Pricing	8	price	1395134919444	1395134919445	1395134919797	1395134919798	OK	 
ACTION	Pricing	4	price	1395134919478	1395134919479	1395134919830	1395134919830	OK	 
ACTION	Pricing	10	price	1395134919511	1395134919511	1395134919862	1395134919862	OK	 
ACTION	Pricing	6	price	1395134919547	1395134919548	1395134919896	1395134919896	OK	 
ACTION	Pricing	7	price	1395134919581	1395134919581	1395134919928	1395134919928	OK	 
ACTION	Pricing	3	price	1395134919616	1395134919617	1395134919959	1395134919960	OK	 
ACTION	Pricing	2	price	1395134919650	1395134919650	1395134919992	1395134919993	OK	 
ACTION	Pricing	1	price	1395134919696	1395134919697	1395134920025	1395134920025	OK	 
ACTION	Pricing	9	price	1395134919730	1395134919731	1395134920057	1395134920058	OK	 
ACTION	Pricing	5	price	1395134919764	1395134919764	1395134920091	1395134920091	OK	 
ACTION	Pricing	8	price	1395134919799	1395134919800	1395134920128	1395134920128	OK	 
ACTION	Pricing	4	price	1395134919831	1395134919832	1395134920163	1395134920163	OK	 
ACTION	Pricing	10	price	1395134919864	1395134919864	1395134920195	1395134920195	OK	 
ACTION	Pricing	6	price	1395134919898	1395134919898	1395134920229	1395134920229	OK	 
ACTION	Pricing	7	price	1395134919930	1395134919930	1395134920264	1395134920264	OK	 
ACTION	Pricing	3	price	1395134919962	1395134919962	1395134920301	1395134920302	OK	 
ACTION	Pricing	2	price	1395134919994	1395134919994	1395134920335	1395134920335	OK	 
ACTION	Pricing	1	price	1395134920027	1395134920028	1395134920369	1395134920369	OK	 
ACTION	Pricing	9	price	1395134920059	1395134920059	1395134920401	1395134920401	OK	 
ACTION	Pricing	5	price	1395134920092	1395134920093	1395134920435	1395134920435	OK	 
ACTION	Pricing	8	price	1395134920130	1395134920130	1395134920472	1395134920472	OK	 
ACTION	Pricing	4	price	1395134920164	1395134920164	1395134920508	1395134920508	OK	 
ACTION	Pricing	10	price	1395134920197	1395134920197	1395134920545	1395134920545	OK	 
ACTION	Pricing	6	price	1395134920231	1395134920231	1395134920582	1395134920583	OK	 
ACTION	Pricing	7	price	1395134920266	1395134920266	1395134920625	1395134920625	OK	 
ACTION	Pricing	3	price	1395134920303	1395134920304	1395134920665	1395134920665	OK	 
ACTION	Pricing	2	price	1395134920337	1395134920337	1395134920701	1395134920702	OK	 
ACTION	Pricing	1	price	1395134920370	1395134920371	1395134920738	1395134920738	OK	 
ACTION	Pricing	9	price	1395134920402	1395134920403	1395134920778	1395134920778	OK	 
ACTION	Pricing	5	price	1395134920436	1395134920437	1395134920816	1395134920816	OK	 
ACTION	Pricing	8	price	1395134920474	1395134920474	1395134920853	1395134920853	OK	 
ACTION	Pricing	4	price	1395134920510	1395134920510	1395134920892	1395134920892	OK	 
ACTION	Pricing	10	price	1395134920547	1395134920547	1395134920930	1395134920930	OK	 
ACTION	Pricing	6	price	1395134920585	1395134920585	1395134920971	1395134920971	OK	 
ACTION	Pricing	7	price	1395134920626	1395134920627	1395134921004	1395134921004	OK	 
ACTION	Pricing	3	price	1395134920666	1395134920667	1395134921039	1395134921039	OK	 
ACTION	Pricing	2	price	1395134920703	1395134920703	1395134921073	1395134921073	OK	 
ACTION	Pricing	1	price	1395134920739	1395134920740	1395134921105	1395134921105	OK	 
ACTION	Pricing	9	price	1395134920780	1395134920780	1395134921138	1395134921138	OK	 
ACTION	Pricing	5	price	1395134920818	1395134920818	1395134921177	1395134921177	OK	 
ACTION	Pricing	8	price	1395134920854	1395134920855	1395134921210	1395134921210	OK	 
ACTION	Pricing	4	price	1395134920894	1395134920895	1395134921245	1395134921246	OK	 
ACTION	Pricing	10	price	1395134920931	1395134920932	1395134921280	1395134921281	OK	 
ACTION	Pricing	6	price	1395134920972	1395134920973	1395134921316	1395134921317	OK	 
ACTION	Pricing	7	price	1395134921006	1395134921007	1395134921401	1395134921402	OK	 
ACTION	Pricing	3	price	1395134921040	1395134921041	1395134921473	1395134921473	OK	 
ACTION	Pricing	2	price	1395134921075	1395134921075	1395134921552	1395134921552	OK	 
ACTION	Pricing	1	price	1395134921107	1395134921107	1395134921595	1395134921596	OK	 
ACTION	Pricing	9	price	1395134921140	1395134921141	1395134921628	1395134921629	OK	 
ACTION	Pricing	5	price	1395134921178	1395134921179	1395134921664	1395134921664	OK	 
ACTION	Pricing	8	price	1395134921211	1395134921212	1395134921701	1395134921701	OK	 
ACTION	Pricing	4	price	1395134921248	1395134921248	1395134921737	1395134921737	OK	 
ACTION	Pricing	10	price	1395134921282	1395134921283	1395134921775	1395134921776	OK	 
ACTION	Pricing	6	price	1395134921318	1395134921319	1395134921811	1395134921812	OK	 
ACTION	Pricing	7	price	1395134921403	1395134921404	1395134921846	1395134921846	OK	 
ACTION	Pricing	3	price	1395134921474	1395134921475	1395134921879	1395134921880	OK	 
ACTION	Pricing	2	price	1395134921554	1395134921554	1395134921916	1395134921916	OK	 
ACTION	Pricing	1	price	1395134921597	1395134921598	1395134921959	1395134921959	OK	 
ACTION	Pricing	9	price	1395134921630	1395134921631	1395134921991	1395134921991	OK	 
ACTION	Pricing	5	price	1395134921666	1395134921666	1395134922027	1395134922027	OK	 
ACTION	Pricing	8	price	1395134921703	1395134921703	1395134922063	1395134922063	OK	 
ACTION	Pricing	4	price	1395134921739	1395134921739	1395134922095	1395134922095	OK	 
ACTION	Pricing	10	price	1395134921777	1395134921778	1395134922130	1395134922130	OK	 
ACTION	Pricing	6	price	1395134921813	1395134921813	1395134922166	1395134922166	OK	 
ACTION	Pricing	7	price	1395134921847	1395134921848	1395134922208	1395134922209	OK	 
ACTION	Pricing	3	price	1395134921881	1395134921881	1395134922242	1395134922242	OK	 
ACTION	Pricing	2	price	1395134921918	1395134921918	1395134922272	1395134922272	OK	 
ACTION	Pricing	1	price	1395134921960	1395134921961	1395134922306	1395134922306	OK	 
ACTION	Pricing	9	price	1395134921993	1395134921994	1395134922339	1395134922339	OK	 
ACTION	Pricing	5	price	1395134922028	1395134922029	1395134922383	1395134922383	OK	 
ACTION	Pricing	8	price	1395134922065	1395134922065	1395134922419	1395134922419	OK	 
ACTION	Pricing	4	price	1395134922096	1395134922097	1395134922452	1395134922452	OK	 
ACTION	Pricing	10	price	1395134922132	1395134922132	1395134922488	1395134922488	OK	 
ACTION	Pricing	6	price	1395134922168	1395134922168	1395134922525	1395134922525	OK	 
ACTION	Pricing	7	price	1395134922210	1395134922210	1395134922560	1395134922560	OK	 
ACTION	Pricing	3	price	1395134922244	1395134922244	1395134922594	1395134922594	OK	 
ACTION	Pricing	2	price	1395134922274	1395134922275	1395134922636	1395134922636	OK	 
ACTION	Pricing	1	price	1395134922308	1395134922308	1395134922680	1395134922680	OK	 
ACTION	Pricing	9	price	1395134922340	1395134922340	1395134922721	1395134922722	OK	 
ACTION	Pricing	5	price	1395134922385	1395134922385	1395134922763	1395134922763	OK	 
ACTION	Pricing	8	price	1395134922420	1395134922421	1395134922805	1395134922805	OK	 
ACTION	Pricing	4	price	1395134922454	1395134922454	1395134922854	1395134922854	OK	 
ACTION	Pricing	10	price	1395134922489	1395134922490	1395134922889	1395134922890	OK	 
ACTION	Pricing	6	price	1395134922526	1395134922526	1395134922929	1395134922929	OK	 
ACTION	Pricing	7	price	1395134922562	1395134922562	1395134922961	1395134922961	OK	 
ACTION	Pricing	3	price	1395134922595	1395134922596	1395134923004	1395134923004	OK	 
ACTION	Pricing	2	price	1395134922639	1395134922640	1395134923050	1395134923050	OK	 
ACTION	Pricing	1	price	1395134922682	1395134922682	1395134923083	1395134923083	OK	 
ACTION	Pricing	9	price	1395134922723	1395134922724	1395134923122	1395134923122	OK	 
ACTION	Pricing	5	price	1395134922765	1395134922766	1395134923156	1395134923156	OK	 
ACTION	Pricing	8	price	1395134922807	1395134922807	1395134923196	1395134923196	OK	 
ACTION	Pricing	4	price	1395134922856	1395134922856	1395134923227	1395134923228	OK	 
ACTION	Pricing	10	price	1395134922892	1395134922892	1395134923265	1395134923266	OK	 
ACTION	Pricing	6	price	1395134922931	1395134922931	1395134923300	1395134923300	OK	 
ACTION	Pricing	7	price	1395134922963	1395134922963	1395134923361	1395134923362	OK	 
ACTION	Pricing	3	price	1395134923006	1395134923006	1395134923404	1395134923404	OK	 
SCENARIO	Pricing	3	END	1395134923405
ACTION	Pricing	2	price	1395134923052	1395134923052	1395134923440	1395134923440	OK	 
SCENARIO	Pricing	2	END	1395134923441
ACTION	Pricing	1	price	1395134923085	1395134923085	1395134923473	1395134923474	OK	 
SCENARIO	Pricing	1	END	1395134923475
ACTION	Pricing	9	price	1395134923124	1395134923125	1395134923505	1395134923505	OK	 
SCENARIO	Pricing	9	END	1395134923506
ACTION	Pricing	5	price	1395134923158	1395134923158	1395134923532	1395134923532	OK	 
SCENARIO	Pricing	5	END	1395134923533
ACTION	Pricing	8	price	1395134923197	1395134923198	1395134923559	1395134923559	OK	 
SCENARIO	Pricing	8	END	1395134923559
ACTION	Pricing	4	price	1395134923229	1395134923229	1395134923584	1395134923584	OK	 
SCENARIO	Pricing	4	END	1395134923585
ACTION	Pricing	10	price	1395134923268	1395134923268	1395134923612	1395134923612	OK	 
SCENARIO	Pricing	10	END	1395134923613
ACTION	Pricing	6	price	1395134923311	1395134923311	1395134923638	1395134923638	OK	 
SCENARIO	Pricing	6	END	1395134923639
ACTION	Pricing	7	price	1395134923363	1395134923364	1395134923666	1395134923666	OK	 
SCENARIO	Pricing	7	END	1395134923666
