Bringing machine 'gatling' up with 'virtualbox' provider...
Bringing machine 'server' up with 'virtualbox' provider...
==> gatling: Clearing any previously set forwarded ports...
==> gatling: Clearing any previously set network interfaces...
==> gatling: Preparing network interfaces based on configuration...
    gatling: Adapter 1: nat
    gatling: Adapter 2: hostonly
==> gatling: Forwarding ports...
    gatling: 22 => 2222 (adapter 1)
    gatling: 22 => 1234 (adapter 1)
==> gatling: Running 'pre-boot' VM customizations...
==> gatling: Booting VM...
==> gatling: Waiting for machine to boot. This may take a few minutes...
    gatling: SSH address: 127.0.0.1:1234
    gatling: SSH username: vagrant
    gatling: SSH auth method: private key
==> gatling: Machine booted and ready!
==> gatling: Checking for guest additions in VM...
    gatling: The guest additions on this VM do not match the installed version of
    gatling: VirtualBox! In most cases this is fine, but in rare cases it can
    gatling: prevent things such as shared folders from working properly. If you see
    gatling: shared folder errors, please make sure the guest additions within the
    gatling: virtual machine match the version of VirtualBox you have installed on
    gatling: your host and reload your VM.
    gatling: 
    gatling: Guest Additions Version: 4.2.0
    gatling: VirtualBox Version: 4.3
==> gatling: Setting hostname...
==> gatling: Configuring and enabling network interfaces...
==> gatling: Mounting shared folders...
    gatling: /vagrant => /Users/Bastien/Projets/ParllelLab/Sources/parallel-lab/AutoEnv
==> gatling: VM already provisioned. Run `vagrant provision` or use `--provision` to force it
==> server: Clearing any previously set forwarded ports...
==> server: Fixed port collision for 22 => 2222. Now on port 2200.
==> server: Clearing any previously set network interfaces...
==> server: Preparing network interfaces based on configuration...
    server: Adapter 1: nat
    server: Adapter 2: hostonly
==> server: Forwarding ports...
    server: 22 => 2200 (adapter 1)
    server: 22 => 2345 (adapter 1)
==> server: Running 'pre-boot' VM customizations...
==> server: Booting VM...
==> server: Waiting for machine to boot. This may take a few minutes...
    server: SSH address: 127.0.0.1:2345
    server: SSH username: vagrant
    server: SSH auth method: private key
    server: Error: Connection timout. Retrying...
==> server: Machine booted and ready!
==> server: Checking for guest additions in VM...
    server: The guest additions on this VM do not match the installed version of
    server: VirtualBox! In most cases this is fine, but in rare cases it can
    server: prevent things such as shared folders from working properly. If you see
    server: shared folder errors, please make sure the guest additions within the
    server: virtual machine match the version of VirtualBox you have installed on
    server: your host and reload your VM.
    server: 
    server: Guest Additions Version: 4.2.0
    server: VirtualBox Version: 4.3
==> server: Setting hostname...
==> server: Configuring and enabling network interfaces...
==> server: Mounting shared folders...
    server: /vagrant => /Users/Bastien/Projets/ParllelLab/Sources/parallel-lab/AutoEnv
==> server: VM already provisioned. Run `vagrant provision` or use `--provision` to force it
==> server: Attempting graceful shutdown of VM...
Bringing machine 'server' up with 'virtualbox' provider...
==> server: Clearing any previously set forwarded ports...
==> server: Fixed port collision for 22 => 2222. Now on port 2200.
==> server: Clearing any previously set network interfaces...
==> server: Preparing network interfaces based on configuration...
    server: Adapter 1: nat
    server: Adapter 2: hostonly
==> server: Forwarding ports...
    server: 22 => 2200 (adapter 1)
    server: 22 => 2345 (adapter 1)
==> server: Running 'pre-boot' VM customizations...
==> server: Booting VM...
==> server: Waiting for machine to boot. This may take a few minutes...
    server: SSH address: 127.0.0.1:2345
    server: SSH username: vagrant
    server: SSH auth method: private key
    server: Error: Connection timout. Retrying...
==> server: Machine booted and ready!
==> server: Checking for guest additions in VM...
    server: The guest additions on this VM do not match the installed version of
    server: VirtualBox! In most cases this is fine, but in rare cases it can
    server: prevent things such as shared folders from working properly. If you see
    server: shared folder errors, please make sure the guest additions within the
    server: virtual machine match the version of VirtualBox you have installed on
    server: your host and reload your VM.
    server: 
    server: Guest Additions Version: 4.2.0
    server: VirtualBox Version: 4.3
==> server: Setting hostname...
==> server: Configuring and enabling network interfaces...
==> server: Mounting shared folders...
    server: /vagrant => /Users/Bastien/Projets/ParllelLab/Sources/parallel-lab/AutoEnv
==> server: VM already provisioned. Run `vagrant provision` or use `--provision` to force it
==> server: Attempting graceful shutdown of VM...
Bringing machine 'server' up with 'virtualbox' provider...
==> server: Clearing any previously set forwarded ports...
==> server: Fixed port collision for 22 => 2222. Now on port 2200.
==> server: Clearing any previously set network interfaces...
==> server: Preparing network interfaces based on configuration...
    server: Adapter 1: nat
    server: Adapter 2: hostonly
==> server: Forwarding ports...
    server: 22 => 2200 (adapter 1)
    server: 22 => 2345 (adapter 1)
==> server: Running 'pre-boot' VM customizations...
==> server: Booting VM...
==> server: Waiting for machine to boot. This may take a few minutes...
    server: SSH address: 127.0.0.1:2345
    server: SSH username: vagrant
    server: SSH auth method: private key
    server: Error: Connection timout. Retrying...
==> server: Machine booted and ready!
==> server: Checking for guest additions in VM...
    server: The guest additions on this VM do not match the installed version of
    server: VirtualBox! In most cases this is fine, but in rare cases it can
    server: prevent things such as shared folders from working properly. If you see
    server: shared folder errors, please make sure the guest additions within the
    server: virtual machine match the version of VirtualBox you have installed on
    server: your host and reload your VM.
    server: 
    server: Guest Additions Version: 4.2.0
    server: VirtualBox Version: 4.3
==> server: Setting hostname...
==> server: Configuring and enabling network interfaces...
==> server: Mounting shared folders...
    server: /vagrant => /Users/Bastien/Projets/ParllelLab/Sources/parallel-lab/AutoEnv
==> server: VM already provisioned. Run `vagrant provision` or use `--provision` to force it
==> server: Attempting graceful shutdown of VM...
Bringing machine 'server' up with 'virtualbox' provider...
==> server: Clearing any previously set forwarded ports...
==> server: Fixed port collision for 22 => 2222. Now on port 2200.
==> server: Clearing any previously set network interfaces...
==> server: Preparing network interfaces based on configuration...
    server: Adapter 1: nat
    server: Adapter 2: hostonly
==> server: Forwarding ports...
    server: 22 => 2200 (adapter 1)
    server: 22 => 2345 (adapter 1)
==> server: Running 'pre-boot' VM customizations...
==> server: Booting VM...
==> server: Waiting for machine to boot. This may take a few minutes...
    server: SSH address: 127.0.0.1:2345
    server: SSH username: vagrant
    server: SSH auth method: private key
    server: Error: Connection timout. Retrying...
==> server: Machine booted and ready!
==> server: Checking for guest additions in VM...
    server: The guest additions on this VM do not match the installed version of
    server: VirtualBox! In most cases this is fine, but in rare cases it can
    server: prevent things such as shared folders from working properly. If you see
    server: shared folder errors, please make sure the guest additions within the
    server: virtual machine match the version of VirtualBox you have installed on
    server: your host and reload your VM.
    server: 
    server: Guest Additions Version: 4.2.0
    server: VirtualBox Version: 4.3
==> server: Setting hostname...
==> server: Configuring and enabling network interfaces...
==> server: Mounting shared folders...
    server: /vagrant => /Users/Bastien/Projets/ParllelLab/Sources/parallel-lab/AutoEnv
==> server: VM already provisioned. Run `vagrant provision` or use `--provision` to force it
==> server: Attempting graceful shutdown of VM...
Bringing machine 'server' up with 'virtualbox' provider...
==> server: Clearing any previously set forwarded ports...
==> server: Fixed port collision for 22 => 2222. Now on port 2200.
==> server: Clearing any previously set network interfaces...
==> server: Preparing network interfaces based on configuration...
    server: Adapter 1: nat
    server: Adapter 2: hostonly
==> server: Forwarding ports...
    server: 22 => 2200 (adapter 1)
    server: 22 => 2345 (adapter 1)
==> server: Running 'pre-boot' VM customizations...
==> server: Booting VM...
==> server: Waiting for machine to boot. This may take a few minutes...
    server: SSH address: 127.0.0.1:2345
    server: SSH username: vagrant
    server: SSH auth method: private key
    server: Error: Connection timout. Retrying...
==> server: Machine booted and ready!
==> server: Checking for guest additions in VM...
    server: The guest additions on this VM do not match the installed version of
    server: VirtualBox! In most cases this is fine, but in rare cases it can
    server: prevent things such as shared folders from working properly. If you see
    server: shared folder errors, please make sure the guest additions within the
    server: virtual machine match the version of VirtualBox you have installed on
    server: your host and reload your VM.
    server: 
    server: Guest Additions Version: 4.2.0
    server: VirtualBox Version: 4.3
==> server: Setting hostname...
==> server: Configuring and enabling network interfaces...
==> server: Mounting shared folders...
    server: /vagrant => /Users/Bastien/Projets/ParllelLab/Sources/parallel-lab/AutoEnv
==> server: VM already provisioned. Run `vagrant provision` or use `--provision` to force it
==> server: Attempting graceful shutdown of VM...
Bringing machine 'server' up with 'virtualbox' provider...
==> server: Clearing any previously set forwarded ports...
==> server: Fixed port collision for 22 => 2222. Now on port 2200.
==> server: Clearing any previously set network interfaces...
==> server: Preparing network interfaces based on configuration...
    server: Adapter 1: nat
    server: Adapter 2: hostonly
==> server: Forwarding ports...
    server: 22 => 2200 (adapter 1)
    server: 22 => 2345 (adapter 1)
==> server: Running 'pre-boot' VM customizations...
==> server: Booting VM...
==> server: Waiting for machine to boot. This may take a few minutes...
    server: SSH address: 127.0.0.1:2345
    server: SSH username: vagrant
    server: SSH auth method: private key
    server: Error: Connection timout. Retrying...
==> server: Machine booted and ready!
==> server: Checking for guest additions in VM...
    server: The guest additions on this VM do not match the installed version of
    server: VirtualBox! In most cases this is fine, but in rare cases it can
    server: prevent things such as shared folders from working properly. If you see
    server: shared folder errors, please make sure the guest additions within the
    server: virtual machine match the version of VirtualBox you have installed on
    server: your host and reload your VM.
    server: 
    server: Guest Additions Version: 4.2.0
    server: VirtualBox Version: 4.3
==> server: Setting hostname...
==> server: Configuring and enabling network interfaces...
==> server: Mounting shared folders...
    server: /vagrant => /Users/Bastien/Projets/ParllelLab/Sources/parallel-lab/AutoEnv
==> server: VM already provisioned. Run `vagrant provision` or use `--provision` to force it
==> server: Attempting graceful shutdown of VM...
==> gatling: Attempting graceful shutdown of VM...
