RUN	20140318125541	pricingsimulation	pricingsimulation
SCENARIO	Pricing	55	START	1395147343788
SCENARIO	Pricing	82	START	1395147343792
SCENARIO	Pricing	92	START	1395147343793
SCENARIO	Pricing	91	START	1395147343793
SCENARIO	Pricing	3	START	1395147343793
SCENARIO	Pricing	8	START	1395147343793
SCENARIO	Pricing	39	START	1395147343793
SCENARIO	Pricing	2	START	1395147343793
SCENARIO	Pricing	94	START	1395147343793
SCENARIO	Pricing	40	START	1395147343793
SCENARIO	Pricing	6	START	1395147343793
SCENARIO	Pricing	26	START	1395147343793
SCENARIO	Pricing	22	START	1395147343793
SCENARIO	Pricing	52	START	1395147343793
SCENARIO	Pricing	12	START	1395147343793
SCENARIO	Pricing	96	START	1395147343793
SCENARIO	Pricing	59	START	1395147343793
SCENARIO	Pricing	84	START	1395147343793
SCENARIO	Pricing	33	START	1395147343793
SCENARIO	Pricing	4	START	1395147343793
SCENARIO	Pricing	16	START	1395147343793
SCENARIO	Pricing	95	START	1395147343793
SCENARIO	Pricing	56	START	1395147343793
SCENARIO	Pricing	20	START	1395147343793
SCENARIO	Pricing	31	START	1395147343793
SCENARIO	Pricing	60	START	1395147343793
SCENARIO	Pricing	78	START	1395147343793
SCENARIO	Pricing	29	START	1395147343793
SCENARIO	Pricing	44	START	1395147343793
SCENARIO	Pricing	14	START	1395147343793
SCENARIO	Pricing	70	START	1395147343794
SCENARIO	Pricing	68	START	1395147343794
SCENARIO	Pricing	75	START	1395147343794
SCENARIO	Pricing	17	START	1395147343794
SCENARIO	Pricing	53	START	1395147343794
SCENARIO	Pricing	28	START	1395147343794
SCENARIO	Pricing	42	START	1395147343794
SCENARIO	Pricing	11	START	1395147343794
SCENARIO	Pricing	61	START	1395147343794
SCENARIO	Pricing	83	START	1395147343794
SCENARIO	Pricing	62	START	1395147343794
SCENARIO	Pricing	76	START	1395147343794
SCENARIO	Pricing	23	START	1395147343794
SCENARIO	Pricing	5	START	1395147343794
SCENARIO	Pricing	37	START	1395147343794
SCENARIO	Pricing	24	START	1395147343794
SCENARIO	Pricing	97	START	1395147343794
SCENARIO	Pricing	66	START	1395147343794
SCENARIO	Pricing	81	START	1395147343794
SCENARIO	Pricing	35	START	1395147343794
SCENARIO	Pricing	36	START	1395147343794
SCENARIO	Pricing	21	START	1395147343794
SCENARIO	Pricing	18	START	1395147343794
SCENARIO	Pricing	9	START	1395147343794
SCENARIO	Pricing	54	START	1395147343794
SCENARIO	Pricing	45	START	1395147343794
SCENARIO	Pricing	30	START	1395147343794
SCENARIO	Pricing	49	START	1395147343794
SCENARIO	Pricing	79	START	1395147343794
SCENARIO	Pricing	87	START	1395147343794
SCENARIO	Pricing	32	START	1395147343794
SCENARIO	Pricing	88	START	1395147343794
SCENARIO	Pricing	19	START	1395147343794
SCENARIO	Pricing	50	START	1395147343795
SCENARIO	Pricing	86	START	1395147343795
SCENARIO	Pricing	38	START	1395147343795
SCENARIO	Pricing	85	START	1395147343795
SCENARIO	Pricing	48	START	1395147343795
SCENARIO	Pricing	10	START	1395147343796
SCENARIO	Pricing	63	START	1395147343797
SCENARIO	Pricing	43	START	1395147343801
SCENARIO	Pricing	7	START	1395147343801
SCENARIO	Pricing	58	START	1395147343801
SCENARIO	Pricing	65	START	1395147343801
SCENARIO	Pricing	77	START	1395147343801
SCENARIO	Pricing	93	START	1395147343801
SCENARIO	Pricing	46	START	1395147343801
SCENARIO	Pricing	80	START	1395147343801
SCENARIO	Pricing	73	START	1395147343801
SCENARIO	Pricing	98	START	1395147343801
SCENARIO	Pricing	90	START	1395147343801
SCENARIO	Pricing	69	START	1395147343801
SCENARIO	Pricing	71	START	1395147343801
SCENARIO	Pricing	47	START	1395147343801
SCENARIO	Pricing	13	START	1395147343801
SCENARIO	Pricing	100	START	1395147343801
SCENARIO	Pricing	74	START	1395147343801
SCENARIO	Pricing	27	START	1395147343801
SCENARIO	Pricing	67	START	1395147343801
SCENARIO	Pricing	64	START	1395147343801
SCENARIO	Pricing	15	START	1395147343801
SCENARIO	Pricing	51	START	1395147343801
SCENARIO	Pricing	72	START	1395147343801
SCENARIO	Pricing	25	START	1395147343801
SCENARIO	Pricing	1	START	1395147343801
SCENARIO	Pricing	89	START	1395147343802
SCENARIO	Pricing	99	START	1395147343802
SCENARIO	Pricing	34	START	1395147343802
SCENARIO	Pricing	57	START	1395147343802
SCENARIO	Pricing	41	START	1395147343802
ACTION	Pricing	20	price	1395147343929	1395147343942	1395147363897	1395147364104	OK	 
ACTION	Pricing	30	price	1395147343995	1395147343997	1395147364098	1395147364101	OK	 
ACTION	Pricing	18	price	1395147343991	1395147343992	1395147364120	1395147364124	OK	 
ACTION	Pricing	53	price	1395147343952	1395147343957	1395147364098	1395147364101	OK	 
ACTION	Pricing	56	price	1395147343927	1395147343939	1395147364114	1395147364115	OK	 
ACTION	Pricing	50	price	1395147344003	1395147344007	1395147364123	1395147364127	OK	 
ACTION	Pricing	11	price	1395147343955	1395147343962	1395147364136	1395147364136	OK	 
ACTION	Pricing	78	price	1395147343933	1395147343941	1395147364136	1395147364137	OK	 
ACTION	Pricing	29	price	1395147343933	1395147343942	1395147363895	1395147364101	OK	 
ACTION	Pricing	33	price	1395147343917	1395147343925	1395147364153	1395147364154	OK	 
ACTION	Pricing	95	price	1395147343919	1395147343940	1395147364160	1395147364161	OK	 
ACTION	Pricing	59	price	1395147343915	1395147343941	1395147364163	1395147364163	OK	 
ACTION	Pricing	46	price	1395147344021	1395147344022	1395147364175	1395147364175	OK	 
ACTION	Pricing	16	price	1395147343918	1395147343942	1395147364179	1395147364180	OK	 
ACTION	Pricing	75	price	1395147343948	1395147343960	1395147364180	1395147364181	OK	 
ACTION	Pricing	6	price	1395147343877	1395147343921	1395147364186	1395147364186	OK	 
ACTION	Pricing	79	price	1395147343998	1395147344009	1395147364189	1395147364189	OK	 
ACTION	Pricing	100	price	1395147344033	1395147344047	1395147364206	1395147364206	OK	 
ACTION	Pricing	92	price	1395147343874	1395147343888	1395147364210	1395147364210	OK	 
ACTION	Pricing	83	price	1395147343966	1395147343968	1395147364221	1395147364221	OK	 
ACTION	Pricing	64	price	1395147344036	1395147344051	1395147363892	1395147364226	OK	 
ACTION	Pricing	26	price	1395147343882	1395147343926	1395147364092	1395147364226	OK	 
ACTION	Pricing	45	price	1395147343994	1395147343995	1395147364085	1395147364226	OK	 
ACTION	Pricing	37	price	1395147343975	1395147343977	1395147364229	1395147364229	OK	 
ACTION	Pricing	58	price	1395147344016	1395147344017	1395147364084	1395147364230	OK	 
ACTION	Pricing	31	price	1395147343930	1395147343942	1395147364230	1395147364230	OK	 
ACTION	Pricing	67	price	1395147344035	1395147344046	1395147364038	1395147364231	OK	 
ACTION	Pricing	17	price	1395147343951	1395147343963	1395147364050	1395147364232	OK	 
ACTION	Pricing	9	price	1395147343992	1395147343993	1395147364030	1395147364232	OK	 
ACTION	Pricing	97	price	1395147343981	1395147343984	1395147364042	1395147364234	OK	 
ACTION	Pricing	63	price	1395147344013	1395147344014	1395147364068	1395147364233	OK	 
ACTION	Pricing	81	price	1395147343984	1395147343985	1395147364237	1395147364237	OK	 
ACTION	Pricing	80	price	1395147344022	1395147344023	1395147364234	1395147364234	OK	 
ACTION	Pricing	43	price	1395147344014	1395147344015	1395147364009	1395147364234	OK	 
ACTION	Pricing	62	price	1395147343968	1395147343970	1395147364237	1395147364237	OK	 
ACTION	Pricing	10	price	1395147344011	1395147344012	1395147364238	1395147364238	OK	 
ACTION	Pricing	51	price	1395147344038	1395147344052	1395147364239	1395147364239	OK	 
ACTION	Pricing	73	price	1395147344023	1395147344025	1395147364235	1395147364235	OK	 
ACTION	Pricing	68	price	1395147343947	1395147343950	1395147364084	1395147364240	OK	 
ACTION	Pricing	87	price	1395147344000	1395147344010	1395147364029	1395147364240	OK	 
ACTION	Pricing	66	price	1395147343982	1395147343985	1395147363923	1395147364240	OK	 
ACTION	Pricing	48	price	1395147344007	1395147344011	1395147364241	1395147364241	OK	 
ACTION	Pricing	19	price	1395147344002	1395147344008	1395147364235	1395147364235	OK	 
ACTION	Pricing	35	price	1395147343984	1395147343986	1395147364241	1395147364241	OK	 
ACTION	Pricing	70	price	1395147343946	1395147343950	1395147364047	1395147364236	OK	 
ACTION	Pricing	40	price	1395147343874	1395147343926	1395147364242	1395147364242	OK	 
ACTION	Pricing	82	price	1395147343872	1395147343888	1395147363990	1395147364243	OK	 
ACTION	Pricing	14	price	1395147343939	1395147343950	1395147363910	1395147364243	OK	 
ACTION	Pricing	96	price	1395147343914	1395147343937	1395147364242	1395147364242	OK	 
ACTION	Pricing	5	price	1395147343972	1395147343974	1395147364243	1395147364243	OK	 
ACTION	Pricing	25	price	1395147344040	1395147344053	1395147363956	1395147364243	OK	 
ACTION	Pricing	98	price	1395147344025	1395147344029	1395147364243	1395147364243	OK	 
ACTION	Pricing	76	price	1395147343972	1395147343973	1395147363894	1395147364243	OK	 
ACTION	Pricing	84	price	1395147343917	1395147343940	1395147363903	1395147364244	OK	 
ACTION	Pricing	15	price	1395147344037	1395147344051	1395147364250	1395147364250	OK	 
ACTION	Pricing	74	price	1395147344034	1395147344047	1395147364251	1395147364251	OK	 
ACTION	Pricing	57	price	1395147344043	1395147344052	1395147363894	1395147364251	OK	 
ACTION	Pricing	52	price	1395147343891	1395147343937	1395147364262	1395147364262	OK	 
ACTION	Pricing	49	price	1395147343997	1395147343998	1395147364263	1395147364264	OK	 
ACTION	Pricing	4	price	1395147343918	1395147343942	1395147363991	1395147364242	OK	 
ACTION	Pricing	24	price	1395147343977	1395147343983	1395147363895	1395147364266	OK	 
ACTION	Pricing	41	price	1395147344046	1395147344052	1395147364024	1395147364242	OK	 
ACTION	Pricing	13	price	1395147344031	1395147344032	1395147364267	1395147364267	OK	 
ACTION	Pricing	86	price	1395147344004	1395147344009	1395147363890	1395147364267	OK	 
ACTION	Pricing	99	price	1395147344042	1395147344053	1395147364268	1395147364268	OK	 
ACTION	Pricing	22	price	1395147343889	1395147343937	1395147364268	1395147364268	OK	 
ACTION	Pricing	61	price	1395147343955	1395147343965	1395147364269	1395147364270	OK	 
ACTION	Pricing	12	price	1395147343913	1395147343924	1395147364270	1395147364270	OK	 
ACTION	Pricing	1	price	1395147344040	1395147344048	1395147363986	1395147364270	OK	 
ACTION	Pricing	54	price	1395147343993	1395147343995	1395147363930	1395147364270	OK	 
ACTION	Pricing	23	price	1395147343970	1395147343972	1395147363960	1395147364271	OK	 
ACTION	Pricing	72	price	1395147344039	1395147344049	1395147364272	1395147364272	OK	 
ACTION	Pricing	21	price	1395147343990	1395147343991	1395147364244	1395147364277	OK	 
ACTION	Pricing	28	price	1395147343953	1395147343960	1395147364284	1395147364284	OK	 
ACTION	Pricing	27	price	1395147344035	1395147344036	1395147363896	1395147364284	OK	 
ACTION	Pricing	93	price	1395147344020	1395147344021	1395147364285	1395147364285	OK	 
ACTION	Pricing	7	price	1395147344015	1395147344016	1395147364285	1395147364285	OK	 
ACTION	Pricing	89	price	1395147344041	1395147344053	1395147364218	1395147364286	OK	 
ACTION	Pricing	42	price	1395147343954	1395147343961	1395147364296	1395147364297	OK	 
ACTION	Pricing	60	price	1395147343933	1395147343941	1395147364304	1395147364304	OK	 
ACTION	Pricing	32	price	1395147344000	1395147344007	1395147364305	1395147364305	OK	 
ACTION	Pricing	3	price	1395147343874	1395147343913	1395147364315	1395147364315	OK	 
ACTION	Pricing	8	price	1395147343873	1395147343913	1395147364320	1395147364321	OK	 
ACTION	Pricing	44	price	1395147343935	1395147343943	1395147364325	1395147364325	OK	 
ACTION	Pricing	94	price	1395147343874	1395147343926	1395147364335	1395147364335	OK	 
ACTION	Pricing	2	price	1395147343873	1395147343914	1395147364341	1395147364341	OK	 
ACTION	Pricing	90	price	1395147344026	1395147344028	1395147364342	1395147364342	OK	 
ACTION	Pricing	69	price	1395147344027	1395147344029	1395147364342	1395147364343	OK	 
ACTION	Pricing	71	price	1395147344028	1395147344031	1395147364339	1395147364344	OK	 
ACTION	Pricing	38	price	1395147344007	1395147344008	1395147364350	1395147364350	OK	 
ACTION	Pricing	36	price	1395147343989	1395147343990	1395147364348	1395147364351	OK	 
ACTION	Pricing	39	price	1395147343873	1395147343912	1395147364352	1395147364352	OK	 
ACTION	Pricing	77	price	1395147344018	1395147344020	1395147364355	1395147364355	OK	 
ACTION	Pricing	91	price	1395147343874	1395147343888	1395147364361	1395147364361	OK	 
ACTION	Pricing	34	price	1395147344042	1395147344051	1395147364363	1395147364363	OK	 
ACTION	Pricing	55	price	1395147343874	1395147343887	1395147364367	1395147364367	OK	 
ACTION	Pricing	65	price	1395147344017	1395147344018	1395147364279	1395147364368	OK	 
ACTION	Pricing	85	price	1395147344007	1395147344008	1395147364222	1395147364363	OK	 
ACTION	Pricing	47	price	1395147344029	1395147344031	1395147364489	1395147364489	OK	 
ACTION	Pricing	88	price	1395147344001	1395147344008	1395147364584	1395147364584	OK	 
ACTION	Pricing	68	price	1395147364310	1395147364311	1395147364714	1395147364714	OK	 
ACTION	Pricing	5	price	1395147364331	1395147364331	1395147365599	1395147365600	OK	 
ACTION	Pricing	29	price	1395147364194	1395147364196	1395147365638	1395147365638	OK	 
ACTION	Pricing	6	price	1395147364208	1395147364215	1395147365666	1395147365666	OK	 
ACTION	Pricing	96	price	1395147364329	1395147364330	1395147365680	1395147365680	OK	 
ACTION	Pricing	64	price	1395147364265	1395147364272	1395147365684	1395147365684	OK	 
ACTION	Pricing	66	price	1395147364313	1395147364314	1395147365774	1395147365775	OK	 
ACTION	Pricing	89	price	1395147364410	1395147364411	1395147365814	1395147365814	OK	 
ACTION	Pricing	39	price	1395147364430	1395147364431	1395147365818	1395147365818	OK	 
ACTION	Pricing	47	price	1395147364492	1395147364493	1395147365824	1395147365824	OK	 
ACTION	Pricing	24	price	1395147364361	1395147364362	1395147365868	1395147365869	OK	 
ACTION	Pricing	72	price	1395147364395	1395147364396	1395147365884	1395147365885	OK	 
ACTION	Pricing	9	price	1395147364288	1395147364299	1395147365889	1395147365889	OK	 
ACTION	Pricing	55	price	1395147364435	1395147364435	1395147365898	1395147365898	OK	 
ACTION	Pricing	15	price	1395147364337	1395147364338	1395147365916	1395147365916	OK	 
ACTION	Pricing	60	price	1395147364413	1395147364414	1395147365926	1395147365926	OK	 
ACTION	Pricing	84	price	1395147364336	1395147364336	1395147365834	1395147365932	OK	 
ACTION	Pricing	85	price	1395147364437	1395147364438	1395147365932	1395147365932	OK	 
ACTION	Pricing	82	price	1395147364327	1395147364327	1395147365707	1395147365932	OK	 
ACTION	Pricing	62	price	1395147364300	1395147364301	1395147365943	1395147365944	OK	 
ACTION	Pricing	34	price	1395147364434	1395147364434	1395147365945	1395147365945	OK	 
ACTION	Pricing	25	price	1395147364332	1395147364333	1395147365948	1395147365948	OK	 
ACTION	Pricing	23	price	1395147364391	1395147364393	1395147365966	1395147365966	OK	 
ACTION	Pricing	57	price	1395147364340	1395147364344	1395147365965	1395147365966	OK	 
ACTION	Pricing	21	price	1395147364398	1395147364399	1395147365968	1395147365969	OK	 
ACTION	Pricing	48	price	1395147364315	1395147364316	1395147365970	1395147365970	OK	 
ACTION	Pricing	69	price	1395147364425	1395147364426	1395147365972	1395147365973	OK	 
ACTION	Pricing	19	price	1395147364317	1395147364317	1395147365985	1395147365985	OK	 
ACTION	Pricing	71	price	1395147364426	1395147364427	1395147365974	1395147365991	OK	 
ACTION	Pricing	13	price	1395147364372	1395147364373	1395147365996	1395147365996	OK	 
ACTION	Pricing	32	price	1395147364415	1395147364416	1395147365995	1395147365996	OK	 
ACTION	Pricing	95	price	1395147364198	1395147364199	1395147365996	1395147365998	OK	 
ACTION	Pricing	7	price	1395147364407	1395147364409	1395147366001	1395147366001	OK	 
ACTION	Pricing	27	price	1395147364402	1395147364404	1395147366009	1395147366010	OK	 
ACTION	Pricing	28	price	1395147364400	1395147364401	1395147366011	1395147366012	OK	 
ACTION	Pricing	41	price	1395147364366	1395147364370	1395147366030	1395147366030	OK	 
ACTION	Pricing	61	price	1395147364381	1395147364382	1395147366034	1395147366034	OK	 
ACTION	Pricing	52	price	1395147364346	1395147364349	1395147366037	1395147366037	OK	 
ACTION	Pricing	18	price	1395147364177	1395147364182	1395147366037	1395147366037	OK	 
ACTION	Pricing	73	price	1395147364309	1395147364309	1395147366041	1395147366041	OK	 
ACTION	Pricing	56	price	1395147364174	1395147364176	1395147366041	1395147366041	OK	 
ACTION	Pricing	50	price	1395147364183	1395147364185	1395147366045	1395147366046	OK	 
ACTION	Pricing	35	price	1395147364318	1395147364318	1395147366057	1395147366058	OK	 
ACTION	Pricing	81	price	1395147364293	1395147364295	1395147366050	1395147366061	OK	 
ACTION	Pricing	90	price	1395147364424	1395147364425	1395147366069	1395147366069	OK	 
ACTION	Pricing	31	price	1395147364286	1395147364295	1395147366096	1395147366096	OK	 
ACTION	Pricing	70	price	1395147364322	1395147364322	1395147366097	1395147366098	OK	 
ACTION	Pricing	51	price	1395147364307	1395147364307	1395147366103	1395147366103	OK	 
ACTION	Pricing	4	price	1395147364349	1395147364356	1395147366106	1395147366106	OK	 
ACTION	Pricing	49	price	1395147364349	1395147364349	1395147366107	1395147366107	OK	 
ACTION	Pricing	30	price	1395147364170	1395147364172	1395147366103	1395147366111	OK	 
ACTION	Pricing	17	price	1395147364288	1395147364298	1395147366113	1395147366113	OK	 
ACTION	Pricing	33	price	1395147364196	1395147364198	1395147366116	1395147366116	OK	 
ACTION	Pricing	74	price	1395147364340	1395147364340	1395147366118	1395147366119	OK	 
ACTION	Pricing	76	price	1395147364334	1395147364336	1395147366144	1395147366145	OK	 
ACTION	Pricing	38	price	1395147364427	1395147364428	1395147366145	1395147366146	OK	 
ACTION	Pricing	53	price	1395147364164	1395147364169	1395147366149	1395147366149	OK	 
ACTION	Pricing	40	price	1395147364324	1395147364325	1395147366160	1395147366160	OK	 
ACTION	Pricing	75	price	1395147364205	1395147364209	1395147366165	1395147366166	OK	 
ACTION	Pricing	63	price	1395147364292	1395147364299	1395147366180	1395147366181	OK	 
ACTION	Pricing	77	price	1395147364431	1395147364432	1395147366185	1395147366186	OK	 
ACTION	Pricing	99	price	1395147364376	1395147364378	1395147366187	1395147366187	OK	 
ACTION	Pricing	2	price	1395147364423	1395147364423	1395147366185	1395147366186	OK	 
ACTION	Pricing	42	price	1395147364412	1395147364413	1395147366192	1395147366193	OK	 
ACTION	Pricing	10	price	1395147364303	1395147364303	1395147366200	1395147366200	OK	 
ACTION	Pricing	22	price	1395147364379	1395147364380	1395147366220	1395147366220	OK	 
ACTION	Pricing	37	price	1395147364277	1395147364280	1395147366224	1395147366225	OK	 
ACTION	Pricing	68	price	1395147364716	1395147364717	1395147366220	1395147366220	OK	 
ACTION	Pricing	88	price	1395147364586	1395147364587	1395147366233	1395147366233	OK	 
ACTION	Pricing	93	price	1395147364405	1395147364407	1395147366233	1395147366233	OK	 
ACTION	Pricing	3	price	1395147364417	1395147364417	1395147366257	1395147366257	OK	 
ACTION	Pricing	46	price	1395147364201	1395147364202	1395147366292	1395147366292	OK	 
ACTION	Pricing	1	price	1395147364384	1395147364387	1395147366315	1395147366315	OK	 
ACTION	Pricing	20	price	1395147364172	1395147364173	1395147366328	1395147366328	OK	 
ACTION	Pricing	44	price	1395147364420	1395147364420	1395147366337	1395147366338	OK	 
ACTION	Pricing	80	price	1395147364293	1395147364299	1395147366341	1395147366341	OK	 
ACTION	Pricing	16	price	1395147364203	1395147364204	1395147366365	1395147366365	OK	 
ACTION	Pricing	45	price	1395147364275	1395147364286	1395147366373	1395147366373	OK	 
ACTION	Pricing	78	price	1395147364192	1395147364193	1395147366377	1395147366377	OK	 
ACTION	Pricing	12	price	1395147364382	1395147364384	1395147366223	1395147366389	OK	 
ACTION	Pricing	92	price	1395147364223	1395147364225	1395147366388	1395147366389	OK	 
ACTION	Pricing	98	price	1395147364333	1395147364334	1395147366404	1395147366405	OK	 
ACTION	Pricing	8	price	1395147364418	1395147364419	1395147366420	1395147366421	OK	 
ACTION	Pricing	79	price	1395147364216	1395147364219	1395147366453	1395147366454	OK	 
ACTION	Pricing	83	price	1395147364227	1395147364285	1395147366466	1395147366466	OK	 
ACTION	Pricing	87	price	1395147364312	1395147364312	1395147366493	1395147366494	OK	 
ACTION	Pricing	54	price	1395147364388	1395147364393	1395147366496	1395147366497	OK	 
ACTION	Pricing	43	price	1395147364297	1395147364298	1395147366523	1395147366523	OK	 
ACTION	Pricing	59	price	1395147364200	1395147364201	1395147366523	1395147366523	OK	 
ACTION	Pricing	14	price	1395147364328	1395147364328	1395147366526	1395147366526	OK	 
ACTION	Pricing	26	price	1395147364274	1395147364286	1395147366526	1395147366526	OK	 
ACTION	Pricing	94	price	1395147364421	1395147364422	1395147366526	1395147366526	OK	 
ACTION	Pricing	91	price	1395147364432	1395147364433	1395147366551	1395147366551	OK	 
ACTION	Pricing	86	price	1395147364376	1395147364376	1395147366601	1395147366601	OK	 
ACTION	Pricing	67	price	1395147364287	1395147364295	1395147366610	1395147366610	OK	 
ACTION	Pricing	58	price	1395147364281	1395147364282	1395147366689	1395147366689	OK	 
ACTION	Pricing	11	price	1395147364185	1395147364189	1395147366724	1395147366724	OK	 
ACTION	Pricing	36	price	1395147364429	1395147364430	1395147366635	1395147366744	OK	 
ACTION	Pricing	100	price	1395147364218	1395147364222	1395147366785	1395147366786	OK	 
ACTION	Pricing	97	price	1395147364301	1395147364301	1395147366870	1395147366870	OK	 
ACTION	Pricing	65	price	1395147364436	1395147364437	1395147366910	1395147366910	OK	 
ACTION	Pricing	21	price	1395147365971	1395147365971	1395147367165	1395147367165	OK	 
ACTION	Pricing	6	price	1395147365668	1395147365670	1395147367195	1395147367195	OK	 
ACTION	Pricing	15	price	1395147365918	1395147365919	1395147367210	1395147367210	OK	 
ACTION	Pricing	79	price	1395147366455	1395147366456	1395147367228	1395147367229	OK	 
ACTION	Pricing	39	price	1395147365820	1395147365820	1395147367267	1395147367267	OK	 
ACTION	Pricing	15	price	1395147367211	1395147367212	1395147367269	1395147367270	OK	 
ACTION	Pricing	60	price	1395147365928	1395147365929	1395147367327	1395147367327	OK	 
ACTION	Pricing	96	price	1395147365682	1395147365682	1395147367328	1395147367328	OK	 
ACTION	Pricing	48	price	1395147365973	1395147365973	1395147367342	1395147367342	OK	 
ACTION	Pricing	7	price	1395147366004	1395147366005	1395147367351	1395147367351	OK	 
ACTION	Pricing	25	price	1395147365950	1395147365951	1395147367355	1395147367355	OK	 
ACTION	Pricing	5	price	1395147365601	1395147365602	1395147367371	1395147367371	OK	 
ACTION	Pricing	69	price	1395147365975	1395147365976	1395147367373	1395147367374	OK	 
ACTION	Pricing	71	price	1395147365992	1395147365993	1395147367377	1395147367377	OK	 
ACTION	Pricing	27	price	1395147366012	1395147366014	1395147367378	1395147367379	OK	 
ACTION	Pricing	35	price	1395147366059	1395147366059	1395147367371	1395147367371	OK	 
ACTION	Pricing	84	price	1395147365935	1395147365936	1395147367384	1395147367384	OK	 
ACTION	Pricing	82	price	1395147365936	1395147365937	1395147367392	1395147367392	OK	 
ACTION	Pricing	40	price	1395147366162	1395147366162	1395147367407	1395147367407	OK	 
ACTION	Pricing	55	price	1395147365900	1395147365901	1395147367408	1395147367409	OK	 
ACTION	Pricing	68	price	1395147366227	1395147366227	1395147367414	1395147367414	OK	 
ACTION	Pricing	56	price	1395147366044	1395147366045	1395147367414	1395147367414	OK	 
ACTION	Pricing	52	price	1395147366039	1395147366040	1395147367439	1395147367439	OK	 
ACTION	Pricing	41	price	1395147366032	1395147366032	1395147367459	1395147367459	OK	 
ACTION	Pricing	47	price	1395147365825	1395147365826	1395147367465	1395147367465	OK	 
ACTION	Pricing	22	price	1395147366223	1395147366224	1395147367490	1395147367491	OK	 
ACTION	Pricing	50	price	1395147366047	1395147366048	1395147367490	1395147367491	OK	 
ACTION	Pricing	95	price	1395147366003	1395147366004	1395147367498	1395147367498	OK	 
ACTION	Pricing	63	price	1395147366182	1395147366183	1395147367505	1395147367505	OK	 
ACTION	Pricing	19	price	1395147365987	1395147365987	1395147367507	1395147367507	OK	 
ACTION	Pricing	23	price	1395147365969	1395147365971	1395147367510	1395147367511	OK	 
ACTION	Pricing	75	price	1395147366167	1395147366168	1395147367411	1395147367516	OK	 
ACTION	Pricing	72	price	1395147365886	1395147365887	1395147367521	1395147367521	OK	 
ACTION	Pricing	85	price	1395147365934	1395147365935	1395147367523	1395147367523	OK	 
ACTION	Pricing	74	price	1395147366121	1395147366122	1395147367524	1395147367524	OK	 
ACTION	Pricing	46	price	1395147366293	1395147366294	1395147367536	1395147367537	OK	 
ACTION	Pricing	76	price	1395147366146	1395147366148	1395147367543	1395147367543	OK	 
ACTION	Pricing	9	price	1395147365891	1395147365892	1395147367544	1395147367544	OK	 
ACTION	Pricing	51	price	1395147366110	1395147366110	1395147367549	1395147367549	OK	 
ACTION	Pricing	17	price	1395147366119	1395147366119	1395147367547	1395147367552	OK	 
ACTION	Pricing	30	price	1395147366117	1395147366118	1395147367554	1395147367554	OK	 
ACTION	Pricing	45	price	1395147366375	1395147366375	1395147367555	1395147367555	OK	 
ACTION	Pricing	80	price	1395147366343	1395147366343	1395147367562	1395147367562	OK	 
ACTION	Pricing	29	price	1395147365640	1395147365640	1395147367576	1395147367576	OK	 
ACTION	Pricing	73	price	1395147366043	1395147366044	1395147367576	1395147367577	OK	 
ACTION	Pricing	24	price	1395147365871	1395147365872	1395147367579	1395147367580	OK	 
ACTION	Pricing	57	price	1395147365970	1395147365971	1395147367427	1395147367581	OK	 
ACTION	Pricing	31	price	1395147366099	1395147366102	1395147367588	1395147367589	OK	 
ACTION	Pricing	70	price	1395147366105	1395147366108	1395147367588	1395147367588	OK	 
ACTION	Pricing	53	price	1395147366151	1395147366151	1395147367589	1395147367589	OK	 
ACTION	Pricing	33	price	1395147366120	1395147366121	1395147367587	1395147367587	OK	 
ACTION	Pricing	49	price	1395147366115	1395147366116	1395147367592	1395147367593	OK	 
ACTION	Pricing	78	price	1395147366379	1395147366379	1395147367594	1395147367595	OK	 
ACTION	Pricing	8	price	1395147366422	1395147366423	1395147367597	1395147367597	OK	 
ACTION	Pricing	32	price	1395147366001	1395147366002	1395147367600	1395147367600	OK	 
ACTION	Pricing	37	price	1395147366226	1395147366227	1395147367603	1395147367603	OK	 
ACTION	Pricing	28	price	1395147366015	1395147366015	1395147367604	1395147367604	OK	 
ACTION	Pricing	12	price	1395147366391	1395147366391	1395147367602	1395147367607	OK	 
ACTION	Pricing	44	price	1395147366339	1395147366340	1395147367610	1395147367610	OK	 
ACTION	Pricing	89	price	1395147365816	1395147365817	1395147367612	1395147367612	OK	 
ACTION	Pricing	20	price	1395147366330	1395147366330	1395147367621	1395147367621	OK	 
ACTION	Pricing	38	price	1395147366147	1395147366148	1395147367641	1395147367641	OK	 
ACTION	Pricing	77	price	1395147366187	1395147366188	1395147367640	1395147367641	OK	 
ACTION	Pricing	16	price	1395147366367	1395147366369	1395147367650	1395147367650	OK	 
ACTION	Pricing	34	price	1395147365947	1395147365948	1395147367649	1395147367650	OK	 
ACTION	Pricing	81	price	1395147366063	1395147366063	1395147367656	1395147367657	OK	 
ACTION	Pricing	100	price	1395147366788	1395147366788	1395147367678	1395147367678	OK	 
ACTION	Pricing	87	price	1395147366495	1395147366496	1395147367709	1395147367709	OK	 
ACTION	Pricing	43	price	1395147366525	1395147366526	1395147367710	1395147367711	OK	 
ACTION	Pricing	10	price	1395147366202	1395147366202	1395147367717	1395147367717	OK	 
ACTION	Pricing	83	price	1395147366469	1395147366469	1395147367770	1395147367770	OK	 
ACTION	Pricing	62	price	1395147365946	1395147365947	1395147367773	1395147367773	OK	 
ACTION	Pricing	59	price	1395147366534	1395147366534	1395147367789	1395147367789	OK	 
ACTION	Pricing	67	price	1395147366611	1395147366612	1395147367798	1395147367798	OK	 
ACTION	Pricing	94	price	1395147366532	1395147366533	1395147367830	1395147367831	OK	 
ACTION	Pricing	11	price	1395147366725	1395147366726	1395147367834	1395147367834	OK	 
ACTION	Pricing	58	price	1395147366691	1395147366691	1395147367836	1395147367836	OK	 
ACTION	Pricing	65	price	1395147366912	1395147366912	1395147367843	1395147367843	OK	 
ACTION	Pricing	75	price	1395147367517	1395147367518	1395147367855	1395147367855	OK	 
ACTION	Pricing	60	price	1395147367329	1395147367330	1395147367857	1395147367857	OK	 
ACTION	Pricing	36	price	1395147366746	1395147366746	1395147367874	1395147367874	OK	 
ACTION	Pricing	96	price	1395147367331	1395147367331	1395147367879	1395147367880	OK	 
ACTION	Pricing	98	price	1395147366406	1395147366407	1395147367886	1395147367886	OK	 
ACTION	Pricing	6	price	1395147367198	1395147367198	1395147367890	1395147367891	OK	 
ACTION	Pricing	17	price	1395147367556	1395147367561	1395147367902	1395147367903	OK	 
ACTION	Pricing	13	price	1395147365999	1395147366000	1395147367912	1395147367913	OK	 
ACTION	Pricing	18	price	1395147366039	1395147366039	1395147367916	1395147367916	OK	 
ACTION	Pricing	2	price	1395147366190	1395147366190	1395147367916	1395147367917	OK	 
ACTION	Pricing	4	price	1395147366111	1395147366114	1395147367762	1395147367921	OK	 
ACTION	Pricing	92	price	1395147366391	1395147366392	1395147367921	1395147367922	OK	 
ACTION	Pricing	88	price	1395147366237	1395147366237	1395147367780	1395147367920	OK	 
ACTION	Pricing	14	price	1395147366530	1395147366530	1395147367922	1395147367922	OK	 
ACTION	Pricing	64	price	1395147365685	1395147365686	1395147367923	1395147367923	OK	 
ACTION	Pricing	85	price	1395147367525	1395147367525	1395147367924	1395147367924	OK	 
ACTION	Pricing	61	price	1395147366036	1395147366036	1395147367924	1395147367925	OK	 
ACTION	Pricing	91	price	1395147366553	1395147366554	1395147367927	1395147367928	OK	 
ACTION	Pricing	26	price	1395147366531	1395147366532	1395147367932	1395147367932	OK	 
ACTION	Pricing	93	price	1395147366235	1395147366235	1395147367932	1395147367932	OK	 
ACTION	Pricing	66	price	1395147365776	1395147365777	1395147367931	1395147367931	OK	 
ACTION	Pricing	1	price	1395147366317	1395147366318	1395147367934	1395147367934	OK	 
ACTION	Pricing	54	price	1395147366498	1395147366499	1395147367935	1395147367935	OK	 
ACTION	Pricing	42	price	1395147366194	1395147366195	1395147367919	1395147367936	OK	 
ACTION	Pricing	90	price	1395147366071	1395147366072	1395147367936	1395147367937	OK	 
ACTION	Pricing	86	price	1395147366603	1395147366603	1395147367938	1395147367939	OK	 
ACTION	Pricing	3	price	1395147366259	1395147366260	1395147367939	1395147367941	OK	 
ACTION	Pricing	99	price	1395147366189	1395147366189	1395147367942	1395147367942	OK	 
ACTION	Pricing	97	price	1395147366872	1395147366872	1395147368088	1395147368088	OK	 
ACTION	Pricing	15	price	1395147367271	1395147367272	1395147368115	1395147368115	OK	 
ACTION	Pricing	39	price	1395147367269	1395147367271	1395147368263	1395147368263	OK	 
ACTION	Pricing	95	price	1395147367499	1395147367500	1395147368292	1395147368293	OK	 
ACTION	Pricing	41	price	1395147367461	1395147367461	1395147368328	1395147368328	OK	 
ACTION	Pricing	89	price	1395147367614	1395147367614	1395147368331	1395147368331	OK	 
ACTION	Pricing	82	price	1395147367394	1395147367394	1395147368402	1395147368402	OK	 
ACTION	Pricing	5	price	1395147367373	1395147367374	1395147368458	1395147368458	OK	 
ACTION	Pricing	34	price	1395147367652	1395147367653	1395147368504	1395147368505	OK	 
ACTION	Pricing	29	price	1395147367580	1395147367581	1395147368701	1395147368701	OK	 
ACTION	Pricing	47	price	1395147367467	1395147367467	1395147368781	1395147368781	OK	 
ACTION	Pricing	48	price	1395147367343	1395147367344	1395147368782	1395147368783	OK	 
ACTION	Pricing	16	price	1395147367652	1395147367652	1395147368885	1395147368885	OK	 
ACTION	Pricing	84	price	1395147367386	1395147367388	1395147368899	1395147368899	OK	 
ACTION	Pricing	86	price	1395147367949	1395147367950	1395147369026	1395147369027	OK	 
ACTION	Pricing	97	price	1395147368089	1395147368090	1395147369047	1395147369047	OK	 
ACTION	Pricing	38	price	1395147367642	1395147367643	1395147369053	1395147369053	OK	 
ACTION	Pricing	76	price	1395147367546	1395147367548	1395147369060	1395147369061	OK	 
ACTION	Pricing	45	price	1395147367557	1395147367559	1395147369076	1395147369076	OK	 
ACTION	Pricing	3	price	1395147367950	1395147367951	1395147369082	1395147369083	OK	 
ACTION	Pricing	66	price	1395147367947	1395147367947	1395147369104	1395147369104	OK	 
ACTION	Pricing	9	price	1395147367546	1395147367552	1395147369105	1395147369106	OK	 
ACTION	Pricing	55	price	1395147367410	1395147367411	1395147369122	1395147369122	OK	 
ACTION	Pricing	80	price	1395147367564	1395147367564	1395147369124	1395147369124	OK	 
ACTION	Pricing	13	price	1395147367914	1395147367915	1395147369127	1395147369128	OK	 
ACTION	Pricing	11	price	1395147367835	1395147367836	1395147369063	1395147369128	OK	 
ACTION	Pricing	83	price	1395147367772	1395147367773	1395147369138	1395147369138	OK	 
ACTION	Pricing	27	price	1395147367382	1395147367383	1395147369139	1395147369139	OK	 
ACTION	Pricing	81	price	1395147367658	1395147367659	1395147369142	1395147369142	OK	 
ACTION	Pricing	36	price	1395147367876	1395147367876	1395147369008	1395147369152	OK	 
ACTION	Pricing	18	price	1395147367918	1395147367936	1395147369159	1395147369159	OK	 
ACTION	Pricing	51	price	1395147367551	1395147367552	1395147369167	1395147369167	OK	 
ACTION	Pricing	20	price	1395147367623	1395147367623	1395147369168	1395147369168	OK	 
ACTION	Pricing	99	price	1395147367950	1395147367951	1395147369170	1395147369170	OK	 
ACTION	Pricing	22	price	1395147367493	1395147367493	1395147369173	1395147369173	OK	 
ACTION	Pricing	62	price	1395147367774	1395147367775	1395147369183	1395147369183	OK	 
ACTION	Pricing	30	price	1395147367560	1395147367560	1395147369080	1395147369189	OK	 
ACTION	Pricing	96	price	1395147367881	1395147367881	1395147369209	1395147369209	OK	 
ACTION	Pricing	79	price	1395147367230	1395147367231	1395147369209	1395147369209	OK	 
ACTION	Pricing	94	price	1395147367832	1395147367833	1395147369104	1395147369229	OK	 
ACTION	Pricing	40	price	1395147367409	1395147367410	1395147369072	1395147369236	OK	 
ACTION	Pricing	60	price	1395147367858	1395147367859	1395147369242	1395147369243	OK	 
ACTION	Pricing	50	price	1395147367494	1395147367494	1395147369250	1395147369250	OK	 
ACTION	Pricing	58	price	1395147367838	1395147367838	1395147369250	1395147369252	OK	 
ACTION	Pricing	59	price	1395147367791	1395147367791	1395147369252	1395147369254	OK	 
ACTION	Pricing	74	price	1395147367526	1395147367526	1395147369250	1395147369251	OK	 
ACTION	Pricing	65	price	1395147367845	1395147367845	1395147369262	1395147369262	OK	 
ACTION	Pricing	69	price	1395147367376	1395147367384	1395147369271	1395147369271	OK	 
ACTION	Pricing	90	price	1395147367949	1395147367949	1395147369133	1395147369277	OK	 
ACTION	Pricing	87	price	1395147367711	1395147367712	1395147369277	1395147369277	OK	 
ACTION	Pricing	15	price	1395147368116	1395147368117	1395147369282	1395147369282	OK	 
ACTION	Pricing	23	price	1395147367512	1395147367513	1395147369290	1395147369291	OK	 
ACTION	Pricing	19	price	1395147367509	1395147367509	1395147369293	1395147369293	OK	 
ACTION	Pricing	17	price	1395147367904	1395147367904	1395147369295	1395147369295	OK	 
ACTION	Pricing	77	price	1395147367644	1395147367645	1395147369302	1395147369302	OK	 
ACTION	Pricing	98	price	1395147367889	1395147367890	1395147369325	1395147369325	OK	 
ACTION	Pricing	93	price	1395147367944	1395147367945	1395147369326	1395147369326	OK	 
ACTION	Pricing	33	price	1395147367594	1395147367596	1395147369331	1395147369331	OK	 
ACTION	Pricing	37	price	1395147367605	1395147367606	1395147369334	1395147369334	OK	 
ACTION	Pricing	28	price	1395147367607	1395147367607	1395147369343	1395147369343	OK	 
ACTION	Pricing	73	price	1395147367578	1395147367581	1395147369364	1395147369364	OK	 
ACTION	Pricing	6	price	1395147367892	1395147367892	1395147369369	1395147369369	OK	 
ACTION	Pricing	7	price	1395147367352	1395147367353	1395147369390	1395147369390	OK	 
ACTION	Pricing	75	price	1395147367857	1395147367858	1395147369393	1395147369393	OK	 
ACTION	Pricing	95	price	1395147368295	1395147368295	1395147369403	1395147369403	OK	 
ACTION	Pricing	92	price	1395147367929	1395147367934	1395147369415	1395147369417	OK	 
ACTION	Pricing	21	price	1395147367167	1395147367168	1395147369417	1395147369417	OK	 
ACTION	Pricing	42	price	1395147367948	1395147367948	1395147369423	1395147369423	OK	 
ACTION	Pricing	24	price	1395147367581	1395147367582	1395147369437	1395147369437	OK	 
ACTION	Pricing	31	price	1395147367591	1395147367591	1395147369447	1395147369447	OK	 
ACTION	Pricing	4	price	1395147367929	1395147367929	1395147369449	1395147369450	OK	 
ACTION	Pricing	32	price	1395147367602	1395147367602	1395147369324	1395147369456	OK	 
ACTION	Pricing	57	price	1395147367582	1395147367583	1395147369456	1395147369456	OK	 
ACTION	Pricing	35	price	1395147367388	1395147367389	1395147369468	1395147369468	OK	 
ACTION	Pricing	88	price	1395147367929	1395147367931	1395147369478	1395147369478	OK	 
ACTION	Pricing	71	price	1395147367381	1395147367383	1395147369486	1395147369486	OK	 
ACTION	Pricing	68	price	1395147367417	1395147367418	1395147369489	1395147369489	OK	 
ACTION	Pricing	61	price	1395147367941	1395147367941	1395147369499	1395147369499	OK	 
ACTION	Pricing	85	price	1395147367940	1395147367941	1395147369525	1395147369525	OK	 
ACTION	Pricing	70	price	1395147367592	1395147367595	1395147369468	1395147369533	OK	 
ACTION	Pricing	2	price	1395147367926	1395147367927	1395147369542	1395147369542	OK	 
ACTION	Pricing	67	price	1395147367800	1395147367801	1395147369550	1395147369550	OK	 
ACTION	Pricing	25	price	1395147367357	1395147367357	1395147369559	1395147369559	OK	 
ACTION	Pricing	43	price	1395147367712	1395147367713	1395147369563	1395147369564	OK	 
ACTION	Pricing	52	price	1395147367441	1395147367441	1395147369571	1395147369571	OK	 
ACTION	Pricing	54	price	1395147367947	1395147367948	1395147369574	1395147369575	OK	 
ACTION	Pricing	72	price	1395147367523	1395147367524	1395147369601	1395147369602	OK	 
ACTION	Pricing	5	price	1395147368459	1395147368460	1395147369606	1395147369606	OK	 
ACTION	Pricing	44	price	1395147367611	1395147367612	1395147369607	1395147369607	OK	 
ACTION	Pricing	8	price	1395147367600	1395147367600	1395147369609	1395147369610	OK	 
ACTION	Pricing	82	price	1395147368404	1395147368404	1395147369603	1395147369612	OK	 
ACTION	Pricing	78	price	1395147367596	1395147367597	1395147369612	1395147369613	OK	 
ACTION	Pricing	39	price	1395147368265	1395147368266	1395147369618	1395147369619	OK	 
ACTION	Pricing	53	price	1395147367593	1395147367596	1395147369631	1395147369631	OK	 
ACTION	Pricing	63	price	1395147367507	1395147367510	1395147369662	1395147369663	OK	 
ACTION	Pricing	26	price	1395147367943	1395147367944	1395147369675	1395147369675	OK	 
ACTION	Pricing	14	price	1395147367934	1395147367936	1395147369679	1395147369680	OK	 
ACTION	Pricing	64	price	1395147367937	1395147367937	1395147369540	1395147369701	OK	 
ACTION	Pricing	100	price	1395147367679	1395147367680	1395147369703	1395147369703	OK	 
ACTION	Pricing	89	price	1395147368333	1395147368333	1395147369720	1395147369720	OK	 
ACTION	Pricing	34	price	1395147368507	1395147368507	1395147369723	1395147369724	OK	 
ACTION	Pricing	12	price	1395147367609	1395147367611	1395147369732	1395147369733	OK	 
ACTION	Pricing	46	price	1395147367538	1395147367539	1395147369734	1395147369734	OK	 
ACTION	Pricing	41	price	1395147368330	1395147368330	1395147369743	1395147369744	OK	 
ACTION	Pricing	49	price	1395147367595	1395147367597	1395147369770	1395147369770	OK	 
ACTION	Pricing	10	price	1395147367719	1395147367719	1395147369772	1395147369772	OK	 
ACTION	Pricing	56	price	1395147367418	1395147367419	1395147369779	1395147369780	OK	 
ACTION	Pricing	29	price	1395147368703	1395147368703	1395147369816	1395147369816	OK	 
ACTION	Pricing	91	price	1395147367943	1395147367943	1395147369826	1395147369826	OK	 
ACTION	Pricing	1	price	1395147367947	1395147367947	1395147369874	1395147369874	OK	 
ACTION	Pricing	86	price	1395147369028	1395147369029	1395147369934	1395147369934	OK	 
ACTION	Pricing	24	price	1395147369438	1395147369439	1395147369960	1395147369960	OK	 
ACTION	Pricing	16	price	1395147368887	1395147368887	1395147370112	1395147370112	OK	 
ACTION	Pricing	76	price	1395147369062	1395147369063	1395147370146	1395147370146	OK	 
ACTION	Pricing	48	price	1395147368785	1395147368785	1395147370207	1395147370207	OK	 
ACTION	Pricing	79	price	1395147369211	1395147369211	1395147370291	1395147370291	OK	 
ACTION	Pricing	84	price	1395147368901	1395147368901	1395147370303	1395147370303	OK	 
ACTION	Pricing	22	price	1395147369174	1395147369174	1395147370398	1395147370399	OK	 
ACTION	Pricing	81	price	1395147369144	1395147369145	1395147370401	1395147370402	OK	 
ACTION	Pricing	38	price	1395147369055	1395147369055	1395147370421	1395147370421	OK	 
ACTION	Pricing	30	price	1395147369190	1395147369190	1395147370444	1395147370444	OK	 
ACTION	Pricing	3	price	1395147369085	1395147369085	1395147370458	1395147370458	OK	 
ACTION	Pricing	20	price	1395147369170	1395147369171	1395147370465	1395147370466	OK	 
ACTION	Pricing	94	price	1395147369230	1395147369231	1395147370461	1395147370473	OK	 
ACTION	Pricing	69	price	1395147369273	1395147369273	1395147370477	1395147370477	OK	 
ACTION	Pricing	92	price	1395147369419	1395147369420	1395147370389	1395147370481	OK	 
ACTION	Pricing	58	price	1395147369253	1395147369254	1395147370483	1395147370483	OK	 
ACTION	Pricing	23	price	1395147369292	1395147369293	1395147370487	1395147370487	OK	 
ACTION	Pricing	83	price	1395147369142	1395147369144	1395147370501	1395147370502	OK	 
ACTION	Pricing	37	price	1395147369336	1395147369336	1395147370507	1395147370507	OK	 
ACTION	Pricing	27	price	1395147369144	1395147369145	1395147370552	1395147370552	OK	 
ACTION	Pricing	6	price	1395147369371	1395147369371	1395147370575	1395147370575	OK	 
ACTION	Pricing	66	price	1395147369106	1395147369107	1395147370588	1395147370589	OK	 
ACTION	Pricing	55	price	1395147369123	1395147369124	1395147370597	1395147370597	OK	 
ACTION	Pricing	59	price	1395147369255	1395147369255	1395147370598	1395147370599	OK	 
ACTION	Pricing	28	price	1395147369345	1395147369346	1395147370616	1395147370616	OK	 
ACTION	Pricing	80	price	1395147369126	1395147369127	1395147370633	1395147370634	OK	 
ACTION	Pricing	62	price	1395147369185	1395147369185	1395147370636	1395147370637	OK	 
ACTION	Pricing	19	price	1395147369295	1395147369295	1395147370639	1395147370639	OK	 
ACTION	Pricing	98	price	1395147369329	1395147369330	1395147370644	1395147370644	OK	 
ACTION	Pricing	47	price	1395147368783	1395147368784	1395147370659	1395147370660	OK	 
ACTION	Pricing	11	price	1395147369131	1395147369132	1395147370661	1395147370661	OK	 
ACTION	Pricing	73	price	1395147369366	1395147369366	1395147370675	1395147370675	OK	 
ACTION	Pricing	40	price	1395147369238	1395147369239	1395147370675	1395147370675	OK	 
ACTION	Pricing	97	price	1395147369049	1395147369050	1395147370684	1395147370684	OK	 
ACTION	Pricing	7	price	1395147369392	1395147369393	1395147370693	1395147370694	OK	 
ACTION	Pricing	77	price	1395147369304	1395147369305	1395147370707	1395147370708	OK	 
ACTION	Pricing	15	price	1395147369284	1395147369284	1395147370760	1395147370760	OK	 
ACTION	Pricing	39	price	1395147369620	1395147369621	1395147370765	1395147370765	OK	 
ACTION	Pricing	82	price	1395147369614	1395147369614	1395147370770	1395147370770	OK	 
ACTION	Pricing	95	price	1395147369405	1395147369405	1395147370780	1395147370781	OK	 
ACTION	Pricing	85	price	1395147369527	1395147369527	1395147370787	1395147370787	OK	 
ACTION	Pricing	96	price	1395147369212	1395147369212	1395147370790	1395147370791	OK	 
ACTION	Pricing	9	price	1395147369108	1395147369109	1395147370794	1395147370794	OK	 
ACTION	Pricing	34	price	1395147369726	1395147369726	1395147370812	1395147370812	OK	 
ACTION	Pricing	70	price	1395147369534	1395147369535	1395147370840	1395147370840	OK	 
ACTION	Pricing	2	price	1395147369544	1395147369544	1395147370843	1395147370843	OK	 
ACTION	Pricing	17	price	1395147369297	1395147369297	1395147370848	1395147370848	OK	 
ACTION	Pricing	13	price	1395147369130	1395147369132	1395147370851	1395147370851	OK	 
ACTION	Pricing	5	price	1395147369608	1395147369608	1395147370863	1395147370863	OK	 
ACTION	Pricing	68	price	1395147369490	1395147369491	1395147370866	1395147370866	OK	 
ACTION	Pricing	36	price	1395147369154	1395147369154	1395147370873	1395147370873	OK	 
ACTION	Pricing	87	price	1395147369280	1395147369281	1395147370900	1395147370900	OK	 
ACTION	Pricing	45	price	1395147369078	1395147369078	1395147370902	1395147370902	OK	 
ACTION	Pricing	78	price	1395147369616	1395147369617	1395147370934	1395147370935	OK	 
ACTION	Pricing	8	price	1395147369612	1395147369612	1395147370938	1395147370938	OK	 
ACTION	Pricing	57	price	1395147369458	1395147369459	1395147370945	1395147370945	OK	 
ACTION	Pricing	51	price	1395147369169	1395147369171	1395147370947	1395147370947	OK	 
ACTION	Pricing	33	price	1395147369333	1395147369333	1395147370948	1395147370948	OK	 
ACTION	Pricing	65	price	1395147369263	1395147369264	1395147370952	1395147370952	OK	 
ACTION	Pricing	35	price	1395147369470	1395147369470	1395147370962	1395147370962	OK	 
ACTION	Pricing	50	price	1395147369252	1395147369253	1395147370976	1395147370976	OK	 
ACTION	Pricing	100	price	1395147369705	1395147369706	1395147370982	1395147370983	OK	 
ACTION	Pricing	1	price	1395147369875	1395147369876	1395147370986	1395147370987	OK	 
ACTION	Pricing	75	price	1395147369394	1395147369395	1395147370990	1395147370990	OK	 
ACTION	Pricing	88	price	1395147369480	1395147369480	1395147370998	1395147370998	OK	 
ACTION	Pricing	32	price	1395147369457	1395147369458	1395147371011	1395147371011	OK	 
ACTION	Pricing	44	price	1395147369610	1395147369611	1395147371055	1395147371055	OK	 
ACTION	Pricing	64	price	1395147369703	1395147369703	1395147371068	1395147371068	OK	 
ACTION	Pricing	31	price	1395147369448	1395147369450	1395147371079	1395147371080	OK	 
ACTION	Pricing	71	price	1395147369487	1395147369488	1395147371110	1395147371110	OK	 
ACTION	Pricing	54	price	1395147369576	1395147369576	1395147371122	1395147371123	OK	 
ACTION	Pricing	60	price	1395147369244	1395147369245	1395147371124	1395147371125	OK	 
ACTION	Pricing	53	price	1395147369632	1395147369633	1395147371140	1395147371140	OK	 
ACTION	Pricing	4	price	1395147369451	1395147369452	1395147371141	1395147371142	OK	 
ACTION	Pricing	63	price	1395147369664	1395147369665	1395147371146	1395147371146	OK	 
ACTION	Pricing	90	price	1395147369279	1395147369280	1395147371156	1395147371156	OK	 
ACTION	Pricing	61	price	1395147369501	1395147369502	1395147371161	1395147371162	OK	 
ACTION	Pricing	18	price	1395147369161	1395147369161	1395147371167	1395147371167	OK	 
ACTION	Pricing	14	price	1395147369681	1395147369681	1395147371179	1395147371179	OK	 
ACTION	Pricing	42	price	1395147369425	1395147369425	1395147371205	1395147371205	OK	 
ACTION	Pricing	72	price	1395147369603	1395147369603	1395147371223	1395147371223	OK	 
ACTION	Pricing	93	price	1395147369327	1395147369329	1395147371223	1395147371223	OK	 
ACTION	Pricing	99	price	1395147369172	1395147369172	1395147370856	1395147371224	OK	 
ACTION	Pricing	26	price	1395147369677	1395147369677	1395147371254	1395147371254	OK	 
ACTION	Pricing	41	price	1395147369745	1395147369746	1395147371255	1395147371256	OK	 
ACTION	Pricing	76	price	1395147370147	1395147370148	1395147371264	1395147371264	OK	 
ACTION	Pricing	74	price	1395147369256	1395147369257	1395147371274	1395147371274	OK	 
ACTION	Pricing	21	price	1395147369421	1395147369421	1395147371283	1395147371284	OK	 
ACTION	Pricing	86	price	1395147369936	1395147369936	1395147371291	1395147371291	OK	 
ACTION	Pricing	25	price	1395147369560	1395147369561	1395147371302	1395147371302	OK	 
ACTION	Pricing	67	price	1395147369551	1395147369552	1395147371314	1395147371314	OK	 
ACTION	Pricing	16	price	1395147370115	1395147370115	1395147371328	1395147371329	OK	 
ACTION	Pricing	52	price	1395147369573	1395147369573	1395147371333	1395147371334	OK	 
ACTION	Pricing	43	price	1395147369565	1395147369566	1395147371338	1395147371338	OK	 
ACTION	Pricing	91	price	1395147369828	1395147369828	1395147371370	1395147371371	OK	 
ACTION	Pricing	12	price	1395147369735	1395147369737	1395147371378	1395147371378	OK	 
ACTION	Pricing	46	price	1395147369736	1395147369736	1395147371387	1395147371387	OK	 
ACTION	Pricing	89	price	1395147369721	1395147369722	1395147371413	1395147371413	OK	 
ACTION	Pricing	10	price	1395147369774	1395147369774	1395147371418	1395147371419	OK	 
ACTION	Pricing	49	price	1395147369772	1395147369773	1395147371462	1395147371463	OK	 
ACTION	Pricing	84	price	1395147370305	1395147370305	1395147371523	1395147371523	OK	 
ACTION	Pricing	29	price	1395147369818	1395147369818	1395147371531	1395147371531	OK	 
ACTION	Pricing	9	price	1395147370795	1395147370795	1395147371576	1395147371576	OK	 
ACTION	Pricing	56	price	1395147369781	1395147369781	1395147371581	1395147371581	OK	 
ACTION	Pricing	3	price	1395147370460	1395147370460	1395147371582	1395147371582	OK	 
ACTION	Pricing	79	price	1395147370293	1395147370294	1395147371585	1395147371585	OK	 
ACTION	Pricing	24	price	1395147369961	1395147369962	1395147371687	1395147371688	OK	 
ACTION	Pricing	92	price	1395147370482	1395147370483	1395147371730	1395147371730	OK	 
ACTION	Pricing	81	price	1395147370403	1395147370403	1395147371735	1395147371735	OK	 
ACTION	Pricing	69	price	1395147370478	1395147370478	1395147371756	1395147371756	OK	 
ACTION	Pricing	58	price	1395147370484	1395147370485	1395147371763	1395147371764	OK	 
ACTION	Pricing	38	price	1395147370423	1395147370423	1395147371774	1395147371775	OK	 
ACTION	Pricing	83	price	1395147370503	1395147370504	1395147371778	1395147371778	OK	 
ACTION	Pricing	73	price	1395147370678	1395147370678	1395147371798	1395147371798	OK	 
ACTION	Pricing	98	price	1395147370646	1395147370646	1395147371831	1395147371831	OK	 
ACTION	Pricing	23	price	1395147370489	1395147370489	1395147371837	1395147371837	OK	 
ACTION	Pricing	48	price	1395147370209	1395147370210	1395147371848	1395147371848	OK	 
ACTION	Pricing	28	price	1395147370617	1395147370618	1395147371900	1395147371900	OK	 
ACTION	Pricing	59	price	1395147370600	1395147370601	1395147371906	1395147371906	OK	 
ACTION	Pricing	89	price	1395147371414	1395147371415	1395147371910	1395147371910	OK	 
ACTION	Pricing	7	price	1395147370695	1395147370695	1395147372003	1395147372004	OK	 
ACTION	Pricing	6	price	1395147370576	1395147370577	1395147372004	1395147372004	OK	 
ACTION	Pricing	34	price	1395147370813	1395147370814	1395147372007	1395147372007	OK	 
ACTION	Pricing	94	price	1395147370474	1395147370475	1395147372008	1395147372008	OK	 
ACTION	Pricing	95	price	1395147370782	1395147370783	1395147372012	1395147372013	OK	 
ACTION	Pricing	22	price	1395147370401	1395147370401	1395147372031	1395147372031	OK	 
ACTION	Pricing	20	price	1395147370467	1395147370467	1395147372030	1395147372031	OK	 
ACTION	Pricing	30	price	1395147370446	1395147370447	1395147372053	1395147372054	OK	 
ACTION	Pricing	82	price	1395147370771	1395147370772	1395147372059	1395147372059	OK	 
ACTION	Pricing	27	price	1395147370553	1395147370554	1395147371821	1395147372066	OK	 
ACTION	Pricing	15	price	1395147370762	1395147370763	1395147372097	1395147372098	OK	 
ACTION	Pricing	1	price	1395147370993	1395147370994	1395147372100	1395147372100	OK	 
ACTION	Pricing	96	price	1395147370792	1395147370792	1395147372117	1395147372117	OK	 
ACTION	Pricing	55	price	1395147370599	1395147370599	1395147372141	1395147372142	OK	 
ACTION	Pricing	66	price	1395147370590	1395147370591	1395147372156	1395147372157	OK	 
ACTION	Pricing	37	price	1395147370509	1395147370510	1395147372163	1395147372163	OK	 
ACTION	Pricing	11	price	1395147370663	1395147370663	1395147372114	1395147372191	OK	 
ACTION	Pricing	78	price	1395147370936	1395147370936	1395147372192	1395147372193	OK	 
ACTION	Pricing	65	price	1395147370954	1395147370954	1395147372198	1395147372199	OK	 
ACTION	Pricing	97	price	1395147370686	1395147370686	1395147372202	1395147372202	OK	 
ACTION	Pricing	68	price	1395147370867	1395147370868	1395147372210	1395147372211	OK	 
ACTION	Pricing	19	price	1395147370640	1395147370641	1395147372216	1395147372217	OK	 
ACTION	Pricing	13	price	1395147370852	1395147370853	1395147372242	1395147372242	OK	 
ACTION	Pricing	36	price	1395147370875	1395147370875	1395147372276	1395147372276	OK	 
ACTION	Pricing	85	price	1395147370789	1395147370790	1395147372282	1395147372282	OK	 
ACTION	Pricing	45	price	1395147370903	1395147370904	1395147372324	1395147372324	OK	 
ACTION	Pricing	33	price	1395147370950	1395147370950	1395147372333	1395147372334	OK	 
ACTION	Pricing	31	price	1395147371081	1395147371082	1395147372357	1395147372357	OK	 
ACTION	Pricing	47	price	1395147370661	1395147370663	1395147372358	1395147372358	OK	 
ACTION	Pricing	39	price	1395147370767	1395147370767	1395147372380	1395147372381	OK	 
ACTION	Pricing	77	price	1395147370709	1395147370710	1395147372383	1395147372383	OK	 
ACTION	Pricing	42	price	1395147371206	1395147371207	1395147372404	1395147372404	OK	 
ACTION	Pricing	90	price	1395147371158	1395147371158	1395147372416	1395147372416	OK	 
ACTION	Pricing	88	price	1395147371000	1395147371000	1395147372415	1395147372415	OK	 
ACTION	Pricing	80	price	1395147370636	1395147370636	1395147372415	1395147372415	OK	 
ACTION	Pricing	62	price	1395147370638	1395147370638	1395147372423	1395147372423	OK	 
ACTION	Pricing	44	price	1395147371057	1395147371057	1395147372442	1395147372442	OK	 
ACTION	Pricing	64	price	1395147371069	1395147371070	1395147372478	1395147372478	OK	 
ACTION	Pricing	18	price	1395147371170	1395147371170	1395147372498	1395147372498	OK	 
ACTION	Pricing	40	price	1395147370677	1395147370677	1395147372390	1395147372502	OK	 
ACTION	Pricing	86	price	1395147371293	1395147371293	1395147372547	1395147372547	OK	 
ACTION	Pricing	2	price	1395147370844	1395147370845	1395147372561	1395147372561	OK	 
ACTION	Pricing	5	price	1395147370864	1395147370865	1395147372583	1395147372583	OK	 
ACTION	Pricing	70	price	1395147370842	1395147370842	1395147372603	1395147372604	OK	 
ACTION	Pricing	32	price	1395147371013	1395147371013	1395147372604	1395147372605	OK	 
ACTION	Pricing	17	price	1395147370850	1395147370851	1395147372609	1395147372609	OK	 
ACTION	Pricing	74	price	1395147371275	1395147371276	1395147372612	1395147372612	OK	 
ACTION	Pricing	50	price	1395147370977	1395147370978	1395147372607	1395147372618	OK	 
ACTION	Pricing	26	price	1395147371256	1395147371257	1395147372622	1395147372622	OK	 
ACTION	Pricing	35	price	1395147370964	1395147370964	1395147372625	1395147372625	OK	 
ACTION	Pricing	4	price	1395147371144	1395147371144	1395147372628	1395147372630	OK	 
ACTION	Pricing	71	price	1395147371111	1395147371112	1395147372635	1395147372635	OK	 
ACTION	Pricing	61	price	1395147371163	1395147371164	1395147372647	1395147372647	OK	 
ACTION	Pricing	51	price	1395147370949	1395147370949	1395147372669	1395147372669	OK	 
ACTION	Pricing	8	price	1395147370939	1395147370940	1395147372671	1395147372671	OK	 
ACTION	Pricing	43	price	1395147371340	1395147371340	1395147372688	1395147372688	OK	 
ACTION	Pricing	53	price	1395147371142	1395147371142	1395147372696	1395147372696	OK	 
ACTION	Pricing	21	price	1395147371285	1395147371286	1395147372697	1395147372698	OK	 
ACTION	Pricing	99	price	1395147371229	1395147371229	1395147372707	1395147372708	OK	 
ACTION	Pricing	25	price	1395147371303	1395147371304	1395147372708	1395147372708	OK	 
ACTION	Pricing	93	price	1395147371227	1395147371228	1395147372710	1395147372711	OK	 
ACTION	Pricing	41	price	1395147371257	1395147371257	1395147372713	1395147372713	OK	 
ACTION	Pricing	14	price	1395147371181	1395147371181	1395147372719	1395147372719	OK	 
ACTION	Pricing	87	price	1395147370902	1395147370902	1395147372719	1395147372719	OK	 
ACTION	Pricing	16	price	1395147371331	1395147371332	1395147372727	1395147372727	OK	 
ACTION	Pricing	100	price	1395147370984	1395147370984	1395147372734	1395147372734	OK	 
ACTION	Pricing	84	price	1395147371524	1395147371525	1395147372740	1395147372741	OK	 
ACTION	Pricing	75	price	1395147370992	1395147370992	1395147372749	1395147372749	OK	 
ACTION	Pricing	9	price	1395147371578	1395147371578	1395147372768	1395147372769	OK	 
ACTION	Pricing	72	price	1395147371225	1395147371226	1395147372776	1395147372777	OK	 
ACTION	Pricing	57	price	1395147370946	1395147370947	1395147372787	1395147372787	OK	 
ACTION	Pricing	54	price	1395147371125	1395147371126	1395147372795	1395147372796	OK	 
ACTION	Pricing	3	price	1395147371585	1395147371587	1395147372799	1395147372799	OK	 
ACTION	Pricing	67	price	1395147371316	1395147371316	1395147372805	1395147372805	OK	 
ACTION	Pricing	46	price	1395147371389	1395147371390	1395147372810	1395147372810	OK	 
ACTION	Pricing	60	price	1395147371127	1395147371127	1395147372812	1395147372812	OK	 
ACTION	Pricing	76	price	1395147371266	1395147371266	1395147372817	1395147372817	OK	 
ACTION	Pricing	63	price	1395147371148	1395147371148	1395147372885	1395147372885	OK	 
ACTION	Pricing	56	price	1395147371582	1395147371583	1395147372974	1395147372975	OK	 
ACTION	Pricing	24	price	1395147371689	1395147371690	1395147372976	1395147372977	OK	 
ACTION	Pricing	49	price	1395147371464	1395147371465	1395147372983	1395147372983	OK	 
ACTION	Pricing	91	price	1395147371372	1395147371373	1395147372909	1395147373018	OK	 
ACTION	Pricing	79	price	1395147371587	1395147371587	1395147373106	1395147373106	OK	 
ACTION	Pricing	12	price	1395147371379	1395147371379	1395147373111	1395147373111	OK	 
ACTION	Pricing	52	price	1395147371335	1395147371336	1395147373172	1395147373173	OK	 
ACTION	Pricing	11	price	1395147372194	1395147372195	1395147373294	1395147373294	OK	 
ACTION	Pricing	10	price	1395147371423	1395147371423	1395147373299	1395147373299	OK	 
ACTION	Pricing	22	price	1395147372034	1395147372034	1395147373333	1395147373333	OK	 
ACTION	Pricing	81	price	1395147371736	1395147371737	1395147373347	1395147373347	OK	 
ACTION	Pricing	29	price	1395147371533	1395147371533	1395147373376	1395147373376	OK	 
ACTION	Pricing	69	price	1395147371758	1395147371758	1395147373411	1395147373412	OK	 
ACTION	Pricing	1	price	1395147372102	1395147372102	1395147373413	1395147373413	OK	 
ACTION	Pricing	92	price	1395147371732	1395147371732	1395147373449	1395147373449	OK	 
ACTION	Pricing	82	price	1395147372060	1395147372061	1395147373452	1395147373452	OK	 
ACTION	Pricing	37	price	1395147372165	1395147372165	1395147373474	1395147373474	OK	 
ACTION	Pricing	78	price	1395147372195	1395147372197	1395147373478	1395147373478	OK	 
ACTION	Pricing	6	price	1395147372007	1395147372008	1395147373491	1395147373491	OK	 
ACTION	Pricing	58	price	1395147371765	1395147371766	1395147373536	1395147373536	OK	 
ACTION	Pricing	20	price	1395147372033	1395147372033	1395147373542	1395147373542	OK	 
ACTION	Pricing	7	price	1395147372005	1395147372006	1395147373563	1395147373563	OK	 
ACTION	Pricing	59	price	1395147371907	1395147371908	1395147373568	1395147373568	OK	 
ACTION	Pricing	77	price	1395147372386	1395147372386	1395147373596	1395147373596	OK	 
ACTION	Pricing	28	price	1395147371902	1395147371902	1395147373599	1395147373600	OK	 
ACTION	Pricing	85	price	1395147372283	1395147372284	1395147373836	1395147373837	OK	 
SCENARIO	Pricing	85	END	1395147373837
ACTION	Pricing	68	price	1395147372212	1395147372213	1395147373839	1395147373839	OK	 
ACTION	Pricing	27	price	1395147372067	1395147372068	1395147373839	1395147373840	OK	 
SCENARIO	Pricing	68	END	1395147373840
SCENARIO	Pricing	27	END	1395147373840
ACTION	Pricing	33	price	1395147372337	1395147372337	1395147373843	1395147373843	OK	 
SCENARIO	Pricing	33	END	1395147373843
ACTION	Pricing	15	price	1395147372100	1395147372100	1395147373837	1395147373838	OK	 
SCENARIO	Pricing	15	END	1395147373844
ACTION	Pricing	47	price	1395147372362	1395147372362	1395147373845	1395147373845	OK	 
SCENARIO	Pricing	47	END	1395147373847
ACTION	Pricing	61	price	1395147372649	1395147372650	1395147373857	1395147373857	OK	 
ACTION	Pricing	48	price	1395147371850	1395147371850	1395147373562	1395147373860	OK	 
SCENARIO	Pricing	48	END	1395147373861
SCENARIO	Pricing	61	END	1395147373861
ACTION	Pricing	83	price	1395147371779	1395147371779	1395147373886	1395147373886	OK	 
ACTION	Pricing	98	price	1395147371832	1395147371833	1395147373887	1395147373887	OK	 
SCENARIO	Pricing	98	END	1395147373888
SCENARIO	Pricing	83	END	1395147373888
ACTION	Pricing	9	price	1395147372770	1395147372771	1395147373900	1395147373901	OK	 
SCENARIO	Pricing	9	END	1395147373901
ACTION	Pricing	30	price	1395147372055	1395147372056	1395147373910	1395147373911	OK	 
SCENARIO	Pricing	30	END	1395147373912
ACTION	Pricing	73	price	1395147371800	1395147371800	1395147373911	1395147373911	OK	 
ACTION	Pricing	75	price	1395147372750	1395147372751	1395147373912	1395147373912	OK	 
ACTION	Pricing	89	price	1395147371912	1395147371912	1395147373912	1395147373913	OK	 
SCENARIO	Pricing	73	END	1395147373913
SCENARIO	Pricing	75	END	1395147373914
SCENARIO	Pricing	89	END	1395147373914
ACTION	Pricing	32	price	1395147372606	1395147372606	1395147373914	1395147373914	OK	 
SCENARIO	Pricing	32	END	1395147373914
ACTION	Pricing	23	price	1395147371838	1395147371839	1395147373915	1395147373915	OK	 
SCENARIO	Pricing	23	END	1395147373916
ACTION	Pricing	50	price	1395147372619	1395147372620	1395147373918	1395147373918	OK	 
SCENARIO	Pricing	50	END	1395147373919
ACTION	Pricing	65	price	1395147372200	1395147372200	1395147373918	1395147373919	OK	 
ACTION	Pricing	44	price	1395147372443	1395147372445	1395147373919	1395147373919	OK	 
ACTION	Pricing	18	price	1395147372500	1395147372500	1395147373920	1395147373921	OK	 
ACTION	Pricing	88	price	1395147372419	1395147372419	1395147373921	1395147373921	OK	 
ACTION	Pricing	40	price	1395147372504	1395147372504	1395147373921	1395147373921	OK	 
ACTION	Pricing	80	price	1395147372422	1395147372422	1395147373922	1395147373922	OK	 
SCENARIO	Pricing	65	END	1395147373922
SCENARIO	Pricing	44	END	1395147373923
SCENARIO	Pricing	18	END	1395147373923
SCENARIO	Pricing	88	END	1395147373923
SCENARIO	Pricing	40	END	1395147373923
SCENARIO	Pricing	80	END	1395147373923
ACTION	Pricing	97	price	1395147372204	1395147372204	1395147373923	1395147373923	OK	 
ACTION	Pricing	55	price	1395147372143	1395147372143	1395147373924	1395147373924	OK	 
SCENARIO	Pricing	55	END	1395147373925
ACTION	Pricing	62	price	1395147372425	1395147372426	1395147373925	1395147373925	OK	 
SCENARIO	Pricing	62	END	1395147373925
SCENARIO	Pricing	97	END	1395147373926
ACTION	Pricing	94	price	1395147372009	1395147372010	1395147373925	1395147373925	OK	 
SCENARIO	Pricing	94	END	1395147373926
ACTION	Pricing	95	price	1395147372014	1395147372014	1395147373927	1395147373927	OK	 
ACTION	Pricing	34	price	1395147372010	1395147372011	1395147373927	1395147373927	OK	 
SCENARIO	Pricing	34	END	1395147373928
SCENARIO	Pricing	95	END	1395147373928
ACTION	Pricing	86	price	1395147372549	1395147372549	1395147373929	1395147373929	OK	 
SCENARIO	Pricing	86	END	1395147373930
ACTION	Pricing	66	price	1395147372158	1395147372159	1395147373930	1395147373930	OK	 
ACTION	Pricing	71	price	1395147372637	1395147372637	1395147373930	1395147373931	OK	 
SCENARIO	Pricing	71	END	1395147373931
SCENARIO	Pricing	66	END	1395147373932
ACTION	Pricing	19	price	1395147372218	1395147372219	1395147373931	1395147373932	OK	 
ACTION	Pricing	36	price	1395147372277	1395147372278	1395147373932	1395147373932	OK	 
SCENARIO	Pricing	19	END	1395147373933
SCENARIO	Pricing	36	END	1395147373933
ACTION	Pricing	38	price	1395147371776	1395147371777	1395147373933	1395147373933	OK	 
SCENARIO	Pricing	38	END	1395147373934
ACTION	Pricing	96	price	1395147372119	1395147372119	1395147373932	1395147373934	OK	 
SCENARIO	Pricing	96	END	1395147373935
ACTION	Pricing	91	price	1395147373020	1395147373020	1395147373935	1395147373936	OK	 
ACTION	Pricing	13	price	1395147372243	1395147372244	1395147373935	1395147373935	OK	 
SCENARIO	Pricing	91	END	1395147373936
SCENARIO	Pricing	13	END	1395147373936
ACTION	Pricing	45	price	1395147372326	1395147372326	1395147373943	1395147373944	OK	 
SCENARIO	Pricing	45	END	1395147373944
ACTION	Pricing	42	price	1395147372406	1395147372407	1395147373948	1395147373948	OK	 
SCENARIO	Pricing	42	END	1395147373949
ACTION	Pricing	17	price	1395147372610	1395147372611	1395147373949	1395147373949	OK	 
SCENARIO	Pricing	17	END	1395147373950
ACTION	Pricing	31	price	1395147372359	1395147372359	1395147373953	1395147373953	OK	 
SCENARIO	Pricing	31	END	1395147373954
ACTION	Pricing	39	price	1395147372382	1395147372385	1395147373955	1395147373955	OK	 
SCENARIO	Pricing	39	END	1395147373955
ACTION	Pricing	26	price	1395147372624	1395147372630	1395147373963	1395147373964	OK	 
SCENARIO	Pricing	26	END	1395147373964
ACTION	Pricing	64	price	1395147372481	1395147372482	1395147373964	1395147373965	OK	 
SCENARIO	Pricing	64	END	1395147373965
ACTION	Pricing	57	price	1395147372788	1395147372789	1395147373983	1395147373983	OK	 
SCENARIO	Pricing	57	END	1395147373984
ACTION	Pricing	5	price	1395147372584	1395147372585	1395147373938	1395147373991	OK	 
SCENARIO	Pricing	5	END	1395147373992
ACTION	Pricing	2	price	1395147372562	1395147372563	1395147374003	1395147374003	OK	 
SCENARIO	Pricing	2	END	1395147374005
ACTION	Pricing	84	price	1395147372742	1395147372743	1395147374005	1395147374006	OK	 
SCENARIO	Pricing	84	END	1395147374006
ACTION	Pricing	74	price	1395147372614	1395147372614	1395147374002	1395147374007	OK	 
SCENARIO	Pricing	74	END	1395147374007
ACTION	Pricing	90	price	1395147372419	1395147372419	1395147374012	1395147374013	OK	 
SCENARIO	Pricing	90	END	1395147374014
ACTION	Pricing	70	price	1395147372605	1395147372606	1395147374014	1395147374014	OK	 
ACTION	Pricing	35	price	1395147372628	1395147372629	1395147374014	1395147374014	OK	 
SCENARIO	Pricing	70	END	1395147374015
SCENARIO	Pricing	35	END	1395147374015
ACTION	Pricing	16	price	1395147372729	1395147372730	1395147374023	1395147374024	OK	 
SCENARIO	Pricing	16	END	1395147374025
ACTION	Pricing	99	price	1395147372712	1395147372712	1395147374025	1395147374026	OK	 
SCENARIO	Pricing	99	END	1395147374026
ACTION	Pricing	25	price	1395147372711	1395147372711	1395147374030	1395147374030	OK	 
SCENARIO	Pricing	25	END	1395147374031
ACTION	Pricing	21	price	1395147372699	1395147372700	1395147374033	1395147374033	OK	 
SCENARIO	Pricing	21	END	1395147374034
ACTION	Pricing	67	price	1395147372806	1395147372806	1395147374002	1395147374047	OK	 
SCENARIO	Pricing	67	END	1395147374048
ACTION	Pricing	51	price	1395147372672	1395147372672	1395147374049	1395147374049	OK	 
SCENARIO	Pricing	51	END	1395147374050
ACTION	Pricing	93	price	1395147372713	1395147372713	1395147374057	1395147374057	OK	 
ACTION	Pricing	52	price	1395147373174	1395147373175	1395147374057	1395147374058	OK	 
SCENARIO	Pricing	93	END	1395147374058
SCENARIO	Pricing	52	END	1395147374058
ACTION	Pricing	4	price	1395147372632	1395147372632	1395147374070	1395147374070	OK	 
ACTION	Pricing	41	price	1395147372715	1395147372715	1395147374071	1395147374071	OK	 
SCENARIO	Pricing	4	END	1395147374072
SCENARIO	Pricing	41	END	1395147374072
ACTION	Pricing	53	price	1395147372698	1395147372699	1395147374071	1395147374071	OK	 
SCENARIO	Pricing	53	END	1395147374072
ACTION	Pricing	43	price	1395147372690	1395147372690	1395147374077	1395147374077	OK	 
SCENARIO	Pricing	43	END	1395147374078
ACTION	Pricing	100	price	1395147372737	1395147372737	1395147374085	1395147374085	OK	 
SCENARIO	Pricing	100	END	1395147374086
ACTION	Pricing	14	price	1395147372721	1395147372721	1395147374090	1395147374090	OK	 
SCENARIO	Pricing	14	END	1395147374091
ACTION	Pricing	60	price	1395147372814	1395147372814	1395147374092	1395147374092	OK	 
SCENARIO	Pricing	60	END	1395147374092
ACTION	Pricing	8	price	1395147372673	1395147372674	1395147374096	1395147374097	OK	 
SCENARIO	Pricing	8	END	1395147374097
ACTION	Pricing	3	price	1395147372800	1395147372801	1395147374101	1395147374102	OK	 
SCENARIO	Pricing	3	END	1395147374102
ACTION	Pricing	72	price	1395147372778	1395147372779	1395147374105	1395147374105	OK	 
SCENARIO	Pricing	72	END	1395147374105
ACTION	Pricing	12	price	1395147373113	1395147373113	1395147374074	1395147374107	OK	 
SCENARIO	Pricing	12	END	1395147374107
ACTION	Pricing	56	price	1395147372976	1395147372977	1395147374112	1395147374113	OK	 
SCENARIO	Pricing	56	END	1395147374113
ACTION	Pricing	79	price	1395147373108	1395147373108	1395147374124	1395147374124	OK	 
SCENARIO	Pricing	79	END	1395147374125
ACTION	Pricing	87	price	1395147372722	1395147372723	1395147374132	1395147374132	OK	 
SCENARIO	Pricing	87	END	1395147374133
ACTION	Pricing	69	price	1395147373414	1395147373414	1395147374132	1395147374133	OK	 
SCENARIO	Pricing	69	END	1395147374134
ACTION	Pricing	46	price	1395147372812	1395147372813	1395147374131	1395147374133	OK	 
SCENARIO	Pricing	46	END	1395147374134
ACTION	Pricing	54	price	1395147372797	1395147372798	1395147374135	1395147374135	OK	 
SCENARIO	Pricing	54	END	1395147374136
ACTION	Pricing	63	price	1395147372887	1395147372887	1395147374137	1395147374137	OK	 
SCENARIO	Pricing	63	END	1395147374138
ACTION	Pricing	77	price	1395147373598	1395147373598	1395147374154	1395147374154	OK	 
SCENARIO	Pricing	77	END	1395147374155
ACTION	Pricing	10	price	1395147373301	1395147373301	1395147374157	1395147374158	OK	 
SCENARIO	Pricing	10	END	1395147374158
ACTION	Pricing	24	price	1395147372978	1395147372978	1395147374157	1395147374159	OK	 
SCENARIO	Pricing	24	END	1395147374160
ACTION	Pricing	11	price	1395147373296	1395147373296	1395147374160	1395147374160	OK	 
SCENARIO	Pricing	11	END	1395147374161
ACTION	Pricing	1	price	1395147373415	1395147373416	1395147374163	1395147374163	OK	 
SCENARIO	Pricing	1	END	1395147374164
ACTION	Pricing	22	price	1395147373335	1395147373335	1395147374164	1395147374164	OK	 
SCENARIO	Pricing	22	END	1395147374165
ACTION	Pricing	49	price	1395147372985	1395147372985	1395147374164	1395147374165	OK	 
SCENARIO	Pricing	49	END	1395147374166
ACTION	Pricing	78	price	1395147373479	1395147373480	1395147374167	1395147374167	OK	 
SCENARIO	Pricing	78	END	1395147374169
ACTION	Pricing	76	price	1395147372819	1395147372819	1395147374170	1395147374170	OK	 
SCENARIO	Pricing	76	END	1395147374171
ACTION	Pricing	6	price	1395147373492	1395147373492	1395147374173	1395147374174	OK	 
SCENARIO	Pricing	6	END	1395147374175
ACTION	Pricing	81	price	1395147373349	1395147373350	1395147374174	1395147374174	OK	 
SCENARIO	Pricing	81	END	1395147374175
ACTION	Pricing	82	price	1395147373454	1395147373455	1395147374176	1395147374176	OK	 
ACTION	Pricing	29	price	1395147373378	1395147373378	1395147374177	1395147374177	OK	 
SCENARIO	Pricing	82	END	1395147374177
SCENARIO	Pricing	29	END	1395147374178
ACTION	Pricing	37	price	1395147373475	1395147373475	1395147374185	1395147374185	OK	 
SCENARIO	Pricing	37	END	1395147374185
ACTION	Pricing	92	price	1395147373450	1395147373451	1395147374166	1395147374186	OK	 
SCENARIO	Pricing	92	END	1395147374187
ACTION	Pricing	59	price	1395147373570	1395147373570	1395147374186	1395147374187	OK	 
SCENARIO	Pricing	59	END	1395147374188
ACTION	Pricing	28	price	1395147373603	1395147373603	1395147374190	1395147374190	OK	 
SCENARIO	Pricing	28	END	1395147374191
ACTION	Pricing	7	price	1395147373565	1395147373566	1395147374198	1395147374198	OK	 
SCENARIO	Pricing	7	END	1395147374200
ACTION	Pricing	58	price	1395147373538	1395147373539	1395147374201	1395147374201	OK	 
SCENARIO	Pricing	58	END	1395147374202
ACTION	Pricing	20	price	1395147373544	1395147373544	1395147374203	1395147374203	OK	 
SCENARIO	Pricing	20	END	1395147374204
