RUN	20140318100319	pricingsimulation	pricingsimulation
SCENARIO	Pricing	297	START	1395137003148
SCENARIO	Pricing	243	START	1395137003150
SCENARIO	Pricing	387	START	1395137003151
SCENARIO	Pricing	382	START	1395137003151
SCENARIO	Pricing	264	START	1395137003151
SCENARIO	Pricing	109	START	1395137003151
SCENARIO	Pricing	129	START	1395137003151
SCENARIO	Pricing	351	START	1395137003151
SCENARIO	Pricing	193	START	1395137003151
SCENARIO	Pricing	426	START	1395137003151
SCENARIO	Pricing	475	START	1395137003151
SCENARIO	Pricing	195	START	1395137003151
SCENARIO	Pricing	370	START	1395137003151
SCENARIO	Pricing	485	START	1395137003151
SCENARIO	Pricing	443	START	1395137003151
SCENARIO	Pricing	239	START	1395137003152
SCENARIO	Pricing	26	START	1395137003152
SCENARIO	Pricing	466	START	1395137003152
SCENARIO	Pricing	89	START	1395137003152
SCENARIO	Pricing	251	START	1395137003152
SCENARIO	Pricing	440	START	1395137003152
SCENARIO	Pricing	283	START	1395137003152
SCENARIO	Pricing	461	START	1395137003152
SCENARIO	Pricing	405	START	1395137003152
SCENARIO	Pricing	363	START	1395137003152
SCENARIO	Pricing	338	START	1395137003152
SCENARIO	Pricing	107	START	1395137003153
SCENARIO	Pricing	478	START	1395137003153
SCENARIO	Pricing	291	START	1395137003154
SCENARIO	Pricing	298	START	1395137003154
SCENARIO	Pricing	126	START	1395137003155
SCENARIO	Pricing	384	START	1395137003155
SCENARIO	Pricing	170	START	1395137003155
SCENARIO	Pricing	28	START	1395137003155
SCENARIO	Pricing	57	START	1395137003155
SCENARIO	Pricing	75	START	1395137003155
SCENARIO	Pricing	99	START	1395137003155
SCENARIO	Pricing	399	START	1395137003155
SCENARIO	Pricing	422	START	1395137003155
SCENARIO	Pricing	256	START	1395137003155
SCENARIO	Pricing	296	START	1395137003155
SCENARIO	Pricing	388	START	1395137003156
SCENARIO	Pricing	459	START	1395137003156
SCENARIO	Pricing	427	START	1395137003156
SCENARIO	Pricing	132	START	1395137003156
SCENARIO	Pricing	247	START	1395137003156
SCENARIO	Pricing	307	START	1395137003156
SCENARIO	Pricing	386	START	1395137003156
SCENARIO	Pricing	441	START	1395137003156
SCENARIO	Pricing	369	START	1395137003156
SCENARIO	Pricing	1	START	1395137003156
SCENARIO	Pricing	468	START	1395137003156
SCENARIO	Pricing	52	START	1395137003156
SCENARIO	Pricing	157	START	1395137003156
SCENARIO	Pricing	153	START	1395137003156
SCENARIO	Pricing	401	START	1395137003156
SCENARIO	Pricing	151	START	1395137003156
SCENARIO	Pricing	433	START	1395137003156
SCENARIO	Pricing	340	START	1395137003156
SCENARIO	Pricing	267	START	1395137003156
SCENARIO	Pricing	398	START	1395137003157
SCENARIO	Pricing	464	START	1395137003157
SCENARIO	Pricing	81	START	1395137003157
SCENARIO	Pricing	117	START	1395137003157
SCENARIO	Pricing	92	START	1395137003157
SCENARIO	Pricing	105	START	1395137003157
SCENARIO	Pricing	344	START	1395137003157
SCENARIO	Pricing	244	START	1395137003157
SCENARIO	Pricing	435	START	1395137003157
SCENARIO	Pricing	332	START	1395137003157
SCENARIO	Pricing	79	START	1395137003158
SCENARIO	Pricing	327	START	1395137003158
SCENARIO	Pricing	134	START	1395137003158
SCENARIO	Pricing	19	START	1395137003158
SCENARIO	Pricing	130	START	1395137003158
SCENARIO	Pricing	268	START	1395137003158
SCENARIO	Pricing	364	START	1395137003158
SCENARIO	Pricing	316	START	1395137003158
SCENARIO	Pricing	221	START	1395137003158
SCENARIO	Pricing	215	START	1395137003158
SCENARIO	Pricing	228	START	1395137003159
SCENARIO	Pricing	260	START	1395137003159
SCENARIO	Pricing	113	START	1395137003159
SCENARIO	Pricing	213	START	1395137003159
SCENARIO	Pricing	5	START	1395137003159
SCENARIO	Pricing	36	START	1395137003160
SCENARIO	Pricing	161	START	1395137003160
SCENARIO	Pricing	499	START	1395137003160
SCENARIO	Pricing	355	START	1395137003160
SCENARIO	Pricing	37	START	1395137003160
SCENARIO	Pricing	214	START	1395137003160
SCENARIO	Pricing	304	START	1395137003160
SCENARIO	Pricing	325	START	1395137003160
SCENARIO	Pricing	403	START	1395137003160
SCENARIO	Pricing	408	START	1395137003160
SCENARIO	Pricing	230	START	1395137003161
SCENARIO	Pricing	452	START	1395137003161
SCENARIO	Pricing	148	START	1395137003161
SCENARIO	Pricing	223	START	1395137003161
SCENARIO	Pricing	56	START	1395137003161
SCENARIO	Pricing	128	START	1395137003161
SCENARIO	Pricing	13	START	1395137003161
SCENARIO	Pricing	373	START	1395137003161
SCENARIO	Pricing	317	START	1395137003161
SCENARIO	Pricing	17	START	1395137003162
SCENARIO	Pricing	357	START	1395137003162
SCENARIO	Pricing	353	START	1395137003162
SCENARIO	Pricing	467	START	1395137003162
SCENARIO	Pricing	280	START	1395137003162
SCENARIO	Pricing	121	START	1395137003162
SCENARIO	Pricing	160	START	1395137003162
SCENARIO	Pricing	237	START	1395137003162
SCENARIO	Pricing	270	START	1395137003162
SCENARIO	Pricing	30	START	1395137003162
SCENARIO	Pricing	380	START	1395137003162
SCENARIO	Pricing	458	START	1395137003163
SCENARIO	Pricing	483	START	1395137003163
SCENARIO	Pricing	53	START	1395137003163
SCENARIO	Pricing	318	START	1395137003163
SCENARIO	Pricing	88	START	1395137003163
SCENARIO	Pricing	166	START	1395137003163
SCENARIO	Pricing	120	START	1395137003163
SCENARIO	Pricing	91	START	1395137003163
SCENARIO	Pricing	285	START	1395137003163
SCENARIO	Pricing	3	START	1395137003163
SCENARIO	Pricing	23	START	1395137003163
SCENARIO	Pricing	396	START	1395137003163
SCENARIO	Pricing	49	START	1395137003163
SCENARIO	Pricing	9	START	1395137003163
SCENARIO	Pricing	93	START	1395137003163
SCENARIO	Pricing	347	START	1395137003163
SCENARIO	Pricing	301	START	1395137003164
SCENARIO	Pricing	434	START	1395137003164
SCENARIO	Pricing	362	START	1395137003164
SCENARIO	Pricing	146	START	1395137003164
SCENARIO	Pricing	196	START	1395137003164
SCENARIO	Pricing	233	START	1395137003164
SCENARIO	Pricing	311	START	1395137003164
SCENARIO	Pricing	179	START	1395137003164
SCENARIO	Pricing	119	START	1395137003164
SCENARIO	Pricing	143	START	1395137003164
SCENARIO	Pricing	259	START	1395137003164
SCENARIO	Pricing	127	START	1395137003164
SCENARIO	Pricing	345	START	1395137003164
SCENARIO	Pricing	410	START	1395137003164
SCENARIO	Pricing	442	START	1395137003165
SCENARIO	Pricing	124	START	1395137003165
SCENARIO	Pricing	372	START	1395137003165
SCENARIO	Pricing	449	START	1395137003165
SCENARIO	Pricing	32	START	1395137003165
SCENARIO	Pricing	365	START	1395137003165
SCENARIO	Pricing	11	START	1395137003167
SCENARIO	Pricing	290	START	1395137003170
SCENARIO	Pricing	336	START	1395137003171
SCENARIO	Pricing	431	START	1395137003176
SCENARIO	Pricing	289	START	1395137003177
SCENARIO	Pricing	470	START	1395137003177
SCENARIO	Pricing	164	START	1395137003177
SCENARIO	Pricing	253	START	1395137003178
SCENARIO	Pricing	8	START	1395137003178
SCENARIO	Pricing	80	START	1395137003178
SCENARIO	Pricing	414	START	1395137003178
SCENARIO	Pricing	341	START	1395137003179
SCENARIO	Pricing	354	START	1395137003179
SCENARIO	Pricing	106	START	1395137003180
SCENARIO	Pricing	395	START	1395137003180
SCENARIO	Pricing	34	START	1395137003180
SCENARIO	Pricing	63	START	1395137003180
SCENARIO	Pricing	152	START	1395137003180
SCENARIO	Pricing	378	START	1395137003180
SCENARIO	Pricing	390	START	1395137003180
SCENARIO	Pricing	469	START	1395137003180
SCENARIO	Pricing	385	START	1395137003180
SCENARIO	Pricing	292	START	1395137003180
SCENARIO	Pricing	142	START	1395137003180
SCENARIO	Pricing	465	START	1395137003181
SCENARIO	Pricing	389	START	1395137003181
SCENARIO	Pricing	299	START	1395137003181
SCENARIO	Pricing	407	START	1395137003181
SCENARIO	Pricing	59	START	1395137003181
SCENARIO	Pricing	333	START	1395137003181
SCENARIO	Pricing	358	START	1395137003181
SCENARIO	Pricing	197	START	1395137003181
SCENARIO	Pricing	319	START	1395137003181
SCENARIO	Pricing	262	START	1395137003181
SCENARIO	Pricing	187	START	1395137003181
SCENARIO	Pricing	487	START	1395137003181
SCENARIO	Pricing	18	START	1395137003182
SCENARIO	Pricing	397	START	1395137003182
SCENARIO	Pricing	326	START	1395137003182
SCENARIO	Pricing	133	START	1395137003182
SCENARIO	Pricing	131	START	1395137003182
SCENARIO	Pricing	334	START	1395137003182
SCENARIO	Pricing	212	START	1395137003182
SCENARIO	Pricing	209	START	1395137003182
SCENARIO	Pricing	173	START	1395137003182
SCENARIO	Pricing	350	START	1395137003182
SCENARIO	Pricing	254	START	1395137003182
SCENARIO	Pricing	242	START	1395137003182
SCENARIO	Pricing	94	START	1395137003182
SCENARIO	Pricing	282	START	1395137003183
SCENARIO	Pricing	234	START	1395137003183
SCENARIO	Pricing	205	START	1395137003183
SCENARIO	Pricing	330	START	1395137003183
SCENARIO	Pricing	476	START	1395137003183
SCENARIO	Pricing	141	START	1395137003183
SCENARIO	Pricing	188	START	1395137003183
SCENARIO	Pricing	220	START	1395137003183
SCENARIO	Pricing	438	START	1395137003183
SCENARIO	Pricing	343	START	1395137003183
SCENARIO	Pricing	14	START	1395137003183
SCENARIO	Pricing	165	START	1395137003183
SCENARIO	Pricing	455	START	1395137003183
SCENARIO	Pricing	50	START	1395137003183
SCENARIO	Pricing	486	START	1395137003183
SCENARIO	Pricing	39	START	1395137003184
SCENARIO	Pricing	436	START	1395137003184
SCENARIO	Pricing	375	START	1395137003184
SCENARIO	Pricing	73	START	1395137003184
SCENARIO	Pricing	199	START	1395137003184
SCENARIO	Pricing	21	START	1395137003184
SCENARIO	Pricing	258	START	1395137003184
SCENARIO	Pricing	245	START	1395137003184
SCENARIO	Pricing	181	START	1395137003184
SCENARIO	Pricing	72	START	1395137003184
SCENARIO	Pricing	203	START	1395137003184
SCENARIO	Pricing	227	START	1395137003184
SCENARIO	Pricing	320	START	1395137003184
SCENARIO	Pricing	58	START	1395137003184
SCENARIO	Pricing	183	START	1395137003184
SCENARIO	Pricing	218	START	1395137003185
SCENARIO	Pricing	185	START	1395137003185
SCENARIO	Pricing	376	START	1395137003185
SCENARIO	Pricing	41	START	1395137003185
SCENARIO	Pricing	447	START	1395137003185
SCENARIO	Pricing	65	START	1395137003185
SCENARIO	Pricing	303	START	1395137003185
SCENARIO	Pricing	324	START	1395137003185
SCENARIO	Pricing	286	START	1395137003185
SCENARIO	Pricing	138	START	1395137003185
SCENARIO	Pricing	263	START	1395137003185
SCENARIO	Pricing	308	START	1395137003185
SCENARIO	Pricing	295	START	1395137003185
SCENARIO	Pricing	240	START	1395137003185
SCENARIO	Pricing	321	START	1395137003185
SCENARIO	Pricing	323	START	1395137003185
SCENARIO	Pricing	33	START	1395137003186
SCENARIO	Pricing	361	START	1395137003186
SCENARIO	Pricing	198	START	1395137003186
SCENARIO	Pricing	67	START	1395137003186
SCENARIO	Pricing	367	START	1395137003186
SCENARIO	Pricing	409	START	1395137003186
SCENARIO	Pricing	226	START	1395137003186
SCENARIO	Pricing	348	START	1395137003186
SCENARIO	Pricing	25	START	1395137003186
SCENARIO	Pricing	300	START	1395137003186
SCENARIO	Pricing	425	START	1395137003186
SCENARIO	Pricing	20	START	1395137003186
SCENARIO	Pricing	211	START	1395137003186
SCENARIO	Pricing	2	START	1395137003186
SCENARIO	Pricing	366	START	1395137003186
SCENARIO	Pricing	78	START	1395137003186
SCENARIO	Pricing	217	START	1395137003186
SCENARIO	Pricing	460	START	1395137003186
SCENARIO	Pricing	210	START	1395137003186
SCENARIO	Pricing	102	START	1395137003186
SCENARIO	Pricing	42	START	1395137003186
SCENARIO	Pricing	349	START	1395137003186
SCENARIO	Pricing	174	START	1395137003186
SCENARIO	Pricing	252	START	1395137003186
SCENARIO	Pricing	201	START	1395137003186
SCENARIO	Pricing	481	START	1395137003186
SCENARIO	Pricing	186	START	1395137003186
SCENARIO	Pricing	393	START	1395137003186
SCENARIO	Pricing	312	START	1395137003186
SCENARIO	Pricing	114	START	1395137003187
SCENARIO	Pricing	83	START	1395137003187
SCENARIO	Pricing	177	START	1395137003187
SCENARIO	Pricing	310	START	1395137003187
SCENARIO	Pricing	265	START	1395137003187
SCENARIO	Pricing	430	START	1395137003187
SCENARIO	Pricing	35	START	1395137003187
SCENARIO	Pricing	302	START	1395137003187
SCENARIO	Pricing	462	START	1395137003187
SCENARIO	Pricing	7	START	1395137003187
SCENARIO	Pricing	98	START	1395137003187
SCENARIO	Pricing	288	START	1395137003187
SCENARIO	Pricing	342	START	1395137003187
SCENARIO	Pricing	137	START	1395137003187
SCENARIO	Pricing	90	START	1395137003187
SCENARIO	Pricing	74	START	1395137003187
SCENARIO	Pricing	140	START	1395137003187
SCENARIO	Pricing	219	START	1395137003187
SCENARIO	Pricing	392	START	1395137003187
SCENARIO	Pricing	413	START	1395137003187
SCENARIO	Pricing	281	START	1395137003187
SCENARIO	Pricing	500	START	1395137003187
SCENARIO	Pricing	236	START	1395137003187
SCENARIO	Pricing	202	START	1395137003187
SCENARIO	Pricing	76	START	1395137003187
SCENARIO	Pricing	84	START	1395137003187
SCENARIO	Pricing	16	START	1395137003187
SCENARIO	Pricing	154	START	1395137003187
SCENARIO	Pricing	216	START	1395137003187
SCENARIO	Pricing	377	START	1395137003188
SCENARIO	Pricing	412	START	1395137003188
SCENARIO	Pricing	224	START	1395137003188
SCENARIO	Pricing	346	START	1395137003188
SCENARIO	Pricing	379	START	1395137003188
SCENARIO	Pricing	40	START	1395137003188
SCENARIO	Pricing	329	START	1395137003188
SCENARIO	Pricing	420	START	1395137003188
SCENARIO	Pricing	4	START	1395137003188
SCENARIO	Pricing	331	START	1395137003188
SCENARIO	Pricing	488	START	1395137003188
SCENARIO	Pricing	272	START	1395137003188
SCENARIO	Pricing	277	START	1395137003188
SCENARIO	Pricing	15	START	1395137003188
SCENARIO	Pricing	6	START	1395137003188
SCENARIO	Pricing	51	START	1395137003188
SCENARIO	Pricing	261	START	1395137003188
SCENARIO	Pricing	482	START	1395137003188
SCENARIO	Pricing	184	START	1395137003188
SCENARIO	Pricing	432	START	1395137003188
SCENARIO	Pricing	463	START	1395137003188
SCENARIO	Pricing	116	START	1395137003189
SCENARIO	Pricing	110	START	1395137003189
SCENARIO	Pricing	444	START	1395137003189
SCENARIO	Pricing	381	START	1395137003189
SCENARIO	Pricing	85	START	1395137003189
SCENARIO	Pricing	294	START	1395137003189
SCENARIO	Pricing	497	START	1395137003189
SCENARIO	Pricing	439	START	1395137003189
SCENARIO	Pricing	383	START	1395137003189
SCENARIO	Pricing	229	START	1395137003189
SCENARIO	Pricing	82	START	1395137003189
SCENARIO	Pricing	104	START	1395137003189
SCENARIO	Pricing	322	START	1395137003189
SCENARIO	Pricing	60	START	1395137003189
SCENARIO	Pricing	139	START	1395137003189
SCENARIO	Pricing	55	START	1395137003190
SCENARIO	Pricing	250	START	1395137003190
SCENARIO	Pricing	182	START	1395137003190
SCENARIO	Pricing	122	START	1395137003190
SCENARIO	Pricing	207	START	1395137003190
SCENARIO	Pricing	275	START	1395137003190
SCENARIO	Pricing	424	START	1395137003190
SCENARIO	Pricing	471	START	1395137003190
SCENARIO	Pricing	159	START	1395137003190
SCENARIO	Pricing	231	START	1395137003190
SCENARIO	Pricing	491	START	1395137003190
SCENARIO	Pricing	394	START	1395137003190
SCENARIO	Pricing	27	START	1395137003190
SCENARIO	Pricing	445	START	1395137003190
SCENARIO	Pricing	46	START	1395137003190
SCENARIO	Pricing	305	START	1395137003191
SCENARIO	Pricing	416	START	1395137003191
SCENARIO	Pricing	29	START	1395137003191
SCENARIO	Pricing	493	START	1395137003191
SCENARIO	Pricing	112	START	1395137003191
SCENARIO	Pricing	257	START	1395137003191
SCENARIO	Pricing	314	START	1395137003191
SCENARIO	Pricing	391	START	1395137003191
SCENARIO	Pricing	47	START	1395137003191
SCENARIO	Pricing	248	START	1395137003191
SCENARIO	Pricing	178	START	1395137003191
SCENARIO	Pricing	150	START	1395137003191
SCENARIO	Pricing	249	START	1395137003191
SCENARIO	Pricing	235	START	1395137003191
SCENARIO	Pricing	45	START	1395137003192
SCENARIO	Pricing	474	START	1395137003192
SCENARIO	Pricing	446	START	1395137003192
SCENARIO	Pricing	206	START	1395137003192
SCENARIO	Pricing	269	START	1395137003192
SCENARIO	Pricing	62	START	1395137003192
SCENARIO	Pricing	453	START	1395137003192
SCENARIO	Pricing	473	START	1395137003192
SCENARIO	Pricing	95	START	1395137003192
SCENARIO	Pricing	454	START	1395137003192
SCENARIO	Pricing	103	START	1395137003192
SCENARIO	Pricing	241	START	1395137003192
SCENARIO	Pricing	495	START	1395137003192
SCENARIO	Pricing	448	START	1395137003192
SCENARIO	Pricing	189	START	1395137003192
SCENARIO	Pricing	437	START	1395137003192
SCENARIO	Pricing	48	START	1395137003193
SCENARIO	Pricing	274	START	1395137003193
SCENARIO	Pricing	411	START	1395137003193
SCENARIO	Pricing	429	START	1395137003193
SCENARIO	Pricing	176	START	1395137003193
SCENARIO	Pricing	31	START	1395137003193
SCENARIO	Pricing	415	START	1395137003197
SCENARIO	Pricing	111	START	1395137003197
SCENARIO	Pricing	309	START	1395137003197
SCENARIO	Pricing	225	START	1395137003198
SCENARIO	Pricing	87	START	1395137003198
SCENARIO	Pricing	145	START	1395137003198
SCENARIO	Pricing	306	START	1395137003198
SCENARIO	Pricing	456	START	1395137003198
SCENARIO	Pricing	200	START	1395137003198
SCENARIO	Pricing	175	START	1395137003198
SCENARIO	Pricing	171	START	1395137003198
SCENARIO	Pricing	450	START	1395137003198
SCENARIO	Pricing	315	START	1395137003199
SCENARIO	Pricing	100	START	1395137003199
SCENARIO	Pricing	279	START	1395137003199
SCENARIO	Pricing	328	START	1395137003199
SCENARIO	Pricing	479	START	1395137003199
SCENARIO	Pricing	489	START	1395137003199
SCENARIO	Pricing	490	START	1395137003199
SCENARIO	Pricing	115	START	1395137003199
SCENARIO	Pricing	374	START	1395137003199
SCENARIO	Pricing	168	START	1395137003199
SCENARIO	Pricing	472	START	1395137003199
SCENARIO	Pricing	232	START	1395137003199
SCENARIO	Pricing	337	START	1395137003199
SCENARIO	Pricing	169	START	1395137003199
SCENARIO	Pricing	71	START	1395137003199
SCENARIO	Pricing	287	START	1395137003199
SCENARIO	Pricing	457	START	1395137003199
SCENARIO	Pricing	293	START	1395137003200
SCENARIO	Pricing	492	START	1395137003200
SCENARIO	Pricing	204	START	1395137003200
SCENARIO	Pricing	284	START	1395137003200
SCENARIO	Pricing	22	START	1395137003200
SCENARIO	Pricing	428	START	1395137003200
SCENARIO	Pricing	477	START	1395137003200
SCENARIO	Pricing	125	START	1395137003200
SCENARIO	Pricing	123	START	1395137003200
SCENARIO	Pricing	406	START	1395137003200
SCENARIO	Pricing	368	START	1395137003200
SCENARIO	Pricing	167	START	1395137003200
SCENARIO	Pricing	10	START	1395137003200
SCENARIO	Pricing	44	START	1395137003200
SCENARIO	Pricing	313	START	1395137003200
SCENARIO	Pricing	64	START	1395137003200
SCENARIO	Pricing	400	START	1395137003200
SCENARIO	Pricing	359	START	1395137003200
SCENARIO	Pricing	266	START	1395137003200
SCENARIO	Pricing	498	START	1395137003200
SCENARIO	Pricing	96	START	1395137003201
SCENARIO	Pricing	70	START	1395137003201
SCENARIO	Pricing	451	START	1395137003201
SCENARIO	Pricing	208	START	1395137003201
SCENARIO	Pricing	191	START	1395137003201
SCENARIO	Pricing	222	START	1395137003201
SCENARIO	Pricing	69	START	1395137003201
SCENARIO	Pricing	246	START	1395137003201
SCENARIO	Pricing	180	START	1395137003201
SCENARIO	Pricing	101	START	1395137003201
SCENARIO	Pricing	156	START	1395137003201
SCENARIO	Pricing	194	START	1395137003201
SCENARIO	Pricing	172	START	1395137003201
SCENARIO	Pricing	66	START	1395137003201
SCENARIO	Pricing	158	START	1395137003201
SCENARIO	Pricing	108	START	1395137003202
SCENARIO	Pricing	149	START	1395137003202
SCENARIO	Pricing	496	START	1395137003202
SCENARIO	Pricing	480	START	1395137003202
SCENARIO	Pricing	278	START	1395137003202
SCENARIO	Pricing	61	START	1395137003202
SCENARIO	Pricing	271	START	1395137003202
SCENARIO	Pricing	423	START	1395137003202
SCENARIO	Pricing	38	START	1395137003202
SCENARIO	Pricing	43	START	1395137003202
SCENARIO	Pricing	255	START	1395137003202
SCENARIO	Pricing	163	START	1395137003202
SCENARIO	Pricing	335	START	1395137003202
SCENARIO	Pricing	352	START	1395137003202
SCENARIO	Pricing	118	START	1395137003202
SCENARIO	Pricing	97	START	1395137003202
SCENARIO	Pricing	24	START	1395137003202
SCENARIO	Pricing	494	START	1395137003202
SCENARIO	Pricing	144	START	1395137003202
SCENARIO	Pricing	135	START	1395137003202
SCENARIO	Pricing	402	START	1395137003203
SCENARIO	Pricing	484	START	1395137003203
SCENARIO	Pricing	86	START	1395137003203
SCENARIO	Pricing	54	START	1395137003203
SCENARIO	Pricing	421	START	1395137003203
SCENARIO	Pricing	147	START	1395137003203
SCENARIO	Pricing	77	START	1395137003203
SCENARIO	Pricing	418	START	1395137003203
SCENARIO	Pricing	68	START	1395137003203
SCENARIO	Pricing	360	START	1395137003203
SCENARIO	Pricing	419	START	1395137003212
SCENARIO	Pricing	192	START	1395137003212
SCENARIO	Pricing	162	START	1395137003212
SCENARIO	Pricing	371	START	1395137003212
SCENARIO	Pricing	12	START	1395137003212
SCENARIO	Pricing	273	START	1395137003212
SCENARIO	Pricing	339	START	1395137003212
SCENARIO	Pricing	417	START	1395137003212
SCENARIO	Pricing	190	START	1395137003212
SCENARIO	Pricing	356	START	1395137003212
SCENARIO	Pricing	136	START	1395137003212
SCENARIO	Pricing	238	START	1395137003212
SCENARIO	Pricing	276	START	1395137003212
SCENARIO	Pricing	155	START	1395137003212
SCENARIO	Pricing	404	START	1395137003212
ACTION	Pricing	386	price	1395137003331	1395137003349	1395137052786	1395137052810	OK	 
ACTION	Pricing	132	price	1395137003319	1395137003342	1395137052785	1395137052803	OK	 
ACTION	Pricing	388	price	1395137003308	1395137003346	1395137052785	1395137052794	OK	 
SCENARIO	Pricing	388	END	1395137052826
SCENARIO	Pricing	386	END	1395137052833
SCENARIO	Pricing	132	END	1395137052833
ACTION	Pricing	283	price	1395137003277	1395137003300	1395137052942	1395137052942	OK	 
SCENARIO	Pricing	283	END	1395137052943
ACTION	Pricing	452	price	1395137003433	1395137003435	1395137053053	1395137053053	OK	 
SCENARIO	Pricing	452	END	1395137053054
ACTION	Pricing	332	price	1395137003402	1395137003405	1395137053144	1395137053144	OK	 
SCENARIO	Pricing	332	END	1395137053145
ACTION	Pricing	369	price	1395137003353	1395137003360	1395137053276	1395137053276	OK	 
SCENARIO	Pricing	369	END	1395137053278
ACTION	Pricing	382	price	1395137003243	1395137003338	1395137053496	1395137053496	OK	 
SCENARIO	Pricing	382	END	1395137053497
ACTION	Pricing	499	price	1395137003422	1395137003426	1395137053501	1395137053501	OK	 
SCENARIO	Pricing	499	END	1395137053502
ACTION	Pricing	109	price	1395137003251	1395137003335	1395137053527	1395137053527	OK	 
SCENARIO	Pricing	109	END	1395137053528
ACTION	Pricing	221	price	1395137003411	1395137003414	1395137053588	1395137053588	OK	 
SCENARIO	Pricing	221	END	1395137053589
ACTION	Pricing	107	price	1395137003279	1395137003336	1395137053628	1395137053628	OK	 
SCENARIO	Pricing	107	END	1395137053629
ACTION	Pricing	56	price	1395137003440	1395137003442	1395137053641	1395137053641	OK	 
SCENARIO	Pricing	56	END	1395137053643
ACTION	Pricing	398	price	1395137003385	1395137003388	1395137053723	1395137053723	OK	 
SCENARIO	Pricing	398	END	1395137053724
ACTION	Pricing	214	price	1395137003424	1395137003427	1395137053791	1395137053792	OK	 
SCENARIO	Pricing	214	END	1395137053792
ACTION	Pricing	161	price	1395137003421	1395137003427	1395137053830	1395137053830	OK	 
SCENARIO	Pricing	161	END	1395137053831
ACTION	Pricing	215	price	1395137003412	1395137003414	1395137053889	1395137053889	OK	 
SCENARIO	Pricing	215	END	1395137053891
ACTION	Pricing	105	price	1395137003399	1395137003401	1395137053914	1395137053914	OK	 
SCENARIO	Pricing	105	END	1395137053915
ACTION	Pricing	264	price	1395137003250	1395137003340	1395137053943	1395137053943	OK	 
SCENARIO	Pricing	264	END	1395137053944
ACTION	Pricing	130	price	1395137003407	1395137003409	1395137054016	1395137054016	OK	 
SCENARIO	Pricing	130	END	1395137054017
ACTION	Pricing	113	price	1395137003414	1395137003416	1395137054033	1395137054033	OK	 
SCENARIO	Pricing	113	END	1395137054034
ACTION	Pricing	1	price	1395137003357	1395137003357	1395137054094	1395137054095	OK	 
SCENARIO	Pricing	1	END	1395137054095
ACTION	Pricing	79	price	1395137003404	1395137003406	1395137054132	1395137054132	OK	 
SCENARIO	Pricing	79	END	1395137054133
ACTION	Pricing	427	price	1395137003309	1395137003339	1395137054142	1395137054143	OK	 
SCENARIO	Pricing	427	END	1395137054143
ACTION	Pricing	153	price	1395137003364	1395137003368	1395137054173	1395137054173	OK	 
SCENARIO	Pricing	153	END	1395137054174
ACTION	Pricing	75	price	1395137003299	1395137003339	1395137054202	1395137054202	OK	 
SCENARIO	Pricing	75	END	1395137054203
ACTION	Pricing	433	price	1395137003376	1395137003378	1395137054232	1395137054233	OK	 
SCENARIO	Pricing	433	END	1395137054233
ACTION	Pricing	327	price	1395137003405	1395137003407	1395137054261	1395137054262	OK	 
SCENARIO	Pricing	327	END	1395137054262
ACTION	Pricing	126	price	1395137003292	1395137003336	1395137054292	1395137054292	OK	 
SCENARIO	Pricing	126	END	1395137054293
ACTION	Pricing	170	price	1395137003292	1395137003341	1395137054323	1395137054323	OK	 
SCENARIO	Pricing	170	END	1395137054324
ACTION	Pricing	408	price	1395137003431	1395137003434	1395137054355	1395137054355	OK	 
SCENARIO	Pricing	408	END	1395137054356
ACTION	Pricing	325	price	1395137003427	1395137003430	1395137054384	1395137054384	OK	 
SCENARIO	Pricing	325	END	1395137054385
ACTION	Pricing	267	price	1395137003382	1395137003384	1395137054412	1395137054412	OK	 
SCENARIO	Pricing	267	END	1395137054413
ACTION	Pricing	475	price	1395137003259	1395137003330	1395137054443	1395137054443	OK	 
SCENARIO	Pricing	475	END	1395137054444
ACTION	Pricing	243	price	1395137003289	1395137003343	1395137054470	1395137054470	OK	 
SCENARIO	Pricing	243	END	1395137054471
ACTION	Pricing	399	price	1395137003305	1395137003346	1395137054497	1395137054497	OK	 
SCENARIO	Pricing	399	END	1395137054498
ACTION	Pricing	384	price	1395137003292	1395137003338	1395137054526	1395137054526	OK	 
SCENARIO	Pricing	384	END	1395137054527
ACTION	Pricing	370	price	1395137003262	1395137003302	1395137054556	1395137054556	OK	 
SCENARIO	Pricing	370	END	1395137054556
ACTION	Pricing	28	price	1395137003292	1395137003344	1395137054583	1395137054584	OK	 
SCENARIO	Pricing	28	END	1395137054584
ACTION	Pricing	244	price	1395137003400	1395137003401	1395137054614	1395137054614	OK	 
SCENARIO	Pricing	244	END	1395137054615
ACTION	Pricing	81	price	1395137003387	1395137003395	1395137054642	1395137054642	OK	 
SCENARIO	Pricing	81	END	1395137054643
ACTION	Pricing	461	price	1395137003277	1395137003299	1395137054693	1395137054693	OK	 
SCENARIO	Pricing	461	END	1395137054694
ACTION	Pricing	92	price	1395137003397	1395137003398	1395137054719	1395137054720	OK	 
SCENARIO	Pricing	92	END	1395137054720
ACTION	Pricing	464	price	1395137003386	1395137003393	1395137054747	1395137054747	OK	 
SCENARIO	Pricing	464	END	1395137054748
ACTION	Pricing	435	price	1395137003402	1395137003402	1395137054776	1395137054776	OK	 
SCENARIO	Pricing	435	END	1395137054777
ACTION	Pricing	405	price	1395137003277	1395137003338	1395137054809	1395137054810	OK	 
SCENARIO	Pricing	405	END	1395137054810
ACTION	Pricing	157	price	1395137003362	1395137003369	1395137054838	1395137054838	OK	 
SCENARIO	Pricing	157	END	1395137054839
ACTION	Pricing	57	price	1395137003298	1395137003336	1395137054865	1395137054865	OK	 
SCENARIO	Pricing	57	END	1395137054865
ACTION	Pricing	26	price	1395137003265	1395137003340	1395137054892	1395137054893	OK	 
SCENARIO	Pricing	26	END	1395137054894
ACTION	Pricing	260	price	1395137003414	1395137003415	1395137054920	1395137054921	OK	 
SCENARIO	Pricing	260	END	1395137054923
ACTION	Pricing	485	price	1395137003262	1395137003344	1395137054952	1395137054952	OK	 
SCENARIO	Pricing	485	END	1395137054953
ACTION	Pricing	128	price	1395137003443	1395137003443	1395137054977	1395137054977	OK	 
SCENARIO	Pricing	128	END	1395137054978
ACTION	Pricing	351	price	1395137003253	1395137003338	1395137055004	1395137055004	OK	 
SCENARIO	Pricing	351	END	1395137055005
ACTION	Pricing	268	price	1395137003409	1395137003412	1395137055032	1395137055033	OK	 
SCENARIO	Pricing	268	END	1395137055033
ACTION	Pricing	338	price	1395137003278	1395137003303	1395137055064	1395137055064	OK	 
SCENARIO	Pricing	338	END	1395137055065
ACTION	Pricing	344	price	1395137003399	1395137003400	1395137055094	1395137055094	OK	 
SCENARIO	Pricing	344	END	1395137055094
ACTION	Pricing	193	price	1395137003255	1395137003341	1395137055121	1395137055121	OK	 
SCENARIO	Pricing	193	END	1395137055122
ACTION	Pricing	298	price	1395137003281	1395137003336	1395137055150	1395137055150	OK	 
SCENARIO	Pricing	298	END	1395137055151
ACTION	Pricing	99	price	1395137003300	1395137003341	1395137055180	1395137055180	OK	 
SCENARIO	Pricing	99	END	1395137055181
ACTION	Pricing	363	price	1395137003277	1395137003311	1395137055207	1395137055207	OK	 
SCENARIO	Pricing	363	END	1395137055208
ACTION	Pricing	355	price	1395137003422	1395137003430	1395137055235	1395137055235	OK	 
SCENARIO	Pricing	355	END	1395137055236
ACTION	Pricing	247	price	1395137003320	1395137003347	1395137055262	1395137055262	OK	 
SCENARIO	Pricing	247	END	1395137055263
ACTION	Pricing	443	price	1395137003262	1395137003303	1395137055290	1395137055290	OK	 
SCENARIO	Pricing	443	END	1395137055291
ACTION	Pricing	297	price	1395137003241	1395137003243	1395137055319	1395137055319	OK	 
SCENARIO	Pricing	297	END	1395137055320
ACTION	Pricing	422	price	1395137003305	1395137003337	1395137055347	1395137055347	OK	 
SCENARIO	Pricing	422	END	1395137055347
ACTION	Pricing	426	price	1395137003256	1395137003323	1395137055376	1395137055376	OK	 
SCENARIO	Pricing	426	END	1395137055377
ACTION	Pricing	129	price	1395137003253	1395137003332	1395137055405	1395137055405	OK	 
SCENARIO	Pricing	129	END	1395137055406
ACTION	Pricing	195	price	1395137003259	1395137003328	1395137055434	1395137055434	OK	 
SCENARIO	Pricing	195	END	1395137055435
ACTION	Pricing	52	price	1395137003362	1395137003362	1395137055461	1395137055462	OK	 
SCENARIO	Pricing	52	END	1395137055462
ACTION	Pricing	401	price	1395137003366	1395137003374	1395137055491	1395137055491	OK	 
SCENARIO	Pricing	401	END	1395137055492
ACTION	Pricing	239	price	1395137003265	1395137003303	1395137055523	1395137055523	OK	 
SCENARIO	Pricing	239	END	1395137055524
ACTION	Pricing	223	price	1395137003439	1395137003440	1395137055552	1395137055552	OK	 
SCENARIO	Pricing	223	END	1395137055553
ACTION	Pricing	37	price	1395137003423	1395137003429	1395137055581	1395137055582	OK	 
SCENARIO	Pricing	37	END	1395137055582
ACTION	Pricing	5	price	1395137003419	1395137003420	1395137055608	1395137055608	OK	 
SCENARIO	Pricing	5	END	1395137055609
ACTION	Pricing	403	price	1395137003427	1395137003430	1395137055637	1395137055637	OK	 
SCENARIO	Pricing	403	END	1395137055638
ACTION	Pricing	19	price	1395137003405	1395137003407	1395137055662	1395137055663	OK	 
SCENARIO	Pricing	19	END	1395137055664
ACTION	Pricing	466	price	1395137003265	1395137003332	1395137055691	1395137055692	OK	 
SCENARIO	Pricing	466	END	1395137055692
ACTION	Pricing	307	price	1395137003321	1395137003342	1395137055722	1395137055722	OK	 
SCENARIO	Pricing	307	END	1395137055723
ACTION	Pricing	440	price	1395137003277	1395137003330	1395137055754	1395137055755	OK	 
SCENARIO	Pricing	440	END	1395137055755
ACTION	Pricing	251	price	1395137003267	1395137003332	1395137055782	1395137055783	OK	 
SCENARIO	Pricing	251	END	1395137055783
ACTION	Pricing	117	price	1395137003395	1395137003397	1395137055811	1395137055811	OK	 
SCENARIO	Pricing	117	END	1395137055812
ACTION	Pricing	316	price	1395137003411	1395137003413	1395137055839	1395137055839	OK	 
SCENARIO	Pricing	316	END	1395137055840
ACTION	Pricing	364	price	1395137003409	1395137003410	1395137055867	1395137055867	OK	 
SCENARIO	Pricing	364	END	1395137055868
ACTION	Pricing	478	price	1395137003280	1395137003298	1395137055896	1395137055896	OK	 
SCENARIO	Pricing	478	END	1395137055897
ACTION	Pricing	291	price	1395137003280	1395137003334	1395137055923	1395137055923	OK	 
SCENARIO	Pricing	291	END	1395137055924
ACTION	Pricing	256	price	1395137003306	1395137003339	1395137055952	1395137055953	OK	 
SCENARIO	Pricing	256	END	1395137055953
ACTION	Pricing	151	price	1395137003367	1395137003373	1395137055981	1395137055981	OK	 
SCENARIO	Pricing	151	END	1395137055982
ACTION	Pricing	230	price	1395137003432	1395137003433	1395137056009	1395137056009	OK	 
SCENARIO	Pricing	230	END	1395137056010
ACTION	Pricing	148	price	1395137003437	1395137003438	1395137056037	1395137056037	OK	 
SCENARIO	Pricing	148	END	1395137056038
ACTION	Pricing	228	price	1395137003412	1395137003416	1395137056065	1395137056066	OK	 
SCENARIO	Pricing	228	END	1395137056066
ACTION	Pricing	213	price	1395137003416	1395137003418	1395137056096	1395137056096	OK	 
SCENARIO	Pricing	213	END	1395137056096
ACTION	Pricing	134	price	1395137003405	1395137003406	1395137056123	1395137056123	OK	 
SCENARIO	Pricing	134	END	1395137056124
ACTION	Pricing	387	price	1395137003243	1395137003335	1395137056153	1395137056153	OK	 
SCENARIO	Pricing	387	END	1395137056153
ACTION	Pricing	340	price	1395137003379	1395137003381	1395137056182	1395137056183	OK	 
SCENARIO	Pricing	340	END	1395137056183
ACTION	Pricing	441	price	1395137003350	1395137003353	1395137056210	1395137056210	OK	 
SCENARIO	Pricing	441	END	1395137056211
ACTION	Pricing	296	price	1395137003307	1395137003341	1395137056238	1395137056239	OK	 
SCENARIO	Pricing	296	END	1395137056239
ACTION	Pricing	304	price	1395137003427	1395137003428	1395137056266	1395137056266	OK	 
SCENARIO	Pricing	304	END	1395137056267
ACTION	Pricing	468	price	1395137003360	1395137003360	1395137056295	1395137056295	OK	 
SCENARIO	Pricing	468	END	1395137056296
ACTION	Pricing	89	price	1395137003266	1395137003322	1395137056322	1395137056323	OK	 
SCENARIO	Pricing	89	END	1395137056323
ACTION	Pricing	459	price	1395137003308	1395137003342	1395137056353	1395137056353	OK	 
SCENARIO	Pricing	459	END	1395137056353
ACTION	Pricing	36	price	1395137003421	1395137003429	1395137056388	1395137056388	OK	 
SCENARIO	Pricing	36	END	1395137056389
ACTION	Pricing	13	price	1395137003443	1395137003449	1395137058718	1395137058719	OK	 
SCENARIO	Pricing	13	END	1395137058719
ACTION	Pricing	373	price	1395137003444	1395137003445	1395137058718	1395137058718	OK	 
SCENARIO	Pricing	373	END	1395137058720
ACTION	Pricing	424	price	1395137003645	1395137004646	1395137059905	1395137059905	OK	 
SCENARIO	Pricing	424	END	1395137059906
ACTION	Pricing	17	price	1395137003446	1395137006450	1395137061701	1395137061701	OK	 
SCENARIO	Pricing	17	END	1395137061702
ACTION	Pricing	317	price	1395137003445	1395137006450	1395137061736	1395137061737	OK	 
SCENARIO	Pricing	317	END	1395137061737
ACTION	Pricing	160	price	1395137003457	1395137034522	1395137062047	1395137062047	OK	 
SCENARIO	Pricing	160	END	1395137062048
ACTION	Pricing	121	price	1395137003456	1395137034522	1395137062084	1395137062084	OK	 
SCENARIO	Pricing	121	END	1395137062085
ACTION	Pricing	88	price	1395137003464	1395137003464	1395137003464	1395137003464	KO	GatlingAsyncHandlerActor timed out
ACTION	Pricing	301	price	1395137003473	1395137003473	1395137003473	1395137003473	KO	GatlingAsyncHandlerActor timed out
ACTION	Pricing	9	price	1395137003471	1395137003471	1395137003471	1395137003471	KO	GatlingAsyncHandlerActor timed out
ACTION	Pricing	3	price	1395137003468	1395137003468	1395137003468	1395137003468	KO	GatlingAsyncHandlerActor timed out
ACTION	Pricing	396	price	1395137003470	1395137003470	1395137003470	1395137003470	KO	GatlingAsyncHandlerActor timed out
ACTION	Pricing	270	price	1395137003458	1395137003458	1395137003458	1395137003458	KO	GatlingAsyncHandlerActor timed out
ACTION	Pricing	146	price	1395137003476	1395137003476	1395137003476	1395137003476	KO	GatlingAsyncHandlerActor timed out
ACTION	Pricing	53	price	1395137003462	1395137003462	1395137003462	1395137003462	KO	GatlingAsyncHandlerActor timed out
ACTION	Pricing	318	price	1395137003463	1395137003463	1395137003463	1395137003463	KO	GatlingAsyncHandlerActor timed out
ACTION	Pricing	362	price	1395137003475	1395137003475	1395137003475	1395137003475	KO	GatlingAsyncHandlerActor timed out
ACTION	Pricing	23	price	1395137003469	1395137003469	1395137003469	1395137003469	KO	GatlingAsyncHandlerActor timed out
ACTION	Pricing	166	price	1395137003464	1395137003464	1395137003464	1395137003464	KO	GatlingAsyncHandlerActor timed out
ACTION	Pricing	483	price	1395137003461	1395137003461	1395137003461	1395137003461	KO	GatlingAsyncHandlerActor timed out
ACTION	Pricing	434	price	1395137003474	1395137003474	1395137003474	1395137003474	KO	GatlingAsyncHandlerActor timed out
ACTION	Pricing	237	price	1395137003457	1395137003457	1395137003457	1395137003457	KO	GatlingAsyncHandlerActor timed out
ACTION	Pricing	347	price	1395137003472	1395137003472	1395137003472	1395137003472	KO	GatlingAsyncHandlerActor timed out
ACTION	Pricing	91	price	1395137003467	1395137003467	1395137003467	1395137003467	KO	GatlingAsyncHandlerActor timed out
ACTION	Pricing	196	price	1395137003476	1395137003476	1395137003476	1395137003476	KO	GatlingAsyncHandlerActor timed out
ACTION	Pricing	93	price	1395137003472	1395137003472	1395137003472	1395137003472	KO	GatlingAsyncHandlerActor timed out
SCENARIO	Pricing	88	END	1395137063503
SCENARIO	Pricing	301	END	1395137063503
SCENARIO	Pricing	9	END	1395137063503
SCENARIO	Pricing	3	END	1395137063503
SCENARIO	Pricing	396	END	1395137063503
SCENARIO	Pricing	270	END	1395137063505
SCENARIO	Pricing	146	END	1395137063505
SCENARIO	Pricing	53	END	1395137063505
SCENARIO	Pricing	318	END	1395137063505
SCENARIO	Pricing	362	END	1395137063505
SCENARIO	Pricing	23	END	1395137063505
SCENARIO	Pricing	166	END	1395137063505
SCENARIO	Pricing	483	END	1395137063505
SCENARIO	Pricing	434	END	1395137063505
SCENARIO	Pricing	237	END	1395137063505
SCENARIO	Pricing	347	END	1395137063506
SCENARIO	Pricing	91	END	1395137063506
SCENARIO	Pricing	196	END	1395137063506
SCENARIO	Pricing	93	END	1395137063506
ACTION	Pricing	49	price	1395137003470	1395137003470	1395137003470	1395137003470	KO	GatlingAsyncHandlerActor timed out
SCENARIO	Pricing	49	END	1395137063511
ACTION	Pricing	458	price	1395137003461	1395137003461	1395137003461	1395137003461	KO	GatlingAsyncHandlerActor timed out
ACTION	Pricing	233	price	1395137003477	1395137003477	1395137003477	1395137003477	KO	GatlingAsyncHandlerActor timed out
SCENARIO	Pricing	458	END	1395137063512
SCENARIO	Pricing	233	END	1395137063512
ACTION	Pricing	380	price	1395137003460	1395137003460	1395137003460	1395137003460	KO	GatlingAsyncHandlerActor timed out
SCENARIO	Pricing	380	END	1395137063513
ACTION	Pricing	30	price	1395137003459	1395137003459	1395137003459	1395137003459	KO	GatlingAsyncHandlerActor timed out
SCENARIO	Pricing	30	END	1395137063514
ACTION	Pricing	285	price	1395137003467	1395137003467	1395137003467	1395137003467	KO	GatlingAsyncHandlerActor timed out
SCENARIO	Pricing	285	END	1395137063514
ACTION	Pricing	120	price	1395137003467	1395137003467	1395137003467	1395137003467	KO	GatlingAsyncHandlerActor timed out
SCENARIO	Pricing	120	END	1395137063515
ACTION	Pricing	124	price	1395137003486	1395137003486	1395137003486	1395137003486	KO	GatlingAsyncHandlerActor timed out
SCENARIO	Pricing	124	END	1395137063528
ACTION	Pricing	259	price	1395137003481	1395137003481	1395137003481	1395137003481	KO	GatlingAsyncHandlerActor timed out
ACTION	Pricing	365	price	1395137003489	1395137003489	1395137003489	1395137003489	KO	GatlingAsyncHandlerActor timed out
ACTION	Pricing	254	price	1395137003524	1395137003524	1395137003524	1395137003524	KO	GatlingAsyncHandlerActor timed out
ACTION	Pricing	94	price	1395137003526	1395137003526	1395137003526	1395137003526	KO	GatlingAsyncHandlerActor timed out
ACTION	Pricing	131	price	1395137003521	1395137003521	1395137003521	1395137003521	KO	GatlingAsyncHandlerActor timed out
ACTION	Pricing	11	price	1395137003489	1395137003489	1395137003489	1395137003489	KO	GatlingAsyncHandlerActor timed out
SCENARIO	Pricing	259	END	1395137063529
SCENARIO	Pricing	365	END	1395137063529
SCENARIO	Pricing	254	END	1395137063529
SCENARIO	Pricing	94	END	1395137063529
SCENARIO	Pricing	131	END	1395137063529
ACTION	Pricing	354	price	1395137003498	1395137003498	1395137003498	1395137003498	KO	GatlingAsyncHandlerActor timed out
ACTION	Pricing	212	price	1395137003521	1395137003521	1395137003521	1395137003521	KO	GatlingAsyncHandlerActor timed out
ACTION	Pricing	326	price	1395137003518	1395137003518	1395137003518	1395137003518	KO	GatlingAsyncHandlerActor timed out
ACTION	Pricing	345	price	1395137003482	1395137003482	1395137003482	1395137003482	KO	GatlingAsyncHandlerActor timed out
SCENARIO	Pricing	11	END	1395137063530
SCENARIO	Pricing	354	END	1395137063530
ACTION	Pricing	143	price	1395137003480	1395137003480	1395137003480	1395137003480	KO	GatlingAsyncHandlerActor timed out
SCENARIO	Pricing	212	END	1395137063530
ACTION	Pricing	336	price	1395137003490	1395137003490	1395137003490	1395137003490	KO	GatlingAsyncHandlerActor timed out
ACTION	Pricing	372	price	1395137003486	1395137003486	1395137003486	1395137003486	KO	GatlingAsyncHandlerActor timed out
ACTION	Pricing	389	price	1395137003508	1395137003508	1395137003508	1395137003508	KO	GatlingAsyncHandlerActor timed out
SCENARIO	Pricing	326	END	1395137063531
SCENARIO	Pricing	345	END	1395137063531
SCENARIO	Pricing	143	END	1395137063531
SCENARIO	Pricing	336	END	1395137063531
ACTION	Pricing	32	price	1395137003487	1395137003487	1395137003487	1395137003487	KO	GatlingAsyncHandlerActor timed out
ACTION	Pricing	59	price	1395137003510	1395137003510	1395137003510	1395137003510	KO	GatlingAsyncHandlerActor timed out
ACTION	Pricing	407	price	1395137003510	1395137003510	1395137003510	1395137003510	KO	GatlingAsyncHandlerActor timed out
SCENARIO	Pricing	372	END	1395137063531
SCENARIO	Pricing	389	END	1395137063531
SCENARIO	Pricing	32	END	1395137063531
SCENARIO	Pricing	59	END	1395137063531
ACTION	Pricing	431	price	1395137003491	1395137003491	1395137003491	1395137003491	KO	GatlingAsyncHandlerActor timed out
ACTION	Pricing	282	price	1395137003526	1395137003526	1395137003526	1395137003526	KO	GatlingAsyncHandlerActor timed out
ACTION	Pricing	299	price	1395137003509	1395137003509	1395137003509	1395137003509	KO	GatlingAsyncHandlerActor timed out
ACTION	Pricing	209	price	1395137003522	1395137003522	1395137003522	1395137003522	KO	GatlingAsyncHandlerActor timed out
ACTION	Pricing	179	price	1395137003479	1395137003479	1395137003479	1395137003479	KO	GatlingAsyncHandlerActor timed out
ACTION	Pricing	142	price	1395137003507	1395137003507	1395137003507	1395137003507	KO	GatlingAsyncHandlerActor timed out
ACTION	Pricing	469	price	1395137003505	1395137003505	1395137003505	1395137003505	KO	GatlingAsyncHandlerActor timed out
ACTION	Pricing	164	price	1395137003494	1395137003494	1395137003494	1395137003494	KO	GatlingAsyncHandlerActor timed out
ACTION	Pricing	311	price	1395137003478	1395137003478	1395137003478	1395137003478	KO	GatlingAsyncHandlerActor timed out
ACTION	Pricing	173	price	1395137003522	1395137003522	1395137003522	1395137003522	KO	GatlingAsyncHandlerActor timed out
ACTION	Pricing	449	price	1395137003486	1395137003486	1395137003486	1395137003486	KO	GatlingAsyncHandlerActor timed out
ACTION	Pricing	385	price	1395137003505	1395137003505	1395137003505	1395137003505	KO	GatlingAsyncHandlerActor timed out
ACTION	Pricing	133	price	1395137003521	1395137003521	1395137003521	1395137003521	KO	GatlingAsyncHandlerActor timed out
ACTION	Pricing	333	price	1395137003511	1395137003511	1395137003511	1395137003511	KO	GatlingAsyncHandlerActor timed out
ACTION	Pricing	358	price	1395137003512	1395137003512	1395137003512	1395137003512	KO	GatlingAsyncHandlerActor timed out
ACTION	Pricing	390	price	1395137003504	1395137003504	1395137003504	1395137003504	KO	GatlingAsyncHandlerActor timed out
ACTION	Pricing	119	price	1395137003479	1395137003479	1395137003479	1395137003479	KO	GatlingAsyncHandlerActor timed out
ACTION	Pricing	410	price	1395137003483	1395137003483	1395137003483	1395137003483	KO	GatlingAsyncHandlerActor timed out
ACTION	Pricing	34	price	1395137003500	1395137003500	1395137003500	1395137003500	KO	GatlingAsyncHandlerActor timed out
ACTION	Pricing	341	price	1395137003497	1395137003497	1395137003497	1395137003497	KO	GatlingAsyncHandlerActor timed out
ACTION	Pricing	465	price	1395137003508	1395137003508	1395137003508	1395137003508	KO	GatlingAsyncHandlerActor timed out
ACTION	Pricing	319	price	1395137003514	1395137003514	1395137003514	1395137003514	KO	GatlingAsyncHandlerActor timed out
ACTION	Pricing	80	price	1395137003496	1395137003496	1395137003496	1395137003496	KO	GatlingAsyncHandlerActor timed out
ACTION	Pricing	290	price	1395137003489	1395137003489	1395137003489	1395137003489	KO	GatlingAsyncHandlerActor timed out
ACTION	Pricing	395	price	1395137003499	1395137003499	1395137003499	1395137003499	KO	GatlingAsyncHandlerActor timed out
ACTION	Pricing	487	price	1395137003517	1395137003517	1395137003517	1395137003517	KO	GatlingAsyncHandlerActor timed out
ACTION	Pricing	8	price	1395137003495	1395137003495	1395137003495	1395137003495	KO	GatlingAsyncHandlerActor timed out
ACTION	Pricing	242	price	1395137003525	1395137003525	1395137003525	1395137003525	KO	GatlingAsyncHandlerActor timed out
ACTION	Pricing	414	price	1395137003496	1395137003496	1395137003496	1395137003496	KO	GatlingAsyncHandlerActor timed out
ACTION	Pricing	127	price	1395137003482	1395137003482	1395137003482	1395137003482	KO	GatlingAsyncHandlerActor timed out
ACTION	Pricing	292	price	1395137003506	1395137003506	1395137003506	1395137003506	KO	GatlingAsyncHandlerActor timed out
ACTION	Pricing	350	price	1395137003523	1395137003523	1395137003523	1395137003523	KO	GatlingAsyncHandlerActor timed out
ACTION	Pricing	63	price	1395137003502	1395137003502	1395137003502	1395137003502	KO	GatlingAsyncHandlerActor timed out
ACTION	Pricing	397	price	1395137003517	1395137003517	1395137003517	1395137003517	KO	GatlingAsyncHandlerActor timed out
ACTION	Pricing	253	price	1395137003494	1395137003494	1395137003494	1395137003494	KO	GatlingAsyncHandlerActor timed out
ACTION	Pricing	442	price	1395137003484	1395137003484	1395137003484	1395137003484	KO	GatlingAsyncHandlerActor timed out
ACTION	Pricing	334	price	1395137003521	1395137003521	1395137003521	1395137003521	KO	GatlingAsyncHandlerActor timed out
ACTION	Pricing	152	price	1395137003502	1395137003502	1395137003502	1395137003502	KO	GatlingAsyncHandlerActor timed out
ACTION	Pricing	106	price	1395137003499	1395137003499	1395137003499	1395137003499	KO	GatlingAsyncHandlerActor timed out
ACTION	Pricing	18	price	1395137003517	1395137003517	1395137003517	1395137003517	KO	GatlingAsyncHandlerActor timed out
ACTION	Pricing	197	price	1395137003513	1395137003513	1395137003513	1395137003513	KO	GatlingAsyncHandlerActor timed out
SCENARIO	Pricing	407	END	1395137063538
SCENARIO	Pricing	431	END	1395137063538
SCENARIO	Pricing	282	END	1395137063538
SCENARIO	Pricing	299	END	1395137063538
SCENARIO	Pricing	209	END	1395137063538
SCENARIO	Pricing	179	END	1395137063538
SCENARIO	Pricing	142	END	1395137063538
SCENARIO	Pricing	469	END	1395137063538
SCENARIO	Pricing	164	END	1395137063538
SCENARIO	Pricing	311	END	1395137063538
SCENARIO	Pricing	173	END	1395137063539
SCENARIO	Pricing	449	END	1395137063539
SCENARIO	Pricing	385	END	1395137063539
SCENARIO	Pricing	133	END	1395137063539
SCENARIO	Pricing	358	END	1395137063539
SCENARIO	Pricing	390	END	1395137063539
SCENARIO	Pricing	119	END	1395137063539
SCENARIO	Pricing	410	END	1395137063539
SCENARIO	Pricing	34	END	1395137063539
SCENARIO	Pricing	341	END	1395137063539
SCENARIO	Pricing	465	END	1395137063540
SCENARIO	Pricing	319	END	1395137063540
SCENARIO	Pricing	80	END	1395137063540
SCENARIO	Pricing	290	END	1395137063540
SCENARIO	Pricing	395	END	1395137063540
SCENARIO	Pricing	487	END	1395137063540
SCENARIO	Pricing	8	END	1395137063540
SCENARIO	Pricing	242	END	1395137063540
SCENARIO	Pricing	414	END	1395137063540
SCENARIO	Pricing	127	END	1395137063540
SCENARIO	Pricing	292	END	1395137063541
SCENARIO	Pricing	350	END	1395137063541
SCENARIO	Pricing	63	END	1395137063541
SCENARIO	Pricing	397	END	1395137063541
SCENARIO	Pricing	253	END	1395137063541
SCENARIO	Pricing	442	END	1395137063541
SCENARIO	Pricing	334	END	1395137063541
ACTION	Pricing	378	price	1395137003503	1395137003503	1395137003503	1395137003503	KO	GatlingAsyncHandlerActor timed out
SCENARIO	Pricing	152	END	1395137063541
ACTION	Pricing	289	price	1395137003492	1395137003492	1395137003492	1395137003492	KO	GatlingAsyncHandlerActor timed out
ACTION	Pricing	470	price	1395137003493	1395137003493	1395137003493	1395137003493	KO	GatlingAsyncHandlerActor timed out
ACTION	Pricing	262	price	1395137003514	1395137003514	1395137003514	1395137003514	KO	GatlingAsyncHandlerActor timed out
ACTION	Pricing	187	price	1395137003515	1395137003515	1395137003515	1395137003515	KO	GatlingAsyncHandlerActor timed out
SCENARIO	Pricing	106	END	1395137063554
SCENARIO	Pricing	18	END	1395137063554
SCENARIO	Pricing	197	END	1395137063555
SCENARIO	Pricing	378	END	1395137063555
SCENARIO	Pricing	289	END	1395137063555
SCENARIO	Pricing	470	END	1395137063555
SCENARIO	Pricing	262	END	1395137063556
SCENARIO	Pricing	333	END	1395137063556
SCENARIO	Pricing	187	END	1395137063556
ACTION	Pricing	295	price	1395137003555	1395137003555	1395137003555	1395137063572	KO	connection timed out: /192.168.17.3:9090 to http://192.168.17.3:9090/services/pricer/price?symbol=GSZ&maturity=15&strike=113
SCENARIO	Pricing	295	END	1395137063572
ACTION	Pricing	320	price	1395137003545	1395137003545	1395137003545	1395137063573	KO	connection timed out: /192.168.17.3:9090 to http://192.168.17.3:9090/services/pricer/price?symbol=CAP&maturity=60&strike=139
SCENARIO	Pricing	320	END	1395137063574
ACTION	Pricing	183	price	1395137003546	1395137003546	1395137003546	1395137063576	KO	connection timed out: /192.168.17.3:9090 to http://192.168.17.3:9090/services/pricer/price?symbol=RI&maturity=60&strike=49
SCENARIO	Pricing	183	END	1395137063577
ACTION	Pricing	188	price	1395137003530	1395137003530	1395137003530	1395137003530	KO	GatlingAsyncHandlerActor timed out
ACTION	Pricing	65	price	1395137003550	1395137003550	1395137003550	1395137003550	KO	GatlingAsyncHandlerActor timed out
SCENARIO	Pricing	188	END	1395137063578
ACTION	Pricing	72	price	1395137003543	1395137003543	1395137003543	1395137003543	KO	GatlingAsyncHandlerActor timed out
ACTION	Pricing	343	price	1395137003532	1395137003532	1395137003532	1395137003532	KO	GatlingAsyncHandlerActor timed out
ACTION	Pricing	165	price	1395137003534	1395137003534	1395137003534	1395137003534	KO	GatlingAsyncHandlerActor timed out
ACTION	Pricing	2	price	1395137003576	1395137003576	1395137003576	1395137003576	KO	GatlingAsyncHandlerActor timed out
ACTION	Pricing	240	price	1395137003556	1395137003556	1395137003556	1395137003556	KO	GatlingAsyncHandlerActor timed out
ACTION	Pricing	14	price	1395137003533	1395137003533	1395137003533	1395137003533	KO	GatlingAsyncHandlerActor timed out
ACTION	Pricing	39	price	1395137003536	1395137003536	1395137003536	1395137003536	KO	GatlingAsyncHandlerActor timed out
ACTION	Pricing	218	price	1395137003548	1395137003548	1395137003548	1395137003548	KO	GatlingAsyncHandlerActor timed out
ACTION	Pricing	25	price	1395137003572	1395137003572	1395137003572	1395137003572	KO	GatlingAsyncHandlerActor timed out
ACTION	Pricing	476	price	1395137003529	1395137003529	1395137003529	1395137003529	KO	GatlingAsyncHandlerActor timed out
ACTION	Pricing	138	price	1395137003553	1395137003553	1395137003553	1395137003553	KO	GatlingAsyncHandlerActor timed out
ACTION	Pricing	234	price	1395137003527	1395137003527	1395137003527	1395137003527	KO	GatlingAsyncHandlerActor timed out
ACTION	Pricing	41	price	1395137003549	1395137003549	1395137003549	1395137003549	KO	GatlingAsyncHandlerActor timed out
ACTION	Pricing	58	price	1395137003545	1395137003545	1395137003545	1395137003545	KO	GatlingAsyncHandlerActor timed out
ACTION	Pricing	321	price	1395137003556	1395137003556	1395137003556	1395137003556	KO	GatlingAsyncHandlerActor timed out
ACTION	Pricing	20	price	1395137003575	1395137003575	1395137003575	1395137003575	KO	GatlingAsyncHandlerActor timed out
ACTION	Pricing	323	price	1395137003557	1395137003557	1395137003557	1395137003557	KO	GatlingAsyncHandlerActor timed out
ACTION	Pricing	409	price	1395137003570	1395137003570	1395137003570	1395137003570	KO	GatlingAsyncHandlerActor timed out
ACTION	Pricing	366	price	1395137003577	1395137003577	1395137003577	1395137003577	KO	GatlingAsyncHandlerActor timed out
ACTION	Pricing	455	price	1395137003534	1395137003534	1395137003534	1395137003534	KO	GatlingAsyncHandlerActor timed out
ACTION	Pricing	205	price	1395137003528	1395137003528	1395137003528	1395137003528	KO	GatlingAsyncHandlerActor timed out
ACTION	Pricing	447	price	1395137003549	1395137003549	1395137003549	1395137003549	KO	GatlingAsyncHandlerActor timed out
ACTION	Pricing	425	price	1395137003574	1395137003574	1395137003574	1395137003574	KO	GatlingAsyncHandlerActor timed out
ACTION	Pricing	185	price	1395137003548	1395137003548	1395137003548	1395137003548	KO	GatlingAsyncHandlerActor timed out
ACTION	Pricing	263	price	1395137003554	1395137003554	1395137003554	1395137003554	KO	GatlingAsyncHandlerActor timed out
ACTION	Pricing	211	price	1395137003575	1395137003575	1395137003575	1395137003575	KO	GatlingAsyncHandlerActor timed out
ACTION	Pricing	227	price	1395137003544	1395137003544	1395137003544	1395137003544	KO	GatlingAsyncHandlerActor timed out
ACTION	Pricing	220	price	1395137003531	1395137003531	1395137003531	1395137003531	KO	GatlingAsyncHandlerActor timed out
ACTION	Pricing	361	price	1395137003567	1395137003567	1395137003567	1395137003567	KO	GatlingAsyncHandlerActor timed out
ACTION	Pricing	21	price	1395137003540	1395137003540	1395137003540	1395137003540	KO	GatlingAsyncHandlerActor timed out
ACTION	Pricing	245	price	1395137003541	1395137003541	1395137003541	1395137003541	KO	GatlingAsyncHandlerActor timed out
ACTION	Pricing	330	price	1395137003528	1395137003528	1395137003528	1395137003528	KO	GatlingAsyncHandlerActor timed out
ACTION	Pricing	438	price	1395137003531	1395137003531	1395137003531	1395137003531	KO	GatlingAsyncHandlerActor timed out
ACTION	Pricing	181	price	1395137003542	1395137003542	1395137003542	1395137003542	KO	GatlingAsyncHandlerActor timed out
ACTION	Pricing	199	price	1395137003539	1395137003539	1395137003539	1395137003539	KO	GatlingAsyncHandlerActor timed out
ACTION	Pricing	324	price	1395137003552	1395137003552	1395137003552	1395137003552	KO	GatlingAsyncHandlerActor timed out
ACTION	Pricing	258	price	1395137003541	1395137003541	1395137003541	1395137003541	KO	GatlingAsyncHandlerActor timed out
ACTION	Pricing	367	price	1395137003570	1395137003570	1395137003570	1395137003570	KO	GatlingAsyncHandlerActor timed out
ACTION	Pricing	303	price	1395137003551	1395137003551	1395137003551	1395137003551	KO	GatlingAsyncHandlerActor timed out
ACTION	Pricing	376	price	1395137003548	1395137003548	1395137003548	1395137003548	KO	GatlingAsyncHandlerActor timed out
ACTION	Pricing	226	price	1395137003571	1395137003571	1395137003571	1395137003571	KO	GatlingAsyncHandlerActor timed out
ACTION	Pricing	198	price	1395137003568	1395137003568	1395137003568	1395137003568	KO	GatlingAsyncHandlerActor timed out
ACTION	Pricing	67	price	1395137003569	1395137003569	1395137003569	1395137003569	KO	GatlingAsyncHandlerActor timed out
ACTION	Pricing	486	price	1395137003536	1395137003536	1395137003536	1395137003536	KO	GatlingAsyncHandlerActor timed out
ACTION	Pricing	73	price	1395137003538	1395137003538	1395137003538	1395137003538	KO	GatlingAsyncHandlerActor timed out
ACTION	Pricing	436	price	1395137003537	1395137003537	1395137003537	1395137003537	KO	GatlingAsyncHandlerActor timed out
ACTION	Pricing	141	price	1395137003530	1395137003530	1395137003530	1395137003530	KO	GatlingAsyncHandlerActor timed out
ACTION	Pricing	308	price	1395137003554	1395137003554	1395137003554	1395137003554	KO	GatlingAsyncHandlerActor timed out
ACTION	Pricing	348	price	1395137003572	1395137003572	1395137003572	1395137003572	KO	GatlingAsyncHandlerActor timed out
ACTION	Pricing	375	price	1395137003538	1395137003538	1395137003538	1395137003538	KO	GatlingAsyncHandlerActor timed out
ACTION	Pricing	50	price	1395137003535	1395137003535	1395137003535	1395137003535	KO	GatlingAsyncHandlerActor timed out
ACTION	Pricing	286	price	1395137003552	1395137003552	1395137003552	1395137003552	KO	GatlingAsyncHandlerActor timed out
ACTION	Pricing	33	price	1395137003567	1395137003567	1395137003567	1395137003567	KO	GatlingAsyncHandlerActor timed out
ACTION	Pricing	300	price	1395137003573	1395137003573	1395137003573	1395137003573	KO	GatlingAsyncHandlerActor timed out
ACTION	Pricing	203	price	1395137003543	1395137003543	1395137003543	1395137003543	KO	GatlingAsyncHandlerActor timed out
SCENARIO	Pricing	65	END	1395137063584
SCENARIO	Pricing	72	END	1395137063585
SCENARIO	Pricing	343	END	1395137063585
SCENARIO	Pricing	165	END	1395137063585
SCENARIO	Pricing	2	END	1395137063585
SCENARIO	Pricing	240	END	1395137063586
SCENARIO	Pricing	14	END	1395137063586
SCENARIO	Pricing	39	END	1395137063586
SCENARIO	Pricing	218	END	1395137063587
SCENARIO	Pricing	25	END	1395137063587
SCENARIO	Pricing	476	END	1395137063590
SCENARIO	Pricing	138	END	1395137063591
SCENARIO	Pricing	234	END	1395137063591
SCENARIO	Pricing	41	END	1395137063591
SCENARIO	Pricing	58	END	1395137063591
SCENARIO	Pricing	321	END	1395137063591
SCENARIO	Pricing	20	END	1395137063591
SCENARIO	Pricing	323	END	1395137063591
SCENARIO	Pricing	409	END	1395137063591
SCENARIO	Pricing	366	END	1395137063592
SCENARIO	Pricing	455	END	1395137063592
SCENARIO	Pricing	205	END	1395137063592
SCENARIO	Pricing	447	END	1395137063592
SCENARIO	Pricing	425	END	1395137063592
SCENARIO	Pricing	185	END	1395137063592
SCENARIO	Pricing	263	END	1395137063592
SCENARIO	Pricing	211	END	1395137063592
SCENARIO	Pricing	227	END	1395137063592
SCENARIO	Pricing	220	END	1395137063592
SCENARIO	Pricing	361	END	1395137063592
SCENARIO	Pricing	21	END	1395137063593
SCENARIO	Pricing	245	END	1395137063593
SCENARIO	Pricing	330	END	1395137063593
SCENARIO	Pricing	438	END	1395137063593
SCENARIO	Pricing	181	END	1395137063593
SCENARIO	Pricing	199	END	1395137063593
SCENARIO	Pricing	324	END	1395137063593
SCENARIO	Pricing	258	END	1395137063593
SCENARIO	Pricing	367	END	1395137063593
SCENARIO	Pricing	303	END	1395137063593
SCENARIO	Pricing	376	END	1395137063593
SCENARIO	Pricing	226	END	1395137063593
SCENARIO	Pricing	198	END	1395137063593
SCENARIO	Pricing	67	END	1395137063593
SCENARIO	Pricing	486	END	1395137063594
SCENARIO	Pricing	73	END	1395137063594
SCENARIO	Pricing	436	END	1395137063594
SCENARIO	Pricing	141	END	1395137063594
SCENARIO	Pricing	308	END	1395137063594
SCENARIO	Pricing	348	END	1395137063594
SCENARIO	Pricing	375	END	1395137063594
SCENARIO	Pricing	50	END	1395137063594
SCENARIO	Pricing	286	END	1395137063594
SCENARIO	Pricing	33	END	1395137063594
SCENARIO	Pricing	300	END	1395137063594
SCENARIO	Pricing	203	END	1395137063594
ACTION	Pricing	35	price	1395137003591	1395137003591	1395137003591	1395137003591	KO	GatlingAsyncHandlerActor timed out
ACTION	Pricing	392	price	1395137003602	1395137003602	1395137003602	1395137003602	KO	GatlingAsyncHandlerActor timed out
ACTION	Pricing	342	price	1395137003598	1395137003598	1395137003598	1395137003598	KO	GatlingAsyncHandlerActor timed out
ACTION	Pricing	51	price	1395137003626	1395137003626	1395137003626	1395137003626	KO	GatlingAsyncHandlerActor timed out
ACTION	Pricing	15	price	1395137003625	1395137003625	1395137003625	1395137003625	KO	GatlingAsyncHandlerActor timed out
ACTION	Pricing	154	price	1395137003608	1395137003608	1395137003608	1395137003608	KO	GatlingAsyncHandlerActor timed out
SCENARIO	Pricing	35	END	1395137063630
SCENARIO	Pricing	392	END	1395137063630
SCENARIO	Pricing	342	END	1395137063630
SCENARIO	Pricing	51	END	1395137063630
SCENARIO	Pricing	15	END	1395137063630
ACTION	Pricing	202	price	1395137003605	1395137003605	1395137003605	1395137003605	KO	GatlingAsyncHandlerActor timed out
ACTION	Pricing	84	price	1395137003607	1395137003607	1395137003607	1395137003607	KO	GatlingAsyncHandlerActor timed out
ACTION	Pricing	481	price	1395137003584	1395137003584	1395137003584	1395137003584	KO	GatlingAsyncHandlerActor timed out
ACTION	Pricing	413	price	1395137003602	1395137003602	1395137003602	1395137003602	KO	GatlingAsyncHandlerActor timed out
ACTION	Pricing	102	price	1395137003580	1395137003580	1395137003580	1395137003580	KO	GatlingAsyncHandlerActor timed out
ACTION	Pricing	219	price	1395137003601	1395137003601	1395137003601	1395137003601	KO	GatlingAsyncHandlerActor timed out
ACTION	Pricing	114	price	1395137003587	1395137003587	1395137003587	1395137003587	KO	GatlingAsyncHandlerActor timed out
ACTION	Pricing	346	price	1395137003614	1395137003614	1395137003614	1395137003614	KO	GatlingAsyncHandlerActor timed out
ACTION	Pricing	236	price	1395137003605	1395137003605	1395137003605	1395137003605	KO	GatlingAsyncHandlerActor timed out
ACTION	Pricing	500	price	1395137003604	1395137003604	1395137003604	1395137003604	KO	GatlingAsyncHandlerActor timed out
SCENARIO	Pricing	154	END	1395137063631
SCENARIO	Pricing	202	END	1395137063631
SCENARIO	Pricing	84	END	1395137063631
SCENARIO	Pricing	481	END	1395137063631
SCENARIO	Pricing	413	END	1395137063631
SCENARIO	Pricing	102	END	1395137063632
SCENARIO	Pricing	219	END	1395137063632
SCENARIO	Pricing	114	END	1395137063632
SCENARIO	Pricing	346	END	1395137063632
SCENARIO	Pricing	236	END	1395137063632
ACTION	Pricing	460	price	1395137003579	1395137003579	1395137003579	1395137003579	KO	GatlingAsyncHandlerActor timed out
SCENARIO	Pricing	500	END	1395137063632
ACTION	Pricing	261	price	1395137003627	1395137003627	1395137003627	1395137003627	KO	GatlingAsyncHandlerActor timed out
ACTION	Pricing	216	price	1395137003608	1395137003608	1395137003608	1395137003608	KO	GatlingAsyncHandlerActor timed out
ACTION	Pricing	42	price	1395137003581	1395137003581	1395137003581	1395137003581	KO	GatlingAsyncHandlerActor timed out
ACTION	Pricing	488	price	1395137003623	1395137003623	1395137003623	1395137003623	KO	GatlingAsyncHandlerActor timed out
ACTION	Pricing	217	price	1395137003578	1395137003578	1395137003578	1395137003578	KO	GatlingAsyncHandlerActor timed out
ACTION	Pricing	462	price	1395137003592	1395137003592	1395137003592	1395137003592	KO	GatlingAsyncHandlerActor timed out
SCENARIO	Pricing	460	END	1395137063633
SCENARIO	Pricing	261	END	1395137063633
SCENARIO	Pricing	216	END	1395137063633
SCENARIO	Pricing	42	END	1395137063633
SCENARIO	Pricing	488	END	1395137063633
ACTION	Pricing	4	price	1395137003618	1395137003618	1395137003618	1395137003618	KO	GatlingAsyncHandlerActor timed out
ACTION	Pricing	349	price	1395137003581	1395137003581	1395137003581	1395137003581	KO	GatlingAsyncHandlerActor timed out
ACTION	Pricing	78	price	1395137003577	1395137003577	1395137003577	1395137003577	KO	GatlingAsyncHandlerActor timed out
SCENARIO	Pricing	217	END	1395137063635
SCENARIO	Pricing	462	END	1395137063635
SCENARIO	Pricing	4	END	1395137063635
SCENARIO	Pricing	349	END	1395137063635
SCENARIO	Pricing	78	END	1395137063635
ACTION	Pricing	140	price	1395137003601	1395137003601	1395137003601	1395137003601	KO	GatlingAsyncHandlerActor timed out
ACTION	Pricing	16	price	1395137003607	1395137003607	1395137003607	1395137003607	KO	GatlingAsyncHandlerActor timed out
ACTION	Pricing	265	price	1395137003590	1395137003590	1395137003590	1395137003590	KO	GatlingAsyncHandlerActor timed out
ACTION	Pricing	6	price	1395137003626	1395137003626	1395137003626	1395137003626	KO	GatlingAsyncHandlerActor timed out
SCENARIO	Pricing	140	END	1395137063636
SCENARIO	Pricing	16	END	1395137063636
ACTION	Pricing	76	price	1395137003606	1395137003606	1395137003606	1395137003606	KO	GatlingAsyncHandlerActor timed out
SCENARIO	Pricing	265	END	1395137063636
SCENARIO	Pricing	6	END	1395137063636
ACTION	Pricing	7	price	1395137003593	1395137003593	1395137003593	1395137003593	KO	GatlingAsyncHandlerActor timed out
ACTION	Pricing	177	price	1395137003588	1395137003588	1395137003588	1395137003588	KO	GatlingAsyncHandlerActor timed out
ACTION	Pricing	379	price	1395137003615	1395137003615	1395137003615	1395137003615	KO	GatlingAsyncHandlerActor timed out
ACTION	Pricing	281	price	1395137003603	1395137003603	1395137003603	1395137003603	KO	GatlingAsyncHandlerActor timed out
SCENARIO	Pricing	76	END	1395137063637
SCENARIO	Pricing	7	END	1395137063637
ACTION	Pricing	252	price	1395137003582	1395137003582	1395137003582	1395137003582	KO	GatlingAsyncHandlerActor timed out
ACTION	Pricing	420	price	1395137003618	1395137003618	1395137003618	1395137003618	KO	GatlingAsyncHandlerActor timed out
ACTION	Pricing	412	price	1395137003610	1395137003610	1395137003610	1395137003610	KO	GatlingAsyncHandlerActor timed out
SCENARIO	Pricing	177	END	1395137063638
SCENARIO	Pricing	379	END	1395137063638
SCENARIO	Pricing	281	END	1395137063638
SCENARIO	Pricing	252	END	1395137063638
SCENARIO	Pricing	420	END	1395137063638
ACTION	Pricing	174	price	1395137003582	1395137003582	1395137003582	1395137003582	KO	GatlingAsyncHandlerActor timed out
ACTION	Pricing	137	price	1395137003598	1395137003598	1395137003598	1395137003598	KO	GatlingAsyncHandlerActor timed out
ACTION	Pricing	377	price	1395137003609	1395137003609	1395137003609	1395137003609	KO	GatlingAsyncHandlerActor timed out
ACTION	Pricing	430	price	1395137003590	1395137003590	1395137003590	1395137003590	KO	GatlingAsyncHandlerActor timed out
ACTION	Pricing	331	price	1395137003622	1395137003622	1395137003622	1395137003622	KO	GatlingAsyncHandlerActor timed out
SCENARIO	Pricing	412	END	1395137063638
SCENARIO	Pricing	174	END	1395137063638
SCENARIO	Pricing	137	END	1395137063639
SCENARIO	Pricing	377	END	1395137063639
SCENARIO	Pricing	430	END	1395137063639
SCENARIO	Pricing	331	END	1395137063639
ACTION	Pricing	393	price	1395137003585	1395137003585	1395137003585	1395137003585	KO	GatlingAsyncHandlerActor timed out
ACTION	Pricing	329	price	1395137003616	1395137003616	1395137003616	1395137003616	KO	GatlingAsyncHandlerActor timed out
ACTION	Pricing	310	price	1395137003589	1395137003589	1395137003589	1395137003589	KO	GatlingAsyncHandlerActor timed out
ACTION	Pricing	272	price	1395137003624	1395137003624	1395137003624	1395137003624	KO	GatlingAsyncHandlerActor timed out
ACTION	Pricing	98	price	1395137003594	1395137003594	1395137003594	1395137003594	KO	GatlingAsyncHandlerActor timed out
ACTION	Pricing	74	price	1395137003600	1395137003600	1395137003600	1395137003600	KO	GatlingAsyncHandlerActor timed out
ACTION	Pricing	40	price	1395137003616	1395137003616	1395137003616	1395137003616	KO	GatlingAsyncHandlerActor timed out
ACTION	Pricing	90	price	1395137003599	1395137003599	1395137003599	1395137003599	KO	GatlingAsyncHandlerActor timed out
ACTION	Pricing	277	price	1395137003624	1395137003624	1395137003624	1395137003624	KO	GatlingAsyncHandlerActor timed out
ACTION	Pricing	302	price	1395137003592	1395137003592	1395137003592	1395137003592	KO	GatlingAsyncHandlerActor timed out
SCENARIO	Pricing	393	END	1395137063641
SCENARIO	Pricing	329	END	1395137063641
SCENARIO	Pricing	310	END	1395137063641
SCENARIO	Pricing	272	END	1395137063641
SCENARIO	Pricing	98	END	1395137063641
SCENARIO	Pricing	74	END	1395137063642
SCENARIO	Pricing	40	END	1395137063642
SCENARIO	Pricing	90	END	1395137063642
SCENARIO	Pricing	277	END	1395137063642
SCENARIO	Pricing	302	END	1395137063642
ACTION	Pricing	224	price	1395137003610	1395137003610	1395137003610	1395137003610	KO	GatlingAsyncHandlerActor timed out
ACTION	Pricing	201	price	1395137003583	1395137003583	1395137003583	1395137003583	KO	GatlingAsyncHandlerActor timed out
SCENARIO	Pricing	224	END	1395137063644
SCENARIO	Pricing	201	END	1395137063644
ACTION	Pricing	210	price	1395137003579	1395137003579	1395137003579	1395137003579	KO	GatlingAsyncHandlerActor timed out
SCENARIO	Pricing	210	END	1395137063645
ACTION	Pricing	288	price	1395137003597	1395137003597	1395137003597	1395137003597	KO	GatlingAsyncHandlerActor timed out
SCENARIO	Pricing	288	END	1395137063646
ACTION	Pricing	312	price	1395137003586	1395137003586	1395137003586	1395137003586	KO	GatlingAsyncHandlerActor timed out
SCENARIO	Pricing	312	END	1395137063647
ACTION	Pricing	186	price	1395137003585	1395137003585	1395137003585	1395137003585	KO	GatlingAsyncHandlerActor timed out
SCENARIO	Pricing	186	END	1395137063647
ACTION	Pricing	83	price	1395137003587	1395137003587	1395137003587	1395137003587	KO	GatlingAsyncHandlerActor timed out
SCENARIO	Pricing	83	END	1395137063652
ACTION	Pricing	446	price	1395137003662	1395137003662	1395137003662	1395137003662	KO	GatlingAsyncHandlerActor timed out
ACTION	Pricing	60	price	1395137003640	1395137003640	1395137003640	1395137003640	KO	GatlingAsyncHandlerActor timed out
ACTION	Pricing	437	price	1395137003670	1395137003670	1395137003670	1395137003670	KO	GatlingAsyncHandlerActor timed out
ACTION	Pricing	235	price	1395137003659	1395137003659	1395137003659	1395137003659	KO	GatlingAsyncHandlerActor timed out
ACTION	Pricing	241	price	1395137003668	1395137003668	1395137003668	1395137003668	KO	GatlingAsyncHandlerActor timed out
ACTION	Pricing	463	price	1395137003630	1395137003630	1395137003630	1395137003630	KO	GatlingAsyncHandlerActor timed out
ACTION	Pricing	474	price	1395137003661	1395137003661	1395137003661	1395137003661	KO	GatlingAsyncHandlerActor timed out
ACTION	Pricing	111	price	1395137003675	1395137003675	1395137003675	1395137003675	KO	GatlingAsyncHandlerActor timed out
ACTION	Pricing	473	price	1395137003665	1395137003665	1395137003665	1395137003665	KO	GatlingAsyncHandlerActor timed out
ACTION	Pricing	275	price	1395137003644	1395137003644	1395137003644	1395137003644	KO	GatlingAsyncHandlerActor timed out
ACTION	Pricing	95	price	1395137003666	1395137003666	1395137003666	1395137003666	KO	GatlingAsyncHandlerActor timed out
ACTION	Pricing	294	price	1395137003634	1395137003634	1395137003634	1395137003634	KO	GatlingAsyncHandlerActor timed out
ACTION	Pricing	269	price	1395137003663	1395137003663	1395137003663	1395137003663	KO	GatlingAsyncHandlerActor timed out
ACTION	Pricing	29	price	1395137003652	1395137003652	1395137003652	1395137003652	KO	GatlingAsyncHandlerActor timed out
ACTION	Pricing	248	price	1395137003657	1395137003657	1395137003657	1395137003657	KO	GatlingAsyncHandlerActor timed out
ACTION	Pricing	45	price	1395137003660	1395137003660	1395137003660	1395137003660	KO	GatlingAsyncHandlerActor timed out
ACTION	Pricing	231	price	1395137003647	1395137003647	1395137003647	1395137003647	KO	GatlingAsyncHandlerActor timed out
ACTION	Pricing	104	price	1395137003639	1395137003639	1395137003639	1395137003639	KO	GatlingAsyncHandlerActor timed out
ACTION	Pricing	139	price	1395137003641	1395137003641	1395137003641	1395137003641	KO	GatlingAsyncHandlerActor timed out
ACTION	Pricing	62	price	1395137003664	1395137003664	1395137003664	1395137003664	KO	GatlingAsyncHandlerActor timed out
ACTION	Pricing	381	price	1395137003632	1395137003632	1395137003632	1395137003632	KO	GatlingAsyncHandlerActor timed out
ACTION	Pricing	491	price	1395137003648	1395137003648	1395137003648	1395137003648	KO	GatlingAsyncHandlerActor timed out
ACTION	Pricing	249	price	1395137003659	1395137003659	1395137003659	1395137003659	KO	GatlingAsyncHandlerActor timed out
ACTION	Pricing	229	price	1395137003638	1395137003638	1395137003638	1395137003638	KO	GatlingAsyncHandlerActor timed out
ACTION	Pricing	314	price	1395137003655	1395137003655	1395137003655	1395137003655	KO	GatlingAsyncHandlerActor timed out
ACTION	Pricing	150	price	1395137003658	1395137003658	1395137003658	1395137003658	KO	GatlingAsyncHandlerActor timed out
ACTION	Pricing	176	price	1395137003673	1395137003673	1395137003673	1395137003673	KO	GatlingAsyncHandlerActor timed out
ACTION	Pricing	257	price	1395137003654	1395137003654	1395137003654	1395137003654	KO	GatlingAsyncHandlerActor timed out
ACTION	Pricing	309	price	1395137003676	1395137003676	1395137003676	1395137003676	KO	GatlingAsyncHandlerActor timed out
ACTION	Pricing	159	price	1395137003646	1395137003646	1395137003646	1395137003646	KO	GatlingAsyncHandlerActor timed out
ACTION	Pricing	453	price	1395137003665	1395137003665	1395137003665	1395137003665	KO	GatlingAsyncHandlerActor timed out
ACTION	Pricing	429	price	1395137003673	1395137003673	1395137003673	1395137003673	KO	GatlingAsyncHandlerActor timed out
ACTION	Pricing	495	price	1395137003668	1395137003668	1395137003668	1395137003668	KO	GatlingAsyncHandlerActor timed out
ACTION	Pricing	250	price	1395137003642	1395137003642	1395137003642	1395137003642	KO	GatlingAsyncHandlerActor timed out
ACTION	Pricing	471	price	1395137003646	1395137003646	1395137003646	1395137003646	KO	GatlingAsyncHandlerActor timed out
ACTION	Pricing	46	price	1395137003650	1395137003650	1395137003650	1395137003650	KO	GatlingAsyncHandlerActor timed out
ACTION	Pricing	178	price	1395137003658	1395137003658	1395137003658	1395137003658	KO	GatlingAsyncHandlerActor timed out
ACTION	Pricing	493	price	1395137003653	1395137003653	1395137003653	1395137003653	KO	GatlingAsyncHandlerActor timed out
ACTION	Pricing	445	price	1395137003650	1395137003650	1395137003650	1395137003650	KO	GatlingAsyncHandlerActor timed out
ACTION	Pricing	415	price	1395137003675	1395137003675	1395137003675	1395137003675	KO	GatlingAsyncHandlerActor timed out
ACTION	Pricing	411	price	1395137003672	1395137003672	1395137003672	1395137003672	KO	GatlingAsyncHandlerActor timed out
ACTION	Pricing	189	price	1395137003670	1395137003670	1395137003670	1395137003670	KO	GatlingAsyncHandlerActor timed out
ACTION	Pricing	85	price	1395137003633	1395137003633	1395137003633	1395137003633	KO	GatlingAsyncHandlerActor timed out
ACTION	Pricing	182	price	1395137003643	1395137003643	1395137003643	1395137003643	KO	GatlingAsyncHandlerActor timed out
ACTION	Pricing	103	price	1395137003667	1395137003667	1395137003667	1395137003667	KO	GatlingAsyncHandlerActor timed out
ACTION	Pricing	383	price	1395137003636	1395137003636	1395137003636	1395137003636	KO	GatlingAsyncHandlerActor timed out
ACTION	Pricing	47	price	1395137003656	1395137003656	1395137003656	1395137003656	KO	GatlingAsyncHandlerActor timed out
ACTION	Pricing	274	price	1395137003671	1395137003671	1395137003671	1395137003671	KO	GatlingAsyncHandlerActor timed out
ACTION	Pricing	122	price	1395137003643	1395137003643	1395137003643	1395137003643	KO	GatlingAsyncHandlerActor timed out
ACTION	Pricing	322	price	1395137003639	1395137003639	1395137003639	1395137003639	KO	GatlingAsyncHandlerActor timed out
ACTION	Pricing	394	price	1395137003648	1395137003648	1395137003648	1395137003648	KO	GatlingAsyncHandlerActor timed out
ACTION	Pricing	82	price	1395137003638	1395137003638	1395137003638	1395137003638	KO	GatlingAsyncHandlerActor timed out
ACTION	Pricing	184	price	1395137003628	1395137003628	1395137003628	1395137003628	KO	GatlingAsyncHandlerActor timed out
ACTION	Pricing	432	price	1395137003629	1395137003629	1395137003629	1395137003629	KO	GatlingAsyncHandlerActor timed out
ACTION	Pricing	416	price	1395137003652	1395137003652	1395137003652	1395137003652	KO	GatlingAsyncHandlerActor timed out
ACTION	Pricing	207	price	1395137003644	1395137003644	1395137003644	1395137003644	KO	GatlingAsyncHandlerActor timed out
ACTION	Pricing	225	price	1395137003676	1395137003676	1395137003676	1395137003676	KO	GatlingAsyncHandlerActor timed out
ACTION	Pricing	454	price	1395137003666	1395137003666	1395137003666	1395137003666	KO	GatlingAsyncHandlerActor timed out
ACTION	Pricing	116	price	1395137003630	1395137003630	1395137003630	1395137003630	KO	GatlingAsyncHandlerActor timed out
ACTION	Pricing	206	price	1395137003662	1395137003662	1395137003662	1395137003662	KO	GatlingAsyncHandlerActor timed out
ACTION	Pricing	444	price	1395137003632	1395137003632	1395137003632	1395137003632	KO	GatlingAsyncHandlerActor timed out
ACTION	Pricing	439	price	1395137003635	1395137003635	1395137003635	1395137003635	KO	GatlingAsyncHandlerActor timed out
ACTION	Pricing	112	price	1395137003654	1395137003654	1395137003654	1395137003654	KO	GatlingAsyncHandlerActor timed out
ACTION	Pricing	305	price	1395137003651	1395137003651	1395137003651	1395137003651	KO	GatlingAsyncHandlerActor timed out
ACTION	Pricing	497	price	1395137003634	1395137003634	1395137003634	1395137003634	KO	GatlingAsyncHandlerActor timed out
ACTION	Pricing	27	price	1395137003649	1395137003649	1395137003649	1395137003649	KO	GatlingAsyncHandlerActor timed out
ACTION	Pricing	31	price	1395137003674	1395137003674	1395137003674	1395137003674	KO	GatlingAsyncHandlerActor timed out
ACTION	Pricing	391	price	1395137003656	1395137003656	1395137003656	1395137003656	KO	GatlingAsyncHandlerActor timed out
ACTION	Pricing	48	price	1395137003671	1395137003671	1395137003671	1395137003671	KO	GatlingAsyncHandlerActor timed out
SCENARIO	Pricing	446	END	1395137063687
SCENARIO	Pricing	60	END	1395137063687
SCENARIO	Pricing	437	END	1395137063687
SCENARIO	Pricing	235	END	1395137063687
SCENARIO	Pricing	241	END	1395137063687
SCENARIO	Pricing	463	END	1395137063687
SCENARIO	Pricing	474	END	1395137063687
SCENARIO	Pricing	111	END	1395137063687
SCENARIO	Pricing	473	END	1395137063687
SCENARIO	Pricing	275	END	1395137063687
SCENARIO	Pricing	95	END	1395137063688
SCENARIO	Pricing	294	END	1395137063688
SCENARIO	Pricing	269	END	1395137063688
SCENARIO	Pricing	29	END	1395137063688
SCENARIO	Pricing	248	END	1395137063688
SCENARIO	Pricing	45	END	1395137063688
SCENARIO	Pricing	231	END	1395137063688
SCENARIO	Pricing	104	END	1395137063688
SCENARIO	Pricing	139	END	1395137063688
SCENARIO	Pricing	62	END	1395137063688
SCENARIO	Pricing	381	END	1395137063688
SCENARIO	Pricing	491	END	1395137063688
SCENARIO	Pricing	249	END	1395137063688
SCENARIO	Pricing	229	END	1395137063688
SCENARIO	Pricing	314	END	1395137063688
SCENARIO	Pricing	150	END	1395137063689
SCENARIO	Pricing	176	END	1395137063689
SCENARIO	Pricing	257	END	1395137063689
SCENARIO	Pricing	309	END	1395137063689
SCENARIO	Pricing	159	END	1395137063689
ACTION	Pricing	55	price	1395137003641	1395137003641	1395137003641	1395137003641	KO	GatlingAsyncHandlerActor timed out
ACTION	Pricing	448	price	1395137003669	1395137003669	1395137003669	1395137003669	KO	GatlingAsyncHandlerActor timed out
SCENARIO	Pricing	453	END	1395137063694
SCENARIO	Pricing	429	END	1395137063696
ACTION	Pricing	482	price	1395137003628	1395137003628	1395137003628	1395137003628	KO	GatlingAsyncHandlerActor timed out
ACTION	Pricing	110	price	1395137003631	1395137003631	1395137003631	1395137003631	KO	GatlingAsyncHandlerActor timed out
SCENARIO	Pricing	495	END	1395137063700
SCENARIO	Pricing	250	END	1395137063701
SCENARIO	Pricing	471	END	1395137063701
SCENARIO	Pricing	46	END	1395137063701
SCENARIO	Pricing	178	END	1395137063701
SCENARIO	Pricing	493	END	1395137063701
SCENARIO	Pricing	445	END	1395137063701
SCENARIO	Pricing	415	END	1395137063701
SCENARIO	Pricing	411	END	1395137063701
SCENARIO	Pricing	189	END	1395137063701
SCENARIO	Pricing	85	END	1395137063701
SCENARIO	Pricing	182	END	1395137063701
SCENARIO	Pricing	103	END	1395137063701
SCENARIO	Pricing	383	END	1395137063701
SCENARIO	Pricing	47	END	1395137063701
SCENARIO	Pricing	274	END	1395137063701
SCENARIO	Pricing	122	END	1395137063701
SCENARIO	Pricing	322	END	1395137063701
SCENARIO	Pricing	394	END	1395137063701
SCENARIO	Pricing	82	END	1395137063701
SCENARIO	Pricing	184	END	1395137063701
SCENARIO	Pricing	432	END	1395137063701
SCENARIO	Pricing	416	END	1395137063701
SCENARIO	Pricing	207	END	1395137063701
SCENARIO	Pricing	225	END	1395137063701
SCENARIO	Pricing	454	END	1395137063701
SCENARIO	Pricing	116	END	1395137063701
SCENARIO	Pricing	206	END	1395137063701
SCENARIO	Pricing	444	END	1395137063701
SCENARIO	Pricing	439	END	1395137063701
SCENARIO	Pricing	112	END	1395137063701
SCENARIO	Pricing	305	END	1395137063701
SCENARIO	Pricing	497	END	1395137063701
SCENARIO	Pricing	27	END	1395137063701
SCENARIO	Pricing	31	END	1395137063702
SCENARIO	Pricing	391	END	1395137063702
SCENARIO	Pricing	48	END	1395137063702
SCENARIO	Pricing	55	END	1395137063702
SCENARIO	Pricing	448	END	1395137063702
SCENARIO	Pricing	482	END	1395137063702
SCENARIO	Pricing	110	END	1395137063702
ACTION	Pricing	44	price	1395137003702	1395137003702	1395137003702	1395137003702	KO	GatlingAsyncHandlerActor timed out
ACTION	Pricing	492	price	1395137003694	1395137003694	1395137003694	1395137003694	KO	GatlingAsyncHandlerActor timed out
ACTION	Pricing	123	price	1395137003698	1395137003698	1395137003698	1395137003698	KO	GatlingAsyncHandlerActor timed out
ACTION	Pricing	87	price	1395137003677	1395137003677	1395137003677	1395137003677	KO	GatlingAsyncHandlerActor timed out
ACTION	Pricing	43	price	1395137003724	1395137003724	1395137003724	1395137003724	KO	GatlingAsyncHandlerActor timed out
ACTION	Pricing	163	price	1395137003726	1395137003726	1395137003726	1395137003726	KO	GatlingAsyncHandlerActor timed out
ACTION	Pricing	125	price	1395137003698	1395137003698	1395137003698	1395137003698	KO	GatlingAsyncHandlerActor timed out
SCENARIO	Pricing	44	END	1395137063731
SCENARIO	Pricing	492	END	1395137063731
SCENARIO	Pricing	123	END	1395137063731
SCENARIO	Pricing	87	END	1395137063731
SCENARIO	Pricing	43	END	1395137063731
ACTION	Pricing	374	price	1395137003688	1395137003688	1395137003688	1395137003688	KO	GatlingAsyncHandlerActor timed out
ACTION	Pricing	69	price	1395137003710	1395137003710	1395137003710	1395137003710	KO	GatlingAsyncHandlerActor timed out
ACTION	Pricing	194	price	1395137003715	1395137003715	1395137003715	1395137003715	KO	GatlingAsyncHandlerActor timed out
ACTION	Pricing	359	price	1395137003704	1395137003704	1395137003704	1395137003704	KO	GatlingAsyncHandlerActor timed out
ACTION	Pricing	480	price	1395137003719	1395137003719	1395137003719	1395137003719	KO	GatlingAsyncHandlerActor timed out
SCENARIO	Pricing	163	END	1395137063733
ACTION	Pricing	38	price	1395137003723	1395137003723	1395137003723	1395137003723	KO	GatlingAsyncHandlerActor timed out
SCENARIO	Pricing	125	END	1395137063733
SCENARIO	Pricing	374	END	1395137063733
SCENARIO	Pricing	69	END	1395137063733
SCENARIO	Pricing	194	END	1395137063733
ACTION	Pricing	451	price	1395137003707	1395137003707	1395137003707	1395137003707	KO	GatlingAsyncHandlerActor timed out
ACTION	Pricing	368	price	1395137003700	1395137003700	1395137003700	1395137003700	KO	GatlingAsyncHandlerActor timed out
SCENARIO	Pricing	359	END	1395137063733
SCENARIO	Pricing	480	END	1395137063733
SCENARIO	Pricing	38	END	1395137063733
ACTION	Pricing	172	price	1395137003715	1395137003715	1395137003715	1395137003715	KO	GatlingAsyncHandlerActor timed out
ACTION	Pricing	149	price	1395137003718	1395137003718	1395137003718	1395137003718	KO	GatlingAsyncHandlerActor timed out
ACTION	Pricing	169	price	1395137003691	1395137003691	1395137003691	1395137003691	KO	GatlingAsyncHandlerActor timed out
ACTION	Pricing	66	price	1395137003716	1395137003716	1395137003716	1395137003716	KO	GatlingAsyncHandlerActor timed out
ACTION	Pricing	306	price	1395137003678	1395137003678	1395137003678	1395137003678	KO	GatlingAsyncHandlerActor timed out
SCENARIO	Pricing	451	END	1395137063735
SCENARIO	Pricing	368	END	1395137063735
SCENARIO	Pricing	172	END	1395137063735
SCENARIO	Pricing	149	END	1395137063735
SCENARIO	Pricing	169	END	1395137063735
ACTION	Pricing	406	price	1395137003699	1395137003699	1395137003699	1395137003699	KO	GatlingAsyncHandlerActor timed out
ACTION	Pricing	450	price	1395137003682	1395137003682	1395137003682	1395137003682	KO	GatlingAsyncHandlerActor timed out
ACTION	Pricing	315	price	1395137003683	1395137003683	1395137003683	1395137003683	KO	GatlingAsyncHandlerActor timed out
ACTION	Pricing	490	price	1395137003686	1395137003686	1395137003686	1395137003686	KO	GatlingAsyncHandlerActor timed out
ACTION	Pricing	100	price	1395137003683	1395137003683	1395137003683	1395137003683	KO	GatlingAsyncHandlerActor timed out
SCENARIO	Pricing	66	END	1395137063737
SCENARIO	Pricing	306	END	1395137063737
SCENARIO	Pricing	406	END	1395137063737
ACTION	Pricing	456	price	1395137003679	1395137003679	1395137003679	1395137003679	KO	GatlingAsyncHandlerActor timed out
ACTION	Pricing	204	price	1395137003695	1395137003695	1395137003695	1395137003695	KO	GatlingAsyncHandlerActor timed out
ACTION	Pricing	479	price	1395137003685	1395137003685	1395137003685	1395137003685	KO	GatlingAsyncHandlerActor timed out
ACTION	Pricing	328	price	1395137003684	1395137003684	1395137003684	1395137003684	KO	GatlingAsyncHandlerActor timed out
SCENARIO	Pricing	450	END	1395137063738
SCENARIO	Pricing	315	END	1395137063738
SCENARIO	Pricing	490	END	1395137063738
SCENARIO	Pricing	100	END	1395137063738
ACTION	Pricing	70	price	1395137003707	1395137003707	1395137003707	1395137003707	KO	GatlingAsyncHandlerActor timed out
ACTION	Pricing	200	price	1395137003680	1395137003680	1395137003680	1395137003680	KO	GatlingAsyncHandlerActor timed out
ACTION	Pricing	64	price	1395137003703	1395137003703	1395137003703	1395137003703	KO	GatlingAsyncHandlerActor timed out
ACTION	Pricing	489	price	1395137003686	1395137003686	1395137003686	1395137003686	KO	GatlingAsyncHandlerActor timed out
ACTION	Pricing	222	price	1395137003710	1395137003710	1395137003710	1395137003710	KO	GatlingAsyncHandlerActor timed out
SCENARIO	Pricing	456	END	1395137063740
SCENARIO	Pricing	204	END	1395137063740
SCENARIO	Pricing	479	END	1395137063740
SCENARIO	Pricing	328	END	1395137063740
ACTION	Pricing	208	price	1395137003708	1395137003708	1395137003708	1395137003708	KO	GatlingAsyncHandlerActor timed out
ACTION	Pricing	284	price	1395137003695	1395137003695	1395137003695	1395137003695	KO	GatlingAsyncHandlerActor timed out
ACTION	Pricing	400	price	1395137003704	1395137003704	1395137003704	1395137003704	KO	GatlingAsyncHandlerActor timed out
ACTION	Pricing	71	price	1395137003691	1395137003691	1395137003691	1395137003691	KO	GatlingAsyncHandlerActor timed out
ACTION	Pricing	115	price	1395137003687	1395137003687	1395137003687	1395137003687	KO	GatlingAsyncHandlerActor timed out
ACTION	Pricing	167	price	1395137003700	1395137003700	1395137003700	1395137003700	KO	GatlingAsyncHandlerActor timed out
ACTION	Pricing	168	price	1395137003688	1395137003688	1395137003688	1395137003688	KO	GatlingAsyncHandlerActor timed out
ACTION	Pricing	477	price	1395137003697	1395137003697	1395137003697	1395137003697	KO	GatlingAsyncHandlerActor timed out
ACTION	Pricing	472	price	1395137003689	1395137003689	1395137003689	1395137003689	KO	GatlingAsyncHandlerActor timed out
ACTION	Pricing	246	price	1395137003712	1395137003712	1395137003712	1395137003712	KO	GatlingAsyncHandlerActor timed out
ACTION	Pricing	337	price	1395137003690	1395137003690	1395137003690	1395137003690	KO	GatlingAsyncHandlerActor timed out
ACTION	Pricing	96	price	1395137003706	1395137003706	1395137003706	1395137003706	KO	GatlingAsyncHandlerActor timed out
ACTION	Pricing	266	price	1395137003705	1395137003705	1395137003705	1395137003705	KO	GatlingAsyncHandlerActor timed out
ACTION	Pricing	61	price	1395137003721	1395137003721	1395137003721	1395137003721	KO	GatlingAsyncHandlerActor timed out
ACTION	Pricing	496	price	1395137003719	1395137003719	1395137003719	1395137003719	KO	GatlingAsyncHandlerActor timed out
ACTION	Pricing	428	price	1395137003697	1395137003697	1395137003697	1395137003697	KO	GatlingAsyncHandlerActor timed out
ACTION	Pricing	156	price	1395137003714	1395137003714	1395137003714	1395137003714	KO	GatlingAsyncHandlerActor timed out
ACTION	Pricing	335	price	1395137003726	1395137003726	1395137003726	1395137003726	KO	GatlingAsyncHandlerActor timed out
ACTION	Pricing	278	price	1395137003720	1395137003720	1395137003720	1395137003720	KO	GatlingAsyncHandlerActor timed out
ACTION	Pricing	293	price	1395137003693	1395137003693	1395137003693	1395137003693	KO	GatlingAsyncHandlerActor timed out
ACTION	Pricing	423	price	1395137003722	1395137003722	1395137003722	1395137003722	KO	GatlingAsyncHandlerActor timed out
ACTION	Pricing	10	price	1395137003701	1395137003701	1395137003701	1395137003701	KO	GatlingAsyncHandlerActor timed out
ACTION	Pricing	255	price	1395137003725	1395137003725	1395137003725	1395137003725	KO	GatlingAsyncHandlerActor timed out
ACTION	Pricing	171	price	1395137003681	1395137003681	1395137003681	1395137003681	KO	GatlingAsyncHandlerActor timed out
ACTION	Pricing	158	price	1395137003716	1395137003716	1395137003716	1395137003716	KO	GatlingAsyncHandlerActor timed out
ACTION	Pricing	457	price	1395137003693	1395137003693	1395137003693	1395137003693	KO	GatlingAsyncHandlerActor timed out
ACTION	Pricing	313	price	1395137003703	1395137003703	1395137003703	1395137003703	KO	GatlingAsyncHandlerActor timed out
ACTION	Pricing	232	price	1395137003689	1395137003689	1395137003689	1395137003689	KO	GatlingAsyncHandlerActor timed out
ACTION	Pricing	22	price	1395137003696	1395137003696	1395137003696	1395137003696	KO	GatlingAsyncHandlerActor timed out
ACTION	Pricing	271	price	1395137003722	1395137003722	1395137003722	1395137003722	KO	GatlingAsyncHandlerActor timed out
ACTION	Pricing	191	price	1395137003709	1395137003709	1395137003709	1395137003709	KO	GatlingAsyncHandlerActor timed out
ACTION	Pricing	279	price	1395137003684	1395137003684	1395137003684	1395137003684	KO	GatlingAsyncHandlerActor timed out
ACTION	Pricing	145	price	1395137003678	1395137003678	1395137003678	1395137003678	KO	GatlingAsyncHandlerActor timed out
ACTION	Pricing	101	price	1395137003713	1395137003713	1395137003713	1395137003713	KO	GatlingAsyncHandlerActor timed out
SCENARIO	Pricing	70	END	1395137063744
SCENARIO	Pricing	200	END	1395137063744
SCENARIO	Pricing	64	END	1395137063745
SCENARIO	Pricing	489	END	1395137063745
SCENARIO	Pricing	222	END	1395137063745
ACTION	Pricing	287	price	1395137003692	1395137003692	1395137003692	1395137003692	KO	GatlingAsyncHandlerActor timed out
SCENARIO	Pricing	208	END	1395137063745
SCENARIO	Pricing	284	END	1395137063745
SCENARIO	Pricing	400	END	1395137063745
SCENARIO	Pricing	71	END	1395137063745
SCENARIO	Pricing	167	END	1395137063745
ACTION	Pricing	108	price	1395137003717	1395137003717	1395137003717	1395137003717	KO	GatlingAsyncHandlerActor timed out
SCENARIO	Pricing	168	END	1395137063746
SCENARIO	Pricing	477	END	1395137063746
SCENARIO	Pricing	472	END	1395137063746
SCENARIO	Pricing	246	END	1395137063746
SCENARIO	Pricing	337	END	1395137063746
SCENARIO	Pricing	96	END	1395137063746
SCENARIO	Pricing	266	END	1395137063746
SCENARIO	Pricing	61	END	1395137063746
SCENARIO	Pricing	496	END	1395137063746
SCENARIO	Pricing	428	END	1395137063746
SCENARIO	Pricing	156	END	1395137063746
SCENARIO	Pricing	335	END	1395137063746
SCENARIO	Pricing	278	END	1395137063746
SCENARIO	Pricing	293	END	1395137063746
SCENARIO	Pricing	423	END	1395137063746
SCENARIO	Pricing	10	END	1395137063747
SCENARIO	Pricing	255	END	1395137063747
SCENARIO	Pricing	171	END	1395137063747
SCENARIO	Pricing	158	END	1395137063747
SCENARIO	Pricing	457	END	1395137063747
SCENARIO	Pricing	313	END	1395137063747
SCENARIO	Pricing	232	END	1395137063747
SCENARIO	Pricing	22	END	1395137063747
SCENARIO	Pricing	271	END	1395137063747
SCENARIO	Pricing	191	END	1395137063747
SCENARIO	Pricing	279	END	1395137063747
SCENARIO	Pricing	145	END	1395137063747
SCENARIO	Pricing	101	END	1395137063747
SCENARIO	Pricing	287	END	1395137063747
SCENARIO	Pricing	108	END	1395137063747
ACTION	Pricing	180	price	1395137003713	1395137003713	1395137003713	1395137003713	KO	GatlingAsyncHandlerActor timed out
SCENARIO	Pricing	115	END	1395137063748
SCENARIO	Pricing	180	END	1395137063748
ACTION	Pricing	498	price	1395137003706	1395137003706	1395137003706	1395137003706	KO	GatlingAsyncHandlerActor timed out
SCENARIO	Pricing	498	END	1395137063748
ACTION	Pricing	175	price	1395137003680	1395137003680	1395137003680	1395137003680	KO	GatlingAsyncHandlerActor timed out
SCENARIO	Pricing	175	END	1395137063749
ACTION	Pricing	68	price	1395137003740	1395137003740	1395137003740	1395137063756	KO	connection timed out: /192.168.17.3:9090 to http://192.168.17.3:9090/services/pricer/price?symbol=CS&maturity=15&strike=11
SCENARIO	Pricing	68	END	1395137063757
ACTION	Pricing	484	price	1395137003735	1395137003735	1395137003735	1395137063760	KO	connection timed out: /192.168.17.3:9090 to http://192.168.17.3:9090/services/pricer/price?symbol=EDF&maturity=45&strike=86
SCENARIO	Pricing	484	END	1395137063761
ACTION	Pricing	402	price	1395137003735	1395137003735	1395137003735	1395137063770	KO	connection timed out: /192.168.17.3:9090 to http://192.168.17.3:9090/services/pricer/price?symbol=PP&maturity=45&strike=198
SCENARIO	Pricing	402	END	1395137063771
ACTION	Pricing	118	price	1395137003728	1395137003728	1395137003728	1395137063771	KO	connection timed out: /192.168.17.3:9090 to http://192.168.17.3:9090/services/pricer/price?symbol=FP&maturity=30&strike=52
SCENARIO	Pricing	118	END	1395137063772
ACTION	Pricing	371	price	1395137003743	1395137003743	1395137003743	1395137063774	KO	connection timed out: /192.168.17.3:9090 to http://192.168.17.3:9090/services/pricer/price?symbol=VIV&maturity=76&strike=43
SCENARIO	Pricing	371	END	1395137063774
ACTION	Pricing	12	price	1395137003743	1395137003743	1395137003743	1395137063776	KO	connection timed out: /192.168.17.3:9090 to http://192.168.17.3:9090/services/pricer/price?symbol=PP&maturity=60&strike=194
SCENARIO	Pricing	12	END	1395137063776
ACTION	Pricing	147	price	1395137003738	1395137003738	1395137003738	1395137003738	KO	GatlingAsyncHandlerActor timed out
ACTION	Pricing	162	price	1395137003742	1395137003742	1395137003742	1395137003742	KO	GatlingAsyncHandlerActor timed out
ACTION	Pricing	24	price	1395137003731	1395137003731	1395137003731	1395137003731	KO	GatlingAsyncHandlerActor timed out
ACTION	Pricing	404	price	1395137003750	1395137003750	1395137003750	1395137003750	KO	GatlingAsyncHandlerActor timed out
ACTION	Pricing	190	price	1395137003746	1395137003746	1395137003746	1395137003746	KO	GatlingAsyncHandlerActor timed out
ACTION	Pricing	276	price	1395137003749	1395137003749	1395137003749	1395137003749	KO	GatlingAsyncHandlerActor timed out
ACTION	Pricing	352	price	1395137003727	1395137003727	1395137003727	1395137003727	KO	GatlingAsyncHandlerActor timed out
ACTION	Pricing	97	price	1395137003729	1395137003729	1395137003729	1395137003729	KO	GatlingAsyncHandlerActor timed out
ACTION	Pricing	339	price	1395137003744	1395137003744	1395137003744	1395137003744	KO	GatlingAsyncHandlerActor timed out
ACTION	Pricing	419	price	1395137003741	1395137003741	1395137003741	1395137003741	KO	GatlingAsyncHandlerActor timed out
ACTION	Pricing	417	price	1395137003745	1395137003745	1395137003745	1395137003745	KO	GatlingAsyncHandlerActor timed out
ACTION	Pricing	418	price	1395137003739	1395137003739	1395137003739	1395137003739	KO	GatlingAsyncHandlerActor timed out
ACTION	Pricing	238	price	1395137003749	1395137003749	1395137003749	1395137003749	KO	GatlingAsyncHandlerActor timed out
ACTION	Pricing	356	price	1395137003746	1395137003746	1395137003746	1395137003746	KO	GatlingAsyncHandlerActor timed out
ACTION	Pricing	155	price	1395137003749	1395137003749	1395137003749	1395137003749	KO	GatlingAsyncHandlerActor timed out
ACTION	Pricing	135	price	1395137003734	1395137003734	1395137003734	1395137003734	KO	GatlingAsyncHandlerActor timed out
ACTION	Pricing	421	price	1395137003737	1395137003737	1395137003737	1395137003737	KO	GatlingAsyncHandlerActor timed out
ACTION	Pricing	192	price	1395137003741	1395137003741	1395137003741	1395137003741	KO	GatlingAsyncHandlerActor timed out
ACTION	Pricing	77	price	1395137003738	1395137003738	1395137003738	1395137003738	KO	GatlingAsyncHandlerActor timed out
ACTION	Pricing	494	price	1395137003733	1395137003733	1395137003733	1395137003733	KO	GatlingAsyncHandlerActor timed out
ACTION	Pricing	273	price	1395137003744	1395137003744	1395137003744	1395137003744	KO	GatlingAsyncHandlerActor timed out
ACTION	Pricing	360	price	1395137003740	1395137003740	1395137003740	1395137003740	KO	GatlingAsyncHandlerActor timed out
ACTION	Pricing	144	price	1395137003733	1395137003733	1395137003733	1395137003733	KO	GatlingAsyncHandlerActor timed out
ACTION	Pricing	54	price	1395137003736	1395137003736	1395137003736	1395137003736	KO	GatlingAsyncHandlerActor timed out
ACTION	Pricing	86	price	1395137003736	1395137003736	1395137003736	1395137003736	KO	GatlingAsyncHandlerActor timed out
ACTION	Pricing	136	price	1395137003749	1395137003749	1395137003749	1395137003749	KO	GatlingAsyncHandlerActor timed out
SCENARIO	Pricing	147	END	1395137063782
SCENARIO	Pricing	162	END	1395137063782
SCENARIO	Pricing	24	END	1395137063782
SCENARIO	Pricing	404	END	1395137063782
SCENARIO	Pricing	190	END	1395137063782
SCENARIO	Pricing	276	END	1395137063782
SCENARIO	Pricing	352	END	1395137063782
SCENARIO	Pricing	97	END	1395137063782
SCENARIO	Pricing	339	END	1395137063782
SCENARIO	Pricing	419	END	1395137063782
SCENARIO	Pricing	417	END	1395137063782
SCENARIO	Pricing	418	END	1395137063782
SCENARIO	Pricing	238	END	1395137063782
SCENARIO	Pricing	356	END	1395137063782
SCENARIO	Pricing	155	END	1395137063782
SCENARIO	Pricing	135	END	1395137063783
SCENARIO	Pricing	421	END	1395137063783
SCENARIO	Pricing	192	END	1395137063783
SCENARIO	Pricing	77	END	1395137063783
SCENARIO	Pricing	494	END	1395137063783
SCENARIO	Pricing	273	END	1395137063783
SCENARIO	Pricing	360	END	1395137063783
SCENARIO	Pricing	144	END	1395137063783
SCENARIO	Pricing	54	END	1395137063783
SCENARIO	Pricing	86	END	1395137063783
SCENARIO	Pricing	136	END	1395137063783
ACTION	Pricing	353	price	1395137003447	1395137010458	1395137065684	1395137065685	OK	 
SCENARIO	Pricing	353	END	1395137065686
ACTION	Pricing	357	price	1395137003447	1395137010458	1395137065712	1395137065712	OK	 
SCENARIO	Pricing	357	END	1395137065713
ACTION	Pricing	467	price	1395137003448	1395137018475	1395137073726	1395137073726	OK	 
SCENARIO	Pricing	467	END	1395137073727
ACTION	Pricing	280	price	1395137003449	1395137018492	1395137073766	1395137073766	OK	 
SCENARIO	Pricing	280	END	1395137073767
