RUN	20140318092936	pricingsimulation	pricingsimulation
SCENARIO	Pricing	4	START	1395134979909
SCENARIO	Pricing	3	START	1395134979911
SCENARIO	Pricing	6	START	1395134979914
SCENARIO	Pricing	8	START	1395134979921
SCENARIO	Pricing	2	START	1395134979921
SCENARIO	Pricing	5	START	1395134979922
SCENARIO	Pricing	7	START	1395134979922
SCENARIO	Pricing	10	START	1395134979924
SCENARIO	Pricing	9	START	1395134979924
SCENARIO	Pricing	1	START	1395134979925
ACTION	Pricing	9	price	1395134979992	1395134979999	1395134980997	1395134980997	OK	 
ACTION	Pricing	1	price	1395134979997	1395134980000	1395134980971	1395134980984	OK	 
ACTION	Pricing	3	price	1395134979977	1395134979986	1395134980998	1395134980999	OK	 
ACTION	Pricing	8	price	1395134979977	1395134979987	1395134980971	1395134980978	OK	 
ACTION	Pricing	6	price	1395134979976	1395134979987	1395134980970	1395134980978	OK	 
ACTION	Pricing	2	price	1395134979978	1395134979995	1395134980974	1395134980978	OK	 
ACTION	Pricing	4	price	1395134979977	1395134979977	1395134980997	1395134980998	OK	 
ACTION	Pricing	5	price	1395134979979	1395134979995	1395134980999	1395134980999	OK	 
ACTION	Pricing	7	price	1395134979980	1395134979989	1395134980996	1395134981009	OK	 
ACTION	Pricing	10	price	1395134979982	1395134979989	1395134981003	1395134981009	OK	 
ACTION	Pricing	4	price	1395134981147	1395134981148	1395134981398	1395134981398	OK	 
ACTION	Pricing	9	price	1395134981134	1395134981137	1395134981399	1395134981400	OK	 
ACTION	Pricing	2	price	1395134981142	1395134981146	1395134981501	1395134981502	OK	 
ACTION	Pricing	4	price	1395134981400	1395134981402	1395134981513	1395134981513	OK	 
ACTION	Pricing	7	price	1395134981165	1395134981170	1395134981545	1395134981545	OK	 
ACTION	Pricing	8	price	1395134981161	1395134981161	1395134981565	1395134981565	OK	 
ACTION	Pricing	10	price	1395134981171	1395134981173	1395134981603	1395134981603	OK	 
ACTION	Pricing	3	price	1395134981155	1395134981158	1395134981605	1395134981605	OK	 
ACTION	Pricing	1	price	1395134981149	1395134981154	1395134981658	1395134981658	OK	 
ACTION	Pricing	6	price	1395134981159	1395134981161	1395134981657	1395134981657	OK	 
ACTION	Pricing	9	price	1395134981403	1395134981405	1395134981658	1395134981658	OK	 
ACTION	Pricing	2	price	1395134981504	1395134981505	1395134981769	1395134981769	OK	 
ACTION	Pricing	10	price	1395134981606	1395134981609	1395134981843	1395134981843	OK	 
ACTION	Pricing	7	price	1395134981547	1395134981549	1395134981852	1395134981852	OK	 
ACTION	Pricing	5	price	1395134981162	1395134981165	1395134981862	1395134981862	OK	 
ACTION	Pricing	3	price	1395134981608	1395134981611	1395134981883	1395134981884	OK	 
ACTION	Pricing	9	price	1395134981663	1395134981664	1395134981896	1395134981896	OK	 
ACTION	Pricing	10	price	1395134981845	1395134981847	1395134981943	1395134981943	OK	 
ACTION	Pricing	8	price	1395134981567	1395134981569	1395134981973	1395134981974	OK	 
ACTION	Pricing	4	price	1395134981515	1395134981520	1395134982030	1395134982030	OK	 
ACTION	Pricing	7	price	1395134981854	1395134981856	1395134982052	1395134982052	OK	 
ACTION	Pricing	9	price	1395134981898	1395134981899	1395134982106	1395134982107	OK	 
ACTION	Pricing	5	price	1395134981864	1395134981866	1395134982108	1395134982109	OK	 
ACTION	Pricing	10	price	1395134981945	1395134981947	1395134982131	1395134982131	OK	 
ACTION	Pricing	3	price	1395134981885	1395134981887	1395134982185	1395134982186	OK	 
ACTION	Pricing	5	price	1395134982110	1395134982111	1395134982211	1395134982211	OK	 
ACTION	Pricing	2	price	1395134981771	1395134981772	1395134982216	1395134982216	OK	 
ACTION	Pricing	6	price	1395134981660	1395134981665	1395134982252	1395134982252	OK	 
ACTION	Pricing	3	price	1395134982188	1395134982189	1395134982299	1395134982300	OK	 
ACTION	Pricing	10	price	1395134982134	1395134982134	1395134982346	1395134982346	OK	 
ACTION	Pricing	9	price	1395134982109	1395134982112	1395134982366	1395134982366	OK	 
ACTION	Pricing	1	price	1395134981663	1395134981666	1395134982393	1395134982393	OK	 
ACTION	Pricing	7	price	1395134982054	1395134982055	1395134982437	1395134982437	OK	 
ACTION	Pricing	4	price	1395134982032	1395134982033	1395134982490	1395134982490	OK	 
ACTION	Pricing	8	price	1395134981981	1395134981985	1395134982543	1395134982543	OK	 
ACTION	Pricing	1	price	1395134982399	1395134982400	1395134982567	1395134982568	OK	 
ACTION	Pricing	9	price	1395134982369	1395134982370	1395134982597	1395134982597	OK	 
ACTION	Pricing	10	price	1395134982348	1395134982349	1395134982628	1395134982629	OK	 
ACTION	Pricing	3	price	1395134982302	1395134982303	1395134982685	1395134982685	OK	 
ACTION	Pricing	6	price	1395134982254	1395134982254	1395134982706	1395134982707	OK	 
ACTION	Pricing	2	price	1395134982218	1395134982219	1395134982764	1395134982764	OK	 
ACTION	Pricing	5	price	1395134982213	1395134982214	1395134982773	1395134982773	OK	 
ACTION	Pricing	3	price	1395134982687	1395134982687	1395134982821	1395134982822	OK	 
ACTION	Pricing	10	price	1395134982631	1395134982632	1395134982873	1395134982873	OK	 
ACTION	Pricing	9	price	1395134982598	1395134982599	1395134982903	1395134982903	OK	 
ACTION	Pricing	1	price	1395134982570	1395134982570	1395134982924	1395134982925	OK	 
ACTION	Pricing	4	price	1395134982492	1395134982493	1395134982973	1395134982974	OK	 
ACTION	Pricing	7	price	1395134982439	1395134982440	1395134983016	1395134983016	OK	 
ACTION	Pricing	9	price	1395134982905	1395134982906	1395134983036	1395134983037	OK	 
ACTION	Pricing	8	price	1395134982545	1395134982545	1395134983071	1395134983072	OK	 
ACTION	Pricing	3	price	1395134982823	1395134982824	1395134983137	1395134983137	OK	 
ACTION	Pricing	5	price	1395134982775	1395134982776	1395134983159	1395134983160	OK	 
ACTION	Pricing	2	price	1395134982767	1395134982767	1395134983204	1395134983205	OK	 
ACTION	Pricing	3	price	1395134983139	1395134983140	1395134983232	1395134983232	OK	 
ACTION	Pricing	6	price	1395134982709	1395134982710	1395134983240	1395134983241	OK	 
ACTION	Pricing	8	price	1395134983075	1395134983075	1395134983290	1395134983290	OK	 
ACTION	Pricing	7	price	1395134983018	1395134983019	1395134983348	1395134983348	OK	 
ACTION	Pricing	10	price	1395134982875	1395134982876	1395134983371	1395134983372	OK	 
ACTION	Pricing	4	price	1395134982976	1395134982977	1395134983442	1395134983442	OK	 
ACTION	Pricing	1	price	1395134982927	1395134982928	1395134983477	1395134983478	OK	 
ACTION	Pricing	10	price	1395134983374	1395134983374	1395134983486	1395134983487	OK	 
ACTION	Pricing	9	price	1395134983039	1395134983039	1395134983505	1395134983506	OK	 
ACTION	Pricing	8	price	1395134983292	1395134983293	1395134983540	1395134983540	OK	 
ACTION	Pricing	2	price	1395134983206	1395134983207	1395134983626	1395134983626	OK	 
ACTION	Pricing	3	price	1395134983234	1395134983234	1395134983628	1395134983628	OK	 
ACTION	Pricing	5	price	1395134983162	1395134983163	1395134983641	1395134983641	OK	 
ACTION	Pricing	8	price	1395134983542	1395134983542	1395134983681	1395134983681	OK	 
ACTION	Pricing	10	price	1395134983489	1395134983490	1395134983731	1395134983731	OK	 
ACTION	Pricing	6	price	1395134983242	1395134983243	1395134983751	1395134983751	OK	 
ACTION	Pricing	4	price	1395134983444	1395134983445	1395134983807	1395134983808	OK	 
ACTION	Pricing	7	price	1395134983350	1395134983350	1395134983838	1395134983838	OK	 
ACTION	Pricing	8	price	1395134983683	1395134983684	1395134983861	1395134983861	OK	 
ACTION	Pricing	9	price	1395134983508	1395134983508	1395134983905	1395134983905	OK	 
ACTION	Pricing	1	price	1395134983479	1395134983480	1395134983911	1395134983911	OK	 
ACTION	Pricing	5	price	1395134983643	1395134983644	1395134983942	1395134983942	OK	 
ACTION	Pricing	2	price	1395134983629	1395134983631	1395134983987	1395134983987	OK	 
ACTION	Pricing	3	price	1395134983630	1395134983631	1395134984013	1395134984013	OK	 
ACTION	Pricing	1	price	1395134983913	1395134983914	1395134984063	1395134984063	OK	 
ACTION	Pricing	8	price	1395134983864	1395134983865	1395134984074	1395134984074	OK	 
ACTION	Pricing	7	price	1395134983840	1395134983840	1395134984116	1395134984116	OK	 
ACTION	Pricing	4	price	1395134983809	1395134983810	1395134984148	1395134984149	OK	 
ACTION	Pricing	6	price	1395134983753	1395134983754	1395134984177	1395134984178	OK	 
ACTION	Pricing	7	price	1395134984118	1395134984119	1395134984213	1395134984213	OK	 
ACTION	Pricing	8	price	1395134984076	1395134984076	1395134984246	1395134984247	OK	 
ACTION	Pricing	3	price	1395134984015	1395134984016	1395134984277	1395134984277	OK	 
ACTION	Pricing	5	price	1395134983944	1395134983945	1395134984359	1395134984359	OK	 
ACTION	Pricing	8	price	1395134984249	1395134984249	1395134984410	1395134984411	OK	 
ACTION	Pricing	7	price	1395134984215	1395134984216	1395134984440	1395134984440	OK	 
ACTION	Pricing	1	price	1395134984065	1395134984065	1395134984480	1395134984481	OK	 
ACTION	Pricing	6	price	1395134984179	1395134984180	1395134984514	1395134984514	OK	 
ACTION	Pricing	4	price	1395134984150	1395134984151	1395134984553	1395134984554	OK	 
ACTION	Pricing	10	price	1395134983733	1395134983734	1395134984575	1395134984575	OK	 
ACTION	Pricing	2	price	1395134983989	1395134983990	1395134984708	1395134984708	OK	 
ACTION	Pricing	7	price	1395134984442	1395134984443	1395134984709	1395134984709	OK	 
ACTION	Pricing	5	price	1395134984361	1395134984361	1395134984710	1395134984711	OK	 
ACTION	Pricing	9	price	1395134983908	1395134983909	1395134984735	1395134984735	OK	 
ACTION	Pricing	8	price	1395134984413	1395134984414	1395134984778	1395134984778	OK	 
ACTION	Pricing	3	price	1395134984279	1395134984280	1395134984785	1395134984785	OK	 
ACTION	Pricing	10	price	1395134984578	1395134984578	1395134984821	1395134984821	OK	 
ACTION	Pricing	4	price	1395134984556	1395134984556	1395134984829	1395134984829	OK	 
ACTION	Pricing	6	price	1395134984517	1395134984518	1395134984861	1395134984862	OK	 
ACTION	Pricing	1	price	1395134984483	1395134984483	1395134984897	1395134984897	OK	 
ACTION	Pricing	3	price	1395134984787	1395134984788	1395134984959	1395134984960	OK	 
ACTION	Pricing	8	price	1395134984780	1395134984781	1395134984988	1395134984989	OK	 
ACTION	Pricing	9	price	1395134984737	1395134984738	1395134985061	1395134985061	OK	 
ACTION	Pricing	5	price	1395134984714	1395134984715	1395134985071	1395134985072	OK	 
ACTION	Pricing	3	price	1395134984964	1395134984965	1395134985073	1395134985074	OK	 
ACTION	Pricing	2	price	1395134984710	1395134984711	1395134985122	1395134985122	OK	 
ACTION	Pricing	7	price	1395134984713	1395134984713	1395134985249	1395134985249	OK	 
ACTION	Pricing	6	price	1395134984863	1395134984869	1395134985289	1395134985290	OK	 
ACTION	Pricing	4	price	1395134984831	1395134984831	1395134985290	1395134985291	OK	 
ACTION	Pricing	10	price	1395134984823	1395134984823	1395134985302	1395134985302	OK	 
ACTION	Pricing	3	price	1395134985075	1395134985076	1395134985314	1395134985314	OK	 
ACTION	Pricing	1	price	1395134984899	1395134984899	1395134985343	1395134985343	OK	 
ACTION	Pricing	9	price	1395134985063	1395134985064	1395134985403	1395134985403	OK	 
ACTION	Pricing	8	price	1395134984990	1395134984991	1395134985403	1395134985403	OK	 
ACTION	Pricing	3	price	1395134985316	1395134985317	1395134985558	1395134985558	OK	 
ACTION	Pricing	2	price	1395134985124	1395134985128	1395134985586	1395134985586	OK	 
ACTION	Pricing	5	price	1395134985073	1395134985075	1395134985595	1395134985595	OK	 
ACTION	Pricing	6	price	1395134985292	1395134985293	1395134985675	1395134985675	OK	 
ACTION	Pricing	7	price	1395134985251	1395134985252	1395134985695	1395134985695	OK	 
ACTION	Pricing	10	price	1395134985304	1395134985304	1395134985697	1395134985697	OK	 
ACTION	Pricing	1	price	1395134985345	1395134985346	1395134985699	1395134985699	OK	 
ACTION	Pricing	4	price	1395134985293	1395134985294	1395134985740	1395134985741	OK	 
ACTION	Pricing	9	price	1395134985406	1395134985407	1395134985790	1395134985790	OK	 
ACTION	Pricing	8	price	1395134985405	1395134985405	1395134985807	1395134985807	OK	 
ACTION	Pricing	2	price	1395134985588	1395134985589	1395134985907	1395134985907	OK	 
ACTION	Pricing	3	price	1395134985560	1395134985561	1395134985907	1395134985907	OK	 
ACTION	Pricing	8	price	1395134985809	1395134985809	1395134985956	1395134985956	OK	 
ACTION	Pricing	9	price	1395134985791	1395134985792	1395134986101	1395134986101	OK	 
ACTION	Pricing	8	price	1395134985957	1395134985958	1395134986110	1395134986110	OK	 
ACTION	Pricing	7	price	1395134985698	1395134985702	1395134986131	1395134986131	OK	 
ACTION	Pricing	6	price	1395134985677	1395134985678	1395134986134	1395134986135	OK	 
ACTION	Pricing	1	price	1395134985705	1395134985705	1395134986146	1395134986146	OK	 
ACTION	Pricing	4	price	1395134985743	1395134985743	1395134986170	1395134986171	OK	 
ACTION	Pricing	5	price	1395134985597	1395134985598	1395134986181	1395134986182	OK	 
ACTION	Pricing	10	price	1395134985705	1395134985705	1395134986191	1395134986191	OK	 
ACTION	Pricing	2	price	1395134985910	1395134985910	1395134986212	1395134986212	OK	 
ACTION	Pricing	3	price	1395134985909	1395134985909	1395134986250	1395134986250	OK	 
ACTION	Pricing	1	price	1395134986148	1395134986149	1395134986262	1395134986262	OK	 
ACTION	Pricing	7	price	1395134986133	1395134986135	1395134986308	1395134986308	OK	 
ACTION	Pricing	8	price	1395134986111	1395134986112	1395134986346	1395134986347	OK	 
ACTION	Pricing	9	price	1395134986103	1395134986104	1395134986448	1395134986448	OK	 
ACTION	Pricing	7	price	1395134986310	1395134986310	1395134986459	1395134986459	OK	 
ACTION	Pricing	1	price	1395134986264	1395134986265	1395134986464	1395134986464	OK	 
ACTION	Pricing	3	price	1395134986253	1395134986253	1395134986488	1395134986489	OK	 
ACTION	Pricing	6	price	1395134986137	1395134986137	1395134986549	1395134986549	OK	 
ACTION	Pricing	10	price	1395134986193	1395134986193	1395134986570	1395134986571	OK	 
ACTION	Pricing	4	price	1395134986172	1395134986173	1395134986618	1395134986618	OK	 
ACTION	Pricing	3	price	1395134986490	1395134986491	1395134986656	1395134986657	OK	 
ACTION	Pricing	2	price	1395134986215	1395134986215	1395134986709	1395134986710	OK	 
ACTION	Pricing	5	price	1395134986183	1395134986184	1395134986709	1395134986709	OK	 
ACTION	Pricing	7	price	1395134986461	1395134986461	1395134986740	1395134986741	OK	 
ACTION	Pricing	9	price	1395134986450	1395134986450	1395134986772	1395134986773	OK	 
ACTION	Pricing	8	price	1395134986349	1395134986350	1395134986818	1395134986818	OK	 
ACTION	Pricing	7	price	1395134986742	1395134986743	1395134986854	1395134986854	OK	 
ACTION	Pricing	5	price	1395134986711	1395134986712	1395134986872	1395134986872	OK	 
ACTION	Pricing	3	price	1395134986659	1395134986660	1395134986922	1395134986922	OK	 
ACTION	Pricing	1	price	1395134986465	1395134986466	1395134986946	1395134986946	OK	 
ACTION	Pricing	10	price	1395134986573	1395134986574	1395134986957	1395134986957	OK	 
ACTION	Pricing	6	price	1395134986551	1395134986551	1395134987222	1395134987223	OK	 
ACTION	Pricing	9	price	1395134986774	1395134986775	1395134987292	1395134987293	OK	 
ACTION	Pricing	8	price	1395134986820	1395134986821	1395134987301	1395134987301	OK	 
ACTION	Pricing	7	price	1395134986856	1395134986857	1395134987305	1395134987305	OK	 
ACTION	Pricing	3	price	1395134986924	1395134986925	1395134987301	1395134987301	OK	 
ACTION	Pricing	10	price	1395134986959	1395134986960	1395134987307	1395134987307	OK	 
ACTION	Pricing	4	price	1395134986620	1395134986621	1395134987309	1395134987309	OK	 
ACTION	Pricing	1	price	1395134986948	1395134986948	1395134987304	1395134987310	OK	 
ACTION	Pricing	5	price	1395134986874	1395134986875	1395134987311	1395134987313	OK	 
ACTION	Pricing	2	price	1395134986713	1395134986713	1395134987313	1395134987313	OK	 
ACTION	Pricing	6	price	1395134987224	1395134987225	1395134987365	1395134987365	OK	 
ACTION	Pricing	8	price	1395134987304	1395134987305	1395134987411	1395134987411	OK	 
ACTION	Pricing	9	price	1395134987294	1395134987295	1395134987416	1395134987416	OK	 
ACTION	Pricing	2	price	1395134987317	1395134987317	1395134987491	1395134987491	OK	 
ACTION	Pricing	3	price	1395134987310	1395134987310	1395134987569	1395134987569	OK	 
ACTION	Pricing	10	price	1395134987312	1395134987312	1395134987607	1395134987607	OK	 
ACTION	Pricing	1	price	1395134987315	1395134987315	1395134987628	1395134987628	OK	 
ACTION	Pricing	5	price	1395134987316	1395134987316	1395134987640	1395134987641	OK	 
ACTION	Pricing	9	price	1395134987417	1395134987418	1395134987690	1395134987690	OK	 
ACTION	Pricing	7	price	1395134987308	1395134987308	1395134987712	1395134987713	OK	 
ACTION	Pricing	6	price	1395134987367	1395134987368	1395134987730	1395134987730	OK	 
ACTION	Pricing	5	price	1395134987642	1395134987643	1395134987765	1395134987765	OK	 
ACTION	Pricing	1	price	1395134987630	1395134987630	1395134987813	1395134987813	OK	 
ACTION	Pricing	8	price	1395134987413	1395134987413	1395134987847	1395134987847	OK	 
ACTION	Pricing	3	price	1395134987571	1395134987572	1395134987882	1395134987882	OK	 
ACTION	Pricing	2	price	1395134987493	1395134987493	1395134987905	1395134987905	OK	 
ACTION	Pricing	4	price	1395134987314	1395134987315	1395134987925	1395134987925	OK	 
ACTION	Pricing	3	price	1395134987884	1395134987885	1395134987975	1395134987975	OK	 
ACTION	Pricing	8	price	1395134987850	1395134987850	1395134988036	1395134988036	OK	 
ACTION	Pricing	1	price	1395134987815	1395134987816	1395134988071	1395134988071	OK	 
ACTION	Pricing	5	price	1395134987767	1395134987768	1395134988075	1395134988075	OK	 
ACTION	Pricing	10	price	1395134987609	1395134987610	1395134988123	1395134988123	OK	 
ACTION	Pricing	7	price	1395134987715	1395134987715	1395134988148	1395134988149	OK	 
ACTION	Pricing	9	price	1395134987692	1395134987693	1395134988184	1395134988184	OK	 
ACTION	Pricing	10	price	1395134988125	1395134988126	1395134988206	1395134988206	OK	 
ACTION	Pricing	7	price	1395134988151	1395134988151	1395134988267	1395134988268	OK	 
ACTION	Pricing	5	price	1395134988076	1395134988077	1395134988273	1395134988273	OK	 
ACTION	Pricing	8	price	1395134988038	1395134988039	1395134988342	1395134988342	OK	 
ACTION	Pricing	6	price	1395134987732	1395134987732	1395134988365	1395134988365	OK	 
ACTION	Pricing	3	price	1395134987977	1395134987977	1395134988519	1395134988520	OK	 
ACTION	Pricing	2	price	1395134987907	1395134987908	1395134988585	1395134988585	OK	 
ACTION	Pricing	4	price	1395134987928	1395134987928	1395134988588	1395134988588	OK	 
ACTION	Pricing	8	price	1395134988344	1395134988345	1395134988589	1395134988590	OK	 
ACTION	Pricing	6	price	1395134988367	1395134988368	1395134988590	1395134988591	OK	 
ACTION	Pricing	5	price	1395134988275	1395134988275	1395134988615	1395134988615	OK	 
ACTION	Pricing	1	price	1395134988073	1395134988073	1395134988630	1395134988630	OK	 
ACTION	Pricing	10	price	1395134988208	1395134988208	1395134988671	1395134988671	OK	 
ACTION	Pricing	2	price	1395134988589	1395134988590	1395134988732	1395134988732	OK	 
ACTION	Pricing	9	price	1395134988186	1395134988187	1395134988735	1395134988735	OK	 
ACTION	Pricing	3	price	1395134988521	1395134988522	1395134988767	1395134988768	OK	 
ACTION	Pricing	7	price	1395134988270	1395134988270	1395134988793	1395134988793	OK	 
ACTION	Pricing	10	price	1395134988674	1395134988674	1395134988845	1395134988846	OK	 
ACTION	Pricing	2	price	1395134988734	1395134988734	1395134988861	1395134988861	OK	 
ACTION	Pricing	1	price	1395134988632	1395134988633	1395134988915	1395134988915	OK	 
ACTION	Pricing	5	price	1395134988617	1395134988617	1395134988941	1395134988942	OK	 
ACTION	Pricing	6	price	1395134988595	1395134988596	1395134988958	1395134988959	OK	 
ACTION	Pricing	8	price	1395134988593	1395134988595	1395134989026	1395134989026	OK	 
ACTION	Pricing	2	price	1395134988863	1395134988863	1395134989069	1395134989070	OK	 
ACTION	Pricing	10	price	1395134988848	1395134988848	1395134989282	1395134989283	OK	 
ACTION	Pricing	3	price	1395134988769	1395134988770	1395134989298	1395134989298	OK	 
ACTION	Pricing	9	price	1395134988737	1395134988737	1395134989299	1395134989300	OK	 
ACTION	Pricing	2	price	1395134989071	1395134989072	1395134989301	1395134989301	OK	 
ACTION	Pricing	8	price	1395134989028	1395134989029	1395134989326	1395134989326	OK	 
ACTION	Pricing	7	price	1395134988795	1395134988795	1395134989328	1395134989328	OK	 
ACTION	Pricing	4	price	1395134988592	1395134988593	1395134989350	1395134989351	OK	 
ACTION	Pricing	6	price	1395134988960	1395134988961	1395134989368	1395134989369	OK	 
ACTION	Pricing	5	price	1395134988944	1395134988945	1395134989428	1395134989429	OK	 
ACTION	Pricing	1	price	1395134988917	1395134988918	1395134989430	1395134989430	OK	 
ACTION	Pricing	10	price	1395134989284	1395134989285	1395134989440	1395134989441	OK	 
ACTION	Pricing	7	price	1395134989330	1395134989331	1395134989467	1395134989467	OK	 
ACTION	Pricing	8	price	1395134989329	1395134989329	1395134989512	1395134989513	OK	 
ACTION	Pricing	2	price	1395134989304	1395134989305	1395134989524	1395134989524	OK	 
ACTION	Pricing	3	price	1395134989300	1395134989303	1395134989561	1395134989561	OK	 
ACTION	Pricing	1	price	1395134989433	1395134989434	1395134989589	1395134989589	OK	 
ACTION	Pricing	5	price	1395134989431	1395134989432	1395134989622	1395134989622	OK	 
ACTION	Pricing	6	price	1395134989370	1395134989371	1395134989668	1395134989669	OK	 
ACTION	Pricing	4	price	1395134989353	1395134989353	1395134989694	1395134989694	OK	 
ACTION	Pricing	1	price	1395134989590	1395134989591	1395134989741	1395134989741	OK	 
ACTION	Pricing	3	price	1395134989563	1395134989563	1395134989761	1395134989761	OK	 
ACTION	Pricing	2	price	1395134989526	1395134989526	1395134989809	1395134989809	OK	 
ACTION	Pricing	8	price	1395134989514	1395134989515	1395134989852	1395134989852	OK	 
ACTION	Pricing	10	price	1395134989442	1395134989443	1395134989899	1395134989899	OK	 
ACTION	Pricing	7	price	1395134989469	1395134989469	1395134989923	1395134989924	OK	 
ACTION	Pricing	9	price	1395134989301	1395134989302	1395134989955	1395134989956	OK	 
ACTION	Pricing	2	price	1395134989811	1395134989812	1395134989980	1395134989981	OK	 
ACTION	Pricing	3	price	1395134989763	1395134989764	1395134990022	1395134990022	OK	 
ACTION	Pricing	4	price	1395134989696	1395134989696	1395134990082	1395134990083	OK	 
ACTION	Pricing	6	price	1395134989670	1395134989670	1395134990096	1395134990096	OK	 
ACTION	Pricing	5	price	1395134989624	1395134989625	1395134990134	1395134990134	OK	 
ACTION	Pricing	2	price	1395134989982	1395134989983	1395134990170	1395134990170	OK	 
ACTION	Pricing	1	price	1395134989742	1395134989743	1395134990193	1395134990193	OK	 
ACTION	Pricing	7	price	1395134989925	1395134989926	1395134990254	1395134990254	OK	 
ACTION	Pricing	8	price	1395134989854	1395134989856	1395134990271	1395134990271	OK	 
ACTION	Pricing	10	price	1395134989901	1395134989902	1395134990314	1395134990314	OK	 
ACTION	Pricing	5	price	1395134990136	1395134990136	1395134990403	1395134990404	OK	 
ACTION	Pricing	4	price	1395134990084	1395134990085	1395134990411	1395134990412	OK	 
ACTION	Pricing	9	price	1395134989957	1395134989961	1395134990412	1395134990412	OK	 
ACTION	Pricing	3	price	1395134990024	1395134990024	1395134990459	1395134990459	OK	 
ACTION	Pricing	10	price	1395134990316	1395134990316	1395134990491	1395134990491	OK	 
ACTION	Pricing	6	price	1395134990098	1395134990099	1395134990538	1395134990538	OK	 
ACTION	Pricing	8	price	1395134990273	1395134990273	1395134990554	1395134990555	OK	 
ACTION	Pricing	6	price	1395134990540	1395134990541	1395134990658	1395134990659	OK	 
ACTION	Pricing	3	price	1395134990461	1395134990461	1395134990680	1395134990680	OK	 
ACTION	Pricing	9	price	1395134990415	1395134990415	1395134990719	1395134990719	OK	 
ACTION	Pricing	5	price	1395134990405	1395134990406	1395134990755	1395134990756	OK	 
ACTION	Pricing	3	price	1395134990682	1395134990682	1395134990790	1395134990791	OK	 
ACTION	Pricing	4	price	1395134990414	1395134990415	1395134990835	1395134990835	OK	 
ACTION	Pricing	7	price	1395134990256	1395134990257	1395134990894	1395134990894	OK	 
ACTION	Pricing	1	price	1395134990195	1395134990195	1395134990914	1395134990914	OK	 
ACTION	Pricing	2	price	1395134990171	1395134990172	1395134990924	1395134990924	OK	 
ACTION	Pricing	6	price	1395134990660	1395134990661	1395134990938	1395134990938	OK	 
ACTION	Pricing	8	price	1395134990557	1395134990558	1395134990938	1395134990938	OK	 
ACTION	Pricing	10	price	1395134990492	1395134990493	1395134990972	1395134990973	OK	 
ACTION	Pricing	5	price	1395134990758	1395134990758	1395134990995	1395134990995	OK	 
ACTION	Pricing	9	price	1395134990722	1395134990722	1395134991048	1395134991048	OK	 
ACTION	Pricing	10	price	1395134990974	1395134990975	1395134991059	1395134991059	OK	 
ACTION	Pricing	6	price	1395134990942	1395134990942	1395134991117	1395134991118	OK	 
ACTION	Pricing	8	price	1395134990940	1395134990941	1395134991162	1395134991162	OK	 
ACTION	Pricing	2	price	1395134990925	1395134990926	1395134991175	1395134991175	OK	 
ACTION	Pricing	3	price	1395134990793	1395134990794	1395134991218	1395134991218	OK	 
ACTION	Pricing	8	price	1395134991164	1395134991165	1395134991242	1395134991243	OK	 
ACTION	Pricing	4	price	1395134990837	1395134990837	1395134991293	1395134991293	OK	 
ACTION	Pricing	7	price	1395134990896	1395134990896	1395134991408	1395134991409	OK	 
ACTION	Pricing	10	price	1395134991061	1395134991061	1395134991472	1395134991472	OK	 
ACTION	Pricing	9	price	1395134991050	1395134991050	1395134991490	1395134991490	OK	 
ACTION	Pricing	1	price	1395134990915	1395134990916	1395134991497	1395134991498	OK	 
ACTION	Pricing	5	price	1395134990997	1395134990998	1395134991512	1395134991513	OK	 
ACTION	Pricing	6	price	1395134991120	1395134991120	1395134991557	1395134991557	OK	 
ACTION	Pricing	8	price	1395134991245	1395134991245	1395134991570	1395134991570	OK	 
ACTION	Pricing	2	price	1395134991176	1395134991177	1395134991589	1395134991589	OK	 
ACTION	Pricing	3	price	1395134991220	1395134991220	1395134991633	1395134991634	OK	 
ACTION	Pricing	4	price	1395134991295	1395134991296	1395134991663	1395134991664	OK	 
ACTION	Pricing	5	price	1395134991514	1395134991515	1395134991699	1395134991699	OK	 
ACTION	Pricing	1	price	1395134991499	1395134991500	1395134991725	1395134991726	OK	 
ACTION	Pricing	7	price	1395134991410	1395134991411	1395134991767	1395134991768	OK	 
ACTION	Pricing	10	price	1395134991474	1395134991474	1395134991799	1395134991800	OK	 
ACTION	Pricing	3	price	1395134991636	1395134991636	1395134991842	1395134991843	OK	 
ACTION	Pricing	2	price	1395134991591	1395134991591	1395134991867	1395134991867	OK	 
ACTION	Pricing	8	price	1395134991572	1395134991573	1395134991908	1395134991909	OK	 
ACTION	Pricing	6	price	1395134991559	1395134991560	1395134991940	1395134991941	OK	 
ACTION	Pricing	2	price	1395134991869	1395134991870	1395134991969	1395134991969	OK	 
ACTION	Pricing	3	price	1395134991844	1395134991845	1395134992039	1395134992039	OK	 
ACTION	Pricing	10	price	1395134991801	1395134991802	1395134992042	1395134992042	OK	 
ACTION	Pricing	7	price	1395134991769	1395134991770	1395134992086	1395134992086	OK	 
ACTION	Pricing	4	price	1395134991665	1395134991666	1395134992112	1395134992112	OK	 
ACTION	Pricing	1	price	1395134991728	1395134991728	1395134992154	1395134992154	OK	 
ACTION	Pricing	9	price	1395134991492	1395134991492	1395134992211	1395134992211	OK	 
ACTION	Pricing	5	price	1395134991701	1395134991702	1395134992212	1395134992213	OK	 
ACTION	Pricing	4	price	1395134992114	1395134992114	1395134992237	1395134992237	OK	 
ACTION	Pricing	7	price	1395134992088	1395134992088	1395134992286	1395134992286	OK	 
ACTION	Pricing	10	price	1395134992043	1395134992044	1395134992340	1395134992340	OK	 
ACTION	Pricing	3	price	1395134992042	1395134992042	1395134992341	1395134992342	OK	 
ACTION	Pricing	2	price	1395134991971	1395134991972	1395134992382	1395134992382	OK	 
ACTION	Pricing	6	price	1395134991943	1395134991943	1395134992490	1395134992490	OK	 
ACTION	Pricing	8	price	1395134991910	1395134991911	1395134992534	1395134992534	OK	 
ACTION	Pricing	3	price	1395134992343	1395134992344	1395134992555	1395134992555	OK	 
ACTION	Pricing	7	price	1395134992288	1395134992289	1395134992581	1395134992582	OK	 
ACTION	Pricing	4	price	1395134992239	1395134992240	1395134992622	1395134992623	OK	 
ACTION	Pricing	5	price	1395134992215	1395134992215	1395134992664	1395134992665	OK	 
ACTION	Pricing	9	price	1395134992213	1395134992215	1395134992695	1395134992695	OK	 
ACTION	Pricing	1	price	1395134992158	1395134992158	1395134992738	1395134992738	OK	 
ACTION	Pricing	7	price	1395134992584	1395134992585	1395134992845	1395134992846	OK	 
ACTION	Pricing	4	price	1395134992624	1395134992625	1395134992851	1395134992851	OK	 
ACTION	Pricing	3	price	1395134992558	1395134992558	1395134992882	1395134992882	OK	 
ACTION	Pricing	8	price	1395134992537	1395134992537	1395134992896	1395134992897	OK	 
ACTION	Pricing	6	price	1395134992492	1395134992493	1395134992947	1395134992947	OK	 
ACTION	Pricing	10	price	1395134992342	1395134992344	1395134993007	1395134993007	OK	 
ACTION	Pricing	7	price	1395134992848	1395134992848	1395134993009	1395134993010	OK	 
ACTION	Pricing	2	price	1395134992384	1395134992385	1395134993092	1395134993093	OK	 
ACTION	Pricing	6	price	1395134992949	1395134992949	1395134993096	1395134993096	OK	 
ACTION	Pricing	8	price	1395134992899	1395134992899	1395134993130	1395134993130	OK	 
ACTION	Pricing	4	price	1395134992853	1395134992854	1395134993178	1395134993178	OK	 
ACTION	Pricing	2	price	1395134993094	1395134993095	1395134993199	1395134993199	OK	 
ACTION	Pricing	1	price	1395134992740	1395134992740	1395134993244	1395134993245	OK	 
ACTION	Pricing	9	price	1395134992697	1395134992700	1395134993275	1395134993275	OK	 
ACTION	Pricing	5	price	1395134992667	1395134992668	1395134993312	1395134993312	OK	 
ACTION	Pricing	1	price	1395134993246	1395134993247	1395134993341	1395134993341	OK	 
ACTION	Pricing	2	price	1395134993200	1395134993201	1395134993368	1395134993368	OK	 
ACTION	Pricing	4	price	1395134993180	1395134993181	1395134993434	1395134993434	OK	 
ACTION	Pricing	8	price	1395134993132	1395134993133	1395134993454	1395134993454	OK	 
ACTION	Pricing	6	price	1395134993098	1395134993098	1395134993489	1395134993489	OK	 
ACTION	Pricing	10	price	1395134993010	1395134993011	1395134993569	1395134993569	OK	 
ACTION	Pricing	6	price	1395134993491	1395134993492	1395134993583	1395134993583	OK	 
ACTION	Pricing	8	price	1395134993456	1395134993458	1395134993616	1395134993616	OK	 
ACTION	Pricing	7	price	1395134993011	1395134993012	1395134993655	1395134993655	OK	 
ACTION	Pricing	4	price	1395134993436	1395134993437	1395134993705	1395134993705	OK	 
ACTION	Pricing	2	price	1395134993370	1395134993370	1395134993779	1395134993779	OK	 
ACTION	Pricing	1	price	1395134993343	1395134993343	1395134993814	1395134993815	OK	 
ACTION	Pricing	5	price	1395134993314	1395134993315	1395134993837	1395134993838	OK	 
ACTION	Pricing	9	price	1395134993277	1395134993278	1395134993878	1395134993879	OK	 
ACTION	Pricing	2	price	1395134993781	1395134993782	1395134993895	1395134993895	OK	 
ACTION	Pricing	4	price	1395134993707	1395134993708	1395134993929	1395134993929	OK	 
ACTION	Pricing	7	price	1395134993658	1395134993659	1395134993952	1395134993952	OK	 
ACTION	Pricing	8	price	1395134993618	1395134993619	1395134994059	1395134994059	OK	 
ACTION	Pricing	3	price	1395134992884	1395134992885	1395134994062	1395134994063	OK	 
ACTION	Pricing	10	price	1395134993571	1395134993572	1395134994075	1395134994075	OK	 
ACTION	Pricing	6	price	1395134993585	1395134993586	1395134994090	1395134994090	OK	 
ACTION	Pricing	7	price	1395134993954	1395134993954	1395134994130	1395134994131	OK	 
ACTION	Pricing	4	price	1395134993931	1395134993941	1395134994156	1395134994157	OK	 
ACTION	Pricing	2	price	1395134993896	1395134993897	1395134994190	1395134994190	OK	 
ACTION	Pricing	1	price	1395134993816	1395134993817	1395134994229	1395134994229	OK	 
ACTION	Pricing	5	price	1395134993839	1395134993840	1395134994275	1395134994275	OK	 
ACTION	Pricing	9	price	1395134993881	1395134993881	1395134994316	1395134994316	OK	 
ACTION	Pricing	7	price	1395134994132	1395134994133	1395134994340	1395134994340	OK	 
ACTION	Pricing	6	price	1395134994092	1395134994092	1395134994388	1395134994388	OK	 
ACTION	Pricing	10	price	1395134994077	1395134994077	1395134994415	1395134994415	OK	 
ACTION	Pricing	3	price	1395134994064	1395134994065	1395134994455	1395134994455	OK	 
ACTION	Pricing	10	price	1395134994417	1395134994417	1395134994491	1395134994491	OK	 
ACTION	Pricing	8	price	1395134994061	1395134994061	1395134994522	1395134994522	OK	 
ACTION	Pricing	6	price	1395134994390	1395134994391	1395134994574	1395134994574	OK	 
ACTION	Pricing	7	price	1395134994342	1395134994342	1395134994614	1395134994614	OK	 
ACTION	Pricing	9	price	1395134994318	1395134994319	1395134994635	1395134994635	OK	 
ACTION	Pricing	5	price	1395134994276	1395134994277	1395134994683	1395134994683	OK	 
ACTION	Pricing	4	price	1395134994159	1395134994159	1395134994695	1395134994696	OK	 
ACTION	Pricing	2	price	1395134994192	1395134994192	1395134994732	1395134994733	OK	 
ACTION	Pricing	9	price	1395134994636	1395134994637	1395134994768	1395134994768	OK	 
ACTION	Pricing	1	price	1395134994231	1395134994231	1395134994790	1395134994791	OK	 
ACTION	Pricing	6	price	1395134994576	1395134994576	1395134994878	1395134994878	OK	 
ACTION	Pricing	8	price	1395134994524	1395134994524	1395134994912	1395134994912	OK	 
ACTION	Pricing	10	price	1395134994493	1395134994493	1395134994933	1395134994933	OK	 
ACTION	Pricing	3	price	1395134994458	1395134994459	1395134994967	1395134994968	OK	 
ACTION	Pricing	10	price	1395134994935	1395134994935	1395134995003	1395134995003	OK	 
ACTION	Pricing	8	price	1395134994914	1395134994914	1395134995047	1395134995048	OK	 
ACTION	Pricing	6	price	1395134994880	1395134994881	1395134995065	1395134995065	OK	 
ACTION	Pricing	7	price	1395134994616	1395134994616	1395134995126	1395134995127	OK	 
ACTION	Pricing	1	price	1395134994792	1395134994793	1395134995146	1395134995146	OK	 
ACTION	Pricing	9	price	1395134994770	1395134994770	1395134995166	1395134995166	OK	 
ACTION	Pricing	2	price	1395134994735	1395134994735	1395134995187	1395134995187	OK	 
ACTION	Pricing	4	price	1395134994698	1395134994698	1395134995258	1395134995258	OK	 
ACTION	Pricing	5	price	1395134994684	1395134994685	1395134995279	1395134995279	OK	 
ACTION	Pricing	2	price	1395134995188	1395134995189	1395134995308	1395134995309	OK	 
ACTION	Pricing	9	price	1395134995167	1395134995168	1395134995329	1395134995330	OK	 
ACTION	Pricing	1	price	1395134995148	1395134995148	1395134995370	1395134995371	OK	 
ACTION	Pricing	7	price	1395134995129	1395134995129	1395134995443	1395134995444	OK	 
ACTION	Pricing	8	price	1395134995049	1395134995050	1395134995459	1395134995460	OK	 
ACTION	Pricing	10	price	1395134995006	1395134995006	1395134995479	1395134995479	OK	 
ACTION	Pricing	3	price	1395134994969	1395134994970	1395134995506	1395134995507	OK	 
ACTION	Pricing	7	price	1395134995446	1395134995446	1395134995541	1395134995541	OK	 
ACTION	Pricing	6	price	1395134995067	1395134995067	1395134995575	1395134995575	OK	 
ACTION	Pricing	9	price	1395134995331	1395134995332	1395134995621	1395134995621	OK	 
ACTION	Pricing	2	price	1395134995310	1395134995311	1395134995658	1395134995658	OK	 
ACTION	Pricing	5	price	1395134995281	1395134995281	1395134995698	1395134995698	OK	 
ACTION	Pricing	4	price	1395134995260	1395134995260	1395134995715	1395134995715	OK	 
ACTION	Pricing	2	price	1395134995660	1395134995660	1395134995772	1395134995773	OK	 
ACTION	Pricing	9	price	1395134995623	1395134995623	1395134995786	1395134995786	OK	 
ACTION	Pricing	6	price	1395134995577	1395134995577	1395134995820	1395134995821	OK	 
ACTION	Pricing	7	price	1395134995543	1395134995543	1395134995869	1395134995869	OK	 
ACTION	Pricing	3	price	1395134995508	1395134995510	1395134995989	1395134995989	OK	 
ACTION	Pricing	1	price	1395134995372	1395134995373	1395134996001	1395134996002	OK	 
ACTION	Pricing	6	price	1395134995823	1395134995823	1395134996095	1395134996097	OK	 
ACTION	Pricing	10	price	1395134995482	1395134995482	1395134996096	1395134996097	OK	 
ACTION	Pricing	8	price	1395134995461	1395134995462	1395134996115	1395134996115	OK	 
ACTION	Pricing	7	price	1395134995871	1395134995871	1395134996119	1395134996119	OK	 
ACTION	Pricing	9	price	1395134995788	1395134995789	1395134996131	1395134996131	OK	 
ACTION	Pricing	2	price	1395134995775	1395134995775	1395134996169	1395134996169	OK	 
ACTION	Pricing	4	price	1395134995716	1395134995717	1395134996200	1395134996200	OK	 
ACTION	Pricing	5	price	1395134995700	1395134995700	1395134996235	1395134996235	OK	 
ACTION	Pricing	7	price	1395134996121	1395134996121	1395134996245	1395134996245	OK	 
ACTION	Pricing	8	price	1395134996116	1395134996117	1395134996277	1395134996277	OK	 
ACTION	Pricing	10	price	1395134996100	1395134996101	1395134996299	1395134996299	OK	 
ACTION	Pricing	6	price	1395134996098	1395134996099	1395134996352	1395134996353	OK	 
ACTION	Pricing	1	price	1395134996003	1395134996004	1395134996377	1395134996377	OK	 
ACTION	Pricing	3	price	1395134995991	1395134995992	1395134996401	1395134996401	OK	 
ACTION	Pricing	8	price	1395134996279	1395134996280	1395134996456	1395134996456	OK	 
ACTION	Pricing	7	price	1395134996246	1395134996247	1395134996478	1395134996478	OK	 
ACTION	Pricing	5	price	1395134996237	1395134996238	1395134996510	1395134996511	OK	 
ACTION	Pricing	4	price	1395134996201	1395134996202	1395134996575	1395134996575	OK	 
ACTION	Pricing	2	price	1395134996171	1395134996171	1395134996607	1395134996608	OK	 
ACTION	Pricing	9	price	1395134996132	1395134996133	1395134996634	1395134996635	OK	 
ACTION	Pricing	5	price	1395134996512	1395134996513	1395134996679	1395134996679	OK	 
ACTION	Pricing	7	price	1395134996479	1395134996480	1395134996718	1395134996719	OK	 
ACTION	Pricing	5	price	1395134996681	1395134996681	1395134996831	1395134996831	OK	 
ACTION	Pricing	1	price	1395134996379	1395134996379	1395134996859	1395134996859	OK	 
ACTION	Pricing	9	price	1395134996636	1395134996637	1395134996884	1395134996884	OK	 
ACTION	Pricing	8	price	1395134996458	1395134996459	1395134996942	1395134996942	OK	 
ACTION	Pricing	2	price	1395134996609	1395134996610	1395134996977	1395134996978	OK	 
ACTION	Pricing	4	price	1395134996577	1395134996578	1395134996993	1395134996993	OK	 
ACTION	Pricing	9	price	1395134996886	1395134996886	1395134997036	1395134997036	OK	 
ACTION	Pricing	1	price	1395134996861	1395134996861	1395134997067	1395134997067	OK	 
ACTION	Pricing	3	price	1395134996403	1395134996403	1395134997092	1395134997093	OK	 
ACTION	Pricing	5	price	1395134996833	1395134996833	1395134997104	1395134997104	OK	 
ACTION	Pricing	6	price	1395134996354	1395134996355	1395134997114	1395134997115	OK	 
ACTION	Pricing	10	price	1395134996301	1395134996301	1395134997143	1395134997144	OK	 
ACTION	Pricing	9	price	1395134997038	1395134997038	1395134997174	1395134997174	OK	 
ACTION	Pricing	4	price	1395134996995	1395134996995	1395134997255	1395134997255	OK	 
ACTION	Pricing	7	price	1395134996720	1395134996721	1395134997255	1395134997255	OK	 
ACTION	Pricing	8	price	1395134996944	1395134996945	1395134997282	1395134997282	OK	 
ACTION	Pricing	2	price	1395134996979	1395134996980	1395134997323	1395134997323	OK	 
ACTION	Pricing	10	price	1395134997145	1395134997146	1395134997367	1395134997368	OK	 
ACTION	Pricing	6	price	1395134997116	1395134997117	1395134997385	1395134997385	OK	 
ACTION	Pricing	5	price	1395134997106	1395134997106	1395134997434	1395134997435	OK	 
ACTION	Pricing	3	price	1395134997095	1395134997095	1395134997469	1395134997469	OK	 
ACTION	Pricing	1	price	1395134997069	1395134997069	1395134997497	1395134997498	OK	 
ACTION	Pricing	6	price	1395134997387	1395134997387	1395134997527	1395134997527	OK	 
ACTION	Pricing	2	price	1395134997325	1395134997326	1395134997563	1395134997563	OK	 
ACTION	Pricing	8	price	1395134997284	1395134997285	1395134997592	1395134997593	OK	 
ACTION	Pricing	9	price	1395134997176	1395134997176	1395134997643	1395134997644	OK	 
ACTION	Pricing	7	price	1395134997257	1395134997257	1395134997706	1395134997707	OK	 
ACTION	Pricing	1	price	1395134997499	1395134997500	1395134997765	1395134997766	OK	 
ACTION	Pricing	3	price	1395134997471	1395134997471	1395134997822	1395134997822	OK	 
ACTION	Pricing	10	price	1395134997370	1395134997370	1395134997850	1395134997850	OK	 
ACTION	Pricing	5	price	1395134997436	1395134997437	1395134997853	1395134997853	OK	 
ACTION	Pricing	9	price	1395134997645	1395134997646	1395134997870	1395134997870	OK	 
ACTION	Pricing	6	price	1395134997529	1395134997529	1395134997910	1395134997910	OK	 
ACTION	Pricing	8	price	1395134997594	1395134997594	1395134997931	1395134997932	OK	 
ACTION	Pricing	4	price	1395134997258	1395134997258	1395134997956	1395134997956	OK	 
ACTION	Pricing	9	price	1395134997872	1395134997872	1395134997983	1395134997983	OK	 
ACTION	Pricing	5	price	1395134997855	1395134997856	1395134998025	1395134998025	OK	 
ACTION	Pricing	3	price	1395134997824	1395134997825	1395134998111	1395134998111	OK	 
ACTION	Pricing	1	price	1395134997767	1395134997768	1395134998111	1395134998112	OK	 
ACTION	Pricing	7	price	1395134997708	1395134997709	1395134998120	1395134998120	OK	 
ACTION	Pricing	5	price	1395134998027	1395134998028	1395134998163	1395134998163	OK	 
ACTION	Pricing	9	price	1395134997984	1395134997985	1395134998187	1395134998188	OK	 
ACTION	Pricing	10	price	1395134997851	1395134997852	1395134998307	1395134998307	OK	 
ACTION	Pricing	6	price	1395134997912	1395134997912	1395134998308	1395134998308	OK	 
ACTION	Pricing	2	price	1395134997565	1395134997565	1395134998346	1395134998346	OK	 
ACTION	Pricing	9	price	1395134998189	1395134998190	1395134998362	1395134998363	OK	 
ACTION	Pricing	8	price	1395134997933	1395134997934	1395134998424	1395134998424	OK	 
ACTION	Pricing	5	price	1395134998165	1395134998165	1395134998542	1395134998542	OK	 
ACTION	Pricing	7	price	1395134998126	1395134998127	1395134998585	1395134998586	OK	 
ACTION	Pricing	4	price	1395134997958	1395134997959	1395134998595	1395134998595	OK	 
ACTION	Pricing	1	price	1395134998113	1395134998113	1395134998596	1395134998597	OK	 
ACTION	Pricing	3	price	1395134998114	1395134998115	1395134998609	1395134998609	OK	 
ACTION	Pricing	9	price	1395134998364	1395134998365	1395134998638	1395134998639	OK	 
ACTION	Pricing	2	price	1395134998348	1395134998349	1395134998670	1395134998671	OK	 
ACTION	Pricing	6	price	1395134998311	1395134998312	1395134998694	1395134998694	OK	 
ACTION	Pricing	10	price	1395134998309	1395134998310	1395134998719	1395134998719	OK	 
ACTION	Pricing	4	price	1395134998598	1395134998599	1395134998741	1395134998742	OK	 
ACTION	Pricing	7	price	1395134998587	1395134998588	1395134998778	1395134998778	OK	 
ACTION	Pricing	5	price	1395134998544	1395134998544	1395134998794	1395134998795	OK	 
ACTION	Pricing	8	price	1395134998426	1395134998426	1395134998834	1395134998834	OK	 
ACTION	Pricing	4	price	1395134998743	1395134998744	1395134998863	1395134998863	OK	 
ACTION	Pricing	10	price	1395134998721	1395134998722	1395134998914	1395134998914	OK	 
ACTION	Pricing	6	price	1395134998696	1395134998697	1395134998954	1395134998954	OK	 
ACTION	Pricing	2	price	1395134998672	1395134998673	1395134998972	1395134998972	OK	 
ACTION	Pricing	9	price	1395134998640	1395134998641	1395134999008	1395134999009	OK	 
ACTION	Pricing	3	price	1395134998611	1395134998611	1395134999045	1395134999045	OK	 
ACTION	Pricing	1	price	1395134998599	1395134998600	1395134999077	1395134999077	OK	 
ACTION	Pricing	2	price	1395134998974	1395134998974	1395134999111	1395134999111	OK	 
ACTION	Pricing	6	price	1395134998956	1395134998956	1395134999173	1395134999173	OK	 
ACTION	Pricing	10	price	1395134998915	1395134998916	1395134999184	1395134999184	OK	 
ACTION	Pricing	4	price	1395134998865	1395134998865	1395134999226	1395134999227	OK	 
ACTION	Pricing	8	price	1395134998836	1395134998836	1395134999317	1395134999318	OK	 
ACTION	Pricing	7	price	1395134998780	1395134998781	1395134999346	1395134999346	OK	 
ACTION	Pricing	5	price	1395134998797	1395134998797	1395134999351	1395134999351	OK	 
ACTION	Pricing	10	price	1395134999186	1395134999186	1395134999423	1395134999423	OK	 
ACTION	Pricing	2	price	1395134999112	1395134999113	1395134999469	1395134999469	OK	 
ACTION	Pricing	6	price	1395134999175	1395134999176	1395134999471	1395134999471	OK	 
ACTION	Pricing	1	price	1395134999079	1395134999080	1395134999494	1395134999494	OK	 
ACTION	Pricing	3	price	1395134999047	1395134999047	1395134999568	1395134999568	OK	 
ACTION	Pricing	9	price	1395134999010	1395134999011	1395134999586	1395134999586	OK	 
ACTION	Pricing	6	price	1395134999481	1395134999482	1395134999605	1395134999605	OK	 
ACTION	Pricing	2	price	1395134999480	1395134999480	1395134999667	1395134999667	OK	 
ACTION	Pricing	10	price	1395134999425	1395134999425	1395134999683	1395134999683	OK	 
ACTION	Pricing	5	price	1395134999353	1395134999353	1395134999715	1395134999715	OK	 
ACTION	Pricing	7	price	1395134999348	1395134999348	1395134999760	1395134999760	OK	 
ACTION	Pricing	8	price	1395134999319	1395134999319	1395134999786	1395134999786	OK	 
ACTION	Pricing	4	price	1395134999229	1395134999230	1395134999818	1395134999818	OK	 
ACTION	Pricing	10	price	1395134999684	1395134999685	1395134999876	1395134999877	OK	 
ACTION	Pricing	6	price	1395134999607	1395134999608	1395134999896	1395134999896	OK	 
ACTION	Pricing	9	price	1395134999588	1395134999590	1395134999954	1395134999955	OK	 
ACTION	Pricing	3	price	1395134999570	1395134999570	1395134999956	1395134999957	OK	 
ACTION	Pricing	1	price	1395134999495	1395134999496	1395135000014	1395135000014	OK	 
ACTION	Pricing	6	price	1395134999899	1395134999899	1395135000027	1395135000028	OK	 
ACTION	Pricing	10	price	1395134999879	1395134999879	1395135000066	1395135000067	OK	 
ACTION	Pricing	4	price	1395134999819	1395134999820	1395135000102	1395135000102	OK	 
ACTION	Pricing	2	price	1395134999669	1395134999669	1395135000308	1395135000309	OK	 
ACTION	Pricing	8	price	1395134999788	1395134999788	1395135000402	1395135000403	OK	 
ACTION	Pricing	6	price	1395135000029	1395135000029	1395135000438	1395135000438	OK	 
ACTION	Pricing	7	price	1395134999762	1395134999762	1395135000446	1395135000447	OK	 
ACTION	Pricing	1	price	1395135000016	1395135000017	1395135000448	1395135000448	OK	 
ACTION	Pricing	10	price	1395135000069	1395135000069	1395135000457	1395135000458	OK	 
ACTION	Pricing	3	price	1395134999959	1395134999959	1395135000458	1395135000458	OK	 
ACTION	Pricing	5	price	1395134999717	1395134999720	1395135000469	1395135000470	OK	 
ACTION	Pricing	9	price	1395134999957	1395134999957	1395135000471	1395135000471	OK	 
ACTION	Pricing	4	price	1395135000103	1395135000104	1395135000469	1395135000470	OK	 
ACTION	Pricing	2	price	1395135000310	1395135000311	1395135000516	1395135000516	OK	 
ACTION	Pricing	8	price	1395135000404	1395135000405	1395135000536	1395135000537	OK	 
ACTION	Pricing	1	price	1395135000449	1395135000450	1395135000588	1395135000588	OK	 
ACTION	Pricing	7	price	1395135000449	1395135000449	1395135000594	1395135000594	OK	 
ACTION	Pricing	6	price	1395135000440	1395135000441	1395135000644	1395135000645	OK	 
ACTION	Pricing	8	price	1395135000539	1395135000539	1395135000695	1395135000695	OK	 
ACTION	Pricing	9	price	1395135000473	1395135000473	1395135000771	1395135000771	OK	 
ACTION	Pricing	5	price	1395135000472	1395135000472	1395135000784	1395135000785	OK	 
ACTION	Pricing	8	price	1395135000697	1395135000698	1395135000887	1395135000888	OK	 
ACTION	Pricing	6	price	1395135000647	1395135000647	1395135000914	1395135000914	OK	 
ACTION	Pricing	2	price	1395135000518	1395135000518	1395135000960	1395135000960	OK	 
ACTION	Pricing	7	price	1395135000597	1395135000598	1395135000963	1395135000963	OK	 
ACTION	Pricing	1	price	1395135000590	1395135000590	1395135000994	1395135000995	OK	 
ACTION	Pricing	6	price	1395135000916	1395135000916	1395135001030	1395135001030	OK	 
ACTION	Pricing	3	price	1395135000461	1395135000461	1395135001096	1395135001096	OK	 
ACTION	Pricing	8	price	1395135000889	1395135000890	1395135001105	1395135001105	OK	 
ACTION	Pricing	4	price	1395135000474	1395135000475	1395135001125	1395135001125	OK	 
ACTION	Pricing	10	price	1395135000459	1395135000460	1395135001171	1395135001172	OK	 
ACTION	Pricing	6	price	1395135001032	1395135001032	1395135001180	1395135001180	OK	 
ACTION	Pricing	9	price	1395135000773	1395135000773	1395135001204	1395135001204	OK	 
ACTION	Pricing	4	price	1395135001127	1395135001127	1395135001229	1395135001230	OK	 
ACTION	Pricing	5	price	1395135000786	1395135000786	1395135001248	1395135001249	OK	 
ACTION	Pricing	3	price	1395135001097	1395135001097	1395135001292	1395135001292	OK	 
ACTION	Pricing	1	price	1395135000996	1395135000996	1395135001335	1395135001335	OK	 
ACTION	Pricing	7	price	1395135000964	1395135000965	1395135001368	1395135001423	OK	 
ACTION	Pricing	2	price	1395135000962	1395135000962	1395135001432	1395135001432	OK	 
ACTION	Pricing	5	price	1395135001250	1395135001251	1395135001451	1395135001451	OK	 
ACTION	Pricing	4	price	1395135001231	1395135001232	1395135001473	1395135001474	OK	 
ACTION	Pricing	8	price	1395135001107	1395135001107	1395135001506	1395135001506	OK	 
ACTION	Pricing	10	price	1395135001173	1395135001174	1395135001571	1395135001572	OK	 
ACTION	Pricing	8	price	1395135001507	1395135001508	1395135001623	1395135001623	OK	 
ACTION	Pricing	6	price	1395135001181	1395135001181	1395135001642	1395135001642	OK	 
ACTION	Pricing	7	price	1395135001434	1395135001434	1395135001718	1395135001718	OK	 
ACTION	Pricing	1	price	1395135001337	1395135001337	1395135001762	1395135001762	OK	 
ACTION	Pricing	3	price	1395135001293	1395135001294	1395135001809	1395135001810	OK	 
ACTION	Pricing	6	price	1395135001644	1395135001645	1395135001849	1395135001849	OK	 
ACTION	Pricing	8	price	1395135001624	1395135001625	1395135001864	1395135001865	OK	 
ACTION	Pricing	9	price	1395135001206	1395135001206	1395135001922	1395135001922	OK	 
ACTION	Pricing	5	price	1395135001452	1395135001453	1395135001928	1395135001929	OK	 
ACTION	Pricing	4	price	1395135001475	1395135001476	1395135001938	1395135001938	OK	 
ACTION	Pricing	2	price	1395135001435	1395135001435	1395135002033	1395135002033	OK	 
ACTION	Pricing	8	price	1395135001866	1395135001867	1395135002053	1395135002053	OK	 
ACTION	Pricing	10	price	1395135001573	1395135001573	1395135002083	1395135002083	OK	 
ACTION	Pricing	6	price	1395135001851	1395135001851	1395135002159	1395135002159	OK	 
ACTION	Pricing	3	price	1395135001811	1395135001812	1395135002181	1395135002181	OK	 
ACTION	Pricing	1	price	1395135001764	1395135001765	1395135002201	1395135002201	OK	 
ACTION	Pricing	7	price	1395135001720	1395135001720	1395135002260	1395135002261	OK	 
ACTION	Pricing	2	price	1395135002035	1395135002035	1395135002269	1395135002270	OK	 
ACTION	Pricing	5	price	1395135001930	1395135001931	1395135002289	1395135002290	OK	 
ACTION	Pricing	9	price	1395135001924	1395135001924	1395135002323	1395135002323	OK	 
ACTION	Pricing	6	price	1395135002161	1395135002161	1395135002372	1395135002372	OK	 
ACTION	Pricing	4	price	1395135001939	1395135001939	1395135002392	1395135002392	OK	 
ACTION	Pricing	8	price	1395135002055	1395135002055	1395135002410	1395135002411	OK	 
ACTION	Pricing	5	price	1395135002291	1395135002292	1395135002440	1395135002440	OK	 
ACTION	Pricing	2	price	1395135002271	1395135002271	1395135002468	1395135002469	OK	 
ACTION	Pricing	10	price	1395135002084	1395135002085	1395135002516	1395135002516	OK	 
ACTION	Pricing	7	price	1395135002262	1395135002263	1395135002524	1395135002525	OK	 
ACTION	Pricing	1	price	1395135002203	1395135002203	1395135002563	1395135002563	OK	 
ACTION	Pricing	3	price	1395135002183	1395135002183	1395135002592	1395135002592	OK	 
ACTION	Pricing	8	price	1395135002412	1395135002413	1395135002635	1395135002635	OK	 
ACTION	Pricing	4	price	1395135002394	1395135002395	1395135002699	1395135002699	OK	 
ACTION	Pricing	6	price	1395135002374	1395135002374	1395135002711	1395135002711	OK	 
ACTION	Pricing	9	price	1395135002325	1395135002326	1395135002770	1395135002770	OK	 
ACTION	Pricing	8	price	1395135002638	1395135002638	1395135002813	1395135002813	OK	 
ACTION	Pricing	3	price	1395135002593	1395135002594	1395135002814	1395135002814	OK	 
ACTION	Pricing	1	price	1395135002565	1395135002565	1395135002854	1395135002854	OK	 
ACTION	Pricing	5	price	1395135002441	1395135002442	1395135002891	1395135002891	OK	 
ACTION	Pricing	2	price	1395135002470	1395135002471	1395135002929	1395135002929	OK	 
ACTION	Pricing	7	price	1395135002526	1395135002527	1395135002945	1395135002945	OK	 
ACTION	Pricing	10	price	1395135002519	1395135002519	1395135002975	1395135002976	OK	 
ACTION	Pricing	2	price	1395135002931	1395135002932	1395135003036	1395135003037	OK	 
ACTION	Pricing	4	price	1395135002701	1395135002702	1395135003249	1395135003249	OK	 
ACTION	Pricing	10	price	1395135002977	1395135002978	1395135003259	1395135003259	OK	 
ACTION	Pricing	7	price	1395135002946	1395135002947	1395135003292	1395135003292	OK	 
ACTION	Pricing	3	price	1395135002816	1395135002817	1395135003302	1395135003302	OK	 
ACTION	Pricing	5	price	1395135002892	1395135002893	1395135003315	1395135003315	OK	 
ACTION	Pricing	1	price	1395135002857	1395135002857	1395135003337	1395135003337	OK	 
ACTION	Pricing	9	price	1395135002771	1395135002772	1395135003336	1395135003337	OK	 
ACTION	Pricing	6	price	1395135002713	1395135002713	1395135003381	1395135003381	OK	 
ACTION	Pricing	2	price	1395135003038	1395135003039	1395135003401	1395135003402	OK	 
ACTION	Pricing	8	price	1395135002815	1395135002816	1395135003406	1395135003406	OK	 
ACTION	Pricing	7	price	1395135003293	1395135003294	1395135003420	1395135003421	OK	 
ACTION	Pricing	3	price	1395135003304	1395135003304	1395135003479	1395135003479	OK	 
ACTION	Pricing	10	price	1395135003261	1395135003261	1395135003501	1395135003501	OK	 
ACTION	Pricing	4	price	1395135003251	1395135003251	1395135003539	1395135003539	OK	 
ACTION	Pricing	7	price	1395135003422	1395135003423	1395135003566	1395135003566	OK	 
ACTION	Pricing	8	price	1395135003407	1395135003408	1395135003612	1395135003612	OK	 
ACTION	Pricing	2	price	1395135003403	1395135003404	1395135003640	1395135003640	OK	 
ACTION	Pricing	6	price	1395135003383	1395135003383	1395135003716	1395135003717	OK	 
ACTION	Pricing	9	price	1395135003340	1395135003340	1395135003723	1395135003723	OK	 
ACTION	Pricing	1	price	1395135003338	1395135003339	1395135003730	1395135003730	OK	 
ACTION	Pricing	5	price	1395135003316	1395135003316	1395135003776	1395135003777	OK	 
ACTION	Pricing	2	price	1395135003641	1395135003642	1395135003824	1395135003824	OK	 
ACTION	Pricing	7	price	1395135003567	1395135003568	1395135003838	1395135003838	OK	 
ACTION	Pricing	4	price	1395135003540	1395135003541	1395135003894	1395135003894	OK	 
ACTION	Pricing	10	price	1395135003503	1395135003503	1395135003931	1395135003931	OK	 
ACTION	Pricing	3	price	1395135003481	1395135003482	1395135003947	1395135003947	OK	 
ACTION	Pricing	2	price	1395135003825	1395135003826	1395135004010	1395135004010	OK	 
ACTION	Pricing	5	price	1395135003778	1395135003779	1395135004051	1395135004052	OK	 
ACTION	Pricing	8	price	1395135003614	1395135003614	1395135004087	1395135004087	OK	 
ACTION	Pricing	9	price	1395135003724	1395135003725	1395135004106	1395135004106	OK	 
ACTION	Pricing	6	price	1395135003719	1395135003719	1395135004131	1395135004131	OK	 
ACTION	Pricing	1	price	1395135003732	1395135003732	1395135004174	1395135004174	OK	 
ACTION	Pricing	3	price	1395135003949	1395135003949	1395135004238	1395135004239	OK	 
ACTION	Pricing	4	price	1395135003895	1395135003896	1395135004272	1395135004272	OK	 
ACTION	Pricing	7	price	1395135003839	1395135003840	1395135004307	1395135004307	OK	 
ACTION	Pricing	3	price	1395135004240	1395135004241	1395135004344	1395135004344	OK	 
ACTION	Pricing	1	price	1395135004176	1395135004176	1395135004378	1395135004378	OK	 
ACTION	Pricing	10	price	1395135003933	1395135003933	1395135004388	1395135004389	OK	 
ACTION	Pricing	6	price	1395135004132	1395135004133	1395135004436	1395135004436	OK	 
ACTION	Pricing	9	price	1395135004108	1395135004108	1395135004490	1395135004490	OK	 
ACTION	Pricing	8	price	1395135004089	1395135004089	1395135004509	1395135004509	OK	 
ACTION	Pricing	2	price	1395135004011	1395135004012	1395135004522	1395135004522	OK	 
ACTION	Pricing	5	price	1395135004054	1395135004054	1395135004542	1395135004542	OK	 
ACTION	Pricing	6	price	1395135004437	1395135004438	1395135004608	1395135004608	OK	 
ACTION	Pricing	10	price	1395135004390	1395135004391	1395135004660	1395135004660	OK	 
ACTION	Pricing	1	price	1395135004380	1395135004380	1395135004675	1395135004675	OK	 
ACTION	Pricing	3	price	1395135004346	1395135004346	1395135004722	1395135004722	OK	 
ACTION	Pricing	7	price	1395135004309	1395135004309	1395135004754	1395135004754	OK	 
ACTION	Pricing	4	price	1395135004273	1395135004274	1395135004790	1395135004790	OK	 
ACTION	Pricing	3	price	1395135004724	1395135004724	1395135004844	1395135004844	OK	 
ACTION	Pricing	1	price	1395135004677	1395135004677	1395135004868	1395135004869	OK	 
ACTION	Pricing	10	price	1395135004662	1395135004662	1395135004893	1395135004895	OK	 
ACTION	Pricing	6	price	1395135004610	1395135004610	1395135004932	1395135004932	OK	 
ACTION	Pricing	5	price	1395135004544	1395135004544	1395135004980	1395135004981	OK	 
ACTION	Pricing	2	price	1395135004524	1395135004524	1395135005019	1395135005020	OK	 
ACTION	Pricing	9	price	1395135004493	1395135004493	1395135005034	1395135005034	OK	 
ACTION	Pricing	8	price	1395135004511	1395135004512	1395135005086	1395135005086	OK	 
ACTION	Pricing	6	price	1395135004934	1395135004935	1395135005108	1395135005108	OK	 
ACTION	Pricing	10	price	1395135004896	1395135004897	1395135005147	1395135005148	OK	 
ACTION	Pricing	1	price	1395135004870	1395135004871	1395135005181	1395135005182	OK	 
ACTION	Pricing	3	price	1395135004846	1395135004846	1395135005203	1395135005203	OK	 
ACTION	Pricing	4	price	1395135004792	1395135004792	1395135005265	1395135005266	OK	 
ACTION	Pricing	7	price	1395135004756	1395135004756	1395135005268	1395135005269	OK	 
ACTION	Pricing	1	price	1395135005183	1395135005183	1395135005309	1395135005309	OK	 
ACTION	Pricing	10	price	1395135005149	1395135005149	1395135005371	1395135005372	OK	 
ACTION	Pricing	1	price	1395135005311	1395135005311	1395135005392	1395135005392	OK	 
ACTION	Pricing	9	price	1395135005035	1395135005036	1395135005479	1395135005480	OK	 
ACTION	Pricing	2	price	1395135005021	1395135005022	1395135005508	1395135005508	OK	 
ACTION	Pricing	5	price	1395135004982	1395135004982	1395135005541	1395135005541	OK	 
ACTION	Pricing	1	price	1395135005394	1395135005394	1395135005583	1395135005584	OK	 
ACTION	Pricing	8	price	1395135005088	1395135005088	1395135005605	1395135005605	OK	 
ACTION	Pricing	10	price	1395135005373	1395135005373	1395135005620	1395135005621	OK	 
ACTION	Pricing	6	price	1395135005110	1395135005110	1395135005626	1395135005627	OK	 
ACTION	Pricing	7	price	1395135005271	1395135005271	1395135005663	1395135005664	OK	 
ACTION	Pricing	4	price	1395135005267	1395135005269	1395135005720	1395135005720	OK	 
ACTION	Pricing	3	price	1395135005205	1395135005205	1395135005750	1395135005751	OK	 
ACTION	Pricing	7	price	1395135005665	1395135005665	1395135005779	1395135005780	OK	 
ACTION	Pricing	10	price	1395135005622	1395135005622	1395135005843	1395135005843	OK	 
ACTION	Pricing	8	price	1395135005606	1395135005607	1395135005880	1395135005880	OK	 
ACTION	Pricing	1	price	1395135005585	1395135005586	1395135005911	1395135005911	OK	 
ACTION	Pricing	5	price	1395135005543	1395135005543	1395135005944	1395135005944	OK	 
ACTION	Pricing	2	price	1395135005510	1395135005510	1395135005964	1395135005965	OK	 
ACTION	Pricing	9	price	1395135005481	1395135005482	1395135005996	1395135005997	OK	 
ACTION	Pricing	5	price	1395135005946	1395135005946	1395135006045	1395135006046	OK	 
ACTION	Pricing	8	price	1395135005882	1395135005882	1395135006077	1395135006078	OK	 
ACTION	Pricing	7	price	1395135005781	1395135005782	1395135006137	1395135006138	OK	 
ACTION	Pricing	6	price	1395135005628	1395135005628	1395135006162	1395135006162	OK	 
ACTION	Pricing	4	price	1395135005722	1395135005722	1395135006197	1395135006198	OK	 
ACTION	Pricing	5	price	1395135006047	1395135006048	1395135006289	1395135006289	OK	 
ACTION	Pricing	10	price	1395135005845	1395135005845	1395135006293	1395135006294	OK	 
ACTION	Pricing	9	price	1395135005998	1395135005998	1395135006337	1395135006337	OK	 
ACTION	Pricing	1	price	1395135005914	1395135005914	1395135006361	1395135006361	OK	 
ACTION	Pricing	2	price	1395135005966	1395135005967	1395135006379	1395135006380	OK	 
ACTION	Pricing	9	price	1395135006339	1395135006339	1395135006422	1395135006423	OK	 
ACTION	Pricing	7	price	1395135006139	1395135006140	1395135006484	1395135006485	OK	 
ACTION	Pricing	10	price	1395135006295	1395135006295	1395135006510	1395135006510	OK	 
ACTION	Pricing	8	price	1395135006079	1395135006080	1395135006543	1395135006543	OK	 
ACTION	Pricing	5	price	1395135006290	1395135006291	1395135006560	1395135006560	OK	 
ACTION	Pricing	3	price	1395135005752	1395135005752	1395135006600	1395135006600	OK	 
ACTION	Pricing	6	price	1395135006164	1395135006164	1395135006620	1395135006620	OK	 
ACTION	Pricing	10	price	1395135006512	1395135006512	1395135006661	1395135006661	OK	 
ACTION	Pricing	4	price	1395135006201	1395135006201	1395135006672	1395135006672	OK	 
ACTION	Pricing	7	price	1395135006486	1395135006490	1395135006720	1395135006720	OK	 
ACTION	Pricing	9	price	1395135006424	1395135006425	1395135006779	1395135006779	OK	 
ACTION	Pricing	2	price	1395135006381	1395135006382	1395135006813	1395135006813	OK	 
ACTION	Pricing	1	price	1395135006363	1395135006363	1395135006839	1395135006840	OK	 
ACTION	Pricing	7	price	1395135006722	1395135006722	1395135006894	1395135006894	OK	 
ACTION	Pricing	4	price	1395135006674	1395135006674	1395135006898	1395135006898	OK	 
ACTION	Pricing	10	price	1395135006663	1395135006663	1395135006981	1395135006981	OK	 
ACTION	Pricing	3	price	1395135006602	1395135006602	1395135006997	1395135006998	OK	 
ACTION	Pricing	6	price	1395135006621	1395135006622	1395135007003	1395135007003	OK	 
ACTION	Pricing	5	price	1395135006561	1395135006561	1395135007041	1395135007042	OK	 
ACTION	Pricing	8	price	1395135006545	1395135006545	1395135007062	1395135007063	OK	 
ACTION	Pricing	10	price	1395135006983	1395135006983	1395135007100	1395135007101	OK	 
ACTION	Pricing	4	price	1395135006900	1395135006900	1395135007134	1395135007134	OK	 
ACTION	Pricing	1	price	1395135006841	1395135006841	1395135007167	1395135007167	OK	 
ACTION	Pricing	9	price	1395135006780	1395135006781	1395135007254	1395135007255	OK	 
ACTION	Pricing	2	price	1395135006815	1395135006815	1395135007255	1395135007255	OK	 
ACTION	Pricing	10	price	1395135007102	1395135007103	1395135007291	1395135007291	OK	 
ACTION	Pricing	7	price	1395135006897	1395135006897	1395135007359	1395135007359	OK	 
ACTION	Pricing	5	price	1395135007043	1395135007043	1395135007384	1395135007384	OK	 
ACTION	Pricing	3	price	1395135007000	1395135007000	1395135007459	1395135007460	OK	 
ACTION	Pricing	5	price	1395135007386	1395135007386	1395135007472	1395135007472	OK	 
ACTION	Pricing	6	price	1395135007004	1395135007005	1395135007488	1395135007489	OK	 
ACTION	Pricing	7	price	1395135007361	1395135007361	1395135007522	1395135007522	OK	 
ACTION	Pricing	10	price	1395135007292	1395135007293	1395135007558	1395135007559	OK	 
ACTION	Pricing	8	price	1395135007064	1395135007065	1395135007566	1395135007567	OK	 
ACTION	Pricing	2	price	1395135007259	1395135007259	1395135007654	1395135007654	OK	 
ACTION	Pricing	4	price	1395135007136	1395135007136	1395135007666	1395135007666	OK	 
ACTION	Pricing	1	price	1395135007169	1395135007169	1395135007680	1395135007680	OK	 
ACTION	Pricing	10	price	1395135007560	1395135007561	1395135007728	1395135007728	OK	 
ACTION	Pricing	9	price	1395135007257	1395135007257	1395135007774	1395135007774	OK	 
ACTION	Pricing	7	price	1395135007524	1395135007524	1395135007792	1395135007792	OK	 
ACTION	Pricing	6	price	1395135007490	1395135007491	1395135007826	1395135007826	OK	 
ACTION	Pricing	3	price	1395135007461	1395135007461	1395135007847	1395135007847	OK	 
ACTION	Pricing	7	price	1395135007793	1395135007794	1395135007879	1395135007879	OK	 
ACTION	Pricing	9	price	1395135007776	1395135007776	1395135007950	1395135007951	OK	 
ACTION	Pricing	5	price	1395135007473	1395135007474	1395135007988	1395135007988	OK	 
ACTION	Pricing	10	price	1395135007730	1395135007731	1395135008018	1395135008019	OK	 
ACTION	Pricing	1	price	1395135007682	1395135007682	1395135008032	1395135008033	OK	 
ACTION	Pricing	4	price	1395135007668	1395135007668	1395135008103	1395135008104	OK	 
ACTION	Pricing	2	price	1395135007656	1395135007656	1395135008128	1395135008128	OK	 
ACTION	Pricing	1	price	1395135008035	1395135008035	1395135008176	1395135008176	OK	 
ACTION	Pricing	9	price	1395135007952	1395135007953	1395135008241	1395135008241	OK	 
ACTION	Pricing	5	price	1395135007990	1395135007990	1395135008243	1395135008243	OK	 
ACTION	Pricing	7	price	1395135007881	1395135007881	1395135008279	1395135008279	OK	 
ACTION	Pricing	3	price	1395135007848	1395135007849	1395135008321	1395135008321	OK	 
ACTION	Pricing	1	price	1395135008177	1395135008178	1395135008433	1395135008433	OK	 
ACTION	Pricing	2	price	1395135008130	1395135008130	1395135008447	1395135008447	OK	 
ACTION	Pricing	6	price	1395135007828	1395135007829	1395135008504	1395135008504	OK	 
ACTION	Pricing	7	price	1395135008281	1395135008281	1395135008529	1395135008530	OK	 
ACTION	Pricing	4	price	1395135008105	1395135008106	1395135008531	1395135008531	OK	 
ACTION	Pricing	8	price	1395135007568	1395135007568	1395135008620	1395135008620	OK	 
ACTION	Pricing	1	price	1395135008434	1395135008435	1395135008626	1395135008626	OK	 
ACTION	Pricing	5	price	1395135008244	1395135008244	1395135008635	1395135008635	OK	 
ACTION	Pricing	6	price	1395135008505	1395135008506	1395135008674	1395135008675	OK	 
ACTION	Pricing	7	price	1395135008531	1395135008532	1395135008869	1395135008869	OK	 
ACTION	Pricing	10	price	1395135008020	1395135008020	1395135008890	1395135008891	OK	 
ACTION	Pricing	2	price	1395135008449	1395135008449	1395135008890	1395135008891	OK	 
ACTION	Pricing	3	price	1395135008323	1395135008323	1395135008894	1395135008894	OK	 
ACTION	Pricing	9	price	1395135008243	1395135008244	1395135008906	1395135008907	OK	 
ACTION	Pricing	4	price	1395135008533	1395135008533	1395135008923	1395135008923	OK	 
ACTION	Pricing	1	price	1395135008628	1395135008628	1395135008928	1395135008929	OK	 
ACTION	Pricing	8	price	1395135008622	1395135008623	1395135008955	1395135008955	OK	 
ACTION	Pricing	6	price	1395135008676	1395135008676	1395135009026	1395135009027	OK	 
ACTION	Pricing	5	price	1395135008637	1395135008637	1395135009035	1395135009035	OK	 
ACTION	Pricing	10	price	1395135008893	1395135008893	1395135009069	1395135009069	OK	 
ACTION	Pricing	7	price	1395135008871	1395135008871	1395135009087	1395135009087	OK	 
ACTION	Pricing	8	price	1395135008957	1395135008958	1395135009163	1395135009164	OK	 
ACTION	Pricing	1	price	1395135008930	1395135008930	1395135009188	1395135009188	OK	 
ACTION	Pricing	4	price	1395135008925	1395135008925	1395135009231	1395135009231	OK	 
ACTION	Pricing	9	price	1395135008908	1395135008909	1395135009278	1395135009278	OK	 
ACTION	Pricing	1	price	1395135009190	1395135009190	1395135009336	1395135009336	OK	 
ACTION	Pricing	7	price	1395135009088	1395135009089	1395135009423	1395135009423	OK	 
ACTION	Pricing	9	price	1395135009280	1395135009281	1395135009463	1395135009463	OK	 
ACTION	Pricing	4	price	1395135009233	1395135009233	1395135009488	1395135009488	OK	 
ACTION	Pricing	7	price	1395135009425	1395135009425	1395135009528	1395135009528	OK	 
ACTION	Pricing	3	price	1395135008896	1395135008897	1395135009555	1395135009556	OK	 
ACTION	Pricing	1	price	1395135009338	1395135009339	1395135009628	1395135009629	OK	 
ACTION	Pricing	5	price	1395135009037	1395135009038	1395135009691	1395135009691	OK	 
ACTION	Pricing	7	price	1395135009530	1395135009530	1395135009692	1395135009693	OK	 
ACTION	Pricing	6	price	1395135009028	1395135009029	1395135009728	1395135009728	OK	 
ACTION	Pricing	10	price	1395135009070	1395135009071	1395135009740	1395135009740	OK	 
ACTION	Pricing	4	price	1395135009490	1395135009490	1395135009758	1395135009759	OK	 
ACTION	Pricing	8	price	1395135009165	1395135009166	1395135009765	1395135009766	OK	 
ACTION	Pricing	2	price	1395135008894	1395135008894	1395135009810	1395135009810	OK	 
ACTION	Pricing	9	price	1395135009465	1395135009465	1395135009819	1395135009819	OK	 
ACTION	Pricing	10	price	1395135009742	1395135009742	1395135009859	1395135009859	OK	 
ACTION	Pricing	6	price	1395135009730	1395135009730	1395135009887	1395135009887	OK	 
ACTION	Pricing	7	price	1395135009694	1395135009694	1395135009947	1395135009947	OK	 
SCENARIO	Pricing	7	END	1395135009948
ACTION	Pricing	1	price	1395135009631	1395135009631	1395135009967	1395135009967	OK	 
SCENARIO	Pricing	1	END	1395135009968
ACTION	Pricing	3	price	1395135009558	1395135009558	1395135010004	1395135010004	OK	 
SCENARIO	Pricing	3	END	1395135010005
ACTION	Pricing	6	price	1395135009889	1395135009889	1395135010019	1395135010019	OK	 
SCENARIO	Pricing	6	END	1395135010020
ACTION	Pricing	10	price	1395135009861	1395135009861	1395135010087	1395135010087	OK	 
SCENARIO	Pricing	10	END	1395135010087
ACTION	Pricing	9	price	1395135009821	1395135009821	1395135010127	1395135010127	OK	 
SCENARIO	Pricing	9	END	1395135010128
ACTION	Pricing	2	price	1395135009812	1395135009812	1395135010144	1395135010145	OK	 
SCENARIO	Pricing	2	END	1395135010145
ACTION	Pricing	8	price	1395135009767	1395135009767	1395135010186	1395135010187	OK	 
SCENARIO	Pricing	8	END	1395135010188
ACTION	Pricing	4	price	1395135009760	1395135009761	1395135010212	1395135010212	OK	 
SCENARIO	Pricing	4	END	1395135010212
ACTION	Pricing	5	price	1395135009693	1395135009694	1395135010223	1395135010223	OK	 
SCENARIO	Pricing	5	END	1395135010224
