RUN	20140318090617	pricingsimulation	pricingsimulation
SCENARIO	Pricing	2	START	1395133580833
SCENARIO	Pricing	4	START	1395133580834
SCENARIO	Pricing	1	START	1395133580834
SCENARIO	Pricing	3	START	1395133580834
ACTION	Pricing	3	price	1395133580876	1395133580899	1395133581422	1395133581446	OK	 
ACTION	Pricing	4	price	1395133580874	1395133580899	1395133581422	1395133581446	OK	 
ACTION	Pricing	1	price	1395133580874	1395133580899	1395133581424	1395133581446	OK	 
ACTION	Pricing	2	price	1395133580876	1395133580901	1395133581480	1395133581480	OK	 
ACTION	Pricing	3	price	1395133581531	1395133581535	1395133581719	1395133581719	OK	 
ACTION	Pricing	1	price	1395133581533	1395133581536	1395133581751	1395133581751	OK	 
ACTION	Pricing	4	price	1395133581544	1395133581547	1395133581782	1395133581782	OK	 
ACTION	Pricing	2	price	1395133581620	1395133581626	1395133581815	1395133581815	OK	 
ACTION	Pricing	3	price	1395133581723	1395133581724	1395133581845	1395133581845	OK	 
ACTION	Pricing	1	price	1395133581753	1395133581754	1395133581882	1395133581883	OK	 
ACTION	Pricing	4	price	1395133581785	1395133581786	1395133581923	1395133581923	OK	 
ACTION	Pricing	2	price	1395133581817	1395133581818	1395133581953	1395133581953	OK	 
ACTION	Pricing	3	price	1395133581847	1395133581848	1395133581989	1395133581989	OK	 
ACTION	Pricing	1	price	1395133581885	1395133581885	1395133582032	1395133582032	OK	 
ACTION	Pricing	4	price	1395133581925	1395133581926	1395133582063	1395133582063	OK	 
ACTION	Pricing	2	price	1395133581955	1395133581957	1395133582094	1395133582094	OK	 
ACTION	Pricing	3	price	1395133581990	1395133581992	1395133582123	1395133582123	OK	 
ACTION	Pricing	1	price	1395133582034	1395133582035	1395133582155	1395133582156	OK	 
ACTION	Pricing	4	price	1395133582065	1395133582066	1395133582186	1395133582186	OK	 
ACTION	Pricing	2	price	1395133582096	1395133582097	1395133582219	1395133582220	OK	 
ACTION	Pricing	3	price	1395133582125	1395133582126	1395133582248	1395133582248	OK	 
ACTION	Pricing	1	price	1395133582157	1395133582159	1395133582283	1395133582283	OK	 
ACTION	Pricing	4	price	1395133582188	1395133582189	1395133582332	1395133582332	OK	 
ACTION	Pricing	2	price	1395133582221	1395133582223	1395133582370	1395133582370	OK	 
ACTION	Pricing	3	price	1395133582250	1395133582251	1395133582406	1395133582406	OK	 
ACTION	Pricing	1	price	1395133582284	1395133582286	1395133582437	1395133582437	OK	 
ACTION	Pricing	4	price	1395133582334	1395133582335	1395133582474	1395133582474	OK	 
ACTION	Pricing	2	price	1395133582372	1395133582380	1395133582515	1395133582516	OK	 
ACTION	Pricing	3	price	1395133582407	1395133582412	1395133582551	1395133582551	OK	 
ACTION	Pricing	1	price	1395133582439	1395133582448	1395133582583	1395133582583	OK	 
ACTION	Pricing	4	price	1395133582476	1395133582478	1395133582616	1395133582616	OK	 
ACTION	Pricing	2	price	1395133582517	1395133582519	1395133582649	1395133582649	OK	 
ACTION	Pricing	3	price	1395133582553	1395133582554	1395133582684	1395133582685	OK	 
ACTION	Pricing	1	price	1395133582585	1395133582586	1395133582720	1395133582721	OK	 
ACTION	Pricing	4	price	1395133582618	1395133582619	1395133582759	1395133582759	OK	 
ACTION	Pricing	2	price	1395133582651	1395133582652	1395133582800	1395133582801	OK	 
ACTION	Pricing	3	price	1395133582686	1395133582687	1395133582830	1395133582831	OK	 
ACTION	Pricing	1	price	1395133582723	1395133582724	1395133582862	1395133582862	OK	 
ACTION	Pricing	4	price	1395133582762	1395133582763	1395133582894	1395133582894	OK	 
ACTION	Pricing	2	price	1395133582802	1395133582803	1395133582928	1395133582928	OK	 
ACTION	Pricing	3	price	1395133582832	1395133582833	1395133582962	1395133582963	OK	 
ACTION	Pricing	1	price	1395133582864	1395133582865	1395133582991	1395133582991	OK	 
ACTION	Pricing	4	price	1395133582897	1395133582897	1395133583018	1395133583018	OK	 
ACTION	Pricing	2	price	1395133582930	1395133582931	1395133583047	1395133583047	OK	 
ACTION	Pricing	3	price	1395133582965	1395133582965	1395133583102	1395133583103	OK	 
ACTION	Pricing	1	price	1395133582993	1395133582993	1395133583116	1395133583116	OK	 
ACTION	Pricing	4	price	1395133583020	1395133583020	1395133583146	1395133583146	OK	 
ACTION	Pricing	2	price	1395133583050	1395133583050	1395133583175	1395133583176	OK	 
ACTION	Pricing	3	price	1395133583105	1395133583105	1395133583205	1395133583205	OK	 
ACTION	Pricing	1	price	1395133583118	1395133583118	1395133583233	1395133583233	OK	 
ACTION	Pricing	4	price	1395133583148	1395133583148	1395133583262	1395133583263	OK	 
ACTION	Pricing	2	price	1395133583177	1395133583178	1395133583291	1395133583291	OK	 
ACTION	Pricing	3	price	1395133583207	1395133583208	1395133583321	1395133583321	OK	 
ACTION	Pricing	1	price	1395133583234	1395133583235	1395133583365	1395133583365	OK	 
ACTION	Pricing	4	price	1395133583265	1395133583265	1395133583382	1395133583382	OK	 
ACTION	Pricing	2	price	1395133583293	1395133583294	1395133583418	1395133583418	OK	 
ACTION	Pricing	3	price	1395133583323	1395133583324	1395133583450	1395133583450	OK	 
ACTION	Pricing	1	price	1395133583367	1395133583368	1395133583486	1395133583487	OK	 
ACTION	Pricing	4	price	1395133583384	1395133583385	1395133583517	1395133583518	OK	 
ACTION	Pricing	2	price	1395133583420	1395133583421	1395133583551	1395133583552	OK	 
ACTION	Pricing	3	price	1395133583452	1395133583452	1395133583581	1395133583582	OK	 
ACTION	Pricing	1	price	1395133583488	1395133583489	1395133583612	1395133583612	OK	 
ACTION	Pricing	4	price	1395133583519	1395133583520	1395133583644	1395133583644	OK	 
ACTION	Pricing	2	price	1395133583554	1395133583554	1395133583687	1395133583687	OK	 
ACTION	Pricing	3	price	1395133583583	1395133583584	1395133583709	1395133583710	OK	 
ACTION	Pricing	1	price	1395133583614	1395133583614	1395133583739	1395133583739	OK	 
ACTION	Pricing	4	price	1395133583646	1395133583646	1395133583771	1395133583771	OK	 
ACTION	Pricing	2	price	1395133583688	1395133583689	1395133583805	1395133583805	OK	 
ACTION	Pricing	3	price	1395133583711	1395133583712	1395133583837	1395133583837	OK	 
ACTION	Pricing	1	price	1395133583740	1395133583741	1395133583876	1395133583877	OK	 
ACTION	Pricing	4	price	1395133583773	1395133583773	1395133583906	1395133583906	OK	 
ACTION	Pricing	2	price	1395133583806	1395133583807	1395133583935	1395133583936	OK	 
ACTION	Pricing	3	price	1395133583839	1395133583839	1395133583973	1395133583973	OK	 
ACTION	Pricing	1	price	1395133583878	1395133583878	1395133584013	1395133584016	OK	 
ACTION	Pricing	4	price	1395133583908	1395133583908	1395133584043	1395133584043	OK	 
ACTION	Pricing	2	price	1395133583937	1395133583938	1395133584074	1395133584074	OK	 
ACTION	Pricing	3	price	1395133583974	1395133583975	1395133584107	1395133584107	OK	 
ACTION	Pricing	1	price	1395133584017	1395133584018	1395133584139	1395133584139	OK	 
ACTION	Pricing	4	price	1395133584045	1395133584046	1395133584174	1395133584175	OK	 
ACTION	Pricing	2	price	1395133584076	1395133584076	1395133584209	1395133584209	OK	 
ACTION	Pricing	3	price	1395133584109	1395133584109	1395133584241	1395133584241	OK	 
ACTION	Pricing	1	price	1395133584141	1395133584142	1395133584274	1395133584275	OK	 
ACTION	Pricing	4	price	1395133584177	1395133584178	1395133584302	1395133584302	OK	 
ACTION	Pricing	2	price	1395133584211	1395133584211	1395133584332	1395133584332	OK	 
ACTION	Pricing	3	price	1395133584243	1395133584243	1395133584362	1395133584362	OK	 
ACTION	Pricing	1	price	1395133584276	1395133584277	1395133584410	1395133584411	OK	 
ACTION	Pricing	4	price	1395133584304	1395133584305	1395133584440	1395133584440	OK	 
ACTION	Pricing	2	price	1395133584334	1395133584335	1395133584468	1395133584468	OK	 
ACTION	Pricing	3	price	1395133584364	1395133584364	1395133584499	1395133584499	OK	 
ACTION	Pricing	1	price	1395133584412	1395133584413	1395133584528	1395133584528	OK	 
ACTION	Pricing	4	price	1395133584442	1395133584442	1395133584557	1395133584558	OK	 
ACTION	Pricing	2	price	1395133584469	1395133584470	1395133584586	1395133584586	OK	 
ACTION	Pricing	3	price	1395133584501	1395133584501	1395133584615	1395133584616	OK	 
ACTION	Pricing	1	price	1395133584530	1395133584531	1395133584650	1395133584650	OK	 
ACTION	Pricing	4	price	1395133584559	1395133584560	1395133584678	1395133584678	OK	 
ACTION	Pricing	2	price	1395133584588	1395133584589	1395133584708	1395133584708	OK	 
ACTION	Pricing	3	price	1395133584617	1395133584618	1395133584737	1395133584737	OK	 
ACTION	Pricing	1	price	1395133584652	1395133584653	1395133584772	1395133584773	OK	 
ACTION	Pricing	4	price	1395133584680	1395133584680	1395133584803	1395133584803	OK	 
ACTION	Pricing	2	price	1395133584710	1395133584710	1395133584839	1395133584839	OK	 
ACTION	Pricing	3	price	1395133584738	1395133584739	1395133584874	1395133584874	OK	 
ACTION	Pricing	1	price	1395133584774	1395133584775	1395133584910	1395133584910	OK	 
ACTION	Pricing	4	price	1395133584805	1395133584806	1395133584936	1395133584936	OK	 
ACTION	Pricing	2	price	1395133584841	1395133584842	1395133584966	1395133584966	OK	 
ACTION	Pricing	3	price	1395133584876	1395133584876	1395133584995	1395133584995	OK	 
ACTION	Pricing	1	price	1395133584912	1395133584912	1395133585024	1395133585024	OK	 
ACTION	Pricing	4	price	1395133584938	1395133584939	1395133585058	1395133585058	OK	 
ACTION	Pricing	2	price	1395133584968	1395133584968	1395133585087	1395133585088	OK	 
ACTION	Pricing	3	price	1395133584996	1395133584997	1395133585117	1395133585118	OK	 
ACTION	Pricing	1	price	1395133585026	1395133585026	1395133585151	1395133585151	OK	 
ACTION	Pricing	4	price	1395133585060	1395133585061	1395133585181	1395133585181	OK	 
ACTION	Pricing	2	price	1395133585089	1395133585090	1395133585222	1395133585222	OK	 
ACTION	Pricing	3	price	1395133585119	1395133585120	1395133585254	1395133585254	OK	 
ACTION	Pricing	1	price	1395133585153	1395133585153	1395133585286	1395133585286	OK	 
ACTION	Pricing	4	price	1395133585183	1395133585184	1395133585314	1395133585314	OK	 
ACTION	Pricing	2	price	1395133585223	1395133585224	1395133585350	1395133585350	OK	 
ACTION	Pricing	3	price	1395133585256	1395133585256	1395133585378	1395133585379	OK	 
ACTION	Pricing	1	price	1395133585288	1395133585288	1395133585407	1395133585407	OK	 
ACTION	Pricing	4	price	1395133585316	1395133585316	1395133585436	1395133585436	OK	 
ACTION	Pricing	2	price	1395133585352	1395133585353	1395133585465	1395133585466	OK	 
ACTION	Pricing	3	price	1395133585381	1395133585382	1395133585497	1395133585497	OK	 
ACTION	Pricing	1	price	1395133585409	1395133585409	1395133585525	1395133585525	OK	 
ACTION	Pricing	4	price	1395133585438	1395133585439	1395133585554	1395133585555	OK	 
ACTION	Pricing	2	price	1395133585467	1395133585468	1395133585584	1395133585584	OK	 
ACTION	Pricing	3	price	1395133585499	1395133585499	1395133585616	1395133585616	OK	 
ACTION	Pricing	1	price	1395133585527	1395133585527	1395133585647	1395133585648	OK	 
ACTION	Pricing	4	price	1395133585556	1395133585557	1395133585676	1395133585677	OK	 
ACTION	Pricing	2	price	1395133585586	1395133585587	1395133585706	1395133585707	OK	 
ACTION	Pricing	3	price	1395133585619	1395133585619	1395133585734	1395133585735	OK	 
ACTION	Pricing	1	price	1395133585650	1395133585650	1395133585766	1395133585766	OK	 
ACTION	Pricing	4	price	1395133585678	1395133585679	1395133585795	1395133585795	OK	 
ACTION	Pricing	2	price	1395133585709	1395133585709	1395133585826	1395133585827	OK	 
ACTION	Pricing	3	price	1395133585736	1395133585737	1395133585856	1395133585857	OK	 
ACTION	Pricing	1	price	1395133585768	1395133585768	1395133585886	1395133585886	OK	 
ACTION	Pricing	4	price	1395133585797	1395133585797	1395133585935	1395133585936	OK	 
ACTION	Pricing	2	price	1395133585828	1395133585829	1395133585956	1395133585956	OK	 
ACTION	Pricing	3	price	1395133585858	1395133585859	1395133585988	1395133585988	OK	 
ACTION	Pricing	1	price	1395133585888	1395133585889	1395133586018	1395133586018	OK	 
ACTION	Pricing	4	price	1395133585937	1395133585938	1395133586046	1395133586047	OK	 
ACTION	Pricing	2	price	1395133585962	1395133585962	1395133586074	1395133586075	OK	 
ACTION	Pricing	3	price	1395133585990	1395133585990	1395133586104	1395133586104	OK	 
ACTION	Pricing	1	price	1395133586020	1395133586020	1395133586135	1395133586135	OK	 
ACTION	Pricing	4	price	1395133586048	1395133586049	1395133586165	1395133586165	OK	 
ACTION	Pricing	2	price	1395133586076	1395133586077	1395133586195	1395133586196	OK	 
ACTION	Pricing	3	price	1395133586106	1395133586107	1395133586223	1395133586223	OK	 
ACTION	Pricing	1	price	1395133586137	1395133586137	1395133586250	1395133586250	OK	 
ACTION	Pricing	4	price	1395133586167	1395133586167	1395133586281	1395133586282	OK	 
ACTION	Pricing	2	price	1395133586197	1395133586198	1395133586309	1395133586309	OK	 
ACTION	Pricing	3	price	1395133586224	1395133586225	1395133586345	1395133586345	OK	 
ACTION	Pricing	1	price	1395133586251	1395133586252	1395133586373	1395133586373	OK	 
ACTION	Pricing	4	price	1395133586283	1395133586284	1395133586406	1395133586406	OK	 
ACTION	Pricing	2	price	1395133586311	1395133586312	1395133586438	1395133586438	OK	 
ACTION	Pricing	3	price	1395133586347	1395133586347	1395133586470	1395133586470	OK	 
ACTION	Pricing	1	price	1395133586375	1395133586376	1395133586504	1395133586505	OK	 
ACTION	Pricing	4	price	1395133586407	1395133586408	1395133586536	1395133586536	OK	 
ACTION	Pricing	2	price	1395133586440	1395133586440	1395133586576	1395133586576	OK	 
ACTION	Pricing	3	price	1395133586472	1395133586472	1395133586605	1395133586605	OK	 
ACTION	Pricing	1	price	1395133586506	1395133586507	1395133586633	1395133586633	OK	 
ACTION	Pricing	4	price	1395133586546	1395133586546	1395133586664	1395133586664	OK	 
ACTION	Pricing	2	price	1395133586578	1395133586578	1395133586695	1395133586695	OK	 
ACTION	Pricing	3	price	1395133586606	1395133586607	1395133586727	1395133586727	OK	 
ACTION	Pricing	1	price	1395133586634	1395133586635	1395133586758	1395133586758	OK	 
ACTION	Pricing	4	price	1395133586665	1395133586666	1395133586787	1395133586787	OK	 
ACTION	Pricing	2	price	1395133586697	1395133586697	1395133586820	1395133586820	OK	 
ACTION	Pricing	3	price	1395133586728	1395133586729	1395133586853	1395133586853	OK	 
ACTION	Pricing	1	price	1395133586760	1395133586760	1395133586893	1395133586893	OK	 
ACTION	Pricing	4	price	1395133586789	1395133586789	1395133586927	1395133586928	OK	 
ACTION	Pricing	2	price	1395133586822	1395133586823	1395133586969	1395133586969	OK	 
ACTION	Pricing	3	price	1395133586855	1395133586855	1395133587004	1395133587004	OK	 
ACTION	Pricing	1	price	1395133586895	1395133586895	1395133587039	1395133587040	OK	 
ACTION	Pricing	4	price	1395133586929	1395133586930	1395133587070	1395133587070	OK	 
ACTION	Pricing	2	price	1395133586972	1395133586972	1395133587099	1395133587099	OK	 
ACTION	Pricing	3	price	1395133587006	1395133587007	1395133587130	1395133587130	OK	 
ACTION	Pricing	1	price	1395133587041	1395133587042	1395133587164	1395133587164	OK	 
ACTION	Pricing	4	price	1395133587072	1395133587072	1395133587196	1395133587196	OK	 
ACTION	Pricing	2	price	1395133587101	1395133587101	1395133587242	1395133587242	OK	 
ACTION	Pricing	3	price	1395133587132	1395133587132	1395133587282	1395133587282	OK	 
ACTION	Pricing	1	price	1395133587166	1395133587166	1395133587317	1395133587317	OK	 
ACTION	Pricing	4	price	1395133587198	1395133587199	1395133587352	1395133587352	OK	 
ACTION	Pricing	2	price	1395133587244	1395133587244	1395133587383	1395133587383	OK	 
ACTION	Pricing	3	price	1395133587284	1395133587284	1395133587413	1395133587414	OK	 
ACTION	Pricing	1	price	1395133587319	1395133587320	1395133587449	1395133587449	OK	 
ACTION	Pricing	4	price	1395133587354	1395133587354	1395133587480	1395133587480	OK	 
ACTION	Pricing	2	price	1395133587384	1395133587385	1395133587512	1395133587512	OK	 
ACTION	Pricing	3	price	1395133587416	1395133587417	1395133587542	1395133587543	OK	 
ACTION	Pricing	1	price	1395133587451	1395133587452	1395133587574	1395133587574	OK	 
ACTION	Pricing	4	price	1395133587482	1395133587483	1395133587606	1395133587606	OK	 
ACTION	Pricing	2	price	1395133587514	1395133587514	1395133587642	1395133587642	OK	 
ACTION	Pricing	3	price	1395133587544	1395133587545	1395133587672	1395133587672	OK	 
ACTION	Pricing	1	price	1395133587576	1395133587576	1395133587705	1395133587705	OK	 
ACTION	Pricing	4	price	1395133587608	1395133587609	1395133587736	1395133587736	OK	 
ACTION	Pricing	2	price	1395133587644	1395133587644	1395133587769	1395133587769	OK	 
ACTION	Pricing	3	price	1395133587674	1395133587674	1395133587800	1395133587800	OK	 
ACTION	Pricing	1	price	1395133587707	1395133587707	1395133587830	1395133587831	OK	 
ACTION	Pricing	4	price	1395133587738	1395133587738	1395133587869	1395133587869	OK	 
ACTION	Pricing	2	price	1395133587772	1395133587772	1395133587919	1395133587919	OK	 
ACTION	Pricing	3	price	1395133587802	1395133587802	1395133587956	1395133587956	OK	 
ACTION	Pricing	1	price	1395133587833	1395133587833	1395133587984	1395133587985	OK	 
ACTION	Pricing	4	price	1395133587871	1395133587872	1395133588017	1395133588017	OK	 
ACTION	Pricing	2	price	1395133587921	1395133587921	1395133588049	1395133588049	OK	 
ACTION	Pricing	3	price	1395133587957	1395133587958	1395133588079	1395133588079	OK	 
ACTION	Pricing	1	price	1395133587986	1395133587987	1395133588108	1395133588109	OK	 
ACTION	Pricing	4	price	1395133588020	1395133588020	1395133588143	1395133588144	OK	 
ACTION	Pricing	2	price	1395133588051	1395133588052	1395133588175	1395133588175	OK	 
ACTION	Pricing	3	price	1395133588081	1395133588081	1395133588204	1395133588204	OK	 
ACTION	Pricing	1	price	1395133588110	1395133588111	1395133588235	1395133588235	OK	 
ACTION	Pricing	4	price	1395133588145	1395133588146	1395133588267	1395133588267	OK	 
ACTION	Pricing	2	price	1395133588177	1395133588177	1395133588300	1395133588300	OK	 
ACTION	Pricing	3	price	1395133588206	1395133588206	1395133588338	1395133588338	OK	 
ACTION	Pricing	1	price	1395133588237	1395133588237	1395133588365	1395133588365	OK	 
ACTION	Pricing	4	price	1395133588269	1395133588270	1395133588393	1395133588394	OK	 
ACTION	Pricing	2	price	1395133588302	1395133588303	1395133588425	1395133588425	OK	 
ACTION	Pricing	3	price	1395133588339	1395133588340	1395133588456	1395133588456	OK	 
ACTION	Pricing	1	price	1395133588367	1395133588367	1395133588485	1395133588485	OK	 
ACTION	Pricing	4	price	1395133588395	1395133588396	1395133588515	1395133588515	OK	 
ACTION	Pricing	2	price	1395133588427	1395133588428	1395133588547	1395133588547	OK	 
ACTION	Pricing	3	price	1395133588461	1395133588461	1395133588578	1395133588578	OK	 
ACTION	Pricing	1	price	1395133588487	1395133588488	1395133588608	1395133588608	OK	 
ACTION	Pricing	4	price	1395133588516	1395133588517	1395133588644	1395133588645	OK	 
ACTION	Pricing	2	price	1395133588549	1395133588550	1395133588691	1395133588692	OK	 
ACTION	Pricing	3	price	1395133588580	1395133588580	1395133588736	1395133588737	OK	 
ACTION	Pricing	1	price	1395133588610	1395133588610	1395133588776	1395133588777	OK	 
ACTION	Pricing	4	price	1395133588647	1395133588648	1395133588813	1395133588813	OK	 
ACTION	Pricing	2	price	1395133588694	1395133588695	1395133588849	1395133588849	OK	 
ACTION	Pricing	3	price	1395133588739	1395133588740	1395133588885	1395133588885	OK	 
ACTION	Pricing	1	price	1395133588779	1395133588779	1395133588930	1395133588931	OK	 
ACTION	Pricing	4	price	1395133588815	1395133588816	1395133588961	1395133588962	OK	 
ACTION	Pricing	2	price	1395133588851	1395133588852	1395133588993	1395133588993	OK	 
ACTION	Pricing	3	price	1395133588887	1395133588887	1395133589025	1395133589025	OK	 
ACTION	Pricing	1	price	1395133588933	1395133588934	1395133589055	1395133589055	OK	 
ACTION	Pricing	4	price	1395133588964	1395133588964	1395133589087	1395133589087	OK	 
ACTION	Pricing	2	price	1395133588995	1395133588996	1395133589122	1395133589122	OK	 
ACTION	Pricing	3	price	1395133589027	1395133589028	1395133589157	1395133589158	OK	 
ACTION	Pricing	1	price	1395133589057	1395133589057	1395133589192	1395133589192	OK	 
ACTION	Pricing	4	price	1395133589089	1395133589089	1395133589227	1395133589228	OK	 
ACTION	Pricing	2	price	1395133589124	1395133589124	1395133589259	1395133589259	OK	 
ACTION	Pricing	3	price	1395133589160	1395133589160	1395133589295	1395133589296	OK	 
ACTION	Pricing	1	price	1395133589194	1395133589195	1395133589326	1395133589326	OK	 
ACTION	Pricing	4	price	1395133589229	1395133589230	1395133589357	1395133589357	OK	 
ACTION	Pricing	2	price	1395133589261	1395133589262	1395133589389	1395133589389	OK	 
ACTION	Pricing	3	price	1395133589297	1395133589297	1395133589424	1395133589424	OK	 
ACTION	Pricing	1	price	1395133589328	1395133589328	1395133589457	1395133589457	OK	 
ACTION	Pricing	4	price	1395133589359	1395133589360	1395133589491	1395133589491	OK	 
ACTION	Pricing	2	price	1395133589391	1395133589391	1395133589527	1395133589527	OK	 
ACTION	Pricing	3	price	1395133589426	1395133589426	1395133589560	1395133589560	OK	 
ACTION	Pricing	1	price	1395133589459	1395133589460	1395133589592	1395133589592	OK	 
ACTION	Pricing	4	price	1395133589493	1395133589493	1395133589625	1395133589625	OK	 
ACTION	Pricing	2	price	1395133589530	1395133589531	1395133589660	1395133589660	OK	 
ACTION	Pricing	3	price	1395133589562	1395133589562	1395133589694	1395133589694	OK	 
ACTION	Pricing	1	price	1395133589594	1395133589594	1395133589730	1395133589730	OK	 
ACTION	Pricing	4	price	1395133589627	1395133589627	1395133589765	1395133589765	OK	 
ACTION	Pricing	2	price	1395133589661	1395133589662	1395133589799	1395133589799	OK	 
ACTION	Pricing	3	price	1395133589697	1395133589697	1395133589833	1395133589833	OK	 
ACTION	Pricing	1	price	1395133589732	1395133589732	1395133589872	1395133589872	OK	 
ACTION	Pricing	4	price	1395133589767	1395133589768	1395133589906	1395133589906	OK	 
ACTION	Pricing	2	price	1395133589801	1395133589802	1395133589941	1395133589941	OK	 
ACTION	Pricing	3	price	1395133589835	1395133589835	1395133589971	1395133589971	OK	 
ACTION	Pricing	1	price	1395133589874	1395133589874	1395133590002	1395133590002	OK	 
ACTION	Pricing	4	price	1395133589909	1395133589909	1395133590035	1395133590035	OK	 
ACTION	Pricing	2	price	1395133589943	1395133589944	1395133590071	1395133590072	OK	 
ACTION	Pricing	3	price	1395133589973	1395133589973	1395133590103	1395133590103	OK	 
ACTION	Pricing	1	price	1395133590004	1395133590008	1395133590139	1395133590140	OK	 
ACTION	Pricing	4	price	1395133590037	1395133590038	1395133590179	1395133590180	OK	 
ACTION	Pricing	2	price	1395133590074	1395133590074	1395133590211	1395133590212	OK	 
ACTION	Pricing	3	price	1395133590105	1395133590105	1395133590240	1395133590240	OK	 
ACTION	Pricing	1	price	1395133590142	1395133590142	1395133590270	1395133590270	OK	 
ACTION	Pricing	4	price	1395133590181	1395133590182	1395133590303	1395133590303	OK	 
ACTION	Pricing	2	price	1395133590213	1395133590214	1395133590333	1395133590334	OK	 
ACTION	Pricing	3	price	1395133590242	1395133590242	1395133590383	1395133590383	OK	 
ACTION	Pricing	1	price	1395133590272	1395133590273	1395133590415	1395133590415	OK	 
ACTION	Pricing	4	price	1395133590305	1395133590305	1395133590447	1395133590447	OK	 
ACTION	Pricing	2	price	1395133590336	1395133590336	1395133590483	1395133590483	OK	 
ACTION	Pricing	3	price	1395133590385	1395133590385	1395133590516	1395133590516	OK	 
ACTION	Pricing	1	price	1395133590416	1395133590417	1395133590548	1395133590548	OK	 
ACTION	Pricing	4	price	1395133590448	1395133590449	1395133590584	1395133590584	OK	 
ACTION	Pricing	2	price	1395133590485	1395133590485	1395133590617	1395133590617	OK	 
ACTION	Pricing	3	price	1395133590518	1395133590519	1395133590646	1395133590647	OK	 
ACTION	Pricing	1	price	1395133590550	1395133590551	1395133590683	1395133590683	OK	 
ACTION	Pricing	4	price	1395133590586	1395133590586	1395133590715	1395133590715	OK	 
ACTION	Pricing	2	price	1395133590618	1395133590619	1395133590746	1395133590746	OK	 
ACTION	Pricing	3	price	1395133590649	1395133590649	1395133590786	1395133590786	OK	 
ACTION	Pricing	1	price	1395133590685	1395133590685	1395133590822	1395133590822	OK	 
ACTION	Pricing	4	price	1395133590717	1395133590717	1395133590859	1395133590859	OK	 
ACTION	Pricing	2	price	1395133590748	1395133590748	1395133590894	1395133590894	OK	 
ACTION	Pricing	3	price	1395133590788	1395133590789	1395133590927	1395133590927	OK	 
ACTION	Pricing	1	price	1395133590824	1395133590824	1395133590961	1395133590962	OK	 
ACTION	Pricing	4	price	1395133590861	1395133590861	1395133590997	1395133590997	OK	 
ACTION	Pricing	2	price	1395133590896	1395133590897	1395133591029	1395133591029	OK	 
ACTION	Pricing	3	price	1395133590929	1395133590929	1395133591057	1395133591057	OK	 
ACTION	Pricing	1	price	1395133590964	1395133590964	1395133591090	1395133591090	OK	 
ACTION	Pricing	4	price	1395133590998	1395133590999	1395133591124	1395133591124	OK	 
ACTION	Pricing	2	price	1395133591031	1395133591031	1395133591153	1395133591153	OK	 
ACTION	Pricing	3	price	1395133591059	1395133591060	1395133591184	1395133591184	OK	 
ACTION	Pricing	1	price	1395133591092	1395133591093	1395133591220	1395133591220	OK	 
ACTION	Pricing	4	price	1395133591128	1395133591128	1395133591251	1395133591252	OK	 
ACTION	Pricing	2	price	1395133591155	1395133591155	1395133591290	1395133591291	OK	 
ACTION	Pricing	3	price	1395133591186	1395133591186	1395133591327	1395133591327	OK	 
ACTION	Pricing	1	price	1395133591223	1395133591223	1395133591367	1395133591367	OK	 
ACTION	Pricing	4	price	1395133591254	1395133591254	1395133591404	1395133591404	OK	 
ACTION	Pricing	2	price	1395133591292	1395133591293	1395133591434	1395133591434	OK	 
ACTION	Pricing	3	price	1395133591329	1395133591329	1395133591471	1395133591471	OK	 
ACTION	Pricing	1	price	1395133591368	1395133591369	1395133591508	1395133591508	OK	 
ACTION	Pricing	4	price	1395133591405	1395133591406	1395133591543	1395133591544	OK	 
ACTION	Pricing	2	price	1395133591437	1395133591437	1395133591578	1395133591579	OK	 
ACTION	Pricing	3	price	1395133591473	1395133591473	1395133591611	1395133591611	OK	 
ACTION	Pricing	1	price	1395133591509	1395133591510	1395133591644	1395133591644	OK	 
ACTION	Pricing	4	price	1395133591545	1395133591546	1395133591677	1395133591677	OK	 
ACTION	Pricing	2	price	1395133591580	1395133591580	1395133591708	1395133591708	OK	 
ACTION	Pricing	3	price	1395133591613	1395133591614	1395133591739	1395133591739	OK	 
ACTION	Pricing	1	price	1395133591645	1395133591646	1395133591770	1395133591770	OK	 
ACTION	Pricing	4	price	1395133591679	1395133591679	1395133591803	1395133591803	OK	 
ACTION	Pricing	2	price	1395133591710	1395133591710	1395133591836	1395133591837	OK	 
ACTION	Pricing	3	price	1395133591741	1395133591742	1395133591875	1395133591876	OK	 
ACTION	Pricing	1	price	1395133591773	1395133591773	1395133591909	1395133591909	OK	 
ACTION	Pricing	4	price	1395133591805	1395133591805	1395133591943	1395133591943	OK	 
ACTION	Pricing	2	price	1395133591838	1395133591839	1395133591976	1395133591977	OK	 
ACTION	Pricing	3	price	1395133591877	1395133591878	1395133592008	1395133592008	OK	 
ACTION	Pricing	1	price	1395133591910	1395133591911	1395133592041	1395133592041	OK	 
ACTION	Pricing	4	price	1395133591944	1395133591944	1395133592073	1395133592073	OK	 
ACTION	Pricing	2	price	1395133591978	1395133591978	1395133592108	1395133592108	OK	 
ACTION	Pricing	3	price	1395133592009	1395133592010	1395133592139	1395133592139	OK	 
ACTION	Pricing	1	price	1395133592043	1395133592043	1395133592168	1395133592168	OK	 
ACTION	Pricing	4	price	1395133592075	1395133592075	1395133592197	1395133592198	OK	 
ACTION	Pricing	2	price	1395133592110	1395133592110	1395133592229	1395133592229	OK	 
ACTION	Pricing	3	price	1395133592141	1395133592141	1395133592258	1395133592258	OK	 
ACTION	Pricing	1	price	1395133592170	1395133592170	1395133592289	1395133592289	OK	 
ACTION	Pricing	4	price	1395133592200	1395133592200	1395133592318	1395133592318	OK	 
ACTION	Pricing	2	price	1395133592230	1395133592231	1395133592350	1395133592350	OK	 
ACTION	Pricing	3	price	1395133592259	1395133592260	1395133592380	1395133592380	OK	 
ACTION	Pricing	1	price	1395133592291	1395133592291	1395133592412	1395133592412	OK	 
ACTION	Pricing	4	price	1395133592320	1395133592320	1395133592443	1395133592443	OK	 
ACTION	Pricing	2	price	1395133592352	1395133592352	1395133592475	1395133592475	OK	 
ACTION	Pricing	3	price	1395133592382	1395133592383	1395133592514	1395133592514	OK	 
ACTION	Pricing	1	price	1395133592414	1395133592414	1395133592544	1395133592544	OK	 
ACTION	Pricing	4	price	1395133592445	1395133592445	1395133592575	1395133592576	OK	 
ACTION	Pricing	2	price	1395133592477	1395133592477	1395133592603	1395133592603	OK	 
ACTION	Pricing	3	price	1395133592516	1395133592517	1395133592633	1395133592633	OK	 
ACTION	Pricing	1	price	1395133592546	1395133592546	1395133592665	1395133592665	OK	 
ACTION	Pricing	4	price	1395133592577	1395133592577	1395133592695	1395133592695	OK	 
ACTION	Pricing	2	price	1395133592605	1395133592605	1395133592725	1395133592725	OK	 
ACTION	Pricing	3	price	1395133592634	1395133592635	1395133592754	1395133592754	OK	 
ACTION	Pricing	1	price	1395133592667	1395133592667	1395133592785	1395133592785	OK	 
ACTION	Pricing	4	price	1395133592696	1395133592697	1395133592814	1395133592814	OK	 
ACTION	Pricing	2	price	1395133592727	1395133592727	1395133592847	1395133592847	OK	 
ACTION	Pricing	3	price	1395133592756	1395133592756	1395133592882	1395133592883	OK	 
ACTION	Pricing	1	price	1395133592787	1395133592787	1395133592909	1395133592910	OK	 
ACTION	Pricing	4	price	1395133592816	1395133592816	1395133592946	1395133592946	OK	 
ACTION	Pricing	2	price	1395133592849	1395133592849	1395133592983	1395133592983	OK	 
ACTION	Pricing	3	price	1395133592884	1395133592885	1395133593022	1395133593022	OK	 
ACTION	Pricing	1	price	1395133592911	1395133592912	1395133593056	1395133593056	OK	 
ACTION	Pricing	4	price	1395133592948	1395133592948	1395133593086	1395133593086	OK	 
ACTION	Pricing	2	price	1395133592985	1395133592986	1395133593117	1395133593117	OK	 
ACTION	Pricing	3	price	1395133593024	1395133593024	1395133593147	1395133593147	OK	 
ACTION	Pricing	1	price	1395133593058	1395133593059	1395133593178	1395133593179	OK	 
ACTION	Pricing	4	price	1395133593088	1395133593088	1395133593211	1395133593212	OK	 
ACTION	Pricing	2	price	1395133593119	1395133593119	1395133593252	1395133593253	OK	 
ACTION	Pricing	3	price	1395133593149	1395133593149	1395133593272	1395133593273	OK	 
ACTION	Pricing	1	price	1395133593180	1395133593181	1395133593305	1395133593305	OK	 
ACTION	Pricing	4	price	1395133593213	1395133593213	1395133593335	1395133593335	OK	 
ACTION	Pricing	2	price	1395133593254	1395133593255	1395133593373	1395133593374	OK	 
ACTION	Pricing	3	price	1395133593274	1395133593275	1395133593396	1395133593396	OK	 
ACTION	Pricing	1	price	1395133593307	1395133593307	1395133593427	1395133593428	OK	 
ACTION	Pricing	4	price	1395133593337	1395133593337	1395133593463	1395133593463	OK	 
ACTION	Pricing	2	price	1395133593375	1395133593375	1395133593500	1395133593500	OK	 
ACTION	Pricing	3	price	1395133593398	1395133593399	1395133593534	1395133593535	OK	 
ACTION	Pricing	1	price	1395133593429	1395133593430	1395133593566	1395133593566	OK	 
ACTION	Pricing	4	price	1395133593465	1395133593466	1395133593600	1395133593600	OK	 
ACTION	Pricing	2	price	1395133593508	1395133593509	1395133593636	1395133593636	OK	 
ACTION	Pricing	3	price	1395133593536	1395133593536	1395133593667	1395133593667	OK	 
ACTION	Pricing	1	price	1395133593568	1395133593568	1395133593716	1395133593716	OK	 
ACTION	Pricing	4	price	1395133593602	1395133593602	1395133593747	1395133593748	OK	 
ACTION	Pricing	2	price	1395133593638	1395133593638	1395133593779	1395133593779	OK	 
ACTION	Pricing	3	price	1395133593669	1395133593669	1395133593812	1395133593812	OK	 
ACTION	Pricing	1	price	1395133593718	1395133593718	1395133593844	1395133593844	OK	 
ACTION	Pricing	4	price	1395133593749	1395133593749	1395133593886	1395133593886	OK	 
ACTION	Pricing	2	price	1395133593781	1395133593782	1395133593934	1395133593934	OK	 
ACTION	Pricing	3	price	1395133593814	1395133593814	1395133593965	1395133593966	OK	 
ACTION	Pricing	1	price	1395133593846	1395133593846	1395133593998	1395133593998	OK	 
ACTION	Pricing	4	price	1395133593888	1395133593888	1395133594030	1395133594030	OK	 
ACTION	Pricing	2	price	1395133593936	1395133593936	1395133594063	1395133594063	OK	 
ACTION	Pricing	3	price	1395133593967	1395133593968	1395133594097	1395133594098	OK	 
ACTION	Pricing	1	price	1395133594000	1395133594001	1395133594129	1395133594129	OK	 
ACTION	Pricing	4	price	1395133594032	1395133594033	1395133594166	1395133594166	OK	 
ACTION	Pricing	2	price	1395133594064	1395133594065	1395133594198	1395133594198	OK	 
ACTION	Pricing	3	price	1395133594099	1395133594100	1395133594240	1395133594241	OK	 
ACTION	Pricing	1	price	1395133594130	1395133594131	1395133594271	1395133594272	OK	 
ACTION	Pricing	4	price	1395133594167	1395133594168	1395133594300	1395133594300	OK	 
ACTION	Pricing	2	price	1395133594200	1395133594200	1395133594329	1395133594329	OK	 
ACTION	Pricing	3	price	1395133594242	1395133594243	1395133594362	1395133594362	OK	 
ACTION	Pricing	1	price	1395133594276	1395133594276	1395133594391	1395133594392	OK	 
ACTION	Pricing	4	price	1395133594302	1395133594302	1395133594421	1395133594421	OK	 
ACTION	Pricing	2	price	1395133594330	1395133594331	1395133594451	1395133594451	OK	 
ACTION	Pricing	3	price	1395133594363	1395133594364	1395133594483	1395133594484	OK	 
ACTION	Pricing	1	price	1395133594394	1395133594394	1395133594520	1395133594520	OK	 
ACTION	Pricing	4	price	1395133594423	1395133594423	1395133594548	1395133594548	OK	 
ACTION	Pricing	2	price	1395133594453	1395133594453	1395133594577	1395133594577	OK	 
ACTION	Pricing	3	price	1395133594485	1395133594486	1395133594607	1395133594608	OK	 
ACTION	Pricing	1	price	1395133594521	1395133594522	1395133594644	1395133594645	OK	 
ACTION	Pricing	4	price	1395133594550	1395133594550	1395133594682	1395133594683	OK	 
ACTION	Pricing	2	price	1395133594579	1395133594579	1395133594725	1395133594726	OK	 
ACTION	Pricing	3	price	1395133594609	1395133594611	1395133594758	1395133594758	OK	 
ACTION	Pricing	1	price	1395133594647	1395133594649	1395133594790	1395133594790	OK	 
ACTION	Pricing	4	price	1395133594684	1395133594686	1395133594826	1395133594826	OK	 
ACTION	Pricing	2	price	1395133594727	1395133594729	1395133594857	1395133594857	OK	 
ACTION	Pricing	3	price	1395133594760	1395133594761	1395133594888	1395133594888	OK	 
ACTION	Pricing	1	price	1395133594792	1395133594792	1395133594922	1395133594922	OK	 
ACTION	Pricing	4	price	1395133594828	1395133594828	1395133594955	1395133594955	OK	 
ACTION	Pricing	2	price	1395133594859	1395133594860	1395133594988	1395133594988	OK	 
ACTION	Pricing	3	price	1395133594889	1395133594890	1395133595027	1395133595027	OK	 
ACTION	Pricing	1	price	1395133594924	1395133594924	1395133595063	1395133595063	OK	 
ACTION	Pricing	4	price	1395133594957	1395133594957	1395133595103	1395133595103	OK	 
ACTION	Pricing	2	price	1395133594990	1395133594990	1395133595137	1395133595137	OK	 
ACTION	Pricing	3	price	1395133595029	1395133595029	1395133595173	1395133595173	OK	 
ACTION	Pricing	1	price	1395133595065	1395133595066	1395133595203	1395133595203	OK	 
ACTION	Pricing	4	price	1395133595105	1395133595105	1395133595235	1395133595235	OK	 
ACTION	Pricing	2	price	1395133595138	1395133595139	1395133595267	1395133595267	OK	 
ACTION	Pricing	3	price	1395133595174	1395133595175	1395133595301	1395133595301	OK	 
ACTION	Pricing	1	price	1395133595205	1395133595205	1395133595332	1395133595333	OK	 
ACTION	Pricing	4	price	1395133595237	1395133595238	1395133595365	1395133595365	OK	 
ACTION	Pricing	2	price	1395133595268	1395133595269	1395133595399	1395133595399	OK	 
ACTION	Pricing	3	price	1395133595303	1395133595303	1395133595433	1395133595433	OK	 
ACTION	Pricing	1	price	1395133595334	1395133595335	1395133595465	1395133595465	OK	 
ACTION	Pricing	4	price	1395133595366	1395133595367	1395133595499	1395133595499	OK	 
ACTION	Pricing	2	price	1395133595401	1395133595401	1395133595533	1395133595533	OK	 
ACTION	Pricing	3	price	1395133595435	1395133595435	1395133595563	1395133595564	OK	 
ACTION	Pricing	1	price	1395133595467	1395133595467	1395133595600	1395133595600	OK	 
ACTION	Pricing	4	price	1395133595501	1395133595501	1395133595636	1395133595637	OK	 
ACTION	Pricing	2	price	1395133595535	1395133595535	1395133595679	1395133595679	OK	 
ACTION	Pricing	3	price	1395133595565	1395133595566	1395133595701	1395133595701	OK	 
ACTION	Pricing	1	price	1395133595603	1395133595603	1395133595734	1395133595734	OK	 
ACTION	Pricing	4	price	1395133595638	1395133595638	1395133595768	1395133595768	OK	 
ACTION	Pricing	2	price	1395133595682	1395133595682	1395133595801	1395133595801	OK	 
ACTION	Pricing	3	price	1395133595703	1395133595704	1395133595839	1395133595839	OK	 
ACTION	Pricing	1	price	1395133595737	1395133595737	1395133595875	1395133595875	OK	 
ACTION	Pricing	4	price	1395133595770	1395133595770	1395133595908	1395133595909	OK	 
ACTION	Pricing	2	price	1395133595803	1395133595803	1395133595941	1395133595941	OK	 
ACTION	Pricing	3	price	1395133595841	1395133595843	1395133595972	1395133595972	OK	 
ACTION	Pricing	1	price	1395133595877	1395133595877	1395133596000	1395133596000	OK	 
ACTION	Pricing	4	price	1395133595910	1395133595911	1395133596033	1395133596033	OK	 
ACTION	Pricing	2	price	1395133595942	1395133595943	1395133596065	1395133596065	OK	 
ACTION	Pricing	3	price	1395133595973	1395133595974	1395133596100	1395133596100	OK	 
ACTION	Pricing	1	price	1395133596002	1395133596003	1395133596129	1395133596130	OK	 
ACTION	Pricing	4	price	1395133596035	1395133596036	1395133596162	1395133596163	OK	 
ACTION	Pricing	2	price	1395133596067	1395133596067	1395133596196	1395133596196	OK	 
ACTION	Pricing	3	price	1395133596101	1395133596102	1395133596228	1395133596229	OK	 
ACTION	Pricing	1	price	1395133596132	1395133596133	1395133596264	1395133596265	OK	 
ACTION	Pricing	4	price	1395133596164	1395133596165	1395133596325	1395133596325	OK	 
ACTION	Pricing	2	price	1395133596198	1395133596198	1395133596353	1395133596354	OK	 
ACTION	Pricing	3	price	1395133596230	1395133596231	1395133596383	1395133596384	OK	 
ACTION	Pricing	1	price	1395133596266	1395133596267	1395133596434	1395133596434	OK	 
ACTION	Pricing	4	price	1395133596327	1395133596327	1395133596464	1395133596464	OK	 
ACTION	Pricing	2	price	1395133596355	1395133596356	1395133596497	1395133596497	OK	 
ACTION	Pricing	3	price	1395133596385	1395133596386	1395133596528	1395133596528	OK	 
ACTION	Pricing	1	price	1395133596435	1395133596436	1395133596557	1395133596557	OK	 
ACTION	Pricing	4	price	1395133596465	1395133596466	1395133596588	1395133596588	OK	 
ACTION	Pricing	2	price	1395133596498	1395133596499	1395133596618	1395133596618	OK	 
ACTION	Pricing	3	price	1395133596530	1395133596530	1395133596647	1395133596647	OK	 
ACTION	Pricing	1	price	1395133596559	1395133596559	1395133596676	1395133596677	OK	 
ACTION	Pricing	4	price	1395133596590	1395133596590	1395133596706	1395133596707	OK	 
ACTION	Pricing	2	price	1395133596619	1395133596620	1395133596737	1395133596737	OK	 
ACTION	Pricing	3	price	1395133596649	1395133596649	1395133596767	1395133596767	OK	 
ACTION	Pricing	1	price	1395133596678	1395133596679	1395133596800	1395133596800	OK	 
ACTION	Pricing	4	price	1395133596708	1395133596709	1395133596828	1395133596828	OK	 
ACTION	Pricing	2	price	1395133596739	1395133596739	1395133596860	1395133596860	OK	 
ACTION	Pricing	3	price	1395133596769	1395133596769	1395133596890	1395133596891	OK	 
ACTION	Pricing	1	price	1395133596802	1395133596802	1395133596921	1395133596921	OK	 
ACTION	Pricing	4	price	1395133596830	1395133596831	1395133596952	1395133596952	OK	 
ACTION	Pricing	2	price	1395133596862	1395133596862	1395133596980	1395133596981	OK	 
ACTION	Pricing	3	price	1395133596892	1395133596893	1395133597013	1395133597013	OK	 
ACTION	Pricing	1	price	1395133596923	1395133596923	1395133597042	1395133597043	OK	 
ACTION	Pricing	4	price	1395133596953	1395133596954	1395133597075	1395133597075	OK	 
ACTION	Pricing	2	price	1395133596983	1395133596983	1395133597112	1395133597112	OK	 
ACTION	Pricing	3	price	1395133597015	1395133597015	1395133597145	1395133597146	OK	 
ACTION	Pricing	1	price	1395133597044	1395133597045	1395133597231	1395133597231	OK	 
ACTION	Pricing	4	price	1395133597077	1395133597078	1395133597232	1395133597232	OK	 
ACTION	Pricing	2	price	1395133597113	1395133597114	1395133597253	1395133597254	OK	 
ACTION	Pricing	3	price	1395133597147	1395133597148	1395133597295	1395133597295	OK	 
ACTION	Pricing	1	price	1395133597234	1395133597236	1395133597325	1395133597325	OK	 
ACTION	Pricing	4	price	1395133597234	1395133597244	1395133597357	1395133597357	OK	 
ACTION	Pricing	2	price	1395133597255	1395133597256	1395133597387	1395133597387	OK	 
ACTION	Pricing	3	price	1395133597297	1395133597297	1395133597418	1395133597419	OK	 
ACTION	Pricing	1	price	1395133597327	1395133597327	1395133597459	1395133597459	OK	 
ACTION	Pricing	4	price	1395133597359	1395133597359	1395133597490	1395133597491	OK	 
ACTION	Pricing	2	price	1395133597389	1395133597390	1395133597530	1395133597531	OK	 
ACTION	Pricing	3	price	1395133597420	1395133597421	1395133597560	1395133597560	OK	 
ACTION	Pricing	1	price	1395133597462	1395133597462	1395133597589	1395133597589	OK	 
ACTION	Pricing	4	price	1395133597492	1395133597492	1395133597620	1395133597620	OK	 
ACTION	Pricing	2	price	1395133597532	1395133597533	1395133597652	1395133597652	OK	 
ACTION	Pricing	3	price	1395133597562	1395133597562	1395133597683	1395133597683	OK	 
ACTION	Pricing	1	price	1395133597591	1395133597591	1395133597712	1395133597712	OK	 
ACTION	Pricing	4	price	1395133597622	1395133597622	1395133597744	1395133597744	OK	 
ACTION	Pricing	2	price	1395133597654	1395133597654	1395133597775	1395133597775	OK	 
ACTION	Pricing	3	price	1395133597685	1395133597685	1395133597808	1395133597808	OK	 
ACTION	Pricing	1	price	1395133597714	1395133597714	1395133597842	1395133597842	OK	 
ACTION	Pricing	4	price	1395133597746	1395133597746	1395133597873	1395133597874	OK	 
ACTION	Pricing	2	price	1395133597777	1395133597777	1395133597909	1395133597909	OK	 
ACTION	Pricing	3	price	1395133597810	1395133597810	1395133597935	1395133597936	OK	 
ACTION	Pricing	1	price	1395133597844	1395133597844	1395133597965	1395133597965	OK	 
ACTION	Pricing	4	price	1395133597875	1395133597876	1395133597997	1395133597997	OK	 
ACTION	Pricing	2	price	1395133597910	1395133597911	1395133598033	1395133598033	OK	 
ACTION	Pricing	3	price	1395133597937	1395133597937	1395133598065	1395133598065	OK	 
ACTION	Pricing	1	price	1395133597968	1395133597968	1395133598098	1395133598098	OK	 
ACTION	Pricing	4	price	1395133597999	1395133598001	1395133598131	1395133598131	OK	 
ACTION	Pricing	2	price	1395133598035	1395133598035	1395133598163	1395133598163	OK	 
ACTION	Pricing	3	price	1395133598067	1395133598067	1395133598194	1395133598194	OK	 
ACTION	Pricing	1	price	1395133598100	1395133598100	1395133598229	1395133598230	OK	 
ACTION	Pricing	4	price	1395133598133	1395133598133	1395133598266	1395133598267	OK	 
ACTION	Pricing	2	price	1395133598164	1395133598165	1395133598304	1395133598304	OK	 
ACTION	Pricing	3	price	1395133598196	1395133598196	1395133598337	1395133598337	OK	 
ACTION	Pricing	1	price	1395133598231	1395133598231	1395133598371	1395133598371	OK	 
ACTION	Pricing	4	price	1395133598268	1395133598268	1395133598404	1395133598405	OK	 
ACTION	Pricing	2	price	1395133598306	1395133598306	1395133598438	1395133598438	OK	 
ACTION	Pricing	3	price	1395133598338	1395133598338	1395133598470	1395133598470	OK	 
ACTION	Pricing	1	price	1395133598372	1395133598373	1395133598510	1395133598510	OK	 
ACTION	Pricing	4	price	1395133598406	1395133598406	1395133598544	1395133598544	OK	 
ACTION	Pricing	2	price	1395133598439	1395133598440	1395133598576	1395133598576	OK	 
ACTION	Pricing	3	price	1395133598472	1395133598472	1395133598607	1395133598608	OK	 
ACTION	Pricing	1	price	1395133598512	1395133598512	1395133598643	1395133598644	OK	 
ACTION	Pricing	4	price	1395133598546	1395133598546	1395133598675	1395133598675	OK	 
ACTION	Pricing	2	price	1395133598577	1395133598578	1395133598709	1395133598709	OK	 
ACTION	Pricing	3	price	1395133598609	1395133598609	1395133598741	1395133598741	OK	 
ACTION	Pricing	1	price	1395133598645	1395133598646	1395133598773	1395133598774	OK	 
ACTION	Pricing	4	price	1395133598677	1395133598677	1395133598805	1395133598805	OK	 
ACTION	Pricing	2	price	1395133598711	1395133598711	1395133598837	1395133598838	OK	 
ACTION	Pricing	3	price	1395133598743	1395133598744	1395133598873	1395133598874	OK	 
ACTION	Pricing	1	price	1395133598779	1395133598779	1395133598905	1395133598905	OK	 
ACTION	Pricing	4	price	1395133598806	1395133598807	1395133598939	1395133598939	OK	 
ACTION	Pricing	2	price	1395133598839	1395133598840	1395133598969	1395133598969	OK	 
ACTION	Pricing	3	price	1395133598875	1395133598876	1395133599003	1395133599004	OK	 
ACTION	Pricing	1	price	1395133598907	1395133598907	1395133599032	1395133599032	OK	 
ACTION	Pricing	4	price	1395133598940	1395133598941	1395133599064	1395133599065	OK	 
ACTION	Pricing	2	price	1395133598970	1395133598971	1395133599098	1395133599098	OK	 
ACTION	Pricing	3	price	1395133599005	1395133599005	1395133599133	1395133599133	OK	 
ACTION	Pricing	1	price	1395133599034	1395133599034	1395133599169	1395133599169	OK	 
ACTION	Pricing	4	price	1395133599067	1395133599067	1395133599210	1395133599210	OK	 
ACTION	Pricing	2	price	1395133599099	1395133599100	1395133599257	1395133599257	OK	 
ACTION	Pricing	3	price	1395133599134	1395133599135	1395133599289	1395133599289	OK	 
ACTION	Pricing	1	price	1395133599171	1395133599172	1395133599328	1395133599328	OK	 
ACTION	Pricing	4	price	1395133599212	1395133599212	1395133599360	1395133599361	OK	 
ACTION	Pricing	2	price	1395133599258	1395133599259	1395133599394	1395133599394	OK	 
ACTION	Pricing	3	price	1395133599291	1395133599292	1395133599424	1395133599424	OK	 
ACTION	Pricing	1	price	1395133599330	1395133599331	1395133599456	1395133599456	OK	 
ACTION	Pricing	4	price	1395133599362	1395133599363	1395133599491	1395133599491	OK	 
ACTION	Pricing	2	price	1395133599395	1395133599396	1395133599529	1395133599529	OK	 
ACTION	Pricing	3	price	1395133599426	1395133599426	1395133599558	1395133599559	OK	 
ACTION	Pricing	1	price	1395133599457	1395133599458	1395133599589	1395133599589	OK	 
ACTION	Pricing	4	price	1395133599493	1395133599493	1395133599619	1395133599619	OK	 
ACTION	Pricing	2	price	1395133599530	1395133599531	1395133599650	1395133599650	OK	 
ACTION	Pricing	3	price	1395133599560	1395133599560	1395133599681	1395133599682	OK	 
ACTION	Pricing	1	price	1395133599591	1395133599591	1395133599710	1395133599710	OK	 
ACTION	Pricing	4	price	1395133599621	1395133599621	1395133599741	1395133599741	OK	 
ACTION	Pricing	2	price	1395133599652	1395133599652	1395133599773	1395133599773	OK	 
ACTION	Pricing	3	price	1395133599684	1395133599685	1395133599803	1395133599803	OK	 
ACTION	Pricing	1	price	1395133599712	1395133599712	1395133599834	1395133599834	OK	 
ACTION	Pricing	4	price	1395133599743	1395133599743	1395133599876	1395133599876	OK	 
ACTION	Pricing	2	price	1395133599775	1395133599775	1395133599908	1395133599908	OK	 
ACTION	Pricing	3	price	1395133599804	1395133599805	1395133599937	1395133599937	OK	 
ACTION	Pricing	1	price	1395133599837	1395133599837	1395133599970	1395133599970	OK	 
ACTION	Pricing	4	price	1395133599877	1395133599878	1395133600009	1395133600010	OK	 
ACTION	Pricing	2	price	1395133599909	1395133599909	1395133600043	1395133600043	OK	 
ACTION	Pricing	3	price	1395133599939	1395133599939	1395133600085	1395133600086	OK	 
ACTION	Pricing	1	price	1395133599971	1395133599972	1395133600116	1395133600116	OK	 
ACTION	Pricing	4	price	1395133600011	1395133600011	1395133600148	1395133600148	OK	 
ACTION	Pricing	2	price	1395133600045	1395133600045	1395133600177	1395133600178	OK	 
ACTION	Pricing	3	price	1395133600087	1395133600088	1395133600207	1395133600207	OK	 
ACTION	Pricing	1	price	1395133600118	1395133600118	1395133600238	1395133600238	OK	 
ACTION	Pricing	4	price	1395133600150	1395133600150	1395133600283	1395133600284	OK	 
ACTION	Pricing	2	price	1395133600179	1395133600180	1395133600317	1395133600317	OK	 
ACTION	Pricing	3	price	1395133600208	1395133600209	1395133600356	1395133600356	OK	 
ACTION	Pricing	1	price	1395133600240	1395133600240	1395133600399	1395133600399	OK	 
ACTION	Pricing	4	price	1395133600285	1395133600286	1395133600443	1395133600444	OK	 
ACTION	Pricing	2	price	1395133600319	1395133600319	1395133600487	1395133600487	OK	 
ACTION	Pricing	3	price	1395133600358	1395133600358	1395133600529	1395133600529	OK	 
ACTION	Pricing	1	price	1395133600400	1395133600401	1395133600566	1395133600566	OK	 
ACTION	Pricing	4	price	1395133600446	1395133600446	1395133600609	1395133600610	OK	 
ACTION	Pricing	2	price	1395133600489	1395133600489	1395133600646	1395133600646	OK	 
ACTION	Pricing	3	price	1395133600531	1395133600531	1395133600679	1395133600680	OK	 
ACTION	Pricing	1	price	1395133600568	1395133600569	1395133600718	1395133600718	OK	 
ACTION	Pricing	4	price	1395133600611	1395133600612	1395133600756	1395133600756	OK	 
ACTION	Pricing	2	price	1395133600647	1395133600648	1395133600797	1395133600797	OK	 
ACTION	Pricing	3	price	1395133600681	1395133600681	1395133600836	1395133600837	OK	 
ACTION	Pricing	1	price	1395133600720	1395133600721	1395133600876	1395133600877	OK	 
ACTION	Pricing	4	price	1395133600758	1395133600760	1395133600915	1395133600916	OK	 
ACTION	Pricing	2	price	1395133600799	1395133600800	1395133600951	1395133600951	OK	 
ACTION	Pricing	3	price	1395133600840	1395133600841	1395133600991	1395133600992	OK	 
ACTION	Pricing	1	price	1395133600878	1395133600879	1395133601025	1395133601026	OK	 
ACTION	Pricing	4	price	1395133600917	1395133600918	1395133601061	1395133601061	OK	 
ACTION	Pricing	2	price	1395133600953	1395133600953	1395133601096	1395133601096	OK	 
ACTION	Pricing	3	price	1395133600993	1395133600994	1395133601134	1395133601134	OK	 
ACTION	Pricing	1	price	1395133601027	1395133601028	1395133601169	1395133601169	OK	 
ACTION	Pricing	4	price	1395133601062	1395133601063	1395133601204	1395133601204	OK	 
ACTION	Pricing	2	price	1395133601097	1395133601098	1395133601238	1395133601239	OK	 
ACTION	Pricing	3	price	1395133601135	1395133601136	1395133601272	1395133601273	OK	 
ACTION	Pricing	1	price	1395133601170	1395133601171	1395133601311	1395133601312	OK	 
ACTION	Pricing	4	price	1395133601206	1395133601206	1395133601343	1395133601344	OK	 
ACTION	Pricing	2	price	1395133601240	1395133601241	1395133601376	1395133601376	OK	 
ACTION	Pricing	3	price	1395133601274	1395133601275	1395133601411	1395133601412	OK	 
ACTION	Pricing	1	price	1395133601313	1395133601314	1395133601440	1395133601440	OK	 
ACTION	Pricing	4	price	1395133601345	1395133601346	1395133601472	1395133601472	OK	 
ACTION	Pricing	2	price	1395133601378	1395133601378	1395133601506	1395133601506	OK	 
ACTION	Pricing	3	price	1395133601413	1395133601413	1395133601541	1395133601541	OK	 
ACTION	Pricing	1	price	1395133601442	1395133601442	1395133601572	1395133601573	OK	 
ACTION	Pricing	4	price	1395133601473	1395133601473	1395133601606	1395133601606	OK	 
ACTION	Pricing	2	price	1395133601508	1395133601508	1395133601640	1395133601640	OK	 
ACTION	Pricing	3	price	1395133601543	1395133601543	1395133601674	1395133601674	OK	 
ACTION	Pricing	1	price	1395133601575	1395133601575	1395133601707	1395133601708	OK	 
ACTION	Pricing	4	price	1395133601608	1395133601609	1395133601740	1395133601740	OK	 
ACTION	Pricing	2	price	1395133601641	1395133601642	1395133601773	1395133601774	OK	 
ACTION	Pricing	3	price	1395133601676	1395133601676	1395133601820	1395133601820	OK	 
ACTION	Pricing	1	price	1395133601709	1395133601710	1395133601855	1395133601855	OK	 
ACTION	Pricing	4	price	1395133601742	1395133601742	1395133601885	1395133601886	OK	 
ACTION	Pricing	2	price	1395133601775	1395133601775	1395133601918	1395133601918	OK	 
ACTION	Pricing	3	price	1395133601822	1395133601822	1395133601953	1395133601953	OK	 
ACTION	Pricing	1	price	1395133601856	1395133601857	1395133601984	1395133601984	OK	 
ACTION	Pricing	4	price	1395133601887	1395133601888	1395133602020	1395133602020	OK	 
ACTION	Pricing	2	price	1395133601920	1395133601920	1395133602054	1395133602054	OK	 
ACTION	Pricing	3	price	1395133601955	1395133601955	1395133602088	1395133602088	OK	 
ACTION	Pricing	1	price	1395133601986	1395133601987	1395133602121	1395133602121	OK	 
ACTION	Pricing	4	price	1395133602023	1395133602024	1395133602156	1395133602156	OK	 
ACTION	Pricing	2	price	1395133602056	1395133602056	1395133602194	1395133602194	OK	 
ACTION	Pricing	3	price	1395133602090	1395133602090	1395133602228	1395133602228	OK	 
ACTION	Pricing	1	price	1395133602123	1395133602123	1395133602261	1395133602261	OK	 
ACTION	Pricing	4	price	1395133602157	1395133602158	1395133602296	1395133602296	OK	 
ACTION	Pricing	2	price	1395133602196	1395133602196	1395133602330	1395133602330	OK	 
ACTION	Pricing	3	price	1395133602229	1395133602230	1395133602363	1395133602363	OK	 
ACTION	Pricing	1	price	1395133602264	1395133602265	1395133602399	1395133602400	OK	 
ACTION	Pricing	4	price	1395133602298	1395133602298	1395133602438	1395133602438	OK	 
ACTION	Pricing	2	price	1395133602332	1395133602332	1395133602474	1395133602475	OK	 
ACTION	Pricing	3	price	1395133602365	1395133602365	1395133602506	1395133602506	OK	 
ACTION	Pricing	1	price	1395133602401	1395133602402	1395133602537	1395133602537	OK	 
ACTION	Pricing	4	price	1395133602440	1395133602440	1395133602566	1395133602566	OK	 
ACTION	Pricing	2	price	1395133602476	1395133602476	1395133602599	1395133602599	OK	 
ACTION	Pricing	3	price	1395133602508	1395133602508	1395133602633	1395133602633	OK	 
ACTION	Pricing	1	price	1395133602539	1395133602540	1395133602669	1395133602669	OK	 
ACTION	Pricing	4	price	1395133602568	1395133602569	1395133602706	1395133602706	OK	 
ACTION	Pricing	2	price	1395133602601	1395133602602	1395133602740	1395133602741	OK	 
ACTION	Pricing	3	price	1395133602635	1395133602636	1395133602779	1395133602780	OK	 
ACTION	Pricing	1	price	1395133602671	1395133602671	1395133602820	1395133602820	OK	 
ACTION	Pricing	4	price	1395133602708	1395133602708	1395133602854	1395133602854	OK	 
ACTION	Pricing	2	price	1395133602742	1395133602743	1395133602890	1395133602890	OK	 
ACTION	Pricing	3	price	1395133602781	1395133602782	1395133602924	1395133602924	OK	 
ACTION	Pricing	1	price	1395133602822	1395133602822	1395133602959	1395133602959	OK	 
ACTION	Pricing	4	price	1395133602856	1395133602856	1395133602994	1395133602994	OK	 
ACTION	Pricing	2	price	1395133602892	1395133602893	1395133603029	1395133603029	OK	 
ACTION	Pricing	3	price	1395133602926	1395133602926	1395133603067	1395133603068	OK	 
ACTION	Pricing	1	price	1395133602961	1395133602961	1395133603101	1395133603102	OK	 
ACTION	Pricing	4	price	1395133602996	1395133602996	1395133603135	1395133603136	OK	 
ACTION	Pricing	2	price	1395133603031	1395133603031	1395133603167	1395133603167	OK	 
ACTION	Pricing	3	price	1395133603069	1395133603070	1395133603202	1395133603202	OK	 
ACTION	Pricing	1	price	1395133603103	1395133603104	1395133603231	1395133603231	OK	 
ACTION	Pricing	4	price	1395133603137	1395133603137	1395133603266	1395133603267	OK	 
ACTION	Pricing	2	price	1395133603168	1395133603169	1395133603301	1395133603301	OK	 
ACTION	Pricing	3	price	1395133603204	1395133603204	1395133603334	1395133603334	OK	 
ACTION	Pricing	1	price	1395133603233	1395133603233	1395133603368	1395133603368	OK	 
ACTION	Pricing	4	price	1395133603268	1395133603269	1395133603402	1395133603402	OK	 
ACTION	Pricing	2	price	1395133603302	1395133603303	1395133603436	1395133603436	OK	 
ACTION	Pricing	3	price	1395133603336	1395133603336	1395133603471	1395133603471	OK	 
ACTION	Pricing	1	price	1395133603370	1395133603370	1395133603505	1395133603506	OK	 
ACTION	Pricing	4	price	1395133603404	1395133603404	1395133603540	1395133603540	OK	 
ACTION	Pricing	2	price	1395133603438	1395133603438	1395133603571	1395133603571	OK	 
ACTION	Pricing	3	price	1395133603473	1395133603473	1395133603608	1395133603608	OK	 
ACTION	Pricing	1	price	1395133603507	1395133603508	1395133603642	1395133603642	OK	 
ACTION	Pricing	4	price	1395133603541	1395133603541	1395133603674	1395133603674	OK	 
ACTION	Pricing	2	price	1395133603573	1395133603573	1395133603706	1395133603706	OK	 
ACTION	Pricing	3	price	1395133603610	1395133603610	1395133603739	1395133603740	OK	 
ACTION	Pricing	1	price	1395133603644	1395133603644	1395133603777	1395133603777	OK	 
ACTION	Pricing	4	price	1395133603676	1395133603676	1395133603817	1395133603817	OK	 
ACTION	Pricing	2	price	1395133603707	1395133603709	1395133603855	1395133603855	OK	 
ACTION	Pricing	3	price	1395133603742	1395133603743	1395133603891	1395133603891	OK	 
ACTION	Pricing	1	price	1395133603779	1395133603779	1395133603920	1395133603920	OK	 
ACTION	Pricing	4	price	1395133603818	1395133603819	1395133603950	1395133603950	OK	 
ACTION	Pricing	2	price	1395133603856	1395133603856	1395133603981	1395133603982	OK	 
ACTION	Pricing	3	price	1395133603893	1395133603893	1395133604016	1395133604016	OK	 
ACTION	Pricing	1	price	1395133603922	1395133603922	1395133604047	1395133604047	OK	 
ACTION	Pricing	4	price	1395133603951	1395133603952	1395133604080	1395133604080	OK	 
ACTION	Pricing	2	price	1395133603983	1395133603983	1395133604107	1395133604108	OK	 
ACTION	Pricing	3	price	1395133604018	1395133604018	1395133604140	1395133604140	OK	 
ACTION	Pricing	1	price	1395133604048	1395133604049	1395133604180	1395133604180	OK	 
ACTION	Pricing	4	price	1395133604081	1395133604081	1395133604237	1395133604238	OK	 
ACTION	Pricing	2	price	1395133604109	1395133604109	1395133604273	1395133604273	OK	 
ACTION	Pricing	3	price	1395133604142	1395133604142	1395133604333	1395133604333	OK	 
ACTION	Pricing	1	price	1395133604182	1395133604182	1395133604374	1395133604374	OK	 
ACTION	Pricing	4	price	1395133604239	1395133604239	1395133604406	1395133604406	OK	 
ACTION	Pricing	2	price	1395133604275	1395133604275	1395133604439	1395133604439	OK	 
ACTION	Pricing	3	price	1395133604335	1395133604335	1395133604469	1395133604469	OK	 
ACTION	Pricing	1	price	1395133604375	1395133604376	1395133604500	1395133604501	OK	 
ACTION	Pricing	4	price	1395133604407	1395133604408	1395133604534	1395133604534	OK	 
ACTION	Pricing	2	price	1395133604441	1395133604441	1395133604565	1395133604565	OK	 
ACTION	Pricing	3	price	1395133604470	1395133604470	1395133604595	1395133604595	OK	 
ACTION	Pricing	1	price	1395133604502	1395133604503	1395133604631	1395133604631	OK	 
ACTION	Pricing	4	price	1395133604536	1395133604536	1395133604665	1395133604665	OK	 
ACTION	Pricing	2	price	1395133604566	1395133604567	1395133604694	1395133604695	OK	 
ACTION	Pricing	3	price	1395133604597	1395133604597	1395133604725	1395133604725	OK	 
ACTION	Pricing	1	price	1395133604633	1395133604634	1395133604757	1395133604757	OK	 
ACTION	Pricing	4	price	1395133604667	1395133604667	1395133604787	1395133604788	OK	 
ACTION	Pricing	2	price	1395133604696	1395133604696	1395133604827	1395133604827	OK	 
ACTION	Pricing	3	price	1395133604727	1395133604727	1395133604856	1395133604857	OK	 
ACTION	Pricing	1	price	1395133604759	1395133604759	1395133604888	1395133604888	OK	 
ACTION	Pricing	4	price	1395133604789	1395133604789	1395133604917	1395133604917	OK	 
ACTION	Pricing	2	price	1395133604828	1395133604829	1395133604950	1395133604951	OK	 
ACTION	Pricing	3	price	1395133604858	1395133604858	1395133604982	1395133604982	OK	 
ACTION	Pricing	1	price	1395133604889	1395133604890	1395133605012	1395133605013	OK	 
ACTION	Pricing	4	price	1395133604918	1395133604919	1395133605042	1395133605042	OK	 
ACTION	Pricing	2	price	1395133604952	1395133604953	1395133605072	1395133605073	OK	 
ACTION	Pricing	3	price	1395133604983	1395133604984	1395133605102	1395133605102	OK	 
ACTION	Pricing	1	price	1395133605014	1395133605014	1395133605131	1395133605131	OK	 
ACTION	Pricing	4	price	1395133605044	1395133605044	1395133605165	1395133605165	OK	 
ACTION	Pricing	2	price	1395133605074	1395133605075	1395133605197	1395133605197	OK	 
ACTION	Pricing	3	price	1395133605103	1395133605104	1395133605227	1395133605227	OK	 
ACTION	Pricing	1	price	1395133605133	1395133605133	1395133605260	1395133605260	OK	 
ACTION	Pricing	4	price	1395133605166	1395133605167	1395133605292	1395133605292	OK	 
ACTION	Pricing	2	price	1395133605198	1395133605199	1395133605324	1395133605324	OK	 
ACTION	Pricing	3	price	1395133605229	1395133605230	1395133605354	1395133605354	OK	 
ACTION	Pricing	1	price	1395133605262	1395133605262	1395133605385	1395133605385	OK	 
ACTION	Pricing	4	price	1395133605293	1395133605294	1395133605415	1395133605415	OK	 
ACTION	Pricing	2	price	1395133605325	1395133605325	1395133605446	1395133605447	OK	 
ACTION	Pricing	3	price	1395133605356	1395133605356	1395133605480	1395133605481	OK	 
ACTION	Pricing	1	price	1395133605387	1395133605387	1395133605513	1395133605513	OK	 
ACTION	Pricing	4	price	1395133605417	1395133605417	1395133605541	1395133605542	OK	 
ACTION	Pricing	2	price	1395133605448	1395133605449	1395133605571	1395133605571	OK	 
ACTION	Pricing	3	price	1395133605482	1395133605483	1395133605604	1395133605604	OK	 
ACTION	Pricing	1	price	1395133605514	1395133605515	1395133605637	1395133605637	OK	 
ACTION	Pricing	4	price	1395133605543	1395133605543	1395133605668	1395133605669	OK	 
ACTION	Pricing	2	price	1395133605573	1395133605573	1395133605700	1395133605700	OK	 
ACTION	Pricing	3	price	1395133605606	1395133605606	1395133605738	1395133605738	OK	 
ACTION	Pricing	1	price	1395133605638	1395133605639	1395133605773	1395133605773	OK	 
ACTION	Pricing	4	price	1395133605671	1395133605671	1395133605807	1395133605807	OK	 
ACTION	Pricing	2	price	1395133605701	1395133605702	1395133605844	1395133605844	OK	 
ACTION	Pricing	3	price	1395133605740	1395133605740	1395133605882	1395133605882	OK	 
ACTION	Pricing	1	price	1395133605776	1395133605776	1395133605915	1395133605915	OK	 
ACTION	Pricing	4	price	1395133605808	1395133605809	1395133605948	1395133605948	OK	 
ACTION	Pricing	2	price	1395133605846	1395133605846	1395133605978	1395133605978	OK	 
ACTION	Pricing	3	price	1395133605884	1395133605884	1395133606013	1395133606014	OK	 
ACTION	Pricing	1	price	1395133605917	1395133605917	1395133606052	1395133606052	OK	 
ACTION	Pricing	4	price	1395133605952	1395133605952	1395133606088	1395133606088	OK	 
ACTION	Pricing	2	price	1395133605981	1395133605981	1395133606122	1395133606122	OK	 
ACTION	Pricing	3	price	1395133606015	1395133606015	1395133606155	1395133606155	OK	 
ACTION	Pricing	1	price	1395133606053	1395133606053	1395133606183	1395133606183	OK	 
ACTION	Pricing	4	price	1395133606089	1395133606090	1395133606221	1395133606221	OK	 
ACTION	Pricing	2	price	1395133606124	1395133606124	1395133606256	1395133606256	OK	 
ACTION	Pricing	3	price	1395133606156	1395133606157	1395133606289	1395133606289	OK	 
ACTION	Pricing	1	price	1395133606185	1395133606185	1395133606324	1395133606325	OK	 
ACTION	Pricing	4	price	1395133606223	1395133606224	1395133606360	1395133606360	OK	 
ACTION	Pricing	2	price	1395133606257	1395133606258	1395133606393	1395133606394	OK	 
ACTION	Pricing	3	price	1395133606291	1395133606291	1395133606426	1395133606427	OK	 
ACTION	Pricing	1	price	1395133606326	1395133606326	1395133606457	1395133606457	OK	 
ACTION	Pricing	4	price	1395133606362	1395133606363	1395133606491	1395133606491	OK	 
ACTION	Pricing	2	price	1395133606395	1395133606395	1395133606523	1395133606523	OK	 
ACTION	Pricing	3	price	1395133606428	1395133606428	1395133606552	1395133606552	OK	 
ACTION	Pricing	1	price	1395133606459	1395133606459	1395133606584	1395133606584	OK	 
ACTION	Pricing	4	price	1395133606493	1395133606494	1395133606616	1395133606616	OK	 
ACTION	Pricing	2	price	1395133606524	1395133606525	1395133606646	1395133606646	OK	 
ACTION	Pricing	3	price	1395133606554	1395133606554	1395133606678	1395133606678	OK	 
ACTION	Pricing	1	price	1395133606585	1395133606586	1395133606709	1395133606709	OK	 
ACTION	Pricing	4	price	1395133606617	1395133606617	1395133606740	1395133606740	OK	 
ACTION	Pricing	2	price	1395133606647	1395133606648	1395133606770	1395133606770	OK	 
ACTION	Pricing	3	price	1395133606680	1395133606680	1395133606800	1395133606800	OK	 
ACTION	Pricing	1	price	1395133606711	1395133606711	1395133606834	1395133606835	OK	 
ACTION	Pricing	4	price	1395133606741	1395133606742	1395133606868	1395133606868	OK	 
ACTION	Pricing	2	price	1395133606772	1395133606772	1395133606903	1395133606903	OK	 
ACTION	Pricing	3	price	1395133606802	1395133606802	1395133606933	1395133606933	OK	 
ACTION	Pricing	1	price	1395133606836	1395133606837	1395133606965	1395133606965	OK	 
ACTION	Pricing	4	price	1395133606869	1395133606870	1395133606998	1395133606998	OK	 
ACTION	Pricing	2	price	1395133606905	1395133606905	1395133607040	1395133607040	OK	 
ACTION	Pricing	3	price	1395133606935	1395133606935	1395133607070	1395133607070	OK	 
ACTION	Pricing	1	price	1395133606966	1395133606967	1395133607100	1395133607101	OK	 
ACTION	Pricing	4	price	1395133607000	1395133607000	1395133607133	1395133607134	OK	 
ACTION	Pricing	2	price	1395133607043	1395133607044	1395133607166	1395133607167	OK	 
ACTION	Pricing	3	price	1395133607072	1395133607072	1395133607196	1395133607196	OK	 
ACTION	Pricing	1	price	1395133607102	1395133607102	1395133607225	1395133607225	OK	 
ACTION	Pricing	4	price	1395133607135	1395133607136	1395133607257	1395133607257	OK	 
ACTION	Pricing	2	price	1395133607169	1395133607169	1395133607287	1395133607287	OK	 
ACTION	Pricing	3	price	1395133607198	1395133607198	1395133607357	1395133607357	OK	 
ACTION	Pricing	1	price	1395133607226	1395133607227	1395133607389	1395133607390	OK	 
ACTION	Pricing	4	price	1395133607259	1395133607259	1395133607455	1395133607456	OK	 
ACTION	Pricing	2	price	1395133607288	1395133607289	1395133607486	1395133607486	OK	 
ACTION	Pricing	3	price	1395133607358	1395133607359	1395133607520	1395133607520	OK	 
ACTION	Pricing	1	price	1395133607391	1395133607392	1395133607570	1395133607570	OK	 
ACTION	Pricing	4	price	1395133607457	1395133607457	1395133607606	1395133607606	OK	 
ACTION	Pricing	2	price	1395133607487	1395133607488	1395133607641	1395133607641	OK	 
ACTION	Pricing	3	price	1395133607521	1395133607521	1395133607675	1395133607675	OK	 
ACTION	Pricing	1	price	1395133607572	1395133607572	1395133607712	1395133607712	OK	 
ACTION	Pricing	4	price	1395133607608	1395133607609	1395133607750	1395133607750	OK	 
ACTION	Pricing	2	price	1395133607643	1395133607643	1395133607785	1395133607785	OK	 
ACTION	Pricing	3	price	1395133607676	1395133607677	1395133607818	1395133607818	OK	 
ACTION	Pricing	1	price	1395133607714	1395133607714	1395133607854	1395133607854	OK	 
ACTION	Pricing	4	price	1395133607751	1395133607752	1395133607887	1395133607887	OK	 
ACTION	Pricing	2	price	1395133607787	1395133607787	1395133607916	1395133607916	OK	 
ACTION	Pricing	3	price	1395133607820	1395133607820	1395133607944	1395133607945	OK	 
ACTION	Pricing	1	price	1395133607856	1395133607856	1395133607979	1395133607979	OK	 
ACTION	Pricing	4	price	1395133607889	1395133607892	1395133608013	1395133608013	OK	 
ACTION	Pricing	2	price	1395133607917	1395133607918	1395133608051	1395133608051	OK	 
ACTION	Pricing	3	price	1395133607947	1395133607947	1395133608083	1395133608084	OK	 
ACTION	Pricing	1	price	1395133607980	1395133607981	1395133608120	1395133608120	OK	 
ACTION	Pricing	4	price	1395133608015	1395133608016	1395133608155	1395133608155	OK	 
ACTION	Pricing	2	price	1395133608053	1395133608054	1395133608192	1395133608192	OK	 
ACTION	Pricing	3	price	1395133608085	1395133608085	1395133608229	1395133608231	OK	 
ACTION	Pricing	1	price	1395133608121	1395133608122	1395133608275	1395133608276	OK	 
ACTION	Pricing	4	price	1395133608156	1395133608157	1395133608317	1395133608318	OK	 
ACTION	Pricing	2	price	1395133608194	1395133608194	1395133608357	1395133608358	OK	 
ACTION	Pricing	3	price	1395133608232	1395133608234	1395133608398	1395133608399	OK	 
ACTION	Pricing	1	price	1395133608277	1395133608279	1395133608436	1395133608436	OK	 
ACTION	Pricing	4	price	1395133608319	1395133608321	1395133608469	1395133608470	OK	 
ACTION	Pricing	2	price	1395133608359	1395133608360	1395133608504	1395133608504	OK	 
ACTION	Pricing	3	price	1395133608400	1395133608401	1395133608539	1395133608539	OK	 
ACTION	Pricing	1	price	1395133608438	1395133608438	1395133608576	1395133608576	OK	 
ACTION	Pricing	4	price	1395133608471	1395133608471	1395133608611	1395133608612	OK	 
ACTION	Pricing	2	price	1395133608505	1395133608506	1395133608648	1395133608648	OK	 
ACTION	Pricing	3	price	1395133608541	1395133608541	1395133608680	1395133608680	OK	 
ACTION	Pricing	1	price	1395133608577	1395133608578	1395133608717	1395133608718	OK	 
ACTION	Pricing	4	price	1395133608613	1395133608613	1395133608752	1395133608752	OK	 
ACTION	Pricing	2	price	1395133608649	1395133608650	1395133608788	1395133608788	OK	 
ACTION	Pricing	3	price	1395133608682	1395133608682	1395133608823	1395133608823	OK	 
ACTION	Pricing	1	price	1395133608719	1395133608720	1395133608862	1395133608862	OK	 
ACTION	Pricing	4	price	1395133608756	1395133608756	1395133608899	1395133608899	OK	 
ACTION	Pricing	2	price	1395133608789	1395133608790	1395133608934	1395133608934	OK	 
ACTION	Pricing	3	price	1395133608825	1395133608825	1395133608972	1395133608972	OK	 
ACTION	Pricing	1	price	1395133608863	1395133608864	1395133609007	1395133609007	OK	 
ACTION	Pricing	4	price	1395133608900	1395133608901	1395133609044	1395133609045	OK	 
ACTION	Pricing	2	price	1395133608936	1395133608936	1395133609078	1395133609079	OK	 
ACTION	Pricing	3	price	1395133608974	1395133608974	1395133609115	1395133609115	OK	 
ACTION	Pricing	1	price	1395133609009	1395133609009	1395133609154	1395133609155	OK	 
ACTION	Pricing	4	price	1395133609046	1395133609047	1395133609193	1395133609193	OK	 
ACTION	Pricing	2	price	1395133609080	1395133609081	1395133609231	1395133609232	OK	 
ACTION	Pricing	3	price	1395133609118	1395133609118	1395133609270	1395133609270	OK	 
ACTION	Pricing	1	price	1395133609156	1395133609157	1395133609311	1395133609312	OK	 
ACTION	Pricing	4	price	1395133609194	1395133609195	1395133609356	1395133609356	OK	 
ACTION	Pricing	2	price	1395133609233	1395133609234	1395133609400	1395133609400	OK	 
ACTION	Pricing	3	price	1395133609272	1395133609272	1395133609433	1395133609433	OK	 
ACTION	Pricing	1	price	1395133609314	1395133609314	1395133609468	1395133609468	OK	 
ACTION	Pricing	4	price	1395133609358	1395133609358	1395133609503	1395133609504	OK	 
ACTION	Pricing	2	price	1395133609401	1395133609402	1395133609536	1395133609537	OK	 
ACTION	Pricing	3	price	1395133609435	1395133609436	1395133609575	1395133609575	OK	 
ACTION	Pricing	1	price	1395133609470	1395133609470	1395133609612	1395133609612	OK	 
ACTION	Pricing	4	price	1395133609505	1395133609506	1395133609649	1395133609650	OK	 
ACTION	Pricing	2	price	1395133609539	1395133609539	1395133609687	1395133609687	OK	 
ACTION	Pricing	3	price	1395133609577	1395133609577	1395133609724	1395133609724	OK	 
ACTION	Pricing	1	price	1395133609613	1395133609614	1395133609770	1395133609770	OK	 
ACTION	Pricing	4	price	1395133609651	1395133609651	1395133609810	1395133609810	OK	 
ACTION	Pricing	2	price	1395133609689	1395133609689	1395133609842	1395133609842	OK	 
ACTION	Pricing	3	price	1395133609726	1395133609726	1395133609875	1395133609876	OK	 
ACTION	Pricing	1	price	1395133609772	1395133609772	1395133609912	1395133609912	OK	 
ACTION	Pricing	4	price	1395133609812	1395133609812	1395133609946	1395133609947	OK	 
ACTION	Pricing	2	price	1395133609844	1395133609844	1395133609980	1395133609981	OK	 
ACTION	Pricing	3	price	1395133609877	1395133609877	1395133610015	1395133610016	OK	 
ACTION	Pricing	1	price	1395133609914	1395133609914	1395133610051	1395133610051	OK	 
ACTION	Pricing	4	price	1395133609948	1395133609949	1395133610088	1395133610088	OK	 
ACTION	Pricing	2	price	1395133609982	1395133609983	1395133610122	1395133610122	OK	 
ACTION	Pricing	3	price	1395133610017	1395133610018	1395133610155	1395133610155	OK	 
ACTION	Pricing	1	price	1395133610052	1395133610053	1395133610186	1395133610186	OK	 
ACTION	Pricing	4	price	1395133610089	1395133610090	1395133610220	1395133610220	OK	 
ACTION	Pricing	2	price	1395133610124	1395133610124	1395133610253	1395133610253	OK	 
ACTION	Pricing	3	price	1395133610156	1395133610156	1395133610290	1395133610291	OK	 
ACTION	Pricing	1	price	1395133610188	1395133610188	1395133610328	1395133610328	OK	 
ACTION	Pricing	4	price	1395133610221	1395133610221	1395133610364	1395133610364	OK	 
ACTION	Pricing	2	price	1395133610255	1395133610255	1395133610399	1395133610399	OK	 
ACTION	Pricing	3	price	1395133610292	1395133610293	1395133610432	1395133610433	OK	 
ACTION	Pricing	1	price	1395133610329	1395133610330	1395133610468	1395133610468	OK	 
ACTION	Pricing	4	price	1395133610365	1395133610366	1395133610504	1395133610504	OK	 
ACTION	Pricing	2	price	1395133610401	1395133610401	1395133610540	1395133610540	OK	 
ACTION	Pricing	3	price	1395133610435	1395133610435	1395133610578	1395133610578	OK	 
ACTION	Pricing	1	price	1395133610470	1395133610470	1395133610618	1395133610619	OK	 
ACTION	Pricing	4	price	1395133610506	1395133610507	1395133610659	1395133610660	OK	 
ACTION	Pricing	2	price	1395133610542	1395133610542	1395133610699	1395133610700	OK	 
ACTION	Pricing	3	price	1395133610580	1395133610580	1395133610762	1395133610763	OK	 
ACTION	Pricing	1	price	1395133610620	1395133610621	1395133610807	1395133610807	OK	 
ACTION	Pricing	4	price	1395133610661	1395133610662	1395133610848	1395133610848	OK	 
SCENARIO	Pricing	4	END	1395133610849
ACTION	Pricing	2	price	1395133610701	1395133610702	1395133610882	1395133610883	OK	 
SCENARIO	Pricing	2	END	1395133610884
ACTION	Pricing	3	price	1395133610764	1395133610765	1395133610920	1395133610920	OK	 
SCENARIO	Pricing	3	END	1395133610921
ACTION	Pricing	1	price	1395133610809	1395133610810	1395133610955	1395133610955	OK	 
SCENARIO	Pricing	1	END	1395133610956
