RUN	20140318133228	pricingsimulation	pricingsimulation
SCENARIO	Pricing	59	START	1395149552012
SCENARIO	Pricing	86	START	1395149552017
SCENARIO	Pricing	96	START	1395149552018
SCENARIO	Pricing	95	START	1395149552018
SCENARIO	Pricing	7	START	1395149552018
SCENARIO	Pricing	4	START	1395149552019
SCENARIO	Pricing	12	START	1395149552019
SCENARIO	Pricing	43	START	1395149552019
SCENARIO	Pricing	6	START	1395149552019
SCENARIO	Pricing	98	START	1395149552019
SCENARIO	Pricing	1	START	1395149552020
SCENARIO	Pricing	44	START	1395149552020
SCENARIO	Pricing	10	START	1395149552020
SCENARIO	Pricing	30	START	1395149552020
SCENARIO	Pricing	26	START	1395149552020
SCENARIO	Pricing	56	START	1395149552020
SCENARIO	Pricing	16	START	1395149552020
SCENARIO	Pricing	100	START	1395149552020
SCENARIO	Pricing	63	START	1395149552020
SCENARIO	Pricing	88	START	1395149552020
SCENARIO	Pricing	37	START	1395149552020
SCENARIO	Pricing	8	START	1395149552020
SCENARIO	Pricing	20	START	1395149552020
SCENARIO	Pricing	99	START	1395149552020
SCENARIO	Pricing	60	START	1395149552020
SCENARIO	Pricing	24	START	1395149552020
SCENARIO	Pricing	35	START	1395149552020
SCENARIO	Pricing	64	START	1395149552020
SCENARIO	Pricing	82	START	1395149552020
SCENARIO	Pricing	33	START	1395149552020
SCENARIO	Pricing	48	START	1395149552020
SCENARIO	Pricing	18	START	1395149552020
SCENARIO	Pricing	74	START	1395149552020
SCENARIO	Pricing	72	START	1395149552020
SCENARIO	Pricing	79	START	1395149552020
SCENARIO	Pricing	21	START	1395149552021
SCENARIO	Pricing	57	START	1395149552021
SCENARIO	Pricing	32	START	1395149552021
SCENARIO	Pricing	46	START	1395149552021
SCENARIO	Pricing	15	START	1395149552021
SCENARIO	Pricing	65	START	1395149552021
SCENARIO	Pricing	87	START	1395149552021
SCENARIO	Pricing	66	START	1395149552021
SCENARIO	Pricing	2	START	1395149552021
SCENARIO	Pricing	80	START	1395149552021
SCENARIO	Pricing	27	START	1395149552021
SCENARIO	Pricing	9	START	1395149552021
SCENARIO	Pricing	41	START	1395149552021
SCENARIO	Pricing	28	START	1395149552021
SCENARIO	Pricing	70	START	1395149552021
SCENARIO	Pricing	85	START	1395149552021
SCENARIO	Pricing	39	START	1395149552021
SCENARIO	Pricing	40	START	1395149552021
SCENARIO	Pricing	25	START	1395149552021
SCENARIO	Pricing	22	START	1395149552021
SCENARIO	Pricing	13	START	1395149552021
SCENARIO	Pricing	58	START	1395149552021
SCENARIO	Pricing	49	START	1395149552021
SCENARIO	Pricing	34	START	1395149552021
SCENARIO	Pricing	53	START	1395149552022
SCENARIO	Pricing	83	START	1395149552022
SCENARIO	Pricing	91	START	1395149552022
SCENARIO	Pricing	36	START	1395149552022
SCENARIO	Pricing	92	START	1395149552022
SCENARIO	Pricing	23	START	1395149552022
SCENARIO	Pricing	54	START	1395149552022
SCENARIO	Pricing	90	START	1395149552022
SCENARIO	Pricing	42	START	1395149552022
SCENARIO	Pricing	89	START	1395149552022
SCENARIO	Pricing	52	START	1395149552022
SCENARIO	Pricing	14	START	1395149552022
SCENARIO	Pricing	67	START	1395149552022
SCENARIO	Pricing	47	START	1395149552022
SCENARIO	Pricing	11	START	1395149552022
SCENARIO	Pricing	62	START	1395149552022
SCENARIO	Pricing	69	START	1395149552022
SCENARIO	Pricing	81	START	1395149552023
SCENARIO	Pricing	97	START	1395149552023
SCENARIO	Pricing	50	START	1395149552023
SCENARIO	Pricing	84	START	1395149552023
SCENARIO	Pricing	77	START	1395149552023
SCENARIO	Pricing	94	START	1395149552023
SCENARIO	Pricing	73	START	1395149552023
SCENARIO	Pricing	75	START	1395149552023
SCENARIO	Pricing	51	START	1395149552023
SCENARIO	Pricing	17	START	1395149552023
SCENARIO	Pricing	78	START	1395149552023
SCENARIO	Pricing	31	START	1395149552023
SCENARIO	Pricing	71	START	1395149552023
SCENARIO	Pricing	68	START	1395149552023
SCENARIO	Pricing	3	START	1395149552023
SCENARIO	Pricing	19	START	1395149552023
SCENARIO	Pricing	55	START	1395149552023
SCENARIO	Pricing	76	START	1395149552024
SCENARIO	Pricing	29	START	1395149552024
SCENARIO	Pricing	5	START	1395149552024
SCENARIO	Pricing	93	START	1395149552024
SCENARIO	Pricing	38	START	1395149552024
SCENARIO	Pricing	61	START	1395149552024
SCENARIO	Pricing	45	START	1395149552024
ACTION	Pricing	3	price	1395149552416	1395149552423	1395149565606	1395149565608	OK	 
ACTION	Pricing	53	price	1395149552336	1395149552339	1395149565600	1395149565630	OK	 
ACTION	Pricing	1	price	1395149552119	1395149552177	1395149565592	1395149565595	OK	 
ACTION	Pricing	83	price	1395149552338	1395149552339	1395149565607	1395149565609	OK	 
ACTION	Pricing	2	price	1395149552301	1395149552309	1395149565601	1395149565602	OK	 
ACTION	Pricing	90	price	1395149552362	1395149552363	1395149565588	1395149565604	OK	 
ACTION	Pricing	43	price	1395149552100	1395149552168	1395149565588	1395149565606	OK	 
ACTION	Pricing	31	price	1395149552409	1395149552420	1395149565607	1395149565630	OK	 
ACTION	Pricing	59	price	1395149552098	1395149552152	1395149565614	1395149565615	OK	 
ACTION	Pricing	65	price	1395149552289	1395149552306	1395149565593	1395149565617	OK	 
ACTION	Pricing	73	price	1395149552397	1395149552401	1395149565622	1395149565622	OK	 
ACTION	Pricing	49	price	1395149552333	1395149552337	1395149565603	1395149565624	OK	 
ACTION	Pricing	67	price	1395149552374	1395149552376	1395149565631	1395149565641	OK	 
ACTION	Pricing	64	price	1395149552218	1395149552222	1395149565603	1395149565631	OK	 
ACTION	Pricing	85	price	1395149552319	1395149552320	1395149565605	1395149565622	OK	 
ACTION	Pricing	87	price	1395149552298	1395149552307	1395149565594	1395149565625	OK	 
ACTION	Pricing	66	price	1395149552299	1395149552306	1395149565628	1395149565628	OK	 
ACTION	Pricing	13	price	1395149552328	1395149552330	1395149565632	1395149565632	OK	 
ACTION	Pricing	26	price	1395149552131	1395149552182	1395149565623	1395149565624	OK	 
ACTION	Pricing	19	price	1395149552416	1395149552423	1395149565633	1395149565633	OK	 
ACTION	Pricing	15	price	1395149552284	1395149552289	1395149565634	1395149565635	OK	 
ACTION	Pricing	11	price	1395149552378	1395149552380	1395149565595	1395149565625	OK	 
ACTION	Pricing	96	price	1395149552104	1395149552152	1395149565657	1395149565657	OK	 
ACTION	Pricing	75	price	1395149552400	1395149552403	1395149565640	1395149565640	OK	 
ACTION	Pricing	30	price	1395149552125	1395149552195	1395149565626	1395149565626	OK	 
ACTION	Pricing	21	price	1395149552265	1395149552268	1395149565649	1395149565649	OK	 
ACTION	Pricing	80	price	1395149552303	1395149552308	1395149565618	1395149565619	OK	 
ACTION	Pricing	38	price	1395149552443	1395149552449	1395149565627	1395149565628	OK	 
ACTION	Pricing	37	price	1395149552166	1395149552195	1395149565593	1395149565618	OK	 
ACTION	Pricing	33	price	1395149552232	1395149552245	1395149565629	1395149565629	OK	 
ACTION	Pricing	47	price	1395149552377	1395149552379	1395149565588	1395149565619	OK	 
ACTION	Pricing	39	price	1395149552321	1395149552323	1395149565650	1395149565650	OK	 
ACTION	Pricing	94	price	1395149552396	1395149552402	1395149565637	1395149565637	OK	 
ACTION	Pricing	58	price	1395149552331	1395149552332	1395149565633	1395149565633	OK	 
ACTION	Pricing	17	price	1395149552404	1395149552407	1395149565654	1395149565655	OK	 
ACTION	Pricing	51	price	1395149552403	1395149552406	1395149565650	1395149565650	OK	 
ACTION	Pricing	41	price	1395149552312	1395149552314	1395149565657	1395149565659	OK	 
ACTION	Pricing	84	price	1395149552391	1395149552400	1395149565671	1395149565671	OK	 
ACTION	Pricing	52	price	1395149552370	1395149552371	1395149565659	1395149565670	OK	 
ACTION	Pricing	12	price	1395149552097	1395149552170	1395149565677	1395149565678	OK	 
ACTION	Pricing	68	price	1395149552413	1395149552425	1395149565671	1395149565671	OK	 
ACTION	Pricing	88	price	1395149552162	1395149552192	1395149565672	1395149565672	OK	 
ACTION	Pricing	69	price	1395149552383	1395149552386	1395149565673	1395149565675	OK	 
ACTION	Pricing	72	price	1395149552260	1395149552262	1395149565682	1395149565684	OK	 
ACTION	Pricing	93	price	1395149552440	1395149552442	1395149565682	1395149565686	OK	 
ACTION	Pricing	8	price	1395149552168	1395149552197	1395149565687	1395149565688	OK	 
ACTION	Pricing	29	price	1395149552428	1395149552430	1395149565692	1395149565693	OK	 
ACTION	Pricing	76	price	1395149552420	1395149552427	1395149565692	1395149565692	OK	 
ACTION	Pricing	63	price	1395149552156	1395149552193	1395149565694	1395149565700	OK	 
ACTION	Pricing	25	price	1395149552324	1395149552326	1395149565700	1395149565701	OK	 
ACTION	Pricing	77	price	1395149552393	1395149552399	1395149565687	1395149565703	OK	 
ACTION	Pricing	89	price	1395149552368	1395149552369	1395149565704	1395149565705	OK	 
ACTION	Pricing	27	price	1395149552308	1395149552310	1395149565701	1395149565701	OK	 
ACTION	Pricing	10	price	1395149552124	1395149552177	1395149565706	1395149565706	OK	 
ACTION	Pricing	44	price	1395149552121	1395149552180	1395149565674	1395149565674	OK	 
ACTION	Pricing	56	price	1395149552134	1395149552172	1395149565710	1395149565711	OK	 
ACTION	Pricing	28	price	1395149552314	1395149552315	1395149565658	1395149565658	OK	 
ACTION	Pricing	34	price	1395149552335	1395149552338	1395149565721	1395149565721	OK	 
ACTION	Pricing	45	price	1395149552446	1395149552449	1395149565725	1395149565725	OK	 
ACTION	Pricing	86	price	1395149552104	1395149552176	1395149565720	1395149565721	OK	 
ACTION	Pricing	36	price	1395149552347	1395149552351	1395149565722	1395149565723	OK	 
ACTION	Pricing	42	price	1395149552365	1395149552367	1395149565726	1395149565726	OK	 
ACTION	Pricing	35	price	1395149552208	1395149552216	1395149565709	1395149565723	OK	 
ACTION	Pricing	32	price	1395149552272	1395149552281	1395149565702	1395149565702	OK	 
ACTION	Pricing	24	price	1395149552202	1395149552207	1395149565730	1395149565733	OK	 
ACTION	Pricing	54	price	1395149552358	1395149552360	1395149565735	1395149565736	OK	 
ACTION	Pricing	81	price	1395149552387	1395149552390	1395149565736	1395149565736	OK	 
ACTION	Pricing	40	price	1395149552322	1395149552324	1395149565737	1395149565737	OK	 
ACTION	Pricing	70	price	1395149552316	1395149552318	1395149565727	1395149565727	OK	 
ACTION	Pricing	60	price	1395149552199	1395149552204	1395149565738	1395149565738	OK	 
ACTION	Pricing	61	price	1395149552444	1395149552450	1395149565741	1395149565741	OK	 
ACTION	Pricing	5	price	1395149552439	1395149552439	1395149565748	1395149565749	OK	 
ACTION	Pricing	92	price	1395149552352	1395149552355	1395149565750	1395149565750	OK	 
ACTION	Pricing	91	price	1395149552345	1395149552348	1395149565748	1395149565748	OK	 
ACTION	Pricing	99	price	1395149552196	1395149552201	1395149565750	1395149565751	OK	 
ACTION	Pricing	98	price	1395149552117	1395149552182	1395149565749	1395149565749	OK	 
ACTION	Pricing	4	price	1395149552105	1395149552152	1395149565750	1395149565750	OK	 
ACTION	Pricing	100	price	1395149552148	1395149552197	1395149565751	1395149565751	OK	 
ACTION	Pricing	95	price	1395149552098	1395149552156	1395149565727	1395149565747	OK	 
ACTION	Pricing	97	price	1395149552388	1395149552390	1395149565765	1395149565765	OK	 
ACTION	Pricing	14	price	1395149552372	1395149552374	1395149565742	1395149565765	OK	 
ACTION	Pricing	46	price	1395149552282	1395149552288	1395149565766	1395149565766	OK	 
ACTION	Pricing	79	price	1395149552263	1395149552270	1395149565767	1395149565772	OK	 
ACTION	Pricing	62	price	1395149552381	1395149552386	1395149565772	1395149565772	OK	 
ACTION	Pricing	48	price	1395149552246	1395149552257	1395149565773	1395149565774	OK	 
ACTION	Pricing	50	price	1395149552390	1395149552399	1395149565774	1395149565774	OK	 
ACTION	Pricing	6	price	1395149552102	1395149552172	1395149565739	1395149565782	OK	 
ACTION	Pricing	18	price	1395149552247	1395149552257	1395149565751	1395149565785	OK	 
ACTION	Pricing	82	price	1395149552223	1395149552227	1395149565783	1395149565784	OK	 
ACTION	Pricing	57	price	1395149552268	1395149552282	1395149565786	1395149565786	OK	 
ACTION	Pricing	74	price	1395149552250	1395149552259	1395149565786	1395149565787	OK	 
ACTION	Pricing	16	price	1395149552138	1395149552182	1395149565788	1395149565788	OK	 
ACTION	Pricing	55	price	1395149552417	1395149552421	1395149565789	1395149565789	OK	 
ACTION	Pricing	71	price	1395149552413	1395149552425	1395149565790	1395149565790	OK	 
ACTION	Pricing	7	price	1395149552097	1395149552162	1395149565791	1395149565791	OK	 
ACTION	Pricing	78	price	1395149552407	1395149552410	1395149565775	1395149565793	OK	 
ACTION	Pricing	22	price	1395149552326	1395149552329	1395149565794	1395149565800	OK	 
ACTION	Pricing	20	price	1395149552168	1395149552194	1395149565800	1395149565801	OK	 
ACTION	Pricing	23	price	1395149552356	1395149552358	1395149565804	1395149565804	OK	 
ACTION	Pricing	9	price	1395149552311	1395149552312	1395149565815	1395149565815	OK	 
ACTION	Pricing	95	price	1395149565969	1395149565970	1395149574820	1395149574821	OK	 
ACTION	Pricing	35	price	1395149565947	1395149565948	1395149575045	1395149575045	OK	 
ACTION	Pricing	63	price	1395149565924	1395149565925	1395149575064	1395149575065	OK	 
ACTION	Pricing	83	price	1395149565835	1395149565837	1395149575069	1395149575069	OK	 
ACTION	Pricing	86	price	1395149565940	1395149565941	1395149575069	1395149575073	OK	 
ACTION	Pricing	47	price	1395149565886	1395149565887	1395149575098	1395149575100	OK	 
ACTION	Pricing	97	price	1395149565970	1395149565971	1395149575108	1395149575109	OK	 
ACTION	Pricing	41	price	1395149565894	1395149565895	1395149575116	1395149575117	OK	 
ACTION	Pricing	2	price	1395149565837	1395149565839	1395149575135	1395149575135	OK	 
ACTION	Pricing	11	price	1395149565875	1395149565875	1395149575138	1395149575139	OK	 
ACTION	Pricing	28	price	1395149565935	1395149565936	1395149575144	1395149575148	OK	 
ACTION	Pricing	56	price	1395149565934	1395149565935	1395149575205	1395149575208	OK	 
ACTION	Pricing	59	price	1395149565847	1395149565848	1395149575224	1395149575224	OK	 
ACTION	Pricing	31	price	1395149565844	1395149565846	1395149575242	1395149575243	OK	 
ACTION	Pricing	69	price	1395149565914	1395149565915	1395149575249	1395149575250	OK	 
ACTION	Pricing	12	price	1395149565899	1395149565900	1395149575283	1395149575284	OK	 
ACTION	Pricing	42	price	1395149565945	1395149565946	1395149575306	1395149575307	OK	 
ACTION	Pricing	93	price	1395149565917	1395149565918	1395149575376	1395149575377	OK	 
ACTION	Pricing	87	price	1395149565861	1395149565863	1395149575457	1395149575457	OK	 
ACTION	Pricing	80	price	1395149565881	1395149565882	1395149575479	1395149575481	OK	 
ACTION	Pricing	6	price	1395149565977	1395149565977	1395149575591	1395149575592	OK	 
ACTION	Pricing	89	price	1395149565929	1395149565930	1395149575600	1395149575601	OK	 
ACTION	Pricing	29	price	1395149565920	1395149565921	1395149575607	1395149575608	OK	 
ACTION	Pricing	84	price	1395149565896	1395149565897	1395149575624	1395149575625	OK	 
ACTION	Pricing	14	price	1395149565972	1395149565979	1395149575664	1395149575668	OK	 
ACTION	Pricing	9	price	1395149565992	1395149565993	1395149575726	1395149575727	OK	 
ACTION	Pricing	98	price	1395149565965	1395149565966	1395149575740	1395149575740	OK	 
ACTION	Pricing	38	price	1395149565882	1395149565883	1395149575762	1395149575762	OK	 
ACTION	Pricing	46	price	1395149565972	1395149565980	1395149575946	1395149575946	OK	 
ACTION	Pricing	62	price	1395149565974	1395149565980	1395149575966	1395149575967	OK	 
ACTION	Pricing	70	price	1395149565955	1395149565956	1395149575987	1395149575988	OK	 
ACTION	Pricing	52	price	1395149565897	1395149565898	1395149575996	1395149575996	OK	 
ACTION	Pricing	53	price	1395149565828	1395149565830	1395149576006	1395149576007	OK	 
ACTION	Pricing	23	price	1395149565991	1395149565992	1395149576016	1395149576017	OK	 
ACTION	Pricing	21	price	1395149565880	1395149565880	1395149576028	1395149576028	OK	 
ACTION	Pricing	67	price	1395149565855	1395149565856	1395149576041	1395149576042	OK	 
ACTION	Pricing	4	price	1395149565966	1395149565967	1395149576048	1395149576048	OK	 
ACTION	Pricing	19	price	1395149565872	1395149565873	1395149576055	1395149576055	OK	 
ACTION	Pricing	1	price	1395149565827	1395149565827	1395149576070	1395149576071	OK	 
ACTION	Pricing	75	price	1395149565877	1395149565878	1395149576073	1395149576073	OK	 
ACTION	Pricing	44	price	1395149565933	1395149565934	1395149576078	1395149576078	OK	 
ACTION	Pricing	92	price	1395149565961	1395149565962	1395149576086	1395149576086	OK	 
ACTION	Pricing	36	price	1395149565942	1395149565944	1395149576092	1395149576092	OK	 
ACTION	Pricing	33	price	1395149565885	1395149565885	1395149576093	1395149576094	OK	 
ACTION	Pricing	68	price	1395149565901	1395149565902	1395149576098	1395149576098	OK	 
ACTION	Pricing	61	price	1395149565958	1395149565958	1395149575619	1395149576108	OK	 
ACTION	Pricing	65	price	1395149565850	1395149565851	1395149576118	1395149576118	OK	 
ACTION	Pricing	49	price	1395149565853	1395149565854	1395149576145	1395149576146	OK	 
ACTION	Pricing	7	price	1395149565985	1395149565986	1395149576149	1395149576150	OK	 
ACTION	Pricing	94	price	1395149565889	1395149565889	1395149576192	1395149576192	OK	 
ACTION	Pricing	8	price	1395149565919	1395149565924	1395149576201	1395149576201	OK	 
ACTION	Pricing	45	price	1395149565938	1395149565939	1395149576206	1395149576206	OK	 
ACTION	Pricing	76	price	1395149565922	1395149565924	1395149576210	1395149576210	OK	 
ACTION	Pricing	96	price	1395149565876	1395149565877	1395149576204	1395149576212	OK	 
ACTION	Pricing	64	price	1395149565857	1395149565858	1395149576219	1395149576219	OK	 
ACTION	Pricing	3	price	1395149565834	1395149565834	1395149576227	1395149576228	OK	 
ACTION	Pricing	27	price	1395149565930	1395149565931	1395149576234	1395149576235	OK	 
ACTION	Pricing	82	price	1395149565979	1395149565979	1395149576242	1395149576242	OK	 
ACTION	Pricing	73	price	1395149565851	1395149565853	1395149576276	1395149576276	OK	 
ACTION	Pricing	48	price	1395149565975	1395149565980	1395149576280	1395149576281	OK	 
ACTION	Pricing	72	price	1395149565916	1395149565916	1395149576308	1395149576308	OK	 
ACTION	Pricing	18	price	1395149565978	1395149565978	1395149576316	1395149576317	OK	 
ACTION	Pricing	16	price	1395149565984	1395149565986	1395149576335	1395149576335	OK	 
ACTION	Pricing	43	price	1395149565842	1395149565844	1395149576342	1395149576343	OK	 
ACTION	Pricing	26	price	1395149565870	1395149565871	1395149576350	1395149576350	OK	 
ACTION	Pricing	58	price	1395149565890	1395149565891	1395149576357	1395149576358	OK	 
ACTION	Pricing	57	price	1395149565981	1395149565982	1395149576364	1395149576365	OK	 
ACTION	Pricing	22	price	1395149565988	1395149565988	1395149576415	1395149576415	OK	 
ACTION	Pricing	66	price	1395149565864	1395149565865	1395149576432	1395149576433	OK	 
ACTION	Pricing	54	price	1395149565952	1395149565952	1395149575855	1395149576436	OK	 
ACTION	Pricing	78	price	1395149565986	1395149565987	1395149576438	1395149576440	OK	 
ACTION	Pricing	40	price	1395149565953	1395149565954	1395149576442	1395149576443	OK	 
ACTION	Pricing	51	price	1395149565893	1395149565894	1395149576481	1395149576481	OK	 
ACTION	Pricing	91	price	1395149565962	1395149565963	1395149576513	1395149576513	OK	 
ACTION	Pricing	50	price	1395149565976	1395149565980	1395149576555	1395149576555	OK	 
ACTION	Pricing	15	price	1395149565874	1395149565874	1395149576588	1395149576588	OK	 
ACTION	Pricing	34	price	1395149565937	1395149565937	1395149576635	1395149576635	OK	 
ACTION	Pricing	88	price	1395149565912	1395149565913	1395149576634	1395149576635	OK	 
ACTION	Pricing	5	price	1395149565959	1395149565960	1395149576649	1395149576649	OK	 
ACTION	Pricing	77	price	1395149565928	1395149565929	1395149576670	1395149576670	OK	 
ACTION	Pricing	10	price	1395149565932	1395149565932	1395149576711	1395149576711	OK	 
ACTION	Pricing	60	price	1395149565956	1395149565957	1395149576726	1395149576727	OK	 
ACTION	Pricing	30	price	1395149565878	1395149565879	1395149576821	1395149576821	OK	 
ACTION	Pricing	74	price	1395149565981	1395149565982	1395149576839	1395149576839	OK	 
ACTION	Pricing	13	price	1395149565866	1395149565868	1395149576845	1395149576845	OK	 
ACTION	Pricing	20	price	1395149565989	1395149565990	1395149576889	1395149576890	OK	 
ACTION	Pricing	71	price	1395149565984	1395149565985	1395149576893	1395149576893	OK	 
ACTION	Pricing	24	price	1395149565950	1395149565951	1395149576906	1395149576906	OK	 
ACTION	Pricing	32	price	1395149565948	1395149565949	1395149576905	1395149576907	OK	 
ACTION	Pricing	25	price	1395149565926	1395149565927	1395149576923	1395149576923	OK	 
ACTION	Pricing	99	price	1395149565964	1395149565964	1395149576925	1395149576926	OK	 
ACTION	Pricing	90	price	1395149565840	1395149565841	1395149576932	1395149576932	OK	 
ACTION	Pricing	37	price	1395149565883	1395149565884	1395149577012	1395149577013	OK	 
ACTION	Pricing	55	price	1395149565982	1395149565983	1395149577018	1395149577018	OK	 
ACTION	Pricing	100	price	1395149565968	1395149565968	1395149577034	1395149577035	OK	 
ACTION	Pricing	85	price	1395149565859	1395149565861	1395149577073	1395149577073	OK	 
ACTION	Pricing	79	price	1395149565973	1395149565980	1395149577104	1395149577104	OK	 
ACTION	Pricing	39	price	1395149565887	1395149565888	1395149577302	1395149577302	OK	 
ACTION	Pricing	81	price	1395149565952	1395149565953	1395149577541	1395149577542	OK	 
ACTION	Pricing	17	price	1395149565891	1395149565892	1395149577634	1395149577634	OK	 
ACTION	Pricing	28	price	1395149575151	1395149575151	1395149582547	1395149582548	OK	 
SCENARIO	Pricing	28	END	1395149582549
ACTION	Pricing	56	price	1395149575210	1395149575211	1395149584517	1395149584518	OK	 
SCENARIO	Pricing	56	END	1395149584518
ACTION	Pricing	48	price	1395149576283	1395149576283	1395149584522	1395149584522	OK	 
SCENARIO	Pricing	48	END	1395149584523
ACTION	Pricing	76	price	1395149576212	1395149576213	1395149584830	1395149584831	OK	 
SCENARIO	Pricing	76	END	1395149584832
ACTION	Pricing	12	price	1395149575286	1395149575287	1395149584860	1395149584860	OK	 
SCENARIO	Pricing	12	END	1395149584861
ACTION	Pricing	41	price	1395149575120	1395149575121	1395149584874	1395149584874	OK	 
SCENARIO	Pricing	41	END	1395149584875
ACTION	Pricing	93	price	1395149575379	1395149575380	1395149584921	1395149584921	OK	 
SCENARIO	Pricing	93	END	1395149584922
ACTION	Pricing	75	price	1395149576075	1395149576076	1395149584936	1395149584936	OK	 
SCENARIO	Pricing	75	END	1395149584937
ACTION	Pricing	95	price	1395149574824	1395149574825	1395149584983	1395149584983	OK	 
SCENARIO	Pricing	95	END	1395149584984
ACTION	Pricing	86	price	1395149575078	1395149575079	1395149585110	1395149585110	OK	 
SCENARIO	Pricing	86	END	1395149585112
ACTION	Pricing	83	price	1395149575077	1395149575078	1395149585193	1395149585193	OK	 
SCENARIO	Pricing	83	END	1395149585194
ACTION	Pricing	97	price	1395149575111	1395149575112	1395149585209	1395149585209	OK	 
ACTION	Pricing	46	price	1395149575949	1395149575950	1395149585209	1395149585209	OK	 
SCENARIO	Pricing	97	END	1395149585210
SCENARIO	Pricing	46	END	1395149585210
ACTION	Pricing	31	price	1395149575245	1395149575246	1395149585265	1395149585265	OK	 
SCENARIO	Pricing	31	END	1395149585266
ACTION	Pricing	35	price	1395149575048	1395149575049	1395149585305	1395149585305	OK	 
SCENARIO	Pricing	35	END	1395149585306
ACTION	Pricing	69	price	1395149575252	1395149575253	1395149585076	1395149585343	OK	 
SCENARIO	Pricing	69	END	1395149585344
ACTION	Pricing	11	price	1395149575144	1395149575144	1395149585355	1395149585355	OK	 
SCENARIO	Pricing	11	END	1395149585356
ACTION	Pricing	8	price	1395149576204	1395149576204	1395149585389	1395149585390	OK	 
SCENARIO	Pricing	8	END	1395149585391
ACTION	Pricing	63	price	1395149575068	1395149575074	1395149585417	1395149585417	OK	 
SCENARIO	Pricing	63	END	1395149585418
ACTION	Pricing	16	price	1395149576337	1395149576338	1395149585453	1395149585453	OK	 
SCENARIO	Pricing	16	END	1395149585454
ACTION	Pricing	45	price	1395149576208	1395149576209	1395149585478	1395149585478	OK	 
SCENARIO	Pricing	45	END	1395149585479
ACTION	Pricing	44	price	1395149576080	1395149576081	1395149585512	1395149585512	OK	 
SCENARIO	Pricing	44	END	1395149585513
ACTION	Pricing	49	price	1395149576148	1395149576150	1395149585524	1395149585524	OK	 
SCENARIO	Pricing	49	END	1395149585525
ACTION	Pricing	14	price	1395149575670	1395149575671	1395149585534	1395149585535	OK	 
SCENARIO	Pricing	14	END	1395149585535
ACTION	Pricing	64	price	1395149576221	1395149576222	1395149585582	1395149585582	OK	 
SCENARIO	Pricing	64	END	1395149585583
ACTION	Pricing	78	price	1395149576443	1395149576444	1395149585568	1395149585584	OK	 
SCENARIO	Pricing	78	END	1395149585586
ACTION	Pricing	33	price	1395149576097	1395149576098	1395149585590	1395149585591	OK	 
SCENARIO	Pricing	33	END	1395149585592
ACTION	Pricing	20	price	1395149576892	1395149576892	1395149585584	1395149585592	OK	 
SCENARIO	Pricing	20	END	1395149585592
ACTION	Pricing	89	price	1395149575603	1395149575604	1395149585594	1395149585594	OK	 
SCENARIO	Pricing	89	END	1395149585595
ACTION	Pricing	62	price	1395149575969	1395149575970	1395149585663	1395149585663	OK	 
SCENARIO	Pricing	62	END	1395149585664
ACTION	Pricing	80	price	1395149575483	1395149575485	1395149585673	1395149585673	OK	 
SCENARIO	Pricing	80	END	1395149585674
ACTION	Pricing	29	price	1395149575611	1395149575612	1395149585652	1395149585680	OK	 
SCENARIO	Pricing	29	END	1395149585681
ACTION	Pricing	87	price	1395149575460	1395149575461	1395149585681	1395149585681	OK	 
ACTION	Pricing	68	price	1395149576100	1395149576101	1395149585682	1395149585682	OK	 
SCENARIO	Pricing	87	END	1395149585683
SCENARIO	Pricing	68	END	1395149585683
ACTION	Pricing	2	price	1395149575140	1395149575143	1395149585693	1395149585693	OK	 
SCENARIO	Pricing	2	END	1395149585695
ACTION	Pricing	38	price	1395149575764	1395149575765	1395149585675	1395149585704	OK	 
SCENARIO	Pricing	38	END	1395149585705
ACTION	Pricing	1	price	1395149576073	1395149576074	1395149585719	1395149585720	OK	 
SCENARIO	Pricing	1	END	1395149585721
ACTION	Pricing	65	price	1395149576120	1395149576121	1395149585722	1395149585722	OK	 
SCENARIO	Pricing	65	END	1395149585723
ACTION	Pricing	54	price	1395149576438	1395149576439	1395149585737	1395149585737	OK	 
SCENARIO	Pricing	54	END	1395149585738
ACTION	Pricing	36	price	1395149576095	1395149576097	1395149585742	1395149585742	OK	 
SCENARIO	Pricing	36	END	1395149585743
ACTION	Pricing	7	price	1395149576152	1395149576152	1395149585764	1395149585764	OK	 
SCENARIO	Pricing	7	END	1395149585765
ACTION	Pricing	67	price	1395149576044	1395149576045	1395149585789	1395149585790	OK	 
SCENARIO	Pricing	67	END	1395149585791
ACTION	Pricing	82	price	1395149576245	1395149576247	1395149585795	1395149585795	OK	 
SCENARIO	Pricing	82	END	1395149585797
ACTION	Pricing	94	price	1395149576194	1395149576194	1395149585800	1395149585801	OK	 
SCENARIO	Pricing	94	END	1395149585801
ACTION	Pricing	19	price	1395149576058	1395149576058	1395149585799	1395149585800	OK	 
SCENARIO	Pricing	19	END	1395149585802
ACTION	Pricing	18	price	1395149576319	1395149576320	1395149585817	1395149585818	OK	 
SCENARIO	Pricing	18	END	1395149585818
ACTION	Pricing	9	price	1395149575729	1395149575730	1395149585817	1395149585819	OK	 
SCENARIO	Pricing	9	END	1395149585820
ACTION	Pricing	60	price	1395149576729	1395149576730	1395149585823	1395149585823	OK	 
SCENARIO	Pricing	60	END	1395149585824
ACTION	Pricing	42	price	1395149575309	1395149575310	1395149585826	1395149585826	OK	 
SCENARIO	Pricing	42	END	1395149585827
ACTION	Pricing	88	price	1395149576639	1395149576640	1395149585837	1395149585837	OK	 
SCENARIO	Pricing	88	END	1395149585838
ACTION	Pricing	3	price	1395149576230	1395149576231	1395149585839	1395149585839	OK	 
SCENARIO	Pricing	3	END	1395149585840
ACTION	Pricing	53	price	1395149576009	1395149576009	1395149585840	1395149585841	OK	 
SCENARIO	Pricing	53	END	1395149585842
ACTION	Pricing	27	price	1395149576236	1395149576237	1395149585860	1395149585860	OK	 
SCENARIO	Pricing	27	END	1395149585861
ACTION	Pricing	24	price	1395149576909	1395149576910	1395149585862	1395149585862	OK	 
SCENARIO	Pricing	24	END	1395149585863
ACTION	Pricing	21	price	1395149576030	1395149576031	1395149585868	1395149585868	OK	 
SCENARIO	Pricing	21	END	1395149585868
ACTION	Pricing	91	price	1395149576516	1395149576517	1395149585874	1395149585875	OK	 
SCENARIO	Pricing	91	END	1395149585876
ACTION	Pricing	72	price	1395149576310	1395149576311	1395149585877	1395149585877	OK	 
SCENARIO	Pricing	72	END	1395149585878
ACTION	Pricing	98	price	1395149575742	1395149575743	1395149585896	1395149585897	OK	 
SCENARIO	Pricing	98	END	1395149585898
ACTION	Pricing	6	price	1395149575594	1395149575595	1395149585918	1395149585918	OK	 
SCENARIO	Pricing	6	END	1395149585919
ACTION	Pricing	57	price	1395149576367	1395149576367	1395149585942	1395149585942	OK	 
SCENARIO	Pricing	57	END	1395149585943
ACTION	Pricing	37	price	1395149577014	1395149577015	1395149585946	1395149585946	OK	 
SCENARIO	Pricing	37	END	1395149585947
ACTION	Pricing	77	price	1395149576675	1395149576676	1395149585950	1395149585951	OK	 
SCENARIO	Pricing	77	END	1395149585952
ACTION	Pricing	61	price	1395149576110	1395149576111	1395149585958	1395149585958	OK	 
SCENARIO	Pricing	61	END	1395149585959
ACTION	Pricing	25	price	1395149576925	1395149576927	1395149585960	1395149585960	OK	 
SCENARIO	Pricing	25	END	1395149585961
ACTION	Pricing	66	price	1395149576435	1395149576435	1395149585974	1395149585974	OK	 
SCENARIO	Pricing	66	END	1395149585975
ACTION	Pricing	52	price	1395149575998	1395149575999	1395149585981	1395149585981	OK	 
ACTION	Pricing	4	price	1395149576050	1395149576050	1395149585982	1395149585982	OK	 
SCENARIO	Pricing	4	END	1395149585983
SCENARIO	Pricing	52	END	1395149585983
ACTION	Pricing	47	price	1395149575102	1395149575103	1395149585824	1395149585981	OK	 
ACTION	Pricing	92	price	1395149576088	1395149576089	1395149585984	1395149585984	OK	 
SCENARIO	Pricing	47	END	1395149585984
SCENARIO	Pricing	92	END	1395149585984
ACTION	Pricing	73	price	1395149576280	1395149576280	1395149585985	1395149585985	OK	 
SCENARIO	Pricing	73	END	1395149585986
ACTION	Pricing	85	price	1395149577075	1395149577075	1395149585987	1395149586000	OK	 
SCENARIO	Pricing	85	END	1395149586001
ACTION	Pricing	70	price	1395149575989	1395149575990	1395149586003	1395149586003	OK	 
SCENARIO	Pricing	70	END	1395149586004
ACTION	Pricing	51	price	1395149576483	1395149576484	1395149586006	1395149586006	OK	 
SCENARIO	Pricing	51	END	1395149586008
ACTION	Pricing	10	price	1395149576713	1395149576714	1395149586007	1395149586007	OK	 
SCENARIO	Pricing	10	END	1395149586008
ACTION	Pricing	15	price	1395149576590	1395149576591	1395149586008	1395149586009	OK	 
SCENARIO	Pricing	15	END	1395149586009
ACTION	Pricing	26	price	1395149576353	1395149576353	1395149586005	1395149586006	OK	 
SCENARIO	Pricing	26	END	1395149586011
ACTION	Pricing	40	price	1395149576446	1395149576446	1395149586010	1395149586012	OK	 
SCENARIO	Pricing	40	END	1395149586012
ACTION	Pricing	50	price	1395149576557	1395149576558	1395149585956	1395149586013	OK	 
SCENARIO	Pricing	50	END	1395149586014
ACTION	Pricing	59	price	1395149575226	1395149575227	1395149585995	1395149586017	OK	 
SCENARIO	Pricing	59	END	1395149586017
ACTION	Pricing	79	price	1395149577106	1395149577107	1395149586029	1395149586030	OK	 
SCENARIO	Pricing	79	END	1395149586031
ACTION	Pricing	32	price	1395149576910	1395149576911	1395149586032	1395149586032	OK	 
SCENARIO	Pricing	32	END	1395149586033
ACTION	Pricing	5	price	1395149576652	1395149576653	1395149586034	1395149586034	OK	 
SCENARIO	Pricing	5	END	1395149586035
ACTION	Pricing	84	price	1395149575628	1395149575628	1395149586038	1395149586039	OK	 
SCENARIO	Pricing	84	END	1395149586040
ACTION	Pricing	99	price	1395149576927	1395149576928	1395149586020	1395149586044	OK	 
SCENARIO	Pricing	99	END	1395149586045
ACTION	Pricing	23	price	1395149576018	1395149576019	1395149586049	1395149586049	OK	 
SCENARIO	Pricing	23	END	1395149586050
ACTION	Pricing	34	price	1395149576637	1395149576638	1395149586060	1395149586060	OK	 
SCENARIO	Pricing	34	END	1395149586061
ACTION	Pricing	81	price	1395149577544	1395149577545	1395149586064	1395149586064	OK	 
ACTION	Pricing	71	price	1395149576895	1395149576895	1395149586064	1395149586065	OK	 
SCENARIO	Pricing	71	END	1395149586066
ACTION	Pricing	30	price	1395149576823	1395149576824	1395149586063	1395149586064	OK	 
SCENARIO	Pricing	30	END	1395149586067
SCENARIO	Pricing	81	END	1395149586067
ACTION	Pricing	100	price	1395149577036	1395149577037	1395149586067	1395149586068	OK	 
SCENARIO	Pricing	100	END	1395149586068
ACTION	Pricing	58	price	1395149576360	1395149576361	1395149586068	1395149586068	OK	 
SCENARIO	Pricing	58	END	1395149586069
ACTION	Pricing	43	price	1395149576345	1395149576345	1395149586078	1395149586079	OK	 
SCENARIO	Pricing	43	END	1395149586080
ACTION	Pricing	13	price	1395149576847	1395149576848	1395149586085	1395149586086	OK	 
SCENARIO	Pricing	13	END	1395149586087
ACTION	Pricing	90	price	1395149576934	1395149576935	1395149586088	1395149586089	OK	 
SCENARIO	Pricing	90	END	1395149586089
ACTION	Pricing	74	price	1395149576841	1395149576842	1395149586091	1395149586092	OK	 
SCENARIO	Pricing	74	END	1395149586093
ACTION	Pricing	22	price	1395149576418	1395149576419	1395149586094	1395149586095	OK	 
ACTION	Pricing	39	price	1395149577305	1395149577306	1395149586095	1395149586095	OK	 
SCENARIO	Pricing	39	END	1395149586096
SCENARIO	Pricing	22	END	1395149586098
ACTION	Pricing	55	price	1395149577020	1395149577020	1395149586100	1395149586100	OK	 
ACTION	Pricing	96	price	1395149576214	1395149576215	1395149586100	1395149586100	OK	 
SCENARIO	Pricing	55	END	1395149586101
SCENARIO	Pricing	96	END	1395149586102
ACTION	Pricing	17	price	1395149577636	1395149577637	1395149586104	1395149586105	OK	 
SCENARIO	Pricing	17	END	1395149586106
