RUN	20140318130405	pricingsimulation	pricingsimulation
SCENARIO	Pricing	71	START	1395147847794
SCENARIO	Pricing	98	START	1395147847797
SCENARIO	Pricing	16	START	1395147847797
SCENARIO	Pricing	19	START	1395147847797
SCENARIO	Pricing	1	START	1395147847797
SCENARIO	Pricing	7	START	1395147847798
SCENARIO	Pricing	24	START	1395147847798
SCENARIO	Pricing	55	START	1395147847798
SCENARIO	Pricing	6	START	1395147847798
SCENARIO	Pricing	18	START	1395147847798
SCENARIO	Pricing	13	START	1395147847798
SCENARIO	Pricing	56	START	1395147847799
SCENARIO	Pricing	22	START	1395147847799
SCENARIO	Pricing	42	START	1395147847802
SCENARIO	Pricing	38	START	1395147847802
SCENARIO	Pricing	68	START	1395147847803
SCENARIO	Pricing	28	START	1395147847803
SCENARIO	Pricing	10	START	1395147847803
SCENARIO	Pricing	75	START	1395147847804
SCENARIO	Pricing	100	START	1395147847804
SCENARIO	Pricing	49	START	1395147847804
SCENARIO	Pricing	20	START	1395147847805
SCENARIO	Pricing	32	START	1395147847805
SCENARIO	Pricing	72	START	1395147847806
SCENARIO	Pricing	36	START	1395147847806
SCENARIO	Pricing	47	START	1395147847806
SCENARIO	Pricing	76	START	1395147847807
SCENARIO	Pricing	94	START	1395147847807
SCENARIO	Pricing	45	START	1395147847807
SCENARIO	Pricing	60	START	1395147847808
SCENARIO	Pricing	30	START	1395147847808
SCENARIO	Pricing	86	START	1395147847808
SCENARIO	Pricing	84	START	1395147847808
SCENARIO	Pricing	9	START	1395147847808
SCENARIO	Pricing	91	START	1395147847808
SCENARIO	Pricing	3	START	1395147847808
SCENARIO	Pricing	33	START	1395147847808
SCENARIO	Pricing	69	START	1395147847808
SCENARIO	Pricing	44	START	1395147847808
SCENARIO	Pricing	58	START	1395147847808
SCENARIO	Pricing	27	START	1395147847808
SCENARIO	Pricing	77	START	1395147847808
SCENARIO	Pricing	99	START	1395147847808
SCENARIO	Pricing	8	START	1395147847808
SCENARIO	Pricing	78	START	1395147847808
SCENARIO	Pricing	14	START	1395147847809
SCENARIO	Pricing	92	START	1395147847809
SCENARIO	Pricing	39	START	1395147847809
SCENARIO	Pricing	21	START	1395147847809
SCENARIO	Pricing	53	START	1395147847809
SCENARIO	Pricing	40	START	1395147847809
SCENARIO	Pricing	82	START	1395147847809
SCENARIO	Pricing	97	START	1395147847809
SCENARIO	Pricing	51	START	1395147847809
SCENARIO	Pricing	52	START	1395147847809
SCENARIO	Pricing	37	START	1395147847809
SCENARIO	Pricing	34	START	1395147847809
SCENARIO	Pricing	25	START	1395147847809
SCENARIO	Pricing	70	START	1395147847809
SCENARIO	Pricing	61	START	1395147847809
SCENARIO	Pricing	46	START	1395147847809
SCENARIO	Pricing	65	START	1395147847809
SCENARIO	Pricing	95	START	1395147847809
SCENARIO	Pricing	48	START	1395147847809
SCENARIO	Pricing	12	START	1395147847809
SCENARIO	Pricing	35	START	1395147847809
SCENARIO	Pricing	66	START	1395147847809
SCENARIO	Pricing	54	START	1395147847809
SCENARIO	Pricing	64	START	1395147847809
SCENARIO	Pricing	2	START	1395147847809
SCENARIO	Pricing	26	START	1395147847809
SCENARIO	Pricing	5	START	1395147847810
SCENARIO	Pricing	79	START	1395147847810
SCENARIO	Pricing	59	START	1395147847810
SCENARIO	Pricing	23	START	1395147847810
SCENARIO	Pricing	74	START	1395147847810
SCENARIO	Pricing	81	START	1395147847810
SCENARIO	Pricing	93	START	1395147847810
SCENARIO	Pricing	62	START	1395147847810
SCENARIO	Pricing	96	START	1395147847810
SCENARIO	Pricing	89	START	1395147847810
SCENARIO	Pricing	85	START	1395147847810
SCENARIO	Pricing	4	START	1395147847810
SCENARIO	Pricing	87	START	1395147847810
SCENARIO	Pricing	63	START	1395147847810
SCENARIO	Pricing	29	START	1395147847810
SCENARIO	Pricing	90	START	1395147847810
SCENARIO	Pricing	43	START	1395147847810
SCENARIO	Pricing	83	START	1395147847810
SCENARIO	Pricing	80	START	1395147847810
SCENARIO	Pricing	31	START	1395147847810
SCENARIO	Pricing	15	START	1395147847810
SCENARIO	Pricing	11	START	1395147847810
SCENARIO	Pricing	67	START	1395147847810
SCENARIO	Pricing	88	START	1395147847810
SCENARIO	Pricing	41	START	1395147847810
SCENARIO	Pricing	17	START	1395147847810
SCENARIO	Pricing	50	START	1395147847810
SCENARIO	Pricing	73	START	1395147847810
SCENARIO	Pricing	57	START	1395147847810
ACTION	Pricing	41	price	1395147848123	1395147848132	1395147849103	1395147849103	OK	 
ACTION	Pricing	61	price	1395147848061	1395147848069	1395147849044	1395147849057	OK	 
ACTION	Pricing	74	price	1395147848088	1395147848098	1395147849033	1395147849058	OK	 
ACTION	Pricing	42	price	1395147847900	1395147847946	1395147849031	1395147849057	OK	 
ACTION	Pricing	19	price	1395147847857	1395147847868	1395147849133	1395147849133	OK	 
ACTION	Pricing	9	price	1395147847996	1395147848001	1395147849178	1395147849178	OK	 
ACTION	Pricing	16	price	1395147847859	1395147847866	1395147849213	1395147849214	OK	 
ACTION	Pricing	72	price	1395147847954	1395147847957	1395147849256	1395147849256	OK	 
ACTION	Pricing	98	price	1395147847859	1395147847866	1395147849289	1395147849290	OK	 
ACTION	Pricing	52	price	1395147848054	1395147848068	1395147849302	1395147849302	OK	 
ACTION	Pricing	99	price	1395147848027	1395147848035	1395147849328	1395147849328	OK	 
ACTION	Pricing	87	price	1395147848105	1395147848108	1395147849368	1395147849368	OK	 
ACTION	Pricing	39	price	1395147848043	1395147848044	1395147849405	1395147849405	OK	 
ACTION	Pricing	76	price	1395147847964	1395147847971	1395147849436	1395147849436	OK	 
ACTION	Pricing	92	price	1395147848039	1395147848043	1395147849474	1395147849474	OK	 
ACTION	Pricing	18	price	1395147847886	1395147847898	1395147849510	1395147849511	OK	 
ACTION	Pricing	77	price	1395147848025	1395147848027	1395147849554	1395147849554	OK	 
ACTION	Pricing	89	price	1395147848099	1395147848106	1395147849583	1395147849584	OK	 
ACTION	Pricing	45	price	1395147847975	1395147847989	1395147849613	1395147849613	OK	 
ACTION	Pricing	32	price	1395147847952	1395147847955	1395147849646	1395147849646	OK	 
ACTION	Pricing	54	price	1395147848077	1395147848082	1395147849677	1395147849677	OK	 
ACTION	Pricing	28	price	1395147847920	1395147847948	1395147849710	1395147849710	OK	 
ACTION	Pricing	65	price	1395147848063	1395147848075	1395147849748	1395147849748	OK	 
ACTION	Pricing	79	price	1395147848083	1395147848088	1395147849784	1395147849785	OK	 
ACTION	Pricing	35	price	1395147848074	1395147848076	1395147849821	1395147849821	OK	 
ACTION	Pricing	15	price	1395147848118	1395147848120	1395147849855	1395147849856	OK	 
ACTION	Pricing	96	price	1395147848093	1395147848102	1395147849886	1395147849886	OK	 
ACTION	Pricing	40	price	1395147848048	1395147848049	1395147849922	1395147849922	OK	 
ACTION	Pricing	2	price	1395147848079	1395147848092	1395147849959	1395147849960	OK	 
ACTION	Pricing	27	price	1395147848011	1395147848025	1395147849989	1395147849989	OK	 
ACTION	Pricing	70	price	1395147848059	1395147848064	1395147850025	1395147850025	OK	 
ACTION	Pricing	1	price	1395147847870	1395147847897	1395147850062	1395147850062	OK	 
ACTION	Pricing	64	price	1395147848078	1395147848085	1395147850097	1395147850097	OK	 
ACTION	Pricing	43	price	1395147848111	1395147848114	1395147850133	1395147850133	OK	 
ACTION	Pricing	24	price	1395147847877	1395147847896	1395147850167	1395147850168	OK	 
ACTION	Pricing	73	price	1395147848128	1395147848129	1395147850201	1395147850201	OK	 
ACTION	Pricing	33	price	1395147848004	1395147848010	1395147850237	1395147850237	OK	 
ACTION	Pricing	20	price	1395147847945	1395147847952	1395147850277	1395147850277	OK	 
ACTION	Pricing	56	price	1395147847888	1395147847898	1395147850315	1395147850315	OK	 
ACTION	Pricing	51	price	1395147848053	1395147848065	1395147850361	1395147850361	OK	 
ACTION	Pricing	85	price	1395147848101	1395147848105	1395147850393	1395147850393	OK	 
ACTION	Pricing	23	price	1395147848085	1395147848096	1395147850422	1395147850422	OK	 
ACTION	Pricing	68	price	1395147847919	1395147847948	1395147850454	1395147850454	OK	 
ACTION	Pricing	34	price	1395147848058	1395147848065	1395147850486	1395147850486	OK	 
ACTION	Pricing	91	price	1395147847997	1395147848013	1395147850516	1395147850516	OK	 
ACTION	Pricing	8	price	1395147848036	1395147848038	1395147850558	1395147850558	OK	 
ACTION	Pricing	3	price	1395147847998	1395147848020	1395147850587	1395147850587	OK	 
ACTION	Pricing	26	price	1395147848083	1395147848091	1395147850620	1395147850620	OK	 
ACTION	Pricing	84	price	1395147847994	1395147848000	1395147850655	1395147850656	OK	 
ACTION	Pricing	7	price	1395147847871	1395147847895	1395147850690	1395147850690	OK	 
ACTION	Pricing	100	price	1395147847923	1395147847950	1395147850721	1395147850722	OK	 
ACTION	Pricing	44	price	1395147848005	1395147848019	1395147850758	1395147850759	OK	 
ACTION	Pricing	29	price	1395147848109	1395147848111	1395147850838	1395147850838	OK	 
ACTION	Pricing	94	price	1395147847972	1395147847974	1395147850845	1395147850845	OK	 
ACTION	Pricing	11	price	1395147848119	1395147848122	1395147850867	1395147850867	OK	 
ACTION	Pricing	60	price	1395147847976	1395147847979	1395147850919	1395147850920	OK	 
ACTION	Pricing	59	price	1395147848084	1395147848095	1395147850954	1395147850955	OK	 
ACTION	Pricing	71	price	1395147847859	1395147847864	1395147850984	1395147850984	OK	 
ACTION	Pricing	46	price	1395147848062	1395147848072	1395147851018	1395147851019	OK	 
ACTION	Pricing	62	price	1395147848092	1395147848100	1395147851052	1395147851053	OK	 
ACTION	Pricing	4	price	1395147848103	1395147848107	1395147851085	1395147851085	OK	 
ACTION	Pricing	50	price	1395147848126	1395147848131	1395147851134	1395147851134	OK	 
ACTION	Pricing	38	price	1395147847918	1395147847946	1395147851165	1395147851166	OK	 
ACTION	Pricing	5	price	1395147848083	1395147848089	1395147851201	1395147851202	OK	 
ACTION	Pricing	69	price	1395147848004	1395147848010	1395147851233	1395147851233	OK	 
ACTION	Pricing	21	price	1395147848044	1395147848046	1395147851261	1395147851262	OK	 
ACTION	Pricing	78	price	1395147848037	1395147848039	1395147851293	1395147851293	OK	 
ACTION	Pricing	88	price	1395147848122	1395147848131	1395147851326	1395147851326	OK	 
ACTION	Pricing	95	price	1395147848065	1395147848074	1395147851357	1395147851358	OK	 
ACTION	Pricing	82	price	1395147848049	1395147848051	1395147851388	1395147851389	OK	 
ACTION	Pricing	47	price	1395147847960	1395147847963	1395147851421	1395147851421	OK	 
ACTION	Pricing	30	price	1395147847982	1395147847989	1395147851452	1395147851453	OK	 
ACTION	Pricing	90	price	1395147848109	1395147848112	1395147851488	1395147851488	OK	 
ACTION	Pricing	37	price	1395147848058	1395147848067	1395147851522	1395147851522	OK	 
ACTION	Pricing	31	price	1395147848117	1395147848119	1395147851555	1395147851555	OK	 
ACTION	Pricing	97	price	1395147848051	1395147848053	1395147851584	1395147851585	OK	 
ACTION	Pricing	63	price	1395147848106	1395147848110	1395147851617	1395147851618	OK	 
ACTION	Pricing	57	price	1395147848133	1395147848135	1395147851648	1395147851648	OK	 
ACTION	Pricing	14	price	1395147848038	1395147848041	1395147851682	1395147851682	OK	 
ACTION	Pricing	86	price	1395147847989	1395147847993	1395147851717	1395147851717	OK	 
ACTION	Pricing	53	price	1395147848046	1395147848050	1395147851752	1395147851752	OK	 
ACTION	Pricing	22	price	1395147847895	1395147847903	1395147851784	1395147851785	OK	 
ACTION	Pricing	17	price	1395147848126	1395147848130	1395147851819	1395147851819	OK	 
ACTION	Pricing	49	price	1395147847943	1395147847949	1395147851849	1395147851850	OK	 
ACTION	Pricing	6	price	1395147847885	1395147847900	1395147851884	1395147851884	OK	 
ACTION	Pricing	83	price	1395147848113	1395147848115	1395147851917	1395147851917	OK	 
ACTION	Pricing	58	price	1395147848007	1395147848015	1395147851949	1395147851949	OK	 
ACTION	Pricing	36	price	1395147847958	1395147847980	1395147852012	1395147852012	OK	 
ACTION	Pricing	66	price	1395147848076	1395147848081	1395147852015	1395147852015	OK	 
ACTION	Pricing	10	price	1395147847921	1395147847948	1395147852045	1395147852046	OK	 
ACTION	Pricing	81	price	1395147848088	1395147848097	1395147852077	1395147852078	OK	 
ACTION	Pricing	93	price	1395147848090	1395147848099	1395147852109	1395147852109	OK	 
ACTION	Pricing	80	price	1395147848114	1395147848116	1395147852145	1395147852145	OK	 
ACTION	Pricing	55	price	1395147847883	1395147847894	1395147852180	1395147852180	OK	 
ACTION	Pricing	13	price	1395147847887	1395147847908	1395147852211	1395147852212	OK	 
ACTION	Pricing	67	price	1395147848120	1395147848129	1395147852243	1395147852243	OK	 
ACTION	Pricing	48	price	1395147848066	1395147848078	1395147852274	1395147852274	OK	 
ACTION	Pricing	12	price	1395147848072	1395147848077	1395147852333	1395147852333	OK	 
ACTION	Pricing	25	price	1395147848058	1395147848067	1395147852335	1395147852335	OK	 
ACTION	Pricing	75	price	1395147847922	1395147847949	1395147852366	1395147852366	OK	 
ACTION	Pricing	41	price	1395147849127	1395147849129	1395147852398	1395147852399	OK	 
ACTION	Pricing	74	price	1395147849134	1395147849137	1395147852430	1395147852430	OK	 
ACTION	Pricing	61	price	1395147849129	1395147849133	1395147852465	1395147852466	OK	 
ACTION	Pricing	42	price	1395147849225	1395147849233	1395147852504	1395147852505	OK	 
ACTION	Pricing	9	price	1395147849238	1395147849239	1395147852543	1395147852544	OK	 
ACTION	Pricing	16	price	1395147849240	1395147849241	1395147852574	1395147852574	OK	 
ACTION	Pricing	19	price	1395147849236	1395147849237	1395147852608	1395147852608	OK	 
ACTION	Pricing	72	price	1395147849258	1395147849259	1395147852646	1395147852646	OK	 
ACTION	Pricing	98	price	1395147849292	1395147849293	1395147852678	1395147852678	OK	 
ACTION	Pricing	52	price	1395147849304	1395147849305	1395147852713	1395147852713	OK	 
ACTION	Pricing	99	price	1395147849330	1395147849331	1395147852747	1395147852748	OK	 
ACTION	Pricing	87	price	1395147849370	1395147849372	1395147852783	1395147852784	OK	 
ACTION	Pricing	39	price	1395147849407	1395147849408	1395147852818	1395147852818	OK	 
ACTION	Pricing	76	price	1395147849438	1395147849440	1395147852848	1395147852848	OK	 
ACTION	Pricing	92	price	1395147849476	1395147849477	1395147852883	1395147852884	OK	 
ACTION	Pricing	18	price	1395147849513	1395147849514	1395147852916	1395147852916	OK	 
ACTION	Pricing	77	price	1395147849556	1395147849557	1395147852949	1395147852949	OK	 
ACTION	Pricing	89	price	1395147849585	1395147849586	1395147852982	1395147852983	OK	 
ACTION	Pricing	45	price	1395147849615	1395147849616	1395147853015	1395147853015	OK	 
ACTION	Pricing	32	price	1395147849648	1395147849649	1395147853057	1395147853057	OK	 
ACTION	Pricing	54	price	1395147849681	1395147849681	1395147853077	1395147853077	OK	 
ACTION	Pricing	28	price	1395147849713	1395147849714	1395147853108	1395147853108	OK	 
ACTION	Pricing	65	price	1395147849752	1395147849752	1395147853139	1395147853140	OK	 
ACTION	Pricing	79	price	1395147849787	1395147849789	1395147853185	1395147853185	OK	 
ACTION	Pricing	35	price	1395147849823	1395147849824	1395147853216	1395147853216	OK	 
ACTION	Pricing	15	price	1395147849857	1395147849858	1395147853247	1395147853247	OK	 
ACTION	Pricing	96	price	1395147849888	1395147849889	1395147853282	1395147853282	OK	 
ACTION	Pricing	40	price	1395147849924	1395147849926	1395147853316	1395147853316	OK	 
ACTION	Pricing	2	price	1395147849961	1395147849963	1395147853352	1395147853352	OK	 
ACTION	Pricing	27	price	1395147849992	1395147849993	1395147853390	1395147853390	OK	 
ACTION	Pricing	70	price	1395147850027	1395147850028	1395147853440	1395147853440	OK	 
ACTION	Pricing	1	price	1395147850064	1395147850065	1395147853456	1395147853456	OK	 
ACTION	Pricing	64	price	1395147850099	1395147850101	1395147853509	1395147853509	OK	 
ACTION	Pricing	43	price	1395147850135	1395147850136	1395147853524	1395147853524	OK	 
ACTION	Pricing	24	price	1395147850170	1395147850171	1395147853556	1395147853557	OK	 
ACTION	Pricing	73	price	1395147850203	1395147850204	1395147853587	1395147853587	OK	 
ACTION	Pricing	33	price	1395147850239	1395147850240	1395147853626	1395147853626	OK	 
ACTION	Pricing	20	price	1395147850279	1395147850281	1395147853658	1395147853659	OK	 
ACTION	Pricing	56	price	1395147850317	1395147850318	1395147853690	1395147853691	OK	 
ACTION	Pricing	51	price	1395147850365	1395147850365	1395147853723	1395147853723	OK	 
ACTION	Pricing	85	price	1395147850395	1395147850396	1395147853754	1395147853755	OK	 
ACTION	Pricing	23	price	1395147850424	1395147850424	1395147853788	1395147853788	OK	 
ACTION	Pricing	68	price	1395147850455	1395147850456	1395147853820	1395147853820	OK	 
ACTION	Pricing	34	price	1395147850488	1395147850488	1395147853849	1395147853850	OK	 
ACTION	Pricing	91	price	1395147850518	1395147850519	1395147853882	1395147853882	OK	 
ACTION	Pricing	8	price	1395147850560	1395147850561	1395147853917	1395147853918	OK	 
ACTION	Pricing	3	price	1395147850589	1395147850589	1395147853955	1395147853955	OK	 
ACTION	Pricing	26	price	1395147850622	1395147850622	1395147853988	1395147853988	OK	 
ACTION	Pricing	84	price	1395147850657	1395147850658	1395147854022	1395147854023	OK	 
ACTION	Pricing	7	price	1395147850692	1395147850693	1395147854056	1395147854056	OK	 
ACTION	Pricing	100	price	1395147850729	1395147850730	1395147854088	1395147854089	OK	 
ACTION	Pricing	44	price	1395147850761	1395147850762	1395147854123	1395147854123	OK	 
ACTION	Pricing	29	price	1395147850846	1395147850847	1395147854157	1395147854157	OK	 
ACTION	Pricing	94	price	1395147850847	1395147850848	1395147854191	1395147854191	OK	 
ACTION	Pricing	11	price	1395147850869	1395147850869	1395147854225	1395147854226	OK	 
ACTION	Pricing	60	price	1395147850921	1395147850922	1395147854256	1395147854256	OK	 
ACTION	Pricing	59	price	1395147850957	1395147850958	1395147854286	1395147854286	OK	 
ACTION	Pricing	71	price	1395147850986	1395147850987	1395147854318	1395147854318	OK	 
ACTION	Pricing	46	price	1395147851020	1395147851022	1395147854350	1395147854350	OK	 
ACTION	Pricing	62	price	1395147851055	1395147851055	1395147854381	1395147854382	OK	 
ACTION	Pricing	4	price	1395147851087	1395147851088	1395147854414	1395147854414	OK	 
ACTION	Pricing	50	price	1395147851136	1395147851137	1395147854446	1395147854446	OK	 
ACTION	Pricing	38	price	1395147851167	1395147851168	1395147854478	1395147854478	OK	 
ACTION	Pricing	5	price	1395147851203	1395147851204	1395147854511	1395147854511	OK	 
ACTION	Pricing	69	price	1395147851235	1395147851235	1395147854542	1395147854542	OK	 
ACTION	Pricing	21	price	1395147851263	1395147851264	1395147854575	1395147854575	OK	 
ACTION	Pricing	78	price	1395147851295	1395147851295	1395147854609	1395147854609	OK	 
ACTION	Pricing	88	price	1395147851328	1395147851328	1395147854641	1395147854642	OK	 
ACTION	Pricing	95	price	1395147851359	1395147851360	1395147854674	1395147854674	OK	 
ACTION	Pricing	82	price	1395147851390	1395147851391	1395147854709	1395147854709	OK	 
ACTION	Pricing	47	price	1395147851423	1395147851424	1395147854743	1395147854743	OK	 
ACTION	Pricing	30	price	1395147851454	1395147851455	1395147854776	1395147854777	OK	 
ACTION	Pricing	90	price	1395147851489	1395147851490	1395147854806	1395147854806	OK	 
ACTION	Pricing	37	price	1395147851524	1395147851524	1395147854839	1395147854839	OK	 
ACTION	Pricing	31	price	1395147851557	1395147851557	1395147854870	1395147854871	OK	 
ACTION	Pricing	97	price	1395147851586	1395147851587	1395147854905	1395147854905	OK	 
ACTION	Pricing	63	price	1395147851619	1395147851620	1395147854935	1395147854935	OK	 
ACTION	Pricing	57	price	1395147851650	1395147851651	1395147854966	1395147854966	OK	 
ACTION	Pricing	14	price	1395147851683	1395147851684	1395147854999	1395147854999	OK	 
ACTION	Pricing	86	price	1395147851720	1395147851720	1395147855030	1395147855030	OK	 
ACTION	Pricing	53	price	1395147851754	1395147851754	1395147855063	1395147855064	OK	 
ACTION	Pricing	22	price	1395147851786	1395147851787	1395147855097	1395147855097	OK	 
ACTION	Pricing	17	price	1395147851821	1395147851822	1395147855130	1395147855130	OK	 
ACTION	Pricing	49	price	1395147851852	1395147851852	1395147855162	1395147855163	OK	 
ACTION	Pricing	6	price	1395147851886	1395147851887	1395147855192	1395147855192	OK	 
ACTION	Pricing	83	price	1395147851919	1395147851920	1395147855223	1395147855223	OK	 
ACTION	Pricing	58	price	1395147851951	1395147851952	1395147855260	1395147855260	OK	 
ACTION	Pricing	36	price	1395147852014	1395147852015	1395147855299	1395147855300	OK	 
ACTION	Pricing	66	price	1395147852017	1395147852017	1395147855333	1395147855334	OK	 
ACTION	Pricing	10	price	1395147852047	1395147852048	1395147855365	1395147855366	OK	 
ACTION	Pricing	81	price	1395147852079	1395147852080	1395147855397	1395147855397	OK	 
ACTION	Pricing	93	price	1395147852111	1395147852111	1395147855440	1395147855441	OK	 
ACTION	Pricing	80	price	1395147852147	1395147852148	1395147855474	1395147855474	OK	 
ACTION	Pricing	55	price	1395147852182	1395147852183	1395147855507	1395147855508	OK	 
ACTION	Pricing	13	price	1395147852214	1395147852214	1395147855540	1395147855540	OK	 
ACTION	Pricing	67	price	1395147852245	1395147852246	1395147855573	1395147855574	OK	 
ACTION	Pricing	48	price	1395147852276	1395147852276	1395147855602	1395147855602	OK	 
ACTION	Pricing	12	price	1395147852335	1395147852336	1395147855634	1395147855634	OK	 
ACTION	Pricing	25	price	1395147852337	1395147852338	1395147855664	1395147855664	OK	 
ACTION	Pricing	75	price	1395147852368	1395147852368	1395147855695	1395147855695	OK	 
ACTION	Pricing	41	price	1395147852401	1395147852402	1395147855725	1395147855725	OK	 
ACTION	Pricing	74	price	1395147852431	1395147852432	1395147855760	1395147855760	OK	 
ACTION	Pricing	61	price	1395147852467	1395147852467	1395147855793	1395147855793	OK	 
ACTION	Pricing	42	price	1395147852506	1395147852506	1395147855831	1395147855832	OK	 
ACTION	Pricing	9	price	1395147852545	1395147852546	1395147855866	1395147855867	OK	 
ACTION	Pricing	16	price	1395147852576	1395147852576	1395147855919	1395147855919	OK	 
ACTION	Pricing	19	price	1395147852610	1395147852610	1395147855950	1395147855950	OK	 
ACTION	Pricing	72	price	1395147852648	1395147852648	1395147855980	1395147855980	OK	 
ACTION	Pricing	98	price	1395147852681	1395147852681	1395147856012	1395147856012	OK	 
ACTION	Pricing	52	price	1395147852715	1395147852716	1395147856044	1395147856044	OK	 
ACTION	Pricing	99	price	1395147852749	1395147852750	1395147856076	1395147856076	OK	 
ACTION	Pricing	87	price	1395147852785	1395147852786	1395147856107	1395147856108	OK	 
ACTION	Pricing	39	price	1395147852820	1395147852821	1395147856142	1395147856143	OK	 
ACTION	Pricing	76	price	1395147852850	1395147852851	1395147856177	1395147856177	OK	 
ACTION	Pricing	92	price	1395147852886	1395147852886	1395147856212	1395147856212	OK	 
ACTION	Pricing	18	price	1395147852917	1395147852918	1395147856250	1395147856250	OK	 
ACTION	Pricing	77	price	1395147852951	1395147852952	1395147856282	1395147856283	OK	 
ACTION	Pricing	89	price	1395147852984	1395147852985	1395147856319	1395147856320	OK	 
ACTION	Pricing	45	price	1395147853018	1395147853018	1395147856351	1395147856351	OK	 
ACTION	Pricing	32	price	1395147853058	1395147853059	1395147856381	1395147856381	OK	 
ACTION	Pricing	54	price	1395147853079	1395147853080	1395147856412	1395147856413	OK	 
ACTION	Pricing	28	price	1395147853110	1395147853111	1395147856443	1395147856443	OK	 
ACTION	Pricing	65	price	1395147853142	1395147853142	1395147856477	1395147856478	OK	 
ACTION	Pricing	79	price	1395147853187	1395147853188	1395147856509	1395147856510	OK	 
ACTION	Pricing	35	price	1395147853218	1395147853219	1395147856544	1395147856544	OK	 
ACTION	Pricing	15	price	1395147853249	1395147853250	1395147856574	1395147856575	OK	 
ACTION	Pricing	96	price	1395147853284	1395147853284	1395147856607	1395147856607	OK	 
ACTION	Pricing	40	price	1395147853318	1395147853319	1395147856641	1395147856641	OK	 
ACTION	Pricing	2	price	1395147853354	1395147853355	1395147856671	1395147856671	OK	 
ACTION	Pricing	27	price	1395147853392	1395147853392	1395147856704	1395147856705	OK	 
ACTION	Pricing	70	price	1395147853442	1395147853442	1395147856738	1395147856739	OK	 
ACTION	Pricing	1	price	1395147853458	1395147853458	1395147856774	1395147856774	OK	 
ACTION	Pricing	64	price	1395147853511	1395147853512	1395147856809	1395147856809	OK	 
ACTION	Pricing	43	price	1395147853526	1395147853526	1395147856844	1395147856844	OK	 
ACTION	Pricing	24	price	1395147853558	1395147853559	1395147856879	1395147856880	OK	 
ACTION	Pricing	73	price	1395147853589	1395147853589	1395147856911	1395147856911	OK	 
ACTION	Pricing	33	price	1395147853628	1395147853628	1395147856945	1395147856946	OK	 
ACTION	Pricing	20	price	1395147853661	1395147853661	1395147856981	1395147856981	OK	 
ACTION	Pricing	56	price	1395147853693	1395147853693	1395147857013	1395147857013	OK	 
ACTION	Pricing	51	price	1395147853725	1395147853726	1395147857045	1395147857045	OK	 
ACTION	Pricing	85	price	1395147853757	1395147853757	1395147857078	1395147857078	OK	 
ACTION	Pricing	23	price	1395147853790	1395147853791	1395147857109	1395147857110	OK	 
ACTION	Pricing	68	price	1395147853821	1395147853822	1395147857142	1395147857142	OK	 
ACTION	Pricing	34	price	1395147853852	1395147853852	1395147857176	1395147857176	OK	 
ACTION	Pricing	91	price	1395147853884	1395147853884	1395147857208	1395147857208	OK	 
ACTION	Pricing	8	price	1395147853920	1395147853920	1395147857243	1395147857243	OK	 
ACTION	Pricing	3	price	1395147853957	1395147853957	1395147857273	1395147857274	OK	 
ACTION	Pricing	26	price	1395147853993	1395147853994	1395147857306	1395147857306	OK	 
ACTION	Pricing	84	price	1395147854024	1395147854025	1395147857342	1395147857343	OK	 
ACTION	Pricing	7	price	1395147854057	1395147854058	1395147857376	1395147857376	OK	 
ACTION	Pricing	100	price	1395147854090	1395147854091	1395147857412	1395147857412	OK	 
ACTION	Pricing	44	price	1395147854125	1395147854126	1395147857443	1395147857443	OK	 
ACTION	Pricing	29	price	1395147854159	1395147854160	1395147857476	1395147857476	OK	 
ACTION	Pricing	94	price	1395147854193	1395147854194	1395147857508	1395147857508	OK	 
ACTION	Pricing	11	price	1395147854227	1395147854228	1395147857539	1395147857539	OK	 
ACTION	Pricing	60	price	1395147854258	1395147854258	1395147857573	1395147857573	OK	 
ACTION	Pricing	59	price	1395147854288	1395147854288	1395147857608	1395147857608	OK	 
ACTION	Pricing	71	price	1395147854320	1395147854321	1395147857665	1395147857665	OK	 
ACTION	Pricing	46	price	1395147854352	1395147854352	1395147857680	1395147857680	OK	 
ACTION	Pricing	62	price	1395147854383	1395147854384	1395147857711	1395147857711	OK	 
ACTION	Pricing	4	price	1395147854416	1395147854417	1395147857742	1395147857742	OK	 
ACTION	Pricing	50	price	1395147854448	1395147854448	1395147857773	1395147857774	OK	 
ACTION	Pricing	38	price	1395147854480	1395147854480	1395147857806	1395147857806	OK	 
ACTION	Pricing	5	price	1395147854513	1395147854516	1395147857840	1395147857840	OK	 
ACTION	Pricing	69	price	1395147854544	1395147854544	1395147857872	1395147857873	OK	 
ACTION	Pricing	21	price	1395147854577	1395147854577	1395147857908	1395147857908	OK	 
ACTION	Pricing	78	price	1395147854611	1395147854611	1395147857953	1395147857954	OK	 
ACTION	Pricing	88	price	1395147854644	1395147854644	1395147857982	1395147857983	OK	 
ACTION	Pricing	95	price	1395147854676	1395147854676	1395147858013	1395147858014	OK	 
ACTION	Pricing	82	price	1395147854711	1395147854712	1395147858044	1395147858044	OK	 
ACTION	Pricing	47	price	1395147854744	1395147854745	1395147858079	1395147858079	OK	 
ACTION	Pricing	30	price	1395147854778	1395147854779	1395147858113	1395147858113	OK	 
ACTION	Pricing	90	price	1395147854808	1395147854808	1395147858147	1395147858147	OK	 
ACTION	Pricing	37	price	1395147854840	1395147854841	1395147858182	1395147858182	OK	 
ACTION	Pricing	31	price	1395147854872	1395147854873	1395147858216	1395147858216	OK	 
ACTION	Pricing	97	price	1395147854907	1395147854907	1395147858251	1395147858251	OK	 
ACTION	Pricing	63	price	1395147854937	1395147854938	1395147858284	1395147858285	OK	 
ACTION	Pricing	57	price	1395147854967	1395147854968	1395147858315	1395147858315	OK	 
ACTION	Pricing	14	price	1395147855001	1395147855001	1395147858346	1395147858346	OK	 
ACTION	Pricing	86	price	1395147855032	1395147855032	1395147858379	1395147858379	OK	 
ACTION	Pricing	53	price	1395147855066	1395147855066	1395147858413	1395147858414	OK	 
ACTION	Pricing	22	price	1395147855099	1395147855099	1395147858445	1395147858445	OK	 
ACTION	Pricing	17	price	1395147855133	1395147855133	1395147858481	1395147858481	OK	 
ACTION	Pricing	49	price	1395147855164	1395147855165	1395147858513	1395147858513	OK	 
ACTION	Pricing	6	price	1395147855194	1395147855194	1395147858545	1395147858545	OK	 
ACTION	Pricing	83	price	1395147855225	1395147855226	1395147858576	1395147858576	OK	 
ACTION	Pricing	58	price	1395147855263	1395147855263	1395147858606	1395147858606	OK	 
ACTION	Pricing	36	price	1395147855302	1395147855303	1395147858636	1395147858637	OK	 
ACTION	Pricing	66	price	1395147855335	1395147855336	1395147858667	1395147858667	OK	 
ACTION	Pricing	10	price	1395147855367	1395147855368	1395147858700	1395147858700	OK	 
ACTION	Pricing	81	price	1395147855399	1395147855399	1395147858737	1395147858737	OK	 
ACTION	Pricing	93	price	1395147855443	1395147855443	1395147858773	1395147858773	OK	 
ACTION	Pricing	80	price	1395147855476	1395147855476	1395147858805	1395147858806	OK	 
ACTION	Pricing	55	price	1395147855509	1395147855510	1395147858840	1395147858841	OK	 
ACTION	Pricing	13	price	1395147855542	1395147855543	1395147858871	1395147858871	OK	 
ACTION	Pricing	67	price	1395147855575	1395147855576	1395147858909	1395147858909	OK	 
ACTION	Pricing	48	price	1395147855604	1395147855605	1395147858939	1395147858940	OK	 
ACTION	Pricing	12	price	1395147855636	1395147855636	1395147858969	1395147858969	OK	 
ACTION	Pricing	25	price	1395147855665	1395147855666	1395147859001	1395147859001	OK	 
ACTION	Pricing	75	price	1395147855696	1395147855697	1395147859033	1395147859033	OK	 
ACTION	Pricing	41	price	1395147855727	1395147855728	1395147859065	1395147859065	OK	 
ACTION	Pricing	74	price	1395147855762	1395147855763	1395147859098	1395147859098	OK	 
ACTION	Pricing	61	price	1395147855795	1395147855795	1395147859134	1395147859134	OK	 
ACTION	Pricing	42	price	1395147855835	1395147855835	1395147859168	1395147859168	OK	 
ACTION	Pricing	9	price	1395147855868	1395147855869	1395147859203	1395147859203	OK	 
ACTION	Pricing	16	price	1395147855921	1395147855922	1395147859238	1395147859238	OK	 
ACTION	Pricing	19	price	1395147855952	1395147855953	1395147859271	1395147859272	OK	 
ACTION	Pricing	72	price	1395147855982	1395147855983	1395147859307	1395147859307	OK	 
ACTION	Pricing	98	price	1395147856013	1395147856014	1395147859338	1395147859338	OK	 
ACTION	Pricing	52	price	1395147856046	1395147856046	1395147859369	1395147859369	OK	 
ACTION	Pricing	99	price	1395147856078	1395147856079	1395147859402	1395147859402	OK	 
ACTION	Pricing	87	price	1395147856109	1395147856110	1395147859434	1395147859434	OK	 
ACTION	Pricing	39	price	1395147856145	1395147856145	1395147859467	1395147859467	OK	 
ACTION	Pricing	76	price	1395147856179	1395147856179	1395147859498	1395147859498	OK	 
ACTION	Pricing	92	price	1395147856216	1395147856216	1395147859531	1395147859532	OK	 
ACTION	Pricing	18	price	1395147856252	1395147856253	1395147859565	1395147859565	OK	 
ACTION	Pricing	77	price	1395147856284	1395147856285	1395147859598	1395147859598	OK	 
ACTION	Pricing	89	price	1395147856322	1395147856323	1395147859629	1395147859629	OK	 
ACTION	Pricing	45	price	1395147856353	1395147856354	1395147859663	1395147859663	OK	 
ACTION	Pricing	32	price	1395147856383	1395147856383	1395147859698	1395147859698	OK	 
ACTION	Pricing	54	price	1395147856414	1395147856415	1395147859744	1395147859744	OK	 
ACTION	Pricing	28	price	1395147856445	1395147856445	1395147859778	1395147859778	OK	 
ACTION	Pricing	65	price	1395147856479	1395147856480	1395147859813	1395147859814	OK	 
ACTION	Pricing	79	price	1395147856511	1395147856512	1395147859854	1395147859854	OK	 
ACTION	Pricing	35	price	1395147856545	1395147856546	1395147859892	1395147859892	OK	 
ACTION	Pricing	15	price	1395147856576	1395147856577	1395147859920	1395147859920	OK	 
ACTION	Pricing	96	price	1395147856609	1395147856609	1395147859958	1395147859958	OK	 
ACTION	Pricing	40	price	1395147856643	1395147856643	1395147859989	1395147859990	OK	 
ACTION	Pricing	2	price	1395147856673	1395147856674	1395147860022	1395147860023	OK	 
ACTION	Pricing	27	price	1395147856706	1395147856707	1395147860053	1395147860054	OK	 
ACTION	Pricing	70	price	1395147856740	1395147856740	1395147860087	1395147860088	OK	 
ACTION	Pricing	1	price	1395147856776	1395147856776	1395147860119	1395147860119	OK	 
ACTION	Pricing	64	price	1395147856811	1395147856812	1395147860151	1395147860152	OK	 
ACTION	Pricing	43	price	1395147856846	1395147856846	1395147860183	1395147860183	OK	 
ACTION	Pricing	24	price	1395147856881	1395147856882	1395147860216	1395147860217	OK	 
ACTION	Pricing	73	price	1395147856913	1395147856913	1395147860248	1395147860248	OK	 
ACTION	Pricing	33	price	1395147856947	1395147856948	1395147860286	1395147860286	OK	 
ACTION	Pricing	20	price	1395147856983	1395147856983	1395147860321	1395147860322	OK	 
ACTION	Pricing	56	price	1395147857014	1395147857015	1395147860353	1395147860354	OK	 
ACTION	Pricing	51	price	1395147857046	1395147857047	1395147860386	1395147860387	OK	 
ACTION	Pricing	85	price	1395147857080	1395147857080	1395147860418	1395147860418	OK	 
ACTION	Pricing	23	price	1395147857111	1395147857112	1395147860453	1395147860453	OK	 
ACTION	Pricing	68	price	1395147857144	1395147857144	1395147860488	1395147860488	OK	 
ACTION	Pricing	34	price	1395147857177	1395147857178	1395147860519	1395147860520	OK	 
ACTION	Pricing	91	price	1395147857210	1395147857211	1395147860554	1395147860554	OK	 
ACTION	Pricing	8	price	1395147857244	1395147857245	1395147860585	1395147860585	OK	 
ACTION	Pricing	3	price	1395147857275	1395147857276	1395147860620	1395147860621	OK	 
ACTION	Pricing	26	price	1395147857308	1395147857309	1395147860652	1395147860653	OK	 
ACTION	Pricing	84	price	1395147857345	1395147857345	1395147860716	1395147860716	OK	 
ACTION	Pricing	7	price	1395147857378	1395147857379	1395147860730	1395147860731	OK	 
ACTION	Pricing	100	price	1395147857414	1395147857414	1395147860763	1395147860763	OK	 
ACTION	Pricing	44	price	1395147857445	1395147857446	1395147860799	1395147860799	OK	 
ACTION	Pricing	29	price	1395147857478	1395147857478	1395147860832	1395147860832	OK	 
ACTION	Pricing	94	price	1395147857509	1395147857510	1395147860865	1395147860865	OK	 
ACTION	Pricing	11	price	1395147857542	1395147857542	1395147860897	1395147860897	OK	 
ACTION	Pricing	60	price	1395147857575	1395147857575	1395147860931	1395147860931	OK	 
ACTION	Pricing	59	price	1395147857610	1395147857610	1395147860963	1395147860964	OK	 
ACTION	Pricing	71	price	1395147857667	1395147857667	1395147860996	1395147860996	OK	 
ACTION	Pricing	46	price	1395147857682	1395147857682	1395147861032	1395147861032	OK	 
ACTION	Pricing	62	price	1395147857713	1395147857714	1395147861069	1395147861069	OK	 
ACTION	Pricing	4	price	1395147857745	1395147857746	1395147861103	1395147861103	OK	 
ACTION	Pricing	50	price	1395147857777	1395147857777	1395147861134	1395147861134	OK	 
ACTION	Pricing	38	price	1395147857808	1395147857808	1395147861167	1395147861168	OK	 
ACTION	Pricing	5	price	1395147857843	1395147857843	1395147861200	1395147861200	OK	 
ACTION	Pricing	69	price	1395147857874	1395147857875	1395147861236	1395147861237	OK	 
ACTION	Pricing	21	price	1395147857909	1395147857910	1395147861276	1395147861276	OK	 
ACTION	Pricing	78	price	1395147857955	1395147857956	1395147861313	1395147861313	OK	 
ACTION	Pricing	88	price	1395147857984	1395147857985	1395147861352	1395147861353	OK	 
ACTION	Pricing	95	price	1395147858015	1395147858016	1395147861387	1395147861387	OK	 
ACTION	Pricing	82	price	1395147858046	1395147858046	1395147861423	1395147861423	OK	 
ACTION	Pricing	47	price	1395147858081	1395147858081	1395147861454	1395147861455	OK	 
ACTION	Pricing	30	price	1395147858115	1395147858115	1395147861489	1395147861490	OK	 
ACTION	Pricing	90	price	1395147858148	1395147858149	1395147861521	1395147861521	OK	 
ACTION	Pricing	37	price	1395147858184	1395147858184	1395147861555	1395147861556	OK	 
ACTION	Pricing	31	price	1395147858218	1395147858218	1395147861590	1395147861590	OK	 
ACTION	Pricing	97	price	1395147858253	1395147858253	1395147861627	1395147861627	OK	 
ACTION	Pricing	63	price	1395147858286	1395147858287	1395147861661	1395147861661	OK	 
ACTION	Pricing	57	price	1395147858317	1395147858317	1395147861692	1395147861692	OK	 
ACTION	Pricing	14	price	1395147858348	1395147858348	1395147861725	1395147861726	OK	 
ACTION	Pricing	86	price	1395147858381	1395147858382	1395147861761	1395147861761	OK	 
ACTION	Pricing	53	price	1395147858415	1395147858415	1395147861797	1395147861797	OK	 
ACTION	Pricing	22	price	1395147858446	1395147858447	1395147861835	1395147861835	OK	 
ACTION	Pricing	17	price	1395147858483	1395147858484	1395147861869	1395147861869	OK	 
ACTION	Pricing	49	price	1395147858514	1395147858515	1395147861915	1395147861915	OK	 
ACTION	Pricing	6	price	1395147858547	1395147858547	1395147861947	1395147861947	OK	 
ACTION	Pricing	83	price	1395147858577	1395147858578	1395147861980	1395147861980	OK	 
ACTION	Pricing	58	price	1395147858608	1395147858608	1395147862013	1395147862013	OK	 
ACTION	Pricing	36	price	1395147858638	1395147858639	1395147862048	1395147862049	OK	 
ACTION	Pricing	66	price	1395147858669	1395147858669	1395147862081	1395147862081	OK	 
ACTION	Pricing	10	price	1395147858702	1395147858702	1395147862115	1395147862115	OK	 
ACTION	Pricing	81	price	1395147858739	1395147858739	1395147862148	1395147862149	OK	 
ACTION	Pricing	93	price	1395147858776	1395147858776	1395147862182	1395147862182	OK	 
ACTION	Pricing	80	price	1395147858807	1395147858809	1395147862216	1395147862216	OK	 
ACTION	Pricing	55	price	1395147858842	1395147858843	1395147862250	1395147862251	OK	 
ACTION	Pricing	13	price	1395147858873	1395147858874	1395147862287	1395147862288	OK	 
ACTION	Pricing	67	price	1395147858910	1395147858911	1395147862323	1395147862324	OK	 
ACTION	Pricing	48	price	1395147858941	1395147858942	1395147862356	1395147862357	OK	 
ACTION	Pricing	12	price	1395147858971	1395147858971	1395147862392	1395147862392	OK	 
ACTION	Pricing	25	price	1395147859003	1395147859004	1395147862425	1395147862425	OK	 
ACTION	Pricing	75	price	1395147859034	1395147859035	1395147862459	1395147862459	OK	 
ACTION	Pricing	41	price	1395147859067	1395147859067	1395147862491	1395147862492	OK	 
ACTION	Pricing	74	price	1395147859101	1395147859101	1395147862522	1395147862523	OK	 
ACTION	Pricing	61	price	1395147859135	1395147859136	1395147862557	1395147862557	OK	 
ACTION	Pricing	42	price	1395147859170	1395147859170	1395147862591	1395147862592	OK	 
ACTION	Pricing	9	price	1395147859205	1395147859205	1395147862628	1395147862629	OK	 
ACTION	Pricing	16	price	1395147859240	1395147859240	1395147862663	1395147862663	OK	 
ACTION	Pricing	19	price	1395147859273	1395147859274	1395147862698	1395147862698	OK	 
ACTION	Pricing	72	price	1395147859316	1395147859317	1395147862729	1395147862729	OK	 
ACTION	Pricing	98	price	1395147859340	1395147859340	1395147862768	1395147862769	OK	 
ACTION	Pricing	52	price	1395147859371	1395147859371	1395147862806	1395147862806	OK	 
ACTION	Pricing	99	price	1395147859403	1395147859404	1395147862841	1395147862842	OK	 
ACTION	Pricing	87	price	1395147859436	1395147859436	1395147862880	1395147862881	OK	 
ACTION	Pricing	39	price	1395147859469	1395147859469	1395147862919	1395147862919	OK	 
ACTION	Pricing	76	price	1395147859499	1395147859500	1395147862948	1395147862948	OK	 
ACTION	Pricing	92	price	1395147859533	1395147859534	1395147862982	1395147862983	OK	 
ACTION	Pricing	18	price	1395147859567	1395147859568	1395147863017	1395147863017	OK	 
ACTION	Pricing	77	price	1395147859600	1395147859601	1395147863049	1395147863050	OK	 
ACTION	Pricing	89	price	1395147859632	1395147859632	1395147863080	1395147863080	OK	 
ACTION	Pricing	45	price	1395147859664	1395147859665	1395147863114	1395147863114	OK	 
ACTION	Pricing	32	price	1395147859699	1395147859701	1395147863148	1395147863148	OK	 
ACTION	Pricing	54	price	1395147859745	1395147859746	1395147863181	1395147863181	OK	 
ACTION	Pricing	28	price	1395147859780	1395147859780	1395147863212	1395147863212	OK	 
ACTION	Pricing	65	price	1395147859815	1395147859815	1395147863245	1395147863245	OK	 
ACTION	Pricing	79	price	1395147859856	1395147859856	1395147863276	1395147863276	OK	 
ACTION	Pricing	35	price	1395147859894	1395147859895	1395147863308	1395147863308	OK	 
ACTION	Pricing	15	price	1395147859922	1395147859922	1395147863342	1395147863343	OK	 
ACTION	Pricing	96	price	1395147859960	1395147859960	1395147863374	1395147863374	OK	 
ACTION	Pricing	40	price	1395147859991	1395147859992	1395147863408	1395147863409	OK	 
ACTION	Pricing	2	price	1395147860024	1395147860025	1395147863441	1395147863441	OK	 
ACTION	Pricing	27	price	1395147860055	1395147860055	1395147863474	1395147863474	OK	 
ACTION	Pricing	70	price	1395147860089	1395147860089	1395147863508	1395147863508	OK	 
ACTION	Pricing	1	price	1395147860121	1395147860121	1395147863543	1395147863544	OK	 
ACTION	Pricing	64	price	1395147860153	1395147860154	1395147863577	1395147863577	OK	 
ACTION	Pricing	43	price	1395147860185	1395147860185	1395147863607	1395147863607	OK	 
ACTION	Pricing	24	price	1395147860218	1395147860219	1395147863639	1395147863639	OK	 
ACTION	Pricing	73	price	1395147860250	1395147860250	1395147863672	1395147863673	OK	 
ACTION	Pricing	33	price	1395147860287	1395147860288	1395147863706	1395147863706	OK	 
ACTION	Pricing	20	price	1395147860323	1395147860324	1395147863741	1395147863742	OK	 
ACTION	Pricing	56	price	1395147860355	1395147860356	1395147863775	1395147863775	OK	 
ACTION	Pricing	51	price	1395147860388	1395147860389	1395147863805	1395147863806	OK	 
ACTION	Pricing	85	price	1395147860420	1395147860421	1395147863839	1395147863839	OK	 
ACTION	Pricing	23	price	1395147860454	1395147860455	1395147863871	1395147863872	OK	 
ACTION	Pricing	68	price	1395147860490	1395147860490	1395147863903	1395147863903	OK	 
ACTION	Pricing	34	price	1395147860521	1395147860522	1395147863936	1395147863937	OK	 
ACTION	Pricing	91	price	1395147860556	1395147860556	1395147863972	1395147863972	OK	 
ACTION	Pricing	8	price	1395147860586	1395147860587	1395147864004	1395147864004	OK	 
ACTION	Pricing	3	price	1395147860622	1395147860623	1395147864041	1395147864041	OK	 
ACTION	Pricing	26	price	1395147860654	1395147860655	1395147864078	1395147864078	OK	 
ACTION	Pricing	84	price	1395147860718	1395147860718	1395147864109	1395147864110	OK	 
ACTION	Pricing	7	price	1395147860732	1395147860733	1395147864145	1395147864145	OK	 
ACTION	Pricing	100	price	1395147860765	1395147860765	1395147864180	1395147864180	OK	 
ACTION	Pricing	44	price	1395147860802	1395147860803	1395147864216	1395147864216	OK	 
ACTION	Pricing	29	price	1395147860834	1395147860834	1395147864252	1395147864252	OK	 
ACTION	Pricing	94	price	1395147860866	1395147860867	1395147864283	1395147864284	OK	 
ACTION	Pricing	11	price	1395147860899	1395147860899	1395147864317	1395147864318	OK	 
ACTION	Pricing	60	price	1395147860932	1395147860933	1395147864351	1395147864352	OK	 
ACTION	Pricing	59	price	1395147860965	1395147860966	1395147864386	1395147864386	OK	 
ACTION	Pricing	71	price	1395147861000	1395147861001	1395147864420	1395147864420	OK	 
ACTION	Pricing	46	price	1395147861034	1395147861034	1395147864450	1395147864451	OK	 
ACTION	Pricing	62	price	1395147861070	1395147861071	1395147864481	1395147864481	OK	 
ACTION	Pricing	4	price	1395147861105	1395147861105	1395147864512	1395147864512	OK	 
ACTION	Pricing	50	price	1395147861136	1395147861136	1395147864544	1395147864544	OK	 
ACTION	Pricing	38	price	1395147861169	1395147861170	1395147864577	1395147864577	OK	 
ACTION	Pricing	5	price	1395147861203	1395147861203	1395147864612	1395147864613	OK	 
ACTION	Pricing	69	price	1395147861239	1395147861239	1395147864644	1395147864644	OK	 
ACTION	Pricing	21	price	1395147861277	1395147861278	1395147864678	1395147864678	OK	 
ACTION	Pricing	78	price	1395147861315	1395147861315	1395147864712	1395147864712	OK	 
ACTION	Pricing	88	price	1395147861354	1395147861364	1395147864746	1395147864747	OK	 
ACTION	Pricing	95	price	1395147861389	1395147861389	1395147864779	1395147864779	OK	 
ACTION	Pricing	82	price	1395147861424	1395147861425	1395147864813	1395147864813	OK	 
ACTION	Pricing	47	price	1395147861456	1395147861457	1395147864849	1395147864849	OK	 
ACTION	Pricing	30	price	1395147861492	1395147861492	1395147864883	1395147864884	OK	 
ACTION	Pricing	90	price	1395147861522	1395147861523	1395147864918	1395147864918	OK	 
ACTION	Pricing	37	price	1395147861557	1395147861558	1395147864950	1395147864950	OK	 
ACTION	Pricing	31	price	1395147861592	1395147861592	1395147864983	1395147864983	OK	 
ACTION	Pricing	97	price	1395147861629	1395147861629	1395147865018	1395147865018	OK	 
ACTION	Pricing	63	price	1395147861663	1395147861663	1395147865052	1395147865052	OK	 
ACTION	Pricing	57	price	1395147861694	1395147861694	1395147865084	1395147865084	OK	 
ACTION	Pricing	14	price	1395147861727	1395147861728	1395147865116	1395147865116	OK	 
ACTION	Pricing	86	price	1395147861762	1395147861763	1395147865150	1395147865151	OK	 
ACTION	Pricing	53	price	1395147861799	1395147861799	1395147865186	1395147865186	OK	 
ACTION	Pricing	22	price	1395147861836	1395147861837	1395147865219	1395147865219	OK	 
ACTION	Pricing	17	price	1395147861871	1395147861871	1395147865249	1395147865252	OK	 
ACTION	Pricing	49	price	1395147861917	1395147861917	1395147865287	1395147865287	OK	 
ACTION	Pricing	6	price	1395147861948	1395147861949	1395147865322	1395147865322	OK	 
ACTION	Pricing	83	price	1395147861981	1395147861982	1395147865358	1395147865358	OK	 
ACTION	Pricing	58	price	1395147862015	1395147862016	1395147865395	1395147865395	OK	 
ACTION	Pricing	36	price	1395147862050	1395147862051	1395147865431	1395147865431	OK	 
ACTION	Pricing	66	price	1395147862082	1395147862083	1395147865467	1395147865468	OK	 
ACTION	Pricing	10	price	1395147862117	1395147862117	1395147865508	1395147865508	OK	 
ACTION	Pricing	81	price	1395147862150	1395147862151	1395147865545	1395147865545	OK	 
ACTION	Pricing	93	price	1395147862184	1395147862184	1395147865579	1395147865579	OK	 
ACTION	Pricing	80	price	1395147862217	1395147862218	1395147865616	1395147865616	OK	 
ACTION	Pricing	55	price	1395147862252	1395147862253	1395147865652	1395147865653	OK	 
ACTION	Pricing	13	price	1395147862290	1395147862290	1395147865687	1395147865688	OK	 
ACTION	Pricing	67	price	1395147862326	1395147862326	1395147865743	1395147865744	OK	 
ACTION	Pricing	48	price	1395147862358	1395147862358	1395147865768	1395147865768	OK	 
ACTION	Pricing	12	price	1395147862394	1395147862394	1395147865802	1395147865802	OK	 
ACTION	Pricing	25	price	1395147862427	1395147862427	1395147865834	1395147865834	OK	 
ACTION	Pricing	75	price	1395147862461	1395147862461	1395147865865	1395147865865	OK	 
ACTION	Pricing	41	price	1395147862493	1395147862493	1395147865899	1395147865900	OK	 
ACTION	Pricing	74	price	1395147862524	1395147862525	1395147865932	1395147865932	OK	 
ACTION	Pricing	61	price	1395147862559	1395147862559	1395147865964	1395147865964	OK	 
ACTION	Pricing	42	price	1395147862593	1395147862594	1395147865996	1395147865997	OK	 
ACTION	Pricing	9	price	1395147862630	1395147862631	1395147866026	1395147866026	OK	 
ACTION	Pricing	16	price	1395147862665	1395147862665	1395147866059	1395147866059	OK	 
ACTION	Pricing	19	price	1395147862699	1395147862700	1395147866093	1395147866093	OK	 
ACTION	Pricing	72	price	1395147862730	1395147862731	1395147866131	1395147866131	OK	 
ACTION	Pricing	98	price	1395147862770	1395147862771	1395147866165	1395147866165	OK	 
ACTION	Pricing	52	price	1395147862808	1395147862808	1395147866200	1395147866200	OK	 
ACTION	Pricing	99	price	1395147862844	1395147862845	1395147866229	1395147866230	OK	 
ACTION	Pricing	87	price	1395147862882	1395147862883	1395147866263	1395147866263	OK	 
ACTION	Pricing	39	price	1395147862921	1395147862921	1395147866295	1395147866296	OK	 
ACTION	Pricing	76	price	1395147862950	1395147862950	1395147866327	1395147866328	OK	 
ACTION	Pricing	92	price	1395147862984	1395147862985	1395147866362	1395147866362	OK	 
ACTION	Pricing	18	price	1395147863019	1395147863019	1395147866394	1395147866394	OK	 
ACTION	Pricing	77	price	1395147863051	1395147863052	1395147866428	1395147866428	OK	 
ACTION	Pricing	89	price	1395147863082	1395147863082	1395147866458	1395147866458	OK	 
ACTION	Pricing	45	price	1395147863116	1395147863116	1395147866491	1395147866491	OK	 
ACTION	Pricing	32	price	1395147863150	1395147863150	1395147866523	1395147866524	OK	 
ACTION	Pricing	54	price	1395147863182	1395147863183	1395147866556	1395147866556	OK	 
ACTION	Pricing	28	price	1395147863213	1395147863214	1395147866591	1395147866591	OK	 
ACTION	Pricing	65	price	1395147863246	1395147863247	1395147866622	1395147866623	OK	 
ACTION	Pricing	79	price	1395147863277	1395147863278	1395147866663	1395147866663	OK	 
ACTION	Pricing	35	price	1395147863309	1395147863310	1395147866702	1395147866704	OK	 
ACTION	Pricing	15	price	1395147863344	1395147863345	1395147866743	1395147866743	OK	 
ACTION	Pricing	96	price	1395147863376	1395147863383	1395147866788	1395147866788	OK	 
ACTION	Pricing	40	price	1395147863410	1395147863411	1395147866820	1395147866821	OK	 
ACTION	Pricing	2	price	1395147863443	1395147863443	1395147866858	1395147866858	OK	 
ACTION	Pricing	27	price	1395147863475	1395147863476	1395147866893	1395147866893	OK	 
ACTION	Pricing	70	price	1395147863509	1395147863510	1395147866929	1395147866930	OK	 
ACTION	Pricing	1	price	1395147863546	1395147863546	1395147866969	1395147866969	OK	 
ACTION	Pricing	64	price	1395147863579	1395147863579	1395147867007	1395147867007	OK	 
ACTION	Pricing	43	price	1395147863609	1395147863609	1395147867039	1395147867040	OK	 
ACTION	Pricing	24	price	1395147863641	1395147863641	1395147867074	1395147867074	OK	 
ACTION	Pricing	73	price	1395147863674	1395147863674	1395147867107	1395147867107	OK	 
ACTION	Pricing	33	price	1395147863708	1395147863708	1395147867140	1395147867140	OK	 
ACTION	Pricing	20	price	1395147863743	1395147863744	1395147867172	1395147867172	OK	 
ACTION	Pricing	56	price	1395147863777	1395147863777	1395147867207	1395147867207	OK	 
ACTION	Pricing	51	price	1395147863808	1395147863809	1395147867239	1395147867239	OK	 
ACTION	Pricing	85	price	1395147863841	1395147863841	1395147867272	1395147867272	OK	 
ACTION	Pricing	23	price	1395147863873	1395147863874	1395147867307	1395147867307	OK	 
ACTION	Pricing	68	price	1395147863905	1395147863905	1395147867342	1395147867342	OK	 
ACTION	Pricing	34	price	1395147863938	1395147863939	1395147867374	1395147867375	OK	 
ACTION	Pricing	91	price	1395147863973	1395147863974	1395147867408	1395147867409	OK	 
ACTION	Pricing	8	price	1395147864006	1395147864006	1395147867441	1395147867441	OK	 
ACTION	Pricing	3	price	1395147864043	1395147864043	1395147867475	1395147867475	OK	 
ACTION	Pricing	26	price	1395147864080	1395147864080	1395147867510	1395147867511	OK	 
ACTION	Pricing	84	price	1395147864112	1395147864113	1395147867548	1395147867548	OK	 
ACTION	Pricing	7	price	1395147864147	1395147864147	1395147867582	1395147867583	OK	 
ACTION	Pricing	100	price	1395147864183	1395147864183	1395147867620	1395147867620	OK	 
ACTION	Pricing	44	price	1395147864218	1395147864218	1395147867648	1395147867648	OK	 
ACTION	Pricing	29	price	1395147864253	1395147864253	1395147867684	1395147867685	OK	 
ACTION	Pricing	94	price	1395147864285	1395147864285	1395147867719	1395147867719	OK	 
ACTION	Pricing	11	price	1395147864319	1395147864320	1395147867751	1395147867751	OK	 
ACTION	Pricing	60	price	1395147864353	1395147864354	1395147867784	1395147867784	OK	 
ACTION	Pricing	59	price	1395147864388	1395147864388	1395147867817	1395147867817	OK	 
ACTION	Pricing	71	price	1395147864421	1395147864421	1395147867856	1395147867856	OK	 
ACTION	Pricing	46	price	1395147864452	1395147864453	1395147867889	1395147867889	OK	 
ACTION	Pricing	62	price	1395147864482	1395147864483	1395147867921	1395147867921	OK	 
ACTION	Pricing	4	price	1395147864513	1395147864514	1395147867954	1395147867954	OK	 
ACTION	Pricing	50	price	1395147864546	1395147864546	1395147867987	1395147867987	OK	 
ACTION	Pricing	38	price	1395147864579	1395147864580	1395147868020	1395147868021	OK	 
ACTION	Pricing	5	price	1395147864614	1395147864615	1395147868056	1395147868056	OK	 
ACTION	Pricing	69	price	1395147864645	1395147864646	1395147868095	1395147868096	OK	 
ACTION	Pricing	21	price	1395147864684	1395147864685	1395147868132	1395147868132	OK	 
ACTION	Pricing	78	price	1395147864714	1395147864714	1395147868166	1395147868166	OK	 
ACTION	Pricing	88	price	1395147864748	1395147864748	1395147868200	1395147868201	OK	 
ACTION	Pricing	95	price	1395147864780	1395147864781	1395147868240	1395147868244	OK	 
ACTION	Pricing	82	price	1395147864815	1395147864815	1395147868282	1395147868283	OK	 
ACTION	Pricing	47	price	1395147864851	1395147864851	1395147868323	1395147868323	OK	 
ACTION	Pricing	30	price	1395147864885	1395147864885	1395147868361	1395147868362	OK	 
ACTION	Pricing	90	price	1395147864919	1395147864920	1395147868400	1395147868400	OK	 
ACTION	Pricing	37	price	1395147864952	1395147864952	1395147868434	1395147868435	OK	 
ACTION	Pricing	31	price	1395147864985	1395147864986	1395147868469	1395147868469	OK	 
ACTION	Pricing	97	price	1395147865020	1395147865021	1395147868502	1395147868503	OK	 
ACTION	Pricing	63	price	1395147865055	1395147865055	1395147868536	1395147868536	OK	 
ACTION	Pricing	57	price	1395147865086	1395147865086	1395147868570	1395147868571	OK	 
ACTION	Pricing	14	price	1395147865118	1395147865118	1395147868604	1395147868604	OK	 
ACTION	Pricing	86	price	1395147865153	1395147865153	1395147868637	1395147868637	OK	 
ACTION	Pricing	53	price	1395147865188	1395147865188	1395147868668	1395147868668	OK	 
ACTION	Pricing	22	price	1395147865221	1395147865221	1395147868702	1395147868702	OK	 
ACTION	Pricing	17	price	1395147865253	1395147865254	1395147868735	1395147868736	OK	 
ACTION	Pricing	49	price	1395147865289	1395147865290	1395147868768	1395147868769	OK	 
ACTION	Pricing	6	price	1395147865324	1395147865325	1395147868799	1395147868799	OK	 
ACTION	Pricing	83	price	1395147865359	1395147865360	1395147868833	1395147868833	OK	 
ACTION	Pricing	58	price	1395147865397	1395147865397	1395147868870	1395147868870	OK	 
ACTION	Pricing	36	price	1395147865433	1395147865433	1395147868906	1395147868906	OK	 
ACTION	Pricing	66	price	1395147865470	1395147865470	1395147868939	1395147868939	OK	 
ACTION	Pricing	10	price	1395147865510	1395147865510	1395147868974	1395147868974	OK	 
ACTION	Pricing	81	price	1395147865547	1395147865547	1395147869008	1395147869008	OK	 
ACTION	Pricing	93	price	1395147865581	1395147865582	1395147869042	1395147869042	OK	 
ACTION	Pricing	80	price	1395147865618	1395147865619	1395147869076	1395147869076	OK	 
ACTION	Pricing	55	price	1395147865654	1395147865655	1395147869110	1395147869110	OK	 
ACTION	Pricing	13	price	1395147865689	1395147865745	1395147869142	1395147869142	OK	 
ACTION	Pricing	67	price	1395147865746	1395147865752	1395147869177	1395147869177	OK	 
ACTION	Pricing	48	price	1395147865770	1395147865771	1395147869211	1395147869212	OK	 
ACTION	Pricing	12	price	1395147865804	1395147865804	1395147869243	1395147869243	OK	 
ACTION	Pricing	25	price	1395147865835	1395147865835	1395147869278	1395147869278	OK	 
ACTION	Pricing	75	price	1395147865867	1395147865867	1395147869343	1395147869344	OK	 
ACTION	Pricing	41	price	1395147865901	1395147865902	1395147869376	1395147869377	OK	 
ACTION	Pricing	74	price	1395147865934	1395147865935	1395147869412	1395147869412	OK	 
ACTION	Pricing	61	price	1395147865966	1395147865966	1395147869444	1395147869444	OK	 
ACTION	Pricing	42	price	1395147865998	1395147865998	1395147869476	1395147869476	OK	 
ACTION	Pricing	9	price	1395147866028	1395147866029	1395147869509	1395147869509	OK	 
ACTION	Pricing	16	price	1395147866061	1395147866061	1395147869543	1395147869544	OK	 
ACTION	Pricing	19	price	1395147866095	1395147866095	1395147869577	1395147869577	OK	 
ACTION	Pricing	72	price	1395147866135	1395147866135	1395147869612	1395147869613	OK	 
ACTION	Pricing	98	price	1395147866167	1395147866167	1395147869645	1395147869645	OK	 
ACTION	Pricing	52	price	1395147866202	1395147866202	1395147869682	1395147869682	OK	 
ACTION	Pricing	99	price	1395147866231	1395147866231	1395147869716	1395147869717	OK	 
ACTION	Pricing	87	price	1395147866265	1395147866265	1395147869753	1395147869753	OK	 
ACTION	Pricing	39	price	1395147866297	1395147866298	1395147869789	1395147869789	OK	 
ACTION	Pricing	76	price	1395147866330	1395147866330	1395147869823	1395147869823	OK	 
ACTION	Pricing	92	price	1395147866363	1395147866364	1395147869855	1395147869855	OK	 
ACTION	Pricing	18	price	1395147866396	1395147866396	1395147869888	1395147869888	OK	 
ACTION	Pricing	77	price	1395147866429	1395147866430	1395147869923	1395147869923	OK	 
ACTION	Pricing	89	price	1395147866460	1395147866460	1395147869957	1395147869957	OK	 
ACTION	Pricing	45	price	1395147866493	1395147866493	1395147869990	1395147869990	OK	 
ACTION	Pricing	32	price	1395147866525	1395147866525	1395147870026	1395147870026	OK	 
ACTION	Pricing	54	price	1395147866558	1395147866558	1395147870058	1395147870059	OK	 
ACTION	Pricing	28	price	1395147866593	1395147866594	1395147870091	1395147870091	OK	 
ACTION	Pricing	65	price	1395147866624	1395147866625	1395147870128	1395147870129	OK	 
ACTION	Pricing	79	price	1395147866665	1395147866666	1395147870165	1395147870165	OK	 
ACTION	Pricing	35	price	1395147866706	1395147866707	1395147870200	1395147870200	OK	 
ACTION	Pricing	15	price	1395147866745	1395147866745	1395147870234	1395147870234	OK	 
ACTION	Pricing	96	price	1395147866790	1395147866790	1395147870269	1395147870269	OK	 
ACTION	Pricing	40	price	1395147866822	1395147866823	1395147870305	1395147870306	OK	 
ACTION	Pricing	2	price	1395147866860	1395147866860	1395147870339	1395147870340	OK	 
ACTION	Pricing	27	price	1395147866896	1395147866896	1395147870373	1395147870373	OK	 
ACTION	Pricing	70	price	1395147866931	1395147866932	1395147870409	1395147870409	OK	 
ACTION	Pricing	1	price	1395147866971	1395147866971	1395147870442	1395147870442	OK	 
ACTION	Pricing	64	price	1395147867009	1395147867010	1395147870475	1395147870475	OK	 
ACTION	Pricing	43	price	1395147867042	1395147867042	1395147870510	1395147870510	OK	 
ACTION	Pricing	24	price	1395147867076	1395147867076	1395147870542	1395147870542	OK	 
ACTION	Pricing	73	price	1395147867108	1395147867109	1395147870577	1395147870577	OK	 
ACTION	Pricing	33	price	1395147867142	1395147867142	1395147870613	1395147870613	OK	 
ACTION	Pricing	20	price	1395147867174	1395147867174	1395147870644	1395147870644	OK	 
ACTION	Pricing	56	price	1395147867209	1395147867209	1395147870677	1395147870677	OK	 
ACTION	Pricing	51	price	1395147867241	1395147867241	1395147870711	1395147870712	OK	 
ACTION	Pricing	85	price	1395147867274	1395147867274	1395147870744	1395147870744	OK	 
ACTION	Pricing	23	price	1395147867309	1395147867310	1395147870778	1395147870779	OK	 
ACTION	Pricing	68	price	1395147867344	1395147867344	1395147870814	1395147870814	OK	 
ACTION	Pricing	34	price	1395147867376	1395147867377	1395147870847	1395147870847	OK	 
ACTION	Pricing	91	price	1395147867410	1395147867411	1395147870882	1395147870882	OK	 
ACTION	Pricing	8	price	1395147867442	1395147867443	1395147870916	1395147870916	OK	 
ACTION	Pricing	3	price	1395147867476	1395147867477	1395147870948	1395147870948	OK	 
ACTION	Pricing	26	price	1395147867513	1395147867513	1395147870989	1395147870989	OK	 
ACTION	Pricing	84	price	1395147867550	1395147867550	1395147871021	1395147871021	OK	 
ACTION	Pricing	7	price	1395147867584	1395147867585	1395147871056	1395147871056	OK	 
ACTION	Pricing	100	price	1395147867621	1395147867622	1395147871092	1395147871092	OK	 
ACTION	Pricing	44	price	1395147867650	1395147867650	1395147871122	1395147871122	OK	 
ACTION	Pricing	29	price	1395147867687	1395147867687	1395147871159	1395147871160	OK	 
ACTION	Pricing	94	price	1395147867721	1395147867721	1395147871196	1395147871196	OK	 
ACTION	Pricing	11	price	1395147867753	1395147867753	1395147871230	1395147871230	OK	 
ACTION	Pricing	60	price	1395147867786	1395147867787	1395147871264	1395147871264	OK	 
ACTION	Pricing	59	price	1395147867819	1395147867820	1395147871297	1395147871298	OK	 
ACTION	Pricing	71	price	1395147867858	1395147867858	1395147871328	1395147871328	OK	 
ACTION	Pricing	46	price	1395147867891	1395147867891	1395147871363	1395147871363	OK	 
ACTION	Pricing	62	price	1395147867923	1395147867923	1395147871406	1395147871406	OK	 
ACTION	Pricing	4	price	1395147867955	1395147867956	1395147871443	1395147871443	OK	 
ACTION	Pricing	50	price	1395147867989	1395147867989	1395147871479	1395147871479	OK	 
ACTION	Pricing	38	price	1395147868022	1395147868023	1395147871511	1395147871511	OK	 
ACTION	Pricing	5	price	1395147868058	1395147868058	1395147871547	1395147871547	OK	 
ACTION	Pricing	69	price	1395147868097	1395147868098	1395147871583	1395147871583	OK	 
ACTION	Pricing	21	price	1395147868134	1395147868135	1395147871616	1395147871617	OK	 
ACTION	Pricing	78	price	1395147868168	1395147868169	1395147871648	1395147871648	OK	 
ACTION	Pricing	88	price	1395147868202	1395147868204	1395147871680	1395147871680	OK	 
ACTION	Pricing	95	price	1395147868245	1395147868246	1395147871713	1395147871713	OK	 
ACTION	Pricing	82	price	1395147868284	1395147868285	1395147871746	1395147871746	OK	 
ACTION	Pricing	47	price	1395147868325	1395147868325	1395147871778	1395147871778	OK	 
ACTION	Pricing	30	price	1395147868364	1395147868365	1395147871813	1395147871813	OK	 
ACTION	Pricing	90	price	1395147868402	1395147868403	1395147871846	1395147871847	OK	 
ACTION	Pricing	37	price	1395147868436	1395147868436	1395147871916	1395147871916	OK	 
ACTION	Pricing	31	price	1395147868470	1395147868471	1395147871930	1395147871930	OK	 
ACTION	Pricing	97	price	1395147868504	1395147868505	1395147871988	1395147871988	OK	 
ACTION	Pricing	63	price	1395147868537	1395147868538	1395147872018	1395147872019	OK	 
ACTION	Pricing	57	price	1395147868572	1395147868573	1395147872049	1395147872050	OK	 
ACTION	Pricing	14	price	1395147868606	1395147868606	1395147872100	1395147872101	OK	 
ACTION	Pricing	86	price	1395147868639	1395147868639	1395147872132	1395147872133	OK	 
ACTION	Pricing	53	price	1395147868669	1395147868670	1395147872164	1395147872164	OK	 
ACTION	Pricing	22	price	1395147868703	1395147868704	1395147872195	1395147872195	OK	 
ACTION	Pricing	17	price	1395147868737	1395147868737	1395147872227	1395147872227	OK	 
ACTION	Pricing	49	price	1395147868770	1395147868771	1395147872258	1395147872258	OK	 
ACTION	Pricing	6	price	1395147868800	1395147868801	1395147872291	1395147872292	OK	 
ACTION	Pricing	83	price	1395147868835	1395147868835	1395147872324	1395147872324	OK	 
ACTION	Pricing	58	price	1395147868872	1395147868872	1395147872358	1395147872358	OK	 
ACTION	Pricing	36	price	1395147868907	1395147868908	1395147872398	1395147872398	OK	 
ACTION	Pricing	66	price	1395147868940	1395147868941	1395147872431	1395147872431	OK	 
ACTION	Pricing	10	price	1395147868975	1395147868976	1395147872466	1395147872466	OK	 
ACTION	Pricing	81	price	1395147869010	1395147869010	1395147872504	1395147872504	OK	 
ACTION	Pricing	93	price	1395147869043	1395147869044	1395147872542	1395147872542	OK	 
ACTION	Pricing	80	price	1395147869078	1395147869078	1395147872587	1395147872588	OK	 
ACTION	Pricing	55	price	1395147869111	1395147869112	1395147872626	1395147872626	OK	 
ACTION	Pricing	13	price	1395147869143	1395147869144	1395147872663	1395147872664	OK	 
ACTION	Pricing	67	price	1395147869179	1395147869179	1395147872700	1395147872701	OK	 
ACTION	Pricing	48	price	1395147869213	1395147869214	1395147872737	1395147872737	OK	 
ACTION	Pricing	12	price	1395147869244	1395147869245	1395147872771	1395147872771	OK	 
ACTION	Pricing	25	price	1395147869280	1395147869280	1395147872807	1395147872807	OK	 
ACTION	Pricing	75	price	1395147869345	1395147869346	1395147872842	1395147872843	OK	 
ACTION	Pricing	41	price	1395147869378	1395147869378	1395147872881	1395147872881	OK	 
ACTION	Pricing	74	price	1395147869414	1395147869414	1395147872920	1395147872920	OK	 
ACTION	Pricing	61	price	1395147869446	1395147869446	1395147872956	1395147872956	OK	 
ACTION	Pricing	42	price	1395147869478	1395147869478	1395147872993	1395147872993	OK	 
ACTION	Pricing	9	price	1395147869510	1395147869511	1395147873027	1395147873027	OK	 
ACTION	Pricing	16	price	1395147869545	1395147869546	1395147873059	1395147873059	OK	 
ACTION	Pricing	19	price	1395147869579	1395147869579	1395147873090	1395147873090	OK	 
ACTION	Pricing	72	price	1395147869614	1395147869614	1395147873122	1395147873122	OK	 
ACTION	Pricing	98	price	1395147869647	1395147869647	1395147873155	1395147873155	OK	 
ACTION	Pricing	52	price	1395147869684	1395147869684	1395147873187	1395147873188	OK	 
ACTION	Pricing	99	price	1395147869718	1395147869718	1395147873231	1395147873231	OK	 
ACTION	Pricing	87	price	1395147869755	1395147869755	1395147873264	1395147873264	OK	 
ACTION	Pricing	39	price	1395147869792	1395147869792	1395147873299	1395147873299	OK	 
ACTION	Pricing	76	price	1395147869825	1395147869826	1395147873332	1395147873332	OK	 
ACTION	Pricing	92	price	1395147869857	1395147869858	1395147873365	1395147873366	OK	 
ACTION	Pricing	18	price	1395147869890	1395147869891	1395147873399	1395147873400	OK	 
ACTION	Pricing	77	price	1395147869925	1395147869926	1395147873433	1395147873433	OK	 
ACTION	Pricing	89	price	1395147869958	1395147869958	1395147873470	1395147873471	OK	 
ACTION	Pricing	45	price	1395147869992	1395147869992	1395147873507	1395147873507	OK	 
ACTION	Pricing	32	price	1395147870028	1395147870028	1395147873535	1395147873535	OK	 
ACTION	Pricing	54	price	1395147870060	1395147870060	1395147873570	1395147873571	OK	 
ACTION	Pricing	28	price	1395147870093	1395147870093	1395147873609	1395147873609	OK	 
ACTION	Pricing	65	price	1395147870130	1395147870131	1395147873642	1395147873643	OK	 
ACTION	Pricing	79	price	1395147870167	1395147870167	1395147873680	1395147873680	OK	 
ACTION	Pricing	35	price	1395147870201	1395147870202	1395147873714	1395147873714	OK	 
ACTION	Pricing	15	price	1395147870236	1395147870236	1395147873749	1395147873749	OK	 
ACTION	Pricing	96	price	1395147870270	1395147870270	1395147873782	1395147873782	OK	 
ACTION	Pricing	40	price	1395147870307	1395147870307	1395147873816	1395147873816	OK	 
ACTION	Pricing	2	price	1395147870341	1395147870342	1395147873851	1395147873851	OK	 
ACTION	Pricing	27	price	1395147870375	1395147870375	1395147873885	1395147873885	OK	 
ACTION	Pricing	70	price	1395147870410	1395147870411	1395147873920	1395147873921	OK	 
ACTION	Pricing	1	price	1395147870443	1395147870444	1395147873959	1395147873959	OK	 
ACTION	Pricing	64	price	1395147870477	1395147870477	1395147873993	1395147873994	OK	 
ACTION	Pricing	43	price	1395147870511	1395147870512	1395147874026	1395147874027	OK	 
ACTION	Pricing	24	price	1395147870544	1395147870545	1395147874064	1395147874065	OK	 
ACTION	Pricing	73	price	1395147870579	1395147870579	1395147874101	1395147874102	OK	 
ACTION	Pricing	33	price	1395147870615	1395147870615	1395147874136	1395147874136	OK	 
ACTION	Pricing	20	price	1395147870646	1395147870646	1395147874215	1395147874215	OK	 
ACTION	Pricing	56	price	1395147870678	1395147870678	1395147874220	1395147874221	OK	 
ACTION	Pricing	51	price	1395147870713	1395147870714	1395147874273	1395147874273	OK	 
ACTION	Pricing	85	price	1395147870749	1395147870750	1395147874302	1395147874302	OK	 
ACTION	Pricing	23	price	1395147870780	1395147870781	1395147874350	1395147874351	OK	 
ACTION	Pricing	68	price	1395147870815	1395147870816	1395147874385	1395147874386	OK	 
ACTION	Pricing	34	price	1395147870848	1395147870849	1395147874418	1395147874418	OK	 
ACTION	Pricing	91	price	1395147870884	1395147870884	1395147874450	1395147874450	OK	 
ACTION	Pricing	8	price	1395147870917	1395147870918	1395147874485	1395147874485	OK	 
ACTION	Pricing	3	price	1395147870950	1395147870950	1395147874520	1395147874520	OK	 
ACTION	Pricing	26	price	1395147870991	1395147870991	1395147874546	1395147874546	OK	 
ACTION	Pricing	84	price	1395147871022	1395147871023	1395147874580	1395147874581	OK	 
ACTION	Pricing	7	price	1395147871058	1395147871058	1395147874616	1395147874617	OK	 
ACTION	Pricing	100	price	1395147871094	1395147871094	1395147874650	1395147874650	OK	 
ACTION	Pricing	44	price	1395147871124	1395147871124	1395147874685	1395147874685	OK	 
ACTION	Pricing	29	price	1395147871161	1395147871161	1395147874720	1395147874721	OK	 
ACTION	Pricing	94	price	1395147871198	1395147871198	1395147874756	1395147874756	OK	 
ACTION	Pricing	11	price	1395147871231	1395147871231	1395147874791	1395147874792	OK	 
ACTION	Pricing	60	price	1395147871265	1395147871266	1395147874826	1395147874826	OK	 
ACTION	Pricing	59	price	1395147871299	1395147871299	1395147874858	1395147874858	OK	 
ACTION	Pricing	71	price	1395147871330	1395147871330	1395147874894	1395147874895	OK	 
ACTION	Pricing	46	price	1395147871364	1395147871365	1395147874932	1395147874932	OK	 
ACTION	Pricing	62	price	1395147871408	1395147871408	1395147874972	1395147874973	OK	 
ACTION	Pricing	4	price	1395147871445	1395147871445	1395147875008	1395147875008	OK	 
ACTION	Pricing	50	price	1395147871481	1395147871481	1395147875043	1395147875043	OK	 
ACTION	Pricing	38	price	1395147871513	1395147871513	1395147875079	1395147875079	OK	 
ACTION	Pricing	5	price	1395147871549	1395147871549	1395147875115	1395147875115	OK	 
ACTION	Pricing	69	price	1395147871585	1395147871585	1395147875148	1395147875148	OK	 
ACTION	Pricing	21	price	1395147871618	1395147871618	1395147875194	1395147875194	OK	 
ACTION	Pricing	78	price	1395147871650	1395147871650	1395147875218	1395147875218	OK	 
ACTION	Pricing	88	price	1395147871681	1395147871682	1395147875254	1395147875254	OK	 
ACTION	Pricing	95	price	1395147871715	1395147871715	1395147875287	1395147875287	OK	 
ACTION	Pricing	82	price	1395147871747	1395147871747	1395147875323	1395147875323	OK	 
ACTION	Pricing	47	price	1395147871779	1395147871780	1395147875357	1395147875357	OK	 
ACTION	Pricing	90	price	1395147871848	1395147871849	1395147875429	1395147875429	OK	 
ACTION	Pricing	30	price	1395147871815	1395147871815	1395147875436	1395147875436	OK	 
ACTION	Pricing	37	price	1395147871918	1395147871919	1395147875506	1395147875506	OK	 
ACTION	Pricing	31	price	1395147871932	1395147871932	1395147875525	1395147875525	OK	 
ACTION	Pricing	97	price	1395147871990	1395147871990	1395147875576	1395147875576	OK	 
ACTION	Pricing	63	price	1395147872021	1395147872021	1395147875600	1395147875600	OK	 
ACTION	Pricing	57	price	1395147872052	1395147872052	1395147875647	1395147875647	OK	 
ACTION	Pricing	14	price	1395147872102	1395147872102	1395147875714	1395147875715	OK	 
ACTION	Pricing	86	price	1395147872134	1395147872135	1395147875722	1395147875723	OK	 
ACTION	Pricing	53	price	1395147872165	1395147872165	1395147875760	1395147875761	OK	 
ACTION	Pricing	22	price	1395147872197	1395147872197	1395147875795	1395147875795	OK	 
ACTION	Pricing	17	price	1395147872229	1395147872229	1395147875830	1395147875830	OK	 
ACTION	Pricing	49	price	1395147872260	1395147872260	1395147875866	1395147875866	OK	 
ACTION	Pricing	6	price	1395147872294	1395147872294	1395147875899	1395147875900	OK	 
ACTION	Pricing	83	price	1395147872326	1395147872326	1395147875936	1395147875936	OK	 
ACTION	Pricing	58	price	1395147872360	1395147872360	1395147875974	1395147875974	OK	 
ACTION	Pricing	36	price	1395147872400	1395147872400	1395147876009	1395147876009	OK	 
ACTION	Pricing	66	price	1395147872433	1395147872433	1395147876043	1395147876044	OK	 
ACTION	Pricing	10	price	1395147872468	1395147872468	1395147876081	1395147876082	OK	 
ACTION	Pricing	81	price	1395147872506	1395147872506	1395147876116	1395147876116	OK	 
ACTION	Pricing	93	price	1395147872544	1395147872544	1395147876148	1395147876149	OK	 
ACTION	Pricing	80	price	1395147872590	1395147872590	1395147876188	1395147876188	OK	 
ACTION	Pricing	55	price	1395147872628	1395147872628	1395147876222	1395147876223	OK	 
ACTION	Pricing	13	price	1395147872665	1395147872666	1395147876257	1395147876257	OK	 
ACTION	Pricing	67	price	1395147872702	1395147872702	1395147876293	1395147876293	OK	 
ACTION	Pricing	48	price	1395147872738	1395147872739	1395147876327	1395147876327	OK	 
ACTION	Pricing	12	price	1395147872772	1395147872773	1395147876363	1395147876363	OK	 
ACTION	Pricing	25	price	1395147872808	1395147872809	1395147876395	1395147876396	OK	 
ACTION	Pricing	75	price	1395147872844	1395147872845	1395147876428	1395147876428	OK	 
ACTION	Pricing	41	price	1395147872884	1395147872884	1395147876464	1395147876464	OK	 
ACTION	Pricing	74	price	1395147872922	1395147872922	1395147876494	1395147876494	OK	 
ACTION	Pricing	61	price	1395147872958	1395147872958	1395147876530	1395147876530	OK	 
ACTION	Pricing	42	price	1395147872994	1395147872995	1395147876562	1395147876563	OK	 
ACTION	Pricing	9	price	1395147873029	1395147873029	1395147876596	1395147876596	OK	 
ACTION	Pricing	16	price	1395147873060	1395147873061	1395147876626	1395147876626	OK	 
ACTION	Pricing	19	price	1395147873092	1395147873092	1395147876660	1395147876660	OK	 
ACTION	Pricing	72	price	1395147873124	1395147873124	1395147876694	1395147876694	OK	 
ACTION	Pricing	98	price	1395147873157	1395147873157	1395147876726	1395147876727	OK	 
ACTION	Pricing	52	price	1395147873189	1395147873189	1395147876760	1395147876760	OK	 
ACTION	Pricing	99	price	1395147873233	1395147873233	1395147876802	1395147876802	OK	 
ACTION	Pricing	87	price	1395147873266	1395147873266	1395147876834	1395147876834	OK	 
ACTION	Pricing	39	price	1395147873300	1395147873301	1395147876867	1395147876867	OK	 
ACTION	Pricing	76	price	1395147873333	1395147873334	1395147876901	1395147876901	OK	 
ACTION	Pricing	92	price	1395147873367	1395147873368	1395147876935	1395147876935	OK	 
ACTION	Pricing	18	price	1395147873401	1395147873402	1395147876972	1395147876972	OK	 
ACTION	Pricing	89	price	1395147873472	1395147873473	1395147877040	1395147877041	OK	 
ACTION	Pricing	77	price	1395147873434	1395147873435	1395147877044	1395147877044	OK	 
ACTION	Pricing	45	price	1395147873509	1395147873509	1395147877117	1395147877117	OK	 
ACTION	Pricing	32	price	1395147873537	1395147873537	1395147877127	1395147877127	OK	 
ACTION	Pricing	54	price	1395147873572	1395147873572	1395147877176	1395147877177	OK	 
ACTION	Pricing	28	price	1395147873611	1395147873611	1395147877215	1395147877215	OK	 
ACTION	Pricing	65	price	1395147873644	1395147873645	1395147877238	1395147877238	OK	 
ACTION	Pricing	79	price	1395147873683	1395147873683	1395147877272	1395147877272	OK	 
ACTION	Pricing	35	price	1395147873716	1395147873716	1395147877309	1395147877309	OK	 
ACTION	Pricing	15	price	1395147873750	1395147873751	1395147877340	1395147877340	OK	 
ACTION	Pricing	96	price	1395147873784	1395147873784	1395147877373	1395147877373	OK	 
ACTION	Pricing	40	price	1395147873817	1395147873818	1395147877408	1395147877408	OK	 
ACTION	Pricing	2	price	1395147873852	1395147873853	1395147877444	1395147877444	OK	 
ACTION	Pricing	27	price	1395147873886	1395147873887	1395147877477	1395147877477	OK	 
ACTION	Pricing	70	price	1395147873923	1395147873923	1395147877510	1395147877511	OK	 
ACTION	Pricing	1	price	1395147873960	1395147873961	1395147877548	1395147877548	OK	 
ACTION	Pricing	64	price	1395147873995	1395147873995	1395147877586	1395147877586	OK	 
ACTION	Pricing	43	price	1395147874028	1395147874029	1395147877619	1395147877619	OK	 
ACTION	Pricing	24	price	1395147874066	1395147874067	1395147877651	1395147877652	OK	 
ACTION	Pricing	73	price	1395147874103	1395147874104	1395147877685	1395147877685	OK	 
ACTION	Pricing	33	price	1395147874137	1395147874138	1395147877719	1395147877720	OK	 
ACTION	Pricing	20	price	1395147874217	1395147874217	1395147877751	1395147877751	OK	 
ACTION	Pricing	56	price	1395147874222	1395147874223	1395147877785	1395147877786	OK	 
ACTION	Pricing	51	price	1395147874275	1395147874276	1395147877819	1395147877819	OK	 
SCENARIO	Pricing	51	END	1395147877820
ACTION	Pricing	85	price	1395147874305	1395147874305	1395147877851	1395147877852	OK	 
SCENARIO	Pricing	85	END	1395147877852
ACTION	Pricing	23	price	1395147874353	1395147874353	1395147877886	1395147877886	OK	 
SCENARIO	Pricing	23	END	1395147877887
ACTION	Pricing	68	price	1395147874387	1395147874387	1395147877919	1395147877919	OK	 
SCENARIO	Pricing	68	END	1395147877920
ACTION	Pricing	34	price	1395147874420	1395147874420	1395147877953	1395147877953	OK	 
SCENARIO	Pricing	34	END	1395147877954
ACTION	Pricing	91	price	1395147874451	1395147874452	1395147877987	1395147877987	OK	 
SCENARIO	Pricing	91	END	1395147877988
ACTION	Pricing	8	price	1395147874486	1395147874487	1395147878019	1395147878019	OK	 
SCENARIO	Pricing	8	END	1395147878020
ACTION	Pricing	3	price	1395147874521	1395147874522	1395147878056	1395147878056	OK	 
SCENARIO	Pricing	3	END	1395147878057
ACTION	Pricing	26	price	1395147874547	1395147874548	1395147878092	1395147878093	OK	 
SCENARIO	Pricing	26	END	1395147878093
ACTION	Pricing	84	price	1395147874582	1395147874582	1395147878125	1395147878125	OK	 
SCENARIO	Pricing	84	END	1395147878126
ACTION	Pricing	7	price	1395147874618	1395147874618	1395147878158	1395147878158	OK	 
SCENARIO	Pricing	7	END	1395147878159
ACTION	Pricing	100	price	1395147874651	1395147874652	1395147878197	1395147878197	OK	 
SCENARIO	Pricing	100	END	1395147878198
ACTION	Pricing	44	price	1395147874686	1395147874687	1395147878231	1395147878231	OK	 
SCENARIO	Pricing	44	END	1395147878232
ACTION	Pricing	29	price	1395147874722	1395147874722	1395147878261	1395147878262	OK	 
SCENARIO	Pricing	29	END	1395147878262
ACTION	Pricing	94	price	1395147874757	1395147874758	1395147878296	1395147878297	OK	 
SCENARIO	Pricing	94	END	1395147878297
ACTION	Pricing	11	price	1395147874793	1395147874793	1395147878330	1395147878330	OK	 
SCENARIO	Pricing	11	END	1395147878331
ACTION	Pricing	60	price	1395147874828	1395147874828	1395147878364	1395147878364	OK	 
SCENARIO	Pricing	60	END	1395147878364
ACTION	Pricing	59	price	1395147874860	1395147874860	1395147878398	1395147878398	OK	 
SCENARIO	Pricing	59	END	1395147878399
ACTION	Pricing	71	price	1395147874897	1395147874897	1395147878433	1395147878433	OK	 
SCENARIO	Pricing	71	END	1395147878433
ACTION	Pricing	46	price	1395147874934	1395147874934	1395147878466	1395147878466	OK	 
SCENARIO	Pricing	46	END	1395147878467
ACTION	Pricing	62	price	1395147874974	1395147874975	1395147878496	1395147878496	OK	 
SCENARIO	Pricing	62	END	1395147878497
ACTION	Pricing	4	price	1395147875009	1395147875010	1395147878531	1395147878531	OK	 
SCENARIO	Pricing	4	END	1395147878531
ACTION	Pricing	50	price	1395147875045	1395147875045	1395147878564	1395147878564	OK	 
SCENARIO	Pricing	50	END	1395147878565
ACTION	Pricing	38	price	1395147875080	1395147875081	1395147878597	1395147878597	OK	 
SCENARIO	Pricing	38	END	1395147878598
ACTION	Pricing	5	price	1395147875117	1395147875117	1395147878630	1395147878630	OK	 
SCENARIO	Pricing	5	END	1395147878630
ACTION	Pricing	69	price	1395147875149	1395147875150	1395147878663	1395147878663	OK	 
SCENARIO	Pricing	69	END	1395147878663
ACTION	Pricing	21	price	1395147875196	1395147875197	1395147878696	1395147878696	OK	 
SCENARIO	Pricing	21	END	1395147878697
ACTION	Pricing	78	price	1395147875220	1395147875220	1395147878731	1395147878731	OK	 
SCENARIO	Pricing	78	END	1395147878732
ACTION	Pricing	88	price	1395147875255	1395147875256	1395147878764	1395147878764	OK	 
SCENARIO	Pricing	88	END	1395147878765
ACTION	Pricing	95	price	1395147875289	1395147875289	1395147878796	1395147878796	OK	 
SCENARIO	Pricing	95	END	1395147878797
ACTION	Pricing	82	price	1395147875325	1395147875325	1395147878832	1395147878832	OK	 
SCENARIO	Pricing	82	END	1395147878833
ACTION	Pricing	47	price	1395147875359	1395147875359	1395147878867	1395147878867	OK	 
SCENARIO	Pricing	47	END	1395147878867
ACTION	Pricing	90	price	1395147875431	1395147875431	1395147878900	1395147878900	OK	 
SCENARIO	Pricing	90	END	1395147878901
ACTION	Pricing	30	price	1395147875438	1395147875438	1395147878932	1395147878933	OK	 
SCENARIO	Pricing	30	END	1395147878933
ACTION	Pricing	37	price	1395147875507	1395147875508	1395147878964	1395147878964	OK	 
SCENARIO	Pricing	37	END	1395147878965
ACTION	Pricing	31	price	1395147875526	1395147875527	1395147878996	1395147878996	OK	 
SCENARIO	Pricing	31	END	1395147878997
ACTION	Pricing	97	price	1395147875577	1395147875577	1395147879030	1395147879031	OK	 
SCENARIO	Pricing	97	END	1395147879033
ACTION	Pricing	63	price	1395147875601	1395147875602	1395147879065	1395147879065	OK	 
SCENARIO	Pricing	63	END	1395147879065
ACTION	Pricing	57	price	1395147875649	1395147875649	1395147879096	1395147879096	OK	 
SCENARIO	Pricing	57	END	1395147879097
ACTION	Pricing	14	price	1395147875716	1395147875717	1395147879127	1395147879127	OK	 
SCENARIO	Pricing	14	END	1395147879127
ACTION	Pricing	86	price	1395147875724	1395147875724	1395147879159	1395147879159	OK	 
SCENARIO	Pricing	86	END	1395147879160
ACTION	Pricing	53	price	1395147875763	1395147875763	1395147879192	1395147879193	OK	 
SCENARIO	Pricing	53	END	1395147879193
ACTION	Pricing	22	price	1395147875796	1395147875797	1395147879229	1395147879229	OK	 
SCENARIO	Pricing	22	END	1395147879229
ACTION	Pricing	17	price	1395147875833	1395147875833	1395147879261	1395147879261	OK	 
SCENARIO	Pricing	17	END	1395147879262
ACTION	Pricing	49	price	1395147875868	1395147875868	1395147879294	1395147879295	OK	 
SCENARIO	Pricing	49	END	1395147879295
ACTION	Pricing	6	price	1395147875901	1395147875902	1395147879326	1395147879326	OK	 
SCENARIO	Pricing	6	END	1395147879327
ACTION	Pricing	83	price	1395147875937	1395147875938	1395147879359	1395147879360	OK	 
SCENARIO	Pricing	83	END	1395147879360
ACTION	Pricing	58	price	1395147875976	1395147875976	1395147879393	1395147879393	OK	 
SCENARIO	Pricing	58	END	1395147879393
ACTION	Pricing	36	price	1395147876010	1395147876011	1395147879423	1395147879423	OK	 
SCENARIO	Pricing	36	END	1395147879423
ACTION	Pricing	66	price	1395147876045	1395147876046	1395147879454	1395147879454	OK	 
SCENARIO	Pricing	66	END	1395147879454
ACTION	Pricing	10	price	1395147876083	1395147876084	1395147879488	1395147879488	OK	 
SCENARIO	Pricing	10	END	1395147879489
ACTION	Pricing	81	price	1395147876117	1395147876118	1395147879522	1395147879522	OK	 
SCENARIO	Pricing	81	END	1395147879522
ACTION	Pricing	93	price	1395147876150	1395147876150	1395147879553	1395147879553	OK	 
SCENARIO	Pricing	93	END	1395147879553
ACTION	Pricing	80	price	1395147876190	1395147876190	1395147879586	1395147879586	OK	 
SCENARIO	Pricing	80	END	1395147879587
ACTION	Pricing	55	price	1395147876224	1395147876224	1395147879620	1395147879621	OK	 
SCENARIO	Pricing	55	END	1395147879621
ACTION	Pricing	13	price	1395147876259	1395147876259	1395147879654	1395147879654	OK	 
SCENARIO	Pricing	13	END	1395147879655
ACTION	Pricing	67	price	1395147876294	1395147876295	1395147879686	1395147879686	OK	 
SCENARIO	Pricing	67	END	1395147879687
ACTION	Pricing	48	price	1395147876329	1395147876329	1395147879720	1395147879721	OK	 
SCENARIO	Pricing	48	END	1395147879721
ACTION	Pricing	12	price	1395147876364	1395147876365	1395147879753	1395147879753	OK	 
SCENARIO	Pricing	12	END	1395147879754
ACTION	Pricing	25	price	1395147876397	1395147876397	1395147879785	1395147879785	OK	 
SCENARIO	Pricing	25	END	1395147879786
ACTION	Pricing	75	price	1395147876430	1395147876430	1395147879822	1395147879822	OK	 
SCENARIO	Pricing	75	END	1395147879823
ACTION	Pricing	41	price	1395147876465	1395147876466	1395147879855	1395147879855	OK	 
SCENARIO	Pricing	41	END	1395147879856
ACTION	Pricing	74	price	1395147876495	1395147876495	1395147879888	1395147879888	OK	 
SCENARIO	Pricing	74	END	1395147879889
ACTION	Pricing	61	price	1395147876532	1395147876532	1395147879920	1395147879920	OK	 
SCENARIO	Pricing	61	END	1395147879920
ACTION	Pricing	42	price	1395147876564	1395147876565	1395147879951	1395147879951	OK	 
SCENARIO	Pricing	42	END	1395147879952
ACTION	Pricing	9	price	1395147876597	1395147876598	1395147879986	1395147879986	OK	 
SCENARIO	Pricing	9	END	1395147879986
ACTION	Pricing	16	price	1395147876628	1395147876628	1395147880018	1395147880018	OK	 
SCENARIO	Pricing	16	END	1395147880019
ACTION	Pricing	19	price	1395147876661	1395147876662	1395147880052	1395147880052	OK	 
SCENARIO	Pricing	19	END	1395147880053
ACTION	Pricing	72	price	1395147876696	1395147876696	1395147880084	1395147880084	OK	 
SCENARIO	Pricing	72	END	1395147880085
ACTION	Pricing	98	price	1395147876728	1395147876728	1395147880116	1395147880117	OK	 
SCENARIO	Pricing	98	END	1395147880117
ACTION	Pricing	52	price	1395147876761	1395147876762	1395147880149	1395147880149	OK	 
SCENARIO	Pricing	52	END	1395147880150
ACTION	Pricing	99	price	1395147876804	1395147876804	1395147880182	1395147880182	OK	 
SCENARIO	Pricing	99	END	1395147880183
ACTION	Pricing	87	price	1395147876835	1395147876836	1395147880216	1395147880217	OK	 
SCENARIO	Pricing	87	END	1395147880217
ACTION	Pricing	39	price	1395147876868	1395147876869	1395147880250	1395147880250	OK	 
SCENARIO	Pricing	39	END	1395147880251
ACTION	Pricing	76	price	1395147876902	1395147876903	1395147880284	1395147880284	OK	 
SCENARIO	Pricing	76	END	1395147880285
ACTION	Pricing	92	price	1395147876937	1395147876937	1395147880319	1395147880319	OK	 
SCENARIO	Pricing	92	END	1395147880320
ACTION	Pricing	18	price	1395147876974	1395147876974	1395147880351	1395147880351	OK	 
SCENARIO	Pricing	18	END	1395147880351
ACTION	Pricing	89	price	1395147877043	1395147877043	1395147880385	1395147880385	OK	 
SCENARIO	Pricing	89	END	1395147880385
ACTION	Pricing	77	price	1395147877045	1395147877045	1395147880415	1395147880416	OK	 
SCENARIO	Pricing	77	END	1395147880416
ACTION	Pricing	45	price	1395147877118	1395147877119	1395147880449	1395147880449	OK	 
SCENARIO	Pricing	45	END	1395147880450
ACTION	Pricing	32	price	1395147877128	1395147877129	1395147880481	1395147880481	OK	 
SCENARIO	Pricing	32	END	1395147880482
ACTION	Pricing	54	price	1395147877178	1395147877179	1395147880514	1395147880514	OK	 
SCENARIO	Pricing	54	END	1395147880514
ACTION	Pricing	28	price	1395147877216	1395147877217	1395147880547	1395147880547	OK	 
SCENARIO	Pricing	28	END	1395147880548
ACTION	Pricing	65	price	1395147877239	1395147877239	1395147880580	1395147880580	OK	 
SCENARIO	Pricing	65	END	1395147880580
ACTION	Pricing	79	price	1395147877273	1395147877274	1395147880611	1395147880611	OK	 
SCENARIO	Pricing	79	END	1395147880612
ACTION	Pricing	35	price	1395147877310	1395147877311	1395147880645	1395147880645	OK	 
SCENARIO	Pricing	35	END	1395147880646
ACTION	Pricing	15	price	1395147877341	1395147877342	1395147880678	1395147880678	OK	 
SCENARIO	Pricing	15	END	1395147880679
ACTION	Pricing	96	price	1395147877374	1395147877374	1395147880711	1395147880711	OK	 
SCENARIO	Pricing	96	END	1395147880711
ACTION	Pricing	40	price	1395147877409	1395147877409	1395147880742	1395147880742	OK	 
SCENARIO	Pricing	40	END	1395147880743
ACTION	Pricing	2	price	1395147877445	1395147877446	1395147880777	1395147880777	OK	 
SCENARIO	Pricing	2	END	1395147880777
ACTION	Pricing	27	price	1395147877478	1395147877478	1395147880809	1395147880809	OK	 
SCENARIO	Pricing	27	END	1395147880809
ACTION	Pricing	70	price	1395147877512	1395147877512	1395147880841	1395147880842	OK	 
SCENARIO	Pricing	70	END	1395147880842
ACTION	Pricing	1	price	1395147877549	1395147877550	1395147880875	1395147880875	OK	 
SCENARIO	Pricing	1	END	1395147880876
ACTION	Pricing	64	price	1395147877587	1395147877588	1395147880907	1395147880907	OK	 
SCENARIO	Pricing	64	END	1395147880908
ACTION	Pricing	43	price	1395147877621	1395147877622	1395147880943	1395147880943	OK	 
SCENARIO	Pricing	43	END	1395147880943
ACTION	Pricing	24	price	1395147877653	1395147877653	1395147880976	1395147880976	OK	 
SCENARIO	Pricing	24	END	1395147880977
ACTION	Pricing	73	price	1395147877686	1395147877686	1395147881007	1395147881007	OK	 
SCENARIO	Pricing	73	END	1395147881008
ACTION	Pricing	33	price	1395147877721	1395147877721	1395147881039	1395147881039	OK	 
SCENARIO	Pricing	33	END	1395147881040
ACTION	Pricing	20	price	1395147877753	1395147877753	1395147881070	1395147881070	OK	 
SCENARIO	Pricing	20	END	1395147881071
ACTION	Pricing	56	price	1395147877787	1395147877788	1395147881101	1395147881101	OK	 
SCENARIO	Pricing	56	END	1395147881102
