RUN	20140318132445	pricingsimulation	pricingsimulation
SCENARIO	Pricing	66	START	1395149089670
SCENARIO	Pricing	93	START	1395149089673
SCENARIO	Pricing	11	START	1395149089673
SCENARIO	Pricing	14	START	1395149089674
SCENARIO	Pricing	2	START	1395149089676
SCENARIO	Pricing	19	START	1395149089677
SCENARIO	Pricing	50	START	1395149089677
SCENARIO	Pricing	1	START	1395149089677
SCENARIO	Pricing	13	START	1395149089677
SCENARIO	Pricing	8	START	1395149089677
SCENARIO	Pricing	51	START	1395149089677
SCENARIO	Pricing	17	START	1395149089677
SCENARIO	Pricing	37	START	1395149089677
SCENARIO	Pricing	33	START	1395149089677
SCENARIO	Pricing	63	START	1395149089677
SCENARIO	Pricing	23	START	1395149089678
SCENARIO	Pricing	5	START	1395149089678
SCENARIO	Pricing	70	START	1395149089678
SCENARIO	Pricing	95	START	1395149089678
SCENARIO	Pricing	44	START	1395149089678
SCENARIO	Pricing	15	START	1395149089678
SCENARIO	Pricing	27	START	1395149089678
SCENARIO	Pricing	67	START	1395149089678
SCENARIO	Pricing	31	START	1395149089678
SCENARIO	Pricing	42	START	1395149089678
SCENARIO	Pricing	71	START	1395149089678
SCENARIO	Pricing	89	START	1395149089678
SCENARIO	Pricing	40	START	1395149089678
SCENARIO	Pricing	55	START	1395149089678
SCENARIO	Pricing	25	START	1395149089678
SCENARIO	Pricing	81	START	1395149089678
SCENARIO	Pricing	79	START	1395149089678
SCENARIO	Pricing	4	START	1395149089678
SCENARIO	Pricing	86	START	1395149089678
SCENARIO	Pricing	28	START	1395149089678
SCENARIO	Pricing	64	START	1395149089678
SCENARIO	Pricing	39	START	1395149089678
SCENARIO	Pricing	53	START	1395149089679
SCENARIO	Pricing	22	START	1395149089679
SCENARIO	Pricing	72	START	1395149089679
SCENARIO	Pricing	94	START	1395149089679
SCENARIO	Pricing	3	START	1395149089679
SCENARIO	Pricing	73	START	1395149089679
SCENARIO	Pricing	9	START	1395149089679
SCENARIO	Pricing	87	START	1395149089679
SCENARIO	Pricing	34	START	1395149089679
SCENARIO	Pricing	16	START	1395149089679
SCENARIO	Pricing	48	START	1395149089679
SCENARIO	Pricing	35	START	1395149089679
SCENARIO	Pricing	77	START	1395149089679
SCENARIO	Pricing	92	START	1395149089679
SCENARIO	Pricing	46	START	1395149089679
SCENARIO	Pricing	47	START	1395149089679
SCENARIO	Pricing	32	START	1395149089679
SCENARIO	Pricing	29	START	1395149089680
SCENARIO	Pricing	20	START	1395149089680
SCENARIO	Pricing	65	START	1395149089680
SCENARIO	Pricing	56	START	1395149089680
SCENARIO	Pricing	41	START	1395149089680
SCENARIO	Pricing	60	START	1395149089680
SCENARIO	Pricing	90	START	1395149089681
SCENARIO	Pricing	98	START	1395149089681
SCENARIO	Pricing	43	START	1395149089681
SCENARIO	Pricing	7	START	1395149089681
SCENARIO	Pricing	99	START	1395149089681
SCENARIO	Pricing	30	START	1395149089681
SCENARIO	Pricing	61	START	1395149089681
SCENARIO	Pricing	97	START	1395149089681
SCENARIO	Pricing	49	START	1395149089681
SCENARIO	Pricing	96	START	1395149089681
SCENARIO	Pricing	59	START	1395149089681
SCENARIO	Pricing	21	START	1395149089681
SCENARIO	Pricing	74	START	1395149089681
SCENARIO	Pricing	54	START	1395149089681
SCENARIO	Pricing	18	START	1395149089681
SCENARIO	Pricing	69	START	1395149089681
SCENARIO	Pricing	76	START	1395149089681
SCENARIO	Pricing	88	START	1395149089681
SCENARIO	Pricing	57	START	1395149089681
SCENARIO	Pricing	91	START	1395149089681
SCENARIO	Pricing	84	START	1395149089681
SCENARIO	Pricing	80	START	1395149089681
SCENARIO	Pricing	82	START	1395149089681
SCENARIO	Pricing	58	START	1395149089681
SCENARIO	Pricing	24	START	1395149089681
SCENARIO	Pricing	85	START	1395149089682
SCENARIO	Pricing	38	START	1395149089682
SCENARIO	Pricing	78	START	1395149089682
SCENARIO	Pricing	75	START	1395149089682
SCENARIO	Pricing	10	START	1395149089682
SCENARIO	Pricing	26	START	1395149089682
SCENARIO	Pricing	6	START	1395149089682
SCENARIO	Pricing	62	START	1395149089682
SCENARIO	Pricing	83	START	1395149089682
SCENARIO	Pricing	36	START	1395149089682
SCENARIO	Pricing	12	START	1395149089682
SCENARIO	Pricing	100	START	1395149089682
SCENARIO	Pricing	45	START	1395149089682
SCENARIO	Pricing	68	START	1395149089682
SCENARIO	Pricing	52	START	1395149089682
ACTION	Pricing	72	price	1395149089980	1395149090000	1395149100078	1395149100088	OK	 
ACTION	Pricing	66	price	1395149089815	1395149089862	1395149100095	1395149100104	OK	 
ACTION	Pricing	90	price	1395149090037	1395149090071	1395149100068	1395149100085	OK	 
ACTION	Pricing	95	price	1395149089904	1395149089919	1395149100082	1395149100085	OK	 
ACTION	Pricing	51	price	1395149089848	1395149089897	1395149100112	1395149100112	OK	 
ACTION	Pricing	63	price	1395149089857	1395149089904	1395149100097	1395149100099	OK	 
ACTION	Pricing	57	price	1395149090062	1395149090105	1395149100071	1395149100089	OK	 
ACTION	Pricing	23	price	1395149089894	1395149089923	1395149100127	1395149100127	OK	 
ACTION	Pricing	33	price	1395149089857	1395149089906	1395149100129	1395149100130	OK	 
ACTION	Pricing	37	price	1395149089857	1395149089902	1395149100130	1395149100131	OK	 
ACTION	Pricing	47	price	1395149090018	1395149090024	1395149100132	1395149100132	OK	 
ACTION	Pricing	11	price	1395149089815	1395149089862	1395149100077	1395149100141	OK	 
ACTION	Pricing	98	price	1395149090037	1395149090068	1395149100138	1395149100138	OK	 
ACTION	Pricing	81	price	1395149089970	1395149089989	1395149100079	1395149100141	OK	 
ACTION	Pricing	87	price	1395149090003	1395149090005	1395149100133	1395149100133	OK	 
ACTION	Pricing	14	price	1395149089829	1395149089880	1395149100147	1395149100147	OK	 
ACTION	Pricing	67	price	1395149089924	1395149089932	1395149100089	1395149100142	OK	 
ACTION	Pricing	39	price	1395149089977	1395149089995	1395149100134	1395149100134	OK	 
ACTION	Pricing	82	price	1395149090073	1395149090093	1395149100146	1395149100155	OK	 
ACTION	Pricing	69	price	1395149090057	1395149090081	1395149100148	1395149100148	OK	 
ACTION	Pricing	74	price	1395149090053	1395149090078	1395149100135	1395149100135	OK	 
ACTION	Pricing	55	price	1395149089959	1395149089959	1395149100082	1395149100135	OK	 
ACTION	Pricing	10	price	1395149090091	1395149090115	1395149100140	1395149100148	OK	 
ACTION	Pricing	97	price	1395149090045	1395149090059	1395149100149	1395149100149	OK	 
ACTION	Pricing	45	price	1395149090114	1395149090120	1395149100150	1395149100150	OK	 
ACTION	Pricing	70	price	1395149089899	1395149089922	1395149100152	1395149100152	OK	 
ACTION	Pricing	42	price	1395149089934	1395149089942	1395149100164	1395149100165	OK	 
ACTION	Pricing	21	price	1395149090053	1395149090064	1395149100071	1395149100150	OK	 
ACTION	Pricing	54	price	1395149090055	1395149090069	1395149100072	1395149100153	OK	 
ACTION	Pricing	32	price	1395149090019	1395149090022	1395149100073	1395149100153	OK	 
ACTION	Pricing	79	price	1395149089971	1395149089990	1395149100151	1395149100151	OK	 
ACTION	Pricing	52	price	1395149090114	1395149090119	1395149100152	1395149100152	OK	 
ACTION	Pricing	7	price	1395149090039	1395149090067	1395149100074	1395149100152	OK	 
ACTION	Pricing	58	price	1395149090075	1395149090097	1395149100153	1395149100153	OK	 
ACTION	Pricing	64	price	1395149089975	1395149089995	1395149100076	1395149100153	OK	 
ACTION	Pricing	85	price	1395149090082	1395149090114	1395149100075	1395149100153	OK	 
ACTION	Pricing	80	price	1395149090072	1395149090096	1395149100155	1395149100156	OK	 
ACTION	Pricing	46	price	1395149090016	1395149090019	1395149100154	1395149100155	OK	 
ACTION	Pricing	78	price	1395149090086	1395149090098	1395149100154	1395149100154	OK	 
ACTION	Pricing	30	price	1395149090042	1395149090063	1395149100068	1395149100158	OK	 
ACTION	Pricing	25	price	1395149089967	1395149089969	1395149100160	1395149100161	OK	 
ACTION	Pricing	56	price	1395149090031	1395149090036	1395149100080	1395149100161	OK	 
ACTION	Pricing	34	price	1395149090006	1395149090009	1395149100163	1395149100163	OK	 
ACTION	Pricing	88	price	1395149090060	1395149090092	1395149100081	1395149100162	OK	 
ACTION	Pricing	83	price	1395149090098	1395149090115	1395149100079	1395149100157	OK	 
ACTION	Pricing	19	price	1395149089836	1395149089880	1395149100164	1395149100164	OK	 
ACTION	Pricing	94	price	1395149089991	1395149090000	1395149100186	1395149100187	OK	 
ACTION	Pricing	100	price	1395149090109	1395149090122	1395149100187	1395149100187	OK	 
ACTION	Pricing	62	price	1395149090097	1395149090118	1395149100188	1395149100189	OK	 
ACTION	Pricing	75	price	1395149090088	1395149090102	1395149100189	1395149100189	OK	 
ACTION	Pricing	65	price	1395149090026	1395149090029	1395149100190	1395149100190	OK	 
ACTION	Pricing	4	price	1395149089972	1395149089990	1395149100191	1395149100191	OK	 
ACTION	Pricing	13	price	1395149089841	1395149089894	1395149100106	1395149100191	OK	 
ACTION	Pricing	77	price	1395149090013	1395149090016	1395149100196	1395149100197	OK	 
ACTION	Pricing	44	price	1395149089908	1395149089927	1395149100203	1395149100203	OK	 
ACTION	Pricing	28	price	1395149089974	1395149089994	1395149100199	1395149100199	OK	 
ACTION	Pricing	18	price	1395149090056	1395149090074	1395149100200	1395149100200	OK	 
ACTION	Pricing	89	price	1395149089939	1395149089945	1395149100201	1395149100201	OK	 
ACTION	Pricing	6	price	1395149090095	1395149090113	1395149100208	1395149100208	OK	 
ACTION	Pricing	12	price	1395149090104	1395149090116	1395149100210	1395149100210	OK	 
ACTION	Pricing	17	price	1395149089850	1395149089905	1395149100211	1395149100211	OK	 
ACTION	Pricing	9	price	1395149090001	1395149090005	1395149100073	1395149100150	OK	 
ACTION	Pricing	41	price	1395149090032	1395149090061	1395149100214	1395149100214	OK	 
ACTION	Pricing	53	price	1395149089978	1395149089996	1395149100217	1395149100217	OK	 
ACTION	Pricing	3	price	1395149089991	1395149090001	1395149100218	1395149100218	OK	 
ACTION	Pricing	2	price	1395149089830	1395149089882	1395149100217	1395149100217	OK	 
ACTION	Pricing	93	price	1395149089815	1395149089861	1395149100219	1395149100219	OK	 
ACTION	Pricing	84	price	1395149090070	1395149090095	1395149100217	1395149100217	OK	 
ACTION	Pricing	49	price	1395149090047	1395149090073	1395149100090	1395149100218	OK	 
ACTION	Pricing	76	price	1395149090059	1395149090099	1395149100218	1395149100218	OK	 
ACTION	Pricing	5	price	1395149089899	1395149089917	1395149100219	1395149100219	OK	 
ACTION	Pricing	35	price	1395149090012	1395149090013	1395149100220	1395149100220	OK	 
ACTION	Pricing	73	price	1395149089996	1395149090001	1395149100215	1395149100227	OK	 
ACTION	Pricing	16	price	1395149090008	1395149090010	1395149100103	1395149100228	OK	 
ACTION	Pricing	68	price	1395149090114	1395149090121	1395149100113	1395149100228	OK	 
ACTION	Pricing	15	price	1395149089920	1395149089926	1395149100228	1395149100229	OK	 
ACTION	Pricing	24	price	1395149090078	1395149090117	1395149100229	1395149100229	OK	 
ACTION	Pricing	99	price	1395149090041	1395149090079	1395149100230	1395149100230	OK	 
ACTION	Pricing	29	price	1395149090021	1395149090025	1395149100228	1395149100229	OK	 
ACTION	Pricing	60	price	1395149090033	1395149090076	1395149100212	1395149100232	OK	 
ACTION	Pricing	38	price	1395149090084	1395149090104	1395149100229	1395149100229	OK	 
ACTION	Pricing	48	price	1395149090009	1395149090013	1395149100233	1395149100233	OK	 
ACTION	Pricing	91	price	1395149090064	1395149090095	1395149100234	1395149100234	OK	 
ACTION	Pricing	43	price	1395149090038	1395149090077	1395149100237	1395149100238	OK	 
ACTION	Pricing	36	price	1395149090101	1395149090114	1395149100238	1395149100238	OK	 
ACTION	Pricing	59	price	1395149090053	1395149090066	1395149100239	1395149100239	OK	 
ACTION	Pricing	22	price	1395149089979	1395149090000	1395149100240	1395149100240	OK	 
ACTION	Pricing	20	price	1395149090024	1395149090026	1395149100234	1395149100235	OK	 
ACTION	Pricing	31	price	1395149089928	1395149089931	1395149100235	1395149100235	OK	 
ACTION	Pricing	1	price	1395149089840	1395149089898	1395149100236	1395149100236	OK	 
ACTION	Pricing	27	price	1395149089922	1395149089925	1395149100245	1395149100245	OK	 
ACTION	Pricing	8	price	1395149089847	1395149089899	1395149100246	1395149100249	OK	 
ACTION	Pricing	26	price	1395149090093	1395149090113	1395149100251	1395149100251	OK	 
ACTION	Pricing	92	price	1395149090015	1395149090020	1395149100252	1395149100252	OK	 
ACTION	Pricing	40	price	1395149089951	1395149089955	1395149100255	1395149100255	OK	 
ACTION	Pricing	61	price	1395149090044	1395149090089	1395149100239	1395149100239	OK	 
ACTION	Pricing	86	price	1395149089973	1395149089991	1395149100250	1395149100256	OK	 
ACTION	Pricing	96	price	1395149090048	1395149090062	1395149100257	1395149100257	OK	 
ACTION	Pricing	71	price	1395149089937	1395149089943	1395149100257	1395149100267	OK	 
ACTION	Pricing	50	price	1395149089838	1395149089881	1395149100270	1395149100271	OK	 
ACTION	Pricing	24	price	1395149100421	1395149100422	1395149103627	1395149103629	OK	 
ACTION	Pricing	44	price	1395149100383	1395149100383	1395149105245	1395149105246	OK	 
ACTION	Pricing	72	price	1395149100276	1395149100277	1395149107237	1395149107238	OK	 
ACTION	Pricing	95	price	1395149100270	1395149100271	1395149107302	1395149107302	OK	 
ACTION	Pricing	5	price	1395149100411	1395149100411	1395149107689	1395149107690	OK	 
ACTION	Pricing	59	price	1395149100433	1395149100434	1395149107892	1395149107894	OK	 
ACTION	Pricing	3	price	1395149100400	1395149100401	1395149107947	1395149107949	OK	 
ACTION	Pricing	27	price	1395149100441	1395149100441	1395149107986	1395149107989	OK	 
ACTION	Pricing	43	price	1395149100430	1395149100431	1395149108022	1395149108024	OK	 
ACTION	Pricing	12	price	1395149100391	1395149100391	1395149108171	1395149108173	OK	 
ACTION	Pricing	45	price	1395149100333	1395149100334	1395149108176	1395149108178	OK	 
ACTION	Pricing	40	price	1395149100447	1395149100447	1395149108169	1395149108193	OK	 
ACTION	Pricing	23	price	1395149100291	1395149100292	1395149108242	1395149108243	OK	 
ACTION	Pricing	38	price	1395149100427	1395149100427	1395149108321	1395149108326	OK	 
ACTION	Pricing	56	price	1395149100361	1395149100364	1395149108326	1395149108328	OK	 
ACTION	Pricing	35	price	1395149100412	1395149100413	1395149108412	1395149108414	OK	 
ACTION	Pricing	14	price	1395149100313	1395149100315	1395149108471	1395149108472	OK	 
ACTION	Pricing	17	price	1395149100394	1395149100394	1395149108495	1395149108496	OK	 
ACTION	Pricing	7	price	1395149100346	1395149100346	1395149108497	1395149108500	OK	 
ACTION	Pricing	61	price	1395149100449	1395149100450	1395149108514	1395149108515	OK	 
ACTION	Pricing	52	price	1395149100345	1395149100345	1395149108535	1395149108536	OK	 
ACTION	Pricing	91	price	1395149100429	1395149100430	1395149108594	1395149108597	OK	 
ACTION	Pricing	74	price	1395149100325	1395149100326	1395149108671	1395149108672	OK	 
ACTION	Pricing	60	price	1395149100426	1395149100426	1395149108688	1395149108690	OK	 
ACTION	Pricing	29	price	1395149100424	1395149100425	1395149108695	1395149108695	OK	 
ACTION	Pricing	13	price	1395149100381	1395149100381	1395149108767	1395149108767	OK	 
ACTION	Pricing	53	price	1395149100398	1395149100400	1395149108772	1395149108772	OK	 
ACTION	Pricing	81	price	1395149100307	1395149100308	1395149108836	1395149108837	OK	 
ACTION	Pricing	47	price	1395149100300	1395149100301	1395149108912	1395149108913	OK	 
ACTION	Pricing	32	price	1395149100342	1395149100342	1395149108988	1395149108989	OK	 
ACTION	Pricing	21	price	1395149100338	1395149100339	1395149109026	1395149109026	OK	 
ACTION	Pricing	80	price	1395149100352	1395149100352	1395149109082	1395149109083	OK	 
ACTION	Pricing	89	price	1395149100387	1395149100388	1395149109119	1395149109120	OK	 
ACTION	Pricing	84	price	1395149100405	1395149100406	1395149109122	1395149109122	OK	 
ACTION	Pricing	4	price	1395149100379	1395149100380	1395149109163	1395149109163	OK	 
ACTION	Pricing	51	price	1395149100286	1395149100287	1395149109195	1395149109195	OK	 
ACTION	Pricing	49	price	1395149100407	1395149100408	1395149109219	1395149109220	OK	 
ACTION	Pricing	75	price	1395149100373	1395149100377	1395149109223	1395149109223	OK	 
ACTION	Pricing	87	price	1395149100310	1395149100312	1395149109243	1395149109243	OK	 
ACTION	Pricing	34	price	1395149100361	1395149100365	1395149109257	1395149109258	OK	 
ACTION	Pricing	55	price	1395149100327	1395149100328	1395149109161	1395149109269	OK	 
ACTION	Pricing	28	price	1395149100384	1395149100385	1395149109287	1395149109287	OK	 
ACTION	Pricing	82	price	1395149100320	1395149100321	1395149109148	1395149109320	OK	 
ACTION	Pricing	39	price	1395149100319	1395149100319	1395149109356	1395149109357	OK	 
ACTION	Pricing	97	price	1395149100331	1395149100332	1395149109361	1395149109362	OK	 
ACTION	Pricing	48	price	1395149100428	1395149100429	1395149109365	1395149109365	OK	 
ACTION	Pricing	9	price	1395149100394	1395149100395	1395149109272	1395149109367	OK	 
ACTION	Pricing	41	price	1395149100396	1395149100397	1395149109367	1395149109367	OK	 
ACTION	Pricing	70	price	1395149100335	1395149100335	1395149109382	1395149109382	OK	 
ACTION	Pricing	20	price	1395149100436	1395149100436	1395149109406	1395149109406	OK	 
ACTION	Pricing	42	price	1395149100337	1395149100337	1395149109407	1395149109407	OK	 
ACTION	Pricing	67	price	1395149100316	1395149100317	1395149109419	1395149109419	OK	 
ACTION	Pricing	77	price	1395149100382	1395149100382	1395149109421	1395149109421	OK	 
ACTION	Pricing	76	price	1395149100409	1395149100410	1395149109429	1395149109430	OK	 
ACTION	Pricing	6	price	1395149100389	1395149100390	1395149109442	1395149109442	OK	 
ACTION	Pricing	73	price	1395149100414	1395149100415	1395149109450	1395149109451	OK	 
ACTION	Pricing	54	price	1395149100340	1395149100341	1395149109452	1395149109452	OK	 
ACTION	Pricing	83	price	1395149100363	1395149100365	1395149109466	1395149109467	OK	 
ACTION	Pricing	58	price	1395149100347	1395149100347	1395149109475	1395149109476	OK	 
ACTION	Pricing	30	price	1395149100356	1395149100356	1395149109527	1395149109527	OK	 
ACTION	Pricing	22	price	1395149100434	1395149100435	1395149109531	1395149109532	OK	 
ACTION	Pricing	33	price	1395149100293	1395149100294	1395149109554	1395149109555	OK	 
ACTION	Pricing	11	price	1395149100302	1395149100303	1395149109588	1395149109589	OK	 
ACTION	Pricing	26	price	1395149100444	1395149100444	1395149109622	1395149109622	OK	 
ACTION	Pricing	85	price	1395149100350	1395149100351	1395149109628	1395149109628	OK	 
ACTION	Pricing	69	price	1395149100323	1395149100324	1395149109553	1395149109659	OK	 
ACTION	Pricing	94	price	1395149100366	1395149100372	1395149109658	1395149109659	OK	 
ACTION	Pricing	86	price	1395149100451	1395149100451	1395149109658	1395149109659	OK	 
ACTION	Pricing	62	price	1395149100371	1395149100373	1395149109664	1395149109664	OK	 
ACTION	Pricing	78	price	1395149100355	1395149100355	1395149109681	1395149109682	OK	 
ACTION	Pricing	18	price	1395149100386	1395149100386	1395149109692	1395149109692	OK	 
ACTION	Pricing	65	price	1395149100378	1395149100379	1395149109724	1395149109724	OK	 
ACTION	Pricing	19	price	1395149100366	1395149100366	1395149109751	1395149109752	OK	 
ACTION	Pricing	90	price	1395149100278	1395149100282	1395149109773	1395149109773	OK	 
ACTION	Pricing	96	price	1395149100452	1395149100453	1395149109775	1395149109776	OK	 
ACTION	Pricing	92	price	1395149100445	1395149100446	1395149109800	1395149109801	OK	 
ACTION	Pricing	88	price	1395149100361	1395149100365	1395149109737	1395149109837	OK	 
ACTION	Pricing	25	price	1395149100357	1395149100358	1395149109840	1395149109840	OK	 
ACTION	Pricing	1	price	1395149100439	1395149100440	1395149109855	1395149109857	OK	 
ACTION	Pricing	2	price	1395149100402	1395149100403	1395149109894	1395149109894	OK	 
ACTION	Pricing	64	price	1395149100348	1395149100349	1395149109923	1395149109924	OK	 
ACTION	Pricing	31	price	1395149100437	1395149100438	1395149109951	1395149109951	OK	 
ACTION	Pricing	100	price	1395149100370	1395149100372	1395149109952	1395149109952	OK	 
ACTION	Pricing	8	price	1395149100442	1395149100443	1395149109950	1395149109950	OK	 
ACTION	Pricing	71	price	1395149100454	1395149100454	1395149109984	1395149109984	OK	 
ACTION	Pricing	98	price	1395149100305	1395149100306	1395149109996	1395149109996	OK	 
ACTION	Pricing	99	price	1395149100423	1395149100423	1395149110011	1395149110012	OK	 
ACTION	Pricing	46	price	1395149100353	1395149100354	1395149110016	1395149110017	OK	 
ACTION	Pricing	36	price	1395149100431	1395149100432	1395149110065	1395149110066	OK	 
ACTION	Pricing	93	price	1395149100404	1395149100404	1395149109898	1395149110070	OK	 
ACTION	Pricing	57	price	1395149100283	1395149100285	1395149110082	1395149110082	OK	 
ACTION	Pricing	10	price	1395149100329	1395149100330	1395149110111	1395149110111	OK	 
ACTION	Pricing	79	price	1395149100343	1395149100344	1395149110116	1395149110116	OK	 
ACTION	Pricing	68	price	1395149100417	1395149100418	1395149110175	1395149110176	OK	 
ACTION	Pricing	37	price	1395149100298	1395149100299	1395149110186	1395149110186	OK	 
ACTION	Pricing	15	price	1395149100419	1395149100420	1395149110189	1395149110190	OK	 
ACTION	Pricing	66	price	1395149100273	1395149100273	1395149110226	1395149110226	OK	 
ACTION	Pricing	63	price	1395149100289	1395149100290	1395149110330	1395149110331	OK	 
ACTION	Pricing	50	price	1395149100455	1395149100456	1395149110367	1395149110367	OK	 
ACTION	Pricing	16	price	1395149100416	1395149100416	1395149111069	1395149111069	OK	 
ACTION	Pricing	24	price	1395149103631	1395149103632	1395149113028	1395149113028	OK	 
ACTION	Pricing	64	price	1395149109926	1395149109926	1395149113775	1395149113776	OK	 
ACTION	Pricing	44	price	1395149105249	1395149105249	1395149115038	1395149115038	OK	 
ACTION	Pricing	95	price	1395149107305	1395149107306	1395149116637	1395149116638	OK	 
ACTION	Pricing	43	price	1395149108028	1395149108029	1395149116999	1395149117000	OK	 
ACTION	Pricing	27	price	1395149107992	1395149107993	1395149117314	1395149117315	OK	 
ACTION	Pricing	56	price	1395149108332	1395149108333	1395149117234	1395149117337	OK	 
ACTION	Pricing	72	price	1395149107240	1395149107240	1395149117404	1395149117404	OK	 
ACTION	Pricing	61	price	1395149108518	1395149108519	1395149117512	1395149117512	OK	 
ACTION	Pricing	12	price	1395149108175	1395149108176	1395149117576	1395149117577	OK	 
ACTION	Pricing	38	price	1395149108331	1395149108331	1395149117624	1395149117625	OK	 
ACTION	Pricing	45	price	1395149108180	1395149108181	1395149117683	1395149117684	OK	 
ACTION	Pricing	3	price	1395149107951	1395149107952	1395149117717	1395149117718	OK	 
ACTION	Pricing	59	price	1395149107897	1395149107899	1395149117785	1395149117785	OK	 
ACTION	Pricing	5	price	1395149107693	1395149107693	1395149117785	1395149117785	OK	 
ACTION	Pricing	60	price	1395149108692	1395149108693	1395149117917	1395149117918	OK	 
ACTION	Pricing	54	price	1395149109455	1395149109460	1395149117968	1395149117968	OK	 
ACTION	Pricing	13	price	1395149108770	1395149108770	1395149118080	1395149118080	OK	 
ACTION	Pricing	80	price	1395149109085	1395149109086	1395149118097	1395149118098	OK	 
ACTION	Pricing	40	price	1395149108195	1395149108196	1395149118102	1395149118102	OK	 
ACTION	Pricing	71	price	1395149109986	1395149109988	1395149118104	1395149118104	OK	 
ACTION	Pricing	28	price	1395149109290	1395149109290	1395149118129	1395149118130	OK	 
ACTION	Pricing	91	price	1395149108599	1395149108600	1395149118136	1395149118136	OK	 
ACTION	Pricing	17	price	1395149108502	1395149108502	1395149118138	1395149118138	OK	 
ACTION	Pricing	29	price	1395149108697	1395149108698	1395149118202	1395149118203	OK	 
ACTION	Pricing	76	price	1395149109432	1395149109432	1395149118235	1395149118235	OK	 
ACTION	Pricing	81	price	1395149108839	1395149108840	1395149118257	1395149118257	OK	 
ACTION	Pricing	7	price	1395149108504	1395149108505	1395149118270	1395149118270	OK	 
ACTION	Pricing	51	price	1395149109198	1395149109199	1395149118275	1395149118275	OK	 
ACTION	Pricing	14	price	1395149108474	1395149108475	1395149118360	1395149118360	OK	 
ACTION	Pricing	53	price	1395149108775	1395149108775	1395149118417	1395149118417	OK	 
ACTION	Pricing	4	price	1395149109165	1395149109167	1395149118492	1395149118492	OK	 
ACTION	Pricing	89	price	1395149109123	1395149109124	1395149118548	1395149118548	OK	 
ACTION	Pricing	23	price	1395149108245	1395149108246	1395149118595	1395149118595	OK	 
ACTION	Pricing	100	price	1395149109954	1395149109955	1395149118609	1395149118610	OK	 
ACTION	Pricing	87	price	1395149109246	1395149109246	1395149118657	1395149118657	OK	 
ACTION	Pricing	82	price	1395149109322	1395149109323	1395149118667	1395149118668	OK	 
ACTION	Pricing	84	price	1395149109125	1395149109126	1395149118674	1395149118674	OK	 
ACTION	Pricing	42	price	1395149109412	1395149109412	1395149118683	1395149118683	OK	 
ACTION	Pricing	74	price	1395149108676	1395149108676	1395149118705	1395149118705	OK	 
ACTION	Pricing	32	price	1395149108991	1395149108992	1395149118722	1395149118722	OK	 
ACTION	Pricing	55	price	1395149109271	1395149109273	1395149118729	1395149118730	OK	 
ACTION	Pricing	90	price	1395149109776	1395149109778	1395149118761	1395149118761	OK	 
ACTION	Pricing	21	price	1395149109029	1395149109030	1395149118762	1395149118762	OK	 
ACTION	Pricing	62	price	1395149109670	1395149109671	1395149118765	1395149118765	OK	 
ACTION	Pricing	47	price	1395149108915	1395149108916	1395149118807	1395149118807	OK	 
ACTION	Pricing	93	price	1395149110072	1395149110073	1395149118808	1395149118808	OK	 
ACTION	Pricing	52	price	1395149108538	1395149108539	1395149118821	1395149118821	OK	 
ACTION	Pricing	85	price	1395149109634	1395149109634	1395149118826	1395149118827	OK	 
ACTION	Pricing	33	price	1395149109557	1395149109558	1395149118864	1395149118864	OK	 
ACTION	Pricing	18	price	1395149109694	1395149109694	1395149118905	1395149118906	OK	 
ACTION	Pricing	77	price	1395149109424	1395149109424	1395149118936	1395149118936	OK	 
ACTION	Pricing	49	price	1395149109223	1395149109226	1395149118950	1395149118950	OK	 
ACTION	Pricing	8	price	1395149109956	1395149109957	1395149118967	1395149118968	OK	 
ACTION	Pricing	70	price	1395149109385	1395149109385	1395149118987	1395149118988	OK	 
ACTION	Pricing	39	price	1395149109359	1395149109361	1395149119009	1395149119009	OK	 
ACTION	Pricing	34	price	1395149109260	1395149109261	1395149119005	1395149119014	OK	 
ACTION	Pricing	75	price	1395149109226	1395149109227	1395149119039	1395149119039	OK	 
ACTION	Pricing	63	price	1395149110334	1395149110335	1395149119059	1395149119059	OK	 
ACTION	Pricing	58	price	1395149109478	1395149109479	1395149119080	1395149119080	OK	 
ACTION	Pricing	96	price	1395149109779	1395149109780	1395149119086	1395149119086	OK	 
ACTION	Pricing	11	price	1395149109591	1395149109593	1395149119102	1395149119102	OK	 
ACTION	Pricing	20	price	1395149109410	1395149109411	1395149119104	1395149119105	OK	 
ACTION	Pricing	9	price	1395149109371	1395149109372	1395149119118	1395149119118	OK	 
ACTION	Pricing	26	price	1395149109625	1395149109631	1395149119155	1395149119155	OK	 
ACTION	Pricing	35	price	1395149108416	1395149108417	1395149119187	1395149119187	OK	 
ACTION	Pricing	86	price	1395149109669	1395149109669	1395149119211	1395149119211	OK	 
ACTION	Pricing	73	price	1395149109456	1395149109460	1395149119230	1395149119230	OK	 
ACTION	Pricing	48	price	1395149109370	1395149109370	1395149119230	1395149119230	OK	 
ACTION	Pricing	79	price	1395149110119	1395149110119	1395149119014	1395149119234	OK	 
ACTION	Pricing	6	price	1395149109444	1395149109445	1395149119240	1395149119240	OK	 
ACTION	Pricing	67	price	1395149109422	1395149109423	1395149119252	1395149119252	OK	 
ACTION	Pricing	41	price	1395149109373	1395149109373	1395149119261	1395149119261	OK	 
ACTION	Pricing	37	price	1395149110188	1395149110189	1395149119272	1395149119272	OK	 
ACTION	Pricing	78	price	1395149109684	1395149109685	1395149119280	1395149119281	OK	 
ACTION	Pricing	22	price	1395149109534	1395149109535	1395149119288	1395149119288	OK	 
ACTION	Pricing	92	price	1395149109804	1395149109805	1395149119321	1395149119322	OK	 
ACTION	Pricing	30	price	1395149109529	1395149109531	1395149119380	1395149119380	OK	 
ACTION	Pricing	99	price	1395149110014	1395149110015	1395149119405	1395149119405	OK	 
ACTION	Pricing	31	price	1395149109954	1395149109956	1395149119414	1395149119414	OK	 
ACTION	Pricing	88	price	1395149109840	1395149109841	1395149119468	1395149119468	OK	 
ACTION	Pricing	65	price	1395149109726	1395149109727	1395149119477	1395149119478	OK	 
ACTION	Pricing	10	price	1395149110114	1395149110114	1395149119484	1395149119484	OK	 
ACTION	Pricing	2	price	1395149109897	1395149109898	1395149119493	1395149119493	OK	 
ACTION	Pricing	98	price	1395149109998	1395149109999	1395149119552	1395149119553	OK	 
ACTION	Pricing	83	price	1395149109469	1395149109470	1395149119560	1395149119560	OK	 
ACTION	Pricing	25	price	1395149109843	1395149109844	1395149119582	1395149119582	OK	 
ACTION	Pricing	97	price	1395149109366	1395149109367	1395149119624	1395149119624	OK	 
ACTION	Pricing	50	price	1395149110370	1395149110371	1395149119627	1395149119627	OK	 
ACTION	Pricing	94	price	1395149109664	1395149109667	1395149119651	1395149119651	OK	 
ACTION	Pricing	66	price	1395149110228	1395149110229	1395149119510	1395149119726	OK	 
SCENARIO	Pricing	66	END	1395149119728
ACTION	Pricing	68	price	1395149110178	1395149110179	1395149119641	1395149119770	OK	 
SCENARIO	Pricing	68	END	1395149119771
ACTION	Pricing	57	price	1395149110084	1395149110085	1395149119789	1395149119789	OK	 
SCENARIO	Pricing	57	END	1395149119790
ACTION	Pricing	46	price	1395149110019	1395149110020	1395149119791	1395149119791	OK	 
SCENARIO	Pricing	46	END	1395149119792
ACTION	Pricing	1	price	1395149109864	1395149109865	1395149119861	1395149119862	OK	 
SCENARIO	Pricing	1	END	1395149119863
ACTION	Pricing	36	price	1395149110068	1395149110069	1395149119895	1395149119895	OK	 
SCENARIO	Pricing	36	END	1395149119896
ACTION	Pricing	15	price	1395149110192	1395149110192	1395149119837	1395149119923	OK	 
SCENARIO	Pricing	15	END	1395149119924
ACTION	Pricing	69	price	1395149109663	1395149109666	1395149119928	1395149119928	OK	 
SCENARIO	Pricing	69	END	1395149119929
ACTION	Pricing	19	price	1395149109755	1395149109756	1395149120053	1395149120054	OK	 
SCENARIO	Pricing	19	END	1395149120054
ACTION	Pricing	16	price	1395149111071	1395149111072	1395149120785	1395149120785	OK	 
SCENARIO	Pricing	16	END	1395149120786
ACTION	Pricing	24	price	1395149113031	1395149113031	1395149122744	1395149122745	OK	 
SCENARIO	Pricing	24	END	1395149122746
ACTION	Pricing	64	price	1395149113779	1395149113780	1395149123079	1395149123079	OK	 
SCENARIO	Pricing	64	END	1395149123080
ACTION	Pricing	43	price	1395149117002	1395149117003	1395149123878	1395149123878	OK	 
SCENARIO	Pricing	43	END	1395149123879
ACTION	Pricing	44	price	1395149115041	1395149115041	1395149124109	1395149124110	OK	 
SCENARIO	Pricing	44	END	1395149124110
ACTION	Pricing	95	price	1395149116644	1395149116645	1395149125099	1395149125099	OK	 
SCENARIO	Pricing	95	END	1395149125100
ACTION	Pricing	5	price	1395149117790	1395149117791	1395149125174	1395149125175	OK	 
SCENARIO	Pricing	5	END	1395149125176
ACTION	Pricing	72	price	1395149117407	1395149117408	1395149125259	1395149125259	OK	 
SCENARIO	Pricing	72	END	1395149125260
ACTION	Pricing	12	price	1395149117580	1395149117581	1395149125328	1395149125329	OK	 
SCENARIO	Pricing	12	END	1395149125330
ACTION	Pricing	71	price	1395149118107	1395149118108	1395149125418	1395149125419	OK	 
SCENARIO	Pricing	71	END	1395149125420
ACTION	Pricing	45	price	1395149117687	1395149117687	1395149125446	1395149125446	OK	 
SCENARIO	Pricing	45	END	1395149125447
ACTION	Pricing	61	price	1395149117515	1395149117516	1395149125511	1395149125512	OK	 
SCENARIO	Pricing	61	END	1395149125513
ACTION	Pricing	17	price	1395149118142	1395149118143	1395149125531	1395149125531	OK	 
SCENARIO	Pricing	17	END	1395149125532
ACTION	Pricing	56	price	1395149117340	1395149117341	1395149125560	1395149125560	OK	 
SCENARIO	Pricing	56	END	1395149125561
ACTION	Pricing	40	price	1395149118105	1395149118106	1395149125589	1395149125590	OK	 
SCENARIO	Pricing	40	END	1395149125591
ACTION	Pricing	32	price	1395149118725	1395149118726	1395149125619	1395149125619	OK	 
SCENARIO	Pricing	32	END	1395149125620
ACTION	Pricing	38	price	1395149117628	1395149117628	1395149125630	1395149125630	OK	 
SCENARIO	Pricing	38	END	1395149125631
ACTION	Pricing	80	price	1395149118102	1395149118102	1395149125596	1395149125649	OK	 
SCENARIO	Pricing	80	END	1395149125651
ACTION	Pricing	28	price	1395149118132	1395149118133	1395149125658	1395149125659	OK	 
SCENARIO	Pricing	28	END	1395149125659
ACTION	Pricing	27	price	1395149117317	1395149117318	1395149125672	1395149125672	OK	 
SCENARIO	Pricing	27	END	1395149125673
ACTION	Pricing	91	price	1395149118142	1395149118142	1395149125791	1395149125791	OK	 
SCENARIO	Pricing	91	END	1395149125792
ACTION	Pricing	9	price	1395149119120	1395149119120	1395149125810	1395149125810	OK	 
SCENARIO	Pricing	9	END	1395149125811
ACTION	Pricing	59	price	1395149117788	1395149117789	1395149125837	1395149125838	OK	 
SCENARIO	Pricing	59	END	1395149125838
ACTION	Pricing	60	price	1395149117921	1395149117922	1395149125868	1395149125868	OK	 
SCENARIO	Pricing	60	END	1395149125869
ACTION	Pricing	77	price	1395149118939	1395149118940	1395149125874	1395149125875	OK	 
SCENARIO	Pricing	77	END	1395149125876
ACTION	Pricing	29	price	1395149118206	1395149118207	1395149125915	1395149125915	OK	 
SCENARIO	Pricing	29	END	1395149125916
ACTION	Pricing	98	price	1395149119557	1395149119557	1395149125921	1395149125922	OK	 
SCENARIO	Pricing	98	END	1395149125922
ACTION	Pricing	6	price	1395149119242	1395149119243	1395149125959	1395149125959	OK	 
SCENARIO	Pricing	6	END	1395149125960
ACTION	Pricing	23	price	1395149118598	1395149118599	1395149125965	1395149125965	OK	 
SCENARIO	Pricing	23	END	1395149125966
ACTION	Pricing	73	price	1395149119234	1395149119235	1395149125973	1395149125973	OK	 
SCENARIO	Pricing	73	END	1395149125974
ACTION	Pricing	7	price	1395149118272	1395149118273	1395149125976	1395149125976	OK	 
SCENARIO	Pricing	7	END	1395149125977
ACTION	Pricing	50	price	1395149119630	1395149119631	1395149125986	1395149125987	OK	 
SCENARIO	Pricing	50	END	1395149125988
ACTION	Pricing	93	price	1395149118812	1395149118812	1395149125986	1395149125986	OK	 
SCENARIO	Pricing	93	END	1395149125988
ACTION	Pricing	51	price	1395149118278	1395149118279	1395149125999	1395149125999	OK	 
SCENARIO	Pricing	51	END	1395149126000
ACTION	Pricing	78	price	1395149119283	1395149119284	1395149126034	1395149126034	OK	 
SCENARIO	Pricing	78	END	1395149126035
ACTION	Pricing	76	price	1395149118237	1395149118238	1395149126043	1395149126043	OK	 
SCENARIO	Pricing	76	END	1395149126044
ACTION	Pricing	31	price	1395149119416	1395149119417	1395149126047	1395149126048	OK	 
SCENARIO	Pricing	31	END	1395149126049
ACTION	Pricing	25	price	1395149119585	1395149119586	1395149126058	1395149126058	OK	 
SCENARIO	Pricing	25	END	1395149126059
ACTION	Pricing	2	price	1395149119495	1395149119495	1395149126017	1395149126064	OK	 
SCENARIO	Pricing	2	END	1395149126065
ACTION	Pricing	85	price	1395149118830	1395149118831	1395149126083	1395149126083	OK	 
SCENARIO	Pricing	85	END	1395149126084
ACTION	Pricing	92	price	1395149119323	1395149119324	1395149126086	1395149126086	OK	 
SCENARIO	Pricing	92	END	1395149126087
ACTION	Pricing	13	price	1395149118083	1395149118084	1395149126088	1395149126088	OK	 
SCENARIO	Pricing	13	END	1395149126088
ACTION	Pricing	74	price	1395149118708	1395149118709	1395149126113	1395149126113	OK	 
SCENARIO	Pricing	74	END	1395149126114
ACTION	Pricing	14	price	1395149118363	1395149118364	1395149126116	1395149126116	OK	 
SCENARIO	Pricing	14	END	1395149126117
ACTION	Pricing	18	price	1395149118909	1395149118909	1395149126121	1395149126121	OK	 
SCENARIO	Pricing	18	END	1395149126122
ACTION	Pricing	62	price	1395149118768	1395149118769	1395149126120	1395149126122	OK	 
SCENARIO	Pricing	62	END	1395149126123
ACTION	Pricing	42	price	1395149118685	1395149118686	1395149126124	1395149126124	OK	 
SCENARIO	Pricing	42	END	1395149126125
ACTION	Pricing	58	price	1395149119082	1395149119082	1395149126135	1395149126135	OK	 
SCENARIO	Pricing	58	END	1395149126136
ACTION	Pricing	30	price	1395149119383	1395149119383	1395149126166	1395149126167	OK	 
SCENARIO	Pricing	30	END	1395149126168
ACTION	Pricing	94	price	1395149119653	1395149119654	1395149126176	1395149126176	OK	 
SCENARIO	Pricing	94	END	1395149126177
ACTION	Pricing	55	price	1395149118733	1395149118734	1395149126186	1395149126187	OK	 
SCENARIO	Pricing	55	END	1395149126187
ACTION	Pricing	63	price	1395149119061	1395149119062	1395149126189	1395149126189	OK	 
SCENARIO	Pricing	63	END	1395149126190
ACTION	Pricing	88	price	1395149119470	1395149119471	1395149126190	1395149126191	OK	 
SCENARIO	Pricing	88	END	1395149126191
ACTION	Pricing	3	price	1395149117721	1395149117721	1395149126193	1395149126194	OK	 
SCENARIO	Pricing	3	END	1395149126195
ACTION	Pricing	86	price	1395149119213	1395149119214	1395149126195	1395149126196	OK	 
SCENARIO	Pricing	86	END	1395149126197
ACTION	Pricing	10	price	1395149119486	1395149119487	1395149126198	1395149126198	OK	 
SCENARIO	Pricing	10	END	1395149126199
ACTION	Pricing	99	price	1395149119408	1395149119410	1395149126203	1395149126203	OK	 
SCENARIO	Pricing	99	END	1395149126204
ACTION	Pricing	47	price	1395149118810	1395149118811	1395149126206	1395149126206	OK	 
SCENARIO	Pricing	47	END	1395149126207
ACTION	Pricing	83	price	1395149119562	1395149119563	1395149126208	1395149126208	OK	 
SCENARIO	Pricing	83	END	1395149126209
ACTION	Pricing	11	price	1395149119105	1395149119106	1395149126210	1395149126210	OK	 
SCENARIO	Pricing	11	END	1395149126211
ACTION	Pricing	70	price	1395149118990	1395149118990	1395149126213	1395149126213	OK	 
SCENARIO	Pricing	70	END	1395149126214
ACTION	Pricing	87	price	1395149118659	1395149118660	1395149126216	1395149126216	OK	 
SCENARIO	Pricing	87	END	1395149126217
ACTION	Pricing	100	price	1395149118612	1395149118613	1395149126174	1395149126217	OK	 
SCENARIO	Pricing	100	END	1395149126218
ACTION	Pricing	89	price	1395149118551	1395149118552	1395149126219	1395149126220	OK	 
SCENARIO	Pricing	89	END	1395149126220
ACTION	Pricing	41	price	1395149119264	1395149119264	1395149126222	1395149126222	OK	 
SCENARIO	Pricing	41	END	1395149126223
ACTION	Pricing	21	price	1395149118764	1395149118767	1395149126222	1395149126223	OK	 
SCENARIO	Pricing	21	END	1395149126224
ACTION	Pricing	82	price	1395149118671	1395149118673	1395149126221	1395149126222	OK	 
SCENARIO	Pricing	82	END	1395149126224
ACTION	Pricing	22	price	1395149119290	1395149119290	1395149126225	1395149126225	OK	 
SCENARIO	Pricing	22	END	1395149126226
ACTION	Pricing	4	price	1395149118495	1395149118496	1395149126227	1395149126227	OK	 
SCENARIO	Pricing	4	END	1395149126228
ACTION	Pricing	20	price	1395149119107	1395149119107	1395149126238	1395149126238	OK	 
ACTION	Pricing	33	price	1395149118867	1395149118868	1395149126238	1395149126238	OK	 
SCENARIO	Pricing	20	END	1395149126239
SCENARIO	Pricing	33	END	1395149126239
ACTION	Pricing	79	price	1395149119236	1395149119236	1395149126237	1395149126240	OK	 
SCENARIO	Pricing	79	END	1395149126241
ACTION	Pricing	65	price	1395149119480	1395149119481	1395149126241	1395149126241	OK	 
SCENARIO	Pricing	65	END	1395149126242
ACTION	Pricing	48	price	1395149119232	1395149119233	1395149126244	1395149126245	OK	 
SCENARIO	Pricing	48	END	1395149126245
ACTION	Pricing	37	price	1395149119274	1395149119274	1395149126192	1395149126246	OK	 
SCENARIO	Pricing	37	END	1395149126247
ACTION	Pricing	67	price	1395149119254	1395149119255	1395149126247	1395149126248	OK	 
SCENARIO	Pricing	67	END	1395149126248
ACTION	Pricing	54	price	1395149117970	1395149117972	1395149126254	1395149126254	OK	 
SCENARIO	Pricing	54	END	1395149126255
ACTION	Pricing	90	price	1395149118766	1395149118768	1395149126260	1395149126260	OK	 
SCENARIO	Pricing	90	END	1395149126261
ACTION	Pricing	34	price	1395149119016	1395149119017	1395149126262	1395149126262	OK	 
SCENARIO	Pricing	34	END	1395149126263
ACTION	Pricing	35	price	1395149119189	1395149119190	1395149126264	1395149126264	OK	 
SCENARIO	Pricing	35	END	1395149126265
ACTION	Pricing	97	price	1395149119627	1395149119628	1395149126264	1395149126264	OK	 
SCENARIO	Pricing	97	END	1395149126265
ACTION	Pricing	53	price	1395149118420	1395149118421	1395149126273	1395149126273	OK	 
SCENARIO	Pricing	53	END	1395149126274
ACTION	Pricing	84	price	1395149118678	1395149118678	1395149126281	1395149126281	OK	 
SCENARIO	Pricing	84	END	1395149126282
ACTION	Pricing	81	price	1395149118260	1395149118260	1395149126285	1395149126285	OK	 
SCENARIO	Pricing	81	END	1395149126286
ACTION	Pricing	8	price	1395149118970	1395149118972	1395149126288	1395149126289	OK	 
SCENARIO	Pricing	8	END	1395149126289
ACTION	Pricing	26	price	1395149119157	1395149119158	1395149126301	1395149126302	OK	 
SCENARIO	Pricing	26	END	1395149126303
ACTION	Pricing	39	price	1395149119012	1395149119012	1395149126313	1395149126314	OK	 
SCENARIO	Pricing	39	END	1395149126314
ACTION	Pricing	96	price	1395149119089	1395149119090	1395149126312	1395149126318	OK	 
SCENARIO	Pricing	96	END	1395149126319
ACTION	Pricing	52	price	1395149118823	1395149118824	1395149126321	1395149126322	OK	 
SCENARIO	Pricing	52	END	1395149126322
ACTION	Pricing	49	price	1395149118952	1395149118953	1395149126328	1395149126329	OK	 
SCENARIO	Pricing	49	END	1395149126330
ACTION	Pricing	75	price	1395149119041	1395149119042	1395149126330	1395149126331	OK	 
SCENARIO	Pricing	75	END	1395149126331
