RUN	20140318130119	pricingsimulation	pricingsimulation
SCENARIO	Pricing	58	START	1395147681907
SCENARIO	Pricing	85	START	1395147681909
SCENARIO	Pricing	95	START	1395147681909
SCENARIO	Pricing	94	START	1395147681909
SCENARIO	Pricing	3	START	1395147681909
SCENARIO	Pricing	6	START	1395147681909
SCENARIO	Pricing	11	START	1395147681910
SCENARIO	Pricing	42	START	1395147681910
SCENARIO	Pricing	5	START	1395147681910
SCENARIO	Pricing	97	START	1395147681910
SCENARIO	Pricing	43	START	1395147681910
SCENARIO	Pricing	9	START	1395147681910
SCENARIO	Pricing	29	START	1395147681910
SCENARIO	Pricing	25	START	1395147681910
SCENARIO	Pricing	55	START	1395147681910
SCENARIO	Pricing	15	START	1395147681910
SCENARIO	Pricing	99	START	1395147681910
SCENARIO	Pricing	62	START	1395147681910
SCENARIO	Pricing	87	START	1395147681910
SCENARIO	Pricing	36	START	1395147681910
SCENARIO	Pricing	7	START	1395147681910
SCENARIO	Pricing	19	START	1395147681911
SCENARIO	Pricing	98	START	1395147681911
SCENARIO	Pricing	59	START	1395147681911
SCENARIO	Pricing	23	START	1395147681911
SCENARIO	Pricing	34	START	1395147681911
SCENARIO	Pricing	63	START	1395147681911
SCENARIO	Pricing	81	START	1395147681911
SCENARIO	Pricing	32	START	1395147681911
SCENARIO	Pricing	47	START	1395147681911
SCENARIO	Pricing	17	START	1395147681911
SCENARIO	Pricing	73	START	1395147681911
SCENARIO	Pricing	71	START	1395147681911
SCENARIO	Pricing	78	START	1395147681911
SCENARIO	Pricing	20	START	1395147681911
SCENARIO	Pricing	56	START	1395147681911
SCENARIO	Pricing	31	START	1395147681911
SCENARIO	Pricing	45	START	1395147681911
SCENARIO	Pricing	14	START	1395147681911
SCENARIO	Pricing	64	START	1395147681911
SCENARIO	Pricing	86	START	1395147681912
SCENARIO	Pricing	65	START	1395147681912
SCENARIO	Pricing	1	START	1395147681912
SCENARIO	Pricing	79	START	1395147681912
SCENARIO	Pricing	26	START	1395147681912
SCENARIO	Pricing	8	START	1395147681912
SCENARIO	Pricing	40	START	1395147681912
SCENARIO	Pricing	27	START	1395147681912
SCENARIO	Pricing	100	START	1395147681912
SCENARIO	Pricing	69	START	1395147681912
SCENARIO	Pricing	84	START	1395147681913
SCENARIO	Pricing	38	START	1395147681913
SCENARIO	Pricing	39	START	1395147681913
SCENARIO	Pricing	24	START	1395147681913
SCENARIO	Pricing	21	START	1395147681913
SCENARIO	Pricing	12	START	1395147681914
SCENARIO	Pricing	57	START	1395147681914
SCENARIO	Pricing	48	START	1395147681914
SCENARIO	Pricing	33	START	1395147681914
SCENARIO	Pricing	52	START	1395147681914
SCENARIO	Pricing	82	START	1395147681914
SCENARIO	Pricing	90	START	1395147681914
SCENARIO	Pricing	35	START	1395147681914
SCENARIO	Pricing	91	START	1395147681915
SCENARIO	Pricing	22	START	1395147681915
SCENARIO	Pricing	53	START	1395147681915
SCENARIO	Pricing	89	START	1395147681915
SCENARIO	Pricing	41	START	1395147681915
SCENARIO	Pricing	88	START	1395147681915
SCENARIO	Pricing	51	START	1395147681915
SCENARIO	Pricing	13	START	1395147681916
SCENARIO	Pricing	66	START	1395147681916
SCENARIO	Pricing	46	START	1395147681916
SCENARIO	Pricing	10	START	1395147681916
SCENARIO	Pricing	61	START	1395147681916
SCENARIO	Pricing	68	START	1395147681916
SCENARIO	Pricing	80	START	1395147681916
SCENARIO	Pricing	96	START	1395147681916
SCENARIO	Pricing	49	START	1395147681916
SCENARIO	Pricing	83	START	1395147681916
SCENARIO	Pricing	76	START	1395147681916
SCENARIO	Pricing	93	START	1395147681916
SCENARIO	Pricing	72	START	1395147681916
SCENARIO	Pricing	74	START	1395147681916
SCENARIO	Pricing	50	START	1395147681916
SCENARIO	Pricing	16	START	1395147681916
SCENARIO	Pricing	77	START	1395147681916
SCENARIO	Pricing	30	START	1395147681916
SCENARIO	Pricing	70	START	1395147681916
SCENARIO	Pricing	67	START	1395147681916
SCENARIO	Pricing	2	START	1395147681916
SCENARIO	Pricing	18	START	1395147681916
SCENARIO	Pricing	54	START	1395147681916
SCENARIO	Pricing	75	START	1395147681916
SCENARIO	Pricing	28	START	1395147681916
SCENARIO	Pricing	4	START	1395147681916
SCENARIO	Pricing	92	START	1395147681916
SCENARIO	Pricing	37	START	1395147681916
SCENARIO	Pricing	60	START	1395147681917
SCENARIO	Pricing	44	START	1395147681917
ACTION	Pricing	68	price	1395147682213	1395147682214	1395147686985	1395147686985	OK	 
ACTION	Pricing	45	price	1395147682123	1395147682146	1395147686951	1395147686971	OK	 
ACTION	Pricing	43	price	1395147682035	1395147682037	1395147686975	1395147686977	OK	 
ACTION	Pricing	63	price	1395147682097	1395147682112	1395147686990	1395147686990	OK	 
ACTION	Pricing	17	price	1395147682112	1395147682139	1395147686992	1395147686992	OK	 
ACTION	Pricing	92	price	1395147682248	1395147682248	1395147686982	1395147687000	OK	 
ACTION	Pricing	54	price	1395147682238	1395147682240	1395147687001	1395147687001	OK	 
ACTION	Pricing	23	price	1395147682091	1395147682106	1395147687002	1395147687002	OK	 
ACTION	Pricing	3	price	1395147682003	1395147682016	1395147687002	1395147687003	OK	 
ACTION	Pricing	16	price	1395147682228	1395147682229	1395147686982	1395147686988	OK	 
ACTION	Pricing	79	price	1395147682137	1395147682157	1395147686986	1395147686986	OK	 
ACTION	Pricing	82	price	1395147682191	1395147682192	1395147687004	1395147687004	OK	 
ACTION	Pricing	21	price	1395147682179	1395147682181	1395147686993	1395147686993	OK	 
ACTION	Pricing	27	price	1395147682171	1395147682173	1395147686987	1395147686989	OK	 
ACTION	Pricing	22	price	1395147682199	1395147682201	1395147687004	1395147687004	OK	 
ACTION	Pricing	32	price	1395147682108	1395147682131	1395147687005	1395147687005	OK	 
ACTION	Pricing	58	price	1395147681969	1395147681987	1395147687006	1395147687006	OK	 
ACTION	Pricing	2	price	1395147682236	1395147682238	1395147686994	1395147686994	OK	 
ACTION	Pricing	8	price	1395147682155	1395147682158	1395147686988	1395147686988	OK	 
ACTION	Pricing	73	price	1395147682115	1395147682140	1395147686990	1395147686990	OK	 
ACTION	Pricing	56	price	1395147682122	1395147682145	1395147686991	1395147686992	OK	 
ACTION	Pricing	67	price	1395147682234	1395147682237	1395147686989	1395147686995	OK	 
ACTION	Pricing	76	price	1395147682220	1395147682224	1395147687006	1395147687007	OK	 
ACTION	Pricing	25	price	1395147682053	1395147682072	1395147686996	1395147686996	OK	 
ACTION	Pricing	30	price	1395147682231	1395147682233	1395147686992	1395147686992	OK	 
ACTION	Pricing	61	price	1395147682211	1395147682213	1395147686933	1395147686994	OK	 
ACTION	Pricing	18	price	1395147682237	1395147682239	1395147686993	1395147686993	OK	 
ACTION	Pricing	80	price	1395147682215	1395147682216	1395147686926	1395147687007	OK	 
ACTION	Pricing	64	price	1395147682125	1395147682152	1395147686994	1395147686994	OK	 
ACTION	Pricing	57	price	1395147682183	1395147682190	1395147686937	1395147687007	OK	 
ACTION	Pricing	69	price	1395147682172	1395147682177	1395147686996	1395147686997	OK	 
ACTION	Pricing	42	price	1395147682023	1395147682025	1395147686995	1395147686995	OK	 
ACTION	Pricing	86	price	1395147682127	1395147682152	1395147686938	1395147687007	OK	 
ACTION	Pricing	49	price	1395147682217	1395147682219	1395147686925	1395147686994	OK	 
ACTION	Pricing	66	price	1395147682207	1395147682209	1395147687018	1395147687018	OK	 
ACTION	Pricing	50	price	1395147682226	1395147682228	1395147687013	1395147687013	OK	 
ACTION	Pricing	29	price	1395147682041	1395147682046	1395147686939	1395147687013	OK	 
ACTION	Pricing	70	price	1395147682233	1395147682236	1395147686942	1395147687013	OK	 
ACTION	Pricing	99	price	1395147682059	1395147682073	1395147686969	1395147686970	OK	 
ACTION	Pricing	33	price	1395147682186	1395147682189	1395147686939	1395147686994	OK	 
ACTION	Pricing	44	price	1395147682254	1395147682255	1395147687018	1395147687018	OK	 
ACTION	Pricing	13	price	1395147682207	1395147682208	1395147686940	1395147686995	OK	 
ACTION	Pricing	72	price	1395147682223	1395147682227	1395147686942	1395147686995	OK	 
ACTION	Pricing	4	price	1395147682243	1395147682248	1395147687020	1395147687020	OK	 
ACTION	Pricing	40	price	1395147682168	1395147682170	1395147686944	1395147686995	OK	 
ACTION	Pricing	26	price	1395147682153	1395147682157	1395147686954	1395147686964	OK	 
ACTION	Pricing	28	price	1395147682241	1395147682243	1395147686981	1395147686983	OK	 
ACTION	Pricing	60	price	1395147682250	1395147682252	1395147686945	1395147686995	OK	 
ACTION	Pricing	94	price	1395147681993	1395147682001	1395147687035	1395147687036	OK	 
ACTION	Pricing	12	price	1395147682181	1395147682188	1395147686939	1395147687036	OK	 
ACTION	Pricing	41	price	1395147682203	1395147682204	1395147686940	1395147687036	OK	 
ACTION	Pricing	31	price	1395147682122	1395147682139	1395147686951	1395147687014	OK	 
ACTION	Pricing	15	price	1395147682057	1395147682073	1395147686943	1395147687036	OK	 
ACTION	Pricing	10	price	1395147682210	1395147682212	1395147686999	1395147686999	OK	 
ACTION	Pricing	59	price	1395147682090	1395147682099	1395147686945	1395147687036	OK	 
ACTION	Pricing	6	price	1395147682016	1395147682019	1395147687001	1395147687001	OK	 
ACTION	Pricing	7	price	1395147682088	1395147682095	1395147686952	1395147687014	OK	 
ACTION	Pricing	100	price	1395147682171	1395147682175	1395147686953	1395147687014	OK	 
ACTION	Pricing	89	price	1395147682202	1395147682203	1395147686946	1395147687011	OK	 
ACTION	Pricing	83	price	1395147682219	1395147682225	1395147686949	1395147687037	OK	 
ACTION	Pricing	9	price	1395147682038	1395147682044	1395147686953	1395147687037	OK	 
ACTION	Pricing	75	price	1395147682239	1395147682241	1395147687002	1395147687002	OK	 
ACTION	Pricing	37	price	1395147682247	1395147682250	1395147687003	1395147687003	OK	 
ACTION	Pricing	36	price	1395147682069	1395147682094	1395147686950	1395147687037	OK	 
ACTION	Pricing	84	price	1395147682173	1395147682178	1395147686947	1395147687011	OK	 
ACTION	Pricing	38	price	1395147682174	1395147682176	1395147686926	1395147687037	OK	 
ACTION	Pricing	85	price	1395147681969	1395147681986	1395147687004	1395147687004	OK	 
ACTION	Pricing	91	price	1395147682197	1395147682199	1395147686954	1395147687037	OK	 
ACTION	Pricing	81	price	1395147682107	1395147682112	1395147686959	1395147687037	OK	 
ACTION	Pricing	52	price	1395147682187	1395147682191	1395147686983	1395147687037	OK	 
ACTION	Pricing	11	price	1395147682020	1395147682022	1395147686956	1395147687011	OK	 
ACTION	Pricing	5	price	1395147682027	1395147682030	1395147686954	1395147687014	OK	 
ACTION	Pricing	46	price	1395147682208	1395147682210	1395147686965	1395147687014	OK	 
ACTION	Pricing	88	price	1395147682204	1395147682205	1395147686965	1395147687014	OK	 
ACTION	Pricing	24	price	1395147682175	1395147682178	1395147686933	1395147687004	OK	 
ACTION	Pricing	55	price	1395147682055	1395147682072	1395147686955	1395147687011	OK	 
ACTION	Pricing	35	price	1395147682192	1395147682197	1395147686932	1395147687011	OK	 
ACTION	Pricing	71	price	1395147682117	1395147682144	1395147686968	1395147687014	OK	 
ACTION	Pricing	1	price	1395147682135	1395147682157	1395147686957	1395147687012	OK	 
ACTION	Pricing	19	price	1395147682088	1395147682095	1395147686925	1395147687004	OK	 
ACTION	Pricing	14	price	1395147682124	1395147682147	1395147686957	1395147687012	OK	 
ACTION	Pricing	48	price	1395147682185	1395147682188	1395147686934	1395147687004	OK	 
ACTION	Pricing	39	price	1395147682175	1395147682179	1395147686977	1395147686981	OK	 
ACTION	Pricing	96	price	1395147682216	1395147682217	1395147686998	1395147686998	OK	 
ACTION	Pricing	74	price	1395147682224	1395147682227	1395147687076	1395147687076	OK	 
ACTION	Pricing	77	price	1395147682229	1395147682231	1395147686958	1395147687012	OK	 
ACTION	Pricing	20	price	1395147682119	1395147682152	1395147686931	1395147687012	OK	 
ACTION	Pricing	98	price	1395147682089	1395147682094	1395147687012	1395147687013	OK	 
ACTION	Pricing	90	price	1395147682191	1395147682193	1395147687000	1395147687001	OK	 
ACTION	Pricing	87	price	1395147682068	1395147682084	1395147686959	1395147687013	OK	 
ACTION	Pricing	34	price	1395147682097	1395147682111	1395147686938	1395147687004	OK	 
ACTION	Pricing	95	price	1395147681968	1395147681987	1395147686960	1395147687013	OK	 
ACTION	Pricing	53	price	1395147682200	1395147682202	1395147686941	1395147687005	OK	 
ACTION	Pricing	93	price	1395147682223	1395147682226	1395147686997	1395147686997	OK	 
ACTION	Pricing	51	price	1395147682205	1395147682206	1395147686936	1395147687004	OK	 
ACTION	Pricing	78	price	1395147682118	1395147682141	1395147686943	1395147687005	OK	 
ACTION	Pricing	65	price	1395147682130	1395147682151	1395147686945	1395147687005	OK	 
ACTION	Pricing	97	price	1395147682031	1395147682034	1395147686947	1395147687005	OK	 
ACTION	Pricing	47	price	1395147682109	1395147682132	1395147686979	1395147687005	OK	 
ACTION	Pricing	62	price	1395147682068	1395147682084	1395147687005	1395147687006	OK	 
ACTION	Pricing	58	price	1395147687147	1395147687148	1395147687300	1395147687300	OK	 
ACTION	Pricing	3	price	1395147687129	1395147687130	1395147687534	1395147687534	OK	 
ACTION	Pricing	33	price	1395147687182	1395147687183	1395147687572	1395147687572	OK	 
ACTION	Pricing	45	price	1395147687112	1395147687113	1395147687621	1395147687621	OK	 
ACTION	Pricing	3	price	1395147687536	1395147687537	1395147687668	1395147687668	OK	 
ACTION	Pricing	46	price	1395147687238	1395147687239	1395147688197	1395147688198	OK	 
ACTION	Pricing	41	price	1395147687208	1395147687208	1395147688683	1395147688683	OK	 
ACTION	Pricing	12	price	1395147687206	1395147687207	1395147688716	1395147688717	OK	 
ACTION	Pricing	16	price	1395147687131	1395147687133	1395147689325	1395147689325	OK	 
ACTION	Pricing	63	price	1395147687118	1395147687119	1395147689336	1395147689337	OK	 
ACTION	Pricing	17	price	1395147687119	1395147687122	1395147689442	1395147689443	OK	 
ACTION	Pricing	68	price	1395147687113	1395147687114	1395147689487	1395147689487	OK	 
ACTION	Pricing	2	price	1395147687149	1395147687150	1395147689494	1395147689494	OK	 
ACTION	Pricing	25	price	1395147687160	1395147687160	1395147689495	1395147689497	OK	 
ACTION	Pricing	73	price	1395147687152	1395147687154	1395147689551	1395147689552	OK	 
ACTION	Pricing	21	price	1395147687139	1395147687140	1395147689556	1395147689556	OK	 
ACTION	Pricing	18	price	1395147687165	1395147687165	1395147689571	1395147689572	OK	 
ACTION	Pricing	57	price	1395147687169	1395147687170	1395147689589	1395147689590	OK	 
ACTION	Pricing	86	price	1395147687173	1395147687174	1395147689590	1395147689591	OK	 
ACTION	Pricing	49	price	1395147687175	1395147687175	1395147689591	1395147689593	OK	 
ACTION	Pricing	70	price	1395147687180	1395147687180	1395147689647	1395147689648	OK	 
ACTION	Pricing	29	price	1395147687178	1395147687179	1395147689767	1395147689768	OK	 
ACTION	Pricing	69	price	1395147687170	1395147687171	1395147689787	1395147689787	OK	 
ACTION	Pricing	4	price	1395147687193	1395147687194	1395147689840	1395147689845	OK	 
ACTION	Pricing	72	price	1395147687192	1395147687193	1395147689840	1395147689845	OK	 
ACTION	Pricing	60	price	1395147687203	1395147687204	1395147689892	1395147689893	OK	 
ACTION	Pricing	26	price	1395147687197	1395147687201	1395147689999	1395147690000	OK	 
ACTION	Pricing	59	price	1395147687213	1395147687214	1395147690047	1395147690048	OK	 
ACTION	Pricing	100	price	1395147687218	1395147687218	1395147690049	1395147690052	OK	 
ACTION	Pricing	37	price	1395147687226	1395147687226	1395147690076	1395147690077	OK	 
ACTION	Pricing	83	price	1395147687220	1395147687221	1395147690075	1395147690077	OK	 
ACTION	Pricing	36	price	1395147687229	1395147687229	1395147690151	1395147690151	OK	 
ACTION	Pricing	84	price	1395147687229	1395147687229	1395147690199	1395147690199	OK	 
ACTION	Pricing	85	price	1395147687231	1395147687232	1395147690200	1395147690200	OK	 
ACTION	Pricing	5	price	1395147687237	1395147687238	1395147690264	1395147690264	OK	 
ACTION	Pricing	35	price	1395147687243	1395147687244	1395147690331	1395147690331	OK	 
ACTION	Pricing	19	price	1395147687249	1395147687250	1395147690371	1395147690371	OK	 
ACTION	Pricing	39	price	1395147687251	1395147687252	1395147690401	1395147690401	OK	 
ACTION	Pricing	54	price	1395147687125	1395147687126	1395147690420	1395147690420	OK	 
ACTION	Pricing	88	price	1395147687240	1395147687243	1395147690468	1395147690469	OK	 
ACTION	Pricing	71	price	1395147687245	1395147687246	1395147690517	1395147690517	OK	 
ACTION	Pricing	87	price	1395147687259	1395147687260	1395147690553	1395147690553	OK	 
ACTION	Pricing	77	price	1395147687256	1395147687256	1395147690600	1395147690600	OK	 
ACTION	Pricing	53	price	1395147687263	1395147687263	1395147690616	1395147690617	OK	 
ACTION	Pricing	93	price	1395147687264	1395147687265	1395147690620	1395147690620	OK	 
ACTION	Pricing	65	price	1395147687268	1395147687268	1395147690629	1395147690629	OK	 
ACTION	Pricing	97	price	1395147687269	1395147687270	1395147690631	1395147690632	OK	 
ACTION	Pricing	74	price	1395147687254	1395147687255	1395147690648	1395147690649	OK	 
ACTION	Pricing	62	price	1395147687272	1395147687273	1395147690684	1395147690685	OK	 
ACTION	Pricing	27	price	1395147687140	1395147687142	1395147690815	1395147690815	OK	 
ACTION	Pricing	45	price	1395147687623	1395147687624	1395147690948	1395147690948	OK	 
ACTION	Pricing	59	price	1395147690052	1395147690052	1395147691018	1395147691019	OK	 
ACTION	Pricing	27	price	1395147690818	1395147690818	1395147691033	1395147691033	OK	 
ACTION	Pricing	62	price	1395147690686	1395147690687	1395147691072	1395147691073	OK	 
ACTION	Pricing	65	price	1395147690632	1395147690633	1395147691129	1395147691129	OK	 
ACTION	Pricing	53	price	1395147690619	1395147690620	1395147691180	1395147691180	OK	 
ACTION	Pricing	77	price	1395147690602	1395147690602	1395147691187	1395147691187	OK	 
ACTION	Pricing	87	price	1395147690556	1395147690556	1395147691214	1395147691215	OK	 
ACTION	Pricing	92	price	1395147687123	1395147687124	1395147691248	1395147691248	OK	 
ACTION	Pricing	85	price	1395147690203	1395147690204	1395147691268	1395147691269	OK	 
ACTION	Pricing	83	price	1395147690078	1395147690079	1395147691333	1395147691334	OK	 
ACTION	Pricing	4	price	1395147689847	1395147689847	1395147691401	1395147691402	OK	 
ACTION	Pricing	69	price	1395147689789	1395147689790	1395147691439	1395147691439	OK	 
ACTION	Pricing	29	price	1395147689770	1395147689771	1395147691486	1395147691486	OK	 
ACTION	Pricing	57	price	1395147689593	1395147689595	1395147691527	1395147691527	OK	 
ACTION	Pricing	86	price	1395147689595	1395147689596	1395147691561	1395147691561	OK	 
ACTION	Pricing	25	price	1395147689499	1395147689500	1395147691614	1395147691615	OK	 
ACTION	Pricing	3	price	1395147687670	1395147687670	1395147691745	1395147691745	OK	 
ACTION	Pricing	47	price	1395147687270	1395147687271	1395147691750	1395147691751	OK	 
ACTION	Pricing	51	price	1395147687265	1395147687266	1395147691773	1395147691773	OK	 
ACTION	Pricing	95	price	1395147687262	1395147687262	1395147691773	1395147691773	OK	 
ACTION	Pricing	78	price	1395147687266	1395147687267	1395147691772	1395147691773	OK	 
ACTION	Pricing	96	price	1395147687253	1395147687254	1395147691820	1395147691821	OK	 
ACTION	Pricing	14	price	1395147687250	1395147687251	1395147691836	1395147691836	OK	 
ACTION	Pricing	1	price	1395147687247	1395147687248	1395147691840	1395147691840	OK	 
ACTION	Pricing	11	price	1395147687236	1395147687237	1395147691842	1395147691843	OK	 
ACTION	Pricing	24	price	1395147687241	1395147687242	1395147691845	1395147691846	OK	 
ACTION	Pricing	48	price	1395147687275	1395147687276	1395147691954	1395147691955	OK	 
ACTION	Pricing	43	price	1395147687116	1395147687117	1395147691956	1395147691956	OK	 
ACTION	Pricing	32	price	1395147687145	1395147687146	1395147691957	1395147691957	OK	 
ACTION	Pricing	23	price	1395147687128	1395147687128	1395147691956	1395147691958	OK	 
ACTION	Pricing	79	price	1395147687134	1395147687135	1395147691960	1395147691961	OK	 
ACTION	Pricing	90	price	1395147687258	1395147687259	1395147691955	1395147691962	OK	 
ACTION	Pricing	61	price	1395147687163	1395147687164	1395147691965	1395147691965	OK	 
ACTION	Pricing	30	price	1395147687161	1395147687162	1395147691967	1395147691968	OK	 
ACTION	Pricing	64	price	1395147687167	1395147687168	1395147691969	1395147691969	OK	 
ACTION	Pricing	22	price	1395147687142	1395147687144	1395147691966	1395147691972	OK	 
ACTION	Pricing	80	price	1395147687166	1395147687167	1395147691974	1395147691974	OK	 
ACTION	Pricing	76	price	1395147687158	1395147687159	1395147691974	1395147691975	OK	 
ACTION	Pricing	8	price	1395147687151	1395147687152	1395147691976	1395147691976	OK	 
ACTION	Pricing	42	price	1395147687172	1395147687173	1395147691980	1395147691983	OK	 
ACTION	Pricing	13	price	1395147687186	1395147687186	1395147691984	1395147691984	OK	 
ACTION	Pricing	44	price	1395147687184	1395147687185	1395147691985	1395147691986	OK	 
ACTION	Pricing	28	price	1395147687202	1395147687203	1395147691987	1395147691987	OK	 
ACTION	Pricing	94	price	1395147687205	1395147687205	1395147691991	1395147691991	OK	 
ACTION	Pricing	50	price	1395147687177	1395147687178	1395147691989	1395147691993	OK	 
ACTION	Pricing	99	price	1395147687181	1395147687182	1395147691994	1395147691994	OK	 
ACTION	Pricing	31	price	1395147687209	1395147687210	1395147691995	1395147691995	OK	 
ACTION	Pricing	34	price	1395147687260	1395147687261	1395147691997	1395147691997	OK	 
ACTION	Pricing	10	price	1395147687212	1395147687212	1395147691997	1395147691998	OK	 
ACTION	Pricing	89	price	1395147687219	1395147687220	1395147691999	1395147691999	OK	 
ACTION	Pricing	15	price	1395147687210	1395147687211	1395147692000	1395147692000	OK	 
ACTION	Pricing	9	price	1395147687224	1395147687224	1395147692001	1395147692002	OK	 
ACTION	Pricing	58	price	1395147687302	1395147687303	1395147692006	1395147692006	OK	 
ACTION	Pricing	75	price	1395147687225	1395147687225	1395147692007	1395147692007	OK	 
ACTION	Pricing	81	price	1395147687234	1395147687234	1395147692002	1395147692009	OK	 
ACTION	Pricing	33	price	1395147687574	1395147687574	1395147692012	1395147692012	OK	 
ACTION	Pricing	52	price	1395147687235	1395147687236	1395147692014	1395147692015	OK	 
ACTION	Pricing	98	price	1395147687274	1395147687274	1395147692069	1395147692069	OK	 
ACTION	Pricing	1	price	1395147691843	1395147691844	1395147692236	1395147692236	OK	 
ACTION	Pricing	66	price	1395147687176	1395147687177	1395147692237	1395147692238	OK	 
ACTION	Pricing	20	price	1395147687257	1395147687258	1395147692292	1395147692293	OK	 
ACTION	Pricing	78	price	1395147691779	1395147691780	1395147692300	1395147692300	OK	 
ACTION	Pricing	95	price	1395147691775	1395147691777	1395147692337	1395147692338	OK	 
ACTION	Pricing	51	price	1395147691778	1395147691779	1395147692343	1395147692344	OK	 
ACTION	Pricing	47	price	1395147691753	1395147691755	1395147692370	1395147692371	OK	 
ACTION	Pricing	3	price	1395147691747	1395147691748	1395147692408	1395147692408	OK	 
ACTION	Pricing	41	price	1395147688685	1395147688685	1395147692416	1395147692417	OK	 
ACTION	Pricing	46	price	1395147688199	1395147688200	1395147692435	1395147692435	OK	 
ACTION	Pricing	12	price	1395147688719	1395147688720	1395147692459	1395147692459	OK	 
ACTION	Pricing	16	price	1395147689327	1395147689328	1395147692481	1395147692481	OK	 
ACTION	Pricing	63	price	1395147689339	1395147689339	1395147692568	1395147692569	OK	 
ACTION	Pricing	68	price	1395147689489	1395147689489	1395147692582	1395147692582	OK	 
ACTION	Pricing	86	price	1395147691563	1395147691563	1395147692593	1395147692593	OK	 
ACTION	Pricing	2	price	1395147689498	1395147689498	1395147692634	1395147692634	OK	 
ACTION	Pricing	57	price	1395147691530	1395147691530	1395147692670	1395147692671	OK	 
ACTION	Pricing	21	price	1395147689558	1395147689559	1395147692760	1395147692760	OK	 
ACTION	Pricing	18	price	1395147689573	1395147689574	1395147692797	1395147692797	OK	 
ACTION	Pricing	69	price	1395147691441	1395147691442	1395147692843	1395147692843	OK	 
ACTION	Pricing	70	price	1395147689650	1395147689650	1395147692864	1395147692865	OK	 
ACTION	Pricing	49	price	1395147689597	1395147689598	1395147692913	1395147692914	OK	 
ACTION	Pricing	60	price	1395147689895	1395147689896	1395147692970	1395147692970	OK	 
ACTION	Pricing	92	price	1395147691250	1395147691250	1395147693022	1395147693022	OK	 
ACTION	Pricing	72	price	1395147689849	1395147689849	1395147693087	1395147693087	OK	 
ACTION	Pricing	84	price	1395147690201	1395147690201	1395147693098	1395147693099	OK	 
ACTION	Pricing	36	price	1395147690153	1395147690153	1395147693143	1395147693143	OK	 
ACTION	Pricing	5	price	1395147690266	1395147690266	1395147693172	1395147693173	OK	 
ACTION	Pricing	53	price	1395147691182	1395147691183	1395147693244	1395147693245	OK	 
ACTION	Pricing	39	price	1395147690403	1395147690404	1395147693285	1395147693286	OK	 
ACTION	Pricing	35	price	1395147690333	1395147690334	1395147693325	1395147693326	OK	 
ACTION	Pricing	54	price	1395147690422	1395147690423	1395147693361	1395147693361	OK	 
ACTION	Pricing	82	price	1395147687136	1395147687138	1395147693405	1395147693405	OK	 
ACTION	Pricing	59	price	1395147691022	1395147691023	1395147693485	1395147693485	OK	 
ACTION	Pricing	97	price	1395147690634	1395147690635	1395147693515	1395147693515	OK	 
ACTION	Pricing	74	price	1395147690651	1395147690652	1395147693545	1395147693546	OK	 
ACTION	Pricing	45	price	1395147690950	1395147690951	1395147693595	1395147693595	OK	 
ACTION	Pricing	54	price	1395147693363	1395147693364	1395147693621	1395147693621	OK	 
ACTION	Pricing	27	price	1395147691035	1395147691036	1395147693666	1395147693666	OK	 
ACTION	Pricing	88	price	1395147690470	1395147690471	1395147693699	1395147693700	OK	 
ACTION	Pricing	35	price	1395147693328	1395147693329	1395147693761	1395147693761	OK	 
ACTION	Pricing	39	price	1395147693288	1395147693289	1395147693778	1395147693779	OK	 
ACTION	Pricing	19	price	1395147690374	1395147690374	1395147693805	1395147693805	OK	 
ACTION	Pricing	53	price	1395147693247	1395147693248	1395147693812	1395147693812	OK	 
ACTION	Pricing	5	price	1395147693174	1395147693175	1395147693843	1395147693844	OK	 
ACTION	Pricing	36	price	1395147693146	1395147693146	1395147693913	1395147693914	OK	 
ACTION	Pricing	72	price	1395147693089	1395147693089	1395147693946	1395147693946	OK	 
ACTION	Pricing	26	price	1395147690002	1395147690002	1395147694054	1395147694054	OK	 
ACTION	Pricing	70	price	1395147692866	1395147692867	1395147694095	1395147694096	OK	 
ACTION	Pricing	4	price	1395147691403	1395147691404	1395147694161	1395147694161	OK	 
ACTION	Pricing	18	price	1395147692799	1395147692799	1395147694188	1395147694188	OK	 
ACTION	Pricing	21	price	1395147692762	1395147692763	1395147694229	1395147694230	OK	 
ACTION	Pricing	73	price	1395147689555	1395147689556	1395147694303	1395147694303	OK	 
ACTION	Pricing	86	price	1395147692595	1395147692595	1395147694330	1395147694330	OK	 
ACTION	Pricing	68	price	1395147692584	1395147692585	1395147694351	1395147694352	OK	 
ACTION	Pricing	17	price	1395147689445	1395147689446	1395147694387	1395147694388	OK	 
ACTION	Pricing	12	price	1395147692462	1395147692462	1395147694436	1395147694436	OK	 
ACTION	Pricing	41	price	1395147692419	1395147692419	1395147694501	1395147694501	OK	 
ACTION	Pricing	3	price	1395147692410	1395147692411	1395147694546	1395147694546	OK	 
ACTION	Pricing	47	price	1395147692373	1395147692374	1395147694567	1395147694567	OK	 
ACTION	Pricing	51	price	1395147692345	1395147692346	1395147694626	1395147694626	OK	 
ACTION	Pricing	95	price	1395147692339	1395147692340	1395147694659	1395147694659	OK	 
ACTION	Pricing	78	price	1395147692302	1395147692303	1395147694686	1395147694687	OK	 
ACTION	Pricing	91	price	1395147687232	1395147687233	1395147694697	1395147694697	OK	 
ACTION	Pricing	55	price	1395147687243	1395147687243	1395147694699	1395147694699	OK	 
ACTION	Pricing	6	price	1395147687214	1395147687215	1395147694701	1395147694701	OK	 
ACTION	Pricing	40	price	1395147687195	1395147687196	1395147694700	1395147694702	OK	 
ACTION	Pricing	20	price	1395147692295	1395147692295	1395147694732	1395147694732	OK	 
ACTION	Pricing	98	price	1395147692071	1395147692072	1395147694781	1395147694781	OK	 
ACTION	Pricing	14	price	1395147691839	1395147691842	1395147694795	1395147694796	OK	 
ACTION	Pricing	81	price	1395147692040	1395147692041	1395147694874	1395147694874	OK	 
ACTION	Pricing	15	price	1395147692029	1395147692029	1395147694925	1395147694926	OK	 
ACTION	Pricing	89	price	1395147692022	1395147692023	1395147694945	1395147694945	OK	 
ACTION	Pricing	31	price	1395147692017	1395147692019	1395147694981	1395147694981	OK	 
ACTION	Pricing	11	price	1395147691846	1395147691847	1395147695007	1395147695007	OK	 
ACTION	Pricing	99	price	1395147692014	1395147692014	1395147695041	1395147695041	OK	 
ACTION	Pricing	94	price	1395147692010	1395147692011	1395147695080	1395147695080	OK	 
ACTION	Pricing	38	price	1395147687230	1395147687231	1395147695153	1395147695153	OK	 
ACTION	Pricing	7	price	1395147687216	1395147687216	1395147695219	1395147695219	OK	 
ACTION	Pricing	23	price	1395147691964	1395147691965	1395147695269	1395147695270	OK	 
ACTION	Pricing	7	price	1395147695221	1395147695221	1395147695353	1395147695353	OK	 
ACTION	Pricing	32	price	1395147691962	1395147691962	1395147695422	1395147695422	OK	 
ACTION	Pricing	43	price	1395147691960	1395147691962	1395147695437	1395147695437	OK	 
ACTION	Pricing	79	price	1395147691967	1395147691968	1395147695445	1395147695445	OK	 
ACTION	Pricing	22	price	1395147691983	1395147691987	1395147695546	1395147695547	OK	 
ACTION	Pricing	64	price	1395147691981	1395147691984	1395147695569	1395147695569	OK	 
ACTION	Pricing	76	price	1395147691992	1395147691995	1395147695612	1395147695612	OK	 
ACTION	Pricing	80	price	1395147691990	1395147691994	1395147695637	1395147695637	OK	 
ACTION	Pricing	90	price	1395147691989	1395147691996	1395147695643	1395147695644	OK	 
ACTION	Pricing	42	price	1395147691999	1395147692000	1395147695739	1395147695739	OK	 
ACTION	Pricing	8	price	1395147691994	1395147691998	1395147695740	1395147695740	OK	 
ACTION	Pricing	13	price	1395147692002	1395147692003	1395147695761	1395147695762	OK	 
ACTION	Pricing	28	price	1395147692007	1395147692009	1395147695788	1395147695788	OK	 
ACTION	Pricing	44	price	1395147692005	1395147692009	1395147695826	1395147695827	OK	 
ACTION	Pricing	50	price	1395147692011	1395147692013	1395147695934	1395147695935	OK	 
ACTION	Pricing	34	price	1395147692018	1395147692019	1395147695961	1395147695961	OK	 
ACTION	Pricing	10	price	1395147692020	1395147692021	1395147696009	1395147696009	OK	 
ACTION	Pricing	81	price	1395147694876	1395147694876	1395147696024	1395147696025	OK	 
ACTION	Pricing	96	price	1395147691823	1395147691824	1395147696035	1395147696035	OK	 
ACTION	Pricing	9	price	1395147692030	1395147692030	1395147696093	1395147696093	OK	 
ACTION	Pricing	14	price	1395147694798	1395147694798	1395147696114	1395147696115	OK	 
ACTION	Pricing	75	price	1395147692038	1395147692039	1395147696165	1395147696165	OK	 
ACTION	Pricing	55	price	1395147694702	1395147694704	1395147696274	1395147696274	OK	 
ACTION	Pricing	66	price	1395147692239	1395147692240	1395147696320	1395147696320	OK	 
ACTION	Pricing	78	price	1395147694688	1395147694689	1395147696325	1395147696325	OK	 
ACTION	Pricing	1	price	1395147692238	1395147692240	1395147696363	1395147696363	OK	 
ACTION	Pricing	51	price	1395147694628	1395147694629	1395147696427	1395147696427	OK	 
ACTION	Pricing	47	price	1395147694569	1395147694569	1395147696438	1395147696438	OK	 
ACTION	Pricing	41	price	1395147694503	1395147694503	1395147696489	1395147696490	OK	 
ACTION	Pricing	46	price	1395147692437	1395147692438	1395147696512	1395147696512	OK	 
ACTION	Pricing	25	price	1395147691617	1395147691617	1395147696525	1395147696526	OK	 
ACTION	Pricing	17	price	1395147694389	1395147694390	1395147696569	1395147696569	OK	 
ACTION	Pricing	16	price	1395147692483	1395147692484	1395147696598	1395147696598	OK	 
ACTION	Pricing	63	price	1395147692570	1395147692571	1395147696633	1395147696633	OK	 
ACTION	Pricing	73	price	1395147694305	1395147694305	1395147696669	1395147696669	OK	 
ACTION	Pricing	2	price	1395147692636	1395147692637	1395147696735	1395147696735	OK	 
ACTION	Pricing	18	price	1395147694191	1395147694191	1395147696766	1395147696766	OK	 
ACTION	Pricing	57	price	1395147692673	1395147692674	1395147696775	1395147696775	OK	 
ACTION	Pricing	4	price	1395147694164	1395147694164	1395147696810	1395147696811	OK	 
ACTION	Pricing	70	price	1395147694097	1395147694098	1395147696843	1395147696844	OK	 
ACTION	Pricing	83	price	1395147691335	1395147691336	1395147696847	1395147696848	OK	 
ACTION	Pricing	92	price	1395147693024	1395147693025	1395147696899	1395147696899	OK	 
ACTION	Pricing	37	price	1395147690080	1395147690081	1395147696906	1395147696906	OK	 
ACTION	Pricing	100	price	1395147690054	1395147690055	1395147696950	1395147696950	OK	 
ACTION	Pricing	69	price	1395147692845	1395147692846	1395147696960	1395147696960	OK	 
ACTION	Pricing	60	price	1395147692974	1395147692974	1395147696974	1395147696974	OK	 
ACTION	Pricing	85	price	1395147691270	1395147691271	1395147697000	1395147697001	OK	 
ACTION	Pricing	36	price	1395147693916	1395147693916	1395147697027	1395147697027	OK	 
ACTION	Pricing	5	price	1395147693846	1395147693846	1395147697068	1395147697068	OK	 
ACTION	Pricing	84	price	1395147693100	1395147693101	1395147697095	1395147697095	OK	 
ACTION	Pricing	77	price	1395147691190	1395147691190	1395147697104	1395147697104	OK	 
ACTION	Pricing	53	price	1395147693814	1395147693814	1395147697147	1395147697147	OK	 
ACTION	Pricing	19	price	1395147693807	1395147693807	1395147697187	1395147697187	OK	 
ACTION	Pricing	39	price	1395147693781	1395147693782	1395147697217	1395147697218	OK	 
ACTION	Pricing	35	price	1395147693763	1395147693764	1395147697267	1395147697267	OK	 
ACTION	Pricing	71	price	1395147690519	1395147690520	1395147697305	1395147697305	OK	 
ACTION	Pricing	88	price	1395147693702	1395147693702	1395147697320	1395147697320	OK	 
ACTION	Pricing	62	price	1395147691075	1395147691075	1395147697368	1395147697368	OK	 
ACTION	Pricing	93	price	1395147690622	1395147690623	1395147697387	1395147697388	OK	 
ACTION	Pricing	82	price	1395147693407	1395147693408	1395147697421	1395147697421	OK	 
ACTION	Pricing	59	price	1395147693487	1395147693488	1395147697461	1395147697462	OK	 
ACTION	Pricing	97	price	1395147693517	1395147693517	1395147697490	1395147697490	OK	 
ACTION	Pricing	62	price	1395147697369	1395147697370	1395147697530	1395147697531	OK	 
ACTION	Pricing	88	price	1395147697322	1395147697322	1395147697585	1395147697585	OK	 
ACTION	Pricing	71	price	1395147697307	1395147697307	1395147697598	1395147697598	OK	 
ACTION	Pricing	72	price	1395147693948	1395147693949	1395147697856	1395147697856	OK	 
ACTION	Pricing	87	price	1395147691217	1395147691218	1395147697860	1395147697860	OK	 
ACTION	Pricing	85	price	1395147697002	1395147697002	1395147697883	1395147697884	OK	 
ACTION	Pricing	37	price	1395147696908	1395147696909	1395147697923	1395147697924	OK	 
ACTION	Pricing	49	price	1395147692916	1395147692917	1395147697925	1395147697926	OK	 
ACTION	Pricing	92	price	1395147696901	1395147696902	1395147697928	1395147697928	OK	 
ACTION	Pricing	70	price	1395147696845	1395147696846	1395147697982	1395147697982	OK	 
ACTION	Pricing	26	price	1395147694056	1395147694057	1395147698003	1395147698004	OK	 
ACTION	Pricing	4	price	1395147696812	1395147696812	1395147698049	1395147698050	OK	 
ACTION	Pricing	57	price	1395147696777	1395147696777	1395147698071	1395147698072	OK	 
ACTION	Pricing	18	price	1395147696768	1395147696769	1395147698099	1395147698099	OK	 
ACTION	Pricing	2	price	1395147696737	1395147696737	1395147698152	1395147698152	OK	 
ACTION	Pricing	29	price	1395147691488	1395147691489	1395147698159	1395147698160	OK	 
ACTION	Pricing	21	price	1395147694231	1395147694232	1395147698181	1395147698181	OK	 
ACTION	Pricing	16	price	1395147696600	1395147696601	1395147698214	1395147698215	OK	 
ACTION	Pricing	17	price	1395147696571	1395147696572	1395147698264	1395147698264	OK	 
ACTION	Pricing	86	price	1395147694332	1395147694332	1395147698282	1395147698282	OK	 
ACTION	Pricing	68	price	1395147694353	1395147694354	1395147698284	1395147698284	OK	 
ACTION	Pricing	25	price	1395147696527	1395147696527	1395147698308	1395147698308	OK	 
ACTION	Pricing	46	price	1395147696513	1395147696514	1395147698376	1395147698376	OK	 
ACTION	Pricing	41	price	1395147696491	1395147696492	1395147698389	1395147698389	OK	 
ACTION	Pricing	12	price	1395147694438	1395147694439	1395147698403	1395147698403	OK	 
ACTION	Pricing	51	price	1395147696429	1395147696429	1395147698472	1395147698472	OK	 
ACTION	Pricing	3	price	1395147694547	1395147694548	1395147698503	1395147698503	OK	 
ACTION	Pricing	78	price	1395147696327	1395147696328	1395147698556	1395147698556	OK	 
ACTION	Pricing	66	price	1395147696322	1395147696322	1395147698573	1395147698574	OK	 
ACTION	Pricing	55	price	1395147696276	1395147696276	1395147698642	1395147698643	OK	 
ACTION	Pricing	91	price	1395147694699	1395147694700	1395147698652	1395147698653	OK	 
ACTION	Pricing	6	price	1395147694704	1395147694706	1395147698696	1395147698696	OK	 
ACTION	Pricing	40	price	1395147694707	1395147694708	1395147698702	1395147698702	OK	 
ACTION	Pricing	52	price	1395147692044	1395147692044	1395147698714	1395147698715	OK	 
ACTION	Pricing	98	price	1395147694783	1395147694783	1395147698763	1395147698763	OK	 
ACTION	Pricing	96	price	1395147696037	1395147696037	1395147698808	1395147698809	OK	 
ACTION	Pricing	58	price	1395147692036	1395147692037	1395147698840	1395147698841	OK	 
ACTION	Pricing	50	price	1395147695936	1395147695937	1395147698885	1395147698885	OK	 
ACTION	Pricing	15	price	1395147694927	1395147694928	1395147698918	1395147698918	OK	 
ACTION	Pricing	44	price	1395147695828	1395147695829	1395147698966	1395147698967	OK	 
ACTION	Pricing	11	price	1395147695009	1395147695010	1395147698979	1395147698979	OK	 
ACTION	Pricing	90	price	1395147695645	1395147695646	1395147699101	1395147699101	OK	 
ACTION	Pricing	99	price	1395147695042	1395147695043	1395147699140	1395147699140	OK	 
ACTION	Pricing	94	price	1395147695083	1395147695083	1395147699161	1395147699162	OK	 
ACTION	Pricing	80	price	1395147695639	1395147695639	1395147699182	1395147699182	OK	 
ACTION	Pricing	76	price	1395147695614	1395147695615	1395147699212	1395147699212	OK	 
ACTION	Pricing	48	price	1395147691978	1395147691993	1395147699242	1395147699242	OK	 
ACTION	Pricing	67	price	1395147687157	1395147687158	1395147699280	1395147699280	OK	 
ACTION	Pricing	38	price	1395147695155	1395147695156	1395147699305	1395147699305	OK	 
ACTION	Pricing	30	price	1395147691981	1395147691984	1395147699316	1395147699316	OK	 
ACTION	Pricing	56	price	1395147687155	1395147687156	1395147699317	1395147699318	OK	 
ACTION	Pricing	24	price	1395147691848	1395147691849	1395147699368	1395147699368	OK	 
ACTION	Pricing	23	price	1395147695271	1395147695272	1395147699409	1395147699409	OK	 
ACTION	Pricing	56	price	1395147699320	1395147699321	1395147699474	1395147699474	OK	 
ACTION	Pricing	30	price	1395147699318	1395147699319	1395147699489	1395147699489	OK	 
ACTION	Pricing	38	price	1395147699307	1395147699307	1395147699513	1395147699514	OK	 
ACTION	Pricing	7	price	1395147695355	1395147695356	1395147699568	1395147699568	OK	 
ACTION	Pricing	67	price	1395147699282	1395147699283	1395147699616	1395147699617	OK	 
ACTION	Pricing	48	price	1395147699245	1395147699245	1395147699649	1395147699649	OK	 
ACTION	Pricing	32	price	1395147695424	1395147695424	1395147699676	1395147699677	OK	 
ACTION	Pricing	79	price	1395147695447	1395147695447	1395147699760	1395147699760	OK	 
ACTION	Pricing	22	price	1395147695548	1395147695549	1395147699796	1395147699799	OK	 
ACTION	Pricing	64	price	1395147695571	1395147695571	1395147699806	1395147699807	OK	 
ACTION	Pricing	94	price	1395147699164	1395147699164	1395147699892	1395147699892	OK	 
ACTION	Pricing	8	price	1395147695743	1395147695743	1395147699899	1395147699899	OK	 
ACTION	Pricing	11	price	1395147698981	1395147698981	1395147699960	1395147699960	OK	 
ACTION	Pricing	44	price	1395147698968	1395147698969	1395147699999	1395147699999	OK	 
ACTION	Pricing	28	price	1395147695790	1395147695791	1395147700026	1395147700027	OK	 
ACTION	Pricing	31	price	1395147694984	1395147694984	1395147700056	1395147700056	OK	 
ACTION	Pricing	89	price	1395147694947	1395147694947	1395147700071	1395147700071	OK	 
ACTION	Pricing	50	price	1395147698886	1395147698887	1395147700141	1395147700141	OK	 
ACTION	Pricing	34	price	1395147695963	1395147695963	1395147700199	1395147700199	OK	 
ACTION	Pricing	10	price	1395147696011	1395147696012	1395147700268	1395147700269	OK	 
ACTION	Pricing	81	price	1395147696027	1395147696027	1395147700298	1395147700299	OK	 
ACTION	Pricing	52	price	1395147698717	1395147698717	1395147700331	1395147700332	OK	 
ACTION	Pricing	40	price	1395147698705	1395147698705	1395147700388	1395147700389	OK	 
ACTION	Pricing	9	price	1395147696095	1395147696095	1395147700403	1395147700404	OK	 
ACTION	Pricing	6	price	1395147698698	1395147698698	1395147700463	1395147700463	OK	 
ACTION	Pricing	14	price	1395147696116	1395147696117	1395147700490	1395147700491	OK	 
ACTION	Pricing	91	price	1395147698655	1395147698656	1395147700523	1395147700524	OK	 
ACTION	Pricing	55	price	1395147698645	1395147698645	1395147700564	1395147700564	OK	 
ACTION	Pricing	20	price	1395147694734	1395147694735	1395147700597	1395147700597	OK	 
ACTION	Pricing	66	price	1395147698575	1395147698575	1395147700639	1395147700639	OK	 
ACTION	Pricing	95	price	1395147694661	1395147694661	1395147700702	1395147700703	OK	 
ACTION	Pricing	3	price	1395147698506	1395147698506	1395147700713	1395147700714	OK	 
ACTION	Pricing	51	price	1395147698474	1395147698474	1395147700759	1395147700759	OK	 
ACTION	Pricing	1	price	1395147696365	1395147696365	1395147700798	1395147700798	OK	 
ACTION	Pricing	12	price	1395147698405	1395147698406	1395147700840	1395147700840	OK	 
ACTION	Pricing	47	price	1395147696440	1395147696441	1395147700905	1395147700906	OK	 
ACTION	Pricing	86	price	1395147698285	1395147698286	1395147701006	1395147701007	OK	 
ACTION	Pricing	17	price	1395147698266	1395147698266	1395147701017	1395147701018	OK	 
ACTION	Pricing	21	price	1395147698183	1395147698192	1395147701142	1395147701142	OK	 
ACTION	Pricing	29	price	1395147698161	1395147698162	1395147701197	1395147701197	OK	 
ACTION	Pricing	2	price	1395147698154	1395147698155	1395147701206	1395147701206	OK	 
ACTION	Pricing	57	price	1395147698073	1395147698074	1395147701241	1395147701241	OK	 
ACTION	Pricing	4	price	1395147698053	1395147698053	1395147701304	1395147701305	OK	 
ACTION	Pricing	70	price	1395147697984	1395147697984	1395147701364	1395147701366	OK	 
ACTION	Pricing	37	price	1395147697926	1395147697929	1395147701446	1395147701448	OK	 
ACTION	Pricing	85	price	1395147697886	1395147697886	1395147701597	1395147701597	OK	 
ACTION	Pricing	72	price	1395147697858	1395147697858	1395147701734	1395147701735	OK	 
ACTION	Pricing	65	price	1395147691131	1395147691132	1395147701908	1395147701908	OK	 
ACTION	Pricing	54	price	1395147693623	1395147693624	1395147701914	1395147701914	OK	 
ACTION	Pricing	77	price	1395147697106	1395147697106	1395147701923	1395147701923	OK	 
ACTION	Pricing	36	price	1395147697029	1395147697029	1395147701944	1395147701944	OK	 
ACTION	Pricing	53	price	1395147697149	1395147697149	1395147701951	1395147701951	OK	 
ACTION	Pricing	27	price	1395147693668	1395147693669	1395147701951	1395147701951	OK	 
ACTION	Pricing	84	price	1395147697098	1395147697098	1395147701958	1395147701958	OK	 
ACTION	Pricing	60	price	1395147696976	1395147696976	1395147701962	1395147701962	OK	 
ACTION	Pricing	19	price	1395147697190	1395147697190	1395147701982	1395147701982	OK	 
ACTION	Pricing	5	price	1395147697070	1395147697070	1395147701981	1395147701982	OK	 
ACTION	Pricing	71	price	1395147697600	1395147697601	1395147702016	1395147702016	OK	 
ACTION	Pricing	45	price	1395147693597	1395147693597	1395147702086	1395147702087	OK	 
ACTION	Pricing	62	price	1395147697533	1395147697534	1395147702088	1395147702088	OK	 
ACTION	Pricing	74	price	1395147693548	1395147693549	1395147702125	1395147702126	OK	 
ACTION	Pricing	35	price	1395147697269	1395147697270	1395147702190	1395147702191	OK	 
ACTION	Pricing	39	price	1395147697220	1395147697220	1395147702193	1395147702194	OK	 
ACTION	Pricing	72	price	1395147701737	1395147701738	1395147702267	1395147702268	OK	 
ACTION	Pricing	83	price	1395147696850	1395147696850	1395147702293	1395147702294	OK	 
ACTION	Pricing	85	price	1395147701600	1395147701600	1395147702359	1395147702359	OK	 
ACTION	Pricing	37	price	1395147701450	1395147701451	1395147702360	1395147702360	OK	 
ACTION	Pricing	69	price	1395147696962	1395147696967	1395147702360	1395147702360	OK	 
ACTION	Pricing	87	price	1395147697861	1395147697862	1395147702422	1395147702423	OK	 
ACTION	Pricing	70	price	1395147701368	1395147701368	1395147702450	1395147702450	OK	 
ACTION	Pricing	49	price	1395147697928	1395147697930	1395147702482	1395147702482	OK	 
ACTION	Pricing	4	price	1395147701306	1395147701307	1395147702548	1395147702549	OK	 
ACTION	Pricing	92	price	1395147697931	1395147697931	1395147702555	1395147702555	OK	 
ACTION	Pricing	26	price	1395147698006	1395147698006	1395147702575	1395147702575	OK	 
ACTION	Pricing	57	price	1395147701245	1395147701245	1395147702639	1395147702639	OK	 
ACTION	Pricing	73	price	1395147696671	1395147696671	1395147702686	1395147702686	OK	 
ACTION	Pricing	2	price	1395147701208	1395147701208	1395147702755	1395147702755	OK	 
ACTION	Pricing	29	price	1395147701199	1395147701200	1395147702775	1395147702776	OK	 
ACTION	Pricing	21	price	1395147701144	1395147701145	1395147702808	1395147702808	OK	 
ACTION	Pricing	18	price	1395147698102	1395147698102	1395147702946	1395147702946	OK	 
ACTION	Pricing	63	price	1395147696635	1395147696636	1395147702956	1395147702956	OK	 
ACTION	Pricing	86	price	1395147701008	1395147701009	1395147703057	1395147703057	OK	 
ACTION	Pricing	16	price	1395147698217	1395147698217	1395147703059	1395147703059	OK	 
ACTION	Pricing	80	price	1395147699184	1395147699185	1395147703067	1395147703067	OK	 
ACTION	Pricing	61	price	1395147691968	1395147691976	1395147703139	1395147703139	OK	 
ACTION	Pricing	12	price	1395147700841	1395147700842	1395147703184	1395147703185	OK	 
ACTION	Pricing	7	price	1395147699570	1395147699570	1395147703218	1395147703219	OK	 
ACTION	Pricing	38	price	1395147699515	1395147699516	1395147703263	1395147703264	OK	 
ACTION	Pricing	30	price	1395147699491	1395147699492	1395147703274	1395147703275	OK	 
ACTION	Pricing	56	price	1395147699476	1395147699477	1395147703314	1395147703314	OK	 
ACTION	Pricing	24	price	1395147699369	1395147699370	1395147703374	1395147703375	OK	 
ACTION	Pricing	12	price	1395147703187	1395147703188	1395147703431	1395147703431	OK	 
ACTION	Pricing	23	price	1395147699411	1395147699412	1395147703456	1395147703456	OK	 
ACTION	Pricing	61	price	1395147703141	1395147703142	1395147703458	1395147703458	OK	 
ACTION	Pricing	16	price	1395147703061	1395147703062	1395147703505	1395147703505	OK	 
ACTION	Pricing	86	price	1395147703060	1395147703061	1395147703563	1395147703563	OK	 
ACTION	Pricing	46	price	1395147698378	1395147698378	1395147703576	1395147703577	OK	 
ACTION	Pricing	1	price	1395147700800	1395147700801	1395147703597	1395147703597	OK	 
ACTION	Pricing	41	price	1395147698391	1395147698391	1395147703631	1395147703632	OK	 
ACTION	Pricing	51	price	1395147700762	1395147700763	1395147703661	1395147703661	OK	 
ACTION	Pricing	3	price	1395147700715	1395147700716	1395147703689	1395147703689	OK	 
ACTION	Pricing	75	price	1395147696169	1395147696169	1395147703749	1395147703750	OK	 
ACTION	Pricing	14	price	1395147700492	1395147700493	1395147703823	1395147703823	OK	 
ACTION	Pricing	9	price	1395147700406	1395147700407	1395147703872	1395147703872	OK	 
ACTION	Pricing	33	price	1395147692042	1395147692042	1395147703881	1395147703881	OK	 
ACTION	Pricing	81	price	1395147700300	1395147700301	1395147703938	1395147703939	OK	 
ACTION	Pricing	50	price	1395147700143	1395147700144	1395147704023	1395147704023	OK	 
ACTION	Pricing	96	price	1395147698810	1395147698811	1395147704071	1395147704071	OK	 
ACTION	Pricing	58	price	1395147698842	1395147698842	1395147704080	1395147704080	OK	 
ACTION	Pricing	28	price	1395147700028	1395147700029	1395147704158	1395147704159	OK	 
ACTION	Pricing	15	price	1395147698920	1395147698921	1395147704179	1395147704180	OK	 
ACTION	Pricing	13	price	1395147695764	1395147695765	1395147704218	1395147704218	OK	 
ACTION	Pricing	42	price	1395147695741	1395147695742	1395147704231	1395147704231	OK	 
ACTION	Pricing	99	price	1395147699142	1395147699142	1395147704265	1395147704265	OK	 
ACTION	Pricing	64	price	1395147699808	1395147699809	1395147704284	1395147704284	OK	 
ACTION	Pricing	22	price	1395147699802	1395147699802	1395147704325	1395147704325	OK	 
ACTION	Pricing	63	price	1395147702958	1395147702959	1395147704409	1395147704409	OK	 
ACTION	Pricing	68	price	1395147698286	1395147698287	1395147704478	1395147704478	OK	 
ACTION	Pricing	21	price	1395147702811	1395147702812	1395147704493	1395147704493	OK	 
ACTION	Pricing	76	price	1395147699214	1395147699215	1395147704515	1395147704515	OK	 
ACTION	Pricing	25	price	1395147698310	1395147698310	1395147704568	1395147704569	OK	 
ACTION	Pricing	43	price	1395147695439	1395147695439	1395147704586	1395147704587	OK	 
ACTION	Pricing	98	price	1395147698765	1395147698765	1395147704606	1395147704606	OK	 
ACTION	Pricing	29	price	1395147702779	1395147702779	1395147704634	1395147704634	OK	 
ACTION	Pricing	2	price	1395147702757	1395147702758	1395147704692	1395147704693	OK	 
ACTION	Pricing	73	price	1395147702688	1395147702689	1395147704727	1395147704727	OK	 
ACTION	Pricing	57	price	1395147702642	1395147702642	1395147704762	1395147704762	OK	 
ACTION	Pricing	26	price	1395147702577	1395147702578	1395147704792	1395147704792	OK	 
ACTION	Pricing	87	price	1395147702425	1395147702425	1395147704853	1395147704853	OK	 
ACTION	Pricing	37	price	1395147702364	1395147702367	1395147704911	1395147704911	OK	 
ACTION	Pricing	83	price	1395147702361	1395147702364	1395147704928	1395147704928	OK	 
ACTION	Pricing	72	price	1395147702269	1395147702270	1395147704961	1395147704961	OK	 
ACTION	Pricing	39	price	1395147702197	1395147702198	1395147705006	1395147705006	OK	 
ACTION	Pricing	100	price	1395147696952	1395147696953	1395147705021	1395147705021	OK	 
ACTION	Pricing	74	price	1395147702127	1395147702128	1395147705086	1395147705086	OK	 
ACTION	Pricing	45	price	1395147702091	1395147702091	1395147705127	1395147705127	OK	 
ACTION	Pricing	71	price	1395147702018	1395147702019	1395147705156	1395147705156	OK	 
ACTION	Pricing	82	price	1395147697423	1395147697423	1395147705216	1395147705216	OK	 
ACTION	Pricing	93	price	1395147697389	1395147697390	1395147705269	1395147705269	OK	 
ACTION	Pricing	5	price	1395147701984	1395147701985	1395147705299	1395147705299	OK	 
ACTION	Pricing	60	price	1395147701964	1395147701965	1395147705319	1395147705319	OK	 
ACTION	Pricing	53	price	1395147701956	1395147701956	1395147705392	1395147705393	OK	 
ACTION	Pricing	27	price	1395147701954	1395147701955	1395147705414	1395147705414	OK	 
ACTION	Pricing	65	price	1395147701910	1395147701911	1395147705475	1395147705475	OK	 
ACTION	Pricing	53	price	1395147705395	1395147705395	1395147705512	1395147705512	OK	 
ACTION	Pricing	54	price	1395147701916	1395147701917	1395147705532	1395147705532	OK	 
ACTION	Pricing	77	price	1395147701925	1395147701926	1395147705565	1395147705565	OK	 
ACTION	Pricing	36	price	1395147701946	1395147701947	1395147705581	1395147705581	OK	 
ACTION	Pricing	60	price	1395147705321	1395147705321	1395147705614	1395147705615	OK	 
ACTION	Pricing	84	price	1395147701961	1395147701961	1395147705655	1395147705656	OK	 
ACTION	Pricing	19	price	1395147701986	1395147701986	1395147705740	1395147705740	OK	 
ACTION	Pricing	82	price	1395147705218	1395147705218	1395147705740	1395147705741	OK	 
ACTION	Pricing	71	price	1395147705158	1395147705158	1395147705756	1395147705757	OK	 
ACTION	Pricing	45	price	1395147705128	1395147705131	1395147705814	1395147705814	OK	 
ACTION	Pricing	97	price	1395147697491	1395147697491	1395147705832	1395147705833	OK	 
ACTION	Pricing	74	price	1395147705088	1395147705088	1395147705863	1395147705863	OK	 
ACTION	Pricing	62	price	1395147702089	1395147702090	1395147705865	1395147705865	OK	 
ACTION	Pricing	72	price	1395147704962	1395147704963	1395147705967	1395147705967	OK	 
ACTION	Pricing	83	price	1395147704930	1395147704930	1395147705987	1395147705988	OK	 
ACTION	Pricing	69	price	1395147702379	1395147702383	1395147706069	1395147706069	OK	 
ACTION	Pricing	26	price	1395147704793	1395147704794	1395147706099	1395147706100	OK	 
ACTION	Pricing	57	price	1395147704764	1395147704764	1395147706122	1395147706122	OK	 
ACTION	Pricing	4	price	1395147702550	1395147702551	1395147706170	1395147706170	OK	 
ACTION	Pricing	92	price	1395147702557	1395147702558	1395147706195	1395147706196	OK	 
ACTION	Pricing	73	price	1395147704729	1395147704730	1395147706279	1395147706279	OK	 
ACTION	Pricing	29	price	1395147704636	1395147704636	1395147706305	1395147706306	OK	 
ACTION	Pricing	98	price	1395147704607	1395147704608	1395147706337	1395147706337	OK	 
ACTION	Pricing	43	price	1395147704588	1395147704589	1395147706400	1395147706400	OK	 
ACTION	Pricing	17	price	1395147701019	1395147701020	1395147706437	1395147706438	OK	 
ACTION	Pricing	25	price	1395147704571	1395147704572	1395147706459	1395147706459	OK	 
ACTION	Pricing	76	price	1395147704517	1395147704517	1395147706487	1395147706487	OK	 
ACTION	Pricing	21	price	1395147704494	1395147704495	1395147706515	1395147706515	OK	 
ACTION	Pricing	90	price	1395147699103	1395147699103	1395147706560	1395147706560	OK	 
ACTION	Pricing	47	price	1395147700907	1395147700908	1395147706599	1395147706599	OK	 
ACTION	Pricing	63	price	1395147704410	1395147704411	1395147706603	1395147706604	OK	 
ACTION	Pricing	32	price	1395147699678	1395147699679	1395147706677	1395147706677	OK	 
ACTION	Pricing	42	price	1395147704233	1395147704234	1395147706746	1395147706746	OK	 
ACTION	Pricing	15	price	1395147704181	1395147704182	1395147706760	1395147706760	OK	 
ACTION	Pricing	44	price	1395147700001	1395147700002	1395147706835	1395147706835	OK	 
ACTION	Pricing	11	price	1395147699962	1395147699962	1395147706856	1395147706856	OK	 
ACTION	Pricing	10	price	1395147700271	1395147700272	1395147706980	1395147706981	OK	 
ACTION	Pricing	52	price	1395147700334	1395147700335	1395147707022	1395147707023	OK	 
ACTION	Pricing	33	price	1395147703882	1395147703883	1395147707049	1395147707049	OK	 
ACTION	Pricing	6	price	1395147700466	1395147700467	1395147707076	1395147707077	OK	 
ACTION	Pricing	75	price	1395147703751	1395147703752	1395147707118	1395147707118	OK	 
ACTION	Pricing	91	price	1395147700525	1395147700526	1395147707159	1395147707159	OK	 
ACTION	Pricing	55	price	1395147700565	1395147700566	1395147707185	1395147707185	OK	 
ACTION	Pricing	78	price	1395147698558	1395147698558	1395147707192	1395147707192	OK	 
ACTION	Pricing	66	price	1395147700641	1395147700642	1395147707229	1395147707229	OK	 
ACTION	Pricing	41	price	1395147703633	1395147703634	1395147707289	1395147707289	OK	 
ACTION	Pricing	1	price	1395147703599	1395147703599	1395147707316	1395147707316	OK	 
ACTION	Pricing	16	price	1395147703507	1395147703508	1395147707382	1395147707383	OK	 
ACTION	Pricing	61	price	1395147703460	1395147703461	1395147707455	1395147707455	OK	 
ACTION	Pricing	12	price	1395147703433	1395147703433	1395147707516	1395147707516	OK	 
ACTION	Pricing	24	price	1395147703376	1395147703376	1395147707538	1395147707538	OK	 
ACTION	Pricing	61	price	1395147707457	1395147707457	1395147707579	1395147707579	OK	 
ACTION	Pricing	7	price	1395147703220	1395147703221	1395147707623	1395147707624	OK	 
ACTION	Pricing	61	price	1395147707581	1395147707582	1395147707666	1395147707666	OK	 
ACTION	Pricing	24	price	1395147707540	1395147707540	1395147707729	1395147707729	OK	 
ACTION	Pricing	38	price	1395147703265	1395147703266	1395147707748	1395147707749	OK	 
ACTION	Pricing	12	price	1395147707519	1395147707520	1395147707766	1395147707766	OK	 
ACTION	Pricing	30	price	1395147703277	1395147703278	1395147707828	1395147707829	OK	 
ACTION	Pricing	56	price	1395147703316	1395147703316	1395147707850	1395147707850	OK	 
ACTION	Pricing	23	price	1395147703458	1395147703458	1395147707929	1395147707929	OK	 
ACTION	Pricing	1	price	1395147707318	1395147707318	1395147707957	1395147707957	OK	 
ACTION	Pricing	41	price	1395147707291	1395147707292	1395147707983	1395147707983	OK	 
ACTION	Pricing	86	price	1395147703565	1395147703566	1395147708000	1395147708000	OK	 
ACTION	Pricing	46	price	1395147703578	1395147703578	1395147708015	1395147708015	OK	 
ACTION	Pricing	66	price	1395147707231	1395147707232	1395147708069	1395147708069	OK	 
ACTION	Pricing	78	price	1395147707194	1395147707195	1395147708108	1395147708108	OK	 
ACTION	Pricing	55	price	1395147707187	1395147707187	1395147708145	1395147708145	OK	 
ACTION	Pricing	91	price	1395147707161	1395147707162	1395147708171	1395147708171	OK	 
ACTION	Pricing	51	price	1395147703662	1395147703663	1395147708221	1395147708221	OK	 
ACTION	Pricing	3	price	1395147703690	1395147703691	1395147708292	1395147708292	OK	 
ACTION	Pricing	75	price	1395147707121	1395147707121	1395147708292	1395147708292	OK	 
ACTION	Pricing	33	price	1395147707051	1395147707051	1395147708356	1395147708357	OK	 
ACTION	Pricing	52	price	1395147707024	1395147707025	1395147708395	1395147708395	OK	 
ACTION	Pricing	10	price	1395147706982	1395147706982	1395147708429	1395147708429	OK	 
ACTION	Pricing	40	price	1395147700391	1395147700391	1395147708454	1395147708455	OK	 
ACTION	Pricing	58	price	1395147704082	1395147704082	1395147708473	1395147708474	OK	 
ACTION	Pricing	31	price	1395147700058	1395147700058	1395147708485	1395147708485	OK	 
ACTION	Pricing	34	price	1395147700201	1395147700202	1395147708507	1395147708507	OK	 
ACTION	Pricing	89	price	1395147700073	1395147700073	1395147708510	1395147708510	OK	 
ACTION	Pricing	14	price	1395147703825	1395147703825	1395147708545	1395147708545	OK	 
ACTION	Pricing	9	price	1395147703875	1395147703875	1395147708559	1395147708559	OK	 
ACTION	Pricing	11	price	1395147706858	1395147706858	1395147708598	1395147708598	OK	 
ACTION	Pricing	44	price	1395147706837	1395147706837	1395147708662	1395147708662	OK	 
ACTION	Pricing	96	price	1395147704073	1395147704074	1395147708711	1395147708711	OK	 
ACTION	Pricing	42	price	1395147706747	1395147706748	1395147708736	1395147708736	OK	 
ACTION	Pricing	8	price	1395147699901	1395147699901	1395147708764	1395147708765	OK	 
ACTION	Pricing	94	price	1395147699894	1395147699895	1395147708787	1395147708787	OK	 
ACTION	Pricing	96	price	1395147708713	1395147708714	1395147708834	1395147708834	OK	 
ACTION	Pricing	32	price	1395147706679	1395147706680	1395147708863	1395147708863	OK	 
ACTION	Pricing	64	price	1395147704286	1395147704286	1395147708918	1395147708918	OK	 
ACTION	Pricing	48	price	1395147699652	1395147699653	1395147708972	1395147708972	OK	 
ACTION	Pricing	79	price	1395147699762	1395147699762	1395147708993	1395147708993	OK	 
ACTION	Pricing	90	price	1395147706562	1395147706562	1395147709046	1395147709046	OK	 
ACTION	Pricing	21	price	1395147706517	1395147706518	1395147709092	1395147709092	OK	 
ACTION	Pricing	18	price	1395147702948	1395147702949	1395147709110	1395147709111	OK	 
ACTION	Pricing	25	price	1395147706461	1395147706461	1395147709168	1395147709168	OK	 
ACTION	Pricing	17	price	1395147706439	1395147706440	1395147709196	1395147709196	OK	 
ACTION	Pricing	67	price	1395147699618	1395147699619	1395147709209	1395147709209	OK	 
ACTION	Pricing	98	price	1395147706339	1395147706340	1395147709266	1395147709266	OK	 
ACTION	Pricing	29	price	1395147706307	1395147706308	1395147709303	1395147709303	OK	 
ACTION	Pricing	92	price	1395147706197	1395147706198	1395147709348	1395147709348	OK	 
ACTION	Pricing	4	price	1395147706172	1395147706173	1395147709385	1395147709385	OK	 
ACTION	Pricing	26	price	1395147706103	1395147706103	1395147709423	1395147709423	OK	 
ACTION	Pricing	49	price	1395147702484	1395147702485	1395147709436	1395147709436	OK	 
ACTION	Pricing	70	price	1395147702452	1395147702453	1395147709459	1395147709460	OK	 
ACTION	Pricing	85	price	1395147702364	1395147702365	1395147709496	1395147709496	OK	 
ACTION	Pricing	83	price	1395147705989	1395147705989	1395147709542	1395147709542	OK	 
ACTION	Pricing	87	price	1395147704855	1395147704856	1395147709592	1395147709592	OK	 
ACTION	Pricing	72	price	1395147705969	1395147705970	1395147709600	1395147709600	OK	 
ACTION	Pricing	37	price	1395147704913	1395147704913	1395147709635	1395147709636	OK	 
ACTION	Pricing	74	price	1395147705865	1395147705866	1395147709654	1395147709654	OK	 
ACTION	Pricing	39	price	1395147705008	1395147705008	1395147709665	1395147709666	OK	 
ACTION	Pricing	45	price	1395147705816	1395147705816	1395147709716	1395147709717	OK	 
ACTION	Pricing	82	price	1395147705745	1395147705746	1395147709824	1395147709824	OK	 
ACTION	Pricing	88	price	1395147697587	1395147697588	1395147709851	1395147709851	OK	 
ACTION	Pricing	53	price	1395147705514	1395147705514	1395147710050	1395147710050	OK	 
ACTION	Pricing	54	price	1395147705534	1395147705534	1395147710057	1395147710057	OK	 
ACTION	Pricing	88	price	1395147709853	1395147709853	1395147710074	1395147710075	OK	 
ACTION	Pricing	82	price	1395147709826	1395147709827	1395147710096	1395147710096	OK	 
ACTION	Pricing	93	price	1395147705271	1395147705271	1395147710151	1395147710152	OK	 
ACTION	Pricing	36	price	1395147705582	1395147705583	1395147710182	1395147710182	OK	 
ACTION	Pricing	84	price	1395147705657	1395147705658	1395147710237	1395147710237	OK	 
ACTION	Pricing	59	price	1395147697463	1395147697464	1395147710250	1395147710251	OK	 
ACTION	Pricing	45	price	1395147709718	1395147709719	1395147710300	1395147710300	OK	 
ACTION	Pricing	71	price	1395147705758	1395147705759	1395147710315	1395147710315	OK	 
ACTION	Pricing	74	price	1395147709656	1395147709656	1395147710379	1395147710379	OK	 
ACTION	Pricing	37	price	1395147709638	1395147709638	1395147710412	1395147710412	OK	 
ACTION	Pricing	100	price	1395147705023	1395147705024	1395147710456	1395147710456	OK	 
ACTION	Pricing	97	price	1395147705834	1395147705834	1395147710458	1395147710459	OK	 
ACTION	Pricing	72	price	1395147709601	1395147709602	1395147710503	1395147710503	OK	 
ACTION	Pricing	35	price	1395147702193	1395147702195	1395147710543	1395147710543	OK	 
ACTION	Pricing	83	price	1395147709544	1395147709544	1395147710586	1395147710586	OK	 
ACTION	Pricing	85	price	1395147709497	1395147709497	1395147710624	1395147710624	OK	 
ACTION	Pricing	70	price	1395147709461	1395147709461	1395147710682	1395147710683	OK	 
ACTION	Pricing	26	price	1395147709425	1395147709425	1395147710730	1395147710730	OK	 
ACTION	Pricing	69	price	1395147706070	1395147706071	1395147710752	1395147710752	OK	 
ACTION	Pricing	70	price	1395147710684	1395147710685	1395147710780	1395147710780	OK	 
ACTION	Pricing	2	price	1395147704694	1395147704695	1395147710872	1395147710872	OK	 
ACTION	Pricing	29	price	1395147709305	1395147709305	1395147710882	1395147710882	OK	 
ACTION	Pricing	73	price	1395147706281	1395147706281	1395147710904	1395147710904	OK	 
ACTION	Pricing	67	price	1395147709212	1395147709213	1395147710965	1395147710965	OK	 
ACTION	Pricing	17	price	1395147709198	1395147709198	1395147710975	1395147710976	OK	 
ACTION	Pricing	25	price	1395147709170	1395147709170	1395147711010	1395147711011	OK	 
ACTION	Pricing	18	price	1395147709112	1395147709113	1395147711071	1395147711071	OK	 
ACTION	Pricing	21	price	1395147709094	1395147709094	1395147711115	1395147711115	OK	 
ACTION	Pricing	68	price	1395147704480	1395147704481	1395147711154	1395147711154	OK	 
ACTION	Pricing	90	price	1395147709050	1395147709050	1395147711162	1395147711162	OK	 
ACTION	Pricing	48	price	1395147708973	1395147708974	1395147711240	1395147711240	OK	 
ACTION	Pricing	63	price	1395147706605	1395147706606	1395147711388	1395147711388	OK	 
ACTION	Pricing	96	price	1395147708836	1395147708837	1395147711410	1395147711411	OK	 
ACTION	Pricing	99	price	1395147704267	1395147704268	1395147711413	1395147711413	OK	 
ACTION	Pricing	13	price	1395147704220	1395147704220	1395147711445	1395147711445	OK	 
ACTION	Pricing	94	price	1395147708790	1395147708790	1395147711466	1395147711467	OK	 
ACTION	Pricing	8	price	1395147708766	1395147708767	1395147711495	1395147711495	OK	 
ACTION	Pricing	42	price	1395147708738	1395147708738	1395147711567	1395147711568	OK	 
ACTION	Pricing	28	price	1395147704161	1395147704161	1395147711572	1395147711572	OK	 
ACTION	Pricing	44	price	1395147708664	1395147708668	1395147711581	1395147711582	OK	 
ACTION	Pricing	50	price	1395147704025	1395147704026	1395147711644	1395147711644	OK	 
ACTION	Pricing	42	price	1395147711569	1395147711570	1395147711668	1395147711669	OK	 
ACTION	Pricing	14	price	1395147708547	1395147708547	1395147711731	1395147711732	OK	 
ACTION	Pricing	34	price	1395147708509	1395147708509	1395147711789	1395147711790	OK	 
ACTION	Pricing	31	price	1395147708486	1395147708487	1395147711830	1395147711830	OK	 
ACTION	Pricing	58	price	1395147708477	1395147708477	1395147711860	1395147711860	OK	 
ACTION	Pricing	40	price	1395147708456	1395147708457	1395147711893	1395147711894	OK	 
ACTION	Pricing	81	price	1395147703940	1395147703941	1395147711913	1395147711913	OK	 
ACTION	Pricing	3	price	1395147708295	1395147708295	1395147711992	1395147711992	OK	 
SCENARIO	Pricing	3	END	1395147711994
ACTION	Pricing	20	price	1395147700599	1395147700600	1395147711994	1395147711997	OK	 
SCENARIO	Pricing	20	END	1395147711999
ACTION	Pricing	6	price	1395147707078	1395147707079	1395147712022	1395147712023	OK	 
SCENARIO	Pricing	6	END	1395147712023
ACTION	Pricing	95	price	1395147700705	1395147700705	1395147712104	1395147712105	OK	 
SCENARIO	Pricing	95	END	1395147712106
ACTION	Pricing	66	price	1395147708071	1395147708071	1395147712128	1395147712128	OK	 
SCENARIO	Pricing	66	END	1395147712129
ACTION	Pricing	1	price	1395147707958	1395147707959	1395147712236	1395147712236	OK	 
SCENARIO	Pricing	1	END	1395147712238
ACTION	Pricing	30	price	1395147707830	1395147707831	1395147712352	1395147712352	OK	 
SCENARIO	Pricing	30	END	1395147712353
ACTION	Pricing	12	price	1395147707768	1395147707768	1395147712379	1395147712379	OK	 
SCENARIO	Pricing	12	END	1395147712395
ACTION	Pricing	80	price	1395147703069	1395147703070	1395147712419	1395147712419	OK	 
SCENARIO	Pricing	80	END	1395147712420
ACTION	Pricing	24	price	1395147707731	1395147707732	1395147712497	1395147712497	OK	 
SCENARIO	Pricing	24	END	1395147712498
ACTION	Pricing	61	price	1395147707668	1395147707668	1395147712524	1395147712524	OK	 
SCENARIO	Pricing	61	END	1395147712525
ACTION	Pricing	7	price	1395147707626	1395147707626	1395147712557	1395147712557	OK	 
SCENARIO	Pricing	7	END	1395147712559
ACTION	Pricing	38	price	1395147707750	1395147707751	1395147712571	1395147712572	OK	 
SCENARIO	Pricing	38	END	1395147712573
ACTION	Pricing	56	price	1395147707851	1395147707852	1395147712579	1395147712579	OK	 
SCENARIO	Pricing	56	END	1395147712580
ACTION	Pricing	16	price	1395147707385	1395147707386	1395147712585	1395147712585	OK	 
SCENARIO	Pricing	16	END	1395147712586
ACTION	Pricing	23	price	1395147707931	1395147707931	1395147712598	1395147712598	OK	 
SCENARIO	Pricing	23	END	1395147712598
ACTION	Pricing	41	price	1395147707984	1395147707985	1395147712634	1395147712634	OK	 
SCENARIO	Pricing	41	END	1395147712635
ACTION	Pricing	86	price	1395147708002	1395147708002	1395147712646	1395147712646	OK	 
SCENARIO	Pricing	86	END	1395147712646
ACTION	Pricing	52	price	1395147708397	1395147708397	1395147712775	1395147712776	OK	 
SCENARIO	Pricing	52	END	1395147712776
ACTION	Pricing	40	price	1395147711895	1395147711896	1395147712802	1395147712803	OK	 
SCENARIO	Pricing	40	END	1395147712804
ACTION	Pricing	10	price	1395147708431	1395147708431	1395147712831	1395147712831	OK	 
SCENARIO	Pricing	10	END	1395147712832
ACTION	Pricing	31	price	1395147711832	1395147711832	1395147712888	1395147712889	OK	 
SCENARIO	Pricing	31	END	1395147712889
ACTION	Pricing	34	price	1395147711791	1395147711792	1395147712917	1395147712917	OK	 
SCENARIO	Pricing	34	END	1395147712917
ACTION	Pricing	14	price	1395147711733	1395147711734	1395147712945	1395147712945	OK	 
SCENARIO	Pricing	14	END	1395147712946
ACTION	Pricing	89	price	1395147708511	1395147708512	1395147712968	1395147712968	OK	 
SCENARIO	Pricing	89	END	1395147712969
ACTION	Pricing	9	price	1395147708561	1395147708561	1395147713043	1395147713043	OK	 
SCENARIO	Pricing	9	END	1395147713044
ACTION	Pricing	44	price	1395147711583	1395147711584	1395147713075	1395147713076	OK	 
SCENARIO	Pricing	44	END	1395147713076
ACTION	Pricing	15	price	1395147706761	1395147706762	1395147713109	1395147713109	OK	 
SCENARIO	Pricing	15	END	1395147713110
ACTION	Pricing	11	price	1395147708601	1395147708602	1395147713147	1395147713147	OK	 
SCENARIO	Pricing	11	END	1395147713148
ACTION	Pricing	8	price	1395147711498	1395147711498	1395147713192	1395147713192	OK	 
SCENARIO	Pricing	8	END	1395147713193
ACTION	Pricing	94	price	1395147711469	1395147711469	1395147713225	1395147713226	OK	 
SCENARIO	Pricing	94	END	1395147713226
ACTION	Pricing	13	price	1395147711447	1395147711447	1395147713274	1395147713274	OK	 
SCENARIO	Pricing	13	END	1395147713275
ACTION	Pricing	99	price	1395147711416	1395147711416	1395147713296	1395147713296	OK	 
SCENARIO	Pricing	99	END	1395147713296
ACTION	Pricing	96	price	1395147711412	1395147711414	1395147713313	1395147713313	OK	 
SCENARIO	Pricing	96	END	1395147713314
ACTION	Pricing	63	price	1395147711390	1395147711390	1395147713340	1395147713340	OK	 
SCENARIO	Pricing	63	END	1395147713341
ACTION	Pricing	32	price	1395147708865	1395147708866	1395147713376	1395147713376	OK	 
SCENARIO	Pricing	32	END	1395147713377
ACTION	Pricing	22	price	1395147704327	1395147704327	1395147713386	1395147713387	OK	 
SCENARIO	Pricing	22	END	1395147713388
ACTION	Pricing	47	price	1395147706601	1395147706601	1395147713388	1395147713388	OK	 
SCENARIO	Pricing	47	END	1395147713389
ACTION	Pricing	90	price	1395147711164	1395147711165	1395147713471	1395147713471	OK	 
SCENARIO	Pricing	90	END	1395147713472
ACTION	Pricing	18	price	1395147711073	1395147711073	1395147713552	1395147713553	OK	 
SCENARIO	Pricing	18	END	1395147713553
ACTION	Pricing	25	price	1395147711012	1395147711013	1395147713572	1395147713572	OK	 
SCENARIO	Pricing	25	END	1395147713573
ACTION	Pricing	67	price	1395147710967	1395147710967	1395147713628	1395147713628	OK	 
SCENARIO	Pricing	67	END	1395147713629
ACTION	Pricing	79	price	1395147708995	1395147708995	1395147713672	1395147713673	OK	 
SCENARIO	Pricing	79	END	1395147713673
ACTION	Pricing	73	price	1395147710906	1395147710906	1395147713703	1395147713703	OK	 
SCENARIO	Pricing	73	END	1395147713704
ACTION	Pricing	98	price	1395147709268	1395147709269	1395147713729	1395147713729	OK	 
SCENARIO	Pricing	98	END	1395147713734
ACTION	Pricing	29	price	1395147710884	1395147710885	1395147713742	1395147713742	OK	 
SCENARIO	Pricing	29	END	1395147713743
ACTION	Pricing	70	price	1395147710782	1395147710782	1395147713798	1395147713798	OK	 
SCENARIO	Pricing	70	END	1395147713799
ACTION	Pricing	57	price	1395147706123	1395147706123	1395147713805	1395147713805	OK	 
SCENARIO	Pricing	57	END	1395147713806
ACTION	Pricing	92	price	1395147709349	1395147709350	1395147713850	1395147713851	OK	 
SCENARIO	Pricing	92	END	1395147713852
ACTION	Pricing	85	price	1395147710626	1395147710626	1395147713909	1395147713909	OK	 
SCENARIO	Pricing	85	END	1395147713910
ACTION	Pricing	83	price	1395147710588	1395147710588	1395147713931	1395147713931	OK	 
SCENARIO	Pricing	83	END	1395147713932
ACTION	Pricing	62	price	1395147705867	1395147705868	1395147713990	1395147713990	OK	 
SCENARIO	Pricing	62	END	1395147713990
ACTION	Pricing	87	price	1395147709593	1395147709594	1395147714024	1395147714024	OK	 
SCENARIO	Pricing	87	END	1395147714025
ACTION	Pricing	37	price	1395147710414	1395147710415	1395147714037	1395147714038	OK	 
SCENARIO	Pricing	37	END	1395147714038
ACTION	Pricing	71	price	1395147710317	1395147710317	1395147714076	1395147714076	OK	 
SCENARIO	Pricing	71	END	1395147714076
ACTION	Pricing	39	price	1395147709668	1395147709668	1395147714138	1395147714138	OK	 
SCENARIO	Pricing	39	END	1395147714139
ACTION	Pricing	59	price	1395147710252	1395147710253	1395147714160	1395147714160	OK	 
SCENARIO	Pricing	59	END	1395147714161
ACTION	Pricing	19	price	1395147705743	1395147705744	1395147714180	1395147714181	OK	 
SCENARIO	Pricing	19	END	1395147714181
ACTION	Pricing	60	price	1395147705616	1395147705617	1395147714209	1395147714209	OK	 
SCENARIO	Pricing	60	END	1395147714210
ACTION	Pricing	65	price	1395147705477	1395147705478	1395147714236	1395147714237	OK	 
SCENARIO	Pricing	65	END	1395147714237
ACTION	Pricing	88	price	1395147710077	1395147710077	1395147714340	1395147714341	OK	 
SCENARIO	Pricing	88	END	1395147714341
ACTION	Pricing	27	price	1395147705415	1395147705416	1395147714357	1395147714357	OK	 
SCENARIO	Pricing	27	END	1395147714358
ACTION	Pricing	77	price	1395147705567	1395147705568	1395147714393	1395147714393	OK	 
SCENARIO	Pricing	77	END	1395147714394
ACTION	Pricing	5	price	1395147705301	1395147705301	1395147714414	1395147714415	OK	 
SCENARIO	Pricing	5	END	1395147714416
ACTION	Pricing	82	price	1395147710098	1395147710099	1395147714449	1395147714449	OK	 
SCENARIO	Pricing	82	END	1395147714450
ACTION	Pricing	53	price	1395147710053	1395147710053	1395147714511	1395147714512	OK	 
SCENARIO	Pricing	53	END	1395147714513
ACTION	Pricing	54	price	1395147710059	1395147710059	1395147714517	1395147714517	OK	 
ACTION	Pricing	93	price	1395147710153	1395147710154	1395147714517	1395147714518	OK	 
SCENARIO	Pricing	54	END	1395147714518
SCENARIO	Pricing	93	END	1395147714519
ACTION	Pricing	84	price	1395147710239	1395147710240	1395147714569	1395147714569	OK	 
SCENARIO	Pricing	84	END	1395147714570
ACTION	Pricing	45	price	1395147710301	1395147710302	1395147714586	1395147714586	OK	 
SCENARIO	Pricing	45	END	1395147714587
ACTION	Pricing	74	price	1395147710381	1395147710382	1395147714609	1395147714609	OK	 
SCENARIO	Pricing	74	END	1395147714609
ACTION	Pricing	97	price	1395147710460	1395147710461	1395147714660	1395147714660	OK	 
SCENARIO	Pricing	97	END	1395147714661
ACTION	Pricing	100	price	1395147710457	1395147710458	1395147714664	1395147714664	OK	 
SCENARIO	Pricing	100	END	1395147714665
ACTION	Pricing	72	price	1395147710509	1395147710509	1395147714688	1395147714688	OK	 
SCENARIO	Pricing	72	END	1395147714689
ACTION	Pricing	35	price	1395147710545	1395147710546	1395147714707	1395147714708	OK	 
SCENARIO	Pricing	35	END	1395147714708
ACTION	Pricing	49	price	1395147709437	1395147709438	1395147714726	1395147714727	OK	 
SCENARIO	Pricing	49	END	1395147714727
ACTION	Pricing	4	price	1395147709387	1395147709387	1395147714728	1395147714728	OK	 
SCENARIO	Pricing	4	END	1395147714729
ACTION	Pricing	26	price	1395147710732	1395147710733	1395147714765	1395147714766	OK	 
SCENARIO	Pricing	26	END	1395147714766
ACTION	Pricing	17	price	1395147710977	1395147710977	1395147714867	1395147714867	OK	 
SCENARIO	Pricing	17	END	1395147714868
ACTION	Pricing	2	price	1395147710874	1395147710874	1395147714868	1395147714868	OK	 
SCENARIO	Pricing	2	END	1395147714869
ACTION	Pricing	43	price	1395147706402	1395147706403	1395147714869	1395147714870	OK	 
SCENARIO	Pricing	43	END	1395147714870
ACTION	Pricing	21	price	1395147711117	1395147711117	1395147714883	1395147714883	OK	 
SCENARIO	Pricing	21	END	1395147714884
ACTION	Pricing	76	price	1395147706489	1395147706489	1395147714932	1395147714933	OK	 
SCENARIO	Pricing	76	END	1395147714933
ACTION	Pricing	48	price	1395147711242	1395147711243	1395147714959	1395147714959	OK	 
SCENARIO	Pricing	48	END	1395147714960
ACTION	Pricing	50	price	1395147711646	1395147711646	1395147714970	1395147714970	OK	 
SCENARIO	Pricing	50	END	1395147714971
ACTION	Pricing	28	price	1395147711573	1395147711574	1395147714978	1395147714978	OK	 
SCENARIO	Pricing	28	END	1395147714979
ACTION	Pricing	42	price	1395147711670	1395147711671	1395147715020	1395147715020	OK	 
SCENARIO	Pricing	42	END	1395147715021
ACTION	Pricing	58	price	1395147711861	1395147711862	1395147715055	1395147715056	OK	 
SCENARIO	Pricing	58	END	1395147715056
ACTION	Pricing	46	price	1395147708017	1395147708018	1395147715071	1395147715071	OK	 
SCENARIO	Pricing	46	END	1395147715072
ACTION	Pricing	91	price	1395147708173	1395147708173	1395147715081	1395147715081	OK	 
SCENARIO	Pricing	91	END	1395147715082
ACTION	Pricing	78	price	1395147708110	1395147708111	1395147715088	1395147715089	OK	 
SCENARIO	Pricing	78	END	1395147715089
ACTION	Pricing	75	price	1395147708293	1395147708294	1395147715089	1395147715089	OK	 
SCENARIO	Pricing	75	END	1395147715090
ACTION	Pricing	51	price	1395147708223	1395147708223	1395147715112	1395147715112	OK	 
SCENARIO	Pricing	51	END	1395147715113
ACTION	Pricing	81	price	1395147711914	1395147711915	1395147715131	1395147715131	OK	 
SCENARIO	Pricing	81	END	1395147715132
ACTION	Pricing	55	price	1395147708147	1395147708147	1395147715144	1395147715144	OK	 
SCENARIO	Pricing	55	END	1395147715145
ACTION	Pricing	33	price	1395147708358	1395147708359	1395147715177	1395147715177	OK	 
SCENARIO	Pricing	33	END	1395147715178
ACTION	Pricing	64	price	1395147708921	1395147708921	1395147715183	1395147715183	OK	 
SCENARIO	Pricing	64	END	1395147715184
ACTION	Pricing	69	price	1395147710754	1395147710754	1395147715194	1395147715194	OK	 
SCENARIO	Pricing	69	END	1395147715195
ACTION	Pricing	36	price	1395147710184	1395147710185	1395147715212	1395147715212	OK	 
SCENARIO	Pricing	36	END	1395147715213
ACTION	Pricing	68	price	1395147711156	1395147711157	1395147715221	1395147715221	OK	 
SCENARIO	Pricing	68	END	1395147715221
