RUN	20140318090452	pricingsimulation	pricingsimulation
SCENARIO	Pricing	1	START	1395133494924
SCENARIO	Pricing	2	START	1395133494972
SCENARIO	Pricing	3	START	1395133494973
ACTION	Pricing	1	price	1395133494989	1395133495038	1395133495521	1395133495529	OK	 
ACTION	Pricing	2	price	1395133494996	1395133495037	1395133495521	1395133495529	OK	 
ACTION	Pricing	3	price	1395133494996	1395133495037	1395133495521	1395133495529	OK	 
ACTION	Pricing	1	price	1395133495599	1395133495611	1395133495645	1395133495646	OK	 
ACTION	Pricing	3	price	1395133495653	1395133495659	1395133495696	1395133495697	OK	 
ACTION	Pricing	2	price	1395133495664	1395133495673	1395133495742	1395133495742	OK	 
ACTION	Pricing	1	price	1395133495674	1395133495676	1395133495779	1395133495779	OK	 
ACTION	Pricing	3	price	1395133495698	1395133495700	1395133495818	1395133495818	OK	 
ACTION	Pricing	2	price	1395133495744	1395133495745	1395133495848	1395133495848	OK	 
ACTION	Pricing	1	price	1395133495781	1395133495782	1395133495876	1395133495877	OK	 
ACTION	Pricing	3	price	1395133495819	1395133495820	1395133495908	1395133495908	OK	 
ACTION	Pricing	2	price	1395133495850	1395133495851	1395133495943	1395133495943	OK	 
ACTION	Pricing	1	price	1395133495879	1395133495881	1395133495985	1395133495985	OK	 
ACTION	Pricing	3	price	1395133495910	1395133495911	1395133496018	1395133496018	OK	 
ACTION	Pricing	2	price	1395133495945	1395133495947	1395133496054	1395133496054	OK	 
ACTION	Pricing	1	price	1395133495987	1395133495988	1395133496084	1395133496084	OK	 
ACTION	Pricing	3	price	1395133496020	1395133496021	1395133496113	1395133496113	OK	 
ACTION	Pricing	2	price	1395133496055	1395133496057	1395133496146	1395133496146	OK	 
ACTION	Pricing	1	price	1395133496086	1395133496088	1395133496176	1395133496176	OK	 
ACTION	Pricing	3	price	1395133496115	1395133496117	1395133496206	1395133496206	OK	 
ACTION	Pricing	2	price	1395133496148	1395133496149	1395133496244	1395133496245	OK	 
ACTION	Pricing	1	price	1395133496178	1395133496179	1395133496281	1395133496281	OK	 
ACTION	Pricing	3	price	1395133496209	1395133496213	1395133496316	1395133496317	OK	 
ACTION	Pricing	2	price	1395133496246	1395133496248	1395133496352	1395133496353	OK	 
ACTION	Pricing	1	price	1395133496283	1395133496285	1395133496390	1395133496391	OK	 
ACTION	Pricing	3	price	1395133496318	1395133496319	1395133496421	1395133496422	OK	 
ACTION	Pricing	2	price	1395133496354	1395133496356	1395133496460	1395133496460	OK	 
ACTION	Pricing	1	price	1395133496393	1395133496394	1395133496493	1395133496494	OK	 
ACTION	Pricing	3	price	1395133496423	1395133496428	1395133496528	1395133496528	OK	 
ACTION	Pricing	2	price	1395133496463	1395133496463	1395133496561	1395133496561	OK	 
ACTION	Pricing	1	price	1395133496496	1395133496497	1395133496590	1395133496590	OK	 
ACTION	Pricing	3	price	1395133496530	1395133496531	1395133496626	1395133496627	OK	 
ACTION	Pricing	2	price	1395133496563	1395133496564	1395133496652	1395133496652	OK	 
ACTION	Pricing	1	price	1395133496592	1395133496592	1395133496683	1395133496683	OK	 
ACTION	Pricing	3	price	1395133496628	1395133496630	1395133496714	1395133496714	OK	 
ACTION	Pricing	2	price	1395133496655	1395133496655	1395133496744	1395133496745	OK	 
ACTION	Pricing	1	price	1395133496685	1395133496685	1395133496779	1395133496780	OK	 
ACTION	Pricing	3	price	1395133496718	1395133496719	1395133496810	1395133496810	OK	 
ACTION	Pricing	2	price	1395133496747	1395133496748	1395133496840	1395133496840	OK	 
ACTION	Pricing	1	price	1395133496781	1395133496782	1395133496869	1395133496869	OK	 
ACTION	Pricing	3	price	1395133496813	1395133496814	1395133496901	1395133496901	OK	 
ACTION	Pricing	2	price	1395133496842	1395133496842	1395133496934	1395133496934	OK	 
ACTION	Pricing	1	price	1395133496871	1395133496872	1395133496964	1395133496967	OK	 
ACTION	Pricing	3	price	1395133496904	1395133496905	1395133496997	1395133496997	OK	 
ACTION	Pricing	2	price	1395133496936	1395133496937	1395133497026	1395133497026	OK	 
ACTION	Pricing	1	price	1395133496969	1395133496970	1395133497059	1395133497059	OK	 
ACTION	Pricing	3	price	1395133496999	1395133496999	1395133497091	1395133497092	OK	 
ACTION	Pricing	2	price	1395133497028	1395133497028	1395133497121	1395133497121	OK	 
ACTION	Pricing	1	price	1395133497061	1395133497061	1395133497153	1395133497154	OK	 
ACTION	Pricing	3	price	1395133497094	1395133497094	1395133497184	1395133497185	OK	 
ACTION	Pricing	2	price	1395133497123	1395133497124	1395133497215	1395133497216	OK	 
ACTION	Pricing	1	price	1395133497155	1395133497156	1395133497246	1395133497247	OK	 
ACTION	Pricing	3	price	1395133497187	1395133497187	1395133497279	1395133497279	OK	 
ACTION	Pricing	2	price	1395133497218	1395133497218	1395133497312	1395133497313	OK	 
ACTION	Pricing	1	price	1395133497249	1395133497250	1395133497347	1395133497350	OK	 
ACTION	Pricing	3	price	1395133497281	1395133497282	1395133497380	1395133497381	OK	 
ACTION	Pricing	2	price	1395133497315	1395133497315	1395133497424	1395133497424	OK	 
ACTION	Pricing	1	price	1395133497352	1395133497353	1395133497452	1395133497452	OK	 
ACTION	Pricing	3	price	1395133497382	1395133497383	1395133497481	1395133497481	OK	 
ACTION	Pricing	2	price	1395133497426	1395133497426	1395133497513	1395133497513	OK	 
ACTION	Pricing	1	price	1395133497454	1395133497455	1395133497546	1395133497546	OK	 
ACTION	Pricing	3	price	1395133497483	1395133497484	1395133497577	1395133497578	OK	 
ACTION	Pricing	2	price	1395133497515	1395133497515	1395133497610	1395133497610	OK	 
ACTION	Pricing	1	price	1395133497548	1395133497548	1395133497642	1395133497642	OK	 
ACTION	Pricing	3	price	1395133497580	1395133497580	1395133497675	1395133497676	OK	 
ACTION	Pricing	2	price	1395133497612	1395133497613	1395133497706	1395133497707	OK	 
ACTION	Pricing	1	price	1395133497644	1395133497644	1395133497738	1395133497739	OK	 
ACTION	Pricing	3	price	1395133497678	1395133497679	1395133497769	1395133497770	OK	 
ACTION	Pricing	2	price	1395133497708	1395133497709	1395133497804	1395133497804	OK	 
ACTION	Pricing	1	price	1395133497740	1395133497741	1395133497836	1395133497836	OK	 
ACTION	Pricing	3	price	1395133497771	1395133497772	1395133497864	1395133497864	OK	 
ACTION	Pricing	2	price	1395133497806	1395133497806	1395133497892	1395133497892	OK	 
ACTION	Pricing	1	price	1395133497837	1395133497838	1395133497945	1395133497945	OK	 
ACTION	Pricing	3	price	1395133497866	1395133497866	1395133497956	1395133497963	OK	 
ACTION	Pricing	2	price	1395133497894	1395133497895	1395133497989	1395133497989	OK	 
ACTION	Pricing	1	price	1395133497948	1395133497948	1395133498022	1395133498022	OK	 
ACTION	Pricing	3	price	1395133497966	1395133497967	1395133498052	1395133498053	OK	 
ACTION	Pricing	2	price	1395133497991	1395133497991	1395133498084	1395133498084	OK	 
ACTION	Pricing	1	price	1395133498024	1395133498025	1395133498112	1395133498112	OK	 
ACTION	Pricing	3	price	1395133498054	1395133498055	1395133498143	1395133498143	OK	 
ACTION	Pricing	2	price	1395133498086	1395133498086	1395133498172	1395133498172	OK	 
ACTION	Pricing	1	price	1395133498114	1395133498115	1395133498203	1395133498203	OK	 
ACTION	Pricing	3	price	1395133498145	1395133498146	1395133498233	1395133498233	OK	 
ACTION	Pricing	2	price	1395133498174	1395133498175	1395133498262	1395133498262	OK	 
ACTION	Pricing	1	price	1395133498205	1395133498207	1395133498292	1395133498292	OK	 
ACTION	Pricing	3	price	1395133498235	1395133498236	1395133498322	1395133498322	OK	 
ACTION	Pricing	2	price	1395133498264	1395133498265	1395133498352	1395133498352	OK	 
ACTION	Pricing	1	price	1395133498294	1395133498295	1395133498391	1395133498391	OK	 
ACTION	Pricing	3	price	1395133498324	1395133498325	1395133498414	1395133498414	OK	 
ACTION	Pricing	2	price	1395133498354	1395133498355	1395133498445	1395133498445	OK	 
ACTION	Pricing	1	price	1395133498393	1395133498394	1395133498475	1395133498475	OK	 
ACTION	Pricing	3	price	1395133498416	1395133498418	1395133498507	1395133498507	OK	 
ACTION	Pricing	2	price	1395133498447	1395133498448	1395133498538	1395133498538	OK	 
ACTION	Pricing	1	price	1395133498477	1395133498477	1395133498571	1395133498571	OK	 
ACTION	Pricing	3	price	1395133498509	1395133498510	1395133498607	1395133498607	OK	 
ACTION	Pricing	2	price	1395133498540	1395133498540	1395133498634	1395133498634	OK	 
ACTION	Pricing	1	price	1395133498573	1395133498574	1395133498662	1395133498663	OK	 
ACTION	Pricing	3	price	1395133498609	1395133498609	1395133498691	1395133498691	OK	 
ACTION	Pricing	2	price	1395133498636	1395133498636	1395133498727	1395133498727	OK	 
ACTION	Pricing	1	price	1395133498665	1395133498665	1395133498758	1395133498758	OK	 
ACTION	Pricing	3	price	1395133498693	1395133498694	1395133498786	1395133498786	OK	 
ACTION	Pricing	2	price	1395133498729	1395133498729	1395133498817	1395133498817	OK	 
ACTION	Pricing	1	price	1395133498760	1395133498760	1395133498847	1395133498848	OK	 
ACTION	Pricing	3	price	1395133498788	1395133498788	1395133498877	1395133498877	OK	 
ACTION	Pricing	2	price	1395133498818	1395133498819	1395133498905	1395133498905	OK	 
ACTION	Pricing	1	price	1395133498849	1395133498850	1395133498934	1395133498935	OK	 
ACTION	Pricing	3	price	1395133498879	1395133498880	1395133498966	1395133498967	OK	 
ACTION	Pricing	2	price	1395133498906	1395133498907	1395133498998	1395133498999	OK	 
ACTION	Pricing	1	price	1395133498936	1395133498937	1395133499029	1395133499030	OK	 
ACTION	Pricing	3	price	1395133498968	1395133498969	1395133499061	1395133499061	OK	 
ACTION	Pricing	2	price	1395133499000	1395133499001	1395133499092	1395133499092	OK	 
ACTION	Pricing	1	price	1395133499031	1395133499032	1395133499122	1395133499123	OK	 
ACTION	Pricing	3	price	1395133499063	1395133499063	1395133499154	1395133499155	OK	 
ACTION	Pricing	2	price	1395133499094	1395133499094	1395133499185	1395133499186	OK	 
ACTION	Pricing	1	price	1395133499124	1395133499125	1395133499216	1395133499216	OK	 
ACTION	Pricing	3	price	1395133499157	1395133499157	1395133499249	1395133499249	OK	 
ACTION	Pricing	2	price	1395133499187	1395133499187	1395133499276	1395133499277	OK	 
ACTION	Pricing	1	price	1395133499218	1395133499218	1395133499308	1395133499308	OK	 
ACTION	Pricing	3	price	1395133499252	1395133499252	1395133499338	1395133499338	OK	 
ACTION	Pricing	2	price	1395133499278	1395133499279	1395133499367	1395133499367	OK	 
ACTION	Pricing	1	price	1395133499310	1395133499310	1395133499399	1395133499399	OK	 
ACTION	Pricing	3	price	1395133499340	1395133499340	1395133499431	1395133499431	OK	 
ACTION	Pricing	2	price	1395133499369	1395133499369	1395133499463	1395133499463	OK	 
ACTION	Pricing	1	price	1395133499401	1395133499401	1395133499492	1395133499492	OK	 
ACTION	Pricing	3	price	1395133499433	1395133499434	1395133499522	1395133499522	OK	 
ACTION	Pricing	2	price	1395133499464	1395133499465	1395133499553	1395133499554	OK	 
ACTION	Pricing	1	price	1395133499493	1395133499494	1395133499585	1395133499585	OK	 
ACTION	Pricing	3	price	1395133499524	1395133499524	1395133499618	1395133499619	OK	 
ACTION	Pricing	2	price	1395133499556	1395133499556	1395133499650	1395133499650	OK	 
ACTION	Pricing	1	price	1395133499587	1395133499588	1395133499682	1395133499682	OK	 
ACTION	Pricing	3	price	1395133499621	1395133499621	1395133499713	1395133499713	OK	 
ACTION	Pricing	2	price	1395133499652	1395133499653	1395133499744	1395133499744	OK	 
ACTION	Pricing	1	price	1395133499684	1395133499685	1395133499773	1395133499773	OK	 
ACTION	Pricing	3	price	1395133499714	1395133499715	1395133499803	1395133499804	OK	 
ACTION	Pricing	2	price	1395133499745	1395133499746	1395133499838	1395133499838	OK	 
ACTION	Pricing	1	price	1395133499776	1395133499776	1395133499872	1395133499872	OK	 
ACTION	Pricing	3	price	1395133499806	1395133499806	1395133499909	1395133499910	OK	 
ACTION	Pricing	2	price	1395133499839	1395133499840	1395133499943	1395133499943	OK	 
ACTION	Pricing	1	price	1395133499874	1395133499875	1395133499972	1395133499973	OK	 
ACTION	Pricing	3	price	1395133499911	1395133499912	1395133500002	1395133500002	OK	 
ACTION	Pricing	2	price	1395133499945	1395133499945	1395133500033	1395133500034	OK	 
ACTION	Pricing	1	price	1395133499975	1395133499976	1395133500066	1395133500066	OK	 
ACTION	Pricing	3	price	1395133500004	1395133500005	1395133500095	1395133500096	OK	 
ACTION	Pricing	2	price	1395133500035	1395133500036	1395133500127	1395133500127	OK	 
ACTION	Pricing	1	price	1395133500067	1395133500068	1395133500158	1395133500158	OK	 
ACTION	Pricing	3	price	1395133500097	1395133500098	1395133500188	1395133500188	OK	 
ACTION	Pricing	2	price	1395133500128	1395133500129	1395133500219	1395133500219	OK	 
ACTION	Pricing	1	price	1395133500160	1395133500160	1395133500253	1395133500253	OK	 
ACTION	Pricing	3	price	1395133500190	1395133500190	1395133500281	1395133500281	OK	 
ACTION	Pricing	2	price	1395133500221	1395133500221	1395133500314	1395133500314	OK	 
ACTION	Pricing	1	price	1395133500254	1395133500255	1395133500345	1395133500346	OK	 
ACTION	Pricing	3	price	1395133500282	1395133500283	1395133500379	1395133500379	OK	 
ACTION	Pricing	2	price	1395133500316	1395133500316	1395133500409	1395133500409	OK	 
ACTION	Pricing	1	price	1395133500347	1395133500348	1395133500439	1395133500439	OK	 
ACTION	Pricing	3	price	1395133500381	1395133500382	1395133500469	1395133500470	OK	 
ACTION	Pricing	2	price	1395133500411	1395133500411	1395133500500	1395133500501	OK	 
ACTION	Pricing	1	price	1395133500441	1395133500441	1395133500531	1395133500531	OK	 
ACTION	Pricing	3	price	1395133500471	1395133500472	1395133500563	1395133500563	OK	 
ACTION	Pricing	2	price	1395133500505	1395133500505	1395133500590	1395133500590	OK	 
ACTION	Pricing	1	price	1395133500533	1395133500533	1395133500620	1395133500620	OK	 
ACTION	Pricing	3	price	1395133500565	1395133500565	1395133500653	1395133500653	OK	 
ACTION	Pricing	2	price	1395133500592	1395133500592	1395133500689	1395133500689	OK	 
ACTION	Pricing	1	price	1395133500622	1395133500622	1395133500716	1395133500717	OK	 
ACTION	Pricing	3	price	1395133500655	1395133500656	1395133500747	1395133500747	OK	 
ACTION	Pricing	2	price	1395133500691	1395133500691	1395133500778	1395133500778	OK	 
ACTION	Pricing	1	price	1395133500718	1395133500718	1395133500806	1395133500806	OK	 
ACTION	Pricing	3	price	1395133500749	1395133500749	1395133500838	1395133500838	OK	 
ACTION	Pricing	2	price	1395133500780	1395133500780	1395133500869	1395133500869	OK	 
ACTION	Pricing	1	price	1395133500808	1395133500808	1395133500900	1395133500901	OK	 
ACTION	Pricing	3	price	1395133500839	1395133500840	1395133500930	1395133500930	OK	 
ACTION	Pricing	2	price	1395133500871	1395133500871	1395133500962	1395133500962	OK	 
ACTION	Pricing	1	price	1395133500902	1395133500903	1395133500991	1395133500991	OK	 
ACTION	Pricing	3	price	1395133500931	1395133500932	1395133501020	1395133501020	OK	 
ACTION	Pricing	2	price	1395133500963	1395133500964	1395133501053	1395133501054	OK	 
ACTION	Pricing	1	price	1395133500993	1395133500993	1395133501090	1395133501090	OK	 
ACTION	Pricing	3	price	1395133501022	1395133501022	1395133501120	1395133501120	OK	 
ACTION	Pricing	2	price	1395133501055	1395133501056	1395133501155	1395133501156	OK	 
ACTION	Pricing	1	price	1395133501091	1395133501092	1395133501189	1395133501189	OK	 
ACTION	Pricing	3	price	1395133501122	1395133501122	1395133501226	1395133501226	OK	 
ACTION	Pricing	2	price	1395133501157	1395133501158	1395133501262	1395133501262	OK	 
ACTION	Pricing	1	price	1395133501191	1395133501192	1395133501285	1395133501285	OK	 
ACTION	Pricing	3	price	1395133501228	1395133501229	1395133501317	1395133501317	OK	 
ACTION	Pricing	2	price	1395133501264	1395133501264	1395133501346	1395133501347	OK	 
ACTION	Pricing	1	price	1395133501288	1395133501288	1395133501377	1395133501377	OK	 
ACTION	Pricing	3	price	1395133501318	1395133501319	1395133501406	1395133501406	OK	 
ACTION	Pricing	2	price	1395133501348	1395133501349	1395133501437	1395133501438	OK	 
ACTION	Pricing	1	price	1395133501378	1395133501378	1395133501467	1395133501468	OK	 
ACTION	Pricing	3	price	1395133501408	1395133501408	1395133501499	1395133501500	OK	 
ACTION	Pricing	2	price	1395133501439	1395133501440	1395133501531	1395133501531	OK	 
ACTION	Pricing	1	price	1395133501469	1395133501470	1395133501560	1395133501561	OK	 
ACTION	Pricing	3	price	1395133501502	1395133501502	1395133501592	1395133501592	OK	 
ACTION	Pricing	2	price	1395133501532	1395133501533	1395133501626	1395133501626	OK	 
ACTION	Pricing	1	price	1395133501562	1395133501563	1395133501656	1395133501656	OK	 
ACTION	Pricing	3	price	1395133501594	1395133501595	1395133501689	1395133501689	OK	 
ACTION	Pricing	2	price	1395133501629	1395133501629	1395133501720	1395133501720	OK	 
ACTION	Pricing	1	price	1395133501658	1395133501658	1395133501754	1395133501754	OK	 
ACTION	Pricing	3	price	1395133501691	1395133501692	1395133501784	1395133501785	OK	 
ACTION	Pricing	2	price	1395133501722	1395133501722	1395133501814	1395133501814	OK	 
ACTION	Pricing	1	price	1395133501755	1395133501756	1395133501856	1395133501856	OK	 
ACTION	Pricing	3	price	1395133501786	1395133501787	1395133501886	1395133501887	OK	 
ACTION	Pricing	2	price	1395133501816	1395133501817	1395133501915	1395133501916	OK	 
ACTION	Pricing	1	price	1395133501858	1395133501859	1395133501945	1395133501945	OK	 
ACTION	Pricing	3	price	1395133501888	1395133501889	1395133501978	1395133501979	OK	 
ACTION	Pricing	2	price	1395133501917	1395133501918	1395133502011	1395133502011	OK	 
ACTION	Pricing	1	price	1395133501947	1395133501947	1395133502061	1395133502061	OK	 
ACTION	Pricing	3	price	1395133501981	1395133501981	1395133502092	1395133502093	OK	 
ACTION	Pricing	2	price	1395133502013	1395133502013	1395133502122	1395133502122	OK	 
ACTION	Pricing	1	price	1395133502063	1395133502064	1395133502154	1395133502155	OK	 
ACTION	Pricing	3	price	1395133502095	1395133502095	1395133502184	1395133502185	OK	 
ACTION	Pricing	2	price	1395133502124	1395133502125	1395133502214	1395133502215	OK	 
ACTION	Pricing	1	price	1395133502156	1395133502157	1395133502244	1395133502244	OK	 
ACTION	Pricing	3	price	1395133502186	1395133502187	1395133502275	1395133502275	OK	 
ACTION	Pricing	2	price	1395133502216	1395133502217	1395133502305	1395133502306	OK	 
ACTION	Pricing	1	price	1395133502246	1395133502247	1395133502384	1395133502385	OK	 
ACTION	Pricing	3	price	1395133502276	1395133502277	1395133502454	1395133502454	OK	 
ACTION	Pricing	2	price	1395133502310	1395133502311	1395133502507	1395133502507	OK	 
ACTION	Pricing	1	price	1395133502388	1395133502389	1395133502557	1395133502557	OK	 
ACTION	Pricing	3	price	1395133502457	1395133502458	1395133502601	1395133502601	OK	 
ACTION	Pricing	2	price	1395133502510	1395133502511	1395133502638	1395133502639	OK	 
ACTION	Pricing	1	price	1395133502559	1395133502560	1395133502677	1395133502677	OK	 
ACTION	Pricing	3	price	1395133502604	1395133502604	1395133502709	1395133502709	OK	 
ACTION	Pricing	2	price	1395133502640	1395133502641	1395133502740	1395133502740	OK	 
ACTION	Pricing	1	price	1395133502679	1395133502680	1395133502771	1395133502771	OK	 
ACTION	Pricing	3	price	1395133502711	1395133502712	1395133502805	1395133502805	OK	 
ACTION	Pricing	2	price	1395133502742	1395133502742	1395133502835	1395133502836	OK	 
ACTION	Pricing	1	price	1395133502773	1395133502773	1395133502864	1395133502864	OK	 
ACTION	Pricing	3	price	1395133502807	1395133502808	1395133502929	1395133502929	OK	 
ACTION	Pricing	2	price	1395133502837	1395133502838	1395133502935	1395133502935	OK	 
ACTION	Pricing	1	price	1395133502867	1395133502867	1395133502963	1395133502963	OK	 
ACTION	Pricing	3	price	1395133502931	1395133502931	1395133502993	1395133502993	OK	 
ACTION	Pricing	2	price	1395133502937	1395133502937	1395133503023	1395133503024	OK	 
ACTION	Pricing	1	price	1395133502964	1395133502965	1395133503051	1395133503052	OK	 
ACTION	Pricing	3	price	1395133502995	1395133502995	1395133503082	1395133503082	OK	 
ACTION	Pricing	2	price	1395133503025	1395133503026	1395133503114	1395133503114	OK	 
ACTION	Pricing	1	price	1395133503054	1395133503055	1395133503146	1395133503147	OK	 
ACTION	Pricing	3	price	1395133503084	1395133503085	1395133503179	1395133503179	OK	 
ACTION	Pricing	2	price	1395133503116	1395133503116	1395133503212	1395133503212	OK	 
ACTION	Pricing	1	price	1395133503148	1395133503149	1395133503242	1395133503243	OK	 
ACTION	Pricing	3	price	1395133503181	1395133503182	1395133503273	1395133503273	OK	 
ACTION	Pricing	2	price	1395133503214	1395133503214	1395133503307	1395133503307	OK	 
ACTION	Pricing	1	price	1395133503244	1395133503245	1395133503340	1395133503341	OK	 
ACTION	Pricing	3	price	1395133503274	1395133503275	1395133503371	1395133503372	OK	 
ACTION	Pricing	2	price	1395133503309	1395133503310	1395133503410	1395133503410	OK	 
ACTION	Pricing	1	price	1395133503342	1395133503343	1395133503458	1395133503459	OK	 
ACTION	Pricing	3	price	1395133503373	1395133503374	1395133503502	1395133503503	OK	 
ACTION	Pricing	2	price	1395133503413	1395133503414	1395133503547	1395133503548	OK	 
ACTION	Pricing	1	price	1395133503461	1395133503462	1395133503593	1395133503593	OK	 
ACTION	Pricing	3	price	1395133503505	1395133503506	1395133503632	1395133503632	OK	 
ACTION	Pricing	2	price	1395133503550	1395133503551	1395133503674	1395133503675	OK	 
ACTION	Pricing	1	price	1395133503596	1395133503597	1395133503711	1395133503711	OK	 
ACTION	Pricing	3	price	1395133503635	1395133503635	1395133503750	1395133503750	OK	 
ACTION	Pricing	2	price	1395133503677	1395133503677	1395133503801	1395133503802	OK	 
ACTION	Pricing	1	price	1395133503713	1395133503714	1395133503836	1395133503836	OK	 
ACTION	Pricing	3	price	1395133503752	1395133503752	1395133503868	1395133503868	OK	 
ACTION	Pricing	2	price	1395133503803	1395133503804	1395133503901	1395133503901	OK	 
ACTION	Pricing	1	price	1395133503838	1395133503839	1395133503932	1395133503932	OK	 
ACTION	Pricing	3	price	1395133503870	1395133503871	1395133503964	1395133503964	OK	 
ACTION	Pricing	2	price	1395133503902	1395133503903	1395133503997	1395133503997	OK	 
ACTION	Pricing	1	price	1395133503934	1395133503935	1395133504029	1395133504029	OK	 
ACTION	Pricing	3	price	1395133503966	1395133503967	1395133504060	1395133504061	OK	 
ACTION	Pricing	2	price	1395133503998	1395133503999	1395133504093	1395133504093	OK	 
ACTION	Pricing	1	price	1395133504031	1395133504031	1395133504124	1395133504124	OK	 
ACTION	Pricing	3	price	1395133504062	1395133504063	1395133504155	1395133504156	OK	 
ACTION	Pricing	2	price	1395133504095	1395133504095	1395133504191	1395133504191	OK	 
ACTION	Pricing	1	price	1395133504126	1395133504126	1395133504224	1395133504224	OK	 
ACTION	Pricing	3	price	1395133504157	1395133504158	1395133504257	1395133504258	OK	 
ACTION	Pricing	2	price	1395133504193	1395133504194	1395133504292	1395133504293	OK	 
ACTION	Pricing	1	price	1395133504227	1395133504227	1395133504324	1395133504324	OK	 
ACTION	Pricing	3	price	1395133504259	1395133504260	1395133504356	1395133504356	OK	 
ACTION	Pricing	2	price	1395133504294	1395133504295	1395133504388	1395133504388	OK	 
ACTION	Pricing	1	price	1395133504326	1395133504326	1395133504422	1395133504422	OK	 
ACTION	Pricing	3	price	1395133504358	1395133504358	1395133504456	1395133504456	OK	 
ACTION	Pricing	2	price	1395133504390	1395133504390	1395133504485	1395133504485	OK	 
ACTION	Pricing	1	price	1395133504424	1395133504425	1395133504516	1395133504516	OK	 
ACTION	Pricing	3	price	1395133504458	1395133504458	1395133504548	1395133504549	OK	 
ACTION	Pricing	2	price	1395133504486	1395133504491	1395133504581	1395133504582	OK	 
ACTION	Pricing	1	price	1395133504518	1395133504519	1395133504611	1395133504611	OK	 
ACTION	Pricing	3	price	1395133504552	1395133504552	1395133504640	1395133504641	OK	 
ACTION	Pricing	2	price	1395133504583	1395133504584	1395133504671	1395133504671	OK	 
ACTION	Pricing	1	price	1395133504613	1395133504614	1395133504702	1395133504702	OK	 
ACTION	Pricing	3	price	1395133504643	1395133504643	1395133504734	1395133504734	OK	 
ACTION	Pricing	2	price	1395133504673	1395133504673	1395133504764	1395133504764	OK	 
ACTION	Pricing	1	price	1395133504704	1395133504704	1395133504794	1395133504794	OK	 
ACTION	Pricing	3	price	1395133504736	1395133504736	1395133504825	1395133504826	OK	 
ACTION	Pricing	2	price	1395133504766	1395133504766	1395133504858	1395133504858	OK	 
ACTION	Pricing	1	price	1395133504795	1395133504796	1395133504890	1395133504890	OK	 
ACTION	Pricing	3	price	1395133504827	1395133504828	1395133504923	1395133504923	OK	 
ACTION	Pricing	2	price	1395133504859	1395133504860	1395133504956	1395133504957	OK	 
ACTION	Pricing	1	price	1395133504891	1395133504892	1395133504993	1395133504993	OK	 
ACTION	Pricing	3	price	1395133504925	1395133504925	1395133505025	1395133505025	OK	 
ACTION	Pricing	2	price	1395133504958	1395133504959	1395133505055	1395133505056	OK	 
ACTION	Pricing	1	price	1395133504996	1395133504996	1395133505086	1395133505087	OK	 
ACTION	Pricing	3	price	1395133505027	1395133505027	1395133505117	1395133505117	OK	 
ACTION	Pricing	2	price	1395133505057	1395133505059	1395133505153	1395133505153	OK	 
ACTION	Pricing	1	price	1395133505088	1395133505088	1395133505185	1395133505185	OK	 
ACTION	Pricing	3	price	1395133505119	1395133505119	1395133505220	1395133505220	OK	 
ACTION	Pricing	2	price	1395133505155	1395133505155	1395133505252	1395133505253	OK	 
ACTION	Pricing	1	price	1395133505187	1395133505188	1395133505286	1395133505287	OK	 
ACTION	Pricing	3	price	1395133505222	1395133505223	1395133505323	1395133505324	OK	 
ACTION	Pricing	2	price	1395133505254	1395133505256	1395133505359	1395133505360	OK	 
ACTION	Pricing	1	price	1395133505289	1395133505292	1395133505391	1395133505392	OK	 
ACTION	Pricing	3	price	1395133505327	1395133505328	1395133505420	1395133505420	OK	 
ACTION	Pricing	2	price	1395133505362	1395133505364	1395133505453	1395133505454	OK	 
ACTION	Pricing	1	price	1395133505393	1395133505394	1395133505507	1395133505507	OK	 
ACTION	Pricing	3	price	1395133505422	1395133505422	1395133505537	1395133505537	OK	 
ACTION	Pricing	2	price	1395133505456	1395133505456	1395133505583	1395133505583	OK	 
ACTION	Pricing	1	price	1395133505509	1395133505510	1395133505619	1395133505619	OK	 
ACTION	Pricing	3	price	1395133505539	1395133505540	1395133505660	1395133505661	OK	 
ACTION	Pricing	2	price	1395133505586	1395133505586	1395133505698	1395133505698	OK	 
ACTION	Pricing	1	price	1395133505621	1395133505622	1395133505740	1395133505740	OK	 
ACTION	Pricing	3	price	1395133505663	1395133505664	1395133505777	1395133505778	OK	 
ACTION	Pricing	2	price	1395133505700	1395133505701	1395133505812	1395133505813	OK	 
ACTION	Pricing	1	price	1395133505742	1395133505742	1395133505847	1395133505848	OK	 
ACTION	Pricing	3	price	1395133505780	1395133505780	1395133505880	1395133505880	OK	 
ACTION	Pricing	2	price	1395133505815	1395133505815	1395133505914	1395133505914	OK	 
ACTION	Pricing	1	price	1395133505850	1395133505850	1395133505949	1395133505949	OK	 
ACTION	Pricing	3	price	1395133505882	1395133505883	1395133505984	1395133505984	OK	 
ACTION	Pricing	2	price	1395133505917	1395133505917	1395133506018	1395133506018	OK	 
ACTION	Pricing	1	price	1395133505950	1395133505951	1395133506053	1395133506053	OK	 
ACTION	Pricing	3	price	1395133505987	1395133505987	1395133506090	1395133506090	OK	 
ACTION	Pricing	2	price	1395133506020	1395133506020	1395133506121	1395133506121	OK	 
ACTION	Pricing	1	price	1395133506055	1395133506056	1395133506152	1395133506152	OK	 
ACTION	Pricing	3	price	1395133506092	1395133506092	1395133506185	1395133506186	OK	 
ACTION	Pricing	2	price	1395133506123	1395133506124	1395133506219	1395133506219	OK	 
ACTION	Pricing	1	price	1395133506154	1395133506154	1395133506250	1395133506250	OK	 
ACTION	Pricing	3	price	1395133506187	1395133506188	1395133506280	1395133506281	OK	 
ACTION	Pricing	2	price	1395133506221	1395133506222	1395133506313	1395133506314	OK	 
ACTION	Pricing	1	price	1395133506251	1395133506252	1395133506344	1395133506345	OK	 
ACTION	Pricing	3	price	1395133506282	1395133506283	1395133506381	1395133506381	OK	 
ACTION	Pricing	2	price	1395133506316	1395133506316	1395133506413	1395133506413	OK	 
ACTION	Pricing	1	price	1395133506346	1395133506347	1395133506451	1395133506451	OK	 
ACTION	Pricing	3	price	1395133506383	1395133506383	1395133506480	1395133506480	OK	 
ACTION	Pricing	2	price	1395133506415	1395133506416	1395133506540	1395133506540	OK	 
ACTION	Pricing	1	price	1395133506453	1395133506453	1395133506543	1395133506543	OK	 
ACTION	Pricing	3	price	1395133506482	1395133506482	1395133506575	1395133506576	OK	 
ACTION	Pricing	2	price	1395133506542	1395133506543	1395133506607	1395133506607	OK	 
ACTION	Pricing	1	price	1395133506544	1395133506545	1395133506642	1395133506642	OK	 
ACTION	Pricing	3	price	1395133506577	1395133506578	1395133506676	1395133506676	OK	 
ACTION	Pricing	2	price	1395133506609	1395133506609	1395133506710	1395133506711	OK	 
ACTION	Pricing	1	price	1395133506644	1395133506645	1395133506742	1395133506742	OK	 
ACTION	Pricing	3	price	1395133506678	1395133506678	1395133506774	1395133506775	OK	 
ACTION	Pricing	2	price	1395133506712	1395133506713	1395133506806	1395133506806	OK	 
ACTION	Pricing	1	price	1395133506744	1395133506744	1395133506838	1395133506838	OK	 
ACTION	Pricing	3	price	1395133506776	1395133506777	1395133506870	1395133506870	OK	 
ACTION	Pricing	2	price	1395133506808	1395133506808	1395133506901	1395133506901	OK	 
ACTION	Pricing	1	price	1395133506840	1395133506840	1395133506934	1395133506934	OK	 
ACTION	Pricing	3	price	1395133506871	1395133506872	1395133506965	1395133506965	OK	 
ACTION	Pricing	2	price	1395133506903	1395133506904	1395133507000	1395133507000	OK	 
ACTION	Pricing	1	price	1395133506936	1395133506936	1395133507032	1395133507032	OK	 
ACTION	Pricing	3	price	1395133506967	1395133506968	1395133507063	1395133507064	OK	 
ACTION	Pricing	2	price	1395133507002	1395133507003	1395133507094	1395133507094	OK	 
ACTION	Pricing	1	price	1395133507034	1395133507034	1395133507123	1395133507123	OK	 
ACTION	Pricing	3	price	1395133507066	1395133507066	1395133507155	1395133507155	OK	 
ACTION	Pricing	2	price	1395133507095	1395133507096	1395133507186	1395133507186	OK	 
ACTION	Pricing	1	price	1395133507124	1395133507125	1395133507219	1395133507220	OK	 
ACTION	Pricing	3	price	1395133507157	1395133507157	1395133507251	1395133507251	OK	 
ACTION	Pricing	2	price	1395133507188	1395133507189	1395133507285	1395133507285	OK	 
ACTION	Pricing	1	price	1395133507221	1395133507222	1395133507318	1395133507318	OK	 
ACTION	Pricing	3	price	1395133507253	1395133507253	1395133507351	1395133507352	OK	 
ACTION	Pricing	2	price	1395133507287	1395133507288	1395133507385	1395133507385	OK	 
ACTION	Pricing	1	price	1395133507320	1395133507320	1395133507418	1395133507419	OK	 
ACTION	Pricing	3	price	1395133507353	1395133507354	1395133507452	1395133507452	OK	 
ACTION	Pricing	2	price	1395133507387	1395133507387	1395133507488	1395133507489	OK	 
ACTION	Pricing	1	price	1395133507420	1395133507421	1395133507522	1395133507522	OK	 
ACTION	Pricing	3	price	1395133507454	1395133507455	1395133507558	1395133507559	OK	 
ACTION	Pricing	2	price	1395133507490	1395133507491	1395133507590	1395133507591	OK	 
ACTION	Pricing	1	price	1395133507528	1395133507528	1395133507620	1395133507620	OK	 
ACTION	Pricing	3	price	1395133507560	1395133507561	1395133507655	1395133507655	OK	 
ACTION	Pricing	2	price	1395133507592	1395133507593	1395133507696	1395133507696	OK	 
ACTION	Pricing	1	price	1395133507622	1395133507623	1395133507733	1395133507733	OK	 
ACTION	Pricing	3	price	1395133507657	1395133507657	1395133507772	1395133507772	OK	 
ACTION	Pricing	2	price	1395133507698	1395133507699	1395133507810	1395133507811	OK	 
ACTION	Pricing	1	price	1395133507735	1395133507735	1395133507845	1395133507845	OK	 
ACTION	Pricing	3	price	1395133507774	1395133507774	1395133507880	1395133507881	OK	 
ACTION	Pricing	2	price	1395133507812	1395133507813	1395133507914	1395133507915	OK	 
ACTION	Pricing	1	price	1395133507847	1395133507848	1395133507948	1395133507948	OK	 
ACTION	Pricing	3	price	1395133507883	1395133507883	1395133507983	1395133507983	OK	 
ACTION	Pricing	2	price	1395133507916	1395133507917	1395133508017	1395133508018	OK	 
ACTION	Pricing	1	price	1395133507950	1395133507950	1395133508054	1395133508054	OK	 
ACTION	Pricing	3	price	1395133507985	1395133507986	1395133508089	1395133508090	OK	 
ACTION	Pricing	2	price	1395133508019	1395133508020	1395133508129	1395133508130	OK	 
ACTION	Pricing	1	price	1395133508056	1395133508056	1395133508158	1395133508158	OK	 
ACTION	Pricing	3	price	1395133508091	1395133508092	1395133508192	1395133508192	OK	 
ACTION	Pricing	2	price	1395133508131	1395133508132	1395133508228	1395133508228	OK	 
ACTION	Pricing	1	price	1395133508160	1395133508160	1395133508261	1395133508261	OK	 
ACTION	Pricing	3	price	1395133508194	1395133508195	1395133508295	1395133508295	OK	 
ACTION	Pricing	2	price	1395133508230	1395133508230	1395133508329	1395133508329	OK	 
ACTION	Pricing	1	price	1395133508263	1395133508263	1395133508363	1395133508363	OK	 
ACTION	Pricing	3	price	1395133508297	1395133508297	1395133508396	1395133508397	OK	 
ACTION	Pricing	2	price	1395133508331	1395133508332	1395133508470	1395133508471	OK	 
ACTION	Pricing	1	price	1395133508364	1395133508365	1395133508476	1395133508476	OK	 
ACTION	Pricing	3	price	1395133508398	1395133508399	1395133508508	1395133508509	OK	 
ACTION	Pricing	2	price	1395133508472	1395133508473	1395133508543	1395133508543	OK	 
ACTION	Pricing	1	price	1395133508478	1395133508478	1395133508581	1395133508581	OK	 
ACTION	Pricing	3	price	1395133508511	1395133508511	1395133508618	1395133508618	OK	 
ACTION	Pricing	2	price	1395133508545	1395133508545	1395133508654	1395133508654	OK	 
ACTION	Pricing	1	price	1395133508583	1395133508583	1395133508687	1395133508687	OK	 
ACTION	Pricing	3	price	1395133508620	1395133508621	1395133508722	1395133508722	OK	 
ACTION	Pricing	2	price	1395133508655	1395133508656	1395133508752	1395133508752	OK	 
ACTION	Pricing	1	price	1395133508689	1395133508690	1395133508782	1395133508783	OK	 
ACTION	Pricing	3	price	1395133508724	1395133508725	1395133508818	1395133508818	OK	 
ACTION	Pricing	2	price	1395133508754	1395133508754	1395133508849	1395133508849	OK	 
ACTION	Pricing	1	price	1395133508784	1395133508785	1395133508884	1395133508885	OK	 
ACTION	Pricing	3	price	1395133508819	1395133508820	1395133508918	1395133508918	OK	 
ACTION	Pricing	2	price	1395133508850	1395133508851	1395133508950	1395133508951	OK	 
ACTION	Pricing	1	price	1395133508887	1395133508887	1395133508984	1395133508984	OK	 
ACTION	Pricing	3	price	1395133508919	1395133508920	1395133509019	1395133509019	OK	 
ACTION	Pricing	2	price	1395133508952	1395133508953	1395133509051	1395133509051	OK	 
ACTION	Pricing	1	price	1395133508986	1395133508987	1395133509086	1395133509086	OK	 
ACTION	Pricing	3	price	1395133509020	1395133509021	1395133509120	1395133509120	OK	 
ACTION	Pricing	2	price	1395133509053	1395133509053	1395133509155	1395133509155	OK	 
ACTION	Pricing	1	price	1395133509087	1395133509088	1395133509188	1395133509188	OK	 
ACTION	Pricing	3	price	1395133509122	1395133509122	1395133509220	1395133509220	OK	 
ACTION	Pricing	2	price	1395133509157	1395133509157	1395133509253	1395133509254	OK	 
ACTION	Pricing	1	price	1395133509190	1395133509191	1395133509285	1395133509285	OK	 
ACTION	Pricing	3	price	1395133509222	1395133509223	1395133509317	1395133509317	OK	 
ACTION	Pricing	2	price	1395133509255	1395133509256	1395133509349	1395133509349	OK	 
ACTION	Pricing	1	price	1395133509287	1395133509287	1395133509384	1395133509384	OK	 
ACTION	Pricing	3	price	1395133509319	1395133509320	1395133509420	1395133509420	OK	 
ACTION	Pricing	2	price	1395133509351	1395133509352	1395133509456	1395133509457	OK	 
ACTION	Pricing	1	price	1395133509387	1395133509387	1395133509489	1395133509490	OK	 
ACTION	Pricing	3	price	1395133509422	1395133509422	1395133509522	1395133509522	OK	 
ACTION	Pricing	2	price	1395133509458	1395133509459	1395133509556	1395133509556	OK	 
ACTION	Pricing	1	price	1395133509491	1395133509492	1395133509589	1395133509589	OK	 
ACTION	Pricing	3	price	1395133509524	1395133509525	1395133509623	1395133509623	OK	 
ACTION	Pricing	2	price	1395133509558	1395133509558	1395133509656	1395133509656	OK	 
ACTION	Pricing	1	price	1395133509591	1395133509591	1395133509690	1395133509690	OK	 
ACTION	Pricing	3	price	1395133509625	1395133509626	1395133509721	1395133509721	OK	 
ACTION	Pricing	2	price	1395133509658	1395133509658	1395133509754	1395133509755	OK	 
ACTION	Pricing	1	price	1395133509692	1395133509692	1395133509791	1395133509791	OK	 
ACTION	Pricing	3	price	1395133509724	1395133509725	1395133509821	1395133509821	OK	 
ACTION	Pricing	2	price	1395133509758	1395133509758	1395133509851	1395133509851	OK	 
ACTION	Pricing	1	price	1395133509793	1395133509794	1395133509885	1395133509885	OK	 
ACTION	Pricing	3	price	1395133509822	1395133509823	1395133509916	1395133509916	OK	 
ACTION	Pricing	2	price	1395133509853	1395133509853	1395133509951	1395133509951	OK	 
ACTION	Pricing	1	price	1395133509886	1395133509887	1395133509984	1395133509984	OK	 
ACTION	Pricing	3	price	1395133509919	1395133509920	1395133510013	1395133510013	OK	 
ACTION	Pricing	2	price	1395133509953	1395133509954	1395133510046	1395133510046	OK	 
ACTION	Pricing	1	price	1395133509986	1395133509986	1395133510077	1395133510078	OK	 
ACTION	Pricing	3	price	1395133510015	1395133510015	1395133510110	1395133510110	OK	 
ACTION	Pricing	2	price	1395133510048	1395133510049	1395133510143	1395133510143	OK	 
ACTION	Pricing	1	price	1395133510079	1395133510080	1395133510175	1395133510175	OK	 
ACTION	Pricing	3	price	1395133510111	1395133510112	1395133510207	1395133510207	OK	 
ACTION	Pricing	2	price	1395133510145	1395133510145	1395133510239	1395133510239	OK	 
ACTION	Pricing	1	price	1395133510177	1395133510178	1395133510272	1395133510273	OK	 
ACTION	Pricing	3	price	1395133510208	1395133510209	1395133510305	1395133510305	OK	 
ACTION	Pricing	2	price	1395133510240	1395133510241	1395133510367	1395133510371	OK	 
ACTION	Pricing	1	price	1395133510274	1395133510275	1395133510399	1395133510400	OK	 
ACTION	Pricing	3	price	1395133510307	1395133510308	1395133510430	1395133510430	OK	 
ACTION	Pricing	2	price	1395133510373	1395133510373	1395133510468	1395133510469	OK	 
ACTION	Pricing	1	price	1395133510401	1395133510402	1395133510501	1395133510502	OK	 
ACTION	Pricing	3	price	1395133510432	1395133510432	1395133510532	1395133510533	OK	 
ACTION	Pricing	2	price	1395133510470	1395133510471	1395133510565	1395133510566	OK	 
ACTION	Pricing	1	price	1395133510503	1395133510504	1395133510597	1395133510597	OK	 
ACTION	Pricing	3	price	1395133510534	1395133510535	1395133510627	1395133510627	OK	 
ACTION	Pricing	2	price	1395133510567	1395133510568	1395133510657	1395133510657	OK	 
ACTION	Pricing	1	price	1395133510599	1395133510599	1395133510692	1395133510692	OK	 
ACTION	Pricing	3	price	1395133510629	1395133510629	1395133510722	1395133510723	OK	 
ACTION	Pricing	2	price	1395133510659	1395133510659	1395133510754	1395133510754	OK	 
ACTION	Pricing	1	price	1395133510694	1395133510695	1395133510787	1395133510787	OK	 
ACTION	Pricing	3	price	1395133510724	1395133510725	1395133510821	1395133510821	OK	 
ACTION	Pricing	2	price	1395133510756	1395133510757	1395133510852	1395133510852	OK	 
ACTION	Pricing	1	price	1395133510788	1395133510789	1395133510884	1395133510885	OK	 
ACTION	Pricing	3	price	1395133510822	1395133510823	1395133510918	1395133510919	OK	 
ACTION	Pricing	2	price	1395133510854	1395133510854	1395133510952	1395133510953	OK	 
ACTION	Pricing	1	price	1395133510886	1395133510887	1395133510985	1395133510985	OK	 
ACTION	Pricing	3	price	1395133510920	1395133510921	1395133511015	1395133511015	OK	 
ACTION	Pricing	2	price	1395133510954	1395133510955	1395133511044	1395133511044	OK	 
ACTION	Pricing	1	price	1395133510987	1395133510987	1395133511077	1395133511077	OK	 
ACTION	Pricing	3	price	1395133511016	1395133511016	1395133511108	1395133511108	OK	 
ACTION	Pricing	2	price	1395133511047	1395133511047	1395133511142	1395133511143	OK	 
ACTION	Pricing	1	price	1395133511078	1395133511079	1395133511173	1395133511173	OK	 
ACTION	Pricing	3	price	1395133511110	1395133511110	1395133511205	1395133511205	OK	 
ACTION	Pricing	2	price	1395133511144	1395133511144	1395133511236	1395133511237	OK	 
ACTION	Pricing	1	price	1395133511175	1395133511175	1395133511263	1395133511263	OK	 
ACTION	Pricing	3	price	1395133511206	1395133511206	1395133511295	1395133511296	OK	 
ACTION	Pricing	2	price	1395133511238	1395133511238	1395133511326	1395133511326	OK	 
ACTION	Pricing	1	price	1395133511265	1395133511265	1395133511361	1395133511361	OK	 
ACTION	Pricing	3	price	1395133511297	1395133511298	1395133511393	1395133511393	OK	 
ACTION	Pricing	2	price	1395133511328	1395133511328	1395133511427	1395133511427	OK	 
ACTION	Pricing	1	price	1395133511362	1395133511363	1395133511459	1395133511459	OK	 
ACTION	Pricing	3	price	1395133511394	1395133511395	1395133511491	1395133511491	OK	 
ACTION	Pricing	2	price	1395133511429	1395133511429	1395133511526	1395133511526	OK	 
ACTION	Pricing	1	price	1395133511461	1395133511461	1395133511560	1395133511560	OK	 
ACTION	Pricing	3	price	1395133511493	1395133511494	1395133511591	1395133511591	OK	 
ACTION	Pricing	2	price	1395133511528	1395133511528	1395133511621	1395133511622	OK	 
ACTION	Pricing	1	price	1395133511561	1395133511562	1395133511652	1395133511653	OK	 
ACTION	Pricing	3	price	1395133511593	1395133511593	1395133511687	1395133511687	OK	 
ACTION	Pricing	2	price	1395133511624	1395133511624	1395133511719	1395133511720	OK	 
ACTION	Pricing	1	price	1395133511654	1395133511655	1395133511751	1395133511751	OK	 
ACTION	Pricing	3	price	1395133511689	1395133511689	1395133511784	1395133511784	OK	 
ACTION	Pricing	2	price	1395133511721	1395133511721	1395133511816	1395133511817	OK	 
ACTION	Pricing	1	price	1395133511752	1395133511753	1395133511851	1395133511851	OK	 
ACTION	Pricing	3	price	1395133511786	1395133511786	1395133511885	1395133511886	OK	 
ACTION	Pricing	2	price	1395133511818	1395133511818	1395133511918	1395133511918	OK	 
ACTION	Pricing	1	price	1395133511853	1395133511853	1395133511953	1395133511953	OK	 
ACTION	Pricing	3	price	1395133511887	1395133511887	1395133511983	1395133511983	OK	 
ACTION	Pricing	2	price	1395133511919	1395133511920	1395133512013	1395133512013	OK	 
ACTION	Pricing	1	price	1395133511954	1395133511955	1395133512046	1395133512047	OK	 
ACTION	Pricing	3	price	1395133511985	1395133511985	1395133512081	1395133512081	OK	 
ACTION	Pricing	2	price	1395133512014	1395133512015	1395133512111	1395133512111	OK	 
ACTION	Pricing	1	price	1395133512048	1395133512048	1395133512143	1395133512143	OK	 
ACTION	Pricing	3	price	1395133512082	1395133512083	1395133512173	1395133512173	OK	 
ACTION	Pricing	2	price	1395133512112	1395133512113	1395133512206	1395133512206	OK	 
ACTION	Pricing	1	price	1395133512144	1395133512145	1395133512243	1395133512244	OK	 
ACTION	Pricing	3	price	1395133512174	1395133512175	1395133512273	1395133512273	OK	 
ACTION	Pricing	2	price	1395133512208	1395133512208	1395133512305	1395133512305	OK	 
ACTION	Pricing	1	price	1395133512245	1395133512246	1395133512336	1395133512336	OK	 
ACTION	Pricing	3	price	1395133512275	1395133512275	1395133512366	1395133512366	OK	 
ACTION	Pricing	2	price	1395133512307	1395133512307	1395133512401	1395133512401	OK	 
ACTION	Pricing	1	price	1395133512338	1395133512338	1395133512432	1395133512433	OK	 
ACTION	Pricing	3	price	1395133512367	1395133512368	1395133512465	1395133512465	OK	 
ACTION	Pricing	2	price	1395133512402	1395133512403	1395133512498	1395133512498	OK	 
ACTION	Pricing	1	price	1395133512434	1395133512435	1395133512530	1395133512530	OK	 
ACTION	Pricing	3	price	1395133512466	1395133512467	1395133512565	1395133512566	OK	 
ACTION	Pricing	2	price	1395133512500	1395133512500	1395133512597	1395133512597	OK	 
ACTION	Pricing	1	price	1395133512532	1395133512532	1395133512629	1395133512630	OK	 
ACTION	Pricing	3	price	1395133512567	1395133512568	1395133512662	1395133512662	OK	 
ACTION	Pricing	2	price	1395133512599	1395133512600	1395133512692	1395133512693	OK	 
ACTION	Pricing	1	price	1395133512631	1395133512632	1395133512722	1395133512722	OK	 
ACTION	Pricing	3	price	1395133512664	1395133512664	1395133512753	1395133512753	OK	 
ACTION	Pricing	2	price	1395133512694	1395133512695	1395133512786	1395133512786	OK	 
ACTION	Pricing	1	price	1395133512724	1395133512724	1395133512818	1395133512818	OK	 
ACTION	Pricing	3	price	1395133512756	1395133512757	1395133512847	1395133512847	OK	 
ACTION	Pricing	2	price	1395133512788	1395133512788	1395133512888	1395133512888	OK	 
ACTION	Pricing	1	price	1395133512819	1395133512820	1395133512917	1395133512918	OK	 
ACTION	Pricing	3	price	1395133512848	1395133512849	1395133512947	1395133512947	OK	 
ACTION	Pricing	2	price	1395133512890	1395133512890	1395133512977	1395133512977	OK	 
ACTION	Pricing	1	price	1395133512919	1395133512920	1395133513023	1395133513023	OK	 
ACTION	Pricing	3	price	1395133512949	1395133512949	1395133513053	1395133513053	OK	 
ACTION	Pricing	2	price	1395133512979	1395133512980	1395133513085	1395133513086	OK	 
ACTION	Pricing	1	price	1395133513025	1395133513026	1395133513127	1395133513128	OK	 
ACTION	Pricing	3	price	1395133513055	1395133513055	1395133513169	1395133513169	OK	 
ACTION	Pricing	2	price	1395133513087	1395133513088	1395133513189	1395133513190	OK	 
ACTION	Pricing	1	price	1395133513130	1395133513130	1395133513225	1395133513225	OK	 
ACTION	Pricing	3	price	1395133513171	1395133513171	1395133513257	1395133513258	OK	 
ACTION	Pricing	2	price	1395133513191	1395133513192	1395133513290	1395133513290	OK	 
ACTION	Pricing	1	price	1395133513227	1395133513227	1395133513323	1395133513323	OK	 
ACTION	Pricing	3	price	1395133513259	1395133513259	1395133513355	1395133513355	OK	 
ACTION	Pricing	2	price	1395133513291	1395133513292	1395133513388	1395133513388	OK	 
ACTION	Pricing	1	price	1395133513325	1395133513326	1395133513423	1395133513424	OK	 
ACTION	Pricing	3	price	1395133513357	1395133513357	1395133513459	1395133513460	OK	 
ACTION	Pricing	2	price	1395133513390	1395133513390	1395133513493	1395133513493	OK	 
ACTION	Pricing	1	price	1395133513426	1395133513427	1395133513523	1395133513523	OK	 
ACTION	Pricing	3	price	1395133513461	1395133513462	1395133513554	1395133513555	OK	 
ACTION	Pricing	2	price	1395133513495	1395133513495	1395133513585	1395133513586	OK	 
ACTION	Pricing	1	price	1395133513524	1395133513525	1395133513615	1395133513615	OK	 
ACTION	Pricing	3	price	1395133513556	1395133513557	1395133513665	1395133513665	OK	 
ACTION	Pricing	2	price	1395133513588	1395133513588	1395133513686	1395133513688	OK	 
ACTION	Pricing	3	price	1395133513667	1395133513667	1395133513723	1395133513723	OK	 
ACTION	Pricing	1	price	1395133513666	1395133513668	1395133513756	1395133513757	OK	 
ACTION	Pricing	2	price	1395133513690	1395133513691	1395133513794	1395133513794	OK	 
ACTION	Pricing	3	price	1395133513725	1395133513725	1395133513829	1395133513829	OK	 
ACTION	Pricing	1	price	1395133513758	1395133513758	1395133513860	1395133513860	OK	 
ACTION	Pricing	2	price	1395133513796	1395133513797	1395133513897	1395133513897	OK	 
ACTION	Pricing	3	price	1395133513830	1395133513831	1395133513930	1395133513930	OK	 
ACTION	Pricing	1	price	1395133513862	1395133513863	1395133513962	1395133513963	OK	 
ACTION	Pricing	2	price	1395133513898	1395133513899	1395133513995	1395133513996	OK	 
ACTION	Pricing	3	price	1395133513932	1395133513933	1395133514032	1395133514032	OK	 
ACTION	Pricing	1	price	1395133513964	1395133513964	1395133514065	1395133514066	OK	 
ACTION	Pricing	2	price	1395133513997	1395133513997	1395133514093	1395133514093	OK	 
ACTION	Pricing	3	price	1395133514033	1395133514034	1395133514125	1395133514125	OK	 
ACTION	Pricing	1	price	1395133514067	1395133514068	1395133514156	1395133514157	OK	 
ACTION	Pricing	2	price	1395133514094	1395133514094	1395133514187	1395133514187	OK	 
ACTION	Pricing	3	price	1395133514127	1395133514127	1395133514217	1395133514217	OK	 
ACTION	Pricing	1	price	1395133514158	1395133514159	1395133514250	1395133514251	OK	 
ACTION	Pricing	2	price	1395133514188	1395133514188	1395133514282	1395133514282	OK	 
ACTION	Pricing	3	price	1395133514218	1395133514219	1395133514314	1395133514314	OK	 
ACTION	Pricing	1	price	1395133514252	1395133514253	1395133514352	1395133514353	OK	 
ACTION	Pricing	2	price	1395133514283	1395133514284	1395133514386	1395133514386	OK	 
ACTION	Pricing	3	price	1395133514316	1395133514316	1395133514418	1395133514418	OK	 
ACTION	Pricing	1	price	1395133514355	1395133514355	1395133514451	1395133514451	OK	 
ACTION	Pricing	2	price	1395133514387	1395133514388	1395133514485	1395133514485	OK	 
ACTION	Pricing	3	price	1395133514419	1395133514420	1395133514520	1395133514520	OK	 
ACTION	Pricing	1	price	1395133514452	1395133514453	1395133514557	1395133514557	OK	 
ACTION	Pricing	2	price	1395133514486	1395133514486	1395133514595	1395133514595	OK	 
ACTION	Pricing	3	price	1395133514522	1395133514522	1395133514626	1395133514627	OK	 
ACTION	Pricing	1	price	1395133514559	1395133514559	1395133514659	1395133514659	OK	 
ACTION	Pricing	2	price	1395133514597	1395133514598	1395133514695	1395133514695	OK	 
ACTION	Pricing	3	price	1395133514628	1395133514628	1395133514731	1395133514731	OK	 
ACTION	Pricing	1	price	1395133514661	1395133514661	1395133514767	1395133514768	OK	 
ACTION	Pricing	2	price	1395133514697	1395133514697	1395133514800	1395133514800	OK	 
ACTION	Pricing	3	price	1395133514734	1395133514734	1395133514830	1395133514830	OK	 
ACTION	Pricing	1	price	1395133514771	1395133514771	1395133514865	1395133514866	OK	 
ACTION	Pricing	2	price	1395133514801	1395133514802	1395133514905	1395133514905	OK	 
ACTION	Pricing	3	price	1395133514832	1395133514832	1395133514945	1395133514946	OK	 
ACTION	Pricing	1	price	1395133514867	1395133514868	1395133515003	1395133515004	OK	 
ACTION	Pricing	2	price	1395133514906	1395133514907	1395133515044	1395133515044	OK	 
ACTION	Pricing	3	price	1395133514948	1395133514948	1395133515063	1395133515063	OK	 
ACTION	Pricing	1	price	1395133515005	1395133515006	1395133515096	1395133515096	OK	 
ACTION	Pricing	2	price	1395133515045	1395133515046	1395133515128	1395133515129	OK	 
ACTION	Pricing	3	price	1395133515064	1395133515065	1395133515162	1395133515163	OK	 
ACTION	Pricing	1	price	1395133515097	1395133515098	1395133515195	1395133515196	OK	 
ACTION	Pricing	2	price	1395133515130	1395133515130	1395133515231	1395133515232	OK	 
ACTION	Pricing	3	price	1395133515164	1395133515165	1395133515267	1395133515268	OK	 
ACTION	Pricing	1	price	1395133515197	1395133515198	1395133515299	1395133515299	OK	 
ACTION	Pricing	2	price	1395133515233	1395133515233	1395133515332	1395133515332	OK	 
ACTION	Pricing	3	price	1395133515269	1395133515269	1395133515363	1395133515365	OK	 
ACTION	Pricing	1	price	1395133515301	1395133515301	1395133515399	1395133515400	OK	 
ACTION	Pricing	2	price	1395133515334	1395133515334	1395133515434	1395133515436	OK	 
ACTION	Pricing	3	price	1395133515366	1395133515368	1395133515471	1395133515471	OK	 
ACTION	Pricing	1	price	1395133515401	1395133515403	1395133515503	1395133515503	OK	 
ACTION	Pricing	2	price	1395133515437	1395133515438	1395133515533	1395133515534	OK	 
ACTION	Pricing	3	price	1395133515472	1395133515473	1395133515565	1395133515565	OK	 
ACTION	Pricing	1	price	1395133515505	1395133515506	1395133515600	1395133515601	OK	 
ACTION	Pricing	2	price	1395133515535	1395133515536	1395133515635	1395133515635	OK	 
ACTION	Pricing	3	price	1395133515566	1395133515567	1395133515667	1395133515667	OK	 
ACTION	Pricing	1	price	1395133515602	1395133515602	1395133515704	1395133515704	OK	 
ACTION	Pricing	2	price	1395133515636	1395133515637	1395133515741	1395133515741	OK	 
ACTION	Pricing	3	price	1395133515669	1395133515670	1395133515777	1395133515777	OK	 
ACTION	Pricing	1	price	1395133515706	1395133515706	1395133515808	1395133515809	OK	 
ACTION	Pricing	2	price	1395133515743	1395133515743	1395133515844	1395133515844	OK	 
ACTION	Pricing	3	price	1395133515779	1395133515779	1395133515880	1395133515880	OK	 
ACTION	Pricing	1	price	1395133515810	1395133515811	1395133515915	1395133515915	OK	 
ACTION	Pricing	2	price	1395133515845	1395133515846	1395133515952	1395133515952	OK	 
ACTION	Pricing	3	price	1395133515881	1395133515881	1395133515984	1395133515985	OK	 
ACTION	Pricing	1	price	1395133515917	1395133515918	1395133516032	1395133516032	OK	 
ACTION	Pricing	2	price	1395133515953	1395133515954	1395133516062	1395133516062	OK	 
ACTION	Pricing	3	price	1395133515986	1395133515987	1395133516094	1395133516094	OK	 
ACTION	Pricing	1	price	1395133516034	1395133516034	1395133516127	1395133516127	OK	 
ACTION	Pricing	2	price	1395133516063	1395133516064	1395133516161	1395133516161	OK	 
ACTION	Pricing	3	price	1395133516096	1395133516096	1395133516200	1395133516200	OK	 
ACTION	Pricing	1	price	1395133516129	1395133516129	1395133516234	1395133516234	OK	 
ACTION	Pricing	2	price	1395133516162	1395133516163	1395133516269	1395133516269	OK	 
ACTION	Pricing	3	price	1395133516201	1395133516202	1395133516307	1395133516308	OK	 
ACTION	Pricing	1	price	1395133516236	1395133516236	1395133516342	1395133516343	OK	 
ACTION	Pricing	2	price	1395133516270	1395133516271	1395133516378	1395133516378	OK	 
ACTION	Pricing	3	price	1395133516309	1395133516309	1395133516411	1395133516411	OK	 
ACTION	Pricing	1	price	1395133516344	1395133516345	1395133516444	1395133516445	OK	 
ACTION	Pricing	2	price	1395133516380	1395133516380	1395133516478	1395133516479	OK	 
ACTION	Pricing	3	price	1395133516413	1395133516413	1395133516516	1395133516516	OK	 
ACTION	Pricing	1	price	1395133516446	1395133516447	1395133516551	1395133516551	OK	 
ACTION	Pricing	2	price	1395133516480	1395133516481	1395133516585	1395133516586	OK	 
ACTION	Pricing	3	price	1395133516518	1395133516518	1395133516620	1395133516620	OK	 
ACTION	Pricing	1	price	1395133516552	1395133516552	1395133516653	1395133516653	OK	 
ACTION	Pricing	2	price	1395133516587	1395133516588	1395133516687	1395133516687	OK	 
ACTION	Pricing	3	price	1395133516622	1395133516623	1395133516719	1395133516719	OK	 
ACTION	Pricing	1	price	1395133516656	1395133516656	1395133516752	1395133516753	OK	 
ACTION	Pricing	2	price	1395133516688	1395133516689	1395133516785	1395133516785	OK	 
ACTION	Pricing	3	price	1395133516721	1395133516721	1395133516819	1395133516819	OK	 
ACTION	Pricing	1	price	1395133516755	1395133516755	1395133516852	1395133516852	OK	 
ACTION	Pricing	2	price	1395133516787	1395133516787	1395133516886	1395133516887	OK	 
ACTION	Pricing	3	price	1395133516820	1395133516821	1395133516922	1395133516922	OK	 
ACTION	Pricing	1	price	1395133516854	1395133516856	1395133516959	1395133516959	OK	 
ACTION	Pricing	2	price	1395133516888	1395133516889	1395133516991	1395133516991	OK	 
ACTION	Pricing	3	price	1395133516923	1395133516924	1395133517025	1395133517025	OK	 
ACTION	Pricing	1	price	1395133516961	1395133516961	1395133517057	1395133517057	OK	 
ACTION	Pricing	2	price	1395133516993	1395133516993	1395133517093	1395133517094	OK	 
ACTION	Pricing	3	price	1395133517027	1395133517027	1395133517127	1395133517127	OK	 
ACTION	Pricing	1	price	1395133517059	1395133517059	1395133517159	1395133517160	OK	 
ACTION	Pricing	2	price	1395133517096	1395133517096	1395133517193	1395133517194	OK	 
ACTION	Pricing	3	price	1395133517128	1395133517129	1395133517224	1395133517224	OK	 
ACTION	Pricing	1	price	1395133517161	1395133517161	1395133517258	1395133517258	OK	 
ACTION	Pricing	2	price	1395133517196	1395133517196	1395133517289	1395133517289	OK	 
ACTION	Pricing	3	price	1395133517226	1395133517226	1395133517322	1395133517322	OK	 
ACTION	Pricing	1	price	1395133517260	1395133517260	1395133517354	1395133517354	OK	 
ACTION	Pricing	2	price	1395133517292	1395133517292	1395133517388	1395133517388	OK	 
ACTION	Pricing	3	price	1395133517324	1395133517324	1395133517418	1395133517419	OK	 
ACTION	Pricing	1	price	1395133517356	1395133517356	1395133517452	1395133517452	OK	 
ACTION	Pricing	2	price	1395133517390	1395133517390	1395133517487	1395133517487	OK	 
ACTION	Pricing	3	price	1395133517420	1395133517421	1395133517520	1395133517520	OK	 
ACTION	Pricing	1	price	1395133517453	1395133517454	1395133517553	1395133517554	OK	 
ACTION	Pricing	2	price	1395133517490	1395133517490	1395133517587	1395133517587	OK	 
ACTION	Pricing	3	price	1395133517522	1395133517522	1395133517618	1395133517618	OK	 
ACTION	Pricing	1	price	1395133517556	1395133517556	1395133517650	1395133517650	OK	 
ACTION	Pricing	2	price	1395133517588	1395133517589	1395133517684	1395133517685	OK	 
ACTION	Pricing	3	price	1395133517620	1395133517620	1395133517727	1395133517728	OK	 
ACTION	Pricing	1	price	1395133517652	1395133517653	1395133517761	1395133517761	OK	 
ACTION	Pricing	2	price	1395133517687	1395133517687	1395133517795	1395133517795	OK	 
ACTION	Pricing	3	price	1395133517729	1395133517730	1395133517833	1395133517833	OK	 
ACTION	Pricing	1	price	1395133517763	1395133517763	1395133517866	1395133517866	OK	 
ACTION	Pricing	2	price	1395133517797	1395133517798	1395133517895	1395133517895	OK	 
ACTION	Pricing	3	price	1395133517835	1395133517835	1395133517932	1395133517932	OK	 
ACTION	Pricing	1	price	1395133517867	1395133517868	1395133517964	1395133517965	OK	 
ACTION	Pricing	2	price	1395133517897	1395133517897	1395133517998	1395133517998	OK	 
ACTION	Pricing	3	price	1395133517933	1395133517934	1395133518031	1395133518031	OK	 
ACTION	Pricing	1	price	1395133517966	1395133517967	1395133518067	1395133518068	OK	 
ACTION	Pricing	2	price	1395133517999	1395133518000	1395133518111	1395133518111	OK	 
ACTION	Pricing	3	price	1395133518033	1395133518033	1395133518147	1395133518147	OK	 
ACTION	Pricing	1	price	1395133518069	1395133518070	1395133518180	1395133518181	OK	 
ACTION	Pricing	2	price	1395133518113	1395133518113	1395133518213	1395133518213	OK	 
ACTION	Pricing	3	price	1395133518148	1395133518149	1395133518247	1395133518247	OK	 
ACTION	Pricing	1	price	1395133518182	1395133518183	1395133518279	1395133518279	OK	 
ACTION	Pricing	2	price	1395133518215	1395133518215	1395133518310	1395133518310	OK	 
ACTION	Pricing	3	price	1395133518249	1395133518249	1395133518342	1395133518342	OK	 
ACTION	Pricing	1	price	1395133518280	1395133518281	1395133518372	1395133518373	OK	 
ACTION	Pricing	2	price	1395133518311	1395133518312	1395133518405	1395133518405	OK	 
ACTION	Pricing	3	price	1395133518344	1395133518344	1395133518439	1395133518440	OK	 
ACTION	Pricing	1	price	1395133518374	1395133518375	1395133518477	1395133518477	OK	 
ACTION	Pricing	2	price	1395133518407	1395133518408	1395133518518	1395133518518	OK	 
ACTION	Pricing	3	price	1395133518441	1395133518444	1395133518555	1395133518556	OK	 
ACTION	Pricing	1	price	1395133518480	1395133518481	1395133518596	1395133518597	OK	 
ACTION	Pricing	2	price	1395133518520	1395133518520	1395133518636	1395133518637	OK	 
ACTION	Pricing	3	price	1395133518557	1395133518558	1395133518670	1395133518670	OK	 
ACTION	Pricing	1	price	1395133518598	1395133518599	1395133518706	1395133518706	OK	 
ACTION	Pricing	2	price	1395133518638	1395133518639	1395133518741	1395133518742	OK	 
ACTION	Pricing	3	price	1395133518672	1395133518672	1395133518775	1395133518776	OK	 
ACTION	Pricing	1	price	1395133518707	1395133518708	1395133518809	1395133518810	OK	 
ACTION	Pricing	2	price	1395133518743	1395133518743	1395133518842	1395133518843	OK	 
ACTION	Pricing	3	price	1395133518777	1395133518778	1395133518878	1395133518878	OK	 
ACTION	Pricing	1	price	1395133518811	1395133518811	1395133518914	1395133518914	OK	 
ACTION	Pricing	2	price	1395133518849	1395133518850	1395133518946	1395133518946	OK	 
ACTION	Pricing	3	price	1395133518880	1395133518880	1395133518980	1395133518980	OK	 
ACTION	Pricing	1	price	1395133518915	1395133518916	1395133519012	1395133519012	OK	 
ACTION	Pricing	2	price	1395133518947	1395133518948	1395133519046	1395133519047	OK	 
ACTION	Pricing	3	price	1395133518981	1395133518982	1395133519081	1395133519082	OK	 
ACTION	Pricing	1	price	1395133519014	1395133519014	1395133519116	1395133519116	OK	 
ACTION	Pricing	2	price	1395133519048	1395133519048	1395133519150	1395133519150	OK	 
ACTION	Pricing	3	price	1395133519083	1395133519084	1395133519185	1395133519185	OK	 
ACTION	Pricing	1	price	1395133519118	1395133519119	1395133519218	1395133519218	OK	 
ACTION	Pricing	2	price	1395133519151	1395133519152	1395133519255	1395133519256	OK	 
ACTION	Pricing	3	price	1395133519186	1395133519187	1395133519291	1395133519291	OK	 
ACTION	Pricing	1	price	1395133519220	1395133519221	1395133519325	1395133519325	OK	 
ACTION	Pricing	2	price	1395133519257	1395133519258	1395133519359	1395133519360	OK	 
ACTION	Pricing	3	price	1395133519293	1395133519293	1395133519388	1395133519388	OK	 
ACTION	Pricing	1	price	1395133519326	1395133519327	1395133519420	1395133519420	OK	 
ACTION	Pricing	2	price	1395133519361	1395133519362	1395133519451	1395133519451	OK	 
ACTION	Pricing	3	price	1395133519389	1395133519390	1395133519483	1395133519483	OK	 
ACTION	Pricing	1	price	1395133519421	1395133519422	1395133519515	1395133519516	OK	 
ACTION	Pricing	2	price	1395133519453	1395133519453	1395133519547	1395133519547	OK	 
ACTION	Pricing	3	price	1395133519484	1395133519485	1395133519583	1395133519583	OK	 
ACTION	Pricing	1	price	1395133519518	1395133519518	1395133519615	1395133519616	OK	 
ACTION	Pricing	2	price	1395133519549	1395133519549	1395133519647	1395133519648	OK	 
ACTION	Pricing	3	price	1395133519584	1395133519585	1395133519679	1395133519680	OK	 
ACTION	Pricing	1	price	1395133519617	1395133519618	1395133519709	1395133519710	OK	 
ACTION	Pricing	2	price	1395133519649	1395133519649	1395133519741	1395133519741	OK	 
ACTION	Pricing	3	price	1395133519681	1395133519681	1395133519775	1395133519775	OK	 
ACTION	Pricing	1	price	1395133519711	1395133519711	1395133519810	1395133519810	OK	 
ACTION	Pricing	2	price	1395133519742	1395133519742	1395133519844	1395133519844	OK	 
ACTION	Pricing	3	price	1395133519779	1395133519780	1395133519878	1395133519878	OK	 
ACTION	Pricing	1	price	1395133519811	1395133519812	1395133519915	1395133519915	OK	 
ACTION	Pricing	2	price	1395133519845	1395133519846	1395133519949	1395133519949	OK	 
ACTION	Pricing	3	price	1395133519880	1395133519880	1395133519982	1395133519982	OK	 
ACTION	Pricing	1	price	1395133519916	1395133519917	1395133520017	1395133520017	OK	 
ACTION	Pricing	2	price	1395133519950	1395133519951	1395133520054	1395133520054	OK	 
ACTION	Pricing	3	price	1395133519984	1395133519984	1395133520091	1395133520091	OK	 
ACTION	Pricing	1	price	1395133520018	1395133520019	1395133520126	1395133520127	OK	 
ACTION	Pricing	2	price	1395133520056	1395133520057	1395133520161	1395133520161	OK	 
ACTION	Pricing	3	price	1395133520093	1395133520093	1395133520197	1395133520197	OK	 
ACTION	Pricing	1	price	1395133520128	1395133520129	1395133520231	1395133520231	OK	 
ACTION	Pricing	2	price	1395133520163	1395133520163	1395133520264	1395133520264	OK	 
ACTION	Pricing	3	price	1395133520200	1395133520201	1395133520298	1395133520298	OK	 
ACTION	Pricing	1	price	1395133520232	1395133520233	1395133520332	1395133520332	OK	 
ACTION	Pricing	2	price	1395133520266	1395133520266	1395133520366	1395133520366	OK	 
ACTION	Pricing	3	price	1395133520300	1395133520301	1395133520404	1395133520404	OK	 
ACTION	Pricing	1	price	1395133520334	1395133520334	1395133520435	1395133520435	OK	 
ACTION	Pricing	2	price	1395133520367	1395133520368	1395133520466	1395133520467	OK	 
ACTION	Pricing	3	price	1395133520406	1395133520407	1395133520498	1395133520499	OK	 
ACTION	Pricing	1	price	1395133520436	1395133520437	1395133520529	1395133520529	OK	 
ACTION	Pricing	2	price	1395133520468	1395133520469	1395133520561	1395133520561	OK	 
ACTION	Pricing	3	price	1395133520500	1395133520500	1395133520593	1395133520594	OK	 
ACTION	Pricing	1	price	1395133520530	1395133520531	1395133520626	1395133520626	OK	 
ACTION	Pricing	2	price	1395133520562	1395133520563	1395133520658	1395133520658	OK	 
ACTION	Pricing	3	price	1395133520595	1395133520595	1395133520692	1395133520692	OK	 
ACTION	Pricing	1	price	1395133520627	1395133520628	1395133520727	1395133520727	OK	 
ACTION	Pricing	2	price	1395133520660	1395133520660	1395133520758	1395133520758	OK	 
ACTION	Pricing	3	price	1395133520694	1395133520695	1395133520787	1395133520788	OK	 
ACTION	Pricing	1	price	1395133520728	1395133520729	1395133520820	1395133520820	OK	 
ACTION	Pricing	2	price	1395133520759	1395133520760	1395133520850	1395133520850	OK	 
ACTION	Pricing	3	price	1395133520789	1395133520790	1395133520880	1395133520881	OK	 
ACTION	Pricing	1	price	1395133520821	1395133520821	1395133520912	1395133520912	OK	 
ACTION	Pricing	2	price	1395133520852	1395133520852	1395133520946	1395133520946	OK	 
ACTION	Pricing	3	price	1395133520882	1395133520882	1395133520979	1395133520979	OK	 
ACTION	Pricing	1	price	1395133520914	1395133520914	1395133521013	1395133521013	OK	 
ACTION	Pricing	2	price	1395133520948	1395133520949	1395133521048	1395133521048	OK	 
ACTION	Pricing	3	price	1395133520980	1395133520981	1395133521083	1395133521084	OK	 
ACTION	Pricing	1	price	1395133521014	1395133521015	1395133521120	1395133521120	OK	 
ACTION	Pricing	2	price	1395133521051	1395133521052	1395133521156	1395133521157	OK	 
ACTION	Pricing	3	price	1395133521086	1395133521086	1395133521192	1395133521192	OK	 
ACTION	Pricing	1	price	1395133521121	1395133521122	1395133521223	1395133521224	OK	 
ACTION	Pricing	2	price	1395133521158	1395133521159	1395133521262	1395133521262	OK	 
ACTION	Pricing	3	price	1395133521193	1395133521194	1395133521333	1395133521333	OK	 
ACTION	Pricing	1	price	1395133521225	1395133521226	1395133521396	1395133521396	OK	 
ACTION	Pricing	2	price	1395133521264	1395133521264	1395133521407	1395133521407	OK	 
ACTION	Pricing	3	price	1395133521335	1395133521335	1395133521462	1395133521462	OK	 
ACTION	Pricing	1	price	1395133521398	1395133521398	1395133521514	1395133521514	OK	 
ACTION	Pricing	2	price	1395133521409	1395133521409	1395133521551	1395133521551	OK	 
ACTION	Pricing	3	price	1395133521463	1395133521464	1395133521580	1395133521580	OK	 
ACTION	Pricing	1	price	1395133521516	1395133521517	1395133521627	1395133521627	OK	 
ACTION	Pricing	2	price	1395133521553	1395133521553	1395133521665	1395133521665	OK	 
ACTION	Pricing	3	price	1395133521581	1395133521581	1395133521701	1395133521702	OK	 
ACTION	Pricing	1	price	1395133521629	1395133521631	1395133521739	1395133521739	OK	 
ACTION	Pricing	2	price	1395133521667	1395133521668	1395133521782	1395133521782	OK	 
ACTION	Pricing	3	price	1395133521704	1395133521704	1395133521820	1395133521820	OK	 
ACTION	Pricing	1	price	1395133521741	1395133521742	1395133521856	1395133521857	OK	 
ACTION	Pricing	2	price	1395133521785	1395133521786	1395133521906	1395133521906	OK	 
ACTION	Pricing	3	price	1395133521822	1395133521822	1395133521947	1395133521947	OK	 
ACTION	Pricing	1	price	1395133521858	1395133521859	1395133522009	1395133522010	OK	 
ACTION	Pricing	2	price	1395133521908	1395133521908	1395133522030	1395133522030	OK	 
ACTION	Pricing	3	price	1395133521949	1395133521950	1395133522083	1395133522084	OK	 
ACTION	Pricing	1	price	1395133522011	1395133522012	1395133522132	1395133522132	OK	 
ACTION	Pricing	2	price	1395133522031	1395133522032	1395133522153	1395133522153	OK	 
ACTION	Pricing	3	price	1395133522085	1395133522086	1395133522189	1395133522189	OK	 
ACTION	Pricing	1	price	1395133522134	1395133522134	1395133522223	1395133522224	OK	 
ACTION	Pricing	2	price	1395133522154	1395133522155	1395133522259	1395133522259	OK	 
ACTION	Pricing	3	price	1395133522190	1395133522191	1395133522294	1395133522294	OK	 
ACTION	Pricing	1	price	1395133522225	1395133522226	1395133522330	1395133522330	OK	 
ACTION	Pricing	2	price	1395133522261	1395133522262	1395133522369	1395133522370	OK	 
ACTION	Pricing	3	price	1395133522296	1395133522297	1395133522410	1395133522410	OK	 
ACTION	Pricing	1	price	1395133522332	1395133522332	1395133522454	1395133522455	OK	 
ACTION	Pricing	2	price	1395133522373	1395133522373	1395133522492	1395133522493	OK	 
ACTION	Pricing	3	price	1395133522412	1395133522413	1395133522534	1395133522534	OK	 
ACTION	Pricing	1	price	1395133522456	1395133522457	1395133522571	1395133522572	OK	 
ACTION	Pricing	2	price	1395133522494	1395133522495	1395133522611	1395133522612	OK	 
ACTION	Pricing	3	price	1395133522536	1395133522536	1395133522650	1395133522650	OK	 
ACTION	Pricing	1	price	1395133522574	1395133522574	1395133522685	1395133522685	OK	 
ACTION	Pricing	2	price	1395133522613	1395133522614	1395133522724	1395133522725	OK	 
ACTION	Pricing	3	price	1395133522652	1395133522653	1395133522768	1395133522768	OK	 
ACTION	Pricing	1	price	1395133522687	1395133522688	1395133522807	1395133522808	OK	 
ACTION	Pricing	2	price	1395133522726	1395133522727	1395133522849	1395133522850	OK	 
ACTION	Pricing	3	price	1395133522770	1395133522771	1395133522889	1395133522890	OK	 
ACTION	Pricing	1	price	1395133522810	1395133522810	1395133522928	1395133522928	OK	 
ACTION	Pricing	2	price	1395133522851	1395133522852	1395133522970	1395133522970	OK	 
ACTION	Pricing	3	price	1395133522891	1395133522892	1395133523017	1395133523017	OK	 
ACTION	Pricing	1	price	1395133522930	1395133522931	1395133523056	1395133523056	OK	 
ACTION	Pricing	2	price	1395133522972	1395133522972	1395133523093	1395133523093	OK	 
ACTION	Pricing	3	price	1395133523019	1395133523020	1395133523128	1395133523128	OK	 
ACTION	Pricing	1	price	1395133523058	1395133523058	1395133523161	1395133523162	OK	 
ACTION	Pricing	2	price	1395133523094	1395133523095	1395133523200	1395133523200	OK	 
ACTION	Pricing	3	price	1395133523130	1395133523131	1395133523236	1395133523236	OK	 
ACTION	Pricing	1	price	1395133523164	1395133523165	1395133523272	1395133523272	OK	 
ACTION	Pricing	2	price	1395133523202	1395133523202	1395133523307	1395133523308	OK	 
ACTION	Pricing	3	price	1395133523238	1395133523238	1395133523340	1395133523341	OK	 
ACTION	Pricing	1	price	1395133523274	1395133523274	1395133523375	1395133523375	OK	 
ACTION	Pricing	2	price	1395133523309	1395133523310	1395133523408	1395133523408	OK	 
ACTION	Pricing	3	price	1395133523342	1395133523343	1395133523440	1395133523440	OK	 
ACTION	Pricing	1	price	1395133523377	1395133523377	1395133523477	1395133523477	OK	 
ACTION	Pricing	2	price	1395133523410	1395133523410	1395133523508	1395133523509	OK	 
ACTION	Pricing	3	price	1395133523441	1395133523442	1395133523543	1395133523544	OK	 
ACTION	Pricing	1	price	1395133523478	1395133523479	1395133523578	1395133523578	OK	 
ACTION	Pricing	2	price	1395133523510	1395133523510	1395133523615	1395133523616	OK	 
ACTION	Pricing	3	price	1395133523545	1395133523546	1395133523649	1395133523649	OK	 
ACTION	Pricing	1	price	1395133523587	1395133523588	1395133523687	1395133523687	OK	 
ACTION	Pricing	2	price	1395133523618	1395133523618	1395133523723	1395133523723	OK	 
ACTION	Pricing	3	price	1395133523650	1395133523651	1395133523757	1395133523758	OK	 
ACTION	Pricing	1	price	1395133523689	1395133523689	1395133523791	1395133523792	OK	 
ACTION	Pricing	2	price	1395133523725	1395133523725	1395133523824	1395133523824	OK	 
ACTION	Pricing	3	price	1395133523759	1395133523759	1395133523856	1395133523856	OK	 
ACTION	Pricing	1	price	1395133523793	1395133523793	1395133523888	1395133523888	OK	 
ACTION	Pricing	2	price	1395133523826	1395133523826	1395133523919	1395133523919	OK	 
ACTION	Pricing	3	price	1395133523857	1395133523858	1395133523951	1395133523952	OK	 
ACTION	Pricing	1	price	1395133523889	1395133523889	1395133523984	1395133523985	OK	 
ACTION	Pricing	2	price	1395133523920	1395133523921	1395133524017	1395133524017	OK	 
ACTION	Pricing	3	price	1395133523953	1395133523954	1395133524051	1395133524051	OK	 
ACTION	Pricing	1	price	1395133523986	1395133523986	1395133524085	1395133524085	OK	 
ACTION	Pricing	2	price	1395133524019	1395133524019	1395133524119	1395133524119	OK	 
ACTION	Pricing	3	price	1395133524053	1395133524053	1395133524152	1395133524152	OK	 
ACTION	Pricing	1	price	1395133524087	1395133524088	1395133524187	1395133524187	OK	 
ACTION	Pricing	2	price	1395133524120	1395133524120	1395133524221	1395133524222	OK	 
ACTION	Pricing	3	price	1395133524153	1395133524153	1395133524256	1395133524256	OK	 
ACTION	Pricing	1	price	1395133524188	1395133524188	1395133524292	1395133524292	OK	 
ACTION	Pricing	2	price	1395133524223	1395133524223	1395133524326	1395133524327	OK	 
ACTION	Pricing	3	price	1395133524258	1395133524258	1395133524360	1395133524360	OK	 
ACTION	Pricing	1	price	1395133524294	1395133524294	1395133524397	1395133524397	OK	 
ACTION	Pricing	2	price	1395133524328	1395133524329	1395133524432	1395133524432	OK	 
ACTION	Pricing	3	price	1395133524361	1395133524361	1395133524465	1395133524465	OK	 
ACTION	Pricing	1	price	1395133524398	1395133524398	1395133524532	1395133524532	OK	 
ACTION	Pricing	2	price	1395133524433	1395133524434	1395133524536	1395133524536	OK	 
ACTION	Pricing	3	price	1395133524467	1395133524467	1395133524576	1395133524576	OK	 
ACTION	Pricing	1	price	1395133524534	1395133524534	1395133524643	1395133524644	OK	 
ACTION	Pricing	2	price	1395133524537	1395133524538	1395133524685	1395133524685	OK	 
ACTION	Pricing	3	price	1395133524578	1395133524578	1395133524722	1395133524722	OK	 
ACTION	Pricing	1	price	1395133524645	1395133524646	1395133524759	1395133524759	OK	 
ACTION	Pricing	2	price	1395133524687	1395133524688	1395133524793	1395133524794	OK	 
ACTION	Pricing	3	price	1395133524724	1395133524724	1395133524830	1395133524830	OK	 
ACTION	Pricing	1	price	1395133524761	1395133524761	1395133524863	1395133524864	OK	 
ACTION	Pricing	2	price	1395133524795	1395133524795	1395133524895	1395133524895	OK	 
ACTION	Pricing	3	price	1395133524831	1395133524832	1395133524932	1395133524933	OK	 
ACTION	Pricing	1	price	1395133524865	1395133524865	1395133524968	1395133524968	OK	 
SCENARIO	Pricing	1	END	1395133524969
ACTION	Pricing	2	price	1395133524897	1395133524897	1395133525003	1395133525003	OK	 
SCENARIO	Pricing	2	END	1395133525004
ACTION	Pricing	3	price	1395133524934	1395133524935	1395133525032	1395133525033	OK	 
SCENARIO	Pricing	3	END	1395133525033
