RUN	20140318085018	pricingsimulation	pricingsimulation
SCENARIO	Pricing	1	START	1395132620895
ACTION	Pricing	1	price	1395132621007	1395132621025	1395132624390	1395132624394	OK	 
ACTION	Pricing	1	price	1395132624413	1395132624415	1395132624457	1395132624458	OK	 
ACTION	Pricing	1	price	1395132624460	1395132624461	1395132624493	1395132624494	OK	 
ACTION	Pricing	1	price	1395132624495	1395132624496	1395132624529	1395132624529	OK	 
ACTION	Pricing	1	price	1395132624531	1395132624532	1395132624569	1395132624569	OK	 
ACTION	Pricing	1	price	1395132624571	1395132624572	1395132624605	1395132624605	OK	 
ACTION	Pricing	1	price	1395132624607	1395132624608	1395132624657	1395132624657	OK	 
ACTION	Pricing	1	price	1395132624659	1395132624660	1395132624699	1395132624700	OK	 
ACTION	Pricing	1	price	1395132624702	1395132624704	1395132624741	1395132624741	OK	 
ACTION	Pricing	1	price	1395132624742	1395132624743	1395132624776	1395132624776	OK	 
ACTION	Pricing	1	price	1395132624778	1395132624779	1395132624811	1395132624811	OK	 
ACTION	Pricing	1	price	1395132624813	1395132624814	1395132624849	1395132624849	OK	 
ACTION	Pricing	1	price	1395132624852	1395132624853	1395132624889	1395132624889	OK	 
ACTION	Pricing	1	price	1395132624891	1395132624891	1395132624925	1395132624925	OK	 
ACTION	Pricing	1	price	1395132624927	1395132624928	1395132624961	1395132624961	OK	 
ACTION	Pricing	1	price	1395132624962	1395132624963	1395132624999	1395132624999	OK	 
ACTION	Pricing	1	price	1395132625000	1395132625001	1395132625037	1395132625037	OK	 
ACTION	Pricing	1	price	1395132625039	1395132625040	1395132625073	1395132625073	OK	 
ACTION	Pricing	1	price	1395132625074	1395132625075	1395132625108	1395132625108	OK	 
ACTION	Pricing	1	price	1395132625110	1395132625111	1395132625144	1395132625144	OK	 
ACTION	Pricing	1	price	1395132625146	1395132625147	1395132625180	1395132625180	OK	 
ACTION	Pricing	1	price	1395132625181	1395132625183	1395132625219	1395132625219	OK	 
ACTION	Pricing	1	price	1395132625221	1395132625222	1395132625257	1395132625257	OK	 
ACTION	Pricing	1	price	1395132625259	1395132625260	1395132625292	1395132625293	OK	 
ACTION	Pricing	1	price	1395132625294	1395132625295	1395132625330	1395132625330	OK	 
ACTION	Pricing	1	price	1395132625332	1395132625333	1395132625372	1395132625372	OK	 
ACTION	Pricing	1	price	1395132625374	1395132625375	1395132625410	1395132625410	OK	 
ACTION	Pricing	1	price	1395132625411	1395132625412	1395132625446	1395132625447	OK	 
ACTION	Pricing	1	price	1395132625448	1395132625449	1395132625496	1395132625496	OK	 
ACTION	Pricing	1	price	1395132625497	1395132625498	1395132625537	1395132625537	OK	 
ACTION	Pricing	1	price	1395132625539	1395132625540	1395132625574	1395132625574	OK	 
ACTION	Pricing	1	price	1395132625575	1395132625576	1395132625610	1395132625610	OK	 
ACTION	Pricing	1	price	1395132625611	1395132625612	1395132625645	1395132625645	OK	 
ACTION	Pricing	1	price	1395132625646	1395132625647	1395132625692	1395132625692	OK	 
ACTION	Pricing	1	price	1395132625694	1395132625697	1395132625732	1395132625732	OK	 
ACTION	Pricing	1	price	1395132625734	1395132625734	1395132625774	1395132625775	OK	 
ACTION	Pricing	1	price	1395132625776	1395132625777	1395132625810	1395132625810	OK	 
ACTION	Pricing	1	price	1395132625811	1395132625812	1395132625845	1395132625846	OK	 
ACTION	Pricing	1	price	1395132625847	1395132625848	1395132625883	1395132625883	OK	 
ACTION	Pricing	1	price	1395132625885	1395132625885	1395132625917	1395132625917	OK	 
ACTION	Pricing	1	price	1395132625919	1395132625920	1395132625952	1395132625952	OK	 
ACTION	Pricing	1	price	1395132625953	1395132625954	1395132625986	1395132625986	OK	 
ACTION	Pricing	1	price	1395132625988	1395132625988	1395132626022	1395132626022	OK	 
ACTION	Pricing	1	price	1395132626023	1395132626024	1395132626057	1395132626057	OK	 
ACTION	Pricing	1	price	1395132626058	1395132626059	1395132626092	1395132626093	OK	 
ACTION	Pricing	1	price	1395132626094	1395132626095	1395132626125	1395132626126	OK	 
ACTION	Pricing	1	price	1395132626128	1395132626128	1395132626161	1395132626161	OK	 
ACTION	Pricing	1	price	1395132626163	1395132626163	1395132626195	1395132626196	OK	 
ACTION	Pricing	1	price	1395132626197	1395132626197	1395132626231	1395132626231	OK	 
ACTION	Pricing	1	price	1395132626233	1395132626233	1395132626264	1395132626264	OK	 
ACTION	Pricing	1	price	1395132626266	1395132626266	1395132626302	1395132626302	OK	 
ACTION	Pricing	1	price	1395132626305	1395132626306	1395132626339	1395132626339	OK	 
ACTION	Pricing	1	price	1395132626341	1395132626342	1395132626376	1395132626377	OK	 
ACTION	Pricing	1	price	1395132626378	1395132626378	1395132626413	1395132626413	OK	 
ACTION	Pricing	1	price	1395132626414	1395132626415	1395132626450	1395132626450	OK	 
ACTION	Pricing	1	price	1395132626451	1395132626452	1395132626484	1395132626485	OK	 
ACTION	Pricing	1	price	1395132626486	1395132626486	1395132626522	1395132626522	OK	 
ACTION	Pricing	1	price	1395132626524	1395132626524	1395132626558	1395132626558	OK	 
ACTION	Pricing	1	price	1395132626560	1395132626560	1395132626594	1395132626594	OK	 
ACTION	Pricing	1	price	1395132626595	1395132626596	1395132626630	1395132626630	OK	 
ACTION	Pricing	1	price	1395132626632	1395132626632	1395132626665	1395132626665	OK	 
ACTION	Pricing	1	price	1395132626666	1395132626667	1395132626701	1395132626701	OK	 
ACTION	Pricing	1	price	1395132626702	1395132626703	1395132626736	1395132626736	OK	 
ACTION	Pricing	1	price	1395132626737	1395132626737	1395132626773	1395132626773	OK	 
ACTION	Pricing	1	price	1395132626774	1395132626774	1395132626807	1395132626808	OK	 
ACTION	Pricing	1	price	1395132626809	1395132626809	1395132626841	1395132626841	OK	 
ACTION	Pricing	1	price	1395132626843	1395132626843	1395132626876	1395132626876	OK	 
ACTION	Pricing	1	price	1395132626877	1395132626878	1395132626909	1395132626910	OK	 
ACTION	Pricing	1	price	1395132626911	1395132626911	1395132626945	1395132626945	OK	 
ACTION	Pricing	1	price	1395132626946	1395132626947	1395132626980	1395132626980	OK	 
ACTION	Pricing	1	price	1395132626981	1395132626982	1395132627015	1395132627016	OK	 
ACTION	Pricing	1	price	1395132627017	1395132627017	1395132627051	1395132627051	OK	 
ACTION	Pricing	1	price	1395132627052	1395132627053	1395132627092	1395132627093	OK	 
ACTION	Pricing	1	price	1395132627095	1395132627096	1395132627128	1395132627128	OK	 
ACTION	Pricing	1	price	1395132627130	1395132627131	1395132627163	1395132627164	OK	 
ACTION	Pricing	1	price	1395132627165	1395132627165	1395132627198	1395132627198	OK	 
ACTION	Pricing	1	price	1395132627199	1395132627200	1395132627235	1395132627235	OK	 
ACTION	Pricing	1	price	1395132627236	1395132627237	1395132627271	1395132627271	OK	 
ACTION	Pricing	1	price	1395132627272	1395132627273	1395132627306	1395132627307	OK	 
ACTION	Pricing	1	price	1395132627308	1395132627308	1395132627342	1395132627342	OK	 
ACTION	Pricing	1	price	1395132627343	1395132627344	1395132627378	1395132627379	OK	 
ACTION	Pricing	1	price	1395132627380	1395132627380	1395132627413	1395132627413	OK	 
ACTION	Pricing	1	price	1395132627414	1395132627414	1395132627450	1395132627450	OK	 
ACTION	Pricing	1	price	1395132627451	1395132627452	1395132627484	1395132627485	OK	 
ACTION	Pricing	1	price	1395132627486	1395132627486	1395132627524	1395132627524	OK	 
ACTION	Pricing	1	price	1395132627526	1395132627526	1395132627560	1395132627561	OK	 
ACTION	Pricing	1	price	1395132627562	1395132627562	1395132627594	1395132627594	OK	 
ACTION	Pricing	1	price	1395132627596	1395132627596	1395132627641	1395132627641	OK	 
ACTION	Pricing	1	price	1395132627643	1395132627643	1395132627683	1395132627683	OK	 
ACTION	Pricing	1	price	1395132627684	1395132627685	1395132627724	1395132627724	OK	 
ACTION	Pricing	1	price	1395132627725	1395132627726	1395132627766	1395132627767	OK	 
ACTION	Pricing	1	price	1395132627768	1395132627769	1395132627813	1395132627813	OK	 
ACTION	Pricing	1	price	1395132627814	1395132627814	1395132627846	1395132627846	OK	 
ACTION	Pricing	1	price	1395132627847	1395132627848	1395132627880	1395132627881	OK	 
ACTION	Pricing	1	price	1395132627882	1395132627882	1395132627914	1395132627914	OK	 
ACTION	Pricing	1	price	1395132627916	1395132627916	1395132627950	1395132627950	OK	 
ACTION	Pricing	1	price	1395132627952	1395132627952	1395132627983	1395132627983	OK	 
ACTION	Pricing	1	price	1395132627984	1395132627985	1395132628019	1395132628019	OK	 
ACTION	Pricing	1	price	1395132628021	1395132628021	1395132628056	1395132628056	OK	 
ACTION	Pricing	1	price	1395132628058	1395132628058	1395132628092	1395132628093	OK	 
ACTION	Pricing	1	price	1395132628095	1395132628097	1395132628132	1395132628132	OK	 
ACTION	Pricing	1	price	1395132628134	1395132628134	1395132628172	1395132628172	OK	 
ACTION	Pricing	1	price	1395132628174	1395132628174	1395132628208	1395132628209	OK	 
ACTION	Pricing	1	price	1395132628210	1395132628210	1395132628240	1395132628241	OK	 
ACTION	Pricing	1	price	1395132628242	1395132628243	1395132628275	1395132628275	OK	 
ACTION	Pricing	1	price	1395132628277	1395132628277	1395132628311	1395132628311	OK	 
ACTION	Pricing	1	price	1395132628312	1395132628313	1395132628346	1395132628346	OK	 
ACTION	Pricing	1	price	1395132628347	1395132628347	1395132628380	1395132628381	OK	 
ACTION	Pricing	1	price	1395132628382	1395132628382	1395132628418	1395132628418	OK	 
ACTION	Pricing	1	price	1395132628419	1395132628420	1395132628453	1395132628453	OK	 
ACTION	Pricing	1	price	1395132628454	1395132628455	1395132628489	1395132628489	OK	 
ACTION	Pricing	1	price	1395132628490	1395132628491	1395132628526	1395132628526	OK	 
ACTION	Pricing	1	price	1395132628528	1395132628528	1395132628562	1395132628562	OK	 
ACTION	Pricing	1	price	1395132628563	1395132628563	1395132628598	1395132628598	OK	 
ACTION	Pricing	1	price	1395132628600	1395132628600	1395132628633	1395132628634	OK	 
ACTION	Pricing	1	price	1395132628635	1395132628635	1395132628672	1395132628672	OK	 
ACTION	Pricing	1	price	1395132628674	1395132628674	1395132628710	1395132628710	OK	 
ACTION	Pricing	1	price	1395132628711	1395132628712	1395132628746	1395132628747	OK	 
ACTION	Pricing	1	price	1395132628748	1395132628748	1395132628779	1395132628780	OK	 
ACTION	Pricing	1	price	1395132628781	1395132628782	1395132628817	1395132628817	OK	 
ACTION	Pricing	1	price	1395132628819	1395132628819	1395132628851	1395132628851	OK	 
ACTION	Pricing	1	price	1395132628852	1395132628853	1395132628886	1395132628886	OK	 
ACTION	Pricing	1	price	1395132628888	1395132628888	1395132628919	1395132628920	OK	 
ACTION	Pricing	1	price	1395132628921	1395132628921	1395132628953	1395132628953	OK	 
ACTION	Pricing	1	price	1395132628954	1395132628954	1395132628986	1395132628986	OK	 
ACTION	Pricing	1	price	1395132628987	1395132628988	1395132629021	1395132629021	OK	 
ACTION	Pricing	1	price	1395132629024	1395132629024	1395132629059	1395132629060	OK	 
ACTION	Pricing	1	price	1395132629061	1395132629061	1395132629095	1395132629096	OK	 
ACTION	Pricing	1	price	1395132629097	1395132629098	1395132629132	1395132629132	OK	 
ACTION	Pricing	1	price	1395132629133	1395132629134	1395132629166	1395132629166	OK	 
ACTION	Pricing	1	price	1395132629168	1395132629168	1395132629200	1395132629200	OK	 
ACTION	Pricing	1	price	1395132629202	1395132629202	1395132629236	1395132629237	OK	 
ACTION	Pricing	1	price	1395132629238	1395132629238	1395132629274	1395132629274	OK	 
ACTION	Pricing	1	price	1395132629275	1395132629276	1395132629310	1395132629310	OK	 
ACTION	Pricing	1	price	1395132629312	1395132629312	1395132629343	1395132629343	OK	 
ACTION	Pricing	1	price	1395132629344	1395132629345	1395132629377	1395132629378	OK	 
ACTION	Pricing	1	price	1395132629379	1395132629380	1395132629412	1395132629412	OK	 
ACTION	Pricing	1	price	1395132629414	1395132629414	1395132629448	1395132629448	OK	 
ACTION	Pricing	1	price	1395132629450	1395132629450	1395132629490	1395132629490	OK	 
ACTION	Pricing	1	price	1395132629492	1395132629492	1395132629527	1395132629527	OK	 
ACTION	Pricing	1	price	1395132629529	1395132629529	1395132629564	1395132629564	OK	 
ACTION	Pricing	1	price	1395132629565	1395132629566	1395132629598	1395132629598	OK	 
ACTION	Pricing	1	price	1395132629600	1395132629600	1395132629634	1395132629634	OK	 
ACTION	Pricing	1	price	1395132629635	1395132629636	1395132629667	1395132629667	OK	 
ACTION	Pricing	1	price	1395132629668	1395132629669	1395132629705	1395132629705	OK	 
ACTION	Pricing	1	price	1395132629707	1395132629707	1395132629743	1395132629744	OK	 
ACTION	Pricing	1	price	1395132629745	1395132629745	1395132629780	1395132629781	OK	 
ACTION	Pricing	1	price	1395132629782	1395132629782	1395132629816	1395132629816	OK	 
ACTION	Pricing	1	price	1395132629818	1395132629818	1395132629850	1395132629850	OK	 
ACTION	Pricing	1	price	1395132629852	1395132629852	1395132629887	1395132629887	OK	 
ACTION	Pricing	1	price	1395132629889	1395132629889	1395132629922	1395132629922	OK	 
ACTION	Pricing	1	price	1395132629924	1395132629924	1395132629960	1395132629960	OK	 
ACTION	Pricing	1	price	1395132629962	1395132629962	1395132629996	1395132629996	OK	 
ACTION	Pricing	1	price	1395132629998	1395132629998	1395132630033	1395132630033	OK	 
ACTION	Pricing	1	price	1395132630034	1395132630035	1395132630070	1395132630070	OK	 
ACTION	Pricing	1	price	1395132630071	1395132630071	1395132630103	1395132630103	OK	 
ACTION	Pricing	1	price	1395132630105	1395132630106	1395132630142	1395132630142	OK	 
ACTION	Pricing	1	price	1395132630143	1395132630143	1395132630178	1395132630178	OK	 
ACTION	Pricing	1	price	1395132630180	1395132630180	1395132630214	1395132630215	OK	 
ACTION	Pricing	1	price	1395132630216	1395132630216	1395132630248	1395132630249	OK	 
ACTION	Pricing	1	price	1395132630250	1395132630250	1395132630284	1395132630285	OK	 
ACTION	Pricing	1	price	1395132630286	1395132630286	1395132630320	1395132630320	OK	 
ACTION	Pricing	1	price	1395132630322	1395132630322	1395132630360	1395132630360	OK	 
ACTION	Pricing	1	price	1395132630363	1395132630364	1395132630396	1395132630396	OK	 
ACTION	Pricing	1	price	1395132630397	1395132630398	1395132630430	1395132630430	OK	 
ACTION	Pricing	1	price	1395132630431	1395132630431	1395132630465	1395132630465	OK	 
ACTION	Pricing	1	price	1395132630466	1395132630467	1395132630500	1395132630500	OK	 
ACTION	Pricing	1	price	1395132630501	1395132630501	1395132630534	1395132630535	OK	 
ACTION	Pricing	1	price	1395132630536	1395132630536	1395132630571	1395132630571	OK	 
ACTION	Pricing	1	price	1395132630572	1395132630572	1395132630604	1395132630604	OK	 
ACTION	Pricing	1	price	1395132630606	1395132630606	1395132630641	1395132630641	OK	 
ACTION	Pricing	1	price	1395132630643	1395132630643	1395132630679	1395132630679	OK	 
ACTION	Pricing	1	price	1395132630681	1395132630681	1395132630715	1395132630715	OK	 
ACTION	Pricing	1	price	1395132630717	1395132630717	1395132630753	1395132630753	OK	 
ACTION	Pricing	1	price	1395132630754	1395132630755	1395132630787	1395132630787	OK	 
ACTION	Pricing	1	price	1395132630788	1395132630789	1395132630823	1395132630823	OK	 
ACTION	Pricing	1	price	1395132630824	1395132630824	1395132630856	1395132630856	OK	 
ACTION	Pricing	1	price	1395132630857	1395132630858	1395132630894	1395132630894	OK	 
ACTION	Pricing	1	price	1395132630895	1395132630896	1395132630929	1395132630930	OK	 
ACTION	Pricing	1	price	1395132630931	1395132630931	1395132630962	1395132630962	OK	 
ACTION	Pricing	1	price	1395132630963	1395132630964	1395132630996	1395132630996	OK	 
ACTION	Pricing	1	price	1395132630997	1395132630997	1395132631032	1395132631032	OK	 
ACTION	Pricing	1	price	1395132631033	1395132631034	1395132631067	1395132631067	OK	 
ACTION	Pricing	1	price	1395132631068	1395132631069	1395132631105	1395132631105	OK	 
ACTION	Pricing	1	price	1395132631106	1395132631107	1395132631139	1395132631139	OK	 
ACTION	Pricing	1	price	1395132631140	1395132631141	1395132631172	1395132631172	OK	 
ACTION	Pricing	1	price	1395132631173	1395132631174	1395132631206	1395132631207	OK	 
ACTION	Pricing	1	price	1395132631208	1395132631208	1395132631242	1395132631242	OK	 
ACTION	Pricing	1	price	1395132631243	1395132631243	1395132631275	1395132631275	OK	 
ACTION	Pricing	1	price	1395132631276	1395132631277	1395132631307	1395132631307	OK	 
ACTION	Pricing	1	price	1395132631309	1395132631309	1395132631342	1395132631342	OK	 
ACTION	Pricing	1	price	1395132631343	1395132631344	1395132631375	1395132631375	OK	 
ACTION	Pricing	1	price	1395132631376	1395132631376	1395132631408	1395132631408	OK	 
ACTION	Pricing	1	price	1395132631410	1395132631410	1395132631446	1395132631446	OK	 
ACTION	Pricing	1	price	1395132631448	1395132631448	1395132631483	1395132631483	OK	 
ACTION	Pricing	1	price	1395132631484	1395132631484	1395132631516	1395132631516	OK	 
ACTION	Pricing	1	price	1395132631517	1395132631518	1395132631551	1395132631551	OK	 
ACTION	Pricing	1	price	1395132631552	1395132631552	1395132631587	1395132631588	OK	 
ACTION	Pricing	1	price	1395132631589	1395132631589	1395132631620	1395132631621	OK	 
ACTION	Pricing	1	price	1395132631622	1395132631622	1395132631656	1395132631657	OK	 
ACTION	Pricing	1	price	1395132631658	1395132631661	1395132631706	1395132631706	OK	 
ACTION	Pricing	1	price	1395132631707	1395132631708	1395132631739	1395132631739	OK	 
ACTION	Pricing	1	price	1395132631741	1395132631741	1395132631776	1395132631776	OK	 
ACTION	Pricing	1	price	1395132631777	1395132631778	1395132631810	1395132631810	OK	 
ACTION	Pricing	1	price	1395132631811	1395132631812	1395132631845	1395132631846	OK	 
ACTION	Pricing	1	price	1395132631847	1395132631847	1395132631880	1395132631881	OK	 
ACTION	Pricing	1	price	1395132631882	1395132631883	1395132631916	1395132631916	OK	 
ACTION	Pricing	1	price	1395132631917	1395132631917	1395132631952	1395132631952	OK	 
ACTION	Pricing	1	price	1395132631953	1395132631953	1395132631987	1395132631987	OK	 
ACTION	Pricing	1	price	1395132631989	1395132631989	1395132632023	1395132632023	OK	 
ACTION	Pricing	1	price	1395132632024	1395132632025	1395132632057	1395132632057	OK	 
ACTION	Pricing	1	price	1395132632059	1395132632059	1395132632091	1395132632091	OK	 
ACTION	Pricing	1	price	1395132632092	1395132632093	1395132632128	1395132632128	OK	 
ACTION	Pricing	1	price	1395132632130	1395132632130	1395132632164	1395132632164	OK	 
ACTION	Pricing	1	price	1395132632165	1395132632165	1395132632198	1395132632198	OK	 
ACTION	Pricing	1	price	1395132632199	1395132632200	1395132632231	1395132632231	OK	 
ACTION	Pricing	1	price	1395132632232	1395132632232	1395132632264	1395132632265	OK	 
ACTION	Pricing	1	price	1395132632266	1395132632267	1395132632297	1395132632297	OK	 
ACTION	Pricing	1	price	1395132632299	1395132632300	1395132632331	1395132632331	OK	 
ACTION	Pricing	1	price	1395132632333	1395132632333	1395132632365	1395132632365	OK	 
ACTION	Pricing	1	price	1395132632367	1395132632367	1395132632400	1395132632401	OK	 
ACTION	Pricing	1	price	1395132632402	1395132632402	1395132632435	1395132632435	OK	 
ACTION	Pricing	1	price	1395132632436	1395132632437	1395132632469	1395132632469	OK	 
ACTION	Pricing	1	price	1395132632471	1395132632471	1395132632504	1395132632504	OK	 
ACTION	Pricing	1	price	1395132632505	1395132632506	1395132632540	1395132632541	OK	 
ACTION	Pricing	1	price	1395132632542	1395132632542	1395132632575	1395132632575	OK	 
ACTION	Pricing	1	price	1395132632576	1395132632577	1395132632612	1395132632612	OK	 
ACTION	Pricing	1	price	1395132632613	1395132632614	1395132632649	1395132632649	OK	 
ACTION	Pricing	1	price	1395132632650	1395132632651	1395132632702	1395132632702	OK	 
ACTION	Pricing	1	price	1395132632704	1395132632704	1395132632742	1395132632742	OK	 
ACTION	Pricing	1	price	1395132632743	1395132632744	1395132632777	1395132632777	OK	 
ACTION	Pricing	1	price	1395132632779	1395132632779	1395132632813	1395132632814	OK	 
ACTION	Pricing	1	price	1395132632815	1395132632815	1395132632848	1395132632848	OK	 
ACTION	Pricing	1	price	1395132632850	1395132632850	1395132632890	1395132632890	OK	 
ACTION	Pricing	1	price	1395132632892	1395132632892	1395132632924	1395132632925	OK	 
ACTION	Pricing	1	price	1395132632926	1395132632926	1395132632959	1395132632960	OK	 
ACTION	Pricing	1	price	1395132632961	1395132632961	1395132632993	1395132632993	OK	 
ACTION	Pricing	1	price	1395132632994	1395132632995	1395132633028	1395132633028	OK	 
ACTION	Pricing	1	price	1395132633030	1395132633031	1395132633065	1395132633065	OK	 
ACTION	Pricing	1	price	1395132633067	1395132633068	1395132633101	1395132633101	OK	 
ACTION	Pricing	1	price	1395132633103	1395132633103	1395132633137	1395132633137	OK	 
ACTION	Pricing	1	price	1395132633138	1395132633139	1395132633171	1395132633171	OK	 
ACTION	Pricing	1	price	1395132633172	1395132633173	1395132633209	1395132633210	OK	 
ACTION	Pricing	1	price	1395132633211	1395132633211	1395132633241	1395132633242	OK	 
ACTION	Pricing	1	price	1395132633243	1395132633243	1395132633276	1395132633277	OK	 
ACTION	Pricing	1	price	1395132633278	1395132633278	1395132633311	1395132633312	OK	 
ACTION	Pricing	1	price	1395132633313	1395132633313	1395132633346	1395132633346	OK	 
ACTION	Pricing	1	price	1395132633348	1395132633348	1395132633382	1395132633382	OK	 
ACTION	Pricing	1	price	1395132633383	1395132633384	1395132633416	1395132633417	OK	 
ACTION	Pricing	1	price	1395132633418	1395132633418	1395132633451	1395132633452	OK	 
ACTION	Pricing	1	price	1395132633453	1395132633453	1395132633485	1395132633485	OK	 
ACTION	Pricing	1	price	1395132633486	1395132633487	1395132633520	1395132633520	OK	 
ACTION	Pricing	1	price	1395132633522	1395132633522	1395132633556	1395132633556	OK	 
ACTION	Pricing	1	price	1395132633558	1395132633558	1395132633591	1395132633591	OK	 
ACTION	Pricing	1	price	1395132633592	1395132633593	1395132633625	1395132633625	OK	 
ACTION	Pricing	1	price	1395132633626	1395132633627	1395132633676	1395132633676	OK	 
ACTION	Pricing	1	price	1395132633680	1395132633680	1395132633721	1395132633722	OK	 
ACTION	Pricing	1	price	1395132633723	1395132633724	1395132633770	1395132633770	OK	 
ACTION	Pricing	1	price	1395132633772	1395132633772	1395132633806	1395132633806	OK	 
ACTION	Pricing	1	price	1395132633807	1395132633808	1395132633853	1395132633853	OK	 
ACTION	Pricing	1	price	1395132633854	1395132633855	1395132633887	1395132633887	OK	 
ACTION	Pricing	1	price	1395132633888	1395132633888	1395132633920	1395132633921	OK	 
ACTION	Pricing	1	price	1395132633922	1395132633922	1395132633967	1395132633967	OK	 
ACTION	Pricing	1	price	1395132633968	1395132633969	1395132634004	1395132634004	OK	 
ACTION	Pricing	1	price	1395132634006	1395132634006	1395132634042	1395132634042	OK	 
ACTION	Pricing	1	price	1395132634043	1395132634044	1395132634077	1395132634077	OK	 
ACTION	Pricing	1	price	1395132634078	1395132634079	1395132634112	1395132634112	OK	 
ACTION	Pricing	1	price	1395132634113	1395132634113	1395132634145	1395132634145	OK	 
ACTION	Pricing	1	price	1395132634146	1395132634147	1395132634180	1395132634180	OK	 
ACTION	Pricing	1	price	1395132634182	1395132634182	1395132634214	1395132634214	OK	 
ACTION	Pricing	1	price	1395132634215	1395132634215	1395132634249	1395132634249	OK	 
ACTION	Pricing	1	price	1395132634251	1395132634251	1395132634284	1395132634284	OK	 
ACTION	Pricing	1	price	1395132634285	1395132634286	1395132634319	1395132634320	OK	 
ACTION	Pricing	1	price	1395132634321	1395132634322	1395132634355	1395132634355	OK	 
ACTION	Pricing	1	price	1395132634356	1395132634357	1395132634389	1395132634389	OK	 
ACTION	Pricing	1	price	1395132634391	1395132634391	1395132634426	1395132634426	OK	 
ACTION	Pricing	1	price	1395132634428	1395132634428	1395132634460	1395132634460	OK	 
ACTION	Pricing	1	price	1395132634461	1395132634462	1395132634496	1395132634496	OK	 
ACTION	Pricing	1	price	1395132634498	1395132634498	1395132634533	1395132634533	OK	 
ACTION	Pricing	1	price	1395132634535	1395132634535	1395132634566	1395132634567	OK	 
ACTION	Pricing	1	price	1395132634568	1395132634568	1395132634601	1395132634601	OK	 
ACTION	Pricing	1	price	1395132634602	1395132634603	1395132634634	1395132634634	OK	 
ACTION	Pricing	1	price	1395132634635	1395132634636	1395132634668	1395132634668	OK	 
ACTION	Pricing	1	price	1395132634669	1395132634669	1395132634703	1395132634703	OK	 
ACTION	Pricing	1	price	1395132634705	1395132634705	1395132634738	1395132634738	OK	 
ACTION	Pricing	1	price	1395132634739	1395132634740	1395132634772	1395132634772	OK	 
ACTION	Pricing	1	price	1395132634773	1395132634774	1395132634805	1395132634805	OK	 
ACTION	Pricing	1	price	1395132634806	1395132634807	1395132634839	1395132634839	OK	 
ACTION	Pricing	1	price	1395132634840	1395132634840	1395132634872	1395132634872	OK	 
ACTION	Pricing	1	price	1395132634873	1395132634873	1395132634904	1395132634904	OK	 
ACTION	Pricing	1	price	1395132634905	1395132634906	1395132634945	1395132634945	OK	 
ACTION	Pricing	1	price	1395132634947	1395132634948	1395132634985	1395132634986	OK	 
ACTION	Pricing	1	price	1395132634988	1395132634988	1395132635033	1395132635033	OK	 
ACTION	Pricing	1	price	1395132635034	1395132635034	1395132635081	1395132635082	OK	 
ACTION	Pricing	1	price	1395132635083	1395132635084	1395132635115	1395132635115	OK	 
ACTION	Pricing	1	price	1395132635116	1395132635117	1395132635159	1395132635159	OK	 
ACTION	Pricing	1	price	1395132635160	1395132635160	1395132635195	1395132635195	OK	 
ACTION	Pricing	1	price	1395132635197	1395132635197	1395132635231	1395132635231	OK	 
ACTION	Pricing	1	price	1395132635233	1395132635233	1395132635270	1395132635270	OK	 
ACTION	Pricing	1	price	1395132635271	1395132635272	1395132635304	1395132635304	OK	 
ACTION	Pricing	1	price	1395132635307	1395132635308	1395132635341	1395132635341	OK	 
ACTION	Pricing	1	price	1395132635343	1395132635343	1395132635378	1395132635378	OK	 
ACTION	Pricing	1	price	1395132635379	1395132635380	1395132635411	1395132635411	OK	 
ACTION	Pricing	1	price	1395132635412	1395132635413	1395132635446	1395132635446	OK	 
ACTION	Pricing	1	price	1395132635447	1395132635448	1395132635497	1395132635497	OK	 
ACTION	Pricing	1	price	1395132635498	1395132635499	1395132635534	1395132635534	OK	 
ACTION	Pricing	1	price	1395132635535	1395132635536	1395132635569	1395132635569	OK	 
ACTION	Pricing	1	price	1395132635570	1395132635571	1395132635602	1395132635602	OK	 
ACTION	Pricing	1	price	1395132635604	1395132635604	1395132635635	1395132635636	OK	 
ACTION	Pricing	1	price	1395132635637	1395132635638	1395132635672	1395132635672	OK	 
ACTION	Pricing	1	price	1395132635673	1395132635673	1395132635707	1395132635708	OK	 
ACTION	Pricing	1	price	1395132635709	1395132635709	1395132635741	1395132635741	OK	 
ACTION	Pricing	1	price	1395132635743	1395132635743	1395132635774	1395132635774	OK	 
ACTION	Pricing	1	price	1395132635775	1395132635775	1395132635808	1395132635808	OK	 
ACTION	Pricing	1	price	1395132635809	1395132635809	1395132635841	1395132635841	OK	 
ACTION	Pricing	1	price	1395132635842	1395132635843	1395132635875	1395132635875	OK	 
ACTION	Pricing	1	price	1395132635876	1395132635876	1395132635911	1395132635911	OK	 
ACTION	Pricing	1	price	1395132635914	1395132635915	1395132635948	1395132635948	OK	 
ACTION	Pricing	1	price	1395132635949	1395132635949	1395132635983	1395132635983	OK	 
ACTION	Pricing	1	price	1395132635984	1395132635985	1395132636018	1395132636018	OK	 
ACTION	Pricing	1	price	1395132636019	1395132636020	1395132636051	1395132636051	OK	 
ACTION	Pricing	1	price	1395132636052	1395132636053	1395132636086	1395132636086	OK	 
ACTION	Pricing	1	price	1395132636087	1395132636088	1395132636123	1395132636123	OK	 
ACTION	Pricing	1	price	1395132636125	1395132636125	1395132636161	1395132636162	OK	 
ACTION	Pricing	1	price	1395132636163	1395132636164	1395132636196	1395132636196	OK	 
ACTION	Pricing	1	price	1395132636197	1395132636198	1395132636231	1395132636232	OK	 
ACTION	Pricing	1	price	1395132636233	1395132636233	1395132636268	1395132636268	OK	 
ACTION	Pricing	1	price	1395132636269	1395132636270	1395132636304	1395132636304	OK	 
ACTION	Pricing	1	price	1395132636305	1395132636305	1395132636338	1395132636338	OK	 
ACTION	Pricing	1	price	1395132636339	1395132636340	1395132636373	1395132636373	OK	 
ACTION	Pricing	1	price	1395132636374	1395132636375	1395132636409	1395132636409	OK	 
ACTION	Pricing	1	price	1395132636410	1395132636410	1395132636443	1395132636444	OK	 
ACTION	Pricing	1	price	1395132636445	1395132636445	1395132636481	1395132636481	OK	 
ACTION	Pricing	1	price	1395132636483	1395132636483	1395132636530	1395132636531	OK	 
ACTION	Pricing	1	price	1395132636532	1395132636532	1395132636565	1395132636565	OK	 
ACTION	Pricing	1	price	1395132636566	1395132636566	1395132636601	1395132636601	OK	 
ACTION	Pricing	1	price	1395132636602	1395132636602	1395132636634	1395132636634	OK	 
ACTION	Pricing	1	price	1395132636635	1395132636635	1395132636666	1395132636666	OK	 
ACTION	Pricing	1	price	1395132636668	1395132636668	1395132636702	1395132636702	OK	 
ACTION	Pricing	1	price	1395132636703	1395132636704	1395132636741	1395132636741	OK	 
ACTION	Pricing	1	price	1395132636742	1395132636743	1395132636774	1395132636774	OK	 
ACTION	Pricing	1	price	1395132636776	1395132636776	1395132636811	1395132636811	OK	 
ACTION	Pricing	1	price	1395132636813	1395132636813	1395132636847	1395132636847	OK	 
ACTION	Pricing	1	price	1395132636848	1395132636849	1395132636893	1395132636893	OK	 
ACTION	Pricing	1	price	1395132636894	1395132636895	1395132636940	1395132636940	OK	 
ACTION	Pricing	1	price	1395132636941	1395132636941	1395132636981	1395132636982	OK	 
ACTION	Pricing	1	price	1395132636983	1395132636984	1395132637027	1395132637027	OK	 
ACTION	Pricing	1	price	1395132637028	1395132637028	1395132637064	1395132637064	OK	 
ACTION	Pricing	1	price	1395132637065	1395132637066	1395132637106	1395132637106	OK	 
ACTION	Pricing	1	price	1395132637107	1395132637108	1395132637152	1395132637152	OK	 
ACTION	Pricing	1	price	1395132637153	1395132637153	1395132637198	1395132637198	OK	 
ACTION	Pricing	1	price	1395132637199	1395132637200	1395132637238	1395132637239	OK	 
ACTION	Pricing	1	price	1395132637240	1395132637240	1395132637275	1395132637275	OK	 
ACTION	Pricing	1	price	1395132637276	1395132637277	1395132637310	1395132637310	OK	 
ACTION	Pricing	1	price	1395132637312	1395132637312	1395132637344	1395132637344	OK	 
ACTION	Pricing	1	price	1395132637345	1395132637346	1395132637379	1395132637379	OK	 
ACTION	Pricing	1	price	1395132637381	1395132637381	1395132637415	1395132637415	OK	 
ACTION	Pricing	1	price	1395132637416	1395132637417	1395132637453	1395132637453	OK	 
ACTION	Pricing	1	price	1395132637455	1395132637455	1395132637486	1395132637486	OK	 
ACTION	Pricing	1	price	1395132637488	1395132637488	1395132637522	1395132637522	OK	 
ACTION	Pricing	1	price	1395132637523	1395132637524	1395132637554	1395132637554	OK	 
ACTION	Pricing	1	price	1395132637555	1395132637556	1395132637590	1395132637590	OK	 
ACTION	Pricing	1	price	1395132637591	1395132637592	1395132637636	1395132637636	OK	 
ACTION	Pricing	1	price	1395132637638	1395132637638	1395132637671	1395132637671	OK	 
ACTION	Pricing	1	price	1395132637673	1395132637673	1395132637708	1395132637709	OK	 
ACTION	Pricing	1	price	1395132637710	1395132637710	1395132637744	1395132637744	OK	 
ACTION	Pricing	1	price	1395132637745	1395132637746	1395132637780	1395132637780	OK	 
ACTION	Pricing	1	price	1395132637781	1395132637781	1395132637813	1395132637813	OK	 
ACTION	Pricing	1	price	1395132637815	1395132637815	1395132637849	1395132637849	OK	 
ACTION	Pricing	1	price	1395132637850	1395132637850	1395132637883	1395132637883	OK	 
ACTION	Pricing	1	price	1395132637884	1395132637885	1395132637921	1395132637921	OK	 
ACTION	Pricing	1	price	1395132637922	1395132637923	1395132637954	1395132637954	OK	 
ACTION	Pricing	1	price	1395132637955	1395132637955	1395132637986	1395132637986	OK	 
ACTION	Pricing	1	price	1395132637987	1395132637988	1395132638019	1395132638019	OK	 
ACTION	Pricing	1	price	1395132638020	1395132638021	1395132638050	1395132638050	OK	 
ACTION	Pricing	1	price	1395132638051	1395132638052	1395132638084	1395132638085	OK	 
ACTION	Pricing	1	price	1395132638086	1395132638087	1395132638119	1395132638119	OK	 
ACTION	Pricing	1	price	1395132638120	1395132638120	1395132638154	1395132638154	OK	 
ACTION	Pricing	1	price	1395132638155	1395132638155	1395132638186	1395132638187	OK	 
ACTION	Pricing	1	price	1395132638188	1395132638188	1395132638222	1395132638222	OK	 
ACTION	Pricing	1	price	1395132638223	1395132638224	1395132638258	1395132638258	OK	 
ACTION	Pricing	1	price	1395132638259	1395132638260	1395132638291	1395132638291	OK	 
ACTION	Pricing	1	price	1395132638292	1395132638293	1395132638324	1395132638325	OK	 
ACTION	Pricing	1	price	1395132638326	1395132638326	1395132638358	1395132638359	OK	 
ACTION	Pricing	1	price	1395132638360	1395132638360	1395132638391	1395132638391	OK	 
ACTION	Pricing	1	price	1395132638392	1395132638393	1395132638434	1395132638435	OK	 
ACTION	Pricing	1	price	1395132638436	1395132638437	1395132638472	1395132638475	OK	 
ACTION	Pricing	1	price	1395132638478	1395132638478	1395132638515	1395132638515	OK	 
ACTION	Pricing	1	price	1395132638516	1395132638517	1395132638551	1395132638551	OK	 
ACTION	Pricing	1	price	1395132638552	1395132638553	1395132638583	1395132638583	OK	 
ACTION	Pricing	1	price	1395132638584	1395132638585	1395132638627	1395132638627	OK	 
ACTION	Pricing	1	price	1395132638628	1395132638629	1395132638662	1395132638662	OK	 
ACTION	Pricing	1	price	1395132638664	1395132638664	1395132638701	1395132638701	OK	 
ACTION	Pricing	1	price	1395132638702	1395132638702	1395132638733	1395132638733	OK	 
ACTION	Pricing	1	price	1395132638734	1395132638735	1395132638768	1395132638768	OK	 
ACTION	Pricing	1	price	1395132638769	1395132638770	1395132638807	1395132638807	OK	 
ACTION	Pricing	1	price	1395132638809	1395132638810	1395132638840	1395132638840	OK	 
ACTION	Pricing	1	price	1395132638841	1395132638842	1395132638875	1395132638875	OK	 
ACTION	Pricing	1	price	1395132638877	1395132638877	1395132638910	1395132638910	OK	 
ACTION	Pricing	1	price	1395132638912	1395132638912	1395132638948	1395132638949	OK	 
ACTION	Pricing	1	price	1395132638950	1395132638951	1395132638986	1395132638987	OK	 
ACTION	Pricing	1	price	1395132638988	1395132638988	1395132639022	1395132639023	OK	 
ACTION	Pricing	1	price	1395132639024	1395132639024	1395132639062	1395132639062	OK	 
ACTION	Pricing	1	price	1395132639064	1395132639064	1395132639099	1395132639099	OK	 
ACTION	Pricing	1	price	1395132639101	1395132639101	1395132639136	1395132639136	OK	 
ACTION	Pricing	1	price	1395132639137	1395132639137	1395132639170	1395132639170	OK	 
ACTION	Pricing	1	price	1395132639172	1395132639172	1395132639206	1395132639206	OK	 
ACTION	Pricing	1	price	1395132639207	1395132639208	1395132639242	1395132639243	OK	 
ACTION	Pricing	1	price	1395132639244	1395132639245	1395132639280	1395132639280	OK	 
ACTION	Pricing	1	price	1395132639282	1395132639282	1395132639317	1395132639318	OK	 
ACTION	Pricing	1	price	1395132639319	1395132639319	1395132639357	1395132639357	OK	 
ACTION	Pricing	1	price	1395132639359	1395132639359	1395132639394	1395132639394	OK	 
ACTION	Pricing	1	price	1395132639395	1395132639396	1395132639432	1395132639432	OK	 
ACTION	Pricing	1	price	1395132639434	1395132639434	1395132639479	1395132639479	OK	 
ACTION	Pricing	1	price	1395132639480	1395132639481	1395132639526	1395132639527	OK	 
ACTION	Pricing	1	price	1395132639528	1395132639528	1395132639575	1395132639575	OK	 
ACTION	Pricing	1	price	1395132639576	1395132639576	1395132639623	1395132639623	OK	 
ACTION	Pricing	1	price	1395132639624	1395132639625	1395132639669	1395132639669	OK	 
ACTION	Pricing	1	price	1395132639671	1395132639671	1395132639717	1395132639717	OK	 
ACTION	Pricing	1	price	1395132639718	1395132639718	1395132639761	1395132639761	OK	 
ACTION	Pricing	1	price	1395132639762	1395132639762	1395132639805	1395132639806	OK	 
ACTION	Pricing	1	price	1395132639807	1395132639807	1395132639843	1395132639843	OK	 
ACTION	Pricing	1	price	1395132639844	1395132639845	1395132639886	1395132639887	OK	 
ACTION	Pricing	1	price	1395132639888	1395132639888	1395132639932	1395132639932	OK	 
ACTION	Pricing	1	price	1395132639933	1395132639934	1395132639976	1395132639976	OK	 
ACTION	Pricing	1	price	1395132639979	1395132639979	1395132640012	1395132640012	OK	 
ACTION	Pricing	1	price	1395132640013	1395132640013	1395132640046	1395132640047	OK	 
ACTION	Pricing	1	price	1395132640048	1395132640049	1395132640092	1395132640092	OK	 
ACTION	Pricing	1	price	1395132640093	1395132640093	1395132640127	1395132640127	OK	 
ACTION	Pricing	1	price	1395132640128	1395132640128	1395132640162	1395132640162	OK	 
ACTION	Pricing	1	price	1395132640164	1395132640164	1395132640197	1395132640197	OK	 
ACTION	Pricing	1	price	1395132640199	1395132640199	1395132640232	1395132640233	OK	 
ACTION	Pricing	1	price	1395132640234	1395132640234	1395132640267	1395132640267	OK	 
ACTION	Pricing	1	price	1395132640269	1395132640269	1395132640303	1395132640303	OK	 
ACTION	Pricing	1	price	1395132640304	1395132640305	1395132640338	1395132640338	OK	 
ACTION	Pricing	1	price	1395132640339	1395132640340	1395132640373	1395132640373	OK	 
ACTION	Pricing	1	price	1395132640374	1395132640375	1395132640408	1395132640408	OK	 
ACTION	Pricing	1	price	1395132640409	1395132640409	1395132640445	1395132640445	OK	 
ACTION	Pricing	1	price	1395132640446	1395132640447	1395132640479	1395132640479	OK	 
ACTION	Pricing	1	price	1395132640480	1395132640481	1395132640516	1395132640516	OK	 
ACTION	Pricing	1	price	1395132640517	1395132640517	1395132640550	1395132640550	OK	 
ACTION	Pricing	1	price	1395132640551	1395132640552	1395132640584	1395132640584	OK	 
ACTION	Pricing	1	price	1395132640585	1395132640585	1395132640626	1395132640626	OK	 
ACTION	Pricing	1	price	1395132640628	1395132640628	1395132640662	1395132640662	OK	 
ACTION	Pricing	1	price	1395132640664	1395132640664	1395132640699	1395132640700	OK	 
ACTION	Pricing	1	price	1395132640701	1395132640701	1395132640733	1395132640733	OK	 
ACTION	Pricing	1	price	1395132640735	1395132640735	1395132640766	1395132640766	OK	 
ACTION	Pricing	1	price	1395132640767	1395132640767	1395132640809	1395132640809	OK	 
ACTION	Pricing	1	price	1395132640810	1395132640811	1395132640844	1395132640844	OK	 
ACTION	Pricing	1	price	1395132640845	1395132640845	1395132640878	1395132640878	OK	 
ACTION	Pricing	1	price	1395132640879	1395132640880	1395132640913	1395132640913	OK	 
ACTION	Pricing	1	price	1395132640915	1395132640916	1395132640950	1395132640950	OK	 
ACTION	Pricing	1	price	1395132640952	1395132640952	1395132640986	1395132640986	OK	 
ACTION	Pricing	1	price	1395132640987	1395132640987	1395132641021	1395132641021	OK	 
ACTION	Pricing	1	price	1395132641023	1395132641023	1395132641066	1395132641066	OK	 
ACTION	Pricing	1	price	1395132641067	1395132641068	1395132641110	1395132641110	OK	 
ACTION	Pricing	1	price	1395132641111	1395132641112	1395132641145	1395132641145	OK	 
ACTION	Pricing	1	price	1395132641146	1395132641146	1395132641182	1395132641182	OK	 
ACTION	Pricing	1	price	1395132641184	1395132641184	1395132641218	1395132641218	OK	 
ACTION	Pricing	1	price	1395132641219	1395132641220	1395132641257	1395132641257	OK	 
ACTION	Pricing	1	price	1395132641259	1395132641259	1395132641289	1395132641290	OK	 
ACTION	Pricing	1	price	1395132641291	1395132641291	1395132641327	1395132641327	OK	 
ACTION	Pricing	1	price	1395132641328	1395132641328	1395132641361	1395132641366	OK	 
ACTION	Pricing	1	price	1395132641367	1395132641368	1395132641403	1395132641403	OK	 
ACTION	Pricing	1	price	1395132641404	1395132641404	1395132641436	1395132641436	OK	 
ACTION	Pricing	1	price	1395132641437	1395132641438	1395132641469	1395132641469	OK	 
ACTION	Pricing	1	price	1395132641470	1395132641474	1395132641511	1395132641511	OK	 
ACTION	Pricing	1	price	1395132641512	1395132641513	1395132641546	1395132641546	OK	 
ACTION	Pricing	1	price	1395132641547	1395132641547	1395132641581	1395132641581	OK	 
ACTION	Pricing	1	price	1395132641584	1395132641584	1395132641616	1395132641616	OK	 
ACTION	Pricing	1	price	1395132641617	1395132641618	1395132641654	1395132641654	OK	 
ACTION	Pricing	1	price	1395132641656	1395132641656	1395132641687	1395132641687	OK	 
ACTION	Pricing	1	price	1395132641689	1395132641689	1395132641723	1395132641723	OK	 
ACTION	Pricing	1	price	1395132641725	1395132641725	1395132641757	1395132641758	OK	 
ACTION	Pricing	1	price	1395132641759	1395132641759	1395132641802	1395132641802	OK	 
ACTION	Pricing	1	price	1395132641804	1395132641804	1395132641850	1395132641851	OK	 
ACTION	Pricing	1	price	1395132641852	1395132641852	1395132641886	1395132641886	OK	 
ACTION	Pricing	1	price	1395132641887	1395132641888	1395132641921	1395132641922	OK	 
ACTION	Pricing	1	price	1395132641923	1395132641923	1395132641956	1395132641957	OK	 
ACTION	Pricing	1	price	1395132641958	1395132641958	1395132641997	1395132641997	OK	 
ACTION	Pricing	1	price	1395132641999	1395132641999	1395132642035	1395132642035	OK	 
ACTION	Pricing	1	price	1395132642036	1395132642036	1395132642073	1395132642073	OK	 
ACTION	Pricing	1	price	1395132642079	1395132642080	1395132642112	1395132642113	OK	 
ACTION	Pricing	1	price	1395132642114	1395132642114	1395132642148	1395132642148	OK	 
ACTION	Pricing	1	price	1395132642149	1395132642149	1395132642181	1395132642181	OK	 
ACTION	Pricing	1	price	1395132642182	1395132642183	1395132642214	1395132642215	OK	 
ACTION	Pricing	1	price	1395132642216	1395132642216	1395132642246	1395132642246	OK	 
ACTION	Pricing	1	price	1395132642248	1395132642248	1395132642281	1395132642281	OK	 
ACTION	Pricing	1	price	1395132642282	1395132642283	1395132642315	1395132642315	OK	 
ACTION	Pricing	1	price	1395132642316	1395132642317	1395132642346	1395132642346	OK	 
ACTION	Pricing	1	price	1395132642347	1395132642348	1395132642387	1395132642388	OK	 
ACTION	Pricing	1	price	1395132642389	1395132642389	1395132642431	1395132642431	OK	 
ACTION	Pricing	1	price	1395132642432	1395132642433	1395132642470	1395132642470	OK	 
ACTION	Pricing	1	price	1395132642471	1395132642472	1395132642506	1395132642506	OK	 
ACTION	Pricing	1	price	1395132642507	1395132642508	1395132642540	1395132642540	OK	 
ACTION	Pricing	1	price	1395132642541	1395132642542	1395132642573	1395132642573	OK	 
ACTION	Pricing	1	price	1395132642575	1395132642575	1395132642619	1395132642619	OK	 
ACTION	Pricing	1	price	1395132642620	1395132642620	1395132642660	1395132642660	OK	 
ACTION	Pricing	1	price	1395132642662	1395132642663	1395132642696	1395132642696	OK	 
ACTION	Pricing	1	price	1395132642698	1395132642698	1395132642742	1395132642743	OK	 
ACTION	Pricing	1	price	1395132642745	1395132642747	1395132642782	1395132642782	OK	 
ACTION	Pricing	1	price	1395132642783	1395132642784	1395132642818	1395132642818	OK	 
ACTION	Pricing	1	price	1395132642819	1395132642820	1395132642853	1395132642853	OK	 
ACTION	Pricing	1	price	1395132642854	1395132642855	1395132642886	1395132642887	OK	 
ACTION	Pricing	1	price	1395132642888	1395132642888	1395132642923	1395132642923	OK	 
ACTION	Pricing	1	price	1395132642925	1395132642925	1395132642963	1395132642963	OK	 
ACTION	Pricing	1	price	1395132642965	1395132642965	1395132643001	1395132643001	OK	 
ACTION	Pricing	1	price	1395132643002	1395132643002	1395132643048	1395132643048	OK	 
ACTION	Pricing	1	price	1395132643049	1395132643050	1395132643091	1395132643091	OK	 
ACTION	Pricing	1	price	1395132643092	1395132643093	1395132643136	1395132643137	OK	 
ACTION	Pricing	1	price	1395132643138	1395132643138	1395132643174	1395132643174	OK	 
ACTION	Pricing	1	price	1395132643175	1395132643175	1395132643214	1395132643214	OK	 
ACTION	Pricing	1	price	1395132643215	1395132643216	1395132643247	1395132643248	OK	 
ACTION	Pricing	1	price	1395132643249	1395132643249	1395132643282	1395132643282	OK	 
ACTION	Pricing	1	price	1395132643283	1395132643284	1395132643318	1395132643318	OK	 
ACTION	Pricing	1	price	1395132643319	1395132643319	1395132643352	1395132643353	OK	 
ACTION	Pricing	1	price	1395132643353	1395132643354	1395132643386	1395132643386	OK	 
ACTION	Pricing	1	price	1395132643387	1395132643387	1395132643417	1395132643417	OK	 
ACTION	Pricing	1	price	1395132643419	1395132643419	1395132643448	1395132643448	OK	 
ACTION	Pricing	1	price	1395132643449	1395132643449	1395132643484	1395132643484	OK	 
ACTION	Pricing	1	price	1395132643485	1395132643485	1395132643517	1395132643518	OK	 
ACTION	Pricing	1	price	1395132643519	1395132643519	1395132643554	1395132643554	OK	 
ACTION	Pricing	1	price	1395132643555	1395132643555	1395132643590	1395132643590	OK	 
ACTION	Pricing	1	price	1395132643591	1395132643592	1395132643624	1395132643625	OK	 
ACTION	Pricing	1	price	1395132643625	1395132643626	1395132643657	1395132643658	OK	 
ACTION	Pricing	1	price	1395132643659	1395132643660	1395132643693	1395132643693	OK	 
ACTION	Pricing	1	price	1395132643694	1395132643695	1395132643731	1395132643731	OK	 
ACTION	Pricing	1	price	1395132643733	1395132643733	1395132643767	1395132643767	OK	 
ACTION	Pricing	1	price	1395132643769	1395132643769	1395132643799	1395132643799	OK	 
ACTION	Pricing	1	price	1395132643801	1395132643801	1395132643834	1395132643834	OK	 
ACTION	Pricing	1	price	1395132643836	1395132643836	1395132643868	1395132643868	OK	 
ACTION	Pricing	1	price	1395132643870	1395132643870	1395132643913	1395132643913	OK	 
ACTION	Pricing	1	price	1395132643915	1395132643915	1395132643947	1395132643947	OK	 
ACTION	Pricing	1	price	1395132643948	1395132643948	1395132643979	1395132643979	OK	 
ACTION	Pricing	1	price	1395132643984	1395132643984	1395132644020	1395132644020	OK	 
ACTION	Pricing	1	price	1395132644021	1395132644022	1395132644054	1395132644054	OK	 
ACTION	Pricing	1	price	1395132644055	1395132644056	1395132644090	1395132644090	OK	 
ACTION	Pricing	1	price	1395132644091	1395132644092	1395132644125	1395132644125	OK	 
ACTION	Pricing	1	price	1395132644127	1395132644127	1395132644162	1395132644164	OK	 
ACTION	Pricing	1	price	1395132644165	1395132644165	1395132644199	1395132644199	OK	 
ACTION	Pricing	1	price	1395132644200	1395132644200	1395132644232	1395132644232	OK	 
ACTION	Pricing	1	price	1395132644233	1395132644234	1395132644271	1395132644271	OK	 
ACTION	Pricing	1	price	1395132644272	1395132644273	1395132644307	1395132644307	OK	 
ACTION	Pricing	1	price	1395132644308	1395132644309	1395132644345	1395132644345	OK	 
ACTION	Pricing	1	price	1395132644346	1395132644347	1395132644378	1395132644378	OK	 
ACTION	Pricing	1	price	1395132644379	1395132644379	1395132644415	1395132644416	OK	 
ACTION	Pricing	1	price	1395132644416	1395132644417	1395132644450	1395132644451	OK	 
ACTION	Pricing	1	price	1395132644452	1395132644452	1395132644487	1395132644487	OK	 
ACTION	Pricing	1	price	1395132644488	1395132644489	1395132644522	1395132644522	OK	 
ACTION	Pricing	1	price	1395132644523	1395132644524	1395132644556	1395132644557	OK	 
ACTION	Pricing	1	price	1395132644558	1395132644558	1395132644593	1395132644593	OK	 
ACTION	Pricing	1	price	1395132644594	1395132644595	1395132644628	1395132644629	OK	 
ACTION	Pricing	1	price	1395132644630	1395132644630	1395132644666	1395132644666	OK	 
ACTION	Pricing	1	price	1395132644667	1395132644668	1395132644702	1395132644703	OK	 
ACTION	Pricing	1	price	1395132644704	1395132644704	1395132644742	1395132644742	OK	 
ACTION	Pricing	1	price	1395132644746	1395132644747	1395132644781	1395132644781	OK	 
ACTION	Pricing	1	price	1395132644783	1395132644784	1395132644818	1395132644818	OK	 
ACTION	Pricing	1	price	1395132644819	1395132644820	1395132644852	1395132644853	OK	 
ACTION	Pricing	1	price	1395132644854	1395132644854	1395132644891	1395132644892	OK	 
ACTION	Pricing	1	price	1395132644893	1395132644893	1395132644927	1395132644927	OK	 
ACTION	Pricing	1	price	1395132644929	1395132644929	1395132644962	1395132644963	OK	 
ACTION	Pricing	1	price	1395132644964	1395132644964	1395132645000	1395132645000	OK	 
ACTION	Pricing	1	price	1395132645002	1395132645002	1395132645033	1395132645033	OK	 
ACTION	Pricing	1	price	1395132645034	1395132645034	1395132645063	1395132645064	OK	 
ACTION	Pricing	1	price	1395132645065	1395132645065	1395132645097	1395132645097	OK	 
ACTION	Pricing	1	price	1395132645098	1395132645099	1395132645132	1395132645132	OK	 
ACTION	Pricing	1	price	1395132645133	1395132645133	1395132645167	1395132645167	OK	 
ACTION	Pricing	1	price	1395132645168	1395132645168	1395132645203	1395132645204	OK	 
ACTION	Pricing	1	price	1395132645205	1395132645205	1395132645235	1395132645235	OK	 
ACTION	Pricing	1	price	1395132645237	1395132645237	1395132645273	1395132645274	OK	 
ACTION	Pricing	1	price	1395132645275	1395132645275	1395132645310	1395132645310	OK	 
ACTION	Pricing	1	price	1395132645311	1395132645312	1395132645342	1395132645343	OK	 
ACTION	Pricing	1	price	1395132645344	1395132645344	1395132645378	1395132645378	OK	 
ACTION	Pricing	1	price	1395132645379	1395132645379	1395132645414	1395132645414	OK	 
ACTION	Pricing	1	price	1395132645415	1395132645415	1395132645450	1395132645450	OK	 
ACTION	Pricing	1	price	1395132645451	1395132645452	1395132645484	1395132645485	OK	 
ACTION	Pricing	1	price	1395132645486	1395132645486	1395132645518	1395132645518	OK	 
ACTION	Pricing	1	price	1395132645519	1395132645519	1395132645554	1395132645555	OK	 
ACTION	Pricing	1	price	1395132645556	1395132645556	1395132645589	1395132645589	OK	 
ACTION	Pricing	1	price	1395132645590	1395132645591	1395132645622	1395132645622	OK	 
ACTION	Pricing	1	price	1395132645623	1395132645624	1395132645657	1395132645658	OK	 
ACTION	Pricing	1	price	1395132645659	1395132645659	1395132645691	1395132645691	OK	 
ACTION	Pricing	1	price	1395132645693	1395132645693	1395132645726	1395132645726	OK	 
ACTION	Pricing	1	price	1395132645727	1395132645728	1395132645762	1395132645762	OK	 
ACTION	Pricing	1	price	1395132645763	1395132645763	1395132645796	1395132645796	OK	 
ACTION	Pricing	1	price	1395132645797	1395132645797	1395132645829	1395132645829	OK	 
ACTION	Pricing	1	price	1395132645831	1395132645831	1395132645865	1395132645865	OK	 
ACTION	Pricing	1	price	1395132645867	1395132645867	1395132645898	1395132645898	OK	 
ACTION	Pricing	1	price	1395132645899	1395132645900	1395132645933	1395132645933	OK	 
ACTION	Pricing	1	price	1395132645934	1395132645935	1395132645966	1395132645966	OK	 
ACTION	Pricing	1	price	1395132645967	1395132645968	1395132646001	1395132646001	OK	 
ACTION	Pricing	1	price	1395132646002	1395132646003	1395132646036	1395132646037	OK	 
ACTION	Pricing	1	price	1395132646038	1395132646038	1395132646071	1395132646072	OK	 
ACTION	Pricing	1	price	1395132646073	1395132646073	1395132646105	1395132646105	OK	 
ACTION	Pricing	1	price	1395132646106	1395132646107	1395132646140	1395132646140	OK	 
ACTION	Pricing	1	price	1395132646141	1395132646141	1395132646175	1395132646175	OK	 
ACTION	Pricing	1	price	1395132646176	1395132646176	1395132646222	1395132646222	OK	 
ACTION	Pricing	1	price	1395132646223	1395132646224	1395132646256	1395132646256	OK	 
ACTION	Pricing	1	price	1395132646257	1395132646258	1395132646290	1395132646290	OK	 
ACTION	Pricing	1	price	1395132646291	1395132646291	1395132646326	1395132646326	OK	 
ACTION	Pricing	1	price	1395132646328	1395132646329	1395132646373	1395132646374	OK	 
ACTION	Pricing	1	price	1395132646375	1395132646375	1395132646408	1395132646408	OK	 
ACTION	Pricing	1	price	1395132646409	1395132646409	1395132646442	1395132646442	OK	 
ACTION	Pricing	1	price	1395132646443	1395132646444	1395132646479	1395132646479	OK	 
ACTION	Pricing	1	price	1395132646480	1395132646480	1395132646510	1395132646510	OK	 
ACTION	Pricing	1	price	1395132646511	1395132646512	1395132646547	1395132646547	OK	 
ACTION	Pricing	1	price	1395132646548	1395132646549	1395132646579	1395132646579	OK	 
ACTION	Pricing	1	price	1395132646580	1395132646580	1395132646611	1395132646612	OK	 
ACTION	Pricing	1	price	1395132646613	1395132646613	1395132646646	1395132646646	OK	 
ACTION	Pricing	1	price	1395132646647	1395132646648	1395132646682	1395132646682	OK	 
ACTION	Pricing	1	price	1395132646684	1395132646684	1395132646719	1395132646719	OK	 
ACTION	Pricing	1	price	1395132646720	1395132646721	1395132646755	1395132646755	OK	 
ACTION	Pricing	1	price	1395132646756	1395132646756	1395132646795	1395132646795	OK	 
ACTION	Pricing	1	price	1395132646796	1395132646796	1395132646829	1395132646829	OK	 
ACTION	Pricing	1	price	1395132646830	1395132646830	1395132646861	1395132646861	OK	 
ACTION	Pricing	1	price	1395132646862	1395132646863	1395132646901	1395132646901	OK	 
ACTION	Pricing	1	price	1395132646902	1395132646902	1395132646934	1395132646934	OK	 
ACTION	Pricing	1	price	1395132646935	1395132646936	1395132646970	1395132646971	OK	 
ACTION	Pricing	1	price	1395132646971	1395132646972	1395132647006	1395132647006	OK	 
ACTION	Pricing	1	price	1395132647007	1395132647007	1395132647041	1395132647041	OK	 
ACTION	Pricing	1	price	1395132647042	1395132647043	1395132647077	1395132647077	OK	 
ACTION	Pricing	1	price	1395132647078	1395132647079	1395132647111	1395132647111	OK	 
ACTION	Pricing	1	price	1395132647112	1395132647113	1395132647147	1395132647147	OK	 
ACTION	Pricing	1	price	1395132647148	1395132647148	1395132647182	1395132647182	OK	 
ACTION	Pricing	1	price	1395132647183	1395132647184	1395132647217	1395132647217	OK	 
ACTION	Pricing	1	price	1395132647218	1395132647218	1395132647251	1395132647251	OK	 
ACTION	Pricing	1	price	1395132647252	1395132647252	1395132647285	1395132647286	OK	 
ACTION	Pricing	1	price	1395132647287	1395132647287	1395132647321	1395132647322	OK	 
ACTION	Pricing	1	price	1395132647324	1395132647324	1395132647356	1395132647356	OK	 
ACTION	Pricing	1	price	1395132647357	1395132647358	1395132647389	1395132647389	OK	 
ACTION	Pricing	1	price	1395132647390	1395132647390	1395132647426	1395132647426	OK	 
ACTION	Pricing	1	price	1395132647427	1395132647427	1395132647461	1395132647462	OK	 
ACTION	Pricing	1	price	1395132647463	1395132647463	1395132647494	1395132647494	OK	 
ACTION	Pricing	1	price	1395132647496	1395132647497	1395132647529	1395132647529	OK	 
ACTION	Pricing	1	price	1395132647530	1395132647531	1395132647563	1395132647563	OK	 
ACTION	Pricing	1	price	1395132647564	1395132647564	1395132647599	1395132647599	OK	 
ACTION	Pricing	1	price	1395132647600	1395132647601	1395132647647	1395132647647	OK	 
ACTION	Pricing	1	price	1395132647648	1395132647649	1395132647691	1395132647691	OK	 
ACTION	Pricing	1	price	1395132647692	1395132647693	1395132647736	1395132647736	OK	 
ACTION	Pricing	1	price	1395132647737	1395132647738	1395132647792	1395132647792	OK	 
ACTION	Pricing	1	price	1395132647793	1395132647835	1395132647870	1395132647870	OK	 
ACTION	Pricing	1	price	1395132647871	1395132647872	1395132647904	1395132647904	OK	 
ACTION	Pricing	1	price	1395132647906	1395132647906	1395132647949	1395132647949	OK	 
ACTION	Pricing	1	price	1395132647950	1395132647951	1395132647992	1395132647993	OK	 
ACTION	Pricing	1	price	1395132647996	1395132647996	1395132648028	1395132648028	OK	 
ACTION	Pricing	1	price	1395132648029	1395132648029	1395132648073	1395132648073	OK	 
ACTION	Pricing	1	price	1395132648074	1395132648075	1395132648112	1395132648112	OK	 
ACTION	Pricing	1	price	1395132648113	1395132648114	1395132648144	1395132648144	OK	 
ACTION	Pricing	1	price	1395132648145	1395132648145	1395132648177	1395132648177	OK	 
ACTION	Pricing	1	price	1395132648179	1395132648179	1395132648211	1395132648211	OK	 
ACTION	Pricing	1	price	1395132648212	1395132648212	1395132648246	1395132648246	OK	 
ACTION	Pricing	1	price	1395132648247	1395132648247	1395132648279	1395132648279	OK	 
ACTION	Pricing	1	price	1395132648280	1395132648280	1395132648314	1395132648314	OK	 
ACTION	Pricing	1	price	1395132648315	1395132648316	1395132648348	1395132648348	OK	 
ACTION	Pricing	1	price	1395132648350	1395132648350	1395132648381	1395132648381	OK	 
ACTION	Pricing	1	price	1395132648382	1395132648382	1395132648416	1395132648416	OK	 
ACTION	Pricing	1	price	1395132648417	1395132648418	1395132648450	1395132648451	OK	 
ACTION	Pricing	1	price	1395132648452	1395132648452	1395132648483	1395132648483	OK	 
ACTION	Pricing	1	price	1395132648484	1395132648484	1395132648520	1395132648520	OK	 
ACTION	Pricing	1	price	1395132648521	1395132648521	1395132648552	1395132648552	OK	 
ACTION	Pricing	1	price	1395132648553	1395132648553	1395132648586	1395132648586	OK	 
ACTION	Pricing	1	price	1395132648587	1395132648588	1395132648624	1395132648624	OK	 
ACTION	Pricing	1	price	1395132648626	1395132648626	1395132648659	1395132648659	OK	 
ACTION	Pricing	1	price	1395132648660	1395132648660	1395132648693	1395132648693	OK	 
ACTION	Pricing	1	price	1395132648695	1395132648695	1395132648725	1395132648725	OK	 
ACTION	Pricing	1	price	1395132648726	1395132648727	1395132648760	1395132648760	OK	 
ACTION	Pricing	1	price	1395132648766	1395132648767	1395132648814	1395132648814	OK	 
ACTION	Pricing	1	price	1395132648815	1395132648817	1395132648850	1395132648851	OK	 
ACTION	Pricing	1	price	1395132648852	1395132648853	1395132648886	1395132648886	OK	 
ACTION	Pricing	1	price	1395132648887	1395132648888	1395132648925	1395132648926	OK	 
ACTION	Pricing	1	price	1395132648927	1395132648927	1395132648965	1395132648965	OK	 
ACTION	Pricing	1	price	1395132648966	1395132648967	1395132649002	1395132649002	OK	 
ACTION	Pricing	1	price	1395132649004	1395132649004	1395132649037	1395132649037	OK	 
ACTION	Pricing	1	price	1395132649038	1395132649039	1395132649076	1395132649077	OK	 
ACTION	Pricing	1	price	1395132649078	1395132649078	1395132649113	1395132649114	OK	 
ACTION	Pricing	1	price	1395132649115	1395132649115	1395132649158	1395132649158	OK	 
ACTION	Pricing	1	price	1395132649159	1395132649160	1395132649205	1395132649205	OK	 
ACTION	Pricing	1	price	1395132649206	1395132649206	1395132649258	1395132649259	OK	 
ACTION	Pricing	1	price	1395132649259	1395132649260	1395132649292	1395132649292	OK	 
ACTION	Pricing	1	price	1395132649293	1395132649293	1395132649324	1395132649324	OK	 
ACTION	Pricing	1	price	1395132649325	1395132649326	1395132649357	1395132649357	OK	 
ACTION	Pricing	1	price	1395132649358	1395132649358	1395132649393	1395132649393	OK	 
ACTION	Pricing	1	price	1395132649394	1395132649395	1395132649427	1395132649427	OK	 
ACTION	Pricing	1	price	1395132649428	1395132649428	1395132649461	1395132649461	OK	 
ACTION	Pricing	1	price	1395132649462	1395132649462	1395132649497	1395132649498	OK	 
ACTION	Pricing	1	price	1395132649499	1395132649499	1395132649533	1395132649533	OK	 
ACTION	Pricing	1	price	1395132649534	1395132649535	1395132649568	1395132649568	OK	 
ACTION	Pricing	1	price	1395132649569	1395132649570	1395132649606	1395132649606	OK	 
ACTION	Pricing	1	price	1395132649607	1395132649607	1395132649639	1395132649639	OK	 
ACTION	Pricing	1	price	1395132649640	1395132649641	1395132649675	1395132649676	OK	 
ACTION	Pricing	1	price	1395132649677	1395132649677	1395132649709	1395132649709	OK	 
ACTION	Pricing	1	price	1395132649710	1395132649710	1395132649743	1395132649743	OK	 
ACTION	Pricing	1	price	1395132649744	1395132649744	1395132649777	1395132649777	OK	 
ACTION	Pricing	1	price	1395132649778	1395132649778	1395132649812	1395132649812	OK	 
ACTION	Pricing	1	price	1395132649813	1395132649814	1395132649845	1395132649845	OK	 
ACTION	Pricing	1	price	1395132649846	1395132649847	1395132649882	1395132649882	OK	 
ACTION	Pricing	1	price	1395132649883	1395132649883	1395132649917	1395132649917	OK	 
ACTION	Pricing	1	price	1395132649918	1395132649919	1395132649949	1395132649949	OK	 
ACTION	Pricing	1	price	1395132649950	1395132649951	1395132649983	1395132649983	OK	 
ACTION	Pricing	1	price	1395132649984	1395132649984	1395132650016	1395132650017	OK	 
ACTION	Pricing	1	price	1395132650018	1395132650020	1395132650063	1395132650063	OK	 
ACTION	Pricing	1	price	1395132650064	1395132650064	1395132650096	1395132650096	OK	 
ACTION	Pricing	1	price	1395132650097	1395132650097	1395132650129	1395132650129	OK	 
ACTION	Pricing	1	price	1395132650130	1395132650131	1395132650163	1395132650164	OK	 
ACTION	Pricing	1	price	1395132650164	1395132650165	1395132650196	1395132650196	OK	 
ACTION	Pricing	1	price	1395132650197	1395132650198	1395132650229	1395132650229	OK	 
ACTION	Pricing	1	price	1395132650230	1395132650230	1395132650260	1395132650260	OK	 
ACTION	Pricing	1	price	1395132650262	1395132650262	1395132650294	1395132650294	OK	 
ACTION	Pricing	1	price	1395132650295	1395132650295	1395132650328	1395132650328	OK	 
ACTION	Pricing	1	price	1395132650329	1395132650330	1395132650362	1395132650362	OK	 
ACTION	Pricing	1	price	1395132650363	1395132650363	1395132650394	1395132650394	OK	 
ACTION	Pricing	1	price	1395132650395	1395132650396	1395132650428	1395132650428	OK	 
ACTION	Pricing	1	price	1395132650429	1395132650430	1395132650465	1395132650465	OK	 
ACTION	Pricing	1	price	1395132650467	1395132650467	1395132650498	1395132650498	OK	 
ACTION	Pricing	1	price	1395132650499	1395132650499	1395132650535	1395132650535	OK	 
ACTION	Pricing	1	price	1395132650536	1395132650536	1395132650569	1395132650569	OK	 
ACTION	Pricing	1	price	1395132650570	1395132650570	1395132650605	1395132650605	OK	 
ACTION	Pricing	1	price	1395132650606	1395132650606	1395132650639	1395132650639	OK	 
ACTION	Pricing	1	price	1395132650641	1395132650641	1395132650675	1395132650676	OK	 
ACTION	Pricing	1	price	1395132650677	1395132650677	1395132650708	1395132650708	OK	 
ACTION	Pricing	1	price	1395132650709	1395132650710	1395132650746	1395132650746	OK	 
ACTION	Pricing	1	price	1395132650747	1395132650748	1395132650781	1395132650781	OK	 
ACTION	Pricing	1	price	1395132650782	1395132650783	1395132650817	1395132650817	OK	 
ACTION	Pricing	1	price	1395132650818	1395132650818	1395132650854	1395132650854	OK	 
ACTION	Pricing	1	price	1395132650855	1395132650855	1395132650888	1395132650888	OK	 
ACTION	Pricing	1	price	1395132650889	1395132650889	1395132650920	1395132650920	OK	 
SCENARIO	Pricing	1	END	1395132650921
