RUN	20140318130948	pricingsimulation	pricingsimulation
SCENARIO	Pricing	56	START	1395148191800
SCENARIO	Pricing	83	START	1395148191803
SCENARIO	Pricing	93	START	1395148191803
SCENARIO	Pricing	92	START	1395148191803
SCENARIO	Pricing	1	START	1395148191803
SCENARIO	Pricing	4	START	1395148191803
SCENARIO	Pricing	9	START	1395148191803
SCENARIO	Pricing	40	START	1395148191803
SCENARIO	Pricing	3	START	1395148191803
SCENARIO	Pricing	95	START	1395148191803
SCENARIO	Pricing	41	START	1395148191803
SCENARIO	Pricing	7	START	1395148191803
SCENARIO	Pricing	27	START	1395148191803
SCENARIO	Pricing	23	START	1395148191803
SCENARIO	Pricing	53	START	1395148191803
SCENARIO	Pricing	13	START	1395148191803
SCENARIO	Pricing	97	START	1395148191803
SCENARIO	Pricing	60	START	1395148191803
SCENARIO	Pricing	85	START	1395148191803
SCENARIO	Pricing	34	START	1395148191804
SCENARIO	Pricing	5	START	1395148191804
SCENARIO	Pricing	17	START	1395148191804
SCENARIO	Pricing	96	START	1395148191804
SCENARIO	Pricing	57	START	1395148191804
SCENARIO	Pricing	21	START	1395148191804
SCENARIO	Pricing	32	START	1395148191804
SCENARIO	Pricing	61	START	1395148191804
SCENARIO	Pricing	79	START	1395148191804
SCENARIO	Pricing	30	START	1395148191804
SCENARIO	Pricing	45	START	1395148191804
SCENARIO	Pricing	15	START	1395148191804
SCENARIO	Pricing	71	START	1395148191804
SCENARIO	Pricing	69	START	1395148191804
SCENARIO	Pricing	76	START	1395148191804
SCENARIO	Pricing	18	START	1395148191804
SCENARIO	Pricing	54	START	1395148191804
SCENARIO	Pricing	29	START	1395148191804
SCENARIO	Pricing	43	START	1395148191804
SCENARIO	Pricing	12	START	1395148191804
SCENARIO	Pricing	62	START	1395148191804
SCENARIO	Pricing	84	START	1395148191804
SCENARIO	Pricing	63	START	1395148191804
SCENARIO	Pricing	77	START	1395148191804
SCENARIO	Pricing	24	START	1395148191804
SCENARIO	Pricing	6	START	1395148191804
SCENARIO	Pricing	38	START	1395148191804
SCENARIO	Pricing	25	START	1395148191805
SCENARIO	Pricing	98	START	1395148191805
SCENARIO	Pricing	67	START	1395148191805
SCENARIO	Pricing	82	START	1395148191805
SCENARIO	Pricing	36	START	1395148191805
SCENARIO	Pricing	37	START	1395148191805
SCENARIO	Pricing	22	START	1395148191805
SCENARIO	Pricing	19	START	1395148191805
SCENARIO	Pricing	10	START	1395148191805
SCENARIO	Pricing	55	START	1395148191805
SCENARIO	Pricing	46	START	1395148191805
SCENARIO	Pricing	31	START	1395148191805
SCENARIO	Pricing	50	START	1395148191805
SCENARIO	Pricing	80	START	1395148191805
SCENARIO	Pricing	88	START	1395148191805
SCENARIO	Pricing	33	START	1395148191805
SCENARIO	Pricing	89	START	1395148191805
SCENARIO	Pricing	20	START	1395148191805
SCENARIO	Pricing	51	START	1395148191805
SCENARIO	Pricing	87	START	1395148191805
SCENARIO	Pricing	39	START	1395148191805
SCENARIO	Pricing	86	START	1395148191805
SCENARIO	Pricing	49	START	1395148191805
SCENARIO	Pricing	11	START	1395148191805
SCENARIO	Pricing	64	START	1395148191805
SCENARIO	Pricing	44	START	1395148191805
SCENARIO	Pricing	8	START	1395148191805
SCENARIO	Pricing	59	START	1395148191805
SCENARIO	Pricing	66	START	1395148191806
SCENARIO	Pricing	78	START	1395148191806
SCENARIO	Pricing	94	START	1395148191806
SCENARIO	Pricing	47	START	1395148191806
SCENARIO	Pricing	81	START	1395148191806
SCENARIO	Pricing	74	START	1395148191806
SCENARIO	Pricing	99	START	1395148191806
SCENARIO	Pricing	91	START	1395148191806
SCENARIO	Pricing	70	START	1395148191806
SCENARIO	Pricing	72	START	1395148191806
SCENARIO	Pricing	48	START	1395148191806
SCENARIO	Pricing	14	START	1395148191806
SCENARIO	Pricing	75	START	1395148191806
SCENARIO	Pricing	28	START	1395148191806
SCENARIO	Pricing	68	START	1395148191806
SCENARIO	Pricing	65	START	1395148191806
SCENARIO	Pricing	16	START	1395148191806
SCENARIO	Pricing	52	START	1395148191806
SCENARIO	Pricing	73	START	1395148191806
SCENARIO	Pricing	26	START	1395148191806
SCENARIO	Pricing	2	START	1395148191806
SCENARIO	Pricing	90	START	1395148191806
SCENARIO	Pricing	100	START	1395148191806
SCENARIO	Pricing	35	START	1395148191806
SCENARIO	Pricing	58	START	1395148191806
SCENARIO	Pricing	42	START	1395148191807
ACTION	Pricing	47	price	1395148192111	1395148192113	1395148197024	1395148197024	OK	 
ACTION	Pricing	43	price	1395148192022	1395148192026	1395148197016	1395148197018	OK	 
ACTION	Pricing	71	price	1395148191992	1395148191995	1395148197024	1395148197026	OK	 
ACTION	Pricing	24	price	1395148192036	1395148192040	1395148197032	1395148197033	OK	 
ACTION	Pricing	23	price	1395148191921	1395148191943	1395148197025	1395148197026	OK	 
ACTION	Pricing	96	price	1395148191947	1395148191969	1395148197032	1395148197033	OK	 
ACTION	Pricing	7	price	1395148191899	1395148191925	1395148197034	1395148197034	OK	 
ACTION	Pricing	38	price	1395148192045	1395148192045	1395148197027	1395148197027	OK	 
ACTION	Pricing	13	price	1395148191924	1395148191941	1395148197035	1395148197035	OK	 
ACTION	Pricing	37	price	1395148192053	1395148192057	1395148197036	1395148197036	OK	 
ACTION	Pricing	45	price	1395148191985	1395148191988	1395148197028	1395148197028	OK	 
ACTION	Pricing	72	price	1395148192123	1395148192126	1395148197017	1395148197019	OK	 
ACTION	Pricing	58	price	1395148192150	1395148192152	1395148197033	1395148197034	OK	 
ACTION	Pricing	51	price	1395148192082	1395148192087	1395148197014	1395148197041	OK	 
ACTION	Pricing	42	price	1395148192153	1395148192157	1395148197037	1395148197037	OK	 
ACTION	Pricing	92	price	1395148191865	1395148191916	1395148197038	1395148197038	OK	 
ACTION	Pricing	73	price	1395148192141	1395148192142	1395148197045	1395148197046	OK	 
ACTION	Pricing	8	price	1395148192103	1395148192105	1395148197047	1395148197047	OK	 
ACTION	Pricing	77	price	1395148192035	1395148192037	1395148197035	1395148197035	OK	 
ACTION	Pricing	54	price	1395148192005	1395148192013	1395148197039	1395148197039	OK	 
ACTION	Pricing	86	price	1395148192087	1395148192090	1395148197066	1395148197067	OK	 
ACTION	Pricing	10	price	1395148192056	1395148192063	1395148197036	1395148197036	OK	 
ACTION	Pricing	88	price	1395148192077	1395148192078	1395148197009	1395148197047	OK	 
ACTION	Pricing	19	price	1395148192054	1395148192059	1395148197031	1395148197031	OK	 
ACTION	Pricing	67	price	1395148192051	1395148192052	1395148197055	1395148197056	OK	 
ACTION	Pricing	26	price	1395148192142	1395148192144	1395148197049	1395148197049	OK	 
ACTION	Pricing	85	price	1395148191925	1395148191965	1395148197049	1395148197049	OK	 
ACTION	Pricing	41	price	1395148191898	1395148191919	1395148197049	1395148197050	OK	 
ACTION	Pricing	82	price	1395148192051	1395148192055	1395148197050	1395148197051	OK	 
ACTION	Pricing	39	price	1395148192084	1395148192086	1395148197050	1395148197050	OK	 
ACTION	Pricing	25	price	1395148192046	1395148192047	1395148197051	1395148197051	OK	 
ACTION	Pricing	83	price	1395148191862	1395148191901	1395148197051	1395148197051	OK	 
ACTION	Pricing	60	price	1395148191924	1395148191966	1395148197019	1395148197021	OK	 
ACTION	Pricing	81	price	1395148192114	1395148192115	1395148197051	1395148197051	OK	 
ACTION	Pricing	55	price	1395148192058	1395148192061	1395148197020	1395148197023	OK	 
ACTION	Pricing	66	price	1395148192106	1395148192109	1395148197052	1395148197052	OK	 
ACTION	Pricing	31	price	1395148192059	1395148192061	1395148197050	1395148197050	OK	 
ACTION	Pricing	90	price	1395148192148	1395148192153	1395148197008	1395148197026	OK	 
ACTION	Pricing	100	price	1395148192149	1395148192152	1395148197089	1395148197089	OK	 
ACTION	Pricing	46	price	1395148192058	1395148192062	1395148197090	1395148197090	OK	 
ACTION	Pricing	12	price	1395148192024	1395148192028	1395148197052	1395148197052	OK	 
ACTION	Pricing	59	price	1395148192104	1395148192106	1395148197069	1395148197069	OK	 
ACTION	Pricing	53	price	1395148191921	1395148191945	1395148197053	1395148197053	OK	 
ACTION	Pricing	64	price	1395148192099	1395148192101	1395148197053	1395148197054	OK	 
ACTION	Pricing	30	price	1395148191976	1395148191978	1395148197091	1395148197091	OK	 
ACTION	Pricing	11	price	1395148192094	1395148192100	1395148197070	1395148197070	OK	 
ACTION	Pricing	9	price	1395148191873	1395148191901	1395148197009	1395148197054	OK	 
ACTION	Pricing	18	price	1395148192002	1395148192005	1395148197054	1395148197054	OK	 
ACTION	Pricing	16	price	1395148192137	1395148192139	1395148197055	1395148197055	OK	 
ACTION	Pricing	62	price	1395148192026	1395148192033	1395148197094	1395148197094	OK	 
ACTION	Pricing	17	price	1395148191942	1395148191966	1395148197070	1395148197071	OK	 
ACTION	Pricing	50	price	1395148192064	1395148192065	1395148197072	1395148197073	OK	 
ACTION	Pricing	36	price	1395148192053	1395148192055	1395148197073	1395148197074	OK	 
ACTION	Pricing	61	price	1395148191962	1395148191973	1395148197075	1395148197075	OK	 
ACTION	Pricing	89	price	1395148192082	1395148192086	1395148197075	1395148197076	OK	 
ACTION	Pricing	80	price	1395148192066	1395148192068	1395148197106	1395148197106	OK	 
ACTION	Pricing	74	price	1395148192115	1395148192122	1395148197107	1395148197107	OK	 
ACTION	Pricing	79	price	1395148191971	1395148191975	1395148197108	1395148197108	OK	 
ACTION	Pricing	44	price	1395148192102	1395148192104	1395148197109	1395148197109	OK	 
ACTION	Pricing	27	price	1395148191914	1395148191941	1395148197117	1395148197117	OK	 
ACTION	Pricing	34	price	1395148191926	1395148191946	1395148197110	1395148197110	OK	 
ACTION	Pricing	99	price	1395148192120	1395148192122	1395148197118	1395148197118	OK	 
ACTION	Pricing	5	price	1395148191927	1395148191964	1395148197119	1395148197119	OK	 
ACTION	Pricing	70	price	1395148192122	1395148192125	1395148197104	1395148197121	OK	 
ACTION	Pricing	52	price	1395148192139	1395148192145	1395148197122	1395148197122	OK	 
ACTION	Pricing	20	price	1395148192082	1395148192087	1395148197123	1395148197123	OK	 
ACTION	Pricing	28	price	1395148192131	1395148192133	1395148197123	1395148197123	OK	 
ACTION	Pricing	40	price	1395148191874	1395148191901	1395148197124	1395148197124	OK	 
ACTION	Pricing	57	price	1395148191958	1395148191967	1395148197125	1395148197125	OK	 
ACTION	Pricing	15	price	1395148191989	1395148191991	1395148197127	1395148197127	OK	 
ACTION	Pricing	75	price	1395148192129	1395148192131	1395148197127	1395148197127	OK	 
ACTION	Pricing	2	price	1395148192144	1395148192146	1395148197129	1395148197129	OK	 
ACTION	Pricing	63	price	1395148192032	1395148192034	1395148197130	1395148197130	OK	 
ACTION	Pricing	32	price	1395148191961	1395148191969	1395148197028	1395148197131	OK	 
ACTION	Pricing	33	price	1395148192095	1395148192095	1395148197131	1395148197133	OK	 
ACTION	Pricing	76	price	1395148191999	1395148192002	1395148197133	1395148197133	OK	 
ACTION	Pricing	95	price	1395148191892	1395148191935	1395148197134	1395148197134	OK	 
ACTION	Pricing	35	price	1395148192149	1395148192151	1395148197134	1395148197135	OK	 
ACTION	Pricing	14	price	1395148192128	1395148192129	1395148197135	1395148197135	OK	 
ACTION	Pricing	65	price	1395148192133	1395148192135	1395148197009	1395148197135	OK	 
ACTION	Pricing	93	price	1395148191865	1395148191916	1395148197128	1395148197128	OK	 
ACTION	Pricing	49	price	1395148192090	1395148192093	1395148197119	1395148197137	OK	 
ACTION	Pricing	29	price	1395148192008	1395148192013	1395148197138	1395148197139	OK	 
ACTION	Pricing	48	price	1395148192125	1395148192127	1395148197140	1395148197141	OK	 
ACTION	Pricing	22	price	1395148192054	1395148192060	1395148197142	1395148197143	OK	 
ACTION	Pricing	91	price	1395148192122	1395148192123	1395148197136	1395148197148	OK	 
ACTION	Pricing	87	price	1395148192084	1395148192086	1395148197148	1395148197149	OK	 
ACTION	Pricing	78	price	1395148192107	1395148192109	1395148197148	1395148197148	OK	 
ACTION	Pricing	98	price	1395148192060	1395148192060	1395148197149	1395148197149	OK	 
ACTION	Pricing	4	price	1395148191869	1395148191917	1395148197029	1395148197149	OK	 
ACTION	Pricing	56	price	1395148191855	1395148191902	1395148197143	1395148197152	OK	 
ACTION	Pricing	94	price	1395148192109	1395148192111	1395148197154	1395148197154	OK	 
ACTION	Pricing	84	price	1395148192028	1395148192031	1395148197154	1395148197155	OK	 
ACTION	Pricing	1	price	1395148191867	1395148191916	1395148197155	1395148197156	OK	 
ACTION	Pricing	3	price	1395148191875	1395148191919	1395148197156	1395148197156	OK	 
ACTION	Pricing	21	price	1395148191959	1395148191969	1395148197157	1395148197157	OK	 
ACTION	Pricing	69	price	1395148191995	1395148191998	1395148197157	1395148197157	OK	 
ACTION	Pricing	97	price	1395148191924	1395148191945	1395148197158	1395148197158	OK	 
ACTION	Pricing	6	price	1395148192041	1395148192045	1395148197158	1395148197159	OK	 
ACTION	Pricing	68	price	1395148192133	1395148192134	1395148197159	1395148197159	OK	 
ACTION	Pricing	36	price	1395148197262	1395148197262	1395148197974	1395148197975	OK	 
ACTION	Pricing	32	price	1395148197288	1395148197289	1395148198413	1395148198414	OK	 
ACTION	Pricing	25	price	1395148197232	1395148197233	1395148198623	1395148198624	OK	 
ACTION	Pricing	64	price	1395148197251	1395148197252	1395148198747	1395148198748	OK	 
ACTION	Pricing	97	price	1395148197312	1395148197312	1395148199110	1395148199111	OK	 
ACTION	Pricing	57	price	1395148197283	1395148197284	1395148199670	1395148199673	OK	 
ACTION	Pricing	98	price	1395148197303	1395148197303	1395148199722	1395148199725	OK	 
ACTION	Pricing	53	price	1395148197243	1395148197244	1395148199839	1395148199840	OK	 
ACTION	Pricing	95	price	1395148197292	1395148197292	1395148200208	1395148200210	OK	 
ACTION	Pricing	67	price	1395148197225	1395148197225	1395148200279	1395148200280	OK	 
ACTION	Pricing	42	price	1395148197210	1395148197211	1395148200342	1395148200342	OK	 
ACTION	Pricing	78	price	1395148197302	1395148197302	1395148200360	1395148200360	OK	 
ACTION	Pricing	30	price	1395148197253	1395148197253	1395148200426	1395148200427	OK	 
ACTION	Pricing	77	price	1395148197216	1395148197217	1395148200443	1395148200443	OK	 
ACTION	Pricing	65	price	1395148197295	1395148197295	1395148200449	1395148200450	OK	 
ACTION	Pricing	69	price	1395148197310	1395148197311	1395148200471	1395148200472	OK	 
ACTION	Pricing	21	price	1395148197309	1395148197310	1395148200487	1395148200488	OK	 
ACTION	Pricing	79	price	1395148197273	1395148197273	1395148200523	1395148200524	OK	 
ACTION	Pricing	72	price	1395148197204	1395148197206	1395148200695	1395148200695	OK	 
ACTION	Pricing	2	price	1395148197287	1395148197287	1395148200697	1395148200698	OK	 
ACTION	Pricing	23	price	1395148197188	1395148197189	1395148200703	1395148200704	OK	 
ACTION	Pricing	58	price	1395148197207	1395148197208	1395148200722	1395148200722	OK	 
ACTION	Pricing	82	price	1395148197230	1395148197230	1395148200730	1395148200731	OK	 
ACTION	Pricing	60	price	1395148197234	1395148197235	1395148200732	1395148200733	OK	 
ACTION	Pricing	26	price	1395148197226	1395148197227	1395148200735	1395148200737	OK	 
ACTION	Pricing	17	price	1395148197258	1395148197259	1395148200738	1395148200739	OK	 
ACTION	Pricing	44	price	1395148197274	1395148197274	1395148200746	1395148200747	OK	 
ACTION	Pricing	33	price	1395148197289	1395148197290	1395148200775	1395148200775	OK	 
ACTION	Pricing	50	price	1395148197260	1395148197261	1395148200847	1395148200847	OK	 
ACTION	Pricing	54	price	1395148197218	1395148197219	1395148200847	1395148200847	OK	 
ACTION	Pricing	100	price	1395148197240	1395148197240	1395148200928	1395148200928	OK	 
ACTION	Pricing	14	price	1395148197294	1395148197295	1395148200942	1395148200942	OK	 
ACTION	Pricing	35	price	1395148197293	1395148197294	1395148200952	1395148200952	OK	 
ACTION	Pricing	63	price	1395148197288	1395148197288	1395148201022	1395148201023	OK	 
ACTION	Pricing	22	price	1395148197299	1395148197300	1395148201027	1395148201028	OK	 
ACTION	Pricing	9	price	1395148197254	1395148197260	1395148201028	1395148201028	OK	 
ACTION	Pricing	48	price	1395148197298	1395148197299	1395148201031	1395148201031	OK	 
ACTION	Pricing	11	price	1395148197253	1395148197254	1395148201033	1395148201033	OK	 
ACTION	Pricing	84	price	1395148197307	1395148197307	1395148201035	1395148201035	OK	 
ACTION	Pricing	6	price	1395148197313	1395148197313	1395148201050	1395148201050	OK	 
ACTION	Pricing	20	price	1395148197281	1395148197281	1395148201074	1395148201074	OK	 
ACTION	Pricing	66	price	1395148197237	1395148197237	1395148201082	1395148201083	OK	 
ACTION	Pricing	27	price	1395148197275	1395148197275	1395148201088	1395148201088	OK	 
ACTION	Pricing	4	price	1395148197304	1395148197304	1395148201115	1395148201115	OK	 
ACTION	Pricing	59	price	1395148197242	1395148197243	1395148201121	1395148201121	OK	 
ACTION	Pricing	13	price	1395148197198	1395148197199	1395148200852	1395148201185	OK	 
ACTION	Pricing	1	price	1395148197307	1395148197308	1395148201196	1395148201196	OK	 
ACTION	Pricing	55	price	1395148197236	1395148197236	1395148201249	1395148201250	OK	 
ACTION	Pricing	39	price	1395148197231	1395148197232	1395148201257	1395148201258	OK	 
ACTION	Pricing	3	price	1395148197308	1395148197309	1395148201273	1395148201274	OK	 
ACTION	Pricing	68	price	1395148197314	1395148197314	1395148201274	1395148201277	OK	 
ACTION	Pricing	8	price	1395148197215	1395148197216	1395148201277	1395148201277	OK	 
ACTION	Pricing	83	price	1395148197233	1395148197233	1395148201281	1395148201282	OK	 
ACTION	Pricing	51	price	1395148197208	1395148197210	1395148201287	1395148201287	OK	 
ACTION	Pricing	31	price	1395148197238	1395148197238	1395148201289	1395148201289	OK	 
ACTION	Pricing	91	price	1395148197300	1395148197301	1395148201298	1395148201299	OK	 
ACTION	Pricing	90	price	1395148197239	1395148197239	1395148201132	1395148201352	OK	 
ACTION	Pricing	47	price	1395148197186	1395148197186	1395148201362	1395148201363	OK	 
ACTION	Pricing	62	price	1395148197257	1395148197258	1395148201395	1395148201395	OK	 
ACTION	Pricing	12	price	1395148197241	1395148197242	1395148201413	1395148201413	OK	 
ACTION	Pricing	10	price	1395148197221	1395148197222	1395148201427	1395148201427	OK	 
ACTION	Pricing	34	price	1395148197277	1395148197277	1395148201433	1395148201434	OK	 
ACTION	Pricing	28	price	1395148197282	1395148197282	1395148201449	1395148201449	OK	 
ACTION	Pricing	37	price	1395148197200	1395148197201	1395148201462	1395148201463	OK	 
ACTION	Pricing	89	price	1395148197263	1395148197263	1395148201465	1395148201465	OK	 
ACTION	Pricing	43	price	1395148197182	1395148197183	1395148201471	1395148201472	OK	 
ACTION	Pricing	99	price	1395148197277	1395148197278	1395148201508	1395148201509	OK	 
ACTION	Pricing	40	price	1395148197283	1395148197283	1395148201518	1395148201518	OK	 
ACTION	Pricing	92	price	1395148197212	1395148197213	1395148201530	1395148201530	OK	 
ACTION	Pricing	15	price	1395148197286	1395148197286	1395148201532	1395148201533	OK	 
ACTION	Pricing	75	price	1395148197285	1395148197286	1395148201548	1395148201549	OK	 
ACTION	Pricing	87	price	1395148197301	1395148197302	1395148201549	1395148201549	OK	 
ACTION	Pricing	56	price	1395148197305	1395148197305	1395148201554	1395148201555	OK	 
ACTION	Pricing	94	price	1395148197306	1395148197306	1395148201560	1395148201560	OK	 
ACTION	Pricing	45	price	1395148197202	1395148197203	1395148201582	1395148201582	OK	 
ACTION	Pricing	61	price	1395148197262	1395148197263	1395148201585	1395148201585	OK	 
ACTION	Pricing	46	price	1395148197241	1395148197241	1395148201588	1395148201588	OK	 
ACTION	Pricing	71	price	1395148197273	1395148197273	1395148201589	1395148201589	OK	 
ACTION	Pricing	38	price	1395148197196	1395148197197	1395148201594	1395148201594	OK	 
ACTION	Pricing	7	price	1395148197192	1395148197194	1395148201546	1395148201616	OK	 
ACTION	Pricing	29	price	1395148197298	1395148197298	1395148201650	1395148201650	OK	 
ACTION	Pricing	52	price	1395148197280	1395148197281	1395148201656	1395148201657	OK	 
ACTION	Pricing	49	price	1395148197297	1395148197297	1395148201669	1395148201669	OK	 
ACTION	Pricing	70	price	1395148197279	1395148197280	1395148201678	1395148201679	OK	 
ACTION	Pricing	18	price	1395148197256	1395148197261	1395148201700	1395148201700	OK	 
ACTION	Pricing	24	price	1395148197263	1395148197264	1395148201750	1395148201750	OK	 
ACTION	Pricing	85	price	1395148197227	1395148197228	1395148201759	1395148201759	OK	 
ACTION	Pricing	88	price	1395148197223	1395148197223	1395148201648	1395148201760	OK	 
ACTION	Pricing	81	price	1395148197235	1395148197235	1395148201763	1395148201764	OK	 
ACTION	Pricing	19	price	1395148197224	1395148197224	1395148201770	1395148201771	OK	 
ACTION	Pricing	93	price	1395148197296	1395148197297	1395148201691	1395148201804	OK	 
ACTION	Pricing	76	price	1395148197290	1395148197291	1395148201699	1395148201808	OK	 
ACTION	Pricing	36	price	1395148197977	1395148197978	1395148201821	1395148201821	OK	 
ACTION	Pricing	86	price	1395148197220	1395148197221	1395148201838	1395148201838	OK	 
ACTION	Pricing	74	price	1395148197266	1395148197267	1395148201849	1395148201849	OK	 
ACTION	Pricing	16	price	1395148197256	1395148197261	1395148201871	1395148201871	OK	 
ACTION	Pricing	80	price	1395148197265	1395148197265	1395148201918	1395148201919	OK	 
ACTION	Pricing	73	price	1395148197213	1395148197214	1395148201954	1395148201955	OK	 
ACTION	Pricing	41	price	1395148197229	1395148197229	1395148201977	1395148201977	OK	 
ACTION	Pricing	96	price	1395148197190	1395148197192	1395148202050	1395148202050	OK	 
ACTION	Pricing	5	price	1395148197278	1395148197279	1395148202112	1395148202112	OK	 
ACTION	Pricing	32	price	1395148198415	1395148198416	1395148202435	1395148202435	OK	 
ACTION	Pricing	64	price	1395148198750	1395148198751	1395148203012	1395148203013	OK	 
ACTION	Pricing	95	price	1395148200212	1395148200213	1395148203028	1395148203029	OK	 
ACTION	Pricing	25	price	1395148198626	1395148198626	1395148203054	1395148203054	OK	 
ACTION	Pricing	97	price	1395148199113	1395148199114	1395148203236	1395148203237	OK	 
ACTION	Pricing	57	price	1395148199674	1395148199675	1395148203772	1395148203772	OK	 
ACTION	Pricing	53	price	1395148199842	1395148199843	1395148203981	1395148203982	OK	 
ACTION	Pricing	98	price	1395148199727	1395148199727	1395148204084	1395148204084	OK	 
ACTION	Pricing	30	price	1395148200429	1395148200430	1395148204161	1395148204161	OK	 
ACTION	Pricing	21	price	1395148200490	1395148200490	1395148204177	1395148204178	OK	 
ACTION	Pricing	77	price	1395148200445	1395148200446	1395148204242	1395148204243	OK	 
ACTION	Pricing	65	price	1395148200452	1395148200453	1395148204308	1395148204309	OK	 
ACTION	Pricing	42	price	1395148200344	1395148200345	1395148204320	1395148204321	OK	 
ACTION	Pricing	78	price	1395148200363	1395148200364	1395148204329	1395148204329	OK	 
ACTION	Pricing	79	price	1395148200526	1395148200526	1395148204366	1395148204366	OK	 
ACTION	Pricing	11	price	1395148201039	1395148201040	1395148204374	1395148204374	OK	 
ACTION	Pricing	82	price	1395148200738	1395148200740	1395148204386	1395148204386	OK	 
ACTION	Pricing	33	price	1395148200778	1395148200779	1395148204414	1395148204415	OK	 
ACTION	Pricing	39	price	1395148201260	1395148201260	1395148204459	1395148204460	OK	 
ACTION	Pricing	58	price	1395148200724	1395148200724	1395148204465	1395148204465	OK	 
ACTION	Pricing	17	price	1395148200743	1395148200744	1395148204483	1395148204483	OK	 
ACTION	Pricing	27	price	1395148201090	1395148201091	1395148204495	1395148204495	OK	 
ACTION	Pricing	69	price	1395148200474	1395148200474	1395148204514	1395148204514	OK	 
ACTION	Pricing	2	price	1395148200701	1395148200701	1395148204556	1395148204556	OK	 
ACTION	Pricing	60	price	1395148200739	1395148200741	1395148204605	1395148204605	OK	 
ACTION	Pricing	67	price	1395148200282	1395148200283	1395148204620	1395148204620	OK	 
ACTION	Pricing	91	price	1395148201301	1395148201301	1395148204629	1395148204630	OK	 
ACTION	Pricing	35	price	1395148200954	1395148200955	1395148204632	1395148204632	OK	 
ACTION	Pricing	23	price	1395148200706	1395148200706	1395148204664	1395148204665	OK	 
ACTION	Pricing	50	price	1395148200849	1395148200850	1395148204666	1395148204667	OK	 
ACTION	Pricing	1	price	1395148201198	1395148201199	1395148204675	1395148204675	OK	 
ACTION	Pricing	66	price	1395148201084	1395148201085	1395148204681	1395148204682	OK	 
ACTION	Pricing	44	price	1395148200749	1395148200749	1395148204710	1395148204710	OK	 
ACTION	Pricing	28	price	1395148201451	1395148201452	1395148204720	1395148204720	OK	 
ACTION	Pricing	14	price	1395148200944	1395148200945	1395148204725	1395148204725	OK	 
ACTION	Pricing	54	price	1395148200850	1395148200851	1395148204733	1395148204733	OK	 
ACTION	Pricing	31	price	1395148201292	1395148201293	1395148204459	1395148204739	OK	 
ACTION	Pricing	84	price	1395148201040	1395148201041	1395148204466	1395148204742	OK	 
ACTION	Pricing	43	price	1395148201476	1395148201476	1395148204779	1395148204780	OK	 
ACTION	Pricing	47	price	1395148201365	1395148201367	1395148204782	1395148204782	OK	 
ACTION	Pricing	4	price	1395148201118	1395148201118	1395148204782	1395148204790	OK	 
ACTION	Pricing	94	price	1395148201562	1395148201563	1395148204796	1395148204796	OK	 
ACTION	Pricing	72	price	1395148200697	1395148200699	1395148204803	1395148204803	OK	 
ACTION	Pricing	7	price	1395148201618	1395148201619	1395148204826	1395148204827	OK	 
ACTION	Pricing	45	price	1395148201585	1395148201587	1395148204831	1395148204832	OK	 
ACTION	Pricing	10	price	1395148201430	1395148201431	1395148204853	1395148204853	OK	 
ACTION	Pricing	20	price	1395148201076	1395148201077	1395148204869	1395148204869	OK	 
ACTION	Pricing	26	price	1395148200741	1395148200742	1395148204884	1395148204885	OK	 
ACTION	Pricing	3	price	1395148201276	1395148201277	1395148204889	1395148204889	OK	 
ACTION	Pricing	13	price	1395148201187	1395148201188	1395148204898	1395148204899	OK	 
ACTION	Pricing	83	price	1395148201283	1395148201284	1395148204917	1395148204917	OK	 
ACTION	Pricing	51	price	1395148201289	1395148201291	1395148204949	1395148204949	OK	 
ACTION	Pricing	99	price	1395148201511	1395148201511	1395148204965	1395148204965	OK	 
ACTION	Pricing	46	price	1395148201592	1395148201593	1395148204968	1395148204969	OK	 
ACTION	Pricing	68	price	1395148201279	1395148201280	1395148204991	1395148204992	OK	 
ACTION	Pricing	9	price	1395148201030	1395148201031	1395148204994	1395148204995	OK	 
ACTION	Pricing	59	price	1395148201123	1395148201124	1395148204997	1395148204998	OK	 
ACTION	Pricing	61	price	1395148201589	1395148201590	1395148205058	1395148205058	OK	 
ACTION	Pricing	89	price	1395148201474	1395148201475	1395148205059	1395148205060	OK	 
ACTION	Pricing	8	price	1395148201280	1395148201282	1395148205074	1395148205290	OK	 
ACTION	Pricing	6	price	1395148201052	1395148201053	1395148205293	1395148205293	OK	 
ACTION	Pricing	92	price	1395148201533	1395148201534	1395148205296	1395148205296	OK	 
ACTION	Pricing	76	price	1395148201809	1395148201810	1395148205304	1395148205304	OK	 
ACTION	Pricing	29	price	1395148201652	1395148201653	1395148205312	1395148205313	OK	 
ACTION	Pricing	12	price	1395148201415	1395148201416	1395148205316	1395148205316	OK	 
ACTION	Pricing	48	price	1395148201037	1395148201038	1395148205320	1395148205320	OK	 
ACTION	Pricing	100	price	1395148200930	1395148200931	1395148205325	1395148205326	OK	 
ACTION	Pricing	87	price	1395148201552	1395148201552	1395148205338	1395148205339	OK	 
ACTION	Pricing	85	price	1395148201762	1395148201762	1395148205342	1395148205342	OK	 
ACTION	Pricing	73	price	1395148201958	1395148201958	1395148205344	1395148205344	OK	 
ACTION	Pricing	15	price	1395148201535	1395148201536	1395148205346	1395148205346	OK	 
ACTION	Pricing	52	price	1395148201659	1395148201659	1395148205359	1395148205359	OK	 
ACTION	Pricing	81	price	1395148201766	1395148201767	1395148205370	1395148205371	OK	 
ACTION	Pricing	49	price	1395148201671	1395148201672	1395148205380	1395148205380	OK	 
ACTION	Pricing	16	price	1395148201873	1395148201874	1395148205379	1395148205382	OK	 
ACTION	Pricing	24	price	1395148201752	1395148201753	1395148205382	1395148205382	OK	 
ACTION	Pricing	86	price	1395148201840	1395148201840	1395148205378	1395148205378	OK	 
ACTION	Pricing	41	price	1395148201979	1395148201980	1395148205406	1395148205406	OK	 
ACTION	Pricing	96	price	1395148202052	1395148202053	1395148205411	1395148205412	OK	 
ACTION	Pricing	19	price	1395148201772	1395148201773	1395148205472	1395148205472	OK	 
ACTION	Pricing	71	price	1395148201595	1395148201597	1395148205470	1395148205471	OK	 
ACTION	Pricing	34	price	1395148201436	1395148201436	1395148205472	1395148205473	OK	 
ACTION	Pricing	88	price	1395148201763	1395148201763	1395148205473	1395148205473	OK	 
ACTION	Pricing	90	price	1395148201354	1395148201355	1395148205474	1395148205474	OK	 
ACTION	Pricing	40	price	1395148201521	1395148201521	1395148205475	1395148205475	OK	 
ACTION	Pricing	38	price	1395148201599	1395148201599	1395148205478	1395148205479	OK	 
ACTION	Pricing	32	price	1395148202438	1395148202439	1395148205479	1395148205480	OK	 
ACTION	Pricing	56	price	1395148201557	1395148201557	1395148205481	1395148205481	OK	 
ACTION	Pricing	22	price	1395148201033	1395148201036	1395148205483	1395148205483	OK	 
ACTION	Pricing	75	price	1395148201550	1395148201551	1395148205486	1395148205486	OK	 
ACTION	Pricing	63	price	1395148201025	1395148201025	1395148205486	1395148205486	OK	 
ACTION	Pricing	18	price	1395148201702	1395148201703	1395148205486	1395148205486	OK	 
ACTION	Pricing	36	price	1395148201823	1395148201823	1395148205486	1395148205486	OK	 
ACTION	Pricing	93	price	1395148201806	1395148201807	1395148205487	1395148205487	OK	 
ACTION	Pricing	70	price	1395148201681	1395148201681	1395148205487	1395148205487	OK	 
ACTION	Pricing	5	price	1395148202114	1395148202115	1395148205471	1395148205471	OK	 
ACTION	Pricing	37	price	1395148201466	1395148201472	1395148205491	1395148205491	OK	 
ACTION	Pricing	80	price	1395148201921	1395148201922	1395148205493	1395148205493	OK	 
ACTION	Pricing	55	price	1395148201252	1395148201252	1395148205495	1395148205496	OK	 
ACTION	Pricing	62	price	1395148201398	1395148201398	1395148205496	1395148205499	OK	 
ACTION	Pricing	74	price	1395148201851	1395148201852	1395148205500	1395148205501	OK	 
ACTION	Pricing	57	price	1395148203774	1395148203775	1395148205744	1395148205744	OK	 
ACTION	Pricing	95	price	1395148203032	1395148203032	1395148206249	1395148206345	OK	 
ACTION	Pricing	25	price	1395148203056	1395148203057	1395148206392	1395148206393	OK	 
ACTION	Pricing	97	price	1395148203238	1395148203239	1395148206511	1395148206511	OK	 
ACTION	Pricing	64	price	1395148203015	1395148203016	1395148206513	1395148206514	OK	 
ACTION	Pricing	44	price	1395148204712	1395148204712	1395148206877	1395148207009	OK	 
ACTION	Pricing	23	price	1395148204667	1395148204668	1395148207126	1395148207127	OK	 
ACTION	Pricing	30	price	1395148204163	1395148204164	1395148207222	1395148207222	OK	 
ACTION	Pricing	53	price	1395148203983	1395148203984	1395148207297	1395148207421	OK	 
ACTION	Pricing	77	price	1395148204245	1395148204246	1395148207458	1395148207458	OK	 
ACTION	Pricing	82	price	1395148204388	1395148204389	1395148207484	1395148207484	OK	 
ACTION	Pricing	98	price	1395148204086	1395148204087	1395148207493	1395148207494	OK	 
ACTION	Pricing	58	price	1395148204468	1395148204469	1395148207534	1395148207535	OK	 
ACTION	Pricing	78	price	1395148204331	1395148204332	1395148207542	1395148207542	OK	 
ACTION	Pricing	65	price	1395148204310	1395148204311	1395148207575	1395148207575	OK	 
ACTION	Pricing	42	price	1395148204322	1395148204323	1395148207644	1395148207644	OK	 
ACTION	Pricing	21	price	1395148204179	1395148204180	1395148207803	1395148207803	OK	 
ACTION	Pricing	67	price	1395148204622	1395148204622	1395148207854	1395148207854	OK	 
ACTION	Pricing	43	price	1395148204782	1395148204783	1395148207877	1395148207878	OK	 
ACTION	Pricing	35	price	1395148204635	1395148204635	1395148207894	1395148207894	OK	 
ACTION	Pricing	1	price	1395148204677	1395148204678	1395148207906	1395148207906	OK	 
ACTION	Pricing	69	price	1395148204516	1395148204516	1395148208013	1395148208013	OK	 
ACTION	Pricing	79	price	1395148204368	1395148204370	1395148208037	1395148208037	OK	 
ACTION	Pricing	17	price	1395148204485	1395148204486	1395148208053	1395148208053	OK	 
ACTION	Pricing	2	price	1395148204559	1395148204559	1395148207989	1395148208080	OK	 
ACTION	Pricing	11	price	1395148204376	1395148204376	1395148208158	1395148208158	OK	 
ACTION	Pricing	60	price	1395148204607	1395148204608	1395148208206	1395148208206	OK	 
ACTION	Pricing	26	price	1395148204886	1395148204887	1395148208236	1395148208237	OK	 
ACTION	Pricing	83	price	1395148204919	1395148204919	1395148208280	1395148208281	OK	 
ACTION	Pricing	86	price	1395148205389	1395148205390	1395148208308	1395148208308	OK	 
ACTION	Pricing	68	price	1395148204994	1395148204995	1395148208321	1395148208321	OK	 
ACTION	Pricing	8	price	1395148205292	1395148205293	1395148208329	1395148208329	OK	 
ACTION	Pricing	94	price	1395148204798	1395148204798	1395148208338	1395148208339	OK	 
ACTION	Pricing	4	price	1395148204792	1395148204792	1395148208341	1395148208341	OK	 
ACTION	Pricing	84	price	1395148204743	1395148204744	1395148208411	1395148208411	OK	 
ACTION	Pricing	66	price	1395148204683	1395148204684	1395148208410	1395148208410	OK	 
ACTION	Pricing	52	price	1395148205360	1395148205361	1395148208422	1395148208423	OK	 
ACTION	Pricing	13	price	1395148204900	1395148204901	1395148208423	1395148208424	OK	 
ACTION	Pricing	54	price	1395148204734	1395148204735	1395148208480	1395148208480	OK	 
ACTION	Pricing	50	price	1395148204669	1395148204670	1395148208520	1395148208520	OK	 
ACTION	Pricing	51	price	1395148204952	1395148204952	1395148208550	1395148208550	OK	 
ACTION	Pricing	5	price	1395148205505	1395148205506	1395148208566	1395148208566	OK	 
ACTION	Pricing	92	price	1395148205298	1395148205299	1395148208602	1395148208602	OK	 
ACTION	Pricing	93	price	1395148205502	1395148205503	1395148208629	1395148208630	OK	 
ACTION	Pricing	46	price	1395148204970	1395148204971	1395148208656	1395148208656	OK	 
ACTION	Pricing	34	price	1395148205483	1395148205494	1395148208659	1395148208660	OK	 
ACTION	Pricing	36	price	1395148205501	1395148205502	1395148208671	1395148208671	OK	 
ACTION	Pricing	3	price	1395148204891	1395148204892	1395148208524	1395148208672	OK	 
ACTION	Pricing	28	price	1395148204722	1395148204722	1395148208675	1395148208675	OK	 
ACTION	Pricing	20	price	1395148204870	1395148204871	1395148208689	1395148208689	OK	 
ACTION	Pricing	70	price	1395148205503	1395148205504	1395148208694	1395148208695	OK	 
ACTION	Pricing	72	price	1395148204805	1395148204805	1395148208738	1395148208739	OK	 
ACTION	Pricing	73	price	1395148205347	1395148205348	1395148208752	1395148208752	OK	 
ACTION	Pricing	75	price	1395148205497	1395148205497	1395148208755	1395148208755	OK	 
ACTION	Pricing	59	price	1395148204999	1395148205000	1395148208762	1395148208762	OK	 
ACTION	Pricing	33	price	1395148204417	1395148204418	1395148208769	1395148208769	OK	 
ACTION	Pricing	7	price	1395148204829	1395148204829	1395148208778	1395148208778	OK	 
ACTION	Pricing	47	price	1395148204784	1395148204785	1395148208791	1395148208791	OK	 
ACTION	Pricing	85	price	1395148205344	1395148205345	1395148208731	1395148208804	OK	 
ACTION	Pricing	22	price	1395148205495	1395148205496	1395148208806	1395148208806	OK	 
ACTION	Pricing	62	price	1395148205510	1395148205511	1395148208820	1395148208820	OK	 
ACTION	Pricing	18	price	1395148205499	1395148205500	1395148208829	1395148208829	OK	 
ACTION	Pricing	49	price	1395148205383	1395148205384	1395148208832	1395148208833	OK	 
ACTION	Pricing	45	price	1395148204833	1395148204834	1395148208841	1395148208841	OK	 
ACTION	Pricing	41	price	1395148205407	1395148205408	1395148208842	1395148208843	OK	 
ACTION	Pricing	31	price	1395148204740	1395148204741	1395148208861	1395148208861	OK	 
ACTION	Pricing	99	price	1395148204967	1395148204968	1395148208869	1395148208869	OK	 
ACTION	Pricing	81	price	1395148205373	1395148205373	1395148208890	1395148208890	OK	 
ACTION	Pricing	10	price	1395148204854	1395148204855	1395148208905	1395148208905	OK	 
ACTION	Pricing	90	price	1395148205484	1395148205494	1395148208911	1395148208911	OK	 
ACTION	Pricing	61	price	1395148205061	1395148205062	1395148208921	1395148208921	OK	 
ACTION	Pricing	87	price	1395148205340	1395148205341	1395148208936	1395148208936	OK	 
ACTION	Pricing	6	price	1395148205295	1395148205296	1395148208935	1395148208935	OK	 
ACTION	Pricing	100	price	1395148205328	1395148205328	1395148208940	1395148208941	OK	 
ACTION	Pricing	63	price	1395148205497	1395148205498	1395148208941	1395148208941	OK	 
ACTION	Pricing	89	price	1395148205063	1395148205063	1395148208949	1395148208949	OK	 
ACTION	Pricing	24	price	1395148205386	1395148205387	1395148208951	1395148208951	OK	 
ACTION	Pricing	27	price	1395148204498	1395148204498	1395148208951	1395148208951	OK	 
ACTION	Pricing	9	price	1395148204998	1395148205000	1395148208966	1395148208966	OK	 
ACTION	Pricing	37	price	1395148205507	1395148205507	1395148208996	1395148208996	OK	 
ACTION	Pricing	80	price	1395148205508	1395148205509	1395148209001	1395148209001	OK	 
ACTION	Pricing	91	price	1395148204631	1395148204632	1395148209016	1395148209016	OK	 
ACTION	Pricing	71	price	1395148205481	1395148205493	1395148209037	1395148209037	OK	 
ACTION	Pricing	40	price	1395148205485	1395148205494	1395148209038	1395148209039	OK	 
ACTION	Pricing	15	price	1395148205349	1395148205349	1395148209063	1395148209063	OK	 
ACTION	Pricing	39	price	1395148204461	1395148204462	1395148208904	1395148209068	OK	 
ACTION	Pricing	38	price	1395148205490	1395148205492	1395148209075	1395148209075	OK	 
ACTION	Pricing	14	price	1395148204727	1395148204728	1395148209083	1395148209083	OK	 
ACTION	Pricing	57	price	1395148205746	1395148205746	1395148209088	1395148209088	OK	 
ACTION	Pricing	96	price	1395148205413	1395148205413	1395148209122	1395148209122	OK	 
ACTION	Pricing	29	price	1395148205315	1395148205316	1395148209218	1395148209218	OK	 
ACTION	Pricing	19	price	1395148205480	1395148205482	1395148209239	1395148209239	OK	 
ACTION	Pricing	74	price	1395148205511	1395148205512	1395148209112	1395148209244	OK	 
ACTION	Pricing	56	price	1395148205495	1395148205495	1395148209255	1395148209255	OK	 
ACTION	Pricing	88	price	1395148205484	1395148205485	1395148209266	1395148209266	OK	 
ACTION	Pricing	32	price	1395148205492	1395148205493	1395148209314	1395148209315	OK	 
ACTION	Pricing	16	price	1395148205385	1395148205387	1395148209316	1395148209317	OK	 
ACTION	Pricing	55	price	1395148205509	1395148205510	1395148209354	1395148209354	OK	 
ACTION	Pricing	12	price	1395148205318	1395148205318	1395148209260	1395148209392	OK	 
ACTION	Pricing	76	price	1395148205306	1395148205306	1395148209453	1395148209453	OK	 
ACTION	Pricing	48	price	1395148205321	1395148205322	1395148209464	1395148209464	OK	 
ACTION	Pricing	97	price	1395148206513	1395148206514	1395148209765	1395148209765	OK	 
ACTION	Pricing	64	price	1395148206515	1395148206516	1395148209907	1395148209908	OK	 
ACTION	Pricing	95	price	1395148206347	1395148206347	1395148209933	1395148209933	OK	 
ACTION	Pricing	25	price	1395148206394	1395148206395	1395148210121	1395148210122	OK	 
ACTION	Pricing	23	price	1395148207128	1395148207129	1395148210204	1395148210205	OK	 
ACTION	Pricing	44	price	1395148207011	1395148207012	1395148210779	1395148210779	OK	 
ACTION	Pricing	58	price	1395148207536	1395148207537	1395148210790	1395148210790	OK	 
ACTION	Pricing	77	price	1395148207460	1395148207460	1395148210811	1395148210811	OK	 
ACTION	Pricing	30	price	1395148207223	1395148207224	1395148210832	1395148210833	OK	 
ACTION	Pricing	98	price	1395148207495	1395148207496	1395148210899	1395148210899	OK	 
ACTION	Pricing	43	price	1395148207880	1395148207880	1395148210963	1395148210963	OK	 
ACTION	Pricing	42	price	1395148207646	1395148207646	1395148211061	1395148211062	OK	 
ACTION	Pricing	65	price	1395148207578	1395148207578	1395148211084	1395148211084	OK	 
ACTION	Pricing	67	price	1395148207855	1395148207856	1395148211125	1395148211126	OK	 
ACTION	Pricing	69	price	1395148208015	1395148208016	1395148211239	1395148211239	OK	 
ACTION	Pricing	1	price	1395148207908	1395148207908	1395148211268	1395148211268	OK	 
ACTION	Pricing	78	price	1395148207544	1395148207544	1395148211300	1395148211300	OK	 
ACTION	Pricing	21	price	1395148207805	1395148207806	1395148211385	1395148211385	OK	 
ACTION	Pricing	79	price	1395148208039	1395148208040	1395148211422	1395148211422	OK	 
ACTION	Pricing	17	price	1395148208055	1395148208055	1395148211439	1395148211440	OK	 
ACTION	Pricing	82	price	1395148207486	1395148207486	1395148211455	1395148211456	OK	 
ACTION	Pricing	35	price	1395148207896	1395148207896	1395148211492	1395148211492	OK	 
ACTION	Pricing	2	price	1395148208082	1395148208083	1395148211552	1395148211552	OK	 
ACTION	Pricing	83	price	1395148208282	1395148208283	1395148211674	1395148211674	OK	 
ACTION	Pricing	53	price	1395148207423	1395148207424	1395148211687	1395148211688	OK	 
ACTION	Pricing	86	price	1395148208309	1395148208310	1395148211741	1395148211741	OK	 
ACTION	Pricing	68	price	1395148208323	1395148208323	1395148211760	1395148211760	OK	 
ACTION	Pricing	52	price	1395148208424	1395148208425	1395148211760	1395148211761	OK	 
ACTION	Pricing	94	price	1395148208340	1395148208341	1395148211799	1395148211799	OK	 
ACTION	Pricing	5	price	1395148208568	1395148208568	1395148211821	1395148211821	OK	 
ACTION	Pricing	59	price	1395148208763	1395148208764	1395148211835	1395148211836	OK	 
ACTION	Pricing	22	price	1395148208807	1395148208808	1395148211854	1395148211854	OK	 
ACTION	Pricing	66	price	1395148208413	1395148208413	1395148211861	1395148211861	OK	 
ACTION	Pricing	4	price	1395148208343	1395148208354	1395148211866	1395148211867	OK	 
ACTION	Pricing	75	price	1395148208757	1395148208758	1395148211869	1395148211869	OK	 
ACTION	Pricing	70	price	1395148208696	1395148208697	1395148211878	1395148211879	OK	 
ACTION	Pricing	8	price	1395148208331	1395148208332	1395148211882	1395148211883	OK	 
ACTION	Pricing	72	price	1395148208741	1395148208742	1395148211935	1395148211935	OK	 
ACTION	Pricing	28	price	1395148208676	1395148208677	1395148211943	1395148211943	OK	 
ACTION	Pricing	51	price	1395148208551	1395148208552	1395148211979	1395148211980	OK	 
ACTION	Pricing	26	price	1395148208238	1395148208239	1395148211989	1395148211990	OK	 
ACTION	Pricing	92	price	1395148208603	1395148208604	1395148212015	1395148212015	OK	 
ACTION	Pricing	11	price	1395148208160	1395148208161	1395148212030	1395148212031	OK	 
ACTION	Pricing	54	price	1395148208481	1395148208482	1395148212030	1395148212031	OK	 
ACTION	Pricing	62	price	1395148208821	1395148208822	1395148212045	1395148212045	OK	 
ACTION	Pricing	27	price	1395148208955	1395148208955	1395148212052	1395148212052	OK	 
ACTION	Pricing	50	price	1395148208522	1395148208522	1395148212074	1395148212075	OK	 
ACTION	Pricing	85	price	1395148208807	1395148208807	1395148212095	1395148212096	OK	 
ACTION	Pricing	20	price	1395148208691	1395148208692	1395148212101	1395148212101	OK	 
ACTION	Pricing	3	price	1395148208675	1395148208676	1395148212115	1395148212116	OK	 
ACTION	Pricing	84	price	1395148208414	1395148208414	1395148212132	1395148212132	OK	 
ACTION	Pricing	36	price	1395148208673	1395148208673	1395148212137	1395148212137	OK	 
ACTION	Pricing	60	price	1395148208208	1395148208209	1395148212141	1395148212141	OK	 
ACTION	Pricing	13	price	1395148208426	1395148208426	1395148212147	1395148212147	OK	 
ACTION	Pricing	37	price	1395148208998	1395148208998	1395148212149	1395148212153	OK	 
ACTION	Pricing	10	price	1395148208906	1395148208907	1395148212269	1395148212270	OK	 
ACTION	Pricing	93	price	1395148208631	1395148208632	1395148212277	1395148212277	OK	 
ACTION	Pricing	63	price	1395148208945	1395148208945	1395148212301	1395148212302	OK	 
ACTION	Pricing	18	price	1395148208830	1395148208831	1395148212316	1395148212316	OK	 
ACTION	Pricing	57	price	1395148209090	1395148209091	1395148212371	1395148212371	OK	 
ACTION	Pricing	34	price	1395148208661	1395148208661	1395148212372	1395148212372	OK	 
ACTION	Pricing	74	price	1395148209246	1395148209246	1395148212386	1395148212386	OK	 
ACTION	Pricing	39	price	1395148209069	1395148209070	1395148212386	1395148212388	OK	 
ACTION	Pricing	14	price	1395148209084	1395148209085	1395148212390	1395148212390	OK	 
ACTION	Pricing	81	price	1395148208892	1395148208893	1395148212388	1395148212391	OK	 
ACTION	Pricing	61	price	1395148208923	1395148208923	1395148212392	1395148212393	OK	 
ACTION	Pricing	80	price	1395148209003	1395148209004	1395148212445	1395148212445	OK	 
ACTION	Pricing	71	price	1395148209039	1395148209040	1395148212454	1395148212454	OK	 
ACTION	Pricing	45	price	1395148208844	1395148208845	1395148212455	1395148212455	OK	 
ACTION	Pricing	7	price	1395148208780	1395148208781	1395148212466	1395148212467	OK	 
ACTION	Pricing	87	price	1395148208938	1395148208939	1395148212371	1395148212469	OK	 
ACTION	Pricing	9	price	1395148208968	1395148208969	1395148212488	1395148212488	OK	 
ACTION	Pricing	73	price	1395148208755	1395148208755	1395148212505	1395148212505	OK	 
ACTION	Pricing	96	price	1395148209123	1395148209124	1395148212514	1395148212514	OK	 
ACTION	Pricing	91	price	1395148209018	1395148209019	1395148212519	1395148212519	OK	 
ACTION	Pricing	41	price	1395148208845	1395148208846	1395148212406	1395148212520	OK	 
ACTION	Pricing	33	price	1395148208770	1395148208771	1395148212530	1395148212530	OK	 
ACTION	Pricing	55	price	1395148209355	1395148209356	1395148212538	1395148212538	OK	 
ACTION	Pricing	40	price	1395148209041	1395148209042	1395148212567	1395148212567	OK	 
ACTION	Pricing	46	price	1395148208658	1395148208659	1395148212591	1395148212591	OK	 
ACTION	Pricing	6	price	1395148208940	1395148208942	1395148212592	1395148212592	OK	 
ACTION	Pricing	24	price	1395148208953	1395148208954	1395148212671	1395148212671	OK	 
ACTION	Pricing	47	price	1395148208792	1395148208793	1395148212674	1395148212674	OK	 
ACTION	Pricing	89	price	1395148208953	1395148208954	1395148212679	1395148212680	OK	 
ACTION	Pricing	38	price	1395148209076	1395148209077	1395148212706	1395148212707	OK	 
ACTION	Pricing	15	price	1395148209065	1395148209065	1395148212724	1395148212724	OK	 
ACTION	Pricing	90	price	1395148208913	1395148208914	1395148212721	1395148212722	OK	 
ACTION	Pricing	100	price	1395148208944	1395148208944	1395148212656	1395148212732	OK	 
ACTION	Pricing	49	price	1395148208834	1395148208835	1395148212755	1395148212755	OK	 
ACTION	Pricing	99	price	1395148208871	1395148208873	1395148212764	1395148212765	OK	 
ACTION	Pricing	31	price	1395148208862	1395148208863	1395148212803	1395148212804	OK	 
ACTION	Pricing	88	price	1395148209268	1395148209268	1395148212850	1395148212850	OK	 
ACTION	Pricing	19	price	1395148209241	1395148209241	1395148212921	1395148212921	OK	 
ACTION	Pricing	16	price	1395148209318	1395148209319	1395148213116	1395148213116	OK	 
ACTION	Pricing	97	price	1395148209766	1395148209767	1395148213233	1395148213233	OK	 
ACTION	Pricing	12	price	1395148209394	1395148209394	1395148213233	1395148213233	OK	 
ACTION	Pricing	56	price	1395148209257	1395148209257	1395148213347	1395148213348	OK	 
ACTION	Pricing	32	price	1395148209317	1395148209318	1395148213487	1395148213488	OK	 
ACTION	Pricing	64	price	1395148209909	1395148209910	1395148213512	1395148213512	OK	 
ACTION	Pricing	95	price	1395148209935	1395148209936	1395148213602	1395148213603	OK	 
ACTION	Pricing	76	price	1395148209455	1395148209456	1395148213228	1395148213629	OK	 
ACTION	Pricing	48	price	1395148209465	1395148209466	1395148213631	1395148213631	OK	 
ACTION	Pricing	29	price	1395148209220	1395148209220	1395148213654	1395148213655	OK	 
ACTION	Pricing	23	price	1395148210207	1395148210207	1395148213757	1395148213861	OK	 
ACTION	Pricing	77	price	1395148210813	1395148210813	1395148213876	1395148213877	OK	 
ACTION	Pricing	98	price	1395148210901	1395148210901	1395148214114	1395148214114	OK	 
ACTION	Pricing	25	price	1395148210124	1395148210124	1395148214157	1395148214158	OK	 
ACTION	Pricing	65	price	1395148211087	1395148211088	1395148214159	1395148214159	OK	 
ACTION	Pricing	43	price	1395148210965	1395148210965	1395148214311	1395148214311	OK	 
ACTION	Pricing	58	price	1395148210792	1395148210792	1395148214359	1395148214359	OK	 
ACTION	Pricing	30	price	1395148210834	1395148210834	1395148214420	1395148214420	OK	 
ACTION	Pricing	44	price	1395148210781	1395148210781	1395148214464	1395148214465	OK	 
ACTION	Pricing	78	price	1395148211302	1395148211302	1395148214486	1395148214487	OK	 
ACTION	Pricing	67	price	1395148211128	1395148211128	1395148214657	1395148214658	OK	 
ACTION	Pricing	69	price	1395148211240	1395148211241	1395148214724	1395148214725	OK	 
ACTION	Pricing	86	price	1395148211743	1395148211744	1395148214874	1395148214874	OK	 
ACTION	Pricing	2	price	1395148211554	1395148211555	1395148214919	1395148214920	OK	 
ACTION	Pricing	42	price	1395148211063	1395148211064	1395148214922	1395148214922	OK	 
ACTION	Pricing	82	price	1395148211457	1395148211458	1395148214988	1395148214988	OK	 
ACTION	Pricing	1	price	1395148211270	1395148211270	1395148215024	1395148215024	OK	 
ACTION	Pricing	79	price	1395148211424	1395148211424	1395148215032	1395148215032	OK	 
ACTION	Pricing	51	price	1395148211981	1395148211982	1395148215133	1395148215133	OK	 
ACTION	Pricing	54	price	1395148212033	1395148212033	1395148215186	1395148215186	OK	 
ACTION	Pricing	21	price	1395148211387	1395148211389	1395148215265	1395148215265	OK	 
ACTION	Pricing	75	price	1395148211871	1395148211871	1395148215303	1395148215303	OK	 
ACTION	Pricing	52	price	1395148211763	1395148211763	1395148215306	1395148215306	OK	 
ACTION	Pricing	59	price	1395148211838	1395148211838	1395148215319	1395148215319	OK	 
ACTION	Pricing	63	price	1395148212303	1395148212304	1395148215322	1395148215322	OK	 
ACTION	Pricing	92	price	1395148212017	1395148212017	1395148215325	1395148215325	OK	 
ACTION	Pricing	13	price	1395148212149	1395148212153	1395148215341	1395148215341	OK	 
ACTION	Pricing	26	price	1395148211991	1395148211992	1395148215342	1395148215342	OK	 
ACTION	Pricing	17	price	1395148211441	1395148211441	1395148215372	1395148215373	OK	 
ACTION	Pricing	93	price	1395148212279	1395148212279	1395148215380	1395148215380	OK	 
ACTION	Pricing	37	price	1395148212155	1395148212155	1395148215297	1395148215398	OK	 
ACTION	Pricing	35	price	1395148211493	1395148211494	1395148215423	1395148215424	OK	 
ACTION	Pricing	83	price	1395148211675	1395148211677	1395148215435	1395148215436	OK	 
ACTION	Pricing	10	price	1395148212271	1395148212272	1395148215439	1395148215439	OK	 
ACTION	Pricing	84	price	1395148212134	1395148212134	1395148215450	1395148215451	OK	 
ACTION	Pricing	62	price	1395148212046	1395148212047	1395148215453	1395148215456	OK	 
ACTION	Pricing	57	price	1395148212387	1395148212389	1395148215457	1395148215457	OK	 
ACTION	Pricing	36	price	1395148212138	1395148212139	1395148215464	1395148215465	OK	 
ACTION	Pricing	28	price	1395148211945	1395148211945	1395148215513	1395148215513	OK	 
ACTION	Pricing	5	price	1395148211823	1395148211823	1395148215433	1395148215542	OK	 
ACTION	Pricing	8	price	1395148211885	1395148211886	1395148215552	1395148215552	OK	 
ACTION	Pricing	11	price	1395148212032	1395148212032	1395148215557	1395148215557	OK	 
ACTION	Pricing	3	price	1395148212117	1395148212118	1395148215587	1395148215588	OK	 
ACTION	Pricing	61	price	1395148212402	1395148212403	1395148215593	1395148215593	OK	 
ACTION	Pricing	22	price	1395148211856	1395148211856	1395148215631	1395148215631	OK	 
ACTION	Pricing	66	price	1395148211863	1395148211863	1395148215689	1395148215689	OK	 
ACTION	Pricing	72	price	1395148211937	1395148211938	1395148215691	1395148215692	OK	 
ACTION	Pricing	18	price	1395148212318	1395148212318	1395148215692	1395148215692	OK	 
ACTION	Pricing	14	price	1395148212397	1395148212397	1395148215618	1395148215749	OK	 
ACTION	Pricing	85	price	1395148212097	1395148212097	1395148215710	1395148215794	OK	 
ACTION	Pricing	53	price	1395148211689	1395148211690	1395148215810	1395148215811	OK	 
ACTION	Pricing	20	price	1395148212102	1395148212103	1395148215814	1395148215814	OK	 
ACTION	Pricing	40	price	1395148212569	1395148212569	1395148215815	1395148215815	OK	 
ACTION	Pricing	60	price	1395148212143	1395148212143	1395148215825	1395148215825	OK	 
ACTION	Pricing	94	price	1395148211801	1395148211802	1395148215832	1395148215832	OK	 
ACTION	Pricing	46	price	1395148212595	1395148212595	1395148215843	1395148215843	OK	 
ACTION	Pricing	91	price	1395148212520	1395148212521	1395148215849	1395148215849	OK	 
ACTION	Pricing	81	price	1395148212398	1395148212402	1395148215868	1395148215868	OK	 
ACTION	Pricing	50	price	1395148212076	1395148212077	1395148215873	1395148215873	OK	 
ACTION	Pricing	96	price	1395148212516	1395148212516	1395148215886	1395148215886	OK	 
ACTION	Pricing	27	price	1395148212054	1395148212055	1395148215892	1395148215893	OK	 
ACTION	Pricing	68	price	1395148211762	1395148211762	1395148215897	1395148215897	OK	 
ACTION	Pricing	41	price	1395148212521	1395148212522	1395148215912	1395148215913	OK	 
ACTION	Pricing	45	price	1395148212457	1395148212457	1395148215950	1395148215951	OK	 
ACTION	Pricing	4	price	1395148211868	1395148211868	1395148215961	1395148215962	OK	 
ACTION	Pricing	15	price	1395148212726	1395148212727	1395148216008	1395148216009	OK	 
ACTION	Pricing	24	price	1395148212673	1395148212673	1395148216024	1395148216024	OK	 
ACTION	Pricing	80	price	1395148212447	1395148212448	1395148216053	1395148216053	OK	 
ACTION	Pricing	90	price	1395148212728	1395148212728	1395148216056	1395148216056	OK	 
ACTION	Pricing	88	price	1395148212852	1395148212853	1395148216070	1395148216070	OK	 
ACTION	Pricing	70	price	1395148211880	1395148211881	1395148216077	1395148216077	OK	 
ACTION	Pricing	100	price	1395148212734	1395148212734	1395148216116	1395148216116	OK	 
ACTION	Pricing	16	price	1395148213118	1395148213119	1395148216119	1395148216119	OK	 
ACTION	Pricing	71	price	1395148212456	1395148212456	1395148216125	1395148216125	OK	 
ACTION	Pricing	34	price	1395148212387	1395148212389	1395148216148	1395148216149	OK	 
ACTION	Pricing	39	price	1395148212395	1395148212396	1395148216181	1395148216181	OK	 
ACTION	Pricing	31	price	1395148212805	1395148212806	1395148216182	1395148216182	OK	 
ACTION	Pricing	7	price	1395148212469	1395148212470	1395148216256	1395148216256	OK	 
ACTION	Pricing	47	price	1395148212675	1395148212676	1395148216259	1395148216259	OK	 
ACTION	Pricing	87	price	1395148212471	1395148212471	1395148216323	1395148216324	OK	 
ACTION	Pricing	55	price	1395148212539	1395148212540	1395148216413	1395148216413	OK	 
ACTION	Pricing	89	price	1395148212681	1395148212682	1395148216428	1395148216428	OK	 
ACTION	Pricing	74	price	1395148212391	1395148212391	1395148216434	1395148216434	OK	 
ACTION	Pricing	97	price	1395148213237	1395148213238	1395148216444	1395148216444	OK	 
ACTION	Pricing	73	price	1395148212506	1395148212507	1395148216457	1395148216457	OK	 
ACTION	Pricing	6	price	1395148212595	1395148212595	1395148216500	1395148216501	OK	 
ACTION	Pricing	33	price	1395148212531	1395148212532	1395148216532	1395148216532	OK	 
ACTION	Pricing	9	price	1395148212489	1395148212490	1395148216644	1395148216644	OK	 
ACTION	Pricing	99	price	1395148212766	1395148212767	1395148216648	1395148216648	OK	 
ACTION	Pricing	19	price	1395148212923	1395148212923	1395148216739	1395148216740	OK	 
ACTION	Pricing	12	price	1395148213235	1395148213236	1395148216763	1395148216763	OK	 
ACTION	Pricing	49	price	1395148212758	1395148212758	1395148216842	1395148216842	OK	 
ACTION	Pricing	38	price	1395148212708	1395148212709	1395148216886	1395148216887	OK	 
ACTION	Pricing	29	price	1395148213656	1395148213657	1395148217241	1395148217241	OK	 
ACTION	Pricing	48	price	1395148213632	1395148213633	1395148217293	1395148217293	OK	 
ACTION	Pricing	95	price	1395148213604	1395148213605	1395148217299	1395148217299	OK	 
ACTION	Pricing	77	price	1395148213878	1395148213879	1395148217390	1395148217390	OK	 
ACTION	Pricing	43	price	1395148214312	1395148214313	1395148217412	1395148217412	OK	 
ACTION	Pricing	32	price	1395148213489	1395148213490	1395148217490	1395148217491	OK	 
ACTION	Pricing	76	price	1395148213631	1395148213632	1395148217552	1395148217552	OK	 
ACTION	Pricing	23	price	1395148213863	1395148213863	1395148217557	1395148217557	OK	 
ACTION	Pricing	65	price	1395148214162	1395148214162	1395148217602	1395148217603	OK	 
ACTION	Pricing	56	price	1395148213349	1395148213350	1395148217637	1395148217637	OK	 
ACTION	Pricing	64	price	1395148213514	1395148213514	1395148217672	1395148217672	OK	 
ACTION	Pricing	98	price	1395148214115	1395148214116	1395148217735	1395148217812	OK	 
ACTION	Pricing	78	price	1395148214493	1395148214493	1395148217782	1395148217892	OK	 
ACTION	Pricing	25	price	1395148214160	1395148214160	1395148217954	1395148217955	OK	 
ACTION	Pricing	58	price	1395148214361	1395148214361	1395148218125	1395148218126	OK	 
ACTION	Pricing	2	price	1395148214922	1395148214923	1395148218308	1395148218309	OK	 
ACTION	Pricing	13	price	1395148215343	1395148215344	1395148218398	1395148218398	OK	 
ACTION	Pricing	44	price	1395148214466	1395148214467	1395148218440	1395148218441	OK	 
ACTION	Pricing	59	price	1395148215321	1395148215322	1395148218450	1395148218451	OK	 
ACTION	Pricing	30	price	1395148214422	1395148214422	1395148218453	1395148218453	OK	 
ACTION	Pricing	54	price	1395148215187	1395148215188	1395148218499	1395148218499	OK	 
ACTION	Pricing	67	price	1395148214659	1395148214660	1395148218512	1395148218512	OK	 
ACTION	Pricing	21	price	1395148215267	1395148215267	1395148218521	1395148218522	OK	 
ACTION	Pricing	86	price	1395148214876	1395148214876	1395148218588	1395148218588	OK	 
ACTION	Pricing	79	price	1395148215034	1395148215035	1395148218662	1395148218662	OK	 
ACTION	Pricing	69	price	1395148214726	1395148214727	1395148218712	1395148218712	OK	 
ACTION	Pricing	42	price	1395148214924	1395148214925	1395148218712	1395148218712	OK	 
ACTION	Pricing	22	price	1395148215633	1395148215634	1395148218733	1395148218733	OK	 
ACTION	Pricing	36	price	1395148215466	1395148215467	1395148218793	1395148218793	OK	 
ACTION	Pricing	75	price	1395148215305	1395148215305	1395148218803	1395148218803	OK	 
ACTION	Pricing	82	price	1395148214990	1395148214990	1395148218712	1395148218816	OK	 
ACTION	Pricing	10	price	1395148215441	1395148215441	1395148218959	1395148218959	OK	 
ACTION	Pricing	51	price	1395148215138	1395148215138	1395148218967	1395148218967	OK	 
ACTION	Pricing	1	price	1395148215026	1395148215027	1395148218997	1395148218997	OK	 
ACTION	Pricing	17	price	1395148215374	1395148215375	1395148218940	1395148219020	OK	 
ACTION	Pricing	71	price	1395148216126	1395148216127	1395148219091	1395148219091	OK	 
ACTION	Pricing	92	price	1395148215326	1395148215327	1395148219122	1395148219122	OK	 
ACTION	Pricing	26	price	1395148215344	1395148215344	1395148219150	1395148219150	OK	 
ACTION	Pricing	83	price	1395148215437	1395148215438	1395148219203	1395148219203	OK	 
ACTION	Pricing	85	price	1395148215796	1395148215797	1395148219238	1395148219238	OK	 
ACTION	Pricing	84	price	1395148215453	1395148215453	1395148219250	1395148219250	OK	 
ACTION	Pricing	28	price	1395148215515	1395148215515	1395148219236	1395148219284	OK	 
ACTION	Pricing	93	price	1395148215382	1395148215382	1395148219291	1395148219292	OK	 
ACTION	Pricing	14	price	1395148215752	1395148215752	1395148219299	1395148219299	OK	 
ACTION	Pricing	72	price	1395148215695	1395148215695	1395148219299	1395148219299	OK	 
ACTION	Pricing	37	price	1395148215401	1395148215401	1395148219329	1395148219330	OK	 
ACTION	Pricing	18	price	1395148215694	1395148215694	1395148219340	1395148219340	OK	 
ACTION	Pricing	53	price	1395148215813	1395148215814	1395148219374	1395148219374	OK	 
ACTION	Pricing	57	price	1395148215459	1395148215460	1395148218968	1395148219392	OK	 
ACTION	Pricing	52	price	1395148215307	1395148215308	1395148219399	1395148219399	OK	 
ACTION	Pricing	62	price	1395148215459	1395148215460	1395148219402	1395148219402	OK	 
ACTION	Pricing	50	price	1395148215875	1395148215875	1395148219420	1395148219421	OK	 
ACTION	Pricing	40	price	1395148215817	1395148215818	1395148219439	1395148219440	OK	 
ACTION	Pricing	100	price	1395148216118	1395148216118	1395148219476	1395148219477	OK	 
ACTION	Pricing	8	price	1395148215553	1395148215554	1395148219495	1395148219495	OK	 
ACTION	Pricing	41	price	1395148215914	1395148215915	1395148219507	1395148219507	OK	 
ACTION	Pricing	66	price	1395148215691	1395148215692	1395148219538	1395148219538	OK	 
ACTION	Pricing	35	price	1395148215425	1395148215426	1395148219541	1395148219542	OK	 
ACTION	Pricing	39	price	1395148216183	1395148216184	1395148219546	1395148219546	OK	 
ACTION	Pricing	70	price	1395148216078	1395148216079	1395148219568	1395148219569	OK	 
ACTION	Pricing	63	price	1395148215325	1395148215325	1395148219573	1395148219573	OK	 
ACTION	Pricing	91	price	1395148215850	1395148215851	1395148219574	1395148219575	OK	 
ACTION	Pricing	5	price	1395148215544	1395148215544	1395148219583	1395148219583	OK	 
ACTION	Pricing	3	price	1395148215589	1395148215590	1395148219589	1395148219589	OK	 
ACTION	Pricing	61	price	1395148215595	1395148215595	1395148219596	1395148219597	OK	 
ACTION	Pricing	11	price	1395148215558	1395148215559	1395148219597	1395148219597	OK	 
ACTION	Pricing	31	price	1395148216184	1395148216184	1395148219605	1395148219606	OK	 
ACTION	Pricing	16	price	1395148216121	1395148216121	1395148219617	1395148219617	OK	 
ACTION	Pricing	96	price	1395148215888	1395148215888	1395148219713	1395148219713	OK	 
ACTION	Pricing	81	price	1395148215871	1395148215872	1395148219719	1395148219719	OK	 
ACTION	Pricing	68	price	1395148215898	1395148215900	1395148219767	1395148219767	OK	 
ACTION	Pricing	24	price	1395148216026	1395148216027	1395148219676	1395148219785	OK	 
ACTION	Pricing	47	price	1395148216261	1395148216261	1395148219809	1395148219809	OK	 
ACTION	Pricing	74	price	1395148216436	1395148216437	1395148219834	1395148219834	OK	 
ACTION	Pricing	80	price	1395148216055	1395148216055	1395148219858	1395148219858	OK	 
ACTION	Pricing	88	price	1395148216072	1395148216073	1395148219867	1395148219867	OK	 
ACTION	Pricing	20	price	1395148215816	1395148215817	1395148219866	1395148219868	OK	 
ACTION	Pricing	94	price	1395148215834	1395148215834	1395148219921	1395148219921	OK	 
ACTION	Pricing	33	price	1395148216533	1395148216534	1395148219954	1395148219954	OK	 
ACTION	Pricing	12	price	1395148216765	1395148216765	1395148219977	1395148219977	OK	 
ACTION	Pricing	60	price	1395148215828	1395148215828	1395148219991	1395148219992	OK	 
ACTION	Pricing	45	price	1395148215953	1395148215954	1395148220077	1395148220078	OK	 
ACTION	Pricing	73	price	1395148216459	1395148216459	1395148220084	1395148220084	OK	 
ACTION	Pricing	46	price	1395148215845	1395148215845	1395148220086	1395148220086	OK	 
ACTION	Pricing	4	price	1395148215963	1395148215964	1395148220140	1395148220141	OK	 
ACTION	Pricing	34	price	1395148216150	1395148216150	1395148220143	1395148220143	OK	 
ACTION	Pricing	27	price	1395148215895	1395148215895	1395148220178	1395148220178	OK	 
ACTION	Pricing	15	price	1395148216010	1395148216011	1395148220178	1395148220179	OK	 
ACTION	Pricing	7	price	1395148216258	1395148216258	1395148220187	1395148220187	OK	 
ACTION	Pricing	87	price	1395148216325	1395148216326	1395148220195	1395148220195	OK	 
ACTION	Pricing	90	price	1395148216058	1395148216058	1395148220226	1395148220226	OK	 
ACTION	Pricing	99	price	1395148216650	1395148216650	1395148220250	1395148220251	OK	 
ACTION	Pricing	19	price	1395148216742	1395148216742	1395148220343	1395148220343	OK	 
ACTION	Pricing	55	price	1395148216415	1395148216416	1395148220348	1395148220348	OK	 
ACTION	Pricing	38	price	1395148216888	1395148216889	1395148220673	1395148220674	OK	 
ACTION	Pricing	29	price	1395148217243	1395148217244	1395148220687	1395148220687	OK	 
ACTION	Pricing	9	price	1395148216646	1395148216647	1395148220701	1395148220701	OK	 
ACTION	Pricing	97	price	1395148216445	1395148216446	1395148220734	1395148220734	OK	 
ACTION	Pricing	49	price	1395148216844	1395148216845	1395148220749	1395148220750	OK	 
ACTION	Pricing	6	price	1395148216503	1395148216503	1395148220765	1395148220766	OK	 
ACTION	Pricing	48	price	1395148217295	1395148217295	1395148220899	1395148220900	OK	 
ACTION	Pricing	89	price	1395148216430	1395148216431	1395148220900	1395148220900	OK	 
ACTION	Pricing	43	price	1395148217415	1395148217416	1395148220953	1395148220953	OK	 
ACTION	Pricing	77	price	1395148217392	1395148217392	1395148221105	1395148221105	OK	 
ACTION	Pricing	95	price	1395148217301	1395148217301	1395148221293	1395148221293	OK	 
ACTION	Pricing	76	price	1395148217554	1395148217554	1395148221340	1395148221341	OK	 
ACTION	Pricing	98	price	1395148217814	1395148217815	1395148221440	1395148221440	OK	 
ACTION	Pricing	64	price	1395148217674	1395148217675	1395148221492	1395148221492	OK	 
ACTION	Pricing	65	price	1395148217605	1395148217606	1395148221523	1395148221523	OK	 
ACTION	Pricing	25	price	1395148217957	1395148217957	1395148221565	1395148221565	OK	 
ACTION	Pricing	23	price	1395148217558	1395148217559	1395148221612	1395148221612	OK	 
ACTION	Pricing	78	price	1395148217894	1395148217894	1395148221617	1395148221618	OK	 
ACTION	Pricing	56	price	1395148217639	1395148217639	1395148221721	1395148221721	OK	 
ACTION	Pricing	32	price	1395148217492	1395148217493	1395148221746	1395148221746	OK	 
ACTION	Pricing	21	price	1395148218524	1395148218524	1395148221790	1395148221790	OK	 
ACTION	Pricing	86	price	1395148218590	1395148218590	1395148221818	1395148221819	OK	 
ACTION	Pricing	54	price	1395148218500	1395148218501	1395148221837	1395148221918	OK	 
SCENARIO	Pricing	54	END	1395148221919
ACTION	Pricing	30	price	1395148218455	1395148218455	1395148221933	1395148222030	OK	 
SCENARIO	Pricing	30	END	1395148222030
ACTION	Pricing	59	price	1395148218452	1395148218453	1395148222043	1395148222043	OK	 
SCENARIO	Pricing	59	END	1395148222044
ACTION	Pricing	2	price	1395148218310	1395148218311	1395148222066	1395148222066	OK	 
SCENARIO	Pricing	2	END	1395148222067
ACTION	Pricing	69	price	1395148218714	1395148218715	1395148222077	1395148222077	OK	 
SCENARIO	Pricing	69	END	1395148222078
ACTION	Pricing	42	price	1395148218716	1395148218716	1395148222098	1395148222098	OK	 
SCENARIO	Pricing	42	END	1395148222099
ACTION	Pricing	51	price	1395148218969	1395148218969	1395148222165	1395148222165	OK	 
SCENARIO	Pricing	51	END	1395148222166
ACTION	Pricing	79	price	1395148218664	1395148218664	1395148222176	1395148222176	OK	 
SCENARIO	Pricing	79	END	1395148222177
ACTION	Pricing	40	price	1395148219441	1395148219442	1395148222185	1395148222197	OK	 
SCENARIO	Pricing	40	END	1395148222198
ACTION	Pricing	13	price	1395148218400	1395148218401	1395148222209	1395148222209	OK	 
SCENARIO	Pricing	13	END	1395148222210
ACTION	Pricing	22	price	1395148218735	1395148218735	1395148222297	1395148222297	OK	 
SCENARIO	Pricing	22	END	1395148222299
ACTION	Pricing	58	price	1395148218128	1395148218129	1395148222339	1395148222340	OK	 
SCENARIO	Pricing	58	END	1395148222341
ACTION	Pricing	67	price	1395148218514	1395148218514	1395148222342	1395148222342	OK	 
SCENARIO	Pricing	67	END	1395148222342
ACTION	Pricing	1	price	1395148218998	1395148218999	1395148222347	1395148222347	OK	 
SCENARIO	Pricing	1	END	1395148222348
ACTION	Pricing	44	price	1395148218443	1395148218443	1395148222051	1395148222353	OK	 
SCENARIO	Pricing	44	END	1395148222353
ACTION	Pricing	36	price	1395148218795	1395148218796	1395148222018	1395148222357	OK	 
SCENARIO	Pricing	36	END	1395148222358
ACTION	Pricing	17	price	1395148219022	1395148219022	1395148222415	1395148222415	OK	 
SCENARIO	Pricing	17	END	1395148222415
ACTION	Pricing	82	price	1395148218817	1395148218818	1395148222442	1395148222443	OK	 
SCENARIO	Pricing	82	END	1395148222443
ACTION	Pricing	71	price	1395148219094	1395148219095	1395148222527	1395148222528	OK	 
SCENARIO	Pricing	71	END	1395148222529
ACTION	Pricing	93	price	1395148219294	1395148219294	1395148222570	1395148222571	OK	 
SCENARIO	Pricing	93	END	1395148222571
ACTION	Pricing	10	price	1395148218960	1395148218961	1395148222573	1395148222573	OK	 
SCENARIO	Pricing	10	END	1395148222574
ACTION	Pricing	85	price	1395148219240	1395148219241	1395148222582	1395148222582	OK	 
SCENARIO	Pricing	85	END	1395148222582
ACTION	Pricing	45	price	1395148220079	1395148220079	1395148222584	1395148222585	OK	 
SCENARIO	Pricing	45	END	1395148222585
ACTION	Pricing	75	price	1395148218805	1395148218805	1395148222592	1395148222592	OK	 
SCENARIO	Pricing	75	END	1395148222593
ACTION	Pricing	63	price	1395148219575	1395148219575	1395148222612	1395148222613	OK	 
SCENARIO	Pricing	63	END	1395148222613
ACTION	Pricing	16	price	1395148219619	1395148219619	1395148222663	1395148222663	OK	 
SCENARIO	Pricing	16	END	1395148222664
ACTION	Pricing	62	price	1395148219404	1395148219405	1395148222605	1395148222691	OK	 
SCENARIO	Pricing	62	END	1395148222691
ACTION	Pricing	57	price	1395148219395	1395148219395	1395148222695	1395148222695	OK	 
SCENARIO	Pricing	57	END	1395148222696
ACTION	Pricing	41	price	1395148219508	1395148219509	1395148222705	1395148222705	OK	 
SCENARIO	Pricing	41	END	1395148222706
ACTION	Pricing	20	price	1395148219873	1395148219873	1395148222717	1395148222717	OK	 
SCENARIO	Pricing	20	END	1395148222718
ACTION	Pricing	91	price	1395148219576	1395148219576	1395148222718	1395148222718	OK	 
SCENARIO	Pricing	91	END	1395148222719
ACTION	Pricing	84	price	1395148219253	1395148219253	1395148222720	1395148222720	OK	 
SCENARIO	Pricing	84	END	1395148222721
ACTION	Pricing	70	price	1395148219570	1395148219570	1395148222724	1395148222724	OK	 
SCENARIO	Pricing	70	END	1395148222725
ACTION	Pricing	68	price	1395148219769	1395148219769	1395148222757	1395148222757	OK	 
SCENARIO	Pricing	68	END	1395148222757
ACTION	Pricing	88	price	1395148219869	1395148219869	1395148222766	1395148222766	OK	 
SCENARIO	Pricing	88	END	1395148222766
ACTION	Pricing	18	price	1395148219341	1395148219342	1395148222783	1395148222783	OK	 
SCENARIO	Pricing	18	END	1395148222784
ACTION	Pricing	92	price	1395148219124	1395148219124	1395148222804	1395148222804	OK	 
SCENARIO	Pricing	92	END	1395148222805
ACTION	Pricing	52	price	1395148219401	1395148219402	1395148222836	1395148222836	OK	 
SCENARIO	Pricing	52	END	1395148222837
ACTION	Pricing	81	price	1395148219721	1395148219721	1395148222837	1395148222837	OK	 
SCENARIO	Pricing	81	END	1395148222838
ACTION	Pricing	96	price	1395148219715	1395148219715	1395148222853	1395148222853	OK	 
SCENARIO	Pricing	96	END	1395148222854
ACTION	Pricing	14	price	1395148219302	1395148219303	1395148222856	1395148222856	OK	 
SCENARIO	Pricing	14	END	1395148222857
ACTION	Pricing	94	price	1395148219922	1395148219922	1395148222858	1395148222859	OK	 
SCENARIO	Pricing	94	END	1395148222859
ACTION	Pricing	74	price	1395148219836	1395148219836	1395148222871	1395148222872	OK	 
SCENARIO	Pricing	74	END	1395148222872
ACTION	Pricing	3	price	1395148219590	1395148219590	1395148222873	1395148222873	OK	 
SCENARIO	Pricing	3	END	1395148222873
ACTION	Pricing	28	price	1395148219286	1395148219287	1395148222887	1395148222887	OK	 
SCENARIO	Pricing	28	END	1395148222888
ACTION	Pricing	72	price	1395148219301	1395148219302	1395148222892	1395148222892	OK	 
SCENARIO	Pricing	72	END	1395148222893
ACTION	Pricing	61	price	1395148219599	1395148219599	1395148222901	1395148222901	OK	 
SCENARIO	Pricing	61	END	1395148222902
ACTION	Pricing	66	price	1395148219539	1395148219540	1395148222908	1395148222909	OK	 
ACTION	Pricing	37	price	1395148219331	1395148219332	1395148222908	1395148222909	OK	 
SCENARIO	Pricing	37	END	1395148222909
SCENARIO	Pricing	66	END	1395148222909
ACTION	Pricing	100	price	1395148219479	1395148219479	1395148222913	1395148222913	OK	 
SCENARIO	Pricing	100	END	1395148222914
ACTION	Pricing	50	price	1395148219422	1395148219423	1395148222928	1395148222928	OK	 
SCENARIO	Pricing	50	END	1395148222928
ACTION	Pricing	53	price	1395148219375	1395148219376	1395148222931	1395148222931	OK	 
SCENARIO	Pricing	53	END	1395148222932
ACTION	Pricing	35	price	1395148219543	1395148219543	1395148222950	1395148222950	OK	 
SCENARIO	Pricing	35	END	1395148222951
ACTION	Pricing	46	price	1395148220088	1395148220088	1395148222966	1395148222966	OK	 
SCENARIO	Pricing	46	END	1395148222967
ACTION	Pricing	39	price	1395148219548	1395148219548	1395148222991	1395148222992	OK	 
ACTION	Pricing	47	price	1395148219810	1395148219811	1395148222946	1395148222992	OK	 
SCENARIO	Pricing	39	END	1395148222993
SCENARIO	Pricing	47	END	1395148222993
ACTION	Pricing	60	price	1395148219993	1395148219993	1395148222999	1395148222999	OK	 
SCENARIO	Pricing	60	END	1395148223000
ACTION	Pricing	11	price	1395148219599	1395148219600	1395148223000	1395148223000	OK	 
SCENARIO	Pricing	11	END	1395148223001
ACTION	Pricing	34	price	1395148220145	1395148220146	1395148223017	1395148223017	OK	 
SCENARIO	Pricing	34	END	1395148223018
ACTION	Pricing	83	price	1395148219205	1395148219205	1395148223033	1395148223034	OK	 
SCENARIO	Pricing	83	END	1395148223034
ACTION	Pricing	80	price	1395148219860	1395148219860	1395148223041	1395148223041	OK	 
SCENARIO	Pricing	80	END	1395148223042
ACTION	Pricing	8	price	1395148219497	1395148219497	1395148223047	1395148223047	OK	 
SCENARIO	Pricing	8	END	1395148223048
ACTION	Pricing	19	price	1395148220344	1395148220345	1395148223059	1395148223059	OK	 
SCENARIO	Pricing	19	END	1395148223060
ACTION	Pricing	27	price	1395148220180	1395148220181	1395148223058	1395148223061	OK	 
SCENARIO	Pricing	27	END	1395148223061
ACTION	Pricing	26	price	1395148219152	1395148219153	1395148223063	1395148223063	OK	 
SCENARIO	Pricing	26	END	1395148223064
ACTION	Pricing	33	price	1395148219956	1395148219958	1395148223092	1395148223092	OK	 
SCENARIO	Pricing	33	END	1395148223093
ACTION	Pricing	97	price	1395148220735	1395148220736	1395148223118	1395148223118	OK	 
SCENARIO	Pricing	97	END	1395148223121
ACTION	Pricing	15	price	1395148220181	1395148220182	1395148223120	1395148223120	OK	 
SCENARIO	Pricing	15	END	1395148223121
ACTION	Pricing	4	price	1395148220142	1395148220143	1395148223119	1395148223119	OK	 
SCENARIO	Pricing	4	END	1395148223121
ACTION	Pricing	90	price	1395148220227	1395148220232	1395148223140	1395148223140	OK	 
ACTION	Pricing	24	price	1395148219786	1395148219787	1395148223138	1395148223141	OK	 
SCENARIO	Pricing	90	END	1395148223141
SCENARIO	Pricing	24	END	1395148223141
ACTION	Pricing	87	price	1395148220196	1395148220197	1395148223147	1395148223148	OK	 
SCENARIO	Pricing	87	END	1395148223149
ACTION	Pricing	31	price	1395148219607	1395148219608	1395148223168	1395148223168	OK	 
SCENARIO	Pricing	31	END	1395148223169
ACTION	Pricing	7	price	1395148220188	1395148220189	1395148223176	1395148223177	OK	 
ACTION	Pricing	5	price	1395148219585	1395148219585	1395148223177	1395148223178	OK	 
SCENARIO	Pricing	5	END	1395148223178
SCENARIO	Pricing	7	END	1395148223178
ACTION	Pricing	12	price	1395148219979	1395148219979	1395148223180	1395148223181	OK	 
SCENARIO	Pricing	12	END	1395148223181
ACTION	Pricing	55	price	1395148220351	1395148220351	1395148223184	1395148223185	OK	 
SCENARIO	Pricing	55	END	1395148223185
ACTION	Pricing	73	price	1395148220085	1395148220086	1395148223212	1395148223212	OK	 
SCENARIO	Pricing	73	END	1395148223213
ACTION	Pricing	49	price	1395148220751	1395148220751	1395148223215	1395148223216	OK	 
SCENARIO	Pricing	49	END	1395148223217
ACTION	Pricing	6	price	1395148220767	1395148220767	1395148223235	1395148223235	OK	 
SCENARIO	Pricing	6	END	1395148223236
ACTION	Pricing	29	price	1395148220688	1395148220688	1395148223240	1395148223240	OK	 
SCENARIO	Pricing	29	END	1395148223241
ACTION	Pricing	38	price	1395148220675	1395148220675	1395148223272	1395148223272	OK	 
SCENARIO	Pricing	38	END	1395148223273
ACTION	Pricing	43	price	1395148220954	1395148220955	1395148223280	1395148223280	OK	 
SCENARIO	Pricing	43	END	1395148223281
ACTION	Pricing	48	price	1395148220902	1395148220902	1395148223296	1395148223296	OK	 
SCENARIO	Pricing	48	END	1395148223297
ACTION	Pricing	25	price	1395148221567	1395148221569	1395148223305	1395148223306	OK	 
SCENARIO	Pricing	25	END	1395148223306
ACTION	Pricing	9	price	1395148220702	1395148220702	1395148223333	1395148223334	OK	 
SCENARIO	Pricing	9	END	1395148223334
ACTION	Pricing	99	price	1395148220252	1395148220253	1395148223337	1395148223337	OK	 
SCENARIO	Pricing	99	END	1395148223338
ACTION	Pricing	98	price	1395148221442	1395148221443	1395148223343	1395148223344	OK	 
SCENARIO	Pricing	98	END	1395148223344
ACTION	Pricing	76	price	1395148221342	1395148221343	1395148223345	1395148223345	OK	 
SCENARIO	Pricing	76	END	1395148223346
ACTION	Pricing	21	price	1395148221791	1395148221792	1395148223357	1395148223357	OK	 
SCENARIO	Pricing	21	END	1395148223358
ACTION	Pricing	78	price	1395148221619	1395148221619	1395148223374	1395148223374	OK	 
SCENARIO	Pricing	78	END	1395148223374
ACTION	Pricing	77	price	1395148221107	1395148221108	1395148223379	1395148223380	OK	 
SCENARIO	Pricing	77	END	1395148223380
ACTION	Pricing	32	price	1395148221748	1395148221748	1395148223384	1395148223385	OK	 
SCENARIO	Pricing	32	END	1395148223385
ACTION	Pricing	64	price	1395148221494	1395148221494	1395148223385	1395148223385	OK	 
SCENARIO	Pricing	64	END	1395148223386
ACTION	Pricing	65	price	1395148221524	1395148221525	1395148223387	1395148223388	OK	 
SCENARIO	Pricing	65	END	1395148223388
ACTION	Pricing	89	price	1395148220903	1395148220903	1395148223399	1395148223399	OK	 
SCENARIO	Pricing	89	END	1395148223400
ACTION	Pricing	23	price	1395148221614	1395148221614	1395148223401	1395148223401	OK	 
SCENARIO	Pricing	23	END	1395148223401
ACTION	Pricing	86	price	1395148221820	1395148221821	1395148223411	1395148223412	OK	 
SCENARIO	Pricing	86	END	1395148223412
ACTION	Pricing	95	price	1395148221295	1395148221295	1395148223416	1395148223416	OK	 
SCENARIO	Pricing	95	END	1395148223417
ACTION	Pricing	56	price	1395148221722	1395148221723	1395148223425	1395148223425	OK	 
SCENARIO	Pricing	56	END	1395148223426
