RUN	20140318084415	pricingsimulation	pricingsimulation
SCENARIO	Pricing	1	START	1395132257696
ACTION	Pricing	1	price	1395132257732	1395132258245	1395132258729	1395132258759	OK	 
ACTION	Pricing	1	price	1395132258873	1395132258875	1395132258923	1395132258923	OK	 
ACTION	Pricing	1	price	1395132259002	1395132259005	1395132259044	1395132259045	OK	 
ACTION	Pricing	1	price	1395132259047	1395132259048	1395132259086	1395132259086	OK	 
ACTION	Pricing	1	price	1395132259090	1395132259091	1395132259127	1395132259127	OK	 
ACTION	Pricing	1	price	1395132259130	1395132259130	1395132259171	1395132259171	OK	 
ACTION	Pricing	1	price	1395132259173	1395132259175	1395132259212	1395132259212	OK	 
ACTION	Pricing	1	price	1395132259217	1395132259223	1395132259261	1395132259261	OK	 
ACTION	Pricing	1	price	1395132259263	1395132259264	1395132259300	1395132259301	OK	 
ACTION	Pricing	1	price	1395132259303	1395132259303	1395132259349	1395132259350	OK	 
ACTION	Pricing	1	price	1395132259352	1395132259353	1395132259392	1395132259392	OK	 
ACTION	Pricing	1	price	1395132259395	1395132259399	1395132259437	1395132259437	OK	 
ACTION	Pricing	1	price	1395132259439	1395132259440	1395132259480	1395132259480	OK	 
ACTION	Pricing	1	price	1395132259481	1395132259482	1395132259518	1395132259519	OK	 
ACTION	Pricing	1	price	1395132259521	1395132259522	1395132259557	1395132259557	OK	 
ACTION	Pricing	1	price	1395132259562	1395132259562	1395132259602	1395132259602	OK	 
ACTION	Pricing	1	price	1395132259604	1395132259606	1395132259644	1395132259644	OK	 
ACTION	Pricing	1	price	1395132259647	1395132259648	1395132259687	1395132259687	OK	 
ACTION	Pricing	1	price	1395132259689	1395132259690	1395132259725	1395132259725	OK	 
ACTION	Pricing	1	price	1395132259727	1395132259728	1395132259764	1395132259764	OK	 
ACTION	Pricing	1	price	1395132259766	1395132259767	1395132259806	1395132259813	OK	 
ACTION	Pricing	1	price	1395132259815	1395132259816	1395132259852	1395132259852	OK	 
ACTION	Pricing	1	price	1395132259854	1395132259857	1395132259897	1395132259897	OK	 
ACTION	Pricing	1	price	1395132259898	1395132259900	1395132259937	1395132259938	OK	 
ACTION	Pricing	1	price	1395132259939	1395132259940	1395132259974	1395132259975	OK	 
ACTION	Pricing	1	price	1395132259976	1395132259977	1395132260023	1395132260024	OK	 
ACTION	Pricing	1	price	1395132260025	1395132260027	1395132260062	1395132260062	OK	 
ACTION	Pricing	1	price	1395132260064	1395132260065	1395132260110	1395132260110	OK	 
ACTION	Pricing	1	price	1395132260112	1395132260118	1395132260151	1395132260152	OK	 
ACTION	Pricing	1	price	1395132260153	1395132260154	1395132260193	1395132260194	OK	 
ACTION	Pricing	1	price	1395132260196	1395132260197	1395132260234	1395132260234	OK	 
ACTION	Pricing	1	price	1395132260236	1395132260242	1395132260275	1395132260275	OK	 
ACTION	Pricing	1	price	1395132260277	1395132260278	1395132260322	1395132260322	OK	 
ACTION	Pricing	1	price	1395132260324	1395132260326	1395132260365	1395132260365	OK	 
ACTION	Pricing	1	price	1395132260367	1395132260372	1395132260419	1395132260420	OK	 
ACTION	Pricing	1	price	1395132260422	1395132260431	1395132260468	1395132260468	OK	 
ACTION	Pricing	1	price	1395132260470	1395132260471	1395132260503	1395132260503	OK	 
ACTION	Pricing	1	price	1395132260506	1395132260506	1395132260542	1395132260542	OK	 
ACTION	Pricing	1	price	1395132260543	1395132260544	1395132260592	1395132260592	OK	 
ACTION	Pricing	1	price	1395132260593	1395132260594	1395132260628	1395132260629	OK	 
ACTION	Pricing	1	price	1395132260630	1395132260631	1395132260670	1395132260671	OK	 
ACTION	Pricing	1	price	1395132260672	1395132260672	1395132260709	1395132260709	OK	 
ACTION	Pricing	1	price	1395132260710	1395132260712	1395132260747	1395132260747	OK	 
ACTION	Pricing	1	price	1395132260749	1395132260750	1395132260790	1395132260791	OK	 
ACTION	Pricing	1	price	1395132260792	1395132260794	1395132260824	1395132260824	OK	 
ACTION	Pricing	1	price	1395132260826	1395132260826	1395132260859	1395132260859	OK	 
ACTION	Pricing	1	price	1395132260861	1395132260861	1395132260898	1395132260899	OK	 
ACTION	Pricing	1	price	1395132260900	1395132260901	1395132260940	1395132260940	OK	 
ACTION	Pricing	1	price	1395132260941	1395132260942	1395132260989	1395132260989	OK	 
ACTION	Pricing	1	price	1395132260991	1395132260991	1395132261023	1395132261024	OK	 
ACTION	Pricing	1	price	1395132261025	1395132261026	1395132261062	1395132261062	OK	 
ACTION	Pricing	1	price	1395132261064	1395132261065	1395132261102	1395132261102	OK	 
ACTION	Pricing	1	price	1395132261104	1395132261104	1395132261139	1395132261140	OK	 
ACTION	Pricing	1	price	1395132261141	1395132261142	1395132261176	1395132261176	OK	 
ACTION	Pricing	1	price	1395132261178	1395132261178	1395132261213	1395132261213	OK	 
ACTION	Pricing	1	price	1395132261215	1395132261215	1395132261250	1395132261250	OK	 
ACTION	Pricing	1	price	1395132261252	1395132261252	1395132261286	1395132261287	OK	 
ACTION	Pricing	1	price	1395132261288	1395132261288	1395132261322	1395132261322	OK	 
ACTION	Pricing	1	price	1395132261324	1395132261324	1395132261358	1395132261358	OK	 
ACTION	Pricing	1	price	1395132261360	1395132261363	1395132261398	1395132261399	OK	 
ACTION	Pricing	1	price	1395132261400	1395132261401	1395132261438	1395132261438	OK	 
ACTION	Pricing	1	price	1395132261439	1395132261440	1395132261477	1395132261478	OK	 
ACTION	Pricing	1	price	1395132261479	1395132261480	1395132261516	1395132261516	OK	 
ACTION	Pricing	1	price	1395132261518	1395132261519	1395132261552	1395132261552	OK	 
ACTION	Pricing	1	price	1395132261553	1395132261554	1395132261587	1395132261587	OK	 
ACTION	Pricing	1	price	1395132261589	1395132261589	1395132261624	1395132261624	OK	 
ACTION	Pricing	1	price	1395132261626	1395132261626	1395132261663	1395132261664	OK	 
ACTION	Pricing	1	price	1395132261665	1395132261666	1395132261699	1395132261700	OK	 
ACTION	Pricing	1	price	1395132261701	1395132261702	1395132261732	1395132261733	OK	 
ACTION	Pricing	1	price	1395132261734	1395132261735	1395132261769	1395132261769	OK	 
ACTION	Pricing	1	price	1395132261771	1395132261772	1395132261812	1395132261813	OK	 
ACTION	Pricing	1	price	1395132261815	1395132261816	1395132261853	1395132261853	OK	 
ACTION	Pricing	1	price	1395132261854	1395132261855	1395132261888	1395132261888	OK	 
ACTION	Pricing	1	price	1395132261890	1395132261890	1395132261925	1395132261925	OK	 
ACTION	Pricing	1	price	1395132261927	1395132261928	1395132261963	1395132261964	OK	 
ACTION	Pricing	1	price	1395132261965	1395132261966	1395132262001	1395132262001	OK	 
ACTION	Pricing	1	price	1395132262003	1395132262003	1395132262042	1395132262042	OK	 
ACTION	Pricing	1	price	1395132262043	1395132262044	1395132262083	1395132262083	OK	 
ACTION	Pricing	1	price	1395132262085	1395132262085	1395132262121	1395132262121	OK	 
ACTION	Pricing	1	price	1395132262122	1395132262123	1395132262160	1395132262160	OK	 
ACTION	Pricing	1	price	1395132262162	1395132262162	1395132262200	1395132262201	OK	 
ACTION	Pricing	1	price	1395132262202	1395132262203	1395132262239	1395132262239	OK	 
ACTION	Pricing	1	price	1395132262241	1395132262241	1395132262276	1395132262277	OK	 
ACTION	Pricing	1	price	1395132262278	1395132262279	1395132262315	1395132262315	OK	 
ACTION	Pricing	1	price	1395132262316	1395132262317	1395132262357	1395132262358	OK	 
ACTION	Pricing	1	price	1395132262360	1395132262360	1395132262410	1395132262410	OK	 
ACTION	Pricing	1	price	1395132262411	1395132262412	1395132262446	1395132262446	OK	 
ACTION	Pricing	1	price	1395132262448	1395132262448	1395132262483	1395132262483	OK	 
ACTION	Pricing	1	price	1395132262485	1395132262485	1395132262521	1395132262522	OK	 
ACTION	Pricing	1	price	1395132262523	1395132262524	1395132262561	1395132262561	OK	 
ACTION	Pricing	1	price	1395132262563	1395132262563	1395132262598	1395132262598	OK	 
ACTION	Pricing	1	price	1395132262600	1395132262600	1395132262634	1395132262634	OK	 
ACTION	Pricing	1	price	1395132262636	1395132262637	1395132262674	1395132262674	OK	 
ACTION	Pricing	1	price	1395132262675	1395132262676	1395132262711	1395132262712	OK	 
ACTION	Pricing	1	price	1395132262714	1395132262717	1395132262755	1395132262755	OK	 
ACTION	Pricing	1	price	1395132262757	1395132262758	1395132262806	1395132262806	OK	 
ACTION	Pricing	1	price	1395132262807	1395132262808	1395132262853	1395132262854	OK	 
ACTION	Pricing	1	price	1395132262855	1395132262856	1395132262889	1395132262889	OK	 
ACTION	Pricing	1	price	1395132262891	1395132262891	1395132262926	1395132262926	OK	 
ACTION	Pricing	1	price	1395132262928	1395132262928	1395132262963	1395132262964	OK	 
ACTION	Pricing	1	price	1395132262966	1395132262978	1395132263015	1395132263015	OK	 
ACTION	Pricing	1	price	1395132263017	1395132263017	1395132263055	1395132263055	OK	 
ACTION	Pricing	1	price	1395132263058	1395132263058	1395132263093	1395132263093	OK	 
ACTION	Pricing	1	price	1395132263095	1395132263095	1395132263127	1395132263128	OK	 
ACTION	Pricing	1	price	1395132263129	1395132263130	1395132263165	1395132263165	OK	 
ACTION	Pricing	1	price	1395132263167	1395132263168	1395132263206	1395132263207	OK	 
ACTION	Pricing	1	price	1395132263208	1395132263209	1395132263241	1395132263242	OK	 
ACTION	Pricing	1	price	1395132263243	1395132263243	1395132263279	1395132263279	OK	 
ACTION	Pricing	1	price	1395132263281	1395132263281	1395132263317	1395132263317	OK	 
ACTION	Pricing	1	price	1395132263318	1395132263319	1395132263356	1395132263356	OK	 
ACTION	Pricing	1	price	1395132263358	1395132263359	1395132263411	1395132263411	OK	 
ACTION	Pricing	1	price	1395132263414	1395132263415	1395132263451	1395132263452	OK	 
ACTION	Pricing	1	price	1395132263454	1395132263455	1395132263491	1395132263492	OK	 
ACTION	Pricing	1	price	1395132263493	1395132263494	1395132263529	1395132263529	OK	 
ACTION	Pricing	1	price	1395132263531	1395132263531	1395132263564	1395132263565	OK	 
ACTION	Pricing	1	price	1395132263566	1395132263567	1395132263598	1395132263598	OK	 
ACTION	Pricing	1	price	1395132263600	1395132263601	1395132263636	1395132263637	OK	 
ACTION	Pricing	1	price	1395132263638	1395132263639	1395132263670	1395132263670	OK	 
ACTION	Pricing	1	price	1395132263672	1395132263672	1395132263705	1395132263705	OK	 
ACTION	Pricing	1	price	1395132263707	1395132263708	1395132263745	1395132263745	OK	 
ACTION	Pricing	1	price	1395132263747	1395132263747	1395132263791	1395132263791	OK	 
ACTION	Pricing	1	price	1395132263792	1395132263793	1395132263827	1395132263827	OK	 
ACTION	Pricing	1	price	1395132263829	1395132263829	1395132263862	1395132263863	OK	 
ACTION	Pricing	1	price	1395132263864	1395132263865	1395132263899	1395132263900	OK	 
ACTION	Pricing	1	price	1395132263901	1395132263902	1395132263944	1395132263945	OK	 
ACTION	Pricing	1	price	1395132263946	1395132263947	1395132263987	1395132263988	OK	 
ACTION	Pricing	1	price	1395132263989	1395132263989	1395132264022	1395132264022	OK	 
ACTION	Pricing	1	price	1395132264023	1395132264024	1395132264060	1395132264061	OK	 
ACTION	Pricing	1	price	1395132264062	1395132264063	1395132264095	1395132264095	OK	 
ACTION	Pricing	1	price	1395132264096	1395132264097	1395132264150	1395132264150	OK	 
ACTION	Pricing	1	price	1395132264153	1395132264153	1395132264187	1395132264187	OK	 
ACTION	Pricing	1	price	1395132264189	1395132264189	1395132264222	1395132264222	OK	 
ACTION	Pricing	1	price	1395132264224	1395132264224	1395132264262	1395132264263	OK	 
ACTION	Pricing	1	price	1395132264264	1395132264264	1395132264295	1395132264295	OK	 
ACTION	Pricing	1	price	1395132264297	1395132264297	1395132264336	1395132264337	OK	 
ACTION	Pricing	1	price	1395132264338	1395132264339	1395132264374	1395132264374	OK	 
ACTION	Pricing	1	price	1395132264375	1395132264376	1395132264408	1395132264408	OK	 
ACTION	Pricing	1	price	1395132264409	1395132264410	1395132264445	1395132264445	OK	 
ACTION	Pricing	1	price	1395132264447	1395132264448	1395132264492	1395132264493	OK	 
ACTION	Pricing	1	price	1395132264494	1395132264494	1395132264529	1395132264529	OK	 
ACTION	Pricing	1	price	1395132264530	1395132264530	1395132264564	1395132264564	OK	 
ACTION	Pricing	1	price	1395132264565	1395132264566	1395132264599	1395132264600	OK	 
ACTION	Pricing	1	price	1395132264601	1395132264603	1395132264639	1395132264640	OK	 
ACTION	Pricing	1	price	1395132264641	1395132264642	1395132264679	1395132264679	OK	 
ACTION	Pricing	1	price	1395132264682	1395132264682	1395132264727	1395132264727	OK	 
ACTION	Pricing	1	price	1395132264728	1395132264729	1395132264762	1395132264762	OK	 
ACTION	Pricing	1	price	1395132264764	1395132264764	1395132264804	1395132264804	OK	 
ACTION	Pricing	1	price	1395132264806	1395132264806	1395132264839	1395132264839	OK	 
ACTION	Pricing	1	price	1395132264841	1395132264841	1395132264878	1395132264878	OK	 
ACTION	Pricing	1	price	1395132264879	1395132264880	1395132264915	1395132264915	OK	 
ACTION	Pricing	1	price	1395132264919	1395132264921	1395132264956	1395132264956	OK	 
ACTION	Pricing	1	price	1395132264958	1395132264958	1395132264996	1395132264997	OK	 
ACTION	Pricing	1	price	1395132264998	1395132264999	1395132265032	1395132265032	OK	 
ACTION	Pricing	1	price	1395132265033	1395132265034	1395132265067	1395132265068	OK	 
ACTION	Pricing	1	price	1395132265070	1395132265070	1395132265102	1395132265103	OK	 
ACTION	Pricing	1	price	1395132265104	1395132265105	1395132265137	1395132265137	OK	 
ACTION	Pricing	1	price	1395132265138	1395132265138	1395132265172	1395132265172	OK	 
ACTION	Pricing	1	price	1395132265174	1395132265174	1395132265209	1395132265210	OK	 
ACTION	Pricing	1	price	1395132265211	1395132265212	1395132265250	1395132265251	OK	 
ACTION	Pricing	1	price	1395132265252	1395132265253	1395132265288	1395132265288	OK	 
ACTION	Pricing	1	price	1395132265289	1395132265290	1395132265323	1395132265323	OK	 
ACTION	Pricing	1	price	1395132265324	1395132265325	1395132265359	1395132265359	OK	 
ACTION	Pricing	1	price	1395132265361	1395132265361	1395132265398	1395132265399	OK	 
ACTION	Pricing	1	price	1395132265400	1395132265401	1395132265441	1395132265441	OK	 
ACTION	Pricing	1	price	1395132265443	1395132265443	1395132265477	1395132265477	OK	 
ACTION	Pricing	1	price	1395132265479	1395132265480	1395132265515	1395132265516	OK	 
ACTION	Pricing	1	price	1395132265517	1395132265517	1395132265551	1395132265551	OK	 
ACTION	Pricing	1	price	1395132265553	1395132265553	1395132265585	1395132265586	OK	 
ACTION	Pricing	1	price	1395132265587	1395132265587	1395132265619	1395132265619	OK	 
ACTION	Pricing	1	price	1395132265620	1395132265621	1395132265655	1395132265655	OK	 
ACTION	Pricing	1	price	1395132265657	1395132265657	1395132265694	1395132265694	OK	 
ACTION	Pricing	1	price	1395132265695	1395132265696	1395132265747	1395132265747	OK	 
ACTION	Pricing	1	price	1395132265748	1395132265749	1395132265780	1395132265781	OK	 
ACTION	Pricing	1	price	1395132265782	1395132265783	1395132265816	1395132265816	OK	 
ACTION	Pricing	1	price	1395132265818	1395132265819	1395132265852	1395132265853	OK	 
ACTION	Pricing	1	price	1395132265854	1395132265854	1395132265888	1395132265888	OK	 
ACTION	Pricing	1	price	1395132265890	1395132265890	1395132265934	1395132265934	OK	 
ACTION	Pricing	1	price	1395132265936	1395132265936	1395132265967	1395132265968	OK	 
ACTION	Pricing	1	price	1395132265969	1395132265969	1395132266002	1395132266002	OK	 
ACTION	Pricing	1	price	1395132266003	1395132266004	1395132266037	1395132266037	OK	 
ACTION	Pricing	1	price	1395132266038	1395132266039	1395132266070	1395132266070	OK	 
ACTION	Pricing	1	price	1395132266071	1395132266072	1395132266115	1395132266115	OK	 
ACTION	Pricing	1	price	1395132266116	1395132266117	1395132266158	1395132266158	OK	 
ACTION	Pricing	1	price	1395132266160	1395132266160	1395132266192	1395132266192	OK	 
ACTION	Pricing	1	price	1395132266193	1395132266194	1395132266225	1395132266225	OK	 
ACTION	Pricing	1	price	1395132266226	1395132266226	1395132266265	1395132266265	OK	 
ACTION	Pricing	1	price	1395132266267	1395132266267	1395132266300	1395132266300	OK	 
ACTION	Pricing	1	price	1395132266302	1395132266302	1395132266342	1395132266343	OK	 
ACTION	Pricing	1	price	1395132266344	1395132266344	1395132266377	1395132266378	OK	 
ACTION	Pricing	1	price	1395132266379	1395132266380	1395132266439	1395132266439	OK	 
ACTION	Pricing	1	price	1395132266441	1395132266441	1395132266474	1395132266475	OK	 
ACTION	Pricing	1	price	1395132266476	1395132266476	1395132266507	1395132266508	OK	 
ACTION	Pricing	1	price	1395132266509	1395132266509	1395132266542	1395132266543	OK	 
ACTION	Pricing	1	price	1395132266544	1395132266545	1395132266576	1395132266577	OK	 
ACTION	Pricing	1	price	1395132266578	1395132266578	1395132266612	1395132266612	OK	 
ACTION	Pricing	1	price	1395132266613	1395132266614	1395132266645	1395132266645	OK	 
ACTION	Pricing	1	price	1395132266647	1395132266647	1395132266682	1395132266683	OK	 
ACTION	Pricing	1	price	1395132266684	1395132266685	1395132266719	1395132266720	OK	 
ACTION	Pricing	1	price	1395132266721	1395132266722	1395132266755	1395132266755	OK	 
ACTION	Pricing	1	price	1395132266756	1395132266757	1395132266790	1395132266791	OK	 
ACTION	Pricing	1	price	1395132266793	1395132266800	1395132266835	1395132266835	OK	 
ACTION	Pricing	1	price	1395132266837	1395132266838	1395132266873	1395132266873	OK	 
ACTION	Pricing	1	price	1395132266875	1395132266875	1395132266906	1395132266906	OK	 
ACTION	Pricing	1	price	1395132266908	1395132266908	1395132266941	1395132266941	OK	 
ACTION	Pricing	1	price	1395132266944	1395132266944	1395132266982	1395132266982	OK	 
ACTION	Pricing	1	price	1395132266985	1395132266985	1395132267027	1395132267027	OK	 
ACTION	Pricing	1	price	1395132267028	1395132267029	1395132267065	1395132267065	OK	 
ACTION	Pricing	1	price	1395132267067	1395132267068	1395132267105	1395132267105	OK	 
ACTION	Pricing	1	price	1395132267107	1395132267107	1395132267141	1395132267141	OK	 
ACTION	Pricing	1	price	1395132267142	1395132267143	1395132267178	1395132267178	OK	 
ACTION	Pricing	1	price	1395132267180	1395132267180	1395132267213	1395132267214	OK	 
ACTION	Pricing	1	price	1395132267215	1395132267216	1395132267248	1395132267248	OK	 
ACTION	Pricing	1	price	1395132267252	1395132267252	1395132267284	1395132267284	OK	 
ACTION	Pricing	1	price	1395132267286	1395132267286	1395132267318	1395132267319	OK	 
ACTION	Pricing	1	price	1395132267320	1395132267320	1395132267356	1395132267356	OK	 
ACTION	Pricing	1	price	1395132267359	1395132267360	1395132267399	1395132267399	OK	 
ACTION	Pricing	1	price	1395132267400	1395132267401	1395132267441	1395132267441	OK	 
ACTION	Pricing	1	price	1395132267442	1395132267443	1395132267478	1395132267479	OK	 
ACTION	Pricing	1	price	1395132267480	1395132267481	1395132267536	1395132267536	OK	 
ACTION	Pricing	1	price	1395132267537	1395132267538	1395132267572	1395132267573	OK	 
ACTION	Pricing	1	price	1395132267574	1395132267575	1395132267607	1395132267607	OK	 
ACTION	Pricing	1	price	1395132267608	1395132267609	1395132267642	1395132267642	OK	 
ACTION	Pricing	1	price	1395132267643	1395132267644	1395132267688	1395132267689	OK	 
ACTION	Pricing	1	price	1395132267690	1395132267690	1395132267722	1395132267722	OK	 
ACTION	Pricing	1	price	1395132267724	1395132267725	1395132267759	1395132267759	OK	 
ACTION	Pricing	1	price	1395132267760	1395132267761	1395132267795	1395132267795	OK	 
ACTION	Pricing	1	price	1395132267797	1395132267797	1395132267830	1395132267831	OK	 
ACTION	Pricing	1	price	1395132267832	1395132267832	1395132267866	1395132267866	OK	 
ACTION	Pricing	1	price	1395132267867	1395132267868	1395132267920	1395132267920	OK	 
ACTION	Pricing	1	price	1395132267921	1395132267922	1395132267956	1395132267956	OK	 
ACTION	Pricing	1	price	1395132267958	1395132267958	1395132267996	1395132267996	OK	 
ACTION	Pricing	1	price	1395132267998	1395132267999	1395132268037	1395132268037	OK	 
ACTION	Pricing	1	price	1395132268038	1395132268039	1395132268073	1395132268074	OK	 
ACTION	Pricing	1	price	1395132268076	1395132268076	1395132268112	1395132268112	OK	 
ACTION	Pricing	1	price	1395132268114	1395132268115	1395132268152	1395132268153	OK	 
ACTION	Pricing	1	price	1395132268155	1395132268155	1395132268188	1395132268188	OK	 
ACTION	Pricing	1	price	1395132268190	1395132268190	1395132268234	1395132268234	OK	 
ACTION	Pricing	1	price	1395132268236	1395132268236	1395132268268	1395132268268	OK	 
ACTION	Pricing	1	price	1395132268269	1395132268270	1395132268303	1395132268303	OK	 
ACTION	Pricing	1	price	1395132268305	1395132268306	1395132268339	1395132268339	OK	 
ACTION	Pricing	1	price	1395132268341	1395132268341	1395132268374	1395132268374	OK	 
ACTION	Pricing	1	price	1395132268376	1395132268376	1395132268419	1395132268419	OK	 
ACTION	Pricing	1	price	1395132268420	1395132268421	1395132268455	1395132268455	OK	 
ACTION	Pricing	1	price	1395132268456	1395132268457	1395132268493	1395132268493	OK	 
ACTION	Pricing	1	price	1395132268495	1395132268496	1395132268528	1395132268528	OK	 
ACTION	Pricing	1	price	1395132268529	1395132268530	1395132268585	1395132268585	OK	 
ACTION	Pricing	1	price	1395132268586	1395132268587	1395132268618	1395132268619	OK	 
ACTION	Pricing	1	price	1395132268620	1395132268620	1395132268651	1395132268651	OK	 
ACTION	Pricing	1	price	1395132268652	1395132268653	1395132268701	1395132268701	OK	 
ACTION	Pricing	1	price	1395132268702	1395132268703	1395132268736	1395132268736	OK	 
ACTION	Pricing	1	price	1395132268738	1395132268738	1395132268770	1395132268770	OK	 
ACTION	Pricing	1	price	1395132268771	1395132268772	1395132268804	1395132268804	OK	 
ACTION	Pricing	1	price	1395132268806	1395132268806	1395132268841	1395132268841	OK	 
ACTION	Pricing	1	price	1395132268843	1395132268844	1395132268876	1395132268876	OK	 
ACTION	Pricing	1	price	1395132268878	1395132268878	1395132268924	1395132268924	OK	 
ACTION	Pricing	1	price	1395132268926	1395132268926	1395132268962	1395132268962	OK	 
ACTION	Pricing	1	price	1395132268964	1395132268964	1395132269009	1395132269009	OK	 
ACTION	Pricing	1	price	1395132269010	1395132269011	1395132269043	1395132269043	OK	 
ACTION	Pricing	1	price	1395132269045	1395132269045	1395132269077	1395132269077	OK	 
ACTION	Pricing	1	price	1395132269078	1395132269079	1395132269111	1395132269111	OK	 
ACTION	Pricing	1	price	1395132269112	1395132269113	1395132269145	1395132269146	OK	 
ACTION	Pricing	1	price	1395132269147	1395132269148	1395132269181	1395132269181	OK	 
ACTION	Pricing	1	price	1395132269182	1395132269182	1395132269214	1395132269215	OK	 
ACTION	Pricing	1	price	1395132269216	1395132269221	1395132269255	1395132269255	OK	 
ACTION	Pricing	1	price	1395132269256	1395132269257	1395132269301	1395132269301	OK	 
ACTION	Pricing	1	price	1395132269303	1395132269303	1395132269342	1395132269342	OK	 
ACTION	Pricing	1	price	1395132269344	1395132269344	1395132269376	1395132269376	OK	 
ACTION	Pricing	1	price	1395132269378	1395132269378	1395132269427	1395132269428	OK	 
ACTION	Pricing	1	price	1395132269429	1395132269429	1395132269478	1395132269478	OK	 
ACTION	Pricing	1	price	1395132269479	1395132269479	1395132269512	1395132269512	OK	 
ACTION	Pricing	1	price	1395132269514	1395132269514	1395132269555	1395132269555	OK	 
ACTION	Pricing	1	price	1395132269556	1395132269557	1395132269589	1395132269590	OK	 
ACTION	Pricing	1	price	1395132269591	1395132269592	1395132269635	1395132269635	OK	 
ACTION	Pricing	1	price	1395132269636	1395132269637	1395132269669	1395132269669	OK	 
ACTION	Pricing	1	price	1395132269671	1395132269671	1395132269703	1395132269703	OK	 
ACTION	Pricing	1	price	1395132269704	1395132269705	1395132269736	1395132269736	OK	 
ACTION	Pricing	1	price	1395132269737	1395132269738	1395132269769	1395132269769	OK	 
ACTION	Pricing	1	price	1395132269770	1395132269771	1395132269810	1395132269810	OK	 
ACTION	Pricing	1	price	1395132269812	1395132269812	1395132269855	1395132269856	OK	 
ACTION	Pricing	1	price	1395132269857	1395132269857	1395132269890	1395132269890	OK	 
ACTION	Pricing	1	price	1395132269892	1395132269892	1395132269923	1395132269923	OK	 
ACTION	Pricing	1	price	1395132269924	1395132269924	1395132269955	1395132269955	OK	 
ACTION	Pricing	1	price	1395132269956	1395132269957	1395132269989	1395132269990	OK	 
ACTION	Pricing	1	price	1395132269991	1395132269991	1395132270036	1395132270036	OK	 
ACTION	Pricing	1	price	1395132270037	1395132270038	1395132270069	1395132270069	OK	 
ACTION	Pricing	1	price	1395132270070	1395132270071	1395132270103	1395132270103	OK	 
ACTION	Pricing	1	price	1395132270104	1395132270105	1395132270137	1395132270137	OK	 
ACTION	Pricing	1	price	1395132270138	1395132270139	1395132270171	1395132270171	OK	 
ACTION	Pricing	1	price	1395132270172	1395132270172	1395132270205	1395132270205	OK	 
ACTION	Pricing	1	price	1395132270206	1395132270207	1395132270252	1395132270252	OK	 
ACTION	Pricing	1	price	1395132270253	1395132270254	1395132270289	1395132270289	OK	 
ACTION	Pricing	1	price	1395132270291	1395132270291	1395132270324	1395132270324	OK	 
ACTION	Pricing	1	price	1395132270326	1395132270326	1395132270358	1395132270358	OK	 
ACTION	Pricing	1	price	1395132270359	1395132270360	1395132270405	1395132270405	OK	 
ACTION	Pricing	1	price	1395132270406	1395132270407	1395132270439	1395132270440	OK	 
ACTION	Pricing	1	price	1395132270443	1395132270443	1395132270478	1395132270479	OK	 
ACTION	Pricing	1	price	1395132270480	1395132270480	1395132270514	1395132270514	OK	 
ACTION	Pricing	1	price	1395132270516	1395132270517	1395132270549	1395132270549	OK	 
ACTION	Pricing	1	price	1395132270551	1395132270551	1395132270582	1395132270582	OK	 
ACTION	Pricing	1	price	1395132270584	1395132270584	1395132270618	1395132270618	OK	 
ACTION	Pricing	1	price	1395132270620	1395132270621	1395132270654	1395132270654	OK	 
ACTION	Pricing	1	price	1395132270655	1395132270655	1395132270692	1395132270693	OK	 
ACTION	Pricing	1	price	1395132270695	1395132270695	1395132270738	1395132270739	OK	 
ACTION	Pricing	1	price	1395132270740	1395132270741	1395132270786	1395132270787	OK	 
ACTION	Pricing	1	price	1395132270788	1395132270788	1395132270822	1395132270822	OK	 
ACTION	Pricing	1	price	1395132270824	1395132270825	1395132270861	1395132270861	OK	 
ACTION	Pricing	1	price	1395132270863	1395132270863	1395132270897	1395132270897	OK	 
ACTION	Pricing	1	price	1395132270899	1395132270899	1395132270936	1395132270936	OK	 
ACTION	Pricing	1	price	1395132270937	1395132270938	1395132270987	1395132270987	OK	 
ACTION	Pricing	1	price	1395132270988	1395132270989	1395132271023	1395132271023	OK	 
ACTION	Pricing	1	price	1395132271025	1395132271025	1395132271063	1395132271063	OK	 
ACTION	Pricing	1	price	1395132271065	1395132271065	1395132271099	1395132271099	OK	 
ACTION	Pricing	1	price	1395132271101	1395132271101	1395132271132	1395132271133	OK	 
ACTION	Pricing	1	price	1395132271134	1395132271134	1395132271168	1395132271168	OK	 
ACTION	Pricing	1	price	1395132271170	1395132271170	1395132271216	1395132271217	OK	 
ACTION	Pricing	1	price	1395132271218	1395132271218	1395132271256	1395132271257	OK	 
ACTION	Pricing	1	price	1395132271259	1395132271260	1395132271300	1395132271300	OK	 
ACTION	Pricing	1	price	1395132271302	1395132271303	1395132271354	1395132271354	OK	 
ACTION	Pricing	1	price	1395132271357	1395132271357	1395132271405	1395132271405	OK	 
ACTION	Pricing	1	price	1395132271407	1395132271407	1395132271456	1395132271456	OK	 
ACTION	Pricing	1	price	1395132271458	1395132271458	1395132271494	1395132271494	OK	 
ACTION	Pricing	1	price	1395132271496	1395132271496	1395132271533	1395132271533	OK	 
ACTION	Pricing	1	price	1395132271535	1395132271535	1395132271570	1395132271570	OK	 
ACTION	Pricing	1	price	1395132271572	1395132271572	1395132271608	1395132271608	OK	 
ACTION	Pricing	1	price	1395132271609	1395132271610	1395132271647	1395132271647	OK	 
ACTION	Pricing	1	price	1395132271649	1395132271649	1395132271683	1395132271684	OK	 
ACTION	Pricing	1	price	1395132271686	1395132271686	1395132271722	1395132271722	OK	 
ACTION	Pricing	1	price	1395132271724	1395132271724	1395132271758	1395132271759	OK	 
ACTION	Pricing	1	price	1395132271760	1395132271761	1395132271801	1395132271801	OK	 
ACTION	Pricing	1	price	1395132271802	1395132271803	1395132271840	1395132271840	OK	 
ACTION	Pricing	1	price	1395132271842	1395132271842	1395132271879	1395132271880	OK	 
ACTION	Pricing	1	price	1395132271881	1395132271882	1395132271921	1395132271921	OK	 
ACTION	Pricing	1	price	1395132271923	1395132271923	1395132271959	1395132271960	OK	 
ACTION	Pricing	1	price	1395132271961	1395132271961	1395132272010	1395132272010	OK	 
ACTION	Pricing	1	price	1395132272012	1395132272012	1395132272046	1395132272046	OK	 
ACTION	Pricing	1	price	1395132272048	1395132272048	1395132272085	1395132272085	OK	 
ACTION	Pricing	1	price	1395132272086	1395132272087	1395132272136	1395132272137	OK	 
ACTION	Pricing	1	price	1395132272138	1395132272138	1395132272172	1395132272172	OK	 
ACTION	Pricing	1	price	1395132272174	1395132272174	1395132272220	1395132272220	OK	 
ACTION	Pricing	1	price	1395132272221	1395132272222	1395132272257	1395132272257	OK	 
ACTION	Pricing	1	price	1395132272258	1395132272258	1395132272293	1395132272293	OK	 
ACTION	Pricing	1	price	1395132272294	1395132272295	1395132272331	1395132272331	OK	 
ACTION	Pricing	1	price	1395132272332	1395132272333	1395132272369	1395132272370	OK	 
ACTION	Pricing	1	price	1395132272371	1395132272371	1395132272406	1395132272407	OK	 
ACTION	Pricing	1	price	1395132272408	1395132272409	1395132272455	1395132272456	OK	 
ACTION	Pricing	1	price	1395132272457	1395132272458	1395132272495	1395132272495	OK	 
ACTION	Pricing	1	price	1395132272497	1395132272498	1395132272538	1395132272538	OK	 
ACTION	Pricing	1	price	1395132272539	1395132272540	1395132272580	1395132272580	OK	 
ACTION	Pricing	1	price	1395132272582	1395132272582	1395132272624	1395132272625	OK	 
ACTION	Pricing	1	price	1395132272626	1395132272627	1395132272665	1395132272665	OK	 
ACTION	Pricing	1	price	1395132272667	1395132272667	1395132272707	1395132272707	OK	 
ACTION	Pricing	1	price	1395132272709	1395132272709	1395132272747	1395132272747	OK	 
ACTION	Pricing	1	price	1395132272749	1395132272749	1395132272788	1395132272788	OK	 
ACTION	Pricing	1	price	1395132272790	1395132272790	1395132272827	1395132272828	OK	 
ACTION	Pricing	1	price	1395132272829	1395132272829	1395132272867	1395132272867	OK	 
ACTION	Pricing	1	price	1395132272868	1395132272869	1395132272911	1395132272912	OK	 
ACTION	Pricing	1	price	1395132272913	1395132272914	1395132272957	1395132272957	OK	 
ACTION	Pricing	1	price	1395132272959	1395132272959	1395132272993	1395132272994	OK	 
ACTION	Pricing	1	price	1395132272995	1395132272995	1395132273028	1395132273028	OK	 
ACTION	Pricing	1	price	1395132273030	1395132273030	1395132273066	1395132273066	OK	 
ACTION	Pricing	1	price	1395132273067	1395132273068	1395132273101	1395132273101	OK	 
ACTION	Pricing	1	price	1395132273103	1395132273103	1395132273135	1395132273135	OK	 
ACTION	Pricing	1	price	1395132273136	1395132273137	1395132273168	1395132273168	OK	 
ACTION	Pricing	1	price	1395132273170	1395132273171	1395132273208	1395132273208	OK	 
ACTION	Pricing	1	price	1395132273209	1395132273210	1395132273243	1395132273243	OK	 
ACTION	Pricing	1	price	1395132273245	1395132273245	1395132273279	1395132273280	OK	 
ACTION	Pricing	1	price	1395132273281	1395132273281	1395132273315	1395132273316	OK	 
ACTION	Pricing	1	price	1395132273317	1395132273318	1395132273354	1395132273355	OK	 
ACTION	Pricing	1	price	1395132273356	1395132273357	1395132273395	1395132273396	OK	 
ACTION	Pricing	1	price	1395132273397	1395132273398	1395132273433	1395132273434	OK	 
ACTION	Pricing	1	price	1395132273435	1395132273436	1395132273470	1395132273471	OK	 
ACTION	Pricing	1	price	1395132273472	1395132273473	1395132273510	1395132273510	OK	 
ACTION	Pricing	1	price	1395132273511	1395132273512	1395132273551	1395132273551	OK	 
ACTION	Pricing	1	price	1395132273553	1395132273553	1395132273598	1395132273599	OK	 
ACTION	Pricing	1	price	1395132273600	1395132273601	1395132273638	1395132273638	OK	 
ACTION	Pricing	1	price	1395132273640	1395132273640	1395132273675	1395132273675	OK	 
ACTION	Pricing	1	price	1395132273677	1395132273677	1395132273723	1395132273723	OK	 
ACTION	Pricing	1	price	1395132273725	1395132273725	1395132273762	1395132273762	OK	 
ACTION	Pricing	1	price	1395132273764	1395132273764	1395132273798	1395132273798	OK	 
ACTION	Pricing	1	price	1395132273799	1395132273799	1395132273833	1395132273833	OK	 
ACTION	Pricing	1	price	1395132273834	1395132273835	1395132273869	1395132273869	OK	 
ACTION	Pricing	1	price	1395132273870	1395132273871	1395132273906	1395132273906	OK	 
ACTION	Pricing	1	price	1395132273907	1395132273908	1395132273940	1395132273940	OK	 
ACTION	Pricing	1	price	1395132273942	1395132273942	1395132273978	1395132273978	OK	 
ACTION	Pricing	1	price	1395132273979	1395132273980	1395132274013	1395132274013	OK	 
ACTION	Pricing	1	price	1395132274015	1395132274015	1395132274049	1395132274050	OK	 
ACTION	Pricing	1	price	1395132274051	1395132274051	1395132274085	1395132274085	OK	 
ACTION	Pricing	1	price	1395132274087	1395132274087	1395132274118	1395132274118	OK	 
ACTION	Pricing	1	price	1395132274119	1395132274120	1395132274153	1395132274153	OK	 
ACTION	Pricing	1	price	1395132274155	1395132274156	1395132274195	1395132274195	OK	 
ACTION	Pricing	1	price	1395132274197	1395132274197	1395132274254	1395132274254	OK	 
ACTION	Pricing	1	price	1395132274256	1395132274256	1395132274300	1395132274300	OK	 
ACTION	Pricing	1	price	1395132274301	1395132274302	1395132274342	1395132274342	OK	 
ACTION	Pricing	1	price	1395132274343	1395132274344	1395132274377	1395132274378	OK	 
ACTION	Pricing	1	price	1395132274379	1395132274380	1395132274429	1395132274429	OK	 
ACTION	Pricing	1	price	1395132274430	1395132274431	1395132274466	1395132274466	OK	 
ACTION	Pricing	1	price	1395132274468	1395132274468	1395132274503	1395132274503	OK	 
ACTION	Pricing	1	price	1395132274505	1395132274505	1395132274538	1395132274538	OK	 
ACTION	Pricing	1	price	1395132274540	1395132274540	1395132274573	1395132274573	OK	 
ACTION	Pricing	1	price	1395132274577	1395132274578	1395132274613	1395132274614	OK	 
ACTION	Pricing	1	price	1395132274615	1395132274616	1395132274658	1395132274658	OK	 
ACTION	Pricing	1	price	1395132274659	1395132274660	1395132274692	1395132274692	OK	 
ACTION	Pricing	1	price	1395132274694	1395132274694	1395132274729	1395132274729	OK	 
ACTION	Pricing	1	price	1395132274731	1395132274731	1395132274768	1395132274769	OK	 
ACTION	Pricing	1	price	1395132274770	1395132274771	1395132274807	1395132274808	OK	 
ACTION	Pricing	1	price	1395132274809	1395132274809	1395132274841	1395132274841	OK	 
ACTION	Pricing	1	price	1395132274843	1395132274843	1395132274878	1395132274879	OK	 
ACTION	Pricing	1	price	1395132274880	1395132274881	1395132274918	1395132274918	OK	 
ACTION	Pricing	1	price	1395132274920	1395132274920	1395132274952	1395132274953	OK	 
ACTION	Pricing	1	price	1395132274955	1395132274956	1395132275016	1395132275016	OK	 
ACTION	Pricing	1	price	1395132275018	1395132275019	1395132275071	1395132275071	OK	 
ACTION	Pricing	1	price	1395132275073	1395132275074	1395132275116	1395132275116	OK	 
ACTION	Pricing	1	price	1395132275121	1395132275121	1395132275161	1395132275161	OK	 
ACTION	Pricing	1	price	1395132275163	1395132275163	1395132275202	1395132275202	OK	 
ACTION	Pricing	1	price	1395132275204	1395132275204	1395132275238	1395132275239	OK	 
ACTION	Pricing	1	price	1395132275240	1395132275240	1395132275287	1395132275287	OK	 
ACTION	Pricing	1	price	1395132275288	1395132275289	1395132275328	1395132275329	OK	 
ACTION	Pricing	1	price	1395132275330	1395132275331	1395132275364	1395132275364	OK	 
ACTION	Pricing	1	price	1395132275366	1395132275366	1395132275398	1395132275398	OK	 
ACTION	Pricing	1	price	1395132275399	1395132275400	1395132275444	1395132275444	OK	 
ACTION	Pricing	1	price	1395132275445	1395132275446	1395132275493	1395132275494	OK	 
ACTION	Pricing	1	price	1395132275495	1395132275495	1395132275533	1395132275533	OK	 
ACTION	Pricing	1	price	1395132275535	1395132275536	1395132275572	1395132275572	OK	 
ACTION	Pricing	1	price	1395132275574	1395132275574	1395132275610	1395132275610	OK	 
ACTION	Pricing	1	price	1395132275611	1395132275612	1395132275644	1395132275645	OK	 
ACTION	Pricing	1	price	1395132275648	1395132275649	1395132275680	1395132275680	OK	 
ACTION	Pricing	1	price	1395132275681	1395132275681	1395132275714	1395132275715	OK	 
ACTION	Pricing	1	price	1395132275716	1395132275716	1395132275749	1395132275749	OK	 
ACTION	Pricing	1	price	1395132275750	1395132275750	1395132275784	1395132275785	OK	 
ACTION	Pricing	1	price	1395132275790	1395132275791	1395132275823	1395132275823	OK	 
ACTION	Pricing	1	price	1395132275825	1395132275825	1395132275858	1395132275859	OK	 
ACTION	Pricing	1	price	1395132275860	1395132275860	1395132275892	1395132275892	OK	 
ACTION	Pricing	1	price	1395132275894	1395132275894	1395132275941	1395132275941	OK	 
ACTION	Pricing	1	price	1395132275942	1395132275942	1395132275996	1395132275997	OK	 
ACTION	Pricing	1	price	1395132275998	1395132275999	1395132276031	1395132276031	OK	 
ACTION	Pricing	1	price	1395132276032	1395132276033	1395132276074	1395132276074	OK	 
ACTION	Pricing	1	price	1395132276076	1395132276076	1395132276107	1395132276107	OK	 
ACTION	Pricing	1	price	1395132276108	1395132276109	1395132276150	1395132276150	OK	 
ACTION	Pricing	1	price	1395132276152	1395132276152	1395132276183	1395132276184	OK	 
ACTION	Pricing	1	price	1395132276185	1395132276185	1395132276220	1395132276220	OK	 
ACTION	Pricing	1	price	1395132276221	1395132276222	1395132276256	1395132276256	OK	 
ACTION	Pricing	1	price	1395132276257	1395132276258	1395132276293	1395132276294	OK	 
ACTION	Pricing	1	price	1395132276295	1395132276295	1395132276327	1395132276327	OK	 
ACTION	Pricing	1	price	1395132276328	1395132276329	1395132276362	1395132276362	OK	 
ACTION	Pricing	1	price	1395132276363	1395132276364	1395132276398	1395132276398	OK	 
ACTION	Pricing	1	price	1395132276399	1395132276400	1395132276430	1395132276431	OK	 
ACTION	Pricing	1	price	1395132276432	1395132276432	1395132276466	1395132276467	OK	 
ACTION	Pricing	1	price	1395132276469	1395132276469	1395132276503	1395132276503	OK	 
ACTION	Pricing	1	price	1395132276504	1395132276504	1395132276538	1395132276539	OK	 
ACTION	Pricing	1	price	1395132276540	1395132276540	1395132276575	1395132276575	OK	 
ACTION	Pricing	1	price	1395132276576	1395132276577	1395132276611	1395132276611	OK	 
ACTION	Pricing	1	price	1395132276612	1395132276613	1395132276650	1395132276650	OK	 
ACTION	Pricing	1	price	1395132276651	1395132276652	1395132276690	1395132276690	OK	 
ACTION	Pricing	1	price	1395132276691	1395132276692	1395132276727	1395132276728	OK	 
ACTION	Pricing	1	price	1395132276729	1395132276729	1395132276775	1395132276775	OK	 
ACTION	Pricing	1	price	1395132276776	1395132276777	1395132276809	1395132276809	OK	 
ACTION	Pricing	1	price	1395132276811	1395132276811	1395132276844	1395132276844	OK	 
ACTION	Pricing	1	price	1395132276846	1395132276846	1395132276880	1395132276880	OK	 
ACTION	Pricing	1	price	1395132276881	1395132276882	1395132276913	1395132276913	OK	 
ACTION	Pricing	1	price	1395132276914	1395132276915	1395132276946	1395132276946	OK	 
ACTION	Pricing	1	price	1395132276947	1395132276948	1395132276979	1395132276979	OK	 
ACTION	Pricing	1	price	1395132276980	1395132276980	1395132277011	1395132277011	OK	 
ACTION	Pricing	1	price	1395132277012	1395132277013	1395132277052	1395132277052	OK	 
ACTION	Pricing	1	price	1395132277053	1395132277054	1395132277107	1395132277107	OK	 
ACTION	Pricing	1	price	1395132277108	1395132277109	1395132277141	1395132277141	OK	 
ACTION	Pricing	1	price	1395132277142	1395132277143	1395132277176	1395132277176	OK	 
ACTION	Pricing	1	price	1395132277178	1395132277178	1395132277211	1395132277211	OK	 
ACTION	Pricing	1	price	1395132277212	1395132277213	1395132277245	1395132277246	OK	 
ACTION	Pricing	1	price	1395132277247	1395132277247	1395132277279	1395132277280	OK	 
ACTION	Pricing	1	price	1395132277281	1395132277282	1395132277313	1395132277314	OK	 
ACTION	Pricing	1	price	1395132277315	1395132277315	1395132277348	1395132277349	OK	 
ACTION	Pricing	1	price	1395132277350	1395132277351	1395132277384	1395132277384	OK	 
ACTION	Pricing	1	price	1395132277385	1395132277385	1395132277422	1395132277422	OK	 
ACTION	Pricing	1	price	1395132277423	1395132277424	1395132277460	1395132277460	OK	 
ACTION	Pricing	1	price	1395132277462	1395132277462	1395132277513	1395132277513	OK	 
ACTION	Pricing	1	price	1395132277514	1395132277515	1395132277556	1395132277557	OK	 
ACTION	Pricing	1	price	1395132277558	1395132277559	1395132277592	1395132277592	OK	 
ACTION	Pricing	1	price	1395132277593	1395132277594	1395132277635	1395132277636	OK	 
ACTION	Pricing	1	price	1395132277638	1395132277638	1395132277669	1395132277669	OK	 
ACTION	Pricing	1	price	1395132277670	1395132277671	1395132277703	1395132277704	OK	 
ACTION	Pricing	1	price	1395132277705	1395132277705	1395132277738	1395132277738	OK	 
ACTION	Pricing	1	price	1395132277740	1395132277740	1395132277774	1395132277778	OK	 
ACTION	Pricing	1	price	1395132277779	1395132277780	1395132277813	1395132277814	OK	 
ACTION	Pricing	1	price	1395132277816	1395132277816	1395132277865	1395132277865	OK	 
ACTION	Pricing	1	price	1395132277867	1395132277868	1395132277910	1395132277911	OK	 
ACTION	Pricing	1	price	1395132277912	1395132277913	1395132277950	1395132277950	OK	 
ACTION	Pricing	1	price	1395132277952	1395132277952	1395132277985	1395132277985	OK	 
ACTION	Pricing	1	price	1395132277987	1395132277987	1395132278033	1395132278033	OK	 
ACTION	Pricing	1	price	1395132278034	1395132278034	1395132278078	1395132278078	OK	 
ACTION	Pricing	1	price	1395132278080	1395132278080	1395132278127	1395132278128	OK	 
ACTION	Pricing	1	price	1395132278129	1395132278130	1395132278162	1395132278163	OK	 
ACTION	Pricing	1	price	1395132278164	1395132278164	1395132278197	1395132278197	OK	 
ACTION	Pricing	1	price	1395132278199	1395132278199	1395132278233	1395132278233	OK	 
ACTION	Pricing	1	price	1395132278235	1395132278235	1395132278267	1395132278267	OK	 
ACTION	Pricing	1	price	1395132278268	1395132278269	1395132278302	1395132278302	OK	 
ACTION	Pricing	1	price	1395132278303	1395132278304	1395132278336	1395132278336	OK	 
ACTION	Pricing	1	price	1395132278337	1395132278338	1395132278368	1395132278368	OK	 
ACTION	Pricing	1	price	1395132278369	1395132278370	1395132278403	1395132278403	OK	 
ACTION	Pricing	1	price	1395132278404	1395132278405	1395132278436	1395132278437	OK	 
ACTION	Pricing	1	price	1395132278438	1395132278439	1395132278472	1395132278473	OK	 
ACTION	Pricing	1	price	1395132278474	1395132278475	1395132278510	1395132278510	OK	 
ACTION	Pricing	1	price	1395132278511	1395132278511	1395132278548	1395132278548	OK	 
ACTION	Pricing	1	price	1395132278550	1395132278550	1395132278585	1395132278585	OK	 
ACTION	Pricing	1	price	1395132278587	1395132278587	1395132278621	1395132278621	OK	 
ACTION	Pricing	1	price	1395132278623	1395132278623	1395132278655	1395132278656	OK	 
ACTION	Pricing	1	price	1395132278657	1395132278657	1395132278695	1395132278695	OK	 
ACTION	Pricing	1	price	1395132278696	1395132278697	1395132278733	1395132278733	OK	 
ACTION	Pricing	1	price	1395132278734	1395132278735	1395132278768	1395132278768	OK	 
ACTION	Pricing	1	price	1395132278769	1395132278770	1395132278800	1395132278801	OK	 
ACTION	Pricing	1	price	1395132278802	1395132278803	1395132278837	1395132278838	OK	 
ACTION	Pricing	1	price	1395132278839	1395132278840	1395132278874	1395132278874	OK	 
ACTION	Pricing	1	price	1395132278875	1395132278876	1395132278911	1395132278911	OK	 
ACTION	Pricing	1	price	1395132278912	1395132278913	1395132278946	1395132278946	OK	 
ACTION	Pricing	1	price	1395132278947	1395132278947	1395132278981	1395132278982	OK	 
ACTION	Pricing	1	price	1395132278983	1395132278983	1395132279017	1395132279018	OK	 
ACTION	Pricing	1	price	1395132279020	1395132279020	1395132279054	1395132279055	OK	 
ACTION	Pricing	1	price	1395132279056	1395132279056	1395132279090	1395132279090	OK	 
ACTION	Pricing	1	price	1395132279091	1395132279092	1395132279128	1395132279128	OK	 
ACTION	Pricing	1	price	1395132279130	1395132279130	1395132279166	1395132279167	OK	 
ACTION	Pricing	1	price	1395132279168	1395132279168	1395132279219	1395132279220	OK	 
ACTION	Pricing	1	price	1395132279221	1395132279221	1395132279270	1395132279271	OK	 
ACTION	Pricing	1	price	1395132279272	1395132279273	1395132279309	1395132279309	OK	 
ACTION	Pricing	1	price	1395132279311	1395132279311	1395132279344	1395132279344	OK	 
ACTION	Pricing	1	price	1395132279345	1395132279346	1395132279394	1395132279394	OK	 
ACTION	Pricing	1	price	1395132279395	1395132279396	1395132279427	1395132279427	OK	 
ACTION	Pricing	1	price	1395132279428	1395132279428	1395132279462	1395132279462	OK	 
ACTION	Pricing	1	price	1395132279463	1395132279464	1395132279504	1395132279505	OK	 
ACTION	Pricing	1	price	1395132279506	1395132279506	1395132279541	1395132279541	OK	 
ACTION	Pricing	1	price	1395132279542	1395132279543	1395132279587	1395132279587	OK	 
ACTION	Pricing	1	price	1395132279589	1395132279589	1395132279623	1395132279623	OK	 
ACTION	Pricing	1	price	1395132279624	1395132279625	1395132279656	1395132279656	OK	 
ACTION	Pricing	1	price	1395132279657	1395132279658	1395132279691	1395132279691	OK	 
ACTION	Pricing	1	price	1395132279692	1395132279693	1395132279728	1395132279728	OK	 
ACTION	Pricing	1	price	1395132279730	1395132279730	1395132279760	1395132279761	OK	 
ACTION	Pricing	1	price	1395132279762	1395132279762	1395132279795	1395132279795	OK	 
ACTION	Pricing	1	price	1395132279797	1395132279797	1395132279831	1395132279831	OK	 
ACTION	Pricing	1	price	1395132279832	1395132279833	1395132279871	1395132279872	OK	 
ACTION	Pricing	1	price	1395132279873	1395132279874	1395132279919	1395132279919	OK	 
ACTION	Pricing	1	price	1395132279920	1395132279921	1395132279967	1395132279969	OK	 
ACTION	Pricing	1	price	1395132279970	1395132279970	1395132280004	1395132280004	OK	 
ACTION	Pricing	1	price	1395132280006	1395132280006	1395132280040	1395132280041	OK	 
ACTION	Pricing	1	price	1395132280042	1395132280042	1395132280088	1395132280088	OK	 
ACTION	Pricing	1	price	1395132280089	1395132280089	1395132280126	1395132280126	OK	 
ACTION	Pricing	1	price	1395132280127	1395132280128	1395132280159	1395132280159	OK	 
ACTION	Pricing	1	price	1395132280161	1395132280161	1395132280191	1395132280192	OK	 
ACTION	Pricing	1	price	1395132280194	1395132280194	1395132280226	1395132280226	OK	 
ACTION	Pricing	1	price	1395132280227	1395132280228	1395132280260	1395132280260	OK	 
ACTION	Pricing	1	price	1395132280262	1395132280262	1395132280303	1395132280304	OK	 
ACTION	Pricing	1	price	1395132280305	1395132280305	1395132280350	1395132280351	OK	 
ACTION	Pricing	1	price	1395132280352	1395132280352	1395132280385	1395132280385	OK	 
ACTION	Pricing	1	price	1395132280386	1395132280386	1395132280418	1395132280418	OK	 
ACTION	Pricing	1	price	1395132280419	1395132280421	1395132280460	1395132280460	OK	 
ACTION	Pricing	1	price	1395132280461	1395132280462	1395132280495	1395132280496	OK	 
ACTION	Pricing	1	price	1395132280497	1395132280497	1395132280531	1395132280531	OK	 
ACTION	Pricing	1	price	1395132280533	1395132280533	1395132280578	1395132280579	OK	 
ACTION	Pricing	1	price	1395132280585	1395132280585	1395132280616	1395132280617	OK	 
ACTION	Pricing	1	price	1395132280618	1395132280618	1395132280651	1395132280651	OK	 
ACTION	Pricing	1	price	1395132280652	1395132280653	1395132280686	1395132280686	OK	 
ACTION	Pricing	1	price	1395132280687	1395132280687	1395132280725	1395132280725	OK	 
ACTION	Pricing	1	price	1395132280726	1395132280727	1395132280759	1395132280759	OK	 
ACTION	Pricing	1	price	1395132280761	1395132280761	1395132280793	1395132280793	OK	 
ACTION	Pricing	1	price	1395132280795	1395132280795	1395132280828	1395132280828	OK	 
ACTION	Pricing	1	price	1395132280830	1395132280830	1395132280866	1395132280867	OK	 
ACTION	Pricing	1	price	1395132280868	1395132280869	1395132280904	1395132280905	OK	 
ACTION	Pricing	1	price	1395132280906	1395132280906	1395132280938	1395132280938	OK	 
ACTION	Pricing	1	price	1395132280939	1395132280939	1395132280974	1395132280974	OK	 
ACTION	Pricing	1	price	1395132280975	1395132280975	1395132281014	1395132281014	OK	 
ACTION	Pricing	1	price	1395132281015	1395132281016	1395132281048	1395132281049	OK	 
ACTION	Pricing	1	price	1395132281050	1395132281050	1395132281084	1395132281084	OK	 
ACTION	Pricing	1	price	1395132281086	1395132281086	1395132281124	1395132281124	OK	 
ACTION	Pricing	1	price	1395132281125	1395132281125	1395132281158	1395132281158	OK	 
ACTION	Pricing	1	price	1395132281159	1395132281160	1395132281194	1395132281194	OK	 
ACTION	Pricing	1	price	1395132281196	1395132281197	1395132281231	1395132281231	OK	 
ACTION	Pricing	1	price	1395132281232	1395132281233	1395132281270	1395132281271	OK	 
ACTION	Pricing	1	price	1395132281272	1395132281273	1395132281310	1395132281310	OK	 
ACTION	Pricing	1	price	1395132281311	1395132281311	1395132281344	1395132281344	OK	 
ACTION	Pricing	1	price	1395132281345	1395132281346	1395132281375	1395132281375	OK	 
ACTION	Pricing	1	price	1395132281377	1395132281377	1395132281411	1395132281411	OK	 
ACTION	Pricing	1	price	1395132281412	1395132281413	1395132281445	1395132281445	OK	 
ACTION	Pricing	1	price	1395132281447	1395132281447	1395132281478	1395132281478	OK	 
ACTION	Pricing	1	price	1395132281479	1395132281479	1395132281511	1395132281512	OK	 
ACTION	Pricing	1	price	1395132281514	1395132281515	1395132281551	1395132281551	OK	 
ACTION	Pricing	1	price	1395132281553	1395132281553	1395132281589	1395132281589	OK	 
ACTION	Pricing	1	price	1395132281590	1395132281591	1395132281623	1395132281623	OK	 
ACTION	Pricing	1	price	1395132281624	1395132281625	1395132281655	1395132281655	OK	 
ACTION	Pricing	1	price	1395132281656	1395132281657	1395132281690	1395132281690	OK	 
ACTION	Pricing	1	price	1395132281691	1395132281691	1395132281724	1395132281724	OK	 
ACTION	Pricing	1	price	1395132281725	1395132281726	1395132281759	1395132281759	OK	 
ACTION	Pricing	1	price	1395132281760	1395132281761	1395132281804	1395132281805	OK	 
ACTION	Pricing	1	price	1395132281806	1395132281806	1395132281853	1395132281854	OK	 
ACTION	Pricing	1	price	1395132281855	1395132281855	1395132281888	1395132281888	OK	 
ACTION	Pricing	1	price	1395132281890	1395132281890	1395132281921	1395132281921	OK	 
ACTION	Pricing	1	price	1395132281922	1395132281922	1395132281956	1395132281957	OK	 
ACTION	Pricing	1	price	1395132281958	1395132281958	1395132281992	1395132281992	OK	 
ACTION	Pricing	1	price	1395132281994	1395132281994	1395132282041	1395132282041	OK	 
ACTION	Pricing	1	price	1395132282042	1395132282043	1395132282095	1395132282095	OK	 
ACTION	Pricing	1	price	1395132282097	1395132282097	1395132282148	1395132282149	OK	 
ACTION	Pricing	1	price	1395132282150	1395132282150	1395132282183	1395132282184	OK	 
ACTION	Pricing	1	price	1395132282185	1395132282185	1395132282217	1395132282217	OK	 
ACTION	Pricing	1	price	1395132282218	1395132282219	1395132282249	1395132282250	OK	 
ACTION	Pricing	1	price	1395132282252	1395132282253	1395132282301	1395132282301	OK	 
ACTION	Pricing	1	price	1395132282303	1395132282303	1395132282334	1395132282335	OK	 
ACTION	Pricing	1	price	1395132282336	1395132282336	1395132282370	1395132282370	OK	 
ACTION	Pricing	1	price	1395132282371	1395132282372	1395132282434	1395132282434	OK	 
ACTION	Pricing	1	price	1395132282435	1395132282436	1395132282470	1395132282470	OK	 
ACTION	Pricing	1	price	1395132282471	1395132282472	1395132282503	1395132282503	OK	 
ACTION	Pricing	1	price	1395132282504	1395132282505	1395132282537	1395132282537	OK	 
ACTION	Pricing	1	price	1395132282538	1395132282539	1395132282574	1395132282574	OK	 
ACTION	Pricing	1	price	1395132282575	1395132282576	1395132282607	1395132282608	OK	 
ACTION	Pricing	1	price	1395132282609	1395132282609	1395132282660	1395132282660	OK	 
ACTION	Pricing	1	price	1395132282663	1395132282664	1395132282695	1395132282695	OK	 
ACTION	Pricing	1	price	1395132282696	1395132282696	1395132282728	1395132282728	OK	 
ACTION	Pricing	1	price	1395132282729	1395132282729	1395132282761	1395132282762	OK	 
ACTION	Pricing	1	price	1395132282763	1395132282763	1395132282795	1395132282795	OK	 
ACTION	Pricing	1	price	1395132282796	1395132282797	1395132282830	1395132282830	OK	 
ACTION	Pricing	1	price	1395132282831	1395132282832	1395132282866	1395132282866	OK	 
ACTION	Pricing	1	price	1395132282868	1395132282868	1395132282902	1395132282902	OK	 
ACTION	Pricing	1	price	1395132282904	1395132282904	1395132282946	1395132282946	OK	 
ACTION	Pricing	1	price	1395132282947	1395132282947	1395132282979	1395132282979	OK	 
ACTION	Pricing	1	price	1395132282980	1395132282981	1395132283014	1395132283014	OK	 
ACTION	Pricing	1	price	1395132283015	1395132283015	1395132283050	1395132283050	OK	 
ACTION	Pricing	1	price	1395132283052	1395132283052	1395132283083	1395132283083	OK	 
ACTION	Pricing	1	price	1395132283085	1395132283085	1395132283119	1395132283119	OK	 
ACTION	Pricing	1	price	1395132283120	1395132283120	1395132283153	1395132283154	OK	 
ACTION	Pricing	1	price	1395132283155	1395132283155	1395132283187	1395132283187	OK	 
ACTION	Pricing	1	price	1395132283188	1395132283189	1395132283224	1395132283224	OK	 
ACTION	Pricing	1	price	1395132283226	1395132283226	1395132283260	1395132283260	OK	 
ACTION	Pricing	1	price	1395132283262	1395132283262	1395132283295	1395132283296	OK	 
ACTION	Pricing	1	price	1395132283297	1395132283297	1395132283331	1395132283331	OK	 
ACTION	Pricing	1	price	1395132283333	1395132283333	1395132283364	1395132283364	OK	 
ACTION	Pricing	1	price	1395132283365	1395132283365	1395132283396	1395132283396	OK	 
ACTION	Pricing	1	price	1395132283397	1395132283398	1395132283430	1395132283431	OK	 
ACTION	Pricing	1	price	1395132283432	1395132283433	1395132283467	1395132283468	OK	 
ACTION	Pricing	1	price	1395132283469	1395132283469	1395132283501	1395132283502	OK	 
ACTION	Pricing	1	price	1395132283503	1395132283503	1395132283536	1395132283536	OK	 
ACTION	Pricing	1	price	1395132283537	1395132283537	1395132283571	1395132283571	OK	 
ACTION	Pricing	1	price	1395132283572	1395132283573	1395132283608	1395132283608	OK	 
ACTION	Pricing	1	price	1395132283610	1395132283610	1395132283650	1395132283651	OK	 
ACTION	Pricing	1	price	1395132283652	1395132283653	1395132283690	1395132283690	OK	 
ACTION	Pricing	1	price	1395132283692	1395132283692	1395132283727	1395132283727	OK	 
ACTION	Pricing	1	price	1395132283728	1395132283729	1395132283761	1395132283761	OK	 
ACTION	Pricing	1	price	1395132283762	1395132283762	1395132283796	1395132283796	OK	 
ACTION	Pricing	1	price	1395132283797	1395132283798	1395132283833	1395132283833	OK	 
ACTION	Pricing	1	price	1395132283834	1395132283835	1395132283869	1395132283869	OK	 
ACTION	Pricing	1	price	1395132283870	1395132283871	1395132283905	1395132283905	OK	 
ACTION	Pricing	1	price	1395132283906	1395132283906	1395132283939	1395132283940	OK	 
ACTION	Pricing	1	price	1395132283941	1395132283941	1395132283973	1395132283973	OK	 
ACTION	Pricing	1	price	1395132283974	1395132283975	1395132284019	1395132284019	OK	 
ACTION	Pricing	1	price	1395132284020	1395132284020	1395132284052	1395132284052	OK	 
ACTION	Pricing	1	price	1395132284054	1395132284054	1395132284085	1395132284085	OK	 
ACTION	Pricing	1	price	1395132284086	1395132284087	1395132284120	1395132284120	OK	 
ACTION	Pricing	1	price	1395132284121	1395132284122	1395132284151	1395132284152	OK	 
ACTION	Pricing	1	price	1395132284153	1395132284153	1395132284185	1395132284185	OK	 
ACTION	Pricing	1	price	1395132284186	1395132284186	1395132284221	1395132284222	OK	 
ACTION	Pricing	1	price	1395132284223	1395132284223	1395132284255	1395132284256	OK	 
ACTION	Pricing	1	price	1395132284257	1395132284257	1395132284295	1395132284296	OK	 
ACTION	Pricing	1	price	1395132284297	1395132284297	1395132284334	1395132284335	OK	 
ACTION	Pricing	1	price	1395132284336	1395132284336	1395132284371	1395132284371	OK	 
ACTION	Pricing	1	price	1395132284373	1395132284373	1395132284405	1395132284405	OK	 
ACTION	Pricing	1	price	1395132284407	1395132284407	1395132284441	1395132284441	OK	 
ACTION	Pricing	1	price	1395132284442	1395132284443	1395132284476	1395132284476	OK	 
ACTION	Pricing	1	price	1395132284477	1395132284477	1395132284509	1395132284509	OK	 
ACTION	Pricing	1	price	1395132284510	1395132284511	1395132284544	1395132284544	OK	 
ACTION	Pricing	1	price	1395132284546	1395132284546	1395132284581	1395132284581	OK	 
ACTION	Pricing	1	price	1395132284583	1395132284583	1395132284614	1395132284614	OK	 
ACTION	Pricing	1	price	1395132284616	1395132284616	1395132284665	1395132284665	OK	 
ACTION	Pricing	1	price	1395132284667	1395132284667	1395132284701	1395132284701	OK	 
ACTION	Pricing	1	price	1395132284703	1395132284707	1395132284746	1395132284747	OK	 
ACTION	Pricing	1	price	1395132284749	1395132284749	1395132284785	1395132284785	OK	 
ACTION	Pricing	1	price	1395132284786	1395132284787	1395132284835	1395132284836	OK	 
ACTION	Pricing	1	price	1395132284837	1395132284837	1395132284870	1395132284870	OK	 
ACTION	Pricing	1	price	1395132284871	1395132284872	1395132284904	1395132284905	OK	 
ACTION	Pricing	1	price	1395132284906	1395132284906	1395132284938	1395132284938	OK	 
ACTION	Pricing	1	price	1395132284939	1395132284940	1395132284972	1395132284973	OK	 
ACTION	Pricing	1	price	1395132284974	1395132284974	1395132285005	1395132285006	OK	 
ACTION	Pricing	1	price	1395132285007	1395132285007	1395132285039	1395132285039	OK	 
ACTION	Pricing	1	price	1395132285040	1395132285040	1395132285076	1395132285076	OK	 
ACTION	Pricing	1	price	1395132285077	1395132285077	1395132285108	1395132285108	OK	 
ACTION	Pricing	1	price	1395132285109	1395132285110	1395132285140	1395132285140	OK	 
ACTION	Pricing	1	price	1395132285142	1395132285142	1395132285176	1395132285176	OK	 
ACTION	Pricing	1	price	1395132285177	1395132285178	1395132285210	1395132285211	OK	 
ACTION	Pricing	1	price	1395132285212	1395132285213	1395132285248	1395132285248	OK	 
ACTION	Pricing	1	price	1395132285250	1395132285250	1395132285283	1395132285283	OK	 
ACTION	Pricing	1	price	1395132285284	1395132285285	1395132285320	1395132285320	OK	 
ACTION	Pricing	1	price	1395132285322	1395132285322	1395132285354	1395132285354	OK	 
ACTION	Pricing	1	price	1395132285356	1395132285356	1395132285389	1395132285389	OK	 
ACTION	Pricing	1	price	1395132285391	1395132285391	1395132285425	1395132285425	OK	 
ACTION	Pricing	1	price	1395132285426	1395132285426	1395132285462	1395132285463	OK	 
ACTION	Pricing	1	price	1395132285464	1395132285464	1395132285499	1395132285499	OK	 
ACTION	Pricing	1	price	1395132285500	1395132285500	1395132285534	1395132285534	OK	 
ACTION	Pricing	1	price	1395132285535	1395132285535	1395132285571	1395132285571	OK	 
ACTION	Pricing	1	price	1395132285575	1395132285577	1395132285614	1395132285614	OK	 
ACTION	Pricing	1	price	1395132285615	1395132285615	1395132285648	1395132285648	OK	 
ACTION	Pricing	1	price	1395132285649	1395132285649	1395132285683	1395132285683	OK	 
ACTION	Pricing	1	price	1395132285684	1395132285684	1395132285715	1395132285715	OK	 
ACTION	Pricing	1	price	1395132285716	1395132285716	1395132285754	1395132285754	OK	 
ACTION	Pricing	1	price	1395132285756	1395132285756	1395132285789	1395132285789	OK	 
ACTION	Pricing	1	price	1395132285791	1395132285791	1395132285824	1395132285824	OK	 
ACTION	Pricing	1	price	1395132285825	1395132285825	1395132285858	1395132285858	OK	 
ACTION	Pricing	1	price	1395132285859	1395132285859	1395132285893	1395132285894	OK	 
ACTION	Pricing	1	price	1395132285895	1395132285896	1395132285930	1395132285930	OK	 
ACTION	Pricing	1	price	1395132285931	1395132285931	1395132285964	1395132285964	OK	 
ACTION	Pricing	1	price	1395132285966	1395132285966	1395132286005	1395132286006	OK	 
ACTION	Pricing	1	price	1395132286007	1395132286007	1395132286049	1395132286049	OK	 
ACTION	Pricing	1	price	1395132286051	1395132286051	1395132286085	1395132286086	OK	 
ACTION	Pricing	1	price	1395132286087	1395132286087	1395132286132	1395132286133	OK	 
ACTION	Pricing	1	price	1395132286134	1395132286136	1395132286186	1395132286187	OK	 
ACTION	Pricing	1	price	1395132286188	1395132286188	1395132286223	1395132286224	OK	 
ACTION	Pricing	1	price	1395132286225	1395132286225	1395132286263	1395132286264	OK	 
ACTION	Pricing	1	price	1395132286265	1395132286266	1395132286298	1395132286298	OK	 
ACTION	Pricing	1	price	1395132286299	1395132286299	1395132286332	1395132286333	OK	 
ACTION	Pricing	1	price	1395132286334	1395132286334	1395132286379	1395132286379	OK	 
ACTION	Pricing	1	price	1395132286380	1395132286381	1395132286414	1395132286415	OK	 
ACTION	Pricing	1	price	1395132286416	1395132286416	1395132286451	1395132286451	OK	 
ACTION	Pricing	1	price	1395132286452	1395132286453	1395132286489	1395132286489	OK	 
ACTION	Pricing	1	price	1395132286490	1395132286491	1395132286527	1395132286527	OK	 
ACTION	Pricing	1	price	1395132286529	1395132286529	1395132286563	1395132286563	OK	 
ACTION	Pricing	1	price	1395132286564	1395132286565	1395132286612	1395132286612	OK	 
ACTION	Pricing	1	price	1395132286614	1395132286615	1395132286650	1395132286651	OK	 
ACTION	Pricing	1	price	1395132286652	1395132286652	1395132286685	1395132286685	OK	 
ACTION	Pricing	1	price	1395132286686	1395132286686	1395132286721	1395132286721	OK	 
ACTION	Pricing	1	price	1395132286722	1395132286723	1395132286767	1395132286767	OK	 
ACTION	Pricing	1	price	1395132286769	1395132286769	1395132286805	1395132286805	OK	 
ACTION	Pricing	1	price	1395132286807	1395132286807	1395132286844	1395132286844	OK	 
ACTION	Pricing	1	price	1395132286846	1395132286846	1395132286884	1395132286884	OK	 
ACTION	Pricing	1	price	1395132286885	1395132286886	1395132286922	1395132286922	OK	 
ACTION	Pricing	1	price	1395132286924	1395132286924	1395132286966	1395132286966	OK	 
ACTION	Pricing	1	price	1395132286967	1395132286967	1395132287002	1395132287003	OK	 
ACTION	Pricing	1	price	1395132287004	1395132287004	1395132287041	1395132287041	OK	 
ACTION	Pricing	1	price	1395132287042	1395132287043	1395132287076	1395132287076	OK	 
ACTION	Pricing	1	price	1395132287078	1395132287078	1395132287112	1395132287113	OK	 
ACTION	Pricing	1	price	1395132287114	1395132287115	1395132287149	1395132287149	OK	 
ACTION	Pricing	1	price	1395132287151	1395132287151	1395132287184	1395132287185	OK	 
ACTION	Pricing	1	price	1395132287186	1395132287187	1395132287223	1395132287223	OK	 
ACTION	Pricing	1	price	1395132287224	1395132287225	1395132287266	1395132287266	OK	 
ACTION	Pricing	1	price	1395132287268	1395132287268	1395132287303	1395132287303	OK	 
ACTION	Pricing	1	price	1395132287305	1395132287305	1395132287341	1395132287341	OK	 
ACTION	Pricing	1	price	1395132287342	1395132287342	1395132287376	1395132287377	OK	 
ACTION	Pricing	1	price	1395132287378	1395132287378	1395132287414	1395132287414	OK	 
ACTION	Pricing	1	price	1395132287416	1395132287416	1395132287457	1395132287458	OK	 
ACTION	Pricing	1	price	1395132287459	1395132287459	1395132287492	1395132287493	OK	 
ACTION	Pricing	1	price	1395132287494	1395132287494	1395132287543	1395132287543	OK	 
ACTION	Pricing	1	price	1395132287545	1395132287545	1395132287579	1395132287579	OK	 
ACTION	Pricing	1	price	1395132287581	1395132287581	1395132287617	1395132287617	OK	 
ACTION	Pricing	1	price	1395132287618	1395132287619	1395132287654	1395132287654	OK	 
ACTION	Pricing	1	price	1395132287655	1395132287656	1395132287690	1395132287690	OK	 
ACTION	Pricing	1	price	1395132287692	1395132287692	1395132287731	1395132287731	OK	 
SCENARIO	Pricing	1	END	1395132287732
