RUN	20140318131839	pricingsimulation	pricingsimulation
SCENARIO	Pricing	61	START	1395148722942
SCENARIO	Pricing	88	START	1395148722947
SCENARIO	Pricing	98	START	1395148722948
SCENARIO	Pricing	97	START	1395148722949
SCENARIO	Pricing	9	START	1395148722949
SCENARIO	Pricing	6	START	1395148722949
SCENARIO	Pricing	14	START	1395148722950
SCENARIO	Pricing	45	START	1395148722950
SCENARIO	Pricing	8	START	1395148722950
SCENARIO	Pricing	100	START	1395148722950
SCENARIO	Pricing	3	START	1395148722950
SCENARIO	Pricing	46	START	1395148722952
SCENARIO	Pricing	12	START	1395148722952
SCENARIO	Pricing	32	START	1395148722952
SCENARIO	Pricing	28	START	1395148722952
SCENARIO	Pricing	58	START	1395148722953
SCENARIO	Pricing	18	START	1395148722953
SCENARIO	Pricing	65	START	1395148722953
SCENARIO	Pricing	90	START	1395148722953
SCENARIO	Pricing	39	START	1395148722953
SCENARIO	Pricing	10	START	1395148722954
SCENARIO	Pricing	22	START	1395148722954
SCENARIO	Pricing	62	START	1395148722954
SCENARIO	Pricing	26	START	1395148722954
SCENARIO	Pricing	37	START	1395148722954
SCENARIO	Pricing	66	START	1395148722955
SCENARIO	Pricing	84	START	1395148722955
SCENARIO	Pricing	35	START	1395148722955
SCENARIO	Pricing	50	START	1395148722955
SCENARIO	Pricing	20	START	1395148722955
SCENARIO	Pricing	76	START	1395148722956
SCENARIO	Pricing	74	START	1395148722956
SCENARIO	Pricing	81	START	1395148722956
SCENARIO	Pricing	23	START	1395148722956
SCENARIO	Pricing	59	START	1395148722956
SCENARIO	Pricing	34	START	1395148722957
SCENARIO	Pricing	48	START	1395148722957
SCENARIO	Pricing	17	START	1395148722957
SCENARIO	Pricing	67	START	1395148722957
SCENARIO	Pricing	89	START	1395148722957
SCENARIO	Pricing	68	START	1395148722958
SCENARIO	Pricing	4	START	1395148722958
SCENARIO	Pricing	82	START	1395148722958
SCENARIO	Pricing	29	START	1395148722958
SCENARIO	Pricing	11	START	1395148722958
SCENARIO	Pricing	43	START	1395148722958
SCENARIO	Pricing	30	START	1395148722958
SCENARIO	Pricing	72	START	1395148722958
SCENARIO	Pricing	87	START	1395148722958
SCENARIO	Pricing	41	START	1395148722958
SCENARIO	Pricing	42	START	1395148722959
SCENARIO	Pricing	27	START	1395148722959
SCENARIO	Pricing	24	START	1395148722959
SCENARIO	Pricing	15	START	1395148722959
SCENARIO	Pricing	60	START	1395148722959
SCENARIO	Pricing	51	START	1395148722960
SCENARIO	Pricing	36	START	1395148722961
SCENARIO	Pricing	55	START	1395148722961
SCENARIO	Pricing	85	START	1395148722961
SCENARIO	Pricing	93	START	1395148722961
SCENARIO	Pricing	38	START	1395148722962
SCENARIO	Pricing	2	START	1395148722962
SCENARIO	Pricing	94	START	1395148722962
SCENARIO	Pricing	25	START	1395148722962
SCENARIO	Pricing	56	START	1395148722962
SCENARIO	Pricing	92	START	1395148722962
SCENARIO	Pricing	44	START	1395148722962
SCENARIO	Pricing	91	START	1395148722962
SCENARIO	Pricing	54	START	1395148722962
SCENARIO	Pricing	16	START	1395148722962
SCENARIO	Pricing	69	START	1395148722963
SCENARIO	Pricing	49	START	1395148722963
SCENARIO	Pricing	13	START	1395148722963
SCENARIO	Pricing	64	START	1395148722963
SCENARIO	Pricing	71	START	1395148722963
SCENARIO	Pricing	83	START	1395148722963
SCENARIO	Pricing	99	START	1395148722963
SCENARIO	Pricing	52	START	1395148722963
SCENARIO	Pricing	86	START	1395148722963
SCENARIO	Pricing	79	START	1395148722963
SCENARIO	Pricing	96	START	1395148722963
SCENARIO	Pricing	75	START	1395148722963
SCENARIO	Pricing	77	START	1395148722964
SCENARIO	Pricing	53	START	1395148722964
SCENARIO	Pricing	19	START	1395148722964
SCENARIO	Pricing	80	START	1395148722964
SCENARIO	Pricing	33	START	1395148722964
SCENARIO	Pricing	73	START	1395148722964
SCENARIO	Pricing	70	START	1395148722964
SCENARIO	Pricing	5	START	1395148722964
SCENARIO	Pricing	21	START	1395148722964
SCENARIO	Pricing	1	START	1395148722964
SCENARIO	Pricing	57	START	1395148722964
SCENARIO	Pricing	78	START	1395148722964
SCENARIO	Pricing	31	START	1395148722964
SCENARIO	Pricing	7	START	1395148722965
SCENARIO	Pricing	95	START	1395148722965
SCENARIO	Pricing	40	START	1395148722965
SCENARIO	Pricing	63	START	1395148722965
SCENARIO	Pricing	47	START	1395148722965
ACTION	Pricing	50	price	1395148723221	1395148723238	1395148724846	1395148724872	OK	 
ACTION	Pricing	77	price	1395148723448	1395148723451	1395148724858	1395148724880	OK	 
ACTION	Pricing	78	price	1395148723469	1395148723485	1395148724920	1395148724920	OK	 
ACTION	Pricing	57	price	1395148723467	1395148723472	1395148725015	1395148725015	OK	 
ACTION	Pricing	80	price	1395148723453	1395148723457	1395148725078	1395148725079	OK	 
ACTION	Pricing	75	price	1395148723444	1395148723446	1395148725162	1395148725162	OK	 
ACTION	Pricing	68	price	1395148723311	1395148723320	1395148725233	1395148725233	OK	 
ACTION	Pricing	86	price	1395148723432	1395148723434	1395148725266	1395148725266	OK	 
ACTION	Pricing	94	price	1395148723382	1395148723391	1395148725343	1395148725343	OK	 
ACTION	Pricing	22	price	1395148723185	1395148723198	1395148725419	1395148725419	OK	 
ACTION	Pricing	8	price	1395148723118	1395148723127	1395148725498	1395148725498	OK	 
ACTION	Pricing	28	price	1395148723160	1395148723186	1395148725571	1395148725572	OK	 
ACTION	Pricing	35	price	1395148723218	1395148723236	1395148725643	1395148725644	OK	 
ACTION	Pricing	99	price	1395148723427	1395148723429	1395148725714	1395148725714	OK	 
ACTION	Pricing	60	price	1395148723364	1395148723366	1395148725791	1395148725791	OK	 
ACTION	Pricing	73	price	1395148723458	1395148723474	1395148725869	1395148725870	OK	 
ACTION	Pricing	69	price	1395148723411	1395148723414	1395148725956	1395148725957	OK	 
ACTION	Pricing	56	price	1395148723395	1395148723397	1395148726026	1395148726026	OK	 
ACTION	Pricing	79	price	1395148723435	1395148723442	1395148726097	1395148726097	OK	 
ACTION	Pricing	10	price	1395148723178	1395148723195	1395148726169	1395148726169	OK	 
ACTION	Pricing	43	price	1395148723334	1395148723335	1395148726245	1395148726245	OK	 
ACTION	Pricing	55	price	1395148723372	1395148723374	1395148726319	1395148726319	OK	 
ACTION	Pricing	91	price	1395148723403	1395148723405	1395148726395	1395148726395	OK	 
ACTION	Pricing	25	price	1395148723392	1395148723394	1395148726474	1395148726474	OK	 
ACTION	Pricing	87	price	1395148723344	1395148723346	1395148726554	1395148726554	OK	 
ACTION	Pricing	62	price	1395148723188	1395148723196	1395148726630	1395148726630	OK	 
ACTION	Pricing	32	price	1395148723157	1395148723187	1395148726705	1395148726706	OK	 
ACTION	Pricing	5	price	1395148723462	1395148723473	1395148726785	1395148726785	OK	 
ACTION	Pricing	89	price	1395148723309	1395148723315	1395148726858	1395148726858	OK	 
ACTION	Pricing	83	price	1395148723426	1395148723427	1395148726948	1395148726948	OK	 
ACTION	Pricing	14	price	1395148723094	1395148723121	1395148727066	1395148727067	OK	 
ACTION	Pricing	84	price	1395148723210	1395148723236	1395148727095	1395148727095	OK	 
ACTION	Pricing	100	price	1395148723124	1395148723130	1395148727167	1395148727167	OK	 
ACTION	Pricing	51	price	1395148723366	1395148723368	1395148727237	1395148727237	OK	 
ACTION	Pricing	20	price	1395148723245	1395148723257	1395148727306	1395148727306	OK	 
ACTION	Pricing	24	price	1395148723360	1395148723362	1395148727374	1395148727374	OK	 
ACTION	Pricing	71	price	1395148723423	1395148723425	1395148727450	1395148727450	OK	 
ACTION	Pricing	12	price	1395148723146	1395148723164	1395148727530	1395148727531	OK	 
ACTION	Pricing	48	price	1395148723277	1395148723286	1395148727605	1395148727605	OK	 
ACTION	Pricing	29	price	1395148723319	1395148723326	1395148727680	1395148727680	OK	 
ACTION	Pricing	39	price	1395148723177	1395148723194	1395148727760	1395148727760	OK	 
ACTION	Pricing	42	price	1395148723351	1395148723353	1395148727841	1395148727841	OK	 
ACTION	Pricing	16	price	1395148723409	1395148723410	1395148727939	1395148727940	OK	 
ACTION	Pricing	59	price	1395148723268	1395148723272	1395148728017	1395148728017	OK	 
ACTION	Pricing	40	price	1395148723495	1395148723498	1395148728092	1395148728092	OK	 
ACTION	Pricing	74	price	1395148723252	1395148723259	1395148728166	1395148728166	OK	 
ACTION	Pricing	92	price	1395148723398	1395148723401	1395148728240	1395148728240	OK	 
ACTION	Pricing	49	price	1395148723414	1395148723417	1395148728313	1395148728313	OK	 
ACTION	Pricing	13	price	1395148723417	1395148723420	1395148728383	1395148728384	OK	 
ACTION	Pricing	67	price	1395148723291	1395148723300	1395148728454	1395148728454	OK	 
ACTION	Pricing	19	price	1395148723451	1395148723454	1395148728527	1395148728527	OK	 
ACTION	Pricing	54	price	1395148723406	1395148723407	1395148728599	1395148728599	OK	 
ACTION	Pricing	64	price	1395148723421	1395148723423	1395148728673	1395148728673	OK	 
ACTION	Pricing	2	price	1395148723380	1395148723383	1395148728744	1395148728745	OK	 
ACTION	Pricing	30	price	1395148723335	1395148723338	1395148728815	1395148728815	OK	 
ACTION	Pricing	70	price	1395148723462	1395148723472	1395148728913	1395148728913	OK	 
ACTION	Pricing	47	price	1395148723500	1395148723503	1395148728951	1395148728951	OK	 
ACTION	Pricing	17	price	1395148723287	1395148723291	1395148729061	1395148729062	OK	 
ACTION	Pricing	63	price	1395148723498	1395148723501	1395148729105	1395148729105	OK	 
ACTION	Pricing	81	price	1395148723255	1395148723262	1395148729190	1395148729190	OK	 
ACTION	Pricing	66	price	1395148723208	1395148723227	1395148729270	1395148729271	OK	 
ACTION	Pricing	21	price	1395148723464	1395148723471	1395148729353	1395148729353	OK	 
ACTION	Pricing	46	price	1395148723135	1395148723139	1395148729434	1395148729434	OK	 
ACTION	Pricing	34	price	1395148723276	1395148723280	1395148729511	1395148729512	OK	 
ACTION	Pricing	52	price	1395148723430	1395148723431	1395148729589	1395148729589	OK	 
ACTION	Pricing	7	price	1395148723476	1395148723487	1395148729668	1395148729669	OK	 
ACTION	Pricing	82	price	1395148723317	1395148723321	1395148729752	1395148729753	OK	 
ACTION	Pricing	98	price	1395148723076	1395148723101	1395148729832	1395148729832	OK	 
ACTION	Pricing	26	price	1395148723190	1395148723203	1395148729910	1395148729910	OK	 
ACTION	Pricing	1	price	1395148723465	1395148723475	1395148729978	1395148729978	OK	 
ACTION	Pricing	97	price	1395148723078	1395148723105	1395148730049	1395148730049	OK	 
ACTION	Pricing	58	price	1395148723164	1395148723172	1395148730119	1395148730119	OK	 
ACTION	Pricing	18	price	1395148723164	1395148723185	1395148730187	1395148730187	OK	 
ACTION	Pricing	31	price	1395148723472	1395148723486	1395148730255	1395148730255	OK	 
ACTION	Pricing	53	price	1395148723449	1395148723452	1395148730325	1395148730325	OK	 
ACTION	Pricing	96	price	1395148723442	1395148723446	1395148730396	1395148730397	OK	 
ACTION	Pricing	85	price	1395148723374	1395148723381	1395148730477	1395148730477	OK	 
ACTION	Pricing	11	price	1395148723327	1395148723331	1395148730543	1395148730543	OK	 
ACTION	Pricing	65	price	1395148723164	1395148723197	1395148730620	1395148730620	OK	 
ACTION	Pricing	45	price	1395148723100	1395148723124	1395148730695	1395148730695	OK	 
ACTION	Pricing	76	price	1395148723248	1395148723259	1395148730766	1395148730766	OK	 
ACTION	Pricing	33	price	1395148723455	1395148723470	1395148730835	1395148730835	OK	 
ACTION	Pricing	88	price	1395148723070	1395148723101	1395148730902	1395148730902	OK	 
ACTION	Pricing	61	price	1395148723075	1395148723105	1395148730970	1395148730970	OK	 
ACTION	Pricing	38	price	1395148723380	1395148723389	1395148731039	1395148731040	OK	 
ACTION	Pricing	41	price	1395148723347	1395148723350	1395148731107	1395148731108	OK	 
ACTION	Pricing	4	price	1395148723314	1395148723321	1395148731184	1395148731185	OK	 
ACTION	Pricing	15	price	1395148723360	1395148723363	1395148731254	1395148731254	OK	 
ACTION	Pricing	37	price	1395148723198	1395148723217	1395148731313	1395148731313	OK	 
ACTION	Pricing	72	price	1395148723339	1395148723342	1395148731379	1395148731379	OK	 
ACTION	Pricing	23	price	1395148723262	1395148723266	1395148731450	1395148731450	OK	 
ACTION	Pricing	9	price	1395148723084	1395148723121	1395148731521	1395148731521	OK	 
ACTION	Pricing	95	price	1395148723485	1395148723491	1395148731590	1395148731591	OK	 
ACTION	Pricing	93	price	1395148723376	1395148723388	1395148731662	1395148731662	OK	 
ACTION	Pricing	44	price	1395148723401	1395148723403	1395148731736	1395148731736	OK	 
ACTION	Pricing	6	price	1395148723092	1395148723117	1395148731808	1395148731808	OK	 
ACTION	Pricing	90	price	1395148723171	1395148723195	1395148731880	1395148731880	OK	 
ACTION	Pricing	3	price	1395148723132	1395148723134	1395148731948	1395148731948	OK	 
ACTION	Pricing	36	price	1395148723369	1395148723370	1395148732017	1395148732017	OK	 
ACTION	Pricing	27	price	1395148723354	1395148723357	1395148732086	1395148732086	OK	 
ACTION	Pricing	50	price	1395148724931	1395148724931	1395148732154	1395148732154	OK	 
ACTION	Pricing	78	price	1395148724955	1395148724957	1395148732227	1395148732228	OK	 
ACTION	Pricing	77	price	1395148724959	1395148724960	1395148732301	1395148732301	OK	 
ACTION	Pricing	57	price	1395148725020	1395148725021	1395148732387	1395148732388	OK	 
ACTION	Pricing	80	price	1395148725081	1395148725083	1395148732458	1395148732459	OK	 
ACTION	Pricing	75	price	1395148725166	1395148725167	1395148732529	1395148732529	OK	 
ACTION	Pricing	68	price	1395148725236	1395148725241	1395148732598	1395148732598	OK	 
ACTION	Pricing	86	price	1395148725269	1395148725270	1395148732666	1395148732666	OK	 
ACTION	Pricing	94	price	1395148725346	1395148725348	1395148732734	1395148732734	OK	 
ACTION	Pricing	22	price	1395148725421	1395148725422	1395148732805	1395148732805	OK	 
ACTION	Pricing	8	price	1395148725500	1395148725502	1395148732874	1395148732874	OK	 
ACTION	Pricing	28	price	1395148725576	1395148725576	1395148732941	1395148732941	OK	 
ACTION	Pricing	35	price	1395148725646	1395148725648	1395148733006	1395148733006	OK	 
ACTION	Pricing	99	price	1395148725717	1395148725718	1395148733079	1395148733079	OK	 
ACTION	Pricing	60	price	1395148725794	1395148725795	1395148733150	1395148733150	OK	 
ACTION	Pricing	73	price	1395148725876	1395148725877	1395148733231	1395148733231	OK	 
ACTION	Pricing	69	price	1395148725960	1395148725961	1395148733300	1395148733301	OK	 
ACTION	Pricing	56	price	1395148726028	1395148726029	1395148733367	1395148733367	OK	 
ACTION	Pricing	79	price	1395148726099	1395148726100	1395148733438	1395148733439	OK	 
ACTION	Pricing	10	price	1395148726173	1395148726173	1395148733509	1395148733509	OK	 
ACTION	Pricing	43	price	1395148726248	1395148726249	1395148733578	1395148733578	OK	 
ACTION	Pricing	55	price	1395148726324	1395148726324	1395148733645	1395148733645	OK	 
ACTION	Pricing	91	price	1395148726399	1395148726399	1395148733714	1395148733715	OK	 
ACTION	Pricing	25	price	1395148726476	1395148726479	1395148733786	1395148733786	OK	 
ACTION	Pricing	87	price	1395148726556	1395148726557	1395148733860	1395148733860	OK	 
ACTION	Pricing	62	price	1395148726633	1395148726634	1395148733931	1395148733932	OK	 
ACTION	Pricing	32	price	1395148726707	1395148726710	1395148734002	1395148734003	OK	 
ACTION	Pricing	5	price	1395148726787	1395148726788	1395148734069	1395148734070	OK	 
ACTION	Pricing	89	price	1395148726860	1395148726862	1395148734138	1395148734138	OK	 
ACTION	Pricing	83	price	1395148726951	1395148726953	1395148734207	1395148734208	OK	 
ACTION	Pricing	14	price	1395148727069	1395148727070	1395148734280	1395148734281	OK	 
ACTION	Pricing	84	price	1395148727097	1395148727101	1395148734351	1395148734352	OK	 
ACTION	Pricing	100	price	1395148727169	1395148727172	1395148734422	1395148734422	OK	 
ACTION	Pricing	51	price	1395148727243	1395148727243	1395148734490	1395148734490	OK	 
ACTION	Pricing	20	price	1395148727310	1395148727310	1395148734560	1395148734560	OK	 
ACTION	Pricing	24	price	1395148727379	1395148727379	1395148734629	1395148734630	OK	 
ACTION	Pricing	71	price	1395148727456	1395148727457	1395148734697	1395148734698	OK	 
ACTION	Pricing	12	price	1395148727535	1395148727535	1395148734767	1395148734768	OK	 
ACTION	Pricing	48	price	1395148727608	1395148727609	1395148734836	1395148734836	OK	 
ACTION	Pricing	29	price	1395148727684	1395148727685	1395148734908	1395148734908	OK	 
ACTION	Pricing	39	price	1395148727762	1395148727763	1395148734976	1395148734977	OK	 
ACTION	Pricing	42	price	1395148727843	1395148727844	1395148735048	1395148735048	OK	 
ACTION	Pricing	16	price	1395148727943	1395148727944	1395148735120	1395148735120	OK	 
ACTION	Pricing	59	price	1395148728020	1395148728020	1395148735191	1395148735191	OK	 
ACTION	Pricing	40	price	1395148728094	1395148728095	1395148735269	1395148735269	OK	 
ACTION	Pricing	74	price	1395148728168	1395148728169	1395148735338	1395148735338	OK	 
ACTION	Pricing	92	price	1395148728243	1395148728243	1395148735407	1395148735407	OK	 
ACTION	Pricing	49	price	1395148728315	1395148728316	1395148735475	1395148735475	OK	 
ACTION	Pricing	13	price	1395148728386	1395148728386	1395148735547	1395148735547	OK	 
ACTION	Pricing	67	price	1395148728456	1395148728457	1395148735615	1395148735615	OK	 
ACTION	Pricing	19	price	1395148728531	1395148728531	1395148735691	1395148735692	OK	 
ACTION	Pricing	54	price	1395148728601	1395148728602	1395148735764	1395148735765	OK	 
ACTION	Pricing	64	price	1395148728675	1395148728676	1395148735837	1395148735837	OK	 
ACTION	Pricing	2	price	1395148728747	1395148728747	1395148735909	1395148735910	OK	 
ACTION	Pricing	30	price	1395148728817	1395148728818	1395148735988	1395148735988	OK	 
ACTION	Pricing	70	price	1395148728915	1395148728916	1395148736065	1395148736065	OK	 
ACTION	Pricing	47	price	1395148728954	1395148728954	1395148736136	1395148736136	OK	 
ACTION	Pricing	17	price	1395148729064	1395148729065	1395148736212	1395148736212	OK	 
ACTION	Pricing	63	price	1395148729108	1395148729108	1395148736285	1395148736285	OK	 
ACTION	Pricing	81	price	1395148729193	1395148729194	1395148736357	1395148736358	OK	 
ACTION	Pricing	66	price	1395148729273	1395148729274	1395148736431	1395148736431	OK	 
ACTION	Pricing	21	price	1395148729355	1395148729356	1395148736499	1395148736500	OK	 
ACTION	Pricing	46	price	1395148729437	1395148729437	1395148736569	1395148736569	OK	 
ACTION	Pricing	34	price	1395148729514	1395148729515	1395148736638	1395148736638	OK	 
ACTION	Pricing	52	price	1395148729592	1395148729593	1395148736709	1395148736709	OK	 
ACTION	Pricing	7	price	1395148729671	1395148729672	1395148736779	1395148736780	OK	 
ACTION	Pricing	82	price	1395148729755	1395148729756	1395148736844	1395148736845	OK	 
ACTION	Pricing	98	price	1395148729834	1395148729835	1395148736910	1395148736910	OK	 
ACTION	Pricing	26	price	1395148729912	1395148729913	1395148736974	1395148736974	OK	 
ACTION	Pricing	1	price	1395148729980	1395148729981	1395148737044	1395148737044	OK	 
ACTION	Pricing	97	price	1395148730051	1395148730052	1395148737112	1395148737112	OK	 
ACTION	Pricing	58	price	1395148730122	1395148730122	1395148737183	1395148737183	OK	 
ACTION	Pricing	18	price	1395148730190	1395148730191	1395148737256	1395148737256	OK	 
ACTION	Pricing	31	price	1395148730258	1395148730258	1395148737330	1395148737330	OK	 
ACTION	Pricing	53	price	1395148730327	1395148730328	1395148737399	1395148737399	OK	 
ACTION	Pricing	96	price	1395148730399	1395148730400	1395148737467	1395148737468	OK	 
ACTION	Pricing	85	price	1395148730480	1395148730480	1395148737532	1395148737533	OK	 
ACTION	Pricing	11	price	1395148730545	1395148730545	1395148737605	1395148737605	OK	 
ACTION	Pricing	65	price	1395148730622	1395148730623	1395148737675	1395148737675	OK	 
ACTION	Pricing	45	price	1395148730701	1395148730701	1395148737745	1395148737746	OK	 
ACTION	Pricing	76	price	1395148730769	1395148730769	1395148737814	1395148737814	OK	 
ACTION	Pricing	33	price	1395148730837	1395148730837	1395148737886	1395148737887	OK	 
ACTION	Pricing	88	price	1395148730904	1395148730905	1395148737960	1395148737960	OK	 
ACTION	Pricing	61	price	1395148730974	1395148730974	1395148738036	1395148738036	OK	 
ACTION	Pricing	38	price	1395148731041	1395148731042	1395148738117	1395148738117	OK	 
ACTION	Pricing	41	price	1395148731109	1395148731110	1395148738193	1395148738193	OK	 
ACTION	Pricing	4	price	1395148731187	1395148731187	1395148738267	1395148738267	OK	 
ACTION	Pricing	15	price	1395148731256	1395148731256	1395148738341	1395148738342	OK	 
ACTION	Pricing	37	price	1395148731315	1395148731315	1395148738409	1395148738409	OK	 
ACTION	Pricing	72	price	1395148731382	1395148731383	1395148738477	1395148738477	OK	 
ACTION	Pricing	23	price	1395148731452	1395148731453	1395148738544	1395148738545	OK	 
ACTION	Pricing	9	price	1395148731524	1395148731525	1395148738614	1395148738614	OK	 
ACTION	Pricing	95	price	1395148731593	1395148731594	1395148738681	1395148738681	OK	 
ACTION	Pricing	93	price	1395148731664	1395148731665	1395148738752	1395148738753	OK	 
ACTION	Pricing	44	price	1395148731738	1395148731739	1395148738819	1395148738820	OK	 
ACTION	Pricing	6	price	1395148731810	1395148731811	1395148738887	1395148738887	OK	 
ACTION	Pricing	90	price	1395148731882	1395148731883	1395148738953	1395148738953	OK	 
ACTION	Pricing	3	price	1395148731950	1395148731950	1395148739027	1395148739027	OK	 
ACTION	Pricing	36	price	1395148732019	1395148732020	1395148739097	1395148739097	OK	 
ACTION	Pricing	27	price	1395148732088	1395148732089	1395148739170	1395148739170	OK	 
ACTION	Pricing	50	price	1395148732156	1395148732157	1395148739243	1395148739243	OK	 
ACTION	Pricing	78	price	1395148732230	1395148732231	1395148739312	1395148739312	OK	 
ACTION	Pricing	77	price	1395148732303	1395148732304	1395148739384	1395148739384	OK	 
ACTION	Pricing	57	price	1395148732390	1395148732390	1395148739456	1395148739457	OK	 
ACTION	Pricing	80	price	1395148732461	1395148732461	1395148739524	1395148739524	OK	 
ACTION	Pricing	75	price	1395148732531	1395148732532	1395148739621	1395148739621	OK	 
ACTION	Pricing	68	price	1395148732600	1395148732601	1395148739693	1395148739693	OK	 
ACTION	Pricing	86	price	1395148732668	1395148732669	1395148739766	1395148739766	OK	 
ACTION	Pricing	94	price	1395148732736	1395148732736	1395148739836	1395148739836	OK	 
ACTION	Pricing	22	price	1395148732807	1395148732808	1395148739904	1395148739904	OK	 
ACTION	Pricing	8	price	1395148732876	1395148732877	1395148739973	1395148739973	OK	 
ACTION	Pricing	28	price	1395148732943	1395148732944	1395148740040	1395148740041	OK	 
ACTION	Pricing	35	price	1395148733008	1395148733009	1395148740111	1395148740111	OK	 
ACTION	Pricing	99	price	1395148733081	1395148733082	1395148740180	1395148740180	OK	 
ACTION	Pricing	60	price	1395148733153	1395148733153	1395148740249	1395148740249	OK	 
ACTION	Pricing	73	price	1395148733233	1395148733234	1395148740325	1395148740326	OK	 
ACTION	Pricing	69	price	1395148733303	1395148733303	1395148740393	1395148740393	OK	 
ACTION	Pricing	56	price	1395148733369	1395148733369	1395148740462	1395148740462	OK	 
ACTION	Pricing	79	price	1395148733440	1395148733441	1395148740534	1395148740534	OK	 
ACTION	Pricing	10	price	1395148733511	1395148733512	1395148740603	1395148740603	OK	 
ACTION	Pricing	43	price	1395148733580	1395148733581	1395148740678	1395148740678	OK	 
ACTION	Pricing	55	price	1395148733647	1395148733648	1395148740760	1395148740760	OK	 
ACTION	Pricing	91	price	1395148733717	1395148733717	1395148740844	1395148740844	OK	 
ACTION	Pricing	25	price	1395148733788	1395148733789	1395148740918	1395148740919	OK	 
ACTION	Pricing	87	price	1395148733862	1395148733863	1395148740995	1395148740996	OK	 
ACTION	Pricing	62	price	1395148733933	1395148733934	1395148741066	1395148741066	OK	 
ACTION	Pricing	32	price	1395148734004	1395148734005	1395148741138	1395148741139	OK	 
ACTION	Pricing	5	price	1395148734072	1395148734073	1395148741211	1395148741211	OK	 
ACTION	Pricing	89	price	1395148734140	1395148734141	1395148741283	1395148741283	OK	 
ACTION	Pricing	83	price	1395148734209	1395148734210	1395148741352	1395148741352	OK	 
ACTION	Pricing	14	price	1395148734283	1395148734283	1395148741421	1395148741421	OK	 
ACTION	Pricing	84	price	1395148734354	1395148734354	1395148741496	1395148741496	OK	 
ACTION	Pricing	100	price	1395148734424	1395148734425	1395148741567	1395148741567	OK	 
ACTION	Pricing	51	price	1395148734492	1395148734493	1395148741643	1395148741643	OK	 
ACTION	Pricing	20	price	1395148734562	1395148734563	1395148741713	1395148741713	OK	 
ACTION	Pricing	24	price	1395148734631	1395148734632	1395148741786	1395148741787	OK	 
ACTION	Pricing	71	price	1395148734700	1395148734701	1395148741860	1395148741860	OK	 
ACTION	Pricing	12	price	1395148734769	1395148734770	1395148741938	1395148741938	OK	 
ACTION	Pricing	48	price	1395148734838	1395148734839	1395148742017	1395148742017	OK	 
ACTION	Pricing	29	price	1395148734910	1395148734911	1395148742100	1395148742100	OK	 
ACTION	Pricing	39	price	1395148734978	1395148734979	1395148742174	1395148742174	OK	 
ACTION	Pricing	42	price	1395148735051	1395148735052	1395148742254	1395148742254	OK	 
ACTION	Pricing	16	price	1395148735122	1395148735123	1395148742338	1395148742338	OK	 
ACTION	Pricing	59	price	1395148735193	1395148735194	1395148742421	1395148742421	OK	 
ACTION	Pricing	40	price	1395148735271	1395148735271	1395148742499	1395148742499	OK	 
ACTION	Pricing	74	price	1395148735340	1395148735341	1395148742578	1395148742578	OK	 
ACTION	Pricing	92	price	1395148735409	1395148735409	1395148742659	1395148742660	OK	 
ACTION	Pricing	49	price	1395148735477	1395148735478	1395148742739	1395148742740	OK	 
ACTION	Pricing	13	price	1395148735549	1395148735549	1395148742819	1395148742819	OK	 
ACTION	Pricing	67	price	1395148735617	1395148735617	1395148742897	1395148742897	OK	 
ACTION	Pricing	19	price	1395148735694	1395148735695	1395148742981	1395148742982	OK	 
ACTION	Pricing	54	price	1395148735766	1395148735767	1395148743060	1395148743060	OK	 
ACTION	Pricing	64	price	1395148735839	1395148735839	1395148743142	1395148743142	OK	 
ACTION	Pricing	2	price	1395148735911	1395148735912	1395148743224	1395148743224	OK	 
ACTION	Pricing	30	price	1395148735990	1395148735990	1395148743305	1395148743305	OK	 
ACTION	Pricing	70	price	1395148736067	1395148736068	1395148743397	1395148743397	OK	 
ACTION	Pricing	47	price	1395148736138	1395148736139	1395148743481	1395148743482	OK	 
ACTION	Pricing	17	price	1395148736215	1395148736215	1395148743568	1395148743569	OK	 
ACTION	Pricing	63	price	1395148736287	1395148736288	1395148743657	1395148743658	OK	 
ACTION	Pricing	81	price	1395148736360	1395148736360	1395148743745	1395148743745	OK	 
ACTION	Pricing	66	price	1395148736433	1395148736434	1395148743827	1395148743827	OK	 
ACTION	Pricing	21	price	1395148736501	1395148736502	1395148743915	1395148743916	OK	 
ACTION	Pricing	46	price	1395148736571	1395148736572	1395148744010	1395148744010	OK	 
ACTION	Pricing	34	price	1395148736640	1395148736641	1395148744105	1395148744106	OK	 
ACTION	Pricing	52	price	1395148736711	1395148736712	1395148744197	1395148744197	OK	 
ACTION	Pricing	7	price	1395148736783	1395148736784	1395148744290	1395148744290	OK	 
ACTION	Pricing	82	price	1395148736846	1395148736847	1395148744386	1395148744387	OK	 
ACTION	Pricing	98	price	1395148736911	1395148736912	1395148744478	1395148744479	OK	 
ACTION	Pricing	26	price	1395148736976	1395148736977	1395148744572	1395148744572	OK	 
ACTION	Pricing	1	price	1395148737046	1395148737047	1395148744670	1395148744670	OK	 
ACTION	Pricing	97	price	1395148737114	1395148737115	1395148744763	1395148744763	OK	 
ACTION	Pricing	58	price	1395148737185	1395148737186	1395148744854	1395148744854	OK	 
ACTION	Pricing	18	price	1395148737258	1395148737258	1395148744946	1395148744946	OK	 
ACTION	Pricing	31	price	1395148737332	1395148737333	1395148745036	1395148745037	OK	 
ACTION	Pricing	53	price	1395148737401	1395148737402	1395148745126	1395148745126	OK	 
ACTION	Pricing	96	price	1395148737469	1395148737470	1395148745215	1395148745215	OK	 
ACTION	Pricing	85	price	1395148737535	1395148737535	1395148745297	1395148745297	OK	 
ACTION	Pricing	11	price	1395148737607	1395148737608	1395148745375	1395148745376	OK	 
ACTION	Pricing	65	price	1395148737678	1395148737678	1395148745477	1395148745478	OK	 
ACTION	Pricing	45	price	1395148737747	1395148737748	1395148745558	1395148745558	OK	 
ACTION	Pricing	76	price	1395148737817	1395148737817	1395148745630	1395148745630	OK	 
ACTION	Pricing	33	price	1395148737889	1395148737890	1395148745705	1395148745705	OK	 
ACTION	Pricing	88	price	1395148737962	1395148737963	1395148745780	1395148745780	OK	 
ACTION	Pricing	61	price	1395148738039	1395148738040	1395148745856	1395148745856	OK	 
ACTION	Pricing	38	price	1395148738118	1395148738119	1395148745929	1395148745929	OK	 
ACTION	Pricing	41	price	1395148738196	1395148738197	1395148746003	1395148746003	OK	 
ACTION	Pricing	4	price	1395148738270	1395148738271	1395148746080	1395148746081	OK	 
ACTION	Pricing	15	price	1395148738344	1395148738345	1395148746150	1395148746150	OK	 
ACTION	Pricing	37	price	1395148738411	1395148738411	1395148746218	1395148746218	OK	 
ACTION	Pricing	72	price	1395148738478	1395148738479	1395148746290	1395148746291	OK	 
ACTION	Pricing	23	price	1395148738546	1395148738547	1395148746370	1395148746370	OK	 
ACTION	Pricing	9	price	1395148738616	1395148738617	1395148746458	1395148746458	OK	 
ACTION	Pricing	95	price	1395148738683	1395148738684	1395148746539	1395148746539	OK	 
ACTION	Pricing	93	price	1395148738754	1395148738755	1395148746616	1395148746616	OK	 
ACTION	Pricing	44	price	1395148738821	1395148738822	1395148746695	1395148746695	OK	 
ACTION	Pricing	6	price	1395148738889	1395148738890	1395148746782	1395148746783	OK	 
ACTION	Pricing	90	price	1395148738955	1395148738956	1395148746858	1395148746858	OK	 
ACTION	Pricing	3	price	1395148739030	1395148739030	1395148746935	1395148746936	OK	 
ACTION	Pricing	36	price	1395148739099	1395148739100	1395148747039	1395148747040	OK	 
ACTION	Pricing	27	price	1395148739171	1395148739172	1395148747161	1395148747161	OK	 
ACTION	Pricing	50	price	1395148739245	1395148739246	1395148747241	1395148747241	OK	 
ACTION	Pricing	78	price	1395148739315	1395148739315	1395148747320	1395148747320	OK	 
ACTION	Pricing	77	price	1395148739385	1395148739386	1395148747399	1395148747400	OK	 
ACTION	Pricing	57	price	1395148739459	1395148739459	1395148747465	1395148747466	OK	 
ACTION	Pricing	80	price	1395148739525	1395148739526	1395148747539	1395148747540	OK	 
ACTION	Pricing	75	price	1395148739624	1395148739624	1395148747613	1395148747614	OK	 
ACTION	Pricing	68	price	1395148739695	1395148739695	1395148747693	1395148747693	OK	 
ACTION	Pricing	86	price	1395148739768	1395148739768	1395148747770	1395148747770	OK	 
ACTION	Pricing	94	price	1395148739838	1395148739839	1395148747843	1395148747843	OK	 
ACTION	Pricing	22	price	1395148739906	1395148739907	1395148747921	1395148747921	OK	 
ACTION	Pricing	8	price	1395148739975	1395148739975	1395148747991	1395148747993	OK	 
ACTION	Pricing	28	price	1395148740043	1395148740043	1395148748069	1395148748076	OK	 
ACTION	Pricing	35	price	1395148740113	1395148740113	1395148748148	1395148748148	OK	 
ACTION	Pricing	99	price	1395148740182	1395148740183	1395148748226	1395148748226	OK	 
ACTION	Pricing	60	price	1395148740251	1395148740252	1395148748304	1395148748304	OK	 
ACTION	Pricing	73	price	1395148740328	1395148740328	1395148748382	1395148748383	OK	 
ACTION	Pricing	69	price	1395148740395	1395148740395	1395148748458	1395148748458	OK	 
ACTION	Pricing	56	price	1395148740464	1395148740465	1395148748534	1395148748535	OK	 
ACTION	Pricing	79	price	1395148740536	1395148740537	1395148748614	1395148748615	OK	 
ACTION	Pricing	10	price	1395148740605	1395148740606	1395148748687	1395148748687	OK	 
ACTION	Pricing	43	price	1395148740680	1395148740681	1395148748765	1395148748765	OK	 
ACTION	Pricing	55	price	1395148740763	1395148740764	1395148748850	1395148748850	OK	 
ACTION	Pricing	91	price	1395148740846	1395148740846	1395148748929	1395148748929	OK	 
ACTION	Pricing	25	price	1395148740921	1395148740921	1395148749010	1395148749010	OK	 
ACTION	Pricing	87	price	1395148740998	1395148740998	1395148749081	1395148749082	OK	 
ACTION	Pricing	62	price	1395148741068	1395148741069	1395148749156	1395148749156	OK	 
ACTION	Pricing	32	price	1395148741141	1395148741141	1395148749233	1395148749234	OK	 
ACTION	Pricing	5	price	1395148741214	1395148741214	1395148749325	1395148749325	OK	 
ACTION	Pricing	89	price	1395148741285	1395148741286	1395148749405	1395148749405	OK	 
ACTION	Pricing	83	price	1395148741354	1395148741355	1395148749488	1395148749488	OK	 
ACTION	Pricing	14	price	1395148741423	1395148741423	1395148749570	1395148749570	OK	 
ACTION	Pricing	84	price	1395148741497	1395148741498	1395148749679	1395148749680	OK	 
ACTION	Pricing	100	price	1395148741570	1395148741570	1395148749743	1395148749743	OK	 
ACTION	Pricing	51	price	1395148741645	1395148741645	1395148749842	1395148749842	OK	 
ACTION	Pricing	20	price	1395148741715	1395148741716	1395148749942	1395148749943	OK	 
ACTION	Pricing	24	price	1395148741789	1395148741789	1395148750045	1395148750045	OK	 
ACTION	Pricing	71	price	1395148741861	1395148741862	1395148750139	1395148750139	OK	 
ACTION	Pricing	12	price	1395148741940	1395148741940	1395148750238	1395148750238	OK	 
ACTION	Pricing	48	price	1395148742019	1395148742019	1395148750337	1395148750338	OK	 
ACTION	Pricing	29	price	1395148742102	1395148742102	1395148750429	1395148750429	OK	 
ACTION	Pricing	39	price	1395148742176	1395148742177	1395148750527	1395148750528	OK	 
ACTION	Pricing	42	price	1395148742256	1395148742257	1395148750621	1395148750622	OK	 
ACTION	Pricing	16	price	1395148742340	1395148742341	1395148750725	1395148750725	OK	 
ACTION	Pricing	59	price	1395148742423	1395148742423	1395148750821	1395148750821	OK	 
ACTION	Pricing	40	price	1395148742501	1395148742502	1395148750931	1395148750932	OK	 
ACTION	Pricing	74	price	1395148742580	1395148742581	1395148751037	1395148751037	OK	 
ACTION	Pricing	92	price	1395148742662	1395148742662	1395148751137	1395148751137	OK	 
ACTION	Pricing	49	price	1395148742741	1395148742742	1395148751236	1395148751236	OK	 
ACTION	Pricing	13	price	1395148742821	1395148742822	1395148751338	1395148751339	OK	 
ACTION	Pricing	67	price	1395148742899	1395148742900	1395148751466	1395148751467	OK	 
ACTION	Pricing	19	price	1395148742984	1395148742985	1395148751540	1395148751540	OK	 
ACTION	Pricing	54	price	1395148743062	1395148743063	1395148751641	1395148751642	OK	 
ACTION	Pricing	64	price	1395148743149	1395148743149	1395148751741	1395148751741	OK	 
ACTION	Pricing	2	price	1395148743226	1395148743227	1395148751842	1395148751842	OK	 
ACTION	Pricing	30	price	1395148743308	1395148743308	1395148751953	1395148751954	OK	 
ACTION	Pricing	70	price	1395148743400	1395148743401	1395148752056	1395148752056	OK	 
ACTION	Pricing	47	price	1395148743485	1395148743485	1395148752162	1395148752163	OK	 
ACTION	Pricing	17	price	1395148743571	1395148743571	1395148752282	1395148752282	OK	 
ACTION	Pricing	63	price	1395148743660	1395148743661	1395148752395	1395148752395	OK	 
ACTION	Pricing	81	price	1395148743748	1395148743748	1395148752487	1395148752487	OK	 
ACTION	Pricing	66	price	1395148743829	1395148743830	1395148752589	1395148752589	OK	 
ACTION	Pricing	21	price	1395148743919	1395148743920	1395148752676	1395148752677	OK	 
ACTION	Pricing	46	price	1395148744012	1395148744013	1395148752762	1395148752763	OK	 
ACTION	Pricing	34	price	1395148744108	1395148744109	1395148752841	1395148752841	OK	 
ACTION	Pricing	52	price	1395148744200	1395148744200	1395148752916	1395148752916	OK	 
ACTION	Pricing	7	price	1395148744293	1395148744293	1395148752989	1395148752989	OK	 
SCENARIO	Pricing	7	END	1395148752990
ACTION	Pricing	82	price	1395148744389	1395148744390	1395148753063	1395148753064	OK	 
SCENARIO	Pricing	82	END	1395148753065
ACTION	Pricing	98	price	1395148744482	1395148744482	1395148753134	1395148753134	OK	 
SCENARIO	Pricing	98	END	1395148753134
ACTION	Pricing	26	price	1395148744575	1395148744576	1395148753209	1395148753209	OK	 
SCENARIO	Pricing	26	END	1395148753210
ACTION	Pricing	1	price	1395148744672	1395148744673	1395148753285	1395148753286	OK	 
SCENARIO	Pricing	1	END	1395148753288
ACTION	Pricing	97	price	1395148744765	1395148744766	1395148753359	1395148753360	OK	 
SCENARIO	Pricing	97	END	1395148753360
ACTION	Pricing	58	price	1395148744856	1395148744857	1395148753431	1395148753431	OK	 
SCENARIO	Pricing	58	END	1395148753432
ACTION	Pricing	18	price	1395148744948	1395148744948	1395148753502	1395148753502	OK	 
SCENARIO	Pricing	18	END	1395148753503
ACTION	Pricing	31	price	1395148745039	1395148745039	1395148753572	1395148753572	OK	 
SCENARIO	Pricing	31	END	1395148753573
ACTION	Pricing	53	price	1395148745128	1395148745129	1395148753639	1395148753639	OK	 
SCENARIO	Pricing	53	END	1395148753640
ACTION	Pricing	96	price	1395148745217	1395148745218	1395148753712	1395148753712	OK	 
SCENARIO	Pricing	96	END	1395148753713
ACTION	Pricing	85	price	1395148745300	1395148745300	1395148753785	1395148753785	OK	 
SCENARIO	Pricing	85	END	1395148753786
ACTION	Pricing	11	price	1395148745378	1395148745378	1395148753861	1395148753862	OK	 
SCENARIO	Pricing	11	END	1395148753863
ACTION	Pricing	65	price	1395148745479	1395148745480	1395148753930	1395148753931	OK	 
SCENARIO	Pricing	65	END	1395148753931
ACTION	Pricing	45	price	1395148745560	1395148745561	1395148754002	1395148754002	OK	 
SCENARIO	Pricing	45	END	1395148754003
ACTION	Pricing	76	price	1395148745632	1395148745632	1395148754081	1395148754081	OK	 
SCENARIO	Pricing	76	END	1395148754082
ACTION	Pricing	33	price	1395148745707	1395148745708	1395148754166	1395148754166	OK	 
SCENARIO	Pricing	33	END	1395148754167
ACTION	Pricing	88	price	1395148745782	1395148745782	1395148754251	1395148754251	OK	 
SCENARIO	Pricing	88	END	1395148754253
ACTION	Pricing	61	price	1395148745858	1395148745859	1395148754342	1395148754343	OK	 
SCENARIO	Pricing	61	END	1395148754344
ACTION	Pricing	38	price	1395148745931	1395148745932	1395148754434	1395148754434	OK	 
SCENARIO	Pricing	38	END	1395148754435
ACTION	Pricing	41	price	1395148746005	1395148746006	1395148754522	1395148754523	OK	 
SCENARIO	Pricing	41	END	1395148754524
ACTION	Pricing	4	price	1395148746082	1395148746083	1395148754610	1395148754610	OK	 
SCENARIO	Pricing	4	END	1395148754611
ACTION	Pricing	15	price	1395148746152	1395148746153	1395148754694	1395148754694	OK	 
SCENARIO	Pricing	15	END	1395148754695
ACTION	Pricing	37	price	1395148746220	1395148746220	1395148754781	1395148754781	OK	 
SCENARIO	Pricing	37	END	1395148754782
ACTION	Pricing	72	price	1395148746293	1395148746293	1395148754864	1395148754864	OK	 
SCENARIO	Pricing	72	END	1395148754865
ACTION	Pricing	23	price	1395148746373	1395148746373	1395148754948	1395148754949	OK	 
SCENARIO	Pricing	23	END	1395148754950
ACTION	Pricing	9	price	1395148746460	1395148746461	1395148755032	1395148755033	OK	 
SCENARIO	Pricing	9	END	1395148755034
ACTION	Pricing	95	price	1395148746541	1395148746542	1395148755111	1395148755112	OK	 
SCENARIO	Pricing	95	END	1395148755113
ACTION	Pricing	93	price	1395148746618	1395148746619	1395148755191	1395148755191	OK	 
SCENARIO	Pricing	93	END	1395148755192
ACTION	Pricing	44	price	1395148746697	1395148746698	1395148755272	1395148755272	OK	 
SCENARIO	Pricing	44	END	1395148755273
ACTION	Pricing	6	price	1395148746785	1395148746786	1395148755355	1395148755355	OK	 
SCENARIO	Pricing	6	END	1395148755356
ACTION	Pricing	90	price	1395148746860	1395148746861	1395148755433	1395148755433	OK	 
SCENARIO	Pricing	90	END	1395148755434
ACTION	Pricing	3	price	1395148746938	1395148746938	1395148755515	1395148755515	OK	 
SCENARIO	Pricing	3	END	1395148755516
ACTION	Pricing	36	price	1395148747043	1395148747045	1395148755595	1395148755596	OK	 
SCENARIO	Pricing	36	END	1395148755596
ACTION	Pricing	27	price	1395148747163	1395148747164	1395148755681	1395148755682	OK	 
SCENARIO	Pricing	27	END	1395148755682
ACTION	Pricing	50	price	1395148747244	1395148747245	1395148755760	1395148755761	OK	 
SCENARIO	Pricing	50	END	1395148755762
ACTION	Pricing	78	price	1395148747322	1395148747323	1395148755846	1395148755846	OK	 
SCENARIO	Pricing	78	END	1395148755848
ACTION	Pricing	77	price	1395148747401	1395148747402	1395148755924	1395148755924	OK	 
SCENARIO	Pricing	77	END	1395148755925
ACTION	Pricing	57	price	1395148747467	1395148747468	1395148756002	1395148756002	OK	 
SCENARIO	Pricing	57	END	1395148756003
ACTION	Pricing	80	price	1395148747541	1395148747542	1395148756077	1395148756077	OK	 
SCENARIO	Pricing	80	END	1395148756078
ACTION	Pricing	75	price	1395148747615	1395148747616	1395148756154	1395148756155	OK	 
SCENARIO	Pricing	75	END	1395148756155
ACTION	Pricing	68	price	1395148747695	1395148747696	1395148756231	1395148756231	OK	 
SCENARIO	Pricing	68	END	1395148756232
ACTION	Pricing	86	price	1395148747773	1395148747773	1395148756311	1395148756312	OK	 
SCENARIO	Pricing	86	END	1395148756312
ACTION	Pricing	94	price	1395148747845	1395148747845	1395148756392	1395148756392	OK	 
SCENARIO	Pricing	94	END	1395148756393
ACTION	Pricing	22	price	1395148747923	1395148747924	1395148756471	1395148756472	OK	 
SCENARIO	Pricing	22	END	1395148756473
ACTION	Pricing	8	price	1395148747994	1395148747995	1395148756557	1395148756557	OK	 
SCENARIO	Pricing	8	END	1395148756558
ACTION	Pricing	28	price	1395148748081	1395148748082	1395148756638	1395148756639	OK	 
SCENARIO	Pricing	28	END	1395148756640
ACTION	Pricing	35	price	1395148748150	1395148748151	1395148756720	1395148756720	OK	 
SCENARIO	Pricing	35	END	1395148756721
ACTION	Pricing	99	price	1395148748227	1395148748228	1395148756803	1395148756803	OK	 
SCENARIO	Pricing	99	END	1395148756804
ACTION	Pricing	60	price	1395148748306	1395148748307	1395148756884	1395148756885	OK	 
SCENARIO	Pricing	60	END	1395148756886
ACTION	Pricing	73	price	1395148748384	1395148748385	1395148756957	1395148756957	OK	 
SCENARIO	Pricing	73	END	1395148756958
ACTION	Pricing	69	price	1395148748461	1395148748461	1395148757034	1395148757034	OK	 
SCENARIO	Pricing	69	END	1395148757035
ACTION	Pricing	56	price	1395148748536	1395148748537	1395148757106	1395148757106	OK	 
SCENARIO	Pricing	56	END	1395148757107
ACTION	Pricing	79	price	1395148748616	1395148748617	1395148757176	1395148757176	OK	 
SCENARIO	Pricing	79	END	1395148757177
ACTION	Pricing	10	price	1395148748689	1395148748689	1395148757245	1395148757245	OK	 
SCENARIO	Pricing	10	END	1395148757246
ACTION	Pricing	43	price	1395148748767	1395148748768	1395148757314	1395148757314	OK	 
SCENARIO	Pricing	43	END	1395148757315
ACTION	Pricing	55	price	1395148748852	1395148748852	1395148757385	1395148757385	OK	 
SCENARIO	Pricing	55	END	1395148757386
ACTION	Pricing	91	price	1395148748931	1395148748932	1395148757452	1395148757452	OK	 
SCENARIO	Pricing	91	END	1395148757452
ACTION	Pricing	25	price	1395148749012	1395148749013	1395148757516	1395148757516	OK	 
SCENARIO	Pricing	25	END	1395148757517
ACTION	Pricing	87	price	1395148749084	1395148749084	1395148757584	1395148757584	OK	 
SCENARIO	Pricing	87	END	1395148757585
ACTION	Pricing	62	price	1395148749158	1395148749158	1395148757653	1395148757653	OK	 
SCENARIO	Pricing	62	END	1395148757654
ACTION	Pricing	32	price	1395148749237	1395148749237	1395148757724	1395148757725	OK	 
SCENARIO	Pricing	32	END	1395148757725
ACTION	Pricing	5	price	1395148749327	1395148749328	1395148757795	1395148757796	OK	 
SCENARIO	Pricing	5	END	1395148757796
ACTION	Pricing	89	price	1395148749407	1395148749408	1395148757863	1395148757863	OK	 
SCENARIO	Pricing	89	END	1395148757864
ACTION	Pricing	83	price	1395148749490	1395148749491	1395148757938	1395148757938	OK	 
SCENARIO	Pricing	83	END	1395148757939
ACTION	Pricing	14	price	1395148749573	1395148749574	1395148758013	1395148758013	OK	 
SCENARIO	Pricing	14	END	1395148758014
ACTION	Pricing	84	price	1395148749681	1395148749682	1395148758089	1395148758089	OK	 
SCENARIO	Pricing	84	END	1395148758090
ACTION	Pricing	100	price	1395148749745	1395148749746	1395148758163	1395148758163	OK	 
SCENARIO	Pricing	100	END	1395148758165
ACTION	Pricing	51	price	1395148749845	1395148749845	1395148758234	1395148758235	OK	 
SCENARIO	Pricing	51	END	1395148758235
ACTION	Pricing	20	price	1395148749945	1395148749946	1395148758300	1395148758300	OK	 
SCENARIO	Pricing	20	END	1395148758301
ACTION	Pricing	24	price	1395148750047	1395148750048	1395148758367	1395148758367	OK	 
SCENARIO	Pricing	24	END	1395148758368
ACTION	Pricing	71	price	1395148750142	1395148750142	1395148758434	1395148758435	OK	 
SCENARIO	Pricing	71	END	1395148758436
ACTION	Pricing	12	price	1395148750241	1395148750242	1395148758509	1395148758510	OK	 
SCENARIO	Pricing	12	END	1395148758511
ACTION	Pricing	48	price	1395148750340	1395148750341	1395148758585	1395148758586	OK	 
SCENARIO	Pricing	48	END	1395148758586
ACTION	Pricing	29	price	1395148750431	1395148750432	1395148758664	1395148758664	OK	 
SCENARIO	Pricing	29	END	1395148758665
ACTION	Pricing	39	price	1395148750530	1395148750531	1395148758772	1395148758773	OK	 
SCENARIO	Pricing	39	END	1395148758774
ACTION	Pricing	42	price	1395148750624	1395148750624	1395148758836	1395148758836	OK	 
SCENARIO	Pricing	42	END	1395148758837
ACTION	Pricing	16	price	1395148750728	1395148750729	1395148758909	1395148758910	OK	 
SCENARIO	Pricing	16	END	1395148758910
ACTION	Pricing	59	price	1395148750823	1395148750824	1395148758982	1395148758983	OK	 
SCENARIO	Pricing	59	END	1395148758983
ACTION	Pricing	40	price	1395148750934	1395148750936	1395148759050	1395148759050	OK	 
SCENARIO	Pricing	40	END	1395148759051
ACTION	Pricing	74	price	1395148751039	1395148751040	1395148759123	1395148759123	OK	 
SCENARIO	Pricing	74	END	1395148759124
ACTION	Pricing	92	price	1395148751138	1395148751139	1395148759195	1395148759196	OK	 
SCENARIO	Pricing	92	END	1395148759196
ACTION	Pricing	49	price	1395148751240	1395148751241	1395148759271	1395148759272	OK	 
SCENARIO	Pricing	49	END	1395148759272
ACTION	Pricing	13	price	1395148751341	1395148751342	1395148759356	1395148759356	OK	 
SCENARIO	Pricing	13	END	1395148759357
ACTION	Pricing	67	price	1395148751469	1395148751470	1395148759438	1395148759439	OK	 
SCENARIO	Pricing	67	END	1395148759440
ACTION	Pricing	19	price	1395148751543	1395148751545	1395148759517	1395148759517	OK	 
SCENARIO	Pricing	19	END	1395148759518
ACTION	Pricing	54	price	1395148751645	1395148751646	1395148759593	1395148759594	OK	 
SCENARIO	Pricing	54	END	1395148759595
ACTION	Pricing	64	price	1395148751743	1395148751745	1395148759680	1395148759680	OK	 
SCENARIO	Pricing	64	END	1395148759681
ACTION	Pricing	2	price	1395148751845	1395148751846	1395148759759	1395148759760	OK	 
SCENARIO	Pricing	2	END	1395148759761
ACTION	Pricing	30	price	1395148751956	1395148751956	1395148759842	1395148759843	OK	 
SCENARIO	Pricing	30	END	1395148759844
ACTION	Pricing	70	price	1395148752059	1395148752060	1395148759921	1395148759922	OK	 
SCENARIO	Pricing	70	END	1395148759923
ACTION	Pricing	47	price	1395148752165	1395148752166	1395148760004	1395148760004	OK	 
SCENARIO	Pricing	47	END	1395148760006
ACTION	Pricing	17	price	1395148752286	1395148752287	1395148760086	1395148760087	OK	 
SCENARIO	Pricing	17	END	1395148760088
ACTION	Pricing	63	price	1395148752397	1395148752398	1395148760177	1395148760178	OK	 
SCENARIO	Pricing	63	END	1395148760178
ACTION	Pricing	81	price	1395148752489	1395148752490	1395148760260	1395148760261	OK	 
SCENARIO	Pricing	81	END	1395148760261
ACTION	Pricing	66	price	1395148752592	1395148752592	1395148760339	1395148760340	OK	 
SCENARIO	Pricing	66	END	1395148760341
ACTION	Pricing	21	price	1395148752679	1395148752679	1395148760423	1395148760424	OK	 
SCENARIO	Pricing	21	END	1395148760424
ACTION	Pricing	46	price	1395148752765	1395148752766	1395148760506	1395148760506	OK	 
SCENARIO	Pricing	46	END	1395148760507
ACTION	Pricing	34	price	1395148752843	1395148752844	1395148760591	1395148760591	OK	 
SCENARIO	Pricing	34	END	1395148760592
ACTION	Pricing	52	price	1395148752918	1395148752918	1395148760671	1395148760672	OK	 
SCENARIO	Pricing	52	END	1395148760672
