RUN	20140318133058	pricingsimulation	pricingsimulation
SCENARIO	Pricing	64	START	1395149461795
SCENARIO	Pricing	91	START	1395149461799
SCENARIO	Pricing	100	START	1395149461799
SCENARIO	Pricing	9	START	1395149461800
SCENARIO	Pricing	12	START	1395149461801
SCENARIO	Pricing	17	START	1395149461802
SCENARIO	Pricing	48	START	1395149461802
SCENARIO	Pricing	11	START	1395149461802
SCENARIO	Pricing	6	START	1395149461802
SCENARIO	Pricing	49	START	1395149461802
SCENARIO	Pricing	15	START	1395149461802
SCENARIO	Pricing	35	START	1395149461802
SCENARIO	Pricing	31	START	1395149461802
SCENARIO	Pricing	61	START	1395149461802
SCENARIO	Pricing	21	START	1395149461802
SCENARIO	Pricing	3	START	1395149461803
SCENARIO	Pricing	68	START	1395149461809
SCENARIO	Pricing	93	START	1395149461809
SCENARIO	Pricing	42	START	1395149461809
SCENARIO	Pricing	13	START	1395149461809
SCENARIO	Pricing	25	START	1395149461809
SCENARIO	Pricing	65	START	1395149461809
SCENARIO	Pricing	29	START	1395149461809
SCENARIO	Pricing	40	START	1395149461809
SCENARIO	Pricing	69	START	1395149461809
SCENARIO	Pricing	87	START	1395149461810
SCENARIO	Pricing	38	START	1395149461810
SCENARIO	Pricing	53	START	1395149461810
SCENARIO	Pricing	23	START	1395149461810
SCENARIO	Pricing	79	START	1395149461810
SCENARIO	Pricing	77	START	1395149461811
SCENARIO	Pricing	2	START	1395149461811
SCENARIO	Pricing	84	START	1395149461811
SCENARIO	Pricing	26	START	1395149461811
SCENARIO	Pricing	62	START	1395149461811
SCENARIO	Pricing	37	START	1395149461812
SCENARIO	Pricing	51	START	1395149461812
SCENARIO	Pricing	20	START	1395149461812
SCENARIO	Pricing	70	START	1395149461812
SCENARIO	Pricing	92	START	1395149461812
SCENARIO	Pricing	1	START	1395149461812
SCENARIO	Pricing	71	START	1395149461812
SCENARIO	Pricing	7	START	1395149461813
SCENARIO	Pricing	85	START	1395149461813
SCENARIO	Pricing	32	START	1395149461813
SCENARIO	Pricing	14	START	1395149461813
SCENARIO	Pricing	46	START	1395149461813
SCENARIO	Pricing	33	START	1395149461813
SCENARIO	Pricing	75	START	1395149461813
SCENARIO	Pricing	90	START	1395149461813
SCENARIO	Pricing	44	START	1395149461813
SCENARIO	Pricing	45	START	1395149461813
SCENARIO	Pricing	30	START	1395149461813
SCENARIO	Pricing	27	START	1395149461813
SCENARIO	Pricing	18	START	1395149461813
SCENARIO	Pricing	63	START	1395149461813
SCENARIO	Pricing	54	START	1395149461813
SCENARIO	Pricing	39	START	1395149461813
SCENARIO	Pricing	58	START	1395149461813
SCENARIO	Pricing	88	START	1395149461813
SCENARIO	Pricing	96	START	1395149461813
SCENARIO	Pricing	41	START	1395149461813
SCENARIO	Pricing	5	START	1395149461813
SCENARIO	Pricing	97	START	1395149461813
SCENARIO	Pricing	28	START	1395149461814
SCENARIO	Pricing	59	START	1395149461814
SCENARIO	Pricing	95	START	1395149461814
SCENARIO	Pricing	47	START	1395149461814
SCENARIO	Pricing	94	START	1395149461814
SCENARIO	Pricing	57	START	1395149461814
SCENARIO	Pricing	19	START	1395149461814
SCENARIO	Pricing	72	START	1395149461814
SCENARIO	Pricing	52	START	1395149461814
SCENARIO	Pricing	16	START	1395149461814
SCENARIO	Pricing	67	START	1395149461814
SCENARIO	Pricing	74	START	1395149461814
SCENARIO	Pricing	86	START	1395149461814
SCENARIO	Pricing	55	START	1395149461814
SCENARIO	Pricing	89	START	1395149461814
SCENARIO	Pricing	82	START	1395149461814
SCENARIO	Pricing	99	START	1395149461814
SCENARIO	Pricing	78	START	1395149461814
SCENARIO	Pricing	80	START	1395149461814
SCENARIO	Pricing	56	START	1395149461814
SCENARIO	Pricing	22	START	1395149461814
SCENARIO	Pricing	83	START	1395149461814
SCENARIO	Pricing	36	START	1395149461814
SCENARIO	Pricing	76	START	1395149461814
SCENARIO	Pricing	73	START	1395149461814
SCENARIO	Pricing	8	START	1395149461814
SCENARIO	Pricing	24	START	1395149461815
SCENARIO	Pricing	4	START	1395149461815
SCENARIO	Pricing	60	START	1395149461815
SCENARIO	Pricing	81	START	1395149461815
SCENARIO	Pricing	34	START	1395149461815
SCENARIO	Pricing	10	START	1395149461815
SCENARIO	Pricing	98	START	1395149461815
SCENARIO	Pricing	43	START	1395149461815
SCENARIO	Pricing	66	START	1395149461815
SCENARIO	Pricing	50	START	1395149461815
ACTION	Pricing	19	price	1395149462093	1395149462096	1395149476338	1395149476574	OK	 
ACTION	Pricing	21	price	1395149461908	1395149461930	1395149476570	1395149476578	OK	 
ACTION	Pricing	58	price	1395149462068	1395149462072	1395149476349	1395149476577	OK	 
ACTION	Pricing	98	price	1395149462154	1395149462161	1395149476339	1395149476575	OK	 
ACTION	Pricing	42	price	1395149461916	1395149461932	1395149476362	1395149476577	OK	 
ACTION	Pricing	54	price	1395149462066	1395149462069	1395149476339	1395149476574	OK	 
ACTION	Pricing	65	price	1395149461918	1395149461950	1395149476331	1395149476574	OK	 
ACTION	Pricing	70	price	1395149462007	1395149462019	1395149476336	1395149476577	OK	 
ACTION	Pricing	96	price	1395149462073	1395149462077	1395149476659	1395149476659	OK	 
ACTION	Pricing	84	price	1395149461991	1395149462001	1395149476726	1395149476727	OK	 
ACTION	Pricing	34	price	1395149462151	1395149462163	1395149476343	1395149476778	OK	 
ACTION	Pricing	14	price	1395149462046	1395149462046	1395149476360	1395149476779	OK	 
ACTION	Pricing	82	price	1395149462113	1395149462114	1395149476355	1395149476778	OK	 
ACTION	Pricing	46	price	1395149462046	1395149462048	1395149476356	1395149476779	OK	 
ACTION	Pricing	3	price	1395149461912	1395149461930	1395149476329	1395149476779	OK	 
ACTION	Pricing	11	price	1395149461884	1395149461925	1395149476336	1395149476780	OK	 
ACTION	Pricing	27	price	1395149462062	1395149462069	1395149476367	1395149476779	OK	 
ACTION	Pricing	44	price	1395149462055	1395149462059	1395149476351	1395149476784	OK	 
ACTION	Pricing	48	price	1395149461884	1395149461925	1395149476349	1395149476784	OK	 
ACTION	Pricing	71	price	1395149462029	1395149462034	1395149476333	1395149476778	OK	 
ACTION	Pricing	95	price	1395149462088	1395149462088	1395149476367	1395149476785	OK	 
ACTION	Pricing	61	price	1395149461907	1395149461942	1395149476343	1395149476785	OK	 
ACTION	Pricing	59	price	1395149462088	1395149462089	1395149476341	1395149476785	OK	 
ACTION	Pricing	24	price	1395149462141	1395149462144	1395149476368	1395149476785	OK	 
ACTION	Pricing	93	price	1395149461913	1395149461943	1395149476352	1395149476785	OK	 
ACTION	Pricing	8	price	1395149462139	1395149462141	1395149476358	1395149476785	OK	 
ACTION	Pricing	80	price	1395149462122	1395149462124	1395149476346	1395149476783	OK	 
ACTION	Pricing	4	price	1395149462143	1395149462145	1395149476354	1395149476788	OK	 
ACTION	Pricing	81	price	1395149462148	1395149462151	1395149476369	1395149476785	OK	 
ACTION	Pricing	97	price	1395149462081	1395149462082	1395149476361	1395149476790	OK	 
ACTION	Pricing	88	price	1395149462071	1395149462077	1395149476349	1395149476792	OK	 
ACTION	Pricing	36	price	1395149462132	1395149462135	1395149476358	1395149476792	OK	 
ACTION	Pricing	92	price	1395149462009	1395149462023	1395149476339	1395149476792	OK	 
ACTION	Pricing	13	price	1395149461916	1395149461932	1395149476350	1395149476793	OK	 
ACTION	Pricing	43	price	1395149462157	1395149462163	1395149476346	1395149476788	OK	 
ACTION	Pricing	57	price	1395149462091	1395149462093	1395149476369	1395149476788	OK	 
ACTION	Pricing	18	price	1395149462063	1395149462071	1395149476361	1395149476797	OK	 
ACTION	Pricing	78	price	1395149462119	1395149462121	1395149476358	1395149476791	OK	 
ACTION	Pricing	55	price	1395149462110	1395149462117	1395149476368	1395149476793	OK	 
ACTION	Pricing	2	price	1395149461985	1395149462001	1395149476352	1395149476793	OK	 
ACTION	Pricing	5	price	1395149462076	1395149462079	1395149476411	1395149476798	OK	 
ACTION	Pricing	7	price	1395149462035	1395149462039	1395149476545	1395149476800	OK	 
ACTION	Pricing	79	price	1395149461978	1395149461989	1395149476364	1395149476794	OK	 
ACTION	Pricing	16	price	1395149462102	1395149462104	1395149476336	1395149476794	OK	 
ACTION	Pricing	20	price	1395149462006	1395149462014	1395149476340	1395149476797	OK	 
ACTION	Pricing	87	price	1395149461942	1395149461968	1395149476349	1395149476797	OK	 
ACTION	Pricing	22	price	1395149462126	1395149462128	1395149476340	1395149476808	OK	 
ACTION	Pricing	12	price	1395149461879	1395149461926	1395149476341	1395149476808	OK	 
ACTION	Pricing	41	price	1395149462074	1395149462081	1395149476335	1395149476797	OK	 
ACTION	Pricing	94	price	1395149462090	1395149462093	1395149476345	1395149476809	OK	 
ACTION	Pricing	64	price	1395149461879	1395149461900	1395149476357	1395149476809	OK	 
ACTION	Pricing	25	price	1395149461918	1395149461935	1395149476365	1395149476809	OK	 
ACTION	Pricing	26	price	1395149461992	1395149462002	1395149476410	1395149476797	OK	 
ACTION	Pricing	85	price	1395149462036	1395149462041	1395149476353	1395149476793	OK	 
ACTION	Pricing	9	price	1395149461884	1395149461899	1395149476354	1395149476793	OK	 
ACTION	Pricing	30	price	1395149462059	1395149462061	1395149476366	1395149476809	OK	 
ACTION	Pricing	68	price	1395149461912	1395149461933	1395149476412	1395149476810	OK	 
ACTION	Pricing	74	price	1395149462106	1395149462107	1395149476355	1395149476793	OK	 
ACTION	Pricing	28	price	1395149462083	1395149462087	1395149476549	1395149476810	OK	 
ACTION	Pricing	56	price	1395149462124	1395149462127	1395149476356	1395149476793	OK	 
ACTION	Pricing	17	price	1395149461884	1395149461941	1395149476354	1395149476791	OK	 
ACTION	Pricing	33	price	1395149462051	1395149462051	1395149476359	1395149476793	OK	 
ACTION	Pricing	10	price	1395149462152	1395149462162	1395149476363	1395149476793	OK	 
ACTION	Pricing	60	price	1395149462147	1395149462148	1395149476341	1395149476810	OK	 
ACTION	Pricing	50	price	1395149462165	1395149462170	1395149476366	1395149476794	OK	 
ACTION	Pricing	45	price	1395149462057	1395149462060	1395149476338	1395149476794	OK	 
ACTION	Pricing	32	price	1395149462042	1395149462045	1395149476342	1395149476810	OK	 
ACTION	Pricing	35	price	1395149461903	1395149461928	1395149476362	1395149476794	OK	 
ACTION	Pricing	73	price	1395149462137	1395149462140	1395149476343	1395149476810	OK	 
ACTION	Pricing	86	price	1395149462106	1395149462109	1395149476545	1395149476810	OK	 
ACTION	Pricing	1	price	1395149462027	1395149462031	1395149476344	1395149476810	OK	 
ACTION	Pricing	49	price	1395149461899	1395149461942	1395149476550	1395149476815	OK	 
ACTION	Pricing	51	price	1395149462005	1395149462013	1395149476345	1395149476810	OK	 
ACTION	Pricing	23	price	1395149461975	1395149461984	1395149476346	1395149476811	OK	 
ACTION	Pricing	6	price	1395149461899	1395149461928	1395149476361	1395149476811	OK	 
ACTION	Pricing	76	price	1395149462134	1395149462136	1395149476334	1395149476820	OK	 
ACTION	Pricing	53	price	1395149461971	1395149461975	1395149476333	1395149476820	OK	 
ACTION	Pricing	72	price	1395149462097	1395149462098	1395149476554	1395149476820	OK	 
ACTION	Pricing	37	price	1395149462005	1395149462015	1395149476542	1395149476821	OK	 
ACTION	Pricing	99	price	1395149462115	1395149462117	1395149476542	1395149476810	OK	 
ACTION	Pricing	47	price	1395149462088	1395149462094	1395149476352	1395149476821	OK	 
ACTION	Pricing	77	price	1395149461980	1395149462001	1395149476337	1395149476793	OK	 
ACTION	Pricing	66	price	1395149462160	1395149462165	1395149476925	1395149476925	OK	 
ACTION	Pricing	39	price	1395149462067	1395149462070	1395149476999	1395149476999	OK	 
ACTION	Pricing	90	price	1395149462054	1395149462055	1395149477164	1395149477165	OK	 
ACTION	Pricing	83	price	1395149462129	1395149462131	1395149477233	1395149477234	OK	 
ACTION	Pricing	69	price	1395149461923	1395149461952	1395149477390	1395149477390	OK	 
ACTION	Pricing	29	price	1395149461920	1395149461934	1395149477599	1395149477599	OK	 
ACTION	Pricing	67	price	1395149462104	1395149462105	1395149477694	1395149477694	OK	 
ACTION	Pricing	15	price	1395149461903	1395149461927	1395149477701	1395149477701	OK	 
ACTION	Pricing	52	price	1395149462099	1395149462102	1395149477859	1395149477860	OK	 
ACTION	Pricing	89	price	1395149462111	1395149462112	1395149477860	1395149477860	OK	 
ACTION	Pricing	62	price	1395149461996	1395149462013	1395149477878	1395149477879	OK	 
ACTION	Pricing	40	price	1395149461921	1395149461935	1395149485253	1395149485253	OK	 
ACTION	Pricing	31	price	1395149461904	1395149461931	1395149485294	1395149485294	OK	 
ACTION	Pricing	38	price	1395149461945	1395149461961	1395149485646	1395149485646	OK	 
ACTION	Pricing	75	price	1395149462051	1395149462053	1395149485699	1395149485699	OK	 
ACTION	Pricing	91	price	1395149461877	1395149461899	1395149485834	1395149485835	OK	 
ACTION	Pricing	64	price	1395149476884	1395149476885	1395149485838	1395149485839	OK	 
ACTION	Pricing	63	price	1395149462066	1395149462068	1395149485894	1395149485894	OK	 
ACTION	Pricing	100	price	1395149461884	1395149461897	1395149485931	1395149485931	OK	 
ACTION	Pricing	36	price	1395149476860	1395149476861	1395149486262	1395149486264	OK	 
ACTION	Pricing	25	price	1395149476886	1395149476886	1395149486264	1395149486264	OK	 
ACTION	Pricing	76	price	1395149476920	1395149476920	1395149486615	1395149486615	OK	 
ACTION	Pricing	41	price	1395149476882	1395149476882	1395149486739	1395149486740	OK	 
ACTION	Pricing	32	price	1395149476907	1395149476908	1395149486902	1395149486902	OK	 
ACTION	Pricing	16	price	1395149476876	1395149476876	1395149487076	1395149487077	OK	 
ACTION	Pricing	47	price	1395149476932	1395149476932	1395149487078	1395149487078	OK	 
ACTION	Pricing	18	price	1395149476866	1395149476867	1395149487195	1395149487195	OK	 
ACTION	Pricing	51	price	1395149476916	1395149476917	1395149487197	1395149487197	OK	 
ACTION	Pricing	53	price	1395149476921	1395149476922	1395149487199	1395149487199	OK	 
ACTION	Pricing	90	price	1395149477167	1395149477169	1395149487198	1395149487200	OK	 
ACTION	Pricing	22	price	1395149476880	1395149476880	1395149487207	1395149487208	OK	 
ACTION	Pricing	10	price	1395149476903	1395149476904	1395149487209	1395149487210	OK	 
ACTION	Pricing	67	price	1395149477696	1395149477697	1395149487255	1395149487256	OK	 
ACTION	Pricing	69	price	1395149477392	1395149477393	1395149487428	1395149487428	OK	 
ACTION	Pricing	44	price	1395149476840	1395149476840	1395149487626	1395149487626	OK	 
ACTION	Pricing	93	price	1395149476851	1395149476852	1395149487625	1395149487626	OK	 
ACTION	Pricing	48	price	1395149476840	1395149476841	1395149487627	1395149487627	OK	 
ACTION	Pricing	12	price	1395149476880	1395149476880	1395149487632	1395149487632	OK	 
ACTION	Pricing	73	price	1395149476910	1395149476911	1395149487626	1395149487632	OK	 
ACTION	Pricing	23	price	1395149476917	1395149476925	1395149487632	1395149487633	OK	 
ACTION	Pricing	94	price	1395149476883	1395149476883	1395149487634	1395149487634	OK	 
ACTION	Pricing	88	price	1395149476859	1395149476860	1395149487624	1395149487627	OK	 
ACTION	Pricing	78	price	1395149476867	1395149476868	1395149487637	1395149487637	OK	 
ACTION	Pricing	13	price	1395149476863	1395149476863	1395149487639	1395149487639	OK	 
ACTION	Pricing	74	price	1395149476896	1395149476896	1395149487640	1395149487640	OK	 
ACTION	Pricing	26	price	1395149476887	1395149476888	1395149487785	1395149487785	OK	 
ACTION	Pricing	15	price	1395149477706	1395149477707	1395149487810	1395149487811	OK	 
ACTION	Pricing	98	price	1395149476654	1395149476654	1395149487952	1395149487952	OK	 
ACTION	Pricing	42	price	1395149476667	1395149476669	1395149487953	1395149487954	OK	 
ACTION	Pricing	62	price	1395149477880	1395149477881	1395149488048	1395149488048	OK	 
ACTION	Pricing	89	price	1395149477865	1395149477867	1395149488077	1395149488078	OK	 
ACTION	Pricing	52	price	1395149477862	1395149477864	1395149488149	1395149488149	OK	 
ACTION	Pricing	95	price	1395149476847	1395149476847	1395149488287	1395149488288	OK	 
ACTION	Pricing	1	price	1395149476913	1395149476915	1395149488288	1395149488288	OK	 
ACTION	Pricing	11	price	1395149476830	1395149476830	1395149488288	1395149488288	OK	 
ACTION	Pricing	50	price	1395149476905	1395149476906	1395149488289	1395149488289	OK	 
ACTION	Pricing	24	price	1395149476850	1395149476851	1395149488292	1395149488293	OK	 
ACTION	Pricing	75	price	1395149485701	1395149485703	1395149488566	1395149488566	OK	 
ACTION	Pricing	2	price	1395149476870	1395149476871	1395149488628	1395149488628	OK	 
ACTION	Pricing	38	price	1395149485649	1395149485650	1395149488637	1395149488637	OK	 
ACTION	Pricing	31	price	1395149485296	1395149485298	1395149488758	1395149488758	OK	 
ACTION	Pricing	96	price	1395149476669	1395149476670	1395149488904	1395149488905	OK	 
ACTION	Pricing	40	price	1395149485255	1395149485257	1395149488954	1395149488954	OK	 
ACTION	Pricing	70	price	1395149476657	1395149476658	1395149489155	1395149489156	OK	 
ACTION	Pricing	29	price	1395149477601	1395149477602	1395149491273	1395149491273	OK	 
ACTION	Pricing	96	price	1395149488906	1395149488907	1395149491746	1395149491746	OK	 
ACTION	Pricing	11	price	1395149488295	1395149488296	1395149491785	1395149491785	OK	 
ACTION	Pricing	1	price	1395149488294	1395149488295	1395149492019	1395149492020	OK	 
SCENARIO	Pricing	1	END	1395149492021
ACTION	Pricing	98	price	1395149487956	1395149487957	1395149492124	1395149492124	OK	 
SCENARIO	Pricing	98	END	1395149492125
ACTION	Pricing	94	price	1395149487642	1395149487643	1395149492310	1395149492310	OK	 
SCENARIO	Pricing	94	END	1395149492311
ACTION	Pricing	74	price	1395149487647	1395149487647	1395149492643	1395149492644	OK	 
SCENARIO	Pricing	74	END	1395149492644
ACTION	Pricing	66	price	1395149476933	1395149476933	1395149492658	1395149492658	OK	 
SCENARIO	Pricing	66	END	1395149492659
ACTION	Pricing	78	price	1395149487644	1395149487645	1395149492720	1395149492721	OK	 
SCENARIO	Pricing	78	END	1395149492722
ACTION	Pricing	12	price	1395149487635	1395149487638	1395149493106	1395149493107	OK	 
SCENARIO	Pricing	12	END	1395149493108
ACTION	Pricing	23	price	1395149487639	1395149487641	1395149493422	1395149493423	OK	 
SCENARIO	Pricing	23	END	1395149493423
ACTION	Pricing	88	price	1395149487643	1395149487644	1395149493470	1395149493471	OK	 
SCENARIO	Pricing	88	END	1395149493471
ACTION	Pricing	10	price	1395149487212	1395149487212	1395149493949	1395149493949	OK	 
SCENARIO	Pricing	10	END	1395149493950
ACTION	Pricing	22	price	1395149487210	1395149487211	1395149494365	1395149494366	OK	 
SCENARIO	Pricing	22	END	1395149494366
ACTION	Pricing	53	price	1395149487204	1395149487204	1395149494374	1395149494375	OK	 
SCENARIO	Pricing	53	END	1395149494376
ACTION	Pricing	51	price	1395149487203	1395149487203	1395149494471	1395149494471	OK	 
SCENARIO	Pricing	51	END	1395149494472
ACTION	Pricing	90	price	1395149487205	1395149487205	1395149494610	1395149494610	OK	 
SCENARIO	Pricing	90	END	1395149494611
ACTION	Pricing	46	price	1395149476805	1395149476805	1395149494763	1395149494763	OK	 
SCENARIO	Pricing	46	END	1395149494764
ACTION	Pricing	47	price	1395149487081	1395149487081	1395149494801	1395149494801	OK	 
SCENARIO	Pricing	47	END	1395149494802
ACTION	Pricing	82	price	1395149476798	1395149476820	1395149494812	1395149494812	OK	 
SCENARIO	Pricing	82	END	1395149494813
ACTION	Pricing	6	price	1395149476919	1395149476926	1395149494815	1395149494815	OK	 
SCENARIO	Pricing	6	END	1395149494816
ACTION	Pricing	16	price	1395149487079	1395149487080	1395149494923	1395149494924	OK	 
SCENARIO	Pricing	16	END	1395149494924
ACTION	Pricing	54	price	1395149476647	1395149476651	1395149494979	1395149494979	OK	 
ACTION	Pricing	7	price	1395149476873	1395149476874	1395149494979	1395149494979	OK	 
SCENARIO	Pricing	7	END	1395149494980
SCENARIO	Pricing	54	END	1395149494981
ACTION	Pricing	99	price	1395149476927	1395149476927	1395149494981	1395149494981	OK	 
SCENARIO	Pricing	99	END	1395149494982
ACTION	Pricing	37	price	1395149476924	1395149476924	1395149494983	1395149494983	OK	 
SCENARIO	Pricing	37	END	1395149494984
ACTION	Pricing	68	price	1395149476894	1395149476894	1395149495021	1395149495021	OK	 
SCENARIO	Pricing	68	END	1395149495023
ACTION	Pricing	8	price	1395149476853	1395149476853	1395149495020	1395149495021	OK	 
SCENARIO	Pricing	8	END	1395149495024
ACTION	Pricing	17	price	1395149476898	1395149476899	1395149495024	1395149495025	OK	 
SCENARIO	Pricing	17	END	1395149495025
ACTION	Pricing	84	price	1395149476730	1395149476731	1395149495024	1395149495025	OK	 
SCENARIO	Pricing	84	END	1395149495026
ACTION	Pricing	59	price	1395149476849	1395149476849	1395149495182	1395149495183	OK	 
SCENARIO	Pricing	59	END	1395149495184
ACTION	Pricing	41	price	1395149486742	1395149486742	1395149495271	1395149495271	OK	 
SCENARIO	Pricing	41	END	1395149495272
ACTION	Pricing	72	price	1395149476922	1395149476923	1395149494984	1395149495302	OK	 
SCENARIO	Pricing	72	END	1395149495303
ACTION	Pricing	80	price	1395149476854	1395149476855	1395149495305	1395149495305	OK	 
SCENARIO	Pricing	80	END	1395149495305
ACTION	Pricing	57	price	1395149476865	1395149476865	1395149495307	1395149495307	OK	 
SCENARIO	Pricing	57	END	1395149495308
ACTION	Pricing	85	price	1395149476888	1395149476889	1395149495310	1395149495310	OK	 
SCENARIO	Pricing	85	END	1395149495311
ACTION	Pricing	56	price	1395149476897	1395149476898	1395149495315	1395149495315	OK	 
SCENARIO	Pricing	56	END	1395149495316
ACTION	Pricing	81	price	1395149476857	1395149476857	1395149495318	1395149495319	OK	 
SCENARIO	Pricing	81	END	1395149495320
ACTION	Pricing	9	price	1395149476889	1395149476890	1395149495321	1395149495321	OK	 
SCENARIO	Pricing	9	END	1395149495322
ACTION	Pricing	55	price	1395149476869	1395149476869	1395149495323	1395149495324	OK	 
SCENARIO	Pricing	55	END	1395149495325
ACTION	Pricing	92	price	1395149476862	1395149476862	1395149495327	1395149495327	OK	 
SCENARIO	Pricing	92	END	1395149495328
ACTION	Pricing	45	price	1395149476906	1395149476907	1395149495327	1395149495328	OK	 
SCENARIO	Pricing	45	END	1395149495329
ACTION	Pricing	5	price	1395149476872	1395149476872	1395149495332	1395149495332	OK	 
SCENARIO	Pricing	5	END	1395149495333
ACTION	Pricing	21	price	1395149476666	1395149476667	1395149495333	1395149495334	OK	 
SCENARIO	Pricing	21	END	1395149495335
ACTION	Pricing	65	price	1395149476656	1395149476656	1395149495335	1395149495335	OK	 
SCENARIO	Pricing	65	END	1395149495336
ACTION	Pricing	49	price	1395149476914	1395149476915	1395149495339	1395149495339	OK	 
ACTION	Pricing	28	price	1395149476895	1395149476895	1395149495338	1395149495339	OK	 
SCENARIO	Pricing	49	END	1395149495341
SCENARIO	Pricing	28	END	1395149495341
ACTION	Pricing	86	price	1395149476912	1395149476912	1395149495341	1395149495341	OK	 
SCENARIO	Pricing	86	END	1395149495342
ACTION	Pricing	76	price	1395149486617	1395149486617	1395149495495	1395149495495	OK	 
SCENARIO	Pricing	76	END	1395149495497
ACTION	Pricing	64	price	1395149485841	1395149485842	1395149495566	1395149495566	OK	 
SCENARIO	Pricing	64	END	1395149495567
ACTION	Pricing	36	price	1395149486266	1395149486267	1395149495876	1395149495876	OK	 
SCENARIO	Pricing	36	END	1395149495877
ACTION	Pricing	40	price	1395149488956	1395149488957	1395149495917	1395149495917	OK	 
SCENARIO	Pricing	40	END	1395149495918
ACTION	Pricing	39	price	1395149477001	1395149477003	1395149495932	1395149495932	OK	 
SCENARIO	Pricing	39	END	1395149495933
ACTION	Pricing	60	price	1395149476904	1395149476905	1395149495934	1395149495934	OK	 
SCENARIO	Pricing	60	END	1395149495935
ACTION	Pricing	27	price	1395149476848	1395149476848	1395149495935	1395149495936	OK	 
SCENARIO	Pricing	27	END	1395149495936
ACTION	Pricing	79	price	1395149476874	1395149476875	1395149496016	1395149496017	OK	 
SCENARIO	Pricing	79	END	1395149496018
ACTION	Pricing	43	price	1395149476864	1395149476864	1395149496017	1395149496017	OK	 
SCENARIO	Pricing	43	END	1395149496019
ACTION	Pricing	97	price	1395149476858	1395149476858	1395149496151	1395149496152	OK	 
SCENARIO	Pricing	97	END	1395149496153
ACTION	Pricing	31	price	1395149488760	1395149488761	1395149496179	1395149496179	OK	 
SCENARIO	Pricing	31	END	1395149496180
ACTION	Pricing	38	price	1395149488639	1395149488640	1395149496204	1395149496204	OK	 
SCENARIO	Pricing	38	END	1395149496205
ACTION	Pricing	75	price	1395149488568	1395149488569	1395149496468	1395149496469	OK	 
SCENARIO	Pricing	75	END	1395149496471
ACTION	Pricing	4	price	1395149476855	1395149476856	1395149496476	1395149496476	OK	 
SCENARIO	Pricing	4	END	1395149496477
ACTION	Pricing	35	price	1395149476909	1395149476910	1395149496668	1395149496668	OK	 
SCENARIO	Pricing	35	END	1395149496669
ACTION	Pricing	83	price	1395149477236	1395149477237	1395149496671	1395149496671	OK	 
SCENARIO	Pricing	83	END	1395149496672
ACTION	Pricing	33	price	1395149476899	1395149476900	1395149496670	1395149496671	OK	 
SCENARIO	Pricing	33	END	1395149496673
ACTION	Pricing	100	price	1395149485936	1395149485937	1395149496730	1395149496730	OK	 
SCENARIO	Pricing	100	END	1395149496731
ACTION	Pricing	52	price	1395149488151	1395149488152	1395149496771	1395149496771	OK	 
SCENARIO	Pricing	52	END	1395149496772
ACTION	Pricing	19	price	1395149476659	1395149476663	1395149496920	1395149496921	OK	 
SCENARIO	Pricing	19	END	1395149496922
ACTION	Pricing	58	price	1395149476664	1395149476665	1395149496921	1395149496922	OK	 
SCENARIO	Pricing	58	END	1395149496923
ACTION	Pricing	89	price	1395149488080	1395149488080	1395149496928	1395149496929	OK	 
SCENARIO	Pricing	89	END	1395149496930
ACTION	Pricing	62	price	1395149488050	1395149488051	1395149497047	1395149497048	OK	 
SCENARIO	Pricing	62	END	1395149497049
ACTION	Pricing	91	price	1395149485836	1395149485840	1395149497217	1395149497218	OK	 
SCENARIO	Pricing	91	END	1395149497219
ACTION	Pricing	15	price	1395149487813	1395149487813	1395149497248	1395149497248	OK	 
SCENARIO	Pricing	15	END	1395149497249
ACTION	Pricing	20	price	1395149476878	1395149476880	1395149497544	1395149497544	OK	 
SCENARIO	Pricing	20	END	1395149497545
ACTION	Pricing	87	price	1395149476890	1395149476891	1395149497545	1395149497546	OK	 
SCENARIO	Pricing	87	END	1395149497547
ACTION	Pricing	63	price	1395149485898	1395149485898	1395149497588	1395149497589	OK	 
SCENARIO	Pricing	63	END	1395149497589
ACTION	Pricing	67	price	1395149487258	1395149487258	1395149497607	1395149497607	OK	 
SCENARIO	Pricing	67	END	1395149497608
ACTION	Pricing	32	price	1395149486904	1395149486904	1395149497800	1395149497800	OK	 
SCENARIO	Pricing	32	END	1395149497801
ACTION	Pricing	30	price	1395149476892	1395149476892	1395149497916	1395149497917	OK	 
SCENARIO	Pricing	30	END	1395149497918
ACTION	Pricing	25	price	1395149486267	1395149486268	1395149497972	1395149497973	OK	 
SCENARIO	Pricing	25	END	1395149497974
ACTION	Pricing	3	price	1395149476807	1395149476828	1395149498054	1395149498054	OK	 
ACTION	Pricing	34	price	1395149476788	1395149476792	1395149498054	1395149498054	OK	 
SCENARIO	Pricing	3	END	1395149498055
SCENARIO	Pricing	34	END	1395149498056
ACTION	Pricing	71	price	1395149476842	1395149476845	1395149498056	1395149498056	OK	 
SCENARIO	Pricing	71	END	1395149498057
ACTION	Pricing	96	price	1395149491748	1395149491749	1395149498106	1395149498107	OK	 
SCENARIO	Pricing	96	END	1395149498107
ACTION	Pricing	14	price	1395149476797	1395149476797	1395149498236	1395149498236	OK	 
SCENARIO	Pricing	14	END	1395149498237
ACTION	Pricing	18	price	1395149487201	1395149487202	1395149498405	1395149498405	OK	 
SCENARIO	Pricing	18	END	1395149498406
ACTION	Pricing	70	price	1395149489158	1395149489159	1395149498505	1395149498505	OK	 
SCENARIO	Pricing	70	END	1395149498506
ACTION	Pricing	69	price	1395149487430	1395149487431	1395149498651	1395149498651	OK	 
SCENARIO	Pricing	69	END	1395149498652
ACTION	Pricing	73	price	1395149487638	1395149487638	1395149498780	1395149498780	OK	 
SCENARIO	Pricing	73	END	1395149498781
ACTION	Pricing	44	price	1395149487629	1395149487630	1395149498949	1395149498949	OK	 
SCENARIO	Pricing	44	END	1395149498950
ACTION	Pricing	13	price	1395149487646	1395149487646	1395149499006	1395149499006	OK	 
SCENARIO	Pricing	13	END	1395149499007
ACTION	Pricing	50	price	1395149488297	1395149488297	1395149499246	1395149499246	OK	 
SCENARIO	Pricing	50	END	1395149499247
ACTION	Pricing	24	price	1395149488298	1395149488299	1395149499278	1395149499279	OK	 
SCENARIO	Pricing	24	END	1395149499279
ACTION	Pricing	2	price	1395149488630	1395149488630	1395149499283	1395149499284	OK	 
SCENARIO	Pricing	2	END	1395149499285
ACTION	Pricing	42	price	1395149487958	1395149487959	1395149499300	1395149499300	OK	 
SCENARIO	Pricing	42	END	1395149499301
ACTION	Pricing	29	price	1395149491276	1395149491277	1395149499320	1395149499320	OK	 
SCENARIO	Pricing	29	END	1395149499321
ACTION	Pricing	77	price	1395149476932	1395149476932	1395149499327	1395149499328	OK	 
SCENARIO	Pricing	77	END	1395149499328
ACTION	Pricing	61	price	1395149476847	1395149476848	1395149499342	1395149499342	OK	 
SCENARIO	Pricing	61	END	1395149499344
ACTION	Pricing	26	price	1395149487787	1395149487788	1395149499343	1395149499343	OK	 
SCENARIO	Pricing	26	END	1395149499344
ACTION	Pricing	48	price	1395149487631	1395149487632	1395149499346	1395149499346	OK	 
SCENARIO	Pricing	48	END	1395149499347
ACTION	Pricing	95	price	1395149488293	1395149488294	1395149499357	1395149499357	OK	 
SCENARIO	Pricing	95	END	1395149499358
ACTION	Pricing	93	price	1395149487631	1395149487636	1395149499360	1395149499360	OK	 
SCENARIO	Pricing	93	END	1395149499361
ACTION	Pricing	11	price	1395149491787	1395149491787	1395149499375	1395149499376	OK	 
SCENARIO	Pricing	11	END	1395149499376
