RUN	20140318092058	pricingsimulation	pricingsimulation
SCENARIO	Pricing	3	START	1395134461112
SCENARIO	Pricing	2	START	1395134461115
SCENARIO	Pricing	6	START	1395134461116
SCENARIO	Pricing	5	START	1395134461116
SCENARIO	Pricing	4	START	1395134461116
SCENARIO	Pricing	1	START	1395134461117
ACTION	Pricing	3	price	1395134461203	1395134461210	1395134461907	1395134461907	OK	 
ACTION	Pricing	1	price	1395134461207	1395134461239	1395134461888	1395134461903	OK	 
ACTION	Pricing	5	price	1395134461205	1395134461218	1395134461941	1395134461941	OK	 
ACTION	Pricing	4	price	1395134461205	1395134461240	1395134461887	1395134461904	OK	 
ACTION	Pricing	6	price	1395134461203	1395134461214	1395134461887	1395134461903	OK	 
ACTION	Pricing	2	price	1395134461202	1395134461214	1395134461973	1395134461973	OK	 
ACTION	Pricing	3	price	1395134461958	1395134461965	1395134462004	1395134462004	OK	 
ACTION	Pricing	5	price	1395134462017	1395134462021	1395134462073	1395134462073	OK	 
ACTION	Pricing	4	price	1395134462032	1395134462033	1395134462113	1395134462113	OK	 
ACTION	Pricing	6	price	1395134462035	1395134462050	1395134462153	1395134462153	OK	 
ACTION	Pricing	1	price	1395134462052	1395134462055	1395134462199	1395134462200	OK	 
ACTION	Pricing	3	price	1395134462061	1395134462063	1395134462236	1395134462237	OK	 
ACTION	Pricing	2	price	1395134462056	1395134462061	1395134462267	1395134462267	OK	 
ACTION	Pricing	5	price	1395134462076	1395134462077	1395134462309	1395134462309	OK	 
ACTION	Pricing	4	price	1395134462115	1395134462116	1395134462361	1395134462362	OK	 
ACTION	Pricing	6	price	1395134462155	1395134462156	1395134462398	1395134462398	OK	 
ACTION	Pricing	1	price	1395134462202	1395134462203	1395134462436	1395134462437	OK	 
ACTION	Pricing	3	price	1395134462239	1395134462241	1395134462472	1395134462472	OK	 
ACTION	Pricing	2	price	1395134462269	1395134462270	1395134462505	1395134462506	OK	 
ACTION	Pricing	5	price	1395134462311	1395134462312	1395134462536	1395134462536	OK	 
ACTION	Pricing	4	price	1395134462363	1395134462366	1395134462573	1395134462573	OK	 
ACTION	Pricing	6	price	1395134462400	1395134462402	1395134462613	1395134462614	OK	 
ACTION	Pricing	1	price	1395134462439	1395134462443	1395134462652	1395134462653	OK	 
ACTION	Pricing	3	price	1395134462474	1395134462476	1395134462686	1395134462686	OK	 
ACTION	Pricing	2	price	1395134462507	1395134462508	1395134462718	1395134462718	OK	 
ACTION	Pricing	5	price	1395134462538	1395134462540	1395134462758	1395134462758	OK	 
ACTION	Pricing	4	price	1395134462575	1395134462576	1395134462790	1395134462791	OK	 
ACTION	Pricing	6	price	1395134462616	1395134462617	1395134462823	1395134462823	OK	 
ACTION	Pricing	1	price	1395134462655	1395134462656	1395134462861	1395134462862	OK	 
ACTION	Pricing	3	price	1395134462688	1395134462689	1395134462900	1395134462901	OK	 
ACTION	Pricing	2	price	1395134462720	1395134462721	1395134462935	1395134462936	OK	 
ACTION	Pricing	5	price	1395134462760	1395134462762	1395134462971	1395134462972	OK	 
ACTION	Pricing	4	price	1395134462793	1395134462794	1395134463010	1395134463011	OK	 
ACTION	Pricing	6	price	1395134462825	1395134462825	1395134463052	1395134463052	OK	 
ACTION	Pricing	1	price	1395134462863	1395134462865	1395134463087	1395134463088	OK	 
ACTION	Pricing	3	price	1395134462903	1395134462905	1395134463127	1395134463127	OK	 
ACTION	Pricing	2	price	1395134462937	1395134462941	1395134463158	1395134463158	OK	 
ACTION	Pricing	5	price	1395134462974	1395134462975	1395134463200	1395134463200	OK	 
ACTION	Pricing	4	price	1395134463013	1395134463014	1395134463230	1395134463231	OK	 
ACTION	Pricing	6	price	1395134463054	1395134463055	1395134463260	1395134463261	OK	 
ACTION	Pricing	1	price	1395134463089	1395134463090	1395134463292	1395134463292	OK	 
ACTION	Pricing	3	price	1395134463129	1395134463130	1395134463328	1395134463328	OK	 
ACTION	Pricing	2	price	1395134463161	1395134463161	1395134463357	1395134463357	OK	 
ACTION	Pricing	5	price	1395134463202	1395134463203	1395134463390	1395134463390	OK	 
ACTION	Pricing	4	price	1395134463233	1395134463233	1395134463423	1395134463424	OK	 
ACTION	Pricing	6	price	1395134463262	1395134463263	1395134463463	1395134463463	OK	 
ACTION	Pricing	1	price	1395134463294	1395134463295	1395134463498	1395134463498	OK	 
ACTION	Pricing	3	price	1395134463330	1395134463331	1395134463530	1395134463530	OK	 
ACTION	Pricing	2	price	1395134463359	1395134463359	1395134463564	1395134463564	OK	 
ACTION	Pricing	5	price	1395134463393	1395134463393	1395134463604	1395134463604	OK	 
ACTION	Pricing	4	price	1395134463425	1395134463427	1395134463639	1395134463639	OK	 
ACTION	Pricing	6	price	1395134463465	1395134463466	1395134463672	1395134463673	OK	 
ACTION	Pricing	1	price	1395134463500	1395134463500	1395134463707	1395134463707	OK	 
ACTION	Pricing	3	price	1395134463532	1395134463533	1395134463746	1395134463746	OK	 
ACTION	Pricing	2	price	1395134463566	1395134463567	1395134463782	1395134463783	OK	 
ACTION	Pricing	5	price	1395134463606	1395134463606	1395134463818	1395134463819	OK	 
ACTION	Pricing	4	price	1395134463641	1395134463642	1395134463859	1395134463859	OK	 
ACTION	Pricing	6	price	1395134463675	1395134463675	1395134463894	1395134463894	OK	 
ACTION	Pricing	1	price	1395134463709	1395134463709	1395134463925	1395134463926	OK	 
ACTION	Pricing	3	price	1395134463748	1395134463748	1395134463956	1395134463956	OK	 
ACTION	Pricing	2	price	1395134463785	1395134463789	1395134463989	1395134463990	OK	 
ACTION	Pricing	5	price	1395134463820	1395134463821	1395134464028	1395134464028	OK	 
ACTION	Pricing	4	price	1395134463861	1395134463862	1395134464066	1395134464066	OK	 
ACTION	Pricing	6	price	1395134463896	1395134463896	1395134464097	1395134464097	OK	 
ACTION	Pricing	1	price	1395134463927	1395134463928	1395134464132	1395134464132	OK	 
ACTION	Pricing	3	price	1395134463958	1395134463958	1395134464167	1395134464167	OK	 
ACTION	Pricing	2	price	1395134463991	1395134463992	1395134464197	1395134464198	OK	 
ACTION	Pricing	5	price	1395134464031	1395134464031	1395134464227	1395134464228	OK	 
ACTION	Pricing	4	price	1395134464068	1395134464069	1395134464259	1395134464259	OK	 
ACTION	Pricing	6	price	1395134464099	1395134464100	1395134464288	1395134464288	OK	 
ACTION	Pricing	1	price	1395134464134	1395134464134	1395134464319	1395134464319	OK	 
ACTION	Pricing	3	price	1395134464169	1395134464170	1395134464347	1395134464348	OK	 
ACTION	Pricing	2	price	1395134464200	1395134464200	1395134464378	1395134464378	OK	 
ACTION	Pricing	5	price	1395134464230	1395134464230	1395134464407	1395134464407	OK	 
ACTION	Pricing	4	price	1395134464260	1395134464261	1395134464440	1395134464440	OK	 
ACTION	Pricing	6	price	1395134464290	1395134464291	1395134464468	1395134464469	OK	 
ACTION	Pricing	1	price	1395134464321	1395134464321	1395134464498	1395134464499	OK	 
ACTION	Pricing	3	price	1395134464351	1395134464351	1395134464530	1395134464530	OK	 
ACTION	Pricing	2	price	1395134464380	1395134464381	1395134464561	1395134464561	OK	 
ACTION	Pricing	5	price	1395134464409	1395134464410	1395134464591	1395134464591	OK	 
ACTION	Pricing	4	price	1395134464441	1395134464442	1395134464621	1395134464622	OK	 
ACTION	Pricing	6	price	1395134464471	1395134464471	1395134464651	1395134464651	OK	 
ACTION	Pricing	1	price	1395134464501	1395134464502	1395134464680	1395134464680	OK	 
ACTION	Pricing	3	price	1395134464532	1395134464533	1395134464708	1395134464708	OK	 
ACTION	Pricing	2	price	1395134464563	1395134464564	1395134464739	1395134464739	OK	 
ACTION	Pricing	5	price	1395134464593	1395134464593	1395134464770	1395134464770	OK	 
ACTION	Pricing	4	price	1395134464623	1395134464624	1395134464797	1395134464798	OK	 
ACTION	Pricing	6	price	1395134464652	1395134464653	1395134464828	1395134464828	OK	 
ACTION	Pricing	1	price	1395134464681	1395134464682	1395134464867	1395134464867	OK	 
ACTION	Pricing	3	price	1395134464709	1395134464710	1395134464898	1395134464898	OK	 
ACTION	Pricing	2	price	1395134464741	1395134464742	1395134464928	1395134464928	OK	 
ACTION	Pricing	5	price	1395134464772	1395134464772	1395134464958	1395134464958	OK	 
ACTION	Pricing	4	price	1395134464799	1395134464800	1395134464989	1395134464989	OK	 
ACTION	Pricing	6	price	1395134464830	1395134464830	1395134465018	1395134465019	OK	 
ACTION	Pricing	1	price	1395134464869	1395134464870	1395134465051	1395134465051	OK	 
ACTION	Pricing	3	price	1395134464900	1395134464900	1395134465080	1395134465080	OK	 
ACTION	Pricing	2	price	1395134464930	1395134464930	1395134465111	1395134465111	OK	 
ACTION	Pricing	5	price	1395134464960	1395134464961	1395134465141	1395134465141	OK	 
ACTION	Pricing	4	price	1395134464991	1395134464992	1395134465170	1395134465170	OK	 
ACTION	Pricing	6	price	1395134465020	1395134465021	1395134465201	1395134465201	OK	 
ACTION	Pricing	1	price	1395134465053	1395134465054	1395134465230	1395134465230	OK	 
ACTION	Pricing	3	price	1395134465082	1395134465083	1395134465258	1395134465258	OK	 
ACTION	Pricing	2	price	1395134465113	1395134465113	1395134465288	1395134465289	OK	 
ACTION	Pricing	5	price	1395134465143	1395134465144	1395134465317	1395134465317	OK	 
ACTION	Pricing	4	price	1395134465172	1395134465172	1395134465346	1395134465346	OK	 
ACTION	Pricing	6	price	1395134465203	1395134465203	1395134465378	1395134465378	OK	 
ACTION	Pricing	1	price	1395134465231	1395134465232	1395134465407	1395134465407	OK	 
ACTION	Pricing	3	price	1395134465260	1395134465261	1395134465437	1395134465437	OK	 
ACTION	Pricing	2	price	1395134465290	1395134465291	1395134465471	1395134465471	OK	 
ACTION	Pricing	5	price	1395134465319	1395134465320	1395134465510	1395134465510	OK	 
ACTION	Pricing	4	price	1395134465348	1395134465349	1395134465533	1395134465534	OK	 
ACTION	Pricing	6	price	1395134465380	1395134465381	1395134465565	1395134465565	OK	 
ACTION	Pricing	1	price	1395134465408	1395134465409	1395134465594	1395134465594	OK	 
ACTION	Pricing	3	price	1395134465439	1395134465440	1395134465622	1395134465622	OK	 
ACTION	Pricing	2	price	1395134465473	1395134465473	1395134465653	1395134465653	OK	 
ACTION	Pricing	5	price	1395134465512	1395134465513	1395134465686	1395134465686	OK	 
ACTION	Pricing	4	price	1395134465535	1395134465536	1395134465714	1395134465714	OK	 
ACTION	Pricing	6	price	1395134465567	1395134465567	1395134465745	1395134465746	OK	 
ACTION	Pricing	1	price	1395134465596	1395134465596	1395134465778	1395134465778	OK	 
ACTION	Pricing	3	price	1395134465623	1395134465624	1395134465811	1395134465811	OK	 
ACTION	Pricing	2	price	1395134465656	1395134465656	1395134465843	1395134465844	OK	 
ACTION	Pricing	5	price	1395134465688	1395134465688	1395134465874	1395134465874	OK	 
ACTION	Pricing	4	price	1395134465716	1395134465716	1395134465907	1395134465907	OK	 
ACTION	Pricing	6	price	1395134465747	1395134465748	1395134465940	1395134465940	OK	 
ACTION	Pricing	1	price	1395134465780	1395134465780	1395134465971	1395134465971	OK	 
ACTION	Pricing	3	price	1395134465813	1395134465813	1395134466002	1395134466003	OK	 
ACTION	Pricing	2	price	1395134465845	1395134465846	1395134466034	1395134466034	OK	 
ACTION	Pricing	5	price	1395134465876	1395134465877	1395134466066	1395134466067	OK	 
ACTION	Pricing	4	price	1395134465909	1395134465910	1395134466100	1395134466101	OK	 
ACTION	Pricing	6	price	1395134465942	1395134465942	1395134466134	1395134466134	OK	 
ACTION	Pricing	1	price	1395134465974	1395134465974	1395134466167	1395134466168	OK	 
ACTION	Pricing	3	price	1395134466004	1395134466005	1395134466200	1395134466200	OK	 
ACTION	Pricing	2	price	1395134466035	1395134466036	1395134466231	1395134466231	OK	 
ACTION	Pricing	5	price	1395134466068	1395134466069	1395134466264	1395134466264	OK	 
ACTION	Pricing	4	price	1395134466102	1395134466103	1395134466293	1395134466293	OK	 
ACTION	Pricing	6	price	1395134466136	1395134466136	1395134466326	1395134466326	OK	 
ACTION	Pricing	1	price	1395134466170	1395134466170	1395134466360	1395134466360	OK	 
ACTION	Pricing	3	price	1395134466202	1395134466202	1395134466397	1395134466397	OK	 
ACTION	Pricing	2	price	1395134466232	1395134466233	1395134466443	1395134466444	OK	 
ACTION	Pricing	5	price	1395134466265	1395134466266	1395134466478	1395134466479	OK	 
ACTION	Pricing	4	price	1395134466297	1395134466298	1395134466529	1395134466529	OK	 
ACTION	Pricing	6	price	1395134466328	1395134466328	1395134466574	1395134466574	OK	 
ACTION	Pricing	1	price	1395134466362	1395134466362	1395134466603	1395134466603	OK	 
ACTION	Pricing	3	price	1395134466399	1395134466400	1395134466635	1395134466635	OK	 
ACTION	Pricing	2	price	1395134466445	1395134466446	1395134466667	1395134466668	OK	 
ACTION	Pricing	5	price	1395134466480	1395134466481	1395134466701	1395134466701	OK	 
ACTION	Pricing	4	price	1395134466531	1395134466531	1395134466732	1395134466732	OK	 
ACTION	Pricing	6	price	1395134466576	1395134466576	1395134466765	1395134466765	OK	 
ACTION	Pricing	1	price	1395134466605	1395134466605	1395134466798	1395134466798	OK	 
ACTION	Pricing	3	price	1395134466637	1395134466637	1395134466830	1395134466830	OK	 
ACTION	Pricing	2	price	1395134466669	1395134466670	1395134466863	1395134466863	OK	 
ACTION	Pricing	5	price	1395134466703	1395134466704	1395134466897	1395134466897	OK	 
ACTION	Pricing	4	price	1395134466734	1395134466735	1395134466928	1395134466928	OK	 
ACTION	Pricing	6	price	1395134466767	1395134466768	1395134466961	1395134466961	OK	 
ACTION	Pricing	1	price	1395134466800	1395134466800	1395134466990	1395134466990	OK	 
ACTION	Pricing	3	price	1395134466832	1395134466832	1395134467020	1395134467020	OK	 
ACTION	Pricing	2	price	1395134466865	1395134466865	1395134467052	1395134467052	OK	 
ACTION	Pricing	5	price	1395134466900	1395134466900	1395134467084	1395134467084	OK	 
ACTION	Pricing	4	price	1395134466930	1395134466930	1395134467120	1395134467120	OK	 
ACTION	Pricing	6	price	1395134466963	1395134466963	1395134467153	1395134467153	OK	 
ACTION	Pricing	1	price	1395134466991	1395134466991	1395134467189	1395134467190	OK	 
ACTION	Pricing	3	price	1395134467022	1395134467023	1395134467223	1395134467223	OK	 
ACTION	Pricing	2	price	1395134467054	1395134467054	1395134467254	1395134467254	OK	 
ACTION	Pricing	5	price	1395134467086	1395134467087	1395134467287	1395134467287	OK	 
ACTION	Pricing	4	price	1395134467122	1395134467123	1395134467320	1395134467320	OK	 
ACTION	Pricing	6	price	1395134467155	1395134467155	1395134467349	1395134467349	OK	 
ACTION	Pricing	1	price	1395134467191	1395134467192	1395134467381	1395134467381	OK	 
ACTION	Pricing	3	price	1395134467224	1395134467225	1395134467412	1395134467413	OK	 
ACTION	Pricing	2	price	1395134467256	1395134467256	1395134467443	1395134467444	OK	 
ACTION	Pricing	5	price	1395134467288	1395134467289	1395134467474	1395134467474	OK	 
ACTION	Pricing	4	price	1395134467322	1395134467322	1395134467506	1395134467506	OK	 
ACTION	Pricing	6	price	1395134467351	1395134467351	1395134467534	1395134467534	OK	 
ACTION	Pricing	1	price	1395134467382	1395134467383	1395134467564	1395134467564	OK	 
ACTION	Pricing	3	price	1395134467414	1395134467415	1395134467599	1395134467599	OK	 
ACTION	Pricing	2	price	1395134467445	1395134467446	1395134467631	1395134467632	OK	 
ACTION	Pricing	5	price	1395134467476	1395134467476	1395134467659	1395134467659	OK	 
ACTION	Pricing	4	price	1395134467508	1395134467508	1395134467689	1395134467690	OK	 
ACTION	Pricing	6	price	1395134467536	1395134467537	1395134467721	1395134467721	OK	 
ACTION	Pricing	1	price	1395134467566	1395134467566	1395134467756	1395134467756	OK	 
ACTION	Pricing	3	price	1395134467601	1395134467601	1395134467792	1395134467792	OK	 
ACTION	Pricing	2	price	1395134467633	1395134467634	1395134467824	1395134467824	OK	 
ACTION	Pricing	5	price	1395134467660	1395134467661	1395134467853	1395134467853	OK	 
ACTION	Pricing	4	price	1395134467691	1395134467692	1395134467882	1395134467882	OK	 
ACTION	Pricing	6	price	1395134467723	1395134467723	1395134467914	1395134467914	OK	 
ACTION	Pricing	1	price	1395134467758	1395134467758	1395134467943	1395134467943	OK	 
ACTION	Pricing	3	price	1395134467794	1395134467794	1395134467975	1395134467975	OK	 
ACTION	Pricing	2	price	1395134467825	1395134467826	1395134468007	1395134468007	OK	 
ACTION	Pricing	5	price	1395134467855	1395134467855	1395134468041	1395134468041	OK	 
ACTION	Pricing	4	price	1395134467883	1395134467884	1395134468076	1395134468076	OK	 
ACTION	Pricing	6	price	1395134467916	1395134467916	1395134468106	1395134468106	OK	 
ACTION	Pricing	1	price	1395134467945	1395134467946	1395134468139	1395134468139	OK	 
ACTION	Pricing	3	price	1395134467976	1395134467977	1395134468172	1395134468172	OK	 
ACTION	Pricing	2	price	1395134468009	1395134468009	1395134468204	1395134468204	OK	 
ACTION	Pricing	5	price	1395134468043	1395134468044	1395134468235	1395134468235	OK	 
ACTION	Pricing	4	price	1395134468078	1395134468079	1395134468266	1395134468267	OK	 
ACTION	Pricing	6	price	1395134468108	1395134468108	1395134468297	1395134468297	OK	 
ACTION	Pricing	1	price	1395134468140	1395134468141	1395134468340	1395134468340	OK	 
ACTION	Pricing	3	price	1395134468174	1395134468175	1395134468382	1395134468382	OK	 
ACTION	Pricing	2	price	1395134468205	1395134468206	1395134468419	1395134468420	OK	 
ACTION	Pricing	5	price	1395134468236	1395134468237	1395134468448	1395134468448	OK	 
ACTION	Pricing	4	price	1395134468268	1395134468269	1395134468476	1395134468476	OK	 
ACTION	Pricing	6	price	1395134468299	1395134468299	1395134468508	1395134468509	OK	 
ACTION	Pricing	1	price	1395134468341	1395134468342	1395134468538	1395134468538	OK	 
ACTION	Pricing	3	price	1395134468386	1395134468387	1395134468569	1395134468569	OK	 
ACTION	Pricing	2	price	1395134468421	1395134468422	1395134468598	1395134468598	OK	 
ACTION	Pricing	5	price	1395134468450	1395134468450	1395134468630	1395134468631	OK	 
ACTION	Pricing	4	price	1395134468478	1395134468479	1395134468661	1395134468661	OK	 
ACTION	Pricing	6	price	1395134468510	1395134468510	1395134468691	1395134468691	OK	 
ACTION	Pricing	1	price	1395134468540	1395134468540	1395134468720	1395134468721	OK	 
ACTION	Pricing	3	price	1395134468571	1395134468571	1395134468752	1395134468752	OK	 
ACTION	Pricing	2	price	1395134468600	1395134468601	1395134468784	1395134468784	OK	 
ACTION	Pricing	5	price	1395134468632	1395134468633	1395134468818	1395134468818	OK	 
ACTION	Pricing	4	price	1395134468663	1395134468663	1395134468851	1395134468851	OK	 
ACTION	Pricing	6	price	1395134468693	1395134468693	1395134468884	1395134468884	OK	 
ACTION	Pricing	1	price	1395134468722	1395134468723	1395134468917	1395134468917	OK	 
ACTION	Pricing	3	price	1395134468754	1395134468755	1395134468946	1395134468947	OK	 
ACTION	Pricing	2	price	1395134468786	1395134468786	1395134468979	1395134468980	OK	 
ACTION	Pricing	5	price	1395134468819	1395134468820	1395134469012	1395134469012	OK	 
ACTION	Pricing	4	price	1395134468853	1395134468854	1395134469043	1395134469043	OK	 
ACTION	Pricing	6	price	1395134468886	1395134468887	1395134469077	1395134469077	OK	 
ACTION	Pricing	1	price	1395134468919	1395134468919	1395134469108	1395134469108	OK	 
ACTION	Pricing	3	price	1395134468949	1395134468949	1395134469141	1395134469142	OK	 
ACTION	Pricing	2	price	1395134468982	1395134468982	1395134469176	1395134469176	OK	 
ACTION	Pricing	5	price	1395134469014	1395134469015	1395134469208	1395134469208	OK	 
ACTION	Pricing	4	price	1395134469045	1395134469046	1395134469259	1395134469260	OK	 
ACTION	Pricing	6	price	1395134469079	1395134469079	1395134469292	1395134469292	OK	 
ACTION	Pricing	1	price	1395134469110	1395134469111	1395134469325	1395134469326	OK	 
ACTION	Pricing	3	price	1395134469143	1395134469144	1395134469352	1395134469353	OK	 
ACTION	Pricing	2	price	1395134469178	1395134469178	1395134469381	1395134469381	OK	 
ACTION	Pricing	5	price	1395134469210	1395134469210	1395134469411	1395134469411	OK	 
ACTION	Pricing	4	price	1395134469261	1395134469262	1395134469440	1395134469440	OK	 
ACTION	Pricing	6	price	1395134469294	1395134469295	1395134469472	1395134469472	OK	 
ACTION	Pricing	1	price	1395134469327	1395134469327	1395134469500	1395134469500	OK	 
ACTION	Pricing	3	price	1395134469355	1395134469355	1395134469536	1395134469536	OK	 
ACTION	Pricing	2	price	1395134469382	1395134469383	1395134469567	1395134469567	OK	 
ACTION	Pricing	5	price	1395134469413	1395134469413	1395134469602	1395134469602	OK	 
ACTION	Pricing	4	price	1395134469442	1395134469442	1395134469630	1395134469630	OK	 
ACTION	Pricing	6	price	1395134469474	1395134469474	1395134469661	1395134469662	OK	 
ACTION	Pricing	1	price	1395134469503	1395134469504	1395134469690	1395134469690	OK	 
ACTION	Pricing	3	price	1395134469539	1395134469540	1395134469738	1395134469738	OK	 
ACTION	Pricing	2	price	1395134469569	1395134469570	1395134469770	1395134469770	OK	 
ACTION	Pricing	5	price	1395134469603	1395134469604	1395134469800	1395134469801	OK	 
ACTION	Pricing	4	price	1395134469632	1395134469632	1395134469832	1395134469833	OK	 
ACTION	Pricing	6	price	1395134469663	1395134469664	1395134469869	1395134469869	OK	 
ACTION	Pricing	1	price	1395134469692	1395134469693	1395134469907	1395134469907	OK	 
ACTION	Pricing	3	price	1395134469739	1395134469740	1395134469947	1395134469947	OK	 
ACTION	Pricing	2	price	1395134469772	1395134469772	1395134469971	1395134469972	OK	 
ACTION	Pricing	5	price	1395134469802	1395134469803	1395134470010	1395134470010	OK	 
ACTION	Pricing	4	price	1395134469836	1395134469838	1395134470048	1395134470049	OK	 
ACTION	Pricing	6	price	1395134469871	1395134469872	1395134470082	1395134470083	OK	 
ACTION	Pricing	1	price	1395134469909	1395134469910	1395134470114	1395134470114	OK	 
ACTION	Pricing	3	price	1395134469949	1395134469950	1395134470148	1395134470149	OK	 
ACTION	Pricing	2	price	1395134469973	1395134469974	1395134470183	1395134470183	OK	 
ACTION	Pricing	5	price	1395134470012	1395134470012	1395134470218	1395134470219	OK	 
ACTION	Pricing	4	price	1395134470050	1395134470051	1395134470256	1395134470257	OK	 
ACTION	Pricing	6	price	1395134470084	1395134470085	1395134470298	1395134470299	OK	 
ACTION	Pricing	1	price	1395134470115	1395134470116	1395134470334	1395134470334	OK	 
ACTION	Pricing	3	price	1395134470150	1395134470151	1395134470360	1395134470360	OK	 
ACTION	Pricing	2	price	1395134470185	1395134470185	1395134470391	1395134470392	OK	 
ACTION	Pricing	5	price	1395134470221	1395134470221	1395134470426	1395134470426	OK	 
ACTION	Pricing	4	price	1395134470259	1395134470260	1395134470459	1395134470460	OK	 
ACTION	Pricing	6	price	1395134470300	1395134470301	1395134470489	1395134470489	OK	 
ACTION	Pricing	1	price	1395134470336	1395134470336	1395134470522	1395134470522	OK	 
ACTION	Pricing	3	price	1395134470362	1395134470362	1395134470556	1395134470556	OK	 
ACTION	Pricing	2	price	1395134470393	1395134470394	1395134470588	1395134470588	OK	 
ACTION	Pricing	5	price	1395134470428	1395134470428	1395134470620	1395134470620	OK	 
ACTION	Pricing	4	price	1395134470462	1395134470463	1395134470657	1395134470658	OK	 
ACTION	Pricing	6	price	1395134470490	1395134470491	1395134470689	1395134470689	OK	 
ACTION	Pricing	1	price	1395134470524	1395134470524	1395134470723	1395134470723	OK	 
ACTION	Pricing	3	price	1395134470558	1395134470559	1395134470754	1395134470754	OK	 
ACTION	Pricing	2	price	1395134470590	1395134470591	1395134470785	1395134470786	OK	 
ACTION	Pricing	5	price	1395134470622	1395134470623	1395134470818	1395134470818	OK	 
ACTION	Pricing	4	price	1395134470659	1395134470660	1395134470855	1395134470855	OK	 
ACTION	Pricing	6	price	1395134470691	1395134470691	1395134470887	1395134470888	OK	 
ACTION	Pricing	1	price	1395134470725	1395134470725	1395134470916	1395134470917	OK	 
ACTION	Pricing	3	price	1395134470756	1395134470756	1395134470949	1395134470950	OK	 
ACTION	Pricing	2	price	1395134470787	1395134470788	1395134470984	1395134470984	OK	 
ACTION	Pricing	5	price	1395134470820	1395134470820	1395134471020	1395134471020	OK	 
ACTION	Pricing	4	price	1395134470857	1395134470858	1395134471052	1395134471052	OK	 
ACTION	Pricing	6	price	1395134470889	1395134470890	1395134471089	1395134471089	OK	 
ACTION	Pricing	1	price	1395134470919	1395134470919	1395134471123	1395134471123	OK	 
ACTION	Pricing	3	price	1395134470951	1395134470952	1395134471158	1395134471159	OK	 
ACTION	Pricing	2	price	1395134470987	1395134470987	1395134471191	1395134471191	OK	 
ACTION	Pricing	5	price	1395134471021	1395134471022	1395134471226	1395134471226	OK	 
ACTION	Pricing	4	price	1395134471053	1395134471054	1395134471256	1395134471256	OK	 
ACTION	Pricing	6	price	1395134471092	1395134471092	1395134471293	1395134471293	OK	 
ACTION	Pricing	1	price	1395134471125	1395134471126	1395134471318	1395134471318	OK	 
ACTION	Pricing	3	price	1395134471161	1395134471161	1395134471349	1395134471350	OK	 
ACTION	Pricing	2	price	1395134471192	1395134471193	1395134471383	1395134471383	OK	 
ACTION	Pricing	5	price	1395134471228	1395134471228	1395134471416	1395134471416	OK	 
ACTION	Pricing	4	price	1395134471258	1395134471258	1395134471447	1395134471447	OK	 
ACTION	Pricing	6	price	1395134471295	1395134471295	1395134471479	1395134471479	OK	 
ACTION	Pricing	1	price	1395134471319	1395134471320	1395134471510	1395134471510	OK	 
ACTION	Pricing	3	price	1395134471351	1395134471352	1395134471542	1395134471542	OK	 
ACTION	Pricing	2	price	1395134471384	1395134471385	1395134471578	1395134471578	OK	 
ACTION	Pricing	5	price	1395134471419	1395134471419	1395134471611	1395134471611	OK	 
ACTION	Pricing	4	price	1395134471449	1395134471449	1395134471644	1395134471644	OK	 
ACTION	Pricing	6	price	1395134471481	1395134471481	1395134471677	1395134471678	OK	 
ACTION	Pricing	1	price	1395134471511	1395134471512	1395134471718	1395134471718	OK	 
ACTION	Pricing	3	price	1395134471543	1395134471544	1395134471772	1395134471772	OK	 
ACTION	Pricing	2	price	1395134471580	1395134471581	1395134471804	1395134471804	OK	 
ACTION	Pricing	5	price	1395134471613	1395134471614	1395134471837	1395134471838	OK	 
ACTION	Pricing	4	price	1395134471646	1395134471646	1395134471868	1395134471868	OK	 
ACTION	Pricing	6	price	1395134471680	1395134471680	1395134471901	1395134471901	OK	 
ACTION	Pricing	1	price	1395134471719	1395134471720	1395134471933	1395134471933	OK	 
ACTION	Pricing	3	price	1395134471774	1395134471774	1395134471965	1395134471966	OK	 
ACTION	Pricing	2	price	1395134471806	1395134471806	1395134472000	1395134472000	OK	 
ACTION	Pricing	5	price	1395134471839	1395134471840	1395134472030	1395134472031	OK	 
ACTION	Pricing	4	price	1395134471870	1395134471870	1395134472060	1395134472060	OK	 
ACTION	Pricing	6	price	1395134471902	1395134471903	1395134472090	1395134472091	OK	 
ACTION	Pricing	1	price	1395134471934	1395134471935	1395134472123	1395134472124	OK	 
ACTION	Pricing	3	price	1395134471967	1395134471968	1395134472155	1395134472155	OK	 
ACTION	Pricing	2	price	1395134472001	1395134472002	1395134472184	1395134472185	OK	 
ACTION	Pricing	5	price	1395134472032	1395134472033	1395134472217	1395134472217	OK	 
ACTION	Pricing	4	price	1395134472061	1395134472062	1395134472250	1395134472250	OK	 
ACTION	Pricing	6	price	1395134472092	1395134472093	1395134472282	1395134472282	OK	 
ACTION	Pricing	1	price	1395134472126	1395134472127	1395134472315	1395134472315	OK	 
ACTION	Pricing	3	price	1395134472157	1395134472157	1395134472350	1395134472350	OK	 
ACTION	Pricing	2	price	1395134472186	1395134472187	1395134472377	1395134472377	OK	 
ACTION	Pricing	5	price	1395134472218	1395134472219	1395134472412	1395134472412	OK	 
ACTION	Pricing	4	price	1395134472252	1395134472252	1395134472442	1395134472442	OK	 
ACTION	Pricing	6	price	1395134472284	1395134472285	1395134472474	1395134472474	OK	 
ACTION	Pricing	1	price	1395134472318	1395134472318	1395134472507	1395134472507	OK	 
ACTION	Pricing	3	price	1395134472351	1395134472352	1395134472540	1395134472540	OK	 
ACTION	Pricing	2	price	1395134472379	1395134472380	1395134472575	1395134472575	OK	 
ACTION	Pricing	5	price	1395134472413	1395134472414	1395134472607	1395134472607	OK	 
ACTION	Pricing	4	price	1395134472444	1395134472444	1395134472637	1395134472637	OK	 
ACTION	Pricing	6	price	1395134472476	1395134472477	1395134472668	1395134472668	OK	 
ACTION	Pricing	1	price	1395134472509	1395134472510	1395134472700	1395134472700	OK	 
ACTION	Pricing	3	price	1395134472542	1395134472542	1395134472732	1395134472732	OK	 
ACTION	Pricing	2	price	1395134472577	1395134472578	1395134472786	1395134472787	OK	 
ACTION	Pricing	5	price	1395134472609	1395134472610	1395134472819	1395134472819	OK	 
ACTION	Pricing	4	price	1395134472638	1395134472639	1395134472850	1395134472851	OK	 
ACTION	Pricing	6	price	1395134472670	1395134472671	1395134472881	1395134472881	OK	 
ACTION	Pricing	1	price	1395134472702	1395134472703	1395134472909	1395134472909	OK	 
ACTION	Pricing	3	price	1395134472734	1395134472734	1395134472943	1395134472944	OK	 
ACTION	Pricing	2	price	1395134472788	1395134472789	1395134472980	1395134472981	OK	 
ACTION	Pricing	5	price	1395134472820	1395134472821	1395134473014	1395134473015	OK	 
ACTION	Pricing	4	price	1395134472852	1395134472852	1395134473043	1395134473044	OK	 
ACTION	Pricing	6	price	1395134472882	1395134472883	1395134473072	1395134473072	OK	 
ACTION	Pricing	1	price	1395134472911	1395134472911	1395134473107	1395134473107	OK	 
ACTION	Pricing	3	price	1395134472945	1395134472946	1395134473141	1395134473141	OK	 
ACTION	Pricing	2	price	1395134472983	1395134472984	1395134473174	1395134473175	OK	 
ACTION	Pricing	5	price	1395134473016	1395134473016	1395134473206	1395134473206	OK	 
ACTION	Pricing	4	price	1395134473046	1395134473046	1395134473238	1395134473238	OK	 
ACTION	Pricing	6	price	1395134473074	1395134473075	1395134473272	1395134473272	OK	 
ACTION	Pricing	1	price	1395134473108	1395134473109	1395134473303	1395134473304	OK	 
ACTION	Pricing	3	price	1395134473143	1395134473144	1395134473334	1395134473334	OK	 
ACTION	Pricing	2	price	1395134473176	1395134473177	1395134473366	1395134473367	OK	 
ACTION	Pricing	5	price	1395134473208	1395134473208	1395134473400	1395134473400	OK	 
ACTION	Pricing	4	price	1395134473240	1395134473240	1395134473431	1395134473431	OK	 
ACTION	Pricing	6	price	1395134473274	1395134473274	1395134473462	1395134473462	OK	 
ACTION	Pricing	1	price	1395134473306	1395134473306	1395134473497	1395134473497	OK	 
ACTION	Pricing	3	price	1395134473336	1395134473336	1395134473530	1395134473530	OK	 
ACTION	Pricing	2	price	1395134473368	1395134473369	1395134473567	1395134473567	OK	 
ACTION	Pricing	5	price	1395134473402	1395134473403	1395134473600	1395134473601	OK	 
ACTION	Pricing	4	price	1395134473434	1395134473434	1395134473629	1395134473629	OK	 
ACTION	Pricing	6	price	1395134473464	1395134473465	1395134473664	1395134473665	OK	 
ACTION	Pricing	1	price	1395134473499	1395134473499	1395134473701	1395134473701	OK	 
ACTION	Pricing	3	price	1395134473531	1395134473532	1395134473736	1395134473736	OK	 
ACTION	Pricing	2	price	1395134473568	1395134473569	1395134473771	1395134473771	OK	 
ACTION	Pricing	5	price	1395134473602	1395134473603	1395134473805	1395134473806	OK	 
ACTION	Pricing	4	price	1395134473631	1395134473631	1395134473841	1395134473841	OK	 
ACTION	Pricing	6	price	1395134473666	1395134473667	1395134473875	1395134473875	OK	 
ACTION	Pricing	1	price	1395134473703	1395134473704	1395134473908	1395134473909	OK	 
ACTION	Pricing	3	price	1395134473738	1395134473738	1395134473942	1395134473942	OK	 
ACTION	Pricing	2	price	1395134473773	1395134473774	1395134473975	1395134473975	OK	 
ACTION	Pricing	5	price	1395134473807	1395134473808	1395134474005	1395134474006	OK	 
ACTION	Pricing	4	price	1395134473843	1395134473844	1395134474035	1395134474035	OK	 
ACTION	Pricing	6	price	1395134473877	1395134473877	1395134474063	1395134474063	OK	 
ACTION	Pricing	1	price	1395134473910	1395134473911	1395134474104	1395134474104	OK	 
ACTION	Pricing	3	price	1395134473943	1395134473944	1395134474138	1395134474139	OK	 
ACTION	Pricing	2	price	1395134473976	1395134473977	1395134474173	1395134474173	OK	 
ACTION	Pricing	5	price	1395134474007	1395134474008	1395134474206	1395134474206	OK	 
ACTION	Pricing	4	price	1395134474037	1395134474038	1395134474237	1395134474237	OK	 
ACTION	Pricing	6	price	1395134474064	1395134474065	1395134474271	1395134474271	OK	 
ACTION	Pricing	1	price	1395134474106	1395134474107	1395134474302	1395134474303	OK	 
ACTION	Pricing	3	price	1395134474140	1395134474141	1395134474336	1395134474336	OK	 
ACTION	Pricing	2	price	1395134474175	1395134474175	1395134474369	1395134474369	OK	 
ACTION	Pricing	5	price	1395134474208	1395134474208	1395134474409	1395134474409	OK	 
ACTION	Pricing	4	price	1395134474239	1395134474239	1395134474442	1395134474442	OK	 
ACTION	Pricing	6	price	1395134474272	1395134474273	1395134474472	1395134474472	OK	 
ACTION	Pricing	1	price	1395134474304	1395134474305	1395134474506	1395134474507	OK	 
ACTION	Pricing	3	price	1395134474338	1395134474339	1395134474538	1395134474539	OK	 
ACTION	Pricing	2	price	1395134474370	1395134474371	1395134474568	1395134474569	OK	 
ACTION	Pricing	5	price	1395134474411	1395134474411	1395134474602	1395134474602	OK	 
ACTION	Pricing	4	price	1395134474443	1395134474444	1395134474633	1395134474633	OK	 
ACTION	Pricing	6	price	1395134474475	1395134474475	1395134474689	1395134474689	OK	 
ACTION	Pricing	1	price	1395134474508	1395134474508	1395134474719	1395134474719	OK	 
ACTION	Pricing	3	price	1395134474540	1395134474540	1395134474746	1395134474747	OK	 
ACTION	Pricing	2	price	1395134474570	1395134474571	1395134474777	1395134474778	OK	 
ACTION	Pricing	5	price	1395134474604	1395134474605	1395134474812	1395134474812	OK	 
ACTION	Pricing	4	price	1395134474635	1395134474635	1395134474842	1395134474842	OK	 
ACTION	Pricing	6	price	1395134474690	1395134474691	1395134474874	1395134474875	OK	 
ACTION	Pricing	1	price	1395134474720	1395134474721	1395134474905	1395134474905	OK	 
ACTION	Pricing	3	price	1395134474748	1395134474749	1395134474936	1395134474936	OK	 
ACTION	Pricing	2	price	1395134474779	1395134474780	1395134474967	1395134474967	OK	 
ACTION	Pricing	5	price	1395134474814	1395134474815	1395134474998	1395134474998	OK	 
ACTION	Pricing	4	price	1395134474844	1395134474845	1395134475027	1395134475028	OK	 
ACTION	Pricing	6	price	1395134474876	1395134474877	1395134475058	1395134475058	OK	 
ACTION	Pricing	1	price	1395134474907	1395134474907	1395134475089	1395134475089	OK	 
ACTION	Pricing	3	price	1395134474939	1395134474940	1395134475119	1395134475119	OK	 
ACTION	Pricing	2	price	1395134474969	1395134474969	1395134475150	1395134475150	OK	 
ACTION	Pricing	5	price	1395134475000	1395134475001	1395134475182	1395134475182	OK	 
ACTION	Pricing	4	price	1395134475029	1395134475030	1395134475215	1395134475215	OK	 
ACTION	Pricing	6	price	1395134475060	1395134475060	1395134475245	1395134475245	OK	 
ACTION	Pricing	1	price	1395134475091	1395134475091	1395134475277	1395134475277	OK	 
ACTION	Pricing	3	price	1395134475120	1395134475121	1395134475308	1395134475308	OK	 
ACTION	Pricing	2	price	1395134475151	1395134475152	1395134475339	1395134475339	OK	 
ACTION	Pricing	5	price	1395134475183	1395134475184	1395134475371	1395134475371	OK	 
ACTION	Pricing	4	price	1395134475217	1395134475218	1395134475408	1395134475408	OK	 
ACTION	Pricing	6	price	1395134475247	1395134475248	1395134475439	1395134475439	OK	 
ACTION	Pricing	1	price	1395134475279	1395134475279	1395134475470	1395134475470	OK	 
ACTION	Pricing	3	price	1395134475309	1395134475310	1395134475502	1395134475502	OK	 
ACTION	Pricing	2	price	1395134475341	1395134475341	1395134475536	1395134475536	OK	 
ACTION	Pricing	5	price	1395134475373	1395134475374	1395134475568	1395134475568	OK	 
ACTION	Pricing	4	price	1395134475410	1395134475410	1395134475600	1395134475600	OK	 
ACTION	Pricing	6	price	1395134475441	1395134475443	1395134475637	1395134475637	OK	 
ACTION	Pricing	1	price	1395134475472	1395134475472	1395134475672	1395134475672	OK	 
ACTION	Pricing	3	price	1395134475504	1395134475505	1395134475705	1395134475706	OK	 
ACTION	Pricing	2	price	1395134475538	1395134475539	1395134475739	1395134475739	OK	 
ACTION	Pricing	5	price	1395134475570	1395134475570	1395134475772	1395134475772	OK	 
ACTION	Pricing	4	price	1395134475601	1395134475602	1395134475805	1395134475805	OK	 
ACTION	Pricing	6	price	1395134475639	1395134475639	1395134475837	1395134475838	OK	 
ACTION	Pricing	1	price	1395134475674	1395134475674	1395134475875	1395134475875	OK	 
ACTION	Pricing	3	price	1395134475707	1395134475708	1395134475908	1395134475908	OK	 
ACTION	Pricing	2	price	1395134475740	1395134475741	1395134475940	1395134475940	OK	 
ACTION	Pricing	5	price	1395134475774	1395134475774	1395134475970	1395134475971	OK	 
ACTION	Pricing	4	price	1395134475806	1395134475807	1395134476002	1395134476003	OK	 
ACTION	Pricing	6	price	1395134475839	1395134475840	1395134476052	1395134476052	OK	 
ACTION	Pricing	1	price	1395134475877	1395134475877	1395134476084	1395134476084	OK	 
ACTION	Pricing	3	price	1395134475910	1395134475910	1395134476114	1395134476114	OK	 
ACTION	Pricing	2	price	1395134475942	1395134475942	1395134476146	1395134476146	OK	 
ACTION	Pricing	5	price	1395134475972	1395134475972	1395134476183	1395134476183	OK	 
ACTION	Pricing	4	price	1395134476004	1395134476005	1395134476218	1395134476218	OK	 
ACTION	Pricing	6	price	1395134476055	1395134476055	1395134476248	1395134476249	OK	 
ACTION	Pricing	1	price	1395134476086	1395134476086	1395134476284	1395134476284	OK	 
ACTION	Pricing	3	price	1395134476115	1395134476116	1395134476315	1395134476316	OK	 
ACTION	Pricing	2	price	1395134476148	1395134476148	1395134476346	1395134476346	OK	 
ACTION	Pricing	5	price	1395134476186	1395134476186	1395134476376	1395134476377	OK	 
ACTION	Pricing	4	price	1395134476219	1395134476220	1395134476409	1395134476409	OK	 
ACTION	Pricing	6	price	1395134476250	1395134476251	1395134476440	1395134476441	OK	 
ACTION	Pricing	1	price	1395134476285	1395134476286	1395134476471	1395134476471	OK	 
ACTION	Pricing	3	price	1395134476317	1395134476318	1395134476502	1395134476503	OK	 
ACTION	Pricing	2	price	1395134476347	1395134476347	1395134476534	1395134476534	OK	 
ACTION	Pricing	5	price	1395134476378	1395134476379	1395134476566	1395134476566	OK	 
ACTION	Pricing	4	price	1395134476410	1395134476411	1395134476597	1395134476597	OK	 
ACTION	Pricing	6	price	1395134476446	1395134476447	1395134476629	1395134476629	OK	 
ACTION	Pricing	1	price	1395134476472	1395134476473	1395134476659	1395134476659	OK	 
ACTION	Pricing	3	price	1395134476505	1395134476506	1395134476692	1395134476693	OK	 
ACTION	Pricing	2	price	1395134476536	1395134476536	1395134476743	1395134476744	OK	 
ACTION	Pricing	5	price	1395134476567	1395134476568	1395134476772	1395134476773	OK	 
ACTION	Pricing	4	price	1395134476598	1395134476599	1395134476804	1395134476805	OK	 
ACTION	Pricing	6	price	1395134476631	1395134476631	1395134476836	1395134476836	OK	 
ACTION	Pricing	1	price	1395134476660	1395134476661	1395134476868	1395134476868	OK	 
ACTION	Pricing	3	price	1395134476694	1395134476695	1395134476899	1395134476900	OK	 
ACTION	Pricing	2	price	1395134476745	1395134476746	1395134476929	1395134476930	OK	 
ACTION	Pricing	5	price	1395134476774	1395134476774	1395134476962	1395134476962	OK	 
ACTION	Pricing	4	price	1395134476806	1395134476807	1395134476992	1395134476993	OK	 
ACTION	Pricing	6	price	1395134476837	1395134476838	1395134477025	1395134477025	OK	 
ACTION	Pricing	1	price	1395134476869	1395134476870	1395134477056	1395134477056	OK	 
ACTION	Pricing	3	price	1395134476905	1395134476906	1395134477090	1395134477091	OK	 
ACTION	Pricing	2	price	1395134476931	1395134476932	1395134477123	1395134477124	OK	 
ACTION	Pricing	5	price	1395134476963	1395134476964	1395134477155	1395134477155	OK	 
ACTION	Pricing	4	price	1395134476994	1395134476995	1395134477188	1395134477188	OK	 
ACTION	Pricing	6	price	1395134477026	1395134477027	1395134477219	1395134477220	OK	 
ACTION	Pricing	1	price	1395134477058	1395134477058	1395134477249	1395134477249	OK	 
ACTION	Pricing	3	price	1395134477092	1395134477093	1395134477284	1395134477284	OK	 
ACTION	Pricing	2	price	1395134477126	1395134477127	1395134477314	1395134477314	OK	 
ACTION	Pricing	5	price	1395134477157	1395134477157	1395134477346	1395134477347	OK	 
ACTION	Pricing	4	price	1395134477190	1395134477191	1395134477374	1395134477375	OK	 
ACTION	Pricing	6	price	1395134477221	1395134477222	1395134477405	1395134477405	OK	 
ACTION	Pricing	1	price	1395134477251	1395134477251	1395134477440	1395134477440	OK	 
ACTION	Pricing	3	price	1395134477286	1395134477286	1395134477473	1395134477473	OK	 
ACTION	Pricing	2	price	1395134477315	1395134477316	1395134477506	1395134477506	OK	 
ACTION	Pricing	5	price	1395134477350	1395134477350	1395134477536	1395134477536	OK	 
ACTION	Pricing	4	price	1395134477376	1395134477377	1395134477570	1395134477570	OK	 
ACTION	Pricing	6	price	1395134477407	1395134477407	1395134477608	1395134477609	OK	 
ACTION	Pricing	1	price	1395134477441	1395134477442	1395134477646	1395134477646	OK	 
ACTION	Pricing	3	price	1395134477475	1395134477475	1395134477680	1395134477680	OK	 
ACTION	Pricing	2	price	1395134477507	1395134477508	1395134477713	1395134477713	OK	 
ACTION	Pricing	5	price	1395134477538	1395134477538	1395134477747	1395134477747	OK	 
ACTION	Pricing	4	price	1395134477572	1395134477572	1395134477779	1395134477779	OK	 
ACTION	Pricing	6	price	1395134477610	1395134477610	1395134477811	1395134477811	OK	 
ACTION	Pricing	1	price	1395134477648	1395134477648	1395134477843	1395134477843	OK	 
ACTION	Pricing	3	price	1395134477681	1395134477682	1395134477874	1395134477874	OK	 
ACTION	Pricing	2	price	1395134477715	1395134477715	1395134477907	1395134477907	OK	 
ACTION	Pricing	5	price	1395134477749	1395134477749	1395134477938	1395134477939	OK	 
ACTION	Pricing	4	price	1395134477781	1395134477781	1395134477969	1395134477969	OK	 
ACTION	Pricing	6	price	1395134477813	1395134477813	1395134478016	1395134478016	OK	 
ACTION	Pricing	1	price	1395134477845	1395134477845	1395134478062	1395134478062	OK	 
ACTION	Pricing	3	price	1395134477876	1395134477876	1395134478090	1395134478090	OK	 
ACTION	Pricing	2	price	1395134477909	1395134477909	1395134478123	1395134478123	OK	 
ACTION	Pricing	5	price	1395134477940	1395134477941	1395134478158	1395134478159	OK	 
ACTION	Pricing	4	price	1395134477971	1395134477972	1395134478196	1395134478196	OK	 
ACTION	Pricing	6	price	1395134478018	1395134478018	1395134478238	1395134478239	OK	 
ACTION	Pricing	1	price	1395134478064	1395134478064	1395134478268	1395134478269	OK	 
ACTION	Pricing	3	price	1395134478092	1395134478093	1395134478303	1395134478303	OK	 
ACTION	Pricing	2	price	1395134478125	1395134478125	1395134478335	1395134478335	OK	 
ACTION	Pricing	5	price	1395134478161	1395134478161	1395134478368	1395134478368	OK	 
ACTION	Pricing	4	price	1395134478198	1395134478198	1395134478398	1395134478398	OK	 
ACTION	Pricing	6	price	1395134478240	1395134478241	1395134478431	1395134478431	OK	 
ACTION	Pricing	1	price	1395134478271	1395134478271	1395134478458	1395134478458	OK	 
ACTION	Pricing	3	price	1395134478305	1395134478305	1395134478492	1395134478493	OK	 
ACTION	Pricing	2	price	1395134478337	1395134478337	1395134478525	1395134478525	OK	 
ACTION	Pricing	5	price	1395134478369	1395134478370	1395134478555	1395134478555	OK	 
ACTION	Pricing	4	price	1395134478399	1395134478400	1395134478596	1395134478596	OK	 
ACTION	Pricing	6	price	1395134478432	1395134478432	1395134478626	1395134478626	OK	 
ACTION	Pricing	1	price	1395134478460	1395134478460	1395134478658	1395134478658	OK	 
ACTION	Pricing	3	price	1395134478494	1395134478495	1395134478693	1395134478693	OK	 
ACTION	Pricing	2	price	1395134478527	1395134478527	1395134478728	1395134478728	OK	 
ACTION	Pricing	5	price	1395134478557	1395134478557	1395134478761	1395134478762	OK	 
ACTION	Pricing	4	price	1395134478597	1395134478598	1395134478793	1395134478793	OK	 
ACTION	Pricing	6	price	1395134478628	1395134478628	1395134478826	1395134478827	OK	 
ACTION	Pricing	1	price	1395134478660	1395134478660	1395134478859	1395134478859	OK	 
ACTION	Pricing	3	price	1395134478695	1395134478695	1395134478888	1395134478888	OK	 
ACTION	Pricing	2	price	1395134478730	1395134478730	1395134478919	1395134478919	OK	 
ACTION	Pricing	5	price	1395134478764	1395134478764	1395134478949	1395134478949	OK	 
ACTION	Pricing	4	price	1395134478794	1395134478795	1395134478980	1395134478981	OK	 
ACTION	Pricing	6	price	1395134478828	1395134478829	1395134479026	1395134479027	OK	 
ACTION	Pricing	1	price	1395134478861	1395134478861	1395134479067	1395134479067	OK	 
ACTION	Pricing	3	price	1395134478890	1395134478890	1395134479101	1395134479101	OK	 
ACTION	Pricing	2	price	1395134478920	1395134478921	1395134479133	1395134479133	OK	 
ACTION	Pricing	5	price	1395134478950	1395134478951	1395134479165	1395134479165	OK	 
ACTION	Pricing	4	price	1395134478982	1395134478983	1395134479200	1395134479200	OK	 
ACTION	Pricing	6	price	1395134479028	1395134479029	1395134479236	1395134479236	OK	 
ACTION	Pricing	1	price	1395134479068	1395134479070	1395134479268	1395134479268	OK	 
ACTION	Pricing	3	price	1395134479103	1395134479103	1395134479300	1395134479300	OK	 
ACTION	Pricing	2	price	1395134479135	1395134479135	1395134479343	1395134479343	OK	 
ACTION	Pricing	5	price	1395134479167	1395134479168	1395134479372	1395134479373	OK	 
ACTION	Pricing	4	price	1395134479202	1395134479203	1395134479404	1395134479404	OK	 
ACTION	Pricing	6	price	1395134479238	1395134479238	1395134479436	1395134479436	OK	 
ACTION	Pricing	1	price	1395134479270	1395134479270	1395134479467	1395134479468	OK	 
ACTION	Pricing	3	price	1395134479302	1395134479303	1395134479497	1395134479497	OK	 
ACTION	Pricing	2	price	1395134479344	1395134479345	1395134479527	1395134479527	OK	 
ACTION	Pricing	5	price	1395134479374	1395134479375	1395134479563	1395134479563	OK	 
ACTION	Pricing	4	price	1395134479406	1395134479406	1395134479599	1395134479599	OK	 
ACTION	Pricing	6	price	1395134479437	1395134479438	1395134479631	1395134479631	OK	 
ACTION	Pricing	1	price	1395134479469	1395134479469	1395134479665	1395134479666	OK	 
ACTION	Pricing	3	price	1395134479498	1395134479499	1395134479701	1395134479701	OK	 
ACTION	Pricing	2	price	1395134479529	1395134479529	1395134479746	1395134479746	OK	 
ACTION	Pricing	5	price	1395134479564	1395134479565	1395134479771	1395134479771	OK	 
ACTION	Pricing	4	price	1395134479600	1395134479601	1395134479803	1395134479803	OK	 
ACTION	Pricing	6	price	1395134479633	1395134479633	1395134479837	1395134479838	OK	 
ACTION	Pricing	1	price	1395134479667	1395134479668	1395134479875	1395134479875	OK	 
ACTION	Pricing	3	price	1395134479703	1395134479704	1395134479914	1395134479914	OK	 
ACTION	Pricing	2	price	1395134479747	1395134479748	1395134479947	1395134479948	OK	 
ACTION	Pricing	5	price	1395134479773	1395134479773	1395134479982	1395134479982	OK	 
ACTION	Pricing	4	price	1395134479804	1395134479805	1395134480014	1395134480014	OK	 
ACTION	Pricing	6	price	1395134479840	1395134479840	1395134480047	1395134480047	OK	 
ACTION	Pricing	1	price	1395134479877	1395134479877	1395134480080	1395134480080	OK	 
ACTION	Pricing	3	price	1395134479915	1395134479916	1395134480113	1395134480113	OK	 
ACTION	Pricing	2	price	1395134479949	1395134479950	1395134480147	1395134480147	OK	 
ACTION	Pricing	5	price	1395134479984	1395134479984	1395134480183	1395134480183	OK	 
ACTION	Pricing	4	price	1395134480015	1395134480016	1395134480218	1395134480218	OK	 
ACTION	Pricing	6	price	1395134480049	1395134480049	1395134480252	1395134480253	OK	 
ACTION	Pricing	1	price	1395134480082	1395134480082	1395134480286	1395134480287	OK	 
ACTION	Pricing	3	price	1395134480115	1395134480115	1395134480321	1395134480321	OK	 
ACTION	Pricing	2	price	1395134480149	1395134480150	1395134480353	1395134480354	OK	 
ACTION	Pricing	5	price	1395134480185	1395134480185	1395134480390	1395134480390	OK	 
ACTION	Pricing	4	price	1395134480220	1395134480220	1395134480436	1395134480437	OK	 
ACTION	Pricing	6	price	1395134480255	1395134480255	1395134480467	1395134480468	OK	 
ACTION	Pricing	1	price	1395134480288	1395134480289	1395134480505	1395134480506	OK	 
ACTION	Pricing	3	price	1395134480323	1395134480323	1395134480546	1395134480547	OK	 
ACTION	Pricing	2	price	1395134480355	1395134480355	1395134480584	1395134480584	OK	 
ACTION	Pricing	5	price	1395134480392	1395134480392	1395134480620	1395134480620	OK	 
ACTION	Pricing	4	price	1395134480438	1395134480439	1395134480651	1395134480651	OK	 
ACTION	Pricing	6	price	1395134480470	1395134480470	1395134480683	1395134480683	OK	 
ACTION	Pricing	1	price	1395134480507	1395134480507	1395134480716	1395134480716	OK	 
ACTION	Pricing	3	price	1395134480548	1395134480549	1395134480747	1395134480747	OK	 
ACTION	Pricing	2	price	1395134480586	1395134480586	1395134480779	1395134480779	OK	 
ACTION	Pricing	5	price	1395134480622	1395134480622	1395134480812	1395134480813	OK	 
ACTION	Pricing	4	price	1395134480653	1395134480654	1395134480847	1395134480847	OK	 
ACTION	Pricing	6	price	1395134480684	1395134480685	1395134480878	1395134480879	OK	 
ACTION	Pricing	1	price	1395134480717	1395134480718	1395134480914	1395134480914	OK	 
ACTION	Pricing	3	price	1395134480749	1395134480749	1395134480946	1395134480947	OK	 
ACTION	Pricing	2	price	1395134480780	1395134480781	1395134480977	1395134480978	OK	 
ACTION	Pricing	5	price	1395134480814	1395134480815	1395134481009	1395134481010	OK	 
ACTION	Pricing	4	price	1395134480849	1395134480849	1395134481043	1395134481043	OK	 
ACTION	Pricing	6	price	1395134480880	1395134480880	1395134481071	1395134481072	OK	 
ACTION	Pricing	1	price	1395134480916	1395134480916	1395134481102	1395134481104	OK	 
ACTION	Pricing	3	price	1395134480948	1395134480948	1395134481135	1395134481135	OK	 
ACTION	Pricing	2	price	1395134480979	1395134480980	1395134481167	1395134481167	OK	 
ACTION	Pricing	5	price	1395134481011	1395134481012	1395134481201	1395134481201	OK	 
ACTION	Pricing	4	price	1395134481044	1395134481045	1395134481233	1395134481233	OK	 
ACTION	Pricing	6	price	1395134481074	1395134481074	1395134481264	1395134481264	OK	 
ACTION	Pricing	1	price	1395134481106	1395134481106	1395134481297	1395134481297	OK	 
ACTION	Pricing	3	price	1395134481137	1395134481137	1395134481326	1395134481327	OK	 
ACTION	Pricing	2	price	1395134481169	1395134481169	1395134481357	1395134481357	OK	 
ACTION	Pricing	5	price	1395134481203	1395134481203	1395134481392	1395134481392	OK	 
ACTION	Pricing	4	price	1395134481235	1395134481235	1395134481422	1395134481423	OK	 
ACTION	Pricing	6	price	1395134481266	1395134481266	1395134481455	1395134481455	OK	 
ACTION	Pricing	1	price	1395134481299	1395134481299	1395134481486	1395134481486	OK	 
ACTION	Pricing	3	price	1395134481328	1395134481329	1395134481518	1395134481568	OK	 
ACTION	Pricing	2	price	1395134481359	1395134481359	1395134481577	1395134481577	OK	 
ACTION	Pricing	5	price	1395134481394	1395134481394	1395134481599	1395134481601	OK	 
ACTION	Pricing	4	price	1395134481424	1395134481425	1395134481636	1395134481637	OK	 
ACTION	Pricing	6	price	1395134481457	1395134481457	1395134481672	1395134481673	OK	 
ACTION	Pricing	1	price	1395134481487	1395134481487	1395134481708	1395134481709	OK	 
ACTION	Pricing	3	price	1395134481581	1395134481584	1395134481746	1395134481746	OK	 
ACTION	Pricing	2	price	1395134481582	1395134481583	1395134481775	1395134481776	OK	 
ACTION	Pricing	5	price	1395134481603	1395134481607	1395134481811	1395134481811	OK	 
ACTION	Pricing	4	price	1395134481638	1395134481640	1395134481842	1395134481842	OK	 
ACTION	Pricing	6	price	1395134481675	1395134481676	1395134481873	1395134481873	OK	 
ACTION	Pricing	1	price	1395134481710	1395134481712	1395134481906	1395134481906	OK	 
ACTION	Pricing	3	price	1395134481747	1395134481748	1395134481939	1395134481939	OK	 
ACTION	Pricing	2	price	1395134481777	1395134481778	1395134481971	1395134481971	OK	 
ACTION	Pricing	5	price	1395134481812	1395134481813	1395134482005	1395134482005	OK	 
ACTION	Pricing	4	price	1395134481843	1395134481844	1395134482038	1395134482038	OK	 
ACTION	Pricing	6	price	1395134481875	1395134481875	1395134482069	1395134482071	OK	 
ACTION	Pricing	1	price	1395134481908	1395134481908	1395134482103	1395134482103	OK	 
ACTION	Pricing	3	price	1395134481940	1395134481941	1395134482138	1395134482138	OK	 
ACTION	Pricing	2	price	1395134481973	1395134481974	1395134482174	1395134482174	OK	 
ACTION	Pricing	5	price	1395134482007	1395134482007	1395134482208	1395134482209	OK	 
ACTION	Pricing	4	price	1395134482040	1395134482040	1395134482244	1395134482244	OK	 
ACTION	Pricing	6	price	1395134482073	1395134482074	1395134482282	1395134482282	OK	 
ACTION	Pricing	1	price	1395134482105	1395134482106	1395134482313	1395134482313	OK	 
ACTION	Pricing	3	price	1395134482139	1395134482140	1395134482345	1395134482346	OK	 
ACTION	Pricing	2	price	1395134482175	1395134482176	1395134482380	1395134482380	OK	 
ACTION	Pricing	5	price	1395134482211	1395134482211	1395134482415	1395134482415	OK	 
ACTION	Pricing	4	price	1395134482246	1395134482247	1395134482449	1395134482449	OK	 
ACTION	Pricing	6	price	1395134482284	1395134482284	1395134482485	1395134482485	OK	 
ACTION	Pricing	1	price	1395134482315	1395134482315	1395134482516	1395134482516	OK	 
ACTION	Pricing	3	price	1395134482347	1395134482348	1395134482556	1395134482557	OK	 
ACTION	Pricing	2	price	1395134482383	1395134482383	1395134482589	1395134482590	OK	 
ACTION	Pricing	5	price	1395134482417	1395134482417	1395134482622	1395134482622	OK	 
ACTION	Pricing	4	price	1395134482451	1395134482451	1395134482655	1395134482655	OK	 
ACTION	Pricing	6	price	1395134482486	1395134482487	1395134482690	1395134482691	OK	 
ACTION	Pricing	1	price	1395134482518	1395134482519	1395134482725	1395134482726	OK	 
ACTION	Pricing	3	price	1395134482558	1395134482559	1395134482762	1395134482762	OK	 
ACTION	Pricing	2	price	1395134482591	1395134482591	1395134482804	1395134482804	OK	 
ACTION	Pricing	5	price	1395134482623	1395134482624	1395134482845	1395134482845	OK	 
ACTION	Pricing	4	price	1395134482657	1395134482657	1395134482879	1395134482879	OK	 
ACTION	Pricing	6	price	1395134482692	1395134482693	1395134482915	1395134482915	OK	 
ACTION	Pricing	1	price	1395134482727	1395134482727	1395134482948	1395134482948	OK	 
ACTION	Pricing	3	price	1395134482763	1395134482764	1395134482984	1395134482985	OK	 
ACTION	Pricing	2	price	1395134482806	1395134482806	1395134483017	1395134483017	OK	 
ACTION	Pricing	5	price	1395134482847	1395134482847	1395134483054	1395134483054	OK	 
ACTION	Pricing	4	price	1395134482880	1395134482881	1395134483088	1395134483089	OK	 
ACTION	Pricing	6	price	1395134482916	1395134482916	1395134483122	1395134483122	OK	 
ACTION	Pricing	1	price	1395134482950	1395134482951	1395134483154	1395134483155	OK	 
ACTION	Pricing	3	price	1395134482986	1395134482987	1395134483189	1395134483189	OK	 
ACTION	Pricing	2	price	1395134483019	1395134483019	1395134483221	1395134483221	OK	 
ACTION	Pricing	5	price	1395134483055	1395134483056	1395134483253	1395134483253	OK	 
ACTION	Pricing	4	price	1395134483090	1395134483091	1395134483284	1395134483284	OK	 
ACTION	Pricing	6	price	1395134483124	1395134483124	1395134483317	1395134483317	OK	 
ACTION	Pricing	1	price	1395134483156	1395134483156	1395134483348	1395134483348	OK	 
ACTION	Pricing	3	price	1395134483191	1395134483192	1395134483386	1395134483386	OK	 
ACTION	Pricing	2	price	1395134483223	1395134483223	1395134483428	1395134483428	OK	 
ACTION	Pricing	5	price	1395134483255	1395134483255	1395134483460	1395134483460	OK	 
ACTION	Pricing	4	price	1395134483286	1395134483286	1395134483495	1395134483495	OK	 
ACTION	Pricing	6	price	1395134483318	1395134483319	1395134483530	1395134483530	OK	 
ACTION	Pricing	1	price	1395134483350	1395134483351	1395134483561	1395134483561	OK	 
ACTION	Pricing	3	price	1395134483387	1395134483388	1395134483593	1395134483593	OK	 
ACTION	Pricing	2	price	1395134483430	1395134483430	1395134483634	1395134483634	OK	 
ACTION	Pricing	5	price	1395134483461	1395134483462	1395134483670	1395134483670	OK	 
ACTION	Pricing	4	price	1395134483496	1395134483497	1395134483706	1395134483706	OK	 
ACTION	Pricing	6	price	1395134483531	1395134483532	1395134483741	1395134483741	OK	 
ACTION	Pricing	1	price	1395134483563	1395134483563	1395134483776	1395134483777	OK	 
ACTION	Pricing	3	price	1395134483594	1395134483595	1395134483816	1395134483816	OK	 
ACTION	Pricing	2	price	1395134483636	1395134483636	1395134483852	1395134483852	OK	 
ACTION	Pricing	5	price	1395134483671	1395134483672	1395134483886	1395134483886	OK	 
ACTION	Pricing	4	price	1395134483707	1395134483707	1395134483922	1395134483922	OK	 
ACTION	Pricing	6	price	1395134483743	1395134483743	1395134483962	1395134483963	OK	 
ACTION	Pricing	1	price	1395134483778	1395134483779	1395134483999	1395134483999	OK	 
ACTION	Pricing	3	price	1395134483818	1395134483818	1395134484034	1395134484034	OK	 
ACTION	Pricing	2	price	1395134483854	1395134483854	1395134484071	1395134484071	OK	 
ACTION	Pricing	5	price	1395134483887	1395134483889	1395134484116	1395134484117	OK	 
ACTION	Pricing	4	price	1395134483924	1395134483928	1395134484149	1395134484149	OK	 
ACTION	Pricing	6	price	1395134483964	1395134483965	1395134484186	1395134484186	OK	 
ACTION	Pricing	1	price	1395134484001	1395134484002	1395134484222	1395134484222	OK	 
ACTION	Pricing	3	price	1395134484035	1395134484036	1395134484265	1395134484265	OK	 
ACTION	Pricing	2	price	1395134484073	1395134484074	1395134484296	1395134484296	OK	 
ACTION	Pricing	5	price	1395134484118	1395134484118	1395134484332	1395134484332	OK	 
ACTION	Pricing	4	price	1395134484151	1395134484151	1395134484365	1395134484366	OK	 
ACTION	Pricing	6	price	1395134484188	1395134484188	1395134484399	1395134484399	OK	 
ACTION	Pricing	1	price	1395134484224	1395134484225	1395134484437	1395134484438	OK	 
ACTION	Pricing	3	price	1395134484267	1395134484267	1395134484473	1395134484473	OK	 
ACTION	Pricing	2	price	1395134484297	1395134484298	1395134484507	1395134484507	OK	 
ACTION	Pricing	5	price	1395134484334	1395134484334	1395134484537	1395134484538	OK	 
ACTION	Pricing	4	price	1395134484367	1395134484367	1395134484570	1395134484570	OK	 
ACTION	Pricing	6	price	1395134484400	1395134484401	1395134484602	1395134484602	OK	 
ACTION	Pricing	1	price	1395134484439	1395134484439	1395134484637	1395134484637	OK	 
ACTION	Pricing	3	price	1395134484474	1395134484475	1395134484674	1395134484674	OK	 
ACTION	Pricing	2	price	1395134484508	1395134484509	1395134484707	1395134484707	OK	 
ACTION	Pricing	5	price	1395134484539	1395134484539	1395134484739	1395134484739	OK	 
ACTION	Pricing	4	price	1395134484571	1395134484572	1395134484770	1395134484770	OK	 
ACTION	Pricing	6	price	1395134484604	1395134484604	1395134484801	1395134484801	OK	 
ACTION	Pricing	1	price	1395134484640	1395134484640	1395134484833	1395134484833	OK	 
ACTION	Pricing	3	price	1395134484676	1395134484677	1395134484865	1395134484865	OK	 
ACTION	Pricing	2	price	1395134484708	1395134484709	1395134484900	1395134484900	OK	 
ACTION	Pricing	5	price	1395134484741	1395134484741	1395134484930	1395134484931	OK	 
ACTION	Pricing	4	price	1395134484771	1395134484772	1395134484961	1395134484961	OK	 
ACTION	Pricing	6	price	1395134484802	1395134484802	1395134484992	1395134484992	OK	 
ACTION	Pricing	1	price	1395134484834	1395134484835	1395134485024	1395134485025	OK	 
ACTION	Pricing	3	price	1395134484867	1395134484867	1395134485055	1395134485055	OK	 
ACTION	Pricing	2	price	1395134484902	1395134484902	1395134485087	1395134485087	OK	 
ACTION	Pricing	5	price	1395134484932	1395134484932	1395134485118	1395134485118	OK	 
ACTION	Pricing	4	price	1395134484963	1395134484963	1395134485147	1395134485148	OK	 
ACTION	Pricing	6	price	1395134484994	1395134484994	1395134485181	1395134485181	OK	 
ACTION	Pricing	1	price	1395134485026	1395134485026	1395134485215	1395134485215	OK	 
ACTION	Pricing	3	price	1395134485057	1395134485057	1395134485247	1395134485247	OK	 
ACTION	Pricing	2	price	1395134485088	1395134485088	1395134485280	1395134485280	OK	 
ACTION	Pricing	5	price	1395134485120	1395134485120	1395134485314	1395134485321	OK	 
ACTION	Pricing	4	price	1395134485149	1395134485149	1395134485348	1395134485348	OK	 
ACTION	Pricing	6	price	1395134485183	1395134485184	1395134485380	1395134485380	OK	 
ACTION	Pricing	1	price	1395134485217	1395134485217	1395134485413	1395134485413	OK	 
ACTION	Pricing	3	price	1395134485249	1395134485250	1395134485443	1395134485443	OK	 
ACTION	Pricing	2	price	1395134485282	1395134485282	1395134485473	1395134485473	OK	 
ACTION	Pricing	5	price	1395134485322	1395134485323	1395134485506	1395134485506	OK	 
ACTION	Pricing	4	price	1395134485350	1395134485350	1395134485537	1395134485537	OK	 
ACTION	Pricing	6	price	1395134485382	1395134485382	1395134485568	1395134485568	OK	 
ACTION	Pricing	1	price	1395134485415	1395134485415	1395134485603	1395134485603	OK	 
ACTION	Pricing	3	price	1395134485444	1395134485445	1395134485633	1395134485633	OK	 
ACTION	Pricing	2	price	1395134485475	1395134485475	1395134485663	1395134485663	OK	 
ACTION	Pricing	5	price	1395134485508	1395134485508	1395134485693	1395134485694	OK	 
ACTION	Pricing	4	price	1395134485540	1395134485540	1395134485735	1395134485735	OK	 
ACTION	Pricing	6	price	1395134485570	1395134485570	1395134485773	1395134485773	OK	 
ACTION	Pricing	1	price	1395134485604	1395134485605	1395134485811	1395134485811	OK	 
ACTION	Pricing	3	price	1395134485635	1395134485635	1395134485847	1395134485847	OK	 
ACTION	Pricing	2	price	1395134485665	1395134485665	1395134485889	1395134485889	OK	 
ACTION	Pricing	5	price	1395134485695	1395134485695	1395134485930	1395134485930	OK	 
ACTION	Pricing	4	price	1395134485736	1395134485737	1395134485961	1395134485961	OK	 
ACTION	Pricing	6	price	1395134485774	1395134485774	1395134485992	1395134485992	OK	 
ACTION	Pricing	1	price	1395134485812	1395134485813	1395134486028	1395134486028	OK	 
ACTION	Pricing	3	price	1395134485848	1395134485849	1395134486063	1395134486063	OK	 
ACTION	Pricing	2	price	1395134485890	1395134485891	1395134486101	1395134486101	OK	 
ACTION	Pricing	5	price	1395134485931	1395134485932	1395134486133	1395134486133	OK	 
ACTION	Pricing	4	price	1395134485962	1395134485963	1395134486168	1395134486168	OK	 
ACTION	Pricing	6	price	1395134485993	1395134485993	1395134486204	1395134486204	OK	 
ACTION	Pricing	1	price	1395134486030	1395134486030	1395134486234	1395134486234	OK	 
ACTION	Pricing	3	price	1395134486064	1395134486065	1395134486270	1395134486270	OK	 
ACTION	Pricing	2	price	1395134486103	1395134486103	1395134486297	1395134486298	OK	 
ACTION	Pricing	5	price	1395134486135	1395134486135	1395134486329	1395134486330	OK	 
ACTION	Pricing	4	price	1395134486169	1395134486170	1395134486362	1395134486362	OK	 
ACTION	Pricing	6	price	1395134486205	1395134486205	1395134486394	1395134486394	OK	 
ACTION	Pricing	1	price	1395134486235	1395134486236	1395134486428	1395134486428	OK	 
ACTION	Pricing	3	price	1395134486272	1395134486272	1395134486463	1395134486463	OK	 
ACTION	Pricing	2	price	1395134486299	1395134486300	1395134486494	1395134486495	OK	 
ACTION	Pricing	5	price	1395134486331	1395134486332	1395134486526	1395134486526	OK	 
ACTION	Pricing	4	price	1395134486364	1395134486364	1395134486560	1395134486560	OK	 
ACTION	Pricing	6	price	1395134486396	1395134486396	1395134486597	1395134486597	OK	 
ACTION	Pricing	1	price	1395134486430	1395134486431	1395134486635	1395134486636	OK	 
ACTION	Pricing	3	price	1395134486465	1395134486465	1395134486667	1395134486667	OK	 
ACTION	Pricing	2	price	1395134486496	1395134486496	1395134486699	1395134486699	OK	 
ACTION	Pricing	5	price	1395134486529	1395134486530	1395134486730	1395134486731	OK	 
ACTION	Pricing	4	price	1395134486561	1395134486562	1395134486761	1395134486761	OK	 
ACTION	Pricing	6	price	1395134486599	1395134486599	1395134486792	1395134486793	OK	 
ACTION	Pricing	1	price	1395134486637	1395134486638	1395134486826	1395134486826	OK	 
ACTION	Pricing	3	price	1395134486668	1395134486670	1395134486856	1395134486856	OK	 
ACTION	Pricing	2	price	1395134486700	1395134486701	1395134486889	1395134486889	OK	 
ACTION	Pricing	5	price	1395134486732	1395134486732	1395134486922	1395134486922	OK	 
ACTION	Pricing	4	price	1395134486763	1395134486763	1395134486957	1395134486957	OK	 
ACTION	Pricing	6	price	1395134486794	1395134486795	1395134486987	1395134486987	OK	 
ACTION	Pricing	1	price	1395134486827	1395134486828	1395134487023	1395134487023	OK	 
ACTION	Pricing	3	price	1395134486858	1395134486859	1395134487055	1395134487056	OK	 
ACTION	Pricing	2	price	1395134486891	1395134486891	1395134487090	1395134487090	OK	 
ACTION	Pricing	5	price	1395134486924	1395134486924	1395134487123	1395134487124	OK	 
ACTION	Pricing	4	price	1395134486958	1395134486959	1395134487156	1395134487156	OK	 
ACTION	Pricing	6	price	1395134486989	1395134486990	1395134487190	1395134487190	OK	 
ACTION	Pricing	1	price	1395134487026	1395134487026	1395134487226	1395134487226	OK	 
ACTION	Pricing	3	price	1395134487058	1395134487058	1395134487257	1395134487257	OK	 
ACTION	Pricing	2	price	1395134487092	1395134487092	1395134487286	1395134487286	OK	 
ACTION	Pricing	5	price	1395134487125	1395134487126	1395134487318	1395134487319	OK	 
ACTION	Pricing	4	price	1395134487158	1395134487158	1395134487351	1395134487351	OK	 
ACTION	Pricing	6	price	1395134487192	1395134487192	1395134487382	1395134487383	OK	 
ACTION	Pricing	1	price	1395134487227	1395134487228	1395134487415	1395134487416	OK	 
ACTION	Pricing	3	price	1395134487259	1395134487259	1395134487448	1395134487449	OK	 
ACTION	Pricing	2	price	1395134487288	1395134487288	1395134487485	1395134487485	OK	 
ACTION	Pricing	5	price	1395134487320	1395134487320	1395134487519	1395134487519	OK	 
ACTION	Pricing	4	price	1395134487353	1395134487353	1395134487553	1395134487554	OK	 
ACTION	Pricing	6	price	1395134487384	1395134487384	1395134487587	1395134487588	OK	 
ACTION	Pricing	1	price	1395134487417	1395134487417	1395134487619	1395134487619	OK	 
ACTION	Pricing	3	price	1395134487450	1395134487450	1395134487659	1395134487660	OK	 
ACTION	Pricing	2	price	1395134487487	1395134487487	1395134487711	1395134487712	OK	 
ACTION	Pricing	5	price	1395134487521	1395134487522	1395134487757	1395134487757	OK	 
ACTION	Pricing	4	price	1395134487555	1395134487555	1395134487813	1395134487813	OK	 
ACTION	Pricing	6	price	1395134487589	1395134487589	1395134487867	1395134487867	OK	 
ACTION	Pricing	1	price	1395134487621	1395134487621	1395134487899	1395134487899	OK	 
ACTION	Pricing	3	price	1395134487661	1395134487662	1395134487929	1395134487929	OK	 
ACTION	Pricing	2	price	1395134487713	1395134487713	1395134487962	1395134487962	OK	 
ACTION	Pricing	5	price	1395134487758	1395134487759	1395134487995	1395134487995	OK	 
ACTION	Pricing	4	price	1395134487817	1395134487817	1395134488030	1395134488031	OK	 
ACTION	Pricing	6	price	1395134487868	1395134487869	1395134488059	1395134488059	OK	 
ACTION	Pricing	1	price	1395134487900	1395134487900	1395134488088	1395134488088	OK	 
ACTION	Pricing	3	price	1395134487931	1395134487931	1395134488122	1395134488122	OK	 
ACTION	Pricing	2	price	1395134487963	1395134487964	1395134488152	1395134488153	OK	 
ACTION	Pricing	5	price	1395134487996	1395134487998	1395134488185	1395134488185	OK	 
ACTION	Pricing	4	price	1395134488032	1395134488032	1395134488229	1395134488229	OK	 
ACTION	Pricing	6	price	1395134488061	1395134488061	1395134488258	1395134488258	OK	 
ACTION	Pricing	1	price	1395134488090	1395134488090	1395134488292	1395134488292	OK	 
ACTION	Pricing	3	price	1395134488124	1395134488124	1395134488326	1395134488326	OK	 
ACTION	Pricing	2	price	1395134488154	1395134488154	1395134488362	1395134488363	OK	 
ACTION	Pricing	5	price	1395134488187	1395134488188	1395134488396	1395134488396	OK	 
ACTION	Pricing	4	price	1395134488230	1395134488231	1395134488429	1395134488429	OK	 
ACTION	Pricing	6	price	1395134488260	1395134488260	1395134488461	1395134488461	OK	 
ACTION	Pricing	1	price	1395134488293	1395134488294	1395134488492	1395134488493	OK	 
ACTION	Pricing	3	price	1395134488327	1395134488327	1395134488527	1395134488528	OK	 
ACTION	Pricing	2	price	1395134488364	1395134488365	1395134488564	1395134488564	OK	 
ACTION	Pricing	5	price	1395134488398	1395134488398	1395134488595	1395134488595	OK	 
ACTION	Pricing	4	price	1395134488431	1395134488431	1395134488628	1395134488629	OK	 
ACTION	Pricing	6	price	1395134488463	1395134488463	1395134488661	1395134488662	OK	 
ACTION	Pricing	1	price	1395134488494	1395134488494	1395134488693	1395134488694	OK	 
ACTION	Pricing	3	price	1395134488529	1395134488530	1395134488729	1395134488729	OK	 
ACTION	Pricing	2	price	1395134488565	1395134488565	1395134488760	1395134488760	OK	 
ACTION	Pricing	5	price	1395134488596	1395134488597	1395134488795	1395134488795	OK	 
ACTION	Pricing	4	price	1395134488631	1395134488631	1395134488827	1395134488827	OK	 
ACTION	Pricing	6	price	1395134488663	1395134488663	1395134488859	1395134488860	OK	 
ACTION	Pricing	1	price	1395134488695	1395134488695	1395134488893	1395134488894	OK	 
ACTION	Pricing	3	price	1395134488730	1395134488731	1395134488926	1395134488927	OK	 
ACTION	Pricing	2	price	1395134488762	1395134488762	1395134488961	1395134488961	OK	 
ACTION	Pricing	5	price	1395134488796	1395134488796	1395134488996	1395134488996	OK	 
ACTION	Pricing	4	price	1395134488829	1395134488829	1395134489030	1395134489030	OK	 
ACTION	Pricing	6	price	1395134488861	1395134488861	1395134489064	1395134489065	OK	 
ACTION	Pricing	1	price	1395134488895	1395134488895	1395134489102	1395134489103	OK	 
ACTION	Pricing	3	price	1395134488928	1395134488928	1395134489133	1395134489133	OK	 
ACTION	Pricing	2	price	1395134488963	1395134488963	1395134489167	1395134489168	OK	 
ACTION	Pricing	5	price	1395134488998	1395134488998	1395134489201	1395134489201	OK	 
ACTION	Pricing	4	price	1395134489031	1395134489032	1395134489238	1395134489238	OK	 
ACTION	Pricing	6	price	1395134489066	1395134489067	1395134489275	1395134489275	OK	 
ACTION	Pricing	1	price	1395134489104	1395134489104	1395134489309	1395134489309	OK	 
ACTION	Pricing	3	price	1395134489134	1395134489135	1395134489342	1395134489342	OK	 
ACTION	Pricing	2	price	1395134489169	1395134489169	1395134489375	1395134489375	OK	 
ACTION	Pricing	5	price	1395134489202	1395134489203	1395134489410	1395134489410	OK	 
ACTION	Pricing	4	price	1395134489242	1395134489243	1395134489445	1395134489446	OK	 
ACTION	Pricing	6	price	1395134489277	1395134489277	1395134489476	1395134489476	OK	 
ACTION	Pricing	1	price	1395134489310	1395134489311	1395134489508	1395134489508	OK	 
ACTION	Pricing	3	price	1395134489343	1395134489344	1395134489543	1395134489543	OK	 
ACTION	Pricing	2	price	1395134489376	1395134489377	1395134489574	1395134489574	OK	 
ACTION	Pricing	5	price	1395134489412	1395134489412	1395134489618	1395134489618	OK	 
ACTION	Pricing	4	price	1395134489447	1395134489447	1395134489652	1395134489652	OK	 
ACTION	Pricing	6	price	1395134489478	1395134489478	1395134489686	1395134489687	OK	 
ACTION	Pricing	1	price	1395134489510	1395134489510	1395134489720	1395134489720	OK	 
ACTION	Pricing	3	price	1395134489552	1395134489553	1395134489752	1395134489752	OK	 
ACTION	Pricing	2	price	1395134489575	1395134489576	1395134489783	1395134489783	OK	 
ACTION	Pricing	5	price	1395134489619	1395134489620	1395134489818	1395134489818	OK	 
ACTION	Pricing	4	price	1395134489654	1395134489654	1395134489852	1395134489852	OK	 
ACTION	Pricing	6	price	1395134489688	1395134489689	1395134489885	1395134489886	OK	 
ACTION	Pricing	1	price	1395134489722	1395134489722	1395134489918	1395134489918	OK	 
ACTION	Pricing	3	price	1395134489754	1395134489754	1395134489952	1395134489952	OK	 
ACTION	Pricing	2	price	1395134489785	1395134489785	1395134489985	1395134489985	OK	 
ACTION	Pricing	5	price	1395134489820	1395134489820	1395134490021	1395134490022	OK	 
ACTION	Pricing	4	price	1395134489853	1395134489854	1395134490054	1395134490055	OK	 
ACTION	Pricing	6	price	1395134489888	1395134489888	1395134490089	1395134490089	OK	 
ACTION	Pricing	1	price	1395134489920	1395134489920	1395134490122	1395134490122	OK	 
ACTION	Pricing	3	price	1395134489954	1395134489954	1395134490152	1395134490152	OK	 
ACTION	Pricing	2	price	1395134489986	1395134489987	1395134490189	1395134490189	OK	 
ACTION	Pricing	5	price	1395134490023	1395134490024	1395134490231	1395134490232	OK	 
ACTION	Pricing	4	price	1395134490056	1395134490056	1395134490262	1395134490263	OK	 
ACTION	Pricing	6	price	1395134490091	1395134490091	1395134490293	1395134490293	OK	 
ACTION	Pricing	1	price	1395134490123	1395134490123	1395134490324	1395134490324	OK	 
ACTION	Pricing	3	price	1395134490154	1395134490155	1395134490358	1395134490358	OK	 
ACTION	Pricing	2	price	1395134490191	1395134490191	1395134490389	1395134490389	OK	 
ACTION	Pricing	5	price	1395134490233	1395134490233	1395134490422	1395134490422	OK	 
ACTION	Pricing	4	price	1395134490264	1395134490264	1395134490454	1395134490454	OK	 
ACTION	Pricing	6	price	1395134490295	1395134490295	1395134490483	1395134490483	OK	 
ACTION	Pricing	1	price	1395134490326	1395134490326	1395134490514	1395134490514	OK	 
ACTION	Pricing	3	price	1395134490359	1395134490359	1395134490544	1395134490544	OK	 
ACTION	Pricing	2	price	1395134490391	1395134490391	1395134490575	1395134490576	OK	 
ACTION	Pricing	5	price	1395134490423	1395134490423	1395134490617	1395134490618	OK	 
ACTION	Pricing	4	price	1395134490455	1395134490456	1395134490634	1395134490634	OK	 
ACTION	Pricing	6	price	1395134490484	1395134490484	1395134490667	1395134490667	OK	 
ACTION	Pricing	1	price	1395134490515	1395134490516	1395134490699	1395134490700	OK	 
ACTION	Pricing	3	price	1395134490546	1395134490546	1395134490733	1395134490733	OK	 
ACTION	Pricing	2	price	1395134490578	1395134490578	1395134490764	1395134490764	OK	 
ACTION	Pricing	5	price	1395134490619	1395134490619	1395134490794	1395134490794	OK	 
ACTION	Pricing	4	price	1395134490636	1395134490636	1395134490826	1395134490826	OK	 
ACTION	Pricing	6	price	1395134490668	1395134490669	1395134490856	1395134490857	OK	 
ACTION	Pricing	1	price	1395134490701	1395134490701	1395134490888	1395134490888	OK	 
ACTION	Pricing	3	price	1395134490734	1395134490734	1395134490920	1395134490920	OK	 
ACTION	Pricing	2	price	1395134490765	1395134490765	1395134490949	1395134490950	OK	 
ACTION	Pricing	5	price	1395134490795	1395134490796	1395134490981	1395134490981	OK	 
ACTION	Pricing	4	price	1395134490827	1395134490828	1395134491027	1395134491027	OK	 
ACTION	Pricing	6	price	1395134490858	1395134490858	1395134491059	1395134491059	OK	 
ACTION	Pricing	1	price	1395134490889	1395134490889	1395134491090	1395134491090	OK	 
ACTION	Pricing	3	price	1395134490921	1395134490922	1395134491121	1395134491122	OK	 
SCENARIO	Pricing	3	END	1395134491122
ACTION	Pricing	2	price	1395134490951	1395134490951	1395134491152	1395134491152	OK	 
SCENARIO	Pricing	2	END	1395134491153
ACTION	Pricing	5	price	1395134490982	1395134490983	1395134491181	1395134491181	OK	 
SCENARIO	Pricing	5	END	1395134491182
ACTION	Pricing	4	price	1395134491028	1395134491029	1395134491212	1395134491212	OK	 
SCENARIO	Pricing	4	END	1395134491213
ACTION	Pricing	6	price	1395134491061	1395134491061	1395134491238	1395134491239	OK	 
SCENARIO	Pricing	6	END	1395134491239
ACTION	Pricing	1	price	1395134491092	1395134491092	1395134491264	1395134491264	OK	 
SCENARIO	Pricing	1	END	1395134491265
