RUN	20140318091350	pricingsimulation	pricingsimulation
SCENARIO	Pricing	2	START	1395134033229
SCENARIO	Pricing	4	START	1395134033230
SCENARIO	Pricing	1	START	1395134033230
SCENARIO	Pricing	3	START	1395134033230
SCENARIO	Pricing	5	START	1395134033230
ACTION	Pricing	4	price	1395134033287	1395134033312	1395134033923	1395134033924	OK	 
ACTION	Pricing	2	price	1395134033281	1395134033312	1395134033877	1395134033900	OK	 
ACTION	Pricing	1	price	1395134033289	1395134033312	1395134033878	1395134033900	OK	 
ACTION	Pricing	3	price	1395134033291	1395134033312	1395134033882	1395134033900	OK	 
ACTION	Pricing	5	price	1395134033292	1395134033329	1395134033966	1395134033966	OK	 
ACTION	Pricing	2	price	1395134034046	1395134034048	1395134034203	1395134034203	OK	 
ACTION	Pricing	5	price	1395134034048	1395134034054	1395134034237	1395134034237	OK	 
ACTION	Pricing	1	price	1395134034060	1395134034062	1395134034269	1395134034269	OK	 
ACTION	Pricing	4	price	1395134034056	1395134034059	1395134034302	1395134034302	OK	 
ACTION	Pricing	3	price	1395134034063	1395134034064	1395134034339	1395134034339	OK	 
ACTION	Pricing	2	price	1395134034214	1395134034217	1395134034372	1395134034372	OK	 
ACTION	Pricing	5	price	1395134034239	1395134034240	1395134034406	1395134034406	OK	 
ACTION	Pricing	1	price	1395134034272	1395134034273	1395134034441	1395134034441	OK	 
ACTION	Pricing	4	price	1395134034304	1395134034305	1395134034488	1395134034489	OK	 
ACTION	Pricing	3	price	1395134034341	1395134034342	1395134034521	1395134034521	OK	 
ACTION	Pricing	2	price	1395134034374	1395134034376	1395134034549	1395134034549	OK	 
ACTION	Pricing	5	price	1395134034408	1395134034409	1395134034579	1395134034579	OK	 
ACTION	Pricing	1	price	1395134034443	1395134034444	1395134034608	1395134034608	OK	 
ACTION	Pricing	4	price	1395134034490	1395134034492	1395134034638	1395134034638	OK	 
ACTION	Pricing	3	price	1395134034523	1395134034525	1395134034667	1395134034667	OK	 
ACTION	Pricing	2	price	1395134034550	1395134034552	1395134034695	1395134034695	OK	 
ACTION	Pricing	5	price	1395134034581	1395134034582	1395134034726	1395134034726	OK	 
ACTION	Pricing	1	price	1395134034610	1395134034616	1395134034761	1395134034762	OK	 
ACTION	Pricing	4	price	1395134034640	1395134034642	1395134034801	1395134034801	OK	 
ACTION	Pricing	3	price	1395134034669	1395134034670	1395134034833	1395134034833	OK	 
ACTION	Pricing	2	price	1395134034697	1395134034698	1395134034863	1395134034864	OK	 
ACTION	Pricing	5	price	1395134034729	1395134034730	1395134034896	1395134034896	OK	 
ACTION	Pricing	1	price	1395134034763	1395134034765	1395134034928	1395134034928	OK	 
ACTION	Pricing	4	price	1395134034802	1395134034804	1395134034960	1395134034960	OK	 
ACTION	Pricing	3	price	1395134034836	1395134034837	1395134034992	1395134034992	OK	 
ACTION	Pricing	2	price	1395134034865	1395134034866	1395134035022	1395134035022	OK	 
ACTION	Pricing	5	price	1395134034898	1395134034900	1395134035053	1395134035053	OK	 
ACTION	Pricing	1	price	1395134034929	1395134034930	1395134035084	1395134035085	OK	 
ACTION	Pricing	4	price	1395134034962	1395134034963	1395134035127	1395134035128	OK	 
ACTION	Pricing	3	price	1395134034995	1395134035000	1395134035161	1395134035161	OK	 
ACTION	Pricing	2	price	1395134035023	1395134035025	1395134035192	1395134035192	OK	 
ACTION	Pricing	5	price	1395134035055	1395134035056	1395134035220	1395134035221	OK	 
ACTION	Pricing	1	price	1395134035086	1395134035088	1395134035249	1395134035250	OK	 
ACTION	Pricing	4	price	1395134035129	1395134035131	1395134035280	1395134035280	OK	 
ACTION	Pricing	3	price	1395134035163	1395134035164	1395134035309	1395134035309	OK	 
ACTION	Pricing	2	price	1395134035194	1395134035195	1395134035338	1395134035338	OK	 
ACTION	Pricing	5	price	1395134035223	1395134035223	1395134035366	1395134035366	OK	 
ACTION	Pricing	1	price	1395134035251	1395134035252	1395134035394	1395134035394	OK	 
ACTION	Pricing	4	price	1395134035282	1395134035283	1395134035424	1395134035425	OK	 
ACTION	Pricing	3	price	1395134035311	1395134035311	1395134035451	1395134035452	OK	 
ACTION	Pricing	2	price	1395134035339	1395134035340	1395134035482	1395134035482	OK	 
ACTION	Pricing	5	price	1395134035368	1395134035369	1395134035510	1395134035510	OK	 
ACTION	Pricing	1	price	1395134035396	1395134035397	1395134035540	1395134035540	OK	 
ACTION	Pricing	4	price	1395134035426	1395134035427	1395134035573	1395134035574	OK	 
ACTION	Pricing	3	price	1395134035453	1395134035454	1395134035602	1395134035602	OK	 
ACTION	Pricing	2	price	1395134035483	1395134035484	1395134035631	1395134035631	OK	 
ACTION	Pricing	5	price	1395134035512	1395134035512	1395134035660	1395134035660	OK	 
ACTION	Pricing	1	price	1395134035542	1395134035542	1395134035690	1395134035690	OK	 
ACTION	Pricing	4	price	1395134035576	1395134035576	1395134035728	1395134035728	OK	 
ACTION	Pricing	3	price	1395134035604	1395134035604	1395134035754	1395134035754	OK	 
ACTION	Pricing	2	price	1395134035633	1395134035633	1395134035783	1395134035784	OK	 
ACTION	Pricing	5	price	1395134035662	1395134035663	1395134035814	1395134035815	OK	 
ACTION	Pricing	1	price	1395134035692	1395134035693	1395134035848	1395134035848	OK	 
ACTION	Pricing	4	price	1395134035730	1395134035730	1395134035879	1395134035879	OK	 
ACTION	Pricing	3	price	1395134035756	1395134035756	1395134035910	1395134035910	OK	 
ACTION	Pricing	2	price	1395134035785	1395134035786	1395134035944	1395134035944	OK	 
ACTION	Pricing	5	price	1395134035816	1395134035817	1395134035977	1395134035978	OK	 
ACTION	Pricing	1	price	1395134035850	1395134035850	1395134036008	1395134036008	OK	 
ACTION	Pricing	4	price	1395134035881	1395134035882	1395134036037	1395134036038	OK	 
ACTION	Pricing	3	price	1395134035912	1395134035913	1395134036067	1395134036067	OK	 
ACTION	Pricing	2	price	1395134035946	1395134035947	1395134036104	1395134036104	OK	 
ACTION	Pricing	5	price	1395134035979	1395134035980	1395134036133	1395134036133	OK	 
ACTION	Pricing	1	price	1395134036010	1395134036010	1395134036164	1395134036164	OK	 
ACTION	Pricing	4	price	1395134036039	1395134036040	1395134036194	1395134036195	OK	 
ACTION	Pricing	3	price	1395134036068	1395134036069	1395134036229	1395134036230	OK	 
ACTION	Pricing	2	price	1395134036106	1395134036107	1395134036269	1395134036269	OK	 
ACTION	Pricing	5	price	1395134036135	1395134036136	1395134036303	1395134036303	OK	 
ACTION	Pricing	1	price	1395134036166	1395134036166	1395134036334	1395134036334	OK	 
ACTION	Pricing	4	price	1395134036197	1395134036197	1395134036366	1395134036367	OK	 
ACTION	Pricing	3	price	1395134036231	1395134036232	1395134036398	1395134036398	OK	 
ACTION	Pricing	2	price	1395134036271	1395134036272	1395134036431	1395134036431	OK	 
ACTION	Pricing	5	price	1395134036304	1395134036305	1395134036466	1395134036467	OK	 
ACTION	Pricing	1	price	1395134036336	1395134036337	1395134036499	1395134036499	OK	 
ACTION	Pricing	4	price	1395134036369	1395134036370	1395134036534	1395134036535	OK	 
ACTION	Pricing	3	price	1395134036400	1395134036400	1395134036568	1395134036569	OK	 
ACTION	Pricing	2	price	1395134036433	1395134036433	1395134036599	1395134036599	OK	 
ACTION	Pricing	5	price	1395134036469	1395134036469	1395134036633	1395134036634	OK	 
ACTION	Pricing	1	price	1395134036501	1395134036501	1395134036664	1395134036664	OK	 
ACTION	Pricing	4	price	1395134036536	1395134036537	1395134036697	1395134036697	OK	 
ACTION	Pricing	3	price	1395134036570	1395134036571	1395134036732	1395134036732	OK	 
ACTION	Pricing	2	price	1395134036601	1395134036602	1395134036765	1395134036766	OK	 
ACTION	Pricing	5	price	1395134036635	1395134036636	1395134036801	1395134036801	OK	 
ACTION	Pricing	1	price	1395134036666	1395134036667	1395134036835	1395134036835	OK	 
ACTION	Pricing	4	price	1395134036699	1395134036699	1395134036870	1395134036871	OK	 
ACTION	Pricing	3	price	1395134036734	1395134036735	1395134036907	1395134036907	OK	 
ACTION	Pricing	2	price	1395134036767	1395134036768	1395134036942	1395134036943	OK	 
ACTION	Pricing	5	price	1395134036804	1395134036805	1395134036974	1395134036975	OK	 
ACTION	Pricing	1	price	1395134036837	1395134036839	1395134037010	1395134037010	OK	 
ACTION	Pricing	4	price	1395134036872	1395134036873	1395134037048	1395134037049	OK	 
ACTION	Pricing	3	price	1395134036910	1395134036910	1395134037094	1395134037094	OK	 
ACTION	Pricing	2	price	1395134036944	1395134036945	1395134037125	1395134037126	OK	 
ACTION	Pricing	5	price	1395134036977	1395134036978	1395134037159	1395134037159	OK	 
ACTION	Pricing	1	price	1395134037012	1395134037013	1395134037192	1395134037193	OK	 
ACTION	Pricing	4	price	1395134037050	1395134037051	1395134037222	1395134037222	OK	 
ACTION	Pricing	3	price	1395134037096	1395134037097	1395134037261	1395134037261	OK	 
ACTION	Pricing	2	price	1395134037127	1395134037128	1395134037292	1395134037292	OK	 
ACTION	Pricing	5	price	1395134037161	1395134037162	1395134037321	1395134037321	OK	 
ACTION	Pricing	1	price	1395134037194	1395134037195	1395134037355	1395134037355	OK	 
ACTION	Pricing	4	price	1395134037224	1395134037225	1395134037389	1395134037389	OK	 
ACTION	Pricing	3	price	1395134037263	1395134037264	1395134037419	1395134037419	OK	 
ACTION	Pricing	2	price	1395134037294	1395134037294	1395134037447	1395134037447	OK	 
ACTION	Pricing	5	price	1395134037323	1395134037323	1395134037476	1395134037477	OK	 
ACTION	Pricing	1	price	1395134037358	1395134037358	1395134037506	1395134037506	OK	 
ACTION	Pricing	4	price	1395134037391	1395134037391	1395134037536	1395134037536	OK	 
ACTION	Pricing	3	price	1395134037421	1395134037421	1395134037568	1395134037569	OK	 
ACTION	Pricing	2	price	1395134037448	1395134037449	1395134037604	1395134037604	OK	 
ACTION	Pricing	5	price	1395134037478	1395134037479	1395134037634	1395134037634	OK	 
ACTION	Pricing	1	price	1395134037508	1395134037508	1395134037667	1395134037667	OK	 
ACTION	Pricing	4	price	1395134037537	1395134037538	1395134037699	1395134037699	OK	 
ACTION	Pricing	3	price	1395134037571	1395134037571	1395134037727	1395134037728	OK	 
ACTION	Pricing	2	price	1395134037606	1395134037606	1395134037758	1395134037758	OK	 
ACTION	Pricing	5	price	1395134037636	1395134037637	1395134037796	1395134037796	OK	 
ACTION	Pricing	1	price	1395134037670	1395134037670	1395134037818	1395134037818	OK	 
ACTION	Pricing	4	price	1395134037701	1395134037702	1395134037844	1395134037844	OK	 
ACTION	Pricing	3	price	1395134037729	1395134037730	1395134037873	1395134037873	OK	 
ACTION	Pricing	2	price	1395134037760	1395134037761	1395134037899	1395134037900	OK	 
ACTION	Pricing	5	price	1395134037797	1395134037798	1395134037929	1395134037929	OK	 
ACTION	Pricing	1	price	1395134037820	1395134037821	1395134037956	1395134037956	OK	 
ACTION	Pricing	4	price	1395134037846	1395134037846	1395134037986	1395134037986	OK	 
ACTION	Pricing	3	price	1395134037875	1395134037875	1395134038016	1395134038017	OK	 
ACTION	Pricing	2	price	1395134037901	1395134037902	1395134038043	1395134038043	OK	 
ACTION	Pricing	5	price	1395134037931	1395134037931	1395134038073	1395134038073	OK	 
ACTION	Pricing	1	price	1395134037958	1395134037959	1395134038103	1395134038103	OK	 
ACTION	Pricing	4	price	1395134037988	1395134037988	1395134038130	1395134038130	OK	 
ACTION	Pricing	3	price	1395134038018	1395134038019	1395134038162	1395134038162	OK	 
ACTION	Pricing	2	price	1395134038045	1395134038045	1395134038192	1395134038193	OK	 
ACTION	Pricing	5	price	1395134038075	1395134038075	1395134038218	1395134038218	OK	 
ACTION	Pricing	1	price	1395134038105	1395134038105	1395134038250	1395134038250	OK	 
ACTION	Pricing	4	price	1395134038131	1395134038132	1395134038279	1395134038279	OK	 
ACTION	Pricing	3	price	1395134038164	1395134038164	1395134038320	1395134038321	OK	 
ACTION	Pricing	2	price	1395134038195	1395134038195	1395134038337	1395134038337	OK	 
ACTION	Pricing	5	price	1395134038220	1395134038221	1395134038370	1395134038370	OK	 
ACTION	Pricing	1	price	1395134038252	1395134038252	1395134038400	1395134038400	OK	 
ACTION	Pricing	4	price	1395134038281	1395134038282	1395134038427	1395134038427	OK	 
ACTION	Pricing	3	price	1395134038326	1395134038327	1395134038456	1395134038456	OK	 
ACTION	Pricing	2	price	1395134038338	1395134038339	1395134038485	1395134038486	OK	 
ACTION	Pricing	5	price	1395134038372	1395134038373	1395134038513	1395134038513	OK	 
ACTION	Pricing	1	price	1395134038402	1395134038402	1395134038541	1395134038542	OK	 
ACTION	Pricing	4	price	1395134038429	1395134038429	1395134038570	1395134038570	OK	 
ACTION	Pricing	3	price	1395134038457	1395134038458	1395134038598	1395134038598	OK	 
ACTION	Pricing	2	price	1395134038487	1395134038488	1395134038629	1395134038629	OK	 
ACTION	Pricing	5	price	1395134038515	1395134038516	1395134038659	1395134038659	OK	 
ACTION	Pricing	1	price	1395134038543	1395134038544	1395134038690	1395134038690	OK	 
ACTION	Pricing	4	price	1395134038571	1395134038572	1395134038722	1395134038722	OK	 
ACTION	Pricing	3	price	1395134038600	1395134038601	1395134038750	1395134038750	OK	 
ACTION	Pricing	2	price	1395134038630	1395134038631	1395134038780	1395134038780	OK	 
ACTION	Pricing	5	price	1395134038661	1395134038662	1395134038809	1395134038809	OK	 
ACTION	Pricing	1	price	1395134038692	1395134038692	1395134038839	1395134038839	OK	 
ACTION	Pricing	4	price	1395134038724	1395134038725	1395134038867	1395134038867	OK	 
ACTION	Pricing	3	price	1395134038752	1395134038752	1395134038896	1395134038897	OK	 
ACTION	Pricing	2	price	1395134038782	1395134038782	1395134038924	1395134038924	OK	 
ACTION	Pricing	5	price	1395134038811	1395134038811	1395134038952	1395134038952	OK	 
ACTION	Pricing	1	price	1395134038840	1395134038841	1395134038982	1395134038982	OK	 
ACTION	Pricing	4	price	1395134038869	1395134038870	1395134039009	1395134039010	OK	 
ACTION	Pricing	3	price	1395134038898	1395134038899	1395134039037	1395134039037	OK	 
ACTION	Pricing	2	price	1395134038926	1395134038926	1395134039065	1395134039065	OK	 
ACTION	Pricing	5	price	1395134038954	1395134038954	1395134039094	1395134039094	OK	 
ACTION	Pricing	1	price	1395134038984	1395134038984	1395134039123	1395134039123	OK	 
ACTION	Pricing	4	price	1395134039011	1395134039012	1395134039150	1395134039150	OK	 
ACTION	Pricing	3	price	1395134039039	1395134039039	1395134039180	1395134039180	OK	 
ACTION	Pricing	2	price	1395134039067	1395134039067	1395134039209	1395134039210	OK	 
ACTION	Pricing	5	price	1395134039096	1395134039096	1395134039240	1395134039240	OK	 
ACTION	Pricing	1	price	1395134039125	1395134039125	1395134039269	1395134039269	OK	 
ACTION	Pricing	4	price	1395134039152	1395134039152	1395134039298	1395134039298	OK	 
ACTION	Pricing	3	price	1395134039182	1395134039183	1395134039334	1395134039334	OK	 
ACTION	Pricing	2	price	1395134039211	1395134039212	1395134039366	1395134039366	OK	 
ACTION	Pricing	5	price	1395134039241	1395134039242	1395134039395	1395134039396	OK	 
ACTION	Pricing	1	price	1395134039270	1395134039271	1395134039423	1395134039423	OK	 
ACTION	Pricing	4	price	1395134039300	1395134039301	1395134039452	1395134039452	OK	 
ACTION	Pricing	3	price	1395134039336	1395134039336	1395134039484	1395134039485	OK	 
ACTION	Pricing	2	price	1395134039367	1395134039368	1395134039520	1395134039520	OK	 
ACTION	Pricing	5	price	1395134039397	1395134039398	1395134039547	1395134039547	OK	 
ACTION	Pricing	1	price	1395134039424	1395134039425	1395134039580	1395134039581	OK	 
ACTION	Pricing	4	price	1395134039454	1395134039454	1395134039619	1395134039619	OK	 
ACTION	Pricing	3	price	1395134039486	1395134039487	1395134039649	1395134039650	OK	 
ACTION	Pricing	2	price	1395134039521	1395134039522	1395134039682	1395134039682	OK	 
ACTION	Pricing	5	price	1395134039549	1395134039549	1395134039712	1395134039713	OK	 
ACTION	Pricing	1	price	1395134039582	1395134039582	1395134039742	1395134039742	OK	 
ACTION	Pricing	4	price	1395134039621	1395134039621	1395134039774	1395134039774	OK	 
ACTION	Pricing	3	price	1395134039651	1395134039652	1395134039806	1395134039806	OK	 
ACTION	Pricing	2	price	1395134039683	1395134039684	1395134039841	1395134039841	OK	 
ACTION	Pricing	5	price	1395134039714	1395134039715	1395134039870	1395134039870	OK	 
ACTION	Pricing	1	price	1395134039743	1395134039744	1395134039900	1395134039900	OK	 
ACTION	Pricing	4	price	1395134039775	1395134039776	1395134039931	1395134039931	OK	 
ACTION	Pricing	3	price	1395134039808	1395134039808	1395134039961	1395134039961	OK	 
ACTION	Pricing	2	price	1395134039842	1395134039843	1395134039993	1395134039993	OK	 
ACTION	Pricing	5	price	1395134039872	1395134039872	1395134040028	1395134040028	OK	 
ACTION	Pricing	1	price	1395134039901	1395134039902	1395134040062	1395134040062	OK	 
ACTION	Pricing	4	price	1395134039932	1395134039933	1395134040098	1395134040098	OK	 
ACTION	Pricing	3	price	1395134039963	1395134039963	1395134040130	1395134040131	OK	 
ACTION	Pricing	2	price	1395134039995	1395134039995	1395134040160	1395134040160	OK	 
ACTION	Pricing	5	price	1395134040031	1395134040031	1395134040200	1395134040200	OK	 
ACTION	Pricing	1	price	1395134040064	1395134040065	1395134040236	1395134040236	OK	 
ACTION	Pricing	4	price	1395134040100	1395134040101	1395134040266	1395134040266	OK	 
ACTION	Pricing	3	price	1395134040132	1395134040133	1395134040300	1395134040300	OK	 
ACTION	Pricing	2	price	1395134040162	1395134040163	1395134040331	1395134040331	OK	 
ACTION	Pricing	5	price	1395134040202	1395134040202	1395134040361	1395134040362	OK	 
ACTION	Pricing	1	price	1395134040237	1395134040238	1395134040393	1395134040393	OK	 
ACTION	Pricing	4	price	1395134040268	1395134040269	1395134040423	1395134040423	OK	 
ACTION	Pricing	3	price	1395134040302	1395134040302	1395134040454	1395134040454	OK	 
ACTION	Pricing	2	price	1395134040333	1395134040334	1395134040488	1395134040488	OK	 
ACTION	Pricing	5	price	1395134040363	1395134040364	1395134040517	1395134040517	OK	 
ACTION	Pricing	1	price	1395134040394	1395134040395	1395134040550	1395134040550	OK	 
ACTION	Pricing	4	price	1395134040424	1395134040425	1395134040581	1395134040581	OK	 
ACTION	Pricing	3	price	1395134040456	1395134040457	1395134040611	1395134040611	OK	 
ACTION	Pricing	2	price	1395134040489	1395134040490	1395134040644	1395134040644	OK	 
ACTION	Pricing	5	price	1395134040519	1395134040519	1395134040676	1395134040676	OK	 
ACTION	Pricing	1	price	1395134040551	1395134040552	1395134040709	1395134040709	OK	 
ACTION	Pricing	4	price	1395134040583	1395134040584	1395134040741	1395134040741	OK	 
ACTION	Pricing	3	price	1395134040613	1395134040613	1395134040770	1395134040771	OK	 
ACTION	Pricing	2	price	1395134040645	1395134040646	1395134040803	1395134040803	OK	 
ACTION	Pricing	5	price	1395134040677	1395134040678	1395134040833	1395134040833	OK	 
ACTION	Pricing	1	price	1395134040711	1395134040712	1395134040863	1395134040863	OK	 
ACTION	Pricing	4	price	1395134040743	1395134040744	1395134040908	1395134040909	OK	 
ACTION	Pricing	3	price	1395134040772	1395134040773	1395134040938	1395134040938	OK	 
ACTION	Pricing	2	price	1395134040805	1395134040806	1395134040971	1395134040971	OK	 
ACTION	Pricing	5	price	1395134040835	1395134040835	1395134041012	1395134041012	OK	 
ACTION	Pricing	1	price	1395134040865	1395134040865	1395134041041	1395134041041	OK	 
ACTION	Pricing	4	price	1395134040910	1395134040910	1395134041077	1395134041078	OK	 
ACTION	Pricing	3	price	1395134040939	1395134040940	1395134041117	1395134041117	OK	 
ACTION	Pricing	2	price	1395134040973	1395134040973	1395134041161	1395134041161	OK	 
ACTION	Pricing	5	price	1395134041014	1395134041014	1395134041197	1395134041198	OK	 
ACTION	Pricing	1	price	1395134041043	1395134041043	1395134041227	1395134041227	OK	 
ACTION	Pricing	4	price	1395134041079	1395134041080	1395134041265	1395134041265	OK	 
ACTION	Pricing	3	price	1395134041120	1395134041120	1395134041302	1395134041303	OK	 
ACTION	Pricing	2	price	1395134041163	1395134041164	1395134041334	1395134041335	OK	 
ACTION	Pricing	5	price	1395134041199	1395134041200	1395134041371	1395134041372	OK	 
ACTION	Pricing	1	price	1395134041229	1395134041229	1395134041405	1395134041405	OK	 
ACTION	Pricing	4	price	1395134041266	1395134041267	1395134041443	1395134041443	OK	 
ACTION	Pricing	3	price	1395134041305	1395134041306	1395134041473	1395134041473	OK	 
ACTION	Pricing	2	price	1395134041337	1395134041337	1395134041507	1395134041507	OK	 
ACTION	Pricing	5	price	1395134041373	1395134041374	1395134041543	1395134041544	OK	 
ACTION	Pricing	1	price	1395134041408	1395134041408	1395134041574	1395134041575	OK	 
ACTION	Pricing	4	price	1395134041445	1395134041446	1395134041608	1395134041608	OK	 
ACTION	Pricing	3	price	1395134041475	1395134041475	1395134041642	1395134041642	OK	 
ACTION	Pricing	2	price	1395134041509	1395134041510	1395134041676	1395134041676	OK	 
ACTION	Pricing	5	price	1395134041545	1395134041546	1395134041705	1395134041705	OK	 
ACTION	Pricing	1	price	1395134041577	1395134041577	1395134041737	1395134041737	OK	 
ACTION	Pricing	4	price	1395134041610	1395134041610	1395134041766	1395134041766	OK	 
ACTION	Pricing	3	price	1395134041644	1395134041644	1395134041797	1395134041797	OK	 
ACTION	Pricing	2	price	1395134041677	1395134041678	1395134041825	1395134041825	OK	 
ACTION	Pricing	5	price	1395134041706	1395134041707	1395134041854	1395134041854	OK	 
ACTION	Pricing	1	price	1395134041738	1395134041739	1395134041884	1395134041884	OK	 
ACTION	Pricing	4	price	1395134041768	1395134041768	1395134041911	1395134041911	OK	 
ACTION	Pricing	3	price	1395134041799	1395134041799	1395134041943	1395134041943	OK	 
ACTION	Pricing	2	price	1395134041826	1395134041827	1395134041975	1395134041975	OK	 
ACTION	Pricing	5	price	1395134041856	1395134041857	1395134042006	1395134042006	OK	 
ACTION	Pricing	1	price	1395134041886	1395134041886	1395134042035	1395134042035	OK	 
ACTION	Pricing	4	price	1395134041913	1395134041913	1395134042066	1395134042067	OK	 
ACTION	Pricing	3	price	1395134041945	1395134041945	1395134042098	1395134042098	OK	 
ACTION	Pricing	2	price	1395134041977	1395134041977	1395134042132	1395134042132	OK	 
ACTION	Pricing	5	price	1395134042008	1395134042009	1395134042163	1395134042163	OK	 
ACTION	Pricing	1	price	1395134042037	1395134042037	1395134042200	1395134042200	OK	 
ACTION	Pricing	4	price	1395134042069	1395134042069	1395134042230	1395134042230	OK	 
ACTION	Pricing	3	price	1395134042100	1395134042100	1395134042266	1395134042267	OK	 
ACTION	Pricing	2	price	1395134042134	1395134042134	1395134042286	1395134042286	OK	 
ACTION	Pricing	5	price	1395134042165	1395134042165	1395134042316	1395134042316	OK	 
ACTION	Pricing	1	price	1395134042202	1395134042202	1395134042346	1395134042346	OK	 
ACTION	Pricing	4	price	1395134042232	1395134042235	1395134042374	1395134042374	OK	 
ACTION	Pricing	3	price	1395134042268	1395134042269	1395134042405	1395134042405	OK	 
ACTION	Pricing	2	price	1395134042288	1395134042288	1395134042436	1395134042436	OK	 
ACTION	Pricing	5	price	1395134042318	1395134042318	1395134042467	1395134042467	OK	 
ACTION	Pricing	1	price	1395134042348	1395134042348	1395134042501	1395134042501	OK	 
ACTION	Pricing	4	price	1395134042376	1395134042376	1395134042534	1395134042534	OK	 
ACTION	Pricing	3	price	1395134042407	1395134042408	1395134042567	1395134042568	OK	 
ACTION	Pricing	2	price	1395134042437	1395134042438	1395134042605	1395134042605	OK	 
ACTION	Pricing	5	price	1395134042469	1395134042470	1395134042631	1395134042631	OK	 
ACTION	Pricing	1	price	1395134042503	1395134042503	1395134042661	1395134042662	OK	 
ACTION	Pricing	4	price	1395134042537	1395134042537	1395134042693	1395134042694	OK	 
ACTION	Pricing	3	price	1395134042570	1395134042570	1395134042723	1395134042723	OK	 
ACTION	Pricing	2	price	1395134042607	1395134042607	1395134042755	1395134042755	OK	 
ACTION	Pricing	5	price	1395134042633	1395134042634	1395134042787	1395134042787	OK	 
ACTION	Pricing	1	price	1395134042663	1395134042664	1395134042816	1395134042816	OK	 
ACTION	Pricing	4	price	1395134042695	1395134042696	1395134042848	1395134042848	OK	 
ACTION	Pricing	3	price	1395134042725	1395134042725	1395134042879	1395134042879	OK	 
ACTION	Pricing	2	price	1395134042757	1395134042758	1395134042910	1395134042910	OK	 
ACTION	Pricing	5	price	1395134042788	1395134042789	1395134042941	1395134042941	OK	 
ACTION	Pricing	1	price	1395134042818	1395134042818	1395134042971	1395134042972	OK	 
ACTION	Pricing	4	price	1395134042850	1395134042850	1395134043002	1395134043003	OK	 
ACTION	Pricing	3	price	1395134042881	1395134042881	1395134043034	1395134043034	OK	 
ACTION	Pricing	2	price	1395134042912	1395134042913	1395134043066	1395134043066	OK	 
ACTION	Pricing	5	price	1395134042943	1395134042944	1395134043096	1395134043096	OK	 
ACTION	Pricing	1	price	1395134042973	1395134042974	1395134043127	1395134043127	OK	 
ACTION	Pricing	4	price	1395134043004	1395134043005	1395134043159	1395134043160	OK	 
ACTION	Pricing	3	price	1395134043036	1395134043036	1395134043195	1395134043195	OK	 
ACTION	Pricing	2	price	1395134043067	1395134043068	1395134043230	1395134043231	OK	 
ACTION	Pricing	5	price	1395134043098	1395134043098	1395134043272	1395134043272	OK	 
ACTION	Pricing	1	price	1395134043129	1395134043129	1395134043312	1395134043312	OK	 
ACTION	Pricing	4	price	1395134043161	1395134043162	1395134043347	1395134043347	OK	 
ACTION	Pricing	3	price	1395134043197	1395134043197	1395134043386	1395134043386	OK	 
ACTION	Pricing	2	price	1395134043233	1395134043236	1395134043422	1395134043423	OK	 
ACTION	Pricing	5	price	1395134043274	1395134043275	1395134043459	1395134043459	OK	 
ACTION	Pricing	1	price	1395134043314	1395134043314	1395134043500	1395134043500	OK	 
ACTION	Pricing	4	price	1395134043349	1395134043350	1395134043526	1395134043527	OK	 
ACTION	Pricing	3	price	1395134043388	1395134043389	1395134043558	1395134043558	OK	 
ACTION	Pricing	2	price	1395134043425	1395134043425	1395134043606	1395134043607	OK	 
ACTION	Pricing	5	price	1395134043460	1395134043461	1395134043637	1395134043638	OK	 
ACTION	Pricing	1	price	1395134043502	1395134043503	1395134043671	1395134043671	OK	 
ACTION	Pricing	4	price	1395134043529	1395134043529	1395134043706	1395134043706	OK	 
ACTION	Pricing	3	price	1395134043560	1395134043560	1395134043758	1395134043759	OK	 
ACTION	Pricing	2	price	1395134043608	1395134043609	1395134043790	1395134043791	OK	 
ACTION	Pricing	5	price	1395134043640	1395134043640	1395134043825	1395134043825	OK	 
ACTION	Pricing	1	price	1395134043673	1395134043673	1395134043857	1395134043857	OK	 
ACTION	Pricing	4	price	1395134043707	1395134043708	1395134043891	1395134043891	OK	 
ACTION	Pricing	3	price	1395134043760	1395134043760	1395134043925	1395134043926	OK	 
ACTION	Pricing	2	price	1395134043793	1395134043793	1395134043955	1395134043955	OK	 
ACTION	Pricing	5	price	1395134043827	1395134043828	1395134043986	1395134043987	OK	 
ACTION	Pricing	1	price	1395134043858	1395134043859	1395134044018	1395134044018	OK	 
ACTION	Pricing	4	price	1395134043893	1395134043893	1395134044049	1395134044049	OK	 
ACTION	Pricing	3	price	1395134043927	1395134043927	1395134044077	1395134044078	OK	 
ACTION	Pricing	2	price	1395134043956	1395134043957	1395134044111	1395134044111	OK	 
ACTION	Pricing	5	price	1395134043988	1395134043989	1395134044143	1395134044144	OK	 
ACTION	Pricing	1	price	1395134044020	1395134044020	1395134044175	1395134044175	OK	 
ACTION	Pricing	4	price	1395134044050	1395134044051	1395134044207	1395134044207	OK	 
ACTION	Pricing	3	price	1395134044079	1395134044080	1395134044237	1395134044238	OK	 
ACTION	Pricing	2	price	1395134044113	1395134044113	1395134044269	1395134044269	OK	 
ACTION	Pricing	5	price	1395134044147	1395134044147	1395134044298	1395134044298	OK	 
ACTION	Pricing	1	price	1395134044177	1395134044177	1395134044327	1395134044327	OK	 
ACTION	Pricing	4	price	1395134044208	1395134044209	1395134044360	1395134044360	OK	 
ACTION	Pricing	3	price	1395134044239	1395134044240	1395134044393	1395134044393	OK	 
ACTION	Pricing	2	price	1395134044270	1395134044271	1395134044426	1395134044426	OK	 
ACTION	Pricing	5	price	1395134044300	1395134044300	1395134044457	1395134044457	OK	 
ACTION	Pricing	1	price	1395134044328	1395134044329	1395134044492	1395134044492	OK	 
ACTION	Pricing	4	price	1395134044361	1395134044362	1395134044521	1395134044521	OK	 
ACTION	Pricing	3	price	1395134044394	1395134044395	1395134044550	1395134044550	OK	 
ACTION	Pricing	2	price	1395134044428	1395134044428	1395134044581	1395134044581	OK	 
ACTION	Pricing	5	price	1395134044459	1395134044459	1395134044609	1395134044609	OK	 
ACTION	Pricing	1	price	1395134044494	1395134044494	1395134044640	1395134044640	OK	 
ACTION	Pricing	4	price	1395134044523	1395134044523	1395134044666	1395134044667	OK	 
ACTION	Pricing	3	price	1395134044551	1395134044552	1395134044697	1395134044697	OK	 
ACTION	Pricing	2	price	1395134044582	1395134044582	1395134044727	1395134044728	OK	 
ACTION	Pricing	5	price	1395134044611	1395134044611	1395134044759	1395134044759	OK	 
ACTION	Pricing	1	price	1395134044641	1395134044642	1395134044788	1395134044788	OK	 
ACTION	Pricing	4	price	1395134044668	1395134044669	1395134044816	1395134044816	OK	 
ACTION	Pricing	3	price	1395134044699	1395134044699	1395134044846	1395134044846	OK	 
ACTION	Pricing	2	price	1395134044729	1395134044729	1395134044874	1395134044875	OK	 
ACTION	Pricing	5	price	1395134044760	1395134044761	1395134044907	1395134044907	OK	 
ACTION	Pricing	1	price	1395134044789	1395134044790	1395134044937	1395134044938	OK	 
ACTION	Pricing	4	price	1395134044818	1395134044818	1395134044973	1395134044973	OK	 
ACTION	Pricing	3	price	1395134044847	1395134044848	1395134045003	1395134045003	OK	 
ACTION	Pricing	2	price	1395134044877	1395134044878	1395134045034	1395134045034	OK	 
ACTION	Pricing	5	price	1395134044908	1395134044909	1395134045062	1395134045063	OK	 
ACTION	Pricing	1	price	1395134044939	1395134044940	1395134045092	1395134045093	OK	 
ACTION	Pricing	4	price	1395134044975	1395134044975	1395134045122	1395134045122	OK	 
ACTION	Pricing	3	price	1395134045004	1395134045005	1395134045152	1395134045153	OK	 
ACTION	Pricing	2	price	1395134045036	1395134045036	1395134045187	1395134045187	OK	 
ACTION	Pricing	5	price	1395134045064	1395134045065	1395134045216	1395134045216	OK	 
ACTION	Pricing	1	price	1395134045094	1395134045095	1395134045249	1395134045250	OK	 
ACTION	Pricing	4	price	1395134045123	1395134045124	1395134045277	1395134045277	OK	 
ACTION	Pricing	3	price	1395134045154	1395134045155	1395134045307	1395134045307	OK	 
ACTION	Pricing	2	price	1395134045188	1395134045189	1395134045339	1395134045339	OK	 
ACTION	Pricing	5	price	1395134045218	1395134045219	1395134045375	1395134045376	OK	 
ACTION	Pricing	1	price	1395134045251	1395134045251	1395134045409	1395134045409	OK	 
ACTION	Pricing	4	price	1395134045279	1395134045279	1395134045440	1395134045440	OK	 
ACTION	Pricing	3	price	1395134045309	1395134045309	1395134045469	1395134045469	OK	 
ACTION	Pricing	2	price	1395134045341	1395134045342	1395134045501	1395134045501	OK	 
ACTION	Pricing	5	price	1395134045378	1395134045378	1395134045535	1395134045536	OK	 
ACTION	Pricing	1	price	1395134045411	1395134045412	1395134045569	1395134045569	OK	 
ACTION	Pricing	4	price	1395134045442	1395134045443	1395134045598	1395134045599	OK	 
ACTION	Pricing	3	price	1395134045470	1395134045471	1395134045637	1395134045637	OK	 
ACTION	Pricing	2	price	1395134045502	1395134045503	1395134045669	1395134045669	OK	 
ACTION	Pricing	5	price	1395134045537	1395134045538	1395134045700	1395134045700	OK	 
ACTION	Pricing	1	price	1395134045570	1395134045571	1395134045734	1395134045734	OK	 
ACTION	Pricing	4	price	1395134045610	1395134045611	1395134045765	1395134045766	OK	 
ACTION	Pricing	3	price	1395134045638	1395134045639	1395134045795	1395134045795	OK	 
ACTION	Pricing	2	price	1395134045671	1395134045671	1395134045825	1395134045826	OK	 
ACTION	Pricing	5	price	1395134045702	1395134045702	1395134045859	1395134045860	OK	 
ACTION	Pricing	1	price	1395134045736	1395134045736	1395134045902	1395134045902	OK	 
ACTION	Pricing	4	price	1395134045767	1395134045768	1395134045930	1395134045931	OK	 
ACTION	Pricing	3	price	1395134045796	1395134045797	1395134045959	1395134045959	OK	 
ACTION	Pricing	2	price	1395134045827	1395134045828	1395134045991	1395134045992	OK	 
ACTION	Pricing	5	price	1395134045861	1395134045862	1395134046022	1395134046023	OK	 
ACTION	Pricing	1	price	1395134045903	1395134045904	1395134046055	1395134046055	OK	 
ACTION	Pricing	4	price	1395134045932	1395134045933	1395134046087	1395134046087	OK	 
ACTION	Pricing	3	price	1395134045961	1395134045962	1395134046120	1395134046120	OK	 
ACTION	Pricing	2	price	1395134045993	1395134045994	1395134046150	1395134046151	OK	 
ACTION	Pricing	5	price	1395134046024	1395134046025	1395134046182	1395134046182	OK	 
ACTION	Pricing	1	price	1395134046056	1395134046057	1395134046214	1395134046214	OK	 
ACTION	Pricing	4	price	1395134046088	1395134046089	1395134046246	1395134046246	OK	 
ACTION	Pricing	3	price	1395134046122	1395134046122	1395134046278	1395134046278	OK	 
ACTION	Pricing	2	price	1395134046152	1395134046153	1395134046312	1395134046312	OK	 
ACTION	Pricing	5	price	1395134046184	1395134046185	1395134046346	1395134046346	OK	 
ACTION	Pricing	1	price	1395134046216	1395134046216	1395134046385	1395134046386	OK	 
ACTION	Pricing	4	price	1395134046248	1395134046248	1395134046433	1395134046433	OK	 
ACTION	Pricing	3	price	1395134046280	1395134046280	1395134046467	1395134046467	OK	 
ACTION	Pricing	2	price	1395134046314	1395134046314	1395134046499	1395134046499	OK	 
ACTION	Pricing	5	price	1395134046348	1395134046348	1395134046531	1395134046531	OK	 
ACTION	Pricing	1	price	1395134046387	1395134046388	1395134046563	1395134046563	OK	 
ACTION	Pricing	4	price	1395134046435	1395134046435	1395134046595	1395134046595	OK	 
ACTION	Pricing	3	price	1395134046468	1395134046469	1395134046629	1395134046629	OK	 
ACTION	Pricing	2	price	1395134046501	1395134046501	1395134046661	1395134046661	OK	 
ACTION	Pricing	5	price	1395134046533	1395134046533	1395134046692	1395134046692	OK	 
ACTION	Pricing	1	price	1395134046565	1395134046565	1395134046725	1395134046726	OK	 
ACTION	Pricing	4	price	1395134046596	1395134046597	1395134046769	1395134046769	OK	 
ACTION	Pricing	3	price	1395134046631	1395134046631	1395134046811	1395134046811	OK	 
ACTION	Pricing	2	price	1395134046663	1395134046664	1395134046850	1395134046850	OK	 
ACTION	Pricing	5	price	1395134046694	1395134046694	1395134046888	1395134046888	OK	 
ACTION	Pricing	1	price	1395134046728	1395134046728	1395134046929	1395134046930	OK	 
ACTION	Pricing	4	price	1395134046771	1395134046771	1395134046963	1395134046964	OK	 
ACTION	Pricing	3	price	1395134046813	1395134046814	1395134046995	1395134046995	OK	 
ACTION	Pricing	2	price	1395134046852	1395134046853	1395134047027	1395134047027	OK	 
ACTION	Pricing	5	price	1395134046890	1395134046891	1395134047058	1395134047058	OK	 
ACTION	Pricing	1	price	1395134046931	1395134046931	1395134047090	1395134047090	OK	 
ACTION	Pricing	4	price	1395134046966	1395134046966	1395134047133	1395134047133	OK	 
ACTION	Pricing	3	price	1395134046997	1395134046997	1395134047163	1395134047163	OK	 
ACTION	Pricing	2	price	1395134047028	1395134047029	1395134047199	1395134047199	OK	 
ACTION	Pricing	5	price	1395134047060	1395134047060	1395134047227	1395134047227	OK	 
ACTION	Pricing	1	price	1395134047092	1395134047092	1395134047257	1395134047258	OK	 
ACTION	Pricing	4	price	1395134047135	1395134047135	1395134047289	1395134047289	OK	 
ACTION	Pricing	3	price	1395134047165	1395134047165	1395134047321	1395134047321	OK	 
ACTION	Pricing	2	price	1395134047201	1395134047201	1395134047354	1395134047354	OK	 
ACTION	Pricing	5	price	1395134047229	1395134047229	1395134047387	1395134047387	OK	 
ACTION	Pricing	1	price	1395134047260	1395134047260	1395134047420	1395134047420	OK	 
ACTION	Pricing	4	price	1395134047291	1395134047291	1395134047450	1395134047450	OK	 
ACTION	Pricing	3	price	1395134047323	1395134047323	1395134047482	1395134047482	OK	 
ACTION	Pricing	2	price	1395134047355	1395134047356	1395134047511	1395134047511	OK	 
ACTION	Pricing	5	price	1395134047389	1395134047389	1395134047541	1395134047541	OK	 
ACTION	Pricing	1	price	1395134047422	1395134047422	1395134047574	1395134047574	OK	 
ACTION	Pricing	4	price	1395134047451	1395134047452	1395134047608	1395134047609	OK	 
ACTION	Pricing	3	price	1395134047483	1395134047484	1395134047640	1395134047640	OK	 
ACTION	Pricing	2	price	1395134047513	1395134047513	1395134047672	1395134047672	OK	 
ACTION	Pricing	5	price	1395134047542	1395134047543	1395134047705	1395134047705	OK	 
ACTION	Pricing	1	price	1395134047576	1395134047577	1395134047738	1395134047738	OK	 
ACTION	Pricing	4	price	1395134047610	1395134047611	1395134047775	1395134047776	OK	 
ACTION	Pricing	3	price	1395134047642	1395134047643	1395134047807	1395134047807	OK	 
ACTION	Pricing	2	price	1395134047673	1395134047674	1395134047837	1395134047838	OK	 
ACTION	Pricing	5	price	1395134047707	1395134047707	1395134047867	1395134047867	OK	 
ACTION	Pricing	1	price	1395134047740	1395134047741	1395134047899	1395134047899	OK	 
ACTION	Pricing	4	price	1395134047777	1395134047778	1395134047934	1395134047934	OK	 
ACTION	Pricing	3	price	1395134047808	1395134047809	1395134047968	1395134047969	OK	 
ACTION	Pricing	2	price	1395134047839	1395134047840	1395134047994	1395134047994	OK	 
ACTION	Pricing	5	price	1395134047869	1395134047869	1395134048027	1395134048027	OK	 
ACTION	Pricing	1	price	1395134047901	1395134047901	1395134048056	1395134048056	OK	 
ACTION	Pricing	4	price	1395134047936	1395134047937	1395134048088	1395134048089	OK	 
ACTION	Pricing	3	price	1395134047970	1395134047970	1395134048123	1395134048123	OK	 
ACTION	Pricing	2	price	1395134047995	1395134047996	1395134048153	1395134048153	OK	 
ACTION	Pricing	5	price	1395134048029	1395134048029	1395134048185	1395134048185	OK	 
ACTION	Pricing	1	price	1395134048061	1395134048061	1395134048218	1395134048219	OK	 
ACTION	Pricing	4	price	1395134048090	1395134048090	1395134048250	1395134048250	OK	 
ACTION	Pricing	3	price	1395134048125	1395134048125	1395134048314	1395134048314	OK	 
ACTION	Pricing	2	price	1395134048154	1395134048155	1395134048356	1395134048356	OK	 
ACTION	Pricing	5	price	1395134048187	1395134048188	1395134048386	1395134048387	OK	 
ACTION	Pricing	1	price	1395134048221	1395134048221	1395134048417	1395134048417	OK	 
ACTION	Pricing	4	price	1395134048251	1395134048252	1395134048449	1395134048449	OK	 
ACTION	Pricing	3	price	1395134048316	1395134048316	1395134048484	1395134048485	OK	 
ACTION	Pricing	2	price	1395134048357	1395134048358	1395134048510	1395134048511	OK	 
ACTION	Pricing	5	price	1395134048388	1395134048389	1395134048543	1395134048543	OK	 
ACTION	Pricing	1	price	1395134048418	1395134048419	1395134048575	1395134048575	OK	 
ACTION	Pricing	4	price	1395134048451	1395134048451	1395134048608	1395134048608	OK	 
ACTION	Pricing	3	price	1395134048487	1395134048487	1395134048644	1395134048645	OK	 
ACTION	Pricing	2	price	1395134048512	1395134048513	1395134048670	1395134048671	OK	 
ACTION	Pricing	5	price	1395134048545	1395134048546	1395134048704	1395134048704	OK	 
ACTION	Pricing	1	price	1395134048577	1395134048577	1395134048735	1395134048735	OK	 
ACTION	Pricing	4	price	1395134048610	1395134048611	1395134048763	1395134048764	OK	 
ACTION	Pricing	3	price	1395134048646	1395134048647	1395134048793	1395134048793	OK	 
ACTION	Pricing	2	price	1395134048672	1395134048673	1395134048824	1395134048824	OK	 
ACTION	Pricing	5	price	1395134048706	1395134048706	1395134048855	1395134048855	OK	 
ACTION	Pricing	1	price	1395134048737	1395134048737	1395134048886	1395134048887	OK	 
ACTION	Pricing	4	price	1395134048765	1395134048766	1395134048921	1395134048921	OK	 
ACTION	Pricing	3	price	1395134048795	1395134048796	1395134048967	1395134048967	OK	 
ACTION	Pricing	2	price	1395134048826	1395134048826	1395134048997	1395134048997	OK	 
ACTION	Pricing	5	price	1395134048857	1395134048857	1395134049028	1395134049028	OK	 
ACTION	Pricing	1	price	1395134048888	1395134048891	1395134049060	1395134049060	OK	 
ACTION	Pricing	4	price	1395134048922	1395134048923	1395134049091	1395134049091	OK	 
ACTION	Pricing	3	price	1395134048968	1395134048969	1395134049124	1395134049125	OK	 
ACTION	Pricing	2	price	1395134048999	1395134048999	1395134049155	1395134049156	OK	 
ACTION	Pricing	5	price	1395134049030	1395134049030	1395134049190	1395134049191	OK	 
ACTION	Pricing	1	price	1395134049062	1395134049062	1395134049222	1395134049222	OK	 
ACTION	Pricing	4	price	1395134049095	1395134049095	1395134049254	1395134049254	OK	 
ACTION	Pricing	3	price	1395134049126	1395134049126	1395134049288	1395134049288	OK	 
ACTION	Pricing	2	price	1395134049157	1395134049158	1395134049321	1395134049322	OK	 
ACTION	Pricing	5	price	1395134049192	1395134049193	1395134049353	1395134049353	OK	 
ACTION	Pricing	1	price	1395134049223	1395134049224	1395134049386	1395134049387	OK	 
ACTION	Pricing	4	price	1395134049256	1395134049256	1395134049419	1395134049420	OK	 
ACTION	Pricing	3	price	1395134049289	1395134049290	1395134049457	1395134049458	OK	 
ACTION	Pricing	2	price	1395134049323	1395134049323	1395134049487	1395134049487	OK	 
ACTION	Pricing	5	price	1395134049355	1395134049355	1395134049517	1395134049518	OK	 
ACTION	Pricing	1	price	1395134049388	1395134049389	1395134049547	1395134049547	OK	 
ACTION	Pricing	4	price	1395134049421	1395134049421	1395134049578	1395134049578	OK	 
ACTION	Pricing	3	price	1395134049459	1395134049460	1395134049606	1395134049607	OK	 
ACTION	Pricing	2	price	1395134049488	1395134049489	1395134049639	1395134049639	OK	 
ACTION	Pricing	5	price	1395134049520	1395134049520	1395134049673	1395134049673	OK	 
ACTION	Pricing	1	price	1395134049549	1395134049549	1395134049707	1395134049707	OK	 
ACTION	Pricing	4	price	1395134049580	1395134049580	1395134049737	1395134049738	OK	 
ACTION	Pricing	3	price	1395134049608	1395134049608	1395134049768	1395134049768	OK	 
ACTION	Pricing	2	price	1395134049640	1395134049641	1395134049796	1395134049797	OK	 
ACTION	Pricing	5	price	1395134049675	1395134049675	1395134049827	1395134049827	OK	 
ACTION	Pricing	1	price	1395134049708	1395134049709	1395134049858	1395134049858	OK	 
ACTION	Pricing	4	price	1395134049739	1395134049739	1395134049891	1395134049891	OK	 
ACTION	Pricing	3	price	1395134049769	1395134049770	1395134049920	1395134049920	OK	 
ACTION	Pricing	2	price	1395134049798	1395134049798	1395134049950	1395134049951	OK	 
ACTION	Pricing	5	price	1395134049829	1395134049829	1395134049990	1395134049991	OK	 
ACTION	Pricing	1	price	1395134049859	1395134049860	1395134050041	1395134050042	OK	 
ACTION	Pricing	4	price	1395134049892	1395134049892	1395134050079	1395134050080	OK	 
ACTION	Pricing	3	price	1395134049921	1395134049922	1395134050116	1395134050117	OK	 
ACTION	Pricing	2	price	1395134049953	1395134049954	1395134050189	1395134050189	OK	 
ACTION	Pricing	5	price	1395134049993	1395134049994	1395134050221	1395134050221	OK	 
ACTION	Pricing	1	price	1395134050044	1395134050046	1395134050251	1395134050252	OK	 
ACTION	Pricing	4	price	1395134050081	1395134050084	1395134050285	1395134050286	OK	 
ACTION	Pricing	3	price	1395134050118	1395134050120	1395134050320	1395134050320	OK	 
ACTION	Pricing	2	price	1395134050191	1395134050191	1395134050354	1395134050354	OK	 
ACTION	Pricing	5	price	1395134050223	1395134050223	1395134050386	1395134050387	OK	 
ACTION	Pricing	1	price	1395134050253	1395134050254	1395134050415	1395134050415	OK	 
ACTION	Pricing	4	price	1395134050287	1395134050288	1395134050445	1395134050445	OK	 
ACTION	Pricing	3	price	1395134050322	1395134050322	1395134050477	1395134050477	OK	 
ACTION	Pricing	2	price	1395134050355	1395134050356	1395134050508	1395134050508	OK	 
ACTION	Pricing	5	price	1395134050388	1395134050389	1395134050537	1395134050538	OK	 
ACTION	Pricing	1	price	1395134050417	1395134050417	1395134050569	1395134050569	OK	 
ACTION	Pricing	4	price	1395134050446	1395134050447	1395134050597	1395134050597	OK	 
ACTION	Pricing	3	price	1395134050482	1395134050482	1395134050628	1395134050628	OK	 
ACTION	Pricing	2	price	1395134050510	1395134050510	1395134050661	1395134050661	OK	 
ACTION	Pricing	5	price	1395134050539	1395134050539	1395134050692	1395134050692	OK	 
ACTION	Pricing	1	price	1395134050571	1395134050571	1395134050726	1395134050726	OK	 
ACTION	Pricing	4	price	1395134050599	1395134050599	1395134050758	1395134050758	OK	 
ACTION	Pricing	3	price	1395134050630	1395134050630	1395134050791	1395134050791	OK	 
ACTION	Pricing	2	price	1395134050662	1395134050663	1395134050823	1395134050823	OK	 
ACTION	Pricing	5	price	1395134050693	1395134050694	1395134050858	1395134050859	OK	 
ACTION	Pricing	1	price	1395134050728	1395134050728	1395134050892	1395134050892	OK	 
ACTION	Pricing	4	price	1395134050760	1395134050760	1395134050925	1395134050925	OK	 
ACTION	Pricing	3	price	1395134050792	1395134050793	1395134050958	1395134050958	OK	 
ACTION	Pricing	2	price	1395134050824	1395134050825	1395134050993	1395134050993	OK	 
ACTION	Pricing	5	price	1395134050866	1395134050866	1395134051025	1395134051025	OK	 
ACTION	Pricing	1	price	1395134050896	1395134050897	1395134051060	1395134051060	OK	 
ACTION	Pricing	4	price	1395134050927	1395134050927	1395134051095	1395134051095	OK	 
ACTION	Pricing	3	price	1395134050960	1395134050960	1395134051127	1395134051128	OK	 
ACTION	Pricing	2	price	1395134050994	1395134050996	1395134051160	1395134051160	OK	 
ACTION	Pricing	5	price	1395134051027	1395134051027	1395134051191	1395134051192	OK	 
ACTION	Pricing	1	price	1395134051062	1395134051062	1395134051222	1395134051223	OK	 
ACTION	Pricing	4	price	1395134051097	1395134051098	1395134051256	1395134051256	OK	 
ACTION	Pricing	3	price	1395134051129	1395134051130	1395134051289	1395134051289	OK	 
ACTION	Pricing	2	price	1395134051162	1395134051162	1395134051322	1395134051322	OK	 
ACTION	Pricing	5	price	1395134051193	1395134051194	1395134051354	1395134051354	OK	 
ACTION	Pricing	1	price	1395134051224	1395134051224	1395134051387	1395134051387	OK	 
ACTION	Pricing	4	price	1395134051257	1395134051258	1395134051418	1395134051418	OK	 
ACTION	Pricing	3	price	1395134051290	1395134051291	1395134051449	1395134051449	OK	 
ACTION	Pricing	2	price	1395134051323	1395134051324	1395134051479	1395134051479	OK	 
ACTION	Pricing	5	price	1395134051357	1395134051357	1395134051511	1395134051511	OK	 
ACTION	Pricing	1	price	1395134051389	1395134051389	1395134051542	1395134051542	OK	 
ACTION	Pricing	4	price	1395134051424	1395134051425	1395134051574	1395134051574	OK	 
ACTION	Pricing	3	price	1395134051450	1395134051451	1395134051605	1395134051605	OK	 
ACTION	Pricing	2	price	1395134051481	1395134051481	1395134051638	1395134051638	OK	 
ACTION	Pricing	5	price	1395134051513	1395134051513	1395134051688	1395134051688	OK	 
ACTION	Pricing	1	price	1395134051544	1395134051544	1395134051706	1395134051706	OK	 
ACTION	Pricing	4	price	1395134051575	1395134051576	1395134051737	1395134051737	OK	 
ACTION	Pricing	3	price	1395134051607	1395134051607	1395134051768	1395134051769	OK	 
ACTION	Pricing	2	price	1395134051639	1395134051688	1395134051802	1395134051802	OK	 
ACTION	Pricing	5	price	1395134051690	1395134051691	1395134051834	1395134051834	OK	 
ACTION	Pricing	1	price	1395134051708	1395134051708	1395134051866	1395134051867	OK	 
ACTION	Pricing	4	price	1395134051738	1395134051739	1395134051899	1395134051900	OK	 
ACTION	Pricing	3	price	1395134051770	1395134051770	1395134051934	1395134051934	OK	 
ACTION	Pricing	2	price	1395134051804	1395134051804	1395134051967	1395134051967	OK	 
ACTION	Pricing	5	price	1395134051836	1395134051837	1395134052003	1395134052003	OK	 
ACTION	Pricing	1	price	1395134051868	1395134051868	1395134052035	1395134052036	OK	 
ACTION	Pricing	4	price	1395134051902	1395134051902	1395134052066	1395134052066	OK	 
ACTION	Pricing	3	price	1395134051936	1395134051937	1395134052099	1395134052099	OK	 
ACTION	Pricing	2	price	1395134051968	1395134051969	1395134052127	1395134052127	OK	 
ACTION	Pricing	5	price	1395134052004	1395134052005	1395134052156	1395134052157	OK	 
ACTION	Pricing	1	price	1395134052037	1395134052038	1395134052187	1395134052187	OK	 
ACTION	Pricing	4	price	1395134052068	1395134052068	1395134052219	1395134052219	OK	 
ACTION	Pricing	3	price	1395134052100	1395134052101	1395134052251	1395134052251	OK	 
ACTION	Pricing	2	price	1395134052129	1395134052129	1395134052284	1395134052284	OK	 
ACTION	Pricing	5	price	1395134052158	1395134052158	1395134052317	1395134052317	OK	 
ACTION	Pricing	1	price	1395134052189	1395134052189	1395134052351	1395134052351	OK	 
ACTION	Pricing	4	price	1395134052221	1395134052221	1395134052387	1395134052387	OK	 
ACTION	Pricing	3	price	1395134052253	1395134052253	1395134052420	1395134052420	OK	 
ACTION	Pricing	2	price	1395134052285	1395134052286	1395134052455	1395134052456	OK	 
ACTION	Pricing	5	price	1395134052319	1395134052319	1395134052488	1395134052488	OK	 
ACTION	Pricing	1	price	1395134052353	1395134052354	1395134052525	1395134052525	OK	 
ACTION	Pricing	4	price	1395134052389	1395134052390	1395134052558	1395134052558	OK	 
ACTION	Pricing	3	price	1395134052421	1395134052422	1395134052592	1395134052592	OK	 
ACTION	Pricing	2	price	1395134052457	1395134052458	1395134052624	1395134052624	OK	 
ACTION	Pricing	5	price	1395134052490	1395134052490	1395134052659	1395134052659	OK	 
ACTION	Pricing	1	price	1395134052527	1395134052527	1395134052692	1395134052692	OK	 
ACTION	Pricing	4	price	1395134052559	1395134052560	1395134052726	1395134052726	OK	 
ACTION	Pricing	3	price	1395134052594	1395134052594	1395134052759	1395134052759	OK	 
ACTION	Pricing	2	price	1395134052626	1395134052626	1395134052792	1395134052792	OK	 
ACTION	Pricing	5	price	1395134052661	1395134052661	1395134052827	1395134052828	OK	 
ACTION	Pricing	1	price	1395134052694	1395134052694	1395134052862	1395134052862	OK	 
ACTION	Pricing	4	price	1395134052727	1395134052728	1395134052894	1395134052894	OK	 
ACTION	Pricing	3	price	1395134052761	1395134052761	1395134052926	1395134052927	OK	 
ACTION	Pricing	2	price	1395134052794	1395134052795	1395134052963	1395134052963	OK	 
ACTION	Pricing	5	price	1395134052829	1395134052829	1395134052994	1395134052994	OK	 
ACTION	Pricing	1	price	1395134052863	1395134052864	1395134053026	1395134053027	OK	 
ACTION	Pricing	4	price	1395134052896	1395134052896	1395134053059	1395134053060	OK	 
ACTION	Pricing	3	price	1395134052928	1395134052928	1395134053092	1395134053092	OK	 
ACTION	Pricing	2	price	1395134052965	1395134052965	1395134053127	1395134053128	OK	 
ACTION	Pricing	5	price	1395134052996	1395134052996	1395134053160	1395134053160	OK	 
ACTION	Pricing	1	price	1395134053028	1395134053028	1395134053191	1395134053191	OK	 
ACTION	Pricing	4	price	1395134053061	1395134053061	1395134053225	1395134053225	OK	 
ACTION	Pricing	3	price	1395134053093	1395134053094	1395134053257	1395134053257	OK	 
ACTION	Pricing	2	price	1395134053129	1395134053129	1395134053287	1395134053288	OK	 
ACTION	Pricing	5	price	1395134053161	1395134053162	1395134053328	1395134053328	OK	 
ACTION	Pricing	1	price	1395134053192	1395134053193	1395134053358	1395134053358	OK	 
ACTION	Pricing	4	price	1395134053227	1395134053227	1395134053390	1395134053390	OK	 
ACTION	Pricing	3	price	1395134053258	1395134053259	1395134053426	1395134053427	OK	 
ACTION	Pricing	2	price	1395134053289	1395134053290	1395134053455	1395134053456	OK	 
ACTION	Pricing	5	price	1395134053330	1395134053330	1395134053486	1395134053487	OK	 
ACTION	Pricing	1	price	1395134053359	1395134053360	1395134053519	1395134053520	OK	 
ACTION	Pricing	4	price	1395134053392	1395134053392	1395134053553	1395134053553	OK	 
ACTION	Pricing	3	price	1395134053428	1395134053428	1395134053584	1395134053584	OK	 
ACTION	Pricing	2	price	1395134053457	1395134053458	1395134053618	1395134053618	OK	 
ACTION	Pricing	5	price	1395134053488	1395134053488	1395134053649	1395134053650	OK	 
ACTION	Pricing	1	price	1395134053521	1395134053521	1395134053682	1395134053683	OK	 
ACTION	Pricing	4	price	1395134053555	1395134053555	1395134053716	1395134053717	OK	 
ACTION	Pricing	3	price	1395134053586	1395134053586	1395134053749	1395134053749	OK	 
ACTION	Pricing	2	price	1395134053619	1395134053619	1395134053779	1395134053779	OK	 
ACTION	Pricing	5	price	1395134053651	1395134053651	1395134053810	1395134053811	OK	 
ACTION	Pricing	1	price	1395134053684	1395134053684	1395134053842	1395134053842	OK	 
ACTION	Pricing	4	price	1395134053718	1395134053718	1395134053872	1395134053872	OK	 
ACTION	Pricing	3	price	1395134053750	1395134053750	1395134053904	1395134053904	OK	 
ACTION	Pricing	2	price	1395134053781	1395134053781	1395134053936	1395134053936	OK	 
ACTION	Pricing	5	price	1395134053814	1395134053814	1395134053972	1395134053972	OK	 
ACTION	Pricing	1	price	1395134053844	1395134053845	1395134054007	1395134054007	OK	 
ACTION	Pricing	4	price	1395134053873	1395134053873	1395134054037	1395134054037	OK	 
ACTION	Pricing	3	price	1395134053905	1395134053906	1395134054067	1395134054067	OK	 
ACTION	Pricing	2	price	1395134053937	1395134053938	1395134054098	1395134054099	OK	 
ACTION	Pricing	5	price	1395134053974	1395134053975	1395134054128	1395134054128	OK	 
ACTION	Pricing	1	price	1395134054009	1395134054009	1395134054159	1395134054160	OK	 
ACTION	Pricing	4	price	1395134054039	1395134054039	1395134054190	1395134054191	OK	 
ACTION	Pricing	3	price	1395134054069	1395134054069	1395134054220	1395134054221	OK	 
ACTION	Pricing	2	price	1395134054100	1395134054101	1395134054262	1395134054262	OK	 
ACTION	Pricing	5	price	1395134054129	1395134054130	1395134054283	1395134054283	OK	 
ACTION	Pricing	1	price	1395134054162	1395134054162	1395134054314	1395134054315	OK	 
ACTION	Pricing	4	price	1395134054192	1395134054192	1395134054346	1395134054346	OK	 
ACTION	Pricing	3	price	1395134054222	1395134054222	1395134054388	1395134054388	OK	 
ACTION	Pricing	2	price	1395134054263	1395134054264	1395134054422	1395134054423	OK	 
ACTION	Pricing	5	price	1395134054285	1395134054285	1395134054457	1395134054457	OK	 
ACTION	Pricing	1	price	1395134054316	1395134054316	1395134054488	1395134054488	OK	 
ACTION	Pricing	4	price	1395134054348	1395134054348	1395134054524	1395134054525	OK	 
ACTION	Pricing	3	price	1395134054389	1395134054390	1395134054560	1395134054560	OK	 
ACTION	Pricing	2	price	1395134054424	1395134054425	1395134054598	1395134054598	OK	 
ACTION	Pricing	5	price	1395134054458	1395134054459	1395134054633	1395134054633	OK	 
ACTION	Pricing	1	price	1395134054489	1395134054489	1395134054666	1395134054667	OK	 
ACTION	Pricing	4	price	1395134054526	1395134054527	1395134054703	1395134054703	OK	 
ACTION	Pricing	3	price	1395134054561	1395134054562	1395134054736	1395134054737	OK	 
ACTION	Pricing	2	price	1395134054600	1395134054601	1395134054768	1395134054769	OK	 
ACTION	Pricing	5	price	1395134054634	1395134054635	1395134054801	1395134054801	OK	 
ACTION	Pricing	1	price	1395134054668	1395134054669	1395134054835	1395134054836	OK	 
ACTION	Pricing	4	price	1395134054705	1395134054705	1395134054874	1395134054874	OK	 
ACTION	Pricing	3	price	1395134054738	1395134054739	1395134054908	1395134054908	OK	 
ACTION	Pricing	2	price	1395134054770	1395134054770	1395134054939	1395134054939	OK	 
ACTION	Pricing	5	price	1395134054802	1395134054803	1395134054972	1395134054972	OK	 
ACTION	Pricing	1	price	1395134054837	1395134054838	1395134055007	1395134055007	OK	 
ACTION	Pricing	4	price	1395134054875	1395134054876	1395134055043	1395134055044	OK	 
ACTION	Pricing	3	price	1395134054911	1395134054911	1395134055075	1395134055075	OK	 
ACTION	Pricing	2	price	1395134054941	1395134054941	1395134055106	1395134055107	OK	 
ACTION	Pricing	5	price	1395134054973	1395134054974	1395134055136	1395134055137	OK	 
ACTION	Pricing	1	price	1395134055008	1395134055009	1395134055169	1395134055170	OK	 
ACTION	Pricing	4	price	1395134055045	1395134055045	1395134055200	1395134055201	OK	 
ACTION	Pricing	3	price	1395134055077	1395134055077	1395134055231	1395134055231	OK	 
ACTION	Pricing	2	price	1395134055108	1395134055109	1395134055268	1395134055268	OK	 
ACTION	Pricing	5	price	1395134055138	1395134055139	1395134055299	1395134055299	OK	 
ACTION	Pricing	1	price	1395134055171	1395134055171	1395134055329	1395134055329	OK	 
ACTION	Pricing	4	price	1395134055202	1395134055202	1395134055361	1395134055361	OK	 
ACTION	Pricing	3	price	1395134055232	1395134055233	1395134055390	1395134055390	OK	 
ACTION	Pricing	2	price	1395134055269	1395134055269	1395134055420	1395134055420	OK	 
ACTION	Pricing	5	price	1395134055301	1395134055301	1395134055452	1395134055452	OK	 
ACTION	Pricing	1	price	1395134055331	1395134055331	1395134055500	1395134055501	OK	 
ACTION	Pricing	4	price	1395134055363	1395134055363	1395134055533	1395134055533	OK	 
ACTION	Pricing	3	price	1395134055392	1395134055392	1395134055565	1395134055565	OK	 
ACTION	Pricing	2	price	1395134055422	1395134055423	1395134055596	1395134055596	OK	 
ACTION	Pricing	5	price	1395134055455	1395134055455	1395134055630	1395134055630	OK	 
ACTION	Pricing	1	price	1395134055502	1395134055504	1395134055667	1395134055667	OK	 
ACTION	Pricing	4	price	1395134055535	1395134055536	1395134055700	1395134055701	OK	 
ACTION	Pricing	3	price	1395134055567	1395134055568	1395134055735	1395134055735	OK	 
ACTION	Pricing	2	price	1395134055598	1395134055598	1395134055764	1395134055764	OK	 
ACTION	Pricing	5	price	1395134055632	1395134055633	1395134055797	1395134055797	OK	 
ACTION	Pricing	1	price	1395134055668	1395134055669	1395134055830	1395134055830	OK	 
ACTION	Pricing	4	price	1395134055702	1395134055703	1395134055863	1395134055863	OK	 
ACTION	Pricing	3	price	1395134055737	1395134055737	1395134055897	1395134055897	OK	 
ACTION	Pricing	2	price	1395134055766	1395134055766	1395134055931	1395134055931	OK	 
ACTION	Pricing	5	price	1395134055798	1395134055799	1395134055975	1395134055975	OK	 
ACTION	Pricing	1	price	1395134055831	1395134055832	1395134056007	1395134056007	OK	 
ACTION	Pricing	4	price	1395134055865	1395134055865	1395134056041	1395134056042	OK	 
ACTION	Pricing	3	price	1395134055898	1395134055898	1395134056074	1395134056075	OK	 
ACTION	Pricing	2	price	1395134055932	1395134055933	1395134056110	1395134056110	OK	 
ACTION	Pricing	5	price	1395134055977	1395134055978	1395134056143	1395134056143	OK	 
ACTION	Pricing	1	price	1395134056008	1395134056009	1395134056177	1395134056177	OK	 
ACTION	Pricing	4	price	1395134056043	1395134056043	1395134056209	1395134056209	OK	 
ACTION	Pricing	3	price	1395134056077	1395134056077	1395134056245	1395134056245	OK	 
ACTION	Pricing	2	price	1395134056111	1395134056111	1395134056278	1395134056279	OK	 
ACTION	Pricing	5	price	1395134056145	1395134056146	1395134056311	1395134056311	OK	 
ACTION	Pricing	1	price	1395134056179	1395134056179	1395134056346	1395134056346	OK	 
ACTION	Pricing	4	price	1395134056211	1395134056211	1395134056385	1395134056385	OK	 
ACTION	Pricing	3	price	1395134056247	1395134056248	1395134056425	1395134056426	OK	 
ACTION	Pricing	2	price	1395134056280	1395134056281	1395134056461	1395134056462	OK	 
ACTION	Pricing	5	price	1395134056313	1395134056313	1395134056498	1395134056499	OK	 
ACTION	Pricing	1	price	1395134056348	1395134056348	1395134056533	1395134056533	OK	 
ACTION	Pricing	4	price	1395134056387	1395134056387	1395134056571	1395134056571	OK	 
ACTION	Pricing	3	price	1395134056427	1395134056428	1395134056605	1395134056605	OK	 
ACTION	Pricing	2	price	1395134056463	1395134056464	1395134056638	1395134056639	OK	 
ACTION	Pricing	5	price	1395134056500	1395134056501	1395134056668	1395134056668	OK	 
ACTION	Pricing	1	price	1395134056537	1395134056537	1395134056700	1395134056701	OK	 
ACTION	Pricing	4	price	1395134056573	1395134056573	1395134056733	1395134056733	OK	 
ACTION	Pricing	3	price	1395134056607	1395134056607	1395134056763	1395134056763	OK	 
ACTION	Pricing	2	price	1395134056640	1395134056641	1395134056798	1395134056799	OK	 
ACTION	Pricing	5	price	1395134056670	1395134056670	1395134056832	1395134056832	OK	 
ACTION	Pricing	1	price	1395134056702	1395134056702	1395134056863	1395134056863	OK	 
ACTION	Pricing	4	price	1395134056734	1395134056735	1395134056896	1395134056896	OK	 
ACTION	Pricing	3	price	1395134056765	1395134056765	1395134056927	1395134056928	OK	 
ACTION	Pricing	2	price	1395134056800	1395134056800	1395134056962	1395134056963	OK	 
ACTION	Pricing	5	price	1395134056833	1395134056834	1395134056996	1395134056997	OK	 
ACTION	Pricing	1	price	1395134056865	1395134056865	1395134057030	1395134057030	OK	 
ACTION	Pricing	4	price	1395134056898	1395134056898	1395134057063	1395134057063	OK	 
ACTION	Pricing	3	price	1395134056929	1395134056930	1395134057095	1395134057095	OK	 
ACTION	Pricing	2	price	1395134056964	1395134056965	1395134057129	1395134057129	OK	 
ACTION	Pricing	5	price	1395134056998	1395134056999	1395134057164	1395134057164	OK	 
ACTION	Pricing	1	price	1395134057031	1395134057032	1395134057199	1395134057200	OK	 
ACTION	Pricing	4	price	1395134057065	1395134057065	1395134057234	1395134057234	OK	 
ACTION	Pricing	3	price	1395134057096	1395134057097	1395134057270	1395134057270	OK	 
ACTION	Pricing	2	price	1395134057130	1395134057131	1395134057307	1395134057307	OK	 
ACTION	Pricing	5	price	1395134057166	1395134057166	1395134057340	1395134057340	OK	 
ACTION	Pricing	1	price	1395134057201	1395134057201	1395134057371	1395134057371	OK	 
ACTION	Pricing	4	price	1395134057235	1395134057237	1395134057403	1395134057403	OK	 
ACTION	Pricing	3	price	1395134057272	1395134057272	1395134057437	1395134057437	OK	 
ACTION	Pricing	2	price	1395134057308	1395134057309	1395134057467	1395134057467	OK	 
ACTION	Pricing	5	price	1395134057341	1395134057341	1395134057500	1395134057500	OK	 
ACTION	Pricing	1	price	1395134057373	1395134057373	1395134057531	1395134057531	OK	 
ACTION	Pricing	4	price	1395134057404	1395134057405	1395134057565	1395134057566	OK	 
ACTION	Pricing	3	price	1395134057438	1395134057438	1395134057599	1395134057600	OK	 
ACTION	Pricing	2	price	1395134057469	1395134057469	1395134057632	1395134057632	OK	 
ACTION	Pricing	5	price	1395134057501	1395134057502	1395134057668	1395134057668	OK	 
ACTION	Pricing	1	price	1395134057533	1395134057533	1395134057700	1395134057700	OK	 
ACTION	Pricing	4	price	1395134057567	1395134057568	1395134057735	1395134057735	OK	 
ACTION	Pricing	3	price	1395134057601	1395134057602	1395134057768	1395134057769	OK	 
ACTION	Pricing	2	price	1395134057634	1395134057634	1395134057801	1395134057802	OK	 
ACTION	Pricing	5	price	1395134057670	1395134057670	1395134057833	1395134057834	OK	 
ACTION	Pricing	1	price	1395134057701	1395134057701	1395134057867	1395134057867	OK	 
ACTION	Pricing	4	price	1395134057736	1395134057737	1395134057901	1395134057901	OK	 
ACTION	Pricing	3	price	1395134057770	1395134057771	1395134057936	1395134057936	OK	 
ACTION	Pricing	2	price	1395134057803	1395134057804	1395134057963	1395134057963	OK	 
ACTION	Pricing	5	price	1395134057835	1395134057836	1395134057996	1395134057996	OK	 
ACTION	Pricing	1	price	1395134057869	1395134057869	1395134058029	1395134058029	OK	 
ACTION	Pricing	4	price	1395134057903	1395134057903	1395134058061	1395134058062	OK	 
ACTION	Pricing	3	price	1395134057938	1395134057938	1395134058093	1395134058094	OK	 
ACTION	Pricing	2	price	1395134057964	1395134057965	1395134058125	1395134058125	OK	 
ACTION	Pricing	5	price	1395134057997	1395134057998	1395134058158	1395134058158	OK	 
ACTION	Pricing	1	price	1395134058031	1395134058031	1395134058193	1395134058193	OK	 
ACTION	Pricing	4	price	1395134058063	1395134058064	1395134058223	1395134058224	OK	 
ACTION	Pricing	3	price	1395134058095	1395134058096	1395134058258	1395134058258	OK	 
ACTION	Pricing	2	price	1395134058127	1395134058127	1395134058293	1395134058293	OK	 
ACTION	Pricing	5	price	1395134058159	1395134058160	1395134058329	1395134058329	OK	 
ACTION	Pricing	1	price	1395134058194	1395134058194	1395134058363	1395134058363	OK	 
ACTION	Pricing	4	price	1395134058225	1395134058225	1395134058395	1395134058395	OK	 
ACTION	Pricing	3	price	1395134058260	1395134058260	1395134058430	1395134058430	OK	 
ACTION	Pricing	2	price	1395134058294	1395134058294	1395134058462	1395134058462	OK	 
ACTION	Pricing	5	price	1395134058331	1395134058331	1395134058494	1395134058495	OK	 
ACTION	Pricing	1	price	1395134058365	1395134058365	1395134058525	1395134058525	OK	 
ACTION	Pricing	4	price	1395134058397	1395134058397	1395134058561	1395134058561	OK	 
ACTION	Pricing	3	price	1395134058431	1395134058432	1395134058593	1395134058594	OK	 
ACTION	Pricing	2	price	1395134058463	1395134058464	1395134058625	1395134058626	OK	 
ACTION	Pricing	5	price	1395134058496	1395134058497	1395134058660	1395134058660	OK	 
ACTION	Pricing	1	price	1395134058527	1395134058529	1395134058694	1395134058694	OK	 
ACTION	Pricing	4	price	1395134058563	1395134058563	1395134058733	1395134058733	OK	 
ACTION	Pricing	3	price	1395134058595	1395134058595	1395134058763	1395134058763	OK	 
ACTION	Pricing	2	price	1395134058628	1395134058628	1395134058793	1395134058793	OK	 
ACTION	Pricing	5	price	1395134058661	1395134058662	1395134058822	1395134058823	OK	 
ACTION	Pricing	1	price	1395134058696	1395134058696	1395134058855	1395134058855	OK	 
ACTION	Pricing	4	price	1395134058734	1395134058734	1395134058890	1395134058890	OK	 
ACTION	Pricing	3	price	1395134058765	1395134058765	1395134058920	1395134058920	OK	 
ACTION	Pricing	2	price	1395134058795	1395134058795	1395134058950	1395134058951	OK	 
ACTION	Pricing	5	price	1395134058825	1395134058825	1395134058982	1395134058983	OK	 
ACTION	Pricing	1	price	1395134058857	1395134058857	1395134059016	1395134059016	OK	 
ACTION	Pricing	4	price	1395134058892	1395134058892	1395134059049	1395134059049	OK	 
ACTION	Pricing	3	price	1395134058922	1395134058922	1395134059087	1395134059087	OK	 
ACTION	Pricing	2	price	1395134058952	1395134058953	1395134059119	1395134059119	OK	 
ACTION	Pricing	5	price	1395134058984	1395134058984	1395134059151	1395134059151	OK	 
ACTION	Pricing	1	price	1395134059018	1395134059018	1395134059180	1395134059180	OK	 
ACTION	Pricing	4	price	1395134059051	1395134059051	1395134059214	1395134059215	OK	 
ACTION	Pricing	3	price	1395134059088	1395134059088	1395134059245	1395134059245	OK	 
ACTION	Pricing	2	price	1395134059121	1395134059121	1395134059278	1395134059278	OK	 
ACTION	Pricing	5	price	1395134059153	1395134059153	1395134059310	1395134059310	OK	 
ACTION	Pricing	1	price	1395134059182	1395134059182	1395134059344	1395134059344	OK	 
ACTION	Pricing	4	price	1395134059216	1395134059216	1395134059382	1395134059382	OK	 
ACTION	Pricing	3	price	1395134059247	1395134059247	1395134059412	1395134059412	OK	 
ACTION	Pricing	2	price	1395134059280	1395134059280	1395134059441	1395134059442	OK	 
ACTION	Pricing	5	price	1395134059311	1395134059311	1395134059473	1395134059473	OK	 
ACTION	Pricing	1	price	1395134059346	1395134059346	1395134059505	1395134059506	OK	 
ACTION	Pricing	4	price	1395134059384	1395134059384	1395134059536	1395134059537	OK	 
ACTION	Pricing	3	price	1395134059413	1395134059414	1395134059568	1395134059568	OK	 
ACTION	Pricing	2	price	1395134059443	1395134059444	1395134059599	1395134059599	OK	 
ACTION	Pricing	5	price	1395134059475	1395134059476	1395134059632	1395134059632	OK	 
ACTION	Pricing	1	price	1395134059507	1395134059508	1395134059667	1395134059667	OK	 
ACTION	Pricing	4	price	1395134059538	1395134059539	1395134059698	1395134059698	OK	 
ACTION	Pricing	3	price	1395134059569	1395134059570	1395134059730	1395134059730	OK	 
ACTION	Pricing	2	price	1395134059600	1395134059601	1395134059783	1395134059784	OK	 
ACTION	Pricing	5	price	1395134059634	1395134059635	1395134059855	1395134059855	OK	 
ACTION	Pricing	1	price	1395134059669	1395134059669	1395134059896	1395134059896	OK	 
ACTION	Pricing	4	price	1395134059700	1395134059700	1395134059930	1395134059931	OK	 
ACTION	Pricing	3	price	1395134059731	1395134059732	1395134059965	1395134059966	OK	 
ACTION	Pricing	2	price	1395134059785	1395134059785	1395134059997	1395134059997	OK	 
ACTION	Pricing	5	price	1395134059857	1395134059857	1395134060027	1395134060027	OK	 
ACTION	Pricing	1	price	1395134059898	1395134059898	1395134060056	1395134060056	OK	 
ACTION	Pricing	4	price	1395134059932	1395134059932	1395134060088	1395134060088	OK	 
ACTION	Pricing	3	price	1395134059967	1395134059968	1395134060120	1395134060121	OK	 
ACTION	Pricing	2	price	1395134059999	1395134059999	1395134060150	1395134060150	OK	 
ACTION	Pricing	5	price	1395134060028	1395134060029	1395134060184	1395134060184	OK	 
ACTION	Pricing	1	price	1395134060058	1395134060058	1395134060219	1395134060219	OK	 
ACTION	Pricing	4	price	1395134060089	1395134060090	1395134060251	1395134060251	OK	 
ACTION	Pricing	3	price	1395134060122	1395134060122	1395134060283	1395134060283	OK	 
ACTION	Pricing	2	price	1395134060152	1395134060152	1395134060314	1395134060314	OK	 
ACTION	Pricing	5	price	1395134060185	1395134060185	1395134060345	1395134060346	OK	 
ACTION	Pricing	1	price	1395134060221	1395134060221	1395134060375	1395134060376	OK	 
ACTION	Pricing	4	price	1395134060252	1395134060253	1395134060415	1395134060415	OK	 
ACTION	Pricing	3	price	1395134060285	1395134060285	1395134060444	1395134060444	OK	 
ACTION	Pricing	2	price	1395134060315	1395134060316	1395134060477	1395134060477	OK	 
ACTION	Pricing	5	price	1395134060347	1395134060347	1395134060507	1395134060507	OK	 
ACTION	Pricing	1	price	1395134060377	1395134060377	1395134060542	1395134060543	OK	 
ACTION	Pricing	4	price	1395134060416	1395134060417	1395134060575	1395134060576	OK	 
ACTION	Pricing	3	price	1395134060446	1395134060446	1395134060608	1395134060609	OK	 
ACTION	Pricing	2	price	1395134060478	1395134060478	1395134060643	1395134060643	OK	 
ACTION	Pricing	5	price	1395134060512	1395134060513	1395134060677	1395134060677	OK	 
ACTION	Pricing	1	price	1395134060544	1395134060544	1395134060724	1395134060724	OK	 
ACTION	Pricing	4	price	1395134060578	1395134060578	1395134060758	1395134060758	OK	 
ACTION	Pricing	3	price	1395134060610	1395134060610	1395134060791	1395134060792	OK	 
ACTION	Pricing	2	price	1395134060644	1395134060645	1395134060832	1395134060832	OK	 
ACTION	Pricing	5	price	1395134060678	1395134060679	1395134060864	1395134060864	OK	 
ACTION	Pricing	1	price	1395134060726	1395134060731	1395134060898	1395134060899	OK	 
ACTION	Pricing	4	price	1395134060759	1395134060760	1395134060930	1395134060930	OK	 
ACTION	Pricing	3	price	1395134060793	1395134060793	1395134060962	1395134060962	OK	 
ACTION	Pricing	2	price	1395134060833	1395134060834	1395134060994	1395134060994	OK	 
ACTION	Pricing	5	price	1395134060866	1395134060866	1395134061027	1395134061027	OK	 
ACTION	Pricing	1	price	1395134060900	1395134060901	1395134061058	1395134061058	OK	 
ACTION	Pricing	4	price	1395134060931	1395134060931	1395134061088	1395134061089	OK	 
ACTION	Pricing	3	price	1395134060964	1395134060965	1395134061124	1395134061125	OK	 
ACTION	Pricing	2	price	1395134060996	1395134060996	1395134061155	1395134061155	OK	 
ACTION	Pricing	5	price	1395134061028	1395134061029	1395134061191	1395134061191	OK	 
ACTION	Pricing	1	price	1395134061062	1395134061062	1395134061228	1395134061228	OK	 
ACTION	Pricing	4	price	1395134061098	1395134061098	1395134061275	1395134061275	OK	 
ACTION	Pricing	3	price	1395134061126	1395134061127	1395134061308	1395134061308	OK	 
ACTION	Pricing	2	price	1395134061157	1395134061157	1395134061349	1395134061349	OK	 
ACTION	Pricing	5	price	1395134061193	1395134061193	1395134061414	1395134061414	OK	 
ACTION	Pricing	1	price	1395134061230	1395134061230	1395134061474	1395134061475	OK	 
ACTION	Pricing	4	price	1395134061276	1395134061277	1395134061521	1395134061521	OK	 
ACTION	Pricing	3	price	1395134061309	1395134061309	1395134061550	1395134061550	OK	 
ACTION	Pricing	2	price	1395134061351	1395134061351	1395134061581	1395134061581	OK	 
ACTION	Pricing	5	price	1395134061416	1395134061416	1395134061612	1395134061612	OK	 
ACTION	Pricing	1	price	1395134061476	1395134061476	1395134061642	1395134061642	OK	 
ACTION	Pricing	4	price	1395134061523	1395134061523	1395134061674	1395134061675	OK	 
ACTION	Pricing	3	price	1395134061552	1395134061552	1395134061705	1395134061705	OK	 
ACTION	Pricing	2	price	1395134061583	1395134061583	1395134061734	1395134061734	OK	 
ACTION	Pricing	5	price	1395134061613	1395134061614	1395134061770	1395134061770	OK	 
ACTION	Pricing	1	price	1395134061643	1395134061644	1395134061799	1395134061799	OK	 
ACTION	Pricing	4	price	1395134061676	1395134061676	1395134061839	1395134061839	OK	 
ACTION	Pricing	3	price	1395134061706	1395134061706	1395134061870	1395134061871	OK	 
ACTION	Pricing	2	price	1395134061735	1395134061736	1395134061904	1395134061904	OK	 
ACTION	Pricing	5	price	1395134061771	1395134061772	1395134061938	1395134061939	OK	 
ACTION	Pricing	1	price	1395134061801	1395134061801	1395134061969	1395134061969	OK	 
ACTION	Pricing	4	price	1395134061841	1395134061841	1395134061999	1395134062000	OK	 
ACTION	Pricing	3	price	1395134061872	1395134061873	1395134062032	1395134062032	OK	 
ACTION	Pricing	2	price	1395134061906	1395134061906	1395134062089	1395134062089	OK	 
ACTION	Pricing	5	price	1395134061940	1395134061940	1395134062122	1395134062122	OK	 
ACTION	Pricing	1	price	1395134061971	1395134061972	1395134062151	1395134062152	OK	 
ACTION	Pricing	4	price	1395134062001	1395134062002	1395134062184	1395134062184	OK	 
ACTION	Pricing	3	price	1395134062033	1395134062034	1395134062213	1395134062213	OK	 
ACTION	Pricing	2	price	1395134062090	1395134062091	1395134062244	1395134062244	OK	 
ACTION	Pricing	5	price	1395134062123	1395134062124	1395134062278	1395134062279	OK	 
ACTION	Pricing	1	price	1395134062153	1395134062153	1395134062310	1395134062310	OK	 
ACTION	Pricing	4	price	1395134062185	1395134062186	1395134062339	1395134062339	OK	 
ACTION	Pricing	3	price	1395134062214	1395134062214	1395134062373	1395134062373	OK	 
ACTION	Pricing	2	price	1395134062245	1395134062246	1395134062406	1395134062406	OK	 
ACTION	Pricing	5	price	1395134062280	1395134062280	1395134062440	1395134062440	OK	 
ACTION	Pricing	1	price	1395134062311	1395134062312	1395134062471	1395134062471	OK	 
ACTION	Pricing	4	price	1395134062341	1395134062342	1395134062501	1395134062502	OK	 
ACTION	Pricing	3	price	1395134062375	1395134062375	1395134062533	1395134062533	OK	 
ACTION	Pricing	2	price	1395134062407	1395134062408	1395134062569	1395134062569	OK	 
ACTION	Pricing	5	price	1395134062441	1395134062441	1395134062603	1395134062604	OK	 
ACTION	Pricing	1	price	1395134062473	1395134062473	1395134062638	1395134062638	OK	 
ACTION	Pricing	4	price	1395134062503	1395134062503	1395134062670	1395134062670	OK	 
ACTION	Pricing	3	price	1395134062534	1395134062535	1395134062701	1395134062702	OK	 
ACTION	Pricing	2	price	1395134062571	1395134062571	1395134062735	1395134062735	OK	 
ACTION	Pricing	5	price	1395134062605	1395134062605	1395134062768	1395134062768	OK	 
ACTION	Pricing	1	price	1395134062640	1395134062640	1395134062799	1395134062799	OK	 
ACTION	Pricing	4	price	1395134062672	1395134062673	1395134062837	1395134062837	OK	 
ACTION	Pricing	3	price	1395134062703	1395134062704	1395134062869	1395134062869	OK	 
ACTION	Pricing	2	price	1395134062737	1395134062737	1395134062904	1395134062904	OK	 
ACTION	Pricing	5	price	1395134062770	1395134062770	1395134062939	1395134062939	OK	 
ACTION	Pricing	1	price	1395134062800	1395134062801	1395134062971	1395134062972	OK	 
ACTION	Pricing	4	price	1395134062839	1395134062839	1395134063004	1395134063004	OK	 
ACTION	Pricing	3	price	1395134062871	1395134062871	1395134063043	1395134063043	OK	 
ACTION	Pricing	2	price	1395134062905	1395134062906	1395134063076	1395134063077	OK	 
ACTION	Pricing	5	price	1395134062940	1395134062940	1395134063111	1395134063111	OK	 
ACTION	Pricing	1	price	1395134062973	1395134062973	1395134063147	1395134063147	OK	 
ACTION	Pricing	4	price	1395134063008	1395134063009	1395134063180	1395134063180	OK	 
ACTION	Pricing	3	price	1395134063044	1395134063045	1395134063215	1395134063215	OK	 
ACTION	Pricing	2	price	1395134063078	1395134063078	1395134063248	1395134063248	OK	 
SCENARIO	Pricing	2	END	1395134063249
ACTION	Pricing	5	price	1395134063113	1395134063113	1395134063278	1395134063279	OK	 
SCENARIO	Pricing	5	END	1395134063279
ACTION	Pricing	1	price	1395134063148	1395134063149	1395134063305	1395134063305	OK	 
SCENARIO	Pricing	1	END	1395134063305
ACTION	Pricing	4	price	1395134063182	1395134063182	1395134063330	1395134063331	OK	 
SCENARIO	Pricing	4	END	1395134063331
ACTION	Pricing	3	price	1395134063217	1395134063217	1395134063355	1395134063355	OK	 
SCENARIO	Pricing	3	END	1395134063356
