RUN	20131028221409	pricingsimulation	pricingsimulation
SCENARIO	Pricing	87	START	1383012849982
SCENARIO	Pricing	11	START	1383012849985
SCENARIO	Pricing	44	START	1383012849986
SCENARIO	Pricing	35	START	1383012849986
SCENARIO	Pricing	9	START	1383012849986
SCENARIO	Pricing	13	START	1383012849987
SCENARIO	Pricing	1	START	1383012849987
SCENARIO	Pricing	5	START	1383012849987
SCENARIO	Pricing	4	START	1383012849987
SCENARIO	Pricing	8	START	1383012849987
SCENARIO	Pricing	12	START	1383012849987
SCENARIO	Pricing	16	START	1383012849987
SCENARIO	Pricing	40	START	1383012849987
SCENARIO	Pricing	85	START	1383012849987
SCENARIO	Pricing	14	START	1383012849987
SCENARIO	Pricing	26	START	1383012849987
SCENARIO	Pricing	37	START	1383012849987
SCENARIO	Pricing	72	START	1383012849987
SCENARIO	Pricing	92	START	1383012849987
SCENARIO	Pricing	82	START	1383012849987
SCENARIO	Pricing	15	START	1383012849987
SCENARIO	Pricing	29	START	1383012849987
SCENARIO	Pricing	21	START	1383012849987
SCENARIO	Pricing	71	START	1383012849987
SCENARIO	Pricing	23	START	1383012849987
SCENARIO	Pricing	49	START	1383012849987
SCENARIO	Pricing	65	START	1383012849987
SCENARIO	Pricing	90	START	1383012849987
SCENARIO	Pricing	6	START	1383012849988
SCENARIO	Pricing	42	START	1383012849988
SCENARIO	Pricing	39	START	1383012849988
SCENARIO	Pricing	57	START	1383012849988
SCENARIO	Pricing	27	START	1383012849988
SCENARIO	Pricing	79	START	1383012849988
SCENARIO	Pricing	45	START	1383012849988
SCENARIO	Pricing	93	START	1383012849988
SCENARIO	Pricing	7	START	1383012849988
SCENARIO	Pricing	69	START	1383012849988
SCENARIO	Pricing	100	START	1383012849988
SCENARIO	Pricing	83	START	1383012849988
SCENARIO	Pricing	67	START	1383012849988
SCENARIO	Pricing	22	START	1383012849988
SCENARIO	Pricing	62	START	1383012849988
SCENARIO	Pricing	10	START	1383012849988
SCENARIO	Pricing	94	START	1383012849988
SCENARIO	Pricing	75	START	1383012849988
SCENARIO	Pricing	55	START	1383012849988
SCENARIO	Pricing	19	START	1383012849988
SCENARIO	Pricing	25	START	1383012849988
SCENARIO	Pricing	30	START	1383012849988
SCENARIO	Pricing	99	START	1383012849988
SCENARIO	Pricing	56	START	1383012849988
SCENARIO	Pricing	28	START	1383012849988
SCENARIO	Pricing	78	START	1383012849988
SCENARIO	Pricing	59	START	1383012849988
SCENARIO	Pricing	66	START	1383012849988
SCENARIO	Pricing	91	START	1383012849988
SCENARIO	Pricing	20	START	1383012849988
SCENARIO	Pricing	34	START	1383012849988
SCENARIO	Pricing	54	START	1383012849988
SCENARIO	Pricing	86	START	1383012849988
SCENARIO	Pricing	68	START	1383012849988
SCENARIO	Pricing	51	START	1383012849988
SCENARIO	Pricing	50	START	1383012849988
SCENARIO	Pricing	58	START	1383012849988
SCENARIO	Pricing	73	START	1383012849988
SCENARIO	Pricing	89	START	1383012849988
SCENARIO	Pricing	38	START	1383012849988
SCENARIO	Pricing	95	START	1383012849988
SCENARIO	Pricing	48	START	1383012849988
SCENARIO	Pricing	47	START	1383012849989
SCENARIO	Pricing	31	START	1383012849989
SCENARIO	Pricing	80	START	1383012849989
SCENARIO	Pricing	76	START	1383012849989
SCENARIO	Pricing	97	START	1383012849989
SCENARIO	Pricing	98	START	1383012849989
SCENARIO	Pricing	52	START	1383012849989
SCENARIO	Pricing	24	START	1383012849989
SCENARIO	Pricing	64	START	1383012849989
SCENARIO	Pricing	17	START	1383012849989
SCENARIO	Pricing	74	START	1383012849989
SCENARIO	Pricing	81	START	1383012849989
SCENARIO	Pricing	77	START	1383012849989
SCENARIO	Pricing	2	START	1383012849989
SCENARIO	Pricing	46	START	1383012849989
SCENARIO	Pricing	53	START	1383012849989
SCENARIO	Pricing	61	START	1383012849989
SCENARIO	Pricing	3	START	1383012849989
SCENARIO	Pricing	32	START	1383012849989
SCENARIO	Pricing	18	START	1383012849989
SCENARIO	Pricing	41	START	1383012849989
SCENARIO	Pricing	60	START	1383012849989
SCENARIO	Pricing	96	START	1383012849989
SCENARIO	Pricing	36	START	1383012849989
SCENARIO	Pricing	63	START	1383012849989
SCENARIO	Pricing	43	START	1383012849989
SCENARIO	Pricing	33	START	1383012849989
SCENARIO	Pricing	88	START	1383012849989
SCENARIO	Pricing	84	START	1383012849989
SCENARIO	Pricing	70	START	1383012849989
ACTION	Pricing	87	price	1383012850016	1383012850022	1383012850380	1383012850384	OK	 
ACTION	Pricing	11	price	1383012850024	1383012850032	1383012850694	1383012850694	OK	 
ACTION	Pricing	9	price	1383012850038	1383012850045	1383012850928	1383012850928	OK	 
ACTION	Pricing	35	price	1383012850037	1383012850044	1383012851229	1383012851229	OK	 
ACTION	Pricing	44	price	1383012850032	1383012850044	1383012851461	1383012851461	OK	 
ACTION	Pricing	1	price	1383012850043	1383012850049	1383012851697	1383012851697	OK	 
ACTION	Pricing	13	price	1383012850040	1383012850048	1383012851945	1383012851945	OK	 
ACTION	Pricing	5	price	1383012850043	1383012850052	1383012852233	1383012852233	OK	 
ACTION	Pricing	4	price	1383012850049	1383012850051	1383012852517	1383012852517	OK	 
ACTION	Pricing	8	price	1383012850054	1383012850056	1383012852798	1383012852798	OK	 
ACTION	Pricing	12	price	1383012850055	1383012850059	1383012852986	1383012852986	OK	 
ACTION	Pricing	16	price	1383012850057	1383012850060	1383012853179	1383012853180	OK	 
ACTION	Pricing	40	price	1383012850069	1383012850078	1383012853423	1383012853423	OK	 
ACTION	Pricing	85	price	1383012850080	1383012850091	1383012853668	1383012853669	OK	 
ACTION	Pricing	14	price	1383012850081	1383012850092	1383012853921	1383012853921	OK	 
ACTION	Pricing	26	price	1383012850086	1383012850092	1383012854202	1383012854202	OK	 
ACTION	Pricing	37	price	1383012850086	1383012850093	1383012854437	1383012854437	OK	 
ACTION	Pricing	92	price	1383012850088	1383012850113	1383012854716	1383012854716	OK	 
ACTION	Pricing	82	price	1383012850090	1383012850114	1383012854957	1383012854957	OK	 
ACTION	Pricing	72	price	1383012850086	1383012850114	1383012855103	1383012855103	OK	 
ACTION	Pricing	15	price	1383012850103	1383012850115	1383012855428	1383012855428	OK	 
ACTION	Pricing	29	price	1383012850116	1383012850129	1383012855669	1383012855669	OK	 
ACTION	Pricing	71	price	1383012850130	1383012850136	1383012855881	1383012855882	OK	 
ACTION	Pricing	21	price	1383012850128	1383012850137	1383012856077	1383012856077	OK	 
ACTION	Pricing	23	price	1383012850131	1383012850147	1383012856303	1383012856303	OK	 
ACTION	Pricing	49	price	1383012850146	1383012850154	1383012856583	1383012856583	OK	 
ACTION	Pricing	90	price	1383012850155	1383012850163	1383012856898	1383012856899	OK	 
ACTION	Pricing	42	price	1383012850157	1383012850164	1383012857164	1383012857164	OK	 
ACTION	Pricing	65	price	1383012850148	1383012850164	1383012857287	1383012857287	OK	 
ACTION	Pricing	57	price	1383012850160	1383012850169	1383012857545	1383012857545	OK	 
ACTION	Pricing	39	price	1383012850158	1383012850168	1383012857806	1383012857806	OK	 
ACTION	Pricing	6	price	1383012850156	1383012850177	1383012858006	1383012858006	OK	 
ACTION	Pricing	45	price	1383012850165	1383012850179	1383012858222	1383012858222	OK	 
ACTION	Pricing	93	price	1383012850167	1383012850178	1383012858425	1383012858425	OK	 
ACTION	Pricing	27	price	1383012850160	1383012850178	1383012858677	1383012858678	OK	 
ACTION	Pricing	62	price	1383012850175	1383012850183	1383012858871	1383012858871	OK	 
ACTION	Pricing	7	price	1383012850167	1383012850184	1383012859161	1383012859162	OK	 
ACTION	Pricing	69	price	1383012850169	1383012850182	1383012859418	1383012859418	OK	 
ACTION	Pricing	10	price	1383012850175	1383012850185	1383012859640	1383012859641	OK	 
ACTION	Pricing	67	price	1383012850173	1383012850184	1383012859842	1383012859842	OK	 
ACTION	Pricing	100	price	1383012850171	1383012850183	1383012860008	1383012860008	OK	 
ACTION	Pricing	22	price	1383012850174	1383012850182	1383012860182	1383012860182	OK	 
ACTION	Pricing	83	price	1383012850172	1383012850181	1383012860471	1383012860471	OK	 
ACTION	Pricing	79	price	1383012850161	1383012850180	1383012860694	1383012860694	OK	 
ACTION	Pricing	75	price	1383012850189	1383012850193	1383012860927	1383012860927	OK	 
ACTION	Pricing	94	price	1383012850186	1383012850193	1383012861176	1383012861176	OK	 
ACTION	Pricing	55	price	1383012850189	1383012850194	1383012861456	1383012861456	OK	 
ACTION	Pricing	25	price	1383012850195	1383012850198	1383012861737	1383012861737	OK	 
ACTION	Pricing	19	price	1383012850190	1383012850197	1383012861889	1383012861890	OK	 
ACTION	Pricing	99	price	1383012850199	1383012850200	1383012862124	1383012862124	OK	 
ACTION	Pricing	56	price	1383012850200	1383012850202	1383012862377	1383012862377	OK	 
ACTION	Pricing	30	price	1383012850196	1383012850200	1383012862560	1383012862561	OK	 
ACTION	Pricing	28	price	1383012850201	1383012850204	1383012862787	1383012862787	OK	 
ACTION	Pricing	78	price	1383012850202	1383012850205	1383012863029	1383012863029	OK	 
ACTION	Pricing	59	price	1383012850203	1383012850206	1383012863306	1383012863307	OK	 
ACTION	Pricing	66	price	1383012850205	1383012850207	1383012863590	1383012863590	OK	 
ACTION	Pricing	91	price	1383012850206	1383012850207	1383012863725	1383012863726	OK	 
ACTION	Pricing	34	price	1383012850207	1383012850209	1383012863982	1383012863982	OK	 
ACTION	Pricing	20	price	1383012850207	1383012850210	1383012864272	1383012864273	OK	 
ACTION	Pricing	54	price	1383012850209	1383012850211	1383012864540	1383012864541	OK	 
ACTION	Pricing	86	price	1383012850210	1383012850211	1383012864779	1383012864779	OK	 
ACTION	Pricing	51	price	1383012850212	1383012850218	1383012864982	1383012864982	OK	 
ACTION	Pricing	68	price	1383012850211	1383012850216	1383012865178	1383012865178	OK	 
ACTION	Pricing	50	price	1383012850217	1383012850219	1383012865356	1383012865356	OK	 
ACTION	Pricing	58	price	1383012850219	1383012850220	1383012865565	1383012865565	OK	 
ACTION	Pricing	73	price	1383012850220	1383012850222	1383012865816	1383012865816	OK	 
ACTION	Pricing	89	price	1383012850221	1383012850225	1383012866107	1383012866107	OK	 
ACTION	Pricing	95	price	1383012850224	1383012850227	1383012866367	1383012866367	OK	 
ACTION	Pricing	38	price	1383012850223	1383012850225	1383012866575	1383012866576	OK	 
ACTION	Pricing	48	price	1383012850225	1383012850228	1383012866762	1383012866762	OK	 
ACTION	Pricing	47	price	1383012850226	1383012850228	1383012866977	1383012866977	OK	 
ACTION	Pricing	31	price	1383012850227	1383012850230	1383012867256	1383012867257	OK	 
ACTION	Pricing	80	price	1383012850229	1383012850231	1383012867583	1383012867583	OK	 
ACTION	Pricing	76	price	1383012850229	1383012850232	1383012867847	1383012867848	OK	 
ACTION	Pricing	52	price	1383012850234	1383012850238	1383012868066	1383012868066	OK	 
ACTION	Pricing	24	price	1383012850234	1383012850237	1383012868277	1383012868277	OK	 
ACTION	Pricing	98	price	1383012850232	1383012850240	1383012868476	1383012868476	OK	 
ACTION	Pricing	97	price	1383012850231	1383012850239	1383012868656	1383012868657	OK	 
ACTION	Pricing	64	price	1383012850235	1383012850240	1383012868836	1383012868837	OK	 
ACTION	Pricing	17	price	1383012850236	1383012850241	1383012869037	1383012869037	OK	 
ACTION	Pricing	77	price	1383012850243	1383012850245	1383012869247	1383012869248	OK	 
ACTION	Pricing	81	price	1383012850242	1383012850246	1383012869444	1383012869444	OK	 
ACTION	Pricing	46	price	1383012850245	1383012850248	1383012869649	1383012869649	OK	 
ACTION	Pricing	53	price	1383012850247	1383012850249	1383012869877	1383012869877	OK	 
ACTION	Pricing	61	price	1383012850247	1383012850250	1383012870072	1383012870072	OK	 
ACTION	Pricing	3	price	1383012850249	1383012850251	1383012870342	1383012870342	OK	 
ACTION	Pricing	32	price	1383012850250	1383012850252	1383012870497	1383012870498	OK	 
ACTION	Pricing	18	price	1383012850251	1383012850254	1383012870728	1383012870728	OK	 
ACTION	Pricing	41	price	1383012850252	1383012850255	1383012870910	1383012870911	OK	 
ACTION	Pricing	60	price	1383012850253	1383012850255	1383012871197	1383012871197	OK	 
ACTION	Pricing	63	price	1383012850256	1383012850259	1383012871411	1383012871412	OK	 
ACTION	Pricing	36	price	1383012850255	1383012850258	1383012871620	1383012871620	OK	 
ACTION	Pricing	96	price	1383012850254	1383012850256	1383012871863	1383012871864	OK	 
ACTION	Pricing	2	price	1383012850244	1383012850246	1383012872142	1383012872142	OK	 
ACTION	Pricing	74	price	1383012850241	1383012850242	1383012872401	1383012872401	OK	 
ACTION	Pricing	33	price	1383012850258	1383012850260	1383012872616	1383012872616	OK	 
ACTION	Pricing	43	price	1383012850258	1383012850259	1383012872894	1383012872895	OK	 
ACTION	Pricing	88	price	1383012850259	1383012850261	1383012873190	1383012873190	OK	 
ACTION	Pricing	84	price	1383012850260	1383012850262	1383012873471	1383012873471	OK	 
ACTION	Pricing	70	price	1383012850261	1383012850265	1383012873675	1383012873676	OK	 
ACTION	Pricing	87	price	1383012850413	1383012850414	1383012873949	1383012873949	OK	 
ACTION	Pricing	11	price	1383012850701	1383012850701	1383012874163	1383012874163	OK	 
ACTION	Pricing	9	price	1383012850930	1383012850932	1383012874371	1383012874371	OK	 
ACTION	Pricing	35	price	1383012851231	1383012851232	1383012874585	1383012874585	OK	 
ACTION	Pricing	44	price	1383012851462	1383012851463	1383012874792	1383012874792	OK	 
ACTION	Pricing	1	price	1383012851698	1383012851699	1383012874973	1383012874974	OK	 
ACTION	Pricing	13	price	1383012851947	1383012851947	1383012875161	1383012875161	OK	 
ACTION	Pricing	5	price	1383012852234	1383012852235	1383012875392	1383012875392	OK	 
ACTION	Pricing	4	price	1383012852519	1383012852520	1383012875657	1383012875658	OK	 
ACTION	Pricing	8	price	1383012852800	1383012852809	1383012875940	1383012875941	OK	 
ACTION	Pricing	12	price	1383012852987	1383012852988	1383012876074	1383012876074	OK	 
ACTION	Pricing	16	price	1383012853181	1383012853182	1383012876261	1383012876262	OK	 
ACTION	Pricing	40	price	1383012853425	1383012853425	1383012876539	1383012876539	OK	 
ACTION	Pricing	85	price	1383012853670	1383012853671	1383012876779	1383012876780	OK	 
ACTION	Pricing	14	price	1383012853923	1383012853923	1383012877062	1383012877062	OK	 
ACTION	Pricing	26	price	1383012854204	1383012854204	1383012877320	1383012877321	OK	 
ACTION	Pricing	37	price	1383012854439	1383012854440	1383012877489	1383012877489	OK	 
ACTION	Pricing	92	price	1383012854718	1383012854719	1383012877691	1383012877691	OK	 
ACTION	Pricing	82	price	1383012854959	1383012854964	1383012877852	1383012877853	OK	 
ACTION	Pricing	72	price	1383012855105	1383012855105	1383012878149	1383012878149	OK	 
ACTION	Pricing	15	price	1383012855430	1383012855431	1383012878410	1383012878410	OK	 
ACTION	Pricing	29	price	1383012855670	1383012855671	1383012878647	1383012878648	OK	 
ACTION	Pricing	71	price	1383012855884	1383012855884	1383012878927	1383012878928	OK	 
ACTION	Pricing	21	price	1383012856078	1383012856080	1383012879207	1383012879207	OK	 
ACTION	Pricing	23	price	1383012856308	1383012856308	1383012879412	1383012879413	OK	 
ACTION	Pricing	49	price	1383012856585	1383012856585	1383012879695	1383012879695	OK	 
ACTION	Pricing	90	price	1383012856900	1383012856901	1383012879964	1383012879965	OK	 
ACTION	Pricing	42	price	1383012857166	1383012857167	1383012880263	1383012880264	OK	 
SCENARIO	Pricing	42	END	1383012880264
ACTION	Pricing	65	price	1383012857289	1383012857289	1383012880414	1383012880414	OK	 
SCENARIO	Pricing	65	END	1383012880415
ACTION	Pricing	57	price	1383012857556	1383012857557	1383012880594	1383012880594	OK	 
SCENARIO	Pricing	57	END	1383012880595
ACTION	Pricing	39	price	1383012857807	1383012857808	1383012880762	1383012880763	OK	 
SCENARIO	Pricing	39	END	1383012880763
ACTION	Pricing	6	price	1383012858008	1383012858009	1383012880993	1383012880993	OK	 
SCENARIO	Pricing	6	END	1383012880994
ACTION	Pricing	45	price	1383012858224	1383012858224	1383012881305	1383012881305	OK	 
SCENARIO	Pricing	45	END	1383012881306
ACTION	Pricing	93	price	1383012858427	1383012858428	1383012881444	1383012881444	OK	 
SCENARIO	Pricing	93	END	1383012881445
ACTION	Pricing	27	price	1383012858680	1383012858680	1383012881736	1383012881736	OK	 
SCENARIO	Pricing	27	END	1383012881737
ACTION	Pricing	62	price	1383012858872	1383012858877	1383012881964	1383012881965	OK	 
SCENARIO	Pricing	62	END	1383012881965
ACTION	Pricing	7	price	1383012859163	1383012859164	1383012882268	1383012882269	OK	 
SCENARIO	Pricing	7	END	1383012882269
ACTION	Pricing	69	price	1383012859421	1383012859421	1383012882429	1383012882429	OK	 
SCENARIO	Pricing	69	END	1383012882429
ACTION	Pricing	10	price	1383012859642	1383012859643	1383012882664	1383012882665	OK	 
SCENARIO	Pricing	10	END	1383012882665
ACTION	Pricing	67	price	1383012859843	1383012859844	1383012882981	1383012882981	OK	 
SCENARIO	Pricing	67	END	1383012882982
ACTION	Pricing	100	price	1383012860010	1383012860011	1383012883149	1383012883150	OK	 
SCENARIO	Pricing	100	END	1383012883150
ACTION	Pricing	22	price	1383012860184	1383012860184	1383012883390	1383012883390	OK	 
SCENARIO	Pricing	22	END	1383012883391
ACTION	Pricing	83	price	1383012860472	1383012860473	1383012883586	1383012883586	OK	 
SCENARIO	Pricing	83	END	1383012883587
ACTION	Pricing	79	price	1383012860695	1383012860696	1383012883816	1383012883816	OK	 
SCENARIO	Pricing	79	END	1383012883817
ACTION	Pricing	75	price	1383012860930	1383012860931	1383012884078	1383012884078	OK	 
SCENARIO	Pricing	75	END	1383012884079
ACTION	Pricing	94	price	1383012861178	1383012861178	1383012884329	1383012884329	OK	 
SCENARIO	Pricing	94	END	1383012884331
ACTION	Pricing	55	price	1383012861457	1383012861458	1383012884648	1383012884649	OK	 
SCENARIO	Pricing	55	END	1383012884650
ACTION	Pricing	25	price	1383012861739	1383012861739	1383012884965	1383012884965	OK	 
SCENARIO	Pricing	25	END	1383012884966
ACTION	Pricing	19	price	1383012861891	1383012861892	1383012885012	1383012885012	OK	 
SCENARIO	Pricing	19	END	1383012885013
ACTION	Pricing	99	price	1383012862125	1383012862125	1383012885221	1383012885221	OK	 
SCENARIO	Pricing	99	END	1383012885222
ACTION	Pricing	56	price	1383012862379	1383012862379	1383012885442	1383012885443	OK	 
SCENARIO	Pricing	56	END	1383012885444
ACTION	Pricing	30	price	1383012862562	1383012862562	1383012885660	1383012885660	OK	 
SCENARIO	Pricing	30	END	1383012885661
ACTION	Pricing	28	price	1383012862789	1383012862789	1383012885888	1383012885888	OK	 
SCENARIO	Pricing	28	END	1383012885889
ACTION	Pricing	78	price	1383012863030	1383012863031	1383012886101	1383012886101	OK	 
SCENARIO	Pricing	78	END	1383012886102
ACTION	Pricing	59	price	1383012863308	1383012863309	1383012886325	1383012886325	OK	 
SCENARIO	Pricing	59	END	1383012886326
ACTION	Pricing	66	price	1383012863592	1383012863592	1383012886637	1383012886637	OK	 
SCENARIO	Pricing	66	END	1383012886638
ACTION	Pricing	91	price	1383012863727	1383012863728	1383012886886	1383012886886	OK	 
SCENARIO	Pricing	91	END	1383012886887
ACTION	Pricing	34	price	1383012863984	1383012863984	1383012887071	1383012887071	OK	 
SCENARIO	Pricing	34	END	1383012887072
ACTION	Pricing	20	price	1383012864274	1383012864275	1383012887326	1383012887326	OK	 
SCENARIO	Pricing	20	END	1383012887327
ACTION	Pricing	54	price	1383012864543	1383012864543	1383012887501	1383012887502	OK	 
SCENARIO	Pricing	54	END	1383012887502
ACTION	Pricing	86	price	1383012864781	1383012864781	1383012887705	1383012887706	OK	 
SCENARIO	Pricing	86	END	1383012887706
ACTION	Pricing	51	price	1383012864984	1383012864984	1383012887889	1383012887890	OK	 
SCENARIO	Pricing	51	END	1383012887891
ACTION	Pricing	68	price	1383012865179	1383012865180	1383012888088	1383012888088	OK	 
SCENARIO	Pricing	68	END	1383012888089
ACTION	Pricing	50	price	1383012865358	1383012865358	1383012888270	1383012888271	OK	 
SCENARIO	Pricing	50	END	1383012888271
ACTION	Pricing	58	price	1383012865566	1383012865567	1383012888479	1383012888479	OK	 
SCENARIO	Pricing	58	END	1383012888480
ACTION	Pricing	73	price	1383012865818	1383012865818	1383012888671	1383012888672	OK	 
SCENARIO	Pricing	73	END	1383012888672
ACTION	Pricing	89	price	1383012866108	1383012866109	1383012888881	1383012888882	OK	 
SCENARIO	Pricing	89	END	1383012888882
ACTION	Pricing	95	price	1383012866368	1383012866369	1383012889108	1383012889108	OK	 
SCENARIO	Pricing	95	END	1383012889109
ACTION	Pricing	38	price	1383012866577	1383012866577	1383012889365	1383012889365	OK	 
SCENARIO	Pricing	38	END	1383012889369
ACTION	Pricing	48	price	1383012866763	1383012866764	1383012889641	1383012889642	OK	 
SCENARIO	Pricing	48	END	1383012889642
ACTION	Pricing	47	price	1383012866979	1383012866979	1383012889945	1383012889946	OK	 
SCENARIO	Pricing	47	END	1383012889946
ACTION	Pricing	31	price	1383012867258	1383012867259	1383012890234	1383012890234	OK	 
SCENARIO	Pricing	31	END	1383012890235
ACTION	Pricing	80	price	1383012867585	1383012867588	1383012890379	1383012890379	OK	 
SCENARIO	Pricing	80	END	1383012890380
ACTION	Pricing	76	price	1383012867850	1383012867850	1383012890552	1383012890552	OK	 
SCENARIO	Pricing	76	END	1383012890553
ACTION	Pricing	52	price	1383012868068	1383012868068	1383012890739	1383012890740	OK	 
SCENARIO	Pricing	52	END	1383012890740
ACTION	Pricing	24	price	1383012868279	1383012868279	1383012890958	1383012890958	OK	 
SCENARIO	Pricing	24	END	1383012890959
ACTION	Pricing	98	price	1383012868478	1383012868478	1383012891144	1383012891145	OK	 
SCENARIO	Pricing	98	END	1383012891146
ACTION	Pricing	97	price	1383012868658	1383012868659	1383012891412	1383012891412	OK	 
SCENARIO	Pricing	97	END	1383012891413
ACTION	Pricing	64	price	1383012868838	1383012868841	1383012891698	1383012891698	OK	 
SCENARIO	Pricing	64	END	1383012891699
ACTION	Pricing	17	price	1383012869039	1383012869039	1383012891961	1383012891962	OK	 
SCENARIO	Pricing	17	END	1383012891962
ACTION	Pricing	77	price	1383012869249	1383012869249	1383012892142	1383012892142	OK	 
SCENARIO	Pricing	77	END	1383012892143
ACTION	Pricing	81	price	1383012869445	1383012869446	1383012892358	1383012892358	OK	 
SCENARIO	Pricing	81	END	1383012892359
ACTION	Pricing	46	price	1383012869650	1383012869651	1383012892605	1383012892606	OK	 
SCENARIO	Pricing	46	END	1383012892606
ACTION	Pricing	53	price	1383012869879	1383012869879	1383012892907	1383012892907	OK	 
SCENARIO	Pricing	53	END	1383012892908
ACTION	Pricing	61	price	1383012870074	1383012870074	1383012893206	1383012893207	OK	 
SCENARIO	Pricing	61	END	1383012893207
ACTION	Pricing	3	price	1383012870344	1383012870344	1383012893320	1383012893320	OK	 
SCENARIO	Pricing	3	END	1383012893321
ACTION	Pricing	32	price	1383012870499	1383012870500	1383012893541	1383012893541	OK	 
SCENARIO	Pricing	32	END	1383012893542
ACTION	Pricing	18	price	1383012870729	1383012870730	1383012893758	1383012893758	OK	 
SCENARIO	Pricing	18	END	1383012893759
ACTION	Pricing	41	price	1383012870912	1383012870912	1383012894002	1383012894002	OK	 
SCENARIO	Pricing	41	END	1383012894003
ACTION	Pricing	60	price	1383012871198	1383012871199	1383012894258	1383012894259	OK	 
SCENARIO	Pricing	60	END	1383012894259
ACTION	Pricing	63	price	1383012871413	1383012871413	1383012894482	1383012894483	OK	 
SCENARIO	Pricing	63	END	1383012894483
ACTION	Pricing	36	price	1383012871621	1383012871622	1383012894714	1383012894715	OK	 
SCENARIO	Pricing	36	END	1383012894716
ACTION	Pricing	96	price	1383012871865	1383012871865	1383012894933	1383012894933	OK	 
SCENARIO	Pricing	96	END	1383012894934
ACTION	Pricing	2	price	1383012872143	1383012872144	1383012895243	1383012895243	OK	 
SCENARIO	Pricing	2	END	1383012895244
ACTION	Pricing	74	price	1383012872402	1383012872402	1383012895501	1383012895502	OK	 
SCENARIO	Pricing	74	END	1383012895502
ACTION	Pricing	33	price	1383012872617	1383012872618	1383012895659	1383012895659	OK	 
SCENARIO	Pricing	33	END	1383012895660
ACTION	Pricing	43	price	1383012872896	1383012872896	1383012895907	1383012895907	OK	 
SCENARIO	Pricing	43	END	1383012895908
ACTION	Pricing	88	price	1383012873191	1383012873192	1383012896233	1383012896234	OK	 
SCENARIO	Pricing	88	END	1383012896234
ACTION	Pricing	84	price	1383012873472	1383012873473	1383012896452	1383012896452	OK	 
SCENARIO	Pricing	84	END	1383012896453
ACTION	Pricing	70	price	1383012873677	1383012873677	1383012896690	1383012896690	OK	 
SCENARIO	Pricing	70	END	1383012896691
ACTION	Pricing	87	price	1383012873951	1383012873951	1383012896833	1383012896834	OK	 
SCENARIO	Pricing	87	END	1383012896834
ACTION	Pricing	11	price	1383012874165	1383012874165	1383012897046	1383012897047	OK	 
SCENARIO	Pricing	11	END	1383012897047
ACTION	Pricing	9	price	1383012874372	1383012874373	1383012897311	1383012897312	OK	 
SCENARIO	Pricing	9	END	1383012897312
ACTION	Pricing	35	price	1383012874586	1383012874587	1383012897522	1383012897522	OK	 
SCENARIO	Pricing	35	END	1383012897523
ACTION	Pricing	44	price	1383012874794	1383012874794	1383012897832	1383012897832	OK	 
SCENARIO	Pricing	44	END	1383012897833
ACTION	Pricing	1	price	1383012874975	1383012874976	1383012898099	1383012898099	OK	 
SCENARIO	Pricing	1	END	1383012898100
ACTION	Pricing	13	price	1383012875162	1383012875163	1383012898288	1383012898289	OK	 
SCENARIO	Pricing	13	END	1383012898289
ACTION	Pricing	5	price	1383012875394	1383012875394	1383012898476	1383012898477	OK	 
SCENARIO	Pricing	5	END	1383012898477
ACTION	Pricing	4	price	1383012875659	1383012875660	1383012898761	1383012898761	OK	 
SCENARIO	Pricing	4	END	1383012898762
ACTION	Pricing	8	price	1383012875942	1383012875942	1383012899030	1383012899030	OK	 
SCENARIO	Pricing	8	END	1383012899031
ACTION	Pricing	12	price	1383012876076	1383012876076	1383012899293	1383012899293	OK	 
SCENARIO	Pricing	12	END	1383012899293
ACTION	Pricing	16	price	1383012876263	1383012876263	1383012899489	1383012899489	OK	 
SCENARIO	Pricing	16	END	1383012899490
ACTION	Pricing	40	price	1383012876540	1383012876541	1383012899773	1383012899773	OK	 
SCENARIO	Pricing	40	END	1383012899774
ACTION	Pricing	85	price	1383012876781	1383012876782	1383012899912	1383012899912	OK	 
SCENARIO	Pricing	85	END	1383012899912
ACTION	Pricing	14	price	1383012877064	1383012877064	1383012900208	1383012900208	OK	 
SCENARIO	Pricing	14	END	1383012900209
ACTION	Pricing	26	price	1383012877322	1383012877323	1383012900503	1383012900503	OK	 
SCENARIO	Pricing	26	END	1383012900504
ACTION	Pricing	37	price	1383012877490	1383012877491	1383012900640	1383012900640	OK	 
SCENARIO	Pricing	37	END	1383012900641
ACTION	Pricing	92	price	1383012877693	1383012877693	1383012900938	1383012900939	OK	 
SCENARIO	Pricing	92	END	1383012900940
ACTION	Pricing	82	price	1383012877854	1383012877854	1383012901237	1383012901238	OK	 
SCENARIO	Pricing	82	END	1383012901238
ACTION	Pricing	72	price	1383012878150	1383012878151	1383012901368	1383012901368	OK	 
SCENARIO	Pricing	72	END	1383012901368
ACTION	Pricing	15	price	1383012878411	1383012878412	1383012901667	1383012901667	OK	 
SCENARIO	Pricing	15	END	1383012901667
ACTION	Pricing	29	price	1383012878649	1383012878649	1383012901898	1383012901898	OK	 
SCENARIO	Pricing	29	END	1383012901899
ACTION	Pricing	71	price	1383012878929	1383012878929	1383012902189	1383012902189	OK	 
SCENARIO	Pricing	71	END	1383012902190
ACTION	Pricing	21	price	1383012879209	1383012879209	1383012902315	1383012902315	OK	 
SCENARIO	Pricing	21	END	1383012902316
ACTION	Pricing	23	price	1383012879414	1383012879414	1383012902538	1383012902538	OK	 
SCENARIO	Pricing	23	END	1383012902538
ACTION	Pricing	49	price	1383012879696	1383012879697	1383012902806	1383012902806	OK	 
SCENARIO	Pricing	49	END	1383012902807
ACTION	Pricing	90	price	1383012879966	1383012879966	1383012903018	1383012903019	OK	 
SCENARIO	Pricing	90	END	1383012903020
