RUN	20140318125953	pricingsimulation	pricingsimulation
SCENARIO	Pricing	76	START	1395147596420
SCENARIO	Pricing	21	START	1395147596423
SCENARIO	Pricing	24	START	1395147596423
SCENARIO	Pricing	6	START	1395147596426
SCENARIO	Pricing	12	START	1395147596427
SCENARIO	Pricing	29	START	1395147596427
SCENARIO	Pricing	60	START	1395147596427
SCENARIO	Pricing	11	START	1395147596427
SCENARIO	Pricing	23	START	1395147596427
SCENARIO	Pricing	18	START	1395147596427
SCENARIO	Pricing	61	START	1395147596428
SCENARIO	Pricing	27	START	1395147596428
SCENARIO	Pricing	47	START	1395147596428
SCENARIO	Pricing	43	START	1395147596428
SCENARIO	Pricing	73	START	1395147596428
SCENARIO	Pricing	33	START	1395147596428
SCENARIO	Pricing	15	START	1395147596428
SCENARIO	Pricing	80	START	1395147596428
SCENARIO	Pricing	54	START	1395147596428
SCENARIO	Pricing	25	START	1395147596428
SCENARIO	Pricing	37	START	1395147596429
SCENARIO	Pricing	77	START	1395147596429
SCENARIO	Pricing	41	START	1395147596429
SCENARIO	Pricing	52	START	1395147596429
SCENARIO	Pricing	81	START	1395147596429
SCENARIO	Pricing	99	START	1395147596430
SCENARIO	Pricing	50	START	1395147596430
SCENARIO	Pricing	65	START	1395147596430
SCENARIO	Pricing	35	START	1395147596430
SCENARIO	Pricing	91	START	1395147596430
SCENARIO	Pricing	89	START	1395147596430
SCENARIO	Pricing	14	START	1395147596430
SCENARIO	Pricing	96	START	1395147596430
SCENARIO	Pricing	8	START	1395147596430
SCENARIO	Pricing	38	START	1395147596430
SCENARIO	Pricing	74	START	1395147596431
SCENARIO	Pricing	49	START	1395147596431
SCENARIO	Pricing	63	START	1395147596431
SCENARIO	Pricing	32	START	1395147596431
SCENARIO	Pricing	82	START	1395147596431
SCENARIO	Pricing	13	START	1395147596431
SCENARIO	Pricing	83	START	1395147596431
SCENARIO	Pricing	19	START	1395147596431
SCENARIO	Pricing	97	START	1395147596431
SCENARIO	Pricing	44	START	1395147596431
SCENARIO	Pricing	26	START	1395147596432
SCENARIO	Pricing	58	START	1395147596432
SCENARIO	Pricing	1	START	1395147596432
SCENARIO	Pricing	3	START	1395147596432
SCENARIO	Pricing	5	START	1395147596432
SCENARIO	Pricing	45	START	1395147596432
SCENARIO	Pricing	87	START	1395147596432
SCENARIO	Pricing	4	START	1395147596432
SCENARIO	Pricing	56	START	1395147596432
SCENARIO	Pricing	57	START	1395147596432
SCENARIO	Pricing	42	START	1395147596432
SCENARIO	Pricing	39	START	1395147596432
SCENARIO	Pricing	30	START	1395147596432
SCENARIO	Pricing	75	START	1395147596432
SCENARIO	Pricing	66	START	1395147596432
SCENARIO	Pricing	2	START	1395147596432
SCENARIO	Pricing	51	START	1395147596432
SCENARIO	Pricing	70	START	1395147596433
SCENARIO	Pricing	100	START	1395147596433
SCENARIO	Pricing	53	START	1395147596433
SCENARIO	Pricing	17	START	1395147596433
SCENARIO	Pricing	40	START	1395147596433
SCENARIO	Pricing	71	START	1395147596433
SCENARIO	Pricing	59	START	1395147596433
SCENARIO	Pricing	69	START	1395147596433
SCENARIO	Pricing	31	START	1395147596433
SCENARIO	Pricing	7	START	1395147596433
SCENARIO	Pricing	10	START	1395147596433
SCENARIO	Pricing	84	START	1395147596433
SCENARIO	Pricing	64	START	1395147596433
SCENARIO	Pricing	28	START	1395147596433
SCENARIO	Pricing	79	START	1395147596433
SCENARIO	Pricing	86	START	1395147596433
SCENARIO	Pricing	98	START	1395147596433
SCENARIO	Pricing	67	START	1395147596433
SCENARIO	Pricing	94	START	1395147596433
SCENARIO	Pricing	90	START	1395147596433
SCENARIO	Pricing	9	START	1395147596433
SCENARIO	Pricing	92	START	1395147596433
SCENARIO	Pricing	68	START	1395147596434
SCENARIO	Pricing	34	START	1395147596434
SCENARIO	Pricing	95	START	1395147596434
SCENARIO	Pricing	48	START	1395147596434
SCENARIO	Pricing	88	START	1395147596434
SCENARIO	Pricing	85	START	1395147596434
SCENARIO	Pricing	36	START	1395147596434
SCENARIO	Pricing	20	START	1395147596434
SCENARIO	Pricing	16	START	1395147596434
SCENARIO	Pricing	72	START	1395147596434
SCENARIO	Pricing	93	START	1395147596434
SCENARIO	Pricing	46	START	1395147596434
SCENARIO	Pricing	22	START	1395147596434
SCENARIO	Pricing	55	START	1395147596434
SCENARIO	Pricing	78	START	1395147596434
SCENARIO	Pricing	62	START	1395147596434
ACTION	Pricing	32	price	1395147596719	1395147596725	1395147598120	1395147598136	OK	 
ACTION	Pricing	5	price	1395147596764	1395147596769	1395147598131	1395147598133	OK	 
ACTION	Pricing	91	price	1395147596672	1395147596676	1395147598119	1395147598128	OK	 
ACTION	Pricing	7	price	1395147596826	1395147596828	1395147598189	1395147598189	OK	 
ACTION	Pricing	12	price	1395147596520	1395147596623	1395147598229	1395147598229	OK	 
ACTION	Pricing	40	price	1395147596816	1395147596819	1395147598276	1395147598277	OK	 
ACTION	Pricing	45	price	1395147596766	1395147596768	1395147598320	1395147598320	OK	 
ACTION	Pricing	67	price	1395147596844	1395147596849	1395147598360	1395147598360	OK	 
ACTION	Pricing	63	price	1395147596718	1395147596721	1395147598396	1395147598396	OK	 
ACTION	Pricing	46	price	1395147596879	1395147596886	1395147598443	1395147598443	OK	 
ACTION	Pricing	79	price	1395147596835	1395147596838	1395147598481	1395147598481	OK	 
ACTION	Pricing	24	price	1395147596524	1395147596601	1395147598522	1395147598522	OK	 
ACTION	Pricing	96	price	1395147596687	1395147596690	1395147598556	1395147598556	OK	 
ACTION	Pricing	55	price	1395147596885	1395147596888	1395147598590	1395147598591	OK	 
ACTION	Pricing	25	price	1395147596597	1395147596657	1395147598631	1395147598631	OK	 
ACTION	Pricing	16	price	1395147596872	1395147596875	1395147598674	1395147598674	OK	 
ACTION	Pricing	52	price	1395147596617	1395147596658	1395147598720	1395147598720	OK	 
ACTION	Pricing	61	price	1395147596546	1395147596634	1395147598766	1395147598768	OK	 
ACTION	Pricing	26	price	1395147596745	1395147596751	1395147598807	1395147598807	OK	 
ACTION	Pricing	18	price	1395147596544	1395147596635	1395147598851	1395147598851	OK	 
ACTION	Pricing	17	price	1395147596815	1395147596817	1395147598891	1395147598891	OK	 
ACTION	Pricing	71	price	1395147596819	1395147596820	1395147598935	1395147598935	OK	 
ACTION	Pricing	15	price	1395147596579	1395147596658	1395147598975	1395147598975	OK	 
ACTION	Pricing	88	price	1395147596864	1395147596865	1395147599015	1395147599015	OK	 
ACTION	Pricing	100	price	1395147596811	1395147596813	1395147599058	1395147599058	OK	 
ACTION	Pricing	98	price	1395147596842	1395147596843	1395147599103	1395147599103	OK	 
ACTION	Pricing	31	price	1395147596825	1395147596826	1395147599136	1395147599136	OK	 
ACTION	Pricing	27	price	1395147596547	1395147596633	1395147599170	1395147599170	OK	 
ACTION	Pricing	53	price	1395147596813	1395147596818	1395147599207	1395147599207	OK	 
ACTION	Pricing	87	price	1395147596769	1395147596770	1395147599243	1395147599243	OK	 
ACTION	Pricing	29	price	1395147596521	1395147596600	1395147599274	1395147599275	OK	 
ACTION	Pricing	49	price	1395147596703	1395147596706	1395147599312	1395147599313	OK	 
ACTION	Pricing	37	price	1395147596599	1395147596659	1395147599349	1395147599350	OK	 
ACTION	Pricing	34	price	1395147596856	1395147596858	1395147599387	1395147599388	OK	 
ACTION	Pricing	48	price	1395147596861	1395147596863	1395147599425	1395147599425	OK	 
ACTION	Pricing	68	price	1395147596855	1395147596857	1395147599463	1395147599463	OK	 
ACTION	Pricing	56	price	1395147596773	1395147596778	1395147599501	1395147599501	OK	 
ACTION	Pricing	9	price	1395147596848	1395147596851	1395147599538	1395147599538	OK	 
ACTION	Pricing	42	price	1395147596778	1395147596781	1395147599575	1395147599575	OK	 
ACTION	Pricing	85	price	1395147596865	1395147596870	1395147599613	1395147599613	OK	 
ACTION	Pricing	41	price	1395147596605	1395147596657	1395147599655	1395147599655	OK	 
ACTION	Pricing	4	price	1395147596771	1395147596773	1395147599692	1395147599693	OK	 
ACTION	Pricing	2	price	1395147596801	1395147596805	1395147599734	1395147599734	OK	 
ACTION	Pricing	70	price	1395147596809	1395147596811	1395147599771	1395147599771	OK	 
ACTION	Pricing	83	price	1395147596729	1395147596740	1395147599812	1395147599813	OK	 
ACTION	Pricing	93	price	1395147596876	1395147596878	1395147599854	1395147599854	OK	 
ACTION	Pricing	1	price	1395147596755	1395147596759	1395147599896	1395147599897	OK	 
ACTION	Pricing	57	price	1395147596775	1395147596778	1395147599940	1395147599940	OK	 
ACTION	Pricing	94	price	1395147596846	1395147596849	1395147599977	1395147599977	OK	 
ACTION	Pricing	92	price	1395147596852	1395147596854	1395147600012	1395147600012	OK	 
ACTION	Pricing	44	price	1395147596737	1395147596748	1395147600049	1395147600050	OK	 
ACTION	Pricing	90	price	1395147596847	1395147596851	1395147600085	1395147600085	OK	 
ACTION	Pricing	38	price	1395147596695	1395147596699	1395147600122	1395147600122	OK	 
ACTION	Pricing	77	price	1395147596603	1395147596661	1395147600155	1395147600157	OK	 
ACTION	Pricing	75	price	1395147596786	1395147596788	1395147600193	1395147600193	OK	 
ACTION	Pricing	30	price	1395147596783	1395147596785	1395147600229	1395147600230	OK	 
ACTION	Pricing	11	price	1395147596531	1395147596593	1395147600272	1395147600272	OK	 
ACTION	Pricing	62	price	1395147596889	1395147596890	1395147600309	1395147600309	OK	 
ACTION	Pricing	66	price	1395147596796	1395147596800	1395147600343	1395147600343	OK	 
ACTION	Pricing	69	price	1395147596822	1395147596824	1395147600386	1395147600386	OK	 
ACTION	Pricing	50	price	1395147596637	1395147596657	1395147600421	1395147600422	OK	 
ACTION	Pricing	72	price	1395147596874	1395147596877	1395147600456	1395147600456	OK	 
ACTION	Pricing	86	price	1395147596839	1395147596841	1395147600493	1395147600493	OK	 
ACTION	Pricing	20	price	1395147596870	1395147596872	1395147600529	1395147600529	OK	 
ACTION	Pricing	99	price	1395147596625	1395147596661	1395147600566	1395147600566	OK	 
ACTION	Pricing	58	price	1395147596753	1395147596757	1395147600599	1395147600599	OK	 
ACTION	Pricing	82	price	1395147596722	1395147596737	1395147600632	1395147600632	OK	 
ACTION	Pricing	21	price	1395147596517	1395147596623	1395147600668	1395147600668	OK	 
ACTION	Pricing	13	price	1395147596729	1395147596737	1395147600703	1395147600703	OK	 
ACTION	Pricing	47	price	1395147596554	1395147596651	1395147600736	1395147600736	OK	 
ACTION	Pricing	14	price	1395147596682	1395147596686	1395147600768	1395147600768	OK	 
ACTION	Pricing	28	price	1395147596834	1395147596835	1395147600800	1395147600801	OK	 
ACTION	Pricing	19	price	1395147596730	1395147596740	1395147600836	1395147600836	OK	 
ACTION	Pricing	23	price	1395147596531	1395147596635	1395147600870	1395147600870	OK	 
ACTION	Pricing	74	price	1395147596701	1395147596706	1395147600902	1395147600903	OK	 
ACTION	Pricing	80	price	1395147596584	1395147596660	1395147600935	1395147600935	OK	 
ACTION	Pricing	76	price	1395147596520	1395147596598	1395147600969	1395147600970	OK	 
ACTION	Pricing	51	price	1395147596805	1395147596807	1395147601004	1395147601004	OK	 
ACTION	Pricing	8	price	1395147596692	1395147596694	1395147601047	1395147601047	OK	 
ACTION	Pricing	35	price	1395147596649	1395147596668	1395147601080	1395147601080	OK	 
ACTION	Pricing	95	price	1395147596859	1395147596861	1395147601111	1395147601111	OK	 
ACTION	Pricing	54	price	1395147596595	1395147596654	1395147601144	1395147601144	OK	 
ACTION	Pricing	73	price	1395147596567	1395147596648	1395147601178	1395147601178	OK	 
ACTION	Pricing	60	price	1395147596538	1395147596622	1395147601210	1395147601211	OK	 
ACTION	Pricing	89	price	1395147596678	1395147596682	1395147601245	1395147601246	OK	 
ACTION	Pricing	39	price	1395147596781	1395147596784	1395147601280	1395147601280	OK	 
ACTION	Pricing	22	price	1395147596885	1395147596887	1395147601315	1395147601315	OK	 
ACTION	Pricing	78	price	1395147596887	1395147596889	1395147601354	1395147601354	OK	 
ACTION	Pricing	64	price	1395147596832	1395147596834	1395147601389	1395147601389	OK	 
ACTION	Pricing	84	price	1395147596830	1395147596831	1395147601427	1395147601428	OK	 
ACTION	Pricing	43	price	1395147596560	1395147596652	1395147601462	1395147601462	OK	 
ACTION	Pricing	36	price	1395147596868	1395147596869	1395147601497	1395147601498	OK	 
ACTION	Pricing	81	price	1395147596620	1395147596659	1395147601532	1395147601532	OK	 
ACTION	Pricing	10	price	1395147596827	1395147596829	1395147601574	1395147601575	OK	 
ACTION	Pricing	97	price	1395147596731	1395147596742	1395147601606	1395147601607	OK	 
ACTION	Pricing	3	price	1395147596760	1395147596762	1395147601639	1395147601639	OK	 
ACTION	Pricing	33	price	1395147596572	1395147596647	1395147601673	1395147601674	OK	 
ACTION	Pricing	65	price	1395147596645	1395147596659	1395147601708	1395147601709	OK	 
ACTION	Pricing	59	price	1395147596820	1395147596821	1395147601744	1395147601744	OK	 
ACTION	Pricing	6	price	1395147596518	1395147596622	1395147601786	1395147601786	OK	 
ACTION	Pricing	12	price	1395147598292	1395147598294	1395147601813	1395147601813	OK	 
ACTION	Pricing	7	price	1395147598295	1395147598296	1395147601847	1395147601847	OK	 
ACTION	Pricing	91	price	1395147598297	1395147598299	1395147601882	1395147601883	OK	 
ACTION	Pricing	5	price	1395147598299	1395147598301	1395147601937	1395147601937	OK	 
ACTION	Pricing	32	price	1395147598302	1395147598303	1395147601979	1395147601980	OK	 
ACTION	Pricing	40	price	1395147598304	1395147598305	1395147602026	1395147602026	OK	 
ACTION	Pricing	45	price	1395147598325	1395147598326	1395147602070	1395147602070	OK	 
ACTION	Pricing	67	price	1395147598362	1395147598363	1395147602109	1395147602110	OK	 
ACTION	Pricing	63	price	1395147598398	1395147598400	1395147602142	1395147602142	OK	 
ACTION	Pricing	46	price	1395147598445	1395147598446	1395147602178	1395147602178	OK	 
ACTION	Pricing	79	price	1395147598484	1395147598485	1395147602210	1395147602210	OK	 
ACTION	Pricing	24	price	1395147598524	1395147598525	1395147602245	1395147602245	OK	 
ACTION	Pricing	96	price	1395147598558	1395147598559	1395147602279	1395147602279	OK	 
ACTION	Pricing	55	price	1395147598592	1395147598594	1395147602315	1395147602315	OK	 
ACTION	Pricing	25	price	1395147598635	1395147598636	1395147602353	1395147602353	OK	 
ACTION	Pricing	16	price	1395147598677	1395147598678	1395147602387	1395147602387	OK	 
ACTION	Pricing	52	price	1395147598723	1395147598725	1395147602419	1395147602420	OK	 
ACTION	Pricing	61	price	1395147598771	1395147598774	1395147602462	1395147602462	OK	 
ACTION	Pricing	26	price	1395147598809	1395147598811	1395147602496	1395147602497	OK	 
ACTION	Pricing	18	price	1395147598854	1395147598855	1395147602542	1395147602542	OK	 
ACTION	Pricing	17	price	1395147598894	1395147598895	1395147602575	1395147602575	OK	 
ACTION	Pricing	71	price	1395147598938	1395147598939	1395147602610	1395147602611	OK	 
ACTION	Pricing	15	price	1395147598977	1395147598979	1395147602644	1395147602645	OK	 
ACTION	Pricing	88	price	1395147599018	1395147599019	1395147602681	1395147602681	OK	 
ACTION	Pricing	100	price	1395147599063	1395147599063	1395147602716	1395147602716	OK	 
ACTION	Pricing	98	price	1395147599107	1395147599107	1395147602749	1395147602750	OK	 
ACTION	Pricing	31	price	1395147599141	1395147599142	1395147602795	1395147602796	OK	 
ACTION	Pricing	27	price	1395147599172	1395147599174	1395147602831	1395147602831	OK	 
ACTION	Pricing	53	price	1395147599210	1395147599210	1395147602867	1395147602867	OK	 
ACTION	Pricing	87	price	1395147599245	1395147599246	1395147602905	1395147602905	OK	 
ACTION	Pricing	29	price	1395147599277	1395147599280	1395147602987	1395147602988	OK	 
ACTION	Pricing	49	price	1395147599315	1395147599317	1395147603025	1395147603026	OK	 
ACTION	Pricing	37	price	1395147599352	1395147599353	1395147603070	1395147603070	OK	 
ACTION	Pricing	34	price	1395147599390	1395147599391	1395147603103	1395147603103	OK	 
ACTION	Pricing	48	price	1395147599427	1395147599429	1395147603145	1395147603145	OK	 
ACTION	Pricing	68	price	1395147599468	1395147599468	1395147603185	1395147603186	OK	 
ACTION	Pricing	56	price	1395147599503	1395147599504	1395147603224	1395147603224	OK	 
ACTION	Pricing	9	price	1395147599541	1395147599541	1395147603262	1395147603263	OK	 
ACTION	Pricing	42	price	1395147599577	1395147599579	1395147603301	1395147603301	OK	 
ACTION	Pricing	85	price	1395147599617	1395147599618	1395147603335	1395147603335	OK	 
ACTION	Pricing	41	price	1395147599658	1395147599659	1395147603370	1395147603370	OK	 
ACTION	Pricing	4	price	1395147599695	1395147599696	1395147603404	1395147603404	OK	 
ACTION	Pricing	2	price	1395147599736	1395147599738	1395147603437	1395147603437	OK	 
ACTION	Pricing	70	price	1395147599773	1395147599774	1395147603473	1395147603473	OK	 
ACTION	Pricing	83	price	1395147599816	1395147599817	1395147603507	1395147603507	OK	 
ACTION	Pricing	93	price	1395147599856	1395147599857	1395147603540	1395147603541	OK	 
ACTION	Pricing	1	price	1395147599899	1395147599900	1395147603576	1395147603576	OK	 
ACTION	Pricing	57	price	1395147599942	1395147599943	1395147603611	1395147603611	OK	 
ACTION	Pricing	94	price	1395147599979	1395147599980	1395147603646	1395147603646	OK	 
ACTION	Pricing	92	price	1395147600014	1395147600015	1395147603682	1395147603682	OK	 
ACTION	Pricing	44	price	1395147600058	1395147600059	1395147603716	1395147603717	OK	 
ACTION	Pricing	90	price	1395147600089	1395147600089	1395147603756	1395147603756	OK	 
ACTION	Pricing	38	price	1395147600125	1395147600126	1395147603794	1395147603794	OK	 
ACTION	Pricing	77	price	1395147600159	1395147600160	1395147603830	1395147603830	OK	 
ACTION	Pricing	75	price	1395147600195	1395147600195	1395147603866	1395147603866	OK	 
ACTION	Pricing	30	price	1395147600231	1395147600232	1395147603901	1395147603901	OK	 
ACTION	Pricing	11	price	1395147600274	1395147600274	1395147603939	1395147603940	OK	 
ACTION	Pricing	62	price	1395147600312	1395147600313	1395147603972	1395147603972	OK	 
ACTION	Pricing	66	price	1395147600345	1395147600346	1395147604008	1395147604008	OK	 
ACTION	Pricing	69	price	1395147600388	1395147600389	1395147604046	1395147604046	OK	 
ACTION	Pricing	50	price	1395147600424	1395147600425	1395147604082	1395147604083	OK	 
ACTION	Pricing	72	price	1395147600458	1395147600459	1395147604121	1395147604121	OK	 
ACTION	Pricing	86	price	1395147600495	1395147600496	1395147604160	1395147604160	OK	 
ACTION	Pricing	20	price	1395147600531	1395147600531	1395147604195	1395147604196	OK	 
ACTION	Pricing	99	price	1395147600568	1395147600568	1395147604243	1395147604243	OK	 
ACTION	Pricing	58	price	1395147600601	1395147600602	1395147604281	1395147604281	OK	 
ACTION	Pricing	82	price	1395147600634	1395147600634	1395147604321	1395147604321	OK	 
ACTION	Pricing	21	price	1395147600670	1395147600671	1395147604359	1395147604359	OK	 
ACTION	Pricing	13	price	1395147600705	1395147600706	1395147604400	1395147604400	OK	 
ACTION	Pricing	47	price	1395147600738	1395147600738	1395147604437	1395147604437	OK	 
ACTION	Pricing	14	price	1395147600770	1395147600771	1395147604474	1395147604475	OK	 
ACTION	Pricing	28	price	1395147600802	1395147600803	1395147604513	1395147604513	OK	 
ACTION	Pricing	19	price	1395147600838	1395147600839	1395147604553	1395147604553	OK	 
ACTION	Pricing	23	price	1395147600872	1395147600877	1395147604592	1395147604593	OK	 
ACTION	Pricing	74	price	1395147600905	1395147600905	1395147604631	1395147604632	OK	 
ACTION	Pricing	80	price	1395147600937	1395147600938	1395147604669	1395147604669	OK	 
ACTION	Pricing	76	price	1395147600971	1395147600972	1395147604704	1395147604704	OK	 
ACTION	Pricing	51	price	1395147601006	1395147601006	1395147604742	1395147604742	OK	 
ACTION	Pricing	8	price	1395147601049	1395147601050	1395147604781	1395147604781	OK	 
ACTION	Pricing	35	price	1395147601086	1395147601086	1395147604817	1395147604817	OK	 
ACTION	Pricing	95	price	1395147601113	1395147601114	1395147604853	1395147604853	OK	 
ACTION	Pricing	54	price	1395147601146	1395147601146	1395147604892	1395147604893	OK	 
ACTION	Pricing	73	price	1395147601180	1395147601181	1395147604930	1395147604930	OK	 
ACTION	Pricing	60	price	1395147601212	1395147601213	1395147604966	1395147604966	OK	 
ACTION	Pricing	89	price	1395147601248	1395147601249	1395147605009	1395147605009	OK	 
ACTION	Pricing	39	price	1395147601282	1395147601283	1395147605043	1395147605043	OK	 
ACTION	Pricing	22	price	1395147601317	1395147601317	1395147605083	1395147605084	OK	 
ACTION	Pricing	78	price	1395147601356	1395147601364	1395147605125	1395147605125	OK	 
ACTION	Pricing	64	price	1395147601391	1395147601392	1395147605165	1395147605165	OK	 
ACTION	Pricing	84	price	1395147601429	1395147601430	1395147605210	1395147605211	OK	 
ACTION	Pricing	43	price	1395147601464	1395147601464	1395147605246	1395147605247	OK	 
ACTION	Pricing	36	price	1395147601500	1395147601500	1395147605285	1395147605285	OK	 
ACTION	Pricing	81	price	1395147601534	1395147601535	1395147605325	1395147605326	OK	 
ACTION	Pricing	10	price	1395147601577	1395147601578	1395147605366	1395147605366	OK	 
ACTION	Pricing	97	price	1395147601608	1395147601609	1395147605409	1395147605409	OK	 
ACTION	Pricing	3	price	1395147601641	1395147601641	1395147605449	1395147605450	OK	 
ACTION	Pricing	33	price	1395147601675	1395147601676	1395147605492	1395147605493	OK	 
ACTION	Pricing	65	price	1395147601710	1395147601711	1395147605534	1395147605534	OK	 
ACTION	Pricing	59	price	1395147601745	1395147601746	1395147605572	1395147605572	OK	 
ACTION	Pricing	6	price	1395147601788	1395147601789	1395147605613	1395147605613	OK	 
ACTION	Pricing	12	price	1395147601815	1395147601815	1395147605648	1395147605649	OK	 
ACTION	Pricing	7	price	1395147601849	1395147601850	1395147605689	1395147605690	OK	 
ACTION	Pricing	91	price	1395147601885	1395147601885	1395147605729	1395147605730	OK	 
ACTION	Pricing	5	price	1395147601939	1395147601940	1395147605764	1395147605764	OK	 
ACTION	Pricing	32	price	1395147601982	1395147601982	1395147605800	1395147605800	OK	 
ACTION	Pricing	40	price	1395147602028	1395147602029	1395147605863	1395147605864	OK	 
ACTION	Pricing	45	price	1395147602072	1395147602073	1395147605895	1395147605895	OK	 
ACTION	Pricing	67	price	1395147602111	1395147602112	1395147605930	1395147605930	OK	 
ACTION	Pricing	63	price	1395147602144	1395147602144	1395147605968	1395147605968	OK	 
ACTION	Pricing	46	price	1395147602180	1395147602180	1395147606000	1395147606001	OK	 
ACTION	Pricing	79	price	1395147602212	1395147602212	1395147606033	1395147606033	OK	 
ACTION	Pricing	24	price	1395147602246	1395147602247	1395147606068	1395147606068	OK	 
ACTION	Pricing	96	price	1395147602281	1395147602281	1395147606104	1395147606104	OK	 
ACTION	Pricing	55	price	1395147602316	1395147602317	1395147606137	1395147606137	OK	 
ACTION	Pricing	25	price	1395147602355	1395147602356	1395147606170	1395147606170	OK	 
ACTION	Pricing	16	price	1395147602389	1395147602390	1395147606213	1395147606213	OK	 
ACTION	Pricing	52	price	1395147602422	1395147602423	1395147606249	1395147606249	OK	 
ACTION	Pricing	61	price	1395147602464	1395147602464	1395147606285	1395147606286	OK	 
ACTION	Pricing	26	price	1395147602498	1395147602499	1395147606320	1395147606320	OK	 
ACTION	Pricing	18	price	1395147602544	1395147602545	1395147606355	1395147606356	OK	 
ACTION	Pricing	17	price	1395147602577	1395147602578	1395147606395	1395147606395	OK	 
ACTION	Pricing	71	price	1395147602612	1395147602613	1395147606433	1395147606434	OK	 
ACTION	Pricing	15	price	1395147602647	1395147602647	1395147606470	1395147606470	OK	 
ACTION	Pricing	88	price	1395147602683	1395147602683	1395147606507	1395147606507	OK	 
ACTION	Pricing	100	price	1395147602719	1395147602719	1395147606545	1395147606546	OK	 
ACTION	Pricing	98	price	1395147602751	1395147602752	1395147606584	1395147606584	OK	 
ACTION	Pricing	31	price	1395147602798	1395147602799	1395147606619	1395147606619	OK	 
ACTION	Pricing	27	price	1395147602834	1395147602834	1395147606655	1395147606655	OK	 
ACTION	Pricing	53	price	1395147602869	1395147602870	1395147606696	1395147606696	OK	 
ACTION	Pricing	87	price	1395147602907	1395147602908	1395147606733	1395147606733	OK	 
ACTION	Pricing	29	price	1395147602990	1395147602990	1395147606770	1395147606771	OK	 
ACTION	Pricing	49	price	1395147603028	1395147603028	1395147606807	1395147606807	OK	 
ACTION	Pricing	37	price	1395147603072	1395147603073	1395147606844	1395147606845	OK	 
ACTION	Pricing	34	price	1395147603105	1395147603106	1395147606885	1395147606886	OK	 
ACTION	Pricing	48	price	1395147603147	1395147603148	1395147606926	1395147606926	OK	 
ACTION	Pricing	68	price	1395147603188	1395147603189	1395147606962	1395147606963	OK	 
ACTION	Pricing	56	price	1395147603226	1395147603226	1395147606997	1395147606998	OK	 
ACTION	Pricing	9	price	1395147603265	1395147603266	1395147607037	1395147607037	OK	 
ACTION	Pricing	42	price	1395147603303	1395147603304	1395147607072	1395147607072	OK	 
ACTION	Pricing	85	price	1395147603338	1395147603339	1395147607115	1395147607116	OK	 
ACTION	Pricing	41	price	1395147603372	1395147603373	1395147607157	1395147607157	OK	 
ACTION	Pricing	4	price	1395147603406	1395147603406	1395147607194	1395147607194	OK	 
ACTION	Pricing	2	price	1395147603439	1395147603440	1395147607233	1395147607234	OK	 
ACTION	Pricing	70	price	1395147603475	1395147603476	1395147607271	1395147607272	OK	 
ACTION	Pricing	83	price	1395147603509	1395147603510	1395147607308	1395147607308	OK	 
ACTION	Pricing	93	price	1395147603542	1395147603543	1395147607344	1395147607344	OK	 
ACTION	Pricing	1	price	1395147603579	1395147603581	1395147607383	1395147607383	OK	 
ACTION	Pricing	57	price	1395147603613	1395147603614	1395147607418	1395147607419	OK	 
ACTION	Pricing	94	price	1395147603648	1395147603649	1395147607454	1395147607455	OK	 
ACTION	Pricing	92	price	1395147603684	1395147603685	1395147607492	1395147607492	OK	 
ACTION	Pricing	44	price	1395147603718	1395147603719	1395147607530	1395147607530	OK	 
ACTION	Pricing	90	price	1395147603759	1395147603759	1395147607568	1395147607569	OK	 
ACTION	Pricing	38	price	1395147603796	1395147603797	1395147607605	1395147607605	OK	 
ACTION	Pricing	77	price	1395147603832	1395147603833	1395147607644	1395147607645	OK	 
ACTION	Pricing	75	price	1395147603867	1395147603868	1395147607697	1395147607697	OK	 
ACTION	Pricing	30	price	1395147603903	1395147603903	1395147607729	1395147607729	OK	 
ACTION	Pricing	11	price	1395147603941	1395147603942	1395147607761	1395147607761	OK	 
ACTION	Pricing	62	price	1395147603974	1395147603975	1395147607822	1395147607823	OK	 
ACTION	Pricing	66	price	1395147604010	1395147604010	1395147607857	1395147607858	OK	 
ACTION	Pricing	69	price	1395147604049	1395147604050	1395147607898	1395147607898	OK	 
ACTION	Pricing	50	price	1395147604084	1395147604086	1395147607931	1395147607931	OK	 
ACTION	Pricing	72	price	1395147604123	1395147604124	1395147607968	1395147607968	OK	 
ACTION	Pricing	86	price	1395147604162	1395147604163	1395147608003	1395147608004	OK	 
ACTION	Pricing	20	price	1395147604198	1395147604201	1395147608036	1395147608036	OK	 
ACTION	Pricing	99	price	1395147604246	1395147604247	1395147608073	1395147608074	OK	 
ACTION	Pricing	58	price	1395147604283	1395147604284	1395147608110	1395147608111	OK	 
ACTION	Pricing	82	price	1395147604323	1395147604323	1395147608145	1395147608145	OK	 
ACTION	Pricing	21	price	1395147604362	1395147604362	1395147608177	1395147608177	OK	 
ACTION	Pricing	13	price	1395147604402	1395147604402	1395147608207	1395147608208	OK	 
ACTION	Pricing	47	price	1395147604439	1395147604440	1395147608242	1395147608243	OK	 
ACTION	Pricing	14	price	1395147604476	1395147604477	1395147608277	1395147608277	OK	 
ACTION	Pricing	28	price	1395147604515	1395147604516	1395147608312	1395147608312	OK	 
ACTION	Pricing	19	price	1395147604555	1395147604556	1395147608346	1395147608346	OK	 
ACTION	Pricing	23	price	1395147604594	1395147604595	1395147608380	1395147608380	OK	 
ACTION	Pricing	74	price	1395147604633	1395147604634	1395147608415	1395147608415	OK	 
ACTION	Pricing	80	price	1395147604671	1395147604672	1395147608448	1395147608449	OK	 
ACTION	Pricing	76	price	1395147604706	1395147604707	1395147608489	1395147608490	OK	 
ACTION	Pricing	51	price	1395147604745	1395147604745	1395147608517	1395147608517	OK	 
ACTION	Pricing	8	price	1395147604784	1395147604784	1395147608552	1395147608552	OK	 
ACTION	Pricing	35	price	1395147604819	1395147604821	1395147608584	1395147608585	OK	 
ACTION	Pricing	95	price	1395147604855	1395147604856	1395147608620	1395147608621	OK	 
ACTION	Pricing	54	price	1395147604895	1395147604895	1395147608654	1395147608654	OK	 
ACTION	Pricing	73	price	1395147604932	1395147604932	1395147608687	1395147608687	OK	 
ACTION	Pricing	60	price	1395147604969	1395147604970	1395147608720	1395147608721	OK	 
ACTION	Pricing	89	price	1395147605011	1395147605011	1395147608753	1395147608753	OK	 
ACTION	Pricing	39	price	1395147605045	1395147605046	1395147608785	1395147608785	OK	 
ACTION	Pricing	22	price	1395147605086	1395147605087	1395147608822	1395147608822	OK	 
ACTION	Pricing	78	price	1395147605127	1395147605128	1395147608852	1395147608853	OK	 
ACTION	Pricing	64	price	1395147605167	1395147605168	1395147608885	1395147608885	OK	 
ACTION	Pricing	84	price	1395147605213	1395147605214	1395147608918	1395147608918	OK	 
ACTION	Pricing	43	price	1395147605249	1395147605249	1395147608952	1395147608953	OK	 
ACTION	Pricing	36	price	1395147605287	1395147605287	1395147608985	1395147608985	OK	 
ACTION	Pricing	81	price	1395147605329	1395147605329	1395147609018	1395147609018	OK	 
ACTION	Pricing	10	price	1395147605369	1395147605369	1395147609052	1395147609053	OK	 
ACTION	Pricing	97	price	1395147605411	1395147605411	1395147609086	1395147609086	OK	 
ACTION	Pricing	3	price	1395147605452	1395147605452	1395147609119	1395147609120	OK	 
ACTION	Pricing	33	price	1395147605495	1395147605495	1395147609152	1395147609152	OK	 
ACTION	Pricing	65	price	1395147605537	1395147605538	1395147609183	1395147609183	OK	 
ACTION	Pricing	59	price	1395147605574	1395147605574	1395147609216	1395147609217	OK	 
ACTION	Pricing	6	price	1395147605615	1395147605616	1395147609250	1395147609250	OK	 
ACTION	Pricing	12	price	1395147605651	1395147605651	1395147609281	1395147609281	OK	 
ACTION	Pricing	7	price	1395147605691	1395147605692	1395147609317	1395147609317	OK	 
ACTION	Pricing	91	price	1395147605733	1395147605733	1395147609352	1395147609353	OK	 
ACTION	Pricing	5	price	1395147605766	1395147605766	1395147609387	1395147609387	OK	 
ACTION	Pricing	32	price	1395147605802	1395147605803	1395147609419	1395147609419	OK	 
ACTION	Pricing	40	price	1395147605866	1395147605866	1395147609452	1395147609453	OK	 
ACTION	Pricing	45	price	1395147605897	1395147605898	1395147609494	1395147609494	OK	 
ACTION	Pricing	67	price	1395147605931	1395147605933	1395147609519	1395147609519	OK	 
ACTION	Pricing	63	price	1395147605970	1395147605971	1395147609551	1395147609551	OK	 
ACTION	Pricing	46	price	1395147606002	1395147606003	1395147609585	1395147609585	OK	 
ACTION	Pricing	79	price	1395147606035	1395147606035	1395147609617	1395147609617	OK	 
ACTION	Pricing	24	price	1395147606070	1395147606070	1395147609650	1395147609650	OK	 
ACTION	Pricing	96	price	1395147606106	1395147606106	1395147609690	1395147609691	OK	 
ACTION	Pricing	55	price	1395147606139	1395147606140	1395147609733	1395147609733	OK	 
ACTION	Pricing	25	price	1395147606172	1395147606173	1395147609767	1395147609768	OK	 
ACTION	Pricing	16	price	1395147606215	1395147606215	1395147609803	1395147609803	OK	 
ACTION	Pricing	52	price	1395147606251	1395147606251	1395147609840	1395147609840	OK	 
ACTION	Pricing	61	price	1395147606287	1395147606287	1395147609880	1395147609881	OK	 
ACTION	Pricing	26	price	1395147606321	1395147606322	1395147609915	1395147609915	OK	 
ACTION	Pricing	18	price	1395147606358	1395147606359	1395147609950	1395147609950	OK	 
ACTION	Pricing	17	price	1395147606397	1395147606398	1395147609987	1395147609987	OK	 
ACTION	Pricing	71	price	1395147606436	1395147606436	1395147610023	1395147610023	OK	 
ACTION	Pricing	15	price	1395147606472	1395147606473	1395147610060	1395147610061	OK	 
ACTION	Pricing	88	price	1395147606509	1395147606509	1395147610100	1395147610100	OK	 
ACTION	Pricing	100	price	1395147606548	1395147606548	1395147610136	1395147610136	OK	 
ACTION	Pricing	98	price	1395147606586	1395147606586	1395147610172	1395147610172	OK	 
ACTION	Pricing	31	price	1395147606621	1395147606621	1395147610208	1395147610209	OK	 
ACTION	Pricing	27	price	1395147606657	1395147606657	1395147610250	1395147610250	OK	 
ACTION	Pricing	53	price	1395147606699	1395147606699	1395147610285	1395147610285	OK	 
ACTION	Pricing	87	price	1395147606735	1395147606736	1395147610324	1395147610324	OK	 
ACTION	Pricing	29	price	1395147606773	1395147606773	1395147610360	1395147610360	OK	 
ACTION	Pricing	49	price	1395147606809	1395147606810	1395147610396	1395147610396	OK	 
ACTION	Pricing	37	price	1395147606847	1395147606848	1395147610431	1395147610431	OK	 
ACTION	Pricing	34	price	1395147606888	1395147606889	1395147610466	1395147610466	OK	 
ACTION	Pricing	48	price	1395147606928	1395147606928	1395147610501	1395147610501	OK	 
ACTION	Pricing	68	price	1395147606965	1395147606965	1395147610538	1395147610539	OK	 
ACTION	Pricing	56	price	1395147606999	1395147607000	1395147610574	1395147610575	OK	 
ACTION	Pricing	9	price	1395147607039	1395147607039	1395147610609	1395147610609	OK	 
ACTION	Pricing	42	price	1395147607075	1395147607075	1395147610645	1395147610645	OK	 
ACTION	Pricing	85	price	1395147607118	1395147607118	1395147610683	1395147610684	OK	 
ACTION	Pricing	41	price	1395147607159	1395147607160	1395147610722	1395147610723	OK	 
ACTION	Pricing	4	price	1395147607197	1395147607197	1395147610764	1395147610764	OK	 
ACTION	Pricing	2	price	1395147607236	1395147607236	1395147610799	1395147610799	OK	 
ACTION	Pricing	70	price	1395147607274	1395147607274	1395147610836	1395147610837	OK	 
ACTION	Pricing	83	price	1395147607310	1395147607310	1395147610879	1395147610880	OK	 
ACTION	Pricing	93	price	1395147607345	1395147607346	1395147610912	1395147610912	OK	 
ACTION	Pricing	1	price	1395147607385	1395147607385	1395147610947	1395147610947	OK	 
ACTION	Pricing	57	price	1395147607420	1395147607421	1395147610983	1395147610983	OK	 
ACTION	Pricing	94	price	1395147607456	1395147607457	1395147611017	1395147611017	OK	 
ACTION	Pricing	92	price	1395147607494	1395147607494	1395147611051	1395147611051	OK	 
ACTION	Pricing	44	price	1395147607532	1395147607533	1395147611095	1395147611095	OK	 
ACTION	Pricing	90	price	1395147607571	1395147607572	1395147611132	1395147611133	OK	 
ACTION	Pricing	38	price	1395147607607	1395147607608	1395147611166	1395147611166	OK	 
ACTION	Pricing	77	price	1395147607647	1395147607647	1395147611205	1395147611206	OK	 
ACTION	Pricing	75	price	1395147607699	1395147607699	1395147611249	1395147611249	OK	 
ACTION	Pricing	30	price	1395147607731	1395147607731	1395147611286	1395147611287	OK	 
ACTION	Pricing	11	price	1395147607763	1395147607764	1395147611332	1395147611332	OK	 
ACTION	Pricing	62	price	1395147607825	1395147607825	1395147611367	1395147611367	OK	 
ACTION	Pricing	66	price	1395147607861	1395147607861	1395147611404	1395147611405	OK	 
ACTION	Pricing	69	price	1395147607900	1395147607901	1395147611448	1395147611448	OK	 
ACTION	Pricing	50	price	1395147607933	1395147607933	1395147611488	1395147611488	OK	 
ACTION	Pricing	72	price	1395147607970	1395147607971	1395147611536	1395147611536	OK	 
ACTION	Pricing	86	price	1395147608005	1395147608006	1395147611576	1395147611576	OK	 
ACTION	Pricing	20	price	1395147608038	1395147608038	1395147611621	1395147611621	OK	 
ACTION	Pricing	99	price	1395147608075	1395147608076	1395147611657	1395147611657	OK	 
ACTION	Pricing	58	price	1395147608112	1395147608113	1395147611694	1395147611694	OK	 
ACTION	Pricing	82	price	1395147608148	1395147608148	1395147611732	1395147611732	OK	 
ACTION	Pricing	21	price	1395147608179	1395147608179	1395147611782	1395147611782	OK	 
ACTION	Pricing	13	price	1395147608209	1395147608210	1395147611824	1395147611824	OK	 
ACTION	Pricing	47	price	1395147608244	1395147608245	1395147611863	1395147611864	OK	 
ACTION	Pricing	14	price	1395147608279	1395147608279	1395147611898	1395147611898	OK	 
ACTION	Pricing	28	price	1395147608314	1395147608315	1395147611940	1395147611941	OK	 
ACTION	Pricing	19	price	1395147608348	1395147608348	1395147611992	1395147611993	OK	 
ACTION	Pricing	23	price	1395147608382	1395147608383	1395147612025	1395147612025	OK	 
ACTION	Pricing	74	price	1395147608417	1395147608417	1395147612063	1395147612064	OK	 
ACTION	Pricing	80	price	1395147608450	1395147608451	1395147612096	1395147612097	OK	 
ACTION	Pricing	76	price	1395147608491	1395147608492	1395147612129	1395147612130	OK	 
ACTION	Pricing	51	price	1395147608519	1395147608520	1395147612168	1395147612168	OK	 
ACTION	Pricing	8	price	1395147608554	1395147608555	1395147612201	1395147612202	OK	 
ACTION	Pricing	35	price	1395147608587	1395147608587	1395147612235	1395147612236	OK	 
ACTION	Pricing	95	price	1395147608622	1395147608623	1395147612271	1395147612271	OK	 
ACTION	Pricing	54	price	1395147608656	1395147608657	1395147612304	1395147612304	OK	 
ACTION	Pricing	73	price	1395147608689	1395147608689	1395147612337	1395147612337	OK	 
ACTION	Pricing	60	price	1395147608723	1395147608723	1395147612377	1395147612377	OK	 
ACTION	Pricing	89	price	1395147608755	1395147608755	1395147612410	1395147612410	OK	 
ACTION	Pricing	39	price	1395147608787	1395147608788	1395147612442	1395147612443	OK	 
ACTION	Pricing	22	price	1395147608823	1395147608824	1395147612480	1395147612480	OK	 
ACTION	Pricing	78	price	1395147608854	1395147608855	1395147612512	1395147612512	OK	 
ACTION	Pricing	64	price	1395147608888	1395147608888	1395147612547	1395147612547	OK	 
ACTION	Pricing	84	price	1395147608920	1395147608920	1395147612589	1395147612589	OK	 
ACTION	Pricing	43	price	1395147608954	1395147608955	1395147612626	1395147612626	OK	 
ACTION	Pricing	36	price	1395147608987	1395147608987	1395147612659	1395147612660	OK	 
ACTION	Pricing	81	price	1395147609020	1395147609020	1395147612694	1395147612694	OK	 
ACTION	Pricing	10	price	1395147609054	1395147609055	1395147612730	1395147612730	OK	 
ACTION	Pricing	97	price	1395147609087	1395147609088	1395147612766	1395147612767	OK	 
ACTION	Pricing	3	price	1395147609121	1395147609122	1395147612806	1395147612807	OK	 
ACTION	Pricing	33	price	1395147609154	1395147609154	1395147612841	1395147612841	OK	 
ACTION	Pricing	65	price	1395147609184	1395147609185	1395147612875	1395147612876	OK	 
ACTION	Pricing	59	price	1395147609218	1395147609219	1395147612928	1395147612928	OK	 
ACTION	Pricing	6	price	1395147609252	1395147609252	1395147612973	1395147612974	OK	 
ACTION	Pricing	12	price	1395147609283	1395147609283	1395147613017	1395147613018	OK	 
ACTION	Pricing	7	price	1395147609319	1395147609320	1395147613057	1395147613058	OK	 
ACTION	Pricing	91	price	1395147609354	1395147609355	1395147613118	1395147613118	OK	 
ACTION	Pricing	5	price	1395147609388	1395147609389	1395147613157	1395147613158	OK	 
ACTION	Pricing	32	price	1395147609421	1395147609422	1395147613200	1395147613201	OK	 
ACTION	Pricing	40	price	1395147609455	1395147609455	1395147613245	1395147613246	OK	 
ACTION	Pricing	45	price	1395147609496	1395147609497	1395147613286	1395147613287	OK	 
ACTION	Pricing	67	price	1395147609521	1395147609521	1395147613327	1395147613327	OK	 
ACTION	Pricing	63	price	1395147609553	1395147609554	1395147613366	1395147613367	OK	 
ACTION	Pricing	46	price	1395147609586	1395147609587	1395147613404	1395147613405	OK	 
ACTION	Pricing	79	price	1395147609619	1395147609619	1395147613448	1395147613449	OK	 
ACTION	Pricing	24	price	1395147609652	1395147609653	1395147613483	1395147613483	OK	 
ACTION	Pricing	96	price	1395147609693	1395147609693	1395147613519	1395147613519	OK	 
ACTION	Pricing	55	price	1395147609735	1395147609735	1395147613566	1395147613566	OK	 
ACTION	Pricing	25	price	1395147609769	1395147609770	1395147613600	1395147613600	OK	 
ACTION	Pricing	16	price	1395147609805	1395147609806	1395147613634	1395147613634	OK	 
ACTION	Pricing	52	price	1395147609842	1395147609842	1395147613672	1395147613672	OK	 
ACTION	Pricing	61	price	1395147609882	1395147609882	1395147613707	1395147613708	OK	 
ACTION	Pricing	26	price	1395147609917	1395147609917	1395147613739	1395147613739	OK	 
ACTION	Pricing	18	price	1395147609952	1395147609952	1395147613773	1395147613774	OK	 
ACTION	Pricing	17	price	1395147609989	1395147609990	1395147613808	1395147613808	OK	 
ACTION	Pricing	71	price	1395147610025	1395147610025	1395147613844	1395147613845	OK	 
ACTION	Pricing	15	price	1395147610062	1395147610063	1395147613913	1395147613913	OK	 
ACTION	Pricing	88	price	1395147610102	1395147610102	1395147613936	1395147613937	OK	 
ACTION	Pricing	100	price	1395147610138	1395147610138	1395147613969	1395147613970	OK	 
ACTION	Pricing	98	price	1395147610174	1395147610174	1395147614009	1395147614009	OK	 
ACTION	Pricing	31	price	1395147610210	1395147610211	1395147614046	1395147614046	OK	 
ACTION	Pricing	27	price	1395147610252	1395147610252	1395147614088	1395147614089	OK	 
ACTION	Pricing	53	price	1395147610287	1395147610287	1395147614131	1395147614131	OK	 
ACTION	Pricing	87	price	1395147610326	1395147610326	1395147614171	1395147614171	OK	 
ACTION	Pricing	29	price	1395147610361	1395147610362	1395147614212	1395147614213	OK	 
ACTION	Pricing	49	price	1395147610398	1395147610398	1395147614253	1395147614253	OK	 
ACTION	Pricing	37	price	1395147610433	1395147610433	1395147614292	1395147614293	OK	 
ACTION	Pricing	34	price	1395147610468	1395147610469	1395147614332	1395147614332	OK	 
ACTION	Pricing	48	price	1395147610503	1395147610503	1395147614369	1395147614370	OK	 
ACTION	Pricing	68	price	1395147610540	1395147610541	1395147614407	1395147614408	OK	 
ACTION	Pricing	56	price	1395147610577	1395147610577	1395147614443	1395147614443	OK	 
ACTION	Pricing	9	price	1395147610611	1395147610611	1395147614478	1395147614478	OK	 
ACTION	Pricing	42	price	1395147610647	1395147610647	1395147614530	1395147614531	OK	 
ACTION	Pricing	85	price	1395147610686	1395147610686	1395147614568	1395147614569	OK	 
ACTION	Pricing	41	price	1395147610724	1395147610725	1395147614609	1395147614610	OK	 
ACTION	Pricing	4	price	1395147610765	1395147610766	1395147614642	1395147614643	OK	 
ACTION	Pricing	2	price	1395147610801	1395147610802	1395147614679	1395147614680	OK	 
ACTION	Pricing	70	price	1395147610839	1395147610839	1395147614743	1395147614744	OK	 
ACTION	Pricing	83	price	1395147610881	1395147610882	1395147614792	1395147614793	OK	 
ACTION	Pricing	93	price	1395147610913	1395147610914	1395147614829	1395147614830	OK	 
ACTION	Pricing	1	price	1395147610949	1395147610950	1395147614873	1395147614874	OK	 
ACTION	Pricing	57	price	1395147610985	1395147610986	1395147614917	1395147614917	OK	 
ACTION	Pricing	94	price	1395147611019	1395147611020	1395147614951	1395147614951	OK	 
ACTION	Pricing	92	price	1395147611053	1395147611054	1395147614987	1395147614987	OK	 
ACTION	Pricing	44	price	1395147611097	1395147611098	1395147615021	1395147615021	OK	 
ACTION	Pricing	90	price	1395147611135	1395147611135	1395147615056	1395147615056	OK	 
ACTION	Pricing	38	price	1395147611167	1395147611168	1395147615088	1395147615089	OK	 
ACTION	Pricing	77	price	1395147611208	1395147611208	1395147615129	1395147615129	OK	 
ACTION	Pricing	75	price	1395147611251	1395147611251	1395147615164	1395147615165	OK	 
ACTION	Pricing	30	price	1395147611289	1395147611289	1395147615198	1395147615198	OK	 
ACTION	Pricing	11	price	1395147611334	1395147611335	1395147615233	1395147615234	OK	 
ACTION	Pricing	62	price	1395147611371	1395147611371	1395147615269	1395147615269	OK	 
ACTION	Pricing	66	price	1395147611406	1395147611407	1395147615314	1395147615314	OK	 
ACTION	Pricing	69	price	1395147611450	1395147611450	1395147615349	1395147615349	OK	 
ACTION	Pricing	50	price	1395147611490	1395147611491	1395147615384	1395147615385	OK	 
ACTION	Pricing	72	price	1395147611538	1395147611539	1395147615421	1395147615422	OK	 
ACTION	Pricing	86	price	1395147611578	1395147611578	1395147615455	1395147615455	OK	 
ACTION	Pricing	20	price	1395147611623	1395147611623	1395147615487	1395147615488	OK	 
ACTION	Pricing	99	price	1395147611659	1395147611659	1395147615533	1395147615534	OK	 
ACTION	Pricing	58	price	1395147611696	1395147611696	1395147615569	1395147615569	OK	 
ACTION	Pricing	82	price	1395147611734	1395147611734	1395147615634	1395147615634	OK	 
ACTION	Pricing	21	price	1395147611784	1395147611784	1395147615680	1395147615681	OK	 
ACTION	Pricing	13	price	1395147611826	1395147611826	1395147615724	1395147615724	OK	 
ACTION	Pricing	47	price	1395147611866	1395147611866	1395147615763	1395147615763	OK	 
ACTION	Pricing	14	price	1395147611901	1395147611901	1395147615803	1395147615803	OK	 
ACTION	Pricing	28	price	1395147611942	1395147611943	1395147615848	1395147615849	OK	 
ACTION	Pricing	19	price	1395147611994	1395147611995	1395147615899	1395147615900	OK	 
ACTION	Pricing	23	price	1395147612027	1395147612027	1395147615945	1395147615945	OK	 
ACTION	Pricing	74	price	1395147612065	1395147612066	1395147615988	1395147615989	OK	 
ACTION	Pricing	80	price	1395147612098	1395147612099	1395147616033	1395147616033	OK	 
ACTION	Pricing	76	price	1395147612131	1395147612132	1395147616071	1395147616071	OK	 
ACTION	Pricing	51	price	1395147612170	1395147612170	1395147616112	1395147616112	OK	 
ACTION	Pricing	8	price	1395147612203	1395147612204	1395147616150	1395147616151	OK	 
ACTION	Pricing	35	price	1395147612237	1395147612237	1395147616192	1395147616192	OK	 
ACTION	Pricing	95	price	1395147612273	1395147612273	1395147616235	1395147616236	OK	 
ACTION	Pricing	54	price	1395147612306	1395147612306	1395147616277	1395147616278	OK	 
ACTION	Pricing	73	price	1395147612339	1395147612339	1395147616316	1395147616316	OK	 
ACTION	Pricing	60	price	1395147612380	1395147612380	1395147616351	1395147616351	OK	 
ACTION	Pricing	89	price	1395147612412	1395147612412	1395147616407	1395147616407	OK	 
ACTION	Pricing	39	price	1395147612445	1395147612445	1395147616449	1395147616449	OK	 
ACTION	Pricing	22	price	1395147612481	1395147612482	1395147616486	1395147616486	OK	 
ACTION	Pricing	78	price	1395147612514	1395147612514	1395147616525	1395147616525	OK	 
ACTION	Pricing	64	price	1395147612549	1395147612549	1395147616566	1395147616567	OK	 
ACTION	Pricing	84	price	1395147612591	1395147612591	1395147616604	1395147616604	OK	 
ACTION	Pricing	43	price	1395147612627	1395147612628	1395147616659	1395147616659	OK	 
ACTION	Pricing	36	price	1395147612661	1395147612662	1395147616703	1395147616703	OK	 
ACTION	Pricing	81	price	1395147612696	1395147612696	1395147616742	1395147616743	OK	 
ACTION	Pricing	10	price	1395147612732	1395147612732	1395147616779	1395147616780	OK	 
ACTION	Pricing	97	price	1395147612769	1395147612770	1395147616824	1395147616825	OK	 
ACTION	Pricing	3	price	1395147612809	1395147612809	1395147616860	1395147616861	OK	 
ACTION	Pricing	33	price	1395147612842	1395147612843	1395147616897	1395147616897	OK	 
ACTION	Pricing	65	price	1395147612878	1395147612878	1395147616936	1395147616936	OK	 
ACTION	Pricing	59	price	1395147612930	1395147612930	1395147616978	1395147616979	OK	 
ACTION	Pricing	6	price	1395147612976	1395147612977	1395147617025	1395147617025	OK	 
ACTION	Pricing	12	price	1395147613019	1395147613020	1395147617061	1395147617062	OK	 
ACTION	Pricing	7	price	1395147613059	1395147613060	1395147617101	1395147617101	OK	 
ACTION	Pricing	91	price	1395147613120	1395147613121	1395147617143	1395147617143	OK	 
ACTION	Pricing	5	price	1395147613159	1395147613160	1395147617179	1395147617179	OK	 
ACTION	Pricing	32	price	1395147613202	1395147613203	1395147617223	1395147617223	OK	 
ACTION	Pricing	40	price	1395147613247	1395147613248	1395147617263	1395147617264	OK	 
ACTION	Pricing	45	price	1395147613289	1395147613289	1395147617308	1395147617308	OK	 
ACTION	Pricing	67	price	1395147613329	1395147613329	1395147617353	1395147617353	OK	 
ACTION	Pricing	63	price	1395147613368	1395147613369	1395147617392	1395147617392	OK	 
ACTION	Pricing	46	price	1395147613407	1395147613407	1395147617431	1395147617432	OK	 
ACTION	Pricing	79	price	1395147613450	1395147613451	1395147617471	1395147617471	OK	 
ACTION	Pricing	24	price	1395147613485	1395147613485	1395147617511	1395147617512	OK	 
ACTION	Pricing	96	price	1395147613521	1395147613522	1395147617552	1395147617552	OK	 
ACTION	Pricing	55	price	1395147613568	1395147613568	1395147617592	1395147617593	OK	 
ACTION	Pricing	25	price	1395147613601	1395147613602	1395147617628	1395147617628	OK	 
ACTION	Pricing	16	price	1395147613635	1395147613636	1395147617668	1395147617669	OK	 
ACTION	Pricing	52	price	1395147613673	1395147613674	1395147617707	1395147617707	OK	 
ACTION	Pricing	61	price	1395147613709	1395147613710	1395147617744	1395147617744	OK	 
ACTION	Pricing	26	price	1395147613740	1395147613741	1395147617784	1395147617784	OK	 
ACTION	Pricing	18	price	1395147613775	1395147613776	1395147617822	1395147617823	OK	 
ACTION	Pricing	17	price	1395147613810	1395147613812	1395147617863	1395147617863	OK	 
ACTION	Pricing	71	price	1395147613846	1395147613915	1395147617896	1395147617897	OK	 
ACTION	Pricing	15	price	1395147613915	1395147613915	1395147617931	1395147617932	OK	 
ACTION	Pricing	88	price	1395147613939	1395147613940	1395147617968	1395147617968	OK	 
ACTION	Pricing	100	price	1395147613973	1395147613973	1395147618002	1395147618005	OK	 
ACTION	Pricing	98	price	1395147614011	1395147614011	1395147618036	1395147618037	OK	 
ACTION	Pricing	31	price	1395147614048	1395147614049	1395147618071	1395147618072	OK	 
ACTION	Pricing	27	price	1395147614091	1395147614092	1395147618108	1395147618108	OK	 
ACTION	Pricing	53	price	1395147614133	1395147614134	1395147618147	1395147618147	OK	 
ACTION	Pricing	87	price	1395147614173	1395147614173	1395147618186	1395147618186	OK	 
ACTION	Pricing	29	price	1395147614215	1395147614215	1395147618220	1395147618220	OK	 
ACTION	Pricing	49	price	1395147614255	1395147614256	1395147618259	1395147618259	OK	 
ACTION	Pricing	37	price	1395147614294	1395147614295	1395147618300	1395147618301	OK	 
ACTION	Pricing	34	price	1395147614334	1395147614335	1395147618340	1395147618341	OK	 
ACTION	Pricing	48	price	1395147614372	1395147614372	1395147618380	1395147618381	OK	 
ACTION	Pricing	68	price	1395147614411	1395147614411	1395147618422	1395147618423	OK	 
ACTION	Pricing	56	price	1395147614445	1395147614445	1395147618462	1395147618462	OK	 
ACTION	Pricing	9	price	1395147614480	1395147614481	1395147618502	1395147618502	OK	 
ACTION	Pricing	42	price	1395147614533	1395147614534	1395147618541	1395147618541	OK	 
ACTION	Pricing	85	price	1395147614570	1395147614571	1395147618580	1395147618580	OK	 
ACTION	Pricing	41	price	1395147614611	1395147614612	1395147618619	1395147618620	OK	 
ACTION	Pricing	4	price	1395147614645	1395147614645	1395147618660	1395147618660	OK	 
ACTION	Pricing	2	price	1395147614682	1395147614682	1395147618697	1395147618698	OK	 
ACTION	Pricing	70	price	1395147614746	1395147614746	1395147618748	1395147618748	OK	 
ACTION	Pricing	83	price	1395147614795	1395147614795	1395147618790	1395147618790	OK	 
ACTION	Pricing	93	price	1395147614831	1395147614832	1395147618838	1395147618839	OK	 
ACTION	Pricing	1	price	1395147614875	1395147614876	1395147618876	1395147618877	OK	 
ACTION	Pricing	57	price	1395147614918	1395147614919	1395147618917	1395147618917	OK	 
ACTION	Pricing	94	price	1395147614952	1395147614953	1395147618954	1395147618954	OK	 
ACTION	Pricing	92	price	1395147614989	1395147614990	1395147618990	1395147618990	OK	 
ACTION	Pricing	44	price	1395147615023	1395147615024	1395147619030	1395147619030	OK	 
ACTION	Pricing	90	price	1395147615058	1395147615059	1395147619069	1395147619069	OK	 
ACTION	Pricing	38	price	1395147615091	1395147615091	1395147619106	1395147619107	OK	 
ACTION	Pricing	77	price	1395147615131	1395147615131	1395147619149	1395147619150	OK	 
ACTION	Pricing	75	price	1395147615166	1395147615167	1395147619188	1395147619188	OK	 
ACTION	Pricing	30	price	1395147615201	1395147615201	1395147619230	1395147619230	OK	 
ACTION	Pricing	11	price	1395147615235	1395147615236	1395147619266	1395147619266	OK	 
ACTION	Pricing	62	price	1395147615271	1395147615272	1395147619303	1395147619304	OK	 
ACTION	Pricing	66	price	1395147615316	1395147615316	1395147619351	1395147619351	OK	 
ACTION	Pricing	69	price	1395147615351	1395147615351	1395147619391	1395147619391	OK	 
ACTION	Pricing	50	price	1395147615386	1395147615387	1395147619433	1395147619433	OK	 
ACTION	Pricing	72	price	1395147615423	1395147615423	1395147619476	1395147619476	OK	 
ACTION	Pricing	86	price	1395147615457	1395147615458	1395147619521	1395147619521	OK	 
ACTION	Pricing	20	price	1395147615490	1395147615490	1395147619561	1395147619561	OK	 
ACTION	Pricing	99	price	1395147615535	1395147615536	1395147619600	1395147619600	OK	 
ACTION	Pricing	58	price	1395147615572	1395147615572	1395147619639	1395147619640	OK	 
ACTION	Pricing	82	price	1395147615636	1395147615636	1395147619677	1395147619677	OK	 
ACTION	Pricing	21	price	1395147615683	1395147615683	1395147619710	1395147619710	OK	 
ACTION	Pricing	13	price	1395147615726	1395147615726	1395147619752	1395147619752	OK	 
ACTION	Pricing	47	price	1395147615764	1395147615765	1395147619791	1395147619791	OK	 
ACTION	Pricing	14	price	1395147615805	1395147615805	1395147619831	1395147619831	OK	 
ACTION	Pricing	28	price	1395147615850	1395147615851	1395147619872	1395147619872	OK	 
ACTION	Pricing	19	price	1395147615902	1395147615902	1395147619917	1395147619917	OK	 
ACTION	Pricing	23	price	1395147615947	1395147615947	1395147619957	1395147619957	OK	 
ACTION	Pricing	74	price	1395147615990	1395147615990	1395147619990	1395147619991	OK	 
ACTION	Pricing	80	price	1395147616035	1395147616035	1395147620028	1395147620028	OK	 
ACTION	Pricing	76	price	1395147616073	1395147616073	1395147620062	1395147620063	OK	 
ACTION	Pricing	51	price	1395147616114	1395147616114	1395147620097	1395147620097	OK	 
ACTION	Pricing	8	price	1395147616152	1395147616153	1395147620132	1395147620133	OK	 
ACTION	Pricing	35	price	1395147616194	1395147616194	1395147620168	1395147620169	OK	 
ACTION	Pricing	95	price	1395147616238	1395147616238	1395147620203	1395147620204	OK	 
ACTION	Pricing	54	price	1395147616281	1395147616282	1395147620239	1395147620239	OK	 
ACTION	Pricing	73	price	1395147616318	1395147616318	1395147620272	1395147620272	OK	 
ACTION	Pricing	60	price	1395147616353	1395147616353	1395147620308	1395147620309	OK	 
ACTION	Pricing	89	price	1395147616409	1395147616410	1395147620340	1395147620340	OK	 
ACTION	Pricing	39	price	1395147616451	1395147616452	1395147620374	1395147620374	OK	 
ACTION	Pricing	22	price	1395147616488	1395147616489	1395147620409	1395147620409	OK	 
ACTION	Pricing	78	price	1395147616527	1395147616528	1395147620442	1395147620443	OK	 
ACTION	Pricing	64	price	1395147616568	1395147616569	1395147620479	1395147620479	OK	 
ACTION	Pricing	84	price	1395147616606	1395147616606	1395147620515	1395147620515	OK	 
ACTION	Pricing	43	price	1395147616660	1395147616661	1395147620550	1395147620550	OK	 
ACTION	Pricing	36	price	1395147616705	1395147616706	1395147620583	1395147620584	OK	 
ACTION	Pricing	81	price	1395147616744	1395147616745	1395147620621	1395147620621	OK	 
ACTION	Pricing	10	price	1395147616781	1395147616782	1395147620656	1395147620656	OK	 
ACTION	Pricing	97	price	1395147616826	1395147616827	1395147620693	1395147620693	OK	 
ACTION	Pricing	3	price	1395147616862	1395147616862	1395147620727	1395147620728	OK	 
ACTION	Pricing	33	price	1395147616899	1395147616900	1395147620762	1395147620763	OK	 
ACTION	Pricing	65	price	1395147616938	1395147616939	1395147620797	1395147620797	OK	 
ACTION	Pricing	59	price	1395147616980	1395147616981	1395147620833	1395147620834	OK	 
ACTION	Pricing	6	price	1395147617026	1395147617027	1395147620869	1395147620869	OK	 
ACTION	Pricing	12	price	1395147617063	1395147617063	1395147620906	1395147620906	OK	 
ACTION	Pricing	7	price	1395147617102	1395147617103	1395147620946	1395147620946	OK	 
ACTION	Pricing	91	price	1395147617145	1395147617145	1395147620986	1395147620987	OK	 
ACTION	Pricing	5	price	1395147617181	1395147617181	1395147621020	1395147621020	OK	 
ACTION	Pricing	32	price	1395147617224	1395147617225	1395147621055	1395147621055	OK	 
ACTION	Pricing	40	price	1395147617266	1395147617266	1395147621089	1395147621089	OK	 
ACTION	Pricing	45	price	1395147617309	1395147617310	1395147621132	1395147621133	OK	 
ACTION	Pricing	67	price	1395147617355	1395147617355	1395147621173	1395147621173	OK	 
ACTION	Pricing	63	price	1395147617394	1395147617394	1395147621216	1395147621216	OK	 
ACTION	Pricing	46	price	1395147617433	1395147617433	1395147621257	1395147621257	OK	 
ACTION	Pricing	79	price	1395147617473	1395147617473	1395147621295	1395147621295	OK	 
ACTION	Pricing	24	price	1395147617513	1395147617513	1395147621334	1395147621334	OK	 
ACTION	Pricing	96	price	1395147617554	1395147617555	1395147621374	1395147621375	OK	 
ACTION	Pricing	55	price	1395147617594	1395147617594	1395147621411	1395147621411	OK	 
ACTION	Pricing	25	price	1395147617630	1395147617630	1395147621451	1395147621451	OK	 
ACTION	Pricing	16	price	1395147617670	1395147617671	1395147621491	1395147621491	OK	 
ACTION	Pricing	52	price	1395147617710	1395147617710	1395147621533	1395147621533	OK	 
ACTION	Pricing	61	price	1395147617747	1395147617750	1395147621570	1395147621570	OK	 
ACTION	Pricing	26	price	1395147617786	1395147617787	1395147621604	1395147621604	OK	 
ACTION	Pricing	18	price	1395147617824	1395147617825	1395147621642	1395147621642	OK	 
ACTION	Pricing	17	price	1395147617864	1395147617865	1395147621677	1395147621677	OK	 
ACTION	Pricing	71	price	1395147617898	1395147617899	1395147621711	1395147621711	OK	 
ACTION	Pricing	15	price	1395147617933	1395147617934	1395147621745	1395147621746	OK	 
ACTION	Pricing	88	price	1395147617969	1395147617970	1395147621779	1395147621779	OK	 
ACTION	Pricing	100	price	1395147618007	1395147618008	1395147621813	1395147621813	OK	 
ACTION	Pricing	98	price	1395147618038	1395147618039	1395147621843	1395147621843	OK	 
ACTION	Pricing	31	price	1395147618074	1395147618074	1395147621875	1395147621875	OK	 
ACTION	Pricing	27	price	1395147618110	1395147618110	1395147621908	1395147621909	OK	 
ACTION	Pricing	53	price	1395147618149	1395147618150	1395147621940	1395147621940	OK	 
ACTION	Pricing	87	price	1395147618188	1395147618189	1395147621976	1395147621976	OK	 
ACTION	Pricing	29	price	1395147618222	1395147618222	1395147622011	1395147622012	OK	 
ACTION	Pricing	49	price	1395147618261	1395147618262	1395147622046	1395147622047	OK	 
ACTION	Pricing	37	price	1395147618302	1395147618303	1395147622083	1395147622083	OK	 
ACTION	Pricing	34	price	1395147618343	1395147618343	1395147622118	1395147622118	OK	 
ACTION	Pricing	48	price	1395147618383	1395147618383	1395147622153	1395147622154	OK	 
ACTION	Pricing	68	price	1395147618425	1395147618426	1395147622186	1395147622186	OK	 
ACTION	Pricing	56	price	1395147618464	1395147618464	1395147622223	1395147622223	OK	 
ACTION	Pricing	9	price	1395147618504	1395147618505	1395147622255	1395147622255	OK	 
ACTION	Pricing	42	price	1395147618543	1395147618543	1395147622295	1395147622295	OK	 
ACTION	Pricing	85	price	1395147618582	1395147618583	1395147622333	1395147622333	OK	 
ACTION	Pricing	41	price	1395147618622	1395147618622	1395147622366	1395147622367	OK	 
ACTION	Pricing	4	price	1395147618661	1395147618662	1395147622404	1395147622404	OK	 
ACTION	Pricing	2	price	1395147618699	1395147618700	1395147622440	1395147622440	OK	 
ACTION	Pricing	70	price	1395147618749	1395147618750	1395147622473	1395147622473	OK	 
ACTION	Pricing	83	price	1395147618792	1395147618793	1395147622509	1395147622509	OK	 
ACTION	Pricing	93	price	1395147618841	1395147618841	1395147622543	1395147622543	OK	 
ACTION	Pricing	1	price	1395147618879	1395147618879	1395147622583	1395147622584	OK	 
ACTION	Pricing	57	price	1395147618919	1395147618919	1395147622620	1395147622620	OK	 
ACTION	Pricing	94	price	1395147618956	1395147618956	1395147622671	1395147622672	OK	 
ACTION	Pricing	92	price	1395147618992	1395147618993	1395147622710	1395147622711	OK	 
ACTION	Pricing	44	price	1395147619031	1395147619032	1395147622746	1395147622746	OK	 
ACTION	Pricing	90	price	1395147619071	1395147619071	1395147622783	1395147622784	OK	 
ACTION	Pricing	38	price	1395147619108	1395147619109	1395147622817	1395147622817	OK	 
ACTION	Pricing	77	price	1395147619151	1395147619152	1395147622853	1395147622853	OK	 
ACTION	Pricing	75	price	1395147619190	1395147619191	1395147622886	1395147622886	OK	 
ACTION	Pricing	30	price	1395147619232	1395147619234	1395147622929	1395147622929	OK	 
ACTION	Pricing	11	price	1395147619268	1395147619268	1395147622966	1395147622966	OK	 
ACTION	Pricing	62	price	1395147619305	1395147619306	1395147623005	1395147623005	OK	 
ACTION	Pricing	66	price	1395147619353	1395147619353	1395147623042	1395147623042	OK	 
ACTION	Pricing	69	price	1395147619393	1395147619393	1395147623088	1395147623089	OK	 
ACTION	Pricing	50	price	1395147619435	1395147619435	1395147623123	1395147623123	OK	 
ACTION	Pricing	72	price	1395147619478	1395147619478	1395147623158	1395147623158	OK	 
ACTION	Pricing	86	price	1395147619523	1395147619523	1395147623193	1395147623193	OK	 
ACTION	Pricing	20	price	1395147619564	1395147619565	1395147623229	1395147623229	OK	 
ACTION	Pricing	99	price	1395147619602	1395147619602	1395147623266	1395147623266	OK	 
ACTION	Pricing	58	price	1395147619641	1395147619641	1395147623304	1395147623304	OK	 
ACTION	Pricing	82	price	1395147619680	1395147619680	1395147623343	1395147623343	OK	 
ACTION	Pricing	21	price	1395147619712	1395147619713	1395147623380	1395147623381	OK	 
ACTION	Pricing	13	price	1395147619754	1395147619755	1395147623417	1395147623417	OK	 
ACTION	Pricing	47	price	1395147619794	1395147619794	1395147623454	1395147623454	OK	 
ACTION	Pricing	14	price	1395147619833	1395147619834	1395147623489	1395147623489	OK	 
ACTION	Pricing	28	price	1395147619874	1395147619874	1395147623525	1395147623525	OK	 
ACTION	Pricing	19	price	1395147619919	1395147619920	1395147623564	1395147623565	OK	 
ACTION	Pricing	23	price	1395147619958	1395147619959	1395147623606	1395147623606	OK	 
ACTION	Pricing	74	price	1395147619992	1395147619993	1395147623643	1395147623643	OK	 
ACTION	Pricing	80	price	1395147620030	1395147620030	1395147623687	1395147623688	OK	 
ACTION	Pricing	76	price	1395147620064	1395147620065	1395147623729	1395147623729	OK	 
ACTION	Pricing	51	price	1395147620099	1395147620100	1395147623770	1395147623770	OK	 
ACTION	Pricing	8	price	1395147620134	1395147620135	1395147623818	1395147623819	OK	 
ACTION	Pricing	35	price	1395147620170	1395147620171	1395147623847	1395147623847	OK	 
ACTION	Pricing	95	price	1395147620205	1395147620206	1395147623885	1395147623885	OK	 
ACTION	Pricing	54	price	1395147620241	1395147620241	1395147623919	1395147623919	OK	 
ACTION	Pricing	73	price	1395147620274	1395147620274	1395147623955	1395147623956	OK	 
ACTION	Pricing	60	price	1395147620310	1395147620311	1395147623990	1395147623991	OK	 
ACTION	Pricing	89	price	1395147620341	1395147620342	1395147624027	1395147624027	OK	 
ACTION	Pricing	39	price	1395147620376	1395147620376	1395147624062	1395147624062	OK	 
ACTION	Pricing	22	price	1395147620411	1395147620411	1395147624100	1395147624100	OK	 
ACTION	Pricing	78	price	1395147620444	1395147620445	1395147624138	1395147624138	OK	 
ACTION	Pricing	64	price	1395147620481	1395147620481	1395147624174	1395147624175	OK	 
ACTION	Pricing	84	price	1395147620516	1395147620517	1395147624211	1395147624211	OK	 
ACTION	Pricing	43	price	1395147620553	1395147620553	1395147624250	1395147624250	OK	 
ACTION	Pricing	36	price	1395147620585	1395147620586	1395147624285	1395147624285	OK	 
ACTION	Pricing	81	price	1395147620622	1395147620622	1395147624321	1395147624321	OK	 
ACTION	Pricing	10	price	1395147620658	1395147620658	1395147624356	1395147624356	OK	 
ACTION	Pricing	97	price	1395147620695	1395147620695	1395147624397	1395147624397	OK	 
ACTION	Pricing	3	price	1395147620730	1395147620730	1395147624435	1395147624435	OK	 
ACTION	Pricing	33	price	1395147620764	1395147620764	1395147624470	1395147624470	OK	 
ACTION	Pricing	65	price	1395147620798	1395147620799	1395147624504	1395147624504	OK	 
ACTION	Pricing	59	price	1395147620836	1395147620836	1395147624544	1395147624544	OK	 
ACTION	Pricing	6	price	1395147620870	1395147620871	1395147624587	1395147624587	OK	 
ACTION	Pricing	12	price	1395147620908	1395147620909	1395147624625	1395147624626	OK	 
ACTION	Pricing	7	price	1395147620948	1395147620949	1395147624660	1395147624660	OK	 
ACTION	Pricing	91	price	1395147620988	1395147620989	1395147624696	1395147624696	OK	 
ACTION	Pricing	5	price	1395147621022	1395147621022	1395147624731	1395147624731	OK	 
ACTION	Pricing	32	price	1395147621057	1395147621057	1395147624771	1395147624771	OK	 
ACTION	Pricing	40	price	1395147621091	1395147621092	1395147624807	1395147624807	OK	 
ACTION	Pricing	45	price	1395147621134	1395147621135	1395147624844	1395147624845	OK	 
ACTION	Pricing	67	price	1395147621175	1395147621176	1395147624881	1395147624881	OK	 
ACTION	Pricing	63	price	1395147621218	1395147621219	1395147624916	1395147624916	OK	 
ACTION	Pricing	46	price	1395147621259	1395147621260	1395147624952	1395147624952	OK	 
ACTION	Pricing	79	price	1395147621297	1395147621297	1395147624988	1395147624988	OK	 
ACTION	Pricing	24	price	1395147621336	1395147621336	1395147625026	1395147625027	OK	 
ACTION	Pricing	96	price	1395147621376	1395147621376	1395147625062	1395147625063	OK	 
ACTION	Pricing	55	price	1395147621414	1395147621414	1395147625103	1395147625103	OK	 
ACTION	Pricing	25	price	1395147621453	1395147621454	1395147625144	1395147625144	OK	 
ACTION	Pricing	16	price	1395147621493	1395147621493	1395147625185	1395147625185	OK	 
ACTION	Pricing	52	price	1395147621535	1395147621535	1395147625226	1395147625226	OK	 
ACTION	Pricing	61	price	1395147621571	1395147621572	1395147625264	1395147625265	OK	 
ACTION	Pricing	26	price	1395147621606	1395147621606	1395147625303	1395147625304	OK	 
ACTION	Pricing	18	price	1395147621643	1395147621644	1395147625348	1395147625348	OK	 
ACTION	Pricing	17	price	1395147621679	1395147621680	1395147625379	1395147625380	OK	 
ACTION	Pricing	71	price	1395147621713	1395147621713	1395147625416	1395147625416	OK	 
ACTION	Pricing	15	price	1395147621747	1395147621747	1395147625455	1395147625455	OK	 
ACTION	Pricing	88	price	1395147621780	1395147621781	1395147625490	1395147625491	OK	 
ACTION	Pricing	100	price	1395147621814	1395147621815	1395147625528	1395147625528	OK	 
ACTION	Pricing	98	price	1395147621844	1395147621844	1395147625565	1395147625566	OK	 
ACTION	Pricing	31	price	1395147621877	1395147621877	1395147625603	1395147625603	OK	 
ACTION	Pricing	27	price	1395147621910	1395147621910	1395147625642	1395147625642	OK	 
ACTION	Pricing	53	price	1395147621942	1395147621942	1395147625689	1395147625690	OK	 
ACTION	Pricing	87	price	1395147621978	1395147621979	1395147625733	1395147625733	OK	 
ACTION	Pricing	29	price	1395147622014	1395147622014	1395147625772	1395147625772	OK	 
ACTION	Pricing	49	price	1395147622048	1395147622049	1395147625808	1395147625809	OK	 
ACTION	Pricing	37	price	1395147622085	1395147622085	1395147625844	1395147625845	OK	 
ACTION	Pricing	34	price	1395147622120	1395147622121	1395147625884	1395147625885	OK	 
ACTION	Pricing	48	price	1395147622155	1395147622156	1395147625922	1395147625922	OK	 
ACTION	Pricing	68	price	1395147622188	1395147622188	1395147625958	1395147625958	OK	 
ACTION	Pricing	56	price	1395147622225	1395147622225	1395147625999	1395147626000	OK	 
ACTION	Pricing	9	price	1395147622257	1395147622257	1395147626036	1395147626036	OK	 
ACTION	Pricing	42	price	1395147622297	1395147622297	1395147626070	1395147626071	OK	 
ACTION	Pricing	85	price	1395147622335	1395147622335	1395147626103	1395147626103	OK	 
ACTION	Pricing	41	price	1395147622369	1395147622370	1395147626140	1395147626140	OK	 
ACTION	Pricing	4	price	1395147622406	1395147622406	1395147626176	1395147626176	OK	 
ACTION	Pricing	2	price	1395147622442	1395147622442	1395147626211	1395147626211	OK	 
ACTION	Pricing	70	price	1395147622475	1395147622475	1395147626244	1395147626245	OK	 
ACTION	Pricing	83	price	1395147622511	1395147622511	1395147626282	1395147626282	OK	 
ACTION	Pricing	93	price	1395147622545	1395147622545	1395147626319	1395147626319	OK	 
ACTION	Pricing	1	price	1395147622585	1395147622586	1395147626356	1395147626357	OK	 
ACTION	Pricing	57	price	1395147622621	1395147622622	1395147626400	1395147626400	OK	 
ACTION	Pricing	94	price	1395147622673	1395147622673	1395147626434	1395147626435	OK	 
SCENARIO	Pricing	94	END	1395147626436
ACTION	Pricing	92	price	1395147622712	1395147622713	1395147626471	1395147626471	OK	 
SCENARIO	Pricing	92	END	1395147626471
ACTION	Pricing	44	price	1395147622748	1395147622748	1395147626510	1395147626511	OK	 
SCENARIO	Pricing	44	END	1395147626511
ACTION	Pricing	90	price	1395147622785	1395147622786	1395147626549	1395147626550	OK	 
SCENARIO	Pricing	90	END	1395147626551
ACTION	Pricing	38	price	1395147622819	1395147622819	1395147626588	1395147626589	OK	 
SCENARIO	Pricing	38	END	1395147626589
ACTION	Pricing	77	price	1395147622854	1395147622855	1395147626625	1395147626625	OK	 
SCENARIO	Pricing	77	END	1395147626626
ACTION	Pricing	75	price	1395147622887	1395147622888	1395147626662	1395147626663	OK	 
SCENARIO	Pricing	75	END	1395147626663
ACTION	Pricing	30	price	1395147622931	1395147622932	1395147626702	1395147626703	OK	 
SCENARIO	Pricing	30	END	1395147626703
ACTION	Pricing	11	price	1395147622968	1395147622969	1395147626741	1395147626742	OK	 
SCENARIO	Pricing	11	END	1395147626742
ACTION	Pricing	62	price	1395147623006	1395147623007	1395147626781	1395147626782	OK	 
SCENARIO	Pricing	62	END	1395147626783
ACTION	Pricing	66	price	1395147623043	1395147623044	1395147626815	1395147626815	OK	 
SCENARIO	Pricing	66	END	1395147626815
ACTION	Pricing	69	price	1395147623091	1395147623091	1395147626855	1395147626855	OK	 
SCENARIO	Pricing	69	END	1395147626856
ACTION	Pricing	50	price	1395147623125	1395147623126	1395147626891	1395147626892	OK	 
SCENARIO	Pricing	50	END	1395147626892
ACTION	Pricing	72	price	1395147623161	1395147623161	1395147626925	1395147626925	OK	 
SCENARIO	Pricing	72	END	1395147626926
ACTION	Pricing	86	price	1395147623194	1395147623195	1395147626958	1395147626958	OK	 
SCENARIO	Pricing	86	END	1395147626959
ACTION	Pricing	20	price	1395147623231	1395147623232	1395147626994	1395147626995	OK	 
SCENARIO	Pricing	20	END	1395147626996
ACTION	Pricing	99	price	1395147623268	1395147623269	1395147627029	1395147627030	OK	 
SCENARIO	Pricing	99	END	1395147627030
ACTION	Pricing	58	price	1395147623306	1395147623306	1395147627061	1395147627062	OK	 
SCENARIO	Pricing	58	END	1395147627062
ACTION	Pricing	82	price	1395147623345	1395147623346	1395147627093	1395147627093	OK	 
SCENARIO	Pricing	82	END	1395147627094
ACTION	Pricing	21	price	1395147623382	1395147623382	1395147627132	1395147627132	OK	 
SCENARIO	Pricing	21	END	1395147627133
ACTION	Pricing	13	price	1395147623418	1395147623419	1395147627167	1395147627168	OK	 
SCENARIO	Pricing	13	END	1395147627169
ACTION	Pricing	47	price	1395147623455	1395147623456	1395147627207	1395147627207	OK	 
SCENARIO	Pricing	47	END	1395147627208
ACTION	Pricing	14	price	1395147623491	1395147623491	1395147627245	1395147627245	OK	 
SCENARIO	Pricing	14	END	1395147627246
ACTION	Pricing	28	price	1395147623527	1395147623527	1395147627281	1395147627282	OK	 
SCENARIO	Pricing	28	END	1395147627282
ACTION	Pricing	19	price	1395147623566	1395147623567	1395147627317	1395147627317	OK	 
SCENARIO	Pricing	19	END	1395147627318
ACTION	Pricing	23	price	1395147623608	1395147623609	1395147627355	1395147627355	OK	 
SCENARIO	Pricing	23	END	1395147627356
ACTION	Pricing	74	price	1395147623645	1395147623646	1395147627391	1395147627391	OK	 
SCENARIO	Pricing	74	END	1395147627392
ACTION	Pricing	80	price	1395147623690	1395147623690	1395147627427	1395147627427	OK	 
SCENARIO	Pricing	80	END	1395147627428
ACTION	Pricing	76	price	1395147623731	1395147623732	1395147627464	1395147627465	OK	 
SCENARIO	Pricing	76	END	1395147627466
ACTION	Pricing	51	price	1395147623771	1395147623772	1395147627500	1395147627500	OK	 
SCENARIO	Pricing	51	END	1395147627501
ACTION	Pricing	8	price	1395147623821	1395147623821	1395147627538	1395147627538	OK	 
SCENARIO	Pricing	8	END	1395147627539
ACTION	Pricing	35	price	1395147623849	1395147623850	1395147627578	1395147627578	OK	 
SCENARIO	Pricing	35	END	1395147627579
ACTION	Pricing	95	price	1395147623886	1395147623886	1395147627654	1395147627654	OK	 
SCENARIO	Pricing	95	END	1395147627655
ACTION	Pricing	54	price	1395147623921	1395147623921	1395147627719	1395147627719	OK	 
SCENARIO	Pricing	54	END	1395147627720
ACTION	Pricing	73	price	1395147623957	1395147623958	1395147627802	1395147627802	OK	 
SCENARIO	Pricing	73	END	1395147627802
ACTION	Pricing	60	price	1395147623993	1395147623993	1395147627857	1395147627857	OK	 
SCENARIO	Pricing	60	END	1395147627858
ACTION	Pricing	89	price	1395147624029	1395147624030	1395147627894	1395147627895	OK	 
SCENARIO	Pricing	89	END	1395147627895
ACTION	Pricing	39	price	1395147624063	1395147624064	1395147627927	1395147627927	OK	 
SCENARIO	Pricing	39	END	1395147627930
ACTION	Pricing	22	price	1395147624102	1395147624102	1395147627969	1395147627969	OK	 
SCENARIO	Pricing	22	END	1395147627970
ACTION	Pricing	78	price	1395147624140	1395147624141	1395147628005	1395147628005	OK	 
SCENARIO	Pricing	78	END	1395147628005
ACTION	Pricing	64	price	1395147624176	1395147624177	1395147628038	1395147628038	OK	 
SCENARIO	Pricing	64	END	1395147628039
ACTION	Pricing	84	price	1395147624213	1395147624213	1395147628071	1395147628071	OK	 
SCENARIO	Pricing	84	END	1395147628072
ACTION	Pricing	43	price	1395147624251	1395147624252	1395147628106	1395147628106	OK	 
SCENARIO	Pricing	43	END	1395147628107
ACTION	Pricing	36	price	1395147624286	1395147624287	1395147628144	1395147628144	OK	 
SCENARIO	Pricing	36	END	1395147628145
ACTION	Pricing	81	price	1395147624323	1395147624323	1395147628178	1395147628178	OK	 
SCENARIO	Pricing	81	END	1395147628179
ACTION	Pricing	10	price	1395147624358	1395147624358	1395147628217	1395147628217	OK	 
SCENARIO	Pricing	10	END	1395147628218
ACTION	Pricing	97	price	1395147624399	1395147624399	1395147628250	1395147628251	OK	 
SCENARIO	Pricing	97	END	1395147628251
ACTION	Pricing	3	price	1395147624437	1395147624437	1395147628294	1395147628294	OK	 
SCENARIO	Pricing	3	END	1395147628294
ACTION	Pricing	33	price	1395147624471	1395147624472	1395147628327	1395147628327	OK	 
SCENARIO	Pricing	33	END	1395147628327
ACTION	Pricing	65	price	1395147624506	1395147624506	1395147628360	1395147628360	OK	 
SCENARIO	Pricing	65	END	1395147628361
ACTION	Pricing	59	price	1395147624550	1395147624554	1395147628396	1395147628397	OK	 
SCENARIO	Pricing	59	END	1395147628397
ACTION	Pricing	6	price	1395147624589	1395147624589	1395147628432	1395147628432	OK	 
SCENARIO	Pricing	6	END	1395147628433
ACTION	Pricing	12	price	1395147624627	1395147624628	1395147628464	1395147628464	OK	 
SCENARIO	Pricing	12	END	1395147628465
ACTION	Pricing	7	price	1395147624662	1395147624662	1395147628497	1395147628498	OK	 
SCENARIO	Pricing	7	END	1395147628498
ACTION	Pricing	91	price	1395147624698	1395147624698	1395147628534	1395147628534	OK	 
SCENARIO	Pricing	91	END	1395147628534
ACTION	Pricing	5	price	1395147624733	1395147624733	1395147628571	1395147628572	OK	 
SCENARIO	Pricing	5	END	1395147628572
ACTION	Pricing	32	price	1395147624772	1395147624773	1395147628606	1395147628606	OK	 
SCENARIO	Pricing	32	END	1395147628606
ACTION	Pricing	40	price	1395147624809	1395147624809	1395147628639	1395147628640	OK	 
SCENARIO	Pricing	40	END	1395147628640
ACTION	Pricing	45	price	1395147624846	1395147624846	1395147628676	1395147628677	OK	 
SCENARIO	Pricing	45	END	1395147628677
ACTION	Pricing	67	price	1395147624883	1395147624883	1395147628714	1395147628714	OK	 
SCENARIO	Pricing	67	END	1395147628715
ACTION	Pricing	63	price	1395147624918	1395147624918	1395147628752	1395147628753	OK	 
SCENARIO	Pricing	63	END	1395147628753
ACTION	Pricing	46	price	1395147624953	1395147624953	1395147628787	1395147628787	OK	 
SCENARIO	Pricing	46	END	1395147628788
ACTION	Pricing	79	price	1395147624990	1395147624990	1395147628822	1395147628822	OK	 
SCENARIO	Pricing	79	END	1395147628823
ACTION	Pricing	24	price	1395147625028	1395147625029	1395147628856	1395147628857	OK	 
SCENARIO	Pricing	24	END	1395147628858
ACTION	Pricing	96	price	1395147625064	1395147625068	1395147628893	1395147628894	OK	 
SCENARIO	Pricing	96	END	1395147628894
ACTION	Pricing	55	price	1395147625105	1395147625105	1395147628926	1395147628927	OK	 
SCENARIO	Pricing	55	END	1395147628927
ACTION	Pricing	25	price	1395147625145	1395147625146	1395147628961	1395147628961	OK	 
SCENARIO	Pricing	25	END	1395147628962
ACTION	Pricing	16	price	1395147625187	1395147625187	1395147629000	1395147629000	OK	 
SCENARIO	Pricing	16	END	1395147629001
ACTION	Pricing	52	price	1395147625228	1395147625228	1395147629040	1395147629041	OK	 
SCENARIO	Pricing	52	END	1395147629041
ACTION	Pricing	61	price	1395147625266	1395147625266	1395147629073	1395147629073	OK	 
SCENARIO	Pricing	61	END	1395147629074
ACTION	Pricing	26	price	1395147625305	1395147625306	1395147629111	1395147629112	OK	 
SCENARIO	Pricing	26	END	1395147629113
ACTION	Pricing	18	price	1395147625350	1395147625350	1395147629150	1395147629151	OK	 
SCENARIO	Pricing	18	END	1395147629151
ACTION	Pricing	17	price	1395147625382	1395147625382	1395147629190	1395147629190	OK	 
SCENARIO	Pricing	17	END	1395147629191
ACTION	Pricing	71	price	1395147625418	1395147625419	1395147629228	1395147629228	OK	 
SCENARIO	Pricing	71	END	1395147629229
ACTION	Pricing	15	price	1395147625457	1395147625457	1395147629269	1395147629270	OK	 
SCENARIO	Pricing	15	END	1395147629270
ACTION	Pricing	88	price	1395147625492	1395147625492	1395147629306	1395147629307	OK	 
SCENARIO	Pricing	88	END	1395147629307
ACTION	Pricing	100	price	1395147625531	1395147625532	1395147629343	1395147629343	OK	 
SCENARIO	Pricing	100	END	1395147629344
ACTION	Pricing	98	price	1395147625568	1395147625568	1395147629383	1395147629384	OK	 
SCENARIO	Pricing	98	END	1395147629385
ACTION	Pricing	31	price	1395147625605	1395147625606	1395147629423	1395147629423	OK	 
SCENARIO	Pricing	31	END	1395147629424
ACTION	Pricing	27	price	1395147625643	1395147625644	1395147629461	1395147629461	OK	 
SCENARIO	Pricing	27	END	1395147629462
ACTION	Pricing	53	price	1395147625692	1395147625692	1395147629501	1395147629501	OK	 
SCENARIO	Pricing	53	END	1395147629502
ACTION	Pricing	87	price	1395147625735	1395147625736	1395147629534	1395147629534	OK	 
SCENARIO	Pricing	87	END	1395147629534
ACTION	Pricing	29	price	1395147625774	1395147625775	1395147629568	1395147629569	OK	 
SCENARIO	Pricing	29	END	1395147629570
ACTION	Pricing	49	price	1395147625810	1395147625811	1395147629610	1395147629610	OK	 
SCENARIO	Pricing	49	END	1395147629611
ACTION	Pricing	37	price	1395147625846	1395147625847	1395147629657	1395147629657	OK	 
SCENARIO	Pricing	37	END	1395147629658
ACTION	Pricing	34	price	1395147625887	1395147625887	1395147629684	1395147629684	OK	 
SCENARIO	Pricing	34	END	1395147629685
ACTION	Pricing	48	price	1395147625923	1395147625924	1395147629722	1395147629722	OK	 
SCENARIO	Pricing	48	END	1395147629723
ACTION	Pricing	68	price	1395147625960	1395147625960	1395147629760	1395147629760	OK	 
SCENARIO	Pricing	68	END	1395147629761
ACTION	Pricing	56	price	1395147626001	1395147626002	1395147629795	1395147629795	OK	 
SCENARIO	Pricing	56	END	1395147629796
ACTION	Pricing	9	price	1395147626038	1395147626038	1395147629827	1395147629827	OK	 
SCENARIO	Pricing	9	END	1395147629828
ACTION	Pricing	42	price	1395147626072	1395147626072	1395147629866	1395147629866	OK	 
SCENARIO	Pricing	42	END	1395147629867
ACTION	Pricing	85	price	1395147626105	1395147626105	1395147629899	1395147629899	OK	 
SCENARIO	Pricing	85	END	1395147629900
ACTION	Pricing	41	price	1395147626141	1395147626142	1395147629934	1395147629934	OK	 
SCENARIO	Pricing	41	END	1395147629935
ACTION	Pricing	4	price	1395147626178	1395147626178	1395147629968	1395147629968	OK	 
SCENARIO	Pricing	4	END	1395147629969
ACTION	Pricing	2	price	1395147626213	1395147626213	1395147630001	1395147630001	OK	 
SCENARIO	Pricing	2	END	1395147630002
ACTION	Pricing	70	price	1395147626246	1395147626247	1395147630035	1395147630035	OK	 
SCENARIO	Pricing	70	END	1395147630036
ACTION	Pricing	83	price	1395147626284	1395147626284	1395147630064	1395147630064	OK	 
SCENARIO	Pricing	83	END	1395147630064
ACTION	Pricing	93	price	1395147626321	1395147626321	1395147630093	1395147630094	OK	 
SCENARIO	Pricing	93	END	1395147630094
ACTION	Pricing	1	price	1395147626358	1395147626358	1395147630132	1395147630132	OK	 
SCENARIO	Pricing	1	END	1395147630133
ACTION	Pricing	57	price	1395147626402	1395147626402	1395147630161	1395147630162	OK	 
SCENARIO	Pricing	57	END	1395147630162
