RUN	20140318131411	pricingsimulation	pricingsimulation
SCENARIO	Pricing	66	START	1395148454167
SCENARIO	Pricing	93	START	1395148454171
SCENARIO	Pricing	11	START	1395148454172
SCENARIO	Pricing	14	START	1395148454174
SCENARIO	Pricing	2	START	1395148454174
SCENARIO	Pricing	19	START	1395148454176
SCENARIO	Pricing	50	START	1395148454176
SCENARIO	Pricing	1	START	1395148454176
SCENARIO	Pricing	13	START	1395148454176
SCENARIO	Pricing	8	START	1395148454176
SCENARIO	Pricing	51	START	1395148454176
SCENARIO	Pricing	17	START	1395148454193
SCENARIO	Pricing	37	START	1395148454193
SCENARIO	Pricing	33	START	1395148454193
SCENARIO	Pricing	63	START	1395148454193
SCENARIO	Pricing	23	START	1395148454194
SCENARIO	Pricing	5	START	1395148454194
SCENARIO	Pricing	70	START	1395148454194
SCENARIO	Pricing	95	START	1395148454194
SCENARIO	Pricing	44	START	1395148454194
SCENARIO	Pricing	15	START	1395148454194
SCENARIO	Pricing	27	START	1395148454194
SCENARIO	Pricing	67	START	1395148454194
SCENARIO	Pricing	31	START	1395148454194
SCENARIO	Pricing	42	START	1395148454195
SCENARIO	Pricing	71	START	1395148454195
SCENARIO	Pricing	89	START	1395148454195
SCENARIO	Pricing	40	START	1395148454195
SCENARIO	Pricing	55	START	1395148454195
SCENARIO	Pricing	25	START	1395148454195
SCENARIO	Pricing	81	START	1395148454196
SCENARIO	Pricing	79	START	1395148454196
SCENARIO	Pricing	4	START	1395148454196
SCENARIO	Pricing	86	START	1395148454196
SCENARIO	Pricing	28	START	1395148454196
SCENARIO	Pricing	64	START	1395148454197
SCENARIO	Pricing	39	START	1395148454197
SCENARIO	Pricing	53	START	1395148454197
SCENARIO	Pricing	22	START	1395148454197
SCENARIO	Pricing	72	START	1395148454197
SCENARIO	Pricing	94	START	1395148454197
SCENARIO	Pricing	3	START	1395148454197
SCENARIO	Pricing	73	START	1395148454197
SCENARIO	Pricing	9	START	1395148454197
SCENARIO	Pricing	87	START	1395148454197
SCENARIO	Pricing	34	START	1395148454198
SCENARIO	Pricing	16	START	1395148454198
SCENARIO	Pricing	48	START	1395148454198
SCENARIO	Pricing	35	START	1395148454198
SCENARIO	Pricing	77	START	1395148454198
SCENARIO	Pricing	92	START	1395148454199
SCENARIO	Pricing	46	START	1395148454199
SCENARIO	Pricing	47	START	1395148454199
SCENARIO	Pricing	32	START	1395148454199
SCENARIO	Pricing	29	START	1395148454199
SCENARIO	Pricing	20	START	1395148454204
SCENARIO	Pricing	65	START	1395148454204
SCENARIO	Pricing	56	START	1395148454204
SCENARIO	Pricing	41	START	1395148454204
SCENARIO	Pricing	60	START	1395148454204
SCENARIO	Pricing	90	START	1395148454204
SCENARIO	Pricing	98	START	1395148454204
SCENARIO	Pricing	43	START	1395148454204
SCENARIO	Pricing	7	START	1395148454205
SCENARIO	Pricing	99	START	1395148454205
SCENARIO	Pricing	30	START	1395148454205
SCENARIO	Pricing	61	START	1395148454205
SCENARIO	Pricing	97	START	1395148454205
SCENARIO	Pricing	49	START	1395148454205
SCENARIO	Pricing	96	START	1395148454205
SCENARIO	Pricing	59	START	1395148454205
SCENARIO	Pricing	21	START	1395148454205
SCENARIO	Pricing	74	START	1395148454206
SCENARIO	Pricing	54	START	1395148454206
SCENARIO	Pricing	18	START	1395148454206
SCENARIO	Pricing	69	START	1395148454206
SCENARIO	Pricing	76	START	1395148454206
SCENARIO	Pricing	88	START	1395148454206
SCENARIO	Pricing	57	START	1395148454206
SCENARIO	Pricing	91	START	1395148454206
SCENARIO	Pricing	84	START	1395148454206
SCENARIO	Pricing	80	START	1395148454206
SCENARIO	Pricing	82	START	1395148454207
SCENARIO	Pricing	58	START	1395148454207
SCENARIO	Pricing	24	START	1395148454207
SCENARIO	Pricing	85	START	1395148454207
SCENARIO	Pricing	38	START	1395148454207
SCENARIO	Pricing	78	START	1395148454207
SCENARIO	Pricing	75	START	1395148454207
SCENARIO	Pricing	10	START	1395148454207
SCENARIO	Pricing	26	START	1395148454207
SCENARIO	Pricing	6	START	1395148454208
SCENARIO	Pricing	62	START	1395148454208
SCENARIO	Pricing	83	START	1395148454208
SCENARIO	Pricing	36	START	1395148454208
SCENARIO	Pricing	12	START	1395148454208
SCENARIO	Pricing	100	START	1395148454208
SCENARIO	Pricing	45	START	1395148454208
SCENARIO	Pricing	68	START	1395148454208
SCENARIO	Pricing	52	START	1395148454208
ACTION	Pricing	45	price	1395148454514	1395148454517	1395148455891	1395148455891	OK	 
ACTION	Pricing	51	price	1395148454262	1395148454336	1395148455957	1395148455957	OK	 
ACTION	Pricing	98	price	1395148454435	1395148454458	1395148455849	1395148455885	OK	 
ACTION	Pricing	26	price	1395148454508	1395148454510	1395148456033	1395148456034	OK	 
ACTION	Pricing	36	price	1395148454511	1395148454515	1395148456111	1395148456111	OK	 
ACTION	Pricing	43	price	1395148454435	1395148454453	1395148456193	1395148456194	OK	 
ACTION	Pricing	92	price	1395148454413	1395148454452	1395148456283	1395148456283	OK	 
ACTION	Pricing	38	price	1395148454497	1395148454499	1395148456370	1395148456370	OK	 
ACTION	Pricing	97	price	1395148454446	1395148454456	1395148456458	1395148456458	OK	 
ACTION	Pricing	72	price	1395148454385	1395148454418	1395148456541	1395148456541	OK	 
ACTION	Pricing	96	price	1395148454461	1395148454463	1395148456621	1395148456621	OK	 
ACTION	Pricing	79	price	1395148454347	1395148454373	1395148456706	1395148456706	OK	 
ACTION	Pricing	63	price	1395148454285	1395148454350	1395148456791	1395148456791	OK	 
ACTION	Pricing	28	price	1395148454370	1395148454376	1395148456886	1395148456886	OK	 
ACTION	Pricing	40	price	1395148454333	1395148454358	1395148456972	1395148456974	OK	 
ACTION	Pricing	90	price	1395148454430	1395148454458	1395148457050	1395148457050	OK	 
ACTION	Pricing	68	price	1395148454515	1395148454519	1395148457133	1395148457133	OK	 
ACTION	Pricing	91	price	1395148454484	1395148454484	1395148457218	1395148457218	OK	 
ACTION	Pricing	83	price	1395148454510	1395148454513	1395148457300	1395148457300	OK	 
ACTION	Pricing	100	price	1395148454513	1395148454518	1395148457395	1395148457396	OK	 
ACTION	Pricing	99	price	1395148454437	1395148454457	1395148457478	1395148457479	OK	 
ACTION	Pricing	78	price	1395148454500	1395148454501	1395148457559	1395148457559	OK	 
ACTION	Pricing	37	price	1395148454263	1395148454350	1395148457639	1395148457639	OK	 
ACTION	Pricing	95	price	1395148454289	1395148454360	1395148457715	1395148457715	OK	 
ACTION	Pricing	2	price	1395148454251	1395148454321	1395148457794	1395148457794	OK	 
ACTION	Pricing	60	price	1395148454429	1395148454455	1395148457872	1395148457872	OK	 
ACTION	Pricing	50	price	1395148454255	1395148454323	1395148457953	1395148457954	OK	 
ACTION	Pricing	73	price	1395148454388	1395148454422	1395148458033	1395148458033	OK	 
ACTION	Pricing	24	price	1395148454492	1395148454494	1395148458115	1395148458116	OK	 
ACTION	Pricing	65	price	1395148454426	1395148454457	1395148458196	1395148458197	OK	 
ACTION	Pricing	3	price	1395148454387	1395148454421	1395148458275	1395148458276	OK	 
ACTION	Pricing	23	price	1395148454286	1395148454350	1395148458354	1395148458354	OK	 
ACTION	Pricing	22	price	1395148454383	1395148454401	1395148458441	1395148458441	OK	 
ACTION	Pricing	88	price	1395148454474	1395148454477	1395148458523	1395148458523	OK	 
ACTION	Pricing	49	price	1395148454447	1395148454460	1395148458598	1395148458598	OK	 
ACTION	Pricing	82	price	1395148454487	1395148454489	1395148458704	1395148458704	OK	 
ACTION	Pricing	44	price	1395148454290	1395148454355	1395148458782	1395148458782	OK	 
ACTION	Pricing	4	price	1395148454354	1395148454375	1395148458859	1395148458859	OK	 
ACTION	Pricing	27	price	1395148454292	1395148454362	1395148458929	1395148458929	OK	 
ACTION	Pricing	53	price	1395148454382	1395148454401	1395148459003	1395148459003	OK	 
ACTION	Pricing	84	price	1395148454481	1395148454483	1395148459084	1395148459084	OK	 
ACTION	Pricing	81	price	1395148454345	1395148454361	1395148459162	1395148459163	OK	 
ACTION	Pricing	89	price	1395148454329	1395148454361	1395148459243	1395148459244	OK	 
ACTION	Pricing	9	price	1395148454389	1395148454424	1395148459322	1395148459322	OK	 
ACTION	Pricing	10	price	1395148454505	1395148454507	1395148459401	1395148459401	OK	 
ACTION	Pricing	66	price	1395148454211	1395148454265	1395148459479	1395148459480	OK	 
ACTION	Pricing	29	price	1395148454418	1395148454452	1395148459560	1395148459560	OK	 
ACTION	Pricing	41	price	1395148454429	1395148454453	1395148459640	1395148459641	OK	 
ACTION	Pricing	86	price	1395148454359	1395148454375	1395148459718	1395148459719	OK	 
ACTION	Pricing	52	price	1395148454520	1395148454521	1395148459798	1395148459799	OK	 
ACTION	Pricing	64	price	1395148454382	1395148454390	1395148459882	1395148459891	OK	 
ACTION	Pricing	58	price	1395148454489	1395148454491	1395148459960	1395148459961	OK	 
ACTION	Pricing	25	price	1395148454335	1395148454363	1395148460039	1395148460040	OK	 
ACTION	Pricing	85	price	1395148454495	1395148454496	1395148460113	1395148460114	OK	 
ACTION	Pricing	93	price	1395148454227	1395148454267	1395148460189	1395148460189	OK	 
ACTION	Pricing	80	price	1395148454484	1395148454486	1395148460269	1395148460270	OK	 
ACTION	Pricing	75	price	1395148454502	1395148454505	1395148460348	1395148460349	OK	 
ACTION	Pricing	61	price	1395148454443	1395148454454	1395148460430	1395148460430	OK	 
ACTION	Pricing	30	price	1395148454439	1395148454459	1395148460513	1395148460514	OK	 
ACTION	Pricing	55	price	1395148454333	1395148454366	1395148460600	1395148460601	OK	 
ACTION	Pricing	31	price	1395148454294	1395148454357	1395148460693	1395148460694	OK	 
ACTION	Pricing	16	price	1395148454396	1395148454442	1395148460783	1395148460783	OK	 
ACTION	Pricing	13	price	1395148454257	1395148454327	1395148460872	1395148460873	OK	 
ACTION	Pricing	57	price	1395148454475	1395148454479	1395148460957	1395148460957	OK	 
ACTION	Pricing	94	price	1395148454386	1395148454419	1395148461042	1395148461042	OK	 
ACTION	Pricing	7	price	1395148454436	1395148454455	1395148461131	1395148461132	OK	 
ACTION	Pricing	48	price	1395148454396	1395148454442	1395148461224	1395148461225	OK	 
ACTION	Pricing	39	price	1395148454382	1395148454390	1395148461315	1395148461316	OK	 
ACTION	Pricing	32	price	1395148454416	1395148454454	1395148461404	1395148461404	OK	 
ACTION	Pricing	11	price	1395148454248	1395148454308	1395148461485	1395148461485	OK	 
ACTION	Pricing	76	price	1395148454474	1395148454476	1395148461571	1395148461571	OK	 
ACTION	Pricing	70	price	1395148454288	1395148454362	1395148461653	1395148461653	OK	 
ACTION	Pricing	62	price	1395148454509	1395148454514	1395148461734	1395148461734	OK	 
ACTION	Pricing	59	price	1395148454466	1395148454469	1395148461814	1395148461815	OK	 
ACTION	Pricing	8	price	1395148454259	1395148454336	1395148461890	1395148461890	OK	 
ACTION	Pricing	5	price	1395148454287	1395148454364	1395148461965	1395148461966	OK	 
ACTION	Pricing	21	price	1395148454466	1395148454468	1395148462040	1395148462041	OK	 
ACTION	Pricing	33	price	1395148454263	1395148454351	1395148462112	1395148462113	OK	 
ACTION	Pricing	54	price	1395148454467	1395148454469	1395148462185	1395148462185	OK	 
ACTION	Pricing	14	price	1395148454250	1395148454283	1395148462263	1395148462263	OK	 
ACTION	Pricing	34	price	1395148454396	1395148454441	1395148462341	1395148462342	OK	 
ACTION	Pricing	56	price	1395148454427	1395148454455	1395148462413	1395148462414	OK	 
ACTION	Pricing	87	price	1395148454392	1395148454425	1395148462495	1395148462495	OK	 
ACTION	Pricing	6	price	1395148454508	1395148454511	1395148462571	1395148462572	OK	 
ACTION	Pricing	71	price	1395148454297	1395148454362	1395148462653	1395148462654	OK	 
ACTION	Pricing	20	price	1395148454422	1395148454454	1395148462734	1395148462735	OK	 
ACTION	Pricing	77	price	1395148454413	1395148454454	1395148462814	1395148462814	OK	 
ACTION	Pricing	15	price	1395148454292	1395148454365	1395148462893	1395148462894	OK	 
ACTION	Pricing	1	price	1395148454256	1395148454321	1395148462975	1395148462976	OK	 
ACTION	Pricing	17	price	1395148454263	1395148454335	1395148463056	1395148463056	OK	 
ACTION	Pricing	67	price	1395148454293	1395148454360	1395148463132	1395148463132	OK	 
ACTION	Pricing	18	price	1395148454470	1395148454472	1395148463206	1395148463206	OK	 
ACTION	Pricing	69	price	1395148454472	1395148454476	1395148463275	1395148463276	OK	 
ACTION	Pricing	35	price	1395148454399	1395148454450	1395148463352	1395148463352	OK	 
ACTION	Pricing	74	price	1395148454466	1395148454468	1395148463422	1395148463423	OK	 
ACTION	Pricing	12	price	1395148454512	1395148454516	1395148463495	1395148463495	OK	 
ACTION	Pricing	46	price	1395148454414	1395148454451	1395148463565	1395148463565	OK	 
ACTION	Pricing	19	price	1395148454255	1395148454320	1395148463636	1395148463637	OK	 
ACTION	Pricing	47	price	1395148454415	1395148454457	1395148463708	1395148463708	OK	 
ACTION	Pricing	42	price	1395148454295	1395148454365	1395148463789	1395148463789	OK	 
ACTION	Pricing	51	price	1395148455963	1395148455971	1395148463867	1395148463867	OK	 
ACTION	Pricing	45	price	1395148456087	1395148456090	1395148463945	1395148463945	OK	 
ACTION	Pricing	98	price	1395148456091	1395148456093	1395148464026	1395148464026	OK	 
ACTION	Pricing	26	price	1395148456094	1395148456095	1395148464106	1395148464106	OK	 
ACTION	Pricing	36	price	1395148456113	1395148456117	1395148464175	1395148464176	OK	 
ACTION	Pricing	43	price	1395148456196	1395148456198	1395148464245	1395148464245	OK	 
ACTION	Pricing	92	price	1395148456288	1395148456288	1395148464316	1395148464316	OK	 
ACTION	Pricing	38	price	1395148456375	1395148456376	1395148464386	1395148464386	OK	 
ACTION	Pricing	97	price	1395148456462	1395148456464	1395148464456	1395148464457	OK	 
ACTION	Pricing	72	price	1395148456543	1395148456546	1395148464530	1395148464530	OK	 
ACTION	Pricing	96	price	1395148456624	1395148456625	1395148464599	1395148464600	OK	 
ACTION	Pricing	79	price	1395148456708	1395148456710	1395148464670	1395148464671	OK	 
ACTION	Pricing	63	price	1395148456794	1395148456796	1395148464740	1395148464740	OK	 
ACTION	Pricing	28	price	1395148456890	1395148456891	1395148464807	1395148464807	OK	 
ACTION	Pricing	40	price	1395148456977	1395148456979	1395148464878	1395148464879	OK	 
ACTION	Pricing	90	price	1395148457056	1395148457058	1395148464946	1395148464947	OK	 
ACTION	Pricing	68	price	1395148457135	1395148457137	1395148465020	1395148465020	OK	 
ACTION	Pricing	91	price	1395148457221	1395148457223	1395148465092	1395148465092	OK	 
ACTION	Pricing	83	price	1395148457303	1395148457305	1395148465159	1395148465160	OK	 
ACTION	Pricing	100	price	1395148457398	1395148457400	1395148465229	1395148465229	OK	 
ACTION	Pricing	99	price	1395148457480	1395148457483	1395148465298	1395148465299	OK	 
ACTION	Pricing	78	price	1395148457564	1395148457565	1395148465368	1395148465368	OK	 
ACTION	Pricing	37	price	1395148457641	1395148457643	1395148465441	1395148465441	OK	 
ACTION	Pricing	95	price	1395148457717	1395148457720	1395148465515	1395148465515	OK	 
ACTION	Pricing	2	price	1395148457796	1395148457798	1395148465586	1395148465587	OK	 
ACTION	Pricing	60	price	1395148457874	1395148457876	1395148465659	1395148465660	OK	 
ACTION	Pricing	50	price	1395148457956	1395148457957	1395148465732	1395148465732	OK	 
ACTION	Pricing	73	price	1395148458035	1395148458037	1395148465801	1395148465801	OK	 
ACTION	Pricing	24	price	1395148458118	1395148458121	1395148465876	1395148465877	OK	 
ACTION	Pricing	65	price	1395148458200	1395148458201	1395148465983	1395148465983	OK	 
ACTION	Pricing	3	price	1395148458278	1395148458281	1395148466052	1395148466052	OK	 
ACTION	Pricing	23	price	1395148458358	1395148458359	1395148466119	1395148466119	OK	 
ACTION	Pricing	22	price	1395148458444	1395148458445	1395148466192	1395148466193	OK	 
ACTION	Pricing	88	price	1395148458529	1395148458529	1395148466262	1395148466262	OK	 
ACTION	Pricing	49	price	1395148458605	1395148458605	1395148466330	1395148466330	OK	 
ACTION	Pricing	82	price	1395148458706	1395148458708	1395148466400	1395148466400	OK	 
ACTION	Pricing	44	price	1395148458785	1395148458786	1395148466471	1395148466472	OK	 
ACTION	Pricing	4	price	1395148458861	1395148458862	1395148466538	1395148466538	OK	 
ACTION	Pricing	27	price	1395148458931	1395148458932	1395148466612	1395148466612	OK	 
ACTION	Pricing	53	price	1395148459005	1395148459007	1395148466689	1395148466690	OK	 
ACTION	Pricing	84	price	1395148459086	1395148459087	1395148466777	1395148466778	OK	 
ACTION	Pricing	81	price	1395148459165	1395148459166	1395148466848	1395148466848	OK	 
ACTION	Pricing	89	price	1395148459246	1395148459247	1395148466922	1395148466922	OK	 
ACTION	Pricing	9	price	1395148459324	1395148459325	1395148466994	1395148466994	OK	 
ACTION	Pricing	10	price	1395148459403	1395148459404	1395148467071	1395148467072	OK	 
ACTION	Pricing	66	price	1395148459482	1395148459483	1395148467151	1395148467151	OK	 
ACTION	Pricing	29	price	1395148459562	1395148459563	1395148467229	1395148467229	OK	 
ACTION	Pricing	41	price	1395148459643	1395148459645	1395148467301	1395148467301	OK	 
ACTION	Pricing	86	price	1395148459721	1395148459722	1395148467370	1395148467370	OK	 
ACTION	Pricing	52	price	1395148459802	1395148459803	1395148467439	1395148467440	OK	 
ACTION	Pricing	64	price	1395148459894	1395148459894	1395148467514	1395148467514	OK	 
ACTION	Pricing	58	price	1395148459963	1395148459965	1395148467590	1395148467590	OK	 
ACTION	Pricing	25	price	1395148460042	1395148460042	1395148467667	1395148467668	OK	 
ACTION	Pricing	85	price	1395148460116	1395148460116	1395148467743	1395148467743	OK	 
ACTION	Pricing	93	price	1395148460191	1395148460192	1395148467809	1395148467810	OK	 
ACTION	Pricing	80	price	1395148460272	1395148460273	1395148467884	1395148467884	OK	 
ACTION	Pricing	75	price	1395148460351	1395148460352	1395148467956	1395148467957	OK	 
ACTION	Pricing	61	price	1395148460433	1395148460434	1395148468023	1395148468023	OK	 
ACTION	Pricing	30	price	1395148460516	1395148460517	1395148468088	1395148468088	OK	 
ACTION	Pricing	55	price	1395148460603	1395148460605	1395148468157	1395148468157	OK	 
ACTION	Pricing	31	price	1395148460696	1395148460697	1395148468222	1395148468223	OK	 
ACTION	Pricing	16	price	1395148460785	1395148460786	1395148468291	1395148468291	OK	 
ACTION	Pricing	13	price	1395148460875	1395148460876	1395148468359	1395148468360	OK	 
ACTION	Pricing	57	price	1395148460961	1395148460961	1395148468433	1395148468434	OK	 
ACTION	Pricing	94	price	1395148461044	1395148461045	1395148468502	1395148468502	OK	 
ACTION	Pricing	7	price	1395148461135	1395148461136	1395148468577	1395148468577	OK	 
ACTION	Pricing	48	price	1395148461227	1395148461228	1395148468651	1395148468652	OK	 
ACTION	Pricing	39	price	1395148461318	1395148461319	1395148468727	1395148468729	OK	 
ACTION	Pricing	32	price	1395148461406	1395148461407	1395148468799	1395148468799	OK	 
ACTION	Pricing	11	price	1395148461487	1395148461488	1395148468873	1395148468873	OK	 
ACTION	Pricing	76	price	1395148461574	1395148461575	1395148468947	1395148468947	OK	 
ACTION	Pricing	70	price	1395148461655	1395148461656	1395148469021	1395148469022	OK	 
ACTION	Pricing	62	price	1395148461736	1395148461737	1395148469089	1395148469090	OK	 
ACTION	Pricing	59	price	1395148461817	1395148461817	1395148469174	1395148469175	OK	 
ACTION	Pricing	8	price	1395148461892	1395148461893	1395148469250	1395148469250	OK	 
ACTION	Pricing	5	price	1395148461968	1395148461969	1395148469316	1395148469316	OK	 
ACTION	Pricing	21	price	1395148462043	1395148462043	1395148469382	1395148469383	OK	 
ACTION	Pricing	33	price	1395148462115	1395148462115	1395148469451	1395148469452	OK	 
ACTION	Pricing	54	price	1395148462187	1395148462188	1395148469520	1395148469520	OK	 
ACTION	Pricing	14	price	1395148462270	1395148462270	1395148469595	1395148469596	OK	 
ACTION	Pricing	34	price	1395148462344	1395148462344	1395148469674	1395148469675	OK	 
ACTION	Pricing	56	price	1395148462416	1395148462416	1395148469756	1395148469756	OK	 
ACTION	Pricing	87	price	1395148462497	1395148462498	1395148469829	1395148469829	OK	 
ACTION	Pricing	6	price	1395148462574	1395148462575	1395148469899	1395148469899	OK	 
ACTION	Pricing	71	price	1395148462656	1395148462657	1395148469967	1395148469967	OK	 
ACTION	Pricing	20	price	1395148462737	1395148462738	1395148470036	1395148470036	OK	 
ACTION	Pricing	77	price	1395148462816	1395148462817	1395148470111	1395148470112	OK	 
ACTION	Pricing	15	price	1395148462896	1395148462897	1395148470175	1395148470175	OK	 
ACTION	Pricing	1	price	1395148462978	1395148462978	1395148470239	1395148470240	OK	 
ACTION	Pricing	17	price	1395148463059	1395148463059	1395148470311	1395148470311	OK	 
ACTION	Pricing	67	price	1395148463134	1395148463134	1395148470388	1395148470388	OK	 
ACTION	Pricing	18	price	1395148463208	1395148463209	1395148470472	1395148470472	OK	 
ACTION	Pricing	69	price	1395148463278	1395148463278	1395148470554	1395148470554	OK	 
ACTION	Pricing	35	price	1395148463354	1395148463354	1395148470640	1395148470640	OK	 
ACTION	Pricing	74	price	1395148463425	1395148463425	1395148470721	1395148470721	OK	 
ACTION	Pricing	12	price	1395148463497	1395148463498	1395148470807	1395148470808	OK	 
ACTION	Pricing	46	price	1395148463567	1395148463568	1395148470891	1395148470892	OK	 
ACTION	Pricing	19	price	1395148463639	1395148463639	1395148470976	1395148470977	OK	 
ACTION	Pricing	47	price	1395148463710	1395148463711	1395148471056	1395148471056	OK	 
ACTION	Pricing	42	price	1395148463791	1395148463792	1395148471142	1395148471143	OK	 
ACTION	Pricing	51	price	1395148463869	1395148463870	1395148471233	1395148471234	OK	 
ACTION	Pricing	45	price	1395148463947	1395148463948	1395148471311	1395148471312	OK	 
ACTION	Pricing	98	price	1395148464028	1395148464029	1395148471386	1395148471386	OK	 
ACTION	Pricing	26	price	1395148464108	1395148464109	1395148471463	1395148471463	OK	 
ACTION	Pricing	36	price	1395148464178	1395148464179	1395148471546	1395148471546	OK	 
ACTION	Pricing	43	price	1395148464247	1395148464248	1395148471624	1395148471624	OK	 
ACTION	Pricing	92	price	1395148464318	1395148464319	1395148471702	1395148471702	OK	 
ACTION	Pricing	38	price	1395148464388	1395148464389	1395148471778	1395148471778	OK	 
ACTION	Pricing	97	price	1395148464459	1395148464460	1395148471853	1395148471853	OK	 
ACTION	Pricing	72	price	1395148464532	1395148464533	1395148471925	1395148471925	OK	 
ACTION	Pricing	96	price	1395148464602	1395148464603	1395148472002	1395148472003	OK	 
ACTION	Pricing	79	price	1395148464673	1395148464673	1395148472077	1395148472077	OK	 
ACTION	Pricing	63	price	1395148464742	1395148464743	1395148472151	1395148472152	OK	 
ACTION	Pricing	28	price	1395148464809	1395148464810	1395148472226	1395148472226	OK	 
ACTION	Pricing	40	price	1395148464881	1395148464882	1395148472302	1395148472303	OK	 
ACTION	Pricing	90	price	1395148464949	1395148464949	1395148472380	1395148472381	OK	 
ACTION	Pricing	68	price	1395148465022	1395148465023	1395148472454	1395148472454	OK	 
ACTION	Pricing	91	price	1395148465094	1395148465095	1395148472532	1395148472532	OK	 
ACTION	Pricing	83	price	1395148465161	1395148465162	1395148472607	1395148472608	OK	 
ACTION	Pricing	100	price	1395148465231	1395148465232	1395148472686	1395148472686	OK	 
ACTION	Pricing	99	price	1395148465300	1395148465301	1395148472765	1395148472765	OK	 
ACTION	Pricing	78	price	1395148465370	1395148465371	1395148472840	1395148472840	OK	 
ACTION	Pricing	37	price	1395148465445	1395148465445	1395148472917	1395148472917	OK	 
ACTION	Pricing	95	price	1395148465517	1395148465519	1395148472994	1395148472994	OK	 
ACTION	Pricing	2	price	1395148465588	1395148465589	1395148473081	1395148473081	OK	 
ACTION	Pricing	60	price	1395148465662	1395148465662	1395148473154	1395148473155	OK	 
ACTION	Pricing	50	price	1395148465734	1395148465735	1395148473233	1395148473234	OK	 
ACTION	Pricing	73	price	1395148465803	1395148465804	1395148473306	1395148473306	OK	 
ACTION	Pricing	24	price	1395148465879	1395148465879	1395148473378	1395148473378	OK	 
ACTION	Pricing	65	price	1395148465985	1395148465985	1395148473446	1395148473447	OK	 
ACTION	Pricing	3	price	1395148466053	1395148466054	1395148473520	1395148473521	OK	 
ACTION	Pricing	23	price	1395148466121	1395148466121	1395148473588	1395148473588	OK	 
ACTION	Pricing	22	price	1395148466194	1395148466195	1395148473660	1395148473660	OK	 
ACTION	Pricing	88	price	1395148466264	1395148466265	1395148473734	1395148473734	OK	 
ACTION	Pricing	49	price	1395148466331	1395148466332	1395148473814	1395148473814	OK	 
ACTION	Pricing	82	price	1395148466402	1395148466403	1395148473898	1395148473899	OK	 
ACTION	Pricing	44	price	1395148466474	1395148466475	1395148473980	1395148473980	OK	 
ACTION	Pricing	4	price	1395148466540	1395148466540	1395148474060	1395148474060	OK	 
ACTION	Pricing	27	price	1395148466614	1395148466615	1395148474140	1395148474141	OK	 
ACTION	Pricing	53	price	1395148466691	1395148466692	1395148474220	1395148474221	OK	 
ACTION	Pricing	84	price	1395148466781	1395148466782	1395148474301	1395148474301	OK	 
ACTION	Pricing	81	price	1395148466850	1395148466851	1395148474385	1395148474385	OK	 
ACTION	Pricing	89	price	1395148466924	1395148466925	1395148474468	1395148474469	OK	 
ACTION	Pricing	9	price	1395148466996	1395148466997	1395148474547	1395148474548	OK	 
ACTION	Pricing	10	price	1395148467073	1395148467074	1395148474632	1395148474633	OK	 
ACTION	Pricing	66	price	1395148467153	1395148467156	1395148474715	1395148474715	OK	 
ACTION	Pricing	29	price	1395148467231	1395148467232	1395148474791	1395148474791	OK	 
ACTION	Pricing	41	price	1395148467303	1395148467304	1395148474871	1395148474872	OK	 
ACTION	Pricing	86	price	1395148467372	1395148467373	1395148474951	1395148474951	OK	 
ACTION	Pricing	52	price	1395148467441	1395148467442	1395148475028	1395148475029	OK	 
ACTION	Pricing	64	price	1395148467516	1395148467517	1395148475101	1395148475101	OK	 
ACTION	Pricing	58	price	1395148467595	1395148467596	1395148475178	1395148475179	OK	 
ACTION	Pricing	25	price	1395148467670	1395148467670	1395148475254	1395148475255	OK	 
ACTION	Pricing	85	price	1395148467745	1395148467746	1395148475333	1395148475333	OK	 
ACTION	Pricing	93	price	1395148467811	1395148467812	1395148475412	1395148475412	OK	 
ACTION	Pricing	80	price	1395148467886	1395148467886	1395148475489	1395148475489	OK	 
ACTION	Pricing	75	price	1395148467958	1395148467959	1395148475566	1395148475567	OK	 
ACTION	Pricing	61	price	1395148468025	1395148468025	1395148475647	1395148475648	OK	 
ACTION	Pricing	30	price	1395148468090	1395148468091	1395148475726	1395148475727	OK	 
ACTION	Pricing	55	price	1395148468159	1395148468160	1395148475804	1395148475805	OK	 
ACTION	Pricing	31	price	1395148468224	1395148468225	1395148475888	1395148475889	OK	 
ACTION	Pricing	16	price	1395148468293	1395148468293	1395148475969	1395148475969	OK	 
ACTION	Pricing	13	price	1395148468362	1395148468362	1395148476054	1395148476054	OK	 
ACTION	Pricing	57	price	1395148468435	1395148468437	1395148476140	1395148476140	OK	 
ACTION	Pricing	94	price	1395148468505	1395148468506	1395148476224	1395148476224	OK	 
ACTION	Pricing	7	price	1395148468580	1395148468581	1395148476306	1395148476306	OK	 
ACTION	Pricing	48	price	1395148468654	1395148468654	1395148476392	1395148476392	OK	 
ACTION	Pricing	39	price	1395148468731	1395148468731	1395148476475	1395148476476	OK	 
ACTION	Pricing	32	price	1395148468801	1395148468803	1395148476560	1395148476560	OK	 
ACTION	Pricing	11	price	1395148468875	1395148468875	1395148476641	1395148476642	OK	 
ACTION	Pricing	76	price	1395148468950	1395148468950	1395148476722	1395148476723	OK	 
ACTION	Pricing	70	price	1395148469024	1395148469024	1395148476796	1395148476796	OK	 
ACTION	Pricing	62	price	1395148469091	1395148469092	1395148476865	1395148476866	OK	 
ACTION	Pricing	59	price	1395148469177	1395148469178	1395148476933	1395148476933	OK	 
ACTION	Pricing	8	price	1395148469252	1395148469253	1395148477000	1395148477000	OK	 
ACTION	Pricing	5	price	1395148469317	1395148469318	1395148477070	1395148477071	OK	 
ACTION	Pricing	21	price	1395148469384	1395148469385	1395148477140	1395148477140	OK	 
ACTION	Pricing	33	price	1395148469453	1395148469454	1395148477208	1395148477209	OK	 
ACTION	Pricing	54	price	1395148469523	1395148469523	1395148477274	1395148477274	OK	 
ACTION	Pricing	14	price	1395148469598	1395148469598	1395148477344	1395148477344	OK	 
ACTION	Pricing	34	price	1395148469677	1395148469677	1395148477417	1395148477417	OK	 
ACTION	Pricing	56	price	1395148469758	1395148469759	1395148477491	1395148477491	OK	 
ACTION	Pricing	87	price	1395148469831	1395148469832	1395148477571	1395148477572	OK	 
ACTION	Pricing	6	price	1395148469900	1395148469901	1395148477646	1395148477646	OK	 
ACTION	Pricing	71	price	1395148469969	1395148469970	1395148477721	1395148477721	OK	 
ACTION	Pricing	20	price	1395148470038	1395148470039	1395148477793	1395148477793	OK	 
ACTION	Pricing	77	price	1395148470114	1395148470114	1395148477863	1395148477864	OK	 
ACTION	Pricing	15	price	1395148470178	1395148470179	1395148477935	1395148477935	OK	 
ACTION	Pricing	1	price	1395148470241	1395148470242	1395148478004	1395148478005	OK	 
ACTION	Pricing	17	price	1395148470313	1395148470314	1395148478073	1395148478074	OK	 
ACTION	Pricing	67	price	1395148470391	1395148470391	1395148478139	1395148478139	OK	 
ACTION	Pricing	18	price	1395148470474	1395148470475	1395148478208	1395148478208	OK	 
ACTION	Pricing	69	price	1395148470557	1395148470559	1395148478289	1395148478289	OK	 
ACTION	Pricing	35	price	1395148470642	1395148470643	1395148478373	1395148478373	OK	 
ACTION	Pricing	74	price	1395148470723	1395148470724	1395148478453	1395148478453	OK	 
ACTION	Pricing	12	price	1395148470810	1395148470810	1395148478528	1395148478529	OK	 
ACTION	Pricing	46	price	1395148470894	1395148470895	1395148478605	1395148478605	OK	 
ACTION	Pricing	19	price	1395148470979	1395148470980	1395148478690	1395148478691	OK	 
ACTION	Pricing	47	price	1395148471059	1395148471060	1395148478771	1395148478772	OK	 
ACTION	Pricing	42	price	1395148471145	1395148471145	1395148478852	1395148478853	OK	 
ACTION	Pricing	51	price	1395148471236	1395148471236	1395148478932	1395148478932	OK	 
ACTION	Pricing	45	price	1395148471314	1395148471315	1395148479005	1395148479005	OK	 
ACTION	Pricing	98	price	1395148471388	1395148471389	1395148479080	1395148479081	OK	 
ACTION	Pricing	26	price	1395148471465	1395148471466	1395148479156	1395148479156	OK	 
ACTION	Pricing	36	price	1395148471548	1395148471548	1395148479230	1395148479230	OK	 
ACTION	Pricing	43	price	1395148471627	1395148471628	1395148479305	1395148479305	OK	 
ACTION	Pricing	92	price	1395148471704	1395148471705	1395148479382	1395148479382	OK	 
ACTION	Pricing	38	price	1395148471780	1395148471780	1395148479455	1395148479456	OK	 
ACTION	Pricing	97	price	1395148471855	1395148471856	1395148479529	1395148479529	OK	 
ACTION	Pricing	72	price	1395148471927	1395148471928	1395148479602	1395148479602	OK	 
ACTION	Pricing	96	price	1395148472004	1395148472005	1395148479676	1395148479676	OK	 
ACTION	Pricing	79	price	1395148472080	1395148472080	1395148479757	1395148479757	OK	 
ACTION	Pricing	63	price	1395148472153	1395148472154	1395148479832	1395148479833	OK	 
ACTION	Pricing	28	price	1395148472229	1395148472230	1395148479913	1395148479913	OK	 
ACTION	Pricing	40	price	1395148472305	1395148472306	1395148479990	1395148479990	OK	 
ACTION	Pricing	90	price	1395148472382	1395148472383	1395148480063	1395148480064	OK	 
ACTION	Pricing	68	price	1395148472456	1395148472457	1395148480140	1395148480141	OK	 
ACTION	Pricing	91	price	1395148472534	1395148472535	1395148480221	1395148480221	OK	 
ACTION	Pricing	83	price	1395148472610	1395148472610	1395148480304	1395148480304	OK	 
ACTION	Pricing	100	price	1395148472688	1395148472689	1395148480381	1395148480381	OK	 
ACTION	Pricing	99	price	1395148472767	1395148472768	1395148480454	1395148480454	OK	 
ACTION	Pricing	78	price	1395148472842	1395148472843	1395148480525	1395148480525	OK	 
ACTION	Pricing	37	price	1395148472920	1395148472920	1395148480599	1395148480600	OK	 
ACTION	Pricing	95	price	1395148472996	1395148472997	1395148480677	1395148480677	OK	 
ACTION	Pricing	2	price	1395148473083	1395148473083	1395148480754	1395148480754	OK	 
ACTION	Pricing	60	price	1395148473156	1395148473157	1395148480826	1395148480826	OK	 
ACTION	Pricing	50	price	1395148473235	1395148473236	1395148480902	1395148480902	OK	 
ACTION	Pricing	73	price	1395148473308	1395148473309	1395148480977	1395148480978	OK	 
ACTION	Pricing	24	price	1395148473380	1395148473381	1395148481056	1395148481056	OK	 
ACTION	Pricing	65	price	1395148473450	1395148473450	1395148481130	1395148481131	OK	 
ACTION	Pricing	3	price	1395148473523	1395148473524	1395148481204	1395148481204	OK	 
ACTION	Pricing	23	price	1395148473590	1395148473590	1395148481272	1395148481272	OK	 
ACTION	Pricing	22	price	1395148473662	1395148473662	1395148481340	1395148481341	OK	 
ACTION	Pricing	88	price	1395148473737	1395148473737	1395148481403	1395148481404	OK	 
ACTION	Pricing	49	price	1395148473816	1395148473817	1395148481495	1395148481495	OK	 
ACTION	Pricing	82	price	1395148473901	1395148473901	1395148481563	1395148481564	OK	 
ACTION	Pricing	44	price	1395148473982	1395148473983	1395148481636	1395148481636	OK	 
ACTION	Pricing	4	price	1395148474062	1395148474063	1395148481707	1395148481707	OK	 
ACTION	Pricing	27	price	1395148474142	1395148474143	1395148481801	1395148481801	OK	 
ACTION	Pricing	53	price	1395148474222	1395148474223	1395148481872	1395148481872	OK	 
ACTION	Pricing	84	price	1395148474304	1395148474304	1395148481943	1395148481943	OK	 
ACTION	Pricing	81	price	1395148474388	1395148474388	1395148482010	1395148482010	OK	 
ACTION	Pricing	89	price	1395148474471	1395148474472	1395148482076	1395148482076	OK	 
ACTION	Pricing	9	price	1395148474550	1395148474551	1395148482143	1395148482144	OK	 
ACTION	Pricing	10	price	1395148474635	1395148474636	1395148482208	1395148482208	OK	 
ACTION	Pricing	66	price	1395148474718	1395148474718	1395148482278	1395148482278	OK	 
ACTION	Pricing	29	price	1395148474793	1395148474794	1395148482343	1395148482343	OK	 
ACTION	Pricing	41	price	1395148474874	1395148474874	1395148482409	1395148482410	OK	 
ACTION	Pricing	86	price	1395148474953	1395148474953	1395148482490	1395148482491	OK	 
ACTION	Pricing	52	price	1395148475031	1395148475032	1395148482560	1395148482560	OK	 
ACTION	Pricing	64	price	1395148475103	1395148475104	1395148482627	1395148482628	OK	 
ACTION	Pricing	58	price	1395148475180	1395148475181	1395148482696	1395148482696	OK	 
ACTION	Pricing	25	price	1395148475257	1395148475257	1395148482764	1395148482764	OK	 
ACTION	Pricing	85	price	1395148475336	1395148475336	1395148482834	1395148482834	OK	 
ACTION	Pricing	93	price	1395148475415	1395148475415	1395148482905	1395148482906	OK	 
ACTION	Pricing	80	price	1395148475492	1395148475492	1395148482975	1395148482975	OK	 
ACTION	Pricing	75	price	1395148475569	1395148475569	1395148483050	1395148483050	OK	 
ACTION	Pricing	61	price	1395148475650	1395148475650	1395148483122	1395148483122	OK	 
ACTION	Pricing	30	price	1395148475729	1395148475730	1395148483189	1395148483189	OK	 
ACTION	Pricing	55	price	1395148475807	1395148475807	1395148483254	1395148483254	OK	 
ACTION	Pricing	31	price	1395148475890	1395148475892	1395148483341	1395148483341	OK	 
ACTION	Pricing	16	price	1395148475971	1395148475972	1395148483411	1395148483412	OK	 
ACTION	Pricing	13	price	1395148476056	1395148476057	1395148483483	1395148483483	OK	 
ACTION	Pricing	57	price	1395148476142	1395148476143	1395148483550	1395148483550	OK	 
ACTION	Pricing	94	price	1395148476227	1395148476228	1395148483620	1395148483621	OK	 
ACTION	Pricing	7	price	1395148476309	1395148476309	1395148483696	1395148483696	OK	 
ACTION	Pricing	48	price	1395148476394	1395148476395	1395148483765	1395148483765	OK	 
ACTION	Pricing	39	price	1395148476478	1395148476479	1395148483835	1395148483836	OK	 
ACTION	Pricing	32	price	1395148476562	1395148476563	1395148483911	1395148483911	OK	 
ACTION	Pricing	11	price	1395148476644	1395148476644	1395148483980	1395148483980	OK	 
ACTION	Pricing	76	price	1395148476724	1395148476725	1395148484046	1395148484046	OK	 
ACTION	Pricing	70	price	1395148476798	1395148476798	1395148484116	1395148484116	OK	 
ACTION	Pricing	62	price	1395148476867	1395148476868	1395148484187	1395148484187	OK	 
ACTION	Pricing	59	price	1395148476935	1395148476936	1395148484252	1395148484253	OK	 
SCENARIO	Pricing	59	END	1395148484253
ACTION	Pricing	8	price	1395148477002	1395148477003	1395148484323	1395148484323	OK	 
SCENARIO	Pricing	8	END	1395148484325
ACTION	Pricing	5	price	1395148477073	1395148477073	1395148484389	1395148484390	OK	 
SCENARIO	Pricing	5	END	1395148484390
ACTION	Pricing	21	price	1395148477142	1395148477143	1395148484462	1395148484462	OK	 
SCENARIO	Pricing	21	END	1395148484463
ACTION	Pricing	33	price	1395148477210	1395148477212	1395148484532	1395148484532	OK	 
SCENARIO	Pricing	33	END	1395148484533
ACTION	Pricing	54	price	1395148477275	1395148477276	1395148484603	1395148484604	OK	 
SCENARIO	Pricing	54	END	1395148484604
ACTION	Pricing	14	price	1395148477346	1395148477347	1395148484670	1395148484671	OK	 
SCENARIO	Pricing	14	END	1395148484671
ACTION	Pricing	34	price	1395148477419	1395148477419	1395148484751	1395148484751	OK	 
SCENARIO	Pricing	34	END	1395148484752
ACTION	Pricing	56	price	1395148477493	1395148477493	1395148484820	1395148484821	OK	 
SCENARIO	Pricing	56	END	1395148484822
ACTION	Pricing	87	price	1395148477574	1395148477574	1395148484892	1395148484892	OK	 
SCENARIO	Pricing	87	END	1395148484893
ACTION	Pricing	6	price	1395148477648	1395148477649	1395148484961	1395148484962	OK	 
SCENARIO	Pricing	6	END	1395148484963
ACTION	Pricing	71	price	1395148477723	1395148477723	1395148485031	1395148485031	OK	 
SCENARIO	Pricing	71	END	1395148485032
ACTION	Pricing	20	price	1395148477795	1395148477796	1395148485097	1395148485098	OK	 
SCENARIO	Pricing	20	END	1395148485099
ACTION	Pricing	77	price	1395148477865	1395148477866	1395148485168	1395148485169	OK	 
SCENARIO	Pricing	77	END	1395148485170
ACTION	Pricing	15	price	1395148477937	1395148477938	1395148485238	1395148485239	OK	 
SCENARIO	Pricing	15	END	1395148485239
ACTION	Pricing	1	price	1395148478006	1395148478007	1395148485304	1395148485305	OK	 
SCENARIO	Pricing	1	END	1395148485306
ACTION	Pricing	17	price	1395148478075	1395148478076	1395148485370	1395148485370	OK	 
SCENARIO	Pricing	17	END	1395148485371
ACTION	Pricing	67	price	1395148478141	1395148478141	1395148485435	1395148485435	OK	 
SCENARIO	Pricing	67	END	1395148485436
ACTION	Pricing	18	price	1395148478210	1395148478211	1395148485499	1395148485499	OK	 
SCENARIO	Pricing	18	END	1395148485500
ACTION	Pricing	69	price	1395148478291	1395148478292	1395148485571	1395148485571	OK	 
SCENARIO	Pricing	69	END	1395148485572
ACTION	Pricing	35	price	1395148478375	1395148478376	1395148485644	1395148485645	OK	 
SCENARIO	Pricing	35	END	1395148485646
ACTION	Pricing	74	price	1395148478455	1395148478456	1395148485720	1395148485720	OK	 
SCENARIO	Pricing	74	END	1395148485721
ACTION	Pricing	12	price	1395148478531	1395148478532	1395148485791	1395148485791	OK	 
SCENARIO	Pricing	12	END	1395148485792
ACTION	Pricing	46	price	1395148478607	1395148478608	1395148485859	1395148485859	OK	 
SCENARIO	Pricing	46	END	1395148485860
ACTION	Pricing	19	price	1395148478693	1395148478693	1395148485936	1395148485936	OK	 
SCENARIO	Pricing	19	END	1395148485938
ACTION	Pricing	47	price	1395148478774	1395148478774	1395148486010	1395148486010	OK	 
SCENARIO	Pricing	47	END	1395148486011
ACTION	Pricing	42	price	1395148478854	1395148478855	1395148486090	1395148486090	OK	 
SCENARIO	Pricing	42	END	1395148486091
ACTION	Pricing	51	price	1395148478934	1395148478934	1395148486167	1395148486168	OK	 
SCENARIO	Pricing	51	END	1395148486169
ACTION	Pricing	45	price	1395148479007	1395148479007	1395148486266	1395148486266	OK	 
SCENARIO	Pricing	45	END	1395148486267
ACTION	Pricing	98	price	1395148479082	1395148479083	1395148486351	1395148486352	OK	 
SCENARIO	Pricing	98	END	1395148486352
ACTION	Pricing	26	price	1395148479158	1395148479158	1395148486438	1395148486438	OK	 
SCENARIO	Pricing	26	END	1395148486439
ACTION	Pricing	36	price	1395148479232	1395148479232	1395148486521	1395148486521	OK	 
SCENARIO	Pricing	36	END	1395148486522
ACTION	Pricing	43	price	1395148479307	1395148479308	1395148486612	1395148486612	OK	 
SCENARIO	Pricing	43	END	1395148486613
ACTION	Pricing	92	price	1395148479384	1395148479384	1395148486704	1395148486704	OK	 
SCENARIO	Pricing	92	END	1395148486705
ACTION	Pricing	38	price	1395148479457	1395148479458	1395148486801	1395148486801	OK	 
SCENARIO	Pricing	38	END	1395148486802
ACTION	Pricing	97	price	1395148479531	1395148479531	1395148486888	1395148486888	OK	 
SCENARIO	Pricing	97	END	1395148486889
ACTION	Pricing	72	price	1395148479604	1395148479605	1395148486972	1395148486972	OK	 
SCENARIO	Pricing	72	END	1395148486973
ACTION	Pricing	96	price	1395148479678	1395148479679	1395148487054	1395148487054	OK	 
SCENARIO	Pricing	96	END	1395148487055
ACTION	Pricing	79	price	1395148479759	1395148479760	1395148487132	1395148487132	OK	 
SCENARIO	Pricing	79	END	1395148487133
ACTION	Pricing	63	price	1395148479835	1395148479835	1395148487205	1395148487205	OK	 
SCENARIO	Pricing	63	END	1395148487206
ACTION	Pricing	28	price	1395148479915	1395148479915	1395148487283	1395148487283	OK	 
SCENARIO	Pricing	28	END	1395148487284
ACTION	Pricing	40	price	1395148479992	1395148479993	1395148487360	1395148487360	OK	 
SCENARIO	Pricing	40	END	1395148487360
ACTION	Pricing	90	price	1395148480066	1395148480066	1395148487433	1395148487433	OK	 
SCENARIO	Pricing	90	END	1395148487434
ACTION	Pricing	68	price	1395148480143	1395148480143	1395148487509	1395148487509	OK	 
SCENARIO	Pricing	68	END	1395148487510
ACTION	Pricing	91	price	1395148480223	1395148480224	1395148487584	1395148487584	OK	 
SCENARIO	Pricing	91	END	1395148487585
ACTION	Pricing	83	price	1395148480306	1395148480307	1395148487656	1395148487657	OK	 
SCENARIO	Pricing	83	END	1395148487657
ACTION	Pricing	100	price	1395148480383	1395148480384	1395148487735	1395148487736	OK	 
SCENARIO	Pricing	100	END	1395148487737
ACTION	Pricing	99	price	1395148480456	1395148480457	1395148487821	1395148487821	OK	 
SCENARIO	Pricing	99	END	1395148487822
ACTION	Pricing	78	price	1395148480527	1395148480528	1395148487894	1395148487894	OK	 
SCENARIO	Pricing	78	END	1395148487895
ACTION	Pricing	37	price	1395148480601	1395148480602	1395148487972	1395148487972	OK	 
SCENARIO	Pricing	37	END	1395148487973
ACTION	Pricing	95	price	1395148480679	1395148480680	1395148488047	1395148488048	OK	 
SCENARIO	Pricing	95	END	1395148488049
ACTION	Pricing	2	price	1395148480756	1395148480756	1395148488122	1395148488123	OK	 
SCENARIO	Pricing	2	END	1395148488124
ACTION	Pricing	60	price	1395148480828	1395148480829	1395148488194	1395148488194	OK	 
SCENARIO	Pricing	60	END	1395148488195
ACTION	Pricing	50	price	1395148480904	1395148480905	1395148488274	1395148488275	OK	 
SCENARIO	Pricing	50	END	1395148488276
ACTION	Pricing	73	price	1395148480980	1395148480980	1395148488349	1395148488350	OK	 
SCENARIO	Pricing	73	END	1395148488350
ACTION	Pricing	24	price	1395148481058	1395148481059	1395148488422	1395148488422	OK	 
SCENARIO	Pricing	24	END	1395148488423
ACTION	Pricing	65	price	1395148481132	1395148481133	1395148488497	1395148488497	OK	 
SCENARIO	Pricing	65	END	1395148488498
ACTION	Pricing	3	price	1395148481206	1395148481207	1395148488573	1395148488573	OK	 
SCENARIO	Pricing	3	END	1395148488574
ACTION	Pricing	23	price	1395148481274	1395148481274	1395148488645	1395148488645	OK	 
SCENARIO	Pricing	23	END	1395148488646
ACTION	Pricing	22	price	1395148481342	1395148481343	1395148488720	1395148488720	OK	 
SCENARIO	Pricing	22	END	1395148488721
ACTION	Pricing	88	price	1395148481406	1395148481406	1395148488797	1395148488797	OK	 
SCENARIO	Pricing	88	END	1395148488798
ACTION	Pricing	49	price	1395148481497	1395148481498	1395148488870	1395148488870	OK	 
SCENARIO	Pricing	49	END	1395148488871
ACTION	Pricing	82	price	1395148481565	1395148481566	1395148488940	1395148488940	OK	 
SCENARIO	Pricing	82	END	1395148488941
ACTION	Pricing	44	price	1395148481638	1395148481639	1395148489007	1395148489007	OK	 
SCENARIO	Pricing	44	END	1395148489008
ACTION	Pricing	4	price	1395148481709	1395148481710	1395148489072	1395148489072	OK	 
SCENARIO	Pricing	4	END	1395148489073
ACTION	Pricing	27	price	1395148481803	1395148481804	1395148489138	1395148489138	OK	 
SCENARIO	Pricing	27	END	1395148489139
ACTION	Pricing	53	price	1395148481874	1395148481875	1395148489206	1395148489207	OK	 
SCENARIO	Pricing	53	END	1395148489207
ACTION	Pricing	84	price	1395148481945	1395148481946	1395148489274	1395148489274	OK	 
SCENARIO	Pricing	84	END	1395148489275
ACTION	Pricing	81	price	1395148482012	1395148482013	1395148489337	1395148489338	OK	 
SCENARIO	Pricing	81	END	1395148489338
ACTION	Pricing	89	price	1395148482078	1395148482078	1395148489403	1395148489403	OK	 
SCENARIO	Pricing	89	END	1395148489404
ACTION	Pricing	9	price	1395148482145	1395148482146	1395148489470	1395148489470	OK	 
SCENARIO	Pricing	9	END	1395148489471
ACTION	Pricing	10	price	1395148482210	1395148482210	1395148489534	1395148489534	OK	 
SCENARIO	Pricing	10	END	1395148489535
ACTION	Pricing	66	price	1395148482280	1395148482281	1395148489605	1395148489605	OK	 
SCENARIO	Pricing	66	END	1395148489606
ACTION	Pricing	29	price	1395148482345	1395148482346	1395148489670	1395148489670	OK	 
SCENARIO	Pricing	29	END	1395148489671
ACTION	Pricing	41	price	1395148482411	1395148482412	1395148489738	1395148489739	OK	 
SCENARIO	Pricing	41	END	1395148489739
ACTION	Pricing	86	price	1395148482492	1395148482493	1395148489807	1395148489808	OK	 
SCENARIO	Pricing	86	END	1395148489808
ACTION	Pricing	52	price	1395148482561	1395148482562	1395148489879	1395148489879	OK	 
SCENARIO	Pricing	52	END	1395148489880
ACTION	Pricing	64	price	1395148482629	1395148482630	1395148489947	1395148489947	OK	 
SCENARIO	Pricing	64	END	1395148489948
ACTION	Pricing	58	price	1395148482699	1395148482700	1395148490013	1395148490013	OK	 
SCENARIO	Pricing	58	END	1395148490014
ACTION	Pricing	25	price	1395148482766	1395148482766	1395148490078	1395148490079	OK	 
SCENARIO	Pricing	25	END	1395148490080
ACTION	Pricing	85	price	1395148482836	1395148482837	1395148490155	1395148490156	OK	 
SCENARIO	Pricing	85	END	1395148490156
ACTION	Pricing	93	price	1395148482907	1395148482908	1395148490226	1395148490226	OK	 
SCENARIO	Pricing	93	END	1395148490227
ACTION	Pricing	80	price	1395148482977	1395148482977	1395148490294	1395148490294	OK	 
SCENARIO	Pricing	80	END	1395148490295
ACTION	Pricing	75	price	1395148483052	1395148483053	1395148490363	1395148490363	OK	 
SCENARIO	Pricing	75	END	1395148490364
ACTION	Pricing	61	price	1395148483125	1395148483125	1395148490459	1395148490459	OK	 
SCENARIO	Pricing	61	END	1395148490460
ACTION	Pricing	30	price	1395148483191	1395148483191	1395148490527	1395148490528	OK	 
SCENARIO	Pricing	30	END	1395148490528
ACTION	Pricing	55	price	1395148483256	1395148483256	1395148490594	1395148490594	OK	 
SCENARIO	Pricing	55	END	1395148490595
ACTION	Pricing	31	price	1395148483343	1395148483344	1395148490667	1395148490668	OK	 
SCENARIO	Pricing	31	END	1395148490669
ACTION	Pricing	16	price	1395148483413	1395148483414	1395148490746	1395148490746	OK	 
SCENARIO	Pricing	16	END	1395148490747
ACTION	Pricing	13	price	1395148483485	1395148483485	1395148490813	1395148490814	OK	 
SCENARIO	Pricing	13	END	1395148490815
ACTION	Pricing	57	price	1395148483552	1395148483552	1395148490882	1395148490882	OK	 
SCENARIO	Pricing	57	END	1395148490883
ACTION	Pricing	94	price	1395148483622	1395148483623	1395148490958	1395148490959	OK	 
SCENARIO	Pricing	94	END	1395148490960
ACTION	Pricing	7	price	1395148483698	1395148483698	1395148491029	1395148491029	OK	 
SCENARIO	Pricing	7	END	1395148491030
ACTION	Pricing	48	price	1395148483767	1395148483769	1395148491095	1395148491096	OK	 
SCENARIO	Pricing	48	END	1395148491096
ACTION	Pricing	39	price	1395148483838	1395148483838	1395148491162	1395148491162	OK	 
SCENARIO	Pricing	39	END	1395148491163
ACTION	Pricing	32	price	1395148483913	1395148483913	1395148491226	1395148491227	OK	 
SCENARIO	Pricing	32	END	1395148491228
ACTION	Pricing	11	price	1395148483982	1395148483982	1395148491289	1395148491290	OK	 
SCENARIO	Pricing	11	END	1395148491290
ACTION	Pricing	76	price	1395148484047	1395148484048	1395148491351	1395148491352	OK	 
SCENARIO	Pricing	76	END	1395148491353
ACTION	Pricing	70	price	1395148484118	1395148484119	1395148491409	1395148491409	OK	 
SCENARIO	Pricing	70	END	1395148491410
ACTION	Pricing	62	price	1395148484188	1395148484189	1395148491461	1395148491461	OK	 
SCENARIO	Pricing	62	END	1395148491462
