RUN	20140318091225	pricingsimulation	pricingsimulation
SCENARIO	Pricing	4	START	1395133948763
SCENARIO	Pricing	2	START	1395133948768
SCENARIO	Pricing	3	START	1395133948768
SCENARIO	Pricing	1	START	1395133948768
ACTION	Pricing	2	price	1395133948851	1395133948866	1395133949400	1395133949426	OK	 
ACTION	Pricing	3	price	1395133948860	1395133948869	1395133949401	1395133949426	OK	 
ACTION	Pricing	1	price	1395133948866	1395133948870	1395133949402	1395133949426	OK	 
ACTION	Pricing	4	price	1395133948840	1395133948866	1395133949401	1395133949426	OK	 
ACTION	Pricing	4	price	1395133949613	1395133949614	1395133949670	1395133949670	OK	 
ACTION	Pricing	3	price	1395133949615	1395133949621	1395133949707	1395133949708	OK	 
ACTION	Pricing	1	price	1395133949628	1395133949631	1395133949752	1395133949752	OK	 
ACTION	Pricing	2	price	1395133949638	1395133949640	1395133949788	1395133949788	OK	 
ACTION	Pricing	4	price	1395133949672	1395133949673	1395133949820	1395133949820	OK	 
ACTION	Pricing	3	price	1395133949710	1395133949711	1395133949851	1395133949851	OK	 
ACTION	Pricing	1	price	1395133949755	1395133949756	1395133949896	1395133949896	OK	 
ACTION	Pricing	2	price	1395133949790	1395133949791	1395133949929	1395133949929	OK	 
ACTION	Pricing	4	price	1395133949822	1395133949827	1395133949960	1395133949960	OK	 
ACTION	Pricing	3	price	1395133949853	1395133949855	1395133949996	1395133949997	OK	 
ACTION	Pricing	1	price	1395133949898	1395133949899	1395133950027	1395133950028	OK	 
ACTION	Pricing	2	price	1395133949930	1395133949932	1395133950057	1395133950057	OK	 
ACTION	Pricing	4	price	1395133949962	1395133949963	1395133950087	1395133950088	OK	 
ACTION	Pricing	3	price	1395133949999	1395133950000	1395133950119	1395133950119	OK	 
ACTION	Pricing	1	price	1395133950029	1395133950031	1395133950152	1395133950152	OK	 
ACTION	Pricing	2	price	1395133950059	1395133950059	1395133950189	1395133950189	OK	 
ACTION	Pricing	4	price	1395133950090	1395133950091	1395133950223	1395133950223	OK	 
ACTION	Pricing	3	price	1395133950121	1395133950122	1395133950253	1395133950254	OK	 
ACTION	Pricing	1	price	1395133950154	1395133950155	1395133950287	1395133950287	OK	 
ACTION	Pricing	2	price	1395133950191	1395133950192	1395133950323	1395133950323	OK	 
ACTION	Pricing	4	price	1395133950225	1395133950226	1395133950354	1395133950354	OK	 
ACTION	Pricing	3	price	1395133950255	1395133950256	1395133950389	1395133950389	OK	 
ACTION	Pricing	1	price	1395133950289	1395133950290	1395133950420	1395133950420	OK	 
ACTION	Pricing	2	price	1395133950325	1395133950326	1395133950449	1395133950450	OK	 
ACTION	Pricing	4	price	1395133950356	1395133950360	1395133950481	1395133950482	OK	 
ACTION	Pricing	3	price	1395133950391	1395133950392	1395133950512	1395133950513	OK	 
ACTION	Pricing	1	price	1395133950422	1395133950423	1395133950541	1395133950541	OK	 
ACTION	Pricing	2	price	1395133950451	1395133950453	1395133950569	1395133950570	OK	 
ACTION	Pricing	4	price	1395133950483	1395133950484	1395133950611	1395133950611	OK	 
ACTION	Pricing	3	price	1395133950514	1395133950515	1395133950638	1395133950638	OK	 
ACTION	Pricing	1	price	1395133950543	1395133950544	1395133950669	1395133950669	OK	 
ACTION	Pricing	2	price	1395133950571	1395133950573	1395133950701	1395133950701	OK	 
ACTION	Pricing	4	price	1395133950612	1395133950614	1395133950730	1395133950730	OK	 
ACTION	Pricing	3	price	1395133950640	1395133950641	1395133950760	1395133950761	OK	 
ACTION	Pricing	1	price	1395133950673	1395133950674	1395133950789	1395133950789	OK	 
ACTION	Pricing	2	price	1395133950703	1395133950703	1395133950820	1395133950820	OK	 
ACTION	Pricing	4	price	1395133950732	1395133950732	1395133950849	1395133950850	OK	 
ACTION	Pricing	3	price	1395133950763	1395133950763	1395133950880	1395133950880	OK	 
ACTION	Pricing	1	price	1395133950790	1395133950791	1395133950908	1395133950908	OK	 
ACTION	Pricing	2	price	1395133950822	1395133950823	1395133950954	1395133950954	OK	 
ACTION	Pricing	4	price	1395133950851	1395133950852	1395133950986	1395133950986	OK	 
ACTION	Pricing	3	price	1395133950881	1395133950882	1395133951020	1395133951020	OK	 
ACTION	Pricing	1	price	1395133950910	1395133950910	1395133951047	1395133951047	OK	 
ACTION	Pricing	2	price	1395133950957	1395133950957	1395133951078	1395133951079	OK	 
ACTION	Pricing	4	price	1395133950988	1395133950989	1395133951108	1395133951108	OK	 
ACTION	Pricing	3	price	1395133951022	1395133951022	1395133951138	1395133951139	OK	 
ACTION	Pricing	1	price	1395133951049	1395133951049	1395133951166	1395133951166	OK	 
ACTION	Pricing	2	price	1395133951080	1395133951080	1395133951195	1395133951195	OK	 
ACTION	Pricing	4	price	1395133951110	1395133951110	1395133951222	1395133951222	OK	 
ACTION	Pricing	3	price	1395133951140	1395133951141	1395133951252	1395133951252	OK	 
ACTION	Pricing	1	price	1395133951168	1395133951168	1395133951280	1395133951280	OK	 
ACTION	Pricing	2	price	1395133951197	1395133951197	1395133951309	1395133951309	OK	 
ACTION	Pricing	4	price	1395133951224	1395133951225	1395133951341	1395133951341	OK	 
ACTION	Pricing	3	price	1395133951254	1395133951255	1395133951368	1395133951369	OK	 
ACTION	Pricing	1	price	1395133951281	1395133951282	1395133951398	1395133951398	OK	 
ACTION	Pricing	2	price	1395133951311	1395133951311	1395133951431	1395133951431	OK	 
ACTION	Pricing	4	price	1395133951343	1395133951343	1395133951461	1395133951461	OK	 
ACTION	Pricing	3	price	1395133951370	1395133951371	1395133951492	1395133951492	OK	 
ACTION	Pricing	1	price	1395133951399	1395133951400	1395133951521	1395133951521	OK	 
ACTION	Pricing	2	price	1395133951433	1395133951433	1395133951554	1395133951554	OK	 
ACTION	Pricing	4	price	1395133951463	1395133951463	1395133951585	1395133951585	OK	 
ACTION	Pricing	3	price	1395133951493	1395133951494	1395133951613	1395133951614	OK	 
ACTION	Pricing	1	price	1395133951523	1395133951524	1395133951642	1395133951642	OK	 
ACTION	Pricing	2	price	1395133951556	1395133951556	1395133951670	1395133951670	OK	 
ACTION	Pricing	4	price	1395133951586	1395133951587	1395133951697	1395133951698	OK	 
ACTION	Pricing	3	price	1395133951615	1395133951616	1395133951725	1395133951726	OK	 
ACTION	Pricing	1	price	1395133951644	1395133951644	1395133951756	1395133951756	OK	 
ACTION	Pricing	2	price	1395133951672	1395133951672	1395133951783	1395133951783	OK	 
ACTION	Pricing	4	price	1395133951699	1395133951700	1395133951813	1395133951813	OK	 
ACTION	Pricing	3	price	1395133951727	1395133951728	1395133951841	1395133951841	OK	 
ACTION	Pricing	1	price	1395133951759	1395133951759	1395133951871	1395133951871	OK	 
ACTION	Pricing	2	price	1395133951784	1395133951785	1395133951898	1395133951898	OK	 
ACTION	Pricing	4	price	1395133951815	1395133951815	1395133951929	1395133951930	OK	 
ACTION	Pricing	3	price	1395133951843	1395133951843	1395133951961	1395133951961	OK	 
ACTION	Pricing	1	price	1395133951873	1395133951873	1395133951991	1395133951991	OK	 
ACTION	Pricing	2	price	1395133951900	1395133951900	1395133952023	1395133952024	OK	 
ACTION	Pricing	4	price	1395133951932	1395133951932	1395133952051	1395133952052	OK	 
ACTION	Pricing	3	price	1395133951962	1395133951963	1395133952081	1395133952082	OK	 
ACTION	Pricing	1	price	1395133951992	1395133951993	1395133952109	1395133952110	OK	 
ACTION	Pricing	2	price	1395133952025	1395133952026	1395133952138	1395133952139	OK	 
ACTION	Pricing	4	price	1395133952053	1395133952054	1395133952168	1395133952169	OK	 
ACTION	Pricing	3	price	1395133952083	1395133952084	1395133952202	1395133952203	OK	 
ACTION	Pricing	1	price	1395133952111	1395133952112	1395133952231	1395133952231	OK	 
ACTION	Pricing	2	price	1395133952140	1395133952141	1395133952263	1395133952263	OK	 
ACTION	Pricing	4	price	1395133952170	1395133952171	1395133952290	1395133952290	OK	 
ACTION	Pricing	3	price	1395133952204	1395133952205	1395133952320	1395133952320	OK	 
ACTION	Pricing	1	price	1395133952233	1395133952233	1395133952349	1395133952350	OK	 
ACTION	Pricing	2	price	1395133952264	1395133952265	1395133952381	1395133952381	OK	 
ACTION	Pricing	4	price	1395133952292	1395133952293	1395133952410	1395133952410	OK	 
ACTION	Pricing	3	price	1395133952322	1395133952322	1395133952440	1395133952440	OK	 
ACTION	Pricing	1	price	1395133952351	1395133952352	1395133952474	1395133952474	OK	 
ACTION	Pricing	2	price	1395133952383	1395133952384	1395133952502	1395133952502	OK	 
ACTION	Pricing	4	price	1395133952412	1395133952412	1395133952535	1395133952536	OK	 
ACTION	Pricing	3	price	1395133952442	1395133952443	1395133952562	1395133952562	OK	 
ACTION	Pricing	1	price	1395133952476	1395133952476	1395133952590	1395133952591	OK	 
ACTION	Pricing	2	price	1395133952504	1395133952505	1395133952619	1395133952620	OK	 
ACTION	Pricing	4	price	1395133952538	1395133952538	1395133952648	1395133952649	OK	 
ACTION	Pricing	3	price	1395133952564	1395133952565	1395133952679	1395133952679	OK	 
ACTION	Pricing	1	price	1395133952592	1395133952592	1395133952709	1395133952709	OK	 
ACTION	Pricing	2	price	1395133952621	1395133952622	1395133952738	1395133952739	OK	 
ACTION	Pricing	4	price	1395133952650	1395133952651	1395133952767	1395133952767	OK	 
ACTION	Pricing	3	price	1395133952681	1395133952682	1395133952798	1395133952798	OK	 
ACTION	Pricing	1	price	1395133952710	1395133952711	1395133952830	1395133952830	OK	 
ACTION	Pricing	2	price	1395133952740	1395133952741	1395133952860	1395133952860	OK	 
ACTION	Pricing	4	price	1395133952769	1395133952769	1395133952892	1395133952892	OK	 
ACTION	Pricing	3	price	1395133952800	1395133952801	1395133952922	1395133952923	OK	 
ACTION	Pricing	1	price	1395133952832	1395133952832	1395133952955	1395133952956	OK	 
ACTION	Pricing	2	price	1395133952861	1395133952862	1395133952986	1395133952986	OK	 
ACTION	Pricing	4	price	1395133952894	1395133952894	1395133953018	1395133953019	OK	 
ACTION	Pricing	3	price	1395133952924	1395133952924	1395133953043	1395133953043	OK	 
ACTION	Pricing	1	price	1395133952957	1395133952958	1395133953071	1395133953071	OK	 
ACTION	Pricing	2	price	1395133952989	1395133952989	1395133953099	1395133953099	OK	 
ACTION	Pricing	4	price	1395133953020	1395133953021	1395133953129	1395133953129	OK	 
ACTION	Pricing	3	price	1395133953045	1395133953045	1395133953160	1395133953160	OK	 
ACTION	Pricing	1	price	1395133953073	1395133953073	1395133953188	1395133953188	OK	 
ACTION	Pricing	2	price	1395133953100	1395133953101	1395133953215	1395133953215	OK	 
ACTION	Pricing	4	price	1395133953132	1395133953132	1395133953245	1395133953246	OK	 
ACTION	Pricing	3	price	1395133953162	1395133953162	1395133953278	1395133953278	OK	 
ACTION	Pricing	1	price	1395133953190	1395133953191	1395133953310	1395133953310	OK	 
ACTION	Pricing	2	price	1395133953217	1395133953217	1395133953339	1395133953339	OK	 
ACTION	Pricing	4	price	1395133953247	1395133953248	1395133953370	1395133953370	OK	 
ACTION	Pricing	3	price	1395133953280	1395133953281	1395133953399	1395133953399	OK	 
ACTION	Pricing	1	price	1395133953312	1395133953312	1395133953429	1395133953429	OK	 
ACTION	Pricing	2	price	1395133953341	1395133953341	1395133953458	1395133953459	OK	 
ACTION	Pricing	4	price	1395133953372	1395133953372	1395133953487	1395133953487	OK	 
ACTION	Pricing	3	price	1395133953403	1395133953403	1395133953516	1395133953516	OK	 
ACTION	Pricing	1	price	1395133953431	1395133953431	1395133953548	1395133953548	OK	 
ACTION	Pricing	2	price	1395133953460	1395133953461	1395133953581	1395133953581	OK	 
ACTION	Pricing	4	price	1395133953488	1395133953489	1395133953614	1395133953614	OK	 
ACTION	Pricing	3	price	1395133953518	1395133953518	1395133953645	1395133953645	OK	 
ACTION	Pricing	1	price	1395133953550	1395133953550	1395133953675	1395133953675	OK	 
ACTION	Pricing	2	price	1395133953583	1395133953584	1395133953710	1395133953710	OK	 
ACTION	Pricing	4	price	1395133953616	1395133953616	1395133953749	1395133953749	OK	 
ACTION	Pricing	3	price	1395133953647	1395133953647	1395133953770	1395133953770	OK	 
ACTION	Pricing	1	price	1395133953676	1395133953677	1395133953802	1395133953802	OK	 
ACTION	Pricing	2	price	1395133953712	1395133953713	1395133953840	1395133953840	OK	 
ACTION	Pricing	4	price	1395133953751	1395133953752	1395133953871	1395133953872	OK	 
ACTION	Pricing	3	price	1395133953771	1395133953772	1395133953906	1395133953906	OK	 
ACTION	Pricing	1	price	1395133953804	1395133953804	1395133953937	1395133953937	OK	 
ACTION	Pricing	2	price	1395133953842	1395133953842	1395133953967	1395133953968	OK	 
ACTION	Pricing	4	price	1395133953873	1395133953874	1395133953997	1395133953998	OK	 
ACTION	Pricing	3	price	1395133953908	1395133953908	1395133954025	1395133954025	OK	 
ACTION	Pricing	1	price	1395133953939	1395133953940	1395133954054	1395133954054	OK	 
ACTION	Pricing	2	price	1395133953969	1395133953970	1395133954089	1395133954089	OK	 
ACTION	Pricing	4	price	1395133953999	1395133954000	1395133954119	1395133954119	OK	 
ACTION	Pricing	3	price	1395133954027	1395133954027	1395133954147	1395133954148	OK	 
ACTION	Pricing	1	price	1395133954056	1395133954057	1395133954178	1395133954178	OK	 
ACTION	Pricing	2	price	1395133954091	1395133954092	1395133954208	1395133954209	OK	 
ACTION	Pricing	4	price	1395133954121	1395133954122	1395133954242	1395133954242	OK	 
ACTION	Pricing	3	price	1395133954149	1395133954150	1395133954273	1395133954273	OK	 
ACTION	Pricing	1	price	1395133954179	1395133954180	1395133954303	1395133954303	OK	 
ACTION	Pricing	2	price	1395133954211	1395133954211	1395133954332	1395133954332	OK	 
ACTION	Pricing	4	price	1395133954244	1395133954244	1395133954363	1395133954364	OK	 
ACTION	Pricing	3	price	1395133954274	1395133954275	1395133954393	1395133954394	OK	 
ACTION	Pricing	1	price	1395133954305	1395133954305	1395133954424	1395133954424	OK	 
ACTION	Pricing	2	price	1395133954334	1395133954334	1395133954451	1395133954451	OK	 
ACTION	Pricing	4	price	1395133954365	1395133954366	1395133954481	1395133954481	OK	 
ACTION	Pricing	3	price	1395133954395	1395133954396	1395133954513	1395133954514	OK	 
ACTION	Pricing	1	price	1395133954426	1395133954426	1395133954541	1395133954541	OK	 
ACTION	Pricing	2	price	1395133954453	1395133954453	1395133954569	1395133954570	OK	 
ACTION	Pricing	4	price	1395133954483	1395133954483	1395133954599	1395133954599	OK	 
ACTION	Pricing	3	price	1395133954515	1395133954516	1395133954631	1395133954631	OK	 
ACTION	Pricing	1	price	1395133954543	1395133954543	1395133954659	1395133954660	OK	 
ACTION	Pricing	2	price	1395133954571	1395133954572	1395133954689	1395133954689	OK	 
ACTION	Pricing	4	price	1395133954600	1395133954601	1395133954721	1395133954721	OK	 
ACTION	Pricing	3	price	1395133954633	1395133954634	1395133954752	1395133954753	OK	 
ACTION	Pricing	1	price	1395133954661	1395133954662	1395133954799	1395133954800	OK	 
ACTION	Pricing	2	price	1395133954690	1395133954691	1395133954841	1395133954841	OK	 
ACTION	Pricing	4	price	1395133954722	1395133954723	1395133954870	1395133954870	OK	 
ACTION	Pricing	3	price	1395133954754	1395133954755	1395133954899	1395133954899	OK	 
ACTION	Pricing	1	price	1395133954801	1395133954802	1395133954929	1395133954929	OK	 
ACTION	Pricing	2	price	1395133954843	1395133954844	1395133954958	1395133954958	OK	 
ACTION	Pricing	4	price	1395133954872	1395133954872	1395133954987	1395133954988	OK	 
ACTION	Pricing	3	price	1395133954901	1395133954901	1395133955018	1395133955018	OK	 
ACTION	Pricing	1	price	1395133954930	1395133954931	1395133955048	1395133955049	OK	 
ACTION	Pricing	2	price	1395133954960	1395133954960	1395133955084	1395133955084	OK	 
ACTION	Pricing	4	price	1395133954989	1395133954990	1395133955116	1395133955117	OK	 
ACTION	Pricing	3	price	1395133955020	1395133955021	1395133955146	1395133955146	OK	 
ACTION	Pricing	1	price	1395133955050	1395133955051	1395133955177	1395133955178	OK	 
ACTION	Pricing	2	price	1395133955086	1395133955087	1395133955210	1395133955210	OK	 
ACTION	Pricing	4	price	1395133955118	1395133955119	1395133955241	1395133955241	OK	 
ACTION	Pricing	3	price	1395133955147	1395133955148	1395133955272	1395133955272	OK	 
ACTION	Pricing	1	price	1395133955180	1395133955180	1395133955305	1395133955306	OK	 
ACTION	Pricing	2	price	1395133955212	1395133955212	1395133955335	1395133955335	OK	 
ACTION	Pricing	4	price	1395133955243	1395133955243	1395133955367	1395133955367	OK	 
ACTION	Pricing	3	price	1395133955274	1395133955275	1395133955402	1395133955402	OK	 
ACTION	Pricing	1	price	1395133955307	1395133955308	1395133955436	1395133955436	OK	 
ACTION	Pricing	2	price	1395133955337	1395133955337	1395133955467	1395133955467	OK	 
ACTION	Pricing	4	price	1395133955369	1395133955370	1395133955502	1395133955502	OK	 
ACTION	Pricing	3	price	1395133955404	1395133955404	1395133955532	1395133955532	OK	 
ACTION	Pricing	1	price	1395133955438	1395133955438	1395133955566	1395133955566	OK	 
ACTION	Pricing	2	price	1395133955469	1395133955470	1395133955599	1395133955600	OK	 
ACTION	Pricing	4	price	1395133955504	1395133955505	1395133955638	1395133955638	OK	 
ACTION	Pricing	3	price	1395133955534	1395133955535	1395133955674	1395133955674	OK	 
ACTION	Pricing	1	price	1395133955568	1395133955569	1395133955721	1395133955721	OK	 
ACTION	Pricing	2	price	1395133955602	1395133955602	1395133955745	1395133955746	OK	 
ACTION	Pricing	4	price	1395133955640	1395133955641	1395133955784	1395133955785	OK	 
ACTION	Pricing	3	price	1395133955676	1395133955676	1395133955821	1395133955821	OK	 
ACTION	Pricing	1	price	1395133955724	1395133955725	1395133955855	1395133955855	OK	 
ACTION	Pricing	2	price	1395133955747	1395133955748	1395133955886	1395133955886	OK	 
ACTION	Pricing	4	price	1395133955787	1395133955787	1395133955915	1395133955915	OK	 
ACTION	Pricing	3	price	1395133955823	1395133955824	1395133955946	1395133955946	OK	 
ACTION	Pricing	1	price	1395133955857	1395133955857	1395133955974	1395133955975	OK	 
ACTION	Pricing	2	price	1395133955888	1395133955888	1395133956006	1395133956006	OK	 
ACTION	Pricing	4	price	1395133955917	1395133955917	1395133956036	1395133956036	OK	 
ACTION	Pricing	3	price	1395133955948	1395133955948	1395133956065	1395133956065	OK	 
ACTION	Pricing	1	price	1395133955976	1395133955977	1395133956097	1395133956097	OK	 
ACTION	Pricing	2	price	1395133956008	1395133956009	1395133956126	1395133956126	OK	 
ACTION	Pricing	4	price	1395133956038	1395133956039	1395133956155	1395133956155	OK	 
ACTION	Pricing	3	price	1395133956067	1395133956068	1395133956183	1395133956183	OK	 
ACTION	Pricing	1	price	1395133956099	1395133956100	1395133956211	1395133956211	OK	 
ACTION	Pricing	2	price	1395133956128	1395133956128	1395133956242	1395133956242	OK	 
ACTION	Pricing	4	price	1395133956156	1395133956157	1395133956271	1395133956271	OK	 
ACTION	Pricing	3	price	1395133956185	1395133956185	1395133956300	1395133956300	OK	 
ACTION	Pricing	1	price	1395133956213	1395133956213	1395133956330	1395133956330	OK	 
ACTION	Pricing	2	price	1395133956243	1395133956244	1395133956359	1395133956359	OK	 
ACTION	Pricing	4	price	1395133956273	1395133956274	1395133956390	1395133956391	OK	 
ACTION	Pricing	3	price	1395133956301	1395133956302	1395133956424	1395133956424	OK	 
ACTION	Pricing	1	price	1395133956331	1395133956332	1395133956453	1395133956453	OK	 
ACTION	Pricing	2	price	1395133956361	1395133956361	1395133956483	1395133956483	OK	 
ACTION	Pricing	4	price	1395133956392	1395133956393	1395133956512	1395133956513	OK	 
ACTION	Pricing	3	price	1395133956426	1395133956426	1395133956554	1395133956555	OK	 
ACTION	Pricing	1	price	1395133956454	1395133956455	1395133956584	1395133956584	OK	 
ACTION	Pricing	2	price	1395133956484	1395133956485	1395133956621	1395133956621	OK	 
ACTION	Pricing	4	price	1395133956515	1395133956515	1395133956650	1395133956650	OK	 
ACTION	Pricing	3	price	1395133956556	1395133956557	1395133956679	1395133956679	OK	 
ACTION	Pricing	1	price	1395133956585	1395133956586	1395133956707	1395133956707	OK	 
ACTION	Pricing	2	price	1395133956622	1395133956623	1395133956736	1395133956736	OK	 
ACTION	Pricing	4	price	1395133956651	1395133956652	1395133956766	1395133956766	OK	 
ACTION	Pricing	3	price	1395133956681	1395133956681	1395133956797	1395133956798	OK	 
ACTION	Pricing	1	price	1395133956709	1395133956709	1395133956829	1395133956829	OK	 
ACTION	Pricing	2	price	1395133956737	1395133956738	1395133956860	1395133956861	OK	 
ACTION	Pricing	4	price	1395133956769	1395133956769	1395133956897	1395133956897	OK	 
ACTION	Pricing	3	price	1395133956800	1395133956801	1395133956926	1395133956926	OK	 
ACTION	Pricing	1	price	1395133956831	1395133956832	1395133956956	1395133956957	OK	 
ACTION	Pricing	2	price	1395133956862	1395133956863	1395133956986	1395133956986	OK	 
ACTION	Pricing	4	price	1395133956899	1395133956900	1395133957017	1395133957017	OK	 
ACTION	Pricing	3	price	1395133956928	1395133956928	1395133957047	1395133957047	OK	 
ACTION	Pricing	1	price	1395133956958	1395133956959	1395133957083	1395133957083	OK	 
ACTION	Pricing	2	price	1395133956988	1395133956989	1395133957117	1395133957117	OK	 
ACTION	Pricing	4	price	1395133957018	1395133957019	1395133957147	1395133957147	OK	 
ACTION	Pricing	3	price	1395133957049	1395133957050	1395133957178	1395133957179	OK	 
ACTION	Pricing	1	price	1395133957085	1395133957086	1395133957208	1395133957208	OK	 
ACTION	Pricing	2	price	1395133957119	1395133957120	1395133957239	1395133957239	OK	 
ACTION	Pricing	4	price	1395133957149	1395133957149	1395133957269	1395133957270	OK	 
ACTION	Pricing	3	price	1395133957180	1395133957180	1395133957313	1395133957313	OK	 
ACTION	Pricing	1	price	1395133957210	1395133957210	1395133957340	1395133957340	OK	 
ACTION	Pricing	2	price	1395133957240	1395133957241	1395133957372	1395133957372	OK	 
ACTION	Pricing	4	price	1395133957271	1395133957271	1395133957400	1395133957400	OK	 
ACTION	Pricing	3	price	1395133957315	1395133957315	1395133957431	1395133957431	OK	 
ACTION	Pricing	1	price	1395133957342	1395133957342	1395133957459	1395133957459	OK	 
ACTION	Pricing	2	price	1395133957374	1395133957374	1395133957487	1395133957488	OK	 
ACTION	Pricing	4	price	1395133957402	1395133957402	1395133957516	1395133957516	OK	 
ACTION	Pricing	3	price	1395133957433	1395133957433	1395133957545	1395133957545	OK	 
ACTION	Pricing	1	price	1395133957461	1395133957462	1395133957578	1395133957579	OK	 
ACTION	Pricing	2	price	1395133957490	1395133957490	1395133957609	1395133957610	OK	 
ACTION	Pricing	4	price	1395133957518	1395133957519	1395133957641	1395133957641	OK	 
ACTION	Pricing	3	price	1395133957547	1395133957548	1395133957669	1395133957669	OK	 
ACTION	Pricing	1	price	1395133957580	1395133957581	1395133957697	1395133957698	OK	 
ACTION	Pricing	2	price	1395133957612	1395133957612	1395133957726	1395133957726	OK	 
ACTION	Pricing	4	price	1395133957642	1395133957643	1395133957760	1395133957760	OK	 
ACTION	Pricing	3	price	1395133957670	1395133957671	1395133957790	1395133957790	OK	 
ACTION	Pricing	1	price	1395133957699	1395133957700	1395133957823	1395133957824	OK	 
ACTION	Pricing	2	price	1395133957728	1395133957728	1395133957854	1395133957855	OK	 
ACTION	Pricing	4	price	1395133957761	1395133957762	1395133957885	1395133957885	OK	 
ACTION	Pricing	3	price	1395133957791	1395133957792	1395133957917	1395133957917	OK	 
ACTION	Pricing	1	price	1395133957825	1395133957826	1395133957949	1395133957950	OK	 
ACTION	Pricing	2	price	1395133957856	1395133957856	1395133957978	1395133957979	OK	 
ACTION	Pricing	4	price	1395133957887	1395133957888	1395133958009	1395133958010	OK	 
ACTION	Pricing	3	price	1395133957919	1395133957919	1395133958039	1395133958039	OK	 
ACTION	Pricing	1	price	1395133957951	1395133957952	1395133958069	1395133958069	OK	 
ACTION	Pricing	2	price	1395133957980	1395133957980	1395133958099	1395133958099	OK	 
ACTION	Pricing	4	price	1395133958011	1395133958011	1395133958130	1395133958130	OK	 
ACTION	Pricing	3	price	1395133958040	1395133958042	1395133958163	1395133958164	OK	 
ACTION	Pricing	1	price	1395133958070	1395133958071	1395133958196	1395133958196	OK	 
ACTION	Pricing	2	price	1395133958101	1395133958101	1395133958226	1395133958226	OK	 
ACTION	Pricing	4	price	1395133958133	1395133958133	1395133958254	1395133958254	OK	 
ACTION	Pricing	3	price	1395133958165	1395133958166	1395133958285	1395133958285	OK	 
ACTION	Pricing	1	price	1395133958198	1395133958199	1395133958317	1395133958317	OK	 
ACTION	Pricing	2	price	1395133958227	1395133958228	1395133958350	1395133958350	OK	 
ACTION	Pricing	4	price	1395133958256	1395133958256	1395133958405	1395133958405	OK	 
ACTION	Pricing	3	price	1395133958287	1395133958287	1395133958456	1395133958456	OK	 
ACTION	Pricing	1	price	1395133958318	1395133958319	1395133958500	1395133958501	OK	 
ACTION	Pricing	2	price	1395133958353	1395133958354	1395133958546	1395133958546	OK	 
ACTION	Pricing	4	price	1395133958407	1395133958408	1395133958588	1395133958588	OK	 
ACTION	Pricing	3	price	1395133958458	1395133958459	1395133958627	1395133958627	OK	 
ACTION	Pricing	1	price	1395133958503	1395133958504	1395133958665	1395133958666	OK	 
ACTION	Pricing	2	price	1395133958548	1395133958549	1395133958702	1395133958702	OK	 
ACTION	Pricing	4	price	1395133958590	1395133958591	1395133958737	1395133958737	OK	 
ACTION	Pricing	3	price	1395133958629	1395133958629	1395133958774	1395133958774	OK	 
ACTION	Pricing	1	price	1395133958667	1395133958668	1395133958808	1395133958809	OK	 
ACTION	Pricing	2	price	1395133958705	1395133958705	1395133958841	1395133958841	OK	 
ACTION	Pricing	4	price	1395133958739	1395133958740	1395133958870	1395133958870	OK	 
ACTION	Pricing	3	price	1395133958777	1395133958777	1395133958902	1395133958902	OK	 
ACTION	Pricing	1	price	1395133958810	1395133958811	1395133958938	1395133958938	OK	 
ACTION	Pricing	2	price	1395133958843	1395133958843	1395133958973	1395133958973	OK	 
ACTION	Pricing	4	price	1395133958871	1395133958872	1395133959005	1395133959005	OK	 
ACTION	Pricing	3	price	1395133958904	1395133958905	1395133959065	1395133959065	OK	 
ACTION	Pricing	1	price	1395133958940	1395133958940	1395133959079	1395133959080	OK	 
ACTION	Pricing	2	price	1395133958975	1395133958975	1395133959114	1395133959114	OK	 
ACTION	Pricing	4	price	1395133959007	1395133959007	1395133959147	1395133959147	OK	 
ACTION	Pricing	3	price	1395133959067	1395133959068	1395133959181	1395133959181	OK	 
ACTION	Pricing	1	price	1395133959081	1395133959082	1395133959213	1395133959213	OK	 
ACTION	Pricing	2	price	1395133959115	1395133959116	1395133959245	1395133959245	OK	 
ACTION	Pricing	4	price	1395133959149	1395133959149	1395133959275	1395133959275	OK	 
ACTION	Pricing	3	price	1395133959183	1395133959183	1395133959306	1395133959306	OK	 
ACTION	Pricing	1	price	1395133959215	1395133959215	1395133959337	1395133959337	OK	 
ACTION	Pricing	2	price	1395133959247	1395133959247	1395133959369	1395133959369	OK	 
ACTION	Pricing	4	price	1395133959276	1395133959277	1395133959402	1395133959402	OK	 
ACTION	Pricing	3	price	1395133959307	1395133959308	1395133959429	1395133959429	OK	 
ACTION	Pricing	1	price	1395133959338	1395133959339	1395133959458	1395133959458	OK	 
ACTION	Pricing	2	price	1395133959370	1395133959371	1395133959487	1395133959487	OK	 
ACTION	Pricing	4	price	1395133959403	1395133959404	1395133959517	1395133959517	OK	 
ACTION	Pricing	3	price	1395133959432	1395133959432	1395133959551	1395133959551	OK	 
ACTION	Pricing	1	price	1395133959460	1395133959460	1395133959578	1395133959578	OK	 
ACTION	Pricing	2	price	1395133959490	1395133959490	1395133959609	1395133959609	OK	 
ACTION	Pricing	4	price	1395133959520	1395133959520	1395133959640	1395133959640	OK	 
ACTION	Pricing	3	price	1395133959552	1395133959553	1395133959671	1395133959671	OK	 
ACTION	Pricing	1	price	1395133959579	1395133959580	1395133959701	1395133959701	OK	 
ACTION	Pricing	2	price	1395133959610	1395133959611	1395133959729	1395133959729	OK	 
ACTION	Pricing	4	price	1395133959641	1395133959642	1395133959759	1395133959759	OK	 
ACTION	Pricing	3	price	1395133959673	1395133959673	1395133959788	1395133959789	OK	 
ACTION	Pricing	1	price	1395133959702	1395133959703	1395133959819	1395133959819	OK	 
ACTION	Pricing	2	price	1395133959731	1395133959731	1395133959850	1395133959851	OK	 
ACTION	Pricing	4	price	1395133959760	1395133959761	1395133959880	1395133959881	OK	 
ACTION	Pricing	3	price	1395133959790	1395133959790	1395133959912	1395133959912	OK	 
ACTION	Pricing	1	price	1395133959820	1395133959821	1395133959941	1395133959942	OK	 
ACTION	Pricing	2	price	1395133959852	1395133959852	1395133959992	1395133959992	OK	 
ACTION	Pricing	4	price	1395133959882	1395133959882	1395133960020	1395133960020	OK	 
ACTION	Pricing	3	price	1395133959913	1395133959914	1395133960049	1395133960050	OK	 
ACTION	Pricing	1	price	1395133959943	1395133959944	1395133960081	1395133960082	OK	 
ACTION	Pricing	2	price	1395133959994	1395133959994	1395133960111	1395133960111	OK	 
ACTION	Pricing	4	price	1395133960021	1395133960022	1395133960142	1395133960142	OK	 
ACTION	Pricing	3	price	1395133960051	1395133960051	1395133960172	1395133960173	OK	 
ACTION	Pricing	1	price	1395133960083	1395133960083	1395133960202	1395133960202	OK	 
ACTION	Pricing	2	price	1395133960113	1395133960113	1395133960233	1395133960234	OK	 
ACTION	Pricing	4	price	1395133960144	1395133960144	1395133960265	1395133960265	OK	 
ACTION	Pricing	3	price	1395133960174	1395133960175	1395133960294	1395133960294	OK	 
ACTION	Pricing	1	price	1395133960204	1395133960205	1395133960325	1395133960326	OK	 
ACTION	Pricing	2	price	1395133960235	1395133960236	1395133960356	1395133960356	OK	 
ACTION	Pricing	4	price	1395133960266	1395133960267	1395133960385	1395133960385	OK	 
ACTION	Pricing	3	price	1395133960295	1395133960296	1395133960414	1395133960414	OK	 
ACTION	Pricing	1	price	1395133960327	1395133960327	1395133960443	1395133960444	OK	 
ACTION	Pricing	2	price	1395133960357	1395133960357	1395133960475	1395133960475	OK	 
ACTION	Pricing	4	price	1395133960386	1395133960387	1395133960508	1395133960508	OK	 
ACTION	Pricing	3	price	1395133960416	1395133960416	1395133960539	1395133960539	OK	 
ACTION	Pricing	1	price	1395133960445	1395133960446	1395133960574	1395133960574	OK	 
ACTION	Pricing	2	price	1395133960477	1395133960477	1395133960607	1395133960607	OK	 
ACTION	Pricing	4	price	1395133960509	1395133960510	1395133960637	1395133960637	OK	 
ACTION	Pricing	3	price	1395133960540	1395133960541	1395133960672	1395133960672	OK	 
ACTION	Pricing	1	price	1395133960576	1395133960576	1395133960701	1395133960702	OK	 
ACTION	Pricing	2	price	1395133960609	1395133960609	1395133960732	1395133960732	OK	 
ACTION	Pricing	4	price	1395133960640	1395133960640	1395133960765	1395133960766	OK	 
ACTION	Pricing	3	price	1395133960673	1395133960674	1395133960796	1395133960796	OK	 
ACTION	Pricing	1	price	1395133960703	1395133960704	1395133960830	1395133960830	OK	 
ACTION	Pricing	2	price	1395133960733	1395133960734	1395133960864	1395133960864	OK	 
ACTION	Pricing	4	price	1395133960767	1395133960767	1395133960890	1395133960891	OK	 
ACTION	Pricing	3	price	1395133960798	1395133960799	1395133960923	1395133960923	OK	 
ACTION	Pricing	1	price	1395133960831	1395133960832	1395133960954	1395133960954	OK	 
ACTION	Pricing	2	price	1395133960865	1395133960866	1395133960986	1395133960986	OK	 
ACTION	Pricing	4	price	1395133960892	1395133960893	1395133961017	1395133961017	OK	 
ACTION	Pricing	3	price	1395133960924	1395133960925	1395133961049	1395133961049	OK	 
ACTION	Pricing	1	price	1395133960964	1395133960964	1395133961080	1395133961081	OK	 
ACTION	Pricing	2	price	1395133960988	1395133960989	1395133961111	1395133961111	OK	 
ACTION	Pricing	4	price	1395133961019	1395133961019	1395133961144	1395133961144	OK	 
ACTION	Pricing	3	price	1395133961050	1395133961051	1395133961178	1395133961179	OK	 
ACTION	Pricing	1	price	1395133961082	1395133961083	1395133961211	1395133961211	OK	 
ACTION	Pricing	2	price	1395133961112	1395133961113	1395133961242	1395133961242	OK	 
ACTION	Pricing	4	price	1395133961145	1395133961146	1395133961273	1395133961273	OK	 
ACTION	Pricing	3	price	1395133961180	1395133961181	1395133961305	1395133961306	OK	 
ACTION	Pricing	1	price	1395133961212	1395133961213	1395133961338	1395133961338	OK	 
ACTION	Pricing	2	price	1395133961243	1395133961244	1395133961371	1395133961371	OK	 
ACTION	Pricing	4	price	1395133961274	1395133961275	1395133961407	1395133961407	OK	 
ACTION	Pricing	3	price	1395133961307	1395133961308	1395133961439	1395133961439	OK	 
ACTION	Pricing	1	price	1395133961340	1395133961340	1395133961474	1395133961474	OK	 
ACTION	Pricing	2	price	1395133961374	1395133961374	1395133961506	1395133961506	OK	 
ACTION	Pricing	4	price	1395133961409	1395133961409	1395133961538	1395133961538	OK	 
ACTION	Pricing	3	price	1395133961441	1395133961441	1395133961570	1395133961570	OK	 
ACTION	Pricing	1	price	1395133961476	1395133961476	1395133961604	1395133961604	OK	 
ACTION	Pricing	2	price	1395133961508	1395133961508	1395133961637	1395133961637	OK	 
ACTION	Pricing	4	price	1395133961539	1395133961540	1395133961669	1395133961669	OK	 
ACTION	Pricing	3	price	1395133961572	1395133961573	1395133961701	1395133961701	OK	 
ACTION	Pricing	1	price	1395133961605	1395133961606	1395133961731	1395133961731	OK	 
ACTION	Pricing	2	price	1395133961639	1395133961639	1395133961760	1395133961761	OK	 
ACTION	Pricing	4	price	1395133961671	1395133961671	1395133961790	1395133961790	OK	 
ACTION	Pricing	3	price	1395133961702	1395133961703	1395133961851	1395133961851	OK	 
ACTION	Pricing	1	price	1395133961732	1395133961733	1395133961872	1395133961872	OK	 
ACTION	Pricing	2	price	1395133961762	1395133961763	1395133961897	1395133961897	OK	 
ACTION	Pricing	4	price	1395133961791	1395133961792	1395133961929	1395133961929	OK	 
ACTION	Pricing	3	price	1395133961852	1395133961853	1395133961957	1395133961957	OK	 
ACTION	Pricing	1	price	1395133961873	1395133961874	1395133961987	1395133961987	OK	 
ACTION	Pricing	2	price	1395133961899	1395133961899	1395133962017	1395133962017	OK	 
ACTION	Pricing	4	price	1395133961931	1395133961931	1395133962050	1395133962052	OK	 
ACTION	Pricing	3	price	1395133961959	1395133961959	1395133962082	1395133962083	OK	 
ACTION	Pricing	1	price	1395133961989	1395133961989	1395133962118	1395133962119	OK	 
ACTION	Pricing	2	price	1395133962019	1395133962019	1395133962156	1395133962157	OK	 
ACTION	Pricing	4	price	1395133962053	1395133962055	1395133962188	1395133962188	OK	 
ACTION	Pricing	3	price	1395133962085	1395133962090	1395133962220	1395133962220	OK	 
ACTION	Pricing	1	price	1395133962120	1395133962122	1395133962255	1395133962256	OK	 
ACTION	Pricing	2	price	1395133962158	1395133962159	1395133962286	1395133962286	OK	 
ACTION	Pricing	4	price	1395133962190	1395133962190	1395133962316	1395133962316	OK	 
ACTION	Pricing	3	price	1395133962221	1395133962222	1395133962346	1395133962346	OK	 
ACTION	Pricing	1	price	1395133962257	1395133962258	1395133962380	1395133962380	OK	 
ACTION	Pricing	2	price	1395133962287	1395133962288	1395133962409	1395133962410	OK	 
ACTION	Pricing	4	price	1395133962317	1395133962318	1395133962440	1395133962440	OK	 
ACTION	Pricing	3	price	1395133962348	1395133962349	1395133962470	1395133962470	OK	 
ACTION	Pricing	1	price	1395133962381	1395133962382	1395133962500	1395133962500	OK	 
ACTION	Pricing	2	price	1395133962411	1395133962411	1395133962530	1395133962530	OK	 
ACTION	Pricing	4	price	1395133962441	1395133962441	1395133962561	1395133962561	OK	 
ACTION	Pricing	3	price	1395133962472	1395133962473	1395133962590	1395133962591	OK	 
ACTION	Pricing	1	price	1395133962501	1395133962502	1395133962621	1395133962621	OK	 
ACTION	Pricing	2	price	1395133962532	1395133962532	1395133962650	1395133962650	OK	 
ACTION	Pricing	4	price	1395133962563	1395133962563	1395133962681	1395133962681	OK	 
ACTION	Pricing	3	price	1395133962592	1395133962592	1395133962712	1395133962713	OK	 
ACTION	Pricing	1	price	1395133962622	1395133962623	1395133962741	1395133962742	OK	 
ACTION	Pricing	2	price	1395133962652	1395133962653	1395133962772	1395133962772	OK	 
ACTION	Pricing	4	price	1395133962683	1395133962684	1395133962806	1395133962807	OK	 
ACTION	Pricing	3	price	1395133962714	1395133962715	1395133962843	1395133962843	OK	 
ACTION	Pricing	1	price	1395133962743	1395133962743	1395133962881	1395133962881	OK	 
ACTION	Pricing	2	price	1395133962774	1395133962774	1395133962916	1395133962917	OK	 
ACTION	Pricing	4	price	1395133962809	1395133962809	1395133962948	1395133962949	OK	 
ACTION	Pricing	3	price	1395133962845	1395133962845	1395133962987	1395133962987	OK	 
ACTION	Pricing	1	price	1395133962883	1395133962883	1395133963018	1395133963018	OK	 
ACTION	Pricing	2	price	1395133962919	1395133962919	1395133963050	1395133963051	OK	 
ACTION	Pricing	4	price	1395133962950	1395133962951	1395133963082	1395133963082	OK	 
ACTION	Pricing	3	price	1395133962990	1395133962991	1395133963113	1395133963114	OK	 
ACTION	Pricing	1	price	1395133963026	1395133963026	1395133963144	1395133963144	OK	 
ACTION	Pricing	2	price	1395133963052	1395133963052	1395133963174	1395133963174	OK	 
ACTION	Pricing	4	price	1395133963083	1395133963084	1395133963206	1395133963206	OK	 
ACTION	Pricing	3	price	1395133963115	1395133963116	1395133963238	1395133963238	OK	 
ACTION	Pricing	1	price	1395133963146	1395133963146	1395133963270	1395133963270	OK	 
ACTION	Pricing	2	price	1395133963176	1395133963177	1395133963298	1395133963299	OK	 
ACTION	Pricing	4	price	1395133963208	1395133963209	1395133963329	1395133963329	OK	 
ACTION	Pricing	3	price	1395133963240	1395133963240	1395133963358	1395133963358	OK	 
ACTION	Pricing	1	price	1395133963271	1395133963272	1395133963387	1395133963387	OK	 
ACTION	Pricing	2	price	1395133963300	1395133963301	1395133963417	1395133963417	OK	 
ACTION	Pricing	4	price	1395133963330	1395133963331	1395133963449	1395133963449	OK	 
ACTION	Pricing	3	price	1395133963359	1395133963360	1395133963481	1395133963481	OK	 
ACTION	Pricing	1	price	1395133963389	1395133963389	1395133963510	1395133963511	OK	 
ACTION	Pricing	2	price	1395133963418	1395133963419	1395133963540	1395133963540	OK	 
ACTION	Pricing	4	price	1395133963451	1395133963451	1395133963591	1395133963592	OK	 
ACTION	Pricing	3	price	1395133963483	1395133963483	1395133963612	1395133963612	OK	 
ACTION	Pricing	1	price	1395133963512	1395133963513	1395133963645	1395133963645	OK	 
ACTION	Pricing	2	price	1395133963541	1395133963542	1395133963680	1395133963680	OK	 
ACTION	Pricing	4	price	1395133963593	1395133963594	1395133963711	1395133963712	OK	 
ACTION	Pricing	3	price	1395133963613	1395133963614	1395133963744	1395133963745	OK	 
ACTION	Pricing	1	price	1395133963647	1395133963647	1395133963780	1395133963780	OK	 
ACTION	Pricing	2	price	1395133963681	1395133963682	1395133963815	1395133963815	OK	 
ACTION	Pricing	4	price	1395133963714	1395133963714	1395133963846	1395133963846	OK	 
ACTION	Pricing	3	price	1395133963746	1395133963746	1395133963881	1395133963881	OK	 
ACTION	Pricing	1	price	1395133963782	1395133963782	1395133963913	1395133963913	OK	 
ACTION	Pricing	2	price	1395133963817	1395133963817	1395133963941	1395133963941	OK	 
ACTION	Pricing	4	price	1395133963848	1395133963848	1395133963986	1395133963986	OK	 
ACTION	Pricing	3	price	1395133963883	1395133963883	1395133964016	1395133964016	OK	 
ACTION	Pricing	1	price	1395133963915	1395133963915	1395133964044	1395133964044	OK	 
ACTION	Pricing	2	price	1395133963942	1395133963943	1395133964074	1395133964075	OK	 
ACTION	Pricing	4	price	1395133963988	1395133963988	1395133964104	1395133964104	OK	 
ACTION	Pricing	3	price	1395133964017	1395133964018	1395133964133	1395133964133	OK	 
ACTION	Pricing	1	price	1395133964046	1395133964046	1395133964162	1395133964163	OK	 
ACTION	Pricing	2	price	1395133964076	1395133964077	1395133964194	1395133964194	OK	 
ACTION	Pricing	4	price	1395133964106	1395133964106	1395133964228	1395133964229	OK	 
ACTION	Pricing	3	price	1395133964134	1395133964135	1395133964259	1395133964259	OK	 
ACTION	Pricing	1	price	1395133964164	1395133964165	1395133964290	1395133964290	OK	 
ACTION	Pricing	2	price	1395133964195	1395133964196	1395133964322	1395133964322	OK	 
ACTION	Pricing	4	price	1395133964231	1395133964231	1395133964353	1395133964353	OK	 
ACTION	Pricing	3	price	1395133964260	1395133964261	1395133964385	1395133964386	OK	 
ACTION	Pricing	1	price	1395133964291	1395133964292	1395133964417	1395133964417	OK	 
ACTION	Pricing	2	price	1395133964324	1395133964324	1395133964452	1395133964452	OK	 
ACTION	Pricing	4	price	1395133964355	1395133964355	1395133964484	1395133964484	OK	 
ACTION	Pricing	3	price	1395133964387	1395133964387	1395133964518	1395133964518	OK	 
ACTION	Pricing	1	price	1395133964419	1395133964419	1395133964551	1395133964551	OK	 
ACTION	Pricing	2	price	1395133964453	1395133964454	1395133964581	1395133964581	OK	 
ACTION	Pricing	4	price	1395133964486	1395133964487	1395133964613	1395133964613	OK	 
ACTION	Pricing	3	price	1395133964519	1395133964520	1395133964645	1395133964646	OK	 
ACTION	Pricing	1	price	1395133964552	1395133964553	1395133964678	1395133964678	OK	 
ACTION	Pricing	2	price	1395133964583	1395133964583	1395133964713	1395133964713	OK	 
ACTION	Pricing	4	price	1395133964614	1395133964615	1395133964750	1395133964750	OK	 
ACTION	Pricing	3	price	1395133964647	1395133964647	1395133964796	1395133964796	OK	 
ACTION	Pricing	1	price	1395133964680	1395133964680	1395133964837	1395133964837	OK	 
ACTION	Pricing	2	price	1395133964714	1395133964715	1395133964880	1395133964880	OK	 
ACTION	Pricing	4	price	1395133964752	1395133964753	1395133964918	1395133964918	OK	 
ACTION	Pricing	3	price	1395133964805	1395133964806	1395133964954	1395133964954	OK	 
ACTION	Pricing	1	price	1395133964840	1395133964840	1395133964986	1395133964987	OK	 
ACTION	Pricing	2	price	1395133964882	1395133964882	1395133965023	1395133965023	OK	 
ACTION	Pricing	4	price	1395133964920	1395133964920	1395133965056	1395133965056	OK	 
ACTION	Pricing	3	price	1395133964955	1395133964956	1395133965091	1395133965091	OK	 
ACTION	Pricing	1	price	1395133964988	1395133964989	1395133965122	1395133965122	OK	 
ACTION	Pricing	2	price	1395133965025	1395133965025	1395133965154	1395133965155	OK	 
ACTION	Pricing	4	price	1395133965058	1395133965058	1395133965186	1395133965186	OK	 
ACTION	Pricing	3	price	1395133965093	1395133965093	1395133965221	1395133965221	OK	 
ACTION	Pricing	1	price	1395133965123	1395133965124	1395133965248	1395133965249	OK	 
ACTION	Pricing	2	price	1395133965156	1395133965156	1395133965282	1395133965282	OK	 
ACTION	Pricing	4	price	1395133965188	1395133965189	1395133965316	1395133965317	OK	 
ACTION	Pricing	3	price	1395133965222	1395133965223	1395133965346	1395133965346	OK	 
ACTION	Pricing	1	price	1395133965250	1395133965251	1395133965377	1395133965377	OK	 
ACTION	Pricing	2	price	1395133965284	1395133965284	1395133965408	1395133965408	OK	 
ACTION	Pricing	4	price	1395133965318	1395133965318	1395133965443	1395133965444	OK	 
ACTION	Pricing	3	price	1395133965347	1395133965348	1395133965474	1395133965475	OK	 
ACTION	Pricing	1	price	1395133965379	1395133965379	1395133965509	1395133965509	OK	 
ACTION	Pricing	2	price	1395133965410	1395133965410	1395133965540	1395133965540	OK	 
ACTION	Pricing	4	price	1395133965445	1395133965445	1395133965572	1395133965572	OK	 
ACTION	Pricing	3	price	1395133965476	1395133965477	1395133965604	1395133965604	OK	 
ACTION	Pricing	1	price	1395133965510	1395133965511	1395133965636	1395133965636	OK	 
ACTION	Pricing	2	price	1395133965541	1395133965542	1395133965668	1395133965668	OK	 
ACTION	Pricing	4	price	1395133965574	1395133965574	1395133965701	1395133965701	OK	 
ACTION	Pricing	3	price	1395133965606	1395133965606	1395133965748	1395133965748	OK	 
ACTION	Pricing	1	price	1395133965638	1395133965638	1395133965782	1395133965782	OK	 
ACTION	Pricing	2	price	1395133965670	1395133965670	1395133965814	1395133965814	OK	 
ACTION	Pricing	4	price	1395133965702	1395133965703	1395133965841	1395133965841	OK	 
ACTION	Pricing	3	price	1395133965750	1395133965750	1395133965870	1395133965870	OK	 
ACTION	Pricing	1	price	1395133965784	1395133965784	1395133965901	1395133965902	OK	 
ACTION	Pricing	2	price	1395133965815	1395133965816	1395133965930	1395133965930	OK	 
ACTION	Pricing	4	price	1395133965842	1395133965843	1395133965963	1395133965963	OK	 
ACTION	Pricing	3	price	1395133965872	1395133965872	1395133966000	1395133966000	OK	 
ACTION	Pricing	1	price	1395133965903	1395133965903	1395133966032	1395133966033	OK	 
ACTION	Pricing	2	price	1395133965932	1395133965932	1395133966066	1395133966066	OK	 
ACTION	Pricing	4	price	1395133965965	1395133965965	1395133966100	1395133966100	OK	 
ACTION	Pricing	3	price	1395133966001	1395133966002	1395133966148	1395133966148	OK	 
ACTION	Pricing	1	price	1395133966034	1395133966034	1395133966169	1395133966170	OK	 
ACTION	Pricing	2	price	1395133966068	1395133966068	1395133966201	1395133966202	OK	 
ACTION	Pricing	4	price	1395133966101	1395133966102	1395133966232	1395133966232	OK	 
ACTION	Pricing	3	price	1395133966158	1395133966159	1395133966263	1395133966263	OK	 
ACTION	Pricing	1	price	1395133966172	1395133966175	1395133966294	1395133966294	OK	 
ACTION	Pricing	2	price	1395133966204	1395133966204	1395133966327	1395133966327	OK	 
ACTION	Pricing	4	price	1395133966234	1395133966234	1395133966366	1395133966366	OK	 
ACTION	Pricing	3	price	1395133966264	1395133966264	1395133966407	1395133966408	OK	 
ACTION	Pricing	1	price	1395133966295	1395133966296	1395133966441	1395133966441	OK	 
ACTION	Pricing	2	price	1395133966329	1395133966329	1395133966476	1395133966476	OK	 
ACTION	Pricing	4	price	1395133966368	1395133966369	1395133966510	1395133966510	OK	 
ACTION	Pricing	3	price	1395133966410	1395133966410	1395133966542	1395133966542	OK	 
ACTION	Pricing	1	price	1395133966443	1395133966443	1395133966574	1395133966574	OK	 
ACTION	Pricing	2	price	1395133966479	1395133966479	1395133966605	1395133966606	OK	 
ACTION	Pricing	4	price	1395133966512	1395133966512	1395133966637	1395133966637	OK	 
ACTION	Pricing	3	price	1395133966544	1395133966544	1395133966668	1395133966669	OK	 
ACTION	Pricing	1	price	1395133966575	1395133966576	1395133966705	1395133966705	OK	 
ACTION	Pricing	2	price	1395133966607	1395133966608	1395133966738	1395133966738	OK	 
ACTION	Pricing	4	price	1395133966639	1395133966639	1395133966768	1395133966769	OK	 
ACTION	Pricing	3	price	1395133966670	1395133966670	1395133966798	1395133966799	OK	 
ACTION	Pricing	1	price	1395133966706	1395133966707	1395133966832	1395133966832	OK	 
ACTION	Pricing	2	price	1395133966740	1395133966740	1395133966863	1395133966863	OK	 
ACTION	Pricing	4	price	1395133966771	1395133966771	1395133966894	1395133966894	OK	 
ACTION	Pricing	3	price	1395133966801	1395133966801	1395133966925	1395133966925	OK	 
ACTION	Pricing	1	price	1395133966834	1395133966834	1395133966956	1395133966956	OK	 
ACTION	Pricing	2	price	1395133966864	1395133966865	1395133966991	1395133966991	OK	 
ACTION	Pricing	4	price	1395133966895	1395133966896	1395133967020	1395133967020	OK	 
ACTION	Pricing	3	price	1395133966927	1395133966927	1395133967052	1395133967052	OK	 
ACTION	Pricing	1	price	1395133966957	1395133966958	1395133967085	1395133967085	OK	 
ACTION	Pricing	2	price	1395133966992	1395133966993	1395133967115	1395133967115	OK	 
ACTION	Pricing	4	price	1395133967021	1395133967022	1395133967148	1395133967149	OK	 
ACTION	Pricing	3	price	1395133967054	1395133967054	1395133967180	1395133967180	OK	 
ACTION	Pricing	1	price	1395133967088	1395133967088	1395133967213	1395133967213	OK	 
ACTION	Pricing	2	price	1395133967117	1395133967117	1395133967244	1395133967244	OK	 
ACTION	Pricing	4	price	1395133967150	1395133967151	1395133967274	1395133967274	OK	 
ACTION	Pricing	3	price	1395133967181	1395133967182	1395133967308	1395133967309	OK	 
ACTION	Pricing	1	price	1395133967214	1395133967215	1395133967340	1395133967341	OK	 
ACTION	Pricing	2	price	1395133967246	1395133967246	1395133967371	1395133967371	OK	 
ACTION	Pricing	4	price	1395133967275	1395133967276	1395133967401	1395133967402	OK	 
ACTION	Pricing	3	price	1395133967310	1395133967310	1395133967432	1395133967433	OK	 
ACTION	Pricing	1	price	1395133967342	1395133967343	1395133967464	1395133967464	OK	 
ACTION	Pricing	2	price	1395133967372	1395133967372	1395133967496	1395133967497	OK	 
ACTION	Pricing	4	price	1395133967403	1395133967403	1395133967526	1395133967526	OK	 
ACTION	Pricing	3	price	1395133967434	1395133967434	1395133967557	1395133967557	OK	 
ACTION	Pricing	1	price	1395133967465	1395133967466	1395133967587	1395133967588	OK	 
ACTION	Pricing	2	price	1395133967498	1395133967499	1395133967618	1395133967619	OK	 
ACTION	Pricing	4	price	1395133967528	1395133967528	1395133967652	1395133967652	OK	 
ACTION	Pricing	3	price	1395133967558	1395133967559	1395133967682	1395133967682	OK	 
ACTION	Pricing	1	price	1395133967589	1395133967589	1395133967713	1395133967713	OK	 
ACTION	Pricing	2	price	1395133967620	1395133967621	1395133967744	1395133967745	OK	 
ACTION	Pricing	4	price	1395133967653	1395133967654	1395133967778	1395133967778	OK	 
ACTION	Pricing	3	price	1395133967684	1395133967684	1395133967809	1395133967809	OK	 
ACTION	Pricing	1	price	1395133967714	1395133967715	1395133967841	1395133967841	OK	 
ACTION	Pricing	2	price	1395133967746	1395133967746	1395133967875	1395133967875	OK	 
ACTION	Pricing	4	price	1395133967780	1395133967780	1395133967907	1395133967907	OK	 
ACTION	Pricing	3	price	1395133967810	1395133967811	1395133967939	1395133967940	OK	 
ACTION	Pricing	1	price	1395133967842	1395133967843	1395133967976	1395133967976	OK	 
ACTION	Pricing	2	price	1395133967876	1395133967877	1395133968009	1395133968009	OK	 
ACTION	Pricing	4	price	1395133967909	1395133967909	1395133968045	1395133968045	OK	 
ACTION	Pricing	3	price	1395133967941	1395133967941	1395133968073	1395133968073	OK	 
ACTION	Pricing	1	price	1395133967977	1395133967978	1395133968106	1395133968106	OK	 
ACTION	Pricing	2	price	1395133968011	1395133968011	1395133968136	1395133968136	OK	 
ACTION	Pricing	4	price	1395133968047	1395133968047	1395133968167	1395133968168	OK	 
ACTION	Pricing	3	price	1395133968074	1395133968074	1395133968202	1395133968202	OK	 
ACTION	Pricing	1	price	1395133968108	1395133968108	1395133968238	1395133968238	OK	 
ACTION	Pricing	2	price	1395133968138	1395133968138	1395133968268	1395133968268	OK	 
ACTION	Pricing	4	price	1395133968169	1395133968170	1395133968299	1395133968299	OK	 
ACTION	Pricing	3	price	1395133968204	1395133968205	1395133968333	1395133968333	OK	 
ACTION	Pricing	1	price	1395133968240	1395133968240	1395133968362	1395133968363	OK	 
ACTION	Pricing	2	price	1395133968270	1395133968271	1395133968392	1395133968392	OK	 
ACTION	Pricing	4	price	1395133968301	1395133968301	1395133968423	1395133968423	OK	 
ACTION	Pricing	3	price	1395133968334	1395133968335	1395133968452	1395133968452	OK	 
ACTION	Pricing	1	price	1395133968364	1395133968364	1395133968482	1395133968482	OK	 
ACTION	Pricing	2	price	1395133968393	1395133968394	1395133968516	1395133968516	OK	 
ACTION	Pricing	4	price	1395133968424	1395133968425	1395133968546	1395133968546	OK	 
ACTION	Pricing	3	price	1395133968453	1395133968453	1395133968579	1395133968579	OK	 
ACTION	Pricing	1	price	1395133968484	1395133968484	1395133968612	1395133968612	OK	 
ACTION	Pricing	2	price	1395133968517	1395133968518	1395133968648	1395133968649	OK	 
ACTION	Pricing	4	price	1395133968547	1395133968548	1395133968679	1395133968680	OK	 
ACTION	Pricing	3	price	1395133968580	1395133968581	1395133968715	1395133968715	OK	 
ACTION	Pricing	1	price	1395133968613	1395133968614	1395133968748	1395133968748	OK	 
ACTION	Pricing	2	price	1395133968650	1395133968651	1395133968779	1395133968779	OK	 
ACTION	Pricing	4	price	1395133968681	1395133968681	1395133968817	1395133968817	OK	 
ACTION	Pricing	3	price	1395133968717	1395133968717	1395133968851	1395133968851	OK	 
ACTION	Pricing	1	price	1395133968749	1395133968750	1395133968884	1395133968884	OK	 
ACTION	Pricing	2	price	1395133968781	1395133968781	1395133968913	1395133968914	OK	 
ACTION	Pricing	4	price	1395133968819	1395133968819	1395133968944	1395133968944	OK	 
ACTION	Pricing	3	price	1395133968852	1395133968853	1395133968976	1395133968976	OK	 
ACTION	Pricing	1	price	1395133968885	1395133968886	1395133969014	1395133969014	OK	 
ACTION	Pricing	2	price	1395133968915	1395133968915	1395133969047	1395133969047	OK	 
ACTION	Pricing	4	price	1395133968946	1395133968946	1395133969084	1395133969084	OK	 
ACTION	Pricing	3	price	1395133968978	1395133968978	1395133969116	1395133969116	OK	 
ACTION	Pricing	1	price	1395133969016	1395133969016	1395133969145	1395133969146	OK	 
ACTION	Pricing	2	price	1395133969049	1395133969049	1395133969176	1395133969176	OK	 
ACTION	Pricing	4	price	1395133969085	1395133969086	1395133969213	1395133969213	OK	 
ACTION	Pricing	3	price	1395133969117	1395133969118	1395133969247	1395133969247	OK	 
ACTION	Pricing	1	price	1395133969149	1395133969149	1395133969280	1395133969280	OK	 
ACTION	Pricing	2	price	1395133969178	1395133969178	1395133969311	1395133969312	OK	 
ACTION	Pricing	4	price	1395133969215	1395133969215	1395133969343	1395133969343	OK	 
ACTION	Pricing	3	price	1395133969249	1395133969250	1395133969375	1395133969375	OK	 
ACTION	Pricing	1	price	1395133969281	1395133969282	1395133969407	1395133969407	OK	 
ACTION	Pricing	2	price	1395133969313	1395133969313	1395133969442	1395133969443	OK	 
ACTION	Pricing	4	price	1395133969345	1395133969345	1395133969477	1395133969477	OK	 
ACTION	Pricing	3	price	1395133969377	1395133969378	1395133969511	1395133969511	OK	 
ACTION	Pricing	1	price	1395133969409	1395133969410	1395133969544	1395133969545	OK	 
ACTION	Pricing	2	price	1395133969444	1395133969445	1395133969575	1395133969575	OK	 
ACTION	Pricing	4	price	1395133969479	1395133969479	1395133969606	1395133969606	OK	 
ACTION	Pricing	3	price	1395133969513	1395133969513	1395133969635	1395133969636	OK	 
ACTION	Pricing	1	price	1395133969546	1395133969547	1395133969670	1395133969671	OK	 
ACTION	Pricing	2	price	1395133969577	1395133969577	1395133969702	1395133969702	OK	 
ACTION	Pricing	4	price	1395133969607	1395133969608	1395133969732	1395133969732	OK	 
ACTION	Pricing	3	price	1395133969637	1395133969637	1395133969765	1395133969765	OK	 
ACTION	Pricing	1	price	1395133969672	1395133969673	1395133969795	1395133969795	OK	 
ACTION	Pricing	2	price	1395133969704	1395133969704	1395133969826	1395133969826	OK	 
ACTION	Pricing	4	price	1395133969733	1395133969733	1395133969858	1395133969858	OK	 
ACTION	Pricing	3	price	1395133969766	1395133969767	1395133969890	1395133969890	OK	 
ACTION	Pricing	1	price	1395133969796	1395133969797	1395133969921	1395133969921	OK	 
ACTION	Pricing	2	price	1395133969828	1395133969828	1395133969952	1395133969953	OK	 
ACTION	Pricing	4	price	1395133969860	1395133969861	1395133969985	1395133969985	OK	 
ACTION	Pricing	3	price	1395133969891	1395133969891	1395133970020	1395133970020	OK	 
ACTION	Pricing	1	price	1395133969922	1395133969923	1395133970051	1395133970052	OK	 
ACTION	Pricing	2	price	1395133969954	1395133969954	1395133970083	1395133970083	OK	 
ACTION	Pricing	4	price	1395133969986	1395133969987	1395133970114	1395133970114	OK	 
ACTION	Pricing	3	price	1395133970021	1395133970022	1395133970147	1395133970147	OK	 
ACTION	Pricing	1	price	1395133970053	1395133970053	1395133970181	1395133970181	OK	 
ACTION	Pricing	2	price	1395133970084	1395133970085	1395133970213	1395133970213	OK	 
ACTION	Pricing	4	price	1395133970115	1395133970116	1395133970246	1395133970246	OK	 
ACTION	Pricing	3	price	1395133970149	1395133970150	1395133970275	1395133970275	OK	 
ACTION	Pricing	1	price	1395133970183	1395133970183	1395133970307	1395133970307	OK	 
ACTION	Pricing	2	price	1395133970215	1395133970215	1395133970339	1395133970339	OK	 
ACTION	Pricing	4	price	1395133970247	1395133970248	1395133970370	1395133970370	OK	 
ACTION	Pricing	3	price	1395133970277	1395133970277	1395133970399	1395133970399	OK	 
ACTION	Pricing	1	price	1395133970309	1395133970310	1395133970429	1395133970430	OK	 
ACTION	Pricing	2	price	1395133970341	1395133970341	1395133970462	1395133970462	OK	 
ACTION	Pricing	4	price	1395133970371	1395133970372	1395133970503	1395133970504	OK	 
ACTION	Pricing	3	price	1395133970401	1395133970401	1395133970530	1395133970530	OK	 
ACTION	Pricing	1	price	1395133970431	1395133970432	1395133970562	1395133970563	OK	 
ACTION	Pricing	2	price	1395133970463	1395133970464	1395133970598	1395133970598	OK	 
ACTION	Pricing	4	price	1395133970505	1395133970506	1395133970632	1395133970633	OK	 
ACTION	Pricing	3	price	1395133970532	1395133970532	1395133970667	1395133970667	OK	 
ACTION	Pricing	1	price	1395133970564	1395133970564	1395133970702	1395133970702	OK	 
ACTION	Pricing	2	price	1395133970599	1395133970600	1395133970736	1395133970737	OK	 
ACTION	Pricing	4	price	1395133970634	1395133970634	1395133970771	1395133970772	OK	 
ACTION	Pricing	3	price	1395133970669	1395133970669	1395133970808	1395133970808	OK	 
ACTION	Pricing	1	price	1395133970704	1395133970704	1395133970841	1395133970842	OK	 
ACTION	Pricing	2	price	1395133970738	1395133970740	1395133970874	1395133970874	OK	 
ACTION	Pricing	4	price	1395133970773	1395133970779	1395133970908	1395133970908	OK	 
ACTION	Pricing	3	price	1395133970810	1395133970810	1395133970941	1395133970941	OK	 
ACTION	Pricing	1	price	1395133970844	1395133970844	1395133970974	1395133970974	OK	 
ACTION	Pricing	2	price	1395133970875	1395133970876	1395133971007	1395133971008	OK	 
ACTION	Pricing	4	price	1395133970910	1395133970911	1395133971042	1395133971042	OK	 
ACTION	Pricing	3	price	1395133970943	1395133970943	1395133971075	1395133971075	OK	 
ACTION	Pricing	1	price	1395133970976	1395133970976	1395133971108	1395133971109	OK	 
ACTION	Pricing	2	price	1395133971009	1395133971010	1395133971146	1395133971146	OK	 
ACTION	Pricing	4	price	1395133971044	1395133971044	1395133971177	1395133971177	OK	 
ACTION	Pricing	3	price	1395133971076	1395133971077	1395133971210	1395133971210	OK	 
ACTION	Pricing	1	price	1395133971110	1395133971111	1395133971245	1395133971245	OK	 
ACTION	Pricing	2	price	1395133971148	1395133971148	1395133971278	1395133971278	OK	 
ACTION	Pricing	4	price	1395133971179	1395133971179	1395133971312	1395133971312	OK	 
ACTION	Pricing	3	price	1395133971211	1395133971212	1395133971348	1395133971348	OK	 
ACTION	Pricing	1	price	1395133971246	1395133971246	1395133971383	1395133971384	OK	 
ACTION	Pricing	2	price	1395133971279	1395133971280	1395133971424	1395133971424	OK	 
ACTION	Pricing	4	price	1395133971314	1395133971314	1395133971455	1395133971455	OK	 
ACTION	Pricing	3	price	1395133971350	1395133971350	1395133971487	1395133971487	OK	 
ACTION	Pricing	1	price	1395133971385	1395133971386	1395133971520	1395133971521	OK	 
ACTION	Pricing	2	price	1395133971426	1395133971426	1395133971554	1395133971555	OK	 
ACTION	Pricing	4	price	1395133971457	1395133971458	1395133971587	1395133971587	OK	 
ACTION	Pricing	3	price	1395133971489	1395133971489	1395133971621	1395133971622	OK	 
ACTION	Pricing	1	price	1395133971522	1395133971523	1395133971655	1395133971655	OK	 
ACTION	Pricing	2	price	1395133971556	1395133971556	1395133971687	1395133971687	OK	 
ACTION	Pricing	4	price	1395133971588	1395133971589	1395133971720	1395133971720	OK	 
ACTION	Pricing	3	price	1395133971623	1395133971623	1395133971752	1395133971753	OK	 
ACTION	Pricing	1	price	1395133971657	1395133971657	1395133971783	1395133971783	OK	 
ACTION	Pricing	2	price	1395133971688	1395133971689	1395133971816	1395133971817	OK	 
ACTION	Pricing	4	price	1395133971721	1395133971722	1395133971853	1395133971853	OK	 
ACTION	Pricing	3	price	1395133971754	1395133971754	1395133971883	1395133971883	OK	 
ACTION	Pricing	1	price	1395133971785	1395133971785	1395133971914	1395133971914	OK	 
ACTION	Pricing	2	price	1395133971818	1395133971818	1395133971944	1395133971944	OK	 
ACTION	Pricing	4	price	1395133971854	1395133971854	1395133971976	1395133971976	OK	 
ACTION	Pricing	3	price	1395133971884	1395133971885	1395133972008	1395133972008	OK	 
ACTION	Pricing	1	price	1395133971916	1395133971916	1395133972042	1395133972042	OK	 
ACTION	Pricing	2	price	1395133971946	1395133971946	1395133972071	1395133972072	OK	 
ACTION	Pricing	4	price	1395133971978	1395133971978	1395133972106	1395133972106	OK	 
ACTION	Pricing	3	price	1395133972010	1395133972010	1395133972139	1395133972139	OK	 
ACTION	Pricing	1	price	1395133972043	1395133972044	1395133972171	1395133972171	OK	 
ACTION	Pricing	2	price	1395133972074	1395133972074	1395133972203	1395133972204	OK	 
ACTION	Pricing	4	price	1395133972108	1395133972108	1395133972234	1395133972234	OK	 
ACTION	Pricing	3	price	1395133972141	1395133972141	1395133972266	1395133972266	OK	 
ACTION	Pricing	1	price	1395133972172	1395133972173	1395133972296	1395133972297	OK	 
ACTION	Pricing	2	price	1395133972205	1395133972205	1395133972331	1395133972331	OK	 
ACTION	Pricing	4	price	1395133972236	1395133972236	1395133972364	1395133972364	OK	 
ACTION	Pricing	3	price	1395133972268	1395133972268	1395133972399	1395133972399	OK	 
ACTION	Pricing	1	price	1395133972298	1395133972299	1395133972435	1395133972436	OK	 
ACTION	Pricing	2	price	1395133972334	1395133972334	1395133972470	1395133972470	OK	 
ACTION	Pricing	4	price	1395133972365	1395133972366	1395133972508	1395133972508	OK	 
ACTION	Pricing	3	price	1395133972401	1395133972401	1395133972544	1395133972544	OK	 
ACTION	Pricing	1	price	1395133972437	1395133972438	1395133972576	1395133972576	OK	 
ACTION	Pricing	2	price	1395133972472	1395133972472	1395133972610	1395133972611	OK	 
ACTION	Pricing	4	price	1395133972510	1395133972510	1395133972647	1395133972647	OK	 
ACTION	Pricing	3	price	1395133972545	1395133972546	1395133972680	1395133972681	OK	 
ACTION	Pricing	1	price	1395133972578	1395133972578	1395133972717	1395133972718	OK	 
ACTION	Pricing	2	price	1395133972612	1395133972612	1395133972752	1395133972752	OK	 
ACTION	Pricing	4	price	1395133972649	1395133972649	1395133972782	1395133972782	OK	 
ACTION	Pricing	3	price	1395133972682	1395133972682	1395133972816	1395133972816	OK	 
ACTION	Pricing	1	price	1395133972719	1395133972719	1395133972847	1395133972847	OK	 
ACTION	Pricing	2	price	1395133972753	1395133972753	1395133972879	1395133972879	OK	 
ACTION	Pricing	4	price	1395133972784	1395133972785	1395133972911	1395133972911	OK	 
ACTION	Pricing	3	price	1395133972817	1395133972818	1395133972943	1395133972944	OK	 
ACTION	Pricing	1	price	1395133972849	1395133972849	1395133972976	1395133972976	OK	 
ACTION	Pricing	2	price	1395133972880	1395133972881	1395133973010	1395133973010	OK	 
ACTION	Pricing	4	price	1395133972913	1395133972913	1395133973043	1395133973043	OK	 
ACTION	Pricing	3	price	1395133972945	1395133972946	1395133973075	1395133973075	OK	 
ACTION	Pricing	1	price	1395133972978	1395133972978	1395133973117	1395133973117	OK	 
ACTION	Pricing	2	price	1395133973012	1395133973012	1395133973143	1395133973143	OK	 
ACTION	Pricing	4	price	1395133973045	1395133973046	1395133973177	1395133973178	OK	 
ACTION	Pricing	3	price	1395133973077	1395133973077	1395133973211	1395133973211	OK	 
ACTION	Pricing	1	price	1395133973118	1395133973119	1395133973248	1395133973248	OK	 
ACTION	Pricing	2	price	1395133973144	1395133973145	1395133973282	1395133973282	OK	 
ACTION	Pricing	4	price	1395133973179	1395133973180	1395133973318	1395133973318	OK	 
ACTION	Pricing	3	price	1395133973213	1395133973213	1395133973346	1395133973347	OK	 
ACTION	Pricing	1	price	1395133973250	1395133973250	1395133973382	1395133973383	OK	 
ACTION	Pricing	2	price	1395133973283	1395133973284	1395133973415	1395133973415	OK	 
ACTION	Pricing	4	price	1395133973320	1395133973321	1395133973447	1395133973447	OK	 
ACTION	Pricing	3	price	1395133973348	1395133973349	1395133973480	1395133973480	OK	 
ACTION	Pricing	1	price	1395133973384	1395133973384	1395133973512	1395133973513	OK	 
ACTION	Pricing	2	price	1395133973416	1395133973417	1395133973545	1395133973545	OK	 
ACTION	Pricing	4	price	1395133973449	1395133973449	1395133973578	1395133973578	OK	 
ACTION	Pricing	3	price	1395133973481	1395133973481	1395133973611	1395133973611	OK	 
ACTION	Pricing	1	price	1395133973514	1395133973515	1395133973645	1395133973645	OK	 
ACTION	Pricing	2	price	1395133973547	1395133973547	1395133973680	1395133973681	OK	 
ACTION	Pricing	4	price	1395133973580	1395133973581	1395133973715	1395133973715	OK	 
ACTION	Pricing	3	price	1395133973612	1395133973613	1395133973748	1395133973748	OK	 
ACTION	Pricing	1	price	1395133973646	1395133973648	1395133973779	1395133973780	OK	 
ACTION	Pricing	2	price	1395133973682	1395133973682	1395133973810	1395133973811	OK	 
ACTION	Pricing	4	price	1395133973717	1395133973717	1395133973843	1395133973843	OK	 
ACTION	Pricing	3	price	1395133973750	1395133973756	1395133973876	1395133973876	OK	 
ACTION	Pricing	1	price	1395133973781	1395133973782	1395133973912	1395133973912	OK	 
ACTION	Pricing	2	price	1395133973812	1395133973813	1395133973945	1395133973945	OK	 
ACTION	Pricing	4	price	1395133973845	1395133973845	1395133973980	1395133973980	OK	 
ACTION	Pricing	3	price	1395133973878	1395133973878	1395133974018	1395133974019	OK	 
ACTION	Pricing	1	price	1395133973914	1395133973914	1395133974052	1395133974052	OK	 
ACTION	Pricing	2	price	1395133973947	1395133973947	1395133974086	1395133974087	OK	 
ACTION	Pricing	4	price	1395133973981	1395133973982	1395133974119	1395133974119	OK	 
ACTION	Pricing	3	price	1395133974020	1395133974021	1395133974153	1395133974154	OK	 
ACTION	Pricing	1	price	1395133974053	1395133974053	1395133974189	1395133974189	OK	 
ACTION	Pricing	2	price	1395133974088	1395133974088	1395133974223	1395133974223	OK	 
ACTION	Pricing	4	price	1395133974121	1395133974122	1395133974264	1395133974264	OK	 
ACTION	Pricing	3	price	1395133974155	1395133974156	1395133974322	1395133974322	OK	 
ACTION	Pricing	1	price	1395133974191	1395133974191	1395133974352	1395133974352	OK	 
ACTION	Pricing	2	price	1395133974225	1395133974225	1395133974388	1395133974389	OK	 
ACTION	Pricing	4	price	1395133974266	1395133974267	1395133974462	1395133974462	OK	 
ACTION	Pricing	3	price	1395133974324	1395133974324	1395133974515	1395133974516	OK	 
ACTION	Pricing	1	price	1395133974354	1395133974355	1395133974543	1395133974543	OK	 
ACTION	Pricing	2	price	1395133974390	1395133974391	1395133974595	1395133974595	OK	 
ACTION	Pricing	4	price	1395133974464	1395133974464	1395133974670	1395133974670	OK	 
ACTION	Pricing	3	price	1395133974517	1395133974517	1395133974680	1395133974680	OK	 
ACTION	Pricing	1	price	1395133974545	1395133974545	1395133974756	1395133974757	OK	 
ACTION	Pricing	2	price	1395133974596	1395133974597	1395133974762	1395133974763	OK	 
ACTION	Pricing	4	price	1395133974672	1395133974672	1395133974805	1395133974805	OK	 
ACTION	Pricing	3	price	1395133974682	1395133974682	1395133974848	1395133974848	OK	 
ACTION	Pricing	1	price	1395133974758	1395133974759	1395133974885	1395133974885	OK	 
ACTION	Pricing	2	price	1395133974764	1395133974765	1395133974919	1395133974919	OK	 
ACTION	Pricing	4	price	1395133974807	1395133974807	1395133974954	1395133974955	OK	 
ACTION	Pricing	3	price	1395133974849	1395133974850	1395133974989	1395133974989	OK	 
ACTION	Pricing	1	price	1395133974886	1395133974887	1395133975028	1395133975028	OK	 
ACTION	Pricing	2	price	1395133974920	1395133974921	1395133975067	1395133975067	OK	 
ACTION	Pricing	4	price	1395133974956	1395133974957	1395133975101	1395133975102	OK	 
ACTION	Pricing	3	price	1395133974991	1395133974991	1395133975136	1395133975136	OK	 
ACTION	Pricing	1	price	1395133975030	1395133975031	1395133975176	1395133975177	OK	 
ACTION	Pricing	2	price	1395133975070	1395133975070	1395133975212	1395133975212	OK	 
ACTION	Pricing	4	price	1395133975103	1395133975104	1395133975253	1395133975253	OK	 
ACTION	Pricing	3	price	1395133975138	1395133975139	1395133975285	1395133975285	OK	 
ACTION	Pricing	1	price	1395133975178	1395133975180	1395133975321	1395133975321	OK	 
ACTION	Pricing	2	price	1395133975213	1395133975214	1395133975358	1395133975428	OK	 
ACTION	Pricing	4	price	1395133975255	1395133975255	1395133975441	1395133975442	OK	 
ACTION	Pricing	3	price	1395133975287	1395133975287	1395133975484	1395133975485	OK	 
ACTION	Pricing	1	price	1395133975322	1395133975323	1395133975524	1395133975525	OK	 
ACTION	Pricing	2	price	1395133975430	1395133975430	1395133975562	1395133975563	OK	 
ACTION	Pricing	4	price	1395133975444	1395133975445	1395133975603	1395133975604	OK	 
ACTION	Pricing	3	price	1395133975486	1395133975488	1395133975637	1395133975638	OK	 
ACTION	Pricing	1	price	1395133975526	1395133975528	1395133975676	1395133975676	OK	 
ACTION	Pricing	2	price	1395133975565	1395133975566	1395133975712	1395133975713	OK	 
ACTION	Pricing	4	price	1395133975606	1395133975606	1395133975751	1395133975751	OK	 
ACTION	Pricing	3	price	1395133975639	1395133975640	1395133975791	1395133975791	OK	 
ACTION	Pricing	1	price	1395133975677	1395133975678	1395133975831	1395133975831	OK	 
ACTION	Pricing	2	price	1395133975714	1395133975714	1395133975866	1395133975867	OK	 
ACTION	Pricing	4	price	1395133975753	1395133975753	1395133975903	1395133975903	OK	 
ACTION	Pricing	3	price	1395133975793	1395133975793	1395133975942	1395133975942	OK	 
ACTION	Pricing	1	price	1395133975833	1395133975833	1395133975978	1395133975978	OK	 
ACTION	Pricing	2	price	1395133975868	1395133975869	1395133976015	1395133976016	OK	 
ACTION	Pricing	4	price	1395133975905	1395133975906	1395133976052	1395133976053	OK	 
ACTION	Pricing	3	price	1395133975943	1395133975944	1395133976092	1395133976092	OK	 
ACTION	Pricing	1	price	1395133975980	1395133975981	1395133976139	1395133976139	OK	 
ACTION	Pricing	2	price	1395133976017	1395133976018	1395133976178	1395133976179	OK	 
ACTION	Pricing	4	price	1395133976055	1395133976055	1395133976220	1395133976221	OK	 
ACTION	Pricing	3	price	1395133976094	1395133976094	1395133976295	1395133976295	OK	 
ACTION	Pricing	1	price	1395133976141	1395133976141	1395133976318	1395133976318	OK	 
ACTION	Pricing	2	price	1395133976180	1395133976181	1395133976390	1395133976390	OK	 
ACTION	Pricing	4	price	1395133976223	1395133976223	1395133976391	1395133976392	OK	 
ACTION	Pricing	3	price	1395133976297	1395133976297	1395133976453	1395133976453	OK	 
ACTION	Pricing	1	price	1395133976320	1395133976321	1395133976496	1395133976496	OK	 
ACTION	Pricing	2	price	1395133976392	1395133976393	1395133976533	1395133976534	OK	 
ACTION	Pricing	4	price	1395133976394	1395133976394	1395133976567	1395133976567	OK	 
ACTION	Pricing	3	price	1395133976455	1395133976455	1395133976636	1395133976637	OK	 
ACTION	Pricing	1	price	1395133976497	1395133976498	1395133976642	1395133976642	OK	 
ACTION	Pricing	2	price	1395133976536	1395133976536	1395133976685	1395133976685	OK	 
ACTION	Pricing	4	price	1395133976569	1395133976569	1395133976738	1395133976738	OK	 
ACTION	Pricing	3	price	1395133976638	1395133976639	1395133976807	1395133976807	OK	 
ACTION	Pricing	1	price	1395133976643	1395133976644	1395133976851	1395133976851	OK	 
ACTION	Pricing	2	price	1395133976687	1395133976687	1395133976888	1395133976888	OK	 
ACTION	Pricing	4	price	1395133976740	1395133976743	1395133976937	1395133976937	OK	 
ACTION	Pricing	3	price	1395133976809	1395133976809	1395133976970	1395133976970	OK	 
ACTION	Pricing	1	price	1395133976853	1395133976853	1395133977001	1395133977001	OK	 
ACTION	Pricing	2	price	1395133976890	1395133976890	1395133977033	1395133977033	OK	 
ACTION	Pricing	4	price	1395133976938	1395133976939	1395133977066	1395133977066	OK	 
ACTION	Pricing	3	price	1395133976972	1395133976972	1395133977095	1395133977095	OK	 
ACTION	Pricing	1	price	1395133977003	1395133977003	1395133977127	1395133977127	OK	 
ACTION	Pricing	2	price	1395133977034	1395133977035	1395133977162	1395133977162	OK	 
ACTION	Pricing	4	price	1395133977068	1395133977068	1395133977193	1395133977193	OK	 
ACTION	Pricing	3	price	1395133977096	1395133977097	1395133977224	1395133977224	OK	 
ACTION	Pricing	1	price	1395133977129	1395133977129	1395133977257	1395133977257	OK	 
ACTION	Pricing	2	price	1395133977163	1395133977163	1395133977290	1395133977290	OK	 
ACTION	Pricing	4	price	1395133977194	1395133977194	1395133977323	1395133977323	OK	 
ACTION	Pricing	3	price	1395133977226	1395133977226	1395133977356	1395133977356	OK	 
ACTION	Pricing	1	price	1395133977259	1395133977259	1395133977388	1395133977388	OK	 
ACTION	Pricing	2	price	1395133977291	1395133977292	1395133977420	1395133977420	OK	 
ACTION	Pricing	4	price	1395133977325	1395133977325	1395133977452	1395133977452	OK	 
ACTION	Pricing	3	price	1395133977358	1395133977358	1395133977486	1395133977486	OK	 
ACTION	Pricing	1	price	1395133977389	1395133977390	1395133977518	1395133977518	OK	 
ACTION	Pricing	2	price	1395133977421	1395133977422	1395133977553	1395133977553	OK	 
ACTION	Pricing	4	price	1395133977454	1395133977454	1395133977589	1395133977590	OK	 
ACTION	Pricing	3	price	1395133977487	1395133977488	1395133977627	1395133977627	OK	 
ACTION	Pricing	1	price	1395133977520	1395133977521	1395133977666	1395133977667	OK	 
ACTION	Pricing	2	price	1395133977554	1395133977555	1395133977703	1395133977703	OK	 
ACTION	Pricing	4	price	1395133977591	1395133977591	1395133977739	1395133977739	OK	 
ACTION	Pricing	3	price	1395133977629	1395133977629	1395133977773	1395133977773	OK	 
ACTION	Pricing	1	price	1395133977668	1395133977669	1395133977806	1395133977806	OK	 
ACTION	Pricing	2	price	1395133977704	1395133977705	1395133977838	1395133977838	OK	 
ACTION	Pricing	4	price	1395133977740	1395133977741	1395133977870	1395133977870	OK	 
ACTION	Pricing	3	price	1395133977775	1395133977775	1395133977909	1395133977910	OK	 
ACTION	Pricing	1	price	1395133977807	1395133977808	1395133977942	1395133977943	OK	 
ACTION	Pricing	2	price	1395133977840	1395133977841	1395133977977	1395133977977	OK	 
ACTION	Pricing	4	price	1395133977872	1395133977872	1395133978008	1395133978008	OK	 
ACTION	Pricing	3	price	1395133977911	1395133977911	1395133978040	1395133978041	OK	 
ACTION	Pricing	1	price	1395133977944	1395133977945	1395133978071	1395133978071	OK	 
ACTION	Pricing	2	price	1395133977978	1395133977978	1395133978104	1395133978104	OK	 
ACTION	Pricing	4	price	1395133978010	1395133978010	1395133978136	1395133978136	OK	 
ACTION	Pricing	3	price	1395133978042	1395133978042	1395133978168	1395133978168	OK	 
ACTION	Pricing	1	price	1395133978073	1395133978073	1395133978198	1395133978198	OK	 
ACTION	Pricing	2	price	1395133978106	1395133978106	1395133978229	1395133978229	OK	 
ACTION	Pricing	4	price	1395133978137	1395133978137	1395133978263	1395133978263	OK	 
ACTION	Pricing	3	price	1395133978169	1395133978169	1395133978297	1395133978297	OK	 
ACTION	Pricing	1	price	1395133978200	1395133978200	1395133978330	1395133978330	OK	 
ACTION	Pricing	2	price	1395133978231	1395133978231	1395133978366	1395133978366	OK	 
ACTION	Pricing	4	price	1395133978264	1395133978264	1395133978399	1395133978400	OK	 
ACTION	Pricing	3	price	1395133978298	1395133978299	1395133978436	1395133978436	OK	 
ACTION	Pricing	1	price	1395133978332	1395133978332	1395133978468	1395133978468	OK	 
ACTION	Pricing	2	price	1395133978367	1395133978367	1395133978502	1395133978502	OK	 
ACTION	Pricing	4	price	1395133978401	1395133978401	1395133978536	1395133978536	OK	 
ACTION	Pricing	3	price	1395133978437	1395133978437	1395133978568	1395133978569	OK	 
ACTION	Pricing	1	price	1395133978469	1395133978470	1395133978601	1395133978602	OK	 
ACTION	Pricing	2	price	1395133978504	1395133978504	1395133978634	1395133978634	OK	 
ACTION	Pricing	4	price	1395133978537	1395133978538	1395133978666	1395133978667	OK	 
ACTION	Pricing	3	price	1395133978570	1395133978571	1395133978701	1395133978702	OK	 
ACTION	Pricing	1	price	1395133978603	1395133978604	1395133978734	1395133978734	OK	 
ACTION	Pricing	2	price	1395133978636	1395133978636	1395133978770	1395133978770	OK	 
ACTION	Pricing	4	price	1395133978668	1395133978668	1395133978804	1395133978805	OK	 
SCENARIO	Pricing	4	END	1395133978805
ACTION	Pricing	3	price	1395133978703	1395133978704	1395133978839	1395133978839	OK	 
SCENARIO	Pricing	3	END	1395133978840
ACTION	Pricing	1	price	1395133978735	1395133978736	1395133978875	1395133978875	OK	 
SCENARIO	Pricing	1	END	1395133978876
ACTION	Pricing	2	price	1395133978772	1395133978772	1395133978906	1395133978906	OK	 
SCENARIO	Pricing	2	END	1395133978906
