RUN	20140318095002	pricingsimulation	pricingsimulation
SCENARIO	Pricing	60	START	1395136205945
SCENARIO	Pricing	87	START	1395136205947
SCENARIO	Pricing	97	START	1395136205947
SCENARIO	Pricing	96	START	1395136205947
SCENARIO	Pricing	8	START	1395136205947
SCENARIO	Pricing	5	START	1395136205947
SCENARIO	Pricing	13	START	1395136205947
SCENARIO	Pricing	44	START	1395136205947
SCENARIO	Pricing	7	START	1395136205947
SCENARIO	Pricing	99	START	1395136205947
SCENARIO	Pricing	2	START	1395136205947
SCENARIO	Pricing	45	START	1395136205947
SCENARIO	Pricing	11	START	1395136205947
SCENARIO	Pricing	31	START	1395136205947
SCENARIO	Pricing	27	START	1395136205947
SCENARIO	Pricing	57	START	1395136205947
SCENARIO	Pricing	17	START	1395136205948
SCENARIO	Pricing	64	START	1395136205948
SCENARIO	Pricing	89	START	1395136205948
SCENARIO	Pricing	38	START	1395136205948
SCENARIO	Pricing	9	START	1395136205948
SCENARIO	Pricing	21	START	1395136205948
SCENARIO	Pricing	100	START	1395136205948
SCENARIO	Pricing	61	START	1395136205948
SCENARIO	Pricing	25	START	1395136205948
SCENARIO	Pricing	36	START	1395136205948
SCENARIO	Pricing	65	START	1395136205948
SCENARIO	Pricing	83	START	1395136205948
SCENARIO	Pricing	34	START	1395136205948
SCENARIO	Pricing	49	START	1395136205948
SCENARIO	Pricing	19	START	1395136205948
SCENARIO	Pricing	75	START	1395136205948
SCENARIO	Pricing	73	START	1395136205948
SCENARIO	Pricing	80	START	1395136205948
SCENARIO	Pricing	22	START	1395136205948
SCENARIO	Pricing	58	START	1395136205948
SCENARIO	Pricing	33	START	1395136205948
SCENARIO	Pricing	47	START	1395136205948
SCENARIO	Pricing	16	START	1395136205948
SCENARIO	Pricing	66	START	1395136205948
SCENARIO	Pricing	88	START	1395136205948
SCENARIO	Pricing	67	START	1395136205948
SCENARIO	Pricing	3	START	1395136205948
SCENARIO	Pricing	81	START	1395136205948
SCENARIO	Pricing	28	START	1395136205948
SCENARIO	Pricing	10	START	1395136205948
SCENARIO	Pricing	42	START	1395136205948
SCENARIO	Pricing	29	START	1395136205948
SCENARIO	Pricing	71	START	1395136205948
SCENARIO	Pricing	86	START	1395136205948
SCENARIO	Pricing	40	START	1395136205949
SCENARIO	Pricing	41	START	1395136205949
SCENARIO	Pricing	26	START	1395136205949
SCENARIO	Pricing	23	START	1395136205949
SCENARIO	Pricing	14	START	1395136205949
SCENARIO	Pricing	59	START	1395136205949
SCENARIO	Pricing	50	START	1395136205949
SCENARIO	Pricing	35	START	1395136205949
SCENARIO	Pricing	54	START	1395136205949
SCENARIO	Pricing	84	START	1395136205949
SCENARIO	Pricing	92	START	1395136205949
SCENARIO	Pricing	37	START	1395136205949
SCENARIO	Pricing	1	START	1395136205949
SCENARIO	Pricing	93	START	1395136205949
SCENARIO	Pricing	24	START	1395136205949
SCENARIO	Pricing	55	START	1395136205949
SCENARIO	Pricing	91	START	1395136205949
SCENARIO	Pricing	43	START	1395136205949
SCENARIO	Pricing	90	START	1395136205949
SCENARIO	Pricing	53	START	1395136205949
SCENARIO	Pricing	15	START	1395136205949
SCENARIO	Pricing	68	START	1395136205949
SCENARIO	Pricing	48	START	1395136205949
SCENARIO	Pricing	12	START	1395136205949
SCENARIO	Pricing	63	START	1395136205949
SCENARIO	Pricing	70	START	1395136205949
SCENARIO	Pricing	82	START	1395136205949
SCENARIO	Pricing	98	START	1395136205949
SCENARIO	Pricing	51	START	1395136205949
SCENARIO	Pricing	85	START	1395136205949
SCENARIO	Pricing	78	START	1395136205949
SCENARIO	Pricing	95	START	1395136205949
SCENARIO	Pricing	74	START	1395136205949
SCENARIO	Pricing	76	START	1395136205950
SCENARIO	Pricing	52	START	1395136205950
SCENARIO	Pricing	18	START	1395136205950
SCENARIO	Pricing	79	START	1395136205950
SCENARIO	Pricing	32	START	1395136205950
SCENARIO	Pricing	72	START	1395136205950
SCENARIO	Pricing	69	START	1395136205950
SCENARIO	Pricing	4	START	1395136205950
SCENARIO	Pricing	20	START	1395136205950
SCENARIO	Pricing	56	START	1395136205950
SCENARIO	Pricing	77	START	1395136205950
SCENARIO	Pricing	30	START	1395136205950
SCENARIO	Pricing	6	START	1395136205950
SCENARIO	Pricing	94	START	1395136205950
SCENARIO	Pricing	39	START	1395136205950
SCENARIO	Pricing	62	START	1395136205950
SCENARIO	Pricing	46	START	1395136205950
ACTION	Pricing	58	price	1395136206109	1395136206147	1395136208201	1395136208227	OK	 
ACTION	Pricing	56	price	1395136206235	1395136206243	1395136208201	1395136208234	OK	 
ACTION	Pricing	50	price	1395136206148	1395136206225	1395136208230	1395136208232	OK	 
ACTION	Pricing	10	price	1395136206133	1395136206157	1395136208268	1395136208269	OK	 
ACTION	Pricing	92	price	1395136206159	1395136206226	1395136208211	1395136208227	OK	 
ACTION	Pricing	91	price	1395136206173	1395136206231	1395136208421	1395136208421	OK	 
ACTION	Pricing	80	price	1395136206107	1395136206145	1395136208454	1395136208455	OK	 
ACTION	Pricing	60	price	1395136206015	1395136206015	1395136208488	1395136208488	OK	 
ACTION	Pricing	94	price	1395136206247	1395136206248	1395136208564	1395136208564	OK	 
ACTION	Pricing	73	price	1395136206106	1395136206140	1395136208604	1395136208604	OK	 
ACTION	Pricing	11	price	1395136206071	1395136206097	1395136208646	1395136208646	OK	 
ACTION	Pricing	42	price	1395136206135	1395136206185	1395136208701	1395136208701	OK	 
ACTION	Pricing	76	price	1395136206205	1395136206220	1395136208758	1395136208758	OK	 
ACTION	Pricing	67	price	1395136206115	1395136206153	1395136208820	1395136208820	OK	 
ACTION	Pricing	59	price	1395136206146	1395136206217	1395136208887	1395136208887	OK	 
ACTION	Pricing	69	price	1395136206227	1395136206229	1395136208959	1395136208960	OK	 
ACTION	Pricing	19	price	1395136206104	1395136206148	1395136209020	1395136209021	OK	 
ACTION	Pricing	70	price	1395136206193	1395136206220	1395136209055	1395136209056	OK	 
ACTION	Pricing	93	price	1395136206163	1395136206219	1395136209086	1395136209086	OK	 
ACTION	Pricing	41	price	1395136206141	1395136206186	1395136209120	1395136209121	OK	 
ACTION	Pricing	38	price	1395136206082	1395136206124	1395136209159	1395136209159	OK	 
ACTION	Pricing	31	price	1395136206077	1395136206123	1395136209194	1395136209194	OK	 
ACTION	Pricing	21	price	1395136206086	1395136206136	1395136209224	1395136209225	OK	 
ACTION	Pricing	81	price	1395136206124	1395136206167	1395136209271	1395136209271	OK	 
ACTION	Pricing	61	price	1395136206086	1395136206141	1395136209304	1395136209305	OK	 
ACTION	Pricing	40	price	1395136206140	1395136206211	1395136209337	1395136209338	OK	 
ACTION	Pricing	55	price	1395136206166	1395136206221	1395136209367	1395136209367	OK	 
ACTION	Pricing	98	price	1395136206194	1395136206223	1395136209398	1395136209398	OK	 
ACTION	Pricing	71	price	1395136206136	1395136206215	1395136209426	1395136209426	OK	 
ACTION	Pricing	37	price	1395136206162	1395136206215	1395136209461	1395136209462	OK	 
ACTION	Pricing	72	price	1395136206224	1395136206235	1395136209491	1395136209491	OK	 
ACTION	Pricing	6	price	1395136206238	1395136206246	1395136209520	1395136209521	OK	 
ACTION	Pricing	5	price	1395136206050	1395136206058	1395136209556	1395136209556	OK	 
ACTION	Pricing	47	price	1395136206110	1395136206146	1395136209580	1395136209580	OK	 
ACTION	Pricing	44	price	1395136206053	1395136206058	1395136209621	1395136209622	OK	 
ACTION	Pricing	57	price	1395136206079	1395136206116	1395136209653	1395136209653	OK	 
ACTION	Pricing	7	price	1395136206054	1395136206059	1395136209686	1395136209686	OK	 
ACTION	Pricing	100	price	1395136206086	1395136206132	1395136209717	1395136209717	OK	 
ACTION	Pricing	22	price	1395136206107	1395136206149	1395136209748	1395136209748	OK	 
ACTION	Pricing	17	price	1395136206080	1395136206122	1395136209778	1395136209778	OK	 
ACTION	Pricing	79	price	1395136206210	1395136206233	1395136209812	1395136209812	OK	 
ACTION	Pricing	24	price	1395136206164	1395136206226	1395136209845	1395136209845	OK	 
ACTION	Pricing	15	price	1395136206178	1395136206231	1395136209877	1395136209878	OK	 
ACTION	Pricing	66	price	1395136206113	1395136206148	1395136209907	1395136209907	OK	 
ACTION	Pricing	35	price	1395136206149	1395136206211	1395136209937	1395136209937	OK	 
ACTION	Pricing	62	price	1395136206250	1395136206252	1395136209969	1395136209969	OK	 
ACTION	Pricing	52	price	1395136206206	1395136206234	1395136209999	1395136210000	OK	 
ACTION	Pricing	75	price	1395136206105	1395136206147	1395136210031	1395136210031	OK	 
ACTION	Pricing	51	price	1395136206196	1395136206232	1395136210062	1395136210063	OK	 
ACTION	Pricing	83	price	1395136206091	1395136206142	1395136210093	1395136210094	OK	 
ACTION	Pricing	95	price	1395136206202	1395136206224	1395136210126	1395136210126	OK	 
ACTION	Pricing	90	price	1395136206176	1395136206227	1395136210157	1395136210157	OK	 
ACTION	Pricing	39	price	1395136206248	1395136206249	1395136210190	1395136210190	OK	 
ACTION	Pricing	99	price	1395136206061	1395136206067	1395136210225	1395136210225	OK	 
ACTION	Pricing	64	price	1395136206080	1395136206135	1395136210256	1395136210256	OK	 
ACTION	Pricing	28	price	1395136206132	1395136206184	1395136210286	1395136210286	OK	 
ACTION	Pricing	88	price	1395136206114	1395136206151	1395136210317	1395136210318	OK	 
ACTION	Pricing	45	price	1395136206068	1395136206070	1395136210349	1395136210350	OK	 
ACTION	Pricing	23	price	1395136206142	1395136206185	1395136210382	1395136210382	OK	 
ACTION	Pricing	48	price	1395136206187	1395136206227	1395136210415	1395136210415	OK	 
ACTION	Pricing	36	price	1395136206089	1395136206144	1395136210449	1395136210449	OK	 
ACTION	Pricing	27	price	1395136206077	1395136206116	1395136210482	1395136210482	OK	 
ACTION	Pricing	2	price	1395136206061	1395136206064	1395136210516	1395136210516	OK	 
ACTION	Pricing	4	price	1395136206231	1395136206233	1395136210548	1395136210548	OK	 
ACTION	Pricing	14	price	1395136206144	1395136206216	1395136210581	1395136210582	OK	 
ACTION	Pricing	30	price	1395136206237	1395136206244	1395136210617	1395136210617	OK	 
ACTION	Pricing	20	price	1395136206233	1395136206235	1395136210657	1395136210657	OK	 
ACTION	Pricing	65	price	1395136206090	1395136206133	1395136210692	1395136210693	OK	 
ACTION	Pricing	32	price	1395136206217	1395136206222	1395136210725	1395136210726	OK	 
ACTION	Pricing	8	price	1395136206042	1395136206049	1395136210770	1395136210770	OK	 
ACTION	Pricing	34	price	1395136206093	1395136206140	1395136210798	1395136210799	OK	 
ACTION	Pricing	97	price	1395136206030	1395136206035	1395136210827	1395136210827	OK	 
ACTION	Pricing	74	price	1395136206205	1395136206233	1395136210858	1395136210859	OK	 
ACTION	Pricing	43	price	1395136206174	1395136206219	1395136210891	1395136210891	OK	 
ACTION	Pricing	3	price	1395136206121	1395136206153	1395136210923	1395136210923	OK	 
ACTION	Pricing	25	price	1395136206087	1395136206139	1395136210953	1395136210953	OK	 
ACTION	Pricing	96	price	1395136206037	1395136206039	1395136210984	1395136210984	OK	 
ACTION	Pricing	12	price	1395136206189	1395136206222	1395136211012	1395136211012	OK	 
ACTION	Pricing	82	price	1395136206193	1395136206228	1395136211043	1395136211043	OK	 
ACTION	Pricing	18	price	1395136206207	1395136206223	1395136211073	1395136211073	OK	 
ACTION	Pricing	46	price	1395136206251	1395136206253	1395136211105	1395136211105	OK	 
ACTION	Pricing	63	price	1395136206190	1395136206232	1395136211136	1395136211136	OK	 
ACTION	Pricing	89	price	1395136206080	1395136206131	1395136211165	1395136211165	OK	 
ACTION	Pricing	13	price	1395136206053	1395136206057	1395136211196	1395136211196	OK	 
ACTION	Pricing	9	price	1395136206085	1395136206138	1395136211226	1395136211227	OK	 
ACTION	Pricing	26	price	1395136206141	1395136206225	1395136211258	1395136211258	OK	 
ACTION	Pricing	49	price	1395136206103	1395136206145	1395136211288	1395136211288	OK	 
ACTION	Pricing	86	price	1395136206138	1395136206174	1395136211319	1395136211319	OK	 
ACTION	Pricing	77	price	1395136206236	1395136206243	1395136211349	1395136211349	OK	 
ACTION	Pricing	53	price	1395136206177	1395136206222	1395136211379	1395136211379	OK	 
ACTION	Pricing	78	price	1395136206210	1395136206228	1395136211409	1395136211409	OK	 
ACTION	Pricing	87	price	1395136206016	1395136206018	1395136211441	1395136211441	OK	 
ACTION	Pricing	16	price	1395136206111	1395136206149	1395136211472	1395136211472	OK	 
ACTION	Pricing	54	price	1395136206150	1395136206229	1395136211501	1395136211502	OK	 
ACTION	Pricing	1	price	1395136206163	1395136206230	1395136211533	1395136211533	OK	 
ACTION	Pricing	85	price	1395136206196	1395136206221	1395136211565	1395136211565	OK	 
ACTION	Pricing	84	price	1395136206153	1395136206219	1395136211596	1395136211597	OK	 
ACTION	Pricing	33	price	1395136206109	1395136206150	1395136211627	1395136211627	OK	 
ACTION	Pricing	68	price	1395136206184	1395136206219	1395136211661	1395136211661	OK	 
ACTION	Pricing	29	price	1395136206135	1395136206214	1395136211691	1395136211691	OK	 
ACTION	Pricing	56	price	1395136208306	1395136208318	1395136211720	1395136211721	OK	 
ACTION	Pricing	58	price	1395136208422	1395136208426	1395136211759	1395136211759	OK	 
ACTION	Pricing	10	price	1395136208428	1395136208430	1395136211800	1395136211800	OK	 
ACTION	Pricing	50	price	1395136208432	1395136208435	1395136211845	1395136211845	OK	 
ACTION	Pricing	92	price	1395136208438	1395136208441	1395136211881	1395136211882	OK	 
ACTION	Pricing	91	price	1395136208443	1395136208445	1395136211919	1395136211919	OK	 
ACTION	Pricing	80	price	1395136208456	1395136208458	1395136211950	1395136211950	OK	 
ACTION	Pricing	60	price	1395136208490	1395136208491	1395136211981	1395136211981	OK	 
ACTION	Pricing	94	price	1395136208566	1395136208568	1395136212010	1395136212010	OK	 
ACTION	Pricing	73	price	1395136208606	1395136208608	1395136212050	1395136212051	OK	 
ACTION	Pricing	11	price	1395136208649	1395136208650	1395136212093	1395136212093	OK	 
ACTION	Pricing	42	price	1395136208705	1395136208706	1395136212129	1395136212129	OK	 
ACTION	Pricing	76	price	1395136208761	1395136208761	1395136212161	1395136212161	OK	 
ACTION	Pricing	67	price	1395136208822	1395136208824	1395136212194	1395136212194	OK	 
ACTION	Pricing	59	price	1395136208890	1395136208890	1395136212244	1395136212245	OK	 
ACTION	Pricing	69	price	1395136208962	1395136208963	1395136212275	1395136212276	OK	 
ACTION	Pricing	19	price	1395136209022	1395136209024	1395136212307	1395136212307	OK	 
ACTION	Pricing	70	price	1395136209058	1395136209059	1395136212339	1395136212339	OK	 
ACTION	Pricing	93	price	1395136209089	1395136209090	1395136212372	1395136212372	OK	 
ACTION	Pricing	41	price	1395136209122	1395136209126	1395136212406	1395136212407	OK	 
ACTION	Pricing	38	price	1395136209161	1395136209162	1395136212437	1395136212437	OK	 
ACTION	Pricing	31	price	1395136209199	1395136209200	1395136212471	1395136212471	OK	 
ACTION	Pricing	21	price	1395136209226	1395136209230	1395136212503	1395136212503	OK	 
ACTION	Pricing	81	price	1395136209273	1395136209274	1395136212534	1395136212534	OK	 
ACTION	Pricing	61	price	1395136209306	1395136209308	1395136212567	1395136212568	OK	 
ACTION	Pricing	40	price	1395136209340	1395136209341	1395136212600	1395136212600	OK	 
ACTION	Pricing	55	price	1395136209369	1395136209370	1395136212631	1395136212631	OK	 
ACTION	Pricing	98	price	1395136209399	1395136209402	1395136212666	1395136212667	OK	 
ACTION	Pricing	71	price	1395136209429	1395136209430	1395136212709	1395136212709	OK	 
ACTION	Pricing	37	price	1395136209463	1395136209465	1395136212740	1395136212740	OK	 
ACTION	Pricing	72	price	1395136209493	1395136209495	1395136212779	1395136212779	OK	 
ACTION	Pricing	6	price	1395136209522	1395136209524	1395136212809	1395136212809	OK	 
ACTION	Pricing	5	price	1395136209558	1395136209561	1395136212839	1395136212840	OK	 
ACTION	Pricing	47	price	1395136209584	1395136209585	1395136212881	1395136212882	OK	 
ACTION	Pricing	44	price	1395136209624	1395136209626	1395136212913	1395136212913	OK	 
ACTION	Pricing	57	price	1395136209660	1395136209661	1395136212945	1395136212945	OK	 
ACTION	Pricing	7	price	1395136209688	1395136209689	1395136212975	1395136212976	OK	 
ACTION	Pricing	100	price	1395136209721	1395136209721	1395136213007	1395136213007	OK	 
ACTION	Pricing	22	price	1395136209750	1395136209751	1395136213047	1395136213048	OK	 
ACTION	Pricing	17	price	1395136209781	1395136209782	1395136213080	1395136213080	OK	 
ACTION	Pricing	79	price	1395136209814	1395136209814	1395136213112	1395136213112	OK	 
ACTION	Pricing	24	price	1395136209847	1395136209847	1395136213143	1395136213143	OK	 
ACTION	Pricing	15	price	1395136209879	1395136209880	1395136213180	1395136213181	OK	 
ACTION	Pricing	66	price	1395136209910	1395136209910	1395136213211	1395136213211	OK	 
ACTION	Pricing	35	price	1395136209939	1395136209939	1395136213245	1395136213245	OK	 
ACTION	Pricing	62	price	1395136209971	1395136209971	1395136213279	1395136213280	OK	 
ACTION	Pricing	52	price	1395136210002	1395136210002	1395136213317	1395136213317	OK	 
ACTION	Pricing	75	price	1395136210033	1395136210034	1395136213352	1395136213353	OK	 
ACTION	Pricing	51	price	1395136210065	1395136210065	1395136213387	1395136213388	OK	 
ACTION	Pricing	83	price	1395136210095	1395136210096	1395136213422	1395136213422	OK	 
ACTION	Pricing	95	price	1395136210128	1395136210129	1395136213454	1395136213455	OK	 
ACTION	Pricing	90	price	1395136210159	1395136210160	1395136213488	1395136213488	OK	 
ACTION	Pricing	39	price	1395136210192	1395136210192	1395136213521	1395136213522	OK	 
ACTION	Pricing	99	price	1395136210227	1395136210228	1395136213555	1395136213556	OK	 
ACTION	Pricing	64	price	1395136210259	1395136210259	1395136213589	1395136213589	OK	 
ACTION	Pricing	28	price	1395136210288	1395136210289	1395136213623	1395136213624	OK	 
ACTION	Pricing	88	price	1395136210320	1395136210320	1395136213657	1395136213657	OK	 
ACTION	Pricing	45	price	1395136210352	1395136210353	1395136213692	1395136213692	OK	 
ACTION	Pricing	23	price	1395136210384	1395136210385	1395136213724	1395136213724	OK	 
ACTION	Pricing	48	price	1395136210417	1395136210417	1395136213759	1395136213759	OK	 
ACTION	Pricing	36	price	1395136210451	1395136210452	1395136213792	1395136213792	OK	 
ACTION	Pricing	27	price	1395136210484	1395136210485	1395136213823	1395136213823	OK	 
ACTION	Pricing	2	price	1395136210517	1395136210518	1395136213857	1395136213857	OK	 
ACTION	Pricing	4	price	1395136210550	1395136210551	1395136213888	1395136213888	OK	 
ACTION	Pricing	14	price	1395136210584	1395136210584	1395136213919	1395136213919	OK	 
ACTION	Pricing	30	price	1395136210619	1395136210619	1395136213948	1395136213948	OK	 
ACTION	Pricing	20	price	1395136210659	1395136210660	1395136213978	1395136213978	OK	 
ACTION	Pricing	65	price	1395136210694	1395136210695	1395136214009	1395136214009	OK	 
ACTION	Pricing	32	price	1395136210728	1395136210729	1395136214039	1395136214040	OK	 
ACTION	Pricing	8	price	1395136210772	1395136210772	1395136214068	1395136214069	OK	 
ACTION	Pricing	34	price	1395136210800	1395136210801	1395136214101	1395136214101	OK	 
ACTION	Pricing	97	price	1395136210829	1395136210830	1395136214131	1395136214131	OK	 
ACTION	Pricing	74	price	1395136210861	1395136210863	1395136214170	1395136214170	OK	 
ACTION	Pricing	43	price	1395136210892	1395136210893	1395136214200	1395136214200	OK	 
ACTION	Pricing	3	price	1395136210925	1395136210925	1395136214232	1395136214232	OK	 
ACTION	Pricing	25	price	1395136210956	1395136210956	1395136214263	1395136214263	OK	 
ACTION	Pricing	96	price	1395136210986	1395136210986	1395136214296	1395136214297	OK	 
ACTION	Pricing	12	price	1395136211014	1395136211015	1395136214328	1395136214329	OK	 
ACTION	Pricing	82	price	1395136211045	1395136211045	1395136214361	1395136214361	OK	 
ACTION	Pricing	18	price	1395136211077	1395136211077	1395136214389	1395136214389	OK	 
ACTION	Pricing	46	price	1395136211107	1395136211107	1395136214419	1395136214419	OK	 
ACTION	Pricing	63	price	1395136211138	1395136211138	1395136214449	1395136214449	OK	 
ACTION	Pricing	89	price	1395136211167	1395136211168	1395136214479	1395136214479	OK	 
ACTION	Pricing	13	price	1395136211199	1395136211199	1395136214509	1395136214509	OK	 
ACTION	Pricing	9	price	1395136211228	1395136211229	1395136214540	1395136214541	OK	 
ACTION	Pricing	26	price	1395136211260	1395136211260	1395136214574	1395136214575	OK	 
ACTION	Pricing	49	price	1395136211290	1395136211290	1395136214605	1395136214605	OK	 
ACTION	Pricing	86	price	1395136211321	1395136211322	1395136214645	1395136214645	OK	 
ACTION	Pricing	77	price	1395136211351	1395136211352	1395136214681	1395136214682	OK	 
ACTION	Pricing	53	price	1395136211381	1395136211382	1395136214716	1395136214717	OK	 
ACTION	Pricing	78	price	1395136211411	1395136211412	1395136214748	1395136214748	OK	 
ACTION	Pricing	87	price	1395136211443	1395136211444	1395136214782	1395136214782	OK	 
ACTION	Pricing	16	price	1395136211474	1395136211474	1395136214815	1395136214815	OK	 
ACTION	Pricing	54	price	1395136211503	1395136211503	1395136214851	1395136214851	OK	 
ACTION	Pricing	1	price	1395136211535	1395136211536	1395136214883	1395136214883	OK	 
ACTION	Pricing	85	price	1395136211567	1395136211568	1395136214918	1395136214918	OK	 
ACTION	Pricing	84	price	1395136211598	1395136211599	1395136214953	1395136214953	OK	 
ACTION	Pricing	33	price	1395136211630	1395136211631	1395136214989	1395136214989	OK	 
ACTION	Pricing	68	price	1395136211663	1395136211663	1395136215026	1395136215027	OK	 
ACTION	Pricing	29	price	1395136211693	1395136211693	1395136215061	1395136215061	OK	 
ACTION	Pricing	56	price	1395136211722	1395136211723	1395136215096	1395136215097	OK	 
ACTION	Pricing	58	price	1395136211761	1395136211762	1395136215131	1395136215132	OK	 
ACTION	Pricing	10	price	1395136211802	1395136211802	1395136215165	1395136215165	OK	 
ACTION	Pricing	50	price	1395136211847	1395136211847	1395136215195	1395136215195	OK	 
ACTION	Pricing	92	price	1395136211883	1395136211884	1395136215232	1395136215232	OK	 
ACTION	Pricing	91	price	1395136211921	1395136211922	1395136215267	1395136215267	OK	 
ACTION	Pricing	80	price	1395136211952	1395136211952	1395136215302	1395136215303	OK	 
ACTION	Pricing	60	price	1395136211983	1395136211984	1395136215345	1395136215345	OK	 
ACTION	Pricing	94	price	1395136212012	1395136212012	1395136215373	1395136215373	OK	 
ACTION	Pricing	73	price	1395136212053	1395136212054	1395136215407	1395136215407	OK	 
ACTION	Pricing	11	price	1395136212095	1395136212096	1395136215444	1395136215444	OK	 
ACTION	Pricing	42	price	1395136212131	1395136212132	1395136215478	1395136215479	OK	 
ACTION	Pricing	76	price	1395136212163	1395136212163	1395136215510	1395136215510	OK	 
ACTION	Pricing	67	price	1395136212195	1395136212196	1395136215544	1395136215544	OK	 
ACTION	Pricing	59	price	1395136212246	1395136212247	1395136215583	1395136215583	OK	 
ACTION	Pricing	69	price	1395136212277	1395136212278	1395136215618	1395136215618	OK	 
ACTION	Pricing	19	price	1395136212308	1395136212309	1395136215656	1395136215656	OK	 
ACTION	Pricing	70	price	1395136212341	1395136212341	1395136215693	1395136215693	OK	 
ACTION	Pricing	93	price	1395136212374	1395136212375	1395136215730	1395136215731	OK	 
ACTION	Pricing	41	price	1395136212408	1395136212409	1395136215762	1395136215763	OK	 
ACTION	Pricing	38	price	1395136212439	1395136212440	1395136215793	1395136215793	OK	 
ACTION	Pricing	31	price	1395136212473	1395136212473	1395136215827	1395136215827	OK	 
ACTION	Pricing	21	price	1395136212505	1395136212505	1395136215864	1395136215865	OK	 
ACTION	Pricing	81	price	1395136212536	1395136212537	1395136215898	1395136215898	OK	 
ACTION	Pricing	61	price	1395136212570	1395136212570	1395136215934	1395136215934	OK	 
ACTION	Pricing	40	price	1395136212602	1395136212602	1395136215966	1395136215967	OK	 
ACTION	Pricing	55	price	1395136212633	1395136212634	1395136216000	1395136216000	OK	 
ACTION	Pricing	98	price	1395136212682	1395136212682	1395136216034	1395136216035	OK	 
ACTION	Pricing	71	price	1395136212711	1395136212711	1395136216073	1395136216073	OK	 
ACTION	Pricing	37	price	1395136212742	1395136212743	1395136216105	1395136216105	OK	 
ACTION	Pricing	72	price	1395136212781	1395136212782	1395136216135	1395136216135	OK	 
ACTION	Pricing	6	price	1395136212811	1395136212812	1395136216167	1395136216167	OK	 
ACTION	Pricing	5	price	1395136212842	1395136212843	1395136216201	1395136216202	OK	 
ACTION	Pricing	47	price	1395136212884	1395136212884	1395136216234	1395136216234	OK	 
ACTION	Pricing	44	price	1395136212915	1395136212916	1395136216265	1395136216265	OK	 
ACTION	Pricing	57	price	1395136212947	1395136212948	1395136216295	1395136216296	OK	 
ACTION	Pricing	7	price	1395136212977	1395136212978	1395136216326	1395136216326	OK	 
ACTION	Pricing	100	price	1395136213009	1395136213010	1395136216359	1395136216360	OK	 
ACTION	Pricing	22	price	1395136213050	1395136213051	1395136216392	1395136216392	OK	 
ACTION	Pricing	17	price	1395136213082	1395136213083	1395136216423	1395136216424	OK	 
ACTION	Pricing	79	price	1395136213114	1395136213114	1395136216457	1395136216457	OK	 
ACTION	Pricing	24	price	1395136213145	1395136213145	1395136216489	1395136216489	OK	 
ACTION	Pricing	15	price	1395136213182	1395136213183	1395136216521	1395136216522	OK	 
ACTION	Pricing	66	price	1395136213213	1395136213213	1395136216552	1395136216553	OK	 
ACTION	Pricing	35	price	1395136213247	1395136213248	1395136216584	1395136216585	OK	 
ACTION	Pricing	62	price	1395136213282	1395136213283	1395136216618	1395136216618	OK	 
ACTION	Pricing	52	price	1395136213320	1395136213321	1395136216654	1395136216655	OK	 
ACTION	Pricing	75	price	1395136213354	1395136213355	1395136216687	1395136216688	OK	 
ACTION	Pricing	51	price	1395136213390	1395136213390	1395136216718	1395136216718	OK	 
ACTION	Pricing	83	price	1395136213424	1395136213425	1395136216747	1395136216748	OK	 
ACTION	Pricing	95	price	1395136213456	1395136213457	1395136216778	1395136216779	OK	 
ACTION	Pricing	90	price	1395136213491	1395136213491	1395136216811	1395136216812	OK	 
ACTION	Pricing	39	price	1395136213524	1395136213524	1395136216844	1395136216844	OK	 
ACTION	Pricing	99	price	1395136213557	1395136213558	1395136216878	1395136216879	OK	 
ACTION	Pricing	64	price	1395136213591	1395136213591	1395136216911	1395136216912	OK	 
ACTION	Pricing	28	price	1395136213625	1395136213626	1395136216945	1395136216946	OK	 
ACTION	Pricing	88	price	1395136213659	1395136213660	1395136216977	1395136216977	OK	 
ACTION	Pricing	45	price	1395136213695	1395136213695	1395136217011	1395136217011	OK	 
ACTION	Pricing	23	price	1395136213725	1395136213726	1395136217042	1395136217043	OK	 
ACTION	Pricing	48	price	1395136213761	1395136213761	1395136217073	1395136217073	OK	 
ACTION	Pricing	36	price	1395136213793	1395136213794	1395136217105	1395136217105	OK	 
ACTION	Pricing	27	price	1395136213825	1395136213825	1395136217137	1395136217137	OK	 
ACTION	Pricing	2	price	1395136213859	1395136213860	1395136217170	1395136217170	OK	 
ACTION	Pricing	4	price	1395136213890	1395136213891	1395136217200	1395136217200	OK	 
ACTION	Pricing	14	price	1395136213922	1395136213922	1395136217230	1395136217230	OK	 
ACTION	Pricing	30	price	1395136213950	1395136213951	1395136217263	1395136217264	OK	 
ACTION	Pricing	20	price	1395136213980	1395136213981	1395136217295	1395136217295	OK	 
ACTION	Pricing	65	price	1395136214011	1395136214012	1395136217329	1395136217329	OK	 
ACTION	Pricing	32	price	1395136214043	1395136214044	1395136217359	1395136217360	OK	 
ACTION	Pricing	8	price	1395136214071	1395136214071	1395136217392	1395136217392	OK	 
ACTION	Pricing	34	price	1395136214103	1395136214103	1395136217432	1395136217433	OK	 
ACTION	Pricing	97	price	1395136214133	1395136214133	1395136217469	1395136217470	OK	 
ACTION	Pricing	74	price	1395136214172	1395136214172	1395136217502	1395136217502	OK	 
ACTION	Pricing	43	price	1395136214202	1395136214202	1395136217531	1395136217531	OK	 
ACTION	Pricing	3	price	1395136214234	1395136214234	1395136217562	1395136217563	OK	 
ACTION	Pricing	25	price	1395136214265	1395136214265	1395136217596	1395136217596	OK	 
ACTION	Pricing	96	price	1395136214299	1395136214299	1395136217629	1395136217629	OK	 
ACTION	Pricing	12	price	1395136214330	1395136214331	1395136217658	1395136217659	OK	 
ACTION	Pricing	82	price	1395136214363	1395136214364	1395136217705	1395136217706	OK	 
ACTION	Pricing	18	price	1395136214391	1395136214392	1395136217735	1395136217735	OK	 
ACTION	Pricing	46	price	1395136214421	1395136214421	1395136217768	1395136217768	OK	 
ACTION	Pricing	63	price	1395136214451	1395136214452	1395136217796	1395136217796	OK	 
ACTION	Pricing	89	price	1395136214480	1395136214481	1395136217825	1395136217825	OK	 
ACTION	Pricing	13	price	1395136214511	1395136214512	1395136217859	1395136217859	OK	 
ACTION	Pricing	9	price	1395136214542	1395136214542	1395136217894	1395136217895	OK	 
ACTION	Pricing	26	price	1395136214576	1395136214577	1395136217927	1395136217927	OK	 
ACTION	Pricing	49	price	1395136214607	1395136214607	1395136217965	1395136217965	OK	 
ACTION	Pricing	86	price	1395136214647	1395136214648	1395136218003	1395136218003	OK	 
ACTION	Pricing	77	price	1395136214683	1395136214684	1395136218038	1395136218039	OK	 
ACTION	Pricing	53	price	1395136214718	1395136214719	1395136218068	1395136218069	OK	 
ACTION	Pricing	78	price	1395136214750	1395136214750	1395136218098	1395136218098	OK	 
ACTION	Pricing	87	price	1395136214784	1395136214784	1395136218130	1395136218130	OK	 
ACTION	Pricing	16	price	1395136214817	1395136214818	1395136218163	1395136218163	OK	 
ACTION	Pricing	54	price	1395136214853	1395136214853	1395136218194	1395136218194	OK	 
ACTION	Pricing	1	price	1395136214886	1395136214886	1395136218225	1395136218226	OK	 
ACTION	Pricing	85	price	1395136214920	1395136214921	1395136218258	1395136218258	OK	 
ACTION	Pricing	84	price	1395136214955	1395136214955	1395136218290	1395136218290	OK	 
ACTION	Pricing	33	price	1395136214993	1395136214993	1395136218323	1395136218323	OK	 
ACTION	Pricing	68	price	1395136215028	1395136215029	1395136218354	1395136218354	OK	 
ACTION	Pricing	29	price	1395136215063	1395136215064	1395136218393	1395136218393	OK	 
ACTION	Pricing	56	price	1395136215098	1395136215099	1395136218426	1395136218426	OK	 
ACTION	Pricing	58	price	1395136215134	1395136215134	1395136218462	1395136218462	OK	 
ACTION	Pricing	10	price	1395136215167	1395136215167	1395136218500	1395136218500	OK	 
ACTION	Pricing	50	price	1395136215198	1395136215198	1395136218537	1395136218537	OK	 
ACTION	Pricing	92	price	1395136215234	1395136215234	1395136218574	1395136218575	OK	 
ACTION	Pricing	91	price	1395136215268	1395136215269	1395136218608	1395136218609	OK	 
ACTION	Pricing	80	price	1395136215304	1395136215305	1395136218640	1395136218641	OK	 
ACTION	Pricing	60	price	1395136215347	1395136215348	1395136218689	1395136218689	OK	 
ACTION	Pricing	94	price	1395136215374	1395136215375	1395136218722	1395136218722	OK	 
ACTION	Pricing	73	price	1395136215409	1395136215410	1395136218754	1395136218754	OK	 
ACTION	Pricing	11	price	1395136215446	1395136215446	1395136218788	1395136218788	OK	 
ACTION	Pricing	42	price	1395136215481	1395136215481	1395136218821	1395136218822	OK	 
ACTION	Pricing	76	price	1395136215512	1395136215512	1395136218855	1395136218855	OK	 
ACTION	Pricing	67	price	1395136215546	1395136215546	1395136218889	1395136218889	OK	 
ACTION	Pricing	59	price	1395136215586	1395136215587	1395136218920	1395136218920	OK	 
ACTION	Pricing	69	price	1395136215620	1395136215621	1395136218952	1395136218952	OK	 
ACTION	Pricing	19	price	1395136215658	1395136215658	1395136218984	1395136218985	OK	 
ACTION	Pricing	70	price	1395136215695	1395136215695	1395136219045	1395136219045	OK	 
ACTION	Pricing	93	price	1395136215732	1395136215733	1395136219079	1395136219079	OK	 
ACTION	Pricing	41	price	1395136215764	1395136215764	1395136219113	1395136219113	OK	 
ACTION	Pricing	38	price	1395136215795	1395136215795	1395136219151	1395136219152	OK	 
ACTION	Pricing	31	price	1395136215828	1395136215829	1395136219186	1395136219187	OK	 
ACTION	Pricing	21	price	1395136215867	1395136215867	1395136219221	1395136219222	OK	 
ACTION	Pricing	81	price	1395136215900	1395136215901	1395136219256	1395136219257	OK	 
ACTION	Pricing	61	price	1395136215936	1395136215937	1395136219290	1395136219290	OK	 
ACTION	Pricing	40	price	1395136215968	1395136215969	1395136219329	1395136219329	OK	 
ACTION	Pricing	55	price	1395136216002	1395136216002	1395136219364	1395136219364	OK	 
ACTION	Pricing	98	price	1395136216036	1395136216036	1395136219401	1395136219401	OK	 
ACTION	Pricing	71	price	1395136216075	1395136216076	1395136219435	1395136219436	OK	 
ACTION	Pricing	37	price	1395136216107	1395136216107	1395136219472	1395136219472	OK	 
ACTION	Pricing	72	price	1395136216137	1395136216137	1395136219515	1395136219515	OK	 
ACTION	Pricing	6	price	1395136216169	1395136216170	1395136219550	1395136219550	OK	 
ACTION	Pricing	5	price	1395136216203	1395136216204	1395136219585	1395136219585	OK	 
ACTION	Pricing	47	price	1395136216236	1395136216236	1395136219618	1395136219618	OK	 
ACTION	Pricing	44	price	1395136216267	1395136216267	1395136219648	1395136219648	OK	 
ACTION	Pricing	57	price	1395136216297	1395136216298	1395136219682	1395136219682	OK	 
ACTION	Pricing	7	price	1395136216329	1395136216329	1395136219712	1395136219713	OK	 
ACTION	Pricing	100	price	1395136216362	1395136216362	1395136219750	1395136219751	OK	 
ACTION	Pricing	22	price	1395136216394	1395136216394	1395136219781	1395136219782	OK	 
ACTION	Pricing	17	price	1395136216425	1395136216426	1395136219813	1395136219813	OK	 
ACTION	Pricing	79	price	1395136216459	1395136216460	1395136219845	1395136219845	OK	 
ACTION	Pricing	24	price	1395136216491	1395136216491	1395136219879	1395136219879	OK	 
ACTION	Pricing	15	price	1395136216523	1395136216524	1395136219913	1395136219913	OK	 
ACTION	Pricing	66	price	1395136216554	1395136216555	1395136219943	1395136219944	OK	 
ACTION	Pricing	35	price	1395136216586	1395136216587	1395136219978	1395136219979	OK	 
ACTION	Pricing	62	price	1395136216620	1395136216620	1395136220021	1395136220021	OK	 
ACTION	Pricing	52	price	1395136216656	1395136216657	1395136220053	1395136220053	OK	 
ACTION	Pricing	75	price	1395136216689	1395136216690	1395136220090	1395136220091	OK	 
ACTION	Pricing	51	price	1395136216719	1395136216720	1395136220125	1395136220126	OK	 
ACTION	Pricing	83	price	1395136216749	1395136216750	1395136220162	1395136220163	OK	 
ACTION	Pricing	95	price	1395136216780	1395136216781	1395136220197	1395136220197	OK	 
ACTION	Pricing	90	price	1395136216813	1395136216814	1395136220230	1395136220230	OK	 
ACTION	Pricing	39	price	1395136216846	1395136216846	1395136220261	1395136220262	OK	 
ACTION	Pricing	99	price	1395136216880	1395136216881	1395136220298	1395136220298	OK	 
ACTION	Pricing	64	price	1395136216914	1395136216914	1395136220365	1395136220365	OK	 
ACTION	Pricing	28	price	1395136216947	1395136216948	1395136220399	1395136220399	OK	 
ACTION	Pricing	88	price	1395136216979	1395136216980	1395136220438	1395136220439	OK	 
ACTION	Pricing	45	price	1395136217013	1395136217014	1395136220477	1395136220478	OK	 
ACTION	Pricing	23	price	1395136217045	1395136217045	1395136220511	1395136220512	OK	 
ACTION	Pricing	48	price	1395136217074	1395136217075	1395136220545	1395136220546	OK	 
ACTION	Pricing	36	price	1395136217107	1395136217107	1395136220583	1395136220583	OK	 
ACTION	Pricing	27	price	1395136217139	1395136217139	1395136220618	1395136220618	OK	 
ACTION	Pricing	2	price	1395136217172	1395136217172	1395136220654	1395136220654	OK	 
ACTION	Pricing	4	price	1395136217202	1395136217203	1395136220691	1395136220691	OK	 
ACTION	Pricing	14	price	1395136217232	1395136217233	1395136220729	1395136220729	OK	 
ACTION	Pricing	30	price	1395136217265	1395136217266	1395136220763	1395136220763	OK	 
ACTION	Pricing	20	price	1395136217297	1395136217298	1395136220796	1395136220796	OK	 
ACTION	Pricing	65	price	1395136217331	1395136217332	1395136220831	1395136220831	OK	 
ACTION	Pricing	32	price	1395136217361	1395136217362	1395136220870	1395136220870	OK	 
ACTION	Pricing	8	price	1395136217394	1395136217394	1395136220905	1395136220905	OK	 
ACTION	Pricing	34	price	1395136217434	1395136217435	1395136220938	1395136220938	OK	 
ACTION	Pricing	97	price	1395136217472	1395136217473	1395136220967	1395136220967	OK	 
ACTION	Pricing	74	price	1395136217504	1395136217504	1395136221001	1395136221002	OK	 
ACTION	Pricing	43	price	1395136217532	1395136217533	1395136221034	1395136221034	OK	 
ACTION	Pricing	3	price	1395136217564	1395136217565	1395136221066	1395136221066	OK	 
ACTION	Pricing	25	price	1395136217598	1395136217599	1395136221099	1395136221099	OK	 
ACTION	Pricing	96	price	1395136217631	1395136217631	1395136221133	1395136221134	OK	 
ACTION	Pricing	12	price	1395136217660	1395136217661	1395136221165	1395136221165	OK	 
ACTION	Pricing	82	price	1395136217708	1395136217708	1395136221202	1395136221202	OK	 
ACTION	Pricing	18	price	1395136217737	1395136217737	1395136221234	1395136221235	OK	 
ACTION	Pricing	46	price	1395136217769	1395136217770	1395136221268	1395136221268	OK	 
ACTION	Pricing	63	price	1395136217798	1395136217798	1395136221302	1395136221303	OK	 
ACTION	Pricing	89	price	1395136217826	1395136217827	1395136221335	1395136221335	OK	 
ACTION	Pricing	13	price	1395136217861	1395136217862	1395136221367	1395136221367	OK	 
ACTION	Pricing	9	price	1395136217896	1395136217897	1395136221398	1395136221398	OK	 
ACTION	Pricing	26	price	1395136217929	1395136217929	1395136221432	1395136221432	OK	 
ACTION	Pricing	49	price	1395136217967	1395136217967	1395136221467	1395136221467	OK	 
ACTION	Pricing	86	price	1395136218005	1395136218005	1395136221501	1395136221502	OK	 
ACTION	Pricing	77	price	1395136218040	1395136218041	1395136221531	1395136221532	OK	 
ACTION	Pricing	53	price	1395136218070	1395136218071	1395136221565	1395136221565	OK	 
ACTION	Pricing	78	price	1395136218100	1395136218100	1395136221599	1395136221599	OK	 
ACTION	Pricing	87	price	1395136218132	1395136218133	1395136221631	1395136221631	OK	 
ACTION	Pricing	16	price	1395136218165	1395136218165	1395136221666	1395136221666	OK	 
ACTION	Pricing	54	price	1395136218195	1395136218196	1395136221699	1395136221699	OK	 
ACTION	Pricing	1	price	1395136218227	1395136218228	1395136221733	1395136221733	OK	 
ACTION	Pricing	85	price	1395136218259	1395136218260	1395136221770	1395136221770	OK	 
ACTION	Pricing	84	price	1395136218292	1395136218292	1395136221804	1395136221805	OK	 
ACTION	Pricing	33	price	1395136218325	1395136218326	1395136221839	1395136221839	OK	 
ACTION	Pricing	68	price	1395136218356	1395136218357	1395136221875	1395136221875	OK	 
ACTION	Pricing	29	price	1395136218395	1395136218396	1395136221908	1395136221908	OK	 
ACTION	Pricing	56	price	1395136218428	1395136218429	1395136221942	1395136221942	OK	 
ACTION	Pricing	58	price	1395136218464	1395136218465	1395136221979	1395136221980	OK	 
ACTION	Pricing	10	price	1395136218502	1395136218502	1395136222011	1395136222012	OK	 
ACTION	Pricing	50	price	1395136218539	1395136218539	1395136222044	1395136222044	OK	 
ACTION	Pricing	92	price	1395136218576	1395136218577	1395136222077	1395136222078	OK	 
ACTION	Pricing	91	price	1395136218611	1395136218612	1395136222112	1395136222112	OK	 
ACTION	Pricing	80	price	1395136218642	1395136218642	1395136222146	1395136222146	OK	 
ACTION	Pricing	60	price	1395136218691	1395136218691	1395136222182	1395136222182	OK	 
ACTION	Pricing	94	price	1395136218724	1395136218724	1395136222230	1395136222230	OK	 
ACTION	Pricing	73	price	1395136218756	1395136218756	1395136222263	1395136222264	OK	 
ACTION	Pricing	11	price	1395136218790	1395136218791	1395136222303	1395136222304	OK	 
ACTION	Pricing	42	price	1395136218827	1395136218829	1395136222339	1395136222340	OK	 
ACTION	Pricing	76	price	1395136218857	1395136218857	1395136222377	1395136222378	OK	 
ACTION	Pricing	67	price	1395136218891	1395136218891	1395136222415	1395136222415	OK	 
ACTION	Pricing	59	price	1395136218922	1395136218922	1395136222451	1395136222451	OK	 
ACTION	Pricing	69	price	1395136218954	1395136218955	1395136222485	1395136222486	OK	 
ACTION	Pricing	19	price	1395136218986	1395136218987	1395136222529	1395136222529	OK	 
ACTION	Pricing	70	price	1395136219046	1395136219047	1395136222555	1395136222555	OK	 
ACTION	Pricing	93	price	1395136219080	1395136219081	1395136222588	1395136222588	OK	 
ACTION	Pricing	41	price	1395136219114	1395136219115	1395136222619	1395136222619	OK	 
ACTION	Pricing	38	price	1395136219154	1395136219154	1395136222653	1395136222653	OK	 
ACTION	Pricing	31	price	1395136219188	1395136219189	1395136222689	1395136222689	OK	 
ACTION	Pricing	21	price	1395136219223	1395136219224	1395136222722	1395136222723	OK	 
ACTION	Pricing	81	price	1395136219258	1395136219259	1395136222756	1395136222757	OK	 
ACTION	Pricing	61	price	1395136219292	1395136219293	1395136222788	1395136222788	OK	 
ACTION	Pricing	40	price	1395136219331	1395136219332	1395136222821	1395136222821	OK	 
ACTION	Pricing	55	price	1395136219365	1395136219366	1395136222853	1395136222853	OK	 
ACTION	Pricing	98	price	1395136219403	1395136219403	1395136222887	1395136222887	OK	 
ACTION	Pricing	71	price	1395136219437	1395136219438	1395136222919	1395136222920	OK	 
ACTION	Pricing	37	price	1395136219474	1395136219475	1395136222959	1395136222959	OK	 
ACTION	Pricing	72	price	1395136219517	1395136219517	1395136222993	1395136222993	OK	 
ACTION	Pricing	6	price	1395136219551	1395136219552	1395136223027	1395136223028	OK	 
ACTION	Pricing	5	price	1395136219587	1395136219587	1395136223063	1395136223063	OK	 
ACTION	Pricing	47	price	1395136219620	1395136219621	1395136223098	1395136223098	OK	 
ACTION	Pricing	44	price	1395136219650	1395136219650	1395136223134	1395136223134	OK	 
ACTION	Pricing	57	price	1395136219683	1395136219684	1395136223169	1395136223170	OK	 
ACTION	Pricing	7	price	1395136219714	1395136219715	1395136223205	1395136223206	OK	 
ACTION	Pricing	100	price	1395136219752	1395136219753	1395136223252	1395136223253	OK	 
ACTION	Pricing	22	price	1395136219784	1395136219784	1395136223302	1395136223302	OK	 
ACTION	Pricing	17	price	1395136219815	1395136219815	1395136223338	1395136223339	OK	 
ACTION	Pricing	79	price	1395136219847	1395136219847	1395136223374	1395136223375	OK	 
ACTION	Pricing	24	price	1395136219880	1395136219881	1395136223409	1395136223410	OK	 
ACTION	Pricing	15	price	1395136219915	1395136219915	1395136223447	1395136223447	OK	 
ACTION	Pricing	66	price	1395136219945	1395136219946	1395136223487	1395136223487	OK	 
ACTION	Pricing	35	price	1395136219980	1395136219981	1395136223526	1395136223527	OK	 
ACTION	Pricing	62	price	1395136220023	1395136220023	1395136223562	1395136223562	OK	 
ACTION	Pricing	52	price	1395136220055	1395136220055	1395136223599	1395136223600	OK	 
ACTION	Pricing	75	price	1395136220092	1395136220093	1395136223640	1395136223640	OK	 
ACTION	Pricing	51	price	1395136220127	1395136220128	1395136223680	1395136223680	OK	 
ACTION	Pricing	83	price	1395136220164	1395136220165	1395136223715	1395136223715	OK	 
ACTION	Pricing	95	price	1395136220198	1395136220199	1395136223748	1395136223749	OK	 
ACTION	Pricing	90	price	1395136220231	1395136220232	1395136223782	1395136223782	OK	 
ACTION	Pricing	39	price	1395136220264	1395136220265	1395136223815	1395136223816	OK	 
ACTION	Pricing	99	price	1395136220300	1395136220301	1395136223848	1395136223848	OK	 
ACTION	Pricing	64	price	1395136220366	1395136220367	1395136223880	1395136223882	OK	 
ACTION	Pricing	28	price	1395136220401	1395136220401	1395136223936	1395136223936	OK	 
ACTION	Pricing	88	price	1395136220441	1395136220441	1395136223967	1395136223967	OK	 
ACTION	Pricing	45	price	1395136220479	1395136220481	1395136224002	1395136224002	OK	 
ACTION	Pricing	23	price	1395136220513	1395136220514	1395136224034	1395136224034	OK	 
ACTION	Pricing	48	price	1395136220547	1395136220548	1395136224065	1395136224065	OK	 
ACTION	Pricing	36	price	1395136220585	1395136220585	1395136224099	1395136224100	OK	 
ACTION	Pricing	27	price	1395136220620	1395136220620	1395136224136	1395136224136	OK	 
ACTION	Pricing	2	price	1395136220656	1395136220657	1395136224167	1395136224167	OK	 
ACTION	Pricing	4	price	1395136220693	1395136220694	1395136224208	1395136224208	OK	 
ACTION	Pricing	14	price	1395136220730	1395136220731	1395136224242	1395136224242	OK	 
ACTION	Pricing	30	price	1395136220764	1395136220765	1395136224273	1395136224273	OK	 
ACTION	Pricing	20	price	1395136220797	1395136220798	1395136224327	1395136224327	OK	 
ACTION	Pricing	65	price	1395136220833	1395136220834	1395136224347	1395136224347	OK	 
ACTION	Pricing	32	price	1395136220873	1395136220873	1395136224380	1395136224380	OK	 
ACTION	Pricing	8	price	1395136220907	1395136220908	1395136224413	1395136224414	OK	 
ACTION	Pricing	34	price	1395136220939	1395136220940	1395136224450	1395136224451	OK	 
ACTION	Pricing	97	price	1395136220969	1395136220970	1395136224482	1395136224482	OK	 
ACTION	Pricing	74	price	1395136221003	1395136221004	1395136224514	1395136224514	OK	 
ACTION	Pricing	43	price	1395136221036	1395136221036	1395136224545	1395136224545	OK	 
ACTION	Pricing	3	price	1395136221067	1395136221068	1395136224577	1395136224578	OK	 
ACTION	Pricing	25	price	1395136221100	1395136221101	1395136224608	1395136224608	OK	 
ACTION	Pricing	96	price	1395136221135	1395136221135	1395136224642	1395136224643	OK	 
ACTION	Pricing	12	price	1395136221166	1395136221167	1395136224678	1395136224678	OK	 
ACTION	Pricing	82	price	1395136221204	1395136221204	1395136224710	1395136224711	OK	 
ACTION	Pricing	18	price	1395136221236	1395136221237	1395136224740	1395136224740	OK	 
ACTION	Pricing	46	price	1395136221271	1395136221271	1395136224773	1395136224773	OK	 
ACTION	Pricing	63	price	1395136221304	1395136221304	1395136224804	1395136224804	OK	 
ACTION	Pricing	89	price	1395136221336	1395136221337	1395136224856	1395136224856	OK	 
ACTION	Pricing	13	price	1395136221368	1395136221369	1395136224889	1395136224889	OK	 
ACTION	Pricing	9	price	1395136221400	1395136221401	1395136224918	1395136224919	OK	 
ACTION	Pricing	26	price	1395136221434	1395136221434	1395136224948	1395136224949	OK	 
ACTION	Pricing	49	price	1395136221469	1395136221470	1395136224980	1395136224980	OK	 
ACTION	Pricing	86	price	1395136221503	1395136221504	1395136225011	1395136225012	OK	 
ACTION	Pricing	77	price	1395136221533	1395136221534	1395136225043	1395136225043	OK	 
ACTION	Pricing	53	price	1395136221567	1395136221568	1395136225078	1395136225079	OK	 
ACTION	Pricing	78	price	1395136221600	1395136221601	1395136225110	1395136225111	OK	 
ACTION	Pricing	87	price	1395136221632	1395136221633	1395136225141	1395136225141	OK	 
ACTION	Pricing	16	price	1395136221667	1395136221668	1395136225173	1395136225173	OK	 
ACTION	Pricing	54	price	1395136221701	1395136221702	1395136225203	1395136225203	OK	 
ACTION	Pricing	1	price	1395136221736	1395136221736	1395136225235	1395136225236	OK	 
ACTION	Pricing	85	price	1395136221773	1395136221773	1395136225268	1395136225269	OK	 
ACTION	Pricing	84	price	1395136221806	1395136221807	1395136225300	1395136225300	OK	 
ACTION	Pricing	33	price	1395136221841	1395136221841	1395136225334	1395136225334	OK	 
ACTION	Pricing	68	price	1395136221877	1395136221877	1395136225365	1395136225365	OK	 
ACTION	Pricing	29	price	1395136221910	1395136221911	1395136225394	1395136225394	OK	 
ACTION	Pricing	56	price	1395136221944	1395136221944	1395136225426	1395136225426	OK	 
ACTION	Pricing	58	price	1395136221981	1395136221982	1395136225461	1395136225461	OK	 
ACTION	Pricing	10	price	1395136222013	1395136222013	1395136225493	1395136225493	OK	 
ACTION	Pricing	50	price	1395136222045	1395136222046	1395136225527	1395136225527	OK	 
ACTION	Pricing	92	price	1395136222079	1395136222080	1395136225556	1395136225556	OK	 
ACTION	Pricing	91	price	1395136222114	1395136222114	1395136225585	1395136225585	OK	 
ACTION	Pricing	80	price	1395136222148	1395136222148	1395136225615	1395136225615	OK	 
ACTION	Pricing	60	price	1395136222183	1395136222184	1395136225648	1395136225648	OK	 
ACTION	Pricing	94	price	1395136222232	1395136222233	1395136225679	1395136225682	OK	 
ACTION	Pricing	73	price	1395136222265	1395136222266	1395136225713	1395136225713	OK	 
ACTION	Pricing	11	price	1395136222306	1395136222306	1395136225745	1395136225745	OK	 
ACTION	Pricing	42	price	1395136222341	1395136222342	1395136225777	1395136225777	OK	 
ACTION	Pricing	76	price	1395136222379	1395136222381	1395136225809	1395136225809	OK	 
ACTION	Pricing	67	price	1395136222417	1395136222417	1395136225839	1395136225839	OK	 
ACTION	Pricing	59	price	1395136222453	1395136222453	1395136225878	1395136225879	OK	 
ACTION	Pricing	69	price	1395136222487	1395136222488	1395136225908	1395136225908	OK	 
ACTION	Pricing	19	price	1395136222531	1395136222532	1395136225939	1395136225940	OK	 
ACTION	Pricing	70	price	1395136222556	1395136222557	1395136225973	1395136225973	OK	 
ACTION	Pricing	93	price	1395136222590	1395136222590	1395136226007	1395136226008	OK	 
ACTION	Pricing	41	price	1395136222621	1395136222622	1395136226043	1395136226044	OK	 
ACTION	Pricing	38	price	1395136222655	1395136222655	1395136226081	1395136226082	OK	 
ACTION	Pricing	31	price	1395136222691	1395136222691	1395136226115	1395136226115	OK	 
ACTION	Pricing	21	price	1395136222724	1395136222725	1395136226147	1395136226147	OK	 
ACTION	Pricing	81	price	1395136222758	1395136222759	1395136226180	1395136226180	OK	 
ACTION	Pricing	61	price	1395136222790	1395136222790	1395136226212	1395136226215	OK	 
ACTION	Pricing	40	price	1395136222823	1395136222823	1395136226245	1395136226245	OK	 
ACTION	Pricing	55	price	1395136222854	1395136222860	1395136226278	1395136226278	OK	 
ACTION	Pricing	98	price	1395136222889	1395136222889	1395136226310	1395136226310	OK	 
ACTION	Pricing	71	price	1395136222922	1395136222922	1395136226343	1395136226343	OK	 
ACTION	Pricing	37	price	1395136222960	1395136222961	1395136226377	1395136226377	OK	 
ACTION	Pricing	72	price	1395136222995	1395136222996	1395136226407	1395136226408	OK	 
ACTION	Pricing	6	price	1395136223030	1395136223030	1395136226442	1395136226442	OK	 
ACTION	Pricing	5	price	1395136223065	1395136223065	1395136226474	1395136226474	OK	 
ACTION	Pricing	47	price	1395136223100	1395136223100	1395136226512	1395136226515	OK	 
ACTION	Pricing	44	price	1395136223136	1395136223137	1395136226550	1395136226550	OK	 
ACTION	Pricing	57	price	1395136223172	1395136223172	1395136226582	1395136226582	OK	 
ACTION	Pricing	7	price	1395136223208	1395136223208	1395136226615	1395136226615	OK	 
ACTION	Pricing	100	price	1395136223254	1395136223255	1395136226658	1395136226658	OK	 
ACTION	Pricing	22	price	1395136223303	1395136223304	1395136226693	1395136226693	OK	 
ACTION	Pricing	17	price	1395136223340	1395136223341	1395136226728	1395136226728	OK	 
ACTION	Pricing	79	price	1395136223376	1395136223376	1395136226760	1395136226760	OK	 
ACTION	Pricing	24	price	1395136223411	1395136223412	1395136226792	1395136226792	OK	 
ACTION	Pricing	15	price	1395136223449	1395136223449	1395136226820	1395136226820	OK	 
ACTION	Pricing	66	price	1395136223489	1395136223489	1395136226851	1395136226852	OK	 
ACTION	Pricing	35	price	1395136223528	1395136223529	1395136226884	1395136226884	OK	 
ACTION	Pricing	62	price	1395136223564	1395136223564	1395136226915	1395136226915	OK	 
ACTION	Pricing	52	price	1395136223602	1395136223602	1395136226946	1395136226946	OK	 
ACTION	Pricing	75	price	1395136223642	1395136223642	1395136226976	1395136226977	OK	 
ACTION	Pricing	51	price	1395136223681	1395136223682	1395136227013	1395136227013	OK	 
ACTION	Pricing	83	price	1395136223717	1395136223717	1395136227047	1395136227047	OK	 
ACTION	Pricing	95	price	1395136223750	1395136223751	1395136227085	1395136227085	OK	 
ACTION	Pricing	90	price	1395136223784	1395136223784	1395136227120	1395136227120	OK	 
ACTION	Pricing	39	price	1395136223817	1395136223818	1395136227155	1395136227155	OK	 
ACTION	Pricing	99	price	1395136223850	1395136223850	1395136227188	1395136227188	OK	 
ACTION	Pricing	64	price	1395136223883	1395136223883	1395136227220	1395136227220	OK	 
ACTION	Pricing	28	price	1395136223937	1395136223938	1395136227253	1395136227253	OK	 
ACTION	Pricing	88	price	1395136223969	1395136223970	1395136227285	1395136227285	OK	 
ACTION	Pricing	45	price	1395136224003	1395136224004	1395136227320	1395136227321	OK	 
ACTION	Pricing	23	price	1395136224036	1395136224037	1395136227355	1395136227355	OK	 
ACTION	Pricing	48	price	1395136224067	1395136224067	1395136227386	1395136227386	OK	 
ACTION	Pricing	36	price	1395136224101	1395136224102	1395136227417	1395136227417	OK	 
ACTION	Pricing	27	price	1395136224137	1395136224138	1395136227452	1395136227453	OK	 
ACTION	Pricing	2	price	1395136224170	1395136224170	1395136227486	1395136227486	OK	 
ACTION	Pricing	4	price	1395136224210	1395136224211	1395136227522	1395136227522	OK	 
ACTION	Pricing	14	price	1395136224243	1395136224243	1395136227556	1395136227557	OK	 
ACTION	Pricing	20	price	1395136224330	1395136224334	1395136227587	1395136227588	OK	 
ACTION	Pricing	30	price	1395136224329	1395136224334	1395136227623	1395136227623	OK	 
ACTION	Pricing	65	price	1395136224348	1395136224349	1395136227660	1395136227660	OK	 
ACTION	Pricing	32	price	1395136224382	1395136224382	1395136227708	1395136227708	OK	 
ACTION	Pricing	8	price	1395136224415	1395136224415	1395136227744	1395136227744	OK	 
ACTION	Pricing	34	price	1395136224452	1395136224453	1395136227779	1395136227779	OK	 
ACTION	Pricing	97	price	1395136224484	1395136224484	1395136227814	1395136227814	OK	 
ACTION	Pricing	74	price	1395136224516	1395136224517	1395136227851	1395136227851	OK	 
ACTION	Pricing	43	price	1395136224547	1395136224547	1395136227887	1395136227887	OK	 
ACTION	Pricing	3	price	1395136224579	1395136224579	1395136227920	1395136227920	OK	 
ACTION	Pricing	25	price	1395136224609	1395136224610	1395136227953	1395136227953	OK	 
ACTION	Pricing	96	price	1395136224645	1395136224646	1395136227986	1395136227986	OK	 
ACTION	Pricing	12	price	1395136224679	1395136224680	1395136228017	1395136228018	OK	 
ACTION	Pricing	82	price	1395136224712	1395136224713	1395136228049	1395136228049	OK	 
ACTION	Pricing	18	price	1395136224743	1395136224743	1395136228081	1395136228081	OK	 
ACTION	Pricing	46	price	1395136224774	1395136224775	1395136228115	1395136228115	OK	 
ACTION	Pricing	63	price	1395136224806	1395136224806	1395136228149	1395136228149	OK	 
ACTION	Pricing	89	price	1395136224858	1395136224858	1395136228179	1395136228179	OK	 
ACTION	Pricing	13	price	1395136224890	1395136224891	1395136228214	1395136228214	OK	 
ACTION	Pricing	9	price	1395136224920	1395136224921	1395136228257	1395136228258	OK	 
ACTION	Pricing	26	price	1395136224950	1395136224951	1395136228283	1395136228284	OK	 
ACTION	Pricing	49	price	1395136224986	1395136224987	1395136228313	1395136228314	OK	 
ACTION	Pricing	86	price	1395136225013	1395136225014	1395136228351	1395136228351	OK	 
ACTION	Pricing	77	price	1395136225045	1395136225045	1395136228386	1395136228386	OK	 
ACTION	Pricing	53	price	1395136225080	1395136225081	1395136228419	1395136228419	OK	 
ACTION	Pricing	78	price	1395136225112	1395136225113	1395136228450	1395136228452	OK	 
ACTION	Pricing	87	price	1395136225143	1395136225143	1395136228483	1395136228484	OK	 
ACTION	Pricing	16	price	1395136225175	1395136225175	1395136228517	1395136228517	OK	 
ACTION	Pricing	54	price	1395136225205	1395136225206	1395136228551	1395136228551	OK	 
ACTION	Pricing	1	price	1395136225237	1395136225238	1395136228584	1395136228585	OK	 
ACTION	Pricing	85	price	1395136225270	1395136225271	1395136228617	1395136228617	OK	 
ACTION	Pricing	84	price	1395136225302	1395136225303	1395136228654	1395136228655	OK	 
ACTION	Pricing	33	price	1395136225336	1395136225336	1395136228694	1395136228695	OK	 
ACTION	Pricing	68	price	1395136225367	1395136225367	1395136228731	1395136228731	OK	 
ACTION	Pricing	29	price	1395136225395	1395136225396	1395136228769	1395136228769	OK	 
ACTION	Pricing	56	price	1395136225427	1395136225428	1395136228803	1395136228804	OK	 
ACTION	Pricing	58	price	1395136225462	1395136225463	1395136228838	1395136228839	OK	 
ACTION	Pricing	10	price	1395136225495	1395136225495	1395136228872	1395136228873	OK	 
ACTION	Pricing	50	price	1395136225528	1395136225529	1395136228903	1395136228903	OK	 
ACTION	Pricing	92	price	1395136225557	1395136225558	1395136228937	1395136228938	OK	 
ACTION	Pricing	91	price	1395136225587	1395136225587	1395136228971	1395136228971	OK	 
ACTION	Pricing	80	price	1395136225616	1395136225617	1395136229003	1395136229003	OK	 
ACTION	Pricing	60	price	1395136225650	1395136225650	1395136229036	1395136229037	OK	 
ACTION	Pricing	94	price	1395136225683	1395136225684	1395136229068	1395136229068	OK	 
ACTION	Pricing	73	price	1395136225714	1395136225715	1395136229105	1395136229105	OK	 
ACTION	Pricing	11	price	1395136225747	1395136225747	1395136229146	1395136229146	OK	 
ACTION	Pricing	42	price	1395136225778	1395136225778	1395136229182	1395136229182	OK	 
ACTION	Pricing	76	price	1395136225810	1395136225811	1395136229222	1395136229222	OK	 
ACTION	Pricing	67	price	1395136225841	1395136225842	1395136229262	1395136229263	OK	 
ACTION	Pricing	59	price	1395136225880	1395136225881	1395136229297	1395136229298	OK	 
ACTION	Pricing	69	price	1395136225910	1395136225910	1395136229335	1395136229335	OK	 
ACTION	Pricing	19	price	1395136225941	1395136225942	1395136229377	1395136229378	OK	 
ACTION	Pricing	70	price	1395136225975	1395136225975	1395136229416	1395136229416	OK	 
ACTION	Pricing	93	price	1395136226009	1395136226010	1395136229452	1395136229452	OK	 
ACTION	Pricing	41	price	1395136226045	1395136226046	1395136229486	1395136229487	OK	 
ACTION	Pricing	38	price	1395136226083	1395136226084	1395136229532	1395136229532	OK	 
ACTION	Pricing	31	price	1395136226117	1395136226118	1395136229567	1395136229567	OK	 
ACTION	Pricing	21	price	1395136226148	1395136226149	1395136229602	1395136229602	OK	 
ACTION	Pricing	81	price	1395136226181	1395136226182	1395136229639	1395136229639	OK	 
ACTION	Pricing	61	price	1395136226217	1395136226217	1395136229681	1395136229681	OK	 
ACTION	Pricing	40	price	1395136226247	1395136226247	1395136229719	1395136229719	OK	 
ACTION	Pricing	55	price	1395136226280	1395136226280	1395136229759	1395136229759	OK	 
ACTION	Pricing	98	price	1395136226313	1395136226314	1395136229803	1395136229803	OK	 
ACTION	Pricing	71	price	1395136226345	1395136226345	1395136229850	1395136229850	OK	 
ACTION	Pricing	37	price	1395136226380	1395136226380	1395136229884	1395136229884	OK	 
ACTION	Pricing	72	price	1395136226409	1395136226410	1395136229921	1395136229921	OK	 
ACTION	Pricing	6	price	1395136226444	1395136226445	1395136229961	1395136229961	OK	 
ACTION	Pricing	5	price	1395136226477	1395136226477	1395136230002	1395136230002	OK	 
ACTION	Pricing	47	price	1395136226517	1395136226517	1395136230043	1395136230044	OK	 
ACTION	Pricing	44	price	1395136226551	1395136226552	1395136230080	1395136230080	OK	 
ACTION	Pricing	57	price	1395136226584	1395136226584	1395136230115	1395136230115	OK	 
ACTION	Pricing	7	price	1395136226617	1395136226617	1395136230150	1395136230151	OK	 
ACTION	Pricing	100	price	1395136226660	1395136226660	1395136230183	1395136230183	OK	 
ACTION	Pricing	22	price	1395136226695	1395136226695	1395136230222	1395136230222	OK	 
ACTION	Pricing	17	price	1395136226730	1395136226730	1395136230257	1395136230257	OK	 
ACTION	Pricing	79	price	1395136226762	1395136226762	1395136230293	1395136230294	OK	 
ACTION	Pricing	24	price	1395136226793	1395136226794	1395136230328	1395136230328	OK	 
ACTION	Pricing	15	price	1395136226821	1395136226822	1395136230369	1395136230370	OK	 
ACTION	Pricing	66	price	1395136226853	1395136226853	1395136230409	1395136230410	OK	 
ACTION	Pricing	35	price	1395136226886	1395136226886	1395136230451	1395136230451	OK	 
ACTION	Pricing	62	price	1395136226917	1395136226918	1395136230494	1395136230495	OK	 
ACTION	Pricing	52	price	1395136226947	1395136226948	1395136230530	1395136230530	OK	 
ACTION	Pricing	75	price	1395136226978	1395136226979	1395136230576	1395136230576	OK	 
ACTION	Pricing	51	price	1395136227015	1395136227015	1395136230610	1395136230610	OK	 
ACTION	Pricing	83	price	1395136227049	1395136227049	1395136230648	1395136230648	OK	 
ACTION	Pricing	95	price	1395136227086	1395136227086	1395136230688	1395136230688	OK	 
ACTION	Pricing	90	price	1395136227122	1395136227122	1395136230721	1395136230722	OK	 
ACTION	Pricing	39	price	1395136227156	1395136227157	1395136230753	1395136230753	OK	 
ACTION	Pricing	99	price	1395136227189	1395136227190	1395136230787	1395136230787	OK	 
ACTION	Pricing	64	price	1395136227222	1395136227223	1395136230822	1395136230822	OK	 
ACTION	Pricing	28	price	1395136227255	1395136227255	1395136230857	1395136230857	OK	 
ACTION	Pricing	88	price	1395136227287	1395136227287	1395136230902	1395136230903	OK	 
ACTION	Pricing	45	price	1395136227322	1395136227323	1395136230937	1395136230937	OK	 
ACTION	Pricing	23	price	1395136227356	1395136227357	1395136230975	1395136230975	OK	 
ACTION	Pricing	48	price	1395136227388	1395136227388	1395136231006	1395136231006	OK	 
ACTION	Pricing	36	price	1395136227419	1395136227419	1395136231038	1395136231038	OK	 
ACTION	Pricing	27	price	1395136227455	1395136227455	1395136231070	1395136231071	OK	 
ACTION	Pricing	2	price	1395136227487	1395136227488	1395136231103	1395136231104	OK	 
ACTION	Pricing	4	price	1395136227524	1395136227524	1395136231135	1395136231136	OK	 
ACTION	Pricing	14	price	1395136227558	1395136227558	1395136231171	1395136231171	OK	 
ACTION	Pricing	20	price	1395136227589	1395136227589	1395136231222	1395136231222	OK	 
ACTION	Pricing	30	price	1395136227625	1395136227626	1395136231246	1395136231246	OK	 
ACTION	Pricing	65	price	1395136227662	1395136227663	1395136231278	1395136231278	OK	 
ACTION	Pricing	32	price	1395136227710	1395136227711	1395136231319	1395136231319	OK	 
ACTION	Pricing	8	price	1395136227745	1395136227746	1395136231353	1395136231354	OK	 
ACTION	Pricing	34	price	1395136227781	1395136227782	1395136231394	1395136231394	OK	 
ACTION	Pricing	97	price	1395136227816	1395136227817	1395136231426	1395136231426	OK	 
ACTION	Pricing	74	price	1395136227853	1395136227854	1395136231462	1395136231462	OK	 
ACTION	Pricing	43	price	1395136227888	1395136227889	1395136231493	1395136231493	OK	 
ACTION	Pricing	3	price	1395136227922	1395136227922	1395136231536	1395136231537	OK	 
ACTION	Pricing	25	price	1395136227954	1395136227955	1395136231572	1395136231573	OK	 
ACTION	Pricing	96	price	1395136227987	1395136227988	1395136231654	1395136231655	OK	 
ACTION	Pricing	12	price	1395136228019	1395136228020	1395136231698	1395136231698	OK	 
ACTION	Pricing	82	price	1395136228050	1395136228051	1395136231732	1395136231732	OK	 
ACTION	Pricing	18	price	1395136228082	1395136228083	1395136231766	1395136231766	OK	 
ACTION	Pricing	46	price	1395136228116	1395136228117	1395136231799	1395136231800	OK	 
ACTION	Pricing	63	price	1395136228151	1395136228151	1395136231833	1395136231834	OK	 
ACTION	Pricing	89	price	1395136228181	1395136228181	1395136231878	1395136231878	OK	 
ACTION	Pricing	13	price	1395136228215	1395136228216	1395136231915	1395136231915	OK	 
ACTION	Pricing	9	price	1395136228259	1395136228259	1395136231953	1395136231955	OK	 
ACTION	Pricing	26	price	1395136228285	1395136228285	1395136231996	1395136231997	OK	 
ACTION	Pricing	49	price	1395136228315	1395136228316	1395136232036	1395136232037	OK	 
ACTION	Pricing	86	price	1395136228352	1395136228353	1395136232074	1395136232074	OK	 
ACTION	Pricing	77	price	1395136228388	1395136228388	1395136232108	1395136232108	OK	 
ACTION	Pricing	53	price	1395136228421	1395136228422	1395136232143	1395136232143	OK	 
ACTION	Pricing	78	price	1395136228453	1395136228454	1395136232181	1395136232181	OK	 
ACTION	Pricing	87	price	1395136228485	1395136228485	1395136232213	1395136232213	OK	 
ACTION	Pricing	16	price	1395136228519	1395136228519	1395136232247	1395136232247	OK	 
ACTION	Pricing	54	price	1395136228553	1395136228554	1395136232283	1395136232283	OK	 
ACTION	Pricing	1	price	1395136228586	1395136228586	1395136232316	1395136232317	OK	 
ACTION	Pricing	85	price	1395136228619	1395136228619	1395136232351	1395136232351	OK	 
ACTION	Pricing	84	price	1395136228656	1395136228657	1395136232384	1395136232385	OK	 
ACTION	Pricing	33	price	1395136228696	1395136228696	1395136232418	1395136232418	OK	 
ACTION	Pricing	68	price	1395136228733	1395136228734	1395136232451	1395136232452	OK	 
ACTION	Pricing	29	price	1395136228770	1395136228771	1395136232484	1395136232484	OK	 
ACTION	Pricing	56	price	1395136228805	1395136228806	1395136232518	1395136232519	OK	 
ACTION	Pricing	58	price	1395136228841	1395136228841	1395136232558	1395136232558	OK	 
ACTION	Pricing	10	price	1395136228874	1395136228874	1395136232589	1395136232589	OK	 
ACTION	Pricing	50	price	1395136228905	1395136228905	1395136232624	1395136232624	OK	 
ACTION	Pricing	92	price	1395136228939	1395136228940	1395136232656	1395136232656	OK	 
ACTION	Pricing	91	price	1395136228973	1395136228973	1395136232687	1395136232687	OK	 
ACTION	Pricing	80	price	1395136229005	1395136229005	1395136232719	1395136232720	OK	 
ACTION	Pricing	60	price	1395136229038	1395136229038	1395136232755	1395136232755	OK	 
ACTION	Pricing	94	price	1395136229070	1395136229070	1395136232789	1395136232789	OK	 
ACTION	Pricing	73	price	1395136229107	1395136229107	1395136232824	1395136232824	OK	 
ACTION	Pricing	11	price	1395136229149	1395136229149	1395136232858	1395136232859	OK	 
ACTION	Pricing	42	price	1395136229184	1395136229184	1395136232892	1395136232892	OK	 
ACTION	Pricing	76	price	1395136229226	1395136229227	1395136232932	1395136232932	OK	 
ACTION	Pricing	67	price	1395136229264	1395136229265	1395136232963	1395136232964	OK	 
ACTION	Pricing	59	price	1395136229300	1395136229300	1395136233000	1395136233000	OK	 
ACTION	Pricing	69	price	1395136229338	1395136229339	1395136233033	1395136233033	OK	 
ACTION	Pricing	19	price	1395136229379	1395136229380	1395136233063	1395136233063	OK	 
ACTION	Pricing	70	price	1395136229418	1395136229419	1395136233094	1395136233095	OK	 
ACTION	Pricing	93	price	1395136229453	1395136229454	1395136233125	1395136233126	OK	 
ACTION	Pricing	41	price	1395136229488	1395136229489	1395136233158	1395136233158	OK	 
ACTION	Pricing	38	price	1395136229534	1395136229534	1395136233190	1395136233191	OK	 
ACTION	Pricing	31	price	1395136229568	1395136229568	1395136233223	1395136233223	OK	 
ACTION	Pricing	21	price	1395136229603	1395136229604	1395136233254	1395136233255	OK	 
ACTION	Pricing	81	price	1395136229641	1395136229641	1395136233289	1395136233290	OK	 
ACTION	Pricing	61	price	1395136229683	1395136229684	1395136233319	1395136233320	OK	 
ACTION	Pricing	40	price	1395136229722	1395136229722	1395136233354	1395136233354	OK	 
ACTION	Pricing	55	price	1395136229761	1395136229762	1395136233384	1395136233385	OK	 
ACTION	Pricing	98	price	1395136229805	1395136229805	1395136233419	1395136233419	OK	 
ACTION	Pricing	71	price	1395136229852	1395136229852	1395136233452	1395136233452	OK	 
ACTION	Pricing	37	price	1395136229886	1395136229886	1395136233482	1395136233483	OK	 
ACTION	Pricing	72	price	1395136229923	1395136229923	1395136233515	1395136233515	OK	 
ACTION	Pricing	6	price	1395136229963	1395136229963	1395136233546	1395136233546	OK	 
ACTION	Pricing	5	price	1395136230004	1395136230004	1395136233578	1395136233578	OK	 
ACTION	Pricing	47	price	1395136230045	1395136230046	1395136233612	1395136233612	OK	 
ACTION	Pricing	44	price	1395136230083	1395136230083	1395136233647	1395136233647	OK	 
ACTION	Pricing	57	price	1395136230117	1395136230117	1395136233681	1395136233682	OK	 
ACTION	Pricing	7	price	1395136230152	1395136230152	1395136233717	1395136233717	OK	 
ACTION	Pricing	100	price	1395136230185	1395136230185	1395136233750	1395136233750	OK	 
ACTION	Pricing	22	price	1395136230224	1395136230224	1395136233782	1395136233782	OK	 
ACTION	Pricing	17	price	1395136230259	1395136230259	1395136233814	1395136233814	OK	 
ACTION	Pricing	79	price	1395136230296	1395136230297	1395136233845	1395136233845	OK	 
ACTION	Pricing	24	price	1395136230330	1395136230331	1395136233876	1395136233876	OK	 
ACTION	Pricing	15	price	1395136230372	1395136230372	1395136233907	1395136233907	OK	 
ACTION	Pricing	66	price	1395136230411	1395136230412	1395136233942	1395136233942	OK	 
ACTION	Pricing	35	price	1395136230453	1395136230453	1395136233972	1395136233973	OK	 
ACTION	Pricing	62	price	1395136230496	1395136230497	1395136234009	1395136234009	OK	 
ACTION	Pricing	52	price	1395136230532	1395136230533	1395136234045	1395136234045	OK	 
ACTION	Pricing	75	price	1395136230578	1395136230578	1395136234083	1395136234084	OK	 
ACTION	Pricing	51	price	1395136230612	1395136230613	1395136234118	1395136234118	OK	 
ACTION	Pricing	83	price	1395136230649	1395136230650	1395136234153	1395136234154	OK	 
ACTION	Pricing	95	price	1395136230690	1395136230691	1395136234191	1395136234192	OK	 
ACTION	Pricing	90	price	1395136230723	1395136230723	1395136234226	1395136234226	OK	 
ACTION	Pricing	39	price	1395136230755	1395136230755	1395136234260	1395136234260	OK	 
ACTION	Pricing	99	price	1395136230789	1395136230789	1395136234294	1395136234294	OK	 
ACTION	Pricing	64	price	1395136230823	1395136230824	1395136234327	1395136234327	OK	 
ACTION	Pricing	28	price	1395136230859	1395136230859	1395136234359	1395136234359	OK	 
ACTION	Pricing	88	price	1395136230905	1395136230905	1395136234391	1395136234391	OK	 
ACTION	Pricing	45	price	1395136230938	1395136230939	1395136234427	1395136234427	OK	 
ACTION	Pricing	23	price	1395136230977	1395136230977	1395136234465	1395136234465	OK	 
ACTION	Pricing	48	price	1395136231008	1395136231008	1395136234499	1395136234499	OK	 
ACTION	Pricing	36	price	1395136231039	1395136231040	1395136234532	1395136234532	OK	 
ACTION	Pricing	27	price	1395136231072	1395136231073	1395136234566	1395136234566	OK	 
ACTION	Pricing	2	price	1395136231105	1395136231105	1395136234599	1395136234600	OK	 
ACTION	Pricing	4	price	1395136231137	1395136231137	1395136234631	1395136234632	OK	 
ACTION	Pricing	14	price	1395136231173	1395136231173	1395136234663	1395136234663	OK	 
ACTION	Pricing	20	price	1395136231224	1395136231224	1395136234698	1395136234698	OK	 
ACTION	Pricing	30	price	1395136231247	1395136231248	1395136234731	1395136234731	OK	 
ACTION	Pricing	65	price	1395136231280	1395136231280	1395136234763	1395136234763	OK	 
ACTION	Pricing	32	price	1395136231321	1395136231321	1395136234802	1395136234802	OK	 
ACTION	Pricing	8	price	1395136231355	1395136231355	1395136234824	1395136234824	OK	 
ACTION	Pricing	34	price	1395136231396	1395136231397	1395136234861	1395136234861	OK	 
ACTION	Pricing	97	price	1395136231427	1395136231428	1395136234894	1395136234894	OK	 
ACTION	Pricing	74	price	1395136231464	1395136231464	1395136234929	1395136234929	OK	 
ACTION	Pricing	43	price	1395136231495	1395136231495	1395136234963	1395136234964	OK	 
ACTION	Pricing	3	price	1395136231538	1395136231539	1395136235000	1395136235001	OK	 
ACTION	Pricing	25	price	1395136231574	1395136231574	1395136235039	1395136235039	OK	 
ACTION	Pricing	96	price	1395136231656	1395136231657	1395136235085	1395136235085	OK	 
ACTION	Pricing	12	price	1395136231700	1395136231700	1395136235139	1395136235139	OK	 
ACTION	Pricing	82	price	1395136231733	1395136231734	1395136235171	1395136235171	OK	 
ACTION	Pricing	18	price	1395136231768	1395136231768	1395136235203	1395136235203	OK	 
ACTION	Pricing	46	price	1395136231801	1395136231802	1395136235237	1395136235237	OK	 
ACTION	Pricing	63	price	1395136231835	1395136231836	1395136235271	1395136235271	OK	 
ACTION	Pricing	89	price	1395136231880	1395136231880	1395136235340	1395136235340	OK	 
ACTION	Pricing	13	price	1395136231917	1395136231918	1395136235387	1395136235387	OK	 
ACTION	Pricing	9	price	1395136231957	1395136231957	1395136235424	1395136235424	OK	 
ACTION	Pricing	26	price	1395136231998	1395136231999	1395136235457	1395136235457	OK	 
ACTION	Pricing	49	price	1395136232039	1395136232039	1395136235494	1395136235494	OK	 
ACTION	Pricing	86	price	1395136232076	1395136232076	1395136235536	1395136235536	OK	 
ACTION	Pricing	77	price	1395136232109	1395136232110	1395136235578	1395136235579	OK	 
ACTION	Pricing	53	price	1395136232145	1395136232145	1395136235608	1395136235608	OK	 
ACTION	Pricing	78	price	1395136232183	1395136232183	1395136235640	1395136235640	OK	 
ACTION	Pricing	87	price	1395136232214	1395136232215	1395136235671	1395136235671	OK	 
ACTION	Pricing	16	price	1395136232248	1395136232249	1395136235703	1395136235703	OK	 
ACTION	Pricing	54	price	1395136232285	1395136232285	1395136235738	1395136235738	OK	 
ACTION	Pricing	1	price	1395136232318	1395136232318	1395136235770	1395136235771	OK	 
ACTION	Pricing	85	price	1395136232352	1395136232353	1395136235803	1395136235803	OK	 
ACTION	Pricing	84	price	1395136232386	1395136232387	1395136235837	1395136235837	OK	 
ACTION	Pricing	33	price	1395136232420	1395136232420	1395136235870	1395136235871	OK	 
ACTION	Pricing	68	price	1395136232453	1395136232454	1395136235904	1395136235904	OK	 
ACTION	Pricing	29	price	1395136232485	1395136232486	1395136235937	1395136235937	OK	 
ACTION	Pricing	56	price	1395136232520	1395136232520	1395136235969	1395136235970	OK	 
ACTION	Pricing	58	price	1395136232560	1395136232560	1395136236003	1395136236003	OK	 
SCENARIO	Pricing	58	END	1395136236004
ACTION	Pricing	10	price	1395136232591	1395136232591	1395136236037	1395136236037	OK	 
SCENARIO	Pricing	10	END	1395136236038
ACTION	Pricing	50	price	1395136232625	1395136232626	1395136236071	1395136236071	OK	 
SCENARIO	Pricing	50	END	1395136236072
ACTION	Pricing	92	price	1395136232657	1395136232658	1395136236118	1395136236118	OK	 
SCENARIO	Pricing	92	END	1395136236119
ACTION	Pricing	91	price	1395136232688	1395136232689	1395136236153	1395136236153	OK	 
SCENARIO	Pricing	91	END	1395136236154
ACTION	Pricing	80	price	1395136232721	1395136232722	1395136236184	1395136236184	OK	 
SCENARIO	Pricing	80	END	1395136236185
ACTION	Pricing	60	price	1395136232756	1395136232756	1395136236228	1395136236229	OK	 
SCENARIO	Pricing	60	END	1395136236229
ACTION	Pricing	94	price	1395136232790	1395136232791	1395136236263	1395136236263	OK	 
SCENARIO	Pricing	94	END	1395136236264
ACTION	Pricing	73	price	1395136232826	1395136232826	1395136236294	1395136236295	OK	 
SCENARIO	Pricing	73	END	1395136236295
ACTION	Pricing	11	price	1395136232861	1395136232861	1395136236328	1395136236329	OK	 
SCENARIO	Pricing	11	END	1395136236329
ACTION	Pricing	42	price	1395136232893	1395136232894	1395136236364	1395136236365	OK	 
SCENARIO	Pricing	42	END	1395136236365
ACTION	Pricing	76	price	1395136232934	1395136232934	1395136236398	1395136236399	OK	 
SCENARIO	Pricing	76	END	1395136236399
ACTION	Pricing	67	price	1395136232966	1395136232966	1395136236429	1395136236430	OK	 
SCENARIO	Pricing	67	END	1395136236430
ACTION	Pricing	59	price	1395136233001	1395136233002	1395136236459	1395136236459	OK	 
SCENARIO	Pricing	59	END	1395136236460
ACTION	Pricing	69	price	1395136233034	1395136233035	1395136236490	1395136236490	OK	 
SCENARIO	Pricing	69	END	1395136236491
ACTION	Pricing	19	price	1395136233065	1395136233065	1395136236522	1395136236523	OK	 
SCENARIO	Pricing	19	END	1395136236523
ACTION	Pricing	70	price	1395136233096	1395136233097	1395136236551	1395136236552	OK	 
SCENARIO	Pricing	70	END	1395136236552
ACTION	Pricing	93	price	1395136233127	1395136233128	1395136236584	1395136236585	OK	 
SCENARIO	Pricing	93	END	1395136236585
ACTION	Pricing	41	price	1395136233160	1395136233160	1395136236616	1395136236616	OK	 
SCENARIO	Pricing	41	END	1395136236617
ACTION	Pricing	38	price	1395136233192	1395136233193	1395136236649	1395136236649	OK	 
SCENARIO	Pricing	38	END	1395136236650
ACTION	Pricing	31	price	1395136233224	1395136233225	1395136236679	1395136236679	OK	 
SCENARIO	Pricing	31	END	1395136236680
ACTION	Pricing	21	price	1395136233256	1395136233256	1395136236713	1395136236713	OK	 
SCENARIO	Pricing	21	END	1395136236714
ACTION	Pricing	81	price	1395136233291	1395136233292	1395136236744	1395136236744	OK	 
SCENARIO	Pricing	81	END	1395136236745
ACTION	Pricing	61	price	1395136233322	1395136233323	1395136236776	1395136236777	OK	 
SCENARIO	Pricing	61	END	1395136236777
ACTION	Pricing	40	price	1395136233358	1395136233358	1395136236809	1395136236809	OK	 
SCENARIO	Pricing	40	END	1395136236810
ACTION	Pricing	55	price	1395136233386	1395136233386	1395136236841	1395136236842	OK	 
SCENARIO	Pricing	55	END	1395136236842
ACTION	Pricing	98	price	1395136233421	1395136233422	1395136236872	1395136236873	OK	 
SCENARIO	Pricing	98	END	1395136236873
ACTION	Pricing	71	price	1395136233453	1395136233454	1395136236905	1395136236905	OK	 
SCENARIO	Pricing	71	END	1395136236905
ACTION	Pricing	37	price	1395136233484	1395136233485	1395136236936	1395136236937	OK	 
SCENARIO	Pricing	37	END	1395136236937
ACTION	Pricing	72	price	1395136233518	1395136233518	1395136236982	1395136236982	OK	 
SCENARIO	Pricing	72	END	1395136236983
ACTION	Pricing	6	price	1395136233548	1395136233548	1395136237012	1395136237012	OK	 
SCENARIO	Pricing	6	END	1395136237013
ACTION	Pricing	5	price	1395136233579	1395136233580	1395136237046	1395136237046	OK	 
SCENARIO	Pricing	5	END	1395136237047
ACTION	Pricing	47	price	1395136233614	1395136233614	1395136237079	1395136237079	OK	 
SCENARIO	Pricing	47	END	1395136237081
ACTION	Pricing	44	price	1395136233649	1395136233649	1395136237110	1395136237110	OK	 
SCENARIO	Pricing	44	END	1395136237111
ACTION	Pricing	57	price	1395136233683	1395136233684	1395136237155	1395136237155	OK	 
SCENARIO	Pricing	57	END	1395136237156
ACTION	Pricing	7	price	1395136233719	1395136233719	1395136237190	1395136237190	OK	 
SCENARIO	Pricing	7	END	1395136237191
ACTION	Pricing	100	price	1395136233752	1395136233752	1395136237224	1395136237224	OK	 
SCENARIO	Pricing	100	END	1395136237224
ACTION	Pricing	22	price	1395136233784	1395136233784	1395136237256	1395136237257	OK	 
SCENARIO	Pricing	22	END	1395136237257
ACTION	Pricing	17	price	1395136233815	1395136233816	1395136237289	1395136237289	OK	 
SCENARIO	Pricing	17	END	1395136237290
ACTION	Pricing	79	price	1395136233846	1395136233847	1395136237322	1395136237322	OK	 
SCENARIO	Pricing	79	END	1395136237323
ACTION	Pricing	24	price	1395136233877	1395136233878	1395136237355	1395136237355	OK	 
SCENARIO	Pricing	24	END	1395136237355
ACTION	Pricing	15	price	1395136233909	1395136233909	1395136237388	1395136237389	OK	 
SCENARIO	Pricing	15	END	1395136237389
ACTION	Pricing	66	price	1395136233943	1395136233943	1395136237422	1395136237422	OK	 
SCENARIO	Pricing	66	END	1395136237422
ACTION	Pricing	35	price	1395136233974	1395136233974	1395136237452	1395136237452	OK	 
SCENARIO	Pricing	35	END	1395136237453
ACTION	Pricing	62	price	1395136234011	1395136234011	1395136237485	1395136237485	OK	 
SCENARIO	Pricing	62	END	1395136237486
ACTION	Pricing	52	price	1395136234046	1395136234047	1395136237517	1395136237517	OK	 
SCENARIO	Pricing	52	END	1395136237517
ACTION	Pricing	75	price	1395136234085	1395136234086	1395136237549	1395136237549	OK	 
SCENARIO	Pricing	75	END	1395136237549
ACTION	Pricing	51	price	1395136234120	1395136234120	1395136237582	1395136237583	OK	 
SCENARIO	Pricing	51	END	1395136237583
ACTION	Pricing	83	price	1395136234155	1395136234156	1395136237612	1395136237612	OK	 
SCENARIO	Pricing	83	END	1395136237613
ACTION	Pricing	95	price	1395136234193	1395136234194	1395136237646	1395136237646	OK	 
SCENARIO	Pricing	95	END	1395136237647
ACTION	Pricing	90	price	1395136234228	1395136234228	1395136237676	1395136237676	OK	 
SCENARIO	Pricing	90	END	1395136237677
ACTION	Pricing	39	price	1395136234261	1395136234262	1395136237713	1395136237714	OK	 
SCENARIO	Pricing	39	END	1395136237715
ACTION	Pricing	99	price	1395136234296	1395136234297	1395136237748	1395136237748	OK	 
SCENARIO	Pricing	99	END	1395136237748
ACTION	Pricing	64	price	1395136234329	1395136234329	1395136237782	1395136237783	OK	 
SCENARIO	Pricing	64	END	1395136237784
ACTION	Pricing	28	price	1395136234360	1395136234361	1395136237822	1395136237822	OK	 
SCENARIO	Pricing	28	END	1395136237823
ACTION	Pricing	88	price	1395136234392	1395136234393	1395136237849	1395136237849	OK	 
SCENARIO	Pricing	88	END	1395136237850
ACTION	Pricing	45	price	1395136234429	1395136234429	1395136237884	1395136237884	OK	 
SCENARIO	Pricing	45	END	1395136237885
ACTION	Pricing	23	price	1395136234466	1395136234467	1395136237921	1395136237921	OK	 
SCENARIO	Pricing	23	END	1395136237922
ACTION	Pricing	48	price	1395136234500	1395136234501	1395136237953	1395136237954	OK	 
SCENARIO	Pricing	48	END	1395136237954
ACTION	Pricing	36	price	1395136234534	1395136234534	1395136237988	1395136237988	OK	 
SCENARIO	Pricing	36	END	1395136237989
ACTION	Pricing	27	price	1395136234568	1395136234568	1395136238024	1395136238024	OK	 
SCENARIO	Pricing	27	END	1395136238025
ACTION	Pricing	2	price	1395136234601	1395136234602	1395136238059	1395136238059	OK	 
SCENARIO	Pricing	2	END	1395136238060
ACTION	Pricing	4	price	1395136234633	1395136234634	1395136238091	1395136238091	OK	 
SCENARIO	Pricing	4	END	1395136238092
ACTION	Pricing	14	price	1395136234664	1395136234665	1395136238123	1395136238123	OK	 
SCENARIO	Pricing	14	END	1395136238124
ACTION	Pricing	20	price	1395136234699	1395136234700	1395136238157	1395136238158	OK	 
SCENARIO	Pricing	20	END	1395136238159
ACTION	Pricing	30	price	1395136234732	1395136234733	1395136238194	1395136238194	OK	 
SCENARIO	Pricing	30	END	1395136238195
ACTION	Pricing	65	price	1395136234764	1395136234765	1395136238231	1395136238231	OK	 
SCENARIO	Pricing	65	END	1395136238232
ACTION	Pricing	32	price	1395136234803	1395136234804	1395136238264	1395136238265	OK	 
SCENARIO	Pricing	32	END	1395136238265
ACTION	Pricing	8	price	1395136234825	1395136234825	1395136238296	1395136238297	OK	 
SCENARIO	Pricing	8	END	1395136238297
ACTION	Pricing	34	price	1395136234862	1395136234863	1395136238331	1395136238331	OK	 
SCENARIO	Pricing	34	END	1395136238332
ACTION	Pricing	97	price	1395136234895	1395136234896	1395136238363	1395136238363	OK	 
SCENARIO	Pricing	97	END	1395136238363
ACTION	Pricing	74	price	1395136234930	1395136234930	1395136238392	1395136238393	OK	 
SCENARIO	Pricing	74	END	1395136238393
ACTION	Pricing	43	price	1395136234965	1395136234965	1395136238425	1395136238425	OK	 
SCENARIO	Pricing	43	END	1395136238426
ACTION	Pricing	3	price	1395136235002	1395136235003	1395136238459	1395136238459	OK	 
SCENARIO	Pricing	3	END	1395136238460
ACTION	Pricing	25	price	1395136235041	1395136235042	1395136238494	1395136238494	OK	 
SCENARIO	Pricing	25	END	1395136238495
ACTION	Pricing	96	price	1395136235086	1395136235087	1395136238524	1395136238525	OK	 
SCENARIO	Pricing	96	END	1395136238525
ACTION	Pricing	12	price	1395136235141	1395136235142	1395136238556	1395136238556	OK	 
SCENARIO	Pricing	12	END	1395136238557
ACTION	Pricing	82	price	1395136235173	1395136235173	1395136238594	1395136238595	OK	 
SCENARIO	Pricing	82	END	1395136238595
ACTION	Pricing	18	price	1395136235204	1395136235205	1395136238627	1395136238627	OK	 
SCENARIO	Pricing	18	END	1395136238628
ACTION	Pricing	46	price	1395136235238	1395136235239	1395136238661	1395136238661	OK	 
SCENARIO	Pricing	46	END	1395136238662
ACTION	Pricing	63	price	1395136235272	1395136235273	1395136238694	1395136238694	OK	 
SCENARIO	Pricing	63	END	1395136238694
ACTION	Pricing	89	price	1395136235341	1395136235342	1395136238727	1395136238727	OK	 
SCENARIO	Pricing	89	END	1395136238728
ACTION	Pricing	13	price	1395136235389	1395136235389	1395136238762	1395136238763	OK	 
SCENARIO	Pricing	13	END	1395136238763
ACTION	Pricing	9	price	1395136235426	1395136235426	1395136238797	1395136238797	OK	 
SCENARIO	Pricing	9	END	1395136238797
ACTION	Pricing	26	price	1395136235458	1395136235459	1395136238835	1395136238835	OK	 
SCENARIO	Pricing	26	END	1395136238836
ACTION	Pricing	49	price	1395136235495	1395136235496	1395136238864	1395136238864	OK	 
SCENARIO	Pricing	49	END	1395136238865
ACTION	Pricing	86	price	1395136235538	1395136235538	1395136238896	1395136238896	OK	 
SCENARIO	Pricing	86	END	1395136238897
ACTION	Pricing	77	price	1395136235580	1395136235580	1395136238935	1395136238936	OK	 
SCENARIO	Pricing	77	END	1395136238936
ACTION	Pricing	53	price	1395136235610	1395136235610	1395136238968	1395136238968	OK	 
SCENARIO	Pricing	53	END	1395136238969
ACTION	Pricing	78	price	1395136235642	1395136235643	1395136239012	1395136239013	OK	 
SCENARIO	Pricing	78	END	1395136239014
ACTION	Pricing	87	price	1395136235673	1395136235673	1395136239050	1395136239050	OK	 
SCENARIO	Pricing	87	END	1395136239051
ACTION	Pricing	16	price	1395136235704	1395136235705	1395136239084	1395136239085	OK	 
SCENARIO	Pricing	16	END	1395136239085
ACTION	Pricing	54	price	1395136235739	1395136235740	1395136239116	1395136239117	OK	 
SCENARIO	Pricing	54	END	1395136239117
ACTION	Pricing	1	price	1395136235772	1395136235773	1395136239147	1395136239148	OK	 
SCENARIO	Pricing	1	END	1395136239148
ACTION	Pricing	85	price	1395136235805	1395136235805	1395136239192	1395136239193	OK	 
SCENARIO	Pricing	85	END	1395136239193
ACTION	Pricing	84	price	1395136235838	1395136235839	1395136239227	1395136239227	OK	 
SCENARIO	Pricing	84	END	1395136239228
ACTION	Pricing	33	price	1395136235872	1395136235872	1395136239265	1395136239265	OK	 
SCENARIO	Pricing	33	END	1395136239266
ACTION	Pricing	68	price	1395136235906	1395136235907	1395136239295	1395136239295	OK	 
SCENARIO	Pricing	68	END	1395136239296
ACTION	Pricing	29	price	1395136235939	1395136235939	1395136239345	1395136239345	OK	 
SCENARIO	Pricing	29	END	1395136239346
ACTION	Pricing	56	price	1395136235971	1395136235972	1395136239374	1395136239374	OK	 
SCENARIO	Pricing	56	END	1395136239374
