Bringing machine 'gatling8' up with 'virtualbox' provider...
Bringing machine 'server8' up with 'virtualbox' provider...
==> gatling8: Clearing any previously set forwarded ports...
==> gatling8: Clearing any previously set network interfaces...
==> gatling8: Preparing network interfaces based on configuration...
    gatling8: Adapter 1: nat
    gatling8: Adapter 2: hostonly
==> gatling8: Forwarding ports...
    gatling8: 22 => 2222 (adapter 1)
    gatling8: 22 => 12348 (adapter 1)
==> gatling8: Running 'pre-boot' VM customizations...
==> gatling8: Booting VM...
==> gatling8: Waiting for machine to boot. This may take a few minutes...
    gatling8: SSH address: 127.0.0.1:12348
    gatling8: SSH username: vagrant
    gatling8: SSH auth method: private key
    gatling8: Error: Connection timout. Retrying...
==> gatling8: Machine booted and ready!
==> gatling8: Checking for guest additions in VM...
    gatling8: The guest additions on this VM do not match the installed version of
    gatling8: VirtualBox! In most cases this is fine, but in rare cases it can
    gatling8: prevent things such as shared folders from working properly. If you see
    gatling8: shared folder errors, please make sure the guest additions within the
    gatling8: virtual machine match the version of VirtualBox you have installed on
    gatling8: your host and reload your VM.
    gatling8: 
    gatling8: Guest Additions Version: 4.2.0
    gatling8: VirtualBox Version: 4.3
==> gatling8: Setting hostname...
==> gatling8: Configuring and enabling network interfaces...
==> gatling8: Mounting shared folders...
    gatling8: /vagrant => /Users/Bastien/Projets/ParllelLab/Sources/parallel-lab/AutoEnv8
==> gatling8: VM already provisioned. Run `vagrant provision` or use `--provision` to force it
==> server8: Clearing any previously set forwarded ports...
==> server8: Fixed port collision for 22 => 2222. Now on port 2201.
==> server8: Clearing any previously set network interfaces...
==> server8: Preparing network interfaces based on configuration...
    server8: Adapter 1: nat
    server8: Adapter 2: hostonly
==> server8: Forwarding ports...
    server8: 22 => 2201 (adapter 1)
    server8: 22 => 23458 (adapter 1)
==> server8: Running 'pre-boot' VM customizations...
==> server8: Booting VM...
==> server8: Waiting for machine to boot. This may take a few minutes...
    server8: SSH address: 127.0.0.1:23458
    server8: SSH username: vagrant
    server8: SSH auth method: private key
    server8: Error: Connection timout. Retrying...
==> server8: Machine booted and ready!
==> server8: Checking for guest additions in VM...
    server8: The guest additions on this VM do not match the installed version of
    server8: VirtualBox! In most cases this is fine, but in rare cases it can
    server8: prevent things such as shared folders from working properly. If you see
    server8: shared folder errors, please make sure the guest additions within the
    server8: virtual machine match the version of VirtualBox you have installed on
    server8: your host and reload your VM.
    server8: 
    server8: Guest Additions Version: 4.2.0
    server8: VirtualBox Version: 4.3
==> server8: Setting hostname...
==> server8: Configuring and enabling network interfaces...
==> server8: Mounting shared folders...
    server8: /vagrant => /Users/Bastien/Projets/ParllelLab/Sources/parallel-lab/AutoEnv8
==> server8: VM already provisioned. Run `vagrant provision` or use `--provision` to force it
==> server8: Attempting graceful shutdown of VM...
Bringing machine 'server8' up with 'virtualbox' provider...
==> server8: Clearing any previously set forwarded ports...
==> server8: Fixed port collision for 22 => 2222. Now on port 2201.
==> server8: Clearing any previously set network interfaces...
==> server8: Preparing network interfaces based on configuration...
    server8: Adapter 1: nat
    server8: Adapter 2: hostonly
==> server8: Forwarding ports...
    server8: 22 => 2201 (adapter 1)
    server8: 22 => 23458 (adapter 1)
==> server8: Running 'pre-boot' VM customizations...
==> server8: Booting VM...
==> server8: Waiting for machine to boot. This may take a few minutes...
    server8: SSH address: 127.0.0.1:23458
    server8: SSH username: vagrant
    server8: SSH auth method: private key
    server8: Error: Connection timout. Retrying...
==> server8: Machine booted and ready!
==> server8: Checking for guest additions in VM...
    server8: The guest additions on this VM do not match the installed version of
    server8: VirtualBox! In most cases this is fine, but in rare cases it can
    server8: prevent things such as shared folders from working properly. If you see
    server8: shared folder errors, please make sure the guest additions within the
    server8: virtual machine match the version of VirtualBox you have installed on
    server8: your host and reload your VM.
    server8: 
    server8: Guest Additions Version: 4.2.0
    server8: VirtualBox Version: 4.3
==> server8: Setting hostname...
==> server8: Configuring and enabling network interfaces...
==> server8: Mounting shared folders...
    server8: /vagrant => /Users/Bastien/Projets/ParllelLab/Sources/parallel-lab/AutoEnv8
==> server8: VM already provisioned. Run `vagrant provision` or use `--provision` to force it
==> server8: Attempting graceful shutdown of VM...
Bringing machine 'server8' up with 'virtualbox' provider...
==> server8: Clearing any previously set forwarded ports...
==> server8: Fixed port collision for 22 => 2222. Now on port 2201.
==> server8: Clearing any previously set network interfaces...
==> server8: Preparing network interfaces based on configuration...
    server8: Adapter 1: nat
    server8: Adapter 2: hostonly
==> server8: Forwarding ports...
    server8: 22 => 2201 (adapter 1)
    server8: 22 => 23458 (adapter 1)
==> server8: Running 'pre-boot' VM customizations...
==> server8: Booting VM...
==> server8: Waiting for machine to boot. This may take a few minutes...
    server8: SSH address: 127.0.0.1:23458
    server8: SSH username: vagrant
    server8: SSH auth method: private key
    server8: Error: Connection timout. Retrying...
==> server8: Machine booted and ready!
==> server8: Checking for guest additions in VM...
    server8: The guest additions on this VM do not match the installed version of
    server8: VirtualBox! In most cases this is fine, but in rare cases it can
    server8: prevent things such as shared folders from working properly. If you see
    server8: shared folder errors, please make sure the guest additions within the
    server8: virtual machine match the version of VirtualBox you have installed on
    server8: your host and reload your VM.
    server8: 
    server8: Guest Additions Version: 4.2.0
    server8: VirtualBox Version: 4.3
==> server8: Setting hostname...
==> server8: Configuring and enabling network interfaces...
==> server8: Mounting shared folders...
    server8: /vagrant => /Users/Bastien/Projets/ParllelLab/Sources/parallel-lab/AutoEnv8
==> server8: VM already provisioned. Run `vagrant provision` or use `--provision` to force it
==> server8: Attempting graceful shutdown of VM...
Bringing machine 'server8' up with 'virtualbox' provider...
==> server8: Clearing any previously set forwarded ports...
==> server8: Fixed port collision for 22 => 2222. Now on port 2201.
==> server8: Clearing any previously set network interfaces...
==> server8: Preparing network interfaces based on configuration...
    server8: Adapter 1: nat
    server8: Adapter 2: hostonly
==> server8: Forwarding ports...
    server8: 22 => 2201 (adapter 1)
    server8: 22 => 23458 (adapter 1)
==> server8: Running 'pre-boot' VM customizations...
==> server8: Booting VM...
==> server8: Waiting for machine to boot. This may take a few minutes...
    server8: SSH address: 127.0.0.1:23458
    server8: SSH username: vagrant
    server8: SSH auth method: private key
    server8: Error: Connection timout. Retrying...
==> server8: Machine booted and ready!
==> server8: Checking for guest additions in VM...
    server8: The guest additions on this VM do not match the installed version of
    server8: VirtualBox! In most cases this is fine, but in rare cases it can
    server8: prevent things such as shared folders from working properly. If you see
    server8: shared folder errors, please make sure the guest additions within the
    server8: virtual machine match the version of VirtualBox you have installed on
    server8: your host and reload your VM.
    server8: 
    server8: Guest Additions Version: 4.2.0
    server8: VirtualBox Version: 4.3
==> server8: Setting hostname...
==> server8: Configuring and enabling network interfaces...
==> server8: Mounting shared folders...
    server8: /vagrant => /Users/Bastien/Projets/ParllelLab/Sources/parallel-lab/AutoEnv8
==> server8: VM already provisioned. Run `vagrant provision` or use `--provision` to force it
==> server8: Attempting graceful shutdown of VM...
Bringing machine 'server8' up with 'virtualbox' provider...
==> server8: Clearing any previously set forwarded ports...
==> server8: Fixed port collision for 22 => 2222. Now on port 2201.
==> server8: Clearing any previously set network interfaces...
==> server8: Preparing network interfaces based on configuration...
    server8: Adapter 1: nat
    server8: Adapter 2: hostonly
==> server8: Forwarding ports...
    server8: 22 => 2201 (adapter 1)
    server8: 22 => 23458 (adapter 1)
==> server8: Running 'pre-boot' VM customizations...
==> server8: Booting VM...
==> server8: Waiting for machine to boot. This may take a few minutes...
    server8: SSH address: 127.0.0.1:23458
    server8: SSH username: vagrant
    server8: SSH auth method: private key
    server8: Error: Connection timout. Retrying...
==> server8: Machine booted and ready!
==> server8: Checking for guest additions in VM...
    server8: The guest additions on this VM do not match the installed version of
    server8: VirtualBox! In most cases this is fine, but in rare cases it can
    server8: prevent things such as shared folders from working properly. If you see
    server8: shared folder errors, please make sure the guest additions within the
    server8: virtual machine match the version of VirtualBox you have installed on
    server8: your host and reload your VM.
    server8: 
    server8: Guest Additions Version: 4.2.0
    server8: VirtualBox Version: 4.3
==> server8: Setting hostname...
==> server8: Configuring and enabling network interfaces...
==> server8: Mounting shared folders...
    server8: /vagrant => /Users/Bastien/Projets/ParllelLab/Sources/parallel-lab/AutoEnv8
==> server8: VM already provisioned. Run `vagrant provision` or use `--provision` to force it
==> server8: Attempting graceful shutdown of VM...
Bringing machine 'server8' up with 'virtualbox' provider...
==> server8: Clearing any previously set forwarded ports...
==> server8: Fixed port collision for 22 => 2222. Now on port 2201.
==> server8: Clearing any previously set network interfaces...
==> server8: Preparing network interfaces based on configuration...
    server8: Adapter 1: nat
    server8: Adapter 2: hostonly
==> server8: Forwarding ports...
    server8: 22 => 2201 (adapter 1)
    server8: 22 => 23458 (adapter 1)
==> server8: Running 'pre-boot' VM customizations...
==> server8: Booting VM...
==> server8: Waiting for machine to boot. This may take a few minutes...
    server8: SSH address: 127.0.0.1:23458
    server8: SSH username: vagrant
    server8: SSH auth method: private key
    server8: Error: Connection timout. Retrying...
==> server8: Machine booted and ready!
==> server8: Checking for guest additions in VM...
    server8: The guest additions on this VM do not match the installed version of
    server8: VirtualBox! In most cases this is fine, but in rare cases it can
    server8: prevent things such as shared folders from working properly. If you see
    server8: shared folder errors, please make sure the guest additions within the
    server8: virtual machine match the version of VirtualBox you have installed on
    server8: your host and reload your VM.
    server8: 
    server8: Guest Additions Version: 4.2.0
    server8: VirtualBox Version: 4.3
==> server8: Setting hostname...
==> server8: Configuring and enabling network interfaces...
==> server8: Mounting shared folders...
    server8: /vagrant => /Users/Bastien/Projets/ParllelLab/Sources/parallel-lab/AutoEnv8
==> server8: VM already provisioned. Run `vagrant provision` or use `--provision` to force it
==> server8: Attempting graceful shutdown of VM...
==> gatling8: Attempting graceful shutdown of VM...
