RUN	20140318132748	pricingsimulation	pricingsimulation
SCENARIO	Pricing	59	START	1395149271657
SCENARIO	Pricing	86	START	1395149271661
SCENARIO	Pricing	96	START	1395149271661
SCENARIO	Pricing	95	START	1395149271662
SCENARIO	Pricing	7	START	1395149271662
SCENARIO	Pricing	4	START	1395149271662
SCENARIO	Pricing	12	START	1395149271662
SCENARIO	Pricing	43	START	1395149271662
SCENARIO	Pricing	6	START	1395149271662
SCENARIO	Pricing	98	START	1395149271662
SCENARIO	Pricing	1	START	1395149271662
SCENARIO	Pricing	44	START	1395149271662
SCENARIO	Pricing	10	START	1395149271662
SCENARIO	Pricing	30	START	1395149271662
SCENARIO	Pricing	26	START	1395149271662
SCENARIO	Pricing	56	START	1395149271663
SCENARIO	Pricing	16	START	1395149271663
SCENARIO	Pricing	100	START	1395149271663
SCENARIO	Pricing	63	START	1395149271663
SCENARIO	Pricing	88	START	1395149271663
SCENARIO	Pricing	37	START	1395149271663
SCENARIO	Pricing	8	START	1395149271663
SCENARIO	Pricing	20	START	1395149271663
SCENARIO	Pricing	99	START	1395149271663
SCENARIO	Pricing	60	START	1395149271663
SCENARIO	Pricing	24	START	1395149271663
SCENARIO	Pricing	35	START	1395149271663
SCENARIO	Pricing	64	START	1395149271663
SCENARIO	Pricing	82	START	1395149271663
SCENARIO	Pricing	33	START	1395149271663
SCENARIO	Pricing	48	START	1395149271663
SCENARIO	Pricing	18	START	1395149271663
SCENARIO	Pricing	74	START	1395149271663
SCENARIO	Pricing	72	START	1395149271663
SCENARIO	Pricing	79	START	1395149271663
SCENARIO	Pricing	21	START	1395149271663
SCENARIO	Pricing	57	START	1395149271663
SCENARIO	Pricing	32	START	1395149271663
SCENARIO	Pricing	46	START	1395149271663
SCENARIO	Pricing	15	START	1395149271663
SCENARIO	Pricing	65	START	1395149271663
SCENARIO	Pricing	87	START	1395149271664
SCENARIO	Pricing	66	START	1395149271664
SCENARIO	Pricing	2	START	1395149271664
SCENARIO	Pricing	80	START	1395149271664
SCENARIO	Pricing	27	START	1395149271664
SCENARIO	Pricing	9	START	1395149271664
SCENARIO	Pricing	41	START	1395149271664
SCENARIO	Pricing	28	START	1395149271664
SCENARIO	Pricing	70	START	1395149271664
SCENARIO	Pricing	85	START	1395149271664
SCENARIO	Pricing	39	START	1395149271664
SCENARIO	Pricing	40	START	1395149271664
SCENARIO	Pricing	25	START	1395149271664
SCENARIO	Pricing	22	START	1395149271664
SCENARIO	Pricing	13	START	1395149271664
SCENARIO	Pricing	58	START	1395149271664
SCENARIO	Pricing	49	START	1395149271664
SCENARIO	Pricing	34	START	1395149271664
SCENARIO	Pricing	53	START	1395149271664
SCENARIO	Pricing	83	START	1395149271665
SCENARIO	Pricing	91	START	1395149271665
SCENARIO	Pricing	36	START	1395149271665
SCENARIO	Pricing	92	START	1395149271665
SCENARIO	Pricing	23	START	1395149271665
SCENARIO	Pricing	54	START	1395149271665
SCENARIO	Pricing	90	START	1395149271665
SCENARIO	Pricing	42	START	1395149271665
SCENARIO	Pricing	89	START	1395149271665
SCENARIO	Pricing	52	START	1395149271665
SCENARIO	Pricing	14	START	1395149271665
SCENARIO	Pricing	67	START	1395149271665
SCENARIO	Pricing	47	START	1395149271665
SCENARIO	Pricing	11	START	1395149271665
SCENARIO	Pricing	62	START	1395149271665
SCENARIO	Pricing	69	START	1395149271666
SCENARIO	Pricing	81	START	1395149271666
SCENARIO	Pricing	97	START	1395149271666
SCENARIO	Pricing	50	START	1395149271666
SCENARIO	Pricing	84	START	1395149271666
SCENARIO	Pricing	77	START	1395149271666
SCENARIO	Pricing	94	START	1395149271666
SCENARIO	Pricing	73	START	1395149271666
SCENARIO	Pricing	75	START	1395149271666
SCENARIO	Pricing	51	START	1395149271666
SCENARIO	Pricing	17	START	1395149271667
SCENARIO	Pricing	78	START	1395149271667
SCENARIO	Pricing	31	START	1395149271667
SCENARIO	Pricing	71	START	1395149271667
SCENARIO	Pricing	68	START	1395149271667
SCENARIO	Pricing	3	START	1395149271668
SCENARIO	Pricing	19	START	1395149271668
SCENARIO	Pricing	55	START	1395149271668
SCENARIO	Pricing	76	START	1395149271668
SCENARIO	Pricing	29	START	1395149271668
SCENARIO	Pricing	5	START	1395149271668
SCENARIO	Pricing	93	START	1395149271668
SCENARIO	Pricing	38	START	1395149271668
SCENARIO	Pricing	61	START	1395149271668
SCENARIO	Pricing	45	START	1395149271668
ACTION	Pricing	34	price	1395149272003	1395149272003	1395149273309	1395149273309	OK	 
ACTION	Pricing	95	price	1395149271765	1395149271790	1395149273275	1395149273302	OK	 
ACTION	Pricing	25	price	1395149271965	1395149271973	1395149273438	1395149273439	OK	 
ACTION	Pricing	84	price	1395149272045	1395149272053	1395149273546	1395149273546	OK	 
ACTION	Pricing	72	price	1395149271855	1395149271893	1395149273638	1395149273639	OK	 
ACTION	Pricing	74	price	1395149271854	1395149271900	1395149273743	1395149273744	OK	 
ACTION	Pricing	24	price	1395149271823	1395149271891	1395149273841	1395149273842	OK	 
ACTION	Pricing	29	price	1395149272070	1395149272080	1395149273935	1395149273936	OK	 
ACTION	Pricing	52	price	1395149272029	1395149272031	1395149274041	1395149274041	OK	 
ACTION	Pricing	38	price	1395149272075	1395149272081	1395149274137	1395149274137	OK	 
ACTION	Pricing	13	price	1395149271979	1395149271990	1395149274232	1395149274232	OK	 
ACTION	Pricing	90	price	1395149272023	1395149272025	1395149274314	1395149274314	OK	 
ACTION	Pricing	36	price	1395149272009	1395149272017	1395149274413	1395149274414	OK	 
ACTION	Pricing	35	price	1395149271823	1395149271892	1395149274515	1395149274515	OK	 
ACTION	Pricing	70	price	1395149271941	1395149271960	1395149274614	1395149274614	OK	 
ACTION	Pricing	92	price	1395149272014	1395149272017	1395149274714	1395149274714	OK	 
ACTION	Pricing	55	price	1395149272068	1395149272078	1395149274807	1395149274807	OK	 
ACTION	Pricing	97	price	1395149272042	1395149272045	1395149274905	1395149274906	OK	 
ACTION	Pricing	89	price	1395149272029	1395149272030	1395149275006	1395149275006	OK	 
ACTION	Pricing	15	price	1395149271879	1395149271896	1395149275107	1395149275107	OK	 
ACTION	Pricing	68	price	1395149272066	1395149272076	1395149275216	1395149275216	OK	 
ACTION	Pricing	2	price	1395149271908	1395149271918	1395149275318	1395149275319	OK	 
ACTION	Pricing	45	price	1395149272083	1395149272088	1395149275410	1395149275410	OK	 
ACTION	Pricing	30	price	1395149271805	1395149271858	1395149275521	1395149275521	OK	 
ACTION	Pricing	98	price	1395149271792	1395149271846	1395149275623	1395149275623	OK	 
ACTION	Pricing	9	price	1395149271921	1395149271933	1395149275723	1395149275723	OK	 
ACTION	Pricing	27	price	1395149271919	1395149271926	1395149275823	1395149275824	OK	 
ACTION	Pricing	5	price	1395149272074	1395149272081	1395149275924	1395149275924	OK	 
ACTION	Pricing	7	price	1395149271767	1395149271834	1395149276027	1395149276028	OK	 
ACTION	Pricing	21	price	1395149271871	1395149271895	1395149276134	1395149276134	OK	 
ACTION	Pricing	14	price	1395149272031	1395149272033	1395149276250	1395149276250	OK	 
ACTION	Pricing	28	price	1395149271930	1395149271958	1395149276361	1395149276361	OK	 
ACTION	Pricing	100	price	1395149271809	1395149271882	1395149276465	1395149276466	OK	 
ACTION	Pricing	94	price	1395149272052	1395149272056	1395149276573	1395149276573	OK	 
ACTION	Pricing	62	price	1395149272038	1395149272040	1395149276689	1395149276689	OK	 
ACTION	Pricing	61	price	1395149272082	1395149272087	1395149276801	1395149276802	OK	 
ACTION	Pricing	20	price	1395149271816	1395149271891	1395149276931	1395149276931	OK	 
ACTION	Pricing	53	price	1395149272005	1395149272010	1395149277067	1395149277068	OK	 
ACTION	Pricing	82	price	1395149271837	1395149271900	1395149277203	1395149277203	OK	 
ACTION	Pricing	39	price	1395149271956	1395149271962	1395149277336	1395149277336	OK	 
ACTION	Pricing	73	price	1395149272055	1395149272057	1395149277466	1395149277466	OK	 
ACTION	Pricing	40	price	1395149271961	1395149271974	1395149277580	1395149277581	OK	 
ACTION	Pricing	8	price	1395149271816	1395149271891	1395149277696	1395149277697	OK	 
ACTION	Pricing	12	price	1395149271782	1395149271833	1395149277816	1395149277816	OK	 
ACTION	Pricing	75	price	1395149272057	1395149272060	1395149277929	1395149277929	OK	 
ACTION	Pricing	80	price	1395149271914	1395149271940	1395149278061	1395149278062	OK	 
ACTION	Pricing	19	price	1395149272068	1395149272077	1395149278184	1395149278185	OK	 
ACTION	Pricing	50	price	1395149272043	1395149272046	1395149278299	1395149278300	OK	 
ACTION	Pricing	3	price	1395149272066	1395149272078	1395149278413	1395149278413	OK	 
ACTION	Pricing	83	price	1395149272008	1395149272011	1395149278522	1395149278523	OK	 
ACTION	Pricing	59	price	1395149271753	1395149271790	1395149278633	1395149278633	OK	 
ACTION	Pricing	11	price	1395149272036	1395149272039	1395149278760	1395149278761	OK	 
ACTION	Pricing	58	price	1395149271990	1395149271997	1395149278867	1395149278867	OK	 
ACTION	Pricing	77	price	1395149272051	1395149272054	1395149278969	1395149278969	OK	 
ACTION	Pricing	96	price	1395149271763	1395149271791	1395149279081	1395149279082	OK	 
ACTION	Pricing	32	price	1395149271874	1395149271894	1395149279196	1395149279197	OK	 
ACTION	Pricing	60	price	1395149271820	1395149271890	1395149279297	1395149279297	OK	 
ACTION	Pricing	4	price	1395149271782	1395149271833	1395149279409	1395149279409	OK	 
ACTION	Pricing	22	price	1395149271975	1395149271991	1395149279522	1395149279523	OK	 
ACTION	Pricing	66	price	1395149271906	1395149271917	1395149279636	1395149279636	OK	 
ACTION	Pricing	87	price	1395149271903	1395149271916	1395149279740	1395149279741	OK	 
ACTION	Pricing	63	price	1395149271811	1395149271886	1395149279845	1395149279845	OK	 
ACTION	Pricing	54	price	1395149272021	1395149272025	1395149279944	1395149279945	OK	 
ACTION	Pricing	43	price	1395149271785	1395149271846	1395149280043	1395149280043	OK	 
ACTION	Pricing	86	price	1395149271762	1395149271790	1395149280149	1395149280149	OK	 
ACTION	Pricing	23	price	1395149272016	1395149272020	1395149280209	1395149280209	OK	 
ACTION	Pricing	18	price	1395149271853	1395149271894	1395149280358	1395149280358	OK	 
ACTION	Pricing	47	price	1395149272034	1395149272036	1395149280475	1395149280475	OK	 
ACTION	Pricing	64	price	1395149271835	1395149271892	1395149280573	1395149280574	OK	 
ACTION	Pricing	44	price	1395149271804	1395149271882	1395149280677	1395149280677	OK	 
ACTION	Pricing	65	price	1395149271886	1395149271916	1395149280778	1395149280778	OK	 
ACTION	Pricing	81	price	1395149272041	1395149272044	1395149280875	1395149280875	OK	 
ACTION	Pricing	57	price	1395149271872	1395149271904	1395149280976	1395149280976	OK	 
ACTION	Pricing	33	price	1395149271845	1395149271893	1395149281073	1395149281073	OK	 
ACTION	Pricing	6	price	1395149271790	1395149271850	1395149281172	1395149281173	OK	 
ACTION	Pricing	56	price	1395149271808	1395149271858	1395149281273	1395149281274	OK	 
ACTION	Pricing	71	price	1395149272065	1395149272070	1395149281367	1395149281367	OK	 
ACTION	Pricing	26	price	1395149271806	1395149271877	1395149281466	1395149281467	OK	 
ACTION	Pricing	16	price	1395149271809	1395149271889	1395149281567	1395149281568	OK	 
ACTION	Pricing	79	price	1395149271876	1395149271901	1395149281666	1395149281666	OK	 
ACTION	Pricing	76	price	1395149272069	1395149272079	1395149281768	1395149281768	OK	 
ACTION	Pricing	17	price	1395149272061	1395149272063	1395149281866	1395149281867	OK	 
ACTION	Pricing	37	price	1395149271816	1395149271890	1395149281969	1395149281969	OK	 
ACTION	Pricing	78	price	1395149272061	1395149272066	1395149282087	1395149282087	OK	 
ACTION	Pricing	42	price	1395149272025	1395149272028	1395149282192	1395149282192	OK	 
ACTION	Pricing	48	price	1395149271851	1395149271893	1395149282290	1395149282290	OK	 
ACTION	Pricing	49	price	1395149271992	1395149272002	1395149282390	1395149282390	OK	 
ACTION	Pricing	88	price	1395149271812	1395149271889	1395149282495	1395149282495	OK	 
ACTION	Pricing	41	price	1395149271926	1395149271957	1395149282591	1395149282591	OK	 
ACTION	Pricing	1	price	1395149271801	1395149271850	1395149282688	1395149282689	OK	 
ACTION	Pricing	31	price	1395149272064	1395149272068	1395149282792	1395149282793	OK	 
ACTION	Pricing	69	price	1395149272039	1395149272042	1395149282890	1395149282890	OK	 
ACTION	Pricing	10	price	1395149271804	1395149271883	1395149282986	1395149282987	OK	 
ACTION	Pricing	99	price	1395149271818	1395149271889	1395149283086	1395149283086	OK	 
ACTION	Pricing	46	price	1395149271877	1395149271902	1395149283180	1395149283181	OK	 
ACTION	Pricing	93	price	1395149272075	1395149272080	1395149283277	1395149283277	OK	 
ACTION	Pricing	67	price	1395149272032	1395149272034	1395149283371	1395149283371	OK	 
ACTION	Pricing	85	price	1395149271942	1395149271960	1395149283473	1395149283474	OK	 
ACTION	Pricing	91	price	1395149272008	1395149272010	1395149283576	1395149283576	OK	 
ACTION	Pricing	51	price	1395149272059	1395149272061	1395149283605	1395149283605	OK	 
ACTION	Pricing	34	price	1395149273377	1395149273383	1395149283710	1395149283710	OK	 
ACTION	Pricing	95	price	1395149273453	1395149273456	1395149283819	1395149283819	OK	 
ACTION	Pricing	25	price	1395149273458	1395149273460	1395149283918	1395149283919	OK	 
ACTION	Pricing	84	price	1395149273548	1395149273549	1395149284020	1395149284021	OK	 
ACTION	Pricing	72	price	1395149273640	1395149273642	1395149284135	1395149284136	OK	 
ACTION	Pricing	74	price	1395149273746	1395149273748	1395149284246	1395149284247	OK	 
ACTION	Pricing	24	price	1395149273844	1395149273845	1395149284360	1395149284361	OK	 
ACTION	Pricing	29	price	1395149273937	1395149273939	1395149284474	1395149284475	OK	 
ACTION	Pricing	52	price	1395149274043	1395149274046	1395149284581	1395149284581	OK	 
ACTION	Pricing	38	price	1395149274140	1395149274140	1395149284684	1395149284684	OK	 
ACTION	Pricing	13	price	1395149274235	1395149274235	1395149284786	1395149284787	OK	 
ACTION	Pricing	90	price	1395149274316	1395149274317	1395149284900	1395149284901	OK	 
ACTION	Pricing	36	price	1395149274417	1395149274417	1395149285002	1395149285002	OK	 
ACTION	Pricing	35	price	1395149274517	1395149274518	1395149285105	1395149285106	OK	 
ACTION	Pricing	70	price	1395149274618	1395149274619	1395149285215	1395149285216	OK	 
ACTION	Pricing	92	price	1395149274716	1395149274717	1395149285323	1395149285323	OK	 
ACTION	Pricing	55	price	1395149274810	1395149274811	1395149285433	1395149285434	OK	 
ACTION	Pricing	97	price	1395149274908	1395149274909	1395149285549	1395149285549	OK	 
ACTION	Pricing	89	price	1395149275008	1395149275009	1395149285657	1395149285657	OK	 
ACTION	Pricing	15	price	1395149275111	1395149275112	1395149285774	1395149285774	OK	 
ACTION	Pricing	68	price	1395149275220	1395149275221	1395149285885	1395149285885	OK	 
ACTION	Pricing	2	price	1395149275323	1395149275324	1395149286002	1395149286003	OK	 
ACTION	Pricing	45	price	1395149275414	1395149275415	1395149286111	1395149286111	OK	 
ACTION	Pricing	30	price	1395149275526	1395149275527	1395149286229	1395149286229	OK	 
ACTION	Pricing	98	price	1395149275625	1395149275627	1395149286343	1395149286343	OK	 
ACTION	Pricing	9	price	1395149275725	1395149275727	1395149286450	1395149286451	OK	 
ACTION	Pricing	27	price	1395149275826	1395149275827	1395149286568	1395149286568	OK	 
ACTION	Pricing	5	price	1395149275927	1395149275931	1395149286671	1395149286671	OK	 
ACTION	Pricing	7	price	1395149276030	1395149276031	1395149286772	1395149286772	OK	 
ACTION	Pricing	21	price	1395149276136	1395149276139	1395149286907	1395149286908	OK	 
ACTION	Pricing	14	price	1395149276255	1395149276256	1395149287001	1395149287001	OK	 
ACTION	Pricing	28	price	1395149276365	1395149276365	1395149287099	1395149287099	OK	 
ACTION	Pricing	100	price	1395149276469	1395149276470	1395149287203	1395149287203	OK	 
ACTION	Pricing	94	price	1395149276577	1395149276578	1395149287308	1395149287308	OK	 
ACTION	Pricing	62	price	1395149276691	1395149276693	1395149287417	1395149287417	OK	 
ACTION	Pricing	61	price	1395149276804	1395149276807	1395149287528	1395149287529	OK	 
ACTION	Pricing	20	price	1395149276936	1395149276937	1395149287628	1395149287628	OK	 
ACTION	Pricing	53	price	1395149277072	1395149277073	1395149287726	1395149287726	OK	 
ACTION	Pricing	82	price	1395149277206	1395149277210	1395149287833	1395149287833	OK	 
ACTION	Pricing	39	price	1395149277339	1395149277341	1395149287931	1395149287931	OK	 
ACTION	Pricing	73	price	1395149277469	1395149277469	1395149288033	1395149288033	OK	 
ACTION	Pricing	40	price	1395149277583	1395149277585	1395149288134	1395149288134	OK	 
ACTION	Pricing	8	price	1395149277699	1395149277700	1395149288236	1395149288236	OK	 
ACTION	Pricing	12	price	1395149277818	1395149277819	1395149288329	1395149288329	OK	 
ACTION	Pricing	75	price	1395149277931	1395149277932	1395149288429	1395149288429	OK	 
ACTION	Pricing	80	price	1395149278064	1395149278065	1395149288532	1395149288532	OK	 
ACTION	Pricing	19	price	1395149278187	1395149278188	1395149288631	1395149288631	OK	 
ACTION	Pricing	50	price	1395149278301	1395149278302	1395149288730	1395149288730	OK	 
ACTION	Pricing	3	price	1395149278416	1395149278417	1395149288843	1395149288843	OK	 
ACTION	Pricing	83	price	1395149278525	1395149278526	1395149288945	1395149288945	OK	 
ACTION	Pricing	59	price	1395149278635	1395149278636	1395149289049	1395149289049	OK	 
ACTION	Pricing	11	price	1395149278763	1395149278764	1395149289148	1395149289148	OK	 
ACTION	Pricing	58	price	1395149278869	1395149278870	1395149289248	1395149289248	OK	 
ACTION	Pricing	77	price	1395149278971	1395149278972	1395149289360	1395149289360	OK	 
ACTION	Pricing	96	price	1395149279084	1395149279085	1395149289468	1395149289468	OK	 
ACTION	Pricing	32	price	1395149279198	1395149279199	1395149289579	1395149289580	OK	 
ACTION	Pricing	60	price	1395149279299	1395149279300	1395149289688	1395149289688	OK	 
ACTION	Pricing	4	price	1395149279411	1395149279412	1395149289802	1395149289803	OK	 
ACTION	Pricing	22	price	1395149279525	1395149279526	1395149289913	1395149289913	OK	 
ACTION	Pricing	66	price	1395149279639	1395149279639	1395149290022	1395149290023	OK	 
ACTION	Pricing	87	price	1395149279743	1395149279743	1395149290140	1395149290140	OK	 
ACTION	Pricing	63	price	1395149279847	1395149279848	1395149290252	1395149290252	OK	 
ACTION	Pricing	54	price	1395149279947	1395149279948	1395149290368	1395149290368	OK	 
ACTION	Pricing	43	price	1395149280045	1395149280046	1395149290483	1395149290484	OK	 
ACTION	Pricing	86	price	1395149280151	1395149280152	1395149290594	1395149290594	OK	 
ACTION	Pricing	23	price	1395149280211	1395149280212	1395149290706	1395149290707	OK	 
ACTION	Pricing	18	price	1395149280360	1395149280361	1395149290825	1395149290826	OK	 
ACTION	Pricing	47	price	1395149280477	1395149280477	1395149290944	1395149290945	OK	 
ACTION	Pricing	64	price	1395149280576	1395149280576	1395149291069	1395149291069	OK	 
ACTION	Pricing	44	price	1395149280680	1395149280680	1395149291186	1395149291186	OK	 
ACTION	Pricing	65	price	1395149280781	1395149280781	1395149291305	1395149291305	OK	 
ACTION	Pricing	81	price	1395149280877	1395149280878	1395149291422	1395149291423	OK	 
ACTION	Pricing	57	price	1395149280978	1395149280979	1395149291539	1395149291539	OK	 
ACTION	Pricing	33	price	1395149281075	1395149281076	1395149291656	1395149291656	OK	 
ACTION	Pricing	6	price	1395149281175	1395149281176	1395149291775	1395149291775	OK	 
ACTION	Pricing	56	price	1395149281275	1395149281276	1395149291894	1395149291894	OK	 
ACTION	Pricing	71	price	1395149281369	1395149281370	1395149292010	1395149292010	OK	 
ACTION	Pricing	26	price	1395149281469	1395149281469	1395149292117	1395149292117	OK	 
ACTION	Pricing	16	price	1395149281569	1395149281570	1395149292214	1395149292214	OK	 
ACTION	Pricing	79	price	1395149281668	1395149281669	1395149292312	1395149292312	OK	 
ACTION	Pricing	76	price	1395149281770	1395149281771	1395149292414	1395149292414	OK	 
ACTION	Pricing	17	price	1395149281868	1395149281869	1395149292516	1395149292516	OK	 
ACTION	Pricing	37	price	1395149281970	1395149281971	1395149292615	1395149292615	OK	 
ACTION	Pricing	78	price	1395149282090	1395149282090	1395149292717	1395149292718	OK	 
ACTION	Pricing	42	price	1395149282194	1395149282195	1395149292822	1395149292822	OK	 
ACTION	Pricing	48	price	1395149282291	1395149282292	1395149292935	1395149292935	OK	 
ACTION	Pricing	49	price	1395149282392	1395149282392	1395149293042	1395149293043	OK	 
ACTION	Pricing	88	price	1395149282497	1395149282498	1395149293151	1395149293151	OK	 
ACTION	Pricing	41	price	1395149282593	1395149282594	1395149293249	1395149293249	OK	 
ACTION	Pricing	1	price	1395149282691	1395149282692	1395149293354	1395149293354	OK	 
ACTION	Pricing	31	price	1395149282795	1395149282795	1395149293452	1395149293453	OK	 
ACTION	Pricing	69	price	1395149282893	1395149282893	1395149293554	1395149293554	OK	 
ACTION	Pricing	10	price	1395149282988	1395149282989	1395149293657	1395149293657	OK	 
ACTION	Pricing	99	price	1395149283088	1395149283089	1395149293764	1395149293764	OK	 
ACTION	Pricing	46	price	1395149283182	1395149283183	1395149293868	1395149293868	OK	 
ACTION	Pricing	93	price	1395149283279	1395149283279	1395149293970	1395149293971	OK	 
ACTION	Pricing	67	price	1395149283374	1395149283374	1395149294076	1395149294076	OK	 
ACTION	Pricing	85	price	1395149283476	1395149283476	1395149294170	1395149294170	OK	 
ACTION	Pricing	91	price	1395149283578	1395149283578	1395149294271	1395149294271	OK	 
ACTION	Pricing	51	price	1395149283608	1395149283609	1395149294371	1395149294372	OK	 
ACTION	Pricing	34	price	1395149283712	1395149283712	1395149294472	1395149294473	OK	 
ACTION	Pricing	95	price	1395149283822	1395149283822	1395149294578	1395149294578	OK	 
ACTION	Pricing	25	price	1395149283921	1395149283921	1395149294679	1395149294679	OK	 
ACTION	Pricing	84	price	1395149284023	1395149284023	1395149294783	1395149294783	OK	 
ACTION	Pricing	72	price	1395149284138	1395149284139	1395149294892	1395149294892	OK	 
ACTION	Pricing	74	price	1395149284249	1395149284249	1395149294992	1395149294992	OK	 
ACTION	Pricing	24	price	1395149284362	1395149284363	1395149295104	1395149295104	OK	 
ACTION	Pricing	29	price	1395149284477	1395149284478	1395149295200	1395149295200	OK	 
ACTION	Pricing	52	price	1395149284583	1395149284584	1395149295299	1395149295299	OK	 
ACTION	Pricing	38	price	1395149284686	1395149284686	1395149295394	1395149295394	OK	 
ACTION	Pricing	13	price	1395149284789	1395149284789	1395149295493	1395149295493	OK	 
ACTION	Pricing	90	price	1395149284902	1395149284903	1395149295592	1395149295592	OK	 
ACTION	Pricing	36	price	1395149285004	1395149285005	1395149295686	1395149295686	OK	 
ACTION	Pricing	35	price	1395149285108	1395149285108	1395149295792	1395149295793	OK	 
ACTION	Pricing	70	price	1395149285218	1395149285218	1395149295892	1395149295893	OK	 
ACTION	Pricing	92	price	1395149285326	1395149285327	1395149295986	1395149295986	OK	 
ACTION	Pricing	55	price	1395149285436	1395149285437	1395149296087	1395149296087	OK	 
ACTION	Pricing	97	price	1395149285551	1395149285552	1395149296186	1395149296186	OK	 
ACTION	Pricing	89	price	1395149285660	1395149285661	1395149296285	1395149296285	OK	 
ACTION	Pricing	15	price	1395149285775	1395149285776	1395149296387	1395149296387	OK	 
ACTION	Pricing	68	price	1395149285887	1395149285888	1395149296484	1395149296484	OK	 
ACTION	Pricing	2	price	1395149286005	1395149286005	1395149296580	1395149296581	OK	 
ACTION	Pricing	45	price	1395149286114	1395149286114	1395149296675	1395149296675	OK	 
ACTION	Pricing	30	price	1395149286231	1395149286232	1395149296776	1395149296776	OK	 
ACTION	Pricing	98	price	1395149286345	1395149286346	1395149296876	1395149296876	OK	 
ACTION	Pricing	9	price	1395149286452	1395149286453	1395149296979	1395149296980	OK	 
ACTION	Pricing	27	price	1395149286570	1395149286571	1395149297078	1395149297078	OK	 
ACTION	Pricing	5	price	1395149286674	1395149286674	1395149297180	1395149297180	OK	 
ACTION	Pricing	7	price	1395149286774	1395149286774	1395149297279	1395149297280	OK	 
ACTION	Pricing	21	price	1395149286910	1395149286911	1395149297386	1395149297386	OK	 
ACTION	Pricing	14	price	1395149287003	1395149287003	1395149297490	1395149297490	OK	 
ACTION	Pricing	28	price	1395149287101	1395149287102	1395149297595	1395149297596	OK	 
ACTION	Pricing	100	price	1395149287205	1395149287206	1395149297698	1395149297699	OK	 
ACTION	Pricing	94	price	1395149287310	1395149287311	1395149297805	1395149297805	OK	 
ACTION	Pricing	62	price	1395149287419	1395149287420	1395149297913	1395149297913	OK	 
ACTION	Pricing	61	price	1395149287530	1395149287531	1395149298015	1395149298016	OK	 
ACTION	Pricing	20	price	1395149287630	1395149287631	1395149298119	1395149298120	OK	 
ACTION	Pricing	53	price	1395149287728	1395149287729	1395149298225	1395149298225	OK	 
ACTION	Pricing	82	price	1395149287835	1395149287836	1395149298331	1395149298331	OK	 
ACTION	Pricing	39	price	1395149287933	1395149287934	1395149298434	1395149298434	OK	 
ACTION	Pricing	73	price	1395149288036	1395149288036	1395149298533	1395149298533	OK	 
ACTION	Pricing	40	price	1395149288136	1395149288137	1395149298633	1395149298633	OK	 
ACTION	Pricing	8	price	1395149288238	1395149288239	1395149298738	1395149298738	OK	 
ACTION	Pricing	12	price	1395149288332	1395149288333	1395149298840	1395149298841	OK	 
ACTION	Pricing	75	price	1395149288431	1395149288432	1395149298938	1395149298939	OK	 
ACTION	Pricing	80	price	1395149288534	1395149288535	1395149299041	1395149299042	OK	 
ACTION	Pricing	19	price	1395149288633	1395149288634	1395149299145	1395149299146	OK	 
ACTION	Pricing	50	price	1395149288732	1395149288733	1395149299258	1395149299258	OK	 
ACTION	Pricing	3	price	1395149288845	1395149288845	1395149299368	1395149299369	OK	 
ACTION	Pricing	83	price	1395149288947	1395149288947	1395149299467	1395149299467	OK	 
ACTION	Pricing	59	price	1395149289051	1395149289052	1395149299566	1395149299566	OK	 
ACTION	Pricing	11	price	1395149289149	1395149289150	1395149299658	1395149299672	OK	 
ACTION	Pricing	58	price	1395149289250	1395149289250	1395149299774	1395149299774	OK	 
ACTION	Pricing	77	price	1395149289362	1395149289363	1395149299880	1395149299880	OK	 
ACTION	Pricing	96	price	1395149289470	1395149289471	1395149299982	1395149299982	OK	 
ACTION	Pricing	32	price	1395149289582	1395149289582	1395149300082	1395149300082	OK	 
ACTION	Pricing	60	price	1395149289691	1395149289691	1395149300178	1395149300178	OK	 
ACTION	Pricing	4	price	1395149289805	1395149289806	1395149300302	1395149300303	OK	 
ACTION	Pricing	22	price	1395149289915	1395149289915	1395149300390	1395149300390	OK	 
ACTION	Pricing	66	price	1395149290025	1395149290026	1395149300495	1395149300495	OK	 
ACTION	Pricing	87	price	1395149290142	1395149290143	1395149300598	1395149300599	OK	 
ACTION	Pricing	63	price	1395149290254	1395149290255	1395149300699	1395149300699	OK	 
ACTION	Pricing	54	price	1395149290370	1395149290371	1395149300792	1395149300792	OK	 
ACTION	Pricing	43	price	1395149290486	1395149290488	1395149300891	1395149300891	OK	 
ACTION	Pricing	86	price	1395149290597	1395149290598	1395149300990	1395149300990	OK	 
ACTION	Pricing	23	price	1395149290709	1395149290709	1395149301093	1395149301094	OK	 
ACTION	Pricing	18	price	1395149290833	1395149290833	1395149301196	1395149301196	OK	 
ACTION	Pricing	47	price	1395149290947	1395149290948	1395149301297	1395149301297	OK	 
ACTION	Pricing	64	price	1395149291071	1395149291072	1395149301394	1395149301395	OK	 
ACTION	Pricing	44	price	1395149291188	1395149291189	1395149301489	1395149301490	OK	 
ACTION	Pricing	65	price	1395149291307	1395149291308	1395149301589	1395149301589	OK	 
ACTION	Pricing	81	price	1395149291425	1395149291426	1395149301692	1395149301693	OK	 
SCENARIO	Pricing	81	END	1395149301694
ACTION	Pricing	57	price	1395149291542	1395149291543	1395149301798	1395149301798	OK	 
SCENARIO	Pricing	57	END	1395149301799
ACTION	Pricing	33	price	1395149291658	1395149291659	1395149301900	1395149301901	OK	 
SCENARIO	Pricing	33	END	1395149301902
ACTION	Pricing	6	price	1395149291778	1395149291779	1395149302000	1395149302000	OK	 
SCENARIO	Pricing	6	END	1395149302001
ACTION	Pricing	56	price	1395149291897	1395149291897	1395149302105	1395149302105	OK	 
SCENARIO	Pricing	56	END	1395149302106
ACTION	Pricing	71	price	1395149292012	1395149292013	1395149302205	1395149302206	OK	 
SCENARIO	Pricing	71	END	1395149302206
ACTION	Pricing	26	price	1395149292118	1395149292119	1395149302305	1395149302305	OK	 
SCENARIO	Pricing	26	END	1395149302306
ACTION	Pricing	16	price	1395149292216	1395149292217	1395149302406	1395149302407	OK	 
SCENARIO	Pricing	16	END	1395149302408
ACTION	Pricing	79	price	1395149292314	1395149292314	1395149302524	1395149302524	OK	 
SCENARIO	Pricing	79	END	1395149302525
ACTION	Pricing	76	price	1395149292417	1395149292417	1395149302632	1395149302632	OK	 
SCENARIO	Pricing	76	END	1395149302633
ACTION	Pricing	17	price	1395149292518	1395149292518	1395149302754	1395149302754	OK	 
SCENARIO	Pricing	17	END	1395149302755
ACTION	Pricing	37	price	1395149292617	1395149292617	1395149302872	1395149302872	OK	 
SCENARIO	Pricing	37	END	1395149302873
ACTION	Pricing	78	price	1395149292719	1395149292720	1395149302994	1395149302994	OK	 
SCENARIO	Pricing	78	END	1395149302995
ACTION	Pricing	42	price	1395149292825	1395149292825	1395149303126	1395149303126	OK	 
SCENARIO	Pricing	42	END	1395149303127
ACTION	Pricing	48	price	1395149292937	1395149292938	1395149303255	1395149303256	OK	 
SCENARIO	Pricing	48	END	1395149303257
ACTION	Pricing	49	price	1395149293046	1395149293046	1395149303388	1395149303389	OK	 
SCENARIO	Pricing	49	END	1395149303390
ACTION	Pricing	88	price	1395149293153	1395149293153	1395149303512	1395149303512	OK	 
SCENARIO	Pricing	88	END	1395149303513
ACTION	Pricing	41	price	1395149293251	1395149293251	1395149303606	1395149303606	OK	 
SCENARIO	Pricing	41	END	1395149303607
ACTION	Pricing	1	price	1395149293356	1395149293356	1395149303710	1395149303710	OK	 
SCENARIO	Pricing	1	END	1395149303711
ACTION	Pricing	31	price	1395149293454	1395149293455	1395149303824	1395149303825	OK	 
SCENARIO	Pricing	31	END	1395149303826
ACTION	Pricing	69	price	1395149293556	1395149293557	1395149303936	1395149303937	OK	 
SCENARIO	Pricing	69	END	1395149303938
ACTION	Pricing	10	price	1395149293659	1395149293659	1395149304060	1395149304060	OK	 
SCENARIO	Pricing	10	END	1395149304061
ACTION	Pricing	99	price	1395149293766	1395149293767	1395149304177	1395149304177	OK	 
SCENARIO	Pricing	99	END	1395149304178
ACTION	Pricing	46	price	1395149293870	1395149293871	1395149304297	1395149304297	OK	 
SCENARIO	Pricing	46	END	1395149304298
ACTION	Pricing	93	price	1395149293972	1395149293973	1395149304419	1395149304420	OK	 
SCENARIO	Pricing	93	END	1395149304421
ACTION	Pricing	67	price	1395149294078	1395149294080	1395149304540	1395149304541	OK	 
SCENARIO	Pricing	67	END	1395149304541
ACTION	Pricing	85	price	1395149294173	1395149294173	1395149304639	1395149304640	OK	 
SCENARIO	Pricing	85	END	1395149304640
ACTION	Pricing	91	price	1395149294273	1395149294274	1395149304748	1395149304748	OK	 
SCENARIO	Pricing	91	END	1395149304749
ACTION	Pricing	51	price	1395149294373	1395149294374	1395149304860	1395149304860	OK	 
SCENARIO	Pricing	51	END	1395149304861
ACTION	Pricing	34	price	1395149294475	1395149294475	1395149304972	1395149304972	OK	 
SCENARIO	Pricing	34	END	1395149304973
ACTION	Pricing	95	price	1395149294579	1395149294580	1395149305092	1395149305092	OK	 
SCENARIO	Pricing	95	END	1395149305093
ACTION	Pricing	25	price	1395149294681	1395149294681	1395149305212	1395149305212	OK	 
SCENARIO	Pricing	25	END	1395149305213
ACTION	Pricing	84	price	1395149294785	1395149294786	1395149305324	1395149305325	OK	 
SCENARIO	Pricing	84	END	1395149305326
ACTION	Pricing	72	price	1395149294894	1395149294894	1395149305440	1395149305441	OK	 
SCENARIO	Pricing	72	END	1395149305442
ACTION	Pricing	74	price	1395149294993	1395149294994	1395149305546	1395149305546	OK	 
SCENARIO	Pricing	74	END	1395149305547
ACTION	Pricing	24	price	1395149295106	1395149295106	1395149305655	1395149305655	OK	 
SCENARIO	Pricing	24	END	1395149305656
ACTION	Pricing	29	price	1395149295202	1395149295202	1395149305752	1395149305752	OK	 
SCENARIO	Pricing	29	END	1395149305753
ACTION	Pricing	52	price	1395149295301	1395149295302	1395149305861	1395149305861	OK	 
SCENARIO	Pricing	52	END	1395149305862
ACTION	Pricing	38	price	1395149295396	1395149295396	1395149305965	1395149305966	OK	 
SCENARIO	Pricing	38	END	1395149305967
ACTION	Pricing	13	price	1395149295495	1395149295496	1395149306072	1395149306073	OK	 
SCENARIO	Pricing	13	END	1395149306073
ACTION	Pricing	90	price	1395149295594	1395149295595	1395149306171	1395149306171	OK	 
SCENARIO	Pricing	90	END	1395149306172
ACTION	Pricing	36	price	1395149295688	1395149295689	1395149306278	1395149306278	OK	 
SCENARIO	Pricing	36	END	1395149306279
ACTION	Pricing	35	price	1395149295794	1395149295795	1395149306377	1395149306377	OK	 
SCENARIO	Pricing	35	END	1395149306378
ACTION	Pricing	70	price	1395149295895	1395149295895	1395149306480	1395149306480	OK	 
SCENARIO	Pricing	70	END	1395149306481
ACTION	Pricing	92	price	1395149295988	1395149295988	1395149306576	1395149306576	OK	 
SCENARIO	Pricing	92	END	1395149306577
ACTION	Pricing	55	price	1395149296089	1395149296090	1395149306673	1395149306674	OK	 
SCENARIO	Pricing	55	END	1395149306675
ACTION	Pricing	97	price	1395149296188	1395149296188	1395149306772	1395149306772	OK	 
SCENARIO	Pricing	97	END	1395149306773
ACTION	Pricing	89	price	1395149296287	1395149296287	1395149306873	1395149306873	OK	 
SCENARIO	Pricing	89	END	1395149306874
ACTION	Pricing	15	price	1395149296388	1395149296389	1395149306970	1395149306970	OK	 
SCENARIO	Pricing	15	END	1395149306971
ACTION	Pricing	68	price	1395149296486	1395149296487	1395149307071	1395149307072	OK	 
SCENARIO	Pricing	68	END	1395149307072
ACTION	Pricing	2	price	1395149296582	1395149296583	1395149307176	1395149307177	OK	 
SCENARIO	Pricing	2	END	1395149307178
ACTION	Pricing	45	price	1395149296677	1395149296677	1395149307270	1395149307271	OK	 
SCENARIO	Pricing	45	END	1395149307271
ACTION	Pricing	30	price	1395149296778	1395149296778	1395149307375	1395149307375	OK	 
SCENARIO	Pricing	30	END	1395149307377
ACTION	Pricing	98	price	1395149296878	1395149296879	1395149307479	1395149307479	OK	 
SCENARIO	Pricing	98	END	1395149307480
ACTION	Pricing	9	price	1395149296981	1395149296982	1395149307589	1395149307589	OK	 
SCENARIO	Pricing	9	END	1395149307590
ACTION	Pricing	27	price	1395149297080	1395149297081	1395149307685	1395149307685	OK	 
SCENARIO	Pricing	27	END	1395149307686
ACTION	Pricing	5	price	1395149297182	1395149297182	1395149307797	1395149307797	OK	 
SCENARIO	Pricing	5	END	1395149307798
ACTION	Pricing	7	price	1395149297281	1395149297282	1395149307925	1395149307925	OK	 
SCENARIO	Pricing	7	END	1395149307926
ACTION	Pricing	21	price	1395149297388	1395149297389	1395149308030	1395149308030	OK	 
SCENARIO	Pricing	21	END	1395149308032
ACTION	Pricing	14	price	1395149297492	1395149297493	1395149308129	1395149308129	OK	 
SCENARIO	Pricing	14	END	1395149308130
ACTION	Pricing	28	price	1395149297597	1395149297598	1395149308226	1395149308227	OK	 
SCENARIO	Pricing	28	END	1395149308227
ACTION	Pricing	100	price	1395149297700	1395149297700	1395149308322	1395149308322	OK	 
SCENARIO	Pricing	100	END	1395149308323
ACTION	Pricing	94	price	1395149297807	1395149297808	1395149308421	1395149308421	OK	 
SCENARIO	Pricing	94	END	1395149308422
ACTION	Pricing	62	price	1395149297915	1395149297916	1395149308520	1395149308521	OK	 
SCENARIO	Pricing	62	END	1395149308522
ACTION	Pricing	61	price	1395149298018	1395149298018	1395149308618	1395149308618	OK	 
SCENARIO	Pricing	61	END	1395149308619
ACTION	Pricing	20	price	1395149298122	1395149298122	1395149308727	1395149308727	OK	 
SCENARIO	Pricing	20	END	1395149308728
ACTION	Pricing	53	price	1395149298227	1395149298227	1395149308840	1395149308841	OK	 
SCENARIO	Pricing	53	END	1395149308842
ACTION	Pricing	82	price	1395149298333	1395149298334	1395149308952	1395149308952	OK	 
SCENARIO	Pricing	82	END	1395149308953
ACTION	Pricing	39	price	1395149298436	1395149298436	1395149309062	1395149309062	OK	 
SCENARIO	Pricing	39	END	1395149309063
ACTION	Pricing	73	price	1395149298535	1395149298535	1395149309167	1395149309167	OK	 
SCENARIO	Pricing	73	END	1395149309168
ACTION	Pricing	40	price	1395149298635	1395149298636	1395149309263	1395149309263	OK	 
SCENARIO	Pricing	40	END	1395149309265
ACTION	Pricing	8	price	1395149298741	1395149298741	1395149309362	1395149309363	OK	 
SCENARIO	Pricing	8	END	1395149309363
ACTION	Pricing	12	price	1395149298842	1395149298843	1395149309463	1395149309463	OK	 
SCENARIO	Pricing	12	END	1395149309464
ACTION	Pricing	75	price	1395149298941	1395149298941	1395149309572	1395149309572	OK	 
SCENARIO	Pricing	75	END	1395149309573
ACTION	Pricing	80	price	1395149299043	1395149299043	1395149309681	1395149309681	OK	 
SCENARIO	Pricing	80	END	1395149309682
ACTION	Pricing	19	price	1395149299147	1395149299148	1395149309789	1395149309789	OK	 
SCENARIO	Pricing	19	END	1395149309790
ACTION	Pricing	50	price	1395149299260	1395149299260	1395149309891	1395149309891	OK	 
SCENARIO	Pricing	50	END	1395149309892
ACTION	Pricing	3	price	1395149299371	1395149299371	1395149310013	1395149310013	OK	 
SCENARIO	Pricing	3	END	1395149310014
ACTION	Pricing	83	price	1395149299469	1395149299469	1395149310122	1395149310122	OK	 
SCENARIO	Pricing	83	END	1395149310123
ACTION	Pricing	59	price	1395149299568	1395149299569	1395149310227	1395149310227	OK	 
SCENARIO	Pricing	59	END	1395149310228
ACTION	Pricing	11	price	1395149299674	1395149299675	1395149310322	1395149310322	OK	 
SCENARIO	Pricing	11	END	1395149310323
ACTION	Pricing	58	price	1395149299776	1395149299776	1395149310418	1395149310419	OK	 
SCENARIO	Pricing	58	END	1395149310419
ACTION	Pricing	77	price	1395149299882	1395149299882	1395149310514	1395149310515	OK	 
SCENARIO	Pricing	77	END	1395149310515
ACTION	Pricing	96	price	1395149299984	1395149299984	1395149310612	1395149310612	OK	 
SCENARIO	Pricing	96	END	1395149310613
ACTION	Pricing	32	price	1395149300084	1395149300084	1395149310714	1395149310714	OK	 
SCENARIO	Pricing	32	END	1395149310715
ACTION	Pricing	60	price	1395149300180	1395149300180	1395149310820	1395149310820	OK	 
SCENARIO	Pricing	60	END	1395149310821
ACTION	Pricing	4	price	1395149300304	1395149300305	1395149310918	1395149310918	OK	 
SCENARIO	Pricing	4	END	1395149310919
ACTION	Pricing	22	price	1395149300392	1395149300393	1395149311040	1395149311040	OK	 
SCENARIO	Pricing	22	END	1395149311041
ACTION	Pricing	66	price	1395149300497	1395149300498	1395149311151	1395149311151	OK	 
SCENARIO	Pricing	66	END	1395149311152
ACTION	Pricing	87	price	1395149300600	1395149300601	1395149311254	1395149311255	OK	 
SCENARIO	Pricing	87	END	1395149311255
ACTION	Pricing	63	price	1395149300701	1395149300701	1395149311353	1395149311353	OK	 
SCENARIO	Pricing	63	END	1395149311354
ACTION	Pricing	54	price	1395149300793	1395149300794	1395149311451	1395149311451	OK	 
SCENARIO	Pricing	54	END	1395149311452
ACTION	Pricing	43	price	1395149300893	1395149300893	1395149311549	1395149311549	OK	 
SCENARIO	Pricing	43	END	1395149311550
ACTION	Pricing	86	price	1395149300992	1395149300993	1395149311651	1395149311651	OK	 
SCENARIO	Pricing	86	END	1395149311652
ACTION	Pricing	23	price	1395149301095	1395149301096	1395149311753	1395149311753	OK	 
SCENARIO	Pricing	23	END	1395149311754
ACTION	Pricing	18	price	1395149301198	1395149301198	1395149311852	1395149311853	OK	 
SCENARIO	Pricing	18	END	1395149311853
ACTION	Pricing	47	price	1395149301299	1395149301299	1395149311952	1395149311953	OK	 
SCENARIO	Pricing	47	END	1395149311953
ACTION	Pricing	64	price	1395149301396	1395149301397	1395149312071	1395149312072	OK	 
SCENARIO	Pricing	64	END	1395149312073
ACTION	Pricing	44	price	1395149301492	1395149301492	1395149312172	1395149312173	OK	 
SCENARIO	Pricing	44	END	1395149312174
ACTION	Pricing	65	price	1395149301591	1395149301592	1395149312267	1395149312267	OK	 
SCENARIO	Pricing	65	END	1395149312268
