RUN	20131028221151	pricingsimulation	pricingsimulation
SCENARIO	Pricing	9	START	1383012712289
SCENARIO	Pricing	40	START	1383012712289
SCENARIO	Pricing	93	START	1383012712289
SCENARIO	Pricing	13	START	1383012712289
SCENARIO	Pricing	46	START	1383012712289
SCENARIO	Pricing	91	START	1383012712290
SCENARIO	Pricing	22	START	1383012712290
SCENARIO	Pricing	95	START	1383012712290
SCENARIO	Pricing	83	START	1383012712291
SCENARIO	Pricing	87	START	1383012712291
SCENARIO	Pricing	53	START	1383012712291
SCENARIO	Pricing	1	START	1383012712291
SCENARIO	Pricing	10	START	1383012712291
SCENARIO	Pricing	86	START	1383012712291
SCENARIO	Pricing	29	START	1383012712291
SCENARIO	Pricing	90	START	1383012712291
SCENARIO	Pricing	94	START	1383012712291
SCENARIO	Pricing	98	START	1383012712291
SCENARIO	Pricing	96	START	1383012712291
SCENARIO	Pricing	67	START	1383012712291
SCENARIO	Pricing	51	START	1383012712292
SCENARIO	Pricing	66	START	1383012712292
SCENARIO	Pricing	50	START	1383012712292
SCENARIO	Pricing	59	START	1383012712292
SCENARIO	Pricing	97	START	1383012712292
SCENARIO	Pricing	2	START	1383012712292
SCENARIO	Pricing	24	START	1383012712292
SCENARIO	Pricing	61	START	1383012712292
SCENARIO	Pricing	65	START	1383012712292
SCENARIO	Pricing	70	START	1383012712292
SCENARIO	Pricing	74	START	1383012712292
SCENARIO	Pricing	88	START	1383012712292
SCENARIO	Pricing	11	START	1383012712292
SCENARIO	Pricing	20	START	1383012712292
SCENARIO	Pricing	33	START	1383012712292
SCENARIO	Pricing	7	START	1383012712292
SCENARIO	Pricing	47	START	1383012712292
SCENARIO	Pricing	52	START	1383012712292
SCENARIO	Pricing	43	START	1383012712292
SCENARIO	Pricing	64	START	1383012712292
SCENARIO	Pricing	16	START	1383012712293
SCENARIO	Pricing	69	START	1383012712293
SCENARIO	Pricing	89	START	1383012712293
SCENARIO	Pricing	25	START	1383012712293
SCENARIO	Pricing	26	START	1383012712293
SCENARIO	Pricing	36	START	1383012712294
SCENARIO	Pricing	35	START	1383012712294
SCENARIO	Pricing	30	START	1383012712294
SCENARIO	Pricing	68	START	1383012712294
SCENARIO	Pricing	17	START	1383012712294
SCENARIO	Pricing	37	START	1383012712294
SCENARIO	Pricing	92	START	1383012712294
SCENARIO	Pricing	27	START	1383012712295
SCENARIO	Pricing	31	START	1383012712295
SCENARIO	Pricing	4	START	1383012712295
SCENARIO	Pricing	76	START	1383012712296
SCENARIO	Pricing	34	START	1383012712296
SCENARIO	Pricing	56	START	1383012712296
SCENARIO	Pricing	49	START	1383012712296
SCENARIO	Pricing	79	START	1383012712296
SCENARIO	Pricing	48	START	1383012712296
SCENARIO	Pricing	72	START	1383012712296
SCENARIO	Pricing	21	START	1383012712296
SCENARIO	Pricing	82	START	1383012712296
SCENARIO	Pricing	3	START	1383012712296
SCENARIO	Pricing	55	START	1383012712297
SCENARIO	Pricing	62	START	1383012712297
SCENARIO	Pricing	77	START	1383012712297
SCENARIO	Pricing	42	START	1383012712297
SCENARIO	Pricing	38	START	1383012712297
SCENARIO	Pricing	15	START	1383012712297
SCENARIO	Pricing	28	START	1383012712297
SCENARIO	Pricing	44	START	1383012712297
SCENARIO	Pricing	39	START	1383012712297
SCENARIO	Pricing	54	START	1383012712297
SCENARIO	Pricing	32	START	1383012712297
SCENARIO	Pricing	18	START	1383012712297
SCENARIO	Pricing	57	START	1383012712297
SCENARIO	Pricing	73	START	1383012712297
SCENARIO	Pricing	5	START	1383012712297
SCENARIO	Pricing	8	START	1383012712297
SCENARIO	Pricing	41	START	1383012712297
SCENARIO	Pricing	99	START	1383012712297
SCENARIO	Pricing	23	START	1383012712297
SCENARIO	Pricing	81	START	1383012712297
SCENARIO	Pricing	84	START	1383012712297
SCENARIO	Pricing	19	START	1383012712297
SCENARIO	Pricing	78	START	1383012712297
SCENARIO	Pricing	63	START	1383012712297
SCENARIO	Pricing	71	START	1383012712297
SCENARIO	Pricing	85	START	1383012712298
SCENARIO	Pricing	14	START	1383012712298
SCENARIO	Pricing	100	START	1383012712298
SCENARIO	Pricing	58	START	1383012712298
SCENARIO	Pricing	80	START	1383012712298
SCENARIO	Pricing	6	START	1383012712298
SCENARIO	Pricing	45	START	1383012712298
SCENARIO	Pricing	12	START	1383012712298
SCENARIO	Pricing	60	START	1383012712298
SCENARIO	Pricing	75	START	1383012712298
ACTION	Pricing	9	price	1383012712316	1383012712321	1383012712642	1383012712647	OK	 
ACTION	Pricing	40	price	1383012712316	1383012712321	1383012712889	1383012712889	OK	 
ACTION	Pricing	93	price	1383012712314	1383012712322	1383012713109	1383012713109	OK	 
ACTION	Pricing	13	price	1383012712325	1383012712346	1383012713383	1383012713383	OK	 
ACTION	Pricing	46	price	1383012712326	1383012712346	1383012713644	1383012713644	OK	 
ACTION	Pricing	22	price	1383012712329	1383012712348	1383012714042	1383012714043	OK	 
ACTION	Pricing	91	price	1383012712328	1383012712347	1383012714191	1383012714192	OK	 
ACTION	Pricing	95	price	1383012712345	1383012712358	1383012714352	1383012714352	OK	 
ACTION	Pricing	83	price	1383012712346	1383012712358	1383012714631	1383012714632	OK	 
ACTION	Pricing	87	price	1383012712346	1383012712367	1383012714904	1383012714905	OK	 
ACTION	Pricing	1	price	1383012712350	1383012712368	1383012715080	1383012715080	OK	 
ACTION	Pricing	53	price	1383012712346	1383012712368	1383012715341	1383012715341	OK	 
ACTION	Pricing	10	price	1383012712356	1383012712370	1383012715502	1383012715503	OK	 
ACTION	Pricing	86	price	1383012712367	1383012712386	1383012715714	1383012715714	OK	 
ACTION	Pricing	94	price	1383012712390	1383012712405	1383012715972	1383012715972	OK	 
ACTION	Pricing	98	price	1383012712390	1383012712405	1383012716200	1383012716200	OK	 
ACTION	Pricing	66	price	1383012712393	1383012712408	1383012716445	1383012716445	OK	 
ACTION	Pricing	29	price	1383012712386	1383012712405	1383012716662	1383012716663	OK	 
ACTION	Pricing	90	price	1383012712390	1383012712406	1383012716880	1383012716880	OK	 
ACTION	Pricing	67	price	1383012712392	1383012712407	1383012717066	1383012717066	OK	 
ACTION	Pricing	59	price	1383012712395	1383012712407	1383012717272	1383012717273	OK	 
ACTION	Pricing	50	price	1383012712394	1383012712409	1383012717550	1383012717551	OK	 
ACTION	Pricing	61	price	1383012712399	1383012712407	1383012717819	1383012717819	OK	 
ACTION	Pricing	2	price	1383012712397	1383012712408	1383012718100	1383012718100	OK	 
ACTION	Pricing	96	price	1383012712390	1383012712409	1383012718258	1383012718259	OK	 
ACTION	Pricing	65	price	1383012712399	1383012712411	1383012718503	1383012718503	OK	 
ACTION	Pricing	24	price	1383012712398	1383012712410	1383012718771	1383012718772	OK	 
ACTION	Pricing	51	price	1383012712393	1383012712410	1383012718890	1383012718890	OK	 
ACTION	Pricing	97	price	1383012712396	1383012712411	1383012719076	1383012719076	OK	 
ACTION	Pricing	70	price	1383012712400	1383012712408	1383012719287	1383012719287	OK	 
ACTION	Pricing	74	price	1383012712401	1383012712410	1383012719470	1383012719470	OK	 
ACTION	Pricing	88	price	1383012712402	1383012712409	1383012719654	1383012719654	OK	 
ACTION	Pricing	11	price	1383012712402	1383012712411	1383012719874	1383012719875	OK	 
ACTION	Pricing	20	price	1383012712404	1383012712409	1383012720067	1383012720067	OK	 
ACTION	Pricing	33	price	1383012712412	1383012712416	1383012720286	1383012720286	OK	 
ACTION	Pricing	7	price	1383012712413	1383012712416	1383012720510	1383012720510	OK	 
ACTION	Pricing	47	price	1383012712414	1383012712416	1383012720713	1383012720713	OK	 
ACTION	Pricing	43	price	1383012712418	1383012712422	1383012720970	1383012720971	OK	 
ACTION	Pricing	52	price	1383012712417	1383012712419	1383012721238	1383012721238	OK	 
ACTION	Pricing	64	price	1383012712420	1383012712424	1383012721459	1383012721459	OK	 
ACTION	Pricing	16	price	1383012712423	1383012712425	1383012721726	1383012721727	OK	 
ACTION	Pricing	69	price	1383012712426	1383012712437	1383012721894	1383012721895	OK	 
ACTION	Pricing	89	price	1383012712427	1383012712438	1383012722165	1383012722166	OK	 
ACTION	Pricing	25	price	1383012712429	1383012712438	1383012722320	1383012722321	OK	 
ACTION	Pricing	26	price	1383012712431	1383012712439	1383012722523	1383012722523	OK	 
ACTION	Pricing	36	price	1383012712432	1383012712440	1383012722794	1383012722794	OK	 
ACTION	Pricing	30	price	1383012712437	1383012712441	1383012722990	1383012722990	OK	 
ACTION	Pricing	35	price	1383012712433	1383012712441	1383012723194	1383012723194	OK	 
ACTION	Pricing	68	price	1383012712440	1383012712457	1383012723404	1383012723404	OK	 
ACTION	Pricing	17	price	1383012712451	1383012712457	1383012723645	1383012723645	OK	 
ACTION	Pricing	37	price	1383012712452	1383012712458	1383012723906	1383012723907	OK	 
ACTION	Pricing	92	price	1383012712452	1383012712459	1383012724216	1383012724216	OK	 
ACTION	Pricing	27	price	1383012712453	1383012712460	1383012724478	1383012724478	OK	 
ACTION	Pricing	31	price	1383012712454	1383012712460	1383012724645	1383012724645	OK	 
ACTION	Pricing	4	price	1383012712454	1383012712458	1383012724842	1383012724842	OK	 
ACTION	Pricing	76	price	1383012712455	1383012712459	1383012725042	1383012725042	OK	 
ACTION	Pricing	34	price	1383012712460	1383012712462	1383012725242	1383012725242	OK	 
ACTION	Pricing	49	price	1383012712463	1383012712465	1383012725501	1383012725502	OK	 
ACTION	Pricing	56	price	1383012712462	1383012712465	1383012725770	1383012725770	OK	 
ACTION	Pricing	79	price	1383012712464	1383012712467	1383012726021	1383012726022	OK	 
ACTION	Pricing	48	price	1383012712467	1383012712469	1383012726190	1383012726191	OK	 
ACTION	Pricing	72	price	1383012712468	1383012712474	1383012726395	1383012726395	OK	 
ACTION	Pricing	82	price	1383012712475	1383012712476	1383012726595	1383012726596	OK	 
ACTION	Pricing	21	price	1383012712473	1383012712476	1383012726817	1383012726818	OK	 
ACTION	Pricing	3	price	1383012712476	1383012712478	1383012727018	1383012727018	OK	 
ACTION	Pricing	55	price	1383012712477	1383012712478	1383012727296	1383012727296	OK	 
ACTION	Pricing	62	price	1383012712479	1383012712480	1383012727567	1383012727567	OK	 
ACTION	Pricing	42	price	1383012712481	1383012712483	1383012727845	1383012727845	OK	 
ACTION	Pricing	38	price	1383012712482	1383012712484	1383012728058	1383012728058	OK	 
ACTION	Pricing	15	price	1383012712484	1383012712486	1383012728212	1383012728213	OK	 
ACTION	Pricing	28	price	1383012712485	1383012712487	1383012728410	1383012728411	OK	 
ACTION	Pricing	44	price	1383012712487	1383012712488	1383012728641	1383012728641	OK	 
ACTION	Pricing	77	price	1383012712480	1383012712483	1383012728843	1383012728843	OK	 
ACTION	Pricing	39	price	1383012712488	1383012712489	1383012729044	1383012729044	OK	 
ACTION	Pricing	54	price	1383012712490	1383012712492	1383012729241	1383012729242	OK	 
ACTION	Pricing	32	price	1383012712491	1383012712493	1383012729442	1383012729443	OK	 
ACTION	Pricing	57	price	1383012712498	1383012712500	1383012729701	1383012729701	OK	 
ACTION	Pricing	5	price	1383012712500	1383012712503	1383012729959	1383012729960	OK	 
ACTION	Pricing	18	price	1383012712497	1383012712500	1383012730246	1383012730246	OK	 
ACTION	Pricing	73	price	1383012712499	1383012712505	1383012730389	1383012730389	OK	 
ACTION	Pricing	8	price	1383012712501	1383012712504	1383012730589	1383012730590	OK	 
ACTION	Pricing	99	price	1383012712505	1383012712510	1383012730785	1383012730785	OK	 
ACTION	Pricing	41	price	1383012712503	1383012712506	1383012730979	1383012730980	OK	 
ACTION	Pricing	23	price	1383012712506	1383012712510	1383012731168	1383012731168	OK	 
ACTION	Pricing	84	price	1383012712510	1383012712511	1383012731395	1383012731395	OK	 
ACTION	Pricing	19	price	1383012712510	1383012712512	1383012731627	1383012731627	OK	 
ACTION	Pricing	81	price	1383012712508	1383012712513	1383012731832	1383012731832	OK	 
ACTION	Pricing	71	price	1383012712512	1383012712515	1383012732297	1383012732298	OK	 
ACTION	Pricing	63	price	1383012712512	1383012712514	1383012732298	1383012732298	OK	 
ACTION	Pricing	78	price	1383012712511	1383012712514	1383012732582	1383012732582	OK	 
ACTION	Pricing	85	price	1383012712513	1383012712517	1383012732733	1383012732734	OK	 
ACTION	Pricing	14	price	1383012712515	1383012712516	1383012732935	1383012732936	OK	 
ACTION	Pricing	58	price	1383012712517	1383012712519	1383012733129	1383012733129	OK	 
ACTION	Pricing	100	price	1383012712517	1383012712518	1383012733363	1383012733363	OK	 
ACTION	Pricing	80	price	1383012712519	1383012712521	1383012733643	1383012733643	OK	 
ACTION	Pricing	6	price	1383012712520	1383012712523	1383012733880	1383012733880	OK	 
ACTION	Pricing	45	price	1383012712521	1383012712524	1383012734156	1383012734157	OK	 
ACTION	Pricing	12	price	1383012712522	1383012712524	1383012734277	1383012734277	OK	 
ACTION	Pricing	60	price	1383012712523	1383012712526	1383012734471	1383012734471	OK	 
ACTION	Pricing	75	price	1383012712525	1383012712526	1383012734674	1383012734674	OK	 
ACTION	Pricing	9	price	1383012712692	1383012712693	1383012734883	1383012734884	OK	 
ACTION	Pricing	40	price	1383012712891	1383012712892	1383012735072	1383012735073	OK	 
ACTION	Pricing	93	price	1383012713111	1383012713111	1383012735305	1383012735305	OK	 
ACTION	Pricing	13	price	1383012713385	1383012713385	1383012735531	1383012735532	OK	 
ACTION	Pricing	46	price	1383012713646	1383012713647	1383012735736	1383012735736	OK	 
ACTION	Pricing	22	price	1383012714044	1383012714045	1383012735933	1383012735933	OK	 
ACTION	Pricing	91	price	1383012714193	1383012714194	1383012736177	1383012736177	OK	 
ACTION	Pricing	95	price	1383012714356	1383012714356	1383012736475	1383012736476	OK	 
ACTION	Pricing	83	price	1383012714636	1383012714636	1383012736704	1383012736704	OK	 
ACTION	Pricing	87	price	1383012714906	1383012714907	1383012736862	1383012736862	OK	 
ACTION	Pricing	1	price	1383012715082	1383012715082	1383012737092	1383012737093	OK	 
ACTION	Pricing	53	price	1383012715343	1383012715344	1383012737319	1383012737319	OK	 
ACTION	Pricing	10	price	1383012715504	1383012715505	1383012737502	1383012737502	OK	 
ACTION	Pricing	86	price	1383012715716	1383012715716	1383012737757	1383012737757	OK	 
ACTION	Pricing	94	price	1383012715977	1383012715978	1383012737952	1383012737952	OK	 
ACTION	Pricing	98	price	1383012716202	1383012716203	1383012738155	1383012738155	OK	 
ACTION	Pricing	66	price	1383012716449	1383012716449	1383012738356	1383012738356	OK	 
ACTION	Pricing	29	price	1383012716664	1383012716665	1383012738547	1383012738547	OK	 
ACTION	Pricing	90	price	1383012716882	1383012716882	1383012738750	1383012738750	OK	 
ACTION	Pricing	67	price	1383012717068	1383012717069	1383012738964	1383012738964	OK	 
ACTION	Pricing	59	price	1383012717274	1383012717276	1383012739168	1383012739168	OK	 
ACTION	Pricing	50	price	1383012717552	1383012717553	1383012739365	1383012739365	OK	 
ACTION	Pricing	61	price	1383012717820	1383012717821	1383012739558	1383012739558	OK	 
ACTION	Pricing	2	price	1383012718106	1383012718106	1383012739757	1383012739757	OK	 
ACTION	Pricing	96	price	1383012718263	1383012718264	1383012739963	1383012739963	OK	 
ACTION	Pricing	65	price	1383012718508	1383012718508	1383012740186	1383012740187	OK	 
ACTION	Pricing	24	price	1383012718773	1383012718774	1383012740389	1383012740390	OK	 
ACTION	Pricing	51	price	1383012718899	1383012718900	1383012740591	1383012740591	OK	 
ACTION	Pricing	97	price	1383012719078	1383012719079	1383012740792	1383012740792	OK	 
ACTION	Pricing	70	price	1383012719289	1383012719290	1383012741012	1383012741013	OK	 
ACTION	Pricing	74	price	1383012719472	1383012719473	1383012741276	1383012741277	OK	 
ACTION	Pricing	88	price	1383012719655	1383012719656	1383012741496	1383012741496	OK	 
ACTION	Pricing	11	price	1383012719876	1383012719877	1383012741772	1383012741772	OK	 
ACTION	Pricing	20	price	1383012720068	1383012720069	1383012742004	1383012742005	OK	 
ACTION	Pricing	33	price	1383012720292	1383012720292	1383012742284	1383012742284	OK	 
ACTION	Pricing	7	price	1383012720512	1383012720512	1383012742488	1383012742488	OK	 
SCENARIO	Pricing	7	END	1383012742489
ACTION	Pricing	47	price	1383012720719	1383012720720	1383012742662	1383012742662	OK	 
SCENARIO	Pricing	47	END	1383012742663
ACTION	Pricing	43	price	1383012720972	1383012720972	1383012742866	1383012742867	OK	 
SCENARIO	Pricing	43	END	1383012742868
ACTION	Pricing	52	price	1383012721240	1383012721241	1383012743064	1383012743064	OK	 
SCENARIO	Pricing	52	END	1383012743065
ACTION	Pricing	64	price	1383012721460	1383012721462	1383012743258	1383012743258	OK	 
SCENARIO	Pricing	64	END	1383012743259
ACTION	Pricing	16	price	1383012721728	1383012721729	1383012743472	1383012743472	OK	 
SCENARIO	Pricing	16	END	1383012743473
ACTION	Pricing	69	price	1383012721896	1383012721896	1383012743755	1383012743755	OK	 
SCENARIO	Pricing	69	END	1383012743756
ACTION	Pricing	89	price	1383012722167	1383012722168	1383012744038	1383012744038	OK	 
SCENARIO	Pricing	89	END	1383012744039
ACTION	Pricing	25	price	1383012722322	1383012722323	1383012744251	1383012744252	OK	 
SCENARIO	Pricing	25	END	1383012744252
ACTION	Pricing	26	price	1383012722525	1383012722525	1383012744485	1383012744485	OK	 
SCENARIO	Pricing	26	END	1383012744486
ACTION	Pricing	36	price	1383012722796	1383012722796	1383012744706	1383012744706	OK	 
SCENARIO	Pricing	36	END	1383012744707
ACTION	Pricing	30	price	1383012722992	1383012722992	1383012744906	1383012744906	OK	 
SCENARIO	Pricing	30	END	1383012744907
ACTION	Pricing	35	price	1383012723196	1383012723196	1383012745106	1383012745106	OK	 
SCENARIO	Pricing	35	END	1383012745107
ACTION	Pricing	68	price	1383012723405	1383012723406	1383012745352	1383012745353	OK	 
SCENARIO	Pricing	68	END	1383012745353
ACTION	Pricing	17	price	1383012723646	1383012723647	1383012745572	1383012745573	OK	 
SCENARIO	Pricing	17	END	1383012745573
ACTION	Pricing	37	price	1383012723908	1383012723908	1383012745818	1383012745818	OK	 
SCENARIO	Pricing	37	END	1383012745819
ACTION	Pricing	92	price	1383012724218	1383012724218	1383012746098	1383012746099	OK	 
SCENARIO	Pricing	92	END	1383012746099
ACTION	Pricing	27	price	1383012724480	1383012724480	1383012746336	1383012746336	OK	 
SCENARIO	Pricing	27	END	1383012746337
ACTION	Pricing	31	price	1383012724647	1383012724647	1383012746512	1383012746512	OK	 
SCENARIO	Pricing	31	END	1383012746513
ACTION	Pricing	4	price	1383012724843	1383012724844	1383012746708	1383012746709	OK	 
SCENARIO	Pricing	4	END	1383012746709
ACTION	Pricing	76	price	1383012725043	1383012725044	1383012746919	1383012746920	OK	 
SCENARIO	Pricing	76	END	1383012746920
ACTION	Pricing	34	price	1383012725243	1383012725244	1383012747110	1383012747110	OK	 
SCENARIO	Pricing	34	END	1383012747111
ACTION	Pricing	49	price	1383012725503	1383012725504	1383012747324	1383012747324	OK	 
SCENARIO	Pricing	49	END	1383012747325
ACTION	Pricing	56	price	1383012725771	1383012725772	1383012747581	1383012747582	OK	 
SCENARIO	Pricing	56	END	1383012747582
ACTION	Pricing	79	price	1383012726023	1383012726024	1383012747865	1383012747865	OK	 
SCENARIO	Pricing	79	END	1383012747866
ACTION	Pricing	48	price	1383012726192	1383012726192	1383012748003	1383012748003	OK	 
SCENARIO	Pricing	48	END	1383012748004
ACTION	Pricing	72	price	1383012726396	1383012726397	1383012748221	1383012748222	OK	 
SCENARIO	Pricing	72	END	1383012748224
ACTION	Pricing	82	price	1383012726597	1383012726597	1383012748495	1383012748495	OK	 
SCENARIO	Pricing	82	END	1383012748496
ACTION	Pricing	21	price	1383012726819	1383012726819	1383012748775	1383012748775	OK	 
SCENARIO	Pricing	21	END	1383012748777
ACTION	Pricing	3	price	1383012727020	1383012727020	1383012748948	1383012748948	OK	 
SCENARIO	Pricing	3	END	1383012748948
ACTION	Pricing	55	price	1383012727298	1383012727298	1383012749225	1383012749225	OK	 
SCENARIO	Pricing	55	END	1383012749226
ACTION	Pricing	62	price	1383012727569	1383012727569	1383012749431	1383012749431	OK	 
SCENARIO	Pricing	62	END	1383012749432
ACTION	Pricing	42	price	1383012727846	1383012727847	1383012749703	1383012749703	OK	 
SCENARIO	Pricing	42	END	1383012749704
ACTION	Pricing	38	price	1383012728059	1383012728060	1383012749887	1383012749888	OK	 
SCENARIO	Pricing	38	END	1383012749888
ACTION	Pricing	15	price	1383012728216	1383012728217	1383012750169	1383012750169	OK	 
SCENARIO	Pricing	15	END	1383012750170
ACTION	Pricing	28	price	1383012728412	1383012728412	1383012750342	1383012750342	OK	 
SCENARIO	Pricing	28	END	1383012750343
ACTION	Pricing	44	price	1383012728643	1383012728643	1383012750589	1383012750590	OK	 
SCENARIO	Pricing	44	END	1383012750590
ACTION	Pricing	77	price	1383012728845	1383012728847	1383012750810	1383012750810	OK	 
SCENARIO	Pricing	77	END	1383012750811
ACTION	Pricing	39	price	1383012729046	1383012729046	1383012751053	1383012751054	OK	 
SCENARIO	Pricing	39	END	1383012751054
ACTION	Pricing	54	price	1383012729243	1383012729244	1383012751304	1383012751304	OK	 
SCENARIO	Pricing	54	END	1383012751305
ACTION	Pricing	32	price	1383012729444	1383012729444	1383012751458	1383012751458	OK	 
SCENARIO	Pricing	32	END	1383012751459
ACTION	Pricing	57	price	1383012729703	1383012729703	1383012751648	1383012751648	OK	 
SCENARIO	Pricing	57	END	1383012751649
ACTION	Pricing	5	price	1383012729961	1383012729961	1383012751909	1383012751910	OK	 
SCENARIO	Pricing	5	END	1383012751910
ACTION	Pricing	18	price	1383012730247	1383012730248	1383012752046	1383012752046	OK	 
SCENARIO	Pricing	18	END	1383012752047
ACTION	Pricing	73	price	1383012730390	1383012730391	1383012752270	1383012752270	OK	 
SCENARIO	Pricing	73	END	1383012752271
ACTION	Pricing	8	price	1383012730592	1383012730593	1383012752502	1383012752503	OK	 
SCENARIO	Pricing	8	END	1383012752503
ACTION	Pricing	99	price	1383012730787	1383012730787	1383012752689	1383012752690	OK	 
SCENARIO	Pricing	99	END	1383012752690
ACTION	Pricing	41	price	1383012730981	1383012730981	1383012752905	1383012752905	OK	 
SCENARIO	Pricing	41	END	1383012752906
ACTION	Pricing	23	price	1383012731170	1383012731171	1383012753141	1383012753141	OK	 
SCENARIO	Pricing	23	END	1383012753142
ACTION	Pricing	84	price	1383012731397	1383012731398	1383012753383	1383012753384	OK	 
SCENARIO	Pricing	84	END	1383012753384
ACTION	Pricing	19	price	1383012731629	1383012731629	1383012753616	1383012753617	OK	 
SCENARIO	Pricing	19	END	1383012753617
ACTION	Pricing	81	price	1383012731833	1383012731833	1383012753879	1383012753880	OK	 
SCENARIO	Pricing	81	END	1383012753880
ACTION	Pricing	71	price	1383012732299	1383012732299	1383012754085	1383012754086	OK	 
SCENARIO	Pricing	71	END	1383012754086
ACTION	Pricing	63	price	1383012732300	1383012732300	1383012754286	1383012754286	OK	 
SCENARIO	Pricing	63	END	1383012754287
ACTION	Pricing	78	price	1383012732583	1383012732584	1383012754553	1383012754554	OK	 
SCENARIO	Pricing	78	END	1383012754554
ACTION	Pricing	85	price	1383012732735	1383012732736	1383012754833	1383012754833	OK	 
SCENARIO	Pricing	85	END	1383012754834
ACTION	Pricing	14	price	1383012732937	1383012732938	1383012754965	1383012754966	OK	 
SCENARIO	Pricing	14	END	1383012754966
ACTION	Pricing	58	price	1383012733130	1383012733131	1383012755189	1383012755190	OK	 
SCENARIO	Pricing	58	END	1383012755190
ACTION	Pricing	100	price	1383012733365	1383012733365	1383012755399	1383012755399	OK	 
SCENARIO	Pricing	100	END	1383012755400
ACTION	Pricing	80	price	1383012733645	1383012733645	1383012755661	1383012755662	OK	 
SCENARIO	Pricing	80	END	1383012755662
ACTION	Pricing	6	price	1383012733882	1383012733882	1383012755928	1383012755928	OK	 
SCENARIO	Pricing	6	END	1383012755929
ACTION	Pricing	45	price	1383012734158	1383012734158	1383012756206	1383012756206	OK	 
SCENARIO	Pricing	45	END	1383012756207
ACTION	Pricing	12	price	1383012734278	1383012734279	1383012756463	1383012756463	OK	 
SCENARIO	Pricing	12	END	1383012756463
ACTION	Pricing	60	price	1383012734473	1383012734473	1383012756591	1383012756591	OK	 
SCENARIO	Pricing	60	END	1383012756592
ACTION	Pricing	75	price	1383012734675	1383012734676	1383012756784	1383012756784	OK	 
SCENARIO	Pricing	75	END	1383012756784
ACTION	Pricing	9	price	1383012734885	1383012734885	1383012757003	1383012757004	OK	 
SCENARIO	Pricing	9	END	1383012757004
ACTION	Pricing	40	price	1383012735074	1383012735074	1383012757268	1383012757268	OK	 
SCENARIO	Pricing	40	END	1383012757269
ACTION	Pricing	93	price	1383012735307	1383012735307	1383012757542	1383012757542	OK	 
SCENARIO	Pricing	93	END	1383012757542
ACTION	Pricing	13	price	1383012735533	1383012735533	1383012757780	1383012757780	OK	 
SCENARIO	Pricing	13	END	1383012757781
ACTION	Pricing	46	price	1383012735738	1383012735738	1383012758059	1383012758059	OK	 
SCENARIO	Pricing	46	END	1383012758059
ACTION	Pricing	22	price	1383012735935	1383012735935	1383012758226	1383012758226	OK	 
SCENARIO	Pricing	22	END	1383012758227
ACTION	Pricing	91	price	1383012736178	1383012736179	1383012758506	1383012758507	OK	 
SCENARIO	Pricing	91	END	1383012758507
ACTION	Pricing	95	price	1383012736477	1383012736478	1383012758686	1383012758687	OK	 
SCENARIO	Pricing	95	END	1383012758687
ACTION	Pricing	83	price	1383012736705	1383012736706	1383012758938	1383012758938	OK	 
SCENARIO	Pricing	83	END	1383012758939
ACTION	Pricing	87	price	1383012736864	1383012736864	1383012759123	1383012759123	OK	 
SCENARIO	Pricing	87	END	1383012759124
ACTION	Pricing	1	price	1383012737094	1383012737094	1383012759320	1383012759320	OK	 
SCENARIO	Pricing	1	END	1383012759321
ACTION	Pricing	53	price	1383012737320	1383012737321	1383012759526	1383012759526	OK	 
SCENARIO	Pricing	53	END	1383012759527
ACTION	Pricing	10	price	1383012737504	1383012737504	1383012759777	1383012759777	OK	 
SCENARIO	Pricing	10	END	1383012759778
ACTION	Pricing	86	price	1383012737759	1383012737760	1383012760043	1383012760044	OK	 
SCENARIO	Pricing	86	END	1383012760044
ACTION	Pricing	94	price	1383012737954	1383012737954	1383012760300	1383012760300	OK	 
SCENARIO	Pricing	94	END	1383012760301
ACTION	Pricing	98	price	1383012738156	1383012738157	1383012760491	1383012760492	OK	 
SCENARIO	Pricing	98	END	1383012760492
ACTION	Pricing	66	price	1383012738357	1383012738358	1383012760649	1383012760649	OK	 
SCENARIO	Pricing	66	END	1383012760650
ACTION	Pricing	29	price	1383012738549	1383012738549	1383012760859	1383012760859	OK	 
SCENARIO	Pricing	29	END	1383012760860
ACTION	Pricing	90	price	1383012738751	1383012738752	1383012761058	1383012761059	OK	 
SCENARIO	Pricing	90	END	1383012761059
ACTION	Pricing	67	price	1383012738965	1383012738966	1383012761266	1383012761266	OK	 
SCENARIO	Pricing	67	END	1383012761267
ACTION	Pricing	59	price	1383012739169	1383012739170	1383012761541	1383012761541	OK	 
SCENARIO	Pricing	59	END	1383012761541
ACTION	Pricing	50	price	1383012739367	1383012739367	1383012761799	1383012761800	OK	 
SCENARIO	Pricing	50	END	1383012761800
ACTION	Pricing	61	price	1383012739560	1383012739560	1383012762034	1383012762035	OK	 
SCENARIO	Pricing	61	END	1383012762036
ACTION	Pricing	2	price	1383012739758	1383012739759	1383012762187	1383012762187	OK	 
SCENARIO	Pricing	2	END	1383012762188
ACTION	Pricing	96	price	1383012739965	1383012739965	1383012762417	1383012762417	OK	 
SCENARIO	Pricing	96	END	1383012762418
ACTION	Pricing	65	price	1383012740188	1383012740189	1383012762684	1383012762684	OK	 
SCENARIO	Pricing	65	END	1383012762685
ACTION	Pricing	24	price	1383012740391	1383012740391	1383012762963	1383012762964	OK	 
SCENARIO	Pricing	24	END	1383012762964
ACTION	Pricing	51	price	1383012740592	1383012740593	1383012763126	1383012763127	OK	 
SCENARIO	Pricing	51	END	1383012763127
ACTION	Pricing	97	price	1383012740793	1383012740794	1383012763353	1383012763354	OK	 
SCENARIO	Pricing	97	END	1383012763355
ACTION	Pricing	70	price	1383012741014	1383012741014	1383012763576	1383012763576	OK	 
SCENARIO	Pricing	70	END	1383012763577
ACTION	Pricing	74	price	1383012741278	1383012741279	1383012763785	1383012763786	OK	 
SCENARIO	Pricing	74	END	1383012763786
ACTION	Pricing	88	price	1383012741497	1383012741498	1383012763994	1383012763994	OK	 
SCENARIO	Pricing	88	END	1383012763995
ACTION	Pricing	11	price	1383012741773	1383012741774	1383012764255	1383012764256	OK	 
SCENARIO	Pricing	11	END	1383012764257
ACTION	Pricing	20	price	1383012742006	1383012742006	1383012764447	1383012764448	OK	 
SCENARIO	Pricing	20	END	1383012764448
ACTION	Pricing	33	price	1383012742285	1383012742286	1383012764641	1383012764641	OK	 
SCENARIO	Pricing	33	END	1383012764642
