RUN	20140318095131	pricingsimulation	pricingsimulation
SCENARIO	Pricing	66	START	1395136295075
SCENARIO	Pricing	93	START	1395136295080
SCENARIO	Pricing	11	START	1395136295082
SCENARIO	Pricing	14	START	1395136295082
SCENARIO	Pricing	2	START	1395136295083
SCENARIO	Pricing	19	START	1395136295083
SCENARIO	Pricing	50	START	1395136295083
SCENARIO	Pricing	1	START	1395136295083
SCENARIO	Pricing	13	START	1395136295083
SCENARIO	Pricing	8	START	1395136295083
SCENARIO	Pricing	51	START	1395136295088
SCENARIO	Pricing	17	START	1395136295088
SCENARIO	Pricing	37	START	1395136295088
SCENARIO	Pricing	33	START	1395136295088
SCENARIO	Pricing	63	START	1395136295088
SCENARIO	Pricing	23	START	1395136295088
SCENARIO	Pricing	5	START	1395136295088
SCENARIO	Pricing	70	START	1395136295088
SCENARIO	Pricing	95	START	1395136295088
SCENARIO	Pricing	44	START	1395136295088
SCENARIO	Pricing	15	START	1395136295088
SCENARIO	Pricing	27	START	1395136295088
SCENARIO	Pricing	67	START	1395136295088
SCENARIO	Pricing	31	START	1395136295088
SCENARIO	Pricing	42	START	1395136295088
SCENARIO	Pricing	71	START	1395136295089
SCENARIO	Pricing	89	START	1395136295089
SCENARIO	Pricing	40	START	1395136295089
SCENARIO	Pricing	55	START	1395136295089
SCENARIO	Pricing	25	START	1395136295089
SCENARIO	Pricing	81	START	1395136295089
SCENARIO	Pricing	79	START	1395136295089
SCENARIO	Pricing	4	START	1395136295089
SCENARIO	Pricing	86	START	1395136295089
SCENARIO	Pricing	28	START	1395136295089
SCENARIO	Pricing	64	START	1395136295089
SCENARIO	Pricing	39	START	1395136295089
SCENARIO	Pricing	53	START	1395136295089
SCENARIO	Pricing	22	START	1395136295089
SCENARIO	Pricing	72	START	1395136295089
SCENARIO	Pricing	94	START	1395136295089
SCENARIO	Pricing	3	START	1395136295089
SCENARIO	Pricing	73	START	1395136295089
SCENARIO	Pricing	9	START	1395136295089
SCENARIO	Pricing	87	START	1395136295089
SCENARIO	Pricing	34	START	1395136295090
SCENARIO	Pricing	16	START	1395136295090
SCENARIO	Pricing	48	START	1395136295090
SCENARIO	Pricing	35	START	1395136295090
SCENARIO	Pricing	77	START	1395136295090
SCENARIO	Pricing	92	START	1395136295090
SCENARIO	Pricing	46	START	1395136295090
SCENARIO	Pricing	47	START	1395136295090
SCENARIO	Pricing	32	START	1395136295090
SCENARIO	Pricing	29	START	1395136295090
SCENARIO	Pricing	20	START	1395136295090
SCENARIO	Pricing	65	START	1395136295090
SCENARIO	Pricing	56	START	1395136295090
SCENARIO	Pricing	41	START	1395136295090
SCENARIO	Pricing	60	START	1395136295090
SCENARIO	Pricing	90	START	1395136295090
SCENARIO	Pricing	98	START	1395136295090
SCENARIO	Pricing	43	START	1395136295090
SCENARIO	Pricing	7	START	1395136295090
SCENARIO	Pricing	99	START	1395136295090
SCENARIO	Pricing	30	START	1395136295091
SCENARIO	Pricing	61	START	1395136295091
SCENARIO	Pricing	97	START	1395136295091
SCENARIO	Pricing	49	START	1395136295091
SCENARIO	Pricing	96	START	1395136295091
SCENARIO	Pricing	59	START	1395136295091
SCENARIO	Pricing	21	START	1395136295091
SCENARIO	Pricing	74	START	1395136295091
SCENARIO	Pricing	54	START	1395136295091
SCENARIO	Pricing	18	START	1395136295091
SCENARIO	Pricing	69	START	1395136295091
SCENARIO	Pricing	76	START	1395136295091
SCENARIO	Pricing	88	START	1395136295091
SCENARIO	Pricing	57	START	1395136295091
SCENARIO	Pricing	91	START	1395136295091
SCENARIO	Pricing	84	START	1395136295091
SCENARIO	Pricing	80	START	1395136295091
SCENARIO	Pricing	82	START	1395136295091
SCENARIO	Pricing	58	START	1395136295092
SCENARIO	Pricing	24	START	1395136295092
SCENARIO	Pricing	85	START	1395136295092
SCENARIO	Pricing	38	START	1395136295092
SCENARIO	Pricing	78	START	1395136295092
SCENARIO	Pricing	75	START	1395136295092
SCENARIO	Pricing	10	START	1395136295092
SCENARIO	Pricing	26	START	1395136295092
SCENARIO	Pricing	6	START	1395136295092
SCENARIO	Pricing	62	START	1395136295092
SCENARIO	Pricing	83	START	1395136295092
SCENARIO	Pricing	36	START	1395136295092
SCENARIO	Pricing	12	START	1395136295092
SCENARIO	Pricing	100	START	1395136295092
SCENARIO	Pricing	45	START	1395136295092
SCENARIO	Pricing	68	START	1395136295092
SCENARIO	Pricing	52	START	1395136295092
ACTION	Pricing	86	price	1395136295332	1395136295343	1395136300741	1395136301025	OK	 
ACTION	Pricing	68	price	1395136295460	1395136295465	1395136300763	1395136301026	OK	 
ACTION	Pricing	42	price	1395136295315	1395136295333	1395136300747	1395136301043	OK	 
ACTION	Pricing	10	price	1395136295451	1395136295463	1395136300748	1395136301025	OK	 
ACTION	Pricing	51	price	1395136295241	1395136295274	1395136300764	1395136301028	OK	 
ACTION	Pricing	37	price	1395136295249	1395136295274	1395136300755	1395136301025	OK	 
ACTION	Pricing	56	price	1395136295405	1395136295406	1395136301018	1395136301026	OK	 
ACTION	Pricing	24	price	1395136295445	1395136295452	1395136300745	1395136301025	OK	 
ACTION	Pricing	88	price	1395136295437	1395136295438	1395136300759	1395136301037	OK	 
ACTION	Pricing	14	price	1395136295225	1395136295241	1395136300753	1395136301028	OK	 
ACTION	Pricing	49	price	1395136295424	1395136295426	1395136300748	1395136301043	OK	 
ACTION	Pricing	93	price	1395136295170	1395136295245	1395136301018	1395136301038	OK	 
ACTION	Pricing	41	price	1395136295407	1395136295408	1395136301014	1395136301030	OK	 
ACTION	Pricing	71	price	1395136295315	1395136295333	1395136300744	1395136301038	OK	 
ACTION	Pricing	55	price	1395136295322	1395136295337	1395136300756	1395136301043	OK	 
ACTION	Pricing	6	price	1395136295452	1395136295456	1395136300751	1395136301054	OK	 
ACTION	Pricing	77	price	1395136295376	1395136295382	1395136300753	1395136301038	OK	 
ACTION	Pricing	53	price	1395136295348	1395136295351	1395136300755	1395136301041	OK	 
ACTION	Pricing	31	price	1395136295304	1395136295318	1395136300794	1395136301054	OK	 
ACTION	Pricing	30	price	1395136295420	1395136295421	1395136301041	1395136301042	OK	 
ACTION	Pricing	1	price	1395136295238	1395136295262	1395136300740	1395136301054	OK	 
ACTION	Pricing	32	price	1395136295389	1395136295390	1395136301019	1395136301044	OK	 
ACTION	Pricing	94	price	1395136295363	1395136295369	1395136300745	1395136301043	OK	 
ACTION	Pricing	73	price	1395136295365	1395136295369	1395136300758	1395136301033	OK	 
ACTION	Pricing	45	price	1395136295459	1395136295467	1395136300747	1395136301044	OK	 
ACTION	Pricing	62	price	1395136295453	1395136295464	1395136300758	1395136301044	OK	 
ACTION	Pricing	98	price	1395136295413	1395136295414	1395136300761	1395136301045	OK	 
ACTION	Pricing	72	price	1395136295362	1395136295368	1395136300742	1395136301054	OK	 
ACTION	Pricing	38	price	1395136295447	1395136295454	1395136300748	1395136301035	OK	 
ACTION	Pricing	15	price	1395136295295	1395136295301	1395136301014	1395136301045	OK	 
ACTION	Pricing	43	price	1395136295414	1395136295416	1395136300761	1395136301035	OK	 
ACTION	Pricing	90	price	1395136295412	1395136295413	1395136300746	1395136301045	OK	 
ACTION	Pricing	87	price	1395136295368	1395136295378	1395136300795	1395136301045	OK	 
ACTION	Pricing	59	price	1395136295428	1395136295429	1395136300761	1395136301035	OK	 
ACTION	Pricing	20	price	1395136295400	1395136295401	1395136300743	1395136301054	OK	 
ACTION	Pricing	100	price	1395136295457	1395136295464	1395136300749	1395136301046	OK	 
ACTION	Pricing	11	price	1395136295223	1395136295243	1395136301036	1395136301037	OK	 
ACTION	Pricing	89	price	1395136295319	1395136295334	1395136300764	1395136301037	OK	 
ACTION	Pricing	22	price	1395136295352	1395136295354	1395136300765	1395136301039	OK	 
ACTION	Pricing	65	price	1395136295402	1395136295404	1395136300808	1395136301046	OK	 
ACTION	Pricing	97	price	1395136295423	1395136295424	1395136300754	1395136301054	OK	 
ACTION	Pricing	85	price	1395136295446	1395136295450	1395136300805	1395136301047	OK	 
ACTION	Pricing	27	price	1395136295301	1395136295305	1395136301048	1395136301048	OK	 
ACTION	Pricing	13	price	1395136295238	1395136295263	1395136300807	1395136301046	OK	 
ACTION	Pricing	70	price	1395136295288	1395136295297	1395136300762	1395136301048	OK	 
ACTION	Pricing	82	price	1395136295443	1395136295449	1395136300751	1395136301039	OK	 
ACTION	Pricing	17	price	1395136295242	1395136295273	1395136300760	1395136301054	OK	 
ACTION	Pricing	79	price	1395136295330	1395136295341	1395136300822	1395136301055	OK	 
ACTION	Pricing	99	price	1395136295419	1395136295420	1395136300763	1395136301049	OK	 
ACTION	Pricing	50	price	1395136295228	1395136295262	1395136301049	1395136301049	OK	 
ACTION	Pricing	74	price	1395136295430	1395136295432	1395136300759	1395136301049	OK	 
ACTION	Pricing	46	price	1395136295384	1395136295386	1395136300754	1395136301055	OK	 
ACTION	Pricing	36	price	1395136295455	1395136295468	1395136300754	1395136301050	OK	 
ACTION	Pricing	61	price	1395136295422	1395136295422	1395136300859	1395136301050	OK	 
ACTION	Pricing	81	price	1395136295329	1395136295338	1395136300823	1395136301050	OK	 
ACTION	Pricing	58	price	1395136295444	1395136295451	1395136300751	1395136301055	OK	 
ACTION	Pricing	84	price	1395136295442	1395136295446	1395136301000	1395136301049	OK	 
ACTION	Pricing	26	price	1395136295451	1395136295460	1395136300860	1395136301050	OK	 
ACTION	Pricing	35	price	1395136295375	1395136295378	1395136301000	1395136301049	OK	 
ACTION	Pricing	91	price	1395136295439	1395136295443	1395136300752	1395136301055	OK	 
ACTION	Pricing	52	price	1395136295461	1395136295469	1395136300744	1395136301055	OK	 
ACTION	Pricing	78	price	1395136295448	1395136295461	1395136300749	1395136301055	OK	 
ACTION	Pricing	18	price	1395136295434	1395136295435	1395136300810	1395136301050	OK	 
ACTION	Pricing	92	price	1395136295384	1395136295387	1395136301069	1395136301069	OK	 
ACTION	Pricing	4	price	1395136295331	1395136295343	1395136301085	1395136301085	OK	 
ACTION	Pricing	23	price	1395136295277	1395136295280	1395136301015	1395136301055	OK	 
ACTION	Pricing	44	price	1395136295290	1395136295297	1395136300750	1395136301056	OK	 
ACTION	Pricing	95	price	1395136295289	1395136295297	1395136300878	1395136301089	OK	 
ACTION	Pricing	25	price	1395136295327	1395136295338	1395136300874	1395136301089	OK	 
ACTION	Pricing	33	price	1395136295265	1395136295280	1395136300873	1395136301089	OK	 
ACTION	Pricing	83	price	1395136295455	1395136295465	1395136300862	1395136301091	OK	 
ACTION	Pricing	29	price	1395136295392	1395136295398	1395136300879	1395136301090	OK	 
ACTION	Pricing	47	price	1395136295385	1395136295388	1395136300898	1395136301092	OK	 
ACTION	Pricing	9	price	1395136295368	1395136295378	1395136300873	1395136301088	OK	 
ACTION	Pricing	76	price	1395136295436	1395136295437	1395136300880	1395136301092	OK	 
ACTION	Pricing	12	price	1395136295456	1395136295467	1395136300760	1395136301055	OK	 
ACTION	Pricing	5	price	1395136295286	1395136295295	1395136300899	1395136301093	OK	 
ACTION	Pricing	69	price	1395136295435	1395136295436	1395136300876	1395136301090	OK	 
ACTION	Pricing	75	price	1395136295449	1395136295462	1395136300944	1395136301093	OK	 
ACTION	Pricing	34	price	1395136295371	1395136295378	1395136301094	1395136301094	OK	 
ACTION	Pricing	64	price	1395136295346	1395136295348	1395136300877	1395136301091	OK	 
ACTION	Pricing	67	price	1395136295302	1395136295304	1395136300897	1395136301091	OK	 
ACTION	Pricing	60	price	1395136295410	1395136295411	1395136300949	1395136301096	OK	 
ACTION	Pricing	19	price	1395136295227	1395136295261	1395136300861	1395136301094	OK	 
ACTION	Pricing	7	price	1395136295417	1395136295418	1395136300991	1395136301097	OK	 
ACTION	Pricing	40	price	1395136295319	1395136295335	1395136300995	1395136301097	OK	 
ACTION	Pricing	16	price	1395136295372	1395136295380	1395136300947	1395136301095	OK	 
ACTION	Pricing	3	price	1395136295364	1395136295368	1395136300898	1395136301094	OK	 
ACTION	Pricing	57	price	1395136295438	1395136295442	1395136300950	1395136301096	OK	 
ACTION	Pricing	54	price	1395136295432	1395136295433	1395136300903	1395136301095	OK	 
ACTION	Pricing	8	price	1395136295240	1395136295275	1395136300880	1395136301102	OK	 
ACTION	Pricing	80	price	1395136295442	1395136295447	1395136300999	1395136301102	OK	 
ACTION	Pricing	39	price	1395136295346	1395136295350	1395136300999	1395136301108	OK	 
ACTION	Pricing	2	price	1395136295225	1395136295248	1395136300945	1395136301108	OK	 
ACTION	Pricing	96	price	1395136295425	1395136295427	1395136300874	1395136301091	OK	 
ACTION	Pricing	48	price	1395136295374	1395136295379	1395136301116	1395136301116	OK	 
ACTION	Pricing	63	price	1395136295276	1395136295280	1395136301120	1395136301121	OK	 
ACTION	Pricing	66	price	1395136295161	1395136295242	1395136301165	1395136301165	OK	 
ACTION	Pricing	21	price	1395136295430	1395136295431	1395136301197	1395136301197	OK	 
ACTION	Pricing	28	price	1395136295342	1395136295347	1395136301248	1395136301248	OK	 
ACTION	Pricing	24	price	1395136301150	1395136301151	1395136301504	1395136301504	OK	 
ACTION	Pricing	18	price	1395136301229	1395136301230	1395136301976	1395136301976	OK	 
ACTION	Pricing	93	price	1395136301161	1395136301162	1395136302012	1395136302012	OK	 
ACTION	Pricing	26	price	1395136301224	1395136301225	1395136302059	1395136302060	OK	 
ACTION	Pricing	14	price	1395136301155	1395136301157	1395136302189	1395136302189	OK	 
ACTION	Pricing	81	price	1395136301221	1395136301221	1395136302250	1395136302250	OK	 
ACTION	Pricing	19	price	1395136301259	1395136301259	1395136302275	1395136302276	OK	 
ACTION	Pricing	13	price	1395136301209	1395136301212	1395136302285	1395136302286	OK	 
ACTION	Pricing	94	price	1395136301184	1395136301184	1395136302396	1395136302397	OK	 
ACTION	Pricing	91	price	1395136301227	1395136301227	1395136302455	1395136302456	OK	 
ACTION	Pricing	1	price	1395136301181	1395136301182	1395136302458	1395136302460	OK	 
ACTION	Pricing	32	price	1395136301183	1395136301183	1395136302539	1395136302540	OK	 
ACTION	Pricing	73	price	1395136301186	1395136301186	1395136302596	1395136302597	OK	 
ACTION	Pricing	43	price	1395136301193	1395136301193	1395136302624	1395136302625	OK	 
ACTION	Pricing	98	price	1395136301189	1395136301189	1395136302642	1395136302643	OK	 
ACTION	Pricing	83	price	1395136301241	1395136301242	1395136302643	1395136302648	OK	 
ACTION	Pricing	38	price	1395136301191	1395136301191	1395136302644	1395136302651	OK	 
ACTION	Pricing	90	price	1395136301194	1395136301195	1395136303048	1395136303049	OK	 
ACTION	Pricing	92	price	1395136301231	1395136301231	1395136303089	1395136303090	OK	 
ACTION	Pricing	25	price	1395136301238	1395136301239	1395136303291	1395136303292	OK	 
ACTION	Pricing	100	price	1395136301200	1395136301201	1395136303303	1395136303304	OK	 
ACTION	Pricing	71	price	1395136301168	1395136301169	1395136303379	1395136303379	OK	 
ACTION	Pricing	29	price	1395136301243	1395136301243	1395136303654	1395136303655	OK	 
ACTION	Pricing	52	price	1395136301229	1395136301230	1395136303690	1395136303690	OK	 
ACTION	Pricing	37	price	1395136301139	1395136301140	1395136303759	1395136303759	OK	 
ACTION	Pricing	30	price	1395136301179	1395136301181	1395136303955	1395136303955	OK	 
ACTION	Pricing	11	price	1395136301201	1395136301202	1395136303962	1395136303963	OK	 
ACTION	Pricing	2	price	1395136301267	1395136301268	1395136303963	1395136303963	OK	 
ACTION	Pricing	4	price	1395136301232	1395136301232	1395136303966	1395136303967	OK	 
ACTION	Pricing	34	price	1395136301254	1395136301255	1395136303966	1395136303968	OK	 
ACTION	Pricing	74	price	1395136301217	1395136301218	1395136303970	1395136303970	OK	 
ACTION	Pricing	72	price	1395136301190	1395136301190	1395136303971	1395136303971	OK	 
ACTION	Pricing	88	price	1395136301154	1395136301154	1395136303973	1395136303973	OK	 
ACTION	Pricing	68	price	1395136301147	1395136301148	1395136303973	1395136303974	OK	 
ACTION	Pricing	89	price	1395136301202	1395136301203	1395136303974	1395136303974	OK	 
ACTION	Pricing	86	price	1395136301142	1395136301143	1395136303977	1395136303977	OK	 
ACTION	Pricing	9	price	1395136301244	1395136301244	1395136303962	1395136303962	OK	 
ACTION	Pricing	96	price	1395136301269	1395136301269	1395136303978	1395136303979	OK	 
ACTION	Pricing	62	price	1395136301188	1395136301188	1395136303986	1395136303987	OK	 
ACTION	Pricing	22	price	1395136301203	1395136301204	1395136303987	1395136303988	OK	 
ACTION	Pricing	12	price	1395136301247	1395136301249	1395136303990	1395136303990	OK	 
ACTION	Pricing	95	price	1395136301237	1395136301238	1395136303990	1395136303990	OK	 
ACTION	Pricing	27	price	1395136301207	1395136301208	1395136303988	1395136303991	OK	 
ACTION	Pricing	3	price	1395136301262	1395136301262	1395136303994	1395136303994	OK	 
ACTION	Pricing	5	price	1395136301249	1395136301250	1395136303997	1395136303998	OK	 
ACTION	Pricing	51	price	1395136301133	1395136301134	1395136303998	1395136303999	OK	 
ACTION	Pricing	44	price	1395136301235	1395136301236	1395136304002	1395136304002	OK	 
ACTION	Pricing	35	price	1395136301226	1395136301226	1395136304004	1395136304004	OK	 
ACTION	Pricing	69	price	1395136301251	1395136301252	1395136304004	1395136304004	OK	 
ACTION	Pricing	10	price	1395136301151	1395136301153	1395136304006	1395136304006	OK	 
ACTION	Pricing	84	price	1395136301223	1395136301224	1395136304007	1395136304007	OK	 
ACTION	Pricing	17	price	1395136301211	1395136301212	1395136304009	1395136304009	OK	 
ACTION	Pricing	39	price	1395136301266	1395136301267	1395136304009	1395136304009	OK	 
ACTION	Pricing	23	price	1395136301233	1395136301234	1395136304012	1395136304012	OK	 
ACTION	Pricing	40	price	1395136301260	1395136301261	1395136304011	1395136304012	OK	 
ACTION	Pricing	7	price	1395136301259	1395136301260	1395136304014	1395136304014	OK	 
ACTION	Pricing	87	price	1395136301195	1395136301196	1395136304016	1395136304017	OK	 
ACTION	Pricing	31	price	1395136301178	1395136301179	1395136304016	1395136304016	OK	 
ACTION	Pricing	48	price	1395136301270	1395136301270	1395136304017	1395136304017	OK	 
ACTION	Pricing	56	price	1395136301140	1395136301142	1395136304008	1395136304022	OK	 
ACTION	Pricing	36	price	1395136301218	1395136301219	1395136304023	1395136304023	OK	 
ACTION	Pricing	75	price	1395136301253	1395136301254	1395136304024	1395136304024	OK	 
ACTION	Pricing	54	price	1395136301264	1395136301264	1395136304024	1395136304025	OK	 
ACTION	Pricing	50	price	1395136301214	1395136301215	1395136303843	1395136304027	OK	 
ACTION	Pricing	99	price	1395136301213	1395136301218	1395136303874	1395136304027	OK	 
ACTION	Pricing	33	price	1395136301240	1395136301240	1395136304026	1395136304028	OK	 
ACTION	Pricing	97	price	1395136301205	1395136301205	1395136303835	1395136304029	OK	 
ACTION	Pricing	45	price	1395136301186	1395136301187	1395136304030	1395136304030	OK	 
ACTION	Pricing	8	price	1395136301264	1395136301265	1395136303884	1395136304030	OK	 
ACTION	Pricing	28	price	1395136301274	1395136301275	1395136304273	1395136304273	OK	 
ACTION	Pricing	1	price	1395136302462	1395136302463	1395136304287	1395136304288	OK	 
ACTION	Pricing	81	price	1395136302252	1395136302253	1395136304307	1395136304307	OK	 
ACTION	Pricing	8	price	1395136304051	1395136304051	1395136304345	1395136304346	OK	 
ACTION	Pricing	97	price	1395136304048	1395136304049	1395136304364	1395136304364	OK	 
ACTION	Pricing	31	price	1395136304039	1395136304041	1395136304388	1395136304388	OK	 
ACTION	Pricing	50	price	1395136304045	1395136304046	1395136304427	1395136304428	OK	 
ACTION	Pricing	23	price	1395136304036	1395136304036	1395136304512	1395136304512	OK	 
ACTION	Pricing	39	price	1395136304035	1395136304035	1395136304527	1395136304527	OK	 
ACTION	Pricing	74	price	1395136303972	1395136303972	1395136304554	1395136304554	OK	 
ACTION	Pricing	93	price	1395136302014	1395136302014	1395136304636	1395136304636	OK	 
ACTION	Pricing	35	price	1395136304013	1395136304014	1395136304783	1395136304783	OK	 
ACTION	Pricing	61	price	1395136301220	1395136301220	1395136304848	1395136304848	OK	 
ACTION	Pricing	5	price	1395136304003	1395136304004	1395136304929	1395136304930	OK	 
ACTION	Pricing	3	price	1395136303996	1395136303999	1395136304966	1395136304966	OK	 
ACTION	Pricing	27	price	1395136303994	1395136303996	1395136304990	1395136304991	OK	 
ACTION	Pricing	100	price	1395136303305	1395136303306	1395136305101	1395136305101	OK	 
ACTION	Pricing	86	price	1395136303983	1395136303983	1395136305133	1395136305134	OK	 
ACTION	Pricing	32	price	1395136302541	1395136302542	1395136305159	1395136305159	OK	 
ACTION	Pricing	68	price	1395136303980	1395136303981	1395136305186	1395136305186	OK	 
ACTION	Pricing	43	price	1395136302627	1395136302628	1395136305277	1395136305277	OK	 
ACTION	Pricing	13	price	1395136302288	1395136302289	1395136305309	1395136305310	OK	 
ACTION	Pricing	30	price	1395136303957	1395136303958	1395136305348	1395136305348	OK	 
ACTION	Pricing	46	price	1395136301217	1395136301219	1395136305416	1395136305417	OK	 
ACTION	Pricing	19	price	1395136302278	1395136302278	1395136305424	1395136305425	OK	 
ACTION	Pricing	26	price	1395136302062	1395136302062	1395136305451	1395136305451	OK	 
ACTION	Pricing	94	price	1395136302400	1395136302401	1395136305459	1395136305459	OK	 
ACTION	Pricing	43	price	1395136305279	1395136305280	1395136305494	1395136305495	OK	 
ACTION	Pricing	2	price	1395136303966	1395136303967	1395136305551	1395136305551	OK	 
ACTION	Pricing	4	price	1395136303969	1395136303970	1395136305564	1395136305565	OK	 
ACTION	Pricing	98	price	1395136302645	1395136302652	1395136305598	1395136305598	OK	 
ACTION	Pricing	83	price	1395136302650	1395136302652	1395136305615	1395136305615	OK	 
ACTION	Pricing	11	price	1395136303965	1395136303973	1395136305652	1395136305652	OK	 
ACTION	Pricing	32	price	1395136305161	1395136305161	1395136305674	1395136305674	OK	 
ACTION	Pricing	77	price	1395136301174	1395136301175	1395136305691	1395136305691	OK	 
ACTION	Pricing	9	price	1395136303984	1395136303984	1395136305702	1395136305702	OK	 
ACTION	Pricing	73	price	1395136302598	1395136302599	1395136305731	1395136305731	OK	 
ACTION	Pricing	20	price	1395136301199	1395136301199	1395136305752	1395136305752	OK	 
ACTION	Pricing	37	price	1395136303761	1395136303761	1395136305753	1395136305753	OK	 
ACTION	Pricing	38	price	1395136302653	1395136302654	1395136305791	1395136305791	OK	 
ACTION	Pricing	71	price	1395136303381	1395136303382	1395136305794	1395136305794	OK	 
ACTION	Pricing	92	price	1395136303092	1395136303092	1395136305839	1395136305840	OK	 
ACTION	Pricing	27	price	1395136304992	1395136304994	1395136305866	1395136305866	OK	 
ACTION	Pricing	95	price	1395136303994	1395136303997	1395136305875	1395136305876	OK	 
ACTION	Pricing	70	price	1395136301209	1395136301210	1395136305891	1395136305892	OK	 
ACTION	Pricing	42	price	1395136301146	1395136301146	1395136305925	1395136305926	OK	 
ACTION	Pricing	22	price	1395136303989	1395136303997	1395136305941	1395136305941	OK	 
ACTION	Pricing	57	price	1395136301263	1395136301263	1395136305984	1395136305985	OK	 
ACTION	Pricing	5	price	1395136304931	1395136304932	1395136306005	1395136306006	OK	 
ACTION	Pricing	55	price	1395136301170	1395136301171	1395136306022	1395136306022	OK	 
ACTION	Pricing	61	price	1395136304849	1395136304850	1395136306060	1395136306060	OK	 
ACTION	Pricing	62	price	1395136303995	1395136303997	1395136306075	1395136306076	OK	 
ACTION	Pricing	52	price	1395136303692	1395136303692	1395136306106	1395136306107	OK	 
ACTION	Pricing	44	price	1395136304010	1395136304011	1395136306141	1395136306141	OK	 
ACTION	Pricing	49	price	1395136301159	1395136301160	1395136306170	1395136306170	OK	 
ACTION	Pricing	41	price	1395136301163	1395136301167	1395136306172	1395136306172	OK	 
ACTION	Pricing	85	price	1395136301206	1395136301207	1395136306174	1395136306175	OK	 
ACTION	Pricing	69	price	1395136304015	1395136304015	1395136306201	1395136306201	OK	 
ACTION	Pricing	66	price	1395136301271	1395136301272	1395136306242	1395136306242	OK	 
ACTION	Pricing	24	price	1395136301506	1395136301506	1395136306356	1395136306356	OK	 
ACTION	Pricing	39	price	1395136304529	1395136304529	1395136306403	1395136306403	OK	 
ACTION	Pricing	17	price	1395136304025	1395136304026	1395136306459	1395136306460	OK	 
ACTION	Pricing	48	price	1395136304040	1395136304042	1395136306486	1395136306486	OK	 
ACTION	Pricing	87	price	1395136304038	1395136304039	1395136306512	1395136306512	OK	 
ACTION	Pricing	56	price	1395136304041	1395136304042	1395136306561	1395136306561	OK	 
ACTION	Pricing	36	price	1395136304043	1395136304043	1395136306617	1395136306618	OK	 
ACTION	Pricing	1	price	1395136304289	1395136304290	1395136306662	1395136306662	OK	 
ACTION	Pricing	58	price	1395136301222	1395136301223	1395136306723	1395136306723	OK	 
ACTION	Pricing	79	price	1395136301212	1395136301213	1395136306724	1395136306725	OK	 
ACTION	Pricing	99	price	1395136304046	1395136304049	1395136306740	1395136306741	OK	 
ACTION	Pricing	45	price	1395136304050	1395136304050	1395136306763	1395136306764	OK	 
ACTION	Pricing	79	price	1395136306726	1395136306726	1395136306798	1395136306798	OK	 
ACTION	Pricing	54	price	1395136304044	1395136304045	1395136306830	1395136306831	OK	 
ACTION	Pricing	28	price	1395136304275	1395136304275	1395136306864	1395136306865	OK	 
ACTION	Pricing	1	price	1395136306664	1395136306664	1395136306880	1395136306880	OK	 
ACTION	Pricing	81	price	1395136304309	1395136304309	1395136306903	1395136306903	OK	 
ACTION	Pricing	7	price	1395136304038	1395136304041	1395136306924	1395136306925	OK	 
ACTION	Pricing	56	price	1395136306563	1395136306564	1395136306943	1395136306944	OK	 
ACTION	Pricing	8	price	1395136304347	1395136304348	1395136306980	1395136306981	OK	 
ACTION	Pricing	97	price	1395136304366	1395136304367	1395136307010	1395136307011	OK	 
ACTION	Pricing	31	price	1395136304390	1395136304390	1395136307031	1395136307032	OK	 
ACTION	Pricing	39	price	1395136306405	1395136306405	1395136307045	1395136307045	OK	 
ACTION	Pricing	10	price	1395136304019	1395136304021	1395136307085	1395136307086	OK	 
ACTION	Pricing	34	price	1395136303970	1395136303973	1395136307096	1395136307097	OK	 
ACTION	Pricing	64	price	1395136301255	1395136301256	1395136307125	1395136307125	OK	 
ACTION	Pricing	59	price	1395136301196	1395136301198	1395136307124	1395136307125	OK	 
ACTION	Pricing	88	price	1395136303978	1395136303979	1395136307135	1395136307135	OK	 
ACTION	Pricing	72	price	1395136303975	1395136303976	1395136307172	1395136307173	OK	 
ACTION	Pricing	14	price	1395136302191	1395136302192	1395136307199	1395136307199	OK	 
ACTION	Pricing	74	price	1395136304557	1395136304557	1395136307203	1395136307204	OK	 
ACTION	Pricing	18	price	1395136301979	1395136301979	1395136307207	1395136307207	OK	 
ACTION	Pricing	93	price	1395136304638	1395136304638	1395136307235	1395136307236	OK	 
ACTION	Pricing	23	price	1395136304513	1395136304514	1395136307245	1395136307246	OK	 
ACTION	Pricing	85	price	1395136306176	1395136306177	1395136307275	1395136307275	OK	 
ACTION	Pricing	41	price	1395136306175	1395136306175	1395136307308	1395136307309	OK	 
ACTION	Pricing	49	price	1395136306173	1395136306176	1395136307347	1395136307347	OK	 
ACTION	Pricing	35	price	1395136304784	1395136304785	1395136307370	1395136307370	OK	 
ACTION	Pricing	29	price	1395136303656	1395136303657	1395136307388	1395136307388	OK	 
ACTION	Pricing	52	price	1395136306108	1395136306109	1395136307414	1395136307414	OK	 
ACTION	Pricing	61	price	1395136306062	1395136306063	1395136307465	1395136307466	OK	 
ACTION	Pricing	57	price	1395136305986	1395136305987	1395136307559	1395136307560	OK	 
ACTION	Pricing	51	price	1395136304001	1395136304001	1395136307559	1395136307560	OK	 
ACTION	Pricing	70	price	1395136305894	1395136305895	1395136307578	1395136307579	OK	 
ACTION	Pricing	3	price	1395136304968	1395136304969	1395136307611	1395136307611	OK	 
ACTION	Pricing	92	price	1395136305842	1395136305842	1395136307643	1395136307643	OK	 
ACTION	Pricing	38	price	1395136305793	1395136305794	1395136307706	1395136307707	OK	 
ACTION	Pricing	25	price	1395136303294	1395136303295	1395136307724	1395136307724	OK	 
ACTION	Pricing	32	price	1395136305676	1395136305677	1395136307794	1395136307795	OK	 
ACTION	Pricing	86	price	1395136305135	1395136305136	1395136307867	1395136307867	OK	 
ACTION	Pricing	98	price	1395136305600	1395136305601	1395136307882	1395136307882	OK	 
ACTION	Pricing	4	price	1395136305566	1395136305567	1395136307914	1395136307915	OK	 
ACTION	Pricing	96	price	1395136303985	1395136303987	1395136307920	1395136307920	OK	 
ACTION	Pricing	68	price	1395136305188	1395136305189	1395136307953	1395136307953	OK	 
ACTION	Pricing	91	price	1395136302458	1395136302461	1395136307976	1395136307976	OK	 
ACTION	Pricing	21	price	1395136301272	1395136301274	1395136307978	1395136307978	OK	 
ACTION	Pricing	94	price	1395136305460	1395136305461	1395136308044	1395136308044	OK	 
ACTION	Pricing	26	price	1395136305452	1395136305453	1395136308053	1395136308053	OK	 
ACTION	Pricing	68	price	1395136307955	1395136307956	1395136308078	1395136308078	OK	 
ACTION	Pricing	96	price	1395136307922	1395136307923	1395136308115	1395136308115	OK	 
ACTION	Pricing	43	price	1395136305496	1395136305497	1395136308146	1395136308147	OK	 
ACTION	Pricing	2	price	1395136305554	1395136305554	1395136308183	1395136308183	OK	 
ACTION	Pricing	86	price	1395136307868	1395136307869	1395136308232	1395136308232	OK	 
ACTION	Pricing	83	price	1395136305617	1395136305617	1395136308269	1395136308269	OK	 
ACTION	Pricing	100	price	1395136305103	1395136305103	1395136308291	1395136308291	OK	 
ACTION	Pricing	86	price	1395136308234	1395136308235	1395136308331	1395136308331	OK	 
ACTION	Pricing	25	price	1395136307726	1395136307726	1395136308386	1395136308386	OK	 
ACTION	Pricing	77	price	1395136305693	1395136305693	1395136308397	1395136308397	OK	 
ACTION	Pricing	92	price	1395136307645	1395136307646	1395136308447	1395136308447	OK	 
ACTION	Pricing	20	price	1395136305754	1395136305755	1395136308488	1395136308489	OK	 
ACTION	Pricing	3	price	1395136307613	1395136307614	1395136308514	1395136308514	OK	 
ACTION	Pricing	51	price	1395136307564	1395136307564	1395136308545	1395136308545	OK	 
ACTION	Pricing	95	price	1395136305879	1395136305879	1395136308579	1395136308579	OK	 
ACTION	Pricing	53	price	1395136301176	1395136301177	1395136308591	1395136308591	OK	 
ACTION	Pricing	12	price	1395136303992	1395136303993	1395136308612	1395136308612	OK	 
ACTION	Pricing	22	price	1395136305943	1395136305944	1395136308633	1395136308634	OK	 
ACTION	Pricing	5	price	1395136306007	1395136306008	1395136308646	1395136308646	OK	 
ACTION	Pricing	55	price	1395136306025	1395136306025	1395136308692	1395136308693	OK	 
ACTION	Pricing	67	price	1395136301257	1395136301257	1395136308715	1395136308716	OK	 
ACTION	Pricing	29	price	1395136307389	1395136307390	1395136308739	1395136308739	OK	 
ACTION	Pricing	35	price	1395136307371	1395136307372	1395136308796	1395136308796	OK	 
ACTION	Pricing	49	price	1395136307349	1395136307349	1395136308797	1395136308797	OK	 
ACTION	Pricing	41	price	1395136307310	1395136307311	1395136308835	1395136308836	OK	 
ACTION	Pricing	82	price	1395136301211	1395136301211	1395136308888	1395136308888	OK	 
ACTION	Pricing	23	price	1395136307247	1395136307248	1395136308905	1395136308905	OK	 
ACTION	Pricing	85	price	1395136307276	1395136307277	1395136308906	1395136308906	OK	 
ACTION	Pricing	18	price	1395136307209	1395136307209	1395136308926	1395136308927	OK	 
ACTION	Pricing	14	price	1395136307201	1395136307201	1395136309000	1395136309001	OK	 
ACTION	Pricing	88	price	1395136307136	1395136307137	1395136309017	1395136309017	OK	 
ACTION	Pricing	64	price	1395136307127	1395136307128	1395136309051	1395136309051	OK	 
ACTION	Pricing	34	price	1395136307098	1395136307100	1395136309088	1395136309088	OK	 
ACTION	Pricing	10	price	1395136307087	1395136307088	1395136309123	1395136309123	OK	 
ACTION	Pricing	97	price	1395136307012	1395136307013	1395136309194	1395136309195	OK	 
ACTION	Pricing	50	price	1395136304430	1395136304430	1395136309224	1395136309224	OK	 
ACTION	Pricing	56	price	1395136306945	1395136306946	1395136309257	1395136309258	OK	 
ACTION	Pricing	7	price	1395136306926	1395136306926	1395136309309	1395136309310	OK	 
ACTION	Pricing	1	price	1395136306881	1395136306882	1395136309373	1395136309373	OK	 
ACTION	Pricing	54	price	1395136306832	1395136306833	1395136309432	1395136309433	OK	 
ACTION	Pricing	45	price	1395136306765	1395136306766	1395136309444	1395136309444	OK	 
ACTION	Pricing	58	price	1395136306725	1395136306725	1395136309480	1395136309480	OK	 
ACTION	Pricing	99	price	1395136306743	1395136306743	1395136309507	1395136309507	OK	 
ACTION	Pricing	1	price	1395136309375	1395136309375	1395136309543	1395136309543	OK	 
ACTION	Pricing	7	price	1395136309311	1395136309312	1395136309588	1395136309588	OK	 
ACTION	Pricing	87	price	1395136306518	1395136306518	1395136309601	1395136309601	OK	 
ACTION	Pricing	81	price	1395136306906	1395136306906	1395136309641	1395136309641	OK	 
ACTION	Pricing	97	price	1395136309196	1395136309197	1395136309693	1395136309694	OK	 
ACTION	Pricing	24	price	1395136306358	1395136306358	1395136309717	1395136309717	OK	 
ACTION	Pricing	10	price	1395136309125	1395136309126	1395136309732	1395136309733	OK	 
ACTION	Pricing	31	price	1395136307033	1395136307034	1395136309736	1395136309736	OK	 
ACTION	Pricing	39	price	1395136307046	1395136307047	1395136309753	1395136309753	OK	 
ACTION	Pricing	34	price	1395136309090	1395136309090	1395136309788	1395136309788	OK	 
ACTION	Pricing	64	price	1395136309052	1395136309053	1395136309815	1395136309816	OK	 
ACTION	Pricing	88	price	1395136309018	1395136309019	1395136309845	1395136309845	OK	 
ACTION	Pricing	6	price	1395136301172	1395136301173	1395136309908	1395136309908	OK	 
ACTION	Pricing	59	price	1395136307128	1395136307129	1395136309921	1395136309921	OK	 
ACTION	Pricing	72	price	1395136307175	1395136307175	1395136309941	1395136309941	OK	 
ACTION	Pricing	85	price	1395136308908	1395136308909	1395136309957	1395136309957	OK	 
ACTION	Pricing	41	price	1395136308837	1395136308838	1395136310002	1395136310003	OK	 
ACTION	Pricing	29	price	1395136308741	1395136308742	1395136310034	1395136310035	OK	 
ACTION	Pricing	67	price	1395136308718	1395136308718	1395136310072	1395136310073	OK	 
ACTION	Pricing	55	price	1395136308698	1395136308698	1395136310115	1395136310115	OK	 
ACTION	Pricing	5	price	1395136308647	1395136308648	1395136310140	1395136310141	OK	 
ACTION	Pricing	22	price	1395136308635	1395136308636	1395136310162	1395136310163	OK	 
ACTION	Pricing	53	price	1395136308592	1395136308593	1395136310230	1395136310230	OK	 
ACTION	Pricing	95	price	1395136308581	1395136308581	1395136310268	1395136310268	OK	 
ACTION	Pricing	51	price	1395136308547	1395136308547	1395136310300	1395136310300	OK	 
ACTION	Pricing	3	price	1395136308515	1395136308516	1395136310351	1395136310351	OK	 
ACTION	Pricing	57	price	1395136307562	1395136307563	1395136310389	1395136310389	OK	 
ACTION	Pricing	70	price	1395136307581	1395136307581	1395136310401	1395136310401	OK	 
ACTION	Pricing	92	price	1395136308448	1395136308449	1395136310442	1395136310443	OK	 
ACTION	Pricing	77	price	1395136308398	1395136308399	1395136310472	1395136310473	OK	 
ACTION	Pricing	73	price	1395136305733	1395136305733	1395136310499	1395136310500	OK	 
ACTION	Pricing	38	price	1395136307708	1395136307709	1395136310510	1395136310510	OK	 
ACTION	Pricing	86	price	1395136308333	1395136308334	1395136310553	1395136310554	OK	 
ACTION	Pricing	11	price	1395136305654	1395136305655	1395136310571	1395136310572	OK	 
ACTION	Pricing	9	price	1395136305704	1395136305704	1395136310591	1395136310592	OK	 
ACTION	Pricing	2	price	1395136308185	1395136308186	1395136310625	1395136310625	OK	 
ACTION	Pricing	43	price	1395136308149	1395136308149	1395136310685	1395136310685	OK	 
ACTION	Pricing	98	price	1395136307884	1395136307885	1395136310719	1395136310719	OK	 
ACTION	Pricing	4	price	1395136307916	1395136307917	1395136310741	1395136310741	OK	 
ACTION	Pricing	94	price	1395136308045	1395136308046	1395136310790	1395136310791	OK	 
ACTION	Pricing	21	price	1395136307980	1395136307981	1395136310826	1395136310826	OK	 
ACTION	Pricing	30	price	1395136305349	1395136305350	1395136310874	1395136310874	OK	 
ACTION	Pricing	26	price	1395136308055	1395136308055	1395136310994	1395136310995	OK	 
ACTION	Pricing	98	price	1395136310721	1395136310721	1395136311071	1395136311071	OK	 
ACTION	Pricing	91	price	1395136307977	1395136307979	1395136311079	1395136311079	OK	 
ACTION	Pricing	68	price	1395136308079	1395136308079	1395136311083	1395136311084	OK	 
ACTION	Pricing	43	price	1395136310687	1395136310687	1395136311086	1395136311087	OK	 
ACTION	Pricing	2	price	1395136310627	1395136310627	1395136311096	1395136311097	OK	 
ACTION	Pricing	96	price	1395136308117	1395136308117	1395136311111	1395136311111	OK	 
ACTION	Pricing	9	price	1395136310593	1395136310594	1395136311133	1395136311134	OK	 
ACTION	Pricing	11	price	1395136310573	1395136310574	1395136311164	1395136311165	OK	 
ACTION	Pricing	38	price	1395136310511	1395136310512	1395136311200	1395136311200	OK	 
ACTION	Pricing	73	price	1395136310501	1395136310502	1395136311232	1395136311232	OK	 
ACTION	Pricing	77	price	1395136310474	1395136310475	1395136311288	1395136311288	OK	 
ACTION	Pricing	25	price	1395136308388	1395136308389	1395136311313	1395136311313	OK	 
ACTION	Pricing	92	price	1395136310444	1395136310445	1395136311315	1395136311316	OK	 
ACTION	Pricing	70	price	1395136310402	1395136310403	1395136311385	1395136311386	OK	 
ACTION	Pricing	57	price	1395136310390	1395136310391	1395136311392	1395136311392	OK	 
ACTION	Pricing	3	price	1395136310353	1395136310353	1395136311407	1395136311408	OK	 
ACTION	Pricing	51	price	1395136310301	1395136310302	1395136311450	1395136311450	OK	 
ACTION	Pricing	20	price	1395136308490	1395136308491	1395136311474	1395136311474	OK	 
ACTION	Pricing	95	price	1395136310270	1395136310271	1395136311519	1395136311520	OK	 
ACTION	Pricing	53	price	1395136310232	1395136310232	1395136311560	1395136311560	OK	 
ACTION	Pricing	22	price	1395136310164	1395136310165	1395136311600	1395136311600	OK	 
ACTION	Pricing	12	price	1395136308614	1395136308615	1395136311618	1395136311618	OK	 
ACTION	Pricing	52	price	1395136307415	1395136307416	1395136311633	1395136311634	OK	 
ACTION	Pricing	55	price	1395136310116	1395136310117	1395136311671	1395136311671	OK	 
ACTION	Pricing	29	price	1395136310036	1395136310037	1395136311706	1395136311706	OK	 
ACTION	Pricing	41	price	1395136310004	1395136310005	1395136311748	1395136311748	OK	 
ACTION	Pricing	35	price	1395136308799	1395136308799	1395136311781	1395136311781	OK	 
ACTION	Pricing	6	price	1395136309909	1395136309910	1395136311853	1395136311853	OK	 
ACTION	Pricing	82	price	1395136308890	1395136308890	1395136311907	1395136311908	OK	 
ACTION	Pricing	64	price	1395136309817	1395136309818	1395136311958	1395136311958	OK	 
ACTION	Pricing	39	price	1395136309755	1395136309755	1395136312001	1395136312001	OK	 
ACTION	Pricing	24	price	1395136309719	1395136309720	1395136312048	1395136312048	OK	 
ACTION	Pricing	97	price	1395136309695	1395136309695	1395136312075	1395136312076	OK	 
ACTION	Pricing	87	price	1395136309612	1395136309612	1395136312112	1395136312112	OK	 
ACTION	Pricing	7	price	1395136309590	1395136309590	1395136312174	1395136312174	OK	 
ACTION	Pricing	50	price	1395136309226	1395136309226	1395136312191	1395136312191	OK	 
ACTION	Pricing	1	price	1395136309544	1395136309545	1395136312221	1395136312222	OK	 
ACTION	Pricing	28	price	1395136306867	1395136306867	1395136312245	1395136312245	OK	 
ACTION	Pricing	47	price	1395136301268	1395136301268	1395136312616	1395136312617	OK	 
ACTION	Pricing	65	price	1395136301204	1395136301205	1395136312617	1395136312618	OK	 
ACTION	Pricing	76	price	1395136301245	1395136301246	1395136312620	1395136312620	OK	 
ACTION	Pricing	45	price	1395136309446	1395136309448	1395136312688	1395136312689	OK	 
ACTION	Pricing	54	price	1395136309435	1395136309435	1395136312835	1395136312835	OK	 
ACTION	Pricing	48	price	1395136306488	1395136306488	1395136312928	1395136312928	OK	 
ACTION	Pricing	16	price	1395136301261	1395136301262	1395136313020	1395136313020	OK	 
ACTION	Pricing	80	price	1395136301265	1395136301266	1395136313173	1395136313174	OK	 
ACTION	Pricing	59	price	1395136309923	1395136309923	1395136313228	1395136313228	OK	 
ACTION	Pricing	40	price	1395136304037	1395136304041	1395136313231	1395136313231	OK	 
ACTION	Pricing	88	price	1395136309847	1395136309847	1395136313231	1395136313231	OK	 
ACTION	Pricing	75	price	1395136304044	1395136304044	1395136313246	1395136313246	OK	 
ACTION	Pricing	81	price	1395136309643	1395136309643	1395136313274	1395136313274	OK	 
ACTION	Pricing	33	price	1395136304047	1395136304048	1395136313275	1395136313275	OK	 
ACTION	Pricing	100	price	1395136308293	1395136308294	1395136313280	1395136313280	OK	 
ACTION	Pricing	99	price	1395136309509	1395136309509	1395136313326	1395136313326	OK	 
ACTION	Pricing	58	price	1395136309482	1395136309483	1395136313327	1395136313327	OK	 
ACTION	Pricing	5	price	1395136310142	1395136310143	1395136313329	1395136313330	OK	 
ACTION	Pricing	1	price	1395136312224	1395136312225	1395136313333	1395136313333	OK	 
ACTION	Pricing	28	price	1395136312247	1395136312247	1395136313334	1395136313334	OK	 
ACTION	Pricing	47	price	1395136312619	1395136312619	1395136313335	1395136313336	OK	 
ACTION	Pricing	67	price	1395136310074	1395136310075	1395136313338	1395136313338	OK	 
ACTION	Pricing	84	price	1395136304020	1395136304021	1395136313347	1395136313347	OK	 
ACTION	Pricing	29	price	1395136311708	1395136311708	1395136313355	1395136313355	OK	 
ACTION	Pricing	10	price	1395136309734	1395136309735	1395136313359	1395136313359	OK	 
ACTION	Pricing	79	price	1395136306799	1395136306800	1395136313574	1395136313575	OK	 
ACTION	Pricing	56	price	1395136309259	1395136309260	1395136313606	1395136313606	OK	 
ACTION	Pricing	87	price	1395136312114	1395136312114	1395136313626	1395136313626	OK	 
ACTION	Pricing	97	price	1395136312078	1395136312078	1395136313800	1395136313800	OK	 
ACTION	Pricing	82	price	1395136311910	1395136311910	1395136313805	1395136313805	OK	 
ACTION	Pricing	6	price	1395136311855	1395136311855	1395136313809	1395136313809	OK	 
ACTION	Pricing	87	price	1395136313627	1395136313628	1395136313850	1395136313850	OK	 
ACTION	Pricing	23	price	1395136308907	1395136308908	1395136313855	1395136313855	OK	 
ACTION	Pricing	35	price	1395136311783	1395136311783	1395136313876	1395136313876	OK	 
ACTION	Pricing	72	price	1395136309942	1395136309943	1395136313905	1395136313905	OK	 
ACTION	Pricing	85	price	1395136309959	1395136309959	1395136313910	1395136313910	OK	 
ACTION	Pricing	55	price	1395136311674	1395136311674	1395136313941	1395136313941	OK	 
ACTION	Pricing	12	price	1395136311620	1395136311621	1395136313995	1395136313996	OK	 
ACTION	Pricing	22	price	1395136311602	1395136311602	1395136314013	1395136314014	OK	 
ACTION	Pricing	53	price	1395136311562	1395136311562	1395136314018	1395136314019	OK	 
ACTION	Pricing	70	price	1395136311388	1395136311388	1395136314088	1395136314088	OK	 
ACTION	Pricing	71	price	1395136305796	1395136305796	1395136314116	1395136314116	OK	 
ACTION	Pricing	25	price	1395136311315	1395136311316	1395136314148	1395136314148	OK	 
ACTION	Pricing	77	price	1395136311289	1395136311290	1395136314176	1395136314176	OK	 
ACTION	Pricing	38	price	1395136311202	1395136311202	1395136314194	1395136314194	OK	 
ACTION	Pricing	11	price	1395136311170	1395136311170	1395136314246	1395136314246	OK	 
ACTION	Pricing	96	price	1395136311113	1395136311113	1395136314278	1395136314279	OK	 
ACTION	Pricing	68	price	1395136311085	1395136311086	1395136314327	1395136314328	OK	 
ACTION	Pricing	83	price	1395136308271	1395136308271	1395136314382	1395136314382	OK	 
ACTION	Pricing	86	price	1395136310555	1395136310556	1395136314391	1395136314391	OK	 
ACTION	Pricing	30	price	1395136310876	1395136310877	1395136314423	1395136314424	OK	 
ACTION	Pricing	94	price	1395136310792	1395136310793	1395136314461	1395136314461	OK	 
ACTION	Pricing	78	price	1395136301229	1395136301230	1395136314474	1395136314474	OK	 
ACTION	Pricing	30	price	1395136314425	1395136314425	1395136314546	1395136314546	OK	 
ACTION	Pricing	65	price	1395136312620	1395136312620	1395136314566	1395136314567	OK	 
ACTION	Pricing	83	price	1395136314383	1395136314384	1395136314620	1395136314620	OK	 
ACTION	Pricing	21	price	1395136310828	1395136310829	1395136314643	1395136314643	OK	 
ACTION	Pricing	68	price	1395136314330	1395136314330	1395136314677	1395136314678	OK	 
ACTION	Pricing	98	price	1395136311073	1395136311073	1395136314717	1395136314718	OK	 
ACTION	Pricing	91	price	1395136311081	1395136311082	1395136314717	1395136314717	OK	 
ACTION	Pricing	96	price	1395136314280	1395136314281	1395136314746	1395136314746	OK	 
ACTION	Pricing	43	price	1395136311088	1395136311089	1395136314772	1395136314772	OK	 
ACTION	Pricing	2	price	1395136311099	1395136311099	1395136314778	1395136314779	OK	 
ACTION	Pricing	38	price	1395136314197	1395136314197	1395136314827	1395136314827	OK	 
ACTION	Pricing	77	price	1395136314178	1395136314178	1395136314841	1395136314841	OK	 
ACTION	Pricing	25	price	1395136314150	1395136314150	1395136314896	1395136314896	OK	 
ACTION	Pricing	73	price	1395136311234	1395136311234	1395136314930	1395136314930	OK	 
ACTION	Pricing	71	price	1395136314118	1395136314119	1395136314951	1395136314951	OK	 
ACTION	Pricing	92	price	1395136311317	1395136311318	1395136314976	1395136314977	OK	 
ACTION	Pricing	57	price	1395136311394	1395136311394	1395136314994	1395136314995	OK	 
ACTION	Pricing	3	price	1395136311409	1395136311410	1395136315000	1395136315000	OK	 
ACTION	Pricing	95	price	1395136311522	1395136311522	1395136315044	1395136315044	OK	 
ACTION	Pricing	12	price	1395136313997	1395136313997	1395136315089	1395136315089	OK	 
ACTION	Pricing	20	price	1395136311476	1395136311477	1395136315104	1395136315104	OK	 
ACTION	Pricing	85	price	1395136313911	1395136313912	1395136315175	1395136315175	OK	 
ACTION	Pricing	72	price	1395136313907	1395136313908	1395136315204	1395136315205	OK	 
ACTION	Pricing	52	price	1395136311635	1395136311636	1395136315221	1395136315221	OK	 
ACTION	Pricing	23	price	1395136313857	1395136313857	1395136315261	1395136315262	OK	 
ACTION	Pricing	41	price	1395136311750	1395136311750	1395136315292	1395136315292	OK	 
ACTION	Pricing	6	price	1395136313811	1395136313811	1395136315317	1395136315318	OK	 
ACTION	Pricing	97	price	1395136313801	1395136313802	1395136315361	1395136315361	OK	 
ACTION	Pricing	34	price	1395136309790	1395136309791	1395136315367	1395136315367	OK	 
ACTION	Pricing	31	price	1395136309738	1395136309738	1395136315372	1395136315373	OK	 
ACTION	Pricing	64	price	1395136311959	1395136311960	1395136315392	1395136315392	OK	 
ACTION	Pricing	39	price	1395136312003	1395136312003	1395136315420	1395136315420	OK	 
ACTION	Pricing	56	price	1395136313607	1395136313608	1395136315459	1395136315459	OK	 
ACTION	Pricing	79	price	1395136313577	1395136313577	1395136315495	1395136315495	OK	 
ACTION	Pricing	7	price	1395136312176	1395136312177	1395136315524	1395136315524	OK	 
ACTION	Pricing	50	price	1395136312192	1395136312193	1395136315537	1395136315538	OK	 
ACTION	Pricing	59	price	1395136313231	1395136313233	1395136315579	1395136315580	OK	 
ACTION	Pricing	18	price	1395136308928	1395136308929	1395136315670	1395136315670	OK	 
ACTION	Pricing	66	price	1395136306244	1395136306246	1395136315696	1395136315696	OK	 
ACTION	Pricing	62	price	1395136306078	1395136306079	1395136315746	1395136315747	OK	 
ACTION	Pricing	37	price	1395136305757	1395136305757	1395136315803	1395136315804	OK	 
ACTION	Pricing	19	price	1395136305426	1395136305427	1395136315822	1395136315823	OK	 
ACTION	Pricing	46	price	1395136305419	1395136305419	1395136315860	1395136315860	OK	 
ACTION	Pricing	13	price	1395136305311	1395136305312	1395136315880	1395136315880	OK	 
ACTION	Pricing	16	price	1395136313022	1395136313022	1395136315952	1395136315952	OK	 
ACTION	Pricing	81	price	1395136313275	1395136313276	1395136315956	1395136315957	OK	 
ACTION	Pricing	8	price	1395136306982	1395136306982	1395136315970	1395136315970	OK	 
ACTION	Pricing	45	price	1395136312690	1395136312691	1395136315975	1395136315976	OK	 
ACTION	Pricing	40	price	1395136313233	1395136313234	1395136315979	1395136315979	OK	 
ACTION	Pricing	80	price	1395136313175	1395136313231	1395136315986	1395136315987	OK	 
ACTION	Pricing	48	price	1395136312930	1395136312931	1395136316038	1395136316038	OK	 
ACTION	Pricing	16	price	1395136315954	1395136315954	1395136316054	1395136316054	OK	 
ACTION	Pricing	45	price	1395136315977	1395136315978	1395136316080	1395136316080	OK	 
ACTION	Pricing	99	price	1395136313328	1395136313328	1395136316224	1395136316224	OK	 
ACTION	Pricing	100	price	1395136313282	1395136313282	1395136316248	1395136316248	OK	 
ACTION	Pricing	75	price	1395136313251	1395136313251	1395136316297	1395136316297	OK	 
ACTION	Pricing	33	price	1395136313277	1395136313278	1395136316330	1395136316330	OK	 
ACTION	Pricing	58	price	1395136313329	1395136313329	1395136316356	1395136316357	OK	 
ACTION	Pricing	5	price	1395136313331	1395136313331	1395136316372	1395136316373	OK	 
ACTION	Pricing	45	price	1395136316081	1395136316085	1395136316398	1395136316398	OK	 
ACTION	Pricing	1	price	1395136313336	1395136313337	1395136316424	1395136316424	OK	 
ACTION	Pricing	84	price	1395136313348	1395136313349	1395136316441	1395136316442	OK	 
ACTION	Pricing	16	price	1395136316055	1395136316056	1395136316459	1395136316460	OK	 
ACTION	Pricing	48	price	1395136316039	1395136316040	1395136316510	1395136316510	OK	 
ACTION	Pricing	29	price	1395136313357	1395136313358	1395136316548	1395136316549	OK	 
ACTION	Pricing	80	price	1395136315988	1395136315989	1395136316615	1395136316615	OK	 
ACTION	Pricing	40	price	1395136315981	1395136315981	1395136316628	1395136316628	OK	 
ACTION	Pricing	63	price	1395136301270	1395136301271	1395136316628	1395136316628	OK	 
ACTION	Pricing	8	price	1395136315971	1395136315972	1395136316681	1395136316681	OK	 
ACTION	Pricing	81	price	1395136315958	1395136315958	1395136316706	1395136316707	OK	 
ACTION	Pricing	13	price	1395136315882	1395136315882	1395136316725	1395136316725	OK	 
ACTION	Pricing	19	price	1395136315824	1395136315825	1395136316847	1395136316847	OK	 
ACTION	Pricing	62	price	1395136315749	1395136315749	1395136316874	1395136316875	OK	 
ACTION	Pricing	27	price	1395136305868	1395136305869	1395136316918	1395136316918	OK	 
ACTION	Pricing	66	price	1395136315698	1395136315698	1395136316967	1395136316968	OK	 
ACTION	Pricing	24	price	1395136312049	1395136312050	1395136317622	1395136317622	OK	 
ACTION	Pricing	22	price	1395136314015	1395136314016	1395136317641	1395136317641	OK	 
ACTION	Pricing	32	price	1395136307796	1395136307797	1395136317651	1395136317652	OK	 
ACTION	Pricing	92	price	1395136314978	1395136314979	1395136317689	1395136317689	OK	 
ACTION	Pricing	87	price	1395136313852	1395136313852	1395136317699	1395136317699	OK	 
ACTION	Pricing	35	price	1395136313878	1395136313878	1395136317700	1395136317700	OK	 
ACTION	Pricing	61	price	1395136307467	1395136307468	1395136317710	1395136317711	OK	 
ACTION	Pricing	41	price	1395136315293	1395136315293	1395136317714	1395136317714	OK	 
ACTION	Pricing	64	price	1395136315393	1395136315394	1395136317717	1395136317717	OK	 
ACTION	Pricing	56	price	1395136315461	1395136315461	1395136317718	1395136317718	OK	 
ACTION	Pricing	95	price	1395136315046	1395136315047	1395136317717	1395136317719	OK	 
ACTION	Pricing	20	price	1395136315106	1395136315106	1395136317720	1395136317721	OK	 
ACTION	Pricing	12	price	1395136315091	1395136315091	1395136317740	1395136317741	OK	 
ACTION	Pricing	93	price	1395136307237	1395136307238	1395136317741	1395136317741	OK	 
ACTION	Pricing	73	price	1395136314931	1395136314932	1395136317743	1395136317743	OK	 
ACTION	Pricing	57	price	1395136314996	1395136314997	1395136317741	1395136317743	OK	 
ACTION	Pricing	77	price	1395136314843	1395136314844	1395136317806	1395136317806	OK	 
ACTION	Pricing	70	price	1395136314090	1395136314090	1395136317805	1395136317805	OK	 
ACTION	Pricing	25	price	1395136314898	1395136314898	1395136317804	1395136317811	OK	 
ACTION	Pricing	61	price	1395136317712	1395136317713	1395136317834	1395136317834	OK	 
ACTION	Pricing	2	price	1395136314780	1395136314781	1395136317871	1395136317871	OK	 
ACTION	Pricing	9	price	1395136311135	1395136311136	1395136317927	1395136317927	OK	 
ACTION	Pricing	98	price	1395136314720	1395136314721	1395136317990	1395136317990	OK	 
ACTION	Pricing	91	price	1395136314719	1395136314719	1395136318027	1395136318027	OK	 
ACTION	Pricing	11	price	1395136314248	1395136314248	1395136318039	1395136318040	OK	 
ACTION	Pricing	68	price	1395136314679	1395136314679	1395136318077	1395136318077	OK	 
ACTION	Pricing	4	price	1395136310743	1395136310743	1395136318101	1395136318101	OK	 
ACTION	Pricing	26	price	1395136310996	1395136310996	1395136318116	1395136318116	OK	 
ACTION	Pricing	60	price	1395136301257	1395136301258	1395136318175	1395136318176	OK	 
ACTION	Pricing	86	price	1395136314392	1395136314393	1395136318175	1395136318176	OK	 
ACTION	Pricing	4	price	1395136318103	1395136318103	1395136318192	1395136318193	OK	 
ACTION	Pricing	30	price	1395136314548	1395136314548	1395136318225	1395136318225	OK	 
ACTION	Pricing	94	price	1395136314463	1395136314463	1395136318296	1395136318296	OK	 
ACTION	Pricing	15	price	1395136301192	1395136301192	1395136318328	1395136318329	OK	 
ACTION	Pricing	4	price	1395136318194	1395136318195	1395136318337	1395136318337	OK	 
ACTION	Pricing	78	price	1395136314476	1395136314476	1395136318370	1395136318370	OK	 
ACTION	Pricing	60	price	1395136318180	1395136318182	1395136318408	1395136318408	OK	 
ACTION	Pricing	65	price	1395136314568	1395136314569	1395136318430	1395136318430	OK	 
ACTION	Pricing	26	price	1395136318118	1395136318118	1395136318434	1395136318434	OK	 
ACTION	Pricing	83	price	1395136314621	1395136314622	1395136318448	1395136318448	OK	 
ACTION	Pricing	11	price	1395136318041	1395136318042	1395136318493	1395136318493	OK	 
ACTION	Pricing	21	price	1395136314645	1395136314645	1395136318511	1395136318511	OK	 
ACTION	Pricing	91	price	1395136318029	1395136318029	1395136318543	1395136318544	OK	 
ACTION	Pricing	98	price	1395136317992	1395136317992	1395136318599	1395136318600	OK	 
ACTION	Pricing	2	price	1395136317872	1395136317873	1395136318609	1395136318609	OK	 
ACTION	Pricing	96	price	1395136314747	1395136314748	1395136318629	1395136318629	OK	 
ACTION	Pricing	43	price	1395136314773	1395136314774	1395136318656	1395136318656	OK	 
ACTION	Pricing	61	price	1395136317835	1395136317836	1395136318693	1395136318693	OK	 
ACTION	Pricing	25	price	1395136317813	1395136317813	1395136318714	1395136318714	OK	 
ACTION	Pricing	70	price	1395136317810	1395136317811	1395136318759	1395136318760	OK	 
ACTION	Pricing	73	price	1395136317746	1395136317746	1395136318803	1395136318804	OK	 
ACTION	Pricing	57	price	1395136317746	1395136317747	1395136318841	1395136318841	OK	 
ACTION	Pricing	73	price	1395136318805	1395136318805	1395136318907	1395136318908	OK	 
ACTION	Pricing	20	price	1395136317722	1395136317722	1395136318956	1395136318956	OK	 
ACTION	Pricing	95	price	1395136317721	1395136317722	1395136319017	1395136319017	OK	 
ACTION	Pricing	87	price	1395136317702	1395136317703	1395136319052	1395136319052	OK	 
ACTION	Pricing	35	price	1395136317702	1395136317702	1395136319074	1395136319075	OK	 
ACTION	Pricing	32	price	1395136317653	1395136317653	1395136319130	1395136319131	OK	 
ACTION	Pricing	53	price	1395136314020	1395136314021	1395136319164	1395136319165	OK	 
ACTION	Pricing	22	price	1395136317643	1395136317643	1395136319165	1395136319166	OK	 
ACTION	Pricing	55	price	1395136313942	1395136313943	1395136319187	1395136319187	OK	 
ACTION	Pricing	51	price	1395136311452	1395136311453	1395136319190	1395136319190	OK	 
ACTION	Pricing	72	price	1395136315206	1395136315206	1395136319229	1395136319229	OK	 
ACTION	Pricing	52	price	1395136315223	1395136315223	1395136319251	1395136319251	OK	 
ACTION	Pricing	82	price	1395136313806	1395136313809	1395136319275	1395136319275	OK	 
ACTION	Pricing	6	price	1395136315319	1395136315320	1395136319299	1395136319299	OK	 
ACTION	Pricing	97	price	1395136315363	1395136315363	1395136319328	1395136319329	OK	 
ACTION	Pricing	7	price	1395136315525	1395136315526	1395136319414	1395136319414	OK	 
ACTION	Pricing	42	price	1395136305928	1395136305929	1395136319416	1395136319416	OK	 
ACTION	Pricing	50	price	1395136315539	1395136315540	1395136319462	1395136319462	OK	 
ACTION	Pricing	49	price	1395136308799	1395136308800	1395136319484	1395136319484	OK	 
ACTION	Pricing	14	price	1395136309002	1395136309003	1395136319524	1395136319524	OK	 
ACTION	Pricing	42	price	1395136319418	1395136319419	1395136319541	1395136319541	OK	 
ACTION	Pricing	36	price	1395136306619	1395136306620	1395136319584	1395136319585	OK	 
ACTION	Pricing	17	price	1395136306464	1395136306465	1395136319592	1395136319592	OK	 
ACTION	Pricing	44	price	1395136306143	1395136306145	1395136319624	1395136319624	OK	 
ACTION	Pricing	27	price	1395136316920	1395136316920	1395136319661	1395136319661	OK	 
ACTION	Pricing	18	price	1395136315672	1395136315672	1395136319707	1395136319708	OK	 
ACTION	Pricing	19	price	1395136316849	1395136316850	1395136319726	1395136319727	OK	 
ACTION	Pricing	89	price	1395136303982	1395136303982	1395136319770	1395136319771	OK	 
ACTION	Pricing	90	price	1395136303050	1395136303051	1395136319774	1395136319774	OK	 
ACTION	Pricing	46	price	1395136315862	1395136315862	1395136319801	1395136319802	OK	 
ACTION	Pricing	37	price	1395136315805	1395136315806	1395136319811	1395136319811	OK	 
ACTION	Pricing	8	price	1395136316682	1395136316683	1395136319872	1395136319872	OK	 
ACTION	Pricing	63	price	1395136316631	1395136316632	1395136319917	1395136319918	OK	 
ACTION	Pricing	80	price	1395136316617	1395136316617	1395136319984	1395136319984	OK	 
ACTION	Pricing	54	price	1395136312836	1395136312837	1395136320022	1395136320022	OK	 
ACTION	Pricing	29	price	1395136316550	1395136316551	1395136320031	1395136320031	OK	 
ACTION	Pricing	16	price	1395136316461	1395136316462	1395136320048	1395136320049	OK	 
ACTION	Pricing	84	price	1395136316443	1395136316443	1395136320072	1395136320073	OK	 
ACTION	Pricing	1	price	1395136316426	1395136316426	1395136320116	1395136320117	OK	 
ACTION	Pricing	28	price	1395136313340	1395136313340	1395136320150	1395136320150	OK	 
ACTION	Pricing	5	price	1395136316374	1395136316374	1395136320191	1395136320192	OK	 
ACTION	Pricing	99	price	1395136316226	1395136316227	1395136320269	1395136320270	OK	 
ACTION	Pricing	88	price	1395136313234	1395136313234	1395136320282	1395136320282	OK	 
ACTION	Pricing	5	price	1395136320193	1395136320194	1395136320343	1395136320343	OK	 
ACTION	Pricing	100	price	1395136316250	1395136316250	1395136320351	1395136320351	OK	 
ACTION	Pricing	28	price	1395136320152	1395136320153	1395136320371	1395136320371	OK	 
ACTION	Pricing	75	price	1395136316299	1395136316300	1395136320375	1395136320375	OK	 
ACTION	Pricing	58	price	1395136316358	1395136316359	1395136320455	1395136320455	OK	 
ACTION	Pricing	33	price	1395136316332	1395136316333	1395136320462	1395136320462	OK	 
ACTION	Pricing	84	price	1395136320074	1395136320074	1395136320483	1395136320483	OK	 
ACTION	Pricing	16	price	1395136320050	1395136320051	1395136320509	1395136320509	OK	 
ACTION	Pricing	29	price	1395136320032	1395136320033	1395136320555	1395136320555	OK	 
ACTION	Pricing	54	price	1395136320024	1395136320024	1395136320590	1395136320590	OK	 
ACTION	Pricing	10	price	1395136313362	1395136313362	1395136320658	1395136320658	OK	 
ACTION	Pricing	40	price	1395136316629	1395136316630	1395136320674	1395136320674	OK	 
ACTION	Pricing	76	price	1395136312621	1395136312621	1395136320710	1395136320710	OK	 
ACTION	Pricing	46	price	1395136319803	1395136319803	1395136320745	1395136320746	OK	 
ACTION	Pricing	81	price	1395136316708	1395136316709	1395136320756	1395136320756	OK	 
ACTION	Pricing	90	price	1395136319775	1395136319775	1395136320791	1395136320791	OK	 
ACTION	Pricing	89	price	1395136319772	1395136319773	1395136320875	1395136320875	OK	 
ACTION	Pricing	74	price	1395136307205	1395136307205	1395136320877	1395136320877	OK	 
ACTION	Pricing	18	price	1395136319709	1395136319710	1395136320892	1395136320893	OK	 
ACTION	Pricing	27	price	1395136319663	1395136319663	1395136320944	1395136320945	OK	 
ACTION	Pricing	62	price	1395136316876	1395136316878	1395136320973	1395136320973	OK	 
ACTION	Pricing	44	price	1395136319626	1395136319626	1395136321016	1395136321016	OK	 
ACTION	Pricing	17	price	1395136319594	1395136319594	1395136321032	1395136321032	OK	 
ACTION	Pricing	42	price	1395136319543	1395136319544	1395136321061	1395136321061	OK	 
ACTION	Pricing	14	price	1395136319526	1395136319526	1395136321096	1395136321096	OK	 
ACTION	Pricing	69	price	1395136306203	1395136306204	1395136321100	1395136321101	OK	 
ACTION	Pricing	49	price	1395136319485	1395136319486	1395136321152	1395136321152	OK	 
ACTION	Pricing	59	price	1395136315581	1395136315582	1395136321180	1395136321181	OK	 
ACTION	Pricing	7	price	1395136319417	1395136319417	1395136321232	1395136321232	OK	 
ACTION	Pricing	79	price	1395136315497	1395136315498	1395136321239	1395136321239	OK	 
ACTION	Pricing	47	price	1395136313340	1395136313341	1395136321240	1395136321240	OK	 
ACTION	Pricing	34	price	1395136315369	1395136315369	1395136321278	1395136321279	OK	 
ACTION	Pricing	31	price	1395136315375	1395136315375	1395136321322	1395136321323	OK	 
ACTION	Pricing	82	price	1395136319277	1395136319277	1395136321345	1395136321345	OK	 
ACTION	Pricing	23	price	1395136315263	1395136315264	1395136321379	1395136321381	OK	 
ACTION	Pricing	72	price	1395136319230	1395136319231	1395136321396	1395136321397	OK	 
ACTION	Pricing	51	price	1395136319192	1395136319192	1395136321420	1395136321421	OK	 
ACTION	Pricing	85	price	1395136315177	1395136315178	1395136321488	1395136321489	OK	 
ACTION	Pricing	71	price	1395136314952	1395136314952	1395136321489	1395136321490	OK	 
ACTION	Pricing	22	price	1395136319167	1395136319168	1395136321491	1395136321491	OK	 
ACTION	Pricing	3	price	1395136315002	1395136315002	1395136321500	1395136321500	OK	 
ACTION	Pricing	20	price	1395136318957	1395136318958	1395136322130	1395136322130	OK	 
ACTION	Pricing	56	price	1395136317719	1395136317721	1395136322184	1395136322184	OK	 
ACTION	Pricing	43	price	1395136318657	1395136318658	1395136322224	1395136322225	OK	 
ACTION	Pricing	68	price	1395136318080	1395136318081	1395136322227	1395136322228	OK	 
ACTION	Pricing	86	price	1395136318179	1395136318179	1395136322235	1395136322235	OK	 
ACTION	Pricing	41	price	1395136317716	1395136317719	1395136322238	1395136322238	OK	 
ACTION	Pricing	98	price	1395136318601	1395136318602	1395136322258	1395136322259	OK	 
ACTION	Pricing	30	price	1395136318227	1395136318229	1395136322309	1395136322309	OK	 
ACTION	Pricing	4	price	1395136318338	1395136318339	1395136322309	1395136322309	OK	 
ACTION	Pricing	64	price	1395136317718	1395136317719	1395136322354	1395136322354	OK	 
ACTION	Pricing	2	price	1395136318611	1395136318611	1395136322366	1395136322367	OK	 
ACTION	Pricing	15	price	1395136318330	1395136318331	1395136322386	1395136322386	OK	 
ACTION	Pricing	65	price	1395136318431	1395136318432	1395136322393	1395136322393	OK	 
ACTION	Pricing	83	price	1395136318450	1395136318450	1395136322401	1395136322401	OK	 
ACTION	Pricing	26	price	1395136318435	1395136318435	1395136322403	1395136322403	OK	 
ACTION	Pricing	73	price	1395136318909	1395136318910	1395136322407	1395136322407	OK	 
ACTION	Pricing	96	price	1395136318631	1395136318631	1395136322410	1395136322411	OK	 
ACTION	Pricing	11	price	1395136318495	1395136318495	1395136322553	1395136322553	OK	 
ACTION	Pricing	35	price	1395136319076	1395136319077	1395136322672	1395136322672	OK	 
ACTION	Pricing	25	price	1395136318716	1395136318717	1395136322720	1395136322720	OK	 
ACTION	Pricing	38	price	1395136314828	1395136314829	1395136322721	1395136322721	OK	 
ACTION	Pricing	93	price	1395136317745	1395136317745	1395136322736	1395136322736	OK	 
ACTION	Pricing	61	price	1395136318695	1395136318695	1395136322744	1395136322744	OK	 
ACTION	Pricing	9	price	1395136317929	1395136317929	1395136322745	1395136322745	OK	 
ACTION	Pricing	91	price	1395136318545	1395136318546	1395136322746	1395136322746	OK	 
ACTION	Pricing	21	price	1395136318513	1395136318513	1395136322749	1395136322749	OK	 
ACTION	Pricing	78	price	1395136318372	1395136318373	1395136322749	1395136322750	OK	 
ACTION	Pricing	60	price	1395136318409	1395136318410	1395136322747	1395136322747	OK	 
ACTION	Pricing	77	price	1395136317808	1395136317811	1395136322745	1395136322752	OK	 
ACTION	Pricing	48	price	1395136316511	1395136316511	1395136323111	1395136323111	OK	 
ACTION	Pricing	67	price	1395136313342	1395136313342	1395136323113	1395136323113	OK	 
ACTION	Pricing	92	price	1395136317690	1395136317691	1395136323117	1395136323117	OK	 
ACTION	Pricing	39	price	1395136315421	1395136315421	1395136323122	1395136323122	OK	 
ACTION	Pricing	45	price	1395136316400	1395136316400	1395136323125	1395136323125	OK	 
ACTION	Pricing	6	price	1395136319301	1395136319301	1395136323129	1395136323130	OK	 
ACTION	Pricing	1	price	1395136320118	1395136320118	1395136323135	1395136323135	OK	 
ACTION	Pricing	12	price	1395136317743	1395136317745	1395136323168	1395136323168	OK	 
ACTION	Pricing	74	price	1395136320878	1395136320879	1395136323192	1395136323193	OK	 
ACTION	Pricing	73	price	1395136322409	1395136322410	1395136323206	1395136323206	OK	 
ACTION	Pricing	26	price	1395136322404	1395136322405	1395136323231	1395136323231	OK	 
ACTION	Pricing	83	price	1395136322403	1395136322404	1395136323250	1395136323250	OK	 
ACTION	Pricing	4	price	1395136322312	1395136322312	1395136323294	1395136323295	OK	 
ACTION	Pricing	68	price	1395136322229	1395136322229	1395136323384	1395136323384	OK	 
ACTION	Pricing	43	price	1395136322226	1395136322226	1395136323415	1395136323416	OK	 
ACTION	Pricing	20	price	1395136322131	1395136322132	1395136323471	1395136323471	OK	 
ACTION	Pricing	94	price	1395136318298	1395136318299	1395136323518	1395136323518	OK	 
ACTION	Pricing	56	price	1395136322186	1395136322186	1395136323537	1395136323538	OK	 
ACTION	Pricing	68	price	1395136323385	1395136323386	1395136323561	1395136323561	OK	 
ACTION	Pricing	94	price	1395136323519	1395136323520	1395136323593	1395136323593	OK	 
ACTION	Pricing	41	price	1395136322239	1395136322239	1395136323612	1395136323614	OK	 
ACTION	Pricing	86	price	1395136322237	1395136322237	1395136323680	1395136323680	OK	 
ACTION	Pricing	98	price	1395136322260	1395136322260	1395136323689	1395136323689	OK	 
ACTION	Pricing	30	price	1395136322311	1395136322311	1395136323726	1395136323726	OK	 
ACTION	Pricing	83	price	1395136323252	1395136323252	1395136323746	1395136323746	OK	 
ACTION	Pricing	26	price	1395136323232	1395136323233	1395136323786	1395136323786	OK	 
ACTION	Pricing	15	price	1395136322388	1395136322388	1395136323816	1395136323816	OK	 
ACTION	Pricing	74	price	1395136323194	1395136323202	1395136323872	1395136323873	OK	 
ACTION	Pricing	12	price	1395136323169	1395136323170	1395136323895	1395136323895	OK	 
ACTION	Pricing	1	price	1395136323137	1395136323137	1395136323944	1395136323944	OK	 
ACTION	Pricing	6	price	1395136323131	1395136323132	1395136323984	1395136323985	OK	 
ACTION	Pricing	45	price	1395136323127	1395136323127	1395136324031	1395136324032	OK	 
ACTION	Pricing	67	price	1395136323115	1395136323115	1395136324075	1395136324075	OK	 
ACTION	Pricing	48	price	1395136323114	1395136323114	1395136324096	1395136324097	OK	 
ACTION	Pricing	91	price	1395136322754	1395136322754	1395136324161	1395136324161	OK	 
ACTION	Pricing	77	price	1395136322757	1395136322757	1395136324184	1395136324184	OK	 
ACTION	Pricing	60	price	1395136322756	1395136322757	1395136324234	1395136324234	OK	 
ACTION	Pricing	21	price	1395136322755	1395136322755	1395136324293	1395136324293	OK	 
ACTION	Pricing	9	price	1395136322754	1395136322754	1395136324300	1395136324301	OK	 
ACTION	Pricing	93	price	1395136322738	1395136322738	1395136324357	1395136324357	OK	 
ACTION	Pricing	38	price	1395136322722	1395136322723	1395136324411	1395136324411	OK	 
ACTION	Pricing	87	price	1395136319054	1395136319054	1395136324454	1395136324454	OK	 
ACTION	Pricing	24	price	1395136317624	1395136317624	1395136324496	1395136324496	OK	 
ACTION	Pricing	53	price	1395136319166	1395136319167	1395136324562	1395136324563	OK	 
ACTION	Pricing	52	price	1395136319253	1395136319253	1395136324669	1395136324670	OK	 
ACTION	Pricing	79	price	1395136321240	1395136321242	1395136324728	1395136324728	OK	 
ACTION	Pricing	47	price	1395136321242	1395136321242	1395136324738	1395136324738	OK	 
ACTION	Pricing	49	price	1395136321153	1395136321154	1395136324795	1395136324795	OK	 
ACTION	Pricing	50	price	1395136319464	1395136319464	1395136324812	1395136324812	OK	 
ACTION	Pricing	14	price	1395136321098	1395136321098	1395136324838	1395136324838	OK	 
ACTION	Pricing	62	price	1395136320974	1395136320975	1395136324909	1395136324909	OK	 
ACTION	Pricing	37	price	1395136319812	1395136319813	1395136325060	1395136325060	OK	 
ACTION	Pricing	63	price	1395136319919	1395136319920	1395136325092	1395136325093	OK	 
ACTION	Pricing	80	price	1395136319985	1395136319986	1395136325149	1395136325149	OK	 
SCENARIO	Pricing	80	END	1395136325150
ACTION	Pricing	16	price	1395136320511	1395136320511	1395136325157	1395136325157	OK	 
SCENARIO	Pricing	16	END	1395136325158
ACTION	Pricing	33	price	1395136320464	1395136320464	1395136325175	1395136325176	OK	 
SCENARIO	Pricing	33	END	1395136325177
ACTION	Pricing	58	price	1395136320456	1395136320457	1395136325219	1395136325219	OK	 
SCENARIO	Pricing	58	END	1395136325220
ACTION	Pricing	75	price	1395136320376	1395136320377	1395136325236	1395136325236	OK	 
SCENARIO	Pricing	75	END	1395136325237
ACTION	Pricing	5	price	1395136320345	1395136320345	1395136325269	1395136325269	OK	 
SCENARIO	Pricing	5	END	1395136325270
ACTION	Pricing	99	price	1395136320271	1395136320271	1395136325321	1395136325322	OK	 
SCENARIO	Pricing	99	END	1395136325322
ACTION	Pricing	8	price	1395136319874	1395136319874	1395136325337	1395136325337	OK	 
SCENARIO	Pricing	8	END	1395136325338
ACTION	Pricing	29	price	1395136320557	1395136320558	1395136325387	1395136325388	OK	 
SCENARIO	Pricing	29	END	1395136325389
ACTION	Pricing	59	price	1395136321182	1395136321182	1395136325394	1395136325395	OK	 
SCENARIO	Pricing	59	END	1395136325395
ACTION	Pricing	66	price	1395136316969	1395136316971	1395136325403	1395136325403	OK	 
SCENARIO	Pricing	66	END	1395136325404
ACTION	Pricing	11	price	1395136322554	1395136322555	1395136325454	1395136325454	OK	 
SCENARIO	Pricing	11	END	1395136325455
ACTION	Pricing	28	price	1395136320373	1395136320373	1395136325464	1395136325464	OK	 
SCENARIO	Pricing	28	END	1395136325465
ACTION	Pricing	100	price	1395136320353	1395136320354	1395136325480	1395136325480	OK	 
SCENARIO	Pricing	100	END	1395136325481
ACTION	Pricing	63	price	1395136325094	1395136325094	1395136325509	1395136325509	OK	 
SCENARIO	Pricing	63	END	1395136325510
ACTION	Pricing	84	price	1395136320485	1395136320485	1395136325546	1395136325546	OK	 
SCENARIO	Pricing	84	END	1395136325547
ACTION	Pricing	37	price	1395136325062	1395136325062	1395136325592	1395136325592	OK	 
SCENARIO	Pricing	37	END	1395136325593
ACTION	Pricing	54	price	1395136320592	1395136320592	1395136325603	1395136325603	OK	 
SCENARIO	Pricing	54	END	1395136325604
ACTION	Pricing	10	price	1395136320660	1395136320660	1395136325661	1395136325661	OK	 
SCENARIO	Pricing	10	END	1395136325662
ACTION	Pricing	40	price	1395136320675	1395136320676	1395136325679	1395136325679	OK	 
SCENARIO	Pricing	40	END	1395136325680
ACTION	Pricing	76	price	1395136320711	1395136320712	1395136325682	1395136325682	OK	 
SCENARIO	Pricing	76	END	1395136325683
ACTION	Pricing	46	price	1395136320747	1395136320747	1395136325693	1395136325694	OK	 
SCENARIO	Pricing	46	END	1395136325694
ACTION	Pricing	19	price	1395136319728	1395136319729	1395136325707	1395136325708	OK	 
SCENARIO	Pricing	19	END	1395136325709
ACTION	Pricing	81	price	1395136320757	1395136320759	1395136325715	1395136325715	OK	 
SCENARIO	Pricing	81	END	1395136325716
ACTION	Pricing	13	price	1395136316726	1395136316727	1395136325725	1395136325726	OK	 
SCENARIO	Pricing	13	END	1395136325726
ACTION	Pricing	90	price	1395136320793	1395136320793	1395136325767	1395136325767	OK	 
SCENARIO	Pricing	90	END	1395136325768
ACTION	Pricing	18	price	1395136320894	1395136320895	1395136325790	1395136325790	OK	 
SCENARIO	Pricing	18	END	1395136325791
ACTION	Pricing	89	price	1395136320877	1395136320877	1395136325793	1395136325793	OK	 
SCENARIO	Pricing	89	END	1395136325793
ACTION	Pricing	62	price	1395136324911	1395136324911	1395136325834	1395136325834	OK	 
SCENARIO	Pricing	62	END	1395136325835
ACTION	Pricing	96	price	1395136322412	1395136322412	1395136325837	1395136325837	OK	 
SCENARIO	Pricing	96	END	1395136325838
ACTION	Pricing	36	price	1395136319586	1395136319587	1395136325884	1395136325884	OK	 
SCENARIO	Pricing	36	END	1395136325885
ACTION	Pricing	27	price	1395136320947	1395136320947	1395136325887	1395136325887	OK	 
SCENARIO	Pricing	27	END	1395136325887
ACTION	Pricing	14	price	1395136324839	1395136324840	1395136325911	1395136325911	OK	 
SCENARIO	Pricing	14	END	1395136325912
ACTION	Pricing	17	price	1395136321034	1395136321034	1395136325915	1395136325915	OK	 
SCENARIO	Pricing	17	END	1395136325915
ACTION	Pricing	50	price	1395136324813	1395136324814	1395136325979	1395136325979	OK	 
SCENARIO	Pricing	50	END	1395136325980
ACTION	Pricing	49	price	1395136324796	1395136324797	1395136325990	1395136325990	OK	 
SCENARIO	Pricing	49	END	1395136325990
ACTION	Pricing	69	price	1395136321102	1395136321103	1395136326010	1395136326011	OK	 
SCENARIO	Pricing	69	END	1395136326011
ACTION	Pricing	79	price	1395136324730	1395136324730	1395136326050	1395136326051	OK	 
SCENARIO	Pricing	79	END	1395136326051
ACTION	Pricing	97	price	1395136319330	1395136319331	1395136326070	1395136326070	OK	 
SCENARIO	Pricing	97	END	1395136326071
ACTION	Pricing	7	price	1395136321234	1395136321234	1395136326082	1395136326082	OK	 
SCENARIO	Pricing	7	END	1395136326083
ACTION	Pricing	23	price	1395136321383	1395136321383	1395136326157	1395136326157	OK	 
SCENARIO	Pricing	23	END	1395136326158
ACTION	Pricing	55	price	1395136319189	1395136319190	1395136326159	1395136326159	OK	 
SCENARIO	Pricing	55	END	1395136326159
ACTION	Pricing	51	price	1395136321422	1395136321422	1395136326226	1395136326226	OK	 
SCENARIO	Pricing	51	END	1395136326227
ACTION	Pricing	87	price	1395136324455	1395136324456	1395136326269	1395136326269	OK	 
SCENARIO	Pricing	87	END	1395136326270
ACTION	Pricing	85	price	1395136321490	1395136321491	1395136326281	1395136326281	OK	 
SCENARIO	Pricing	85	END	1395136326281
ACTION	Pricing	38	price	1395136324413	1395136324414	1395136326295	1395136326295	OK	 
SCENARIO	Pricing	38	END	1395136326296
ACTION	Pricing	3	price	1395136321502	1395136321502	1395136326319	1395136326319	OK	 
SCENARIO	Pricing	3	END	1395136326320
ACTION	Pricing	95	price	1395136319019	1395136319019	1395136326365	1395136326365	OK	 
SCENARIO	Pricing	95	END	1395136326366
ACTION	Pricing	57	price	1395136318843	1395136318843	1395136326376	1395136326376	OK	 
SCENARIO	Pricing	57	END	1395136326377
ACTION	Pricing	70	price	1395136318761	1395136318761	1395136326413	1395136326413	OK	 
SCENARIO	Pricing	70	END	1395136326414
ACTION	Pricing	61	price	1395136322746	1395136322753	1395136326437	1395136326438	OK	 
SCENARIO	Pricing	61	END	1395136326439
ACTION	Pricing	60	price	1395136324235	1395136324236	1395136326476	1395136326476	OK	 
SCENARIO	Pricing	60	END	1395136326477
ACTION	Pricing	78	price	1395136322755	1395136322756	1395136326520	1395136326520	OK	 
SCENARIO	Pricing	78	END	1395136326520
ACTION	Pricing	77	price	1395136324185	1395136324186	1395136326532	1395136326532	OK	 
SCENARIO	Pricing	77	END	1395136326533
ACTION	Pricing	91	price	1395136324162	1395136324163	1395136326554	1395136326554	OK	 
SCENARIO	Pricing	91	END	1395136326555
ACTION	Pricing	45	price	1395136324033	1395136324033	1395136326587	1395136326587	OK	 
SCENARIO	Pricing	45	END	1395136326588
ACTION	Pricing	6	price	1395136323987	1395136323987	1395136326639	1395136326639	OK	 
SCENARIO	Pricing	6	END	1395136326640
ACTION	Pricing	12	price	1395136323897	1395136323897	1395136326704	1395136326704	OK	 
SCENARIO	Pricing	12	END	1395136326705
ACTION	Pricing	74	price	1395136323874	1395136323875	1395136326741	1395136326742	OK	 
SCENARIO	Pricing	74	END	1395136326742
ACTION	Pricing	65	price	1395136322394	1395136322395	1395136326761	1395136326761	OK	 
SCENARIO	Pricing	65	END	1395136326762
ACTION	Pricing	15	price	1395136323817	1395136323818	1395136326811	1395136326811	OK	 
SCENARIO	Pricing	15	END	1395136326811
ACTION	Pricing	73	price	1395136323208	1395136323208	1395136326826	1395136326826	OK	 
SCENARIO	Pricing	73	END	1395136326827
ACTION	Pricing	2	price	1395136322368	1395136322369	1395136326864	1395136326864	OK	 
SCENARIO	Pricing	2	END	1395136326865
ACTION	Pricing	64	price	1395136322356	1395136322357	1395136326904	1395136326904	OK	 
SCENARIO	Pricing	64	END	1395136326904
ACTION	Pricing	86	price	1395136323682	1395136323682	1395136326940	1395136326941	OK	 
SCENARIO	Pricing	86	END	1395136326941
ACTION	Pricing	41	price	1395136323615	1395136323615	1395136326965	1395136326966	OK	 
SCENARIO	Pricing	41	END	1395136326966
ACTION	Pricing	4	price	1395136323296	1395136323297	1395136326968	1395136326969	OK	 
SCENARIO	Pricing	4	END	1395136326969
ACTION	Pricing	68	price	1395136323562	1395136323562	1395136327000	1395136327000	OK	 
SCENARIO	Pricing	68	END	1395136327001
ACTION	Pricing	20	price	1395136323472	1395136323473	1395136327062	1395136327063	OK	 
SCENARIO	Pricing	20	END	1395136327063
ACTION	Pricing	43	price	1395136323417	1395136323417	1395136327064	1395136327064	OK	 
SCENARIO	Pricing	43	END	1395136327065
ACTION	Pricing	56	price	1395136323539	1395136323539	1395136327114	1395136327114	OK	 
SCENARIO	Pricing	56	END	1395136327115
ACTION	Pricing	94	price	1395136323594	1395136323594	1395136327164	1395136327164	OK	 
SCENARIO	Pricing	94	END	1395136327165
ACTION	Pricing	98	price	1395136323691	1395136323691	1395136327199	1395136327200	OK	 
SCENARIO	Pricing	98	END	1395136327201
ACTION	Pricing	30	price	1395136323727	1395136323728	1395136327225	1395136327225	OK	 
SCENARIO	Pricing	30	END	1395136327226
ACTION	Pricing	83	price	1395136323748	1395136323748	1395136327238	1395136327238	OK	 
SCENARIO	Pricing	83	END	1395136327239
ACTION	Pricing	26	price	1395136323789	1395136323789	1395136327246	1395136327247	OK	 
SCENARIO	Pricing	26	END	1395136327248
ACTION	Pricing	39	price	1395136323124	1395136323124	1395136327285	1395136327286	OK	 
SCENARIO	Pricing	39	END	1395136327286
ACTION	Pricing	92	price	1395136323119	1395136323119	1395136327307	1395136327307	OK	 
SCENARIO	Pricing	92	END	1395136327307
ACTION	Pricing	67	price	1395136324076	1395136324077	1395136327346	1395136327346	OK	 
SCENARIO	Pricing	67	END	1395136327347
ACTION	Pricing	48	price	1395136324098	1395136324099	1395136327366	1395136327367	OK	 
SCENARIO	Pricing	48	END	1395136327368
ACTION	Pricing	9	price	1395136324302	1395136324303	1395136327415	1395136327416	OK	 
SCENARIO	Pricing	9	END	1395136327416
ACTION	Pricing	71	price	1395136321491	1395136321491	1395136327433	1395136327434	OK	 
SCENARIO	Pricing	71	END	1395136327434
ACTION	Pricing	82	price	1395136321347	1395136321347	1395136327457	1395136327457	OK	 
SCENARIO	Pricing	82	END	1395136327459
ACTION	Pricing	24	price	1395136324498	1395136324499	1395136327471	1395136327471	OK	 
SCENARIO	Pricing	24	END	1395136327472
ACTION	Pricing	32	price	1395136319133	1395136319134	1395136327475	1395136327475	OK	 
SCENARIO	Pricing	32	END	1395136327476
ACTION	Pricing	22	price	1395136321492	1395136321492	1395136327502	1395136327502	OK	 
SCENARIO	Pricing	22	END	1395136327503
ACTION	Pricing	53	price	1395136324564	1395136324564	1395136327507	1395136327507	OK	 
SCENARIO	Pricing	53	END	1395136327508
ACTION	Pricing	72	price	1395136321398	1395136321398	1395136327521	1395136327521	OK	 
SCENARIO	Pricing	72	END	1395136327522
ACTION	Pricing	31	price	1395136321324	1395136321324	1395136327548	1395136327548	OK	 
SCENARIO	Pricing	31	END	1395136327549
ACTION	Pricing	34	price	1395136321280	1395136321280	1395136327560	1395136327560	OK	 
SCENARIO	Pricing	34	END	1395136327561
ACTION	Pricing	52	price	1395136324671	1395136324672	1395136327579	1395136327579	OK	 
SCENARIO	Pricing	52	END	1395136327579
ACTION	Pricing	47	price	1395136324740	1395136324741	1395136327629	1395136327630	OK	 
SCENARIO	Pricing	47	END	1395136327630
ACTION	Pricing	42	price	1395136321062	1395136321063	1395136327636	1395136327636	OK	 
SCENARIO	Pricing	42	END	1395136327637
ACTION	Pricing	44	price	1395136321018	1395136321018	1395136327706	1395136327707	OK	 
SCENARIO	Pricing	44	END	1395136327708
ACTION	Pricing	88	price	1395136320283	1395136320283	1395136327708	1395136327708	OK	 
SCENARIO	Pricing	88	END	1395136327709
ACTION	Pricing	35	price	1395136322674	1395136322675	1395136327712	1395136327712	OK	 
SCENARIO	Pricing	35	END	1395136327713
ACTION	Pricing	93	price	1395136324359	1395136324359	1395136327718	1395136327718	OK	 
SCENARIO	Pricing	93	END	1395136327719
ACTION	Pricing	25	price	1395136322722	1395136322722	1395136327726	1395136327727	OK	 
SCENARIO	Pricing	25	END	1395136327728
ACTION	Pricing	21	price	1395136324295	1395136324295	1395136327759	1395136327760	OK	 
SCENARIO	Pricing	21	END	1395136327760
ACTION	Pricing	1	price	1395136323946	1395136323947	1395136327770	1395136327770	OK	 
SCENARIO	Pricing	1	END	1395136327771
