RUN	20131028220527	pricingsimulation	pricingsimulation
SCENARIO	Pricing	13	START	1383012328394
SCENARIO	Pricing	44	START	1383012328397
SCENARIO	Pricing	97	START	1383012328399
SCENARIO	Pricing	17	START	1383012328400
SCENARIO	Pricing	50	START	1383012328400
SCENARIO	Pricing	95	START	1383012328400
SCENARIO	Pricing	26	START	1383012328400
SCENARIO	Pricing	99	START	1383012328400
SCENARIO	Pricing	87	START	1383012328400
SCENARIO	Pricing	91	START	1383012328401
SCENARIO	Pricing	57	START	1383012328401
SCENARIO	Pricing	5	START	1383012328401
SCENARIO	Pricing	14	START	1383012328401
SCENARIO	Pricing	90	START	1383012328401
SCENARIO	Pricing	33	START	1383012328401
SCENARIO	Pricing	94	START	1383012328401
SCENARIO	Pricing	98	START	1383012328401
SCENARIO	Pricing	100	START	1383012328401
SCENARIO	Pricing	71	START	1383012328401
SCENARIO	Pricing	55	START	1383012328401
SCENARIO	Pricing	70	START	1383012328402
SCENARIO	Pricing	54	START	1383012328402
SCENARIO	Pricing	63	START	1383012328402
SCENARIO	Pricing	6	START	1383012328402
SCENARIO	Pricing	28	START	1383012328402
SCENARIO	Pricing	2	START	1383012328402
SCENARIO	Pricing	65	START	1383012328402
SCENARIO	Pricing	74	START	1383012328402
SCENARIO	Pricing	92	START	1383012328402
SCENARIO	Pricing	24	START	1383012328402
SCENARIO	Pricing	37	START	1383012328402
SCENARIO	Pricing	11	START	1383012328402
SCENARIO	Pricing	68	START	1383012328402
SCENARIO	Pricing	20	START	1383012328402
SCENARIO	Pricing	73	START	1383012328402
SCENARIO	Pricing	93	START	1383012328403
SCENARIO	Pricing	30	START	1383012328403
SCENARIO	Pricing	34	START	1383012328403
SCENARIO	Pricing	72	START	1383012328403
SCENARIO	Pricing	21	START	1383012328403
SCENARIO	Pricing	35	START	1383012328403
SCENARIO	Pricing	53	START	1383012328403
SCENARIO	Pricing	69	START	1383012328403
SCENARIO	Pricing	1	START	1383012328403
SCENARIO	Pricing	78	START	1383012328403
SCENARIO	Pricing	15	START	1383012328403
SCENARIO	Pricing	51	START	1383012328403
SCENARIO	Pricing	56	START	1383012328403
SCENARIO	Pricing	47	START	1383012328404
SCENARIO	Pricing	29	START	1383012328404
SCENARIO	Pricing	40	START	1383012328404
SCENARIO	Pricing	39	START	1383012328404
SCENARIO	Pricing	41	START	1383012328404
SCENARIO	Pricing	96	START	1383012328404
SCENARIO	Pricing	31	START	1383012328404
SCENARIO	Pricing	8	START	1383012328404
SCENARIO	Pricing	80	START	1383012328404
SCENARIO	Pricing	38	START	1383012328404
SCENARIO	Pricing	60	START	1383012328404
SCENARIO	Pricing	83	START	1383012328404
SCENARIO	Pricing	52	START	1383012328404
SCENARIO	Pricing	3	START	1383012328404
SCENARIO	Pricing	76	START	1383012328404
SCENARIO	Pricing	25	START	1383012328404
SCENARIO	Pricing	86	START	1383012328404
SCENARIO	Pricing	7	START	1383012328404
SCENARIO	Pricing	59	START	1383012328404
SCENARIO	Pricing	66	START	1383012328404
SCENARIO	Pricing	81	START	1383012328404
SCENARIO	Pricing	46	START	1383012328404
SCENARIO	Pricing	42	START	1383012328404
SCENARIO	Pricing	19	START	1383012328404
SCENARIO	Pricing	32	START	1383012328404
SCENARIO	Pricing	48	START	1383012328404
SCENARIO	Pricing	58	START	1383012328404
SCENARIO	Pricing	43	START	1383012328405
SCENARIO	Pricing	36	START	1383012328405
SCENARIO	Pricing	22	START	1383012328405
SCENARIO	Pricing	61	START	1383012328405
SCENARIO	Pricing	77	START	1383012328405
SCENARIO	Pricing	9	START	1383012328405
SCENARIO	Pricing	12	START	1383012328405
SCENARIO	Pricing	45	START	1383012328405
SCENARIO	Pricing	27	START	1383012328405
SCENARIO	Pricing	85	START	1383012328405
SCENARIO	Pricing	88	START	1383012328405
SCENARIO	Pricing	23	START	1383012328405
SCENARIO	Pricing	82	START	1383012328405
SCENARIO	Pricing	67	START	1383012328405
SCENARIO	Pricing	75	START	1383012328405
SCENARIO	Pricing	89	START	1383012328405
SCENARIO	Pricing	18	START	1383012328405
SCENARIO	Pricing	62	START	1383012328405
SCENARIO	Pricing	84	START	1383012328405
SCENARIO	Pricing	10	START	1383012328405
SCENARIO	Pricing	4	START	1383012328405
SCENARIO	Pricing	49	START	1383012328405
SCENARIO	Pricing	16	START	1383012328405
SCENARIO	Pricing	64	START	1383012328405
SCENARIO	Pricing	79	START	1383012328405
ACTION	Pricing	13	price	1383012328430	1383012328447	1383012330566	1383012330572	OK	 
ACTION	Pricing	50	price	1383012328466	1383012328476	1383012331036	1383012331036	OK	 
ACTION	Pricing	44	price	1383012328429	1383012328449	1383012331055	1383012331055	OK	 
ACTION	Pricing	97	price	1383012328452	1383012328459	1383012331198	1383012331199	OK	 
ACTION	Pricing	6	price	1383012328533	1383012328536	1383012331401	1383012331402	OK	 
ACTION	Pricing	63	price	1383012328531	1383012328534	1383012331581	1383012331581	OK	 
ACTION	Pricing	54	price	1383012328522	1383012328533	1383012331751	1383012331751	OK	 
ACTION	Pricing	55	price	1383012328520	1383012328531	1383012331952	1383012331952	OK	 
ACTION	Pricing	70	price	1383012328521	1383012328530	1383012332116	1383012332116	OK	 
ACTION	Pricing	71	price	1383012328503	1383012328512	1383012332121	1383012332121	OK	 
ACTION	Pricing	100	price	1383012328501	1383012328511	1383012332508	1383012332508	OK	 
ACTION	Pricing	98	price	1383012328499	1383012328509	1383012332982	1383012332982	OK	 
ACTION	Pricing	94	price	1383012328497	1383012328509	1383012333235	1383012333235	OK	 
ACTION	Pricing	5	price	1383012328490	1383012328507	1383012333922	1383012333922	OK	 
ACTION	Pricing	99	price	1383012328469	1383012328478	1383012334375	1383012334375	OK	 
ACTION	Pricing	87	price	1383012328470	1383012328479	1383012334435	1383012334435	OK	 
ACTION	Pricing	14	price	1383012328492	1383012328507	1383012334498	1383012334498	OK	 
ACTION	Pricing	91	price	1383012328487	1383012328506	1383012334653	1383012334653	OK	 
ACTION	Pricing	33	price	1383012328496	1383012328510	1383012334875	1383012334875	OK	 
ACTION	Pricing	90	price	1383012328493	1383012328508	1383012335064	1383012335064	OK	 
ACTION	Pricing	49	price	1383012328678	1383012328682	1383012335523	1383012335523	OK	 
ACTION	Pricing	75	price	1383012328669	1383012328673	1383012335994	1383012335994	OK	 
ACTION	Pricing	22	price	1383012328654	1383012328660	1383012336606	1383012336606	OK	 
ACTION	Pricing	42	price	1383012328643	1383012328646	1383012337524	1383012337524	OK	 
ACTION	Pricing	46	price	1383012328640	1383012328644	1383012337751	1383012337751	OK	 
ACTION	Pricing	59	price	1383012328634	1383012328638	1383012337969	1383012337969	OK	 
ACTION	Pricing	81	price	1383012328639	1383012328642	1383012338108	1383012338108	OK	 
ACTION	Pricing	7	price	1383012328633	1383012328638	1383012338216	1383012338217	OK	 
ACTION	Pricing	86	price	1383012328630	1383012328632	1383012338422	1383012338422	OK	 
ACTION	Pricing	3	price	1383012328607	1383012328626	1383012339079	1383012339080	OK	 
ACTION	Pricing	41	price	1383012328595	1383012328624	1383012339572	1383012339572	OK	 
ACTION	Pricing	96	price	1383012328597	1383012328614	1383012339711	1383012339711	OK	 
ACTION	Pricing	21	price	1383012328578	1383012328610	1383012340330	1383012340331	OK	 
ACTION	Pricing	39	price	1383012328595	1383012328611	1383012340348	1383012340348	OK	 
ACTION	Pricing	73	price	1383012328571	1383012328599	1383012340832	1383012340832	OK	 
ACTION	Pricing	93	price	1383012328574	1383012328599	1383012340985	1383012340985	OK	 
ACTION	Pricing	20	price	1383012328569	1383012328573	1383012341236	1383012341236	OK	 
ACTION	Pricing	68	price	1383012328568	1383012328570	1383012341704	1383012341705	OK	 
ACTION	Pricing	11	price	1383012328562	1383012328567	1383012341732	1383012341732	OK	 
ACTION	Pricing	24	price	1383012328548	1383012328563	1383012341804	1383012341804	OK	 
ACTION	Pricing	37	price	1383012328557	1383012328563	1383012341864	1383012341865	OK	 
ACTION	Pricing	92	price	1383012328547	1383012328558	1383012342458	1383012342458	OK	 
ACTION	Pricing	28	price	1383012328534	1383012328544	1383012342785	1383012342785	OK	 
ACTION	Pricing	74	price	1383012328546	1383012328553	1383012342848	1383012342848	OK	 
ACTION	Pricing	2	price	1383012328544	1383012328552	1383012342957	1383012342957	OK	 
ACTION	Pricing	86	price	1383012338424	1383012338425	1383012343107	1383012343107	OK	 
ACTION	Pricing	7	price	1383012338222	1383012338222	1383012343175	1383012343175	OK	 
ACTION	Pricing	81	price	1383012338112	1383012338112	1383012344063	1383012344064	OK	 
ACTION	Pricing	46	price	1383012337753	1383012337753	1383012344160	1383012344161	OK	 
ACTION	Pricing	59	price	1383012337971	1383012337972	1383012344167	1383012344167	OK	 
ACTION	Pricing	72	price	1383012328577	1383012328608	1383012344202	1383012344202	OK	 
ACTION	Pricing	42	price	1383012337525	1383012337526	1383012344479	1383012344479	OK	 
ACTION	Pricing	51	price	1383012328589	1383012328609	1383012344537	1383012344537	OK	 
ACTION	Pricing	31	price	1383012328599	1383012328609	1383012344662	1383012344663	OK	 
ACTION	Pricing	14	price	1383012334499	1383012334500	1383012346076	1383012346077	OK	 
ACTION	Pricing	80	price	1383012328601	1383012328625	1383012346421	1383012346421	OK	 
ACTION	Pricing	87	price	1383012334437	1383012334438	1383012346913	1383012346914	OK	 
ACTION	Pricing	99	price	1383012334377	1383012334377	1383012347167	1383012347168	OK	 
ACTION	Pricing	5	price	1383012333924	1383012333925	1383012347491	1383012347492	OK	 
ACTION	Pricing	32	price	1383012328647	1383012328648	1383012347880	1383012347880	OK	 
ACTION	Pricing	66	price	1383012328635	1383012328638	1383012348031	1383012348032	OK	 
ACTION	Pricing	77	price	1383012328656	1383012328658	1383012348107	1383012348108	OK	 
ACTION	Pricing	36	price	1383012328653	1383012328657	1383012348363	1383012348363	OK	 
ACTION	Pricing	48	price	1383012328648	1383012328650	1383012348631	1383012348631	OK	 
ACTION	Pricing	98	price	1383012332984	1383012332984	1383012348654	1383012348655	OK	 
ACTION	Pricing	9	price	1383012328657	1383012328659	1383012348743	1383012348744	OK	 
ACTION	Pricing	12	price	1383012328659	1383012328662	1383012349027	1383012349027	OK	 
ACTION	Pricing	61	price	1383012328655	1383012328661	1383012349292	1383012349292	OK	 
ACTION	Pricing	45	price	1383012328660	1383012328663	1383012349291	1383012349292	OK	 
ACTION	Pricing	85	price	1383012328663	1383012328665	1383012349534	1383012349534	OK	 
ACTION	Pricing	67	price	1383012328668	1383012328669	1383012349780	1383012349780	OK	 
ACTION	Pricing	18	price	1383012328672	1383012328676	1383012350130	1383012350131	OK	 
ACTION	Pricing	84	price	1383012328674	1383012328677	1383012350337	1383012350337	OK	 
ACTION	Pricing	55	price	1383012331955	1383012331955	1383012350511	1383012350512	OK	 
ACTION	Pricing	4	price	1383012328677	1383012328678	1383012350766	1383012350766	OK	 
ACTION	Pricing	63	price	1383012331583	1383012331584	1383012351013	1383012351013	OK	 
ACTION	Pricing	16	price	1383012328679	1383012328682	1383012351109	1383012351110	OK	 
ACTION	Pricing	64	price	1383012328680	1383012328683	1383012351162	1383012351162	OK	 
ACTION	Pricing	97	price	1383012331200	1383012331201	1383012351560	1383012351560	OK	 
ACTION	Pricing	79	price	1383012328682	1383012328684	1383012351851	1383012351852	OK	 
ACTION	Pricing	95	price	1383012328468	1383012328477	1383012351910	1383012351910	OK	 
ACTION	Pricing	57	price	1383012328489	1383012328508	1383012351994	1383012351994	OK	 
ACTION	Pricing	44	price	1383012331057	1383012331058	1383012352148	1383012352148	OK	 
ACTION	Pricing	50	price	1383012331038	1383012331039	1383012352299	1383012352299	OK	 
ACTION	Pricing	98	price	1383012348656	1383012348656	1383012352609	1383012352610	OK	 
ACTION	Pricing	13	price	1383012330596	1383012330597	1383012352806	1383012352807	OK	 
ACTION	Pricing	26	price	1383012328468	1383012328476	1383012352846	1383012352847	OK	 
ACTION	Pricing	22	price	1383012336614	1383012336614	1383012353607	1383012353607	OK	 
ACTION	Pricing	30	price	1383012328575	1383012328603	1383012353775	1383012353775	OK	 
ACTION	Pricing	40	price	1383012328595	1383012328609	1383012353868	1383012353868	OK	 
ACTION	Pricing	56	price	1383012328589	1383012328611	1383012354032	1383012354033	OK	 
ACTION	Pricing	53	price	1383012328581	1383012328613	1383012355034	1383012355034	OK	 
ACTION	Pricing	29	price	1383012328592	1383012328614	1383012355060	1383012355060	OK	 
ACTION	Pricing	1	price	1383012328584	1383012328611	1383012355129	1383012355130	OK	 
ACTION	Pricing	35	price	1383012328579	1383012328623	1383012355169	1383012355169	OK	 
ACTION	Pricing	75	price	1383012336000	1383012336000	1383012355175	1383012355175	OK	 
ACTION	Pricing	8	price	1383012328599	1383012328612	1383012355187	1383012355187	OK	 
ACTION	Pricing	60	price	1383012328605	1383012328610	1383012355464	1383012355464	OK	 
ACTION	Pricing	78	price	1383012328585	1383012328624	1383012355788	1383012355788	OK	 
ACTION	Pricing	47	price	1383012328591	1383012328624	1383012355789	1383012355789	OK	 
ACTION	Pricing	90	price	1383012335066	1383012335067	1383012356243	1383012356244	OK	 
ACTION	Pricing	33	price	1383012334877	1383012334877	1383012356462	1383012356462	OK	 
ACTION	Pricing	46	price	1383012344162	1383012344163	1383012356465	1383012356465	OK	 
ACTION	Pricing	25	price	1383012328629	1383012328631	1383012356539	1383012356540	OK	 
ACTION	Pricing	76	price	1383012328624	1383012328629	1383012356584	1383012356585	OK	 
ACTION	Pricing	31	price	1383012344664	1383012344664	1383012357224	1383012357224	OK	 
ACTION	Pricing	51	price	1383012344539	1383012344539	1383012357318	1383012357319	OK	 
ACTION	Pricing	91	price	1383012334654	1383012334655	1383012357359	1383012357360	OK	 
ACTION	Pricing	86	price	1383012343109	1383012343109	1383012357407	1383012357407	OK	 
ACTION	Pricing	42	price	1383012344481	1383012344482	1383012357857	1383012357857	OK	 
ACTION	Pricing	83	price	1383012328605	1383012328612	1383012357941	1383012357941	OK	 
ACTION	Pricing	72	price	1383012344204	1383012344204	1383012357995	1383012357995	OK	 
ACTION	Pricing	59	price	1383012344169	1383012344169	1383012358018	1383012358018	OK	 
ACTION	Pricing	52	price	1383012328606	1383012328625	1383012358096	1383012358096	OK	 
ACTION	Pricing	38	price	1383012328602	1383012328614	1383012358120	1383012358120	OK	 
ACTION	Pricing	7	price	1383012343177	1383012343177	1383012358811	1383012358812	OK	 
SCENARIO	Pricing	7	END	1383012358812
ACTION	Pricing	49	price	1383012335524	1383012335525	1383012358844	1383012358844	OK	 
SCENARIO	Pricing	49	END	1383012358845
ACTION	Pricing	74	price	1383012342849	1383012342850	1383012359539	1383012359539	OK	 
SCENARIO	Pricing	74	END	1383012359540
ACTION	Pricing	28	price	1383012342786	1383012342787	1383012359575	1383012359575	OK	 
SCENARIO	Pricing	28	END	1383012359576
ACTION	Pricing	92	price	1383012342459	1383012342460	1383012359746	1383012359747	OK	 
SCENARIO	Pricing	92	END	1383012359747
ACTION	Pricing	11	price	1383012341733	1383012341734	1383012359800	1383012359800	OK	 
SCENARIO	Pricing	11	END	1383012359800
ACTION	Pricing	37	price	1383012341866	1383012341866	1383012360112	1383012360112	OK	 
SCENARIO	Pricing	37	END	1383012360113
ACTION	Pricing	68	price	1383012341709	1383012341709	1383012360728	1383012360729	OK	 
SCENARIO	Pricing	68	END	1383012360729
ACTION	Pricing	69	price	1383012328582	1383012328608	1383012360847	1383012360847	OK	 
SCENARIO	Pricing	69	END	1383012360848
ACTION	Pricing	73	price	1383012340833	1383012340834	1383012360931	1383012360931	OK	 
SCENARIO	Pricing	73	END	1383012360932
ACTION	Pricing	93	price	1383012340987	1383012340987	1383012360973	1383012360974	OK	 
SCENARIO	Pricing	93	END	1383012360974
ACTION	Pricing	34	price	1383012328576	1383012328602	1383012361175	1383012361176	OK	 
SCENARIO	Pricing	34	END	1383012361176
ACTION	Pricing	21	price	1383012340332	1383012340333	1383012361579	1383012361579	OK	 
SCENARIO	Pricing	21	END	1383012361580
ACTION	Pricing	39	price	1383012340350	1383012340350	1383012361668	1383012361669	OK	 
SCENARIO	Pricing	39	END	1383012361669
ACTION	Pricing	96	price	1383012339713	1383012339713	1383012361927	1383012361927	OK	 
SCENARIO	Pricing	96	END	1383012361928
ACTION	Pricing	38	price	1383012358122	1383012358122	1383012362192	1383012362193	OK	 
SCENARIO	Pricing	38	END	1383012362193
ACTION	Pricing	3	price	1383012339086	1383012339086	1383012362325	1383012362326	OK	 
SCENARIO	Pricing	3	END	1383012362326
ACTION	Pricing	65	price	1383012328545	1383012328552	1383012362557	1383012362557	OK	 
SCENARIO	Pricing	65	END	1383012362558
ACTION	Pricing	72	price	1383012357996	1383012357997	1383012362735	1383012362736	OK	 
SCENARIO	Pricing	72	END	1383012362736
ACTION	Pricing	52	price	1383012358098	1383012358098	1383012362801	1383012362801	OK	 
SCENARIO	Pricing	52	END	1383012362802
ACTION	Pricing	41	price	1383012339574	1383012339574	1383012362811	1383012362811	OK	 
SCENARIO	Pricing	41	END	1383012362812
ACTION	Pricing	59	price	1383012358020	1383012358020	1383012363248	1383012363248	OK	 
SCENARIO	Pricing	59	END	1383012363249
ACTION	Pricing	42	price	1383012357859	1383012357860	1383012363568	1383012363569	OK	 
SCENARIO	Pricing	42	END	1383012363569
ACTION	Pricing	83	price	1383012357942	1383012357942	1383012363576	1383012363576	OK	 
SCENARIO	Pricing	83	END	1383012363576
ACTION	Pricing	91	price	1383012357361	1383012357361	1383012363952	1383012363953	OK	 
SCENARIO	Pricing	91	END	1383012363953
ACTION	Pricing	51	price	1383012357320	1383012357320	1383012363973	1383012363973	OK	 
SCENARIO	Pricing	51	END	1383012363974
ACTION	Pricing	31	price	1383012357225	1383012357226	1383012364148	1383012364149	OK	 
SCENARIO	Pricing	31	END	1383012364149
ACTION	Pricing	76	price	1383012356586	1383012356586	1383012364348	1383012364348	OK	 
SCENARIO	Pricing	76	END	1383012364349
ACTION	Pricing	44	price	1383012352149	1383012352150	1383012366748	1383012366749	OK	 
SCENARIO	Pricing	44	END	1383012366750
ACTION	Pricing	48	price	1383012348632	1383012348633	1383012366947	1383012366947	OK	 
SCENARIO	Pricing	48	END	1383012366948
ACTION	Pricing	36	price	1383012348365	1383012348365	1383012367075	1383012367075	OK	 
SCENARIO	Pricing	36	END	1383012367076
ACTION	Pricing	25	price	1383012356541	1383012356541	1383012367576	1383012367576	OK	 
SCENARIO	Pricing	25	END	1383012367577
ACTION	Pricing	66	price	1383012348033	1383012348033	1383012367596	1383012367597	OK	 
SCENARIO	Pricing	66	END	1383012367597
ACTION	Pricing	20	price	1383012341237	1383012341238	1383012367619	1383012367619	OK	 
SCENARIO	Pricing	20	END	1383012367620
ACTION	Pricing	32	price	1383012347882	1383012347882	1383012368235	1383012368235	OK	 
SCENARIO	Pricing	32	END	1383012368236
ACTION	Pricing	10	price	1383012328675	1383012328677	1383012368639	1383012368640	OK	 
SCENARIO	Pricing	10	END	1383012368640
ACTION	Pricing	77	price	1383012348109	1383012348109	1383012368908	1383012368908	OK	 
SCENARIO	Pricing	77	END	1383012368909
ACTION	Pricing	89	price	1383012328671	1383012328672	1383012369126	1383012369126	OK	 
SCENARIO	Pricing	89	END	1383012369127
ACTION	Pricing	57	price	1383012351995	1383012351996	1383012369231	1383012369231	OK	 
SCENARIO	Pricing	57	END	1383012369232
ACTION	Pricing	46	price	1383012356467	1383012356467	1383012369865	1383012369866	OK	 
SCENARIO	Pricing	46	END	1383012369866
ACTION	Pricing	33	price	1383012356464	1383012356465	1383012369933	1383012369933	OK	 
SCENARIO	Pricing	33	END	1383012369934
ACTION	Pricing	5	price	1383012347493	1383012347493	1383012369971	1383012369971	OK	 
SCENARIO	Pricing	5	END	1383012369972
ACTION	Pricing	16	price	1383012351111	1383012351112	1383012370305	1383012370306	OK	 
SCENARIO	Pricing	16	END	1383012370306
ACTION	Pricing	47	price	1383012355791	1383012355792	1383012370312	1383012370312	OK	 
SCENARIO	Pricing	47	END	1383012370313
ACTION	Pricing	90	price	1383012356245	1383012356245	1383012370401	1383012370402	OK	 
SCENARIO	Pricing	90	END	1383012370403
ACTION	Pricing	54	price	1383012331753	1383012331753	1383012370425	1383012370426	OK	 
SCENARIO	Pricing	54	END	1383012370426
ACTION	Pricing	95	price	1383012351912	1383012351912	1383012370437	1383012370437	OK	 
SCENARIO	Pricing	95	END	1383012370438
ACTION	Pricing	62	price	1383012328673	1383012328676	1383012371062	1383012371063	OK	 
SCENARIO	Pricing	62	END	1383012371063
ACTION	Pricing	24	price	1383012341806	1383012341807	1383012371143	1383012371143	OK	 
SCENARIO	Pricing	24	END	1383012371144
ACTION	Pricing	15	price	1383012328589	1383012328613	1383012371382	1383012371382	OK	 
SCENARIO	Pricing	15	END	1383012371383
ACTION	Pricing	63	price	1383012351015	1383012351015	1383012371507	1383012371507	OK	 
SCENARIO	Pricing	63	END	1383012371507
ACTION	Pricing	87	price	1383012346915	1383012346916	1383012371727	1383012371728	OK	 
SCENARIO	Pricing	87	END	1383012371728
ACTION	Pricing	70	price	1383012332118	1383012332118	1383012371754	1383012371754	OK	 
SCENARIO	Pricing	70	END	1383012371755
ACTION	Pricing	80	price	1383012346423	1383012346424	1383012371796	1383012371796	OK	 
SCENARIO	Pricing	80	END	1383012371797
ACTION	Pricing	8	price	1383012355188	1383012355189	1383012371986	1383012371987	OK	 
SCENARIO	Pricing	8	END	1383012371991
ACTION	Pricing	55	price	1383012350514	1383012350514	1383012371996	1383012371996	OK	 
SCENARIO	Pricing	55	END	1383012371996
ACTION	Pricing	60	price	1383012355466	1383012355466	1383012372053	1383012372054	OK	 
SCENARIO	Pricing	60	END	1383012372054
ACTION	Pricing	71	price	1383012332122	1383012332123	1383012372168	1383012372169	OK	 
SCENARIO	Pricing	71	END	1383012372170
ACTION	Pricing	4	price	1383012350768	1383012350768	1383012372230	1383012372231	OK	 
SCENARIO	Pricing	4	END	1383012372231
ACTION	Pricing	82	price	1383012328666	1383012328669	1383012372483	1383012372484	OK	 
SCENARIO	Pricing	82	END	1383012372484
ACTION	Pricing	99	price	1383012347169	1383012347170	1383012372556	1383012372557	OK	 
SCENARIO	Pricing	99	END	1383012372557
ACTION	Pricing	100	price	1383012332509	1383012332510	1383012372841	1383012372841	OK	 
SCENARIO	Pricing	100	END	1383012372842
ACTION	Pricing	88	price	1383012328664	1383012328665	1383012372853	1383012372853	OK	 
SCENARIO	Pricing	88	END	1383012372855
ACTION	Pricing	14	price	1383012346078	1383012346079	1383012373023	1383012373023	OK	 
SCENARIO	Pricing	14	END	1383012373024
ACTION	Pricing	2	price	1383012342959	1383012342959	1383012373079	1383012373079	OK	 
SCENARIO	Pricing	2	END	1383012373080
ACTION	Pricing	84	price	1383012350339	1383012350339	1383012373186	1383012373186	OK	 
SCENARIO	Pricing	84	END	1383012373187
ACTION	Pricing	75	price	1383012355177	1383012355177	1383012373296	1383012373297	OK	 
SCENARIO	Pricing	75	END	1383012373297
ACTION	Pricing	1	price	1383012355131	1383012355132	1383012373322	1383012373322	OK	 
SCENARIO	Pricing	1	END	1383012373324
ACTION	Pricing	45	price	1383012349294	1383012349294	1383012373324	1383012373325	OK	 
SCENARIO	Pricing	45	END	1383012373325
ACTION	Pricing	35	price	1383012355170	1383012355171	1383012373474	1383012373474	OK	 
SCENARIO	Pricing	35	END	1383012373475
ACTION	Pricing	85	price	1383012349535	1383012349536	1383012373525	1383012373526	OK	 
SCENARIO	Pricing	85	END	1383012373526
ACTION	Pricing	27	price	1383012328661	1383012328662	1383012373607	1383012373607	OK	 
SCENARIO	Pricing	27	END	1383012373608
ACTION	Pricing	58	price	1383012328648	1383012328651	1383012373716	1383012373716	OK	 
SCENARIO	Pricing	58	END	1383012373717
ACTION	Pricing	23	price	1383012328665	1383012328667	1383012373801	1383012373801	OK	 
SCENARIO	Pricing	23	END	1383012373802
ACTION	Pricing	29	price	1383012355062	1383012355062	1383012373837	1383012373838	OK	 
SCENARIO	Pricing	29	END	1383012373839
ACTION	Pricing	43	price	1383012328649	1383012328650	1383012373864	1383012373864	OK	 
SCENARIO	Pricing	43	END	1383012373864
ACTION	Pricing	13	price	1383012352808	1383012352809	1383012373963	1383012373963	OK	 
SCENARIO	Pricing	13	END	1383012373964
ACTION	Pricing	94	price	1383012333237	1383012333237	1383012374104	1383012374104	OK	 
SCENARIO	Pricing	94	END	1383012374105
ACTION	Pricing	17	price	1383012328452	1383012328466	1383012374116	1383012374117	OK	 
SCENARIO	Pricing	17	END	1383012374117
ACTION	Pricing	53	price	1383012355035	1383012355036	1383012374151	1383012374151	OK	 
SCENARIO	Pricing	53	END	1383012374151
ACTION	Pricing	12	price	1383012349029	1383012349029	1383012374163	1383012374163	OK	 
SCENARIO	Pricing	12	END	1383012374164
ACTION	Pricing	50	price	1383012352301	1383012352301	1383012374185	1383012374185	OK	 
SCENARIO	Pricing	50	END	1383012374185
ACTION	Pricing	9	price	1383012348745	1383012348745	1383012374186	1383012374186	OK	 
SCENARIO	Pricing	9	END	1383012374187
ACTION	Pricing	30	price	1383012353776	1383012353776	1383012374206	1383012374206	OK	 
SCENARIO	Pricing	30	END	1383012374207
ACTION	Pricing	56	price	1383012354034	1383012354035	1383012374304	1383012374304	OK	 
SCENARIO	Pricing	56	END	1383012374305
ACTION	Pricing	6	price	1383012331403	1383012331404	1383012374320	1383012374320	OK	 
SCENARIO	Pricing	6	END	1383012374321
ACTION	Pricing	67	price	1383012349782	1383012349782	1383012374321	1383012374321	OK	 
SCENARIO	Pricing	67	END	1383012374322
ACTION	Pricing	61	price	1383012349295	1383012349295	1383012374325	1383012374325	OK	 
SCENARIO	Pricing	61	END	1383012374326
ACTION	Pricing	22	price	1383012353609	1383012353609	1383012374329	1383012374329	OK	 
SCENARIO	Pricing	22	END	1383012374330
ACTION	Pricing	19	price	1383012328645	1383012328648	1383012374333	1383012374333	OK	 
SCENARIO	Pricing	19	END	1383012374334
ACTION	Pricing	40	price	1383012353869	1383012353869	1383012374333	1383012374333	OK	 
SCENARIO	Pricing	40	END	1383012374334
ACTION	Pricing	18	price	1383012350132	1383012350133	1383012374336	1383012374336	OK	 
SCENARIO	Pricing	18	END	1383012374337
ACTION	Pricing	97	price	1383012351561	1383012351562	1383012374341	1383012374341	OK	 
SCENARIO	Pricing	97	END	1383012374341
ACTION	Pricing	81	price	1383012344066	1383012344066	1383012374344	1383012374345	OK	 
SCENARIO	Pricing	81	END	1383012374345
ACTION	Pricing	78	price	1383012355790	1383012355791	1383012374347	1383012374347	OK	 
SCENARIO	Pricing	78	END	1383012374347
ACTION	Pricing	64	price	1383012351163	1383012351164	1383012374373	1383012374373	OK	 
SCENARIO	Pricing	64	END	1383012374373
ACTION	Pricing	26	price	1383012352848	1383012352848	1383012374395	1383012374396	OK	 
SCENARIO	Pricing	26	END	1383012374396
ACTION	Pricing	86	price	1383012357408	1383012357409	1383012374398	1383012374398	OK	 
SCENARIO	Pricing	86	END	1383012374398
ACTION	Pricing	79	price	1383012351853	1383012351853	1383012374405	1383012374406	OK	 
SCENARIO	Pricing	79	END	1383012374406
ACTION	Pricing	98	price	1383012352611	1383012352611	1383012374409	1383012374410	OK	 
SCENARIO	Pricing	98	END	1383012374410
