RUN	20140318094707	pricingsimulation	pricingsimulation
SCENARIO	Pricing	11	START	1395136030271
SCENARIO	Pricing	14	START	1395136030273
SCENARIO	Pricing	2	START	1395136030274
SCENARIO	Pricing	19	START	1395136030274
SCENARIO	Pricing	50	START	1395136030274
SCENARIO	Pricing	1	START	1395136030274
SCENARIO	Pricing	13	START	1395136030274
SCENARIO	Pricing	8	START	1395136030275
SCENARIO	Pricing	17	START	1395136030275
SCENARIO	Pricing	37	START	1395136030275
SCENARIO	Pricing	33	START	1395136030275
SCENARIO	Pricing	23	START	1395136030275
SCENARIO	Pricing	5	START	1395136030275
SCENARIO	Pricing	44	START	1395136030275
SCENARIO	Pricing	15	START	1395136030275
SCENARIO	Pricing	27	START	1395136030275
SCENARIO	Pricing	31	START	1395136030275
SCENARIO	Pricing	42	START	1395136030275
SCENARIO	Pricing	40	START	1395136030275
SCENARIO	Pricing	9	START	1395136030275
SCENARIO	Pricing	34	START	1395136030275
SCENARIO	Pricing	25	START	1395136030275
SCENARIO	Pricing	16	START	1395136030275
SCENARIO	Pricing	48	START	1395136030275
SCENARIO	Pricing	4	START	1395136030275
SCENARIO	Pricing	35	START	1395136030275
SCENARIO	Pricing	28	START	1395136030275
SCENARIO	Pricing	39	START	1395136030275
SCENARIO	Pricing	22	START	1395136030275
SCENARIO	Pricing	46	START	1395136030275
SCENARIO	Pricing	3	START	1395136030276
SCENARIO	Pricing	47	START	1395136030276
SCENARIO	Pricing	32	START	1395136030276
SCENARIO	Pricing	7	START	1395136030276
SCENARIO	Pricing	29	START	1395136030276
SCENARIO	Pricing	30	START	1395136030276
SCENARIO	Pricing	20	START	1395136030276
SCENARIO	Pricing	49	START	1395136030276
SCENARIO	Pricing	21	START	1395136030276
SCENARIO	Pricing	41	START	1395136030276
SCENARIO	Pricing	18	START	1395136030276
SCENARIO	Pricing	43	START	1395136030276
SCENARIO	Pricing	6	START	1395136030276
SCENARIO	Pricing	12	START	1395136030276
SCENARIO	Pricing	24	START	1395136030276
SCENARIO	Pricing	38	START	1395136030276
SCENARIO	Pricing	45	START	1395136030276
SCENARIO	Pricing	10	START	1395136030276
SCENARIO	Pricing	26	START	1395136030276
SCENARIO	Pricing	36	START	1395136030276
ACTION	Pricing	34	price	1395136030410	1395136030423	1395136031227	1395136031227	OK	 
ACTION	Pricing	8	price	1395136030353	1395136030393	1395136031188	1395136031193	OK	 
ACTION	Pricing	5	price	1395136030368	1395136030419	1395136031183	1395136031193	OK	 
ACTION	Pricing	9	price	1395136030401	1395136030420	1395136031178	1395136031193	OK	 
ACTION	Pricing	23	price	1395136030368	1395136030409	1395136031215	1395136031216	OK	 
ACTION	Pricing	24	price	1395136030450	1395136030470	1395136031258	1395136031258	OK	 
ACTION	Pricing	16	price	1395136030414	1395136030423	1395136031332	1395136031332	OK	 
ACTION	Pricing	14	price	1395136030340	1395136030385	1395136031363	1395136031364	OK	 
ACTION	Pricing	3	price	1395136030438	1395136030471	1395136031397	1395136031397	OK	 
ACTION	Pricing	30	price	1395136030442	1395136030469	1395136031409	1395136031409	OK	 
ACTION	Pricing	6	price	1395136030448	1395136030484	1395136031444	1395136031444	OK	 
ACTION	Pricing	48	price	1395136030423	1395136030427	1395136031477	1395136031478	OK	 
ACTION	Pricing	50	price	1395136030344	1395136030409	1395136031503	1395136031503	OK	 
ACTION	Pricing	45	price	1395136030451	1395136030484	1395136031533	1395136031533	OK	 
ACTION	Pricing	1	price	1395136030345	1395136030409	1395136031561	1395136031561	OK	 
ACTION	Pricing	18	price	1395136030446	1395136030476	1395136031590	1395136031590	OK	 
ACTION	Pricing	26	price	1395136030461	1395136030481	1395136031622	1395136031623	OK	 
ACTION	Pricing	46	price	1395136030434	1395136030473	1395136031651	1395136031651	OK	 
ACTION	Pricing	37	price	1395136030365	1395136030416	1395136031693	1395136031694	OK	 
ACTION	Pricing	47	price	1395136030438	1395136030473	1395136031718	1395136031718	OK	 
ACTION	Pricing	17	price	1395136030363	1395136030414	1395136031746	1395136031746	OK	 
ACTION	Pricing	2	price	1395136030342	1395136030387	1395136031774	1395136031775	OK	 
ACTION	Pricing	22	price	1395136030434	1395136030461	1395136031802	1395136031802	OK	 
ACTION	Pricing	40	price	1395136030394	1395136030416	1395136031831	1395136031831	OK	 
ACTION	Pricing	13	price	1395136030346	1395136030390	1395136031860	1395136031861	OK	 
ACTION	Pricing	49	price	1395136030444	1395136030478	1395136031905	1395136031905	OK	 
ACTION	Pricing	27	price	1395136030381	1395136030415	1395136031931	1395136031931	OK	 
ACTION	Pricing	38	price	1395136030450	1395136030483	1395136031960	1395136031960	OK	 
ACTION	Pricing	42	price	1395136030389	1395136030422	1395136032003	1395136032003	OK	 
ACTION	Pricing	11	price	1395136030334	1395136030387	1395136032025	1395136032025	OK	 
ACTION	Pricing	28	price	1395136030432	1395136030455	1395136032055	1395136032055	OK	 
ACTION	Pricing	39	price	1395136030433	1395136030455	1395136032086	1395136032087	OK	 
ACTION	Pricing	4	price	1395136030430	1395136030452	1395136032115	1395136032116	OK	 
ACTION	Pricing	31	price	1395136030383	1395136030422	1395136032147	1395136032148	OK	 
ACTION	Pricing	43	price	1395136030447	1395136030482	1395136032207	1395136032207	OK	 
ACTION	Pricing	36	price	1395136030462	1395136030483	1395136032237	1395136032238	OK	 
ACTION	Pricing	33	price	1395136030367	1395136030401	1395136032255	1395136032256	OK	 
ACTION	Pricing	44	price	1395136030374	1395136030421	1395136032285	1395136032285	OK	 
ACTION	Pricing	19	price	1395136030343	1395136030385	1395136032314	1395136032315	OK	 
ACTION	Pricing	29	price	1395136030441	1395136030466	1395136032351	1395136032351	OK	 
ACTION	Pricing	20	price	1395136030443	1395136030480	1395136032381	1395136032381	OK	 
ACTION	Pricing	35	price	1395136030431	1395136030456	1395136032412	1395136032412	OK	 
ACTION	Pricing	15	price	1395136030375	1395136030410	1395136032442	1395136032443	OK	 
ACTION	Pricing	25	price	1395136030411	1395136030422	1395136032470	1395136032470	OK	 
ACTION	Pricing	10	price	1395136030455	1395136030482	1395136032503	1395136032504	OK	 
ACTION	Pricing	41	price	1395136030446	1395136030481	1395136032505	1395136032505	OK	 
ACTION	Pricing	32	price	1395136030440	1395136030467	1395136032534	1395136032534	OK	 
ACTION	Pricing	21	price	1395136030445	1395136030476	1395136032563	1395136032563	OK	 
ACTION	Pricing	12	price	1395136030449	1395136030477	1395136032589	1395136032589	OK	 
ACTION	Pricing	7	price	1395136030440	1395136030468	1395136032617	1395136032617	OK	 
ACTION	Pricing	34	price	1395136031302	1395136031303	1395136032673	1395136032673	OK	 
ACTION	Pricing	8	price	1395136031297	1395136031299	1395136032675	1395136032676	OK	 
ACTION	Pricing	24	price	1395136031307	1395136031308	1395136032711	1395136032711	OK	 
ACTION	Pricing	9	price	1395136031303	1395136031304	1395136032762	1395136032762	OK	 
ACTION	Pricing	23	price	1395136031305	1395136031306	1395136032771	1395136032771	OK	 
ACTION	Pricing	5	price	1395136031300	1395136031301	1395136032816	1395136032817	OK	 
ACTION	Pricing	16	price	1395136031341	1395136031345	1395136032834	1395136032835	OK	 
ACTION	Pricing	14	price	1395136031366	1395136031367	1395136032863	1395136032863	OK	 
ACTION	Pricing	3	price	1395136031398	1395136031399	1395136032893	1395136032893	OK	 
ACTION	Pricing	30	price	1395136031411	1395136031412	1395136032922	1395136032922	OK	 
ACTION	Pricing	6	price	1395136031448	1395136031448	1395136032948	1395136032948	OK	 
ACTION	Pricing	48	price	1395136031482	1395136031482	1395136032976	1395136032976	OK	 
ACTION	Pricing	50	price	1395136031505	1395136031506	1395136033004	1395136033004	OK	 
ACTION	Pricing	45	price	1395136031535	1395136031537	1395136033034	1395136033034	OK	 
ACTION	Pricing	1	price	1395136031563	1395136031564	1395136033064	1395136033064	OK	 
ACTION	Pricing	18	price	1395136031592	1395136031593	1395136033094	1395136033095	OK	 
ACTION	Pricing	26	price	1395136031630	1395136031630	1395136033125	1395136033125	OK	 
ACTION	Pricing	46	price	1395136031653	1395136031654	1395136033157	1395136033157	OK	 
ACTION	Pricing	37	price	1395136031700	1395136031700	1395136033190	1395136033190	OK	 
ACTION	Pricing	47	price	1395136031720	1395136031721	1395136033219	1395136033219	OK	 
ACTION	Pricing	17	price	1395136031752	1395136031754	1395136033246	1395136033246	OK	 
ACTION	Pricing	2	price	1395136031776	1395136031778	1395136033276	1395136033276	OK	 
ACTION	Pricing	22	price	1395136031804	1395136031805	1395136033303	1395136033303	OK	 
ACTION	Pricing	40	price	1395136031832	1395136031833	1395136033332	1395136033332	OK	 
ACTION	Pricing	13	price	1395136031862	1395136031863	1395136033360	1395136033360	OK	 
ACTION	Pricing	49	price	1395136031907	1395136031908	1395136033391	1395136033392	OK	 
ACTION	Pricing	27	price	1395136031933	1395136031934	1395136033420	1395136033420	OK	 
ACTION	Pricing	38	price	1395136031962	1395136031963	1395136033448	1395136033448	OK	 
ACTION	Pricing	42	price	1395136032005	1395136032006	1395136033479	1395136033479	OK	 
ACTION	Pricing	11	price	1395136032027	1395136032029	1395136033514	1395136033514	OK	 
ACTION	Pricing	28	price	1395136032058	1395136032059	1395136033553	1395136033553	OK	 
ACTION	Pricing	39	price	1395136032090	1395136032091	1395136033582	1395136033583	OK	 
ACTION	Pricing	4	price	1395136032117	1395136032118	1395136033610	1395136033610	OK	 
ACTION	Pricing	31	price	1395136032150	1395136032151	1395136033637	1395136033637	OK	 
ACTION	Pricing	43	price	1395136032209	1395136032210	1395136033669	1395136033669	OK	 
ACTION	Pricing	36	price	1395136032240	1395136032240	1395136033702	1395136033702	OK	 
ACTION	Pricing	33	price	1395136032257	1395136032258	1395136033734	1395136033734	OK	 
ACTION	Pricing	44	price	1395136032287	1395136032288	1395136033770	1395136033771	OK	 
ACTION	Pricing	19	price	1395136032316	1395136032318	1395136033804	1395136033804	OK	 
ACTION	Pricing	29	price	1395136032352	1395136032354	1395136033837	1395136033837	OK	 
ACTION	Pricing	20	price	1395136032383	1395136032383	1395136033871	1395136033871	OK	 
ACTION	Pricing	35	price	1395136032414	1395136032414	1395136033905	1395136033905	OK	 
ACTION	Pricing	15	price	1395136032444	1395136032445	1395136033941	1395136033941	OK	 
ACTION	Pricing	25	price	1395136032472	1395136032473	1395136033966	1395136033967	OK	 
ACTION	Pricing	41	price	1395136032507	1395136032507	1395136033999	1395136033999	OK	 
ACTION	Pricing	10	price	1395136032510	1395136032510	1395136034030	1395136034030	OK	 
ACTION	Pricing	32	price	1395136032536	1395136032536	1395136034060	1395136034060	OK	 
ACTION	Pricing	21	price	1395136032565	1395136032566	1395136034090	1395136034090	OK	 
ACTION	Pricing	12	price	1395136032591	1395136032592	1395136034119	1395136034119	OK	 
ACTION	Pricing	7	price	1395136032620	1395136032620	1395136034150	1395136034150	OK	 
ACTION	Pricing	34	price	1395136032675	1395136032675	1395136034185	1395136034186	OK	 
ACTION	Pricing	8	price	1395136032677	1395136032678	1395136034219	1395136034219	OK	 
ACTION	Pricing	24	price	1395136032712	1395136032713	1395136034253	1395136034253	OK	 
ACTION	Pricing	9	price	1395136032764	1395136032764	1395136034284	1395136034284	OK	 
ACTION	Pricing	23	price	1395136032773	1395136032773	1395136034313	1395136034314	OK	 
ACTION	Pricing	5	price	1395136032819	1395136032820	1395136034345	1395136034345	OK	 
ACTION	Pricing	16	price	1395136032836	1395136032837	1395136034374	1395136034375	OK	 
ACTION	Pricing	14	price	1395136032865	1395136032866	1395136034408	1395136034408	OK	 
ACTION	Pricing	3	price	1395136032895	1395136032896	1395136034434	1395136034434	OK	 
ACTION	Pricing	30	price	1395136032924	1395136032925	1395136034462	1395136034462	OK	 
ACTION	Pricing	6	price	1395136032950	1395136032950	1395136034490	1395136034490	OK	 
ACTION	Pricing	48	price	1395136032978	1395136032978	1395136034521	1395136034521	OK	 
ACTION	Pricing	50	price	1395136033006	1395136033006	1395136034553	1395136034553	OK	 
ACTION	Pricing	45	price	1395136033035	1395136033036	1395136034585	1395136034585	OK	 
ACTION	Pricing	1	price	1395136033066	1395136033066	1395136034618	1395136034618	OK	 
ACTION	Pricing	18	price	1395136033097	1395136033097	1395136034651	1395136034651	OK	 
ACTION	Pricing	26	price	1395136033127	1395136033127	1395136034683	1395136034683	OK	 
ACTION	Pricing	46	price	1395136033159	1395136033159	1395136034712	1395136034712	OK	 
ACTION	Pricing	37	price	1395136033192	1395136033193	1395136034741	1395136034741	OK	 
ACTION	Pricing	47	price	1395136033221	1395136033221	1395136034770	1395136034771	OK	 
ACTION	Pricing	17	price	1395136033248	1395136033249	1395136034799	1395136034800	OK	 
ACTION	Pricing	2	price	1395136033278	1395136033278	1395136034831	1395136034831	OK	 
ACTION	Pricing	22	price	1395136033305	1395136033306	1395136034859	1395136034859	OK	 
ACTION	Pricing	40	price	1395136033334	1395136033335	1395136034888	1395136034888	OK	 
ACTION	Pricing	13	price	1395136033362	1395136033362	1395136034921	1395136034921	OK	 
ACTION	Pricing	49	price	1395136033393	1395136033394	1395136034952	1395136034952	OK	 
ACTION	Pricing	27	price	1395136033423	1395136033423	1395136034982	1395136034982	OK	 
ACTION	Pricing	38	price	1395136033450	1395136033450	1395136035014	1395136035015	OK	 
ACTION	Pricing	42	price	1395136033481	1395136033482	1395136035040	1395136035040	OK	 
ACTION	Pricing	11	price	1395136033515	1395136033516	1395136035068	1395136035068	OK	 
ACTION	Pricing	28	price	1395136033555	1395136033556	1395136035102	1395136035102	OK	 
ACTION	Pricing	39	price	1395136033584	1395136033585	1395136035131	1395136035131	OK	 
ACTION	Pricing	4	price	1395136033611	1395136033612	1395136035161	1395136035161	OK	 
ACTION	Pricing	31	price	1395136033639	1395136033639	1395136035191	1395136035191	OK	 
ACTION	Pricing	43	price	1395136033671	1395136033671	1395136035220	1395136035221	OK	 
ACTION	Pricing	36	price	1395136033704	1395136033704	1395136035250	1395136035250	OK	 
ACTION	Pricing	33	price	1395136033736	1395136033737	1395136035281	1395136035281	OK	 
ACTION	Pricing	44	price	1395136033772	1395136033773	1395136035312	1395136035312	OK	 
ACTION	Pricing	19	price	1395136033806	1395136033806	1395136035341	1395136035341	OK	 
ACTION	Pricing	29	price	1395136033839	1395136033840	1395136035373	1395136035373	OK	 
ACTION	Pricing	20	price	1395136033873	1395136033874	1395136035405	1395136035405	OK	 
ACTION	Pricing	35	price	1395136033907	1395136033908	1395136035438	1395136035438	OK	 
ACTION	Pricing	15	price	1395136033943	1395136033944	1395136035470	1395136035470	OK	 
ACTION	Pricing	25	price	1395136033969	1395136033969	1395136035506	1395136035506	OK	 
ACTION	Pricing	41	price	1395136034001	1395136034002	1395136035530	1395136035530	OK	 
ACTION	Pricing	10	price	1395136034032	1395136034033	1395136035558	1395136035558	OK	 
ACTION	Pricing	32	price	1395136034062	1395136034062	1395136035587	1395136035587	OK	 
ACTION	Pricing	21	price	1395136034092	1395136034093	1395136035614	1395136035614	OK	 
ACTION	Pricing	12	price	1395136034122	1395136034122	1395136035643	1395136035643	OK	 
ACTION	Pricing	7	price	1395136034152	1395136034153	1395136035672	1395136035672	OK	 
ACTION	Pricing	34	price	1395136034187	1395136034188	1395136035700	1395136035701	OK	 
ACTION	Pricing	8	price	1395136034221	1395136034222	1395136035727	1395136035728	OK	 
ACTION	Pricing	24	price	1395136034255	1395136034256	1395136035757	1395136035757	OK	 
ACTION	Pricing	9	price	1395136034286	1395136034287	1395136035786	1395136035786	OK	 
ACTION	Pricing	23	price	1395136034316	1395136034316	1395136035814	1395136035814	OK	 
ACTION	Pricing	5	price	1395136034347	1395136034348	1395136035842	1395136035842	OK	 
ACTION	Pricing	16	price	1395136034376	1395136034377	1395136035870	1395136035871	OK	 
ACTION	Pricing	14	price	1395136034410	1395136034410	1395136035916	1395136035917	OK	 
ACTION	Pricing	3	price	1395136034438	1395136034438	1395136035960	1395136035960	OK	 
ACTION	Pricing	30	price	1395136034463	1395136034464	1395136035990	1395136035991	OK	 
ACTION	Pricing	6	price	1395136034492	1395136034492	1395136036029	1395136036029	OK	 
ACTION	Pricing	48	price	1395136034523	1395136034523	1395136036053	1395136036053	OK	 
ACTION	Pricing	50	price	1395136034555	1395136034555	1395136036082	1395136036082	OK	 
ACTION	Pricing	45	price	1395136034587	1395136034588	1395136036112	1395136036112	OK	 
ACTION	Pricing	1	price	1395136034620	1395136034620	1395136036140	1395136036141	OK	 
ACTION	Pricing	18	price	1395136034653	1395136034654	1395136036168	1395136036168	OK	 
ACTION	Pricing	26	price	1395136034684	1395136034685	1395136036197	1395136036197	OK	 
ACTION	Pricing	46	price	1395136034714	1395136034715	1395136036226	1395136036227	OK	 
ACTION	Pricing	37	price	1395136034743	1395136034744	1395136036253	1395136036253	OK	 
ACTION	Pricing	47	price	1395136034772	1395136034773	1395136036280	1395136036280	OK	 
ACTION	Pricing	17	price	1395136034801	1395136034802	1395136036311	1395136036311	OK	 
ACTION	Pricing	2	price	1395136034832	1395136034833	1395136036342	1395136036342	OK	 
ACTION	Pricing	22	price	1395136034861	1395136034862	1395136036371	1395136036371	OK	 
ACTION	Pricing	40	price	1395136034890	1395136034890	1395136036401	1395136036402	OK	 
ACTION	Pricing	13	price	1395136034922	1395136034923	1395136036430	1395136036430	OK	 
ACTION	Pricing	49	price	1395136034953	1395136034954	1395136036459	1395136036459	OK	 
ACTION	Pricing	27	price	1395136034984	1395136034984	1395136036488	1395136036489	OK	 
ACTION	Pricing	38	price	1395136035018	1395136035019	1395136036520	1395136036520	OK	 
ACTION	Pricing	42	price	1395136035042	1395136035042	1395136036549	1395136036550	OK	 
ACTION	Pricing	11	price	1395136035070	1395136035070	1395136036580	1395136036580	OK	 
ACTION	Pricing	28	price	1395136035104	1395136035104	1395136036610	1395136036610	OK	 
ACTION	Pricing	39	price	1395136035134	1395136035134	1395136036659	1395136036659	OK	 
ACTION	Pricing	4	price	1395136035163	1395136035163	1395136036681	1395136036682	OK	 
ACTION	Pricing	31	price	1395136035193	1395136035193	1395136036711	1395136036711	OK	 
ACTION	Pricing	43	price	1395136035222	1395136035223	1395136036741	1395136036741	OK	 
ACTION	Pricing	36	price	1395136035251	1395136035252	1395136036769	1395136036770	OK	 
ACTION	Pricing	33	price	1395136035282	1395136035283	1395136036799	1395136036799	OK	 
ACTION	Pricing	44	price	1395136035314	1395136035314	1395136036829	1395136036829	OK	 
ACTION	Pricing	19	price	1395136035342	1395136035343	1395136036860	1395136036861	OK	 
ACTION	Pricing	29	price	1395136035375	1395136035375	1395136036891	1395136036891	OK	 
ACTION	Pricing	20	price	1395136035407	1395136035407	1395136036918	1395136036918	OK	 
ACTION	Pricing	35	price	1395136035440	1395136035440	1395136036947	1395136036947	OK	 
ACTION	Pricing	15	price	1395136035472	1395136035472	1395136036978	1395136036978	OK	 
ACTION	Pricing	25	price	1395136035507	1395136035508	1395136037007	1395136037008	OK	 
ACTION	Pricing	41	price	1395136035532	1395136035532	1395136037037	1395136037038	OK	 
ACTION	Pricing	10	price	1395136035560	1395136035560	1395136037066	1395136037067	OK	 
ACTION	Pricing	32	price	1395136035589	1395136035589	1395136037095	1395136037095	OK	 
ACTION	Pricing	21	price	1395136035616	1395136035616	1395136037125	1395136037125	OK	 
ACTION	Pricing	12	price	1395136035645	1395136035645	1395136037155	1395136037155	OK	 
ACTION	Pricing	7	price	1395136035673	1395136035674	1395136037183	1395136037184	OK	 
ACTION	Pricing	34	price	1395136035702	1395136035703	1395136037214	1395136037214	OK	 
ACTION	Pricing	8	price	1395136035730	1395136035731	1395136037243	1395136037243	OK	 
ACTION	Pricing	24	price	1395136035759	1395136035759	1395136037272	1395136037272	OK	 
ACTION	Pricing	9	price	1395136035787	1395136035788	1395136037299	1395136037299	OK	 
ACTION	Pricing	23	price	1395136035816	1395136035816	1395136037330	1395136037330	OK	 
ACTION	Pricing	5	price	1395136035843	1395136035844	1395136037363	1395136037363	OK	 
ACTION	Pricing	16	price	1395136035872	1395136035872	1395136037393	1395136037394	OK	 
ACTION	Pricing	14	price	1395136035918	1395136035919	1395136037421	1395136037422	OK	 
ACTION	Pricing	3	price	1395136035961	1395136035962	1395136037450	1395136037450	OK	 
ACTION	Pricing	30	price	1395136035992	1395136035992	1395136037482	1395136037482	OK	 
ACTION	Pricing	6	price	1395136036031	1395136036031	1395136037511	1395136037511	OK	 
ACTION	Pricing	48	price	1395136036055	1395136036055	1395136037542	1395136037542	OK	 
ACTION	Pricing	50	price	1395136036083	1395136036084	1395136037573	1395136037573	OK	 
ACTION	Pricing	45	price	1395136036114	1395136036115	1395136037602	1395136037603	OK	 
ACTION	Pricing	1	price	1395136036142	1395136036143	1395136037634	1395136037635	OK	 
ACTION	Pricing	18	price	1395136036170	1395136036170	1395136037665	1395136037665	OK	 
ACTION	Pricing	26	price	1395136036198	1395136036199	1395136037694	1395136037694	OK	 
ACTION	Pricing	46	price	1395136036228	1395136036229	1395136037723	1395136037723	OK	 
ACTION	Pricing	37	price	1395136036255	1395136036255	1395136037753	1395136037753	OK	 
ACTION	Pricing	47	price	1395136036283	1395136036284	1395136037785	1395136037785	OK	 
ACTION	Pricing	17	price	1395136036312	1395136036313	1395136037812	1395136037812	OK	 
ACTION	Pricing	2	price	1395136036357	1395136036357	1395136037839	1395136037840	OK	 
ACTION	Pricing	22	price	1395136036372	1395136036373	1395136037868	1395136037868	OK	 
ACTION	Pricing	40	price	1395136036403	1395136036403	1395136037898	1395136037899	OK	 
ACTION	Pricing	13	price	1395136036432	1395136036432	1395136037931	1395136037931	OK	 
ACTION	Pricing	49	price	1395136036461	1395136036461	1395136037961	1395136037961	OK	 
ACTION	Pricing	27	price	1395136036491	1395136036491	1395136037990	1395136037991	OK	 
ACTION	Pricing	38	price	1395136036522	1395136036522	1395136038021	1395136038021	OK	 
ACTION	Pricing	42	price	1395136036551	1395136036552	1395136038055	1395136038055	OK	 
ACTION	Pricing	11	price	1395136036584	1395136036584	1395136038086	1395136038086	OK	 
ACTION	Pricing	28	price	1395136036612	1395136036612	1395136038114	1395136038114	OK	 
ACTION	Pricing	39	price	1395136036661	1395136036662	1395136038145	1395136038146	OK	 
ACTION	Pricing	4	price	1395136036684	1395136036684	1395136038177	1395136038178	OK	 
ACTION	Pricing	31	price	1395136036712	1395136036715	1395136038210	1395136038210	OK	 
ACTION	Pricing	43	price	1395136036742	1395136036743	1395136038243	1395136038244	OK	 
ACTION	Pricing	36	price	1395136036771	1395136036772	1395136038276	1395136038277	OK	 
ACTION	Pricing	33	price	1395136036800	1395136036801	1395136038307	1395136038308	OK	 
ACTION	Pricing	44	price	1395136036831	1395136036831	1395136038337	1395136038337	OK	 
ACTION	Pricing	19	price	1395136036862	1395136036863	1395136038370	1395136038370	OK	 
ACTION	Pricing	29	price	1395136036892	1395136036893	1395136038402	1395136038402	OK	 
ACTION	Pricing	20	price	1395136036920	1395136036920	1395136038434	1395136038435	OK	 
ACTION	Pricing	35	price	1395136036949	1395136036950	1395136038463	1395136038463	OK	 
ACTION	Pricing	15	price	1395136036980	1395136036981	1395136038491	1395136038491	OK	 
ACTION	Pricing	25	price	1395136037009	1395136037010	1395136038522	1395136038522	OK	 
ACTION	Pricing	41	price	1395136037039	1395136037040	1395136038555	1395136038555	OK	 
ACTION	Pricing	10	price	1395136037068	1395136037069	1395136038586	1395136038586	OK	 
ACTION	Pricing	32	price	1395136037096	1395136037097	1395136038614	1395136038614	OK	 
ACTION	Pricing	21	price	1395136037127	1395136037127	1395136038646	1395136038647	OK	 
ACTION	Pricing	12	price	1395136037156	1395136037157	1395136038679	1395136038679	OK	 
ACTION	Pricing	7	price	1395136037185	1395136037186	1395136038710	1395136038711	OK	 
ACTION	Pricing	34	price	1395136037230	1395136037231	1395136038742	1395136038742	OK	 
ACTION	Pricing	8	price	1395136037244	1395136037245	1395136038771	1395136038771	OK	 
ACTION	Pricing	24	price	1395136037274	1395136037274	1395136038802	1395136038803	OK	 
ACTION	Pricing	9	price	1395136037301	1395136037301	1395136038833	1395136038833	OK	 
ACTION	Pricing	23	price	1395136037332	1395136037332	1395136038888	1395136038889	OK	 
ACTION	Pricing	5	price	1395136037365	1395136037366	1395136038926	1395136038927	OK	 
ACTION	Pricing	16	price	1395136037395	1395136037396	1395136038961	1395136038961	OK	 
ACTION	Pricing	14	price	1395136037423	1395136037424	1395136038997	1395136038997	OK	 
ACTION	Pricing	3	price	1395136037451	1395136037452	1395136039026	1395136039026	OK	 
ACTION	Pricing	30	price	1395136037483	1395136037484	1395136039058	1395136039058	OK	 
ACTION	Pricing	6	price	1395136037512	1395136037513	1395136039086	1395136039086	OK	 
ACTION	Pricing	48	price	1395136037544	1395136037545	1395136039118	1395136039118	OK	 
ACTION	Pricing	50	price	1395136037575	1395136037575	1395136039149	1395136039149	OK	 
ACTION	Pricing	45	price	1395136037604	1395136037605	1395136039179	1395136039179	OK	 
ACTION	Pricing	1	price	1395136037636	1395136037636	1395136039211	1395136039211	OK	 
ACTION	Pricing	18	price	1395136037666	1395136037667	1395136039241	1395136039241	OK	 
ACTION	Pricing	26	price	1395136037695	1395136037696	1395136039271	1395136039272	OK	 
ACTION	Pricing	46	price	1395136037724	1395136037725	1395136039308	1395136039308	OK	 
ACTION	Pricing	37	price	1395136037755	1395136037755	1395136039342	1395136039343	OK	 
ACTION	Pricing	47	price	1395136037787	1395136037787	1395136039374	1395136039374	OK	 
ACTION	Pricing	17	price	1395136037814	1395136037814	1395136039406	1395136039406	OK	 
ACTION	Pricing	2	price	1395136037841	1395136037841	1395136039438	1395136039438	OK	 
ACTION	Pricing	22	price	1395136037869	1395136037870	1395136039468	1395136039469	OK	 
ACTION	Pricing	40	price	1395136037900	1395136037901	1395136039499	1395136039499	OK	 
ACTION	Pricing	13	price	1395136037932	1395136037933	1395136039530	1395136039530	OK	 
ACTION	Pricing	49	price	1395136037963	1395136037964	1395136039561	1395136039561	OK	 
ACTION	Pricing	27	price	1395136037992	1395136037993	1395136039593	1395136039594	OK	 
ACTION	Pricing	38	price	1395136038022	1395136038023	1395136039629	1395136039630	OK	 
ACTION	Pricing	42	price	1395136038056	1395136038057	1395136039662	1395136039662	OK	 
ACTION	Pricing	11	price	1395136038088	1395136038088	1395136039693	1395136039693	OK	 
ACTION	Pricing	28	price	1395136038116	1395136038116	1395136039724	1395136039724	OK	 
ACTION	Pricing	39	price	1395136038147	1395136038148	1395136039757	1395136039757	OK	 
ACTION	Pricing	4	price	1395136038180	1395136038181	1395136039786	1395136039787	OK	 
ACTION	Pricing	31	price	1395136038212	1395136038212	1395136039816	1395136039817	OK	 
ACTION	Pricing	43	price	1395136038246	1395136038246	1395136039848	1395136039849	OK	 
ACTION	Pricing	36	price	1395136038278	1395136038279	1395136039881	1395136039881	OK	 
ACTION	Pricing	33	price	1395136038309	1395136038310	1395136039911	1395136039912	OK	 
ACTION	Pricing	44	price	1395136038339	1395136038340	1395136039944	1395136039944	OK	 
ACTION	Pricing	19	price	1395136038371	1395136038372	1395136039973	1395136039974	OK	 
ACTION	Pricing	29	price	1395136038404	1395136038405	1395136040007	1395136040007	OK	 
ACTION	Pricing	20	price	1395136038436	1395136038437	1395136040039	1395136040039	OK	 
ACTION	Pricing	35	price	1395136038465	1395136038466	1395136040072	1395136040072	OK	 
ACTION	Pricing	15	price	1395136038493	1395136038493	1395136040108	1395136040109	OK	 
ACTION	Pricing	25	price	1395136038524	1395136038524	1395136040142	1395136040142	OK	 
ACTION	Pricing	41	price	1395136038557	1395136038557	1395136040177	1395136040177	OK	 
ACTION	Pricing	10	price	1395136038589	1395136038589	1395136040210	1395136040211	OK	 
ACTION	Pricing	32	price	1395136038616	1395136038617	1395136040246	1395136040246	OK	 
ACTION	Pricing	21	price	1395136038649	1395136038649	1395136040281	1395136040282	OK	 
ACTION	Pricing	12	price	1395136038681	1395136038681	1395136040314	1395136040314	OK	 
ACTION	Pricing	7	price	1395136038712	1395136038713	1395136040342	1395136040342	OK	 
ACTION	Pricing	34	price	1395136038744	1395136038744	1395136040373	1395136040373	OK	 
ACTION	Pricing	8	price	1395136038773	1395136038773	1395136040401	1395136040401	OK	 
ACTION	Pricing	24	price	1395136038804	1395136038805	1395136040430	1395136040431	OK	 
ACTION	Pricing	9	price	1395136038835	1395136038835	1395136040458	1395136040458	OK	 
ACTION	Pricing	23	price	1395136038891	1395136038892	1395136040487	1395136040487	OK	 
ACTION	Pricing	5	price	1395136038928	1395136038929	1395136040518	1395136040519	OK	 
ACTION	Pricing	16	price	1395136038963	1395136038964	1395136040546	1395136040546	OK	 
ACTION	Pricing	14	price	1395136038999	1395136039000	1395136040574	1395136040574	OK	 
ACTION	Pricing	3	price	1395136039028	1395136039029	1395136040605	1395136040605	OK	 
ACTION	Pricing	30	price	1395136039060	1395136039060	1395136040633	1395136040633	OK	 
ACTION	Pricing	6	price	1395136039088	1395136039088	1395136040664	1395136040664	OK	 
ACTION	Pricing	48	price	1395136039120	1395136039121	1395136040694	1395136040694	OK	 
ACTION	Pricing	50	price	1395136039151	1395136039151	1395136040724	1395136040724	OK	 
ACTION	Pricing	45	price	1395136039181	1395136039181	1395136040754	1395136040755	OK	 
ACTION	Pricing	1	price	1395136039213	1395136039214	1395136040784	1395136040784	OK	 
ACTION	Pricing	18	price	1395136039243	1395136039243	1395136040815	1395136040815	OK	 
ACTION	Pricing	26	price	1395136039274	1395136039274	1395136040845	1395136040845	OK	 
ACTION	Pricing	46	price	1395136039310	1395136039310	1395136040877	1395136040878	OK	 
ACTION	Pricing	37	price	1395136039345	1395136039345	1395136040910	1395136040910	OK	 
ACTION	Pricing	47	price	1395136039376	1395136039377	1395136040943	1395136040943	OK	 
ACTION	Pricing	17	price	1395136039408	1395136039408	1395136040974	1395136040974	OK	 
ACTION	Pricing	2	price	1395136039440	1395136039440	1395136041004	1395136041004	OK	 
ACTION	Pricing	22	price	1395136039471	1395136039471	1395136041032	1395136041033	OK	 
ACTION	Pricing	40	price	1395136039501	1395136039501	1395136041060	1395136041060	OK	 
ACTION	Pricing	13	price	1395136039532	1395136039532	1395136041089	1395136041089	OK	 
ACTION	Pricing	49	price	1395136039563	1395136039563	1395136041117	1395136041117	OK	 
ACTION	Pricing	27	price	1395136039595	1395136039596	1395136041145	1395136041145	OK	 
ACTION	Pricing	38	price	1395136039631	1395136039632	1395136041174	1395136041175	OK	 
ACTION	Pricing	42	price	1395136039664	1395136039664	1395136041205	1395136041205	OK	 
ACTION	Pricing	11	price	1395136039695	1395136039695	1395136041234	1395136041234	OK	 
ACTION	Pricing	28	price	1395136039726	1395136039726	1395136041268	1395136041268	OK	 
ACTION	Pricing	39	price	1395136039759	1395136039759	1395136041326	1395136041326	OK	 
ACTION	Pricing	4	price	1395136039788	1395136039789	1395136041364	1395136041364	OK	 
ACTION	Pricing	31	price	1395136039818	1395136039820	1395136041397	1395136041398	OK	 
ACTION	Pricing	43	price	1395136039850	1395136039851	1395136041429	1395136041429	OK	 
ACTION	Pricing	36	price	1395136039883	1395136039883	1395136041463	1395136041464	OK	 
ACTION	Pricing	33	price	1395136039913	1395136039914	1395136041496	1395136041496	OK	 
ACTION	Pricing	44	price	1395136039946	1395136039947	1395136041528	1395136041528	OK	 
ACTION	Pricing	19	price	1395136039975	1395136039976	1395136041558	1395136041558	OK	 
ACTION	Pricing	29	price	1395136040008	1395136040009	1395136041587	1395136041587	OK	 
ACTION	Pricing	20	price	1395136040041	1395136040041	1395136041618	1395136041619	OK	 
ACTION	Pricing	35	price	1395136040074	1395136040074	1395136041650	1395136041651	OK	 
ACTION	Pricing	15	price	1395136040110	1395136040111	1395136041678	1395136041679	OK	 
ACTION	Pricing	25	price	1395136040144	1395136040144	1395136041708	1395136041708	OK	 
ACTION	Pricing	41	price	1395136040179	1395136040180	1395136041737	1395136041737	OK	 
ACTION	Pricing	10	price	1395136040212	1395136040213	1395136041765	1395136041765	OK	 
ACTION	Pricing	32	price	1395136040248	1395136040249	1395136041795	1395136041796	OK	 
ACTION	Pricing	21	price	1395136040283	1395136040283	1395136041824	1395136041824	OK	 
ACTION	Pricing	12	price	1395136040315	1395136040316	1395136041853	1395136041853	OK	 
ACTION	Pricing	7	price	1395136040344	1395136040345	1395136041884	1395136041884	OK	 
ACTION	Pricing	34	price	1395136040375	1395136040375	1395136041915	1395136041915	OK	 
ACTION	Pricing	8	price	1395136040403	1395136040404	1395136041944	1395136041944	OK	 
ACTION	Pricing	24	price	1395136040432	1395136040433	1395136041974	1395136041975	OK	 
ACTION	Pricing	9	price	1395136040459	1395136040460	1395136042007	1395136042007	OK	 
ACTION	Pricing	23	price	1395136040488	1395136040489	1395136042036	1395136042036	OK	 
ACTION	Pricing	5	price	1395136040520	1395136040521	1395136042066	1395136042066	OK	 
ACTION	Pricing	16	price	1395136040548	1395136040548	1395136042094	1395136042094	OK	 
ACTION	Pricing	14	price	1395136040576	1395136040576	1395136042128	1395136042128	OK	 
ACTION	Pricing	3	price	1395136040607	1395136040607	1395136042163	1395136042163	OK	 
ACTION	Pricing	30	price	1395136040635	1395136040635	1395136042195	1395136042195	OK	 
ACTION	Pricing	6	price	1395136040665	1395136040666	1395136042228	1395136042228	OK	 
ACTION	Pricing	48	price	1395136040695	1395136040696	1395136042264	1395136042264	OK	 
ACTION	Pricing	50	price	1395136040725	1395136040726	1395136042295	1395136042295	OK	 
ACTION	Pricing	45	price	1395136040756	1395136040756	1395136042326	1395136042326	OK	 
ACTION	Pricing	1	price	1395136040786	1395136040786	1395136042356	1395136042356	OK	 
ACTION	Pricing	18	price	1395136040816	1395136040817	1395136042386	1395136042387	OK	 
ACTION	Pricing	26	price	1395136040847	1395136040847	1395136042417	1395136042417	OK	 
ACTION	Pricing	46	price	1395136040879	1395136040879	1395136042445	1395136042446	OK	 
ACTION	Pricing	37	price	1395136040912	1395136040912	1395136042477	1395136042478	OK	 
ACTION	Pricing	47	price	1395136040945	1395136040946	1395136042507	1395136042507	OK	 
ACTION	Pricing	17	price	1395136040975	1395136040976	1395136042538	1395136042538	OK	 
ACTION	Pricing	2	price	1395136041005	1395136041006	1395136042572	1395136042572	OK	 
ACTION	Pricing	22	price	1395136041035	1395136041035	1395136042606	1395136042607	OK	 
ACTION	Pricing	40	price	1395136041062	1395136041062	1395136042643	1395136042644	OK	 
ACTION	Pricing	13	price	1395136041090	1395136041091	1395136042677	1395136042677	OK	 
ACTION	Pricing	49	price	1395136041119	1395136041119	1395136042712	1395136042713	OK	 
ACTION	Pricing	27	price	1395136041146	1395136041147	1395136042743	1395136042744	OK	 
ACTION	Pricing	38	price	1395136041176	1395136041176	1395136042778	1395136042779	OK	 
ACTION	Pricing	42	price	1395136041210	1395136041210	1395136042812	1395136042812	OK	 
ACTION	Pricing	11	price	1395136041237	1395136041237	1395136042844	1395136042845	OK	 
ACTION	Pricing	28	price	1395136041270	1395136041270	1395136042876	1395136042877	OK	 
ACTION	Pricing	39	price	1395136041328	1395136041328	1395136042912	1395136042913	OK	 
ACTION	Pricing	4	price	1395136041365	1395136041366	1395136042947	1395136042947	OK	 
ACTION	Pricing	31	price	1395136041399	1395136041400	1395136042976	1395136042976	OK	 
ACTION	Pricing	43	price	1395136041431	1395136041431	1395136043007	1395136043007	OK	 
ACTION	Pricing	36	price	1395136041465	1395136041466	1395136043037	1395136043038	OK	 
ACTION	Pricing	33	price	1395136041498	1395136041498	1395136043070	1395136043071	OK	 
ACTION	Pricing	44	price	1395136041530	1395136041531	1395136043103	1395136043103	OK	 
ACTION	Pricing	19	price	1395136041560	1395136041560	1395136043136	1395136043136	OK	 
ACTION	Pricing	29	price	1395136041589	1395136041589	1395136043167	1395136043167	OK	 
ACTION	Pricing	20	price	1395136041621	1395136041622	1395136043195	1395136043196	OK	 
ACTION	Pricing	35	price	1395136041652	1395136041653	1395136043226	1395136043226	OK	 
ACTION	Pricing	15	price	1395136041680	1395136041680	1395136043256	1395136043256	OK	 
ACTION	Pricing	25	price	1395136041710	1395136041710	1395136043287	1395136043287	OK	 
ACTION	Pricing	41	price	1395136041739	1395136041739	1395136043318	1395136043318	OK	 
ACTION	Pricing	10	price	1395136041767	1395136041767	1395136043346	1395136043346	OK	 
ACTION	Pricing	32	price	1395136041797	1395136041798	1395136043377	1395136043377	OK	 
ACTION	Pricing	21	price	1395136041825	1395136041826	1395136043408	1395136043409	OK	 
ACTION	Pricing	12	price	1395136041855	1395136041855	1395136043439	1395136043439	OK	 
ACTION	Pricing	7	price	1395136041886	1395136041886	1395136043478	1395136043479	OK	 
ACTION	Pricing	34	price	1395136041916	1395136041917	1395136043505	1395136043506	OK	 
ACTION	Pricing	8	price	1395136041946	1395136041947	1395136043536	1395136043536	OK	 
ACTION	Pricing	24	price	1395136041976	1395136041976	1395136043570	1395136043570	OK	 
ACTION	Pricing	9	price	1395136042008	1395136042009	1395136043604	1395136043604	OK	 
ACTION	Pricing	23	price	1395136042038	1395136042039	1395136043638	1395136043638	OK	 
ACTION	Pricing	5	price	1395136042067	1395136042068	1395136043671	1395136043672	OK	 
ACTION	Pricing	16	price	1395136042096	1395136042096	1395136043706	1395136043706	OK	 
ACTION	Pricing	14	price	1395136042131	1395136042131	1395136043739	1395136043739	OK	 
ACTION	Pricing	3	price	1395136042165	1395136042165	1395136043772	1395136043772	OK	 
ACTION	Pricing	30	price	1395136042197	1395136042198	1395136043804	1395136043804	OK	 
ACTION	Pricing	6	price	1395136042230	1395136042230	1395136043835	1395136043836	OK	 
ACTION	Pricing	48	price	1395136042265	1395136042266	1395136043865	1395136043865	OK	 
ACTION	Pricing	50	price	1395136042297	1395136042298	1395136043896	1395136043896	OK	 
ACTION	Pricing	45	price	1395136042328	1395136042328	1395136043926	1395136043926	OK	 
ACTION	Pricing	1	price	1395136042358	1395136042358	1395136043955	1395136043955	OK	 
ACTION	Pricing	18	price	1395136042388	1395136042388	1395136043987	1395136043987	OK	 
ACTION	Pricing	26	price	1395136042418	1395136042419	1395136044016	1395136044016	OK	 
ACTION	Pricing	46	price	1395136042447	1395136042448	1395136044049	1395136044049	OK	 
ACTION	Pricing	37	price	1395136042479	1395136042480	1395136044081	1395136044081	OK	 
ACTION	Pricing	47	price	1395136042509	1395136042509	1395136044112	1395136044112	OK	 
ACTION	Pricing	17	price	1395136042540	1395136042540	1395136044150	1395136044150	OK	 
ACTION	Pricing	2	price	1395136042574	1395136042575	1395136044178	1395136044178	OK	 
ACTION	Pricing	22	price	1395136042608	1395136042609	1395136044207	1395136044207	OK	 
ACTION	Pricing	40	price	1395136042645	1395136042646	1395136044241	1395136044241	OK	 
ACTION	Pricing	13	price	1395136042679	1395136042679	1395136044272	1395136044272	OK	 
ACTION	Pricing	49	price	1395136042714	1395136042715	1395136044303	1395136044303	OK	 
ACTION	Pricing	27	price	1395136042745	1395136042746	1395136044330	1395136044330	OK	 
ACTION	Pricing	38	price	1395136042780	1395136042781	1395136044359	1395136044359	OK	 
ACTION	Pricing	42	price	1395136042814	1395136042814	1395136044390	1395136044391	OK	 
ACTION	Pricing	11	price	1395136042846	1395136042846	1395136044420	1395136044420	OK	 
ACTION	Pricing	28	price	1395136042879	1395136042879	1395136044451	1395136044451	OK	 
ACTION	Pricing	39	price	1395136042914	1395136042915	1395136044503	1395136044503	OK	 
ACTION	Pricing	4	price	1395136042948	1395136042949	1395136044531	1395136044531	OK	 
ACTION	Pricing	31	price	1395136042978	1395136042978	1395136044565	1395136044566	OK	 
ACTION	Pricing	43	price	1395136043008	1395136043009	1395136044592	1395136044592	OK	 
ACTION	Pricing	36	price	1395136043039	1395136043040	1395136044621	1395136044621	OK	 
ACTION	Pricing	33	price	1395136043072	1395136043073	1395136044650	1395136044650	OK	 
ACTION	Pricing	44	price	1395136043105	1395136043105	1395136044682	1395136044682	OK	 
ACTION	Pricing	19	price	1395136043138	1395136043139	1395136044711	1395136044711	OK	 
ACTION	Pricing	29	price	1395136043169	1395136043169	1395136044743	1395136044743	OK	 
ACTION	Pricing	20	price	1395136043197	1395136043197	1395136044772	1395136044772	OK	 
ACTION	Pricing	35	price	1395136043228	1395136043229	1395136044804	1395136044804	OK	 
ACTION	Pricing	15	price	1395136043257	1395136043258	1395136044843	1395136044843	OK	 
ACTION	Pricing	25	price	1395136043289	1395136043289	1395136044879	1395136044879	OK	 
ACTION	Pricing	41	price	1395136043319	1395136043320	1395136044919	1395136044919	OK	 
ACTION	Pricing	10	price	1395136043347	1395136043348	1395136044951	1395136044951	OK	 
ACTION	Pricing	32	price	1395136043378	1395136043379	1395136044986	1395136044986	OK	 
ACTION	Pricing	21	price	1395136043410	1395136043411	1395136045017	1395136045017	OK	 
ACTION	Pricing	12	price	1395136043441	1395136043442	1395136045049	1395136045049	OK	 
ACTION	Pricing	7	price	1395136043481	1395136043481	1395136045080	1395136045081	OK	 
ACTION	Pricing	34	price	1395136043507	1395136043508	1395136045113	1395136045113	OK	 
ACTION	Pricing	8	price	1395136043538	1395136043538	1395136045147	1395136045147	OK	 
ACTION	Pricing	24	price	1395136043572	1395136043573	1395136045178	1395136045178	OK	 
ACTION	Pricing	9	price	1395136043606	1395136043606	1395136045211	1395136045212	OK	 
ACTION	Pricing	23	price	1395136043641	1395136043641	1395136045241	1395136045241	OK	 
ACTION	Pricing	5	price	1395136043674	1395136043674	1395136045269	1395136045270	OK	 
ACTION	Pricing	16	price	1395136043708	1395136043708	1395136045303	1395136045303	OK	 
ACTION	Pricing	14	price	1395136043742	1395136043743	1395136045336	1395136045337	OK	 
ACTION	Pricing	3	price	1395136043774	1395136043774	1395136045372	1395136045372	OK	 
ACTION	Pricing	30	price	1395136043806	1395136043807	1395136045409	1395136045410	OK	 
ACTION	Pricing	6	price	1395136043837	1395136043838	1395136045461	1395136045461	OK	 
ACTION	Pricing	48	price	1395136043867	1395136043868	1395136045498	1395136045498	OK	 
ACTION	Pricing	50	price	1395136043898	1395136043898	1395136045528	1395136045529	OK	 
ACTION	Pricing	45	price	1395136043927	1395136043928	1395136045560	1395136045561	OK	 
ACTION	Pricing	1	price	1395136043957	1395136043958	1395136045594	1395136045594	OK	 
ACTION	Pricing	18	price	1395136043989	1395136043990	1395136045628	1395136045628	OK	 
ACTION	Pricing	26	price	1395136044017	1395136044018	1395136045663	1395136045663	OK	 
ACTION	Pricing	46	price	1395136044050	1395136044051	1395136045747	1395136045748	OK	 
ACTION	Pricing	37	price	1395136044083	1395136044083	1395136045748	1395136045749	OK	 
ACTION	Pricing	47	price	1395136044114	1395136044114	1395136045768	1395136045768	OK	 
ACTION	Pricing	17	price	1395136044152	1395136044152	1395136045802	1395136045803	OK	 
ACTION	Pricing	2	price	1395136044180	1395136044181	1395136045837	1395136045838	OK	 
ACTION	Pricing	22	price	1395136044209	1395136044209	1395136045869	1395136045870	OK	 
ACTION	Pricing	40	price	1395136044243	1395136044243	1395136045903	1395136045903	OK	 
ACTION	Pricing	13	price	1395136044274	1395136044274	1395136045939	1395136045939	OK	 
ACTION	Pricing	49	price	1395136044304	1395136044305	1395136045972	1395136045972	OK	 
ACTION	Pricing	27	price	1395136044332	1395136044332	1395136046006	1395136046007	OK	 
ACTION	Pricing	38	price	1395136044360	1395136044361	1395136046044	1395136046044	OK	 
ACTION	Pricing	42	price	1395136044392	1395136044393	1395136046081	1395136046081	OK	 
ACTION	Pricing	11	price	1395136044422	1395136044422	1395136046111	1395136046112	OK	 
ACTION	Pricing	28	price	1395136044453	1395136044453	1395136046139	1395136046139	OK	 
ACTION	Pricing	39	price	1395136044504	1395136044505	1395136046169	1395136046169	OK	 
ACTION	Pricing	4	price	1395136044532	1395136044533	1395136046197	1395136046197	OK	 
ACTION	Pricing	31	price	1395136044567	1395136044568	1395136046233	1395136046233	OK	 
ACTION	Pricing	43	price	1395136044594	1395136044594	1395136046261	1395136046262	OK	 
ACTION	Pricing	36	price	1395136044622	1395136044623	1395136046291	1395136046291	OK	 
ACTION	Pricing	33	price	1395136044652	1395136044652	1395136046321	1395136046321	OK	 
ACTION	Pricing	44	price	1395136044683	1395136044684	1395136046350	1395136046350	OK	 
ACTION	Pricing	19	price	1395136044712	1395136044712	1395136046382	1395136046382	OK	 
ACTION	Pricing	29	price	1395136044745	1395136044746	1395136046409	1395136046409	OK	 
ACTION	Pricing	20	price	1395136044774	1395136044774	1395136046442	1395136046442	OK	 
ACTION	Pricing	35	price	1395136044806	1395136044806	1395136046469	1395136046469	OK	 
ACTION	Pricing	15	price	1395136044845	1395136044846	1395136046502	1395136046502	OK	 
ACTION	Pricing	25	price	1395136044881	1395136044882	1395136046531	1395136046531	OK	 
ACTION	Pricing	41	price	1395136044921	1395136044921	1395136046562	1395136046563	OK	 
ACTION	Pricing	10	price	1395136044953	1395136044953	1395136046598	1395136046599	OK	 
ACTION	Pricing	32	price	1395136044987	1395136044988	1395136046630	1395136046631	OK	 
ACTION	Pricing	21	price	1395136045018	1395136045019	1395136046664	1395136046664	OK	 
ACTION	Pricing	12	price	1395136045051	1395136045051	1395136046694	1395136046694	OK	 
ACTION	Pricing	7	price	1395136045083	1395136045083	1395136046723	1395136046723	OK	 
ACTION	Pricing	34	price	1395136045115	1395136045115	1395136046755	1395136046755	OK	 
ACTION	Pricing	8	price	1395136045151	1395136045151	1395136046787	1395136046788	OK	 
ACTION	Pricing	24	price	1395136045180	1395136045180	1395136046818	1395136046818	OK	 
ACTION	Pricing	9	price	1395136045213	1395136045213	1395136046848	1395136046848	OK	 
ACTION	Pricing	23	price	1395136045243	1395136045243	1395136046882	1395136046882	OK	 
ACTION	Pricing	5	price	1395136045271	1395136045272	1395136046943	1395136046943	OK	 
ACTION	Pricing	16	price	1395136045304	1395136045305	1395136046979	1395136046979	OK	 
ACTION	Pricing	14	price	1395136045338	1395136045339	1395136047009	1395136047009	OK	 
ACTION	Pricing	3	price	1395136045374	1395136045374	1395136047038	1395136047038	OK	 
ACTION	Pricing	30	price	1395136045412	1395136045412	1395136047070	1395136047071	OK	 
ACTION	Pricing	6	price	1395136045463	1395136045463	1395136047099	1395136047099	OK	 
ACTION	Pricing	48	price	1395136045499	1395136045500	1395136047129	1395136047129	OK	 
ACTION	Pricing	50	price	1395136045530	1395136045531	1395136047159	1395136047159	OK	 
ACTION	Pricing	45	price	1395136045562	1395136045562	1395136047189	1395136047189	OK	 
ACTION	Pricing	1	price	1395136045596	1395136045597	1395136047222	1395136047222	OK	 
ACTION	Pricing	18	price	1395136045630	1395136045630	1395136047254	1395136047254	OK	 
ACTION	Pricing	26	price	1395136045665	1395136045666	1395136047286	1395136047286	OK	 
ACTION	Pricing	46	price	1395136045760	1395136045773	1395136047319	1395136047320	OK	 
ACTION	Pricing	37	price	1395136045773	1395136045774	1395136047352	1395136047353	OK	 
ACTION	Pricing	47	price	1395136045774	1395136045775	1395136047385	1395136047385	OK	 
ACTION	Pricing	17	price	1395136045804	1395136045805	1395136047418	1395136047418	OK	 
ACTION	Pricing	2	price	1395136045840	1395136045840	1395136047454	1395136047454	OK	 
ACTION	Pricing	22	price	1395136045871	1395136045871	1395136047486	1395136047487	OK	 
ACTION	Pricing	40	price	1395136045904	1395136045904	1395136047518	1395136047519	OK	 
ACTION	Pricing	13	price	1395136045941	1395136045941	1395136047552	1395136047553	OK	 
ACTION	Pricing	49	price	1395136045973	1395136045974	1395136047606	1395136047606	OK	 
ACTION	Pricing	27	price	1395136046008	1395136046013	1395136047640	1395136047640	OK	 
ACTION	Pricing	38	price	1395136046046	1395136046047	1395136047682	1395136047682	OK	 
ACTION	Pricing	42	price	1395136046083	1395136046083	1395136047717	1395136047718	OK	 
ACTION	Pricing	11	price	1395136046113	1395136046114	1395136047755	1395136047755	OK	 
ACTION	Pricing	28	price	1395136046141	1395136046141	1395136047787	1395136047787	OK	 
ACTION	Pricing	39	price	1395136046170	1395136046171	1395136047818	1395136047818	OK	 
ACTION	Pricing	4	price	1395136046198	1395136046199	1395136047846	1395136047846	OK	 
ACTION	Pricing	31	price	1395136046234	1395136046235	1395136047876	1395136047876	OK	 
ACTION	Pricing	43	price	1395136046263	1395136046263	1395136047906	1395136047907	OK	 
ACTION	Pricing	36	price	1395136046292	1395136046293	1395136047940	1395136047940	OK	 
ACTION	Pricing	33	price	1395136046323	1395136046323	1395136047975	1395136047975	OK	 
ACTION	Pricing	44	price	1395136046352	1395136046352	1395136048004	1395136048004	OK	 
ACTION	Pricing	19	price	1395136046383	1395136046383	1395136048039	1395136048040	OK	 
ACTION	Pricing	29	price	1395136046410	1395136046411	1395136048104	1395136048104	OK	 
ACTION	Pricing	20	price	1395136046444	1395136046444	1395136048124	1395136048125	OK	 
ACTION	Pricing	35	price	1395136046470	1395136046471	1395136048162	1395136048162	OK	 
ACTION	Pricing	15	price	1395136046503	1395136046503	1395136048193	1395136048194	OK	 
ACTION	Pricing	25	price	1395136046533	1395136046533	1395136048224	1395136048224	OK	 
ACTION	Pricing	41	price	1395136046564	1395136046564	1395136048259	1395136048259	OK	 
ACTION	Pricing	10	price	1395136046601	1395136046601	1395136048294	1395136048294	OK	 
ACTION	Pricing	32	price	1395136046632	1395136046632	1395136048326	1395136048326	OK	 
ACTION	Pricing	21	price	1395136046665	1395136046666	1395136048362	1395136048363	OK	 
ACTION	Pricing	12	price	1395136046695	1395136046696	1395136048397	1395136048397	OK	 
ACTION	Pricing	7	price	1395136046725	1395136046725	1395136048428	1395136048428	OK	 
ACTION	Pricing	34	price	1395136046756	1395136046757	1395136048461	1395136048462	OK	 
ACTION	Pricing	8	price	1395136046789	1395136046790	1395136048497	1395136048497	OK	 
ACTION	Pricing	24	price	1395136046819	1395136046820	1395136048528	1395136048528	OK	 
ACTION	Pricing	9	price	1395136046849	1395136046850	1395136048564	1395136048564	OK	 
ACTION	Pricing	23	price	1395136046884	1395136046884	1395136048594	1395136048594	OK	 
ACTION	Pricing	5	price	1395136046945	1395136046945	1395136048628	1395136048628	OK	 
ACTION	Pricing	16	price	1395136046980	1395136046981	1395136048662	1395136048662	OK	 
ACTION	Pricing	14	price	1395136047011	1395136047011	1395136048699	1395136048700	OK	 
ACTION	Pricing	3	price	1395136047040	1395136047040	1395136048733	1395136048733	OK	 
ACTION	Pricing	30	price	1395136047072	1395136047072	1395136048769	1395136048769	OK	 
ACTION	Pricing	6	price	1395136047101	1395136047101	1395136048801	1395136048802	OK	 
ACTION	Pricing	48	price	1395136047130	1395136047131	1395136048838	1395136048838	OK	 
ACTION	Pricing	50	price	1395136047161	1395136047161	1395136048875	1395136048876	OK	 
ACTION	Pricing	45	price	1395136047191	1395136047191	1395136048910	1395136048911	OK	 
ACTION	Pricing	1	price	1395136047223	1395136047224	1395136048946	1395136048946	OK	 
ACTION	Pricing	18	price	1395136047255	1395136047256	1395136048975	1395136048976	OK	 
ACTION	Pricing	26	price	1395136047288	1395136047288	1395136049015	1395136049015	OK	 
ACTION	Pricing	46	price	1395136047321	1395136047322	1395136049048	1395136049048	OK	 
ACTION	Pricing	37	price	1395136047354	1395136047355	1395136049083	1395136049083	OK	 
ACTION	Pricing	47	price	1395136047387	1395136047387	1395136049119	1395136049119	OK	 
ACTION	Pricing	17	price	1395136047421	1395136047422	1395136049156	1395136049156	OK	 
ACTION	Pricing	2	price	1395136047455	1395136047456	1395136049193	1395136049193	OK	 
ACTION	Pricing	22	price	1395136047488	1395136047489	1395136049259	1395136049259	OK	 
ACTION	Pricing	40	price	1395136047522	1395136047523	1395136049299	1395136049300	OK	 
ACTION	Pricing	13	price	1395136047554	1395136047555	1395136049332	1395136049333	OK	 
ACTION	Pricing	49	price	1395136047608	1395136047608	1395136049365	1395136049365	OK	 
ACTION	Pricing	27	price	1395136047642	1395136047642	1395136049397	1395136049397	OK	 
ACTION	Pricing	38	price	1395136047684	1395136047684	1395136049428	1395136049428	OK	 
ACTION	Pricing	42	price	1395136047719	1395136047720	1395136049460	1395136049460	OK	 
ACTION	Pricing	11	price	1395136047756	1395136047757	1395136049491	1395136049491	OK	 
ACTION	Pricing	28	price	1395136047788	1395136047789	1395136049524	1395136049524	OK	 
ACTION	Pricing	39	price	1395136047819	1395136047820	1395136049556	1395136049556	OK	 
ACTION	Pricing	4	price	1395136047847	1395136047848	1395136049584	1395136049585	OK	 
ACTION	Pricing	31	price	1395136047877	1395136047878	1395136049618	1395136049618	OK	 
ACTION	Pricing	43	price	1395136047909	1395136047909	1395136049648	1395136049648	OK	 
ACTION	Pricing	36	price	1395136047941	1395136047942	1395136049682	1395136049682	OK	 
ACTION	Pricing	33	price	1395136047977	1395136047978	1395136049711	1395136049711	OK	 
ACTION	Pricing	44	price	1395136048007	1395136048007	1395136049740	1395136049740	OK	 
ACTION	Pricing	19	price	1395136048041	1395136048042	1395136049769	1395136049769	OK	 
ACTION	Pricing	29	price	1395136048105	1395136048106	1395136049798	1395136049799	OK	 
ACTION	Pricing	20	price	1395136048126	1395136048127	1395136049831	1395136049831	OK	 
ACTION	Pricing	35	price	1395136048164	1395136048165	1395136049864	1395136049864	OK	 
ACTION	Pricing	15	price	1395136048195	1395136048196	1395136049898	1395136049898	OK	 
ACTION	Pricing	25	price	1395136048226	1395136048226	1395136049929	1395136049929	OK	 
ACTION	Pricing	41	price	1395136048260	1395136048261	1395136049960	1395136049960	OK	 
ACTION	Pricing	10	price	1395136048295	1395136048296	1395136049994	1395136049994	OK	 
ACTION	Pricing	32	price	1395136048328	1395136048328	1395136050025	1395136050025	OK	 
ACTION	Pricing	21	price	1395136048364	1395136048365	1395136050056	1395136050057	OK	 
ACTION	Pricing	12	price	1395136048398	1395136048399	1395136050088	1395136050089	OK	 
ACTION	Pricing	7	price	1395136048429	1395136048430	1395136050122	1395136050122	OK	 
ACTION	Pricing	34	price	1395136048463	1395136048463	1395136050150	1395136050150	OK	 
ACTION	Pricing	8	price	1395136048499	1395136048499	1395136050181	1395136050181	OK	 
ACTION	Pricing	24	price	1395136048530	1395136048530	1395136050210	1395136050210	OK	 
ACTION	Pricing	9	price	1395136048565	1395136048566	1395136050239	1395136050240	OK	 
ACTION	Pricing	23	price	1395136048596	1395136048596	1395136050272	1395136050272	OK	 
ACTION	Pricing	5	price	1395136048630	1395136048630	1395136050304	1395136050304	OK	 
ACTION	Pricing	16	price	1395136048664	1395136048665	1395136050333	1395136050334	OK	 
ACTION	Pricing	14	price	1395136048702	1395136048702	1395136050364	1395136050364	OK	 
ACTION	Pricing	3	price	1395136048735	1395136048736	1395136050403	1395136050403	OK	 
ACTION	Pricing	30	price	1395136048770	1395136048771	1395136050434	1395136050434	OK	 
ACTION	Pricing	6	price	1395136048803	1395136048804	1395136050469	1395136050469	OK	 
ACTION	Pricing	48	price	1395136048840	1395136048841	1395136050534	1395136050534	OK	 
ACTION	Pricing	50	price	1395136048877	1395136048878	1395136050575	1395136050575	OK	 
ACTION	Pricing	45	price	1395136048912	1395136048913	1395136050603	1395136050603	OK	 
ACTION	Pricing	1	price	1395136048947	1395136048948	1395136050634	1395136050634	OK	 
ACTION	Pricing	18	price	1395136048977	1395136048977	1395136050666	1395136050666	OK	 
ACTION	Pricing	26	price	1395136049016	1395136049017	1395136050699	1395136050699	OK	 
ACTION	Pricing	46	price	1395136049050	1395136049051	1395136050733	1395136050734	OK	 
ACTION	Pricing	37	price	1395136049085	1395136049085	1395136050772	1395136050772	OK	 
ACTION	Pricing	47	price	1395136049120	1395136049121	1395136050811	1395136050811	OK	 
ACTION	Pricing	17	price	1395136049158	1395136049159	1395136050847	1395136050848	OK	 
ACTION	Pricing	2	price	1395136049195	1395136049195	1395136050881	1395136050882	OK	 
ACTION	Pricing	22	price	1395136049262	1395136049263	1395136050919	1395136050919	OK	 
ACTION	Pricing	40	price	1395136049302	1395136049302	1395136050954	1395136050954	OK	 
ACTION	Pricing	13	price	1395136049334	1395136049334	1395136050987	1395136050987	OK	 
ACTION	Pricing	49	price	1395136049367	1395136049367	1395136051025	1395136051026	OK	 
ACTION	Pricing	27	price	1395136049399	1395136049399	1395136051066	1395136051066	OK	 
ACTION	Pricing	38	price	1395136049430	1395136049430	1395136051121	1395136051121	OK	 
ACTION	Pricing	42	price	1395136049461	1395136049462	1395136051155	1395136051156	OK	 
ACTION	Pricing	11	price	1395136049492	1395136049493	1395136051189	1395136051189	OK	 
ACTION	Pricing	28	price	1395136049525	1395136049525	1395136051225	1395136051225	OK	 
ACTION	Pricing	39	price	1395136049557	1395136049558	1395136051263	1395136051263	OK	 
ACTION	Pricing	4	price	1395136049586	1395136049587	1395136051299	1395136051299	OK	 
ACTION	Pricing	31	price	1395136049619	1395136049620	1395136051333	1395136051333	OK	 
ACTION	Pricing	43	price	1395136049649	1395136049650	1395136051366	1395136051367	OK	 
ACTION	Pricing	36	price	1395136049683	1395136049684	1395136051398	1395136051399	OK	 
ACTION	Pricing	33	price	1395136049712	1395136049712	1395136051429	1395136051429	OK	 
ACTION	Pricing	44	price	1395136049741	1395136049742	1395136051459	1395136051459	OK	 
ACTION	Pricing	19	price	1395136049771	1395136049771	1395136051488	1395136051488	OK	 
ACTION	Pricing	29	price	1395136049800	1395136049800	1395136051519	1395136051520	OK	 
ACTION	Pricing	20	price	1395136049832	1395136049833	1395136051551	1395136051551	OK	 
ACTION	Pricing	35	price	1395136049866	1395136049866	1395136051581	1395136051581	OK	 
ACTION	Pricing	15	price	1395136049899	1395136049900	1395136051613	1395136051614	OK	 
ACTION	Pricing	41	price	1395136049961	1395136049962	1395136051701	1395136051702	OK	 
ACTION	Pricing	25	price	1395136049931	1395136049931	1395136051643	1395136051708	OK	 
ACTION	Pricing	10	price	1395136049995	1395136049996	1395136051741	1395136051741	OK	 
ACTION	Pricing	32	price	1395136050026	1395136050027	1395136051775	1395136051775	OK	 
ACTION	Pricing	21	price	1395136050058	1395136050059	1395136051807	1395136051808	OK	 
ACTION	Pricing	12	price	1395136050091	1395136050091	1395136051843	1395136051843	OK	 
ACTION	Pricing	7	price	1395136050123	1395136050124	1395136051875	1395136051875	OK	 
ACTION	Pricing	34	price	1395136050152	1395136050153	1395136051909	1395136051909	OK	 
ACTION	Pricing	8	price	1395136050183	1395136050183	1395136051943	1395136051943	OK	 
ACTION	Pricing	24	price	1395136050212	1395136050212	1395136051976	1395136051976	OK	 
ACTION	Pricing	9	price	1395136050241	1395136050242	1395136052007	1395136052007	OK	 
ACTION	Pricing	23	price	1395136050274	1395136050275	1395136052037	1395136052038	OK	 
ACTION	Pricing	5	price	1395136050306	1395136050306	1395136052074	1395136052074	OK	 
ACTION	Pricing	16	price	1395136050335	1395136050335	1395136052108	1395136052108	OK	 
ACTION	Pricing	14	price	1395136050366	1395136050366	1395136052142	1395136052142	OK	 
ACTION	Pricing	3	price	1395136050404	1395136050405	1395136052175	1395136052176	OK	 
ACTION	Pricing	30	price	1395136050436	1395136050436	1395136052203	1395136052203	OK	 
ACTION	Pricing	6	price	1395136050471	1395136050472	1395136052233	1395136052234	OK	 
ACTION	Pricing	48	price	1395136050536	1395136050537	1395136052265	1395136052265	OK	 
ACTION	Pricing	50	price	1395136050576	1395136050577	1395136052294	1395136052294	OK	 
ACTION	Pricing	45	price	1395136050605	1395136050605	1395136052324	1395136052324	OK	 
ACTION	Pricing	1	price	1395136050636	1395136050636	1395136052355	1395136052355	OK	 
ACTION	Pricing	18	price	1395136050667	1395136050668	1395136052384	1395136052384	OK	 
ACTION	Pricing	26	price	1395136050701	1395136050701	1395136052415	1395136052415	OK	 
ACTION	Pricing	46	price	1395136050735	1395136050737	1395136052445	1395136052445	OK	 
ACTION	Pricing	37	price	1395136050774	1395136050775	1395136052474	1395136052474	OK	 
ACTION	Pricing	47	price	1395136050813	1395136050814	1395136052509	1395136052509	OK	 
ACTION	Pricing	17	price	1395136050849	1395136050850	1395136052540	1395136052540	OK	 
ACTION	Pricing	2	price	1395136050883	1395136050883	1395136052571	1395136052571	OK	 
ACTION	Pricing	22	price	1395136050922	1395136050923	1395136052604	1395136052604	OK	 
ACTION	Pricing	40	price	1395136050955	1395136050956	1395136052635	1395136052636	OK	 
ACTION	Pricing	13	price	1395136050989	1395136050989	1395136052671	1395136052671	OK	 
ACTION	Pricing	49	price	1395136051028	1395136051028	1395136052700	1395136052701	OK	 
ACTION	Pricing	27	price	1395136051068	1395136051070	1395136052731	1395136052731	OK	 
ACTION	Pricing	38	price	1395136051123	1395136051123	1395136052762	1395136052762	OK	 
ACTION	Pricing	42	price	1395136051157	1395136051158	1395136052791	1395136052791	OK	 
ACTION	Pricing	11	price	1395136051191	1395136051191	1395136052823	1395136052823	OK	 
ACTION	Pricing	28	price	1395136051227	1395136051228	1395136052856	1395136052856	OK	 
ACTION	Pricing	39	price	1395136051265	1395136051266	1395136052891	1395136052891	OK	 
ACTION	Pricing	4	price	1395136051300	1395136051301	1395136052922	1395136052922	OK	 
ACTION	Pricing	31	price	1395136051335	1395136051335	1395136052950	1395136052950	OK	 
ACTION	Pricing	43	price	1395136051368	1395136051368	1395136052981	1395136052981	OK	 
ACTION	Pricing	36	price	1395136051400	1395136051401	1395136053015	1395136053016	OK	 
ACTION	Pricing	33	price	1395136051430	1395136051431	1395136053050	1395136053050	OK	 
ACTION	Pricing	44	price	1395136051460	1395136051460	1395136053090	1395136053091	OK	 
ACTION	Pricing	19	price	1395136051489	1395136051490	1395136053126	1395136053126	OK	 
ACTION	Pricing	29	price	1395136051521	1395136051522	1395136053167	1395136053168	OK	 
ACTION	Pricing	20	price	1395136051553	1395136051553	1395136053203	1395136053204	OK	 
ACTION	Pricing	35	price	1395136051582	1395136051583	1395136053244	1395136053244	OK	 
ACTION	Pricing	15	price	1395136051615	1395136051615	1395136053275	1395136053275	OK	 
ACTION	Pricing	41	price	1395136051703	1395136051703	1395136053313	1395136053314	OK	 
ACTION	Pricing	25	price	1395136051710	1395136051710	1395136053366	1395136053367	OK	 
ACTION	Pricing	10	price	1395136051743	1395136051743	1395136053405	1395136053405	OK	 
ACTION	Pricing	32	price	1395136051777	1395136051777	1395136053441	1395136053441	OK	 
ACTION	Pricing	21	price	1395136051809	1395136051809	1395136053471	1395136053471	OK	 
ACTION	Pricing	12	price	1395136051844	1395136051844	1395136053503	1395136053503	OK	 
ACTION	Pricing	7	price	1395136051876	1395136051876	1395136053532	1395136053532	OK	 
ACTION	Pricing	34	price	1395136051910	1395136051911	1395136053565	1395136053566	OK	 
ACTION	Pricing	8	price	1395136051945	1395136051945	1395136053595	1395136053595	OK	 
ACTION	Pricing	24	price	1395136051978	1395136051978	1395136053628	1395136053629	OK	 
ACTION	Pricing	9	price	1395136052008	1395136052009	1395136053660	1395136053660	OK	 
ACTION	Pricing	23	price	1395136052039	1395136052040	1395136053691	1395136053692	OK	 
ACTION	Pricing	5	price	1395136052076	1395136052076	1395136053724	1395136053725	OK	 
ACTION	Pricing	16	price	1395136052110	1395136052111	1395136053756	1395136053756	OK	 
ACTION	Pricing	14	price	1395136052143	1395136052144	1395136053789	1395136053789	OK	 
ACTION	Pricing	3	price	1395136052177	1395136052177	1395136053824	1395136053825	OK	 
ACTION	Pricing	30	price	1395136052204	1395136052205	1395136053855	1395136053855	OK	 
ACTION	Pricing	6	price	1395136052235	1395136052235	1395136053888	1395136053888	OK	 
ACTION	Pricing	48	price	1395136052266	1395136052266	1395136053919	1395136053919	OK	 
ACTION	Pricing	50	price	1395136052296	1395136052296	1395136053950	1395136053950	OK	 
ACTION	Pricing	45	price	1395136052325	1395136052325	1395136053982	1395136053982	OK	 
ACTION	Pricing	1	price	1395136052356	1395136052356	1395136054013	1395136054013	OK	 
ACTION	Pricing	18	price	1395136052385	1395136052386	1395136054045	1395136054046	OK	 
ACTION	Pricing	26	price	1395136052416	1395136052416	1395136054078	1395136054078	OK	 
ACTION	Pricing	46	price	1395136052446	1395136052447	1395136054107	1395136054107	OK	 
ACTION	Pricing	37	price	1395136052476	1395136052476	1395136054137	1395136054137	OK	 
ACTION	Pricing	47	price	1395136052510	1395136052511	1395136054167	1395136054167	OK	 
ACTION	Pricing	17	price	1395136052541	1395136052542	1395136054196	1395136054196	OK	 
ACTION	Pricing	2	price	1395136052573	1395136052573	1395136054225	1395136054226	OK	 
ACTION	Pricing	22	price	1395136052605	1395136052606	1395136054257	1395136054258	OK	 
ACTION	Pricing	40	price	1395136052637	1395136052638	1395136054291	1395136054291	OK	 
ACTION	Pricing	13	price	1395136052672	1395136052673	1395136054324	1395136054324	OK	 
ACTION	Pricing	49	price	1395136052702	1395136052702	1395136054356	1395136054356	OK	 
ACTION	Pricing	27	price	1395136052733	1395136052734	1395136054387	1395136054387	OK	 
ACTION	Pricing	38	price	1395136052763	1395136052764	1395136054418	1395136054418	OK	 
ACTION	Pricing	42	price	1395136052792	1395136052793	1395136054453	1395136054454	OK	 
ACTION	Pricing	11	price	1395136052824	1395136052825	1395136054485	1395136054485	OK	 
ACTION	Pricing	28	price	1395136052858	1395136052858	1395136054519	1395136054519	OK	 
ACTION	Pricing	39	price	1395136052892	1395136052892	1395136054556	1395136054556	OK	 
ACTION	Pricing	4	price	1395136052923	1395136052924	1395136054584	1395136054585	OK	 
ACTION	Pricing	31	price	1395136052952	1395136052952	1395136054617	1395136054617	OK	 
ACTION	Pricing	43	price	1395136052983	1395136052983	1395136054647	1395136054647	OK	 
ACTION	Pricing	36	price	1395136053018	1395136053018	1395136054678	1395136054678	OK	 
ACTION	Pricing	33	price	1395136053052	1395136053052	1395136054710	1395136054710	OK	 
ACTION	Pricing	44	price	1395136053092	1395136053093	1395136054742	1395136054742	OK	 
ACTION	Pricing	19	price	1395136053128	1395136053128	1395136054773	1395136054773	OK	 
ACTION	Pricing	29	price	1395136053169	1395136053170	1395136054807	1395136054807	OK	 
ACTION	Pricing	20	price	1395136053206	1395136053206	1395136054837	1395136054837	OK	 
ACTION	Pricing	35	price	1395136053246	1395136053246	1395136054867	1395136054867	OK	 
ACTION	Pricing	15	price	1395136053276	1395136053277	1395136054898	1395136054898	OK	 
ACTION	Pricing	41	price	1395136053316	1395136053316	1395136054928	1395136054928	OK	 
ACTION	Pricing	25	price	1395136053369	1395136053369	1395136054961	1395136054964	OK	 
ACTION	Pricing	10	price	1395136053408	1395136053408	1395136054997	1395136054998	OK	 
ACTION	Pricing	32	price	1395136053442	1395136053443	1395136055029	1395136055029	OK	 
ACTION	Pricing	21	price	1395136053473	1395136053473	1395136055063	1395136055064	OK	 
ACTION	Pricing	12	price	1395136053505	1395136053506	1395136055091	1395136055091	OK	 
ACTION	Pricing	7	price	1395136053533	1395136053534	1395136055125	1395136055125	OK	 
ACTION	Pricing	34	price	1395136053567	1395136053568	1395136055156	1395136055156	OK	 
ACTION	Pricing	8	price	1395136053597	1395136053598	1395136055188	1395136055188	OK	 
ACTION	Pricing	24	price	1395136053630	1395136053630	1395136055224	1395136055224	OK	 
ACTION	Pricing	9	price	1395136053661	1395136053662	1395136055255	1395136055256	OK	 
ACTION	Pricing	23	price	1395136053693	1395136053693	1395136055286	1395136055286	OK	 
ACTION	Pricing	5	price	1395136053726	1395136053726	1395136055317	1395136055317	OK	 
ACTION	Pricing	16	price	1395136053757	1395136053757	1395136055348	1395136055348	OK	 
ACTION	Pricing	14	price	1395136053790	1395136053790	1395136055380	1395136055380	OK	 
ACTION	Pricing	3	price	1395136053826	1395136053826	1395136055411	1395136055411	OK	 
ACTION	Pricing	30	price	1395136053856	1395136053857	1395136055446	1395136055446	OK	 
ACTION	Pricing	6	price	1395136053890	1395136053890	1395136055478	1395136055479	OK	 
ACTION	Pricing	48	price	1395136053920	1395136053921	1395136055508	1395136055509	OK	 
ACTION	Pricing	50	price	1395136053952	1395136053952	1395136055540	1395136055540	OK	 
ACTION	Pricing	45	price	1395136053984	1395136053984	1395136055570	1395136055570	OK	 
ACTION	Pricing	1	price	1395136054014	1395136054015	1395136055603	1395136055603	OK	 
ACTION	Pricing	18	price	1395136054047	1395136054048	1395136055635	1395136055635	OK	 
ACTION	Pricing	26	price	1395136054080	1395136054080	1395136055667	1395136055667	OK	 
ACTION	Pricing	46	price	1395136054108	1395136054109	1395136055702	1395136055702	OK	 
ACTION	Pricing	37	price	1395136054138	1395136054139	1395136055734	1395136055735	OK	 
ACTION	Pricing	47	price	1395136054168	1395136054169	1395136055769	1395136055769	OK	 
ACTION	Pricing	17	price	1395136054197	1395136054198	1395136055802	1395136055802	OK	 
ACTION	Pricing	2	price	1395136054227	1395136054227	1395136055873	1395136055873	OK	 
ACTION	Pricing	22	price	1395136054259	1395136054259	1395136055880	1395136055880	OK	 
ACTION	Pricing	40	price	1395136054292	1395136054293	1395136055923	1395136055923	OK	 
ACTION	Pricing	13	price	1395136054325	1395136054326	1395136055947	1395136055947	OK	 
ACTION	Pricing	49	price	1395136054358	1395136054358	1395136055980	1395136055980	OK	 
ACTION	Pricing	27	price	1395136054388	1395136054389	1395136056038	1395136056038	OK	 
ACTION	Pricing	38	price	1395136054419	1395136054420	1395136056058	1395136056059	OK	 
ACTION	Pricing	42	price	1395136054455	1395136054455	1395136056105	1395136056106	OK	 
ACTION	Pricing	11	price	1395136054486	1395136054487	1395136056124	1395136056124	OK	 
ACTION	Pricing	28	price	1395136054520	1395136054520	1395136056157	1395136056157	OK	 
ACTION	Pricing	39	price	1395136054557	1395136054558	1395136056189	1395136056189	OK	 
ACTION	Pricing	4	price	1395136054586	1395136054586	1395136056221	1395136056221	OK	 
ACTION	Pricing	31	price	1395136054618	1395136054619	1395136056288	1395136056288	OK	 
ACTION	Pricing	43	price	1395136054648	1395136054649	1395136056311	1395136056312	OK	 
ACTION	Pricing	36	price	1395136054680	1395136054680	1395136056343	1395136056343	OK	 
ACTION	Pricing	33	price	1395136054711	1395136054712	1395136056398	1395136056398	OK	 
ACTION	Pricing	19	price	1395136054775	1395136054775	1395136056495	1395136056495	OK	 
ACTION	Pricing	44	price	1395136054743	1395136054743	1395136056508	1395136056509	OK	 
ACTION	Pricing	29	price	1395136054808	1395136054809	1395136056534	1395136056535	OK	 
ACTION	Pricing	20	price	1395136054838	1395136054839	1395136056570	1395136056570	OK	 
ACTION	Pricing	35	price	1395136054869	1395136054869	1395136056601	1395136056602	OK	 
ACTION	Pricing	15	price	1395136054899	1395136054900	1395136056634	1395136056634	OK	 
ACTION	Pricing	41	price	1395136054930	1395136054930	1395136056666	1395136056666	OK	 
ACTION	Pricing	25	price	1395136054965	1395136054966	1395136056697	1395136056697	OK	 
ACTION	Pricing	10	price	1395136055001	1395136055001	1395136056731	1395136056731	OK	 
ACTION	Pricing	32	price	1395136055031	1395136055031	1395136056767	1395136056768	OK	 
ACTION	Pricing	21	price	1395136055065	1395136055065	1395136056798	1395136056798	OK	 
ACTION	Pricing	12	price	1395136055092	1395136055093	1395136056833	1395136056833	OK	 
ACTION	Pricing	7	price	1395136055126	1395136055127	1395136056866	1395136056867	OK	 
ACTION	Pricing	34	price	1395136055158	1395136055158	1395136056900	1395136056902	OK	 
ACTION	Pricing	8	price	1395136055189	1395136055190	1395136056934	1395136056935	OK	 
ACTION	Pricing	24	price	1395136055225	1395136055226	1395136056967	1395136056967	OK	 
ACTION	Pricing	9	price	1395136055257	1395136055257	1395136057001	1395136057001	OK	 
ACTION	Pricing	23	price	1395136055288	1395136055288	1395136057038	1395136057038	OK	 
ACTION	Pricing	5	price	1395136055319	1395136055319	1395136057073	1395136057073	OK	 
ACTION	Pricing	16	price	1395136055349	1395136055350	1395136057111	1395136057112	OK	 
ACTION	Pricing	14	price	1395136055381	1395136055382	1395136057149	1395136057149	OK	 
ACTION	Pricing	3	price	1395136055412	1395136055412	1395136057190	1395136057190	OK	 
ACTION	Pricing	30	price	1395136055447	1395136055448	1395136057224	1395136057224	OK	 
ACTION	Pricing	6	price	1395136055480	1395136055481	1395136057256	1395136057256	OK	 
ACTION	Pricing	48	price	1395136055510	1395136055510	1395136057288	1395136057288	OK	 
ACTION	Pricing	50	price	1395136055541	1395136055542	1395136057325	1395136057325	OK	 
ACTION	Pricing	45	price	1395136055572	1395136055572	1395136057358	1395136057358	OK	 
ACTION	Pricing	1	price	1395136055605	1395136055605	1395136057391	1395136057391	OK	 
ACTION	Pricing	18	price	1395136055637	1395136055637	1395136057431	1395136057431	OK	 
ACTION	Pricing	26	price	1395136055669	1395136055669	1395136057466	1395136057467	OK	 
ACTION	Pricing	46	price	1395136055704	1395136055704	1395136057499	1395136057499	OK	 
ACTION	Pricing	37	price	1395136055736	1395136055737	1395136057535	1395136057535	OK	 
ACTION	Pricing	47	price	1395136055770	1395136055771	1395136057565	1395136057565	OK	 
ACTION	Pricing	17	price	1395136055804	1395136055805	1395136057599	1395136057599	OK	 
ACTION	Pricing	2	price	1395136055874	1395136055875	1395136057632	1395136057632	OK	 
ACTION	Pricing	22	price	1395136055882	1395136055883	1395136057663	1395136057663	OK	 
ACTION	Pricing	40	price	1395136055924	1395136055925	1395136057696	1395136057696	OK	 
ACTION	Pricing	13	price	1395136055948	1395136055949	1395136057729	1395136057729	OK	 
ACTION	Pricing	49	price	1395136055982	1395136055982	1395136057763	1395136057764	OK	 
ACTION	Pricing	27	price	1395136056040	1395136056040	1395136057797	1395136057797	OK	 
ACTION	Pricing	38	price	1395136056060	1395136056061	1395136057831	1395136057831	OK	 
ACTION	Pricing	42	price	1395136056107	1395136056107	1395136057862	1395136057863	OK	 
ACTION	Pricing	11	price	1395136056126	1395136056126	1395136057898	1395136057898	OK	 
ACTION	Pricing	28	price	1395136056158	1395136056159	1395136057931	1395136057931	OK	 
ACTION	Pricing	39	price	1395136056191	1395136056191	1395136057962	1395136057962	OK	 
ACTION	Pricing	4	price	1395136056222	1395136056223	1395136057994	1395136057995	OK	 
ACTION	Pricing	31	price	1395136056290	1395136056291	1395136058027	1395136058027	OK	 
ACTION	Pricing	43	price	1395136056313	1395136056314	1395136058061	1395136058061	OK	 
ACTION	Pricing	36	price	1395136056344	1395136056345	1395136058098	1395136058098	OK	 
ACTION	Pricing	33	price	1395136056400	1395136056401	1395136058148	1395136058148	OK	 
ACTION	Pricing	19	price	1395136056496	1395136056497	1395136058198	1395136058198	OK	 
ACTION	Pricing	44	price	1395136056510	1395136056510	1395136058235	1395136058235	OK	 
ACTION	Pricing	29	price	1395136056536	1395136056537	1395136058272	1395136058273	OK	 
ACTION	Pricing	20	price	1395136056572	1395136056572	1395136058305	1395136058305	OK	 
ACTION	Pricing	35	price	1395136056603	1395136056604	1395136058336	1395136058336	OK	 
ACTION	Pricing	15	price	1395136056636	1395136056636	1395136058368	1395136058368	OK	 
ACTION	Pricing	41	price	1395136056667	1395136056668	1395136058399	1395136058399	OK	 
ACTION	Pricing	25	price	1395136056707	1395136056707	1395136058432	1395136058432	OK	 
ACTION	Pricing	10	price	1395136056732	1395136056733	1395136058463	1395136058464	OK	 
ACTION	Pricing	32	price	1395136056770	1395136056770	1395136058493	1395136058493	OK	 
ACTION	Pricing	21	price	1395136056800	1395136056800	1395136058528	1395136058528	OK	 
ACTION	Pricing	12	price	1395136056835	1395136056835	1395136058565	1395136058565	OK	 
ACTION	Pricing	7	price	1395136056868	1395136056869	1395136058597	1395136058597	OK	 
ACTION	Pricing	34	price	1395136056903	1395136056904	1395136058629	1395136058629	OK	 
ACTION	Pricing	8	price	1395136056936	1395136056936	1395136058662	1395136058662	OK	 
ACTION	Pricing	24	price	1395136056968	1395136056969	1395136058695	1395136058695	OK	 
ACTION	Pricing	9	price	1395136057003	1395136057004	1395136058724	1395136058724	OK	 
ACTION	Pricing	23	price	1395136057040	1395136057040	1395136058758	1395136058758	OK	 
ACTION	Pricing	5	price	1395136057075	1395136057075	1395136058788	1395136058788	OK	 
ACTION	Pricing	16	price	1395136057113	1395136057114	1395136058823	1395136058823	OK	 
ACTION	Pricing	14	price	1395136057152	1395136057152	1395136058859	1395136058859	OK	 
ACTION	Pricing	3	price	1395136057192	1395136057192	1395136058914	1395136058915	OK	 
ACTION	Pricing	30	price	1395136057226	1395136057227	1395136058949	1395136058949	OK	 
ACTION	Pricing	6	price	1395136057257	1395136057258	1395136058987	1395136058987	OK	 
ACTION	Pricing	48	price	1395136057289	1395136057290	1395136059017	1395136059017	OK	 
ACTION	Pricing	50	price	1395136057327	1395136057327	1395136059046	1395136059046	OK	 
ACTION	Pricing	45	price	1395136057359	1395136057360	1395136059076	1395136059077	OK	 
ACTION	Pricing	1	price	1395136057393	1395136057393	1395136059109	1395136059110	OK	 
ACTION	Pricing	18	price	1395136057432	1395136057433	1395136059145	1395136059145	OK	 
ACTION	Pricing	26	price	1395136057468	1395136057469	1395136059180	1395136059180	OK	 
ACTION	Pricing	46	price	1395136057501	1395136057501	1395136059213	1395136059214	OK	 
ACTION	Pricing	37	price	1395136057536	1395136057537	1395136059247	1395136059247	OK	 
ACTION	Pricing	47	price	1395136057566	1395136057567	1395136059279	1395136059279	OK	 
ACTION	Pricing	17	price	1395136057601	1395136057601	1395136059315	1395136059315	OK	 
ACTION	Pricing	2	price	1395136057633	1395136057634	1395136059347	1395136059347	OK	 
ACTION	Pricing	22	price	1395136057665	1395136057665	1395136059382	1395136059383	OK	 
ACTION	Pricing	40	price	1395136057698	1395136057698	1395136059417	1395136059417	OK	 
ACTION	Pricing	13	price	1395136057730	1395136057737	1395136059448	1395136059448	OK	 
ACTION	Pricing	49	price	1395136057765	1395136057766	1395136059478	1395136059478	OK	 
ACTION	Pricing	27	price	1395136057798	1395136057799	1395136059510	1395136059511	OK	 
ACTION	Pricing	38	price	1395136057833	1395136057833	1395136059543	1395136059543	OK	 
ACTION	Pricing	42	price	1395136057874	1395136057874	1395136059573	1395136059573	OK	 
ACTION	Pricing	11	price	1395136057899	1395136057900	1395136059603	1395136059604	OK	 
ACTION	Pricing	28	price	1395136057932	1395136057933	1395136059634	1395136059635	OK	 
ACTION	Pricing	39	price	1395136057963	1395136057964	1395136059664	1395136059665	OK	 
ACTION	Pricing	4	price	1395136057996	1395136057997	1395136059699	1395136059699	OK	 
ACTION	Pricing	31	price	1395136058029	1395136058029	1395136059729	1395136059729	OK	 
ACTION	Pricing	43	price	1395136058063	1395136058064	1395136059759	1395136059760	OK	 
ACTION	Pricing	36	price	1395136058100	1395136058100	1395136059791	1395136059792	OK	 
ACTION	Pricing	33	price	1395136058151	1395136058154	1395136059823	1395136059823	OK	 
ACTION	Pricing	19	price	1395136058200	1395136058201	1395136059856	1395136059856	OK	 
ACTION	Pricing	44	price	1395136058237	1395136058238	1395136059892	1395136059893	OK	 
ACTION	Pricing	29	price	1395136058274	1395136058274	1395136059928	1395136059929	OK	 
ACTION	Pricing	20	price	1395136058306	1395136058306	1395136059989	1395136059989	OK	 
ACTION	Pricing	35	price	1395136058337	1395136058337	1395136060026	1395136060027	OK	 
ACTION	Pricing	15	price	1395136058369	1395136058369	1395136060063	1395136060064	OK	 
ACTION	Pricing	41	price	1395136058400	1395136058401	1395136060097	1395136060097	OK	 
ACTION	Pricing	25	price	1395136058433	1395136058434	1395136060132	1395136060132	OK	 
ACTION	Pricing	10	price	1395136058465	1395136058465	1395136060166	1395136060167	OK	 
ACTION	Pricing	32	price	1395136058494	1395136058495	1395136060199	1395136060199	OK	 
ACTION	Pricing	21	price	1395136058530	1395136058530	1395136060234	1395136060234	OK	 
ACTION	Pricing	12	price	1395136058566	1395136058567	1395136060269	1395136060269	OK	 
ACTION	Pricing	7	price	1395136058599	1395136058599	1395136060303	1395136060303	OK	 
SCENARIO	Pricing	7	END	1395136060304
ACTION	Pricing	34	price	1395136058630	1395136058631	1395136060337	1395136060337	OK	 
SCENARIO	Pricing	34	END	1395136060337
ACTION	Pricing	8	price	1395136058663	1395136058664	1395136060373	1395136060373	OK	 
SCENARIO	Pricing	8	END	1395136060374
ACTION	Pricing	24	price	1395136058696	1395136058697	1395136060407	1395136060407	OK	 
SCENARIO	Pricing	24	END	1395136060408
ACTION	Pricing	9	price	1395136058726	1395136058726	1395136060441	1395136060441	OK	 
SCENARIO	Pricing	9	END	1395136060442
ACTION	Pricing	23	price	1395136058760	1395136058760	1395136060476	1395136060476	OK	 
SCENARIO	Pricing	23	END	1395136060477
ACTION	Pricing	5	price	1395136058790	1395136058790	1395136060510	1395136060511	OK	 
SCENARIO	Pricing	5	END	1395136060512
ACTION	Pricing	16	price	1395136058824	1395136058825	1395136060547	1395136060547	OK	 
SCENARIO	Pricing	16	END	1395136060548
ACTION	Pricing	14	price	1395136058866	1395136058866	1395136060582	1395136060582	OK	 
SCENARIO	Pricing	14	END	1395136060583
ACTION	Pricing	3	price	1395136058916	1395136058917	1395136060618	1395136060618	OK	 
SCENARIO	Pricing	3	END	1395136060619
ACTION	Pricing	30	price	1395136058950	1395136058951	1395136060654	1395136060654	OK	 
SCENARIO	Pricing	30	END	1395136060655
ACTION	Pricing	6	price	1395136058988	1395136058989	1395136060693	1395136060693	OK	 
SCENARIO	Pricing	6	END	1395136060694
ACTION	Pricing	48	price	1395136059018	1395136059018	1395136060731	1395136060732	OK	 
SCENARIO	Pricing	48	END	1395136060732
ACTION	Pricing	50	price	1395136059047	1395136059048	1395136060764	1395136060764	OK	 
SCENARIO	Pricing	50	END	1395136060765
ACTION	Pricing	45	price	1395136059078	1395136059078	1395136060800	1395136060800	OK	 
SCENARIO	Pricing	45	END	1395136060801
ACTION	Pricing	1	price	1395136059114	1395136059114	1395136060836	1395136060836	OK	 
SCENARIO	Pricing	1	END	1395136060837
ACTION	Pricing	18	price	1395136059146	1395136059146	1395136060872	1395136060873	OK	 
SCENARIO	Pricing	18	END	1395136060873
ACTION	Pricing	26	price	1395136059181	1395136059181	1395136060908	1395136060908	OK	 
SCENARIO	Pricing	26	END	1395136060909
ACTION	Pricing	46	price	1395136059215	1395136059215	1395136060938	1395136060938	OK	 
SCENARIO	Pricing	46	END	1395136060939
ACTION	Pricing	37	price	1395136059249	1395136059249	1395136060974	1395136060974	OK	 
SCENARIO	Pricing	37	END	1395136060975
ACTION	Pricing	47	price	1395136059280	1395136059281	1395136061007	1395136061008	OK	 
SCENARIO	Pricing	47	END	1395136061009
ACTION	Pricing	17	price	1395136059317	1395136059318	1395136061044	1395136061045	OK	 
SCENARIO	Pricing	17	END	1395136061045
ACTION	Pricing	2	price	1395136059349	1395136059349	1395136061082	1395136061082	OK	 
SCENARIO	Pricing	2	END	1395136061083
ACTION	Pricing	22	price	1395136059384	1395136059384	1395136061118	1395136061119	OK	 
SCENARIO	Pricing	22	END	1395136061119
ACTION	Pricing	40	price	1395136059418	1395136059419	1395136061155	1395136061156	OK	 
SCENARIO	Pricing	40	END	1395136061156
ACTION	Pricing	13	price	1395136059449	1395136059450	1395136061192	1395136061192	OK	 
SCENARIO	Pricing	13	END	1395136061193
ACTION	Pricing	49	price	1395136059480	1395136059480	1395136061224	1395136061224	OK	 
SCENARIO	Pricing	49	END	1395136061224
ACTION	Pricing	27	price	1395136059512	1395136059512	1395136061253	1395136061253	OK	 
SCENARIO	Pricing	27	END	1395136061254
ACTION	Pricing	38	price	1395136059544	1395136059544	1395136061286	1395136061287	OK	 
SCENARIO	Pricing	38	END	1395136061287
ACTION	Pricing	42	price	1395136059574	1395136059575	1395136061318	1395136061318	OK	 
SCENARIO	Pricing	42	END	1395136061319
ACTION	Pricing	11	price	1395136059607	1395136059607	1395136061352	1395136061352	OK	 
SCENARIO	Pricing	11	END	1395136061353
ACTION	Pricing	28	price	1395136059636	1395136059636	1395136061386	1395136061386	OK	 
SCENARIO	Pricing	28	END	1395136061387
ACTION	Pricing	39	price	1395136059666	1395136059667	1395136061417	1395136061417	OK	 
SCENARIO	Pricing	39	END	1395136061417
ACTION	Pricing	4	price	1395136059701	1395136059701	1395136061450	1395136061450	OK	 
SCENARIO	Pricing	4	END	1395136061450
ACTION	Pricing	31	price	1395136059730	1395136059731	1395136061481	1395136061481	OK	 
SCENARIO	Pricing	31	END	1395136061482
ACTION	Pricing	43	price	1395136059761	1395136059761	1395136061512	1395136061512	OK	 
SCENARIO	Pricing	43	END	1395136061512
ACTION	Pricing	36	price	1395136059793	1395136059793	1395136061542	1395136061542	OK	 
SCENARIO	Pricing	36	END	1395136061543
ACTION	Pricing	33	price	1395136059825	1395136059825	1395136061577	1395136061577	OK	 
SCENARIO	Pricing	33	END	1395136061577
ACTION	Pricing	19	price	1395136059858	1395136059858	1395136061607	1395136061607	OK	 
SCENARIO	Pricing	19	END	1395136061607
ACTION	Pricing	44	price	1395136059894	1395136059894	1395136061638	1395136061639	OK	 
SCENARIO	Pricing	44	END	1395136061639
ACTION	Pricing	29	price	1395136059930	1395136059931	1395136061681	1395136061681	OK	 
SCENARIO	Pricing	29	END	1395136061681
ACTION	Pricing	20	price	1395136059991	1395136059991	1395136061714	1395136061714	OK	 
SCENARIO	Pricing	20	END	1395136061714
ACTION	Pricing	35	price	1395136060028	1395136060029	1395136061749	1395136061749	OK	 
SCENARIO	Pricing	35	END	1395136061750
ACTION	Pricing	15	price	1395136060065	1395136060066	1395136061780	1395136061780	OK	 
SCENARIO	Pricing	15	END	1395136061781
ACTION	Pricing	41	price	1395136060098	1395136060099	1395136061813	1395136061813	OK	 
SCENARIO	Pricing	41	END	1395136061814
ACTION	Pricing	25	price	1395136060134	1395136060134	1395136061848	1395136061848	OK	 
SCENARIO	Pricing	25	END	1395136061848
ACTION	Pricing	10	price	1395136060169	1395136060170	1395136061882	1395136061882	OK	 
SCENARIO	Pricing	10	END	1395136061883
ACTION	Pricing	32	price	1395136060200	1395136060201	1395136061917	1395136061918	OK	 
SCENARIO	Pricing	32	END	1395136061918
ACTION	Pricing	21	price	1395136060235	1395136060236	1395136061952	1395136061952	OK	 
SCENARIO	Pricing	21	END	1395136061953
ACTION	Pricing	12	price	1395136060271	1395136060271	1395136061987	1395136061988	OK	 
SCENARIO	Pricing	12	END	1395136061988
