RUN	20140318124724	pricingsimulation	pricingsimulation
SCENARIO	Pricing	2	START	1395146846887
SCENARIO	Pricing	1	START	1395146846888
SCENARIO	Pricing	37	START	1395146846934
SCENARIO	Pricing	5	START	1395146846934
SCENARIO	Pricing	10	START	1395146846934
SCENARIO	Pricing	73	START	1395146846934
SCENARIO	Pricing	80	START	1395146846934
SCENARIO	Pricing	4	START	1395146846934
SCENARIO	Pricing	71	START	1395146846935
SCENARIO	Pricing	89	START	1395146846935
SCENARIO	Pricing	94	START	1395146846935
SCENARIO	Pricing	8	START	1395146846935
SCENARIO	Pricing	34	START	1395146846935
SCENARIO	Pricing	14	START	1395146846935
SCENARIO	Pricing	62	START	1395146846935
SCENARIO	Pricing	92	START	1395146846936
SCENARIO	Pricing	81	START	1395146846936
SCENARIO	Pricing	41	START	1395146846936
SCENARIO	Pricing	86	START	1395146846936
SCENARIO	Pricing	90	START	1395146846936
SCENARIO	Pricing	77	START	1395146846936
SCENARIO	Pricing	88	START	1395146846936
SCENARIO	Pricing	28	START	1395146846936
SCENARIO	Pricing	6	START	1395146846936
SCENARIO	Pricing	18	START	1395146846936
SCENARIO	Pricing	61	START	1395146846936
SCENARIO	Pricing	38	START	1395146846936
SCENARIO	Pricing	22	START	1395146846936
SCENARIO	Pricing	26	START	1395146846936
SCENARIO	Pricing	42	START	1395146846936
SCENARIO	Pricing	57	START	1395146846936
SCENARIO	Pricing	24	START	1395146846937
SCENARIO	Pricing	68	START	1395146846937
SCENARIO	Pricing	16	START	1395146846937
SCENARIO	Pricing	52	START	1395146846937
SCENARIO	Pricing	93	START	1395146846937
SCENARIO	Pricing	50	START	1395146846937
SCENARIO	Pricing	79	START	1395146846937
SCENARIO	Pricing	19	START	1395146846937
SCENARIO	Pricing	35	START	1395146846937
SCENARIO	Pricing	91	START	1395146846937
SCENARIO	Pricing	13	START	1395146846937
SCENARIO	Pricing	98	START	1395146846938
SCENARIO	Pricing	43	START	1395146846938
SCENARIO	Pricing	44	START	1395146846938
SCENARIO	Pricing	87	START	1395146846938
SCENARIO	Pricing	70	START	1395146846938
SCENARIO	Pricing	7	START	1395146846938
SCENARIO	Pricing	32	START	1395146846938
SCENARIO	Pricing	84	START	1395146846938
SCENARIO	Pricing	63	START	1395146846938
SCENARIO	Pricing	48	START	1395146846938
SCENARIO	Pricing	60	START	1395146846939
SCENARIO	Pricing	30	START	1395146846939
SCENARIO	Pricing	31	START	1395146846939
SCENARIO	Pricing	23	START	1395146846939
SCENARIO	Pricing	20	START	1395146846939
SCENARIO	Pricing	100	START	1395146846939
SCENARIO	Pricing	11	START	1395146846939
SCENARIO	Pricing	36	START	1395146846939
SCENARIO	Pricing	25	START	1395146846939
SCENARIO	Pricing	74	START	1395146846939
SCENARIO	Pricing	58	START	1395146846939
SCENARIO	Pricing	27	START	1395146846939
SCENARIO	Pricing	76	START	1395146846939
SCENARIO	Pricing	21	START	1395146846939
SCENARIO	Pricing	12	START	1395146846939
SCENARIO	Pricing	45	START	1395146846939
SCENARIO	Pricing	67	START	1395146846939
SCENARIO	Pricing	99	START	1395146846940
SCENARIO	Pricing	9	START	1395146846940
SCENARIO	Pricing	97	START	1395146846940
SCENARIO	Pricing	40	START	1395146846940
SCENARIO	Pricing	56	START	1395146846940
SCENARIO	Pricing	47	START	1395146846940
SCENARIO	Pricing	82	START	1395146846940
SCENARIO	Pricing	59	START	1395146846940
SCENARIO	Pricing	85	START	1395146846940
SCENARIO	Pricing	55	START	1395146846940
SCENARIO	Pricing	64	START	1395146846940
SCENARIO	Pricing	51	START	1395146846940
SCENARIO	Pricing	83	START	1395146846940
SCENARIO	Pricing	53	START	1395146846940
SCENARIO	Pricing	72	START	1395146846940
SCENARIO	Pricing	66	START	1395146846940
SCENARIO	Pricing	15	START	1395146846940
SCENARIO	Pricing	78	START	1395146846940
SCENARIO	Pricing	49	START	1395146846940
SCENARIO	Pricing	46	START	1395146846940
SCENARIO	Pricing	17	START	1395146846940
SCENARIO	Pricing	33	START	1395146846940
SCENARIO	Pricing	54	START	1395146846940
SCENARIO	Pricing	96	START	1395146846940
SCENARIO	Pricing	69	START	1395146846940
SCENARIO	Pricing	95	START	1395146846940
SCENARIO	Pricing	3	START	1395146846941
SCENARIO	Pricing	65	START	1395146846941
SCENARIO	Pricing	29	START	1395146846941
SCENARIO	Pricing	39	START	1395146846941
SCENARIO	Pricing	75	START	1395146846941
ACTION	Pricing	46	price	1395146847171	1395146847173	1395146863244	1395146863245	OK	 
ACTION	Pricing	25	price	1395146847132	1395146847133	1395146863246	1395146863246	OK	 
ACTION	Pricing	67	price	1395146847149	1395146847150	1395146863238	1395146863239	OK	 
ACTION	Pricing	22	price	1395146847029	1395146847047	1395146863232	1395146863233	OK	 
ACTION	Pricing	96	price	1395146847175	1395146847178	1395146863243	1395146863244	OK	 
ACTION	Pricing	76	price	1395146847145	1395146847146	1395146863241	1395146863242	OK	 
ACTION	Pricing	74	price	1395146847134	1395146847135	1395146863222	1395146863231	OK	 
ACTION	Pricing	4	price	1395146846989	1395146847024	1395146863250	1395146863250	OK	 
ACTION	Pricing	53	price	1395146847164	1395146847166	1395146863229	1395146863256	OK	 
ACTION	Pricing	41	price	1395146847011	1395146847049	1395146863242	1395146863261	OK	 
ACTION	Pricing	61	price	1395146847022	1395146847050	1395146863262	1395146863262	OK	 
ACTION	Pricing	42	price	1395146847060	1395146847062	1395146863262	1395146863263	OK	 
ACTION	Pricing	79	price	1395146847078	1395146847085	1395146863263	1395146863263	OK	 
ACTION	Pricing	77	price	1395146847015	1395146847046	1395146863247	1395146863247	OK	 
ACTION	Pricing	91	price	1395146847086	1395146847087	1395146863248	1395146863248	OK	 
ACTION	Pricing	28	price	1395146847018	1395146847047	1395146863257	1395146863257	OK	 
ACTION	Pricing	43	price	1395146847097	1395146847103	1395146863251	1395146863251	OK	 
ACTION	Pricing	49	price	1395146847171	1395146847172	1395146863253	1395146863253	OK	 
ACTION	Pricing	20	price	1395146847112	1395146847117	1395146863251	1395146863251	OK	 
ACTION	Pricing	65	price	1395146847182	1395146847182	1395146863237	1395146863251	OK	 
ACTION	Pricing	70	price	1395146847101	1395146847112	1395146863268	1395146863269	OK	 
ACTION	Pricing	30	price	1395146847109	1395146847114	1395146863264	1395146863264	OK	 
ACTION	Pricing	60	price	1395146847108	1395146847113	1395146863253	1395146863253	OK	 
ACTION	Pricing	94	price	1395146847004	1395146847042	1395146863269	1395146863270	OK	 
ACTION	Pricing	26	price	1395146847031	1395146847048	1395146863253	1395146863253	OK	 
ACTION	Pricing	58	price	1395146847143	1395146847143	1395146863221	1395146863270	OK	 
ACTION	Pricing	9	price	1395146847151	1395146847152	1395146863270	1395146863271	OK	 
ACTION	Pricing	52	price	1395146847071	1395146847077	1395146863271	1395146863271	OK	 
ACTION	Pricing	87	price	1395146847099	1395146847105	1395146863265	1395146863265	OK	 
ACTION	Pricing	48	price	1395146847107	1395146847115	1395146863222	1395146863231	OK	 
ACTION	Pricing	8	price	1395146847004	1395146847028	1395146863254	1395146863255	OK	 
ACTION	Pricing	50	price	1395146847076	1395146847079	1395146863255	1395146863255	OK	 
ACTION	Pricing	90	price	1395146847014	1395146847044	1395146863273	1395146863273	OK	 
ACTION	Pricing	68	price	1395146847067	1395146847069	1395146863256	1395146863257	OK	 
ACTION	Pricing	59	price	1395146847157	1395146847158	1395146863257	1395146863257	OK	 
ACTION	Pricing	7	price	1395146847103	1395146847114	1395146863274	1395146863274	OK	 
ACTION	Pricing	19	price	1395146847082	1395146847085	1395146863272	1395146863272	OK	 
ACTION	Pricing	51	price	1395146847163	1395146847165	1395146863276	1395146863276	OK	 
ACTION	Pricing	34	price	1395146847006	1395146847043	1395146863277	1395146863277	OK	 
ACTION	Pricing	72	price	1395146847166	1395146847167	1395146863275	1395146863275	OK	 
ACTION	Pricing	86	price	1395146847012	1395146847047	1395146863273	1395146863273	OK	 
ACTION	Pricing	2	price	1395146846968	1395146847015	1395146863278	1395146863278	OK	 
ACTION	Pricing	3	price	1395146847180	1395146847181	1395146863276	1395146863276	OK	 
ACTION	Pricing	16	price	1395146847069	1395146847071	1395146863266	1395146863266	OK	 
ACTION	Pricing	11	price	1395146847129	1395146847130	1395146863288	1395146863288	OK	 
ACTION	Pricing	66	price	1395146847167	1395146847168	1395146863279	1395146863279	OK	 
ACTION	Pricing	81	price	1395146847010	1395146847045	1395146863279	1395146863279	OK	 
ACTION	Pricing	85	price	1395146847158	1395146847159	1395146863267	1395146863268	OK	 
ACTION	Pricing	14	price	1395146847006	1395146847048	1395146863270	1395146863270	OK	 
ACTION	Pricing	15	price	1395146847168	1395146847169	1395146863270	1395146863271	OK	 
ACTION	Pricing	82	price	1395146847157	1395146847158	1395146863277	1395146863277	OK	 
ACTION	Pricing	36	price	1395146847130	1395146847132	1395146863277	1395146863277	OK	 
ACTION	Pricing	21	price	1395146847146	1395146847147	1395146863267	1395146863267	OK	 
ACTION	Pricing	64	price	1395146847160	1395146847164	1395146863278	1395146863278	OK	 
ACTION	Pricing	40	price	1395146847153	1395146847154	1395146863320	1395146863320	OK	 
ACTION	Pricing	80	price	1395146846985	1395146847025	1395146863289	1395146863289	OK	 
ACTION	Pricing	35	price	1395146847083	1395146847085	1395146863279	1395146863279	OK	 
ACTION	Pricing	84	price	1395146847104	1395146847114	1395146863271	1395146863271	OK	 
ACTION	Pricing	54	price	1395146847174	1395146847175	1395146863279	1395146863280	OK	 
ACTION	Pricing	95	price	1395146847177	1395146847178	1395146863290	1395146863290	OK	 
ACTION	Pricing	97	price	1395146847152	1395146847153	1395146863292	1395146863292	OK	 
ACTION	Pricing	32	price	1395146847104	1395146847113	1395146863254	1395146863254	OK	 
ACTION	Pricing	99	price	1395146847150	1395146847151	1395146863272	1395146863272	OK	 
ACTION	Pricing	44	price	1395146847099	1395146847101	1395146863321	1395146863321	OK	 
ACTION	Pricing	78	price	1395146847171	1395146847171	1395146863291	1395146863291	OK	 
ACTION	Pricing	17	price	1395146847173	1395146847174	1395146863273	1395146863273	OK	 
ACTION	Pricing	63	price	1395146847106	1395146847115	1395146863293	1395146863293	OK	 
ACTION	Pricing	100	price	1395146847117	1395146847118	1395146863273	1395146863274	OK	 
ACTION	Pricing	13	price	1395146847088	1395146847089	1395146863274	1395146863274	OK	 
ACTION	Pricing	10	price	1395146846983	1395146847025	1395146863322	1395146863322	OK	 
ACTION	Pricing	56	price	1395146847154	1395146847155	1395146863275	1395146863275	OK	 
ACTION	Pricing	1	price	1395146846978	1395146847015	1395146863322	1395146863322	OK	 
ACTION	Pricing	29	price	1395146847183	1395146847184	1395146863323	1395146863323	OK	 
ACTION	Pricing	89	price	1395146846998	1395146847041	1395146863323	1395146863324	OK	 
ACTION	Pricing	83	price	1395146847163	1395146847165	1395146863324	1395146863324	OK	 
ACTION	Pricing	88	price	1395146847017	1395146847050	1395146863324	1395146863325	OK	 
ACTION	Pricing	73	price	1395146846984	1395146847025	1395146863325	1395146863325	OK	 
ACTION	Pricing	69	price	1395146847175	1395146847177	1395146863325	1395146863326	OK	 
ACTION	Pricing	71	price	1395146846991	1395146847041	1395146863322	1395146863322	OK	 
ACTION	Pricing	18	price	1395146847021	1395146847046	1395146863252	1395146863252	OK	 
ACTION	Pricing	62	price	1395146847008	1395146847043	1395146863285	1395146863287	OK	 
ACTION	Pricing	39	price	1395146847185	1395146847186	1395146863352	1395146863352	OK	 
ACTION	Pricing	37	price	1395146846979	1395146847012	1395146863352	1395146863353	OK	 
ACTION	Pricing	31	price	1395146847110	1395146847116	1395146863353	1395146863353	OK	 
ACTION	Pricing	75	price	1395146847186	1395146847187	1395146863351	1395146863351	OK	 
ACTION	Pricing	23	price	1395146847111	1395146847115	1395146863352	1395146863352	OK	 
ACTION	Pricing	98	price	1395146847089	1395146847098	1395146863354	1395146863354	OK	 
ACTION	Pricing	12	price	1395146847147	1395146847148	1395146863355	1395146863355	OK	 
ACTION	Pricing	92	price	1395146847009	1395146847042	1395146863352	1395146863353	OK	 
ACTION	Pricing	45	price	1395146847148	1395146847149	1395146863353	1395146863353	OK	 
ACTION	Pricing	6	price	1395146847019	1395146847046	1395146863354	1395146863354	OK	 
ACTION	Pricing	47	price	1395146847155	1395146847156	1395146863355	1395146863355	OK	 
ACTION	Pricing	27	price	1395146847144	1395146847144	1395146863355	1395146863355	OK	 
ACTION	Pricing	5	price	1395146846980	1395146847015	1395146863354	1395146863354	OK	 
ACTION	Pricing	24	price	1395146847065	1395146847067	1395146863369	1395146863369	OK	 
ACTION	Pricing	93	price	1395146847073	1395146847076	1395146863369	1395146863370	OK	 
ACTION	Pricing	38	price	1395146847028	1395146847048	1395146863371	1395146863371	OK	 
ACTION	Pricing	57	price	1395146847061	1395146847064	1395146863372	1395146863372	OK	 
ACTION	Pricing	55	price	1395146847160	1395146847160	1395146863372	1395146863373	OK	 
ACTION	Pricing	33	price	1395146847174	1395146847176	1395146863373	1395146863373	OK	 
ACTION	Pricing	67	price	1395146863396	1395146863397	1395146863573	1395146863573	OK	 
ACTION	Pricing	4	price	1395146863404	1395146863406	1395146863587	1395146863587	OK	 
ACTION	Pricing	25	price	1395146863390	1395146863394	1395146863627	1395146863628	OK	 
ACTION	Pricing	22	price	1395146863398	1395146863399	1395146863651	1395146863651	OK	 
ACTION	Pricing	96	price	1395146863400	1395146863401	1395146863660	1395146863660	OK	 
ACTION	Pricing	74	price	1395146863403	1395146863404	1395146863660	1395146863660	OK	 
ACTION	Pricing	10	price	1395146863487	1395146863487	1395146863670	1395146863671	OK	 
ACTION	Pricing	43	price	1395146863420	1395146863422	1395146863684	1395146863684	OK	 
ACTION	Pricing	33	price	1395146863522	1395146863523	1395146863985	1395146863987	OK	 
ACTION	Pricing	45	price	1395146863510	1395146863511	1395146864353	1395146864354	OK	 
ACTION	Pricing	50	price	1395146863440	1395146863441	1395146864365	1395146864366	OK	 
ACTION	Pricing	98	price	1395146863506	1395146863507	1395146864364	1395146864366	OK	 
ACTION	Pricing	76	price	1395146863401	1395146863402	1395146864367	1395146864371	OK	 
ACTION	Pricing	1	price	1395146863488	1395146863489	1395146864367	1395146864371	OK	 
ACTION	Pricing	46	price	1395146863393	1395146863393	1395146864371	1395146864371	OK	 
ACTION	Pricing	52	price	1395146863436	1395146863436	1395146864368	1395146864373	OK	 
ACTION	Pricing	53	price	1395146863406	1395146863407	1395146864373	1395146864373	OK	 
ACTION	Pricing	88	price	1395146863493	1395146863493	1395146864378	1395146864381	OK	 
ACTION	Pricing	29	price	1395146863490	1395146863491	1395146864382	1395146864385	OK	 
ACTION	Pricing	12	price	1395146863507	1395146863508	1395146864384	1395146864392	OK	 
ACTION	Pricing	81	price	1395146863460	1395146863461	1395146864390	1395146864396	OK	 
ACTION	Pricing	19	price	1395146863447	1395146863447	1395146864395	1395146864404	OK	 
ACTION	Pricing	13	price	1395146863485	1395146863486	1395146864401	1395146864405	OK	 
ACTION	Pricing	34	price	1395146863449	1395146863450	1395146864396	1395146864405	OK	 
ACTION	Pricing	84	price	1395146863472	1395146863473	1395146864393	1395146864401	OK	 
ACTION	Pricing	5	price	1395146863515	1395146863515	1395146864395	1395146864404	OK	 
ACTION	Pricing	95	price	1395146863475	1395146863475	1395146864404	1395146864409	OK	 
ACTION	Pricing	35	price	1395146863470	1395146863471	1395146864408	1395146864412	OK	 
ACTION	Pricing	63	price	1395146863483	1395146863483	1395146864409	1395146864413	OK	 
ACTION	Pricing	58	price	1395146863434	1395146863434	1395146864413	1395146864414	OK	 
ACTION	Pricing	57	price	1395146863520	1395146863520	1395146864415	1395146864415	OK	 
ACTION	Pricing	54	price	1395146863473	1395146863474	1395146864413	1395146864418	OK	 
ACTION	Pricing	93	price	1395146863517	1395146863518	1395146864418	1395146864419	OK	 
ACTION	Pricing	68	price	1395146863442	1395146863443	1395146864597	1395146864597	OK	 
ACTION	Pricing	4	price	1395146863589	1395146863589	1395146865064	1395146865064	OK	 
ACTION	Pricing	67	price	1395146863575	1395146863576	1395146865089	1395146865089	OK	 
ACTION	Pricing	1	price	1395146864384	1395146864384	1395146865221	1395146865222	OK	 
ACTION	Pricing	68	price	1395146864599	1395146864599	1395146865245	1395146865246	OK	 
ACTION	Pricing	19	price	1395146864409	1395146864415	1395146865262	1395146865263	OK	 
ACTION	Pricing	84	price	1395146864417	1395146864417	1395146865292	1395146865292	OK	 
ACTION	Pricing	35	price	1395146864423	1395146864423	1395146865320	1395146865321	OK	 
ACTION	Pricing	63	price	1395146864423	1395146864424	1395146865351	1395146865351	OK	 
ACTION	Pricing	88	price	1395146864397	1395146864405	1395146865379	1395146865379	OK	 
ACTION	Pricing	53	price	1395146864393	1395146864415	1395146865407	1395146865407	OK	 
ACTION	Pricing	52	price	1395146864390	1395146864392	1395146865420	1395146865421	OK	 
ACTION	Pricing	92	price	1395146863508	1395146863509	1395146865143	1395146865443	OK	 
ACTION	Pricing	45	price	1395146864355	1395146864356	1395146865452	1395146865452	OK	 
ACTION	Pricing	39	price	1395146863499	1395146863500	1395146865452	1395146865453	OK	 
ACTION	Pricing	26	price	1395146863432	1395146863433	1395146865457	1395146865457	OK	 
ACTION	Pricing	87	price	1395146863437	1395146863438	1395146865459	1395146865459	OK	 
ACTION	Pricing	23	price	1395146863505	1395146863506	1395146865475	1395146865475	OK	 
ACTION	Pricing	52	price	1395146865422	1395146865423	1395146865512	1395146865512	OK	 
ACTION	Pricing	67	price	1395146865091	1395146865092	1395146865524	1395146865524	OK	 
ACTION	Pricing	60	price	1395146863430	1395146863431	1395146865528	1395146865529	OK	 
ACTION	Pricing	43	price	1395146863686	1395146863687	1395146865542	1395146865542	OK	 
ACTION	Pricing	78	price	1395146863480	1395146863481	1395146865543	1395146865547	OK	 
ACTION	Pricing	89	price	1395146863491	1395146863491	1395146865554	1395146865554	OK	 
ACTION	Pricing	99	price	1395146863478	1395146863478	1395146865559	1395146865560	OK	 
ACTION	Pricing	22	price	1395146863652	1395146863653	1395146865569	1395146865569	OK	 
ACTION	Pricing	72	price	1395146863451	1395146863451	1395146865576	1395146865576	OK	 
ACTION	Pricing	83	price	1395146863492	1395146863492	1395146865579	1395146865579	OK	 
ACTION	Pricing	96	price	1395146863664	1395146863664	1395146865585	1395146865586	OK	 
ACTION	Pricing	74	price	1395146863662	1395146863662	1395146865599	1395146865599	OK	 
ACTION	Pricing	86	price	1395146863452	1395146863453	1395146865605	1395146865605	OK	 
ACTION	Pricing	4	price	1395146865065	1395146865066	1395146865604	1395146865604	OK	 
ACTION	Pricing	24	price	1395146863516	1395146863516	1395146865605	1395146865605	OK	 
ACTION	Pricing	64	price	1395146863467	1395146863467	1395146865608	1395146865608	OK	 
ACTION	Pricing	14	price	1395146863462	1395146863463	1395146865611	1395146865611	OK	 
ACTION	Pricing	37	price	1395146863501	1395146863502	1395146865613	1395146865613	OK	 
ACTION	Pricing	82	price	1395146863465	1395146863465	1395146865613	1395146865613	OK	 
ACTION	Pricing	16	price	1395146863456	1395146863457	1395146865611	1395146865615	OK	 
ACTION	Pricing	38	price	1395146863518	1395146863519	1395146865617	1395146865617	OK	 
ACTION	Pricing	40	price	1395146863468	1395146863468	1395146865618	1395146865618	OK	 
ACTION	Pricing	73	price	1395146863494	1395146863494	1395146865615	1395146865619	OK	 
ACTION	Pricing	10	price	1395146863672	1395146863673	1395146865623	1395146865624	OK	 
ACTION	Pricing	55	price	1395146863521	1395146863521	1395146865625	1395146865625	OK	 
ACTION	Pricing	21	price	1395146863466	1395146863466	1395146865626	1395146865627	OK	 
ACTION	Pricing	97	price	1395146863476	1395146863476	1395146865628	1395146865628	OK	 
ACTION	Pricing	7	price	1395146863446	1395146863446	1395146865630	1395146865630	OK	 
ACTION	Pricing	11	price	1395146863458	1395146863459	1395146865635	1395146865635	OK	 
ACTION	Pricing	78	price	1395146865550	1395146865551	1395146865659	1395146865661	OK	 
ACTION	Pricing	66	price	1395146863459	1395146863460	1395146865661	1395146865661	OK	 
ACTION	Pricing	28	price	1395146863419	1395146863420	1395146865668	1395146865669	OK	 
ACTION	Pricing	6	price	1395146863514	1395146863514	1395146865669	1395146865669	OK	 
ACTION	Pricing	2	price	1395146863453	1395146863459	1395146865693	1395146865693	OK	 
ACTION	Pricing	59	price	1395146863444	1395146863445	1395146865751	1395146865751	OK	 
ACTION	Pricing	36	price	1395146863496	1395146863497	1395146865767	1395146865767	OK	 
ACTION	Pricing	4	price	1395146865614	1395146865616	1395146865775	1395146865776	OK	 
ACTION	Pricing	69	price	1395146863495	1395146863495	1395146865776	1395146865777	OK	 
ACTION	Pricing	91	price	1395146863417	1395146863418	1395146865778	1395146865778	OK	 
ACTION	Pricing	79	price	1395146863413	1395146863414	1395146865784	1395146865784	OK	 
ACTION	Pricing	62	price	1395146863498	1395146863499	1395146865784	1395146865785	OK	 
ACTION	Pricing	94	price	1395146863431	1395146863432	1395146865787	1395146865787	OK	 
ACTION	Pricing	75	price	1395146863503	1395146863504	1395146865791	1395146865791	OK	 
ACTION	Pricing	30	price	1395146863429	1395146863429	1395146865793	1395146865794	OK	 
ACTION	Pricing	42	price	1395146863412	1395146863413	1395146865794	1395146865795	OK	 
ACTION	Pricing	82	price	1395146865625	1395146865628	1395146865799	1395146865799	OK	 
ACTION	Pricing	16	price	1395146865630	1395146865634	1395146865872	1395146865873	OK	 
ACTION	Pricing	41	price	1395146863408	1395146863409	1395146865876	1395146865877	OK	 
ACTION	Pricing	78	price	1395146865664	1395146865664	1395146865878	1395146865878	OK	 
ACTION	Pricing	18	price	1395146863497	1395146863498	1395146865887	1395146865887	OK	 
ACTION	Pricing	61	price	1395146863410	1395146863411	1395146865911	1395146865911	OK	 
ACTION	Pricing	94	price	1395146865790	1395146865790	1395146865913	1395146865913	OK	 
ACTION	Pricing	31	price	1395146863502	1395146863503	1395146865914	1395146865914	OK	 
ACTION	Pricing	49	price	1395146863422	1395146863424	1395146865919	1395146865919	OK	 
ACTION	Pricing	41	price	1395146865878	1395146865879	1395146865930	1395146865931	OK	 
ACTION	Pricing	65	price	1395146863426	1395146863427	1395146865937	1395146865937	OK	 
ACTION	Pricing	77	price	1395146863415	1395146863416	1395146865938	1395146865939	OK	 
ACTION	Pricing	27	price	1395146863513	1395146863513	1395146865938	1395146865938	OK	 
ACTION	Pricing	8	price	1395146863439	1395146863440	1395146865940	1395146865940	OK	 
ACTION	Pricing	90	price	1395146863441	1395146863442	1395146865942	1395146865942	OK	 
ACTION	Pricing	71	price	1395146863495	1395146863496	1395146865944	1395146865944	OK	 
ACTION	Pricing	20	price	1395146863424	1395146863425	1395146865944	1395146865944	OK	 
ACTION	Pricing	32	price	1395146863477	1395146863478	1395146865968	1395146865969	OK	 
ACTION	Pricing	15	price	1395146863463	1395146863464	1395146865975	1395146865975	OK	 
ACTION	Pricing	56	price	1395146863487	1395146863488	1395146865975	1395146865975	OK	 
ACTION	Pricing	100	price	1395146863484	1395146863485	1395146865977	1395146865977	OK	 
ACTION	Pricing	47	price	1395146863511	1395146863512	1395146865980	1395146865981	OK	 
ACTION	Pricing	85	price	1395146863461	1395146863461	1395146865982	1395146865982	OK	 
ACTION	Pricing	17	price	1395146863482	1395146863482	1395146865982	1395146865982	OK	 
ACTION	Pricing	3	price	1395146863455	1395146863455	1395146865980	1395146865981	OK	 
ACTION	Pricing	44	price	1395146863479	1395146863480	1395146865994	1395146865994	OK	 
ACTION	Pricing	70	price	1395146863428	1395146863428	1395146866016	1395146866016	OK	 
ACTION	Pricing	9	price	1395146863435	1395146863435	1395146866026	1395146866026	OK	 
ACTION	Pricing	48	price	1395146863438	1395146863439	1395146866026	1395146866026	OK	 
ACTION	Pricing	42	price	1395146865796	1395146865797	1395146866100	1395146866100	OK	 
ACTION	Pricing	15	price	1395146865978	1395146865981	1395146866458	1395146866459	OK	 
ACTION	Pricing	5	price	1395146864420	1395146864421	1395146866459	1395146866459	OK	 
ACTION	Pricing	36	price	1395146865770	1395146865770	1395146866461	1395146866461	OK	 
ACTION	Pricing	33	price	1395146863989	1395146863990	1395146866470	1395146866470	OK	 
ACTION	Pricing	21	price	1395146865640	1395146865641	1395146866471	1395146866473	OK	 
ACTION	Pricing	22	price	1395146865571	1395146865571	1395146866478	1395146866479	OK	 
ACTION	Pricing	26	price	1395146865460	1395146865460	1395146866481	1395146866481	OK	 
ACTION	Pricing	4	price	1395146865778	1395146865781	1395146866484	1395146866484	OK	 
ACTION	Pricing	62	price	1395146865789	1395146865789	1395146866487	1395146866487	OK	 
ACTION	Pricing	6	price	1395146865673	1395146865673	1395146866490	1395146866491	OK	 
ACTION	Pricing	47	price	1395146865986	1395146865986	1395146866491	1395146866492	OK	 
ACTION	Pricing	56	price	1395146865977	1395146865978	1395146866494	1395146866494	OK	 
ACTION	Pricing	40	price	1395146865634	1395146865636	1395146866510	1395146866510	OK	 
ACTION	Pricing	11	price	1395146865645	1395146865645	1395146866517	1395146866517	OK	 
ACTION	Pricing	72	price	1395146865578	1395146865578	1395146866532	1395146866532	OK	 
ACTION	Pricing	25	price	1395146863629	1395146863630	1395146866546	1395146866546	OK	 
ACTION	Pricing	89	price	1395146865556	1395146865557	1395146866564	1395146866564	OK	 
ACTION	Pricing	74	price	1395146865601	1395146865601	1395146866571	1395146866571	OK	 
ACTION	Pricing	52	price	1395146865514	1395146865514	1395146866574	1395146866574	OK	 
ACTION	Pricing	39	price	1395146865455	1395146865455	1395146866587	1395146866587	OK	 
ACTION	Pricing	70	price	1395146866018	1395146866018	1395146866598	1395146866598	OK	 
ACTION	Pricing	43	price	1395146865544	1395146865547	1395146866599	1395146866599	OK	 
ACTION	Pricing	98	price	1395146864369	1395146864374	1395146866612	1395146866612	OK	 
ACTION	Pricing	34	price	1395146864411	1395146864416	1395146866637	1395146866638	OK	 
ACTION	Pricing	12	price	1395146864399	1395146864415	1395146866637	1395146866640	OK	 
ACTION	Pricing	50	price	1395146864375	1395146864376	1395146866645	1395146866654	OK	 
ACTION	Pricing	13	price	1395146864409	1395146864410	1395146866654	1395146866654	OK	 
ACTION	Pricing	29	price	1395146864398	1395146864405	1395146866639	1395146866653	OK	 
ACTION	Pricing	68	price	1395146865247	1395146865248	1395146866665	1395146866665	OK	 
ACTION	Pricing	95	price	1395146864422	1395146864422	1395146866685	1395146866686	OK	 
ACTION	Pricing	1	price	1395146865224	1395146865224	1395146866719	1395146866719	OK	 
ACTION	Pricing	54	price	1395146864426	1395146864427	1395146866732	1395146866732	OK	 
ACTION	Pricing	58	price	1395146864424	1395146864425	1395146866747	1395146866747	OK	 
ACTION	Pricing	29	price	1395146866661	1395146866662	1395146866760	1395146866760	OK	 
ACTION	Pricing	50	price	1395146866656	1395146866657	1395146866777	1395146866777	OK	 
ACTION	Pricing	98	price	1395146866614	1395146866614	1395146866804	1395146866805	OK	 
ACTION	Pricing	43	price	1395146866602	1395146866602	1395146866833	1395146866833	OK	 
ACTION	Pricing	39	price	1395146866589	1395146866589	1395146866841	1395146866841	OK	 
ACTION	Pricing	74	price	1395146866573	1395146866573	1395146866858	1395146866859	OK	 
ACTION	Pricing	89	price	1395146866566	1395146866566	1395146866871	1395146866872	OK	 
ACTION	Pricing	72	price	1395146866534	1395146866534	1395146866902	1395146866903	OK	 
ACTION	Pricing	72	price	1395146866905	1395146866905	1395146866945	1395146866945	OK	 
ACTION	Pricing	80	price	1395146863469	1395146863469	1395146866961	1395146866961	OK	 
ACTION	Pricing	56	price	1395146866495	1395146866496	1395146866963	1395146866963	OK	 
ACTION	Pricing	62	price	1395146866489	1395146866490	1395146866975	1395146866976	OK	 
ACTION	Pricing	51	price	1395146863448	1395146863449	1395146866991	1395146866992	OK	 
ACTION	Pricing	22	price	1395146866481	1395146866483	1395146867002	1395146867002	OK	 
ACTION	Pricing	21	price	1395146866475	1395146866475	1395146867032	1395146867033	OK	 
ACTION	Pricing	33	price	1395146866472	1395146866472	1395146867034	1395146867035	OK	 
ACTION	Pricing	42	price	1395146866102	1395146866102	1395146867054	1395146867054	OK	 
ACTION	Pricing	19	price	1395146865264	1395146865265	1395146867060	1395146867061	OK	 
ACTION	Pricing	35	price	1395146865323	1395146865323	1395146867088	1395146867088	OK	 
ACTION	Pricing	63	price	1395146865352	1395146865353	1395146867095	1395146867095	OK	 
ACTION	Pricing	46	price	1395146864388	1395146864390	1395146867103	1395146867103	OK	 
ACTION	Pricing	53	price	1395146865409	1395146865409	1395146867129	1395146867129	OK	 
ACTION	Pricing	83	price	1395146865582	1395146865583	1395146867202	1395146867202	OK	 
ACTION	Pricing	96	price	1395146865587	1395146865588	1395146867220	1395146867220	OK	 
ACTION	Pricing	86	price	1395146865607	1395146865609	1395146867226	1395146867226	OK	 
ACTION	Pricing	24	price	1395146865621	1395146865622	1395146867231	1395146867231	OK	 
ACTION	Pricing	64	price	1395146865618	1395146865619	1395146867245	1395146867246	OK	 
ACTION	Pricing	73	price	1395146865637	1395146865637	1395146867284	1395146867284	OK	 
ACTION	Pricing	10	price	1395146865638	1395146865639	1395146867300	1395146867300	OK	 
ACTION	Pricing	55	price	1395146865639	1395146865640	1395146867317	1395146867317	OK	 
ACTION	Pricing	7	price	1395146865645	1395146865645	1395146867342	1395146867342	OK	 
ACTION	Pricing	59	price	1395146865753	1395146865755	1395146867403	1395146867404	OK	 
ACTION	Pricing	69	price	1395146865779	1395146865779	1395146867412	1395146867412	OK	 
ACTION	Pricing	16	price	1395146865875	1395146865875	1395146867425	1395146867425	OK	 
ACTION	Pricing	78	price	1395146865881	1395146865881	1395146867449	1395146867450	OK	 
ACTION	Pricing	75	price	1395146865793	1395146865794	1395146867454	1395146867455	OK	 
ACTION	Pricing	16	price	1395146867427	1395146867427	1395146867489	1395146867490	OK	 
ACTION	Pricing	30	price	1395146865797	1395146865798	1395146867507	1395146867507	OK	 
ACTION	Pricing	20	price	1395146865950	1395146865950	1395146867513	1395146867513	OK	 
ACTION	Pricing	90	price	1395146865948	1395146865949	1395146867527	1395146867527	OK	 
ACTION	Pricing	27	price	1395146865946	1395146865947	1395146867548	1395146867548	OK	 
ACTION	Pricing	77	price	1395146865946	1395146865947	1395146867568	1395146867568	OK	 
ACTION	Pricing	94	price	1395146865917	1395146865918	1395146867631	1395146867631	OK	 
ACTION	Pricing	31	price	1395146865921	1395146865921	1395146867649	1395146867649	OK	 
ACTION	Pricing	49	price	1395146865923	1395146865923	1395146867649	1395146867650	OK	 
ACTION	Pricing	41	price	1395146865932	1395146865932	1395146867674	1395146867674	OK	 
ACTION	Pricing	65	price	1395146865941	1395146865945	1395146867714	1395146867714	OK	 
ACTION	Pricing	90	price	1395146867529	1395146867530	1395146867719	1395146867720	OK	 
ACTION	Pricing	20	price	1395146867514	1395146867515	1395146867736	1395146867737	OK	 
ACTION	Pricing	8	price	1395146865947	1395146865948	1395146867769	1395146867769	OK	 
ACTION	Pricing	78	price	1395146867452	1395146867453	1395146867797	1395146867798	OK	 
ACTION	Pricing	82	price	1395146865801	1395146865801	1395146867824	1395146867824	OK	 
ACTION	Pricing	69	price	1395146867414	1395146867414	1395146867841	1395146867841	OK	 
ACTION	Pricing	69	price	1395146867842	1395146867843	1395146867878	1395146867878	OK	 
ACTION	Pricing	91	price	1395146865781	1395146865781	1395146867895	1395146867896	OK	 
ACTION	Pricing	32	price	1395146865970	1395146865971	1395146867910	1395146867911	OK	 
ACTION	Pricing	28	price	1395146865671	1395146865672	1395146867935	1395146867936	OK	 
ACTION	Pricing	100	price	1395146865982	1395146865988	1395146867945	1395146867945	OK	 
ACTION	Pricing	7	price	1395146867344	1395146867344	1395146867947	1395146867947	OK	 
ACTION	Pricing	55	price	1395146867319	1395146867319	1395146867964	1395146867964	OK	 
ACTION	Pricing	85	price	1395146865986	1395146865988	1395146867982	1395146867983	OK	 
ACTION	Pricing	17	price	1395146865986	1395146865989	1395146868004	1395146868004	OK	 
ACTION	Pricing	10	price	1395146867301	1395146867302	1395146868039	1395146868039	OK	 
ACTION	Pricing	73	price	1395146867286	1395146867286	1395146868055	1395146868055	OK	 
ACTION	Pricing	64	price	1395146867247	1395146867247	1395146868073	1395146868073	OK	 
ACTION	Pricing	37	price	1395146865623	1395146865624	1395146868078	1395146868078	OK	 
ACTION	Pricing	96	price	1395146867222	1395146867222	1395146868109	1395146868109	OK	 
ACTION	Pricing	99	price	1395146865562	1395146865563	1395146868143	1395146868143	OK	 
ACTION	Pricing	60	price	1395146865530	1395146865531	1395146868159	1395146868159	OK	 
ACTION	Pricing	45	price	1395146865456	1395146865457	1395146868162	1395146868163	OK	 
ACTION	Pricing	23	price	1395146865477	1395146865478	1395146868175	1395146868175	OK	 
ACTION	Pricing	9	price	1395146866029	1395146866029	1395146868179	1395146868179	OK	 
ACTION	Pricing	60	price	1395146868161	1395146868161	1395146868205	1395146868206	OK	 
ACTION	Pricing	35	price	1395146867089	1395146867090	1395146868240	1395146868241	OK	 
ACTION	Pricing	76	price	1395146864376	1395146864377	1395146868251	1395146868252	OK	 
ACTION	Pricing	84	price	1395146865294	1395146865294	1395146868262	1395146868262	OK	 
ACTION	Pricing	81	price	1395146864400	1395146864405	1395146868273	1395146868273	OK	 
ACTION	Pricing	93	price	1395146864427	1395146864428	1395146868278	1395146868278	OK	 
ACTION	Pricing	33	price	1395146867037	1395146867037	1395146868299	1395146868299	OK	 
ACTION	Pricing	57	price	1395146864425	1395146864426	1395146868313	1395146868313	OK	 
ACTION	Pricing	5	price	1395146866461	1395146866462	1395146868348	1395146868348	OK	 
ACTION	Pricing	62	price	1395146866977	1395146866977	1395146868370	1395146868371	OK	 
ACTION	Pricing	80	price	1395146866963	1395146866963	1395146868394	1395146868395	OK	 
ACTION	Pricing	72	price	1395146866946	1395146866947	1395146868446	1395146868447	OK	 
ACTION	Pricing	47	price	1395146866493	1395146866494	1395146868463	1395146868463	OK	 
ACTION	Pricing	40	price	1395146866512	1395146866512	1395146868466	1395146868466	OK	 
ACTION	Pricing	25	price	1395146866548	1395146866548	1395146868482	1395146868482	OK	 
ACTION	Pricing	74	price	1395146866861	1395146866861	1395146868505	1395146868505	OK	 
ACTION	Pricing	52	price	1395146866575	1395146866576	1395146868531	1395146868531	OK	 
ACTION	Pricing	12	price	1395146866642	1395146866643	1395146868641	1395146868641	OK	 
ACTION	Pricing	1	price	1395146866722	1395146866722	1395146868642	1395146868642	OK	 
ACTION	Pricing	68	price	1395146866673	1395146866673	1395146868643	1395146868643	OK	 
ACTION	Pricing	54	price	1395146866734	1395146866734	1395146868651	1395146868651	OK	 
ACTION	Pricing	13	price	1395146866657	1395146866657	1395146868686	1395146868686	OK	 
ACTION	Pricing	58	price	1395146866749	1395146866750	1395146868709	1395146868710	OK	 
ACTION	Pricing	68	price	1395146868647	1395146868647	1395146868746	1395146868746	OK	 
ACTION	Pricing	70	price	1395146866600	1395146866602	1395146868754	1395146868755	OK	 
ACTION	Pricing	29	price	1395146866762	1395146866762	1395146868758	1395146868758	OK	 
ACTION	Pricing	25	price	1395146868484	1395146868484	1395146868804	1395146868804	OK	 
ACTION	Pricing	89	price	1395146866873	1395146866874	1395146868996	1395146868996	OK	 
ACTION	Pricing	4	price	1395146866487	1395146866487	1395146869017	1395146869017	OK	 
ACTION	Pricing	6	price	1395146866493	1395146866493	1395146869017	1395146869017	OK	 
ACTION	Pricing	47	price	1395146868464	1395146868465	1395146869020	1395146869020	OK	 
ACTION	Pricing	51	price	1395146866993	1395146866994	1395146869022	1395146869023	OK	 
ACTION	Pricing	26	price	1395146866483	1395146866483	1395146869024	1395146869024	OK	 
ACTION	Pricing	46	price	1395146867105	1395146867105	1395146869026	1395146869027	OK	 
ACTION	Pricing	88	price	1395146865381	1395146865381	1395146869038	1395146869038	OK	 
ACTION	Pricing	76	price	1395146868253	1395146868254	1395146869052	1395146869052	OK	 
ACTION	Pricing	14	price	1395146865622	1395146865622	1395146869061	1395146869062	OK	 
ACTION	Pricing	35	price	1395146868243	1395146868243	1395146869062	1395146869062	OK	 
ACTION	Pricing	21	price	1395146867035	1395146867036	1395146869060	1395146869061	OK	 
ACTION	Pricing	5	price	1395146868350	1395146868352	1395146869070	1395146869070	OK	 
ACTION	Pricing	93	price	1395146868279	1395146868280	1395146869071	1395146869072	OK	 
ACTION	Pricing	33	price	1395146868300	1395146868301	1395146869074	1395146869075	OK	 
ACTION	Pricing	22	price	1395146867004	1395146867004	1395146869073	1395146869073	OK	 
ACTION	Pricing	40	price	1395146868468	1395146868468	1395146869076	1395146869078	OK	 
ACTION	Pricing	92	price	1395146865444	1395146865445	1395146869081	1395146869081	OK	 
ACTION	Pricing	11	price	1395146866522	1395146866523	1395146869083	1395146869083	OK	 
ACTION	Pricing	56	price	1395146866965	1395146866966	1395146869086	1395146869086	OK	 
ACTION	Pricing	36	price	1395146866464	1395146866464	1395146869088	1395146869088	OK	 
ACTION	Pricing	3	price	1395146865988	1395146865988	1395146869197	1395146869197	OK	 
ACTION	Pricing	85	price	1395146867985	1395146867985	1395146869229	1395146869230	OK	 
ACTION	Pricing	55	price	1395146867966	1395146867966	1395146869266	1395146869266	OK	 
ACTION	Pricing	7	price	1395146867949	1395146867949	1395146869269	1395146869270	OK	 
ACTION	Pricing	28	price	1395146867937	1395146867938	1395146869288	1395146869288	OK	 
ACTION	Pricing	66	price	1395146865663	1395146865663	1395146869310	1395146869310	OK	 
ACTION	Pricing	44	price	1395146865996	1395146865997	1395146869358	1395146869359	OK	 
ACTION	Pricing	48	price	1395146866027	1395146866028	1395146869358	1395146869358	OK	 
ACTION	Pricing	91	price	1395146867897	1395146867898	1395146869362	1395146869363	OK	 
ACTION	Pricing	2	price	1395146865695	1395146865695	1395146869377	1395146869377	OK	 
ACTION	Pricing	69	price	1395146867880	1395146867880	1395146869378	1395146869378	OK	 
ACTION	Pricing	79	price	1395146865787	1395146865787	1395146869382	1395146869383	OK	 
ACTION	Pricing	23	price	1395146868177	1395146868177	1395146869427	1395146869428	OK	 
ACTION	Pricing	9	price	1395146868181	1395146868181	1395146869428	1395146869428	OK	 
ACTION	Pricing	59	price	1395146867406	1395146867406	1395146869429	1395146869429	OK	 
ACTION	Pricing	73	price	1395146868057	1395146868057	1395146869445	1395146869445	OK	 
ACTION	Pricing	75	price	1395146867456	1395146867457	1395146869449	1395146869449	OK	 
ACTION	Pricing	71	price	1395146865949	1395146865950	1395146869507	1395146869507	OK	 
ACTION	Pricing	65	price	1395146867715	1395146867716	1395146869676	1395146869677	OK	 
ACTION	Pricing	16	price	1395146867491	1395146867492	1395146869678	1395146869678	OK	 
ACTION	Pricing	90	price	1395146867721	1395146867722	1395146869757	1395146869757	OK	 
ACTION	Pricing	31	price	1395146867651	1395146867651	1395146869762	1395146869762	OK	 
ACTION	Pricing	32	price	1395146867912	1395146867913	1395146869770	1395146869770	OK	 
ACTION	Pricing	94	price	1395146867633	1395146867633	1395146869792	1395146869792	OK	 
ACTION	Pricing	97	price	1395146865643	1395146865643	1395146869848	1395146869848	OK	 
ACTION	Pricing	36	price	1395146869089	1395146869090	1395146869848	1395146869848	OK	 
ACTION	Pricing	30	price	1395146867509	1395146867509	1395146869850	1395146869850	OK	 
ACTION	Pricing	79	price	1395146869385	1395146869385	1395146869851	1395146869851	OK	 
ACTION	Pricing	48	price	1395146869361	1395146869362	1395146869849	1395146869849	OK	 
ACTION	Pricing	82	price	1395146867825	1395146867826	1395146869849	1395146869850	OK	 
ACTION	Pricing	17	price	1395146868005	1395146868006	1395146869852	1395146869854	OK	 
ACTION	Pricing	100	price	1395146867947	1395146867948	1395146869854	1395146869855	OK	 
ACTION	Pricing	18	price	1395146865889	1395146865889	1395146869856	1395146869856	OK	 
ACTION	Pricing	20	price	1395146867738	1395146867738	1395146869857	1395146869857	OK	 
ACTION	Pricing	78	price	1395146867799	1395146867799	1395146869858	1395146869858	OK	 
ACTION	Pricing	38	price	1395146865634	1395146865634	1395146869859	1395146869859	OK	 
ACTION	Pricing	49	price	1395146867652	1395146867652	1395146869850	1395146869861	OK	 
ACTION	Pricing	41	price	1395146867675	1395146867676	1395146869856	1395146869862	OK	 
ACTION	Pricing	74	price	1395146868506	1395146868506	1395146869851	1395146869851	OK	 
ACTION	Pricing	8	price	1395146867771	1395146867772	1395146869862	1395146869864	OK	 
ACTION	Pricing	61	price	1395146865913	1395146865918	1395146869863	1395146869866	OK	 
ACTION	Pricing	56	price	1395146869088	1395146869089	1395146869868	1395146869868	OK	 
ACTION	Pricing	40	price	1395146869079	1395146869079	1395146869884	1395146869885	OK	 
ACTION	Pricing	92	price	1395146869082	1395146869082	1395146869915	1395146869915	OK	 
ACTION	Pricing	80	price	1395146868396	1395146868397	1395146869924	1395146869924	OK	 
ACTION	Pricing	10	price	1395146868041	1395146868042	1395146869944	1395146869944	OK	 
ACTION	Pricing	22	price	1395146869077	1395146869077	1395146869959	1395146869959	OK	 
ACTION	Pricing	99	price	1395146868145	1395146868146	1395146869994	1395146869995	OK	 
ACTION	Pricing	67	price	1395146865526	1395146865526	1395146869999	1395146870000	OK	 
ACTION	Pricing	83	price	1395146867204	1395146867204	1395146870004	1395146870004	OK	 
ACTION	Pricing	24	price	1395146867233	1395146867233	1395146870068	1395146870068	OK	 
ACTION	Pricing	60	price	1395146868207	1395146868208	1395146870136	1395146870136	OK	 
ACTION	Pricing	63	price	1395146867097	1395146867097	1395146870152	1395146870153	OK	 
ACTION	Pricing	42	price	1395146867055	1395146867056	1395146870179	1395146870179	OK	 
ACTION	Pricing	15	price	1395146866463	1395146866463	1395146870196	1395146870197	OK	 
ACTION	Pricing	58	price	1395146868711	1395146868712	1395146870244	1395146870245	OK	 
ACTION	Pricing	39	price	1395146866843	1395146866843	1395146870252	1395146870253	OK	 
ACTION	Pricing	43	price	1395146866835	1395146866835	1395146870266	1395146870266	OK	 
ACTION	Pricing	12	price	1395146868644	1395146868646	1395146870291	1395146870291	OK	 
ACTION	Pricing	34	price	1395146866639	1395146866640	1395146870305	1395146870305	OK	 
ACTION	Pricing	95	price	1395146866687	1395146866688	1395146870309	1395146870309	OK	 
ACTION	Pricing	52	price	1395146868533	1395146868534	1395146870321	1395146870322	OK	 
ACTION	Pricing	43	price	1395146870268	1395146870268	1395146870331	1395146870332	OK	 
ACTION	Pricing	39	price	1395146870255	1395146870255	1395146870348	1395146870348	OK	 
ACTION	Pricing	50	price	1395146866778	1395146866779	1395146870362	1395146870362	OK	 
ACTION	Pricing	98	price	1395146866806	1395146866806	1395146870383	1395146870383	OK	 
ACTION	Pricing	1	price	1395146868645	1395146868646	1395146870405	1395146870405	OK	 
ACTION	Pricing	13	price	1395146868688	1395146868688	1395146870415	1395146870416	OK	 
ACTION	Pricing	68	price	1395146868748	1395146868748	1395146870436	1395146870436	OK	 
ACTION	Pricing	70	price	1395146868756	1395146868757	1395146870448	1395146870448	OK	 
ACTION	Pricing	81	price	1395146868274	1395146868275	1395146870475	1395146870475	OK	 
ACTION	Pricing	21	price	1395146869065	1395146869068	1395146870531	1395146870531	OK	 
ACTION	Pricing	5	price	1395146869072	1395146869073	1395146870558	1395146870558	OK	 
ACTION	Pricing	96	price	1395146868111	1395146868111	1395146870661	1395146870662	OK	 
ACTION	Pricing	99	price	1395146869996	1395146869997	1395146870669	1395146870669	OK	 
ACTION	Pricing	83	price	1395146870006	1395146870006	1395146870671	1395146870671	OK	 
ACTION	Pricing	22	price	1395146869962	1395146869962	1395146870672	1395146870672	OK	 
ACTION	Pricing	27	price	1395146867550	1395146867551	1395146870672	1395146870673	OK	 
ACTION	Pricing	53	price	1395146867130	1395146867130	1395146870672	1395146870675	OK	 
ACTION	Pricing	67	price	1395146870002	1395146870002	1395146870689	1395146870690	OK	 
ACTION	Pricing	88	price	1395146869040	1395146869040	1395146870723	1395146870723	OK	 
ACTION	Pricing	76	price	1395146869054	1395146869055	1395146870734	1395146870734	OK	 
ACTION	Pricing	45	price	1395146868164	1395146868165	1395146870733	1395146870734	OK	 
ACTION	Pricing	10	price	1395146869946	1395146869946	1395146870736	1395146870737	OK	 
ACTION	Pricing	87	price	1395146865462	1395146865462	1395146870739	1395146870739	OK	 
ACTION	Pricing	92	price	1395146869918	1395146869918	1395146870799	1395146870800	OK	 
ACTION	Pricing	54	price	1395146868653	1395146868653	1395146870805	1395146870805	OK	 
ACTION	Pricing	80	price	1395146869926	1395146869927	1395146870808	1395146870808	OK	 
ACTION	Pricing	8	price	1395146869905	1395146869905	1395146870810	1395146870810	OK	 
ACTION	Pricing	61	price	1395146869890	1395146869891	1395146870840	1395146870841	OK	 
ACTION	Pricing	18	price	1395146869875	1395146869875	1395146870856	1395146870857	OK	 
ACTION	Pricing	20	price	1395146869875	1395146869876	1395146870891	1395146870892	OK	 
ACTION	Pricing	100	price	1395146869874	1395146869874	1395146870921	1395146870922	OK	 
ACTION	Pricing	38	price	1395146869877	1395146869878	1395146870946	1395146870947	OK	 
ACTION	Pricing	48	price	1395146869868	1395146869870	1395146870965	1395146870966	OK	 
ACTION	Pricing	11	price	1395146869085	1395146869085	1395146871047	1395146871047	OK	 
ACTION	Pricing	32	price	1395146869772	1395146869772	1395146871064	1395146871064	OK	 
ACTION	Pricing	16	price	1395146869680	1395146869680	1395146871088	1395146871088	OK	 
ACTION	Pricing	71	price	1395146869509	1395146869510	1395146871115	1395146871116	OK	 
ACTION	Pricing	75	price	1395146869451	1395146869455	1395146871132	1395146871132	OK	 
ACTION	Pricing	73	price	1395146869447	1395146869448	1395146871151	1395146871151	OK	 
ACTION	Pricing	59	price	1395146869432	1395146869432	1395146871168	1395146871169	OK	 
ACTION	Pricing	9	price	1395146869431	1395146869431	1395146871186	1395146871186	OK	 
ACTION	Pricing	69	price	1395146869381	1395146869381	1395146871205	1395146871205	OK	 
ACTION	Pricing	91	price	1395146869364	1395146869365	1395146871238	1395146871238	OK	 
ACTION	Pricing	3	price	1395146869199	1395146869199	1395146871256	1395146871257	OK	 
ACTION	Pricing	85	price	1395146869231	1395146869232	1395146871267	1395146871267	OK	 
ACTION	Pricing	55	price	1395146869267	1395146869268	1395146871296	1395146871296	OK	 
ACTION	Pricing	85	price	1395146871268	1395146871269	1395146871313	1395146871313	OK	 
ACTION	Pricing	7	price	1395146869272	1395146869272	1395146871315	1395146871315	OK	 
ACTION	Pricing	66	price	1395146869311	1395146869312	1395146871331	1395146871331	OK	 
ACTION	Pricing	69	price	1395146871210	1395146871211	1395146871414	1395146871414	OK	 
ACTION	Pricing	9	price	1395146871188	1395146871188	1395146871609	1395146871609	OK	 
ACTION	Pricing	31	price	1395146869763	1395146869764	1395146871610	1395146871610	OK	 
ACTION	Pricing	44	price	1395146869361	1395146869364	1395146871620	1395146871620	OK	 
ACTION	Pricing	71	price	1395146871117	1395146871119	1395146871627	1395146871627	OK	 
ACTION	Pricing	11	price	1395146871048	1395146871049	1395146871629	1395146871629	OK	 
ACTION	Pricing	75	price	1395146871134	1395146871134	1395146871630	1395146871631	OK	 
ACTION	Pricing	94	price	1395146869793	1395146869858	1395146871633	1395146871633	OK	 
ACTION	Pricing	23	price	1395146869430	1395146869430	1395146871637	1395146871637	OK	 
ACTION	Pricing	16	price	1395146871090	1395146871091	1395146871643	1395146871644	OK	 
ACTION	Pricing	33	price	1395146869077	1395146869077	1395146871644	1395146871644	OK	 
ACTION	Pricing	90	price	1395146869759	1395146869759	1395146871647	1395146871647	OK	 
ACTION	Pricing	65	price	1395146869679	1395146869679	1395146871652	1395146871652	OK	 
ACTION	Pricing	2	price	1395146869379	1395146869379	1395146871658	1395146871658	OK	 
ACTION	Pricing	36	price	1395146869855	1395146869867	1395146871667	1395146871667	OK	 
ACTION	Pricing	97	price	1395146869854	1395146869864	1395146871668	1395146871669	OK	 
ACTION	Pricing	38	price	1395146870948	1395146870949	1395146871672	1395146871672	OK	 
ACTION	Pricing	59	price	1395146871170	1395146871171	1395146871673	1395146871674	OK	 
ACTION	Pricing	30	price	1395146869855	1395146869866	1395146871676	1395146871676	OK	 
ACTION	Pricing	73	price	1395146871153	1395146871153	1395146871680	1395146871681	OK	 
ACTION	Pricing	48	price	1395146870967	1395146870968	1395146871682	1395146871682	OK	 
ACTION	Pricing	79	price	1395146869864	1395146869867	1395146871717	1395146871717	OK	 
ACTION	Pricing	32	price	1395146871066	1395146871067	1395146871738	1395146871738	OK	 
ACTION	Pricing	49	price	1395146869878	1395146869879	1395146871753	1395146871754	OK	 
ACTION	Pricing	100	price	1395146870923	1395146870924	1395146871795	1395146871795	OK	 
ACTION	Pricing	18	price	1395146870858	1395146870859	1395146871808	1395146871808	OK	 
ACTION	Pricing	16	price	1395146871646	1395146871648	1395146871809	1395146871810	OK	 
ACTION	Pricing	17	price	1395146869873	1395146869873	1395146871815	1395146871816	OK	 
ACTION	Pricing	61	price	1395146870842	1395146870842	1395146871832	1395146871833	OK	 
ACTION	Pricing	8	price	1395146870812	1395146870812	1395146871852	1395146871853	OK	 
ACTION	Pricing	82	price	1395146869872	1395146869872	1395146871859	1395146871860	OK	 
ACTION	Pricing	80	price	1395146870810	1395146870810	1395146871871	1395146871872	OK	 
ACTION	Pricing	41	price	1395146869879	1395146869885	1395146871876	1395146871876	OK	 
ACTION	Pricing	45	price	1395146870737	1395146870738	1395146871945	1395146871945	OK	 
ACTION	Pricing	19	price	1395146867062	1395146867062	1395146872026	1395146872026	OK	 
ACTION	Pricing	25	price	1395146868807	1395146868807	1395146872033	1395146872033	OK	 
ACTION	Pricing	64	price	1395146868074	1395146868075	1395146872036	1395146872036	OK	 
ACTION	Pricing	46	price	1395146869029	1395146869030	1395146872037	1395146872037	OK	 
ACTION	Pricing	26	price	1395146869028	1395146869028	1395146872064	1395146872065	OK	 
ACTION	Pricing	24	price	1395146870070	1395146870071	1395146872081	1395146872081	OK	 
ACTION	Pricing	57	price	1395146868315	1395146868315	1395146872084	1395146872084	OK	 
ACTION	Pricing	47	price	1395146869021	1395146869022	1395146872102	1395146872102	OK	 
ACTION	Pricing	84	price	1395146868264	1395146868264	1395146872117	1395146872117	OK	 
ACTION	Pricing	24	price	1395146872083	1395146872083	1395146872126	1395146872127	OK	 
ACTION	Pricing	70	price	1395146870449	1395146870449	1395146872162	1395146872162	OK	 
ACTION	Pricing	68	price	1395146870437	1395146870438	1395146872181	1395146872181	OK	 
ACTION	Pricing	62	price	1395146868373	1395146868373	1395146872184	1395146872185	OK	 
ACTION	Pricing	29	price	1395146868760	1395146868760	1395146872188	1395146872188	OK	 
ACTION	Pricing	1	price	1395146870406	1395146870407	1395146872209	1395146872209	OK	 
ACTION	Pricing	15	price	1395146870198	1395146870199	1395146872223	1395146872223	OK	 
ACTION	Pricing	58	price	1395146870246	1395146870247	1395146872227	1395146872227	OK	 
ACTION	Pricing	43	price	1395146870333	1395146870333	1395146872250	1395146872250	OK	 
ACTION	Pricing	52	price	1395146870323	1395146870324	1395146872279	1395146872279	OK	 
ACTION	Pricing	34	price	1395146870307	1395146870307	1395146872318	1395146872318	OK	 
ACTION	Pricing	95	price	1395146870310	1395146870311	1395146872324	1395146872325	OK	 
ACTION	Pricing	12	price	1395146870293	1395146870294	1395146872315	1395146872328	OK	 
ACTION	Pricing	43	price	1395146872251	1395146872252	1395146872344	1395146872344	OK	 
ACTION	Pricing	15	price	1395146872224	1395146872225	1395146872377	1395146872378	OK	 
ACTION	Pricing	39	price	1395146870350	1395146870350	1395146872379	1395146872380	OK	 
ACTION	Pricing	1	price	1395146872210	1395146872211	1395146872399	1395146872399	OK	 
ACTION	Pricing	62	price	1395146872186	1395146872186	1395146872427	1395146872427	OK	 
ACTION	Pricing	68	price	1395146872183	1395146872183	1395146872446	1395146872446	OK	 
ACTION	Pricing	13	price	1395146870417	1395146870418	1395146872461	1395146872461	OK	 
ACTION	Pricing	42	price	1395146870182	1395146870182	1395146872477	1395146872477	OK	 
ACTION	Pricing	63	price	1395146870154	1395146870155	1395146872495	1395146872496	OK	 
ACTION	Pricing	84	price	1395146872119	1395146872119	1395146872515	1395146872515	OK	 
ACTION	Pricing	60	price	1395146870138	1395146870139	1395146872534	1395146872534	OK	 
ACTION	Pricing	26	price	1395146872066	1395146872067	1395146872564	1395146872564	OK	 
ACTION	Pricing	4	price	1395146869018	1395146869019	1395146872577	1395146872578	OK	 
ACTION	Pricing	46	price	1395146872040	1395146872040	1395146872594	1395146872595	OK	 
ACTION	Pricing	76	price	1395146870737	1395146870737	1395146872684	1395146872685	OK	 
ACTION	Pricing	77	price	1395146867570	1395146867570	1395146872727	1395146872728	OK	 
ACTION	Pricing	37	price	1395146868080	1395146868080	1395146872729	1395146872730	OK	 
ACTION	Pricing	86	price	1395146867228	1395146867228	1395146872734	1395146872734	OK	 
ACTION	Pricing	88	price	1395146870725	1395146870725	1395146872762	1395146872762	OK	 
ACTION	Pricing	21	price	1395146870533	1395146870533	1395146872773	1395146872774	OK	 
ACTION	Pricing	76	price	1395146872686	1395146872687	1395146872784	1395146872785	OK	 
ACTION	Pricing	93	price	1395146869073	1395146869074	1395146872801	1395146872801	OK	 
ACTION	Pricing	6	price	1395146869021	1395146869021	1395146872804	1395146872804	OK	 
ACTION	Pricing	14	price	1395146869064	1395146869068	1395146872805	1395146872805	OK	 
ACTION	Pricing	45	price	1395146871946	1395146871946	1395146872826	1395146872826	OK	 
ACTION	Pricing	67	price	1395146870691	1395146870692	1395146872854	1395146872854	OK	 
ACTION	Pricing	56	price	1395146869904	1395146869905	1395146872863	1395146872863	OK	 
ACTION	Pricing	41	price	1395146871877	1395146871878	1395146872882	1395146872882	OK	 
ACTION	Pricing	87	price	1395146870741	1395146870741	1395146872902	1395146872902	OK	 
ACTION	Pricing	92	price	1395146870801	1395146870802	1395146872909	1395146872910	OK	 
ACTION	Pricing	82	price	1395146871862	1395146871862	1395146872928	1395146872929	OK	 
ACTION	Pricing	18	price	1395146871810	1395146871813	1395146872982	1395146872982	OK	 
ACTION	Pricing	100	price	1395146871797	1395146871797	1395146872991	1395146872991	OK	 
ACTION	Pricing	49	price	1395146871755	1395146871755	1395146873010	1395146873010	OK	 
ACTION	Pricing	73	price	1395146871682	1395146871683	1395146873078	1395146873078	OK	 
ACTION	Pricing	97	price	1395146871671	1395146871672	1395146873097	1395146873097	OK	 
ACTION	Pricing	30	price	1395146871677	1395146871678	1395146873171	1395146873171	OK	 
ACTION	Pricing	79	price	1395146871718	1395146871719	1395146873227	1395146873227	OK	 
ACTION	Pricing	36	price	1395146871669	1395146871670	1395146873258	1395146873258	OK	 
ACTION	Pricing	78	price	1395146869876	1395146869877	1395146873276	1395146873277	OK	 
ACTION	Pricing	2	price	1395146871660	1395146871660	1395146873289	1395146873290	OK	 
ACTION	Pricing	90	price	1395146871649	1395146871649	1395146873299	1395146873299	OK	 
ACTION	Pricing	65	price	1395146871654	1395146871654	1395146873300	1395146873300	OK	 
ACTION	Pricing	97	price	1395146873099	1395146873099	1395146873307	1395146873307	OK	 
ACTION	Pricing	75	price	1395146871632	1395146871633	1395146873324	1395146873324	OK	 
ACTION	Pricing	33	price	1395146871647	1395146871647	1395146873355	1395146873355	OK	 
ACTION	Pricing	44	price	1395146871622	1395146871622	1395146873390	1395146873390	OK	 
ACTION	Pricing	66	price	1395146871333	1395146871333	1395146873396	1395146873396	OK	 
ACTION	Pricing	11	price	1395146871631	1395146871632	1395146873396	1395146873396	OK	 
ACTION	Pricing	69	price	1395146871415	1395146871416	1395146873396	1395146873396	OK	 
ACTION	Pricing	28	price	1395146869290	1395146869291	1395146873421	1395146873422	OK	 
ACTION	Pricing	55	price	1395146871298	1395146871298	1395146873460	1395146873461	OK	 
ACTION	Pricing	3	price	1395146871258	1395146871258	1395146873464	1395146873464	OK	 
ACTION	Pricing	36	price	1395146873260	1395146873260	1395146873486	1395146873487	OK	 
ACTION	Pricing	85	price	1395146871315	1395146871315	1395146873614	1395146873614	OK	 
ACTION	Pricing	9	price	1395146871611	1395146871611	1395146873615	1395146873615	OK	 
ACTION	Pricing	38	price	1395146871674	1395146871674	1395146873634	1395146873634	OK	 
ACTION	Pricing	30	price	1395146873173	1395146873174	1395146873635	1395146873635	OK	 
ACTION	Pricing	71	price	1395146871629	1395146871630	1395146873640	1395146873641	OK	 
ACTION	Pricing	7	price	1395146871317	1395146871317	1395146873642	1395146873642	OK	 
ACTION	Pricing	23	price	1395146871639	1395146871639	1395146873645	1395146873646	OK	 
ACTION	Pricing	79	price	1395146873229	1395146873230	1395146873643	1395146873644	OK	 
ACTION	Pricing	31	price	1395146871612	1395146871612	1395146873648	1395146873648	OK	 
ACTION	Pricing	20	price	1395146870893	1395146870893	1395146873650	1395146873650	OK	 
ACTION	Pricing	94	price	1395146871635	1395146871635	1395146873661	1395146873661	OK	 
ACTION	Pricing	91	price	1395146871240	1395146871241	1395146873686	1395146873687	OK	 
ACTION	Pricing	73	price	1395146873079	1395146873080	1395146873699	1395146873699	OK	 
ACTION	Pricing	59	price	1395146871676	1395146871677	1395146873707	1395146873707	OK	 
ACTION	Pricing	32	price	1395146871740	1395146871740	1395146873717	1395146873717	OK	 
ACTION	Pricing	72	price	1395146868448	1395146868449	1395146873717	1395146873717	OK	 
ACTION	Pricing	69	price	1395146873399	1395146873399	1395146873742	1395146873742	OK	 
ACTION	Pricing	54	price	1395146870806	1395146870807	1395146873773	1395146873773	OK	 
ACTION	Pricing	61	price	1395146871834	1395146871835	1395146873800	1395146873801	OK	 
ACTION	Pricing	92	price	1395146872912	1395146872912	1395146873821	1395146873821	OK	 
ACTION	Pricing	28	price	1395146873423	1395146873424	1395146873832	1395146873832	OK	 
ACTION	Pricing	87	price	1395146872903	1395146872904	1395146873834	1395146873834	OK	 
ACTION	Pricing	74	price	1395146869888	1395146869889	1395146873884	1395146873884	OK	 
ACTION	Pricing	10	price	1395146870739	1395146870741	1395146873898	1395146873898	OK	 
ACTION	Pricing	40	price	1395146869906	1395146869906	1395146873926	1395146873927	OK	 
ACTION	Pricing	94	price	1395146873662	1395146873663	1395146873933	1395146873933	OK	 
ACTION	Pricing	45	price	1395146872828	1395146872828	1395146873941	1395146873941	OK	 
ACTION	Pricing	56	price	1395146872865	1395146872865	1395146873940	1395146873941	OK	 
ACTION	Pricing	83	price	1395146870675	1395146870675	1395146873953	1395146873953	OK	 
ACTION	Pricing	14	price	1395146872807	1395146872807	1395146873984	1395146873985	OK	 
ACTION	Pricing	6	price	1395146872805	1395146872806	1395146874029	1395146874029	OK	 
ACTION	Pricing	96	price	1395146870663	1395146870664	1395146874063	1395146874064	OK	 
ACTION	Pricing	5	price	1395146870559	1395146870560	1395146874077	1395146874077	OK	 
ACTION	Pricing	53	price	1395146870677	1395146870678	1395146874083	1395146874084	OK	 
ACTION	Pricing	22	price	1395146870673	1395146870674	1395146874087	1395146874087	OK	 
ACTION	Pricing	27	price	1395146870674	1395146870675	1395146874089	1395146874090	OK	 
ACTION	Pricing	25	price	1395146872034	1395146872035	1395146874092	1395146874092	OK	 
ACTION	Pricing	35	price	1395146869065	1395146869068	1395146874093	1395146874093	OK	 
ACTION	Pricing	99	price	1395146870673	1395146870673	1395146874110	1395146874110	OK	 
ACTION	Pricing	51	price	1395146869025	1395146869025	1395146874113	1395146874114	OK	 
ACTION	Pricing	86	price	1395146872735	1395146872736	1395146874177	1395146874177	OK	 
ACTION	Pricing	77	price	1395146872729	1395146872731	1395146874195	1395146874195	OK	 
ACTION	Pricing	19	price	1395146872028	1395146872028	1395146874199	1395146874200	OK	 
ACTION	Pricing	96	price	1395146874065	1395146874066	1395146874201	1395146874202	OK	 
ACTION	Pricing	89	price	1395146868998	1395146868998	1395146874225	1395146874225	OK	 
ACTION	Pricing	60	price	1395146872535	1395146872535	1395146874270	1395146874270	OK	 
ACTION	Pricing	57	price	1395146872085	1395146872086	1395146874318	1395146874318	OK	 
ACTION	Pricing	63	price	1395146872497	1395146872498	1395146874334	1395146874335	OK	 
ACTION	Pricing	84	price	1395146872517	1395146872517	1395146874335	1395146874335	OK	 
ACTION	Pricing	96	price	1395146874204	1395146874205	1395146874346	1395146874346	OK	 
ACTION	Pricing	81	price	1395146870476	1395146870477	1395146874358	1395146874358	OK	 
ACTION	Pricing	24	price	1395146872128	1395146872129	1395146874368	1395146874368	OK	 
ACTION	Pricing	68	price	1395146872448	1395146872448	1395146874389	1395146874390	OK	 
ACTION	Pricing	1	price	1395146872401	1395146872401	1395146874414	1395146874414	OK	 
ACTION	Pricing	70	price	1395146872163	1395146872164	1395146874450	1395146874451	OK	 
ACTION	Pricing	60	price	1395146874272	1395146874273	1395146874465	1395146874465	OK	 
ACTION	Pricing	98	price	1395146870385	1395146870385	1395146874504	1395146874505	OK	 
ACTION	Pricing	15	price	1395146872379	1395146872379	1395146874511	1395146874511	OK	 
ACTION	Pricing	96	price	1395146874348	1395146874349	1395146874527	1395146874528	OK	 
ACTION	Pricing	43	price	1395146872345	1395146872346	1395146874532	1395146874532	OK	 
ACTION	Pricing	58	price	1395146872229	1395146872229	1395146874541	1395146874541	OK	 
ACTION	Pricing	12	price	1395146872329	1395146872329	1395146874559	1395146874559	OK	 
ACTION	Pricing	24	price	1395146874370	1395146874371	1395146874615	1395146874615	OK	 
ACTION	Pricing	52	price	1395146872284	1395146872285	1395146874629	1395146874629	OK	 
ACTION	Pricing	68	price	1395146874392	1395146874392	1395146874633	1395146874634	OK	 
ACTION	Pricing	95	price	1395146872326	1395146872327	1395146874740	1395146874740	OK	 
ACTION	Pricing	34	price	1395146872319	1395146872320	1395146874799	1395146874799	OK	 
ACTION	Pricing	63	price	1395146874336	1395146874337	1395146874805	1395146874806	OK	 
ACTION	Pricing	13	price	1395146872462	1395146872463	1395146874806	1395146874806	OK	 
ACTION	Pricing	81	price	1395146874360	1395146874360	1395146874812	1395146874812	OK	 
ACTION	Pricing	64	price	1395146872038	1395146872039	1395146874822	1395146874822	OK	 
ACTION	Pricing	39	price	1395146872381	1395146872382	1395146874822	1395146874824	OK	 
ACTION	Pricing	62	price	1395146872429	1395146872429	1395146875041	1395146875042	OK	 
ACTION	Pricing	42	price	1395146872478	1395146872479	1395146875041	1395146875042	OK	 
ACTION	Pricing	47	price	1395146872103	1395146872104	1395146875048	1395146875048	OK	 
ACTION	Pricing	57	price	1395146874320	1395146874321	1395146875049	1395146875050	OK	 
ACTION	Pricing	19	price	1395146874201	1395146874202	1395146875050	1395146875052	OK	 
ACTION	Pricing	86	price	1395146874179	1395146874179	1395146875054	1395146875055	OK	 
ACTION	Pricing	93	price	1395146872803	1395146872803	1395146875111	1395146875111	OK	 
ACTION	Pricing	53	price	1395146874085	1395146874085	1395146875124	1395146875124	OK	 
ACTION	Pricing	48	price	1395146871684	1395146871684	1395146875127	1395146875127	OK	 
ACTION	Pricing	18	price	1395146872984	1395146872984	1395146875132	1395146875132	OK	 
ACTION	Pricing	82	price	1395146872931	1395146872932	1395146875142	1395146875142	OK	 
ACTION	Pricing	26	price	1395146872566	1395146872566	1395146875145	1395146875145	OK	 
ACTION	Pricing	13	price	1395146874808	1395146874809	1395146875198	1395146875198	OK	 
ACTION	Pricing	91	price	1395146873688	1395146873688	1395146875221	1395146875221	OK	 
ACTION	Pricing	77	price	1395146874197	1395146874197	1395146875245	1395146875246	OK	 
ACTION	Pricing	34	price	1395146874801	1395146874801	1395146875252	1395146875252	OK	 
ACTION	Pricing	68	price	1395146874635	1395146874635	1395146875281	1395146875281	OK	 
ACTION	Pricing	89	price	1395146874226	1395146874227	1395146875293	1395146875293	OK	 
ACTION	Pricing	91	price	1395146875222	1395146875222	1395146875292	1395146875295	OK	 
ACTION	Pricing	58	price	1395146874543	1395146874543	1395146875348	1395146875349	OK	 
ACTION	Pricing	43	price	1395146874534	1395146874534	1395146875363	1395146875363	OK	 
ACTION	Pricing	96	price	1395146874529	1395146874530	1395146875374	1395146875375	OK	 
ACTION	Pricing	29	price	1395146872189	1395146872190	1395146875375	1395146875377	OK	 
ACTION	Pricing	98	price	1395146874506	1395146874507	1395146875404	1395146875404	OK	 
ACTION	Pricing	60	price	1395146874467	1395146874467	1395146875421	1395146875422	OK	 
ACTION	Pricing	50	price	1395146870364	1395146870364	1395146875425	1395146875426	OK	 
ACTION	Pricing	1	price	1395146874415	1395146874416	1395146875455	1395146875455	OK	 
ACTION	Pricing	50	price	1395146875427	1395146875427	1395146875471	1395146875471	OK	 
ACTION	Pricing	84	price	1395146874339	1395146874340	1395146875549	1395146875550	OK	 
ACTION	Pricing	60	price	1395146875423	1395146875423	1395146875553	1395146875553	OK	 
ACTION	Pricing	70	price	1395146874453	1395146874453	1395146875561	1395146875561	OK	 
ACTION	Pricing	29	price	1395146875379	1395146875379	1395146875568	1395146875568	OK	 
ACTION	Pricing	52	price	1395146874631	1395146874632	1395146875654	1395146875655	OK	 
ACTION	Pricing	43	price	1395146875364	1395146875365	1395146875657	1395146875658	OK	 
ACTION	Pricing	24	price	1395146874617	1395146874618	1395146875685	1395146875685	OK	 
ACTION	Pricing	91	price	1395146875297	1395146875297	1395146875691	1395146875691	OK	 
ACTION	Pricing	12	price	1395146874561	1395146874561	1395146875697	1395146875698	OK	 
ACTION	Pricing	77	price	1395146875247	1395146875248	1395146875700	1395146875701	OK	 
ACTION	Pricing	58	price	1395146875351	1395146875351	1395146875705	1395146875705	OK	 
ACTION	Pricing	34	price	1395146875254	1395146875254	1395146875705	1395146875708	OK	 
ACTION	Pricing	89	price	1395146875294	1395146875294	1395146875712	1395146875713	OK	 
ACTION	Pricing	68	price	1395146875282	1395146875283	1395146875713	1395146875714	OK	 
ACTION	Pricing	13	price	1395146875200	1395146875200	1395146875716	1395146875716	OK	 
ACTION	Pricing	95	price	1395146874742	1395146874742	1395146875722	1395146875722	OK	 
ACTION	Pricing	26	price	1395146875146	1395146875147	1395146875732	1395146875732	OK	 
ACTION	Pricing	82	price	1395146875143	1395146875144	1395146875756	1395146875757	OK	 
ACTION	Pricing	18	price	1395146875134	1395146875134	1395146875777	1395146875778	OK	 
ACTION	Pricing	93	price	1395146875113	1395146875113	1395146875807	1395146875807	OK	 
ACTION	Pricing	86	price	1395146875056	1395146875057	1395146875830	1395146875831	OK	 
ACTION	Pricing	64	price	1395146874824	1395146874825	1395146875850	1395146875851	OK	 
ACTION	Pricing	51	price	1395146874115	1395146874115	1395146875866	1395146875866	OK	 
ACTION	Pricing	46	price	1395146872596	1395146872596	1395146875882	1395146875882	OK	 
ACTION	Pricing	99	price	1395146874112	1395146874112	1395146875895	1395146875895	OK	 
ACTION	Pricing	25	price	1395146874094	1395146874095	1395146875908	1395146875908	OK	 
ACTION	Pricing	27	price	1395146874092	1395146874092	1395146875931	1395146875931	OK	 
ACTION	Pricing	22	price	1395146874089	1395146874090	1395146875941	1395146875941	OK	 
ACTION	Pricing	6	price	1395146874031	1395146874032	1395146875969	1395146875969	OK	 
ACTION	Pricing	88	price	1395146872765	1395146872765	1395146875977	1395146875978	OK	 
ACTION	Pricing	21	price	1395146872775	1395146872776	1395146875983	1395146875983	OK	 
ACTION	Pricing	76	price	1395146872787	1395146872787	1395146875996	1395146875996	OK	 
ACTION	Pricing	45	price	1395146873942	1395146873943	1395146876042	1395146876042	OK	 
ACTION	Pricing	40	price	1395146873928	1395146873928	1395146876054	1395146876054	OK	 
ACTION	Pricing	10	price	1395146873899	1395146873900	1395146876065	1395146876065	OK	 
ACTION	Pricing	87	price	1395146873836	1395146873836	1395146876090	1395146876091	OK	 
ACTION	Pricing	61	price	1395146873802	1395146873802	1395146876119	1395146876119	OK	 
ACTION	Pricing	32	price	1395146873720	1395146873720	1395146876145	1395146876145	OK	 
ACTION	Pricing	80	price	1395146871873	1395146871873	1395146876166	1395146876167	OK	 
ACTION	Pricing	81	price	1395146874813	1395146874814	1395146876187	1395146876187	OK	 
ACTION	Pricing	67	price	1395146872855	1395146872856	1395146876191	1395146876191	OK	 
ACTION	Pricing	7	price	1395146873644	1395146873645	1395146876220	1395146876220	OK	 
ACTION	Pricing	30	price	1395146873637	1395146873637	1395146876238	1395146876238	OK	 
ACTION	Pricing	9	price	1395146873616	1395146873617	1395146876273	1395146876274	OK	 
ACTION	Pricing	41	price	1395146872883	1395146872884	1395146876287	1395146876287	OK	 
ACTION	Pricing	3	price	1395146873466	1395146873466	1395146876296	1395146876297	OK	 
ACTION	Pricing	8	price	1395146871854	1395146871855	1395146876305	1395146876305	OK	 
ACTION	Pricing	17	price	1395146871818	1395146871819	1395146876309	1395146876309	OK	 
ACTION	Pricing	16	price	1395146871812	1395146871812	1395146876331	1395146876331	OK	 
ACTION	Pricing	44	price	1395146873392	1395146873392	1395146876342	1395146876342	OK	 
ACTION	Pricing	33	price	1395146873357	1395146873358	1395146876361	1395146876361	OK	 
ACTION	Pricing	75	price	1395146873326	1395146873328	1395146876377	1395146876377	OK	 
ACTION	Pricing	90	price	1395146873304	1395146873304	1395146876390	1395146876390	OK	 
ACTION	Pricing	2	price	1395146873291	1395146873292	1395146876419	1395146876420	OK	 
ACTION	Pricing	78	price	1395146873278	1395146873279	1395146876438	1395146876438	OK	 
ACTION	Pricing	100	price	1395146872992	1395146872993	1395146876456	1395146876456	OK	 
ACTION	Pricing	35	price	1395146874095	1395146874096	1395146876466	1395146876466	OK	 
ACTION	Pricing	23	price	1395146873649	1395146873650	1395146876486	1395146876486	OK	 
ACTION	Pricing	5	price	1395146874078	1395146874079	1395146876500	1395146876500	OK	 
ACTION	Pricing	78	price	1395146876439	1395146876440	1395146876519	1395146876520	OK	 
ACTION	Pricing	66	price	1395146873400	1395146873400	1395146876529	1395146876529	OK	 
ACTION	Pricing	11	price	1395146873398	1395146873398	1395146876540	1395146876540	OK	 
ACTION	Pricing	90	price	1395146876391	1395146876392	1395146876594	1395146876594	OK	 
ACTION	Pricing	33	price	1395146876362	1395146876362	1395146876625	1395146876625	OK	 
ACTION	Pricing	44	price	1395146876343	1395146876344	1395146876638	1395146876638	OK	 
ACTION	Pricing	97	price	1395146873309	1395146873309	1395146876638	1395146876638	OK	 
ACTION	Pricing	49	price	1395146873012	1395146873012	1395146876669	1395146876669	OK	 
ACTION	Pricing	3	price	1395146876298	1395146876298	1395146876682	1395146876683	OK	 
ACTION	Pricing	75	price	1395146876379	1395146876379	1395146876684	1395146876684	OK	 
ACTION	Pricing	17	price	1395146876311	1395146876311	1395146876697	1395146876697	OK	 
ACTION	Pricing	41	price	1395146876289	1395146876289	1395146876733	1395146876733	OK	 
ACTION	Pricing	9	price	1395146876275	1395146876275	1395146876739	1395146876739	OK	 
ACTION	Pricing	55	price	1395146873462	1395146873463	1395146876747	1395146876747	OK	 
ACTION	Pricing	36	price	1395146873488	1395146873488	1395146876756	1395146876757	OK	 
ACTION	Pricing	38	price	1395146873636	1395146873636	1395146876771	1395146876771	OK	 
ACTION	Pricing	55	price	1395146876749	1395146876749	1395146876791	1395146876791	OK	 
ACTION	Pricing	7	price	1395146876222	1395146876222	1395146876819	1395146876819	OK	 
ACTION	Pricing	71	price	1395146873642	1395146873643	1395146876848	1395146876848	OK	 
ACTION	Pricing	81	price	1395146876188	1395146876189	1395146876872	1395146876873	OK	 
ACTION	Pricing	20	price	1395146873652	1395146873652	1395146876876	1395146876876	OK	 
ACTION	Pricing	72	price	1395146873720	1395146873720	1395146876943	1395146876943	OK	 
ACTION	Pricing	59	price	1395146873709	1395146873709	1395146876947	1395146876947	OK	 
SCENARIO	Pricing	59	END	1395146876948
ACTION	Pricing	61	price	1395146876121	1395146876121	1395146876971	1395146876971	OK	 
SCENARIO	Pricing	61	END	1395146876972
ACTION	Pricing	69	price	1395146873744	1395146873745	1395146876998	1395146876998	OK	 
SCENARIO	Pricing	69	END	1395146876998
ACTION	Pricing	83	price	1395146873954	1395146873955	1395146877035	1395146877035	OK	 
SCENARIO	Pricing	83	END	1395146877036
ACTION	Pricing	94	price	1395146873934	1395146873935	1395146877068	1395146877068	OK	 
SCENARIO	Pricing	94	END	1395146877070
ACTION	Pricing	92	price	1395146873823	1395146873823	1395146877069	1395146877070	OK	 
SCENARIO	Pricing	92	END	1395146877071
ACTION	Pricing	10	price	1395146876067	1395146876068	1395146877085	1395146877085	OK	 
SCENARIO	Pricing	10	END	1395146877086
ACTION	Pricing	40	price	1395146876056	1395146876057	1395146877094	1395146877094	OK	 
SCENARIO	Pricing	40	END	1395146877095
ACTION	Pricing	76	price	1395146875997	1395146875998	1395146877105	1395146877105	OK	 
SCENARIO	Pricing	76	END	1395146877105
ACTION	Pricing	56	price	1395146873943	1395146873943	1395146877108	1395146877109	OK	 
SCENARIO	Pricing	56	END	1395146877109
ACTION	Pricing	21	price	1395146875985	1395146875985	1395146877115	1395146877116	OK	 
SCENARIO	Pricing	21	END	1395146877116
ACTION	Pricing	88	price	1395146875979	1395146875980	1395146877134	1395146877134	OK	 
SCENARIO	Pricing	88	END	1395146877135
ACTION	Pricing	25	price	1395146875910	1395146875911	1395146877243	1395146877244	OK	 
SCENARIO	Pricing	25	END	1395146877244
ACTION	Pricing	51	price	1395146875868	1395146875868	1395146877252	1395146877252	OK	 
SCENARIO	Pricing	51	END	1395146877253
ACTION	Pricing	62	price	1395146875044	1395146875045	1395146877257	1395146877257	OK	 
SCENARIO	Pricing	62	END	1395146877257
ACTION	Pricing	64	price	1395146875852	1395146875852	1395146877265	1395146877265	OK	 
ACTION	Pricing	99	price	1395146875897	1395146875898	1395146877265	1395146877266	OK	 
SCENARIO	Pricing	99	END	1395146877266
SCENARIO	Pricing	64	END	1395146877267
ACTION	Pricing	4	price	1395146872579	1395146872579	1395146877323	1395146877324	OK	 
SCENARIO	Pricing	4	END	1395146877324
ACTION	Pricing	42	price	1395146875043	1395146875043	1395146877325	1395146877326	OK	 
SCENARIO	Pricing	42	END	1395146877326
ACTION	Pricing	47	price	1395146875050	1395146875050	1395146877342	1395146877342	OK	 
SCENARIO	Pricing	47	END	1395146877343
ACTION	Pricing	53	price	1395146875126	1395146875126	1395146877350	1395146877350	OK	 
SCENARIO	Pricing	53	END	1395146877351
ACTION	Pricing	57	price	1395146875052	1395146875055	1395146877357	1395146877358	OK	 
SCENARIO	Pricing	57	END	1395146877358
ACTION	Pricing	19	price	1395146875053	1395146875056	1395146877365	1395146877365	OK	 
SCENARIO	Pricing	19	END	1395146877365
ACTION	Pricing	82	price	1395146875758	1395146875759	1395146877374	1395146877374	OK	 
SCENARIO	Pricing	82	END	1395146877374
ACTION	Pricing	26	price	1395146875734	1395146875735	1395146877395	1395146877395	OK	 
SCENARIO	Pricing	26	END	1395146877395
ACTION	Pricing	13	price	1395146875718	1395146875718	1395146877426	1395146877426	OK	 
SCENARIO	Pricing	13	END	1395146877427
ACTION	Pricing	68	price	1395146875715	1395146875715	1395146877444	1395146877444	OK	 
SCENARIO	Pricing	68	END	1395146877446
ACTION	Pricing	34	price	1395146875709	1395146875710	1395146877465	1395146877466	OK	 
SCENARIO	Pricing	34	END	1395146877466
ACTION	Pricing	77	price	1395146875702	1395146875702	1395146877489	1395146877489	OK	 
SCENARIO	Pricing	77	END	1395146877490
ACTION	Pricing	24	price	1395146875686	1395146875687	1395146877509	1395146877509	OK	 
SCENARIO	Pricing	24	END	1395146877511
ACTION	Pricing	63	price	1395146874807	1395146874808	1395146877539	1395146877539	OK	 
SCENARIO	Pricing	63	END	1395146877540
ACTION	Pricing	29	price	1395146875570	1395146875570	1395146877548	1395146877549	OK	 
SCENARIO	Pricing	29	END	1395146877549
ACTION	Pricing	70	price	1395146875563	1395146875563	1395146877653	1395146877653	OK	 
SCENARIO	Pricing	70	END	1395146877654
ACTION	Pricing	15	price	1395146874513	1395146874513	1395146877676	1395146877676	OK	 
SCENARIO	Pricing	15	END	1395146877677
ACTION	Pricing	96	price	1395146875378	1395146875378	1395146877682	1395146877682	OK	 
SCENARIO	Pricing	96	END	1395146877683
ACTION	Pricing	50	price	1395146875473	1395146875473	1395146877694	1395146877694	OK	 
SCENARIO	Pricing	50	END	1395146877695
ACTION	Pricing	6	price	1395146875970	1395146875971	1395146877706	1395146877706	OK	 
SCENARIO	Pricing	6	END	1395146877707
ACTION	Pricing	22	price	1395146875942	1395146875943	1395146877725	1395146877725	OK	 
SCENARIO	Pricing	22	END	1395146877726
ACTION	Pricing	60	price	1395146875554	1395146875554	1395146877737	1395146877737	OK	 
SCENARIO	Pricing	60	END	1395146877738
ACTION	Pricing	98	price	1395146875406	1395146875406	1395146877750	1395146877750	OK	 
SCENARIO	Pricing	98	END	1395146877751
ACTION	Pricing	1	price	1395146875456	1395146875457	1395146877758	1395146877758	OK	 
SCENARIO	Pricing	1	END	1395146877759
ACTION	Pricing	84	price	1395146875551	1395146875552	1395146877763	1395146877763	OK	 
ACTION	Pricing	52	price	1395146875656	1395146875656	1395146877763	1395146877764	OK	 
SCENARIO	Pricing	84	END	1395146877764
SCENARIO	Pricing	52	END	1395146877764
ACTION	Pricing	43	price	1395146875659	1395146875660	1395146877770	1395146877771	OK	 
SCENARIO	Pricing	43	END	1395146877771
ACTION	Pricing	91	price	1395146875692	1395146875693	1395146877819	1395146877823	OK	 
SCENARIO	Pricing	91	END	1395146877824
ACTION	Pricing	12	price	1395146875699	1395146875699	1395146877880	1395146877880	OK	 
SCENARIO	Pricing	12	END	1395146877881
ACTION	Pricing	95	price	1395146875723	1395146875724	1395146877881	1395146877881	OK	 
SCENARIO	Pricing	95	END	1395146877882
ACTION	Pricing	37	price	1395146872731	1395146872732	1395146877884	1395146877884	OK	 
SCENARIO	Pricing	37	END	1395146877886
ACTION	Pricing	89	price	1395146875714	1395146875714	1395146877897	1395146877897	OK	 
SCENARIO	Pricing	89	END	1395146877898
ACTION	Pricing	58	price	1395146875707	1395146875707	1395146877903	1395146877903	OK	 
SCENARIO	Pricing	58	END	1395146877904
ACTION	Pricing	86	price	1395146875832	1395146875833	1395146877905	1395146877905	OK	 
SCENARIO	Pricing	86	END	1395146877906
ACTION	Pricing	18	price	1395146875779	1395146875780	1395146877907	1395146877907	OK	 
SCENARIO	Pricing	18	END	1395146877907
ACTION	Pricing	93	price	1395146875809	1395146875809	1395146877908	1395146877908	OK	 
SCENARIO	Pricing	93	END	1395146877909
ACTION	Pricing	46	price	1395146875883	1395146875884	1395146877911	1395146877911	OK	 
SCENARIO	Pricing	46	END	1395146877912
ACTION	Pricing	14	price	1395146873987	1395146873987	1395146877934	1395146877934	OK	 
SCENARIO	Pricing	14	END	1395146877935
ACTION	Pricing	27	price	1395146875933	1395146875933	1395146877939	1395146877939	OK	 
SCENARIO	Pricing	27	END	1395146877940
ACTION	Pricing	48	price	1395146875128	1395146875129	1395146877943	1395146877943	OK	 
SCENARIO	Pricing	48	END	1395146877943
ACTION	Pricing	45	price	1395146876044	1395146876044	1395146877953	1395146877953	OK	 
SCENARIO	Pricing	45	END	1395146877953
ACTION	Pricing	74	price	1395146873885	1395146873886	1395146877958	1395146877958	OK	 
SCENARIO	Pricing	74	END	1395146877958
ACTION	Pricing	28	price	1395146873833	1395146873834	1395146877976	1395146877976	OK	 
SCENARIO	Pricing	28	END	1395146877976
ACTION	Pricing	54	price	1395146873774	1395146873775	1395146877987	1395146877987	OK	 
SCENARIO	Pricing	54	END	1395146877988
ACTION	Pricing	87	price	1395146876092	1395146876093	1395146877998	1395146877998	OK	 
SCENARIO	Pricing	87	END	1395146877998
ACTION	Pricing	73	price	1395146873702	1395146873702	1395146878009	1395146878010	OK	 
SCENARIO	Pricing	73	END	1395146878011
ACTION	Pricing	31	price	1395146873649	1395146873651	1395146878015	1395146878015	OK	 
SCENARIO	Pricing	31	END	1395146878016
ACTION	Pricing	32	price	1395146876147	1395146876147	1395146878031	1395146878032	OK	 
SCENARIO	Pricing	32	END	1395146878032
ACTION	Pricing	71	price	1395146876850	1395146876851	1395146878060	1395146878061	OK	 
SCENARIO	Pricing	71	END	1395146878061
ACTION	Pricing	67	price	1395146876192	1395146876193	1395146878077	1395146878078	OK	 
SCENARIO	Pricing	67	END	1395146878078
ACTION	Pricing	85	price	1395146873617	1395146873617	1395146878123	1395146878124	OK	 
SCENARIO	Pricing	85	END	1395146878124
ACTION	Pricing	30	price	1395146876240	1395146876241	1395146878141	1395146878142	OK	 
SCENARIO	Pricing	30	END	1395146878142
ACTION	Pricing	38	price	1395146876773	1395146876773	1395146878154	1395146878155	OK	 
SCENARIO	Pricing	38	END	1395146878155
ACTION	Pricing	41	price	1395146876735	1395146876735	1395146878219	1395146878220	OK	 
ACTION	Pricing	36	price	1395146876759	1395146876759	1395146878220	1395146878220	OK	 
SCENARIO	Pricing	36	END	1395146878221
SCENARIO	Pricing	41	END	1395146878221
ACTION	Pricing	49	price	1395146876671	1395146876672	1395146878290	1395146878290	OK	 
SCENARIO	Pricing	49	END	1395146878291
ACTION	Pricing	3	price	1395146876684	1395146876684	1395146878320	1395146878321	OK	 
SCENARIO	Pricing	3	END	1395146878321
ACTION	Pricing	33	price	1395146876627	1395146876628	1395146878322	1395146878322	OK	 
SCENARIO	Pricing	33	END	1395146878323
ACTION	Pricing	44	price	1395146876640	1395146876641	1395146878322	1395146878324	OK	 
SCENARIO	Pricing	44	END	1395146878325
ACTION	Pricing	17	price	1395146876698	1395146876698	1395146878323	1395146878325	OK	 
SCENARIO	Pricing	17	END	1395146878325
ACTION	Pricing	97	price	1395146876639	1395146876640	1395146878324	1395146878325	OK	 
SCENARIO	Pricing	97	END	1395146878326
ACTION	Pricing	16	price	1395146876333	1395146876333	1395146878326	1395146878326	OK	 
SCENARIO	Pricing	16	END	1395146878327
ACTION	Pricing	8	price	1395146876306	1395146876307	1395146878327	1395146878328	OK	 
SCENARIO	Pricing	8	END	1395146878328
ACTION	Pricing	90	price	1395146876596	1395146876596	1395146878329	1395146878329	OK	 
SCENARIO	Pricing	90	END	1395146878330
ACTION	Pricing	9	price	1395146876740	1395146876741	1395146878487	1395146878488	OK	 
SCENARIO	Pricing	9	END	1395146878488
ACTION	Pricing	55	price	1395146876792	1395146876793	1395146878489	1395146878489	OK	 
SCENARIO	Pricing	55	END	1395146878489
ACTION	Pricing	75	price	1395146876685	1395146876686	1395146878504	1395146878504	OK	 
SCENARIO	Pricing	75	END	1395146878505
ACTION	Pricing	7	price	1395146876821	1395146876821	1395146878506	1395146878506	OK	 
SCENARIO	Pricing	7	END	1395146878507
ACTION	Pricing	65	price	1395146873302	1395146873302	1395146878508	1395146878509	OK	 
SCENARIO	Pricing	65	END	1395146878509
ACTION	Pricing	66	price	1395146876531	1395146876531	1395146878510	1395146878510	OK	 
SCENARIO	Pricing	66	END	1395146878510
ACTION	Pricing	78	price	1395146876521	1395146876522	1395146878512	1395146878512	OK	 
SCENARIO	Pricing	78	END	1395146878513
ACTION	Pricing	23	price	1395146876492	1395146876493	1395146878512	1395146878513	OK	 
SCENARIO	Pricing	23	END	1395146878514
ACTION	Pricing	35	price	1395146876467	1395146876468	1395146878514	1395146878514	OK	 
SCENARIO	Pricing	35	END	1395146878515
ACTION	Pricing	5	price	1395146876502	1395146876502	1395146878516	1395146878516	OK	 
SCENARIO	Pricing	5	END	1395146878517
ACTION	Pricing	11	price	1395146876542	1395146876542	1395146878517	1395146878517	OK	 
ACTION	Pricing	39	price	1395146874825	1395146874826	1395146878518	1395146878518	OK	 
SCENARIO	Pricing	39	END	1395146878518
SCENARIO	Pricing	11	END	1395146878518
ACTION	Pricing	2	price	1395146876421	1395146876422	1395146878516	1395146878517	OK	 
SCENARIO	Pricing	2	END	1395146878518
ACTION	Pricing	79	price	1395146873649	1395146873651	1395146878519	1395146878519	OK	 
SCENARIO	Pricing	79	END	1395146878519
ACTION	Pricing	100	price	1395146876458	1395146876458	1395146878520	1395146878520	OK	 
SCENARIO	Pricing	100	END	1395146878521
ACTION	Pricing	20	price	1395146876877	1395146876877	1395146878574	1395146878574	OK	 
SCENARIO	Pricing	20	END	1395146878574
ACTION	Pricing	80	price	1395146876168	1395146876169	1395146878578	1395146878579	OK	 
SCENARIO	Pricing	80	END	1395146878579
ACTION	Pricing	81	price	1395146876874	1395146876874	1395146878582	1395146878582	OK	 
SCENARIO	Pricing	81	END	1395146878583
ACTION	Pricing	72	price	1395146876945	1395146876945	1395146878611	1395146878611	OK	 
SCENARIO	Pricing	72	END	1395146878612
