RUN	20131028220737	pricingsimulation	pricingsimulation
SCENARIO	Pricing	2	START	1383012457881
SCENARIO	Pricing	33	START	1383012457884
SCENARIO	Pricing	86	START	1383012457884
SCENARIO	Pricing	6	START	1383012457884
SCENARIO	Pricing	39	START	1383012457885
SCENARIO	Pricing	84	START	1383012457885
SCENARIO	Pricing	15	START	1383012457885
SCENARIO	Pricing	88	START	1383012457886
SCENARIO	Pricing	76	START	1383012457886
SCENARIO	Pricing	80	START	1383012457886
SCENARIO	Pricing	46	START	1383012457886
SCENARIO	Pricing	3	START	1383012457887
SCENARIO	Pricing	79	START	1383012457887
SCENARIO	Pricing	22	START	1383012457887
SCENARIO	Pricing	83	START	1383012457888
SCENARIO	Pricing	87	START	1383012457888
SCENARIO	Pricing	91	START	1383012457888
SCENARIO	Pricing	89	START	1383012457888
SCENARIO	Pricing	60	START	1383012457889
SCENARIO	Pricing	44	START	1383012457889
SCENARIO	Pricing	59	START	1383012457889
SCENARIO	Pricing	43	START	1383012457890
SCENARIO	Pricing	52	START	1383012457890
SCENARIO	Pricing	90	START	1383012457890
SCENARIO	Pricing	17	START	1383012457890
SCENARIO	Pricing	96	START	1383012457891
SCENARIO	Pricing	54	START	1383012457891
SCENARIO	Pricing	98	START	1383012457891
SCENARIO	Pricing	63	START	1383012457892
SCENARIO	Pricing	81	START	1383012457892
SCENARIO	Pricing	13	START	1383012457892
SCENARIO	Pricing	26	START	1383012457892
SCENARIO	Pricing	57	START	1383012457893
SCENARIO	Pricing	9	START	1383012457893
SCENARIO	Pricing	62	START	1383012457893
SCENARIO	Pricing	82	START	1383012457894
SCENARIO	Pricing	19	START	1383012457894
SCENARIO	Pricing	23	START	1383012457894
SCENARIO	Pricing	61	START	1383012457894
SCENARIO	Pricing	10	START	1383012457895
SCENARIO	Pricing	97	START	1383012457895
SCENARIO	Pricing	24	START	1383012457895
SCENARIO	Pricing	94	START	1383012457896
SCENARIO	Pricing	42	START	1383012457896
SCENARIO	Pricing	58	START	1383012457896
SCENARIO	Pricing	67	START	1383012457897
SCENARIO	Pricing	4	START	1383012457897
SCENARIO	Pricing	40	START	1383012457897
SCENARIO	Pricing	45	START	1383012457897
SCENARIO	Pricing	36	START	1383012457898
SCENARIO	Pricing	18	START	1383012457898
SCENARIO	Pricing	29	START	1383012457898
SCENARIO	Pricing	28	START	1383012457899
SCENARIO	Pricing	30	START	1383012457899
SCENARIO	Pricing	85	START	1383012457899
SCENARIO	Pricing	20	START	1383012457899
SCENARIO	Pricing	69	START	1383012457900
SCENARIO	Pricing	27	START	1383012457900
SCENARIO	Pricing	49	START	1383012457900
SCENARIO	Pricing	100	START	1383012457901
SCENARIO	Pricing	72	START	1383012457901
SCENARIO	Pricing	41	START	1383012457901
SCENARIO	Pricing	65	START	1383012457907
SCENARIO	Pricing	14	START	1383012457907
SCENARIO	Pricing	75	START	1383012457907
SCENARIO	Pricing	48	START	1383012457908
SCENARIO	Pricing	55	START	1383012457908
SCENARIO	Pricing	70	START	1383012457908
SCENARIO	Pricing	35	START	1383012457908
SCENARIO	Pricing	31	START	1383012457908
SCENARIO	Pricing	95	START	1383012457908
SCENARIO	Pricing	8	START	1383012457908
SCENARIO	Pricing	21	START	1383012457908
SCENARIO	Pricing	37	START	1383012457908
SCENARIO	Pricing	32	START	1383012457908
SCENARIO	Pricing	47	START	1383012457908
SCENARIO	Pricing	25	START	1383012457908
SCENARIO	Pricing	11	START	1383012457908
SCENARIO	Pricing	50	START	1383012457908
SCENARIO	Pricing	66	START	1383012457908
SCENARIO	Pricing	1	START	1383012457908
SCENARIO	Pricing	34	START	1383012457908
SCENARIO	Pricing	99	START	1383012457909
SCENARIO	Pricing	92	START	1383012457909
SCENARIO	Pricing	16	START	1383012457909
SCENARIO	Pricing	77	START	1383012457909
SCENARIO	Pricing	74	START	1383012457909
SCENARIO	Pricing	12	START	1383012457909
SCENARIO	Pricing	71	START	1383012457909
SCENARIO	Pricing	56	START	1383012457909
SCENARIO	Pricing	64	START	1383012457909
SCENARIO	Pricing	78	START	1383012457909
SCENARIO	Pricing	7	START	1383012457909
SCENARIO	Pricing	93	START	1383012457909
SCENARIO	Pricing	51	START	1383012457909
SCENARIO	Pricing	73	START	1383012457909
SCENARIO	Pricing	38	START	1383012457909
SCENARIO	Pricing	53	START	1383012457909
SCENARIO	Pricing	5	START	1383012457909
SCENARIO	Pricing	68	START	1383012457909
ACTION	Pricing	2	price	1383012457943	1383012457956	1383012458327	1383012458338	OK	 
ACTION	Pricing	6	price	1383012457944	1383012457956	1383012458598	1383012458598	OK	 
ACTION	Pricing	84	price	1383012457934	1383012457959	1383012458812	1383012458812	OK	 
ACTION	Pricing	86	price	1383012457943	1383012457955	1383012459001	1383012459001	OK	 
ACTION	Pricing	15	price	1383012457940	1383012457965	1383012459272	1383012459272	OK	 
ACTION	Pricing	39	price	1383012457943	1383012457964	1383012459491	1383012459491	OK	 
ACTION	Pricing	33	price	1383012457933	1383012457964	1383012459738	1383012459738	OK	 
ACTION	Pricing	88	price	1383012457940	1383012457965	1383012460018	1383012460018	OK	 
ACTION	Pricing	80	price	1383012457951	1383012457965	1383012460204	1383012460204	OK	 
ACTION	Pricing	76	price	1383012457940	1383012457966	1383012460389	1383012460389	OK	 
ACTION	Pricing	46	price	1383012457953	1383012457967	1383012460634	1383012460634	OK	 
ACTION	Pricing	3	price	1383012457954	1383012457967	1383012460915	1383012460916	OK	 
ACTION	Pricing	79	price	1383012457958	1383012457967	1383012461196	1383012461196	OK	 
ACTION	Pricing	22	price	1383012457980	1383012457991	1383012461395	1383012461395	OK	 
ACTION	Pricing	91	price	1383012457986	1383012457992	1383012461594	1383012461594	OK	 
ACTION	Pricing	83	price	1383012457982	1383012457990	1383012461780	1383012461780	OK	 
ACTION	Pricing	87	price	1383012457986	1383012457991	1383012462044	1383012462044	OK	 
ACTION	Pricing	89	price	1383012457986	1383012458004	1383012462275	1383012462275	OK	 
ACTION	Pricing	60	price	1383012457988	1383012458004	1383012462563	1383012462564	OK	 
ACTION	Pricing	44	price	1383012457989	1383012458005	1383012462831	1383012462832	OK	 
ACTION	Pricing	59	price	1383012458002	1383012458006	1383012463107	1383012463107	OK	 
ACTION	Pricing	43	price	1383012458007	1383012458010	1383012463392	1383012463393	OK	 
ACTION	Pricing	52	price	1383012458009	1383012458012	1383012463678	1383012463679	OK	 
ACTION	Pricing	90	price	1383012458013	1383012458016	1383012463958	1383012463959	OK	 
ACTION	Pricing	54	price	1383012458019	1383012458020	1383012464246	1383012464246	OK	 
ACTION	Pricing	17	price	1383012458014	1383012458023	1383012464533	1383012464533	OK	 
ACTION	Pricing	98	price	1383012458019	1383012458027	1383012464807	1383012464808	OK	 
ACTION	Pricing	96	price	1383012458019	1383012458023	1383012465066	1383012465067	OK	 
ACTION	Pricing	63	price	1383012458025	1383012458039	1383012465243	1383012465244	OK	 
ACTION	Pricing	81	price	1383012458026	1383012458040	1383012465420	1383012465420	OK	 
ACTION	Pricing	13	price	1383012458028	1383012458043	1383012465591	1383012465591	OK	 
ACTION	Pricing	9	price	1383012458032	1383012458045	1383012465787	1383012465788	OK	 
ACTION	Pricing	57	price	1383012458030	1383012458044	1383012465981	1383012465982	OK	 
ACTION	Pricing	19	price	1383012458035	1383012458046	1383012466169	1383012466169	OK	 
ACTION	Pricing	97	price	1383012458039	1383012458047	1383012466357	1383012466357	OK	 
ACTION	Pricing	26	price	1383012458030	1383012458047	1383012466545	1383012466545	OK	 
ACTION	Pricing	62	price	1383012458033	1383012458046	1383012466739	1383012466739	OK	 
ACTION	Pricing	61	price	1383012458037	1383012458047	1383012466922	1383012466923	OK	 
ACTION	Pricing	23	price	1383012458036	1383012458048	1383012467127	1383012467127	OK	 
ACTION	Pricing	82	price	1383012458034	1383012458052	1383012467418	1383012467418	OK	 
ACTION	Pricing	24	price	1383012458041	1383012458052	1383012467709	1383012467710	OK	 
ACTION	Pricing	10	price	1383012458038	1383012458053	1383012467991	1383012467992	OK	 
ACTION	Pricing	94	price	1383012458043	1383012458055	1383012468250	1383012468250	OK	 
ACTION	Pricing	42	price	1383012458054	1383012458055	1383012468452	1383012468452	OK	 
ACTION	Pricing	58	price	1383012458055	1383012458059	1383012468637	1383012468637	OK	 
ACTION	Pricing	67	price	1383012458058	1383012458060	1383012468814	1383012468814	OK	 
ACTION	Pricing	4	price	1383012458059	1383012458060	1383012468994	1383012468994	OK	 
ACTION	Pricing	40	price	1383012458059	1383012458064	1383012469262	1383012469262	OK	 
ACTION	Pricing	45	price	1383012458062	1383012458064	1383012469552	1383012469552	OK	 
ACTION	Pricing	36	price	1383012458063	1383012458066	1383012469836	1383012469837	OK	 
ACTION	Pricing	18	price	1383012458065	1383012458068	1383012470095	1383012470095	OK	 
ACTION	Pricing	28	price	1383012458069	1383012458072	1383012470330	1383012470330	OK	 
ACTION	Pricing	30	price	1383012458071	1383012458073	1383012470499	1383012470500	OK	 
ACTION	Pricing	29	price	1383012458067	1383012458070	1383012470683	1383012470684	OK	 
ACTION	Pricing	85	price	1383012458072	1383012458075	1383012470863	1383012470863	OK	 
ACTION	Pricing	20	price	1383012458075	1383012458075	1383012471056	1383012471056	OK	 
ACTION	Pricing	69	price	1383012458075	1383012458077	1383012471241	1383012471241	OK	 
ACTION	Pricing	27	price	1383012458076	1383012458078	1383012471410	1383012471410	OK	 
ACTION	Pricing	49	price	1383012458077	1383012458080	1383012471596	1383012471596	OK	 
ACTION	Pricing	100	price	1383012458078	1383012458079	1383012471780	1383012471781	OK	 
ACTION	Pricing	72	price	1383012458080	1383012458081	1383012471964	1383012471964	OK	 
ACTION	Pricing	41	price	1383012458081	1383012458083	1383012472139	1383012472139	OK	 
ACTION	Pricing	65	price	1383012458082	1383012458088	1383012472314	1383012472315	OK	 
ACTION	Pricing	14	price	1383012458086	1383012458088	1383012472505	1383012472505	OK	 
ACTION	Pricing	48	price	1383012458088	1383012458093	1383012472674	1383012472675	OK	 
ACTION	Pricing	75	price	1383012458087	1383012458091	1383012472860	1383012472861	OK	 
ACTION	Pricing	55	price	1383012458089	1383012458090	1383012473055	1383012473055	OK	 
ACTION	Pricing	70	price	1383012458089	1383012458092	1383012473225	1383012473226	OK	 
ACTION	Pricing	35	price	1383012458091	1383012458094	1383012473432	1383012473433	OK	 
ACTION	Pricing	31	price	1383012458091	1383012458098	1383012473640	1383012473640	OK	 
ACTION	Pricing	95	price	1383012458092	1383012458097	1383012473826	1383012473826	OK	 
ACTION	Pricing	8	price	1383012458093	1383012458095	1383012474012	1383012474012	OK	 
ACTION	Pricing	37	price	1383012458095	1383012458102	1383012474273	1383012474274	OK	 
ACTION	Pricing	32	price	1383012458095	1383012458101	1383012474560	1383012474560	OK	 
ACTION	Pricing	47	price	1383012458096	1383012458106	1383012474844	1383012474845	OK	 
ACTION	Pricing	11	price	1383012458097	1383012458102	1383012475121	1383012475121	OK	 
ACTION	Pricing	50	price	1383012458098	1383012458101	1383012475368	1383012475368	OK	 
ACTION	Pricing	66	price	1383012458098	1383012458105	1383012475566	1383012475566	OK	 
ACTION	Pricing	25	price	1383012458097	1383012458110	1383012475750	1383012475750	OK	 
ACTION	Pricing	1	price	1383012458099	1383012458111	1383012475938	1383012475938	OK	 
ACTION	Pricing	21	price	1383012458094	1383012458107	1383012476130	1383012476130	OK	 
ACTION	Pricing	34	price	1383012458101	1383012458105	1383012476416	1383012476416	OK	 
ACTION	Pricing	99	price	1383012458104	1383012458106	1383012476664	1383012476664	OK	 
ACTION	Pricing	92	price	1383012458105	1383012458106	1383012476863	1383012476868	OK	 
ACTION	Pricing	16	price	1383012458106	1383012458113	1383012477061	1383012477062	OK	 
ACTION	Pricing	77	price	1383012458110	1383012458113	1383012477342	1383012477343	OK	 
ACTION	Pricing	74	price	1383012458110	1383012458112	1383012477563	1383012477564	OK	 
ACTION	Pricing	71	price	1383012458112	1383012458114	1383012477748	1383012477749	OK	 
ACTION	Pricing	12	price	1383012458110	1383012458113	1383012477934	1383012477935	OK	 
ACTION	Pricing	56	price	1383012458113	1383012458115	1383012478113	1383012478114	OK	 
ACTION	Pricing	64	price	1383012458114	1383012458115	1383012478295	1383012478295	OK	 
ACTION	Pricing	78	price	1383012458115	1383012458118	1383012478478	1383012478478	OK	 
ACTION	Pricing	7	price	1383012458116	1383012458119	1383012478687	1383012478687	OK	 
ACTION	Pricing	93	price	1383012458117	1383012458119	1383012478965	1383012478965	OK	 
ACTION	Pricing	51	price	1383012458119	1383012458120	1383012479232	1383012479232	OK	 
ACTION	Pricing	73	price	1383012458120	1383012458122	1383012479502	1383012479502	OK	 
ACTION	Pricing	38	price	1383012458120	1383012458125	1383012479721	1383012479722	OK	 
ACTION	Pricing	53	price	1383012458121	1383012458123	1383012479912	1383012479912	OK	 
ACTION	Pricing	68	price	1383012458123	1383012458124	1383012480180	1383012480180	OK	 
ACTION	Pricing	5	price	1383012458122	1383012458123	1383012480464	1383012480464	OK	 
ACTION	Pricing	2	price	1383012458362	1383012458362	1383012480747	1383012480747	OK	 
ACTION	Pricing	6	price	1383012458607	1383012458610	1383012480959	1383012480960	OK	 
ACTION	Pricing	84	price	1383012458814	1383012458814	1383012481194	1383012481194	OK	 
ACTION	Pricing	86	price	1383012459002	1383012459003	1383012481469	1383012481470	OK	 
ACTION	Pricing	15	price	1383012459274	1383012459274	1383012481752	1383012481752	OK	 
ACTION	Pricing	39	price	1383012459492	1383012459493	1383012482034	1383012482035	OK	 
ACTION	Pricing	33	price	1383012459739	1383012459740	1383012482219	1383012482219	OK	 
ACTION	Pricing	88	price	1383012460020	1383012460021	1383012482412	1383012482412	OK	 
ACTION	Pricing	80	price	1383012460209	1383012460209	1383012482614	1383012482615	OK	 
ACTION	Pricing	76	price	1383012460391	1383012460392	1383012482900	1383012482901	OK	 
ACTION	Pricing	46	price	1383012460636	1383012460637	1383012483133	1383012483133	OK	 
ACTION	Pricing	3	price	1383012460917	1383012460918	1383012483325	1383012483325	OK	 
ACTION	Pricing	79	price	1383012461197	1383012461198	1383012483499	1383012483500	OK	 
ACTION	Pricing	22	price	1383012461398	1383012461398	1383012483682	1383012483682	OK	 
ACTION	Pricing	91	price	1383012461599	1383012461600	1383012483861	1383012483862	OK	 
ACTION	Pricing	83	price	1383012461781	1383012461783	1383012484060	1383012484061	OK	 
ACTION	Pricing	87	price	1383012462046	1383012462047	1383012484246	1383012484246	OK	 
ACTION	Pricing	89	price	1383012462277	1383012462278	1383012484433	1383012484433	OK	 
ACTION	Pricing	60	price	1383012462565	1383012462566	1383012484617	1383012484618	OK	 
ACTION	Pricing	44	price	1383012462833	1383012462834	1383012484788	1383012484788	OK	 
ACTION	Pricing	59	price	1383012463109	1383012463109	1383012484965	1383012484965	OK	 
ACTION	Pricing	43	price	1383012463395	1383012463395	1383012485136	1383012485136	OK	 
ACTION	Pricing	52	price	1383012463680	1383012463681	1383012485316	1383012485316	OK	 
ACTION	Pricing	90	price	1383012463960	1383012463961	1383012485493	1383012485493	OK	 
ACTION	Pricing	54	price	1383012464247	1383012464248	1383012485679	1383012485680	OK	 
ACTION	Pricing	17	price	1383012464535	1383012464535	1383012485862	1383012485863	OK	 
ACTION	Pricing	98	price	1383012464810	1383012464812	1383012486049	1383012486049	OK	 
ACTION	Pricing	96	price	1383012465068	1383012465069	1383012486229	1383012486230	OK	 
ACTION	Pricing	63	price	1383012465245	1383012465246	1383012486419	1383012486420	OK	 
ACTION	Pricing	81	price	1383012465424	1383012465424	1383012486604	1383012486605	OK	 
ACTION	Pricing	13	price	1383012465593	1383012465594	1383012486783	1383012486783	OK	 
ACTION	Pricing	9	price	1383012465789	1383012465790	1383012487034	1383012487035	OK	 
ACTION	Pricing	57	price	1383012465983	1383012465988	1383012487315	1383012487316	OK	 
ACTION	Pricing	19	price	1383012466171	1383012466171	1383012487600	1383012487600	OK	 
ACTION	Pricing	97	price	1383012466359	1383012466359	1383012487895	1383012487895	OK	 
ACTION	Pricing	26	price	1383012466547	1383012466548	1383012488130	1383012488130	OK	 
SCENARIO	Pricing	26	END	1383012488131
ACTION	Pricing	62	price	1383012466740	1383012466741	1383012488314	1383012488314	OK	 
SCENARIO	Pricing	62	END	1383012488315
ACTION	Pricing	61	price	1383012466924	1383012466925	1383012488498	1383012488498	OK	 
SCENARIO	Pricing	61	END	1383012488499
ACTION	Pricing	23	price	1383012467129	1383012467129	1383012488698	1383012488698	OK	 
SCENARIO	Pricing	23	END	1383012488699
ACTION	Pricing	82	price	1383012467424	1383012467424	1383012488982	1383012488982	OK	 
SCENARIO	Pricing	82	END	1383012488982
ACTION	Pricing	24	price	1383012467711	1383012467712	1383012489176	1383012489176	OK	 
SCENARIO	Pricing	24	END	1383012489177
ACTION	Pricing	10	price	1383012467993	1383012467993	1383012489352	1383012489352	OK	 
SCENARIO	Pricing	10	END	1383012489353
ACTION	Pricing	94	price	1383012468251	1383012468252	1383012489539	1383012489539	OK	 
SCENARIO	Pricing	94	END	1383012489540
ACTION	Pricing	42	price	1383012468453	1383012468454	1383012489714	1383012489714	OK	 
SCENARIO	Pricing	42	END	1383012489715
ACTION	Pricing	58	price	1383012468641	1383012468641	1383012489904	1383012489904	OK	 
SCENARIO	Pricing	58	END	1383012489905
ACTION	Pricing	67	price	1383012468815	1383012468816	1383012490091	1383012490091	OK	 
SCENARIO	Pricing	67	END	1383012490092
ACTION	Pricing	4	price	1383012468996	1383012468996	1383012490287	1383012490287	OK	 
SCENARIO	Pricing	4	END	1383012490288
ACTION	Pricing	40	price	1383012469264	1383012469264	1383012490493	1383012490494	OK	 
SCENARIO	Pricing	40	END	1383012490494
ACTION	Pricing	45	price	1383012469554	1383012469554	1383012490734	1383012490734	OK	 
SCENARIO	Pricing	45	END	1383012490734
ACTION	Pricing	36	price	1383012469838	1383012469839	1383012491001	1383012491001	OK	 
SCENARIO	Pricing	36	END	1383012491001
ACTION	Pricing	18	price	1383012470096	1383012470096	1383012491205	1383012491205	OK	 
SCENARIO	Pricing	18	END	1383012491206
ACTION	Pricing	28	price	1383012470331	1383012470332	1383012491473	1383012491473	OK	 
SCENARIO	Pricing	28	END	1383012491474
ACTION	Pricing	30	price	1383012470501	1383012470502	1383012491748	1383012491749	OK	 
SCENARIO	Pricing	30	END	1383012491749
ACTION	Pricing	29	price	1383012470685	1383012470686	1383012492038	1383012492039	OK	 
SCENARIO	Pricing	29	END	1383012492039
ACTION	Pricing	85	price	1383012470864	1383012470865	1383012492247	1383012492247	OK	 
SCENARIO	Pricing	85	END	1383012492248
ACTION	Pricing	20	price	1383012471057	1383012471058	1383012492460	1383012492460	OK	 
SCENARIO	Pricing	20	END	1383012492461
ACTION	Pricing	69	price	1383012471242	1383012471243	1383012492738	1383012492738	OK	 
SCENARIO	Pricing	69	END	1383012492739
ACTION	Pricing	27	price	1383012471411	1383012471412	1383012492945	1383012492945	OK	 
SCENARIO	Pricing	27	END	1383012492946
ACTION	Pricing	49	price	1383012471597	1383012471598	1383012493190	1383012493190	OK	 
SCENARIO	Pricing	49	END	1383012493191
ACTION	Pricing	100	price	1383012471783	1383012471783	1383012493472	1383012493473	OK	 
SCENARIO	Pricing	100	END	1383012493473
ACTION	Pricing	72	price	1383012471966	1383012471966	1383012493760	1383012493761	OK	 
SCENARIO	Pricing	72	END	1383012493762
ACTION	Pricing	41	price	1383012472141	1383012472141	1383012494041	1383012494042	OK	 
SCENARIO	Pricing	41	END	1383012494042
ACTION	Pricing	65	price	1383012472316	1383012472317	1383012494244	1383012494244	OK	 
SCENARIO	Pricing	65	END	1383012494245
ACTION	Pricing	14	price	1383012472507	1383012472507	1383012494489	1383012494490	OK	 
SCENARIO	Pricing	14	END	1383012494491
ACTION	Pricing	48	price	1383012472676	1383012472676	1383012494767	1383012494769	OK	 
SCENARIO	Pricing	48	END	1383012494770
ACTION	Pricing	75	price	1383012472862	1383012472862	1383012495043	1383012495043	OK	 
SCENARIO	Pricing	75	END	1383012495044
ACTION	Pricing	55	price	1383012473056	1383012473056	1383012495234	1383012495234	OK	 
SCENARIO	Pricing	55	END	1383012495235
ACTION	Pricing	70	price	1383012473227	1383012473227	1383012495520	1383012495520	OK	 
SCENARIO	Pricing	70	END	1383012495521
ACTION	Pricing	35	price	1383012473434	1383012473435	1383012495793	1383012495793	OK	 
SCENARIO	Pricing	35	END	1383012495794
ACTION	Pricing	31	price	1383012473642	1383012473643	1383012496067	1383012496067	OK	 
SCENARIO	Pricing	31	END	1383012496067
ACTION	Pricing	95	price	1383012473828	1383012473830	1383012496362	1383012496363	OK	 
SCENARIO	Pricing	95	END	1383012496364
ACTION	Pricing	8	price	1383012474013	1383012474014	1383012496537	1383012496537	OK	 
SCENARIO	Pricing	8	END	1383012496538
ACTION	Pricing	37	price	1383012474275	1383012474279	1383012496723	1383012496723	OK	 
SCENARIO	Pricing	37	END	1383012496724
ACTION	Pricing	32	price	1383012474561	1383012474562	1383012496905	1383012496906	OK	 
SCENARIO	Pricing	32	END	1383012496906
ACTION	Pricing	47	price	1383012474846	1383012474846	1383012497088	1383012497088	OK	 
SCENARIO	Pricing	47	END	1383012497089
ACTION	Pricing	11	price	1383012475122	1383012475123	1383012497265	1383012497265	OK	 
SCENARIO	Pricing	11	END	1383012497266
ACTION	Pricing	50	price	1383012475370	1383012475370	1383012497450	1383012497450	OK	 
SCENARIO	Pricing	50	END	1383012497451
ACTION	Pricing	66	price	1383012475567	1383012475567	1383012497638	1383012497639	OK	 
SCENARIO	Pricing	66	END	1383012497639
ACTION	Pricing	25	price	1383012475752	1383012475752	1383012497834	1383012497835	OK	 
SCENARIO	Pricing	25	END	1383012497835
ACTION	Pricing	1	price	1383012475939	1383012475940	1383012498041	1383012498041	OK	 
SCENARIO	Pricing	1	END	1383012498041
ACTION	Pricing	21	price	1383012476132	1383012476132	1383012498327	1383012498327	OK	 
SCENARIO	Pricing	21	END	1383012498328
ACTION	Pricing	34	price	1383012476417	1383012476418	1383012498617	1383012498617	OK	 
SCENARIO	Pricing	34	END	1383012498617
ACTION	Pricing	99	price	1383012476665	1383012476666	1383012498816	1383012498816	OK	 
SCENARIO	Pricing	99	END	1383012498818
ACTION	Pricing	92	price	1383012476869	1383012476870	1383012498993	1383012498994	OK	 
SCENARIO	Pricing	92	END	1383012498994
ACTION	Pricing	16	price	1383012477063	1383012477064	1383012499246	1383012499246	OK	 
SCENARIO	Pricing	16	END	1383012499247
ACTION	Pricing	77	price	1383012477344	1383012477345	1383012499453	1383012499453	OK	 
SCENARIO	Pricing	77	END	1383012499454
ACTION	Pricing	74	price	1383012477565	1383012477565	1383012499634	1383012499635	OK	 
SCENARIO	Pricing	74	END	1383012499635
ACTION	Pricing	71	price	1383012477750	1383012477750	1383012499822	1383012499823	OK	 
SCENARIO	Pricing	71	END	1383012499823
ACTION	Pricing	12	price	1383012477936	1383012477937	1383012500007	1383012500007	OK	 
SCENARIO	Pricing	12	END	1383012500008
ACTION	Pricing	56	price	1383012478115	1383012478115	1383012500197	1383012500197	OK	 
SCENARIO	Pricing	56	END	1383012500197
ACTION	Pricing	64	price	1383012478296	1383012478297	1383012500384	1383012500385	OK	 
SCENARIO	Pricing	64	END	1383012500385
ACTION	Pricing	78	price	1383012478479	1383012478480	1383012500586	1383012500586	OK	 
SCENARIO	Pricing	78	END	1383012500586
ACTION	Pricing	7	price	1383012478688	1383012478689	1383012500777	1383012500777	OK	 
SCENARIO	Pricing	7	END	1383012500778
ACTION	Pricing	93	price	1383012478967	1383012478967	1383012501054	1383012501054	OK	 
SCENARIO	Pricing	93	END	1383012501055
ACTION	Pricing	51	price	1383012479234	1383012479234	1383012501275	1383012501275	OK	 
SCENARIO	Pricing	51	END	1383012501275
ACTION	Pricing	73	price	1383012479503	1383012479504	1383012501466	1383012501467	OK	 
SCENARIO	Pricing	73	END	1383012501467
ACTION	Pricing	38	price	1383012479723	1383012479723	1383012501653	1383012501654	OK	 
SCENARIO	Pricing	38	END	1383012501654
ACTION	Pricing	53	price	1383012479914	1383012479914	1383012501847	1383012501848	OK	 
SCENARIO	Pricing	53	END	1383012501848
ACTION	Pricing	68	price	1383012480181	1383012480182	1383012502031	1383012502032	OK	 
SCENARIO	Pricing	68	END	1383012502032
ACTION	Pricing	5	price	1383012480465	1383012480466	1383012502301	1383012502301	OK	 
SCENARIO	Pricing	5	END	1383012502301
ACTION	Pricing	2	price	1383012480748	1383012480749	1383012502579	1383012502579	OK	 
SCENARIO	Pricing	2	END	1383012502580
ACTION	Pricing	6	price	1383012480962	1383012480962	1383012502865	1383012502865	OK	 
SCENARIO	Pricing	6	END	1383012502866
ACTION	Pricing	84	price	1383012481195	1383012481196	1383012503049	1383012503050	OK	 
SCENARIO	Pricing	84	END	1383012503050
ACTION	Pricing	86	price	1383012481471	1383012481472	1383012503225	1383012503225	OK	 
SCENARIO	Pricing	86	END	1383012503226
ACTION	Pricing	15	price	1383012481754	1383012481754	1383012503435	1383012503435	OK	 
SCENARIO	Pricing	15	END	1383012503436
ACTION	Pricing	39	price	1383012482036	1383012482037	1383012503626	1383012503627	OK	 
SCENARIO	Pricing	39	END	1383012503627
ACTION	Pricing	33	price	1383012482220	1383012482221	1383012503813	1383012503814	OK	 
SCENARIO	Pricing	33	END	1383012503814
ACTION	Pricing	88	price	1383012482413	1383012482414	1383012504041	1383012504042	OK	 
SCENARIO	Pricing	88	END	1383012504043
ACTION	Pricing	80	price	1383012482616	1383012482617	1383012504294	1383012504295	OK	 
SCENARIO	Pricing	80	END	1383012504295
ACTION	Pricing	76	price	1383012482902	1383012482902	1383012504558	1383012504559	OK	 
SCENARIO	Pricing	76	END	1383012504559
ACTION	Pricing	46	price	1383012483135	1383012483135	1383012504763	1383012504764	OK	 
SCENARIO	Pricing	46	END	1383012504764
ACTION	Pricing	3	price	1383012483326	1383012483327	1383012505051	1383012505052	OK	 
SCENARIO	Pricing	3	END	1383012505052
ACTION	Pricing	79	price	1383012483501	1383012483502	1383012505239	1383012505239	OK	 
SCENARIO	Pricing	79	END	1383012505239
ACTION	Pricing	22	price	1383012483684	1383012483684	1383012505523	1383012505524	OK	 
SCENARIO	Pricing	22	END	1383012505524
ACTION	Pricing	91	price	1383012483863	1383012483863	1383012505807	1383012505807	OK	 
SCENARIO	Pricing	91	END	1383012505808
ACTION	Pricing	83	price	1383012484062	1383012484063	1383012506067	1383012506067	OK	 
SCENARIO	Pricing	83	END	1383012506068
ACTION	Pricing	87	price	1383012484247	1383012484248	1383012506242	1383012506242	OK	 
SCENARIO	Pricing	87	END	1383012506243
ACTION	Pricing	89	price	1383012484434	1383012484435	1383012506422	1383012506423	OK	 
SCENARIO	Pricing	89	END	1383012506423
ACTION	Pricing	60	price	1383012484619	1383012484620	1383012506696	1383012506697	OK	 
SCENARIO	Pricing	60	END	1383012506697
ACTION	Pricing	44	price	1383012484789	1383012484790	1383012506941	1383012506942	OK	 
SCENARIO	Pricing	44	END	1383012506942
ACTION	Pricing	59	price	1383012484966	1383012484967	1383012507113	1383012507113	OK	 
SCENARIO	Pricing	59	END	1383012507114
ACTION	Pricing	43	price	1383012485138	1383012485138	1383012507299	1383012507299	OK	 
SCENARIO	Pricing	43	END	1383012507299
ACTION	Pricing	52	price	1383012485318	1383012485318	1383012507498	1383012507499	OK	 
SCENARIO	Pricing	52	END	1383012507499
ACTION	Pricing	90	price	1383012485494	1383012485495	1383012507682	1383012507683	OK	 
SCENARIO	Pricing	90	END	1383012507683
ACTION	Pricing	54	price	1383012485681	1383012485681	1383012507867	1383012507867	OK	 
SCENARIO	Pricing	54	END	1383012507868
ACTION	Pricing	17	price	1383012485864	1383012485864	1383012508045	1383012508045	OK	 
SCENARIO	Pricing	17	END	1383012508046
ACTION	Pricing	98	price	1383012486050	1383012486051	1383012508227	1383012508228	OK	 
SCENARIO	Pricing	98	END	1383012508229
ACTION	Pricing	96	price	1383012486231	1383012486231	1383012508414	1383012508415	OK	 
SCENARIO	Pricing	96	END	1383012508416
ACTION	Pricing	63	price	1383012486421	1383012486422	1383012508601	1383012508602	OK	 
SCENARIO	Pricing	63	END	1383012508602
ACTION	Pricing	81	price	1383012486606	1383012486607	1383012508786	1383012508787	OK	 
SCENARIO	Pricing	81	END	1383012508787
ACTION	Pricing	13	price	1383012486785	1383012486785	1383012508979	1383012508979	OK	 
SCENARIO	Pricing	13	END	1383012508984
ACTION	Pricing	9	price	1383012487036	1383012487037	1383012509150	1383012509151	OK	 
SCENARIO	Pricing	9	END	1383012509152
ACTION	Pricing	57	price	1383012487317	1383012487317	1383012509328	1383012509328	OK	 
SCENARIO	Pricing	57	END	1383012509328
ACTION	Pricing	19	price	1383012487601	1383012487601	1383012509502	1383012509502	OK	 
SCENARIO	Pricing	19	END	1383012509503
ACTION	Pricing	97	price	1383012487896	1383012487897	1383012509676	1383012509676	OK	 
SCENARIO	Pricing	97	END	1383012509677
