RUN	20140318094835	pricingsimulation	pricingsimulation
SCENARIO	Pricing	8	START	1395136118353
SCENARIO	Pricing	5	START	1395136118356
SCENARIO	Pricing	13	START	1395136118356
SCENARIO	Pricing	44	START	1395136118356
SCENARIO	Pricing	7	START	1395136118356
SCENARIO	Pricing	2	START	1395136118356
SCENARIO	Pricing	45	START	1395136118356
SCENARIO	Pricing	11	START	1395136118356
SCENARIO	Pricing	31	START	1395136118356
SCENARIO	Pricing	27	START	1395136118356
SCENARIO	Pricing	17	START	1395136118356
SCENARIO	Pricing	38	START	1395136118356
SCENARIO	Pricing	9	START	1395136118356
SCENARIO	Pricing	21	START	1395136118356
SCENARIO	Pricing	25	START	1395136118357
SCENARIO	Pricing	36	START	1395136118357
SCENARIO	Pricing	34	START	1395136118357
SCENARIO	Pricing	3	START	1395136118357
SCENARIO	Pricing	28	START	1395136118357
SCENARIO	Pricing	49	START	1395136118357
SCENARIO	Pricing	19	START	1395136118357
SCENARIO	Pricing	10	START	1395136118357
SCENARIO	Pricing	42	START	1395136118357
SCENARIO	Pricing	29	START	1395136118357
SCENARIO	Pricing	22	START	1395136118357
SCENARIO	Pricing	33	START	1395136118357
SCENARIO	Pricing	47	START	1395136118357
SCENARIO	Pricing	16	START	1395136118357
SCENARIO	Pricing	40	START	1395136118357
SCENARIO	Pricing	41	START	1395136118357
SCENARIO	Pricing	26	START	1395136118357
SCENARIO	Pricing	1	START	1395136118357
SCENARIO	Pricing	23	START	1395136118357
SCENARIO	Pricing	24	START	1395136118357
SCENARIO	Pricing	14	START	1395136118357
SCENARIO	Pricing	50	START	1395136118357
SCENARIO	Pricing	43	START	1395136118357
SCENARIO	Pricing	15	START	1395136118357
SCENARIO	Pricing	35	START	1395136118357
SCENARIO	Pricing	48	START	1395136118357
SCENARIO	Pricing	12	START	1395136118357
SCENARIO	Pricing	37	START	1395136118358
SCENARIO	Pricing	6	START	1395136118358
SCENARIO	Pricing	18	START	1395136118358
SCENARIO	Pricing	32	START	1395136118358
SCENARIO	Pricing	39	START	1395136118358
SCENARIO	Pricing	4	START	1395136118360
SCENARIO	Pricing	20	START	1395136118360
SCENARIO	Pricing	30	START	1395136118361
SCENARIO	Pricing	46	START	1395136118361
ACTION	Pricing	43	price	1395136118573	1395136118576	1395136119771	1395136119771	OK	 
ACTION	Pricing	22	price	1395136118525	1395136118546	1395136119732	1395136119745	OK	 
ACTION	Pricing	23	price	1395136118561	1395136118563	1395136119715	1395136119748	OK	 
ACTION	Pricing	2	price	1395136118451	1395136118521	1395136119868	1395136119869	OK	 
ACTION	Pricing	19	price	1395136118503	1395136118540	1395136120006	1395136120007	OK	 
ACTION	Pricing	10	price	1395136118503	1395136118544	1395136120175	1395136120176	OK	 
ACTION	Pricing	11	price	1395136118452	1395136118506	1395136120340	1395136120340	OK	 
ACTION	Pricing	30	price	1395136118602	1395136118604	1395136120409	1395136120409	OK	 
ACTION	Pricing	32	price	1395136118585	1395136118601	1395136120529	1395136120529	OK	 
ACTION	Pricing	34	price	1395136118490	1395136118538	1395136120571	1395136120571	OK	 
ACTION	Pricing	20	price	1395136118590	1395136118603	1395136120622	1395136120623	OK	 
ACTION	Pricing	1	price	1395136118559	1395136118562	1395136120681	1395136120681	OK	 
ACTION	Pricing	24	price	1395136118564	1395136118566	1395136120721	1395136120721	OK	 
ACTION	Pricing	6	price	1395136118582	1395136118600	1395136120796	1395136120796	OK	 
ACTION	Pricing	45	price	1395136118451	1395136118507	1395136120816	1395136120816	OK	 
ACTION	Pricing	41	price	1395136118551	1395136118554	1395136120964	1395136120964	OK	 
ACTION	Pricing	9	price	1395136118470	1395136118528	1395136121015	1395136121015	OK	 
ACTION	Pricing	5	price	1395136118443	1395136118492	1395136121020	1395136121020	OK	 
ACTION	Pricing	4	price	1395136118588	1395136118603	1395136121082	1395136121082	OK	 
ACTION	Pricing	7	price	1395136118448	1395136118507	1395136121098	1395136121099	OK	 
ACTION	Pricing	38	price	1395136118469	1395136118511	1395136121137	1395136121138	OK	 
ACTION	Pricing	46	price	1395136118613	1395136118614	1395136121210	1395136121210	OK	 
ACTION	Pricing	18	price	1395136118584	1395136118599	1395136121216	1395136121216	OK	 
ACTION	Pricing	36	price	1395136118488	1395136118522	1395136121263	1395136121263	OK	 
ACTION	Pricing	49	price	1395136118500	1395136118538	1395136121288	1395136121288	OK	 
ACTION	Pricing	50	price	1395136118570	1395136118572	1395136121345	1395136121346	OK	 
ACTION	Pricing	28	price	1395136118499	1395136118540	1395136121385	1395136121385	OK	 
ACTION	Pricing	26	price	1395136118557	1395136118559	1395136121416	1395136121417	OK	 
ACTION	Pricing	42	price	1395136118519	1395136118546	1395136121460	1395136121461	OK	 
ACTION	Pricing	21	price	1395136118471	1395136118539	1395136121507	1395136121508	OK	 
ACTION	Pricing	40	price	1395136118538	1395136118550	1395136121540	1395136121540	OK	 
ACTION	Pricing	44	price	1395136118446	1395136118494	1395136121568	1395136121568	OK	 
ACTION	Pricing	17	price	1395136118468	1395136118520	1395136121599	1395136121599	OK	 
ACTION	Pricing	29	price	1395136118523	1395136118540	1395136121630	1395136121630	OK	 
ACTION	Pricing	27	price	1395136118466	1395136118531	1395136121661	1395136121662	OK	 
ACTION	Pricing	14	price	1395136118566	1395136118569	1395136121695	1395136121695	OK	 
ACTION	Pricing	48	price	1395136118579	1395136118591	1395136121730	1395136121730	OK	 
ACTION	Pricing	37	price	1395136118581	1395136118594	1395136121761	1395136121761	OK	 
ACTION	Pricing	12	price	1395136118580	1395136118590	1395136121793	1395136121793	OK	 
ACTION	Pricing	15	price	1395136118574	1395136118577	1395136121822	1395136121823	OK	 
ACTION	Pricing	25	price	1395136118472	1395136118532	1395136121852	1395136121853	OK	 
ACTION	Pricing	13	price	1395136118443	1395136118492	1395136121883	1395136121884	OK	 
ACTION	Pricing	33	price	1395136118527	1395136118545	1395136121916	1395136121916	OK	 
ACTION	Pricing	16	price	1395136118543	1395136118545	1395136121946	1395136121946	OK	 
ACTION	Pricing	39	price	1395136118586	1395136118600	1395136121992	1395136121992	OK	 
ACTION	Pricing	31	price	1395136118462	1395136118520	1395136122008	1395136122008	OK	 
ACTION	Pricing	3	price	1395136118491	1395136118544	1395136122042	1395136122042	OK	 
ACTION	Pricing	8	price	1395136118431	1395136118494	1395136122071	1395136122071	OK	 
ACTION	Pricing	35	price	1395136118575	1395136118579	1395136122085	1395136122086	OK	 
ACTION	Pricing	47	price	1395136118530	1395136118546	1395136122115	1395136122116	OK	 
ACTION	Pricing	43	price	1395136119903	1395136119905	1395136122149	1395136122149	OK	 
ACTION	Pricing	2	price	1395136119907	1395136119908	1395136122184	1395136122184	OK	 
ACTION	Pricing	22	price	1395136119821	1395136119827	1395136122217	1395136122218	OK	 
ACTION	Pricing	23	price	1395136119905	1395136119906	1395136122250	1395136122251	OK	 
ACTION	Pricing	19	price	1395136120009	1395136120010	1395136122288	1395136122288	OK	 
ACTION	Pricing	10	price	1395136120178	1395136120179	1395136122330	1395136122330	OK	 
ACTION	Pricing	11	price	1395136120342	1395136120347	1395136122360	1395136122360	OK	 
ACTION	Pricing	30	price	1395136120411	1395136120413	1395136122398	1395136122399	OK	 
ACTION	Pricing	32	price	1395136120531	1395136120533	1395136122434	1395136122434	OK	 
ACTION	Pricing	34	price	1395136120574	1395136120576	1395136122464	1395136122465	OK	 
ACTION	Pricing	20	price	1395136120625	1395136120627	1395136122494	1395136122495	OK	 
ACTION	Pricing	1	price	1395136120683	1395136120693	1395136122525	1395136122527	OK	 
ACTION	Pricing	24	price	1395136120727	1395136120727	1395136122559	1395136122560	OK	 
ACTION	Pricing	6	price	1395136120801	1395136120801	1395136122591	1395136122591	OK	 
ACTION	Pricing	45	price	1395136120818	1395136120819	1395136122619	1395136122620	OK	 
ACTION	Pricing	41	price	1395136120967	1395136120969	1395136122652	1395136122652	OK	 
ACTION	Pricing	9	price	1395136121019	1395136121019	1395136122682	1395136122682	OK	 
ACTION	Pricing	5	price	1395136121022	1395136121023	1395136122712	1395136122713	OK	 
ACTION	Pricing	4	price	1395136121084	1395136121085	1395136122750	1395136122750	OK	 
ACTION	Pricing	7	price	1395136121101	1395136121102	1395136122780	1395136122780	OK	 
ACTION	Pricing	38	price	1395136121140	1395136121143	1395136122811	1395136122811	OK	 
ACTION	Pricing	46	price	1395136121212	1395136121213	1395136122841	1395136122841	OK	 
ACTION	Pricing	18	price	1395136121218	1395136121220	1395136122871	1395136122871	OK	 
ACTION	Pricing	36	price	1395136121265	1395136121266	1395136122902	1395136122902	OK	 
ACTION	Pricing	49	price	1395136121290	1395136121291	1395136122936	1395136122937	OK	 
ACTION	Pricing	50	price	1395136121347	1395136121348	1395136122969	1395136122969	OK	 
ACTION	Pricing	28	price	1395136121388	1395136121388	1395136123001	1395136123001	OK	 
ACTION	Pricing	26	price	1395136121419	1395136121420	1395136123035	1395136123035	OK	 
ACTION	Pricing	42	price	1395136121466	1395136121466	1395136123070	1395136123070	OK	 
ACTION	Pricing	21	price	1395136121510	1395136121510	1395136123099	1395136123099	OK	 
ACTION	Pricing	40	price	1395136121544	1395136121544	1395136123130	1395136123131	OK	 
ACTION	Pricing	44	price	1395136121570	1395136121571	1395136123164	1395136123164	OK	 
ACTION	Pricing	17	price	1395136121601	1395136121602	1395136123192	1395136123192	OK	 
ACTION	Pricing	29	price	1395136121632	1395136121633	1395136123224	1395136123224	OK	 
ACTION	Pricing	27	price	1395136121664	1395136121665	1395136123254	1395136123255	OK	 
ACTION	Pricing	14	price	1395136121697	1395136121698	1395136123284	1395136123284	OK	 
ACTION	Pricing	48	price	1395136121732	1395136121733	1395136123315	1395136123315	OK	 
ACTION	Pricing	37	price	1395136121763	1395136121764	1395136123348	1395136123348	OK	 
ACTION	Pricing	12	price	1395136121794	1395136121795	1395136123385	1395136123385	OK	 
ACTION	Pricing	15	price	1395136121826	1395136121826	1395136123418	1395136123418	OK	 
ACTION	Pricing	25	price	1395136121854	1395136121855	1395136123454	1395136123454	OK	 
ACTION	Pricing	13	price	1395136121886	1395136121887	1395136123486	1395136123486	OK	 
ACTION	Pricing	33	price	1395136121918	1395136121919	1395136123519	1395136123519	OK	 
ACTION	Pricing	16	price	1395136121947	1395136121948	1395136123554	1395136123554	OK	 
ACTION	Pricing	39	price	1395136121994	1395136121995	1395136123585	1395136123585	OK	 
ACTION	Pricing	31	price	1395136122010	1395136122011	1395136123616	1395136123617	OK	 
ACTION	Pricing	3	price	1395136122044	1395136122044	1395136123648	1395136123649	OK	 
ACTION	Pricing	8	price	1395136122073	1395136122074	1395136123680	1395136123680	OK	 
ACTION	Pricing	35	price	1395136122088	1395136122088	1395136123714	1395136123714	OK	 
ACTION	Pricing	47	price	1395136122117	1395136122118	1395136123745	1395136123745	OK	 
ACTION	Pricing	43	price	1395136122151	1395136122151	1395136123779	1395136123779	OK	 
ACTION	Pricing	2	price	1395136122186	1395136122186	1395136123808	1395136123808	OK	 
ACTION	Pricing	22	price	1395136122219	1395136122220	1395136123839	1395136123839	OK	 
ACTION	Pricing	23	price	1395136122253	1395136122253	1395136123874	1395136123874	OK	 
ACTION	Pricing	19	price	1395136122289	1395136122290	1395136123904	1395136123905	OK	 
ACTION	Pricing	10	price	1395136122332	1395136122332	1395136123953	1395136123953	OK	 
ACTION	Pricing	11	price	1395136122361	1395136122362	1395136123987	1395136123988	OK	 
ACTION	Pricing	30	price	1395136122400	1395136122400	1395136124025	1395136124025	OK	 
ACTION	Pricing	32	price	1395136122436	1395136122437	1395136124066	1395136124066	OK	 
ACTION	Pricing	34	price	1395136122467	1395136122467	1395136124107	1395136124107	OK	 
ACTION	Pricing	20	price	1395136122496	1395136122497	1395136124158	1395136124159	OK	 
ACTION	Pricing	1	price	1395136122528	1395136122529	1395136124197	1395136124198	OK	 
ACTION	Pricing	24	price	1395136122561	1395136122562	1395136124230	1395136124230	OK	 
ACTION	Pricing	6	price	1395136122593	1395136122593	1395136124264	1395136124264	OK	 
ACTION	Pricing	45	price	1395136122621	1395136122622	1395136124297	1395136124297	OK	 
ACTION	Pricing	41	price	1395136122654	1395136122654	1395136124328	1395136124329	OK	 
ACTION	Pricing	9	price	1395136122684	1395136122684	1395136124363	1395136124364	OK	 
ACTION	Pricing	5	price	1395136122714	1395136122715	1395136124397	1395136124397	OK	 
ACTION	Pricing	4	price	1395136122752	1395136122753	1395136124427	1395136124427	OK	 
ACTION	Pricing	7	price	1395136122782	1395136122783	1395136124458	1395136124458	OK	 
ACTION	Pricing	38	price	1395136122813	1395136122814	1395136124490	1395136124490	OK	 
ACTION	Pricing	46	price	1395136122843	1395136122844	1395136124520	1395136124520	OK	 
ACTION	Pricing	18	price	1395136122873	1395136122873	1395136124551	1395136124551	OK	 
ACTION	Pricing	36	price	1395136122904	1395136122904	1395136124581	1395136124582	OK	 
ACTION	Pricing	49	price	1395136122938	1395136122939	1395136124611	1395136124612	OK	 
ACTION	Pricing	50	price	1395136122971	1395136122971	1395136124642	1395136124642	OK	 
ACTION	Pricing	28	price	1395136123002	1395136123003	1395136124673	1395136124674	OK	 
ACTION	Pricing	26	price	1395136123037	1395136123038	1395136124705	1395136124705	OK	 
ACTION	Pricing	42	price	1395136123071	1395136123072	1395136124739	1395136124739	OK	 
ACTION	Pricing	21	price	1395136123101	1395136123101	1395136124775	1395136124775	OK	 
ACTION	Pricing	40	price	1395136123132	1395136123133	1395136124807	1395136124808	OK	 
ACTION	Pricing	44	price	1395136123166	1395136123167	1395136124841	1395136124841	OK	 
ACTION	Pricing	17	price	1395136123194	1395136123195	1395136124873	1395136124873	OK	 
ACTION	Pricing	29	price	1395136123226	1395136123226	1395136124904	1395136124904	OK	 
ACTION	Pricing	27	price	1395136123256	1395136123257	1395136124936	1395136124936	OK	 
ACTION	Pricing	14	price	1395136123290	1395136123290	1395136124983	1395136124983	OK	 
ACTION	Pricing	48	price	1395136123317	1395136123318	1395136125017	1395136125017	OK	 
ACTION	Pricing	37	price	1395136123350	1395136123350	1395136125066	1395136125066	OK	 
ACTION	Pricing	12	price	1395136123387	1395136123387	1395136125096	1395136125097	OK	 
ACTION	Pricing	15	price	1395136123420	1395136123420	1395136125132	1395136125132	OK	 
ACTION	Pricing	25	price	1395136123456	1395136123457	1395136125167	1395136125167	OK	 
ACTION	Pricing	13	price	1395136123488	1395136123489	1395136125210	1395136125211	OK	 
ACTION	Pricing	33	price	1395136123521	1395136123521	1395136125241	1395136125241	OK	 
ACTION	Pricing	16	price	1395136123556	1395136123556	1395136125276	1395136125276	OK	 
ACTION	Pricing	39	price	1395136123587	1395136123587	1395136125304	1395136125305	OK	 
ACTION	Pricing	31	price	1395136123618	1395136123619	1395136125340	1395136125340	OK	 
ACTION	Pricing	3	price	1395136123650	1395136123651	1395136125370	1395136125371	OK	 
ACTION	Pricing	8	price	1395136123682	1395136123683	1395136125402	1395136125402	OK	 
ACTION	Pricing	35	price	1395136123716	1395136123716	1395136125449	1395136125449	OK	 
ACTION	Pricing	47	price	1395136123747	1395136123747	1395136125479	1395136125479	OK	 
ACTION	Pricing	43	price	1395136123781	1395136123782	1395136125512	1395136125512	OK	 
ACTION	Pricing	2	price	1395136123810	1395136123810	1395136125548	1395136125549	OK	 
ACTION	Pricing	22	price	1395136123841	1395136123842	1395136125580	1395136125580	OK	 
ACTION	Pricing	23	price	1395136123876	1395136123877	1395136125614	1395136125615	OK	 
ACTION	Pricing	19	price	1395136123907	1395136123907	1395136125646	1395136125646	OK	 
ACTION	Pricing	10	price	1395136123955	1395136123956	1395136125681	1395136125682	OK	 
ACTION	Pricing	11	price	1395136123990	1395136123990	1395136125712	1395136125712	OK	 
ACTION	Pricing	30	price	1395136124026	1395136124027	1395136125743	1395136125743	OK	 
ACTION	Pricing	32	price	1395136124068	1395136124068	1395136125776	1395136125776	OK	 
ACTION	Pricing	34	price	1395136124109	1395136124109	1395136125809	1395136125809	OK	 
ACTION	Pricing	20	price	1395136124160	1395136124161	1395136125840	1395136125840	OK	 
ACTION	Pricing	1	price	1395136124200	1395136124201	1395136125874	1395136125875	OK	 
ACTION	Pricing	24	price	1395136124232	1395136124232	1395136125906	1395136125907	OK	 
ACTION	Pricing	6	price	1395136124265	1395136124266	1395136125939	1395136125939	OK	 
ACTION	Pricing	45	price	1395136124298	1395136124299	1395136125971	1395136125972	OK	 
ACTION	Pricing	41	price	1395136124330	1395136124331	1395136126002	1395136126002	OK	 
ACTION	Pricing	9	price	1395136124365	1395136124366	1395136126035	1395136126035	OK	 
ACTION	Pricing	5	price	1395136124399	1395136124399	1395136126066	1395136126066	OK	 
ACTION	Pricing	4	price	1395136124429	1395136124430	1395136126097	1395136126098	OK	 
ACTION	Pricing	7	price	1395136124459	1395136124460	1395136126132	1395136126133	OK	 
ACTION	Pricing	38	price	1395136124492	1395136124493	1395136126166	1395136126166	OK	 
ACTION	Pricing	46	price	1395136124521	1395136124522	1395136126201	1395136126201	OK	 
ACTION	Pricing	18	price	1395136124553	1395136124553	1395136126234	1395136126234	OK	 
ACTION	Pricing	36	price	1395136124583	1395136124584	1395136126264	1395136126265	OK	 
ACTION	Pricing	49	price	1395136124613	1395136124614	1395136126298	1395136126298	OK	 
ACTION	Pricing	50	price	1395136124644	1395136124644	1395136126335	1395136126335	OK	 
ACTION	Pricing	28	price	1395136124675	1395136124676	1395136126367	1395136126368	OK	 
ACTION	Pricing	26	price	1395136124708	1395136124708	1395136126403	1395136126403	OK	 
ACTION	Pricing	42	price	1395136124741	1395136124741	1395136126434	1395136126435	OK	 
ACTION	Pricing	21	price	1395136124776	1395136124777	1395136126479	1395136126480	OK	 
ACTION	Pricing	40	price	1395136124810	1395136124810	1395136126515	1395136126515	OK	 
ACTION	Pricing	44	price	1395136124843	1395136124843	1395136126550	1395136126550	OK	 
ACTION	Pricing	17	price	1395136124875	1395136124875	1395136126588	1395136126589	OK	 
ACTION	Pricing	29	price	1395136124906	1395136124907	1395136126624	1395136126624	OK	 
ACTION	Pricing	27	price	1395136124938	1395136124939	1395136126660	1395136126660	OK	 
ACTION	Pricing	14	price	1395136124985	1395136124986	1395136126693	1395136126694	OK	 
ACTION	Pricing	48	price	1395136125019	1395136125020	1395136126722	1395136126722	OK	 
ACTION	Pricing	37	price	1395136125068	1395136125069	1395136126754	1395136126755	OK	 
ACTION	Pricing	12	price	1395136125099	1395136125099	1395136126791	1395136126791	OK	 
ACTION	Pricing	15	price	1395136125134	1395136125135	1395136126823	1395136126823	OK	 
ACTION	Pricing	25	price	1395136125170	1395136125170	1395136126853	1395136126853	OK	 
ACTION	Pricing	13	price	1395136125212	1395136125213	1395136126887	1395136126888	OK	 
ACTION	Pricing	33	price	1395136125243	1395136125244	1395136126919	1395136126919	OK	 
ACTION	Pricing	16	price	1395136125278	1395136125278	1395136126956	1395136126956	OK	 
ACTION	Pricing	39	price	1395136125307	1395136125307	1395136126988	1395136126988	OK	 
ACTION	Pricing	31	price	1395136125342	1395136125343	1395136127023	1395136127023	OK	 
ACTION	Pricing	3	price	1395136125373	1395136125373	1395136127059	1395136127059	OK	 
ACTION	Pricing	8	price	1395136125403	1395136125404	1395136127095	1395136127095	OK	 
ACTION	Pricing	35	price	1395136125451	1395136125451	1395136127133	1395136127134	OK	 
ACTION	Pricing	47	price	1395136125480	1395136125481	1395136127173	1395136127173	OK	 
ACTION	Pricing	43	price	1395136125514	1395136125516	1395136127209	1395136127209	OK	 
ACTION	Pricing	2	price	1395136125550	1395136125551	1395136127244	1395136127244	OK	 
ACTION	Pricing	22	price	1395136125582	1395136125582	1395136127282	1395136127283	OK	 
ACTION	Pricing	23	price	1395136125616	1395136125617	1395136127337	1395136127337	OK	 
ACTION	Pricing	19	price	1395136125648	1395136125649	1395136127374	1395136127374	OK	 
ACTION	Pricing	10	price	1395136125683	1395136125683	1395136127410	1395136127410	OK	 
ACTION	Pricing	11	price	1395136125714	1395136125715	1395136127445	1395136127446	OK	 
ACTION	Pricing	30	price	1395136125744	1395136125745	1395136127477	1395136127477	OK	 
ACTION	Pricing	32	price	1395136125778	1395136125779	1395136127515	1395136127515	OK	 
ACTION	Pricing	34	price	1395136125811	1395136125811	1395136127551	1395136127551	OK	 
ACTION	Pricing	20	price	1395136125842	1395136125842	1395136127588	1395136127588	OK	 
ACTION	Pricing	1	price	1395136125876	1395136125877	1395136127624	1395136127625	OK	 
ACTION	Pricing	24	price	1395136125908	1395136125909	1395136127659	1395136127659	OK	 
ACTION	Pricing	6	price	1395136125941	1395136125942	1395136127692	1395136127692	OK	 
ACTION	Pricing	45	price	1395136125973	1395136125974	1395136127727	1395136127727	OK	 
ACTION	Pricing	41	price	1395136126004	1395136126005	1395136127766	1395136127766	OK	 
ACTION	Pricing	9	price	1395136126037	1395136126038	1395136127802	1395136127802	OK	 
ACTION	Pricing	5	price	1395136126068	1395136126069	1395136127837	1395136127837	OK	 
ACTION	Pricing	4	price	1395136126099	1395136126100	1395136127870	1395136127871	OK	 
ACTION	Pricing	7	price	1395136126135	1395136126135	1395136127906	1395136127906	OK	 
ACTION	Pricing	38	price	1395136126168	1395136126169	1395136127944	1395136127944	OK	 
ACTION	Pricing	46	price	1395136126203	1395136126204	1395136127980	1395136127981	OK	 
ACTION	Pricing	18	price	1395136126236	1395136126237	1395136128015	1395136128016	OK	 
ACTION	Pricing	36	price	1395136126267	1395136126267	1395136128053	1395136128054	OK	 
ACTION	Pricing	49	price	1395136126300	1395136126301	1395136128095	1395136128096	OK	 
ACTION	Pricing	50	price	1395136126337	1395136126338	1395136128133	1395136128134	OK	 
ACTION	Pricing	28	price	1395136126370	1395136126370	1395136128171	1395136128172	OK	 
ACTION	Pricing	26	price	1395136126405	1395136126406	1395136128215	1395136128215	OK	 
ACTION	Pricing	42	price	1395136126436	1395136126437	1395136128246	1395136128246	OK	 
ACTION	Pricing	21	price	1395136126482	1395136126483	1395136128283	1395136128283	OK	 
ACTION	Pricing	40	price	1395136126517	1395136126521	1395136128318	1395136128318	OK	 
ACTION	Pricing	44	price	1395136126552	1395136126556	1395136128361	1395136128361	OK	 
ACTION	Pricing	17	price	1395136126590	1395136126591	1395136128399	1395136128399	OK	 
ACTION	Pricing	29	price	1395136126626	1395136126627	1395136128449	1395136128449	OK	 
ACTION	Pricing	27	price	1395136126664	1395136126666	1395136128485	1395136128485	OK	 
ACTION	Pricing	14	price	1395136126695	1395136126696	1395136128523	1395136128523	OK	 
ACTION	Pricing	48	price	1395136126724	1395136126724	1395136128559	1395136128560	OK	 
ACTION	Pricing	37	price	1395136126756	1395136126757	1395136128598	1395136128599	OK	 
ACTION	Pricing	12	price	1395136126793	1395136126793	1395136128634	1395136128635	OK	 
ACTION	Pricing	15	price	1395136126825	1395136126825	1395136128674	1395136128674	OK	 
ACTION	Pricing	25	price	1395136126855	1395136126855	1395136128707	1395136128708	OK	 
ACTION	Pricing	13	price	1395136126890	1395136126890	1395136128743	1395136128744	OK	 
ACTION	Pricing	33	price	1395136126921	1395136126921	1395136128788	1395136128789	OK	 
ACTION	Pricing	16	price	1395136126958	1395136126958	1395136128828	1395136128829	OK	 
ACTION	Pricing	39	price	1395136126990	1395136126991	1395136128869	1395136128869	OK	 
ACTION	Pricing	31	price	1395136127025	1395136127025	1395136128912	1395136128912	OK	 
ACTION	Pricing	3	price	1395136127061	1395136127062	1395136128954	1395136128954	OK	 
ACTION	Pricing	8	price	1395136127097	1395136127097	1395136128992	1395136128993	OK	 
ACTION	Pricing	35	price	1395136127136	1395136127137	1395136129030	1395136129030	OK	 
ACTION	Pricing	47	price	1395136127175	1395136127175	1395136129072	1395136129072	OK	 
ACTION	Pricing	43	price	1395136127211	1395136127212	1395136129108	1395136129108	OK	 
ACTION	Pricing	2	price	1395136127246	1395136127247	1395136129142	1395136129142	OK	 
ACTION	Pricing	22	price	1395136127284	1395136127285	1395136129198	1395136129198	OK	 
ACTION	Pricing	23	price	1395136127339	1395136127340	1395136129223	1395136129224	OK	 
ACTION	Pricing	19	price	1395136127377	1395136127379	1395136129276	1395136129276	OK	 
ACTION	Pricing	10	price	1395136127412	1395136127413	1395136129303	1395136129303	OK	 
ACTION	Pricing	11	price	1395136127447	1395136127448	1395136129350	1395136129350	OK	 
ACTION	Pricing	30	price	1395136127480	1395136127482	1395136129372	1395136129372	OK	 
ACTION	Pricing	32	price	1395136127517	1395136127518	1395136129420	1395136129421	OK	 
ACTION	Pricing	34	price	1395136127553	1395136127553	1395136129482	1395136129482	OK	 
ACTION	Pricing	20	price	1395136127590	1395136127591	1395136129508	1395136129508	OK	 
ACTION	Pricing	1	price	1395136127627	1395136127628	1395136129539	1395136129539	OK	 
ACTION	Pricing	24	price	1395136127661	1395136127662	1395136129616	1395136129616	OK	 
ACTION	Pricing	6	price	1395136127694	1395136127698	1395136129621	1395136129621	OK	 
ACTION	Pricing	45	price	1395136127729	1395136127730	1395136129670	1395136129670	OK	 
ACTION	Pricing	41	price	1395136127768	1395136127768	1395136129727	1395136129727	OK	 
ACTION	Pricing	9	price	1395136127804	1395136127804	1395136129736	1395136129736	OK	 
ACTION	Pricing	5	price	1395136127839	1395136127839	1395136129793	1395136129794	OK	 
ACTION	Pricing	4	price	1395136127873	1395136127874	1395136129848	1395136129849	OK	 
ACTION	Pricing	7	price	1395136127908	1395136127909	1395136129885	1395136129885	OK	 
ACTION	Pricing	38	price	1395136127947	1395136127947	1395136129944	1395136129944	OK	 
ACTION	Pricing	46	price	1395136127983	1395136127983	1395136129953	1395136129954	OK	 
ACTION	Pricing	18	price	1395136128018	1395136128018	1395136129988	1395136129989	OK	 
ACTION	Pricing	36	price	1395136128056	1395136128056	1395136130021	1395136130021	OK	 
ACTION	Pricing	49	price	1395136128098	1395136128099	1395136130055	1395136130055	OK	 
ACTION	Pricing	50	price	1395136128136	1395136128137	1395136130086	1395136130086	OK	 
ACTION	Pricing	28	price	1395136128174	1395136128174	1395136130118	1395136130118	OK	 
ACTION	Pricing	26	price	1395136128217	1395136128218	1395136130152	1395136130153	OK	 
ACTION	Pricing	42	price	1395136128248	1395136128248	1395136130180	1395136130180	OK	 
ACTION	Pricing	21	price	1395136128285	1395136128285	1395136130214	1395136130214	OK	 
ACTION	Pricing	40	price	1395136128320	1395136128322	1395136130249	1395136130249	OK	 
ACTION	Pricing	44	price	1395136128364	1395136128365	1395136130281	1395136130282	OK	 
ACTION	Pricing	17	price	1395136128401	1395136128402	1395136130313	1395136130313	OK	 
ACTION	Pricing	29	price	1395136128451	1395136128452	1395136130343	1395136130343	OK	 
ACTION	Pricing	27	price	1395136128487	1395136128488	1395136130376	1395136130376	OK	 
ACTION	Pricing	14	price	1395136128525	1395136128525	1395136130406	1395136130407	OK	 
ACTION	Pricing	48	price	1395136128562	1395136128562	1395136130439	1395136130440	OK	 
ACTION	Pricing	37	price	1395136128601	1395136128602	1395136130471	1395136130471	OK	 
ACTION	Pricing	12	price	1395136128636	1395136128637	1395136130503	1395136130503	OK	 
ACTION	Pricing	15	price	1395136128676	1395136128676	1395136130534	1395136130535	OK	 
ACTION	Pricing	25	price	1395136128709	1395136128710	1395136130568	1395136130568	OK	 
ACTION	Pricing	13	price	1395136128746	1395136128746	1395136130603	1395136130603	OK	 
ACTION	Pricing	33	price	1395136128791	1395136128792	1395136130637	1395136130637	OK	 
ACTION	Pricing	16	price	1395136128831	1395136128831	1395136130671	1395136130671	OK	 
ACTION	Pricing	39	price	1395136128871	1395136128872	1395136130704	1395136130704	OK	 
ACTION	Pricing	31	price	1395136128916	1395136128917	1395136130740	1395136130741	OK	 
ACTION	Pricing	3	price	1395136128956	1395136128957	1395136130788	1395136130789	OK	 
ACTION	Pricing	8	price	1395136128996	1395136128996	1395136130809	1395136130810	OK	 
ACTION	Pricing	35	price	1395136129033	1395136129033	1395136130844	1395136130844	OK	 
ACTION	Pricing	47	price	1395136129073	1395136129074	1395136130879	1395136130880	OK	 
ACTION	Pricing	43	price	1395136129110	1395136129110	1395136130915	1395136130915	OK	 
ACTION	Pricing	2	price	1395136129144	1395136129144	1395136130948	1395136130948	OK	 
ACTION	Pricing	22	price	1395136129200	1395136129200	1395136130980	1395136130980	OK	 
ACTION	Pricing	23	price	1395136129225	1395136129226	1395136131012	1395136131013	OK	 
ACTION	Pricing	19	price	1395136129278	1395136129279	1395136131044	1395136131045	OK	 
ACTION	Pricing	10	price	1395136129305	1395136129305	1395136131077	1395136131077	OK	 
ACTION	Pricing	11	price	1395136129352	1395136129352	1395136131109	1395136131109	OK	 
ACTION	Pricing	30	price	1395136129374	1395136129374	1395136131141	1395136131141	OK	 
ACTION	Pricing	32	price	1395136129423	1395136129423	1395136131173	1395136131173	OK	 
ACTION	Pricing	34	price	1395136129485	1395136129485	1395136131204	1395136131204	OK	 
ACTION	Pricing	20	price	1395136129510	1395136129510	1395136131234	1395136131235	OK	 
ACTION	Pricing	1	price	1395136129541	1395136129542	1395136131269	1395136131269	OK	 
ACTION	Pricing	24	price	1395136129618	1395136129618	1395136131302	1395136131302	OK	 
ACTION	Pricing	6	price	1395136129622	1395136129623	1395136131332	1395136131333	OK	 
ACTION	Pricing	45	price	1395136129672	1395136129672	1395136131366	1395136131366	OK	 
ACTION	Pricing	41	price	1395136129730	1395136129730	1395136131398	1395136131398	OK	 
ACTION	Pricing	9	price	1395136129738	1395136129738	1395136131432	1395136131433	OK	 
ACTION	Pricing	5	price	1395136129796	1395136129797	1395136131465	1395136131465	OK	 
ACTION	Pricing	4	price	1395136129850	1395136129851	1395136131498	1395136131499	OK	 
ACTION	Pricing	7	price	1395136129887	1395136129888	1395136131534	1395136131535	OK	 
ACTION	Pricing	38	price	1395136129946	1395136129946	1395136131566	1395136131566	OK	 
ACTION	Pricing	46	price	1395136129955	1395136129956	1395136131602	1395136131603	OK	 
ACTION	Pricing	18	price	1395136129990	1395136129991	1395136131635	1395136131635	OK	 
ACTION	Pricing	36	price	1395136130023	1395136130023	1395136131668	1395136131668	OK	 
ACTION	Pricing	49	price	1395136130056	1395136130059	1395136131699	1395136131699	OK	 
ACTION	Pricing	50	price	1395136130087	1395136130088	1395136131731	1395136131731	OK	 
ACTION	Pricing	28	price	1395136130121	1395136130121	1395136131763	1395136131764	OK	 
ACTION	Pricing	26	price	1395136130154	1395136130155	1395136131796	1395136131797	OK	 
ACTION	Pricing	42	price	1395136130182	1395136130182	1395136131827	1395136131827	OK	 
ACTION	Pricing	21	price	1395136130215	1395136130216	1395136131859	1395136131859	OK	 
ACTION	Pricing	40	price	1395136130251	1395136130252	1395136131890	1395136131890	OK	 
ACTION	Pricing	44	price	1395136130283	1395136130284	1395136131943	1395136131943	OK	 
ACTION	Pricing	17	price	1395136130314	1395136130315	1395136131978	1395136131978	OK	 
ACTION	Pricing	29	price	1395136130345	1395136130346	1395136132005	1395136132005	OK	 
ACTION	Pricing	27	price	1395136130378	1395136130378	1395136132038	1395136132039	OK	 
ACTION	Pricing	14	price	1395136130408	1395136130409	1395136132068	1395136132068	OK	 
ACTION	Pricing	48	price	1395136130442	1395136130442	1395136132105	1395136132105	OK	 
ACTION	Pricing	37	price	1395136130473	1395136130473	1395136132139	1395136132139	OK	 
ACTION	Pricing	12	price	1395136130504	1395136130505	1395136132171	1395136132172	OK	 
ACTION	Pricing	15	price	1395136130536	1395136130537	1395136132204	1395136132204	OK	 
ACTION	Pricing	25	price	1395136130570	1395136130571	1395136132234	1395136132234	OK	 
ACTION	Pricing	13	price	1395136130605	1395136130606	1395136132269	1395136132269	OK	 
ACTION	Pricing	33	price	1395136130639	1395136130639	1395136132300	1395136132301	OK	 
ACTION	Pricing	16	price	1395136130672	1395136130673	1395136132333	1395136132333	OK	 
ACTION	Pricing	39	price	1395136130706	1395136130706	1395136132368	1395136132369	OK	 
ACTION	Pricing	31	price	1395136130743	1395136130743	1395136132399	1395136132399	OK	 
ACTION	Pricing	3	price	1395136130791	1395136130791	1395136132433	1395136132433	OK	 
ACTION	Pricing	8	price	1395136130811	1395136130812	1395136132465	1395136132465	OK	 
ACTION	Pricing	35	price	1395136130846	1395136130846	1395136132497	1395136132497	OK	 
ACTION	Pricing	47	price	1395136130881	1395136130882	1395136132527	1395136132528	OK	 
ACTION	Pricing	43	price	1395136130916	1395136130917	1395136132558	1395136132559	OK	 
ACTION	Pricing	2	price	1395136130951	1395136130951	1395136132592	1395136132592	OK	 
ACTION	Pricing	22	price	1395136130982	1395136130982	1395136132623	1395136132623	OK	 
ACTION	Pricing	23	price	1395136131014	1395136131015	1395136132655	1395136132656	OK	 
ACTION	Pricing	19	price	1395136131046	1395136131047	1395136132687	1395136132687	OK	 
ACTION	Pricing	10	price	1395136131079	1395136131079	1395136132718	1395136132718	OK	 
ACTION	Pricing	11	price	1395136131111	1395136131111	1395136132749	1395136132749	OK	 
ACTION	Pricing	30	price	1395136131143	1395136131143	1395136132782	1395136132783	OK	 
ACTION	Pricing	32	price	1395136131174	1395136131175	1395136132817	1395136132818	OK	 
ACTION	Pricing	34	price	1395136131206	1395136131206	1395136132848	1395136132848	OK	 
ACTION	Pricing	20	price	1395136131236	1395136131237	1395136132879	1395136132879	OK	 
ACTION	Pricing	1	price	1395136131270	1395136131271	1395136132913	1395136132913	OK	 
ACTION	Pricing	24	price	1395136131304	1395136131304	1395136132975	1395136132975	OK	 
ACTION	Pricing	6	price	1395136131334	1395136131335	1395136132991	1395136132991	OK	 
ACTION	Pricing	45	price	1395136131368	1395136131368	1395136133025	1395136133025	OK	 
ACTION	Pricing	41	price	1395136131400	1395136131400	1395136133056	1395136133056	OK	 
ACTION	Pricing	9	price	1395136131434	1395136131435	1395136133090	1395136133090	OK	 
ACTION	Pricing	5	price	1395136131467	1395136131467	1395136133125	1395136133125	OK	 
ACTION	Pricing	4	price	1395136131500	1395136131500	1395136133160	1395136133160	OK	 
ACTION	Pricing	7	price	1395136131536	1395136131537	1395136133191	1395136133191	OK	 
ACTION	Pricing	38	price	1395136131567	1395136131568	1395136133221	1395136133222	OK	 
ACTION	Pricing	46	price	1395136131605	1395136131605	1395136133253	1395136133253	OK	 
ACTION	Pricing	18	price	1395136131637	1395136131637	1395136133288	1395136133288	OK	 
ACTION	Pricing	36	price	1395136131670	1395136131671	1395136133322	1395136133322	OK	 
ACTION	Pricing	49	price	1395136131700	1395136131701	1395136133356	1395136133356	OK	 
ACTION	Pricing	50	price	1395136131732	1395136131733	1395136133387	1395136133387	OK	 
ACTION	Pricing	28	price	1395136131765	1395136131766	1395136133418	1395136133418	OK	 
ACTION	Pricing	26	price	1395136131798	1395136131799	1395136133451	1395136133451	OK	 
ACTION	Pricing	42	price	1395136131829	1395136131829	1395136133484	1395136133484	OK	 
ACTION	Pricing	21	price	1395136131861	1395136131861	1395136133517	1395136133517	OK	 
ACTION	Pricing	40	price	1395136131891	1395136131892	1395136133547	1395136133547	OK	 
ACTION	Pricing	44	price	1395136131945	1395136131945	1395136133578	1395136133578	OK	 
ACTION	Pricing	17	price	1395136131980	1395136131981	1395136133611	1395136133611	OK	 
ACTION	Pricing	29	price	1395136132006	1395136132007	1395136133645	1395136133645	OK	 
ACTION	Pricing	27	price	1395136132040	1395136132041	1395136133680	1395136133681	OK	 
ACTION	Pricing	14	price	1395136132070	1395136132071	1395136133715	1395136133716	OK	 
ACTION	Pricing	48	price	1395136132112	1395136132116	1395136133751	1395136133752	OK	 
ACTION	Pricing	37	price	1395136132141	1395136132141	1395136133786	1395136133786	OK	 
ACTION	Pricing	12	price	1395136132174	1395136132174	1395136133821	1395136133822	OK	 
ACTION	Pricing	15	price	1395136132205	1395136132206	1395136133851	1395136133851	OK	 
ACTION	Pricing	25	price	1395136132236	1395136132236	1395136133884	1395136133884	OK	 
ACTION	Pricing	13	price	1395136132270	1395136132270	1395136133917	1395136133917	OK	 
ACTION	Pricing	33	price	1395136132302	1395136132302	1395136133951	1395136133951	OK	 
ACTION	Pricing	16	price	1395136132334	1395136132335	1395136133984	1395136133984	OK	 
ACTION	Pricing	39	price	1395136132370	1395136132371	1395136134018	1395136134019	OK	 
ACTION	Pricing	31	price	1395136132401	1395136132401	1395136134050	1395136134050	OK	 
ACTION	Pricing	3	price	1395136132435	1395136132435	1395136134081	1395136134081	OK	 
ACTION	Pricing	8	price	1395136132467	1395136132467	1395136134142	1395136134143	OK	 
ACTION	Pricing	35	price	1395136132498	1395136132499	1395136134155	1395136134156	OK	 
ACTION	Pricing	47	price	1395136132529	1395136132530	1395136134188	1395136134188	OK	 
ACTION	Pricing	43	price	1395136132560	1395136132561	1395136134222	1395136134222	OK	 
ACTION	Pricing	2	price	1395136132594	1395136132595	1395136134255	1395136134255	OK	 
ACTION	Pricing	22	price	1395136132625	1395136132625	1395136134287	1395136134288	OK	 
ACTION	Pricing	23	price	1395136132657	1395136132658	1395136134322	1395136134322	OK	 
ACTION	Pricing	19	price	1395136132688	1395136132689	1395136134354	1395136134354	OK	 
ACTION	Pricing	10	price	1395136132719	1395136132720	1395136134383	1395136134383	OK	 
ACTION	Pricing	11	price	1395136132751	1395136132752	1395136134414	1395136134414	OK	 
ACTION	Pricing	30	price	1395136132784	1395136132785	1395136134447	1395136134447	OK	 
ACTION	Pricing	32	price	1395136132819	1395136132820	1395136134478	1395136134478	OK	 
ACTION	Pricing	34	price	1395136132849	1395136132850	1395136134509	1395136134510	OK	 
ACTION	Pricing	20	price	1395136132881	1395136132882	1395136134541	1395136134541	OK	 
ACTION	Pricing	1	price	1395136132914	1395136132915	1395136134575	1395136134575	OK	 
ACTION	Pricing	24	price	1395136132976	1395136132977	1395136134609	1395136134609	OK	 
ACTION	Pricing	6	price	1395136132992	1395136132993	1395136134644	1395136134644	OK	 
ACTION	Pricing	45	price	1395136133026	1395136133027	1395136134678	1395136134678	OK	 
ACTION	Pricing	41	price	1395136133058	1395136133058	1395136134712	1395136134712	OK	 
ACTION	Pricing	9	price	1395136133092	1395136133093	1395136134740	1395136134740	OK	 
ACTION	Pricing	5	price	1395136133127	1395136133127	1395136134770	1395136134771	OK	 
ACTION	Pricing	4	price	1395136133162	1395136133162	1395136134805	1395136134805	OK	 
ACTION	Pricing	7	price	1395136133192	1395136133193	1395136134837	1395136134837	OK	 
ACTION	Pricing	38	price	1395136133223	1395136133224	1395136134870	1395136134870	OK	 
ACTION	Pricing	46	price	1395136133255	1395136133255	1395136134904	1395136134904	OK	 
ACTION	Pricing	18	price	1395136133290	1395136133290	1395136134937	1395136134937	OK	 
ACTION	Pricing	36	price	1395136133323	1395136133324	1395136134968	1395136134968	OK	 
ACTION	Pricing	49	price	1395136133358	1395136133358	1395136135003	1395136135004	OK	 
ACTION	Pricing	50	price	1395136133389	1395136133390	1395136135036	1395136135036	OK	 
ACTION	Pricing	28	price	1395136133419	1395136133420	1395136135068	1395136135068	OK	 
ACTION	Pricing	26	price	1395136133452	1395136133453	1395136135101	1395136135101	OK	 
ACTION	Pricing	42	price	1395136133485	1395136133486	1395136135132	1395136135132	OK	 
ACTION	Pricing	21	price	1395136133518	1395136133519	1395136135164	1395136135164	OK	 
ACTION	Pricing	40	price	1395136133548	1395136133549	1395136135195	1395136135195	OK	 
ACTION	Pricing	44	price	1395136133579	1395136133580	1395136135227	1395136135227	OK	 
ACTION	Pricing	17	price	1395136133612	1395136133613	1395136135262	1395136135262	OK	 
ACTION	Pricing	29	price	1395136133646	1395136133647	1395136135300	1395136135300	OK	 
ACTION	Pricing	27	price	1395136133682	1395136133683	1395136135330	1395136135330	OK	 
ACTION	Pricing	14	price	1395136133718	1395136133718	1395136135366	1395136135366	OK	 
ACTION	Pricing	48	price	1395136133753	1395136133754	1395136135401	1395136135401	OK	 
ACTION	Pricing	37	price	1395136133788	1395136133788	1395136135438	1395136135439	OK	 
ACTION	Pricing	12	price	1395136133823	1395136133824	1395136135478	1395136135478	OK	 
ACTION	Pricing	15	price	1395136133853	1395136133853	1395136135515	1395136135515	OK	 
ACTION	Pricing	25	price	1395136133885	1395136133886	1395136135552	1395136135552	OK	 
ACTION	Pricing	13	price	1395136133918	1395136133919	1395136135587	1395136135587	OK	 
ACTION	Pricing	33	price	1395136133952	1395136133953	1395136135622	1395136135623	OK	 
ACTION	Pricing	16	price	1395136133986	1395136133986	1395136135654	1395136135654	OK	 
ACTION	Pricing	39	price	1395136134020	1395136134021	1395136135685	1395136135686	OK	 
ACTION	Pricing	31	price	1395136134052	1395136134052	1395136135720	1395136135721	OK	 
ACTION	Pricing	3	price	1395136134083	1395136134083	1395136135756	1395136135757	OK	 
ACTION	Pricing	8	price	1395136134144	1395136134145	1395136135792	1395136135792	OK	 
ACTION	Pricing	35	price	1395136134157	1395136134158	1395136135824	1395136135825	OK	 
ACTION	Pricing	47	price	1395136134190	1395136134191	1395136135855	1395136135855	OK	 
ACTION	Pricing	43	price	1395136134223	1395136134224	1395136135888	1395136135888	OK	 
ACTION	Pricing	2	price	1395136134256	1395136134257	1395136135918	1395136135918	OK	 
ACTION	Pricing	22	price	1395136134290	1395136134291	1395136135948	1395136135948	OK	 
ACTION	Pricing	23	price	1395136134324	1395136134324	1395136135980	1395136135980	OK	 
ACTION	Pricing	19	price	1395136134356	1395136134356	1395136136015	1395136136016	OK	 
ACTION	Pricing	10	price	1395136134385	1395136134385	1395136136051	1395136136052	OK	 
ACTION	Pricing	11	price	1395136134416	1395136134416	1395136136086	1395136136086	OK	 
ACTION	Pricing	30	price	1395136134448	1395136134449	1395136136119	1395136136119	OK	 
ACTION	Pricing	32	price	1395136134480	1395136134481	1395136136155	1395136136155	OK	 
ACTION	Pricing	34	price	1395136134511	1395136134512	1395136136193	1395136136193	OK	 
ACTION	Pricing	20	price	1395136134543	1395136134543	1395136136222	1395136136222	OK	 
ACTION	Pricing	1	price	1395136134576	1395136134576	1395136136257	1395136136257	OK	 
ACTION	Pricing	24	price	1395136134611	1395136134611	1395136136292	1395136136292	OK	 
ACTION	Pricing	6	price	1395136134645	1395136134646	1395136136323	1395136136323	OK	 
ACTION	Pricing	45	price	1395136134680	1395136134680	1395136136355	1395136136356	OK	 
ACTION	Pricing	41	price	1395136134713	1395136134714	1395136136389	1395136136390	OK	 
ACTION	Pricing	9	price	1395136134742	1395136134743	1395136136421	1395136136422	OK	 
ACTION	Pricing	5	price	1395136134772	1395136134773	1395136136451	1395136136451	OK	 
ACTION	Pricing	4	price	1395136134807	1395136134807	1395136136482	1395136136483	OK	 
ACTION	Pricing	7	price	1395136134838	1395136134839	1395136136514	1395136136514	OK	 
ACTION	Pricing	38	price	1395136134871	1395136134872	1395136136546	1395136136546	OK	 
ACTION	Pricing	46	price	1395136134906	1395136134906	1395136136589	1395136136589	OK	 
ACTION	Pricing	18	price	1395136134939	1395136134940	1395136136620	1395136136620	OK	 
ACTION	Pricing	36	price	1395136134970	1395136134971	1395136136655	1395136136655	OK	 
ACTION	Pricing	49	price	1395136135005	1395136135006	1395136136687	1395136136687	OK	 
ACTION	Pricing	50	price	1395136135038	1395136135038	1395136136718	1395136136718	OK	 
ACTION	Pricing	28	price	1395136135070	1395136135071	1395136136749	1395136136749	OK	 
ACTION	Pricing	26	price	1395136135104	1395136135104	1395136136783	1395136136783	OK	 
ACTION	Pricing	42	price	1395136135133	1395136135134	1395136136817	1395136136817	OK	 
ACTION	Pricing	21	price	1395136135165	1395136135166	1395136136850	1395136136850	OK	 
ACTION	Pricing	40	price	1395136135197	1395136135197	1395136136884	1395136136884	OK	 
ACTION	Pricing	44	price	1395136135228	1395136135229	1395136136914	1395136136914	OK	 
ACTION	Pricing	17	price	1395136135263	1395136135263	1395136136948	1395136136948	OK	 
ACTION	Pricing	29	price	1395136135302	1395136135302	1395136136982	1395136136982	OK	 
ACTION	Pricing	27	price	1395136135331	1395136135332	1395136137016	1395136137016	OK	 
ACTION	Pricing	14	price	1395136135368	1395136135370	1395136137050	1395136137051	OK	 
ACTION	Pricing	48	price	1395136135403	1395136135403	1395136137082	1395136137082	OK	 
ACTION	Pricing	37	price	1395136135440	1395136135441	1395136137121	1395136137122	OK	 
ACTION	Pricing	12	price	1395136135480	1395136135480	1395136137150	1395136137151	OK	 
ACTION	Pricing	15	price	1395136135516	1395136135517	1395136137185	1395136137186	OK	 
ACTION	Pricing	25	price	1395136135555	1395136135556	1395136137217	1395136137217	OK	 
ACTION	Pricing	13	price	1395136135589	1395136135589	1395136137251	1395136137251	OK	 
ACTION	Pricing	33	price	1395136135624	1395136135625	1395136137283	1395136137283	OK	 
ACTION	Pricing	16	price	1395136135655	1395136135656	1395136137318	1395136137318	OK	 
ACTION	Pricing	39	price	1395136135687	1395136135688	1395136137349	1395136137349	OK	 
ACTION	Pricing	31	price	1395136135722	1395136135723	1395136137381	1395136137381	OK	 
ACTION	Pricing	3	price	1395136135759	1395136135760	1395136137415	1395136137415	OK	 
ACTION	Pricing	8	price	1395136135793	1395136135794	1395136137449	1395136137449	OK	 
ACTION	Pricing	35	price	1395136135826	1395136135827	1395136137485	1395136137485	OK	 
ACTION	Pricing	47	price	1395136135857	1395136135857	1395136137517	1395136137517	OK	 
ACTION	Pricing	43	price	1395136135889	1395136135890	1395136137548	1395136137548	OK	 
ACTION	Pricing	2	price	1395136135919	1395136135920	1395136137581	1395136137581	OK	 
ACTION	Pricing	22	price	1395136135950	1395136135950	1395136137615	1395136137615	OK	 
ACTION	Pricing	23	price	1395136135982	1395136135982	1395136137649	1395136137650	OK	 
ACTION	Pricing	19	price	1395136136017	1395136136018	1395136137682	1395136137682	OK	 
ACTION	Pricing	10	price	1395136136053	1395136136053	1395136137714	1395136137714	OK	 
ACTION	Pricing	11	price	1395136136088	1395136136088	1395136137747	1395136137747	OK	 
ACTION	Pricing	30	price	1395136136121	1395136136121	1395136137779	1395136137780	OK	 
ACTION	Pricing	32	price	1395136136156	1395136136156	1395136137812	1395136137812	OK	 
ACTION	Pricing	34	price	1395136136195	1395136136195	1395136137846	1395136137846	OK	 
ACTION	Pricing	20	price	1395136136224	1395136136224	1395136137878	1395136137878	OK	 
ACTION	Pricing	1	price	1395136136259	1395136136259	1395136137912	1395136137912	OK	 
ACTION	Pricing	24	price	1395136136293	1395136136294	1395136137945	1395136137945	OK	 
ACTION	Pricing	6	price	1395136136324	1395136136325	1395136137978	1395136137978	OK	 
ACTION	Pricing	45	price	1395136136357	1395136136358	1395136138012	1395136138012	OK	 
ACTION	Pricing	41	price	1395136136391	1395136136392	1395136138048	1395136138049	OK	 
ACTION	Pricing	9	price	1395136136423	1395136136424	1395136138083	1395136138084	OK	 
ACTION	Pricing	5	price	1395136136453	1395136136453	1395136138115	1395136138115	OK	 
ACTION	Pricing	4	price	1395136136484	1395136136484	1395136138145	1395136138145	OK	 
ACTION	Pricing	7	price	1395136136515	1395136136516	1395136138178	1395136138178	OK	 
ACTION	Pricing	38	price	1395136136548	1395136136550	1395136138214	1395136138214	OK	 
ACTION	Pricing	46	price	1395136136591	1395136136591	1395136138257	1395136138258	OK	 
ACTION	Pricing	18	price	1395136136622	1395136136622	1395136138287	1395136138287	OK	 
ACTION	Pricing	36	price	1395136136656	1395136136657	1395136138320	1395136138320	OK	 
ACTION	Pricing	49	price	1395136136688	1395136136689	1395136138354	1395136138355	OK	 
ACTION	Pricing	50	price	1395136136720	1395136136720	1395136138386	1395136138386	OK	 
ACTION	Pricing	28	price	1395136136750	1395136136754	1395136138418	1395136138418	OK	 
ACTION	Pricing	26	price	1395136136784	1395136136785	1395136138451	1395136138452	OK	 
ACTION	Pricing	42	price	1395136136818	1395136136819	1395136138503	1395136138503	OK	 
ACTION	Pricing	21	price	1395136136852	1395136136852	1395136138535	1395136138535	OK	 
ACTION	Pricing	40	price	1395136136886	1395136136886	1395136138572	1395136138572	OK	 
ACTION	Pricing	44	price	1395136136919	1395136136920	1395136138604	1395136138604	OK	 
ACTION	Pricing	17	price	1395136136950	1395136136950	1395136138636	1395136138636	OK	 
ACTION	Pricing	29	price	1395136136984	1395136136984	1395136138669	1395136138670	OK	 
ACTION	Pricing	27	price	1395136137018	1395136137018	1395136138706	1395136138706	OK	 
ACTION	Pricing	14	price	1395136137052	1395136137052	1395136138741	1395136138742	OK	 
ACTION	Pricing	48	price	1395136137084	1395136137084	1395136138778	1395136138778	OK	 
ACTION	Pricing	37	price	1395136137123	1395136137123	1395136138813	1395136138813	OK	 
ACTION	Pricing	12	price	1395136137152	1395136137153	1395136138844	1395136138845	OK	 
ACTION	Pricing	15	price	1395136137187	1395136137187	1395136138894	1395136138894	OK	 
ACTION	Pricing	25	price	1395136137220	1395136137220	1395136138931	1395136138932	OK	 
ACTION	Pricing	13	price	1395136137253	1395136137253	1395136138957	1395136138957	OK	 
ACTION	Pricing	33	price	1395136137284	1395136137285	1395136138988	1395136138988	OK	 
ACTION	Pricing	16	price	1395136137319	1395136137320	1395136139021	1395136139021	OK	 
ACTION	Pricing	39	price	1395136137351	1395136137351	1395136139052	1395136139052	OK	 
ACTION	Pricing	31	price	1395136137383	1395136137383	1395136139084	1395136139085	OK	 
ACTION	Pricing	3	price	1395136137416	1395136137417	1395136139118	1395136139118	OK	 
ACTION	Pricing	8	price	1395136137450	1395136137451	1395136139150	1395136139150	OK	 
ACTION	Pricing	35	price	1395136137487	1395136137487	1395136139180	1395136139181	OK	 
ACTION	Pricing	47	price	1395136137518	1395136137519	1395136139215	1395136139215	OK	 
ACTION	Pricing	43	price	1395136137550	1395136137550	1395136139256	1395136139256	OK	 
ACTION	Pricing	2	price	1395136137583	1395136137583	1395136139285	1395136139285	OK	 
ACTION	Pricing	22	price	1395136137617	1395136137618	1395136139318	1395136139318	OK	 
ACTION	Pricing	23	price	1395136137651	1395136137652	1395136139347	1395136139348	OK	 
ACTION	Pricing	19	price	1395136137683	1395136137684	1395136139382	1395136139382	OK	 
ACTION	Pricing	10	price	1395136137716	1395136137717	1395136139415	1395136139416	OK	 
ACTION	Pricing	11	price	1395136137748	1395136137749	1395136139447	1395136139447	OK	 
ACTION	Pricing	30	price	1395136137781	1395136137782	1395136139481	1395136139481	OK	 
ACTION	Pricing	32	price	1395136137814	1395136137814	1395136139516	1395136139516	OK	 
ACTION	Pricing	34	price	1395136137848	1395136137848	1395136139551	1395136139551	OK	 
ACTION	Pricing	20	price	1395136137880	1395136137880	1395136139587	1395136139588	OK	 
ACTION	Pricing	1	price	1395136137913	1395136137914	1395136139624	1395136139624	OK	 
ACTION	Pricing	24	price	1395136137946	1395136137947	1395136139659	1395136139659	OK	 
ACTION	Pricing	6	price	1395136137979	1395136137979	1395136139694	1395136139694	OK	 
ACTION	Pricing	45	price	1395136138016	1395136138017	1395136139732	1395136139732	OK	 
ACTION	Pricing	41	price	1395136138050	1395136138051	1395136139764	1395136139765	OK	 
ACTION	Pricing	9	price	1395136138085	1395136138086	1395136139802	1395136139803	OK	 
ACTION	Pricing	5	price	1395136138117	1395136138117	1395136139832	1395136139832	OK	 
ACTION	Pricing	4	price	1395136138147	1395136138147	1395136139866	1395136139867	OK	 
ACTION	Pricing	7	price	1395136138179	1395136138179	1395136139898	1395136139899	OK	 
ACTION	Pricing	38	price	1395136138216	1395136138216	1395136139931	1395136139932	OK	 
ACTION	Pricing	46	price	1395136138259	1395136138260	1395136139960	1395136139961	OK	 
ACTION	Pricing	18	price	1395136138289	1395136138289	1395136139995	1395136139996	OK	 
ACTION	Pricing	36	price	1395136138321	1395136138322	1395136140028	1395136140028	OK	 
ACTION	Pricing	49	price	1395136138356	1395136138357	1395136140062	1395136140063	OK	 
ACTION	Pricing	50	price	1395136138387	1395136138388	1395136140094	1395136140094	OK	 
ACTION	Pricing	28	price	1395136138420	1395136138420	1395136140128	1395136140128	OK	 
ACTION	Pricing	26	price	1395136138453	1395136138454	1395136140160	1395136140160	OK	 
ACTION	Pricing	42	price	1395136138505	1395136138505	1395136140192	1395136140192	OK	 
ACTION	Pricing	21	price	1395136138537	1395136138538	1395136140224	1395136140224	OK	 
ACTION	Pricing	40	price	1395136138574	1395136138574	1395136140259	1395136140259	OK	 
ACTION	Pricing	44	price	1395136138608	1395136138608	1395136140293	1395136140293	OK	 
ACTION	Pricing	17	price	1395136138638	1395136138638	1395136140323	1395136140323	OK	 
ACTION	Pricing	29	price	1395136138672	1395136138673	1395136140355	1395136140356	OK	 
ACTION	Pricing	27	price	1395136138709	1395136138709	1395136140387	1395136140387	OK	 
ACTION	Pricing	14	price	1395136138743	1395136138744	1395136140420	1395136140420	OK	 
ACTION	Pricing	48	price	1395136138780	1395136138780	1395136140451	1395136140451	OK	 
ACTION	Pricing	37	price	1395136138815	1395136138815	1395136140484	1395136140484	OK	 
ACTION	Pricing	12	price	1395136138846	1395136138847	1395136140518	1395136140519	OK	 
ACTION	Pricing	15	price	1395136138896	1395136138896	1395136140552	1395136140552	OK	 
ACTION	Pricing	25	price	1395136138934	1395136138934	1395136140584	1395136140584	OK	 
ACTION	Pricing	13	price	1395136138959	1395136138959	1395136140616	1395136140616	OK	 
ACTION	Pricing	33	price	1395136138989	1395136138990	1395136140647	1395136140647	OK	 
ACTION	Pricing	16	price	1395136139023	1395136139023	1395136140679	1395136140679	OK	 
ACTION	Pricing	39	price	1395136139053	1395136139054	1395136140713	1395136140714	OK	 
ACTION	Pricing	31	price	1395136139087	1395136139087	1395136140751	1395136140751	OK	 
ACTION	Pricing	3	price	1395136139119	1395136139120	1395136140806	1395136140806	OK	 
ACTION	Pricing	8	price	1395136139151	1395136139151	1395136140831	1395136140831	OK	 
ACTION	Pricing	35	price	1395136139182	1395136139182	1395136140867	1395136140867	OK	 
ACTION	Pricing	47	price	1395136139216	1395136139217	1395136140904	1395136140904	OK	 
ACTION	Pricing	43	price	1395136139257	1395136139258	1395136140941	1395136140941	OK	 
ACTION	Pricing	2	price	1395136139286	1395136139287	1395136140972	1395136140972	OK	 
ACTION	Pricing	22	price	1395136139319	1395136139320	1395136141004	1395136141004	OK	 
ACTION	Pricing	23	price	1395136139349	1395136139350	1395136141037	1395136141037	OK	 
ACTION	Pricing	19	price	1395136139384	1395136139385	1395136141074	1395136141074	OK	 
ACTION	Pricing	10	price	1395136139417	1395136139418	1395136141107	1395136141107	OK	 
ACTION	Pricing	11	price	1395136139449	1395136139449	1395136141139	1395136141139	OK	 
ACTION	Pricing	30	price	1395136139484	1395136139484	1395136141171	1395136141171	OK	 
ACTION	Pricing	32	price	1395136139518	1395136139518	1395136141202	1395136141202	OK	 
ACTION	Pricing	34	price	1395136139552	1395136139553	1395136141234	1395136141234	OK	 
ACTION	Pricing	20	price	1395136139589	1395136139590	1395136141267	1395136141267	OK	 
ACTION	Pricing	1	price	1395136139625	1395136139626	1395136141299	1395136141299	OK	 
ACTION	Pricing	24	price	1395136139661	1395136139661	1395136141335	1395136141335	OK	 
ACTION	Pricing	6	price	1395136139695	1395136139696	1395136141368	1395136141368	OK	 
ACTION	Pricing	45	price	1395136139734	1395136139734	1395136141401	1395136141401	OK	 
ACTION	Pricing	41	price	1395136139766	1395136139766	1395136141435	1395136141435	OK	 
ACTION	Pricing	9	price	1395136139804	1395136139805	1395136141466	1395136141466	OK	 
ACTION	Pricing	5	price	1395136139834	1395136139834	1395136141499	1395136141499	OK	 
ACTION	Pricing	4	price	1395136139868	1395136139869	1395136141534	1395136141535	OK	 
ACTION	Pricing	7	price	1395136139900	1395136139901	1395136141571	1395136141571	OK	 
ACTION	Pricing	38	price	1395136139933	1395136139934	1395136141608	1395136141609	OK	 
ACTION	Pricing	46	price	1395136139962	1395136139962	1395136141644	1395136141644	OK	 
ACTION	Pricing	18	price	1395136139999	1395136139999	1395136141683	1395136141683	OK	 
ACTION	Pricing	36	price	1395136140030	1395136140030	1395136141718	1395136141719	OK	 
ACTION	Pricing	49	price	1395136140066	1395136140066	1395136141751	1395136141751	OK	 
ACTION	Pricing	50	price	1395136140095	1395136140096	1395136141785	1395136141785	OK	 
ACTION	Pricing	28	price	1395136140129	1395136140130	1395136141821	1395136141821	OK	 
ACTION	Pricing	26	price	1395136140161	1395136140161	1395136141854	1395136141855	OK	 
ACTION	Pricing	42	price	1395136140193	1395136140194	1395136141889	1395136141889	OK	 
ACTION	Pricing	21	price	1395136140226	1395136140226	1395136141924	1395136141924	OK	 
ACTION	Pricing	40	price	1395136140261	1395136140261	1395136141957	1395136141957	OK	 
ACTION	Pricing	44	price	1395136140294	1395136140295	1395136141997	1395136141997	OK	 
ACTION	Pricing	17	price	1395136140324	1395136140325	1395136142036	1395136142036	OK	 
ACTION	Pricing	29	price	1395136140357	1395136140358	1395136142071	1395136142072	OK	 
ACTION	Pricing	27	price	1395136140388	1395136140389	1395136142108	1395136142108	OK	 
ACTION	Pricing	14	price	1395136140421	1395136140422	1395136142145	1395136142145	OK	 
ACTION	Pricing	48	price	1395136140453	1395136140453	1395136142180	1395136142181	OK	 
ACTION	Pricing	37	price	1395136140485	1395136140486	1395136142219	1395136142219	OK	 
ACTION	Pricing	12	price	1395136140520	1395136140520	1395136142259	1395136142259	OK	 
ACTION	Pricing	15	price	1395136140553	1395136140554	1395136142288	1395136142289	OK	 
ACTION	Pricing	25	price	1395136140585	1395136140586	1395136142324	1395136142324	OK	 
ACTION	Pricing	13	price	1395136140617	1395136140618	1395136142358	1395136142358	OK	 
ACTION	Pricing	33	price	1395136140649	1395136140649	1395136142391	1395136142391	OK	 
ACTION	Pricing	16	price	1395136140680	1395136140681	1395136142424	1395136142425	OK	 
ACTION	Pricing	39	price	1395136140715	1395136140715	1395136142456	1395136142456	OK	 
ACTION	Pricing	31	price	1395136140752	1395136140753	1395136142492	1395136142492	OK	 
ACTION	Pricing	3	price	1395136140808	1395136140809	1395136142522	1395136142522	OK	 
ACTION	Pricing	8	price	1395136140833	1395136140833	1395136142553	1395136142554	OK	 
ACTION	Pricing	35	price	1395136140869	1395136140869	1395136142584	1395136142584	OK	 
ACTION	Pricing	47	price	1395136140906	1395136140906	1395136142621	1395136142621	OK	 
ACTION	Pricing	43	price	1395136140943	1395136140944	1395136142652	1395136142652	OK	 
ACTION	Pricing	2	price	1395136140974	1395136140974	1395136142687	1395136142687	OK	 
ACTION	Pricing	22	price	1395136141005	1395136141006	1395136142717	1395136142717	OK	 
ACTION	Pricing	23	price	1395136141038	1395136141039	1395136142750	1395136142750	OK	 
ACTION	Pricing	19	price	1395136141076	1395136141076	1395136142787	1395136142787	OK	 
ACTION	Pricing	10	price	1395136141108	1395136141109	1395136142819	1395136142820	OK	 
ACTION	Pricing	11	price	1395136141140	1395136141141	1395136142850	1395136142850	OK	 
ACTION	Pricing	30	price	1395136141172	1395136141173	1395136142886	1395136142887	OK	 
ACTION	Pricing	32	price	1395136141204	1395136141204	1395136142919	1395136142920	OK	 
ACTION	Pricing	34	price	1395136141236	1395136141236	1395136142954	1395136142954	OK	 
ACTION	Pricing	20	price	1395136141269	1395136141269	1395136142984	1395136142985	OK	 
ACTION	Pricing	1	price	1395136141300	1395136141301	1395136143019	1395136143019	OK	 
ACTION	Pricing	24	price	1395136141337	1395136141337	1395136143053	1395136143053	OK	 
ACTION	Pricing	6	price	1395136141370	1395136141370	1395136143084	1395136143084	OK	 
ACTION	Pricing	45	price	1395136141403	1395136141403	1395136143115	1395136143115	OK	 
ACTION	Pricing	41	price	1395136141437	1395136141437	1395136143147	1395136143147	OK	 
ACTION	Pricing	9	price	1395136141468	1395136141468	1395136143185	1395136143185	OK	 
ACTION	Pricing	5	price	1395136141500	1395136141502	1395136143218	1395136143218	OK	 
ACTION	Pricing	4	price	1395136141536	1395136141537	1395136143257	1395136143258	OK	 
ACTION	Pricing	7	price	1395136141573	1395136141573	1395136143290	1395136143290	OK	 
ACTION	Pricing	38	price	1395136141610	1395136141611	1395136143322	1395136143322	OK	 
ACTION	Pricing	46	price	1395136141646	1395136141647	1395136143356	1395136143356	OK	 
ACTION	Pricing	18	price	1395136141685	1395136141685	1395136143389	1395136143389	OK	 
ACTION	Pricing	36	price	1395136141720	1395136141720	1395136143424	1395136143424	OK	 
ACTION	Pricing	49	price	1395136141752	1395136141753	1395136143457	1395136143457	OK	 
ACTION	Pricing	50	price	1395136141786	1395136141787	1395136143489	1395136143489	OK	 
ACTION	Pricing	28	price	1395136141822	1395136141824	1395136143524	1395136143524	OK	 
ACTION	Pricing	26	price	1395136141856	1395136141856	1395136143558	1395136143559	OK	 
ACTION	Pricing	42	price	1395136141891	1395136141891	1395136143600	1395136143601	OK	 
ACTION	Pricing	21	price	1395136141925	1395136141926	1395136143632	1395136143633	OK	 
ACTION	Pricing	40	price	1395136141959	1395136141959	1395136143666	1395136143666	OK	 
ACTION	Pricing	44	price	1395136141999	1395136141999	1395136143698	1395136143699	OK	 
ACTION	Pricing	17	price	1395136142038	1395136142038	1395136143732	1395136143732	OK	 
ACTION	Pricing	29	price	1395136142073	1395136142074	1395136143765	1395136143766	OK	 
ACTION	Pricing	27	price	1395136142110	1395136142110	1395136143797	1395136143797	OK	 
ACTION	Pricing	14	price	1395136142147	1395136142148	1395136143828	1395136143829	OK	 
ACTION	Pricing	48	price	1395136142183	1395136142184	1395136143864	1395136143865	OK	 
ACTION	Pricing	37	price	1395136142221	1395136142221	1395136143901	1395136143901	OK	 
ACTION	Pricing	12	price	1395136142261	1395136142261	1395136143934	1395136143934	OK	 
ACTION	Pricing	15	price	1395136142291	1395136142291	1395136143968	1395136143968	OK	 
ACTION	Pricing	25	price	1395136142325	1395136142326	1395136144003	1395136144003	OK	 
ACTION	Pricing	13	price	1395136142360	1395136142360	1395136144035	1395136144036	OK	 
ACTION	Pricing	33	price	1395136142392	1395136142392	1395136144070	1395136144071	OK	 
ACTION	Pricing	16	price	1395136142426	1395136142426	1395136144105	1395136144105	OK	 
ACTION	Pricing	39	price	1395136142457	1395136142458	1395136144136	1395136144137	OK	 
ACTION	Pricing	31	price	1395136142493	1395136142494	1395136144169	1395136144169	OK	 
ACTION	Pricing	3	price	1395136142523	1395136142524	1395136144202	1395136144202	OK	 
ACTION	Pricing	8	price	1395136142555	1395136142555	1395136144234	1395136144234	OK	 
ACTION	Pricing	35	price	1395136142585	1395136142586	1395136144267	1395136144267	OK	 
ACTION	Pricing	47	price	1395136142622	1395136142623	1395136144301	1395136144301	OK	 
ACTION	Pricing	43	price	1395136142654	1395136142654	1395136144334	1395136144334	OK	 
ACTION	Pricing	2	price	1395136142689	1395136142689	1395136144364	1395136144365	OK	 
ACTION	Pricing	22	price	1395136142719	1395136142719	1395136144398	1395136144398	OK	 
ACTION	Pricing	23	price	1395136142751	1395136142752	1395136144430	1395136144430	OK	 
ACTION	Pricing	19	price	1395136142789	1395136142789	1395136144462	1395136144462	OK	 
ACTION	Pricing	10	price	1395136142821	1395136142822	1395136144497	1395136144498	OK	 
ACTION	Pricing	11	price	1395136142851	1395136142851	1395136144530	1395136144530	OK	 
ACTION	Pricing	30	price	1395136142888	1395136142888	1395136144563	1395136144563	OK	 
ACTION	Pricing	32	price	1395136142921	1395136142921	1395136144600	1395136144601	OK	 
ACTION	Pricing	34	price	1395136142956	1395136142956	1395136144637	1395136144637	OK	 
ACTION	Pricing	20	price	1395136142987	1395136142987	1395136144669	1395136144669	OK	 
ACTION	Pricing	1	price	1395136143020	1395136143020	1395136144701	1395136144701	OK	 
ACTION	Pricing	24	price	1395136143054	1395136143055	1395136144734	1395136144734	OK	 
ACTION	Pricing	6	price	1395136143085	1395136143085	1395136144767	1395136144767	OK	 
ACTION	Pricing	45	price	1395136143117	1395136143117	1395136144799	1395136144799	OK	 
ACTION	Pricing	41	price	1395136143149	1395136143149	1395136144829	1395136144829	OK	 
ACTION	Pricing	9	price	1395136143187	1395136143187	1395136144862	1395136144863	OK	 
ACTION	Pricing	5	price	1395136143219	1395136143220	1395136144898	1395136144898	OK	 
ACTION	Pricing	4	price	1395136143259	1395136143259	1395136144933	1395136144933	OK	 
ACTION	Pricing	7	price	1395136143291	1395136143292	1395136144966	1395136144966	OK	 
ACTION	Pricing	38	price	1395136143323	1395136143324	1395136145000	1395136145000	OK	 
ACTION	Pricing	46	price	1395136143358	1395136143358	1395136145034	1395136145034	OK	 
ACTION	Pricing	18	price	1395136143391	1395136143391	1395136145081	1395136145081	OK	 
ACTION	Pricing	36	price	1395136143425	1395136143425	1395136145112	1395136145113	OK	 
ACTION	Pricing	49	price	1395136143458	1395136143459	1395136145151	1395136145151	OK	 
ACTION	Pricing	50	price	1395136143491	1395136143491	1395136145226	1395136145226	OK	 
ACTION	Pricing	28	price	1395136143526	1395136143527	1395136145240	1395136145240	OK	 
ACTION	Pricing	26	price	1395136143560	1395136143560	1395136145283	1395136145283	OK	 
ACTION	Pricing	42	price	1395136143602	1395136143603	1395136145317	1395136145317	OK	 
ACTION	Pricing	21	price	1395136143635	1395136143635	1395136145352	1395136145352	OK	 
ACTION	Pricing	40	price	1395136143668	1395136143668	1395136145380	1395136145380	OK	 
ACTION	Pricing	44	price	1395136143700	1395136143700	1395136145414	1395136145414	OK	 
ACTION	Pricing	17	price	1395136143733	1395136143734	1395136145449	1395136145449	OK	 
ACTION	Pricing	29	price	1395136143767	1395136143768	1395136145480	1395136145480	OK	 
ACTION	Pricing	27	price	1395136143799	1395136143799	1395136145511	1395136145511	OK	 
ACTION	Pricing	14	price	1395136143830	1395136143831	1395136145543	1395136145544	OK	 
ACTION	Pricing	48	price	1395136143866	1395136143867	1395136145576	1395136145576	OK	 
ACTION	Pricing	37	price	1395136143903	1395136143903	1395136145610	1395136145610	OK	 
ACTION	Pricing	12	price	1395136143936	1395136143936	1395136145645	1395136145645	OK	 
ACTION	Pricing	15	price	1395136143970	1395136143970	1395136145679	1395136145679	OK	 
ACTION	Pricing	25	price	1395136144005	1395136144006	1395136145714	1395136145722	OK	 
ACTION	Pricing	13	price	1395136144037	1395136144037	1395136145755	1395136145755	OK	 
ACTION	Pricing	33	price	1395136144072	1395136144072	1395136145788	1395136145788	OK	 
ACTION	Pricing	16	price	1395136144107	1395136144107	1395136145824	1395136145824	OK	 
ACTION	Pricing	39	price	1395136144138	1395136144138	1395136145856	1395136145856	OK	 
ACTION	Pricing	31	price	1395136144171	1395136144171	1395136145890	1395136145890	OK	 
ACTION	Pricing	3	price	1395136144203	1395136144204	1395136145926	1395136145927	OK	 
ACTION	Pricing	8	price	1395136144235	1395136144235	1395136145962	1395136145962	OK	 
ACTION	Pricing	35	price	1395136144269	1395136144269	1395136145996	1395136145996	OK	 
ACTION	Pricing	47	price	1395136144303	1395136144303	1395136146031	1395136146032	OK	 
ACTION	Pricing	43	price	1395136144335	1395136144336	1395136146064	1395136146064	OK	 
ACTION	Pricing	2	price	1395136144366	1395136144366	1395136146098	1395136146099	OK	 
ACTION	Pricing	22	price	1395136144399	1395136144400	1395136146130	1395136146131	OK	 
ACTION	Pricing	23	price	1395136144432	1395136144432	1395136146166	1395136146166	OK	 
ACTION	Pricing	19	price	1395136144463	1395136144463	1395136146198	1395136146199	OK	 
ACTION	Pricing	10	price	1395136144499	1395136144499	1395136146233	1395136146233	OK	 
ACTION	Pricing	11	price	1395136144532	1395136144532	1395136146263	1395136146264	OK	 
ACTION	Pricing	30	price	1395136144566	1395136144566	1395136146298	1395136146298	OK	 
ACTION	Pricing	32	price	1395136144603	1395136144603	1395136146333	1395136146333	OK	 
ACTION	Pricing	34	price	1395136144639	1395136144639	1395136146365	1395136146365	OK	 
ACTION	Pricing	20	price	1395136144671	1395136144671	1395136146401	1395136146401	OK	 
ACTION	Pricing	1	price	1395136144702	1395136144703	1395136146432	1395136146432	OK	 
ACTION	Pricing	24	price	1395136144735	1395136144736	1395136146467	1395136146468	OK	 
ACTION	Pricing	6	price	1395136144768	1395136144769	1395136146499	1395136146499	OK	 
ACTION	Pricing	45	price	1395136144800	1395136144801	1395136146531	1395136146531	OK	 
ACTION	Pricing	41	price	1395136144830	1395136144830	1395136146564	1395136146565	OK	 
ACTION	Pricing	9	price	1395136144864	1395136144864	1395136146595	1395136146595	OK	 
ACTION	Pricing	5	price	1395136144899	1395136144899	1395136146627	1395136146627	OK	 
ACTION	Pricing	4	price	1395136144934	1395136144935	1395136146659	1395136146659	OK	 
ACTION	Pricing	7	price	1395136144968	1395136144968	1395136146693	1395136146693	OK	 
ACTION	Pricing	38	price	1395136145002	1395136145002	1395136146727	1395136146728	OK	 
ACTION	Pricing	46	price	1395136145036	1395136145036	1395136146767	1395136146767	OK	 
ACTION	Pricing	18	price	1395136145083	1395136145083	1395136146831	1395136146831	OK	 
ACTION	Pricing	36	price	1395136145115	1395136145115	1395136146844	1395136146845	OK	 
ACTION	Pricing	49	price	1395136145153	1395136145153	1395136146890	1395136146890	OK	 
ACTION	Pricing	50	price	1395136145228	1395136145228	1395136146924	1395136146924	OK	 
ACTION	Pricing	28	price	1395136145242	1395136145243	1395136146969	1395136146969	OK	 
ACTION	Pricing	26	price	1395136145284	1395136145286	1395136147003	1395136147003	OK	 
ACTION	Pricing	42	price	1395136145319	1395136145319	1395136147037	1395136147037	OK	 
ACTION	Pricing	21	price	1395136145353	1395136145354	1395136147096	1395136147096	OK	 
ACTION	Pricing	40	price	1395136145382	1395136145382	1395136147113	1395136147113	OK	 
ACTION	Pricing	44	price	1395136145416	1395136145416	1395136147187	1395136147187	OK	 
ACTION	Pricing	17	price	1395136145450	1395136145450	1395136147198	1395136147199	OK	 
ACTION	Pricing	29	price	1395136145481	1395136145482	1395136147249	1395136147249	OK	 
ACTION	Pricing	27	price	1395136145512	1395136145513	1395136147273	1395136147274	OK	 
ACTION	Pricing	14	price	1395136145545	1395136145546	1395136147305	1395136147306	OK	 
ACTION	Pricing	48	price	1395136145578	1395136145578	1395136147338	1395136147338	OK	 
ACTION	Pricing	37	price	1395136145611	1395136145612	1395136147369	1395136147370	OK	 
ACTION	Pricing	12	price	1395136145647	1395136145647	1395136147403	1395136147403	OK	 
ACTION	Pricing	15	price	1395136145681	1395136145681	1395136147434	1395136147434	OK	 
ACTION	Pricing	25	price	1395136145724	1395136145724	1395136147465	1395136147465	OK	 
ACTION	Pricing	13	price	1395136145757	1395136145757	1395136147511	1395136147511	OK	 
ACTION	Pricing	33	price	1395136145789	1395136145790	1395136147549	1395136147549	OK	 
ACTION	Pricing	16	price	1395136145826	1395136145826	1395136147582	1395136147583	OK	 
ACTION	Pricing	39	price	1395136145857	1395136145857	1395136147613	1395136147614	OK	 
ACTION	Pricing	31	price	1395136145892	1395136145892	1395136147649	1395136147649	OK	 
ACTION	Pricing	3	price	1395136145928	1395136145928	1395136147681	1395136147681	OK	 
ACTION	Pricing	8	price	1395136145963	1395136145964	1395136147714	1395136147714	OK	 
ACTION	Pricing	35	price	1395136145998	1395136145998	1395136147748	1395136147748	OK	 
ACTION	Pricing	47	price	1395136146033	1395136146034	1395136147791	1395136147791	OK	 
ACTION	Pricing	43	price	1395136146066	1395136146066	1395136147821	1395136147821	OK	 
ACTION	Pricing	2	price	1395136146100	1395136146100	1395136147854	1395136147854	OK	 
ACTION	Pricing	22	price	1395136146132	1395136146133	1395136147887	1395136147887	OK	 
ACTION	Pricing	23	price	1395136146168	1395136146168	1395136147918	1395136147918	OK	 
ACTION	Pricing	19	price	1395136146200	1395136146201	1395136147951	1395136147951	OK	 
ACTION	Pricing	10	price	1395136146234	1395136146235	1395136147986	1395136147986	OK	 
ACTION	Pricing	11	price	1395136146265	1395136146265	1395136148018	1395136148018	OK	 
ACTION	Pricing	30	price	1395136146299	1395136146299	1395136148050	1395136148050	OK	 
ACTION	Pricing	32	price	1395136146334	1395136146335	1395136148086	1395136148086	OK	 
ACTION	Pricing	34	price	1395136146367	1395136146367	1395136148122	1395136148122	OK	 
ACTION	Pricing	20	price	1395136146402	1395136146403	1395136148155	1395136148156	OK	 
ACTION	Pricing	1	price	1395136146434	1395136146434	1395136148190	1395136148190	OK	 
ACTION	Pricing	24	price	1395136146469	1395136146470	1395136148224	1395136148224	OK	 
ACTION	Pricing	6	price	1395136146500	1395136146501	1395136148261	1395136148262	OK	 
ACTION	Pricing	45	price	1395136146532	1395136146532	1395136148299	1395136148300	OK	 
ACTION	Pricing	41	price	1395136146566	1395136146566	1395136148340	1395136148341	OK	 
ACTION	Pricing	9	price	1395136146597	1395136146597	1395136148378	1395136148379	OK	 
SCENARIO	Pricing	9	END	1395136148382
ACTION	Pricing	5	price	1395136146628	1395136146629	1395136148415	1395136148416	OK	 
SCENARIO	Pricing	5	END	1395136148416
ACTION	Pricing	4	price	1395136146660	1395136146661	1395136148453	1395136148454	OK	 
SCENARIO	Pricing	4	END	1395136148455
ACTION	Pricing	7	price	1395136146694	1395136146695	1395136148487	1395136148487	OK	 
SCENARIO	Pricing	7	END	1395136148488
ACTION	Pricing	38	price	1395136146729	1395136146729	1395136148517	1395136148517	OK	 
SCENARIO	Pricing	38	END	1395136148517
ACTION	Pricing	46	price	1395136146769	1395136146769	1395136148553	1395136148553	OK	 
SCENARIO	Pricing	46	END	1395136148554
ACTION	Pricing	18	price	1395136146832	1395136146833	1395136148587	1395136148588	OK	 
SCENARIO	Pricing	18	END	1395136148588
ACTION	Pricing	36	price	1395136146847	1395136146847	1395136148619	1395136148619	OK	 
SCENARIO	Pricing	36	END	1395136148620
ACTION	Pricing	49	price	1395136146891	1395136146892	1395136148655	1395136148655	OK	 
SCENARIO	Pricing	49	END	1395136148656
ACTION	Pricing	50	price	1395136146925	1395136146926	1395136148687	1395136148687	OK	 
SCENARIO	Pricing	50	END	1395136148687
ACTION	Pricing	28	price	1395136146970	1395136146971	1395136148719	1395136148719	OK	 
SCENARIO	Pricing	28	END	1395136148725
ACTION	Pricing	26	price	1395136147005	1395136147006	1395136148751	1395136148752	OK	 
SCENARIO	Pricing	26	END	1395136148752
ACTION	Pricing	42	price	1395136147039	1395136147039	1395136148783	1395136148784	OK	 
SCENARIO	Pricing	42	END	1395136148785
ACTION	Pricing	21	price	1395136147098	1395136147098	1395136148818	1395136148818	OK	 
SCENARIO	Pricing	21	END	1395136148819
ACTION	Pricing	40	price	1395136147115	1395136147115	1395136148852	1395136148852	OK	 
SCENARIO	Pricing	40	END	1395136148853
ACTION	Pricing	44	price	1395136147188	1395136147189	1395136148883	1395136148883	OK	 
SCENARIO	Pricing	44	END	1395136148884
ACTION	Pricing	17	price	1395136147200	1395136147200	1395136148916	1395136148916	OK	 
SCENARIO	Pricing	17	END	1395136148917
ACTION	Pricing	29	price	1395136147250	1395136147251	1395136148948	1395136148948	OK	 
SCENARIO	Pricing	29	END	1395136148949
ACTION	Pricing	27	price	1395136147278	1395136147278	1395136148982	1395136148982	OK	 
SCENARIO	Pricing	27	END	1395136148982
ACTION	Pricing	14	price	1395136147307	1395136147308	1395136149017	1395136149017	OK	 
SCENARIO	Pricing	14	END	1395136149018
ACTION	Pricing	48	price	1395136147340	1395136147340	1395136149056	1395136149056	OK	 
SCENARIO	Pricing	48	END	1395136149057
ACTION	Pricing	37	price	1395136147371	1395136147371	1395136149091	1395136149091	OK	 
SCENARIO	Pricing	37	END	1395136149092
ACTION	Pricing	12	price	1395136147405	1395136147405	1395136149125	1395136149126	OK	 
SCENARIO	Pricing	12	END	1395136149126
ACTION	Pricing	15	price	1395136147435	1395136147436	1395136149155	1395136149156	OK	 
SCENARIO	Pricing	15	END	1395136149157
ACTION	Pricing	25	price	1395136147466	1395136147467	1395136149191	1395136149191	OK	 
SCENARIO	Pricing	25	END	1395136149192
ACTION	Pricing	13	price	1395136147513	1395136147513	1395136149226	1395136149227	OK	 
SCENARIO	Pricing	13	END	1395136149227
ACTION	Pricing	33	price	1395136147550	1395136147551	1395136149269	1395136149270	OK	 
SCENARIO	Pricing	33	END	1395136149270
ACTION	Pricing	16	price	1395136147584	1395136147584	1395136149302	1395136149302	OK	 
SCENARIO	Pricing	16	END	1395136149302
ACTION	Pricing	39	price	1395136147621	1395136147621	1395136149335	1395136149335	OK	 
SCENARIO	Pricing	39	END	1395136149336
ACTION	Pricing	31	price	1395136147650	1395136147651	1395136149367	1395136149368	OK	 
SCENARIO	Pricing	31	END	1395136149368
ACTION	Pricing	3	price	1395136147683	1395136147683	1395136149398	1395136149398	OK	 
SCENARIO	Pricing	3	END	1395136149399
ACTION	Pricing	8	price	1395136147716	1395136147716	1395136149431	1395136149431	OK	 
SCENARIO	Pricing	8	END	1395136149431
ACTION	Pricing	35	price	1395136147749	1395136147749	1395136149467	1395136149467	OK	 
SCENARIO	Pricing	35	END	1395136149468
ACTION	Pricing	47	price	1395136147792	1395136147793	1395136149501	1395136149501	OK	 
SCENARIO	Pricing	47	END	1395136149501
ACTION	Pricing	43	price	1395136147822	1395136147823	1395136149534	1395136149534	OK	 
SCENARIO	Pricing	43	END	1395136149535
ACTION	Pricing	2	price	1395136147855	1395136147856	1395136149567	1395136149568	OK	 
SCENARIO	Pricing	2	END	1395136149568
ACTION	Pricing	22	price	1395136147888	1395136147889	1395136149600	1395136149600	OK	 
SCENARIO	Pricing	22	END	1395136149601
ACTION	Pricing	23	price	1395136147919	1395136147920	1395136149634	1395136149634	OK	 
SCENARIO	Pricing	23	END	1395136149635
ACTION	Pricing	19	price	1395136147952	1395136147953	1395136149669	1395136149669	OK	 
SCENARIO	Pricing	19	END	1395136149670
ACTION	Pricing	10	price	1395136147987	1395136147987	1395136149702	1395136149702	OK	 
SCENARIO	Pricing	10	END	1395136149703
ACTION	Pricing	11	price	1395136148019	1395136148020	1395136149735	1395136149735	OK	 
SCENARIO	Pricing	11	END	1395136149736
ACTION	Pricing	30	price	1395136148052	1395136148052	1395136149771	1395136149771	OK	 
SCENARIO	Pricing	30	END	1395136149772
ACTION	Pricing	32	price	1395136148087	1395136148088	1395136149804	1395136149804	OK	 
SCENARIO	Pricing	32	END	1395136149805
ACTION	Pricing	34	price	1395136148123	1395136148124	1395136149837	1395136149837	OK	 
SCENARIO	Pricing	34	END	1395136149837
ACTION	Pricing	20	price	1395136148157	1395136148158	1395136149873	1395136149873	OK	 
SCENARIO	Pricing	20	END	1395136149874
ACTION	Pricing	1	price	1395136148192	1395136148192	1395136149905	1395136149905	OK	 
SCENARIO	Pricing	1	END	1395136149906
ACTION	Pricing	24	price	1395136148226	1395136148227	1395136149939	1395136149940	OK	 
SCENARIO	Pricing	24	END	1395136149940
ACTION	Pricing	6	price	1395136148263	1395136148264	1395136149970	1395136149970	OK	 
SCENARIO	Pricing	6	END	1395136149971
ACTION	Pricing	45	price	1395136148301	1395136148302	1395136150001	1395136150002	OK	 
SCENARIO	Pricing	45	END	1395136150002
ACTION	Pricing	41	price	1395136148342	1395136148343	1395136150033	1395136150033	OK	 
SCENARIO	Pricing	41	END	1395136150034
