RUN	20140318125829	pricingsimulation	pricingsimulation
SCENARIO	Pricing	1	START	1395147511837
SCENARIO	Pricing	54	START	1395147511878
SCENARIO	Pricing	81	START	1395147511878
SCENARIO	Pricing	91	START	1395147511878
SCENARIO	Pricing	90	START	1395147511878
SCENARIO	Pricing	9	START	1395147511878
SCENARIO	Pricing	6	START	1395147511878
SCENARIO	Pricing	14	START	1395147511878
SCENARIO	Pricing	38	START	1395147511878
SCENARIO	Pricing	98	START	1395147511878
SCENARIO	Pricing	8	START	1395147511878
SCENARIO	Pricing	96	START	1395147511879
SCENARIO	Pricing	3	START	1395147511879
SCENARIO	Pricing	39	START	1395147511879
SCENARIO	Pricing	12	START	1395147511879
SCENARIO	Pricing	25	START	1395147511879
SCENARIO	Pricing	21	START	1395147511879
SCENARIO	Pricing	51	START	1395147511879
SCENARIO	Pricing	18	START	1395147511879
SCENARIO	Pricing	58	START	1395147511879
SCENARIO	Pricing	83	START	1395147511879
SCENARIO	Pricing	32	START	1395147511880
SCENARIO	Pricing	10	START	1395147511880
SCENARIO	Pricing	55	START	1395147511880
SCENARIO	Pricing	94	START	1395147511880
SCENARIO	Pricing	30	START	1395147511880
SCENARIO	Pricing	59	START	1395147511880
SCENARIO	Pricing	77	START	1395147511880
SCENARIO	Pricing	28	START	1395147511880
SCENARIO	Pricing	43	START	1395147511880
SCENARIO	Pricing	69	START	1395147511880
SCENARIO	Pricing	67	START	1395147511881
SCENARIO	Pricing	74	START	1395147511881
SCENARIO	Pricing	52	START	1395147511881
SCENARIO	Pricing	27	START	1395147511881
SCENARIO	Pricing	41	START	1395147511881
SCENARIO	Pricing	17	START	1395147511881
SCENARIO	Pricing	60	START	1395147511881
SCENARIO	Pricing	82	START	1395147511881
SCENARIO	Pricing	61	START	1395147511881
SCENARIO	Pricing	4	START	1395147511881
SCENARIO	Pricing	75	START	1395147511882
SCENARIO	Pricing	22	START	1395147511882
SCENARIO	Pricing	95	START	1395147511882
SCENARIO	Pricing	11	START	1395147511882
SCENARIO	Pricing	36	START	1395147511882
SCENARIO	Pricing	23	START	1395147511882
SCENARIO	Pricing	65	START	1395147511882
SCENARIO	Pricing	80	START	1395147511882
SCENARIO	Pricing	34	START	1395147511882
SCENARIO	Pricing	35	START	1395147511882
SCENARIO	Pricing	20	START	1395147511883
SCENARIO	Pricing	15	START	1395147511883
SCENARIO	Pricing	53	START	1395147511883
SCENARIO	Pricing	44	START	1395147511883
SCENARIO	Pricing	29	START	1395147511883
SCENARIO	Pricing	99	START	1395147511883
SCENARIO	Pricing	48	START	1395147511883
SCENARIO	Pricing	78	START	1395147511883
SCENARIO	Pricing	86	START	1395147511883
SCENARIO	Pricing	31	START	1395147511883
SCENARIO	Pricing	2	START	1395147511884
SCENARIO	Pricing	87	START	1395147511884
SCENARIO	Pricing	49	START	1395147511884
SCENARIO	Pricing	85	START	1395147511884
SCENARIO	Pricing	37	START	1395147511884
SCENARIO	Pricing	84	START	1395147511885
SCENARIO	Pricing	47	START	1395147511885
SCENARIO	Pricing	93	START	1395147511886
SCENARIO	Pricing	16	START	1395147511886
SCENARIO	Pricing	62	START	1395147511887
SCENARIO	Pricing	42	START	1395147511887
SCENARIO	Pricing	13	START	1395147511887
SCENARIO	Pricing	57	START	1395147511887
SCENARIO	Pricing	64	START	1395147511887
SCENARIO	Pricing	76	START	1395147511887
SCENARIO	Pricing	92	START	1395147511888
SCENARIO	Pricing	45	START	1395147511892
SCENARIO	Pricing	79	START	1395147511892
SCENARIO	Pricing	72	START	1395147511892
SCENARIO	Pricing	89	START	1395147511892
SCENARIO	Pricing	68	START	1395147511892
SCENARIO	Pricing	70	START	1395147511893
SCENARIO	Pricing	97	START	1395147511893
SCENARIO	Pricing	46	START	1395147511893
SCENARIO	Pricing	19	START	1395147511893
SCENARIO	Pricing	73	START	1395147511893
SCENARIO	Pricing	26	START	1395147511893
SCENARIO	Pricing	66	START	1395147511893
SCENARIO	Pricing	63	START	1395147511893
SCENARIO	Pricing	5	START	1395147511893
SCENARIO	Pricing	50	START	1395147511893
SCENARIO	Pricing	71	START	1395147511893
SCENARIO	Pricing	24	START	1395147511893
SCENARIO	Pricing	7	START	1395147511893
SCENARIO	Pricing	88	START	1395147511893
SCENARIO	Pricing	33	START	1395147511894
SCENARIO	Pricing	56	START	1395147511894
SCENARIO	Pricing	100	START	1395147511894
SCENARIO	Pricing	40	START	1395147511894
ACTION	Pricing	76	price	1395147512114	1395147512117	1395147522516	1395147522531	OK	 
ACTION	Pricing	96	price	1395147511949	1395147511977	1395147522529	1395147522529	OK	 
ACTION	Pricing	33	price	1395147512130	1395147512139	1395147522516	1395147522523	OK	 
ACTION	Pricing	58	price	1395147511996	1395147511998	1395147522569	1395147522569	OK	 
ACTION	Pricing	16	price	1395147512107	1395147512108	1395147522600	1395147522601	OK	 
ACTION	Pricing	98	price	1395147511944	1395147511976	1395147522638	1395147522639	OK	 
ACTION	Pricing	93	price	1395147512106	1395147512107	1395147522658	1395147522658	OK	 
ACTION	Pricing	75	price	1395147512060	1395147512060	1395147522679	1395147522679	OK	 
ACTION	Pricing	35	price	1395147512070	1395147512071	1395147522704	1395147522705	OK	 
ACTION	Pricing	4	price	1395147512059	1395147512059	1395147522723	1395147522723	OK	 
ACTION	Pricing	86	price	1395147512096	1395147512096	1395147522748	1395147522748	OK	 
ACTION	Pricing	21	price	1395147511972	1395147511993	1395147522758	1395147522758	OK	 
ACTION	Pricing	18	price	1395147511991	1395147511996	1395147522775	1395147522776	OK	 
ACTION	Pricing	13	price	1395147512110	1395147512111	1395147522795	1395147522796	OK	 
ACTION	Pricing	55	price	1395147512004	1395147512008	1395147522814	1395147522814	OK	 
ACTION	Pricing	19	price	1395147512120	1395147512135	1395147522833	1395147522833	OK	 
ACTION	Pricing	29	price	1395147512083	1395147512083	1395147522855	1395147522855	OK	 
ACTION	Pricing	85	price	1395147512101	1395147512106	1395147522876	1395147522877	OK	 
ACTION	Pricing	12	price	1395147511970	1395147511992	1395147522897	1395147522897	OK	 
ACTION	Pricing	23	price	1395147512063	1395147512067	1395147522915	1395147522916	OK	 
ACTION	Pricing	51	price	1395147511990	1395147511993	1395147522939	1395147522939	OK	 
ACTION	Pricing	63	price	1395147512123	1395147512130	1395147522954	1395147522954	OK	 
ACTION	Pricing	72	price	1395147512116	1395147512127	1395147522973	1395147522974	OK	 
ACTION	Pricing	66	price	1395147512122	1395147512130	1395147522996	1395147522996	OK	 
ACTION	Pricing	27	price	1395147512046	1395147512048	1395147523015	1395147523015	OK	 
ACTION	Pricing	68	price	1395147512118	1395147512126	1395147523034	1395147523034	OK	 
ACTION	Pricing	47	price	1395147512104	1395147512105	1395147523054	1395147523054	OK	 
ACTION	Pricing	31	price	1395147512097	1395147512098	1395147523072	1395147523072	OK	 
ACTION	Pricing	84	price	1395147512103	1395147512104	1395147523092	1395147523093	OK	 
ACTION	Pricing	42	price	1395147512110	1395147512111	1395147523114	1395147523114	OK	 
ACTION	Pricing	24	price	1395147512127	1395147512133	1395147523134	1395147523135	OK	 
ACTION	Pricing	94	price	1395147512005	1395147512008	1395147523155	1395147523155	OK	 
ACTION	Pricing	83	price	1395147511999	1395147512003	1395147523176	1395147523176	OK	 
ACTION	Pricing	81	price	1395147511937	1395147511952	1395147523196	1395147523197	OK	 
ACTION	Pricing	15	price	1395147512078	1395147512079	1395147523220	1395147523220	OK	 
ACTION	Pricing	52	price	1395147512044	1395147512046	1395147523242	1395147523242	OK	 
ACTION	Pricing	56	price	1395147512131	1395147512138	1395147523281	1395147523281	OK	 
ACTION	Pricing	64	price	1395147512113	1395147512113	1395147523288	1395147523288	OK	 
ACTION	Pricing	41	price	1395147512047	1395147512054	1395147523310	1395147523311	OK	 
ACTION	Pricing	99	price	1395147512084	1395147512085	1395147523338	1395147523338	OK	 
ACTION	Pricing	14	price	1395147511941	1395147511974	1395147523352	1395147523353	OK	 
ACTION	Pricing	2	price	1395147512098	1395147512099	1395147523373	1395147523373	OK	 
ACTION	Pricing	3	price	1395147511949	1395147511978	1395147523393	1395147523393	OK	 
ACTION	Pricing	79	price	1395147512115	1395147512120	1395147523409	1395147523409	OK	 
ACTION	Pricing	48	price	1395147512086	1395147512093	1395147523428	1395147523429	OK	 
ACTION	Pricing	39	price	1395147511969	1395147511989	1395147523448	1395147523449	OK	 
ACTION	Pricing	20	price	1395147512071	1395147512072	1395147523467	1395147523467	OK	 
ACTION	Pricing	61	price	1395147512057	1395147512059	1395147523486	1395147523486	OK	 
ACTION	Pricing	8	price	1395147511945	1395147511977	1395147523508	1395147523508	OK	 
ACTION	Pricing	69	price	1395147512029	1395147512034	1395147523536	1395147523536	OK	 
ACTION	Pricing	36	price	1395147512062	1395147512066	1395147523544	1395147523544	OK	 
ACTION	Pricing	57	price	1395147512111	1395147512113	1395147523566	1395147523566	OK	 
ACTION	Pricing	90	price	1395147511938	1395147511963	1395147523585	1395147523585	OK	 
ACTION	Pricing	71	price	1395147512126	1395147512132	1395147523606	1395147523606	OK	 
ACTION	Pricing	82	price	1395147512053	1395147512056	1395147523627	1395147523627	OK	 
ACTION	Pricing	70	price	1395147512118	1395147512123	1395147523647	1395147523647	OK	 
ACTION	Pricing	59	price	1395147512011	1395147512017	1395147523668	1395147523668	OK	 
ACTION	Pricing	37	price	1395147512103	1395147512104	1395147523688	1395147523688	OK	 
ACTION	Pricing	44	price	1395147512081	1395147512082	1395147523712	1395147523712	OK	 
ACTION	Pricing	7	price	1395147512128	1395147512137	1395147523728	1395147523728	OK	 
ACTION	Pricing	65	price	1395147512064	1395147512068	1395147523747	1395147523747	OK	 
ACTION	Pricing	45	price	1395147512114	1395147512121	1395147523765	1395147523766	OK	 
ACTION	Pricing	80	price	1395147512068	1395147512069	1395147523786	1395147523786	OK	 
ACTION	Pricing	54	price	1395147511922	1395147511955	1395147523807	1395147523807	OK	 
ACTION	Pricing	40	price	1395147512133	1395147512138	1395147523828	1395147523828	OK	 
ACTION	Pricing	74	price	1395147512041	1395147512043	1395147523846	1395147523846	OK	 
ACTION	Pricing	91	price	1395147511938	1395147511955	1395147523866	1395147523866	OK	 
ACTION	Pricing	89	price	1395147512117	1395147512127	1395147523886	1395147523886	OK	 
ACTION	Pricing	92	price	1395147512114	1395147512115	1395147523908	1395147523908	OK	 
ACTION	Pricing	88	price	1395147512129	1395147512139	1395147523927	1395147523928	OK	 
ACTION	Pricing	100	price	1395147512132	1395147512139	1395147523949	1395147523949	OK	 
ACTION	Pricing	60	price	1395147512050	1395147512054	1395147523968	1395147523969	OK	 
ACTION	Pricing	67	price	1395147512040	1395147512042	1395147523989	1395147523989	OK	 
ACTION	Pricing	17	price	1395147512049	1395147512053	1395147524011	1395147524011	OK	 
ACTION	Pricing	49	price	1395147512100	1395147512105	1395147524032	1395147524032	OK	 
ACTION	Pricing	73	price	1395147512121	1395147512135	1395147524052	1395147524052	OK	 
ACTION	Pricing	22	price	1395147512061	1395147512061	1395147524072	1395147524073	OK	 
ACTION	Pricing	10	price	1395147512004	1395147512007	1395147524093	1395147524093	OK	 
ACTION	Pricing	11	price	1395147512062	1395147512066	1395147524112	1395147524113	OK	 
ACTION	Pricing	38	price	1395147511942	1395147511975	1395147524132	1395147524132	OK	 
ACTION	Pricing	5	price	1395147512124	1395147512129	1395147524151	1395147524151	OK	 
ACTION	Pricing	32	price	1395147512004	1395147512004	1395147524169	1395147524169	OK	 
ACTION	Pricing	97	price	1395147512119	1395147512131	1395147524190	1395147524190	OK	 
ACTION	Pricing	6	price	1395147511940	1395147511974	1395147524210	1395147524210	OK	 
ACTION	Pricing	43	price	1395147512018	1395147512020	1395147524229	1395147524230	OK	 
ACTION	Pricing	30	price	1395147512006	1395147512011	1395147524249	1395147524250	OK	 
ACTION	Pricing	34	price	1395147512069	1395147512070	1395147524271	1395147524271	OK	 
ACTION	Pricing	50	price	1395147512125	1395147512134	1395147524292	1395147524292	OK	 
ACTION	Pricing	95	price	1395147512061	1395147512065	1395147524313	1395147524313	OK	 
ACTION	Pricing	26	price	1395147512122	1395147512136	1395147524337	1395147524337	OK	 
ACTION	Pricing	28	price	1395147512014	1395147512020	1395147524359	1395147524360	OK	 
ACTION	Pricing	62	price	1395147512108	1395147512109	1395147524380	1395147524380	OK	 
ACTION	Pricing	25	price	1395147511971	1395147511990	1395147524401	1395147524401	OK	 
ACTION	Pricing	9	price	1395147511940	1395147511963	1395147524421	1395147524421	OK	 
ACTION	Pricing	1	price	1395147511911	1395147511955	1395147524442	1395147524442	OK	 
ACTION	Pricing	53	price	1395147512080	1395147512081	1395147524465	1395147524465	OK	 
ACTION	Pricing	87	price	1395147512100	1395147512104	1395147524485	1395147524486	OK	 
ACTION	Pricing	46	price	1395147512119	1395147512134	1395147524507	1395147524507	OK	 
ACTION	Pricing	77	price	1395147512013	1395147512017	1395147524527	1395147524527	OK	 
ACTION	Pricing	78	price	1395147512095	1395147512095	1395147524544	1395147524545	OK	 
ACTION	Pricing	76	price	1395147522554	1395147522556	1395147524564	1395147524564	OK	 
ACTION	Pricing	33	price	1395147522584	1395147522585	1395147524596	1395147524596	OK	 
ACTION	Pricing	58	price	1395147522588	1395147522588	1395147524619	1395147524619	OK	 
ACTION	Pricing	96	price	1395147522583	1395147522583	1395147524648	1395147524648	OK	 
ACTION	Pricing	16	price	1395147522605	1395147522605	1395147524673	1395147524673	OK	 
ACTION	Pricing	98	price	1395147522640	1395147522641	1395147524692	1395147524692	OK	 
ACTION	Pricing	93	price	1395147522660	1395147522661	1395147524713	1395147524713	OK	 
ACTION	Pricing	75	price	1395147522681	1395147522682	1395147524738	1395147524738	OK	 
ACTION	Pricing	35	price	1395147522707	1395147522707	1395147524762	1395147524762	OK	 
ACTION	Pricing	4	price	1395147522725	1395147522726	1395147524781	1395147524781	OK	 
ACTION	Pricing	86	price	1395147522753	1395147522753	1395147524802	1395147524803	OK	 
ACTION	Pricing	21	price	1395147522760	1395147522760	1395147524826	1395147524826	OK	 
ACTION	Pricing	18	price	1395147522779	1395147522779	1395147524847	1395147524847	OK	 
ACTION	Pricing	13	price	1395147522798	1395147522799	1395147524866	1395147524867	OK	 
ACTION	Pricing	55	price	1395147522816	1395147522817	1395147524886	1395147524887	OK	 
ACTION	Pricing	19	price	1395147522835	1395147522836	1395147524905	1395147524906	OK	 
ACTION	Pricing	29	price	1395147522858	1395147522859	1395147524924	1395147524925	OK	 
ACTION	Pricing	85	price	1395147522879	1395147522880	1395147524942	1395147524942	OK	 
ACTION	Pricing	12	price	1395147522898	1395147522900	1395147524962	1395147524962	OK	 
ACTION	Pricing	23	price	1395147522918	1395147522918	1395147524996	1395147524996	OK	 
ACTION	Pricing	51	price	1395147522941	1395147522942	1395147525007	1395147525007	OK	 
ACTION	Pricing	63	price	1395147522956	1395147522957	1395147525026	1395147525026	OK	 
ACTION	Pricing	72	price	1395147522976	1395147522977	1395147525044	1395147525045	OK	 
ACTION	Pricing	66	price	1395147522998	1395147522999	1395147525064	1395147525064	OK	 
ACTION	Pricing	27	price	1395147523018	1395147523018	1395147525084	1395147525084	OK	 
ACTION	Pricing	68	price	1395147523036	1395147523037	1395147525107	1395147525107	OK	 
ACTION	Pricing	47	price	1395147523056	1395147523058	1395147525129	1395147525129	OK	 
ACTION	Pricing	31	price	1395147523075	1395147523076	1395147525150	1395147525150	OK	 
ACTION	Pricing	84	price	1395147523095	1395147523096	1395147525173	1395147525173	OK	 
ACTION	Pricing	42	price	1395147523117	1395147523118	1395147525193	1395147525194	OK	 
ACTION	Pricing	24	price	1395147523139	1395147523139	1395147525225	1395147525225	OK	 
ACTION	Pricing	94	price	1395147523158	1395147523159	1395147525252	1395147525252	OK	 
ACTION	Pricing	83	price	1395147523178	1395147523179	1395147525265	1395147525265	OK	 
ACTION	Pricing	81	price	1395147523201	1395147523201	1395147525285	1395147525286	OK	 
ACTION	Pricing	15	price	1395147523222	1395147523223	1395147525307	1395147525307	OK	 
ACTION	Pricing	52	price	1395147523244	1395147523245	1395147525327	1395147525327	OK	 
ACTION	Pricing	56	price	1395147523285	1395147523285	1395147525348	1395147525348	OK	 
ACTION	Pricing	64	price	1395147523290	1395147523291	1395147525366	1395147525366	OK	 
ACTION	Pricing	41	price	1395147523312	1395147523314	1395147525398	1395147525398	OK	 
ACTION	Pricing	99	price	1395147523342	1395147523343	1395147525410	1395147525410	OK	 
ACTION	Pricing	14	price	1395147523354	1395147523355	1395147525432	1395147525433	OK	 
ACTION	Pricing	2	price	1395147523374	1395147523375	1395147525453	1395147525453	OK	 
ACTION	Pricing	3	price	1395147523395	1395147523395	1395147525475	1395147525475	OK	 
ACTION	Pricing	79	price	1395147523412	1395147523412	1395147525493	1395147525494	OK	 
ACTION	Pricing	48	price	1395147523430	1395147523431	1395147525513	1395147525513	OK	 
ACTION	Pricing	39	price	1395147523450	1395147523451	1395147525533	1395147525533	OK	 
ACTION	Pricing	20	price	1395147523469	1395147523470	1395147525554	1395147525554	OK	 
ACTION	Pricing	61	price	1395147523488	1395147523488	1395147525576	1395147525576	OK	 
ACTION	Pricing	8	price	1395147523510	1395147523510	1395147525595	1395147525595	OK	 
ACTION	Pricing	69	price	1395147523538	1395147523539	1395147525614	1395147525614	OK	 
ACTION	Pricing	36	price	1395147523546	1395147523547	1395147525635	1395147525635	OK	 
ACTION	Pricing	57	price	1395147523567	1395147523568	1395147525653	1395147525653	OK	 
ACTION	Pricing	90	price	1395147523587	1395147523588	1395147525682	1395147525682	OK	 
ACTION	Pricing	71	price	1395147523608	1395147523609	1395147525702	1395147525703	OK	 
ACTION	Pricing	82	price	1395147523629	1395147523630	1395147525726	1395147525726	OK	 
ACTION	Pricing	70	price	1395147523649	1395147523650	1395147525745	1395147525745	OK	 
ACTION	Pricing	59	price	1395147523669	1395147523670	1395147525765	1395147525766	OK	 
ACTION	Pricing	37	price	1395147523690	1395147523691	1395147525784	1395147525784	OK	 
ACTION	Pricing	44	price	1395147523713	1395147523714	1395147525803	1395147525803	OK	 
ACTION	Pricing	7	price	1395147523730	1395147523730	1395147525823	1395147525823	OK	 
ACTION	Pricing	65	price	1395147523749	1395147523750	1395147525845	1395147525846	OK	 
ACTION	Pricing	45	price	1395147523767	1395147523768	1395147525866	1395147525866	OK	 
ACTION	Pricing	80	price	1395147523788	1395147523788	1395147525886	1395147525886	OK	 
ACTION	Pricing	54	price	1395147523810	1395147523810	1395147525906	1395147525906	OK	 
ACTION	Pricing	40	price	1395147523830	1395147523830	1395147525928	1395147525928	OK	 
ACTION	Pricing	74	price	1395147523848	1395147523848	1395147525949	1395147525949	OK	 
ACTION	Pricing	91	price	1395147523869	1395147523870	1395147525968	1395147525969	OK	 
ACTION	Pricing	89	price	1395147523887	1395147523888	1395147525991	1395147525991	OK	 
ACTION	Pricing	92	price	1395147523910	1395147523910	1395147526011	1395147526011	OK	 
ACTION	Pricing	88	price	1395147523929	1395147523930	1395147526031	1395147526031	OK	 
ACTION	Pricing	100	price	1395147523950	1395147523951	1395147526051	1395147526051	OK	 
ACTION	Pricing	60	price	1395147523970	1395147523971	1395147526074	1395147526074	OK	 
ACTION	Pricing	67	price	1395147523990	1395147523991	1395147526096	1395147526096	OK	 
ACTION	Pricing	17	price	1395147524013	1395147524014	1395147526120	1395147526120	OK	 
ACTION	Pricing	49	price	1395147524034	1395147524034	1395147526144	1395147526144	OK	 
ACTION	Pricing	73	price	1395147524054	1395147524054	1395147526169	1395147526169	OK	 
ACTION	Pricing	22	price	1395147524074	1395147524075	1395147526193	1395147526193	OK	 
ACTION	Pricing	10	price	1395147524094	1395147524095	1395147526224	1395147526224	OK	 
ACTION	Pricing	11	price	1395147524114	1395147524114	1395147526237	1395147526238	OK	 
ACTION	Pricing	38	price	1395147524137	1395147524137	1395147526257	1395147526257	OK	 
ACTION	Pricing	5	price	1395147524153	1395147524153	1395147526279	1395147526279	OK	 
ACTION	Pricing	32	price	1395147524171	1395147524171	1395147526301	1395147526302	OK	 
ACTION	Pricing	97	price	1395147524192	1395147524193	1395147526330	1395147526330	OK	 
ACTION	Pricing	6	price	1395147524212	1395147524212	1395147526350	1395147526350	OK	 
ACTION	Pricing	43	price	1395147524231	1395147524232	1395147526370	1395147526370	OK	 
ACTION	Pricing	30	price	1395147524251	1395147524252	1395147526391	1395147526391	OK	 
ACTION	Pricing	34	price	1395147524273	1395147524273	1395147526414	1395147526414	OK	 
ACTION	Pricing	50	price	1395147524293	1395147524294	1395147526433	1395147526433	OK	 
ACTION	Pricing	95	price	1395147524315	1395147524316	1395147526454	1395147526455	OK	 
ACTION	Pricing	26	price	1395147524339	1395147524339	1395147526474	1395147526474	OK	 
ACTION	Pricing	28	price	1395147524362	1395147524362	1395147526497	1395147526497	OK	 
ACTION	Pricing	62	price	1395147524382	1395147524382	1395147526519	1395147526519	OK	 
ACTION	Pricing	25	price	1395147524403	1395147524403	1395147526543	1395147526543	OK	 
ACTION	Pricing	9	price	1395147524422	1395147524423	1395147526565	1395147526566	OK	 
ACTION	Pricing	1	price	1395147524444	1395147524444	1395147526589	1395147526589	OK	 
ACTION	Pricing	53	price	1395147524467	1395147524467	1395147526612	1395147526612	OK	 
ACTION	Pricing	87	price	1395147524487	1395147524488	1395147526636	1395147526636	OK	 
ACTION	Pricing	46	price	1395147524509	1395147524509	1395147526660	1395147526661	OK	 
ACTION	Pricing	77	price	1395147524529	1395147524529	1395147526684	1395147526684	OK	 
ACTION	Pricing	78	price	1395147524546	1395147524547	1395147526705	1395147526705	OK	 
ACTION	Pricing	76	price	1395147524565	1395147524566	1395147526726	1395147526726	OK	 
ACTION	Pricing	33	price	1395147524597	1395147524598	1395147526763	1395147526763	OK	 
ACTION	Pricing	58	price	1395147524621	1395147524621	1395147526784	1395147526784	OK	 
ACTION	Pricing	96	price	1395147524650	1395147524650	1395147526804	1395147526804	OK	 
ACTION	Pricing	16	price	1395147524675	1395147524675	1395147526826	1395147526826	OK	 
ACTION	Pricing	98	price	1395147524694	1395147524694	1395147526847	1395147526847	OK	 
ACTION	Pricing	93	price	1395147524715	1395147524716	1395147526868	1395147526869	OK	 
ACTION	Pricing	35	price	1395147524764	1395147524764	1395147526908	1395147526909	OK	 
ACTION	Pricing	75	price	1395147524740	1395147524740	1395147526911	1395147526911	OK	 
ACTION	Pricing	4	price	1395147524783	1395147524784	1395147526937	1395147526938	OK	 
ACTION	Pricing	86	price	1395147524804	1395147524805	1395147526959	1395147526959	OK	 
ACTION	Pricing	21	price	1395147524828	1395147524829	1395147526981	1395147526981	OK	 
ACTION	Pricing	18	price	1395147524849	1395147524850	1395147527003	1395147527004	OK	 
ACTION	Pricing	13	price	1395147524868	1395147524869	1395147527027	1395147527027	OK	 
ACTION	Pricing	55	price	1395147524888	1395147524889	1395147527049	1395147527049	OK	 
ACTION	Pricing	19	price	1395147524907	1395147524908	1395147527070	1395147527070	OK	 
ACTION	Pricing	29	price	1395147524926	1395147524927	1395147527090	1395147527091	OK	 
ACTION	Pricing	85	price	1395147524944	1395147524945	1395147527112	1395147527112	OK	 
ACTION	Pricing	12	price	1395147524964	1395147524964	1395147527135	1395147527135	OK	 
ACTION	Pricing	23	price	1395147524998	1395147524999	1395147527159	1395147527160	OK	 
ACTION	Pricing	51	price	1395147525009	1395147525009	1395147527181	1395147527181	OK	 
ACTION	Pricing	63	price	1395147525027	1395147525028	1395147527202	1395147527202	OK	 
ACTION	Pricing	72	price	1395147525047	1395147525047	1395147527226	1395147527226	OK	 
ACTION	Pricing	66	price	1395147525066	1395147525066	1395147527249	1395147527250	OK	 
ACTION	Pricing	27	price	1395147525086	1395147525086	1395147527270	1395147527270	OK	 
ACTION	Pricing	68	price	1395147525109	1395147525109	1395147527292	1395147527293	OK	 
ACTION	Pricing	47	price	1395147525131	1395147525131	1395147527313	1395147527313	OK	 
ACTION	Pricing	31	price	1395147525152	1395147525153	1395147527333	1395147527334	OK	 
ACTION	Pricing	84	price	1395147525175	1395147525175	1395147527357	1395147527358	OK	 
ACTION	Pricing	42	price	1395147525195	1395147525196	1395147527382	1395147527382	OK	 
ACTION	Pricing	24	price	1395147525227	1395147525227	1395147527401	1395147527401	OK	 
ACTION	Pricing	94	price	1395147525253	1395147525254	1395147527423	1395147527423	OK	 
ACTION	Pricing	83	price	1395147525267	1395147525268	1395147527448	1395147527448	OK	 
ACTION	Pricing	81	price	1395147525288	1395147525288	1395147527469	1395147527470	OK	 
ACTION	Pricing	15	price	1395147525309	1395147525310	1395147527493	1395147527493	OK	 
ACTION	Pricing	52	price	1395147525328	1395147525329	1395147527515	1395147527516	OK	 
ACTION	Pricing	56	price	1395147525351	1395147525351	1395147527537	1395147527537	OK	 
ACTION	Pricing	64	price	1395147525368	1395147525368	1395147527558	1395147527558	OK	 
ACTION	Pricing	41	price	1395147525400	1395147525401	1395147527579	1395147527580	OK	 
ACTION	Pricing	99	price	1395147525411	1395147525412	1395147527606	1395147527607	OK	 
ACTION	Pricing	14	price	1395147525435	1395147525435	1395147527630	1395147527631	OK	 
ACTION	Pricing	2	price	1395147525455	1395147525455	1395147527652	1395147527652	OK	 
ACTION	Pricing	3	price	1395147525477	1395147525477	1395147527671	1395147527671	OK	 
ACTION	Pricing	79	price	1395147525496	1395147525496	1395147527693	1395147527693	OK	 
ACTION	Pricing	48	price	1395147525514	1395147525515	1395147527715	1395147527715	OK	 
ACTION	Pricing	39	price	1395147525535	1395147525536	1395147527736	1395147527737	OK	 
ACTION	Pricing	20	price	1395147525556	1395147525556	1395147527757	1395147527758	OK	 
ACTION	Pricing	61	price	1395147525578	1395147525581	1395147527779	1395147527780	OK	 
ACTION	Pricing	8	price	1395147525597	1395147525597	1395147527804	1395147527805	OK	 
ACTION	Pricing	69	price	1395147525616	1395147525617	1395147527825	1395147527825	OK	 
ACTION	Pricing	36	price	1395147525636	1395147525637	1395147527847	1395147527847	OK	 
ACTION	Pricing	57	price	1395147525655	1395147525656	1395147527870	1395147527871	OK	 
ACTION	Pricing	90	price	1395147525684	1395147525684	1395147527890	1395147527891	OK	 
ACTION	Pricing	71	price	1395147525704	1395147525705	1395147527911	1395147527912	OK	 
ACTION	Pricing	82	price	1395147525728	1395147525729	1395147527936	1395147527936	OK	 
ACTION	Pricing	70	price	1395147525747	1395147525747	1395147527957	1395147527957	OK	 
ACTION	Pricing	59	price	1395147525767	1395147525768	1395147527978	1395147527978	OK	 
ACTION	Pricing	37	price	1395147525786	1395147525786	1395147528026	1395147528027	OK	 
ACTION	Pricing	44	price	1395147525805	1395147525805	1395147528031	1395147528032	OK	 
ACTION	Pricing	7	price	1395147525825	1395147525825	1395147528054	1395147528054	OK	 
ACTION	Pricing	65	price	1395147525847	1395147525848	1395147528075	1395147528075	OK	 
ACTION	Pricing	45	price	1395147525867	1395147525868	1395147528098	1395147528098	OK	 
ACTION	Pricing	80	price	1395147525888	1395147525888	1395147528122	1395147528122	OK	 
ACTION	Pricing	54	price	1395147525907	1395147525908	1395147528146	1395147528146	OK	 
ACTION	Pricing	40	price	1395147525930	1395147525931	1395147528168	1395147528168	OK	 
ACTION	Pricing	74	price	1395147525951	1395147525951	1395147528191	1395147528191	OK	 
ACTION	Pricing	91	price	1395147525970	1395147525971	1395147528213	1395147528213	OK	 
ACTION	Pricing	89	price	1395147525993	1395147525993	1395147528235	1395147528236	OK	 
ACTION	Pricing	92	price	1395147526013	1395147526014	1395147528257	1395147528257	OK	 
ACTION	Pricing	88	price	1395147526033	1395147526034	1395147528278	1395147528279	OK	 
ACTION	Pricing	100	price	1395147526053	1395147526054	1395147528302	1395147528302	OK	 
ACTION	Pricing	60	price	1395147526076	1395147526077	1395147528323	1395147528323	OK	 
ACTION	Pricing	67	price	1395147526098	1395147526099	1395147528345	1395147528345	OK	 
ACTION	Pricing	17	price	1395147526122	1395147526122	1395147528367	1395147528367	OK	 
ACTION	Pricing	49	price	1395147526146	1395147526147	1395147528389	1395147528389	OK	 
ACTION	Pricing	73	price	1395147526171	1395147526171	1395147528412	1395147528412	OK	 
ACTION	Pricing	22	price	1395147526195	1395147526196	1395147528436	1395147528436	OK	 
ACTION	Pricing	10	price	1395147526226	1395147526227	1395147528460	1395147528461	OK	 
ACTION	Pricing	11	price	1395147526240	1395147526240	1395147528481	1395147528482	OK	 
ACTION	Pricing	38	price	1395147526259	1395147526260	1395147528503	1395147528503	OK	 
ACTION	Pricing	5	price	1395147526281	1395147526281	1395147528524	1395147528524	OK	 
ACTION	Pricing	32	price	1395147526303	1395147526304	1395147528545	1395147528545	OK	 
ACTION	Pricing	97	price	1395147526331	1395147526332	1395147528574	1395147528574	OK	 
ACTION	Pricing	6	price	1395147526352	1395147526353	1395147528596	1395147528596	OK	 
ACTION	Pricing	43	price	1395147526373	1395147526373	1395147528617	1395147528618	OK	 
ACTION	Pricing	30	price	1395147526393	1395147526394	1395147528641	1395147528641	OK	 
ACTION	Pricing	34	price	1395147526417	1395147526417	1395147528662	1395147528662	OK	 
ACTION	Pricing	50	price	1395147526436	1395147526436	1395147528688	1395147528688	OK	 
ACTION	Pricing	95	price	1395147526457	1395147526457	1395147528709	1395147528709	OK	 
ACTION	Pricing	26	price	1395147526476	1395147526477	1395147528729	1395147528729	OK	 
ACTION	Pricing	28	price	1395147526499	1395147526499	1395147528748	1395147528749	OK	 
ACTION	Pricing	62	price	1395147526521	1395147526521	1395147528767	1395147528767	OK	 
ACTION	Pricing	25	price	1395147526545	1395147526545	1395147528787	1395147528788	OK	 
ACTION	Pricing	9	price	1395147526567	1395147526568	1395147528807	1395147528807	OK	 
ACTION	Pricing	1	price	1395147526591	1395147526591	1395147528828	1395147528828	OK	 
ACTION	Pricing	53	price	1395147526614	1395147526614	1395147528849	1395147528850	OK	 
ACTION	Pricing	87	price	1395147526638	1395147526638	1395147528869	1395147528869	OK	 
ACTION	Pricing	46	price	1395147526662	1395147526663	1395147528891	1395147528891	OK	 
ACTION	Pricing	77	price	1395147526686	1395147526687	1395147528910	1395147528910	OK	 
ACTION	Pricing	78	price	1395147526707	1395147526707	1395147528930	1395147528931	OK	 
ACTION	Pricing	76	price	1395147526728	1395147526729	1395147528951	1395147528951	OK	 
ACTION	Pricing	33	price	1395147526765	1395147526766	1395147528973	1395147528974	OK	 
ACTION	Pricing	58	price	1395147526786	1395147526787	1395147528994	1395147528994	OK	 
ACTION	Pricing	96	price	1395147526807	1395147526807	1395147529014	1395147529014	OK	 
ACTION	Pricing	16	price	1395147526828	1395147526829	1395147529033	1395147529034	OK	 
ACTION	Pricing	98	price	1395147526849	1395147526849	1395147529053	1395147529053	OK	 
ACTION	Pricing	93	price	1395147526870	1395147526871	1395147529074	1395147529074	OK	 
ACTION	Pricing	35	price	1395147526910	1395147526913	1395147529097	1395147529097	OK	 
ACTION	Pricing	75	price	1395147526912	1395147526913	1395147529118	1395147529118	OK	 
ACTION	Pricing	4	price	1395147526939	1395147526940	1395147529142	1395147529142	OK	 
ACTION	Pricing	86	price	1395147526961	1395147526961	1395147529167	1395147529167	OK	 
ACTION	Pricing	21	price	1395147526983	1395147526983	1395147529192	1395147529192	OK	 
ACTION	Pricing	18	price	1395147527005	1395147527006	1395147529219	1395147529219	OK	 
ACTION	Pricing	13	price	1395147527029	1395147527030	1395147529241	1395147529241	OK	 
ACTION	Pricing	55	price	1395147527052	1395147527052	1395147529259	1395147529260	OK	 
ACTION	Pricing	19	price	1395147527072	1395147527073	1395147529278	1395147529278	OK	 
ACTION	Pricing	29	price	1395147527092	1395147527093	1395147529298	1395147529299	OK	 
ACTION	Pricing	85	price	1395147527114	1395147527115	1395147529320	1395147529320	OK	 
ACTION	Pricing	12	price	1395147527137	1395147527137	1395147529342	1395147529342	OK	 
ACTION	Pricing	23	price	1395147527161	1395147527162	1395147529362	1395147529362	OK	 
ACTION	Pricing	51	price	1395147527183	1395147527183	1395147529385	1395147529385	OK	 
ACTION	Pricing	63	price	1395147527204	1395147527205	1395147529406	1395147529407	OK	 
ACTION	Pricing	72	price	1395147527227	1395147527228	1395147529426	1395147529426	OK	 
ACTION	Pricing	66	price	1395147527251	1395147527252	1395147529444	1395147529445	OK	 
ACTION	Pricing	27	price	1395147527272	1395147527272	1395147529466	1395147529466	OK	 
ACTION	Pricing	68	price	1395147527294	1395147527295	1395147529487	1395147529487	OK	 
ACTION	Pricing	47	price	1395147527315	1395147527315	1395147529508	1395147529509	OK	 
ACTION	Pricing	31	price	1395147527335	1395147527336	1395147529526	1395147529526	OK	 
ACTION	Pricing	84	price	1395147527360	1395147527361	1395147529547	1395147529547	OK	 
ACTION	Pricing	42	price	1395147527384	1395147527385	1395147529577	1395147529577	OK	 
ACTION	Pricing	24	price	1395147527403	1395147527403	1395147529601	1395147529601	OK	 
ACTION	Pricing	94	price	1395147527425	1395147527425	1395147529622	1395147529622	OK	 
ACTION	Pricing	83	price	1395147527450	1395147527450	1395147529645	1395147529645	OK	 
ACTION	Pricing	81	price	1395147527471	1395147527472	1395147529666	1395147529667	OK	 
ACTION	Pricing	15	price	1395147527495	1395147527495	1395147529687	1395147529687	OK	 
ACTION	Pricing	52	price	1395147527518	1395147527518	1395147529706	1395147529707	OK	 
ACTION	Pricing	56	price	1395147527539	1395147527539	1395147529729	1395147529729	OK	 
ACTION	Pricing	64	price	1395147527560	1395147527560	1395147529751	1395147529751	OK	 
ACTION	Pricing	41	price	1395147527581	1395147527582	1395147529771	1395147529771	OK	 
ACTION	Pricing	99	price	1395147527609	1395147527610	1395147529791	1395147529791	OK	 
ACTION	Pricing	14	price	1395147527632	1395147527633	1395147529813	1395147529813	OK	 
ACTION	Pricing	2	price	1395147527654	1395147527654	1395147529835	1395147529835	OK	 
ACTION	Pricing	3	price	1395147527674	1395147527675	1395147529857	1395147529857	OK	 
ACTION	Pricing	79	price	1395147527694	1395147527695	1395147529881	1395147529881	OK	 
ACTION	Pricing	48	price	1395147527717	1395147527718	1395147529904	1395147529904	OK	 
ACTION	Pricing	39	price	1395147527739	1395147527739	1395147529923	1395147529924	OK	 
ACTION	Pricing	20	price	1395147527759	1395147527760	1395147529943	1395147529943	OK	 
ACTION	Pricing	61	price	1395147527782	1395147527782	1395147529963	1395147529963	OK	 
ACTION	Pricing	8	price	1395147527807	1395147527807	1395147529985	1395147529985	OK	 
ACTION	Pricing	69	price	1395147527827	1395147527827	1395147530007	1395147530008	OK	 
ACTION	Pricing	36	price	1395147527849	1395147527849	1395147530034	1395147530034	OK	 
ACTION	Pricing	57	price	1395147527872	1395147527873	1395147530076	1395147530076	OK	 
ACTION	Pricing	90	price	1395147527893	1395147527893	1395147530096	1395147530096	OK	 
ACTION	Pricing	71	price	1395147527914	1395147527914	1395147530119	1395147530119	OK	 
ACTION	Pricing	82	price	1395147527938	1395147527939	1395147530142	1395147530142	OK	 
ACTION	Pricing	70	price	1395147527959	1395147527960	1395147530165	1395147530165	OK	 
ACTION	Pricing	59	price	1395147527981	1395147527981	1395147530190	1395147530190	OK	 
ACTION	Pricing	37	price	1395147528028	1395147528028	1395147530211	1395147530212	OK	 
ACTION	Pricing	44	price	1395147528034	1395147528034	1395147530232	1395147530233	OK	 
ACTION	Pricing	7	price	1395147528057	1395147528058	1395147530276	1395147530277	OK	 
ACTION	Pricing	65	price	1395147528077	1395147528078	1395147530289	1395147530290	OK	 
ACTION	Pricing	45	price	1395147528099	1395147528100	1395147530309	1395147530309	OK	 
ACTION	Pricing	80	price	1395147528124	1395147528125	1395147530334	1395147530334	OK	 
ACTION	Pricing	54	price	1395147528148	1395147528149	1395147530355	1395147530355	OK	 
ACTION	Pricing	40	price	1395147528170	1395147528171	1395147530377	1395147530377	OK	 
ACTION	Pricing	74	price	1395147528193	1395147528193	1395147530401	1395147530401	OK	 
ACTION	Pricing	91	price	1395147528215	1395147528216	1395147530419	1395147530419	OK	 
ACTION	Pricing	89	price	1395147528238	1395147528238	1395147530441	1395147530441	OK	 
ACTION	Pricing	92	price	1395147528258	1395147528259	1395147530463	1395147530463	OK	 
ACTION	Pricing	88	price	1395147528280	1395147528281	1395147530485	1395147530485	OK	 
ACTION	Pricing	100	price	1395147528304	1395147528304	1395147530505	1395147530505	OK	 
ACTION	Pricing	60	price	1395147528324	1395147528325	1395147530525	1395147530526	OK	 
ACTION	Pricing	67	price	1395147528348	1395147528349	1395147530551	1395147530552	OK	 
ACTION	Pricing	17	price	1395147528369	1395147528369	1395147530575	1395147530575	OK	 
ACTION	Pricing	49	price	1395147528390	1395147528391	1395147530598	1395147530598	OK	 
ACTION	Pricing	73	price	1395147528414	1395147528414	1395147530622	1395147530622	OK	 
ACTION	Pricing	22	price	1395147528438	1395147528439	1395147530646	1395147530647	OK	 
ACTION	Pricing	10	price	1395147528462	1395147528463	1395147530667	1395147530667	OK	 
ACTION	Pricing	11	price	1395147528483	1395147528483	1395147530686	1395147530687	OK	 
ACTION	Pricing	38	price	1395147528505	1395147528506	1395147530709	1395147530709	OK	 
ACTION	Pricing	5	price	1395147528526	1395147528526	1395147530727	1395147530728	OK	 
ACTION	Pricing	32	price	1395147528547	1395147528547	1395147530750	1395147530750	OK	 
ACTION	Pricing	97	price	1395147528576	1395147528576	1395147530769	1395147530769	OK	 
ACTION	Pricing	6	price	1395147528598	1395147528598	1395147530788	1395147530789	OK	 
ACTION	Pricing	43	price	1395147528619	1395147528620	1395147530813	1395147530813	OK	 
ACTION	Pricing	30	price	1395147528643	1395147528644	1395147530839	1395147530839	OK	 
ACTION	Pricing	34	price	1395147528663	1395147528664	1395147530863	1395147530864	OK	 
ACTION	Pricing	50	price	1395147528690	1395147528690	1395147530885	1395147530885	OK	 
ACTION	Pricing	95	price	1395147528710	1395147528711	1395147530910	1395147530910	OK	 
ACTION	Pricing	26	price	1395147528731	1395147528731	1395147530938	1395147530939	OK	 
ACTION	Pricing	28	price	1395147528750	1395147528751	1395147530964	1395147530964	OK	 
ACTION	Pricing	62	price	1395147528769	1395147528769	1395147530981	1395147530982	OK	 
ACTION	Pricing	25	price	1395147528789	1395147528791	1395147531002	1395147531002	OK	 
ACTION	Pricing	9	price	1395147528808	1395147528809	1395147531022	1395147531023	OK	 
ACTION	Pricing	1	price	1395147528829	1395147528830	1395147531043	1395147531043	OK	 
ACTION	Pricing	53	price	1395147528851	1395147528852	1395147531065	1395147531065	OK	 
ACTION	Pricing	87	price	1395147528871	1395147528871	1395147531087	1395147531087	OK	 
ACTION	Pricing	46	price	1395147528892	1395147528893	1395147531108	1395147531109	OK	 
ACTION	Pricing	77	price	1395147528912	1395147528912	1395147531132	1395147531132	OK	 
ACTION	Pricing	78	price	1395147528932	1395147528933	1395147531150	1395147531151	OK	 
ACTION	Pricing	76	price	1395147528953	1395147528953	1395147531170	1395147531171	OK	 
ACTION	Pricing	33	price	1395147528976	1395147528976	1395147531192	1395147531193	OK	 
ACTION	Pricing	58	price	1395147528996	1395147528996	1395147531215	1395147531215	OK	 
ACTION	Pricing	96	price	1395147529016	1395147529016	1395147531256	1395147531256	OK	 
ACTION	Pricing	16	price	1395147529035	1395147529036	1395147531295	1395147531296	OK	 
ACTION	Pricing	98	price	1395147529054	1395147529055	1395147531298	1395147531299	OK	 
ACTION	Pricing	93	price	1395147529076	1395147529076	1395147531319	1395147531319	OK	 
ACTION	Pricing	35	price	1395147529098	1395147529099	1395147531343	1395147531343	OK	 
ACTION	Pricing	75	price	1395147529119	1395147529120	1395147531363	1395147531363	OK	 
ACTION	Pricing	4	price	1395147529144	1395147529145	1395147531396	1395147531396	OK	 
ACTION	Pricing	86	price	1395147529169	1395147529169	1395147531424	1395147531424	OK	 
ACTION	Pricing	21	price	1395147529195	1395147529195	1395147531447	1395147531447	OK	 
ACTION	Pricing	18	price	1395147529220	1395147529221	1395147531466	1395147531466	OK	 
ACTION	Pricing	13	price	1395147529242	1395147529243	1395147531487	1395147531488	OK	 
ACTION	Pricing	55	price	1395147529261	1395147529262	1395147531508	1395147531509	OK	 
ACTION	Pricing	19	price	1395147529279	1395147529280	1395147531531	1395147531531	OK	 
ACTION	Pricing	29	price	1395147529300	1395147529301	1395147531549	1395147531550	OK	 
ACTION	Pricing	85	price	1395147529322	1395147529322	1395147531571	1395147531571	OK	 
ACTION	Pricing	12	price	1395147529343	1395147529344	1395147531595	1395147531595	OK	 
ACTION	Pricing	23	price	1395147529365	1395147529365	1395147531617	1395147531618	OK	 
ACTION	Pricing	51	price	1395147529387	1395147529387	1395147531641	1395147531641	OK	 
ACTION	Pricing	63	price	1395147529408	1395147529408	1395147531663	1395147531663	OK	 
ACTION	Pricing	72	price	1395147529428	1395147529428	1395147531683	1395147531684	OK	 
ACTION	Pricing	66	price	1395147529446	1395147529447	1395147531706	1395147531707	OK	 
ACTION	Pricing	27	price	1395147529468	1395147529468	1395147531726	1395147531726	OK	 
ACTION	Pricing	68	price	1395147529489	1395147529489	1395147531747	1395147531748	OK	 
ACTION	Pricing	47	price	1395147529510	1395147529511	1395147531770	1395147531770	OK	 
ACTION	Pricing	31	price	1395147529527	1395147529528	1395147531793	1395147531794	OK	 
ACTION	Pricing	84	price	1395147529549	1395147529549	1395147531815	1395147531815	OK	 
ACTION	Pricing	42	price	1395147529579	1395147529579	1395147531834	1395147531834	OK	 
ACTION	Pricing	24	price	1395147529603	1395147529604	1395147531855	1395147531855	OK	 
ACTION	Pricing	94	price	1395147529623	1395147529624	1395147531875	1395147531876	OK	 
ACTION	Pricing	83	price	1395147529647	1395147529648	1395147531900	1395147531900	OK	 
ACTION	Pricing	81	price	1395147529668	1395147529669	1395147531922	1395147531923	OK	 
ACTION	Pricing	15	price	1395147529689	1395147529689	1395147531947	1395147531948	OK	 
ACTION	Pricing	52	price	1395147529708	1395147529709	1395147531970	1395147531971	OK	 
ACTION	Pricing	56	price	1395147529731	1395147529731	1395147531993	1395147531994	OK	 
ACTION	Pricing	64	price	1395147529753	1395147529754	1395147532017	1395147532017	OK	 
ACTION	Pricing	41	price	1395147529773	1395147529773	1395147532039	1395147532039	OK	 
ACTION	Pricing	99	price	1395147529793	1395147529793	1395147532061	1395147532061	OK	 
ACTION	Pricing	14	price	1395147529815	1395147529815	1395147532081	1395147532081	OK	 
ACTION	Pricing	2	price	1395147529836	1395147529837	1395147532101	1395147532102	OK	 
ACTION	Pricing	3	price	1395147529859	1395147529859	1395147532123	1395147532124	OK	 
ACTION	Pricing	79	price	1395147529882	1395147529883	1395147532146	1395147532146	OK	 
ACTION	Pricing	48	price	1395147529906	1395147529907	1395147532167	1395147532168	OK	 
ACTION	Pricing	39	price	1395147529925	1395147529926	1395147532187	1395147532187	OK	 
ACTION	Pricing	20	price	1395147529944	1395147529945	1395147532208	1395147532208	OK	 
ACTION	Pricing	61	price	1395147529964	1395147529966	1395147532230	1395147532231	OK	 
ACTION	Pricing	8	price	1395147529987	1395147529987	1395147532252	1395147532252	OK	 
ACTION	Pricing	69	price	1395147530010	1395147530011	1395147532282	1395147532282	OK	 
ACTION	Pricing	36	price	1395147530036	1395147530037	1395147532298	1395147532298	OK	 
ACTION	Pricing	57	price	1395147530079	1395147530080	1395147532323	1395147532323	OK	 
ACTION	Pricing	90	price	1395147530098	1395147530098	1395147532344	1395147532344	OK	 
ACTION	Pricing	71	price	1395147530122	1395147530122	1395147532371	1395147532371	OK	 
ACTION	Pricing	82	price	1395147530144	1395147530144	1395147532401	1395147532402	OK	 
ACTION	Pricing	70	price	1395147530167	1395147530167	1395147532437	1395147532437	OK	 
ACTION	Pricing	59	price	1395147530192	1395147530193	1395147532463	1395147532464	OK	 
ACTION	Pricing	37	price	1395147530213	1395147530214	1395147532487	1395147532487	OK	 
ACTION	Pricing	44	price	1395147530234	1395147530234	1395147532511	1395147532511	OK	 
ACTION	Pricing	65	price	1395147530291	1395147530291	1395147532572	1395147532572	OK	 
ACTION	Pricing	7	price	1395147530278	1395147530279	1395147532569	1395147532569	OK	 
ACTION	Pricing	45	price	1395147530310	1395147530311	1395147532595	1395147532595	OK	 
ACTION	Pricing	80	price	1395147530335	1395147530336	1395147532618	1395147532619	OK	 
ACTION	Pricing	54	price	1395147530357	1395147530357	1395147532645	1395147532645	OK	 
ACTION	Pricing	40	price	1395147530379	1395147530379	1395147532672	1395147532672	OK	 
ACTION	Pricing	74	price	1395147530402	1395147530403	1395147532699	1395147532700	OK	 
ACTION	Pricing	91	price	1395147530421	1395147530421	1395147532726	1395147532726	OK	 
ACTION	Pricing	89	price	1395147530443	1395147530444	1395147532746	1395147532747	OK	 
ACTION	Pricing	92	price	1395147530465	1395147530465	1395147532768	1395147532768	OK	 
ACTION	Pricing	88	price	1395147530486	1395147530487	1395147532792	1395147532792	OK	 
ACTION	Pricing	100	price	1395147530506	1395147530507	1395147532816	1395147532816	OK	 
ACTION	Pricing	60	price	1395147530527	1395147530528	1395147532840	1395147532840	OK	 
ACTION	Pricing	67	price	1395147530553	1395147530553	1395147532864	1395147532864	OK	 
ACTION	Pricing	17	price	1395147530577	1395147530577	1395147532892	1395147532892	OK	 
ACTION	Pricing	49	price	1395147530600	1395147530600	1395147532920	1395147532920	OK	 
ACTION	Pricing	73	price	1395147530624	1395147530624	1395147532944	1395147532945	OK	 
ACTION	Pricing	22	price	1395147530648	1395147530649	1395147532968	1395147532969	OK	 
ACTION	Pricing	10	price	1395147530668	1395147530669	1395147532994	1395147532995	OK	 
ACTION	Pricing	11	price	1395147530688	1395147530688	1395147533016	1395147533016	OK	 
ACTION	Pricing	38	price	1395147530710	1395147530711	1395147533039	1395147533039	OK	 
ACTION	Pricing	5	price	1395147530734	1395147530734	1395147533062	1395147533062	OK	 
ACTION	Pricing	32	price	1395147530751	1395147530752	1395147533086	1395147533086	OK	 
ACTION	Pricing	97	price	1395147530770	1395147530771	1395147533112	1395147533112	OK	 
ACTION	Pricing	6	price	1395147530790	1395147530790	1395147533133	1395147533134	OK	 
ACTION	Pricing	43	price	1395147530815	1395147530815	1395147533157	1395147533157	OK	 
ACTION	Pricing	30	price	1395147530841	1395147530841	1395147533181	1395147533182	OK	 
ACTION	Pricing	34	price	1395147530866	1395147530866	1395147533205	1395147533205	OK	 
ACTION	Pricing	50	price	1395147530886	1395147530887	1395147533229	1395147533229	OK	 
ACTION	Pricing	95	price	1395147530912	1395147530912	1395147533252	1395147533252	OK	 
ACTION	Pricing	26	price	1395147530941	1395147530942	1395147533279	1395147533279	OK	 
ACTION	Pricing	28	price	1395147530965	1395147530966	1395147533300	1395147533300	OK	 
ACTION	Pricing	62	price	1395147530983	1395147530984	1395147533326	1395147533326	OK	 
ACTION	Pricing	25	price	1395147531004	1395147531004	1395147533348	1395147533349	OK	 
ACTION	Pricing	9	price	1395147531024	1395147531024	1395147533372	1395147533372	OK	 
ACTION	Pricing	1	price	1395147531044	1395147531045	1395147533397	1395147533397	OK	 
ACTION	Pricing	53	price	1395147531069	1395147531070	1395147533419	1395147533420	OK	 
ACTION	Pricing	87	price	1395147531088	1395147531089	1395147533438	1395147533438	OK	 
ACTION	Pricing	46	price	1395147531110	1395147531111	1395147533458	1395147533459	OK	 
ACTION	Pricing	77	price	1395147531134	1395147531134	1395147533477	1395147533477	OK	 
ACTION	Pricing	78	price	1395147531152	1395147531153	1395147533496	1395147533496	OK	 
ACTION	Pricing	76	price	1395147531172	1395147531172	1395147533519	1395147533519	OK	 
ACTION	Pricing	33	price	1395147531194	1395147531195	1395147533544	1395147533544	OK	 
ACTION	Pricing	58	price	1395147531217	1395147531217	1395147533566	1395147533567	OK	 
ACTION	Pricing	96	price	1395147531258	1395147531258	1395147533588	1395147533589	OK	 
ACTION	Pricing	16	price	1395147531298	1395147531298	1395147533611	1395147533611	OK	 
ACTION	Pricing	98	price	1395147531300	1395147531301	1395147533633	1395147533634	OK	 
ACTION	Pricing	93	price	1395147531321	1395147531321	1395147533656	1395147533657	OK	 
ACTION	Pricing	35	price	1395147531345	1395147531345	1395147533692	1395147533692	OK	 
ACTION	Pricing	75	price	1395147531364	1395147531365	1395147533712	1395147533712	OK	 
ACTION	Pricing	4	price	1395147531397	1395147531398	1395147533732	1395147533733	OK	 
ACTION	Pricing	86	price	1395147531426	1395147531426	1395147533755	1395147533755	OK	 
ACTION	Pricing	21	price	1395147531449	1395147531449	1395147533779	1395147533779	OK	 
ACTION	Pricing	18	price	1395147531467	1395147531468	1395147533805	1395147533805	OK	 
ACTION	Pricing	13	price	1395147531489	1395147531490	1395147533828	1395147533828	OK	 
ACTION	Pricing	55	price	1395147531510	1395147531511	1395147533852	1395147533852	OK	 
ACTION	Pricing	19	price	1395147531532	1395147531533	1395147533872	1395147533873	OK	 
ACTION	Pricing	29	price	1395147531551	1395147531551	1395147533895	1395147533896	OK	 
ACTION	Pricing	85	price	1395147531572	1395147531573	1395147533921	1395147533921	OK	 
ACTION	Pricing	12	price	1395147531596	1395147531597	1395147533943	1395147533943	OK	 
ACTION	Pricing	23	price	1395147531619	1395147531620	1395147533965	1395147533965	OK	 
ACTION	Pricing	51	price	1395147531642	1395147531643	1395147533987	1395147533988	OK	 
ACTION	Pricing	63	price	1395147531664	1395147531665	1395147534010	1395147534010	OK	 
ACTION	Pricing	72	price	1395147531685	1395147531686	1395147534036	1395147534036	OK	 
ACTION	Pricing	66	price	1395147531708	1395147531708	1395147534056	1395147534057	OK	 
ACTION	Pricing	27	price	1395147531728	1395147531729	1395147534079	1395147534079	OK	 
ACTION	Pricing	68	price	1395147531749	1395147531749	1395147534099	1395147534099	OK	 
ACTION	Pricing	47	price	1395147531771	1395147531776	1395147534122	1395147534122	OK	 
ACTION	Pricing	31	price	1395147531795	1395147531796	1395147534143	1395147534144	OK	 
ACTION	Pricing	84	price	1395147531816	1395147531816	1395147534173	1395147534174	OK	 
ACTION	Pricing	42	price	1395147531836	1395147531836	1395147534188	1395147534189	OK	 
ACTION	Pricing	24	price	1395147531857	1395147531857	1395147534214	1395147534214	OK	 
ACTION	Pricing	94	price	1395147531877	1395147531878	1395147534236	1395147534236	OK	 
ACTION	Pricing	83	price	1395147531902	1395147531902	1395147534258	1395147534258	OK	 
ACTION	Pricing	81	price	1395147531924	1395147531925	1395147534282	1395147534282	OK	 
ACTION	Pricing	15	price	1395147531949	1395147531950	1395147534305	1395147534306	OK	 
ACTION	Pricing	52	price	1395147531972	1395147531973	1395147534328	1395147534329	OK	 
ACTION	Pricing	56	price	1395147531995	1395147531996	1395147534353	1395147534354	OK	 
ACTION	Pricing	64	price	1395147532019	1395147532019	1395147534380	1395147534380	OK	 
ACTION	Pricing	41	price	1395147532041	1395147532041	1395147534405	1395147534405	OK	 
ACTION	Pricing	99	price	1395147532063	1395147532063	1395147534429	1395147534430	OK	 
ACTION	Pricing	14	price	1395147532083	1395147532083	1395147534449	1395147534449	OK	 
ACTION	Pricing	2	price	1395147532103	1395147532103	1395147534470	1395147534470	OK	 
ACTION	Pricing	3	price	1395147532125	1395147532126	1395147534491	1395147534491	OK	 
ACTION	Pricing	79	price	1395147532148	1395147532149	1395147534511	1395147534511	OK	 
ACTION	Pricing	48	price	1395147532169	1395147532169	1395147534535	1395147534535	OK	 
ACTION	Pricing	39	price	1395147532188	1395147532189	1395147534560	1395147534560	OK	 
ACTION	Pricing	20	price	1395147532209	1395147532210	1395147534583	1395147534583	OK	 
ACTION	Pricing	61	price	1395147532232	1395147532233	1395147534610	1395147534610	OK	 
ACTION	Pricing	8	price	1395147532254	1395147532254	1395147534637	1395147534637	OK	 
ACTION	Pricing	69	price	1395147532283	1395147532284	1395147534663	1395147534663	OK	 
ACTION	Pricing	36	price	1395147532300	1395147532301	1395147534694	1395147534695	OK	 
ACTION	Pricing	57	price	1395147532325	1395147532325	1395147534716	1395147534716	OK	 
ACTION	Pricing	90	price	1395147532346	1395147532346	1395147534737	1395147534737	OK	 
ACTION	Pricing	71	price	1395147532373	1395147532374	1395147534760	1395147534760	OK	 
ACTION	Pricing	82	price	1395147532403	1395147532404	1395147534782	1395147534783	OK	 
ACTION	Pricing	70	price	1395147532439	1395147532439	1395147534806	1395147534806	OK	 
ACTION	Pricing	59	price	1395147532466	1395147532467	1395147534828	1395147534828	OK	 
ACTION	Pricing	37	price	1395147532489	1395147532489	1395147534853	1395147534853	OK	 
ACTION	Pricing	44	price	1395147532513	1395147532568	1395147534875	1395147534875	OK	 
ACTION	Pricing	7	price	1395147532575	1395147532576	1395147534897	1395147534897	OK	 
ACTION	Pricing	65	price	1395147532576	1395147532580	1395147534919	1395147534920	OK	 
ACTION	Pricing	45	price	1395147532597	1395147532598	1395147534942	1395147534942	OK	 
ACTION	Pricing	80	price	1395147532622	1395147532622	1395147534965	1395147534965	OK	 
ACTION	Pricing	54	price	1395147532647	1395147532648	1395147534989	1395147534990	OK	 
ACTION	Pricing	40	price	1395147532673	1395147532674	1395147535013	1395147535013	OK	 
ACTION	Pricing	74	price	1395147532701	1395147532702	1395147535034	1395147535034	OK	 
ACTION	Pricing	91	price	1395147532728	1395147532729	1395147535055	1395147535055	OK	 
ACTION	Pricing	89	price	1395147532748	1395147532749	1395147535076	1395147535077	OK	 
ACTION	Pricing	92	price	1395147532769	1395147532770	1395147535102	1395147535103	OK	 
ACTION	Pricing	88	price	1395147532794	1395147532794	1395147535127	1395147535127	OK	 
ACTION	Pricing	100	price	1395147532818	1395147532819	1395147535151	1395147535152	OK	 
ACTION	Pricing	60	price	1395147532842	1395147532842	1395147535176	1395147535176	OK	 
ACTION	Pricing	67	price	1395147532866	1395147532867	1395147535199	1395147535199	OK	 
ACTION	Pricing	17	price	1395147532894	1395147532895	1395147535233	1395147535233	OK	 
ACTION	Pricing	49	price	1395147532922	1395147532922	1395147535262	1395147535262	OK	 
ACTION	Pricing	73	price	1395147532946	1395147532947	1395147535286	1395147535286	OK	 
ACTION	Pricing	22	price	1395147532970	1395147532971	1395147535305	1395147535305	OK	 
ACTION	Pricing	10	price	1395147532997	1395147532997	1395147535325	1395147535326	OK	 
ACTION	Pricing	11	price	1395147533018	1395147533018	1395147535356	1395147535357	OK	 
ACTION	Pricing	38	price	1395147533041	1395147533041	1395147535376	1395147535376	OK	 
ACTION	Pricing	5	price	1395147533064	1395147533064	1395147535395	1395147535396	OK	 
ACTION	Pricing	32	price	1395147533094	1395147533094	1395147535417	1395147535417	OK	 
ACTION	Pricing	97	price	1395147533114	1395147533114	1395147535439	1395147535439	OK	 
ACTION	Pricing	6	price	1395147533135	1395147533135	1395147535459	1395147535459	OK	 
ACTION	Pricing	43	price	1395147533158	1395147533159	1395147535481	1395147535481	OK	 
ACTION	Pricing	30	price	1395147533183	1395147533184	1395147535503	1395147535503	OK	 
ACTION	Pricing	34	price	1395147533206	1395147533207	1395147535526	1395147535527	OK	 
ACTION	Pricing	50	price	1395147533231	1395147533231	1395147535551	1395147535551	OK	 
ACTION	Pricing	95	price	1395147533254	1395147533254	1395147535580	1395147535580	OK	 
ACTION	Pricing	26	price	1395147533281	1395147533281	1395147535604	1395147535604	OK	 
ACTION	Pricing	28	price	1395147533302	1395147533302	1395147535626	1395147535626	OK	 
ACTION	Pricing	62	price	1395147533327	1395147533328	1395147535649	1395147535649	OK	 
ACTION	Pricing	25	price	1395147533350	1395147533351	1395147535671	1395147535672	OK	 
ACTION	Pricing	9	price	1395147533374	1395147533374	1395147535694	1395147535695	OK	 
ACTION	Pricing	1	price	1395147533398	1395147533399	1395147535715	1395147535716	OK	 
ACTION	Pricing	53	price	1395147533421	1395147533422	1395147535741	1395147535741	OK	 
ACTION	Pricing	87	price	1395147533439	1395147533440	1395147535768	1395147535768	OK	 
ACTION	Pricing	46	price	1395147533460	1395147533460	1395147535793	1395147535793	OK	 
ACTION	Pricing	77	price	1395147533478	1395147533479	1395147535819	1395147535819	OK	 
ACTION	Pricing	78	price	1395147533498	1395147533498	1395147535844	1395147535845	OK	 
ACTION	Pricing	76	price	1395147533521	1395147533522	1395147535871	1395147535871	OK	 
ACTION	Pricing	33	price	1395147533546	1395147533546	1395147535892	1395147535892	OK	 
ACTION	Pricing	58	price	1395147533568	1395147533569	1395147535916	1395147535917	OK	 
ACTION	Pricing	96	price	1395147533590	1395147533590	1395147535937	1395147535937	OK	 
ACTION	Pricing	16	price	1395147533613	1395147533613	1395147535957	1395147535957	OK	 
ACTION	Pricing	98	price	1395147533635	1395147533636	1395147535978	1395147535978	OK	 
ACTION	Pricing	93	price	1395147533658	1395147533658	1395147535999	1395147536000	OK	 
ACTION	Pricing	35	price	1395147533694	1395147533694	1395147536023	1395147536023	OK	 
ACTION	Pricing	75	price	1395147533713	1395147533714	1395147536046	1395147536046	OK	 
ACTION	Pricing	4	price	1395147533734	1395147533735	1395147536068	1395147536068	OK	 
ACTION	Pricing	86	price	1395147533757	1395147533757	1395147536089	1395147536089	OK	 
ACTION	Pricing	21	price	1395147533780	1395147533781	1395147536109	1395147536109	OK	 
ACTION	Pricing	18	price	1395147533806	1395147533807	1395147536132	1395147536133	OK	 
ACTION	Pricing	13	price	1395147533829	1395147533830	1395147536157	1395147536157	OK	 
ACTION	Pricing	55	price	1395147533853	1395147533854	1395147536180	1395147536180	OK	 
ACTION	Pricing	19	price	1395147533874	1395147533874	1395147536205	1395147536205	OK	 
ACTION	Pricing	29	price	1395147533898	1395147533898	1395147536230	1395147536230	OK	 
ACTION	Pricing	85	price	1395147533922	1395147533923	1395147536255	1395147536255	OK	 
ACTION	Pricing	12	price	1395147533944	1395147533945	1395147536279	1395147536279	OK	 
ACTION	Pricing	23	price	1395147533967	1395147533968	1395147536303	1395147536304	OK	 
ACTION	Pricing	51	price	1395147533989	1395147533990	1395147536327	1395147536327	OK	 
ACTION	Pricing	63	price	1395147534011	1395147534012	1395147536351	1395147536351	OK	 
ACTION	Pricing	72	price	1395147534038	1395147534038	1395147536375	1395147536375	OK	 
ACTION	Pricing	66	price	1395147534058	1395147534059	1395147536396	1395147536396	OK	 
ACTION	Pricing	27	price	1395147534081	1395147534082	1395147536420	1395147536420	OK	 
ACTION	Pricing	68	price	1395147534100	1395147534101	1395147536439	1395147536439	OK	 
ACTION	Pricing	47	price	1395147534124	1395147534124	1395147536460	1395147536460	OK	 
ACTION	Pricing	31	price	1395147534145	1395147534146	1395147536483	1395147536483	OK	 
ACTION	Pricing	84	price	1395147534176	1395147534176	1395147536506	1395147536506	OK	 
ACTION	Pricing	42	price	1395147534191	1395147534191	1395147536529	1395147536530	OK	 
ACTION	Pricing	24	price	1395147534216	1395147534216	1395147536554	1395147536554	OK	 
ACTION	Pricing	94	price	1395147534237	1395147534238	1395147536576	1395147536577	OK	 
ACTION	Pricing	83	price	1395147534261	1395147534261	1395147536600	1395147536600	OK	 
ACTION	Pricing	81	price	1395147534284	1395147534284	1395147536624	1395147536625	OK	 
ACTION	Pricing	15	price	1395147534307	1395147534310	1395147536642	1395147536643	OK	 
ACTION	Pricing	52	price	1395147534331	1395147534331	1395147536662	1395147536663	OK	 
ACTION	Pricing	56	price	1395147534355	1395147534356	1395147536684	1395147536684	OK	 
ACTION	Pricing	64	price	1395147534382	1395147534382	1395147536704	1395147536704	OK	 
ACTION	Pricing	41	price	1395147534407	1395147534408	1395147536725	1395147536725	OK	 
ACTION	Pricing	99	price	1395147534431	1395147534432	1395147536747	1395147536747	OK	 
ACTION	Pricing	14	price	1395147534450	1395147534451	1395147536768	1395147536768	OK	 
ACTION	Pricing	2	price	1395147534472	1395147534472	1395147536794	1395147536794	OK	 
ACTION	Pricing	3	price	1395147534492	1395147534493	1395147536818	1395147536818	OK	 
ACTION	Pricing	79	price	1395147534513	1395147534513	1395147536840	1395147536840	OK	 
ACTION	Pricing	48	price	1395147534537	1395147534537	1395147536865	1395147536865	OK	 
ACTION	Pricing	39	price	1395147534561	1395147534562	1395147536885	1395147536886	OK	 
ACTION	Pricing	20	price	1395147534585	1395147534586	1395147536907	1395147536908	OK	 
ACTION	Pricing	61	price	1395147534612	1395147534612	1395147536929	1395147536929	OK	 
ACTION	Pricing	8	price	1395147534639	1395147534639	1395147536949	1395147536950	OK	 
ACTION	Pricing	69	price	1395147534665	1395147534665	1395147536973	1395147536974	OK	 
ACTION	Pricing	36	price	1395147534696	1395147534697	1395147536996	1395147536996	OK	 
ACTION	Pricing	57	price	1395147534718	1395147534719	1395147537025	1395147537025	OK	 
ACTION	Pricing	90	price	1395147534739	1395147534739	1395147537050	1395147537050	OK	 
ACTION	Pricing	71	price	1395147534762	1395147534763	1395147537073	1395147537073	OK	 
ACTION	Pricing	82	price	1395147534785	1395147534786	1395147537098	1395147537098	OK	 
ACTION	Pricing	70	price	1395147534807	1395147534808	1395147537123	1395147537124	OK	 
ACTION	Pricing	59	price	1395147534830	1395147534831	1395147537148	1395147537148	OK	 
ACTION	Pricing	37	price	1395147534855	1395147534856	1395147537170	1395147537171	OK	 
ACTION	Pricing	44	price	1395147534877	1395147534878	1395147537191	1395147537191	OK	 
ACTION	Pricing	7	price	1395147534899	1395147534899	1395147537212	1395147537213	OK	 
ACTION	Pricing	65	price	1395147534921	1395147534922	1395147537233	1395147537233	OK	 
ACTION	Pricing	45	price	1395147534944	1395147534944	1395147537255	1395147537255	OK	 
ACTION	Pricing	80	price	1395147534967	1395147534967	1395147537276	1395147537276	OK	 
ACTION	Pricing	54	price	1395147534993	1395147534993	1395147537296	1395147537297	OK	 
ACTION	Pricing	40	price	1395147535014	1395147535015	1395147537321	1395147537321	OK	 
ACTION	Pricing	74	price	1395147535036	1395147535037	1395147537343	1395147537343	OK	 
ACTION	Pricing	91	price	1395147535057	1395147535058	1395147537362	1395147537363	OK	 
ACTION	Pricing	89	price	1395147535078	1395147535079	1395147537385	1395147537385	OK	 
ACTION	Pricing	92	price	1395147535105	1395147535106	1395147537408	1395147537408	OK	 
ACTION	Pricing	88	price	1395147535129	1395147535129	1395147537429	1395147537430	OK	 
ACTION	Pricing	100	price	1395147535154	1395147535155	1395147537453	1395147537453	OK	 
ACTION	Pricing	60	price	1395147535178	1395147535178	1395147537471	1395147537472	OK	 
ACTION	Pricing	67	price	1395147535200	1395147535201	1395147537494	1395147537494	OK	 
ACTION	Pricing	17	price	1395147535235	1395147535235	1395147537528	1395147537529	OK	 
ACTION	Pricing	49	price	1395147535264	1395147535265	1395147537556	1395147537557	OK	 
ACTION	Pricing	73	price	1395147535288	1395147535288	1395147537581	1395147537582	OK	 
ACTION	Pricing	22	price	1395147535307	1395147535307	1395147537627	1395147537628	OK	 
ACTION	Pricing	10	price	1395147535327	1395147535328	1395147537634	1395147537634	OK	 
ACTION	Pricing	11	price	1395147535358	1395147535359	1395147537686	1395147537687	OK	 
ACTION	Pricing	38	price	1395147535378	1395147535378	1395147537704	1395147537705	OK	 
ACTION	Pricing	5	price	1395147535398	1395147535398	1395147537725	1395147537725	OK	 
ACTION	Pricing	32	price	1395147535418	1395147535419	1395147537746	1395147537746	OK	 
ACTION	Pricing	97	price	1395147535441	1395147535441	1395147537769	1395147537769	OK	 
ACTION	Pricing	6	price	1395147535461	1395147535461	1395147537796	1395147537796	OK	 
ACTION	Pricing	43	price	1395147535482	1395147535482	1395147537823	1395147537823	OK	 
ACTION	Pricing	30	price	1395147535504	1395147535504	1395147537847	1395147537848	OK	 
ACTION	Pricing	34	price	1395147535528	1395147535528	1395147537866	1395147537867	OK	 
ACTION	Pricing	50	price	1395147535552	1395147535553	1395147537888	1395147537888	OK	 
ACTION	Pricing	95	price	1395147535581	1395147535582	1395147537910	1395147537911	OK	 
ACTION	Pricing	26	price	1395147535606	1395147535606	1395147537932	1395147537932	OK	 
ACTION	Pricing	28	price	1395147535627	1395147535628	1395147537956	1395147537956	OK	 
ACTION	Pricing	62	price	1395147535650	1395147535650	1395147537977	1395147537978	OK	 
ACTION	Pricing	25	price	1395147535673	1395147535674	1395147537999	1395147537999	OK	 
ACTION	Pricing	9	price	1395147535697	1395147535697	1395147538024	1395147538024	OK	 
ACTION	Pricing	1	price	1395147535717	1395147535717	1395147538049	1395147538049	OK	 
ACTION	Pricing	53	price	1395147535743	1395147535744	1395147538072	1395147538073	OK	 
ACTION	Pricing	87	price	1395147535770	1395147535770	1395147538097	1395147538097	OK	 
ACTION	Pricing	46	price	1395147535794	1395147535795	1395147538116	1395147538117	OK	 
ACTION	Pricing	77	price	1395147535820	1395147535821	1395147538138	1395147538138	OK	 
ACTION	Pricing	78	price	1395147535846	1395147535847	1395147538161	1395147538161	OK	 
ACTION	Pricing	76	price	1395147535872	1395147535873	1395147538183	1395147538183	OK	 
ACTION	Pricing	33	price	1395147535894	1395147535894	1395147538208	1395147538208	OK	 
ACTION	Pricing	58	price	1395147535918	1395147535919	1395147538230	1395147538230	OK	 
ACTION	Pricing	96	price	1395147535938	1395147535939	1395147538252	1395147538253	OK	 
ACTION	Pricing	16	price	1395147535958	1395147535959	1395147538276	1395147538276	OK	 
ACTION	Pricing	98	price	1395147535979	1395147535980	1395147538297	1395147538297	OK	 
ACTION	Pricing	93	price	1395147536001	1395147536002	1395147538324	1395147538324	OK	 
ACTION	Pricing	35	price	1395147536025	1395147536025	1395147538345	1395147538346	OK	 
ACTION	Pricing	75	price	1395147536047	1395147536048	1395147538370	1395147538370	OK	 
ACTION	Pricing	4	price	1395147536069	1395147536070	1395147538393	1395147538393	OK	 
ACTION	Pricing	86	price	1395147536090	1395147536091	1395147538417	1395147538417	OK	 
ACTION	Pricing	21	price	1395147536111	1395147536111	1395147538441	1395147538441	OK	 
ACTION	Pricing	18	price	1395147536135	1395147536135	1395147538464	1395147538464	OK	 
ACTION	Pricing	13	price	1395147536158	1395147536159	1395147538486	1395147538487	OK	 
ACTION	Pricing	55	price	1395147536182	1395147536182	1395147538509	1395147538509	OK	 
ACTION	Pricing	19	price	1395147536207	1395147536207	1395147538535	1395147538536	OK	 
ACTION	Pricing	29	price	1395147536232	1395147536232	1395147538566	1395147538566	OK	 
ACTION	Pricing	85	price	1395147536257	1395147536258	1395147538590	1395147538591	OK	 
ACTION	Pricing	12	price	1395147536281	1395147536281	1395147538616	1395147538616	OK	 
ACTION	Pricing	23	price	1395147536305	1395147536306	1395147538639	1395147538639	OK	 
ACTION	Pricing	51	price	1395147536329	1395147536329	1395147538663	1395147538663	OK	 
ACTION	Pricing	63	price	1395147536353	1395147536353	1395147538685	1395147538686	OK	 
ACTION	Pricing	72	price	1395147536377	1395147536377	1395147538709	1395147538709	OK	 
ACTION	Pricing	66	price	1395147536397	1395147536398	1395147538731	1395147538732	OK	 
ACTION	Pricing	27	price	1395147536421	1395147536422	1395147538755	1395147538755	OK	 
ACTION	Pricing	68	price	1395147536440	1395147536441	1395147538779	1395147538779	OK	 
ACTION	Pricing	47	price	1395147536462	1395147536462	1395147538803	1395147538803	OK	 
ACTION	Pricing	31	price	1395147536484	1395147536485	1395147538823	1395147538823	OK	 
ACTION	Pricing	84	price	1395147536507	1395147536508	1395147538847	1395147538847	OK	 
ACTION	Pricing	42	price	1395147536531	1395147536531	1395147538871	1395147538871	OK	 
ACTION	Pricing	24	price	1395147536556	1395147536556	1395147538894	1395147538895	OK	 
ACTION	Pricing	94	price	1395147536578	1395147536578	1395147538916	1395147538917	OK	 
ACTION	Pricing	83	price	1395147536602	1395147536602	1395147538940	1395147538940	OK	 
ACTION	Pricing	81	price	1395147536627	1395147536627	1395147538964	1395147538964	OK	 
ACTION	Pricing	15	price	1395147536644	1395147536644	1395147538990	1395147538991	OK	 
ACTION	Pricing	52	price	1395147536664	1395147536664	1395147539015	1395147539015	OK	 
ACTION	Pricing	56	price	1395147536686	1395147536686	1395147539058	1395147539059	OK	 
ACTION	Pricing	64	price	1395147536706	1395147536706	1395147539080	1395147539081	OK	 
ACTION	Pricing	41	price	1395147536728	1395147536728	1395147539109	1395147539109	OK	 
ACTION	Pricing	99	price	1395147536749	1395147536749	1395147539164	1395147539165	OK	 
ACTION	Pricing	14	price	1395147536771	1395147536771	1395147539182	1395147539183	OK	 
ACTION	Pricing	2	price	1395147536795	1395147536795	1395147539204	1395147539204	OK	 
ACTION	Pricing	3	price	1395147536819	1395147536820	1395147539228	1395147539228	OK	 
ACTION	Pricing	79	price	1395147536841	1395147536842	1395147539253	1395147539253	OK	 
ACTION	Pricing	48	price	1395147536867	1395147536867	1395147539279	1395147539279	OK	 
ACTION	Pricing	39	price	1395147536887	1395147536887	1395147539304	1395147539305	OK	 
ACTION	Pricing	20	price	1395147536909	1395147536909	1395147539326	1395147539326	OK	 
ACTION	Pricing	61	price	1395147536930	1395147536930	1395147539351	1395147539351	OK	 
ACTION	Pricing	8	price	1395147536951	1395147536951	1395147539374	1395147539375	OK	 
ACTION	Pricing	69	price	1395147536976	1395147536977	1395147539399	1395147539400	OK	 
ACTION	Pricing	36	price	1395147536998	1395147536998	1395147539422	1395147539422	OK	 
ACTION	Pricing	57	price	1395147537026	1395147537027	1395147539447	1395147539448	OK	 
ACTION	Pricing	90	price	1395147537052	1395147537052	1395147539471	1395147539472	OK	 
ACTION	Pricing	71	price	1395147537075	1395147537075	1395147539505	1395147539506	OK	 
ACTION	Pricing	82	price	1395147537100	1395147537100	1395147539527	1395147539528	OK	 
ACTION	Pricing	70	price	1395147537125	1395147537125	1395147539553	1395147539553	OK	 
ACTION	Pricing	59	price	1395147537150	1395147537150	1395147539584	1395147539584	OK	 
ACTION	Pricing	37	price	1395147537172	1395147537172	1395147539606	1395147539607	OK	 
ACTION	Pricing	44	price	1395147537193	1395147537193	1395147539634	1395147539634	OK	 
ACTION	Pricing	7	price	1395147537214	1395147537215	1395147539663	1395147539664	OK	 
ACTION	Pricing	65	price	1395147537235	1395147537235	1395147539688	1395147539688	OK	 
ACTION	Pricing	45	price	1395147537257	1395147537257	1395147539711	1395147539711	OK	 
ACTION	Pricing	80	price	1395147537278	1395147537278	1395147539734	1395147539735	OK	 
ACTION	Pricing	54	price	1395147537298	1395147537299	1395147539759	1395147539759	OK	 
ACTION	Pricing	40	price	1395147537323	1395147537323	1395147539780	1395147539780	OK	 
ACTION	Pricing	74	price	1395147537345	1395147537345	1395147539803	1395147539803	OK	 
ACTION	Pricing	91	price	1395147537364	1395147537364	1395147539822	1395147539822	OK	 
ACTION	Pricing	89	price	1395147537386	1395147537387	1395147539844	1395147539844	OK	 
ACTION	Pricing	92	price	1395147537410	1395147537410	1395147539868	1395147539868	OK	 
ACTION	Pricing	88	price	1395147537431	1395147537431	1395147539892	1395147539892	OK	 
ACTION	Pricing	100	price	1395147537455	1395147537455	1395147539915	1395147539915	OK	 
ACTION	Pricing	60	price	1395147537473	1395147537473	1395147539960	1395147539960	OK	 
ACTION	Pricing	67	price	1395147537498	1395147537499	1395147539966	1395147539966	OK	 
ACTION	Pricing	17	price	1395147537531	1395147537531	1395147540009	1395147540009	OK	 
ACTION	Pricing	49	price	1395147537558	1395147537559	1395147540016	1395147540017	OK	 
ACTION	Pricing	73	price	1395147537584	1395147537585	1395147540042	1395147540042	OK	 
ACTION	Pricing	22	price	1395147537629	1395147537629	1395147540089	1395147540089	OK	 
ACTION	Pricing	10	price	1395147537637	1395147537637	1395147540098	1395147540099	OK	 
ACTION	Pricing	11	price	1395147537689	1395147537689	1395147540134	1395147540134	OK	 
ACTION	Pricing	38	price	1395147537706	1395147537707	1395147540152	1395147540152	OK	 
ACTION	Pricing	5	price	1395147537727	1395147537727	1395147540174	1395147540175	OK	 
ACTION	Pricing	32	price	1395147537748	1395147537749	1395147540221	1395147540221	OK	 
ACTION	Pricing	97	price	1395147537771	1395147537771	1395147540232	1395147540232	OK	 
ACTION	Pricing	6	price	1395147537798	1395147537799	1395147540261	1395147540261	OK	 
ACTION	Pricing	43	price	1395147537825	1395147537825	1395147540286	1395147540286	OK	 
ACTION	Pricing	30	price	1395147537849	1395147537850	1395147540309	1395147540309	OK	 
ACTION	Pricing	34	price	1395147537868	1395147537868	1395147540329	1395147540329	OK	 
ACTION	Pricing	50	price	1395147537890	1395147537890	1395147540352	1395147540352	OK	 
ACTION	Pricing	95	price	1395147537912	1395147537912	1395147540375	1395147540375	OK	 
ACTION	Pricing	26	price	1395147537934	1395147537934	1395147540397	1395147540397	OK	 
ACTION	Pricing	28	price	1395147537957	1395147537957	1395147540419	1395147540419	OK	 
ACTION	Pricing	62	price	1395147537979	1395147537980	1395147540442	1395147540443	OK	 
ACTION	Pricing	25	price	1395147538002	1395147538003	1395147540465	1395147540465	OK	 
ACTION	Pricing	9	price	1395147538026	1395147538026	1395147540489	1395147540489	OK	 
ACTION	Pricing	1	price	1395147538050	1395147538051	1395147540514	1395147540514	OK	 
ACTION	Pricing	53	price	1395147538075	1395147538075	1395147540538	1395147540538	OK	 
ACTION	Pricing	87	price	1395147538098	1395147538099	1395147540561	1395147540561	OK	 
ACTION	Pricing	46	price	1395147538118	1395147538118	1395147540583	1395147540583	OK	 
ACTION	Pricing	77	price	1395147538140	1395147538140	1395147540605	1395147540605	OK	 
ACTION	Pricing	78	price	1395147538163	1395147538163	1395147540631	1395147540631	OK	 
ACTION	Pricing	76	price	1395147538185	1395147538185	1395147540665	1395147540666	OK	 
ACTION	Pricing	33	price	1395147538209	1395147538210	1395147540701	1395147540701	OK	 
ACTION	Pricing	58	price	1395147538231	1395147538231	1395147540722	1395147540723	OK	 
ACTION	Pricing	96	price	1395147538254	1395147538254	1395147540748	1395147540748	OK	 
ACTION	Pricing	16	price	1395147538277	1395147538277	1395147540809	1395147540809	OK	 
ACTION	Pricing	98	price	1395147538299	1395147538299	1395147540824	1395147540824	OK	 
ACTION	Pricing	93	price	1395147538326	1395147538326	1395147540856	1395147540856	OK	 
ACTION	Pricing	35	price	1395147538347	1395147538348	1395147540870	1395147540870	OK	 
ACTION	Pricing	75	price	1395147538372	1395147538372	1395147540895	1395147540895	OK	 
ACTION	Pricing	4	price	1395147538395	1395147538395	1395147540922	1395147540922	OK	 
ACTION	Pricing	86	price	1395147538419	1395147538425	1395147540949	1395147540949	OK	 
ACTION	Pricing	21	price	1395147538443	1395147538443	1395147540977	1395147540977	OK	 
ACTION	Pricing	18	price	1395147538466	1395147538466	1395147541001	1395147541002	OK	 
ACTION	Pricing	13	price	1395147538488	1395147538489	1395147541025	1395147541025	OK	 
ACTION	Pricing	55	price	1395147538510	1395147538511	1395147541047	1395147541047	OK	 
ACTION	Pricing	19	price	1395147538537	1395147538538	1395147541071	1395147541071	OK	 
ACTION	Pricing	29	price	1395147538568	1395147538569	1395147541095	1395147541096	OK	 
ACTION	Pricing	85	price	1395147538593	1395147538594	1395147541117	1395147541118	OK	 
ACTION	Pricing	12	price	1395147538618	1395147538618	1395147541141	1395147541141	OK	 
ACTION	Pricing	23	price	1395147538641	1395147538641	1395147541164	1395147541165	OK	 
ACTION	Pricing	51	price	1395147538665	1395147538665	1395147541190	1395147541190	OK	 
ACTION	Pricing	63	price	1395147538687	1395147538688	1395147541216	1395147541216	OK	 
ACTION	Pricing	72	price	1395147538711	1395147538711	1395147541238	1395147541239	OK	 
ACTION	Pricing	66	price	1395147538733	1395147538734	1395147541262	1395147541263	OK	 
ACTION	Pricing	27	price	1395147538758	1395147538758	1395147541286	1395147541286	OK	 
ACTION	Pricing	68	price	1395147538781	1395147538781	1395147541308	1395147541308	OK	 
ACTION	Pricing	47	price	1395147538804	1395147538805	1395147541329	1395147541329	OK	 
ACTION	Pricing	31	price	1395147538825	1395147538826	1395147541352	1395147541353	OK	 
ACTION	Pricing	84	price	1395147538849	1395147538849	1395147541375	1395147541376	OK	 
ACTION	Pricing	42	price	1395147538873	1395147538873	1395147541403	1395147541403	OK	 
ACTION	Pricing	24	price	1395147538897	1395147538897	1395147541429	1395147541429	OK	 
ACTION	Pricing	94	price	1395147538918	1395147538918	1395147541450	1395147541450	OK	 
ACTION	Pricing	83	price	1395147538942	1395147538942	1395147541476	1395147541476	OK	 
ACTION	Pricing	81	price	1395147538967	1395147538967	1395147541499	1395147541499	OK	 
ACTION	Pricing	15	price	1395147538992	1395147538993	1395147541522	1395147541522	OK	 
ACTION	Pricing	52	price	1395147539018	1395147539018	1395147541544	1395147541545	OK	 
ACTION	Pricing	56	price	1395147539060	1395147539061	1395147541567	1395147541567	OK	 
ACTION	Pricing	64	price	1395147539082	1395147539083	1395147541592	1395147541592	OK	 
ACTION	Pricing	41	price	1395147539111	1395147539111	1395147541617	1395147541617	OK	 
ACTION	Pricing	99	price	1395147539167	1395147539167	1395147541640	1395147541641	OK	 
ACTION	Pricing	14	price	1395147539184	1395147539185	1395147541672	1395147541673	OK	 
ACTION	Pricing	2	price	1395147539206	1395147539206	1395147541697	1395147541697	OK	 
ACTION	Pricing	3	price	1395147539230	1395147539230	1395147541720	1395147541721	OK	 
ACTION	Pricing	79	price	1395147539255	1395147539255	1395147541745	1395147541745	OK	 
ACTION	Pricing	48	price	1395147539281	1395147539281	1395147541767	1395147541767	OK	 
ACTION	Pricing	39	price	1395147539307	1395147539308	1395147541791	1395147541791	OK	 
ACTION	Pricing	20	price	1395147539328	1395147539329	1395147541810	1395147541811	OK	 
ACTION	Pricing	61	price	1395147539353	1395147539353	1395147541831	1395147541832	OK	 
ACTION	Pricing	8	price	1395147539376	1395147539377	1395147541852	1395147541853	OK	 
ACTION	Pricing	69	price	1395147539401	1395147539402	1395147541875	1395147541876	OK	 
ACTION	Pricing	36	price	1395147539424	1395147539424	1395147541897	1395147541897	OK	 
SCENARIO	Pricing	36	END	1395147541897
ACTION	Pricing	57	price	1395147539449	1395147539450	1395147541916	1395147541917	OK	 
SCENARIO	Pricing	57	END	1395147541917
ACTION	Pricing	90	price	1395147539474	1395147539474	1395147541937	1395147541938	OK	 
SCENARIO	Pricing	90	END	1395147541938
ACTION	Pricing	71	price	1395147539507	1395147539508	1395147541960	1395147541960	OK	 
SCENARIO	Pricing	71	END	1395147541961
ACTION	Pricing	82	price	1395147539529	1395147539530	1395147541981	1395147541981	OK	 
SCENARIO	Pricing	82	END	1395147541981
ACTION	Pricing	70	price	1395147539554	1395147539555	1395147542006	1395147542007	OK	 
SCENARIO	Pricing	70	END	1395147542007
ACTION	Pricing	59	price	1395147539590	1395147539596	1395147542027	1395147542028	OK	 
SCENARIO	Pricing	59	END	1395147542028
ACTION	Pricing	37	price	1395147539608	1395147539608	1395147542049	1395147542049	OK	 
SCENARIO	Pricing	37	END	1395147542050
ACTION	Pricing	44	price	1395147539636	1395147539636	1395147542072	1395147542072	OK	 
SCENARIO	Pricing	44	END	1395147542073
ACTION	Pricing	7	price	1395147539665	1395147539666	1395147542096	1395147542096	OK	 
SCENARIO	Pricing	7	END	1395147542097
ACTION	Pricing	65	price	1395147539689	1395147539689	1395147542118	1395147542118	OK	 
SCENARIO	Pricing	65	END	1395147542119
ACTION	Pricing	45	price	1395147539712	1395147539713	1395147542138	1395147542139	OK	 
SCENARIO	Pricing	45	END	1395147542139
ACTION	Pricing	80	price	1395147539736	1395147539736	1395147542161	1395147542161	OK	 
SCENARIO	Pricing	80	END	1395147542162
ACTION	Pricing	54	price	1395147539760	1395147539761	1395147542186	1395147542186	OK	 
SCENARIO	Pricing	54	END	1395147542186
ACTION	Pricing	40	price	1395147539781	1395147539782	1395147542209	1395147542210	OK	 
SCENARIO	Pricing	40	END	1395147542210
ACTION	Pricing	74	price	1395147539804	1395147539805	1395147542236	1395147542236	OK	 
SCENARIO	Pricing	74	END	1395147542236
ACTION	Pricing	91	price	1395147539823	1395147539824	1395147542256	1395147542257	OK	 
SCENARIO	Pricing	91	END	1395147542257
ACTION	Pricing	89	price	1395147539846	1395147539846	1395147542279	1395147542279	OK	 
SCENARIO	Pricing	89	END	1395147542279
ACTION	Pricing	92	price	1395147539870	1395147539870	1395147542299	1395147542300	OK	 
SCENARIO	Pricing	92	END	1395147542301
ACTION	Pricing	88	price	1395147539894	1395147539894	1395147542320	1395147542320	OK	 
SCENARIO	Pricing	88	END	1395147542321
ACTION	Pricing	100	price	1395147539916	1395147539917	1395147542340	1395147542340	OK	 
SCENARIO	Pricing	100	END	1395147542341
ACTION	Pricing	60	price	1395147539961	1395147539962	1395147542361	1395147542362	OK	 
SCENARIO	Pricing	60	END	1395147542362
ACTION	Pricing	67	price	1395147539967	1395147539968	1395147542385	1395147542385	OK	 
SCENARIO	Pricing	67	END	1395147542386
ACTION	Pricing	17	price	1395147540010	1395147540010	1395147542408	1395147542408	OK	 
SCENARIO	Pricing	17	END	1395147542409
ACTION	Pricing	49	price	1395147540018	1395147540018	1395147542431	1395147542431	OK	 
SCENARIO	Pricing	49	END	1395147542431
ACTION	Pricing	73	price	1395147540043	1395147540044	1395147542452	1395147542452	OK	 
SCENARIO	Pricing	73	END	1395147542453
ACTION	Pricing	22	price	1395147540091	1395147540091	1395147542472	1395147542472	OK	 
SCENARIO	Pricing	22	END	1395147542472
ACTION	Pricing	10	price	1395147540100	1395147540101	1395147542492	1395147542492	OK	 
SCENARIO	Pricing	10	END	1395147542493
ACTION	Pricing	11	price	1395147540136	1395147540136	1395147542512	1395147542513	OK	 
SCENARIO	Pricing	11	END	1395147542513
ACTION	Pricing	38	price	1395147540154	1395147540154	1395147542534	1395147542534	OK	 
SCENARIO	Pricing	38	END	1395147542535
ACTION	Pricing	5	price	1395147540177	1395147540178	1395147542555	1395147542555	OK	 
SCENARIO	Pricing	5	END	1395147542556
ACTION	Pricing	32	price	1395147540222	1395147540225	1395147542577	1395147542577	OK	 
SCENARIO	Pricing	32	END	1395147542578
ACTION	Pricing	97	price	1395147540234	1395147540235	1395147542599	1395147542599	OK	 
SCENARIO	Pricing	97	END	1395147542600
ACTION	Pricing	6	price	1395147540263	1395147540263	1395147542622	1395147542622	OK	 
SCENARIO	Pricing	6	END	1395147542623
ACTION	Pricing	43	price	1395147540288	1395147540288	1395147542646	1395147542647	OK	 
SCENARIO	Pricing	43	END	1395147542647
ACTION	Pricing	30	price	1395147540310	1395147540311	1395147542670	1395147542670	OK	 
SCENARIO	Pricing	30	END	1395147542671
ACTION	Pricing	34	price	1395147540331	1395147540331	1395147542694	1395147542694	OK	 
SCENARIO	Pricing	34	END	1395147542695
ACTION	Pricing	50	price	1395147540353	1395147540354	1395147542720	1395147542720	OK	 
SCENARIO	Pricing	50	END	1395147542721
ACTION	Pricing	95	price	1395147540376	1395147540376	1395147542742	1395147542742	OK	 
SCENARIO	Pricing	95	END	1395147542743
ACTION	Pricing	26	price	1395147540398	1395147540399	1395147542765	1395147542765	OK	 
SCENARIO	Pricing	26	END	1395147542765
ACTION	Pricing	28	price	1395147540421	1395147540421	1395147542787	1395147542787	OK	 
SCENARIO	Pricing	28	END	1395147542788
ACTION	Pricing	62	price	1395147540444	1395147540444	1395147542813	1395147542813	OK	 
SCENARIO	Pricing	62	END	1395147542814
ACTION	Pricing	25	price	1395147540467	1395147540467	1395147542836	1395147542836	OK	 
SCENARIO	Pricing	25	END	1395147542837
ACTION	Pricing	9	price	1395147540490	1395147540490	1395147542857	1395147542857	OK	 
SCENARIO	Pricing	9	END	1395147542857
ACTION	Pricing	1	price	1395147540516	1395147540516	1395147542880	1395147542880	OK	 
SCENARIO	Pricing	1	END	1395147542881
ACTION	Pricing	53	price	1395147540540	1395147540540	1395147542902	1395147542902	OK	 
SCENARIO	Pricing	53	END	1395147542903
ACTION	Pricing	87	price	1395147540562	1395147540563	1395147542926	1395147542927	OK	 
SCENARIO	Pricing	87	END	1395147542927
ACTION	Pricing	46	price	1395147540585	1395147540585	1395147542948	1395147542948	OK	 
SCENARIO	Pricing	46	END	1395147542949
ACTION	Pricing	77	price	1395147540607	1395147540607	1395147542972	1395147542973	OK	 
SCENARIO	Pricing	77	END	1395147542973
ACTION	Pricing	78	price	1395147540632	1395147540632	1395147542992	1395147542993	OK	 
SCENARIO	Pricing	78	END	1395147542993
ACTION	Pricing	76	price	1395147540667	1395147540667	1395147543016	1395147543016	OK	 
SCENARIO	Pricing	76	END	1395147543017
ACTION	Pricing	33	price	1395147540702	1395147540702	1395147543036	1395147543036	OK	 
SCENARIO	Pricing	33	END	1395147543037
ACTION	Pricing	58	price	1395147540725	1395147540725	1395147543058	1395147543058	OK	 
SCENARIO	Pricing	58	END	1395147543059
ACTION	Pricing	96	price	1395147540749	1395147540750	1395147543079	1395147543079	OK	 
SCENARIO	Pricing	96	END	1395147543080
ACTION	Pricing	16	price	1395147540810	1395147540811	1395147543101	1395147543101	OK	 
SCENARIO	Pricing	16	END	1395147543101
ACTION	Pricing	98	price	1395147540826	1395147540826	1395147543122	1395147543122	OK	 
SCENARIO	Pricing	98	END	1395147543122
ACTION	Pricing	93	price	1395147540857	1395147540858	1395147543143	1395147543143	OK	 
SCENARIO	Pricing	93	END	1395147543144
ACTION	Pricing	35	price	1395147540871	1395147540871	1395147543165	1395147543166	OK	 
SCENARIO	Pricing	35	END	1395147543166
ACTION	Pricing	75	price	1395147540897	1395147540897	1395147543188	1395147543189	OK	 
SCENARIO	Pricing	75	END	1395147543189
ACTION	Pricing	4	price	1395147540924	1395147540925	1395147543210	1395147543210	OK	 
SCENARIO	Pricing	4	END	1395147543211
ACTION	Pricing	86	price	1395147540951	1395147540951	1395147543235	1395147543235	OK	 
SCENARIO	Pricing	86	END	1395147543236
ACTION	Pricing	21	price	1395147540979	1395147540979	1395147543257	1395147543257	OK	 
SCENARIO	Pricing	21	END	1395147543257
ACTION	Pricing	18	price	1395147541003	1395147541003	1395147543280	1395147543280	OK	 
SCENARIO	Pricing	18	END	1395147543281
ACTION	Pricing	13	price	1395147541027	1395147541027	1395147543300	1395147543300	OK	 
SCENARIO	Pricing	13	END	1395147543301
ACTION	Pricing	55	price	1395147541049	1395147541050	1395147543322	1395147543322	OK	 
SCENARIO	Pricing	55	END	1395147543323
ACTION	Pricing	19	price	1395147541073	1395147541073	1395147543344	1395147543345	OK	 
SCENARIO	Pricing	19	END	1395147543345
ACTION	Pricing	29	price	1395147541098	1395147541098	1395147543367	1395147543367	OK	 
SCENARIO	Pricing	29	END	1395147543367
ACTION	Pricing	85	price	1395147541119	1395147541120	1395147543389	1395147543390	OK	 
SCENARIO	Pricing	85	END	1395147543390
ACTION	Pricing	12	price	1395147541143	1395147541143	1395147543413	1395147543414	OK	 
SCENARIO	Pricing	12	END	1395147543414
ACTION	Pricing	23	price	1395147541166	1395147541166	1395147543437	1395147543437	OK	 
SCENARIO	Pricing	23	END	1395147543437
ACTION	Pricing	51	price	1395147541192	1395147541192	1395147543458	1395147543458	OK	 
SCENARIO	Pricing	51	END	1395147543458
ACTION	Pricing	63	price	1395147541218	1395147541218	1395147543481	1395147543481	OK	 
SCENARIO	Pricing	63	END	1395147543482
ACTION	Pricing	72	price	1395147541240	1395147541240	1395147543503	1395147543504	OK	 
SCENARIO	Pricing	72	END	1395147543504
ACTION	Pricing	66	price	1395147541264	1395147541265	1395147543526	1395147543526	OK	 
SCENARIO	Pricing	66	END	1395147543526
ACTION	Pricing	27	price	1395147541287	1395147541288	1395147543546	1395147543546	OK	 
SCENARIO	Pricing	27	END	1395147543547
ACTION	Pricing	68	price	1395147541309	1395147541310	1395147543568	1395147543568	OK	 
SCENARIO	Pricing	68	END	1395147543568
ACTION	Pricing	47	price	1395147541330	1395147541331	1395147543590	1395147543590	OK	 
SCENARIO	Pricing	47	END	1395147543590
ACTION	Pricing	31	price	1395147541354	1395147541354	1395147543611	1395147543612	OK	 
SCENARIO	Pricing	31	END	1395147543612
ACTION	Pricing	84	price	1395147541377	1395147541378	1395147543633	1395147543633	OK	 
SCENARIO	Pricing	84	END	1395147543634
ACTION	Pricing	42	price	1395147541405	1395147541406	1395147543655	1395147543656	OK	 
SCENARIO	Pricing	42	END	1395147543657
ACTION	Pricing	24	price	1395147541430	1395147541430	1395147543677	1395147543677	OK	 
SCENARIO	Pricing	24	END	1395147543678
ACTION	Pricing	94	price	1395147541452	1395147541453	1395147543700	1395147543700	OK	 
SCENARIO	Pricing	94	END	1395147543701
ACTION	Pricing	83	price	1395147541478	1395147541478	1395147543724	1395147543724	OK	 
SCENARIO	Pricing	83	END	1395147543725
ACTION	Pricing	81	price	1395147541501	1395147541501	1395147543747	1395147543747	OK	 
SCENARIO	Pricing	81	END	1395147543748
ACTION	Pricing	15	price	1395147541523	1395147541523	1395147543771	1395147543772	OK	 
SCENARIO	Pricing	15	END	1395147543772
ACTION	Pricing	52	price	1395147541546	1395147541547	1395147543795	1395147543796	OK	 
SCENARIO	Pricing	52	END	1395147543796
ACTION	Pricing	56	price	1395147541569	1395147541569	1395147543819	1395147543819	OK	 
SCENARIO	Pricing	56	END	1395147543819
ACTION	Pricing	64	price	1395147541593	1395147541594	1395147543843	1395147543843	OK	 
SCENARIO	Pricing	64	END	1395147543844
ACTION	Pricing	41	price	1395147541618	1395147541619	1395147543867	1395147543867	OK	 
SCENARIO	Pricing	41	END	1395147543868
ACTION	Pricing	99	price	1395147541642	1395147541643	1395147543889	1395147543889	OK	 
SCENARIO	Pricing	99	END	1395147543890
ACTION	Pricing	14	price	1395147541674	1395147541675	1395147543910	1395147543911	OK	 
SCENARIO	Pricing	14	END	1395147543911
ACTION	Pricing	2	price	1395147541698	1395147541699	1395147543935	1395147543935	OK	 
SCENARIO	Pricing	2	END	1395147543936
ACTION	Pricing	3	price	1395147541722	1395147541722	1395147543956	1395147543957	OK	 
SCENARIO	Pricing	3	END	1395147543957
ACTION	Pricing	79	price	1395147541746	1395147541746	1395147543978	1395147543978	OK	 
SCENARIO	Pricing	79	END	1395147543979
ACTION	Pricing	48	price	1395147541769	1395147541769	1395147544002	1395147544002	OK	 
SCENARIO	Pricing	48	END	1395147544003
ACTION	Pricing	39	price	1395147541792	1395147541793	1395147544024	1395147544025	OK	 
SCENARIO	Pricing	39	END	1395147544025
ACTION	Pricing	20	price	1395147541812	1395147541812	1395147544046	1395147544046	OK	 
SCENARIO	Pricing	20	END	1395147544047
ACTION	Pricing	61	price	1395147541833	1395147541833	1395147544068	1395147544068	OK	 
SCENARIO	Pricing	61	END	1395147544069
ACTION	Pricing	8	price	1395147541854	1395147541854	1395147544089	1395147544089	OK	 
SCENARIO	Pricing	8	END	1395147544090
ACTION	Pricing	69	price	1395147541877	1395147541877	1395147544110	1395147544110	OK	 
SCENARIO	Pricing	69	END	1395147544111
