RUN	20140318130654	pricingsimulation	pricingsimulation
SCENARIO	Pricing	61	START	1395148017603
SCENARIO	Pricing	88	START	1395148017604
SCENARIO	Pricing	98	START	1395148017604
SCENARIO	Pricing	97	START	1395148017604
SCENARIO	Pricing	9	START	1395148017604
SCENARIO	Pricing	6	START	1395148017605
SCENARIO	Pricing	14	START	1395148017605
SCENARIO	Pricing	45	START	1395148017605
SCENARIO	Pricing	8	START	1395148017605
SCENARIO	Pricing	100	START	1395148017605
SCENARIO	Pricing	3	START	1395148017605
SCENARIO	Pricing	46	START	1395148017606
SCENARIO	Pricing	12	START	1395148017606
SCENARIO	Pricing	32	START	1395148017606
SCENARIO	Pricing	28	START	1395148017606
SCENARIO	Pricing	58	START	1395148017606
SCENARIO	Pricing	18	START	1395148017606
SCENARIO	Pricing	65	START	1395148017606
SCENARIO	Pricing	90	START	1395148017606
SCENARIO	Pricing	39	START	1395148017606
SCENARIO	Pricing	10	START	1395148017606
SCENARIO	Pricing	22	START	1395148017606
SCENARIO	Pricing	62	START	1395148017606
SCENARIO	Pricing	26	START	1395148017606
SCENARIO	Pricing	37	START	1395148017606
SCENARIO	Pricing	66	START	1395148017606
SCENARIO	Pricing	84	START	1395148017606
SCENARIO	Pricing	35	START	1395148017606
SCENARIO	Pricing	50	START	1395148017606
SCENARIO	Pricing	20	START	1395148017606
SCENARIO	Pricing	76	START	1395148017607
SCENARIO	Pricing	74	START	1395148017607
SCENARIO	Pricing	81	START	1395148017607
SCENARIO	Pricing	23	START	1395148017607
SCENARIO	Pricing	59	START	1395148017607
SCENARIO	Pricing	34	START	1395148017607
SCENARIO	Pricing	48	START	1395148017607
SCENARIO	Pricing	17	START	1395148017607
SCENARIO	Pricing	67	START	1395148017607
SCENARIO	Pricing	89	START	1395148017607
SCENARIO	Pricing	68	START	1395148017607
SCENARIO	Pricing	4	START	1395148017607
SCENARIO	Pricing	82	START	1395148017607
SCENARIO	Pricing	29	START	1395148017607
SCENARIO	Pricing	11	START	1395148017607
SCENARIO	Pricing	43	START	1395148017607
SCENARIO	Pricing	30	START	1395148017607
SCENARIO	Pricing	72	START	1395148017607
SCENARIO	Pricing	87	START	1395148017607
SCENARIO	Pricing	41	START	1395148017607
SCENARIO	Pricing	42	START	1395148017607
SCENARIO	Pricing	27	START	1395148017607
SCENARIO	Pricing	24	START	1395148017607
SCENARIO	Pricing	15	START	1395148017607
SCENARIO	Pricing	60	START	1395148017607
SCENARIO	Pricing	51	START	1395148017607
SCENARIO	Pricing	36	START	1395148017607
SCENARIO	Pricing	55	START	1395148017607
SCENARIO	Pricing	85	START	1395148017607
SCENARIO	Pricing	93	START	1395148017607
SCENARIO	Pricing	38	START	1395148017607
SCENARIO	Pricing	2	START	1395148017607
SCENARIO	Pricing	94	START	1395148017608
SCENARIO	Pricing	25	START	1395148017608
SCENARIO	Pricing	56	START	1395148017608
SCENARIO	Pricing	92	START	1395148017608
SCENARIO	Pricing	44	START	1395148017608
SCENARIO	Pricing	91	START	1395148017608
SCENARIO	Pricing	54	START	1395148017608
SCENARIO	Pricing	16	START	1395148017608
SCENARIO	Pricing	69	START	1395148017608
SCENARIO	Pricing	49	START	1395148017608
SCENARIO	Pricing	13	START	1395148017608
SCENARIO	Pricing	64	START	1395148017608
SCENARIO	Pricing	71	START	1395148017608
SCENARIO	Pricing	83	START	1395148017608
SCENARIO	Pricing	99	START	1395148017608
SCENARIO	Pricing	52	START	1395148017608
SCENARIO	Pricing	86	START	1395148017608
SCENARIO	Pricing	79	START	1395148017608
SCENARIO	Pricing	96	START	1395148017608
SCENARIO	Pricing	75	START	1395148017608
SCENARIO	Pricing	77	START	1395148017608
SCENARIO	Pricing	53	START	1395148017608
SCENARIO	Pricing	19	START	1395148017608
SCENARIO	Pricing	80	START	1395148017608
SCENARIO	Pricing	33	START	1395148017608
SCENARIO	Pricing	73	START	1395148017608
SCENARIO	Pricing	70	START	1395148017608
SCENARIO	Pricing	5	START	1395148017608
SCENARIO	Pricing	21	START	1395148017608
SCENARIO	Pricing	1	START	1395148017608
SCENARIO	Pricing	57	START	1395148017608
SCENARIO	Pricing	78	START	1395148017608
SCENARIO	Pricing	31	START	1395148017608
SCENARIO	Pricing	7	START	1395148017609
SCENARIO	Pricing	95	START	1395148017609
SCENARIO	Pricing	40	START	1395148017609
SCENARIO	Pricing	63	START	1395148017609
SCENARIO	Pricing	47	START	1395148017609
ACTION	Pricing	30	price	1395148017774	1395148017790	1395148036371	1395148036371	OK	 
ACTION	Pricing	28	price	1395148017681	1395148017738	1395148036366	1395148036370	OK	 
ACTION	Pricing	16	price	1395148017813	1395148017815	1395148036396	1395148036396	OK	 
ACTION	Pricing	57	price	1395148017841	1395148017845	1395148036454	1395148036454	OK	 
ACTION	Pricing	99	price	1395148017822	1395148017827	1395148036499	1395148036499	OK	 
ACTION	Pricing	43	price	1395148017773	1395148017790	1395148036543	1395148036543	OK	 
ACTION	Pricing	4	price	1395148017768	1395148017785	1395148036588	1395148036588	OK	 
ACTION	Pricing	91	price	1395148017812	1395148017813	1395148036635	1395148036635	OK	 
ACTION	Pricing	31	price	1395148017842	1395148017844	1395148036681	1395148036681	OK	 
ACTION	Pricing	12	price	1395148017680	1395148017748	1395148036746	1395148036746	OK	 
ACTION	Pricing	34	price	1395148017741	1395148017755	1395148036788	1395148036789	OK	 
ACTION	Pricing	22	price	1395148017698	1395148017752	1395148036835	1395148036835	OK	 
ACTION	Pricing	72	price	1395148017775	1395148017789	1395148036880	1395148036880	OK	 
ACTION	Pricing	65	price	1395148017684	1395148017752	1395148036924	1395148036924	OK	 
ACTION	Pricing	85	price	1395148017796	1395148017798	1395148036968	1395148036968	OK	 
ACTION	Pricing	9	price	1395148017660	1395148017727	1395148037013	1395148037013	OK	 
ACTION	Pricing	55	price	1395148017794	1395148017798	1395148037059	1395148037059	OK	 
ACTION	Pricing	32	price	1395148017680	1395148017748	1395148037104	1395148037104	OK	 
ACTION	Pricing	67	price	1395148017748	1395148017762	1395148037153	1395148037153	OK	 
ACTION	Pricing	97	price	1395148017658	1395148017667	1395148037193	1395148037193	OK	 
ACTION	Pricing	94	price	1395148017801	1395148017810	1395148037237	1395148037237	OK	 
ACTION	Pricing	79	price	1395148017824	1395148017829	1395148037279	1395148037280	OK	 
ACTION	Pricing	71	price	1395148017819	1395148017820	1395148037323	1395148037323	OK	 
ACTION	Pricing	14	price	1395148017662	1395148017728	1395148037370	1395148037370	OK	 
ACTION	Pricing	83	price	1395148017822	1395148017828	1395148037413	1395148037414	OK	 
ACTION	Pricing	3	price	1395148017677	1395148017730	1395148037457	1395148037458	OK	 
ACTION	Pricing	87	price	1395148017776	1395148017791	1395148037506	1395148037506	OK	 
ACTION	Pricing	24	price	1395148017779	1395148017794	1395148037551	1395148037552	OK	 
ACTION	Pricing	45	price	1395148017663	1395148017739	1395148037605	1395148037606	OK	 
ACTION	Pricing	11	price	1395148017772	1395148017788	1395148037655	1395148037655	OK	 
ACTION	Pricing	54	price	1395148017812	1395148017814	1395148037692	1395148037692	OK	 
ACTION	Pricing	84	price	1395148017702	1395148017752	1395148037740	1395148037740	OK	 
ACTION	Pricing	75	price	1395148017834	1395148017834	1395148037783	1395148037783	OK	 
ACTION	Pricing	64	price	1395148017818	1395148017819	1395148037828	1395148037828	OK	 
ACTION	Pricing	42	price	1395148017778	1395148017793	1395148037870	1395148037870	OK	 
ACTION	Pricing	62	price	1395148017698	1395148017750	1395148037916	1395148037916	OK	 
ACTION	Pricing	50	price	1395148017723	1395148017757	1395148037962	1395148037962	OK	 
ACTION	Pricing	68	price	1395148017766	1395148017784	1395148038007	1395148038007	OK	 
ACTION	Pricing	90	price	1395148017685	1395148017748	1395148038073	1395148038073	OK	 
ACTION	Pricing	56	price	1395148017802	1395148017809	1395148038118	1395148038118	OK	 
ACTION	Pricing	77	price	1395148017831	1395148017835	1395148038165	1395148038165	OK	 
ACTION	Pricing	40	price	1395148017850	1395148017851	1395148038209	1395148038209	OK	 
ACTION	Pricing	80	price	1395148017833	1395148017834	1395148038255	1395148038255	OK	 
ACTION	Pricing	25	price	1395148017801	1395148017810	1395148038301	1395148038302	OK	 
ACTION	Pricing	47	price	1395148017852	1395148017853	1395148038349	1395148038349	OK	 
ACTION	Pricing	37	price	1395148017700	1395148017756	1395148038396	1395148038396	OK	 
ACTION	Pricing	39	price	1395148017686	1395148017754	1395148038439	1395148038439	OK	 
ACTION	Pricing	100	price	1395148017665	1395148017739	1395148038487	1395148038487	OK	 
ACTION	Pricing	46	price	1395148017680	1395148017749	1395148038529	1395148038530	OK	 
ACTION	Pricing	26	price	1395148017699	1395148017755	1395148038582	1395148038583	OK	 
ACTION	Pricing	51	price	1395148017781	1395148017795	1395148038627	1395148038627	OK	 
ACTION	Pricing	61	price	1395148017644	1395148017661	1395148038671	1395148038671	OK	 
ACTION	Pricing	81	price	1395148017727	1395148017757	1395148038716	1395148038717	OK	 
ACTION	Pricing	53	price	1395148017831	1395148017836	1395148038761	1395148038761	OK	 
ACTION	Pricing	95	price	1395148017848	1395148017849	1395148038804	1395148038805	OK	 
ACTION	Pricing	52	price	1395148017822	1395148017829	1395148038846	1395148038846	OK	 
ACTION	Pricing	92	price	1395148017803	1395148017808	1395148038893	1395148038893	OK	 
ACTION	Pricing	60	price	1395148017780	1395148017796	1395148038938	1395148038938	OK	 
ACTION	Pricing	13	price	1395148017817	1395148017818	1395148038981	1395148038982	OK	 
ACTION	Pricing	86	price	1395148017823	1395148017824	1395148039027	1395148039028	OK	 
ACTION	Pricing	21	price	1395148017840	1395148017844	1395148039074	1395148039074	OK	 
ACTION	Pricing	8	price	1395148017664	1395148017738	1395148039115	1395148039116	OK	 
ACTION	Pricing	29	price	1395148017770	1395148017786	1395148039159	1395148039159	OK	 
ACTION	Pricing	10	price	1395148017697	1395148017756	1395148039205	1395148039205	OK	 
ACTION	Pricing	23	price	1395148017739	1395148017753	1395148039248	1395148039248	OK	 
ACTION	Pricing	18	price	1395148017683	1395148017755	1395148039289	1395148039289	OK	 
ACTION	Pricing	36	price	1395148017782	1395148017797	1395148039330	1395148039331	OK	 
ACTION	Pricing	48	price	1395148017742	1395148017758	1395148039373	1395148039374	OK	 
ACTION	Pricing	5	price	1395148017839	1395148017839	1395148039415	1395148039416	OK	 
ACTION	Pricing	2	price	1395148017800	1395148017808	1395148039458	1395148039459	OK	 
ACTION	Pricing	98	price	1395148017654	1395148017675	1395148039503	1395148039504	OK	 
ACTION	Pricing	66	price	1395148017701	1395148017752	1395148039544	1395148039544	OK	 
ACTION	Pricing	17	price	1395148017743	1395148017759	1395148039588	1395148039588	OK	 
ACTION	Pricing	70	price	1395148017837	1395148017838	1395148039632	1395148039632	OK	 
ACTION	Pricing	44	price	1395148017810	1395148017812	1395148039674	1395148039674	OK	 
ACTION	Pricing	35	price	1395148017703	1395148017755	1395148039716	1395148039716	OK	 
ACTION	Pricing	15	price	1395148017780	1395148017797	1395148039759	1395148039759	OK	 
ACTION	Pricing	1	price	1395148017840	1395148017844	1395148039806	1395148039807	OK	 
ACTION	Pricing	93	price	1395148017798	1395148017799	1395148039847	1395148039848	OK	 
ACTION	Pricing	19	price	1395148017832	1395148017835	1395148039889	1395148039889	OK	 
ACTION	Pricing	69	price	1395148017814	1395148017815	1395148039933	1395148039933	OK	 
ACTION	Pricing	88	price	1395148017652	1395148017665	1395148039979	1395148039979	OK	 
ACTION	Pricing	7	price	1395148017843	1395148017848	1395148040020	1395148040020	OK	 
ACTION	Pricing	49	price	1395148017816	1395148017817	1395148040062	1395148040062	OK	 
ACTION	Pricing	6	price	1395148017661	1395148017728	1395148040106	1395148040106	OK	 
ACTION	Pricing	96	price	1395148017827	1395148017828	1395148040151	1395148040152	OK	 
ACTION	Pricing	76	price	1395148017725	1395148017752	1395148040193	1395148040193	OK	 
ACTION	Pricing	41	price	1395148017777	1395148017793	1395148040246	1395148040246	OK	 
ACTION	Pricing	89	price	1395148017759	1395148017782	1395148040280	1395148040280	OK	 
ACTION	Pricing	20	price	1395148017724	1395148017753	1395148040320	1395148040321	OK	 
ACTION	Pricing	59	price	1395148017740	1395148017754	1395148040363	1395148040363	OK	 
ACTION	Pricing	82	price	1395148017768	1395148017786	1395148040408	1395148040408	OK	 
ACTION	Pricing	58	price	1395148017682	1395148017754	1395148040449	1395148040450	OK	 
ACTION	Pricing	33	price	1395148017833	1395148017835	1395148040497	1395148040497	OK	 
ACTION	Pricing	38	price	1395148017800	1395148017809	1395148040541	1395148040541	OK	 
ACTION	Pricing	27	price	1395148017778	1395148017792	1395148040584	1395148040584	OK	 
ACTION	Pricing	74	price	1395148017726	1395148017755	1395148040626	1395148040626	OK	 
ACTION	Pricing	73	price	1395148017836	1395148017837	1395148040667	1395148040667	OK	 
ACTION	Pricing	78	price	1395148017842	1395148017844	1395148040711	1395148040712	OK	 
ACTION	Pricing	63	price	1395148017851	1395148017852	1395148040754	1395148040754	OK	 
ACTION	Pricing	30	price	1395148036423	1395148036425	1395148040800	1395148040800	OK	 
ACTION	Pricing	28	price	1395148036429	1395148036429	1395148040850	1395148040851	OK	 
ACTION	Pricing	16	price	1395148036430	1395148036430	1395148040898	1395148040899	OK	 
ACTION	Pricing	57	price	1395148036457	1395148036457	1395148040947	1395148040948	OK	 
ACTION	Pricing	99	price	1395148036500	1395148036501	1395148040995	1395148040995	OK	 
ACTION	Pricing	43	price	1395148036546	1395148036547	1395148041042	1395148041042	OK	 
ACTION	Pricing	4	price	1395148036590	1395148036591	1395148041086	1395148041086	OK	 
ACTION	Pricing	91	price	1395148036640	1395148036640	1395148041129	1395148041129	OK	 
ACTION	Pricing	31	price	1395148036685	1395148036685	1395148041173	1395148041173	OK	 
ACTION	Pricing	12	price	1395148036749	1395148036750	1395148041243	1395148041243	OK	 
ACTION	Pricing	34	price	1395148036790	1395148036792	1395148041288	1395148041288	OK	 
ACTION	Pricing	22	price	1395148036838	1395148036838	1395148041331	1395148041331	OK	 
ACTION	Pricing	72	price	1395148036882	1395148036883	1395148041374	1395148041375	OK	 
ACTION	Pricing	65	price	1395148036926	1395148036927	1395148041416	1395148041417	OK	 
ACTION	Pricing	85	price	1395148036970	1395148036971	1395148041459	1395148041459	OK	 
ACTION	Pricing	9	price	1395148037017	1395148037018	1395148041500	1395148041500	OK	 
ACTION	Pricing	55	price	1395148037062	1395148037062	1395148041544	1395148041544	OK	 
ACTION	Pricing	32	price	1395148037107	1395148037108	1395148041588	1395148041588	OK	 
ACTION	Pricing	67	price	1395148037158	1395148037159	1395148041631	1395148041631	OK	 
ACTION	Pricing	97	price	1395148037196	1395148037197	1395148041674	1395148041675	OK	 
ACTION	Pricing	94	price	1395148037239	1395148037240	1395148041716	1395148041717	OK	 
ACTION	Pricing	79	price	1395148037281	1395148037283	1395148041760	1395148041760	OK	 
ACTION	Pricing	71	price	1395148037325	1395148037326	1395148041806	1395148041807	OK	 
ACTION	Pricing	14	price	1395148037372	1395148037373	1395148041851	1395148041852	OK	 
ACTION	Pricing	83	price	1395148037415	1395148037418	1395148041896	1395148041896	OK	 
ACTION	Pricing	3	price	1395148037459	1395148037461	1395148041941	1395148041941	OK	 
ACTION	Pricing	87	price	1395148037508	1395148037510	1395148041987	1395148041988	OK	 
ACTION	Pricing	24	price	1395148037553	1395148037555	1395148042032	1395148042032	OK	 
ACTION	Pricing	45	price	1395148037607	1395148037608	1395148042078	1395148042078	OK	 
ACTION	Pricing	11	price	1395148037657	1395148037659	1395148042133	1395148042134	OK	 
ACTION	Pricing	54	price	1395148037696	1395148037696	1395148042179	1395148042179	OK	 
ACTION	Pricing	84	price	1395148037743	1395148037743	1395148042230	1395148042230	OK	 
ACTION	Pricing	75	price	1395148037785	1395148037786	1395148042274	1395148042275	OK	 
ACTION	Pricing	64	price	1395148037830	1395148037831	1395148042317	1395148042317	OK	 
ACTION	Pricing	42	price	1395148037872	1395148037873	1395148042363	1395148042363	OK	 
ACTION	Pricing	62	price	1395148037920	1395148037920	1395148042406	1395148042406	OK	 
ACTION	Pricing	50	price	1395148037964	1395148037966	1395148042449	1395148042449	OK	 
ACTION	Pricing	68	price	1395148038009	1395148038011	1395148042496	1395148042496	OK	 
ACTION	Pricing	90	price	1395148038076	1395148038077	1395148042543	1395148042543	OK	 
ACTION	Pricing	56	price	1395148038122	1395148038122	1395148042596	1395148042596	OK	 
ACTION	Pricing	77	price	1395148038167	1395148038167	1395148042656	1395148042657	OK	 
ACTION	Pricing	40	price	1395148038211	1395148038211	1395148042699	1395148042700	OK	 
ACTION	Pricing	80	price	1395148038257	1395148038258	1395148042745	1395148042745	OK	 
ACTION	Pricing	25	price	1395148038304	1395148038306	1395148042790	1395148042790	OK	 
ACTION	Pricing	47	price	1395148038351	1395148038354	1395148042835	1395148042835	OK	 
ACTION	Pricing	37	price	1395148038398	1395148038399	1395148042879	1395148042879	OK	 
ACTION	Pricing	39	price	1395148038441	1395148038442	1395148042925	1395148042925	OK	 
ACTION	Pricing	100	price	1395148038489	1395148038489	1395148042976	1395148042976	OK	 
ACTION	Pricing	46	price	1395148038531	1395148038532	1395148043024	1395148043024	OK	 
ACTION	Pricing	26	price	1395148038585	1395148038585	1395148043069	1395148043069	OK	 
ACTION	Pricing	51	price	1395148038629	1395148038630	1395148043112	1395148043113	OK	 
ACTION	Pricing	61	price	1395148038673	1395148038673	1395148043157	1395148043157	OK	 
ACTION	Pricing	81	price	1395148038718	1395148038719	1395148043202	1395148043202	OK	 
ACTION	Pricing	53	price	1395148038763	1395148038763	1395148043248	1395148043248	OK	 
ACTION	Pricing	95	price	1395148038806	1395148038807	1395148043293	1395148043294	OK	 
ACTION	Pricing	52	price	1395148038848	1395148038849	1395148043341	1395148043341	OK	 
ACTION	Pricing	92	price	1395148038894	1395148038895	1395148043384	1395148043385	OK	 
ACTION	Pricing	60	price	1395148038940	1395148038941	1395148043428	1395148043428	OK	 
ACTION	Pricing	13	price	1395148038984	1395148038984	1395148043473	1395148043473	OK	 
ACTION	Pricing	86	price	1395148039029	1395148039030	1395148043517	1395148043517	OK	 
ACTION	Pricing	21	price	1395148039076	1395148039076	1395148043560	1395148043560	OK	 
ACTION	Pricing	8	price	1395148039117	1395148039118	1395148043603	1395148043603	OK	 
ACTION	Pricing	29	price	1395148039161	1395148039161	1395148043646	1395148043646	OK	 
ACTION	Pricing	10	price	1395148039207	1395148039208	1395148043689	1395148043689	OK	 
ACTION	Pricing	23	price	1395148039250	1395148039251	1395148043733	1395148043733	OK	 
ACTION	Pricing	18	price	1395148039291	1395148039291	1395148043776	1395148043776	OK	 
ACTION	Pricing	36	price	1395148039332	1395148039333	1395148043820	1395148043820	OK	 
ACTION	Pricing	48	price	1395148039375	1395148039376	1395148043875	1395148043876	OK	 
ACTION	Pricing	5	price	1395148039417	1395148039418	1395148043917	1395148043918	OK	 
ACTION	Pricing	2	price	1395148039461	1395148039461	1395148043962	1395148043962	OK	 
ACTION	Pricing	98	price	1395148039505	1395148039506	1395148044006	1395148044006	OK	 
ACTION	Pricing	66	price	1395148039546	1395148039546	1395148044049	1395148044049	OK	 
ACTION	Pricing	17	price	1395148039590	1395148039591	1395148044095	1395148044095	OK	 
ACTION	Pricing	70	price	1395148039636	1395148039636	1395148044137	1395148044137	OK	 
ACTION	Pricing	44	price	1395148039676	1395148039677	1395148044198	1395148044199	OK	 
ACTION	Pricing	35	price	1395148039718	1395148039719	1395148044245	1395148044245	OK	 
ACTION	Pricing	15	price	1395148039761	1395148039761	1395148044289	1395148044289	OK	 
ACTION	Pricing	1	price	1395148039808	1395148039809	1395148044335	1395148044336	OK	 
ACTION	Pricing	93	price	1395148039849	1395148039850	1395148044385	1395148044385	OK	 
ACTION	Pricing	19	price	1395148039891	1395148039891	1395148044435	1395148044436	OK	 
ACTION	Pricing	69	price	1395148039934	1395148039935	1395148044481	1395148044481	OK	 
ACTION	Pricing	88	price	1395148039981	1395148039981	1395148044529	1395148044530	OK	 
ACTION	Pricing	7	price	1395148040022	1395148040022	1395148044576	1395148044576	OK	 
ACTION	Pricing	49	price	1395148040064	1395148040064	1395148044624	1395148044624	OK	 
ACTION	Pricing	6	price	1395148040108	1395148040108	1395148044671	1395148044671	OK	 
ACTION	Pricing	96	price	1395148040153	1395148040154	1395148044720	1395148044720	OK	 
ACTION	Pricing	76	price	1395148040195	1395148040195	1395148044764	1395148044765	OK	 
ACTION	Pricing	41	price	1395148040248	1395148040248	1395148044811	1395148044811	OK	 
ACTION	Pricing	89	price	1395148040281	1395148040282	1395148044857	1395148044857	OK	 
ACTION	Pricing	20	price	1395148040322	1395148040323	1395148044902	1395148044903	OK	 
ACTION	Pricing	59	price	1395148040365	1395148040366	1395148044951	1395148044951	OK	 
ACTION	Pricing	82	price	1395148040410	1395148040410	1395148044996	1395148044997	OK	 
ACTION	Pricing	58	price	1395148040452	1395148040452	1395148045041	1395148045041	OK	 
ACTION	Pricing	33	price	1395148040499	1395148040499	1395148045089	1395148045089	OK	 
ACTION	Pricing	38	price	1395148040543	1395148040543	1395148045135	1395148045135	OK	 
ACTION	Pricing	27	price	1395148040586	1395148040587	1395148045179	1395148045179	OK	 
ACTION	Pricing	74	price	1395148040627	1395148040628	1395148045232	1395148045232	OK	 
ACTION	Pricing	73	price	1395148040669	1395148040669	1395148045276	1395148045276	OK	 
ACTION	Pricing	78	price	1395148040713	1395148040714	1395148045324	1395148045324	OK	 
ACTION	Pricing	63	price	1395148040756	1395148040756	1395148045368	1395148045368	OK	 
ACTION	Pricing	30	price	1395148040802	1395148040802	1395148045415	1395148045415	OK	 
ACTION	Pricing	28	price	1395148040853	1395148040853	1395148045462	1395148045462	OK	 
ACTION	Pricing	16	price	1395148040901	1395148040902	1395148045509	1395148045509	OK	 
ACTION	Pricing	57	price	1395148040949	1395148040950	1395148045554	1395148045554	OK	 
ACTION	Pricing	99	price	1395148040997	1395148040997	1395148045604	1395148045605	OK	 
ACTION	Pricing	43	price	1395148041044	1395148041044	1395148045674	1395148045674	OK	 
ACTION	Pricing	4	price	1395148041087	1395148041088	1395148045718	1395148045719	OK	 
ACTION	Pricing	91	price	1395148041130	1395148041131	1395148045766	1395148045766	OK	 
ACTION	Pricing	31	price	1395148041174	1395148041175	1395148045812	1395148045812	OK	 
ACTION	Pricing	12	price	1395148041245	1395148041246	1395148045861	1395148045861	OK	 
ACTION	Pricing	34	price	1395148041289	1395148041290	1395148045907	1395148045907	OK	 
ACTION	Pricing	22	price	1395148041333	1395148041333	1395148045955	1395148045955	OK	 
ACTION	Pricing	72	price	1395148041376	1395148041377	1395148046001	1395148046002	OK	 
ACTION	Pricing	65	price	1395148041418	1395148041419	1395148046048	1395148046048	OK	 
ACTION	Pricing	85	price	1395148041460	1395148041461	1395148046092	1395148046092	OK	 
ACTION	Pricing	9	price	1395148041502	1395148041503	1395148046158	1395148046158	OK	 
ACTION	Pricing	55	price	1395148041546	1395148041547	1395148046206	1395148046206	OK	 
ACTION	Pricing	32	price	1395148041590	1395148041591	1395148046251	1395148046251	OK	 
ACTION	Pricing	67	price	1395148041633	1395148041633	1395148046299	1395148046299	OK	 
ACTION	Pricing	97	price	1395148041677	1395148041678	1395148046341	1395148046342	OK	 
ACTION	Pricing	94	price	1395148041718	1395148041719	1395148046384	1395148046385	OK	 
ACTION	Pricing	79	price	1395148041761	1395148041762	1395148046429	1395148046429	OK	 
ACTION	Pricing	71	price	1395148041809	1395148041809	1395148046471	1395148046471	OK	 
ACTION	Pricing	14	price	1395148041853	1395148041854	1395148046516	1395148046516	OK	 
ACTION	Pricing	83	price	1395148041898	1395148041898	1395148046561	1395148046561	OK	 
ACTION	Pricing	3	price	1395148041942	1395148041943	1395148046605	1395148046606	OK	 
ACTION	Pricing	87	price	1395148041989	1395148041990	1395148046652	1395148046652	OK	 
ACTION	Pricing	24	price	1395148042034	1395148042035	1395148046703	1395148046703	OK	 
ACTION	Pricing	45	price	1395148042080	1395148042080	1395148046747	1395148046747	OK	 
ACTION	Pricing	11	price	1395148042136	1395148042136	1395148046790	1395148046790	OK	 
ACTION	Pricing	54	price	1395148042181	1395148042181	1395148046836	1395148046836	OK	 
ACTION	Pricing	84	price	1395148042231	1395148042232	1395148046879	1395148046880	OK	 
ACTION	Pricing	75	price	1395148042276	1395148042277	1395148046925	1395148046925	OK	 
ACTION	Pricing	64	price	1395148042318	1395148042319	1395148046970	1395148046971	OK	 
ACTION	Pricing	42	price	1395148042365	1395148042365	1395148047016	1395148047016	OK	 
ACTION	Pricing	62	price	1395148042408	1395148042408	1395148047062	1395148047062	OK	 
ACTION	Pricing	50	price	1395148042451	1395148042452	1395148047104	1395148047104	OK	 
ACTION	Pricing	68	price	1395148042498	1395148042499	1395148047149	1395148047150	OK	 
ACTION	Pricing	90	price	1395148042545	1395148042546	1395148047194	1395148047194	OK	 
ACTION	Pricing	56	price	1395148042597	1395148042598	1395148047244	1395148047244	OK	 
ACTION	Pricing	77	price	1395148042658	1395148042659	1395148047294	1395148047294	OK	 
ACTION	Pricing	40	price	1395148042701	1395148042702	1395148047340	1395148047340	OK	 
ACTION	Pricing	80	price	1395148042747	1395148042747	1395148047388	1395148047388	OK	 
ACTION	Pricing	25	price	1395148042792	1395148042792	1395148047433	1395148047433	OK	 
ACTION	Pricing	47	price	1395148042837	1395148042837	1395148047481	1395148047481	OK	 
ACTION	Pricing	37	price	1395148042882	1395148042885	1395148047524	1395148047525	OK	 
ACTION	Pricing	39	price	1395148042927	1395148042927	1395148047568	1395148047569	OK	 
ACTION	Pricing	100	price	1395148042978	1395148042978	1395148047616	1395148047616	OK	 
SCENARIO	Pricing	100	END	1395148047617
ACTION	Pricing	46	price	1395148043025	1395148043026	1395148047662	1395148047662	OK	 
SCENARIO	Pricing	46	END	1395148047663
ACTION	Pricing	26	price	1395148043070	1395148043071	1395148047709	1395148047709	OK	 
SCENARIO	Pricing	26	END	1395148047710
ACTION	Pricing	51	price	1395148043114	1395148043115	1395148047755	1395148047755	OK	 
SCENARIO	Pricing	51	END	1395148047756
ACTION	Pricing	61	price	1395148043159	1395148043159	1395148047799	1395148047799	OK	 
SCENARIO	Pricing	61	END	1395148047800
ACTION	Pricing	81	price	1395148043203	1395148043204	1395148047843	1395148047844	OK	 
SCENARIO	Pricing	81	END	1395148047844
ACTION	Pricing	53	price	1395148043249	1395148043250	1395148047893	1395148047893	OK	 
SCENARIO	Pricing	53	END	1395148047894
ACTION	Pricing	95	price	1395148043295	1395148043296	1395148047936	1395148047936	OK	 
SCENARIO	Pricing	95	END	1395148047937
ACTION	Pricing	52	price	1395148043342	1395148043343	1395148047980	1395148047981	OK	 
SCENARIO	Pricing	52	END	1395148047981
ACTION	Pricing	92	price	1395148043386	1395148043387	1395148048024	1395148048025	OK	 
SCENARIO	Pricing	92	END	1395148048026
ACTION	Pricing	60	price	1395148043429	1395148043430	1395148048071	1395148048071	OK	 
SCENARIO	Pricing	60	END	1395148048072
ACTION	Pricing	13	price	1395148043475	1395148043475	1395148048114	1395148048114	OK	 
SCENARIO	Pricing	13	END	1395148048115
ACTION	Pricing	86	price	1395148043519	1395148043519	1395148048160	1395148048160	OK	 
SCENARIO	Pricing	86	END	1395148048161
ACTION	Pricing	21	price	1395148043562	1395148043562	1395148048204	1395148048205	OK	 
SCENARIO	Pricing	21	END	1395148048205
ACTION	Pricing	8	price	1395148043605	1395148043605	1395148048260	1395148048260	OK	 
SCENARIO	Pricing	8	END	1395148048262
ACTION	Pricing	29	price	1395148043647	1395148043648	1395148048332	1395148048332	OK	 
SCENARIO	Pricing	29	END	1395148048333
ACTION	Pricing	10	price	1395148043691	1395148043693	1395148048393	1395148048393	OK	 
SCENARIO	Pricing	10	END	1395148048394
ACTION	Pricing	23	price	1395148043736	1395148043736	1395148048444	1395148048445	OK	 
SCENARIO	Pricing	23	END	1395148048445
ACTION	Pricing	18	price	1395148043778	1395148043778	1395148048489	1395148048489	OK	 
SCENARIO	Pricing	18	END	1395148048490
ACTION	Pricing	36	price	1395148043822	1395148043822	1395148048532	1395148048532	OK	 
SCENARIO	Pricing	36	END	1395148048533
ACTION	Pricing	48	price	1395148043877	1395148043878	1395148048575	1395148048575	OK	 
SCENARIO	Pricing	48	END	1395148048576
ACTION	Pricing	5	price	1395148043919	1395148043920	1395148048623	1395148048623	OK	 
SCENARIO	Pricing	5	END	1395148048624
ACTION	Pricing	2	price	1395148043964	1395148043964	1395148048672	1395148048672	OK	 
SCENARIO	Pricing	2	END	1395148048673
ACTION	Pricing	98	price	1395148044008	1395148044009	1395148048718	1395148048718	OK	 
SCENARIO	Pricing	98	END	1395148048719
ACTION	Pricing	66	price	1395148044051	1395148044051	1395148048767	1395148048767	OK	 
SCENARIO	Pricing	66	END	1395148048768
ACTION	Pricing	17	price	1395148044096	1395148044097	1395148048812	1395148048812	OK	 
SCENARIO	Pricing	17	END	1395148048813
ACTION	Pricing	70	price	1395148044139	1395148044139	1395148048856	1395148048856	OK	 
SCENARIO	Pricing	70	END	1395148048857
ACTION	Pricing	44	price	1395148044201	1395148044201	1395148048905	1395148048905	OK	 
SCENARIO	Pricing	44	END	1395148048906
ACTION	Pricing	35	price	1395148044246	1395148044247	1395148048949	1395148048950	OK	 
SCENARIO	Pricing	35	END	1395148048950
ACTION	Pricing	15	price	1395148044291	1395148044291	1395148048992	1395148048992	OK	 
SCENARIO	Pricing	15	END	1395148048993
ACTION	Pricing	1	price	1395148044337	1395148044338	1395148049053	1395148049053	OK	 
SCENARIO	Pricing	1	END	1395148049054
ACTION	Pricing	93	price	1395148044389	1395148044389	1395148049100	1395148049100	OK	 
SCENARIO	Pricing	93	END	1395148049101
ACTION	Pricing	19	price	1395148044437	1395148044438	1395148049146	1395148049146	OK	 
SCENARIO	Pricing	19	END	1395148049146
ACTION	Pricing	69	price	1395148044483	1395148044484	1395148049193	1395148049193	OK	 
SCENARIO	Pricing	69	END	1395148049194
ACTION	Pricing	88	price	1395148044531	1395148044532	1395148049237	1395148049238	OK	 
SCENARIO	Pricing	88	END	1395148049238
ACTION	Pricing	7	price	1395148044578	1395148044578	1395148049280	1395148049281	OK	 
SCENARIO	Pricing	7	END	1395148049281
ACTION	Pricing	49	price	1395148044626	1395148044626	1395148049326	1395148049326	OK	 
SCENARIO	Pricing	49	END	1395148049327
ACTION	Pricing	6	price	1395148044672	1395148044673	1395148049372	1395148049372	OK	 
SCENARIO	Pricing	6	END	1395148049373
ACTION	Pricing	96	price	1395148044721	1395148044722	1395148049416	1395148049416	OK	 
SCENARIO	Pricing	96	END	1395148049417
ACTION	Pricing	76	price	1395148044766	1395148044766	1395148049461	1395148049461	OK	 
SCENARIO	Pricing	76	END	1395148049462
ACTION	Pricing	41	price	1395148044813	1395148044813	1395148049506	1395148049506	OK	 
SCENARIO	Pricing	41	END	1395148049507
ACTION	Pricing	89	price	1395148044859	1395148044859	1395148049547	1395148049548	OK	 
SCENARIO	Pricing	89	END	1395148049548
ACTION	Pricing	20	price	1395148044904	1395148044905	1395148049592	1395148049592	OK	 
SCENARIO	Pricing	20	END	1395148049593
ACTION	Pricing	59	price	1395148044953	1395148044953	1395148049662	1395148049662	OK	 
SCENARIO	Pricing	59	END	1395148049663
ACTION	Pricing	82	price	1395148044998	1395148044999	1395148049709	1395148049709	OK	 
SCENARIO	Pricing	82	END	1395148049710
ACTION	Pricing	58	price	1395148045043	1395148045044	1395148049754	1395148049754	OK	 
SCENARIO	Pricing	58	END	1395148049755
ACTION	Pricing	33	price	1395148045090	1395148045091	1395148049800	1395148049800	OK	 
SCENARIO	Pricing	33	END	1395148049801
ACTION	Pricing	38	price	1395148045137	1395148045137	1395148049848	1395148049848	OK	 
SCENARIO	Pricing	38	END	1395148049849
ACTION	Pricing	27	price	1395148045181	1395148045182	1395148049895	1395148049895	OK	 
SCENARIO	Pricing	27	END	1395148049896
ACTION	Pricing	74	price	1395148045234	1395148045235	1395148049939	1395148049940	OK	 
SCENARIO	Pricing	74	END	1395148049940
ACTION	Pricing	73	price	1395148045278	1395148045279	1395148049985	1395148049985	OK	 
SCENARIO	Pricing	73	END	1395148049986
ACTION	Pricing	78	price	1395148045327	1395148045328	1395148050032	1395148050032	OK	 
SCENARIO	Pricing	78	END	1395148050033
ACTION	Pricing	63	price	1395148045370	1395148045370	1395148050080	1395148050080	OK	 
SCENARIO	Pricing	63	END	1395148050081
ACTION	Pricing	30	price	1395148045417	1395148045418	1395148050124	1395148050124	OK	 
SCENARIO	Pricing	30	END	1395148050125
ACTION	Pricing	28	price	1395148045463	1395148045464	1395148050169	1395148050169	OK	 
SCENARIO	Pricing	28	END	1395148050170
ACTION	Pricing	16	price	1395148045511	1395148045512	1395148050216	1395148050216	OK	 
SCENARIO	Pricing	16	END	1395148050217
ACTION	Pricing	57	price	1395148045556	1395148045556	1395148050259	1395148050259	OK	 
SCENARIO	Pricing	57	END	1395148050260
ACTION	Pricing	99	price	1395148045607	1395148045607	1395148050304	1395148050305	OK	 
SCENARIO	Pricing	99	END	1395148050306
ACTION	Pricing	43	price	1395148045676	1395148045677	1395148050349	1395148050349	OK	 
SCENARIO	Pricing	43	END	1395148050350
ACTION	Pricing	4	price	1395148045720	1395148045721	1395148050395	1395148050396	OK	 
SCENARIO	Pricing	4	END	1395148050396
ACTION	Pricing	91	price	1395148045768	1395148045769	1395148050440	1395148050440	OK	 
SCENARIO	Pricing	91	END	1395148050442
ACTION	Pricing	31	price	1395148045814	1395148045814	1395148050484	1395148050485	OK	 
SCENARIO	Pricing	31	END	1395148050485
ACTION	Pricing	12	price	1395148045863	1395148045863	1395148050530	1395148050530	OK	 
SCENARIO	Pricing	12	END	1395148050531
ACTION	Pricing	34	price	1395148045909	1395148045909	1395148050576	1395148050577	OK	 
SCENARIO	Pricing	34	END	1395148050578
ACTION	Pricing	22	price	1395148045957	1395148045957	1395148050621	1395148050621	OK	 
SCENARIO	Pricing	22	END	1395148050622
ACTION	Pricing	72	price	1395148046003	1395148046004	1395148050665	1395148050666	OK	 
SCENARIO	Pricing	72	END	1395148050667
ACTION	Pricing	65	price	1395148046049	1395148046050	1395148050714	1395148050714	OK	 
SCENARIO	Pricing	65	END	1395148050715
ACTION	Pricing	85	price	1395148046094	1395148046095	1395148050759	1395148050759	OK	 
SCENARIO	Pricing	85	END	1395148050760
ACTION	Pricing	9	price	1395148046160	1395148046161	1395148050808	1395148050809	OK	 
SCENARIO	Pricing	9	END	1395148050809
ACTION	Pricing	55	price	1395148046207	1395148046208	1395148050853	1395148050854	OK	 
SCENARIO	Pricing	55	END	1395148050854
ACTION	Pricing	32	price	1395148046252	1395148046253	1395148050896	1395148050897	OK	 
SCENARIO	Pricing	32	END	1395148050897
ACTION	Pricing	67	price	1395148046301	1395148046301	1395148050944	1395148050945	OK	 
SCENARIO	Pricing	67	END	1395148050946
ACTION	Pricing	97	price	1395148046343	1395148046344	1395148050990	1395148050990	OK	 
SCENARIO	Pricing	97	END	1395148050991
ACTION	Pricing	94	price	1395148046386	1395148046387	1395148051038	1395148051039	OK	 
SCENARIO	Pricing	94	END	1395148051040
ACTION	Pricing	79	price	1395148046431	1395148046431	1395148051085	1395148051085	OK	 
SCENARIO	Pricing	79	END	1395148051086
ACTION	Pricing	71	price	1395148046472	1395148046473	1395148051130	1395148051130	OK	 
SCENARIO	Pricing	71	END	1395148051130
ACTION	Pricing	14	price	1395148046518	1395148046518	1395148051176	1395148051176	OK	 
SCENARIO	Pricing	14	END	1395148051177
ACTION	Pricing	83	price	1395148046563	1395148046563	1395148051222	1395148051222	OK	 
SCENARIO	Pricing	83	END	1395148051223
ACTION	Pricing	3	price	1395148046607	1395148046608	1395148051268	1395148051268	OK	 
SCENARIO	Pricing	3	END	1395148051269
ACTION	Pricing	87	price	1395148046654	1395148046655	1395148051313	1395148051313	OK	 
SCENARIO	Pricing	87	END	1395148051314
ACTION	Pricing	24	price	1395148046706	1395148046706	1395148051361	1395148051361	OK	 
SCENARIO	Pricing	24	END	1395148051362
ACTION	Pricing	45	price	1395148046749	1395148046749	1395148051405	1395148051406	OK	 
SCENARIO	Pricing	45	END	1395148051406
ACTION	Pricing	11	price	1395148046791	1395148046792	1395148051449	1395148051449	OK	 
SCENARIO	Pricing	11	END	1395148051450
ACTION	Pricing	54	price	1395148046837	1395148046838	1395148051496	1395148051496	OK	 
SCENARIO	Pricing	54	END	1395148051497
ACTION	Pricing	84	price	1395148046881	1395148046882	1395148051543	1395148051543	OK	 
SCENARIO	Pricing	84	END	1395148051544
ACTION	Pricing	75	price	1395148046926	1395148046927	1395148051593	1395148051593	OK	 
SCENARIO	Pricing	75	END	1395148051594
ACTION	Pricing	64	price	1395148046972	1395148046973	1395148051642	1395148051643	OK	 
SCENARIO	Pricing	64	END	1395148051643
ACTION	Pricing	42	price	1395148047018	1395148047018	1395148051689	1395148051690	OK	 
SCENARIO	Pricing	42	END	1395148051690
ACTION	Pricing	62	price	1395148047064	1395148047064	1395148051734	1395148051735	OK	 
SCENARIO	Pricing	62	END	1395148051736
ACTION	Pricing	50	price	1395148047106	1395148047106	1395148051785	1395148051785	OK	 
SCENARIO	Pricing	50	END	1395148051785
ACTION	Pricing	68	price	1395148047151	1395148047152	1395148051830	1395148051830	OK	 
SCENARIO	Pricing	68	END	1395148051831
ACTION	Pricing	90	price	1395148047196	1395148047197	1395148051875	1395148051875	OK	 
SCENARIO	Pricing	90	END	1395148051876
ACTION	Pricing	56	price	1395148047246	1395148047246	1395148051937	1395148051938	OK	 
SCENARIO	Pricing	56	END	1395148051938
ACTION	Pricing	77	price	1395148047296	1395148047296	1395148051988	1395148051988	OK	 
SCENARIO	Pricing	77	END	1395148051989
ACTION	Pricing	40	price	1395148047341	1395148047342	1395148052034	1395148052034	OK	 
SCENARIO	Pricing	40	END	1395148052035
ACTION	Pricing	80	price	1395148047389	1395148047390	1395148052082	1395148052082	OK	 
SCENARIO	Pricing	80	END	1395148052083
ACTION	Pricing	25	price	1395148047434	1395148047435	1395148052123	1395148052123	OK	 
SCENARIO	Pricing	25	END	1395148052124
ACTION	Pricing	47	price	1395148047483	1395148047483	1395148052166	1395148052167	OK	 
SCENARIO	Pricing	47	END	1395148052168
ACTION	Pricing	37	price	1395148047527	1395148047527	1395148052209	1395148052209	OK	 
SCENARIO	Pricing	37	END	1395148052210
ACTION	Pricing	39	price	1395148047570	1395148047571	1395148052248	1395148052249	OK	 
SCENARIO	Pricing	39	END	1395148052249
