RUN	20140318134213	pricingsimulation	pricingsimulation
SCENARIO	Pricing	55	START	1395150136396
SCENARIO	Pricing	82	START	1395150136402
SCENARIO	Pricing	92	START	1395150136403
SCENARIO	Pricing	91	START	1395150136404
SCENARIO	Pricing	3	START	1395150136404
SCENARIO	Pricing	8	START	1395150136405
SCENARIO	Pricing	39	START	1395150136405
SCENARIO	Pricing	2	START	1395150136405
SCENARIO	Pricing	94	START	1395150136405
SCENARIO	Pricing	40	START	1395150136405
SCENARIO	Pricing	6	START	1395150136405
SCENARIO	Pricing	26	START	1395150136405
SCENARIO	Pricing	22	START	1395150136405
SCENARIO	Pricing	52	START	1395150136405
SCENARIO	Pricing	12	START	1395150136406
SCENARIO	Pricing	96	START	1395150136406
SCENARIO	Pricing	59	START	1395150136406
SCENARIO	Pricing	84	START	1395150136406
SCENARIO	Pricing	33	START	1395150136406
SCENARIO	Pricing	4	START	1395150136406
SCENARIO	Pricing	16	START	1395150136406
SCENARIO	Pricing	95	START	1395150136406
SCENARIO	Pricing	56	START	1395150136406
SCENARIO	Pricing	20	START	1395150136406
SCENARIO	Pricing	31	START	1395150136406
SCENARIO	Pricing	60	START	1395150136406
SCENARIO	Pricing	78	START	1395150136406
SCENARIO	Pricing	29	START	1395150136406
SCENARIO	Pricing	44	START	1395150136406
SCENARIO	Pricing	14	START	1395150136406
SCENARIO	Pricing	70	START	1395150136406
SCENARIO	Pricing	68	START	1395150136406
SCENARIO	Pricing	75	START	1395150136406
SCENARIO	Pricing	17	START	1395150136407
SCENARIO	Pricing	53	START	1395150136407
SCENARIO	Pricing	28	START	1395150136407
SCENARIO	Pricing	42	START	1395150136407
SCENARIO	Pricing	11	START	1395150136407
SCENARIO	Pricing	61	START	1395150136407
SCENARIO	Pricing	83	START	1395150136407
SCENARIO	Pricing	62	START	1395150136407
SCENARIO	Pricing	76	START	1395150136407
SCENARIO	Pricing	23	START	1395150136407
SCENARIO	Pricing	5	START	1395150136407
SCENARIO	Pricing	37	START	1395150136407
SCENARIO	Pricing	24	START	1395150136407
SCENARIO	Pricing	97	START	1395150136408
SCENARIO	Pricing	66	START	1395150136408
SCENARIO	Pricing	81	START	1395150136408
SCENARIO	Pricing	35	START	1395150136408
SCENARIO	Pricing	36	START	1395150136408
SCENARIO	Pricing	21	START	1395150136408
SCENARIO	Pricing	18	START	1395150136408
SCENARIO	Pricing	9	START	1395150136408
SCENARIO	Pricing	54	START	1395150136408
SCENARIO	Pricing	45	START	1395150136408
SCENARIO	Pricing	30	START	1395150136408
SCENARIO	Pricing	49	START	1395150136408
SCENARIO	Pricing	79	START	1395150136408
SCENARIO	Pricing	87	START	1395150136408
SCENARIO	Pricing	32	START	1395150136409
SCENARIO	Pricing	88	START	1395150136409
SCENARIO	Pricing	19	START	1395150136409
SCENARIO	Pricing	50	START	1395150136409
SCENARIO	Pricing	86	START	1395150136409
SCENARIO	Pricing	38	START	1395150136411
SCENARIO	Pricing	85	START	1395150136411
SCENARIO	Pricing	48	START	1395150136411
SCENARIO	Pricing	10	START	1395150136411
SCENARIO	Pricing	63	START	1395150136411
SCENARIO	Pricing	43	START	1395150136411
SCENARIO	Pricing	7	START	1395150136411
SCENARIO	Pricing	58	START	1395150136411
SCENARIO	Pricing	65	START	1395150136411
SCENARIO	Pricing	77	START	1395150136411
SCENARIO	Pricing	93	START	1395150136412
SCENARIO	Pricing	46	START	1395150136412
SCENARIO	Pricing	80	START	1395150136412
SCENARIO	Pricing	73	START	1395150136412
SCENARIO	Pricing	98	START	1395150136412
SCENARIO	Pricing	90	START	1395150136412
SCENARIO	Pricing	69	START	1395150136412
SCENARIO	Pricing	71	START	1395150136412
SCENARIO	Pricing	47	START	1395150136412
SCENARIO	Pricing	13	START	1395150136412
SCENARIO	Pricing	100	START	1395150136413
SCENARIO	Pricing	74	START	1395150136413
SCENARIO	Pricing	27	START	1395150136413
SCENARIO	Pricing	67	START	1395150136413
SCENARIO	Pricing	64	START	1395150136413
SCENARIO	Pricing	15	START	1395150136413
SCENARIO	Pricing	51	START	1395150136413
SCENARIO	Pricing	72	START	1395150136413
SCENARIO	Pricing	25	START	1395150136413
SCENARIO	Pricing	1	START	1395150136413
SCENARIO	Pricing	89	START	1395150136414
SCENARIO	Pricing	99	START	1395150136414
SCENARIO	Pricing	34	START	1395150136414
SCENARIO	Pricing	57	START	1395150136414
SCENARIO	Pricing	41	START	1395150136414
ACTION	Pricing	34	price	1395150136839	1395150136849	1395150179577	1395150179582	OK	 
SCENARIO	Pricing	34	END	1395150179608
ACTION	Pricing	68	price	1395150136689	1395150136699	1395150179747	1395150179747	OK	 
SCENARIO	Pricing	68	END	1395150179749
ACTION	Pricing	50	price	1395150136777	1395150136785	1395150179976	1395150179977	OK	 
SCENARIO	Pricing	50	END	1395150179978
ACTION	Pricing	45	price	1395150136761	1395150136762	1395150180205	1395150180206	OK	 
SCENARIO	Pricing	45	END	1395150180207
ACTION	Pricing	90	price	1395150136814	1395150136819	1395150180420	1395150180421	OK	 
SCENARIO	Pricing	90	END	1395150180422
ACTION	Pricing	41	price	1395150136845	1395150136849	1395150180634	1395150180636	OK	 
SCENARIO	Pricing	41	END	1395150180637
ACTION	Pricing	20	price	1395150136656	1395150136662	1395150180845	1395150180845	OK	 
SCENARIO	Pricing	20	END	1395150180846
ACTION	Pricing	6	price	1395150136599	1395150136625	1395150181061	1395150181062	OK	 
SCENARIO	Pricing	6	END	1395150181063
ACTION	Pricing	3	price	1395150136574	1395150136577	1395150181274	1395150181275	OK	 
SCENARIO	Pricing	3	END	1395150181276
ACTION	Pricing	19	price	1395150136776	1395150136786	1395150181498	1395150181498	OK	 
SCENARIO	Pricing	19	END	1395150181499
ACTION	Pricing	8	price	1395150136578	1395150136588	1395150181708	1395150181708	OK	 
SCENARIO	Pricing	8	END	1395150181709
ACTION	Pricing	11	price	1395150136706	1395150136725	1395150181928	1395150181928	OK	 
SCENARIO	Pricing	11	END	1395150181929
ACTION	Pricing	77	price	1395150136802	1395150136804	1395150182151	1395150182152	OK	 
SCENARIO	Pricing	77	END	1395150182153
ACTION	Pricing	84	price	1395150136612	1395150136652	1395150182374	1395150182375	OK	 
SCENARIO	Pricing	84	END	1395150182375
ACTION	Pricing	69	price	1395150136816	1395150136818	1395150182558	1395150182559	OK	 
SCENARIO	Pricing	69	END	1395150182560
ACTION	Pricing	5	price	1395150136714	1395150136732	1395150182751	1395150182752	OK	 
SCENARIO	Pricing	5	END	1395150182753
ACTION	Pricing	1	price	1395150136836	1395150136846	1395150182810	1395150182811	OK	 
SCENARIO	Pricing	1	END	1395150182812
ACTION	Pricing	89	price	1395150136837	1395150136842	1395150183023	1395150183024	OK	 
SCENARIO	Pricing	89	END	1395150183025
ACTION	Pricing	81	price	1395150136738	1395150136741	1395150183237	1395150183238	OK	 
SCENARIO	Pricing	81	END	1395150183239
ACTION	Pricing	24	price	1395150136726	1395150136734	1395150183452	1395150183452	OK	 
SCENARIO	Pricing	24	END	1395150183453
ACTION	Pricing	18	price	1395150136753	1395150136754	1395150183666	1395150183666	OK	 
SCENARIO	Pricing	18	END	1395150183667
ACTION	Pricing	15	price	1395150136831	1395150136835	1395150183880	1395150183880	OK	 
SCENARIO	Pricing	15	END	1395150183881
ACTION	Pricing	58	price	1395150136798	1395150136799	1395150184089	1395150184089	OK	 
SCENARIO	Pricing	58	END	1395150184090
ACTION	Pricing	29	price	1395150136670	1395150136675	1395150184302	1395150184303	OK	 
SCENARIO	Pricing	29	END	1395150184304
ACTION	Pricing	61	price	1395150136707	1395150136725	1395150184515	1395150184515	OK	 
SCENARIO	Pricing	61	END	1395150184516
ACTION	Pricing	57	price	1395150136845	1395150136850	1395150184733	1395150184733	OK	 
SCENARIO	Pricing	57	END	1395150184734
ACTION	Pricing	72	price	1395150136833	1395150136847	1395150184953	1395150184953	OK	 
SCENARIO	Pricing	72	END	1395150184954
ACTION	Pricing	35	price	1395150136742	1395150136744	1395150185163	1395150185163	OK	 
SCENARIO	Pricing	35	END	1395150185164
ACTION	Pricing	44	price	1395150136672	1395150136678	1395150185392	1395150185392	OK	 
SCENARIO	Pricing	44	END	1395150185393
ACTION	Pricing	67	price	1395150136828	1395150136831	1395150185656	1395150185657	OK	 
SCENARIO	Pricing	67	END	1395150185658
ACTION	Pricing	31	price	1395150136658	1395150136663	1395150185908	1395150185909	OK	 
SCENARIO	Pricing	31	END	1395150185910
ACTION	Pricing	92	price	1395150136565	1395150136572	1395150186152	1395150186152	OK	 
SCENARIO	Pricing	92	END	1395150186153
ACTION	Pricing	62	price	1395150136710	1395150136727	1395150186396	1395150186397	OK	 
SCENARIO	Pricing	62	END	1395150186398
ACTION	Pricing	17	price	1395150136692	1395150136700	1395150186649	1395150186649	OK	 
SCENARIO	Pricing	17	END	1395150186650
ACTION	Pricing	98	price	1395150136813	1395150136818	1395150186891	1395150186892	OK	 
SCENARIO	Pricing	98	END	1395150186893
ACTION	Pricing	96	price	1395150136610	1395150136637	1395150187128	1395150187128	OK	 
SCENARIO	Pricing	96	END	1395150187129
ACTION	Pricing	54	price	1395150136759	1395150136760	1395150187364	1395150187365	OK	 
SCENARIO	Pricing	54	END	1395150187365
ACTION	Pricing	47	price	1395150136821	1395150136822	1395150187616	1395150187617	OK	 
SCENARIO	Pricing	47	END	1395150187617
ACTION	Pricing	22	price	1395150136604	1395150136644	1395150187876	1395150187877	OK	 
SCENARIO	Pricing	22	END	1395150187877
ACTION	Pricing	30	price	1395150136763	1395150136765	1395150188133	1395150188134	OK	 
SCENARIO	Pricing	30	END	1395150188135
ACTION	Pricing	76	price	1395150136712	1395150136730	1395150188447	1395150188447	OK	 
SCENARIO	Pricing	76	END	1395150188449
ACTION	Pricing	65	price	1395150136800	1395150136802	1395150188701	1395150188702	OK	 
SCENARIO	Pricing	65	END	1395150188703
ACTION	Pricing	70	price	1395150136687	1395150136698	1395150188934	1395150188934	OK	 
SCENARIO	Pricing	70	END	1395150188935
ACTION	Pricing	78	price	1395150136668	1395150136676	1395150189155	1395150189155	OK	 
SCENARIO	Pricing	78	END	1395150189157
ACTION	Pricing	93	price	1395150136804	1395150136805	1395150189403	1395150189404	OK	 
SCENARIO	Pricing	93	END	1395150189405
ACTION	Pricing	12	price	1395150136607	1395150136642	1395150189620	1395150189620	OK	 
SCENARIO	Pricing	12	END	1395150189621
ACTION	Pricing	9	price	1395150136756	1395150136757	1395150189848	1395150189848	OK	 
SCENARIO	Pricing	9	END	1395150189849
ACTION	Pricing	49	price	1395150136766	1395150136767	1395150190076	1395150190076	OK	 
SCENARIO	Pricing	49	END	1395150190077
ACTION	Pricing	46	price	1395150136806	1395150136808	1395150190286	1395150190286	OK	 
SCENARIO	Pricing	46	END	1395150190287
ACTION	Pricing	56	price	1395150136640	1395150136662	1395150190506	1395150190506	OK	 
SCENARIO	Pricing	56	END	1395150190507
ACTION	Pricing	55	price	1395150136533	1395150136549	1395150190723	1395150190723	OK	 
SCENARIO	Pricing	55	END	1395150190724
ACTION	Pricing	51	price	1395150136832	1395150136834	1395150190944	1395150190945	OK	 
SCENARIO	Pricing	51	END	1395150190946
ACTION	Pricing	33	price	1395150136620	1395150136653	1395150191169	1395150191169	OK	 
SCENARIO	Pricing	33	END	1395150191170
ACTION	Pricing	88	price	1395150136776	1395150136787	1395150191389	1395150191389	OK	 
SCENARIO	Pricing	88	END	1395150191390
ACTION	Pricing	2	price	1395150136581	1395150136595	1395150191627	1395150191627	OK	 
SCENARIO	Pricing	2	END	1395150191628
ACTION	Pricing	73	price	1395150136811	1395150136813	1395150191862	1395150191863	OK	 
SCENARIO	Pricing	73	END	1395150191864
ACTION	Pricing	91	price	1395150136568	1395150136573	1395150192101	1395150192102	OK	 
SCENARIO	Pricing	91	END	1395150192103
ACTION	Pricing	48	price	1395150136783	1395150136785	1395150192335	1395150192335	OK	 
SCENARIO	Pricing	48	END	1395150192336
ACTION	Pricing	79	price	1395150136768	1395150136769	1395150192553	1395150192553	OK	 
SCENARIO	Pricing	79	END	1395150192554
ACTION	Pricing	42	price	1395150136695	1395150136705	1395150192776	1395150192776	OK	 
SCENARIO	Pricing	42	END	1395150192777
ACTION	Pricing	63	price	1395150136792	1395150136793	1395150192993	1395150192993	OK	 
SCENARIO	Pricing	63	END	1395150192994
ACTION	Pricing	23	price	1395150136712	1395150136731	1395150193205	1395150193206	OK	 
SCENARIO	Pricing	23	END	1395150193206
ACTION	Pricing	80	price	1395150136809	1395150136810	1395150193427	1395150193427	OK	 
SCENARIO	Pricing	80	END	1395150193429
ACTION	Pricing	7	price	1395150136796	1395150136797	1395150193646	1395150193646	OK	 
SCENARIO	Pricing	7	END	1395150193647
ACTION	Pricing	75	price	1395150136690	1395150136700	1395150193867	1395150193867	OK	 
SCENARIO	Pricing	75	END	1395150193868
ACTION	Pricing	28	price	1395150136694	1395150136704	1395150194085	1395150194085	OK	 
SCENARIO	Pricing	28	END	1395150194086
ACTION	Pricing	99	price	1395150136838	1395150136841	1395150194297	1395150194297	OK	 
SCENARIO	Pricing	99	END	1395150194298
ACTION	Pricing	39	price	1395150136580	1395150136594	1395150194552	1395150194552	OK	 
SCENARIO	Pricing	39	END	1395150194553
ACTION	Pricing	94	price	1395150136586	1395150136626	1395150194802	1395150194802	OK	 
SCENARIO	Pricing	94	END	1395150194803
ACTION	Pricing	64	price	1395150136830	1395150136836	1395150195044	1395150195044	OK	 
SCENARIO	Pricing	64	END	1395150195046
ACTION	Pricing	74	price	1395150136825	1395150136827	1395150195284	1395150195284	OK	 
SCENARIO	Pricing	74	END	1395150195285
ACTION	Pricing	66	price	1395150136735	1395150136737	1395150195514	1395150195515	OK	 
SCENARIO	Pricing	66	END	1395150195517
ACTION	Pricing	16	price	1395150136637	1395150136654	1395150195745	1395150195745	OK	 
SCENARIO	Pricing	16	END	1395150195746
ACTION	Pricing	27	price	1395150136827	1395150136829	1395150195986	1395150195987	OK	 
SCENARIO	Pricing	27	END	1395150195988
ACTION	Pricing	38	price	1395150136782	1395150136788	1395150196232	1395150196233	OK	 
SCENARIO	Pricing	38	END	1395150196234
ACTION	Pricing	13	price	1395150136822	1395150136823	1395150196481	1395150196481	OK	 
SCENARIO	Pricing	13	END	1395150196482
ACTION	Pricing	82	price	1395150136533	1395150136549	1395150136549	1395150136549	KO	GatlingAsyncHandlerActor timed out
SCENARIO	Pricing	82	END	1395150196597
ACTION	Pricing	26	price	1395150136599	1395150136625	1395150136625	1395150196629	KO	No response received after 60000
ACTION	Pricing	40	price	1395150136594	1395150136625	1395150136625	1395150196632	KO	No response received after 60000
SCENARIO	Pricing	26	END	1395150196633
SCENARIO	Pricing	40	END	1395150196634
ACTION	Pricing	52	price	1395150136605	1395150136644	1395150136644	1395150196648	KO	No response received after 60000
SCENARIO	Pricing	52	END	1395150196649
ACTION	Pricing	59	price	1395150136610	1395150136652	1395150136652	1395150196657	KO	No response received after 60000
SCENARIO	Pricing	59	END	1395150196659
ACTION	Pricing	4	price	1395150136622	1395150136650	1395150136650	1395150196657	KO	No response received after 60000
SCENARIO	Pricing	4	END	1395150196660
ACTION	Pricing	95	price	1395150136639	1395150136655	1395150136655	1395150196662	KO	No response received after 60000
SCENARIO	Pricing	95	END	1395150196663
ACTION	Pricing	60	price	1395150136659	1395150136666	1395150136666	1395150196669	KO	No response received after 60000
SCENARIO	Pricing	60	END	1395150196670
ACTION	Pricing	14	price	1395150136683	1395150136686	1395150136686	1395150196688	KO	No response received after 60000
SCENARIO	Pricing	14	END	1395150196690
ACTION	Pricing	53	price	1395150136693	1395150136703	1395150136703	1395150196707	KO	No response received after 60000
SCENARIO	Pricing	53	END	1395150196708
ACTION	Pricing	83	price	1395150136709	1395150136726	1395150136726	1395150196730	KO	No response received after 60000
SCENARIO	Pricing	83	END	1395150196731
ACTION	Pricing	37	price	1395150136715	1395150136732	1395150196730	1395150196730	OK	 
SCENARIO	Pricing	37	END	1395150196732
ACTION	Pricing	97	price	1395150136727	1395150136734	1395150136734	1395150196736	KO	No response received after 60000
SCENARIO	Pricing	97	END	1395150196737
ACTION	Pricing	36	price	1395150136747	1395150136749	1395150136749	1395150196751	KO	No response received after 60000
SCENARIO	Pricing	36	END	1395150196753
ACTION	Pricing	21	price	1395150136750	1395150136752	1395150136752	1395150196757	KO	No response received after 60000
SCENARIO	Pricing	21	END	1395150196758
ACTION	Pricing	87	price	1395150136770	1395150136771	1395150136771	1395150196775	KO	No response received after 60000
SCENARIO	Pricing	87	END	1395150196778
ACTION	Pricing	32	price	1395150136773	1395150136774	1395150136774	1395150196779	KO	No response received after 60000
SCENARIO	Pricing	32	END	1395150196781
ACTION	Pricing	85	price	1395150136783	1395150136786	1395150136786	1395150196788	KO	No response received after 60000
SCENARIO	Pricing	85	END	1395150196789
ACTION	Pricing	10	price	1395150136789	1395150136791	1395150136791	1395150196797	KO	No response received after 60000
SCENARIO	Pricing	10	END	1395150196798
ACTION	Pricing	86	price	1395150136779	1395150136788	1395150136788	1395150196795	KO	No response received after 60000
SCENARIO	Pricing	86	END	1395150196799
ACTION	Pricing	43	price	1395150136795	1395150136795	1395150136795	1395150196802	KO	No response received after 60000
SCENARIO	Pricing	43	END	1395150196803
ACTION	Pricing	71	price	1395150136817	1395150136820	1395150136820	1395150196827	KO	No response received after 60000
SCENARIO	Pricing	71	END	1395150196829
ACTION	Pricing	100	price	1395150136824	1395150136825	1395150136825	1395150196830	KO	No response received after 60000
SCENARIO	Pricing	100	END	1395150196832
ACTION	Pricing	25	price	1395150136834	1395150136843	1395150136843	1395150196845	KO	No response received after 60000
SCENARIO	Pricing	25	END	1395150196847
