RUN	20140318095301	pricingsimulation	pricingsimulation
SCENARIO	Pricing	75	START	1395136384525
SCENARIO	Pricing	20	START	1395136384529
SCENARIO	Pricing	23	START	1395136384530
SCENARIO	Pricing	5	START	1395136384531
SCENARIO	Pricing	11	START	1395136384531
SCENARIO	Pricing	28	START	1395136384532
SCENARIO	Pricing	59	START	1395136384532
SCENARIO	Pricing	10	START	1395136384541
SCENARIO	Pricing	22	START	1395136384541
SCENARIO	Pricing	17	START	1395136384541
SCENARIO	Pricing	60	START	1395136384541
SCENARIO	Pricing	26	START	1395136384541
SCENARIO	Pricing	46	START	1395136384541
SCENARIO	Pricing	42	START	1395136384541
SCENARIO	Pricing	72	START	1395136384541
SCENARIO	Pricing	32	START	1395136384542
SCENARIO	Pricing	14	START	1395136384542
SCENARIO	Pricing	79	START	1395136384542
SCENARIO	Pricing	53	START	1395136384542
SCENARIO	Pricing	24	START	1395136384542
SCENARIO	Pricing	36	START	1395136384542
SCENARIO	Pricing	76	START	1395136384542
SCENARIO	Pricing	40	START	1395136384542
SCENARIO	Pricing	51	START	1395136384542
SCENARIO	Pricing	80	START	1395136384542
SCENARIO	Pricing	98	START	1395136384542
SCENARIO	Pricing	49	START	1395136384542
SCENARIO	Pricing	64	START	1395136384542
SCENARIO	Pricing	34	START	1395136384542
SCENARIO	Pricing	90	START	1395136384542
SCENARIO	Pricing	88	START	1395136384542
SCENARIO	Pricing	13	START	1395136384542
SCENARIO	Pricing	95	START	1395136384542
SCENARIO	Pricing	7	START	1395136384543
SCENARIO	Pricing	37	START	1395136384543
SCENARIO	Pricing	73	START	1395136384543
SCENARIO	Pricing	48	START	1395136384543
SCENARIO	Pricing	62	START	1395136384543
SCENARIO	Pricing	31	START	1395136384543
SCENARIO	Pricing	81	START	1395136384543
SCENARIO	Pricing	12	START	1395136384543
SCENARIO	Pricing	82	START	1395136384543
SCENARIO	Pricing	18	START	1395136384543
SCENARIO	Pricing	96	START	1395136384543
SCENARIO	Pricing	43	START	1395136384543
SCENARIO	Pricing	25	START	1395136384543
SCENARIO	Pricing	57	START	1395136384543
SCENARIO	Pricing	2	START	1395136384543
SCENARIO	Pricing	4	START	1395136384543
SCENARIO	Pricing	44	START	1395136384543
SCENARIO	Pricing	86	START	1395136384543
SCENARIO	Pricing	3	START	1395136384544
SCENARIO	Pricing	55	START	1395136384544
SCENARIO	Pricing	56	START	1395136384544
SCENARIO	Pricing	41	START	1395136384544
SCENARIO	Pricing	38	START	1395136384544
SCENARIO	Pricing	29	START	1395136384544
SCENARIO	Pricing	74	START	1395136384544
SCENARIO	Pricing	65	START	1395136384544
SCENARIO	Pricing	1	START	1395136384544
SCENARIO	Pricing	50	START	1395136384544
SCENARIO	Pricing	69	START	1395136384544
SCENARIO	Pricing	99	START	1395136384544
SCENARIO	Pricing	52	START	1395136384544
SCENARIO	Pricing	16	START	1395136384544
SCENARIO	Pricing	39	START	1395136384544
SCENARIO	Pricing	70	START	1395136384544
SCENARIO	Pricing	58	START	1395136384544
SCENARIO	Pricing	68	START	1395136384544
SCENARIO	Pricing	30	START	1395136384544
SCENARIO	Pricing	6	START	1395136384545
SCENARIO	Pricing	9	START	1395136384545
SCENARIO	Pricing	83	START	1395136384545
SCENARIO	Pricing	63	START	1395136384545
SCENARIO	Pricing	27	START	1395136384545
SCENARIO	Pricing	78	START	1395136384545
SCENARIO	Pricing	85	START	1395136384545
SCENARIO	Pricing	97	START	1395136384545
SCENARIO	Pricing	66	START	1395136384545
SCENARIO	Pricing	100	START	1395136384545
SCENARIO	Pricing	93	START	1395136384545
SCENARIO	Pricing	89	START	1395136384545
SCENARIO	Pricing	8	START	1395136384545
SCENARIO	Pricing	91	START	1395136384545
SCENARIO	Pricing	67	START	1395136384545
SCENARIO	Pricing	33	START	1395136384546
SCENARIO	Pricing	94	START	1395136384546
SCENARIO	Pricing	47	START	1395136384546
SCENARIO	Pricing	87	START	1395136384546
SCENARIO	Pricing	84	START	1395136384546
SCENARIO	Pricing	35	START	1395136384546
SCENARIO	Pricing	19	START	1395136384546
SCENARIO	Pricing	15	START	1395136384546
SCENARIO	Pricing	71	START	1395136384546
SCENARIO	Pricing	92	START	1395136384546
SCENARIO	Pricing	45	START	1395136384546
SCENARIO	Pricing	21	START	1395136384546
SCENARIO	Pricing	54	START	1395136384546
SCENARIO	Pricing	77	START	1395136384546
SCENARIO	Pricing	61	START	1395136384546
ACTION	Pricing	19	price	1395136384798	1395136384799	1395136412079	1395136412079	OK	 
ACTION	Pricing	93	price	1395136384787	1395136384791	1395136412073	1395136412086	OK	 
ACTION	Pricing	56	price	1395136384707	1395136384713	1395136412085	1395136412086	OK	 
ACTION	Pricing	81	price	1395136384669	1395136384689	1395136412069	1395136412078	OK	 
ACTION	Pricing	71	price	1395136384800	1395136384801	1395136412086	1395136412092	OK	 
ACTION	Pricing	84	price	1395136384795	1395136384796	1395136412087	1395136412092	OK	 
ACTION	Pricing	9	price	1395136384770	1395136384771	1395136412080	1395136412093	OK	 
ACTION	Pricing	15	price	1395136384799	1395136384800	1395136412087	1395136412088	OK	 
ACTION	Pricing	5	price	1395136384593	1395136384651	1395136412094	1395136412094	OK	 
ACTION	Pricing	47	price	1395136384793	1395136384795	1395136412095	1395136412095	OK	 
ACTION	Pricing	61	price	1395136384807	1395136384809	1395136412040	1395136412095	OK	 
ACTION	Pricing	82	price	1395136384671	1395136384688	1395136412088	1395136412088	OK	 
ACTION	Pricing	3	price	1395136384706	1395136384712	1395136412045	1395136412095	OK	 
ACTION	Pricing	42	price	1395136384611	1395136384683	1395136412088	1395136412088	OK	 
ACTION	Pricing	95	price	1395136384659	1395136384683	1395136412101	1395136412102	OK	 
ACTION	Pricing	26	price	1395136384608	1395136384653	1395136412046	1395136412095	OK	 
ACTION	Pricing	68	price	1395136384766	1395136384767	1395136412102	1395136412102	OK	 
ACTION	Pricing	50	price	1395136384741	1395136384743	1395136412102	1395136412102	OK	 
ACTION	Pricing	14	price	1395136384627	1395136384681	1395136412103	1395136412103	OK	 
ACTION	Pricing	90	price	1395136384657	1395136384684	1395136412089	1395136412089	OK	 
ACTION	Pricing	46	price	1395136384608	1395136384667	1395136412042	1395136412103	OK	 
ACTION	Pricing	94	price	1395136384792	1395136384801	1395136412091	1395136412091	OK	 
ACTION	Pricing	24	price	1395136384644	1395136384686	1395136412079	1395136412079	OK	 
ACTION	Pricing	58	price	1395136384764	1395136384765	1395136412046	1395136412095	OK	 
ACTION	Pricing	99	price	1395136384745	1395136384752	1395136412041	1395136412091	OK	 
ACTION	Pricing	31	price	1395136384664	1395136384680	1395136412092	1395136412092	OK	 
ACTION	Pricing	80	price	1395136384649	1395136384682	1395136412050	1395136412104	OK	 
ACTION	Pricing	96	price	1395136384674	1395136384689	1395136412048	1395136412096	OK	 
ACTION	Pricing	48	price	1395136384663	1395136384683	1395136412050	1395136412104	OK	 
ACTION	Pricing	49	price	1395136384655	1395136384679	1395136412057	1395136412092	OK	 
ACTION	Pricing	40	price	1395136384647	1395136384678	1395136412058	1395136412093	OK	 
ACTION	Pricing	62	price	1395136384664	1395136384685	1395136412076	1395136412085	OK	 
ACTION	Pricing	51	price	1395136384648	1395136384686	1395136412078	1395136412078	OK	 
ACTION	Pricing	12	price	1395136384670	1395136384687	1395136412051	1395136412104	OK	 
ACTION	Pricing	60	price	1395136384603	1395136384652	1395136412059	1395136412093	OK	 
ACTION	Pricing	27	price	1395136384773	1395136384774	1395136412093	1395136412094	OK	 
ACTION	Pricing	39	price	1395136384758	1395136384760	1395136412091	1395136412091	OK	 
ACTION	Pricing	97	price	1395136384776	1395136384785	1395136412065	1395136412091	OK	 
ACTION	Pricing	34	price	1395136384656	1395136384682	1395136412053	1395136412104	OK	 
ACTION	Pricing	22	price	1395136384588	1395136384652	1395136412053	1395136412104	OK	 
ACTION	Pricing	18	price	1395136384672	1395136384680	1395136412060	1395136412094	OK	 
ACTION	Pricing	6	price	1395136384769	1395136384770	1395136412130	1395136412139	OK	 
ACTION	Pricing	36	price	1395136384645	1395136384681	1395136412055	1395136412104	OK	 
ACTION	Pricing	38	price	1395136384715	1395136384717	1395136412047	1395136412096	OK	 
ACTION	Pricing	76	price	1395136384646	1395136384684	1395136412066	1395136412092	OK	 
ACTION	Pricing	23	price	1395136384593	1395136384650	1395136412140	1395136412140	OK	 
ACTION	Pricing	16	price	1395136384755	1395136384757	1395136412055	1395136412104	OK	 
ACTION	Pricing	13	price	1395136384659	1395136384687	1395136412048	1395136412096	OK	 
ACTION	Pricing	45	price	1395136384803	1395136384806	1395136412049	1395136412096	OK	 
ACTION	Pricing	32	price	1395136384619	1395136384668	1395136412050	1395136412096	OK	 
ACTION	Pricing	4	price	1395136384698	1395136384703	1395136412057	1395136412104	OK	 
ACTION	Pricing	44	price	1395136384699	1395136384703	1395136412066	1395136412092	OK	 
ACTION	Pricing	11	price	1395136384589	1395136384650	1395136412105	1395136412127	OK	 
ACTION	Pricing	10	price	1395136384588	1395136384630	1395136412050	1395136412096	OK	 
ACTION	Pricing	2	price	1395136384689	1395136384698	1395136412051	1395136412096	OK	 
ACTION	Pricing	33	price	1395136384792	1395136384794	1395136412068	1395136412092	OK	 
ACTION	Pricing	87	price	1395136384794	1395136384797	1395136412059	1395136412127	OK	 
ACTION	Pricing	55	price	1395136384707	1395136384713	1395136412062	1395136412127	OK	 
ACTION	Pricing	1	price	1395136384738	1395136384740	1395136412054	1395136412097	OK	 
ACTION	Pricing	77	price	1395136384806	1395136384808	1395136412140	1395136412140	OK	 
ACTION	Pricing	65	price	1395136384726	1395136384732	1395136412062	1395136412141	OK	 
ACTION	Pricing	28	price	1395136384589	1395136384632	1395136412076	1395136412092	OK	 
ACTION	Pricing	54	price	1395136384805	1395136384807	1395136412108	1395136412108	OK	 
ACTION	Pricing	75	price	1395136384586	1395136384632	1395136412127	1395136412128	OK	 
ACTION	Pricing	29	price	1395136384724	1395136384725	1395136412063	1395136412128	OK	 
ACTION	Pricing	67	price	1395136384790	1395136384796	1395136412065	1395136412128	OK	 
ACTION	Pricing	91	price	1395136384789	1395136384795	1395136412055	1395136412097	OK	 
ACTION	Pricing	73	price	1395136384662	1395136384688	1395136412056	1395136412097	OK	 
ACTION	Pricing	100	price	1395136384786	1395136384793	1395136412045	1395136412097	OK	 
ACTION	Pricing	21	price	1395136384804	1395136384808	1395136412035	1395136412128	OK	 
ACTION	Pricing	52	price	1395136384753	1395136384755	1395136412047	1395136412097	OK	 
ACTION	Pricing	78	price	1395136384774	1395136384775	1395136412053	1395136412098	OK	 
ACTION	Pricing	83	price	1395136384772	1395136384772	1395136412071	1395136412128	OK	 
ACTION	Pricing	64	price	1395136384656	1395136384686	1395136412033	1395136412098	OK	 
ACTION	Pricing	85	price	1395136384775	1395136384776	1395136412103	1395136412103	OK	 
ACTION	Pricing	89	price	1395136384788	1395136384792	1395136412153	1395136412154	OK	 
ACTION	Pricing	69	price	1395136384743	1395136384751	1395136412087	1395136412154	OK	 
ACTION	Pricing	17	price	1395136384600	1395136384668	1395136412154	1395136412154	OK	 
ACTION	Pricing	30	price	1395136384767	1395136384768	1395136412036	1395136412155	OK	 
ACTION	Pricing	7	price	1395136384660	1395136384684	1395136412090	1395136412155	OK	 
ACTION	Pricing	98	price	1395136384654	1395136384684	1395136412041	1395136412155	OK	 
ACTION	Pricing	74	price	1395136384724	1395136384727	1395136412074	1395136412155	OK	 
ACTION	Pricing	25	price	1395136384675	1395136384688	1395136412074	1395136412155	OK	 
ACTION	Pricing	63	price	1395136384772	1395136384773	1395136412075	1395136412155	OK	 
ACTION	Pricing	20	price	1395136384592	1395136384653	1395136412088	1395136412155	OK	 
ACTION	Pricing	79	price	1395136384631	1395136384683	1395136412090	1395136412156	OK	 
ACTION	Pricing	59	price	1395136384588	1395136384632	1395136412157	1395136412157	OK	 
ACTION	Pricing	41	price	1395136384708	1395136384715	1395136412077	1395136412158	OK	 
ACTION	Pricing	57	price	1395136384676	1395136384680	1395136412158	1395136412158	OK	 
ACTION	Pricing	37	price	1395136384661	1395136384679	1395136412088	1395136412158	OK	 
ACTION	Pricing	43	price	1395136384674	1395136384688	1395136412104	1395136412104	OK	 
ACTION	Pricing	92	price	1395136384801	1395136384803	1395136412060	1395136412158	OK	 
ACTION	Pricing	53	price	1395136384643	1395136384678	1395136412061	1395136412158	OK	 
ACTION	Pricing	8	price	1395136384788	1395136384793	1395136412062	1395136412158	OK	 
ACTION	Pricing	35	price	1395136384797	1395136384802	1395136412063	1395136412159	OK	 
ACTION	Pricing	86	price	1395136384704	1395136384710	1395136412076	1395136412159	OK	 
ACTION	Pricing	88	price	1395136384659	1395136384679	1395136412036	1395136412159	OK	 
ACTION	Pricing	72	price	1395136384612	1395136384667	1395136412090	1395136412159	OK	 
ACTION	Pricing	66	price	1395136384785	1395136384786	1395136412090	1395136412159	OK	 
ACTION	Pricing	70	price	1395136384761	1395136384763	1395136412059	1395136412158	OK	 
ACTION	Pricing	65	price	1395136412306	1395136412307	1395136412816	1395136412817	OK	 
ACTION	Pricing	43	price	1395136412340	1395136412341	1395136413110	1395136413115	OK	 
ACTION	Pricing	18	price	1395136412276	1395136412277	1395136413398	1395136413399	OK	 
ACTION	Pricing	41	price	1395136412336	1395136412337	1395136413444	1395136413445	OK	 
ACTION	Pricing	90	price	1395136412252	1395136412254	1395136413520	1395136413523	OK	 
ACTION	Pricing	13	price	1395136412283	1395136412283	1395136413526	1395136413527	OK	 
ACTION	Pricing	2	price	1395136412294	1395136412296	1395136413591	1395136413592	OK	 
ACTION	Pricing	60	price	1395136412270	1395136412270	1395136413677	1395136413678	OK	 
ACTION	Pricing	24	price	1395136412257	1395136412257	1395136413863	1395136413864	OK	 
ACTION	Pricing	19	price	1395136412213	1395136412214	1395136413913	1395136413913	OK	 
ACTION	Pricing	81	price	1395136412226	1395136412227	1395136413959	1395136413960	OK	 
ACTION	Pricing	68	price	1395136412245	1395136412247	1395136413964	1395136413964	OK	 
ACTION	Pricing	63	price	1395136412331	1395136412332	1395136413974	1395136413975	OK	 
ACTION	Pricing	86	price	1395136412345	1395136412346	1395136413988	1395136413989	OK	 
ACTION	Pricing	46	price	1395136412254	1395136412255	1395136413991	1395136413992	OK	 
ACTION	Pricing	31	price	1395136412260	1395136412260	1395136413993	1395136413995	OK	 
ACTION	Pricing	96	price	1395136412262	1395136412263	1395136414002	1395136414003	OK	 
ACTION	Pricing	57	price	1395136412337	1395136412338	1395136414025	1395136414026	OK	 
ACTION	Pricing	50	price	1395136412247	1395136412248	1395136414035	1395136414035	OK	 
ACTION	Pricing	72	price	1395136412347	1395136412348	1395136414035	1395136414038	OK	 
ACTION	Pricing	94	price	1395136412255	1395136412256	1395136414039	1395136414041	OK	 
ACTION	Pricing	91	price	1395136412313	1395136412314	1395136414063	1395136414064	OK	 
ACTION	Pricing	54	price	1395136412308	1395136412308	1395136414068	1395136414069	OK	 
ACTION	Pricing	20	price	1395136412332	1395136412333	1395136414081	1395136414082	OK	 
ACTION	Pricing	35	price	1395136412344	1395136412345	1395136414118	1395136414119	OK	 
ACTION	Pricing	27	price	1395136412271	1395136412272	1395136414158	1395136414158	OK	 
ACTION	Pricing	73	price	1395136412314	1395136412315	1395136413976	1395136414173	OK	 
ACTION	Pricing	62	price	1395136412267	1395136412268	1395136414182	1395136414182	OK	 
ACTION	Pricing	66	price	1395136412348	1395136412349	1395136414181	1395136414182	OK	 
ACTION	Pricing	22	price	1395136412275	1395136412276	1395136414186	1395136414186	OK	 
ACTION	Pricing	5	price	1395136412224	1395136412225	1395136414188	1395136414189	OK	 
ACTION	Pricing	51	price	1395136412268	1395136412269	1395136414240	1395136414241	OK	 
ACTION	Pricing	3	price	1395136412234	1395136412236	1395136414245	1395136414245	OK	 
ACTION	Pricing	43	price	1395136413117	1395136413117	1395136414251	1395136414251	OK	 
ACTION	Pricing	83	price	1395136412320	1395136412320	1395136414251	1395136414251	OK	 
ACTION	Pricing	15	price	1395136412222	1395136412223	1395136414254	1395136414255	OK	 
ACTION	Pricing	67	price	1395136412312	1395136412312	1395136414236	1395136414261	OK	 
ACTION	Pricing	47	price	1395136412228	1395136412229	1395136414284	1395136414284	OK	 
ACTION	Pricing	59	price	1395136412335	1395136412335	1395136414296	1395136414300	OK	 
ACTION	Pricing	100	price	1395136412315	1395136412316	1395136414302	1395136414302	OK	 
ACTION	Pricing	75	price	1395136412309	1395136412310	1395136414325	1395136414325	OK	 
ACTION	Pricing	10	price	1395136412294	1395136412294	1395136414330	1395136414331	OK	 
ACTION	Pricing	76	price	1395136412280	1395136412281	1395136414332	1395136414332	OK	 
ACTION	Pricing	69	price	1395136412324	1395136412325	1395136414350	1395136414351	OK	 
ACTION	Pricing	29	price	1395136412310	1395136412311	1395136414350	1395136414351	OK	 
ACTION	Pricing	88	price	1395136412346	1395136412347	1395136414366	1395136414367	OK	 
ACTION	Pricing	8	price	1395136412343	1395136412344	1395136414370	1395136414370	OK	 
ACTION	Pricing	40	price	1395136412266	1395136412267	1395136414376	1395136414377	OK	 
ACTION	Pricing	84	price	1395136412218	1395136412218	1395136414380	1395136414380	OK	 
ACTION	Pricing	4	price	1395136412290	1395136412291	1395136414385	1395136414386	OK	 
ACTION	Pricing	99	price	1395136412259	1395136412259	1395136414376	1395136414393	OK	 
ACTION	Pricing	77	price	1395136412299	1395136412300	1395136414393	1395136414393	OK	 
ACTION	Pricing	39	price	1395136412272	1395136412273	1395136414397	1395136414397	OK	 
ACTION	Pricing	82	price	1395136412233	1395136412233	1395136414399	1395136414399	OK	 
ACTION	Pricing	36	price	1395136412277	1395136412278	1395136414400	1395136414400	OK	 
ACTION	Pricing	85	price	1395136412322	1395136412323	1395136414404	1395136414405	OK	 
ACTION	Pricing	45	price	1395136412284	1395136412288	1395136414420	1395136414420	OK	 
ACTION	Pricing	52	price	1395136412317	1395136412318	1395136414422	1395136414422	OK	 
ACTION	Pricing	98	price	1395136412328	1395136412329	1395136414408	1395136414431	OK	 
ACTION	Pricing	26	price	1395136412243	1395136412244	1395136414431	1395136414431	OK	 
ACTION	Pricing	17	price	1395136412325	1395136412326	1395136414435	1395136414435	OK	 
ACTION	Pricing	61	price	1395136412230	1395136412232	1395136414439	1395136414439	OK	 
ACTION	Pricing	42	price	1395136412237	1395136412238	1395136414460	1395136414460	OK	 
ACTION	Pricing	55	price	1395136412297	1395136412298	1395136414473	1395136414473	OK	 
ACTION	Pricing	92	price	1395136412341	1395136412342	1395136414473	1395136414473	OK	 
ACTION	Pricing	23	price	1395136412281	1395136412282	1395136414483	1395136414484	OK	 
ACTION	Pricing	25	price	1395136412330	1395136412331	1395136414484	1395136414485	OK	 
ACTION	Pricing	12	price	1395136412269	1395136412270	1395136414504	1395136414505	OK	 
ACTION	Pricing	80	price	1395136412261	1395136412262	1395136414508	1395136414508	OK	 
ACTION	Pricing	79	price	1395136412334	1395136412334	1395136414548	1395136414548	OK	 
SCENARIO	Pricing	79	END	1395136414549
ACTION	Pricing	93	price	1395136412212	1395136412212	1395136414563	1395136414563	OK	 
SCENARIO	Pricing	93	END	1395136414564
ACTION	Pricing	56	price	1395136412215	1395136412216	1395136414565	1395136414565	OK	 
SCENARIO	Pricing	56	END	1395136414566
ACTION	Pricing	34	price	1395136412274	1395136412275	1395136414587	1395136414587	OK	 
ACTION	Pricing	37	price	1395136412339	1395136412339	1395136414587	1395136414587	OK	 
SCENARIO	Pricing	37	END	1395136414588
SCENARIO	Pricing	34	END	1395136414588
ACTION	Pricing	49	price	1395136412265	1395136412265	1395136414589	1395136414590	OK	 
SCENARIO	Pricing	49	END	1395136414590
ACTION	Pricing	50	price	1395136414038	1395136414038	1395136414593	1395136414593	OK	 
SCENARIO	Pricing	50	END	1395136414594
ACTION	Pricing	74	price	1395136412329	1395136412330	1395136414596	1395136414596	OK	 
ACTION	Pricing	9	price	1395136412219	1395136412221	1395136414596	1395136414596	OK	 
SCENARIO	Pricing	74	END	1395136414597
SCENARIO	Pricing	9	END	1395136414597
ACTION	Pricing	14	price	1395136412251	1395136412251	1395136414609	1395136414610	OK	 
SCENARIO	Pricing	14	END	1395136414610
ACTION	Pricing	16	price	1395136412282	1395136412283	1395136414615	1395136414615	OK	 
SCENARIO	Pricing	16	END	1395136414616
ACTION	Pricing	38	price	1395136412279	1395136412280	1395136414625	1395136414625	OK	 
SCENARIO	Pricing	38	END	1395136414626
ACTION	Pricing	48	price	1395136412263	1395136412264	1395136414631	1395136414631	OK	 
SCENARIO	Pricing	48	END	1395136414632
ACTION	Pricing	44	price	1395136412292	1395136412292	1395136414675	1395136414675	OK	 
SCENARIO	Pricing	44	END	1395136414676
ACTION	Pricing	1	price	1395136412298	1395136412299	1395136414674	1395136414675	OK	 
SCENARIO	Pricing	1	END	1395136414676
ACTION	Pricing	87	price	1395136412297	1395136412297	1395136414681	1395136414681	OK	 
SCENARIO	Pricing	87	END	1395136414682
ACTION	Pricing	95	price	1395136412239	1395136412241	1395136414682	1395136414682	OK	 
SCENARIO	Pricing	95	END	1395136414683
ACTION	Pricing	53	price	1395136412342	1395136412343	1395136414686	1395136414686	OK	 
SCENARIO	Pricing	53	END	1395136414687
ACTION	Pricing	21	price	1395136412316	1395136412317	1395136414699	1395136414699	OK	 
SCENARIO	Pricing	21	END	1395136414700
ACTION	Pricing	6	price	1395136412278	1395136412279	1395136414713	1395136414713	OK	 
SCENARIO	Pricing	6	END	1395136414714
ACTION	Pricing	58	price	1395136412258	1395136412258	1395136414736	1395136414736	OK	 
SCENARIO	Pricing	58	END	1395136414737
ACTION	Pricing	11	price	1395136412292	1395136412293	1395136414736	1395136414736	OK	 
SCENARIO	Pricing	11	END	1395136414737
ACTION	Pricing	70	price	1395136412349	1395136412350	1395136414712	1395136414744	OK	 
SCENARIO	Pricing	70	END	1395136414746
ACTION	Pricing	7	price	1395136412327	1395136412327	1395136414750	1395136414750	OK	 
SCENARIO	Pricing	7	END	1395136414751
ACTION	Pricing	64	price	1395136412321	1395136412322	1395136414821	1395136414822	OK	 
SCENARIO	Pricing	64	END	1395136414822
ACTION	Pricing	97	price	1395136412273	1395136412274	1395136414829	1395136414829	OK	 
SCENARIO	Pricing	97	END	1395136414830
ACTION	Pricing	89	price	1395136412323	1395136412324	1395136414844	1395136414845	OK	 
SCENARIO	Pricing	89	END	1395136414845
ACTION	Pricing	78	price	1395136412319	1395136412319	1395136414872	1395136414872	OK	 
SCENARIO	Pricing	78	END	1395136414873
ACTION	Pricing	33	price	1395136412296	1395136412296	1395136414888	1395136414888	OK	 
SCENARIO	Pricing	33	END	1395136414889
ACTION	Pricing	71	price	1395136412207	1395136412208	1395136414900	1395136414901	OK	 
SCENARIO	Pricing	71	END	1395136414901
ACTION	Pricing	32	price	1395136412289	1395136412290	1395136414909	1395136414909	OK	 
SCENARIO	Pricing	32	END	1395136414910
ACTION	Pricing	18	price	1395136413401	1395136413402	1395136414967	1395136415024	OK	 
SCENARIO	Pricing	18	END	1395136415025
ACTION	Pricing	65	price	1395136412818	1395136412819	1395136415068	1395136415068	OK	 
SCENARIO	Pricing	65	END	1395136415069
ACTION	Pricing	30	price	1395136412327	1395136412327	1395136415070	1395136415070	OK	 
SCENARIO	Pricing	30	END	1395136415071
ACTION	Pricing	28	price	1395136412307	1395136412308	1395136415094	1395136415094	OK	 
SCENARIO	Pricing	28	END	1395136415095
ACTION	Pricing	41	price	1395136413447	1395136413447	1395136415205	1395136415206	OK	 
SCENARIO	Pricing	41	END	1395136415206
ACTION	Pricing	43	price	1395136414252	1395136414253	1395136415436	1395136415437	OK	 
ACTION	Pricing	86	price	1395136413992	1395136413992	1395136415437	1395136415437	OK	 
SCENARIO	Pricing	43	END	1395136415438
SCENARIO	Pricing	86	END	1395136415438
ACTION	Pricing	13	price	1395136413528	1395136413529	1395136415447	1395136415448	OK	 
SCENARIO	Pricing	13	END	1395136415449
ACTION	Pricing	73	price	1395136414174	1395136414175	1395136415458	1395136415459	OK	 
SCENARIO	Pricing	73	END	1395136415459
ACTION	Pricing	88	price	1395136414368	1395136414368	1395136415472	1395136415472	OK	 
SCENARIO	Pricing	88	END	1395136415473
ACTION	Pricing	27	price	1395136414160	1395136414161	1395136415496	1395136415497	OK	 
SCENARIO	Pricing	27	END	1395136415497
ACTION	Pricing	90	price	1395136413526	1395136413527	1395136415516	1395136415517	OK	 
SCENARIO	Pricing	90	END	1395136415517
ACTION	Pricing	72	price	1395136414040	1395136414042	1395136415528	1395136415528	OK	 
SCENARIO	Pricing	72	END	1395136415529
ACTION	Pricing	69	price	1395136414353	1395136414354	1395136415529	1395136415530	OK	 
SCENARIO	Pricing	69	END	1395136415530
ACTION	Pricing	20	price	1395136414084	1395136414090	1395136415534	1395136415534	OK	 
SCENARIO	Pricing	20	END	1395136415535
ACTION	Pricing	35	price	1395136414120	1395136414121	1395136415554	1395136415555	OK	 
SCENARIO	Pricing	35	END	1395136415555
ACTION	Pricing	60	price	1395136413680	1395136413680	1395136415569	1395136415569	OK	 
SCENARIO	Pricing	60	END	1395136415570
ACTION	Pricing	26	price	1395136414434	1395136414435	1395136415571	1395136415572	OK	 
SCENARIO	Pricing	26	END	1395136415572
ACTION	Pricing	24	price	1395136413866	1395136413867	1395136415576	1395136415577	OK	 
SCENARIO	Pricing	24	END	1395136415577
ACTION	Pricing	82	price	1395136414403	1395136414403	1395136415578	1395136415578	OK	 
SCENARIO	Pricing	82	END	1395136415578
ACTION	Pricing	5	price	1395136414190	1395136414191	1395136415596	1395136415596	OK	 
SCENARIO	Pricing	5	END	1395136415597
ACTION	Pricing	66	price	1395136414184	1395136414184	1395136415602	1395136415602	OK	 
SCENARIO	Pricing	66	END	1395136415603
ACTION	Pricing	3	price	1395136414246	1395136414247	1395136415634	1395136415634	OK	 
SCENARIO	Pricing	3	END	1395136415634
ACTION	Pricing	22	price	1395136414188	1395136414188	1395136415663	1395136415663	OK	 
SCENARIO	Pricing	22	END	1395136415664
ACTION	Pricing	15	price	1395136414257	1395136414258	1395136415669	1395136415670	OK	 
ACTION	Pricing	68	price	1395136413965	1395136413966	1395136415670	1395136415670	OK	 
SCENARIO	Pricing	15	END	1395136415671
SCENARIO	Pricing	68	END	1395136415671
ACTION	Pricing	80	price	1395136414510	1395136414510	1395136415675	1395136415675	OK	 
SCENARIO	Pricing	80	END	1395136415676
ACTION	Pricing	61	price	1395136414441	1395136414441	1395136415677	1395136415678	OK	 
SCENARIO	Pricing	61	END	1395136415678
ACTION	Pricing	39	price	1395136414399	1395136414399	1395136415679	1395136415679	OK	 
SCENARIO	Pricing	39	END	1395136415679
ACTION	Pricing	4	price	1395136414387	1395136414387	1395136415682	1395136415683	OK	 
ACTION	Pricing	17	price	1395136414436	1395136414437	1395136415686	1395136415686	OK	 
SCENARIO	Pricing	4	END	1395136415687
SCENARIO	Pricing	17	END	1395136415687
ACTION	Pricing	67	price	1395136414263	1395136414264	1395136415711	1395136415728	OK	 
SCENARIO	Pricing	67	END	1395136415729
ACTION	Pricing	94	price	1395136414042	1395136414043	1395136415720	1395136415764	OK	 
SCENARIO	Pricing	94	END	1395136415764
ACTION	Pricing	25	price	1395136414486	1395136414487	1395136415807	1395136415808	OK	 
ACTION	Pricing	42	price	1395136414461	1395136414462	1395136415807	1395136415808	OK	 
SCENARIO	Pricing	42	END	1395136415809
SCENARIO	Pricing	25	END	1395136415809
ACTION	Pricing	31	price	1395136413997	1395136413998	1395136415810	1395136415810	OK	 
SCENARIO	Pricing	31	END	1395136415810
ACTION	Pricing	46	price	1395136413995	1395136413996	1395136415811	1395136415811	OK	 
ACTION	Pricing	36	price	1395136414402	1395136414402	1395136415808	1395136415811	OK	 
SCENARIO	Pricing	46	END	1395136415812
SCENARIO	Pricing	36	END	1395136415812
ACTION	Pricing	85	price	1395136414406	1395136414407	1395136415806	1395136415813	OK	 
SCENARIO	Pricing	85	END	1395136415813
ACTION	Pricing	54	price	1395136414070	1395136414071	1395136415806	1395136415815	OK	 
SCENARIO	Pricing	54	END	1395136415816
ACTION	Pricing	51	price	1395136414242	1395136414243	1395136415816	1395136415816	OK	 
SCENARIO	Pricing	51	END	1395136415817
ACTION	Pricing	52	price	1395136414424	1395136414425	1395136415816	1395136415816	OK	 
SCENARIO	Pricing	52	END	1395136415817
ACTION	Pricing	45	price	1395136414423	1395136414425	1395136415817	1395136415818	OK	 
ACTION	Pricing	12	price	1395136414507	1395136414508	1395136415814	1395136415818	OK	 
SCENARIO	Pricing	12	END	1395136415818
SCENARIO	Pricing	45	END	1395136415818
ACTION	Pricing	19	price	1395136413915	1395136413915	1395136415806	1395136415819	OK	 
SCENARIO	Pricing	19	END	1395136415820
ACTION	Pricing	47	price	1395136414286	1395136414286	1395136415757	1395136415820	OK	 
SCENARIO	Pricing	47	END	1395136415821
ACTION	Pricing	77	price	1395136414395	1395136414396	1395136415824	1395136415825	OK	 
ACTION	Pricing	8	price	1395136414371	1395136414372	1395136415801	1395136415825	OK	 
ACTION	Pricing	99	price	1395136414394	1395136414395	1395136415821	1395136415826	OK	 
ACTION	Pricing	63	price	1395136413977	1395136413977	1395136415826	1395136415827	OK	 
ACTION	Pricing	98	price	1395136414433	1395136414434	1395136415828	1395136415828	OK	 
ACTION	Pricing	84	price	1395136414382	1395136414382	1395136415828	1395136415829	OK	 
SCENARIO	Pricing	77	END	1395136415830
SCENARIO	Pricing	8	END	1395136415830
SCENARIO	Pricing	99	END	1395136415830
SCENARIO	Pricing	63	END	1395136415830
SCENARIO	Pricing	98	END	1395136415830
SCENARIO	Pricing	84	END	1395136415830
ACTION	Pricing	57	price	1395136414027	1395136414028	1395136415826	1395136415830	OK	 
ACTION	Pricing	40	price	1395136414378	1395136414379	1395136415831	1395136415831	OK	 
ACTION	Pricing	23	price	1395136414486	1395136414486	1395136415831	1395136415831	OK	 
ACTION	Pricing	92	price	1395136414475	1395136414476	1395136415832	1395136415832	OK	 
SCENARIO	Pricing	57	END	1395136415832
SCENARIO	Pricing	40	END	1395136415832
SCENARIO	Pricing	23	END	1395136415832
SCENARIO	Pricing	92	END	1395136415832
ACTION	Pricing	75	price	1395136414326	1395136414327	1395136415812	1395136415833	OK	 
SCENARIO	Pricing	75	END	1395136415833
ACTION	Pricing	76	price	1395136414334	1395136414334	1395136415834	1395136415834	OK	 
ACTION	Pricing	81	price	1395136413961	1395136413962	1395136415834	1395136415834	OK	 
ACTION	Pricing	100	price	1395136414304	1395136414304	1395136415819	1395136415834	OK	 
SCENARIO	Pricing	76	END	1395136415836
SCENARIO	Pricing	100	END	1395136415836
SCENARIO	Pricing	81	END	1395136415836
ACTION	Pricing	55	price	1395136414477	1395136414477	1395136415837	1395136415837	OK	 
ACTION	Pricing	29	price	1395136414352	1395136414353	1395136415837	1395136415837	OK	 
ACTION	Pricing	83	price	1395136414255	1395136414255	1395136415802	1395136415837	OK	 
SCENARIO	Pricing	55	END	1395136415839
SCENARIO	Pricing	29	END	1395136415839
SCENARIO	Pricing	83	END	1395136415839
ACTION	Pricing	62	price	1395136414185	1395136414186	1395136415836	1395136415836	OK	 
SCENARIO	Pricing	62	END	1395136415839
ACTION	Pricing	59	price	1395136414302	1395136414303	1395136415840	1395136415840	OK	 
SCENARIO	Pricing	59	END	1395136415841
ACTION	Pricing	96	price	1395136414004	1395136414005	1395136415841	1395136415841	OK	 
ACTION	Pricing	10	price	1395136414333	1395136414333	1395136415841	1395136415841	OK	 
ACTION	Pricing	2	price	1395136413594	1395136413594	1395136415800	1395136415841	OK	 
ACTION	Pricing	91	price	1395136414065	1395136414066	1395136415802	1395136415841	OK	 
SCENARIO	Pricing	96	END	1395136415842
SCENARIO	Pricing	10	END	1395136415842
SCENARIO	Pricing	2	END	1395136415842
SCENARIO	Pricing	91	END	1395136415842
