RUN	20140318130244	pricingsimulation	pricingsimulation
SCENARIO	Pricing	64	START	1395147766544
SCENARIO	Pricing	91	START	1395147766545
SCENARIO	Pricing	100	START	1395147766545
SCENARIO	Pricing	9	START	1395147766545
SCENARIO	Pricing	12	START	1395147766545
SCENARIO	Pricing	17	START	1395147766546
SCENARIO	Pricing	48	START	1395147766546
SCENARIO	Pricing	11	START	1395147766546
SCENARIO	Pricing	6	START	1395147766546
SCENARIO	Pricing	49	START	1395147766546
SCENARIO	Pricing	15	START	1395147766546
SCENARIO	Pricing	35	START	1395147766546
SCENARIO	Pricing	31	START	1395147766547
SCENARIO	Pricing	61	START	1395147766547
SCENARIO	Pricing	21	START	1395147766547
SCENARIO	Pricing	3	START	1395147766547
SCENARIO	Pricing	68	START	1395147766547
SCENARIO	Pricing	93	START	1395147766547
SCENARIO	Pricing	42	START	1395147766547
SCENARIO	Pricing	13	START	1395147766547
SCENARIO	Pricing	25	START	1395147766547
SCENARIO	Pricing	65	START	1395147766547
SCENARIO	Pricing	29	START	1395147766547
SCENARIO	Pricing	40	START	1395147766547
SCENARIO	Pricing	69	START	1395147766547
SCENARIO	Pricing	87	START	1395147766547
SCENARIO	Pricing	38	START	1395147766547
SCENARIO	Pricing	53	START	1395147766547
SCENARIO	Pricing	23	START	1395147766547
SCENARIO	Pricing	79	START	1395147766547
SCENARIO	Pricing	77	START	1395147766548
SCENARIO	Pricing	2	START	1395147766548
SCENARIO	Pricing	84	START	1395147766548
SCENARIO	Pricing	26	START	1395147766548
SCENARIO	Pricing	62	START	1395147766548
SCENARIO	Pricing	37	START	1395147766548
SCENARIO	Pricing	51	START	1395147766548
SCENARIO	Pricing	20	START	1395147766548
SCENARIO	Pricing	70	START	1395147766549
SCENARIO	Pricing	92	START	1395147766549
SCENARIO	Pricing	1	START	1395147766550
SCENARIO	Pricing	71	START	1395147766550
SCENARIO	Pricing	7	START	1395147766550
SCENARIO	Pricing	85	START	1395147766550
SCENARIO	Pricing	32	START	1395147766550
SCENARIO	Pricing	14	START	1395147766550
SCENARIO	Pricing	46	START	1395147766550
SCENARIO	Pricing	33	START	1395147766550
SCENARIO	Pricing	75	START	1395147766551
SCENARIO	Pricing	90	START	1395147766551
SCENARIO	Pricing	44	START	1395147766551
SCENARIO	Pricing	45	START	1395147766551
SCENARIO	Pricing	30	START	1395147766551
SCENARIO	Pricing	27	START	1395147766551
SCENARIO	Pricing	18	START	1395147766551
SCENARIO	Pricing	63	START	1395147766552
SCENARIO	Pricing	54	START	1395147766552
SCENARIO	Pricing	39	START	1395147766552
SCENARIO	Pricing	58	START	1395147766552
SCENARIO	Pricing	88	START	1395147766552
SCENARIO	Pricing	96	START	1395147766553
SCENARIO	Pricing	41	START	1395147766553
SCENARIO	Pricing	5	START	1395147766553
SCENARIO	Pricing	97	START	1395147766553
SCENARIO	Pricing	28	START	1395147766553
SCENARIO	Pricing	59	START	1395147766553
SCENARIO	Pricing	95	START	1395147766553
SCENARIO	Pricing	47	START	1395147766553
SCENARIO	Pricing	94	START	1395147766553
SCENARIO	Pricing	57	START	1395147766553
SCENARIO	Pricing	19	START	1395147766554
SCENARIO	Pricing	72	START	1395147766554
SCENARIO	Pricing	52	START	1395147766554
SCENARIO	Pricing	16	START	1395147766554
SCENARIO	Pricing	67	START	1395147766554
SCENARIO	Pricing	74	START	1395147766555
SCENARIO	Pricing	86	START	1395147766555
SCENARIO	Pricing	55	START	1395147766555
SCENARIO	Pricing	89	START	1395147766555
SCENARIO	Pricing	82	START	1395147766555
SCENARIO	Pricing	99	START	1395147766556
SCENARIO	Pricing	78	START	1395147766556
SCENARIO	Pricing	80	START	1395147766556
SCENARIO	Pricing	56	START	1395147766556
SCENARIO	Pricing	22	START	1395147766556
SCENARIO	Pricing	83	START	1395147766556
SCENARIO	Pricing	36	START	1395147766556
SCENARIO	Pricing	76	START	1395147766556
SCENARIO	Pricing	73	START	1395147766556
SCENARIO	Pricing	8	START	1395147766556
SCENARIO	Pricing	24	START	1395147766556
SCENARIO	Pricing	4	START	1395147766556
SCENARIO	Pricing	60	START	1395147766556
SCENARIO	Pricing	81	START	1395147766556
SCENARIO	Pricing	34	START	1395147766556
SCENARIO	Pricing	10	START	1395147766557
SCENARIO	Pricing	98	START	1395147766557
SCENARIO	Pricing	43	START	1395147766557
SCENARIO	Pricing	66	START	1395147766557
SCENARIO	Pricing	50	START	1395147766557
ACTION	Pricing	83	price	1395147766772	1395147766772	1395147790528	1395147790544	OK	 
ACTION	Pricing	38	price	1395147766634	1395147766684	1395147790529	1395147790537	OK	 
ACTION	Pricing	54	price	1395147766728	1395147766741	1395147790529	1395147790536	OK	 
ACTION	Pricing	7	price	1395147766677	1395147766694	1395147790543	1395147790544	OK	 
ACTION	Pricing	74	price	1395147766755	1395147766755	1395147790534	1395147790544	OK	 
ACTION	Pricing	28	price	1395147766743	1395147766743	1395147790552	1395147790553	OK	 
ACTION	Pricing	75	price	1395147766705	1395147766707	1395147790553	1395147790554	OK	 
ACTION	Pricing	92	price	1395147766675	1395147766692	1395147790528	1395147790560	OK	 
ACTION	Pricing	22	price	1395147766770	1395147766771	1395147790554	1395147790555	OK	 
ACTION	Pricing	10	price	1395147766783	1395147766784	1395147790561	1395147790561	OK	 
ACTION	Pricing	6	price	1395147766610	1395147766658	1395147790555	1395147790556	OK	 
ACTION	Pricing	1	price	1395147766675	1395147766691	1395147790556	1395147790556	OK	 
ACTION	Pricing	52	price	1395147766752	1395147766752	1395147790557	1395147790557	OK	 
ACTION	Pricing	11	price	1395147766610	1395147766652	1395147790562	1395147790562	OK	 
ACTION	Pricing	47	price	1395147766746	1395147766747	1395147790563	1395147790564	OK	 
ACTION	Pricing	96	price	1395147766731	1395147766741	1395147790558	1395147790558	OK	 
ACTION	Pricing	82	price	1395147766762	1395147766766	1395147790566	1395147790566	OK	 
ACTION	Pricing	13	price	1395147766623	1395147766680	1395147790566	1395147790568	OK	 
ACTION	Pricing	56	price	1395147766769	1395147766770	1395147790569	1395147790569	OK	 
ACTION	Pricing	85	price	1395147766678	1395147766701	1395147790571	1395147790571	OK	 
ACTION	Pricing	60	price	1395147766779	1395147766780	1395147790572	1395147790573	OK	 
ACTION	Pricing	31	price	1395147766617	1395147766663	1395147790581	1395147790581	OK	 
ACTION	Pricing	9	price	1395147766609	1395147766665	1395147790575	1395147790575	OK	 
ACTION	Pricing	99	price	1395147766766	1395147766767	1395147790582	1395147790582	OK	 
ACTION	Pricing	73	price	1395147766775	1395147766775	1395147790545	1395147790552	OK	 
ACTION	Pricing	67	price	1395147766754	1395147766754	1395147790548	1395147790588	OK	 
ACTION	Pricing	51	price	1395147766672	1395147766688	1395147790583	1395147790583	OK	 
ACTION	Pricing	100	price	1395147766609	1395147766654	1395147790588	1395147790588	OK	 
ACTION	Pricing	50	price	1395147766787	1395147766789	1395147790576	1395147790576	OK	 
ACTION	Pricing	3	price	1395147766620	1395147766680	1395147790576	1395147790576	OK	 
ACTION	Pricing	68	price	1395147766620	1395147766664	1395147790583	1395147790583	OK	 
ACTION	Pricing	30	price	1395147766712	1395147766714	1395147790584	1395147790584	OK	 
ACTION	Pricing	34	price	1395147766782	1395147766783	1395147790589	1395147790589	OK	 
ACTION	Pricing	58	price	1395147766729	1395147766743	1395147790589	1395147790589	OK	 
ACTION	Pricing	5	price	1395147766733	1395147766744	1395147790590	1395147790590	OK	 
ACTION	Pricing	86	price	1395147766756	1395147766759	1395147790584	1395147790584	OK	 
ACTION	Pricing	29	price	1395147766627	1395147766683	1395147790536	1395147790537	OK	 
ACTION	Pricing	88	price	1395147766730	1395147766739	1395147790598	1395147790598	OK	 
ACTION	Pricing	84	price	1395147766661	1395147766683	1395147790585	1395147790585	OK	 
ACTION	Pricing	19	price	1395147766749	1395147766750	1395147790590	1395147790590	OK	 
ACTION	Pricing	25	price	1395147766626	1395147766667	1395147790585	1395147790586	OK	 
ACTION	Pricing	21	price	1395147766618	1395147766680	1395147790591	1395147790591	OK	 
ACTION	Pricing	94	price	1395147766747	1395147766748	1395147790586	1395147790586	OK	 
ACTION	Pricing	37	price	1395147766671	1395147766688	1395147790599	1395147790599	OK	 
ACTION	Pricing	23	price	1395147766635	1395147766682	1395147790587	1395147790587	OK	 
ACTION	Pricing	95	price	1395147766745	1395147766746	1395147790592	1395147790592	OK	 
ACTION	Pricing	63	price	1395147766727	1395147766735	1395147790599	1395147790599	OK	 
ACTION	Pricing	48	price	1395147766608	1395147766652	1395147790595	1395147790596	OK	 
ACTION	Pricing	45	price	1395147766711	1395147766715	1395147790600	1395147790600	OK	 
ACTION	Pricing	36	price	1395147766772	1395147766773	1395147790596	1395147790596	OK	 
ACTION	Pricing	35	price	1395147766617	1395147766680	1395147790608	1395147790608	OK	 
ACTION	Pricing	42	price	1395147766622	1395147766668	1395147790597	1395147790597	OK	 
ACTION	Pricing	80	price	1395147766768	1395147766769	1395147790597	1395147790597	OK	 
ACTION	Pricing	76	price	1395147766774	1395147766774	1395147790609	1395147790609	OK	 
ACTION	Pricing	53	price	1395147766634	1395147766681	1395147790610	1395147790610	OK	 
ACTION	Pricing	70	price	1395147766674	1395147766690	1395147790598	1395147790598	OK	 
ACTION	Pricing	89	price	1395147766761	1395147766761	1395147790598	1395147790598	OK	 
ACTION	Pricing	66	price	1395147766786	1395147766789	1395147790599	1395147790600	OK	 
ACTION	Pricing	18	price	1395147766725	1395147766726	1395147790600	1395147790600	OK	 
ACTION	Pricing	15	price	1395147766614	1395147766662	1395147790603	1395147790603	OK	 
ACTION	Pricing	4	price	1395147766778	1395147766779	1395147790609	1395147790609	OK	 
ACTION	Pricing	64	price	1395147766606	1395147766606	1395147790559	1395147790559	OK	 
ACTION	Pricing	12	price	1395147766609	1395147766653	1395147790587	1395147790630	OK	 
ACTION	Pricing	32	price	1395147766678	1395147766694	1395147790630	1395147790630	OK	 
ACTION	Pricing	24	price	1395147766777	1395147766778	1395147790631	1395147790632	OK	 
ACTION	Pricing	79	price	1395147766656	1395147766682	1395147790632	1395147790632	OK	 
ACTION	Pricing	49	price	1395147766612	1395147766665	1395147790633	1395147790633	OK	 
ACTION	Pricing	55	price	1395147766760	1395147766760	1395147790633	1395147790634	OK	 
ACTION	Pricing	61	price	1395147766617	1395147766668	1395147790634	1395147790634	OK	 
ACTION	Pricing	27	price	1395147766723	1395147766725	1395147790635	1395147790635	OK	 
ACTION	Pricing	16	price	1395147766753	1395147766753	1395147790635	1395147790643	OK	 
ACTION	Pricing	91	price	1395147766609	1395147766638	1395147790645	1395147790645	OK	 
ACTION	Pricing	20	price	1395147766673	1395147766689	1395147790645	1395147790646	OK	 
ACTION	Pricing	14	price	1395147766679	1395147766701	1395147790647	1395147790647	OK	 
ACTION	Pricing	17	price	1395147766614	1395147766654	1395147790647	1395147790648	OK	 
ACTION	Pricing	43	price	1395147766785	1395147766787	1395147790648	1395147790648	OK	 
ACTION	Pricing	59	price	1395147766744	1395147766745	1395147790648	1395147790648	OK	 
ACTION	Pricing	57	price	1395147766748	1395147766749	1395147790649	1395147790649	OK	 
ACTION	Pricing	39	price	1395147766728	1395147766740	1395147790649	1395147790649	OK	 
ACTION	Pricing	78	price	1395147766767	1395147766768	1395147790650	1395147790650	OK	 
ACTION	Pricing	90	price	1395147766708	1395147766710	1395147790650	1395147790650	OK	 
ACTION	Pricing	93	price	1395147766621	1395147766680	1395147790651	1395147790651	OK	 
ACTION	Pricing	81	price	1395147766780	1395147766781	1395147790651	1395147790651	OK	 
ACTION	Pricing	41	price	1395147766732	1395147766740	1395147790651	1395147790659	OK	 
ACTION	Pricing	26	price	1395147766661	1395147766682	1395147790660	1395147790660	OK	 
ACTION	Pricing	65	price	1395147766626	1395147766681	1395147790661	1395147790666	OK	 
ACTION	Pricing	72	price	1395147766751	1395147766751	1395147790691	1395147790691	OK	 
ACTION	Pricing	69	price	1395147766629	1395147766682	1395147790690	1395147790693	OK	 
ACTION	Pricing	98	price	1395147766784	1395147766788	1395147790693	1395147790693	OK	 
ACTION	Pricing	2	price	1395147766660	1395147766683	1395147790698	1395147790698	OK	 
ACTION	Pricing	62	price	1395147766662	1395147766686	1395147790700	1395147790700	OK	 
ACTION	Pricing	97	price	1395147766744	1395147766744	1395147790701	1395147790702	OK	 
ACTION	Pricing	44	price	1395147766711	1395147766723	1395147790703	1395147790704	OK	 
ACTION	Pricing	46	price	1395147766690	1395147766702	1395147790704	1395147790704	OK	 
ACTION	Pricing	77	price	1395147766657	1395147766685	1395147790706	1395147790706	OK	 
ACTION	Pricing	40	price	1395147766628	1395147766681	1395147790705	1395147790708	OK	 
ACTION	Pricing	87	price	1395147766632	1395147766681	1395147790706	1395147790714	OK	 
ACTION	Pricing	8	price	1395147766776	1395147766777	1395147790714	1395147790714	OK	 
ACTION	Pricing	71	price	1395147766676	1395147766692	1395147790715	1395147790715	OK	 
ACTION	Pricing	33	price	1395147766703	1395147766705	1395147790717	1395147790718	OK	 
ACTION	Pricing	58	price	1395147790739	1395147790740	1395147790975	1395147790976	OK	 
ACTION	Pricing	15	price	1395147790772	1395147790773	1395147791265	1395147791266	OK	 
ACTION	Pricing	53	price	1395147790766	1395147790767	1395147791601	1395147791602	OK	 
ACTION	Pricing	32	price	1395147790778	1395147790778	1395147791940	1395147791942	OK	 
ACTION	Pricing	56	price	1395147790721	1395147790722	1395147791945	1395147791945	OK	 
ACTION	Pricing	65	price	1395147790798	1395147790799	1395147792162	1395147792163	OK	 
ACTION	Pricing	52	price	1395147790685	1395147790686	1395147792237	1395147792238	OK	 
ACTION	Pricing	11	price	1395147790687	1395147790687	1395147792267	1395147792268	OK	 
ACTION	Pricing	85	price	1395147790723	1395147790724	1395147792309	1395147792311	OK	 
ACTION	Pricing	63	price	1395147790756	1395147790757	1395147792309	1395147792313	OK	 
ACTION	Pricing	83	price	1395147790682	1395147790683	1395147792318	1395147792318	OK	 
ACTION	Pricing	21	price	1395147790749	1395147790749	1395147792331	1395147792332	OK	 
ACTION	Pricing	50	price	1395147790734	1395147790734	1395147792337	1395147792338	OK	 
ACTION	Pricing	84	price	1395147790745	1395147790746	1395147792344	1395147792345	OK	 
ACTION	Pricing	5	price	1395147790740	1395147790741	1395147792346	1395147792348	OK	 
ACTION	Pricing	54	price	1395147790667	1395147790670	1395147792346	1395147792348	OK	 
ACTION	Pricing	45	price	1395147790759	1395147790760	1395147792351	1395147792352	OK	 
ACTION	Pricing	64	price	1395147790775	1395147790775	1395147792348	1395147792350	OK	 
ACTION	Pricing	42	price	1395147790763	1395147790764	1395147792358	1395147792359	OK	 
ACTION	Pricing	60	price	1395147790724	1395147790725	1395147792369	1395147792369	OK	 
ACTION	Pricing	20	price	1395147790787	1395147790787	1395147792378	1395147792379	OK	 
ACTION	Pricing	24	price	1395147790779	1395147790779	1395147792398	1395147792399	OK	 
ACTION	Pricing	6	price	1395147790681	1395147790682	1395147792405	1395147792405	OK	 
ACTION	Pricing	25	price	1395147790748	1395147790748	1395147792335	1395147792408	OK	 
ACTION	Pricing	55	price	1395147790782	1395147790782	1395147792417	1395147792418	OK	 
ACTION	Pricing	8	price	1395147790808	1395147790809	1395147792424	1395147792425	OK	 
ACTION	Pricing	12	price	1395147790776	1395147790777	1395147792426	1395147792426	OK	 
ACTION	Pricing	99	price	1395147790728	1395147790729	1395147792434	1395147792434	OK	 
ACTION	Pricing	91	price	1395147790786	1395147790786	1395147792448	1395147792448	OK	 
ACTION	Pricing	41	price	1395147790796	1395147790797	1395147792452	1395147792453	OK	 
ACTION	Pricing	69	price	1395147790800	1395147790800	1395147792472	1395147792472	OK	 
ACTION	Pricing	4	price	1395147790775	1395147790775	1395147792472	1395147792472	OK	 
ACTION	Pricing	68	price	1395147790736	1395147790737	1395147792481	1395147792481	OK	 
ACTION	Pricing	81	price	1395147790796	1395147790796	1395147792485	1395147792485	OK	 
ACTION	Pricing	35	price	1395147790763	1395147790765	1395147792500	1395147792500	OK	 
ACTION	Pricing	59	price	1395147790791	1395147790791	1395147792501	1395147792502	OK	 
ACTION	Pricing	93	price	1395147790795	1395147790795	1395147792509	1395147792510	OK	 
ACTION	Pricing	40	price	1395147790806	1395147790807	1395147792510	1395147792511	OK	 
ACTION	Pricing	70	price	1395147790767	1395147790768	1395147792516	1395147792517	OK	 
ACTION	Pricing	44	price	1395147790804	1395147790804	1395147792520	1395147792520	OK	 
ACTION	Pricing	62	price	1395147790802	1395147790803	1395147792520	1395147792520	OK	 
ACTION	Pricing	82	price	1395147790712	1395147790718	1395147792522	1395147792522	OK	 
ACTION	Pricing	94	price	1395147790751	1395147790752	1395147792523	1395147792523	OK	 
ACTION	Pricing	100	price	1395147790733	1395147790733	1395147792524	1395147792525	OK	 
ACTION	Pricing	17	price	1395147790789	1395147790790	1395147792521	1395147792526	OK	 
ACTION	Pricing	49	price	1395147790781	1395147790781	1395147792527	1395147792528	OK	 
ACTION	Pricing	43	price	1395147790790	1395147790790	1395147792544	1395147792544	OK	 
ACTION	Pricing	66	price	1395147790769	1395147790770	1395147792552	1395147792553	OK	 
ACTION	Pricing	33	price	1395147790810	1395147790811	1395147792556	1395147792556	OK	 
ACTION	Pricing	48	price	1395147790757	1395147790758	1395147792557	1395147792557	OK	 
ACTION	Pricing	1	price	1395147790684	1395147790685	1395147792559	1395147792559	OK	 
ACTION	Pricing	96	price	1395147790711	1395147790711	1395147792574	1395147792575	OK	 
ACTION	Pricing	47	price	1395147790691	1395147790718	1395147792598	1395147792599	OK	 
ACTION	Pricing	26	price	1395147790797	1395147790798	1395147792601	1395147792601	OK	 
ACTION	Pricing	73	price	1395147790729	1395147790730	1395147792602	1395147792602	OK	 
ACTION	Pricing	78	price	1395147790793	1395147790793	1395147792825	1395147792825	OK	 
ACTION	Pricing	76	price	1395147790765	1395147790766	1395147792826	1395147792827	OK	 
ACTION	Pricing	31	price	1395147790725	1395147790726	1395147792829	1395147792829	OK	 
ACTION	Pricing	39	price	1395147790792	1395147790793	1395147792838	1395147792838	OK	 
ACTION	Pricing	87	price	1395147790807	1395147790808	1395147792848	1395147792848	OK	 
ACTION	Pricing	15	price	1395147791268	1395147791269	1395147792886	1395147792886	OK	 
ACTION	Pricing	75	price	1395147790675	1395147790676	1395147792893	1395147792893	OK	 
ACTION	Pricing	95	price	1395147790754	1395147790755	1395147792894	1395147792894	OK	 
ACTION	Pricing	79	price	1395147790780	1395147790780	1395147792908	1395147792908	OK	 
ACTION	Pricing	28	price	1395147790673	1395147790674	1395147792931	1395147792932	OK	 
ACTION	Pricing	61	price	1395147790783	1395147790783	1395147792955	1395147792955	OK	 
ACTION	Pricing	16	price	1395147790785	1395147790785	1395147792996	1395147792996	OK	 
ACTION	Pricing	3	price	1395147790735	1395147790735	1395147793004	1395147793005	OK	 
ACTION	Pricing	37	price	1395147790752	1395147790753	1395147793005	1395147793005	OK	 
ACTION	Pricing	88	price	1395147790744	1395147790745	1395147793020	1395147793020	OK	 
ACTION	Pricing	57	price	1395147790791	1395147790792	1395147793024	1395147793024	OK	 
ACTION	Pricing	27	price	1395147790784	1395147790784	1395147793028	1395147793028	OK	 
ACTION	Pricing	36	price	1395147790761	1395147790761	1395147793028	1395147793028	OK	 
ACTION	Pricing	67	price	1395147790731	1395147790731	1395147793036	1395147793036	OK	 
ACTION	Pricing	34	price	1395147790738	1395147790738	1395147793037	1395147793037	OK	 
ACTION	Pricing	2	price	1395147790801	1395147790801	1395147793036	1395147793037	OK	 
ACTION	Pricing	23	price	1395147790753	1395147790754	1395147793038	1395147793038	OK	 
ACTION	Pricing	89	price	1395147790768	1395147790769	1395147793040	1395147793040	OK	 
ACTION	Pricing	90	price	1395147790794	1395147790794	1395147793041	1395147793042	OK	 
ACTION	Pricing	72	price	1395147790799	1395147790799	1395147793044	1395147793045	OK	 
ACTION	Pricing	22	price	1395147790677	1395147790678	1395147793041	1395147793044	OK	 
ACTION	Pricing	97	price	1395147790803	1395147790804	1395147793045	1395147793045	OK	 
ACTION	Pricing	51	price	1395147790731	1395147790732	1395147793044	1395147793044	OK	 
ACTION	Pricing	10	price	1395147790679	1395147790680	1395147793045	1395147793045	OK	 
ACTION	Pricing	9	price	1395147790727	1395147790727	1395147793044	1395147793044	OK	 
ACTION	Pricing	7	price	1395147790657	1395147790658	1395147793049	1395147793050	OK	 
ACTION	Pricing	77	price	1395147790806	1395147790806	1395147793050	1395147793050	OK	 
ACTION	Pricing	13	price	1395147790714	1395147790719	1395147793052	1395147793052	OK	 
ACTION	Pricing	71	price	1395147790809	1395147790810	1395147793120	1395147793121	OK	 
ACTION	Pricing	18	price	1395147790771	1395147790772	1395147793148	1395147793149	OK	 
ACTION	Pricing	19	price	1395147790746	1395147790747	1395147793150	1395147793150	OK	 
ACTION	Pricing	98	price	1395147790802	1395147790802	1395147793152	1395147793152	OK	 
ACTION	Pricing	46	price	1395147790805	1395147790805	1395147793173	1395147793173	OK	 
ACTION	Pricing	29	price	1395147790743	1395147790743	1395147793216	1395147793217	OK	 
ACTION	Pricing	30	price	1395147790737	1395147790738	1395147793222	1395147793223	OK	 
ACTION	Pricing	14	price	1395147790788	1395147790788	1395147793387	1395147793387	OK	 
ACTION	Pricing	53	price	1395147791603	1395147791604	1395147793421	1395147793422	OK	 
ACTION	Pricing	58	price	1395147790978	1395147790978	1395147793571	1395147793571	OK	 
ACTION	Pricing	38	price	1395147790660	1395147790666	1395147793574	1395147793574	OK	 
ACTION	Pricing	80	price	1395147790764	1395147790764	1395147793625	1395147793625	OK	 
ACTION	Pricing	76	price	1395147792829	1395147792830	1395147793733	1395147793734	OK	 
ACTION	Pricing	20	price	1395147792380	1395147792381	1395147793752	1395147793752	OK	 
ACTION	Pricing	32	price	1395147791944	1395147791945	1395147793851	1395147793852	OK	 
ACTION	Pricing	84	price	1395147792351	1395147792353	1395147793947	1395147793948	OK	 
ACTION	Pricing	1	price	1395147792561	1395147792561	1395147794072	1395147794072	OK	 
ACTION	Pricing	85	price	1395147792314	1395147792315	1395147794192	1395147794192	OK	 
ACTION	Pricing	86	price	1395147790741	1395147790742	1395147794221	1395147794222	OK	 
ACTION	Pricing	56	price	1395147791947	1395147791947	1395147794164	1395147794272	OK	 
ACTION	Pricing	74	price	1395147790671	1395147790672	1395147794293	1395147794294	OK	 
ACTION	Pricing	11	price	1395147792269	1395147792270	1395147794337	1395147794337	OK	 
ACTION	Pricing	62	price	1395147792522	1395147792524	1395147794360	1395147794360	OK	 
ACTION	Pricing	10	price	1395147793062	1395147793062	1395147794428	1395147794428	OK	 
ACTION	Pricing	45	price	1395147792356	1395147792357	1395147794456	1395147794456	OK	 
ACTION	Pricing	24	price	1395147792400	1395147792401	1395147794456	1395147794456	OK	 
ACTION	Pricing	12	price	1395147792428	1395147792429	1395147794701	1395147794701	OK	 
ACTION	Pricing	8	price	1395147792427	1395147792427	1395147794713	1395147794713	OK	 
ACTION	Pricing	60	price	1395147792371	1395147792371	1395147794740	1395147794740	OK	 
ACTION	Pricing	73	price	1395147792608	1395147792609	1395147794743	1395147794743	OK	 
ACTION	Pricing	72	price	1395147793056	1395147793057	1395147794748	1395147794748	OK	 
ACTION	Pricing	31	price	1395147792831	1395147792832	1395147794909	1395147794910	OK	 
ACTION	Pricing	82	price	1395147792525	1395147792525	1395147794909	1395147794910	OK	 
ACTION	Pricing	89	price	1395147793054	1395147793055	1395147794974	1395147794974	OK	 
ACTION	Pricing	100	price	1395147792530	1395147792530	1395147794980	1395147794980	OK	 
ACTION	Pricing	5	price	1395147792353	1395147792354	1395147794981	1395147794981	OK	 
ACTION	Pricing	80	price	1395147793627	1395147793627	1395147794982	1395147794983	OK	 
ACTION	Pricing	28	price	1395147792933	1395147792934	1395147794989	1395147794989	OK	 
ACTION	Pricing	59	price	1395147792504	1395147792505	1395147794992	1395147794992	OK	 
ACTION	Pricing	75	price	1395147792895	1395147792896	1395147794995	1395147794995	OK	 
ACTION	Pricing	38	price	1395147793576	1395147793577	1395147794997	1395147794997	OK	 
ACTION	Pricing	49	price	1395147792532	1395147792533	1395147794997	1395147794997	OK	 
ACTION	Pricing	9	price	1395147793063	1395147793063	1395147795001	1395147795001	OK	 
ACTION	Pricing	55	price	1395147792420	1395147792420	1395147795095	1395147795095	OK	 
ACTION	Pricing	98	price	1395147793154	1395147793154	1395147795095	1395147795095	OK	 
ACTION	Pricing	6	price	1395147792409	1395147792410	1395147795095	1395147795096	OK	 
ACTION	Pricing	61	price	1395147792957	1395147792957	1395147795098	1395147795098	OK	 
ACTION	Pricing	51	price	1395147793060	1395147793061	1395147795096	1395147795100	OK	 
ACTION	Pricing	34	price	1395147793043	1395147793047	1395147795104	1395147795104	OK	 
ACTION	Pricing	40	price	1395147792512	1395147792513	1395147795105	1395147795105	OK	 
ACTION	Pricing	77	price	1395147793065	1395147793066	1395147795106	1395147795106	OK	 
ACTION	Pricing	57	price	1395147793026	1395147793026	1395147795109	1395147795109	OK	 
ACTION	Pricing	95	price	1395147792896	1395147792896	1395147795111	1395147795111	OK	 
ACTION	Pricing	21	price	1395147792333	1395147792334	1395147795113	1395147795113	OK	 
ACTION	Pricing	97	price	1395147793059	1395147793062	1395147795120	1395147795120	OK	 
ACTION	Pricing	87	price	1395147792850	1395147792850	1395147795136	1395147795136	OK	 
ACTION	Pricing	27	price	1395147793031	1395147793031	1395147795154	1395147795155	OK	 
ACTION	Pricing	29	price	1395147793218	1395147793219	1395147795167	1395147795167	OK	 
ACTION	Pricing	46	price	1395147793174	1395147793175	1395147795168	1395147795169	OK	 
ACTION	Pricing	14	price	1395147793388	1395147793389	1395147795194	1395147795194	OK	 
ACTION	Pricing	56	price	1395147794274	1395147794274	1395147795208	1395147795209	OK	 
ACTION	Pricing	85	price	1395147794194	1395147794195	1395147795184	1395147795210	OK	 
ACTION	Pricing	25	price	1395147792410	1395147792411	1395147795241	1395147795241	OK	 
ACTION	Pricing	65	price	1395147792165	1395147792165	1395147795245	1395147795245	OK	 
ACTION	Pricing	92	price	1395147790676	1395147790677	1395147795245	1395147795245	OK	 
ACTION	Pricing	96	price	1395147792576	1395147792577	1395147795253	1395147795253	OK	 
ACTION	Pricing	94	price	1395147792528	1395147792529	1395147795254	1395147795255	OK	 
ACTION	Pricing	68	price	1395147792483	1395147792484	1395147795255	1395147795255	OK	 
ACTION	Pricing	7	price	1395147793065	1395147793065	1395147795258	1395147795258	OK	 
ACTION	Pricing	33	price	1395147792558	1395147792559	1395147795258	1395147795258	OK	 
ACTION	Pricing	17	price	1395147792531	1395147792531	1395147795257	1395147795259	OK	 
ACTION	Pricing	43	price	1395147792546	1395147792547	1395147795260	1395147795260	OK	 
ACTION	Pricing	90	price	1395147793055	1395147793056	1395147795260	1395147795260	OK	 
ACTION	Pricing	83	price	1395147792320	1395147792320	1395147795261	1395147795261	OK	 
ACTION	Pricing	93	price	1395147792511	1395147792512	1395147795261	1395147795261	OK	 
ACTION	Pricing	52	price	1395147792239	1395147792240	1395147795263	1395147795263	OK	 
ACTION	Pricing	2	price	1395147793052	1395147793053	1395147795262	1395147795263	OK	 
ACTION	Pricing	15	price	1395147792888	1395147792888	1395147795265	1395147795265	OK	 
ACTION	Pricing	44	price	1395147792527	1395147792527	1395147795265	1395147795267	OK	 
ACTION	Pricing	69	price	1395147792474	1395147792474	1395147795264	1395147795273	OK	 
ACTION	Pricing	32	price	1395147793854	1395147793854	1395147795275	1395147795275	OK	 
ACTION	Pricing	91	price	1395147792450	1395147792450	1395147795274	1395147795275	OK	 
ACTION	Pricing	20	price	1395147793754	1395147793754	1395147795285	1395147795286	OK	 
ACTION	Pricing	48	price	1395147792559	1395147792560	1395147795286	1395147795287	OK	 
ACTION	Pricing	4	price	1395147792475	1395147792475	1395147795289	1395147795289	OK	 
ACTION	Pricing	37	price	1395147793007	1395147793008	1395147795293	1395147795293	OK	 
ACTION	Pricing	3	price	1395147793008	1395147793009	1395147795294	1395147795294	OK	 
ACTION	Pricing	70	price	1395147792518	1395147792519	1395147795294	1395147795294	OK	 
ACTION	Pricing	79	price	1395147792910	1395147792912	1395147795297	1395147795297	OK	 
ACTION	Pricing	30	price	1395147793224	1395147793225	1395147795296	1395147795297	OK	 
ACTION	Pricing	36	price	1395147793030	1395147793030	1395147795296	1395147795297	OK	 
ACTION	Pricing	11	price	1395147794339	1395147794339	1395147795300	1395147795300	OK	 
ACTION	Pricing	54	price	1395147792355	1395147792356	1395147795459	1395147795459	OK	 
ACTION	Pricing	99	price	1395147792436	1395147792437	1395147795465	1395147795465	OK	 
ACTION	Pricing	19	price	1395147793153	1395147793153	1395147795470	1395147795470	OK	 
ACTION	Pricing	71	price	1395147793122	1395147793123	1395147795482	1395147795483	OK	 
ACTION	Pricing	88	price	1395147793022	1395147793022	1395147795483	1395147795484	OK	 
ACTION	Pricing	64	price	1395147792357	1395147792359	1395147795484	1395147795485	OK	 
ACTION	Pricing	26	price	1395147792604	1395147792605	1395147795486	1395147795486	OK	 
ACTION	Pricing	47	price	1395147792602	1395147792602	1395147795487	1395147795487	OK	 
ACTION	Pricing	50	price	1395147792339	1395147792340	1395147795487	1395147795488	OK	 
ACTION	Pricing	22	price	1395147793058	1395147793058	1395147795477	1395147795489	OK	 
ACTION	Pricing	42	price	1395147792361	1395147792361	1395147795488	1395147795488	OK	 
ACTION	Pricing	81	price	1395147792487	1395147792488	1395147795488	1395147795489	OK	 
ACTION	Pricing	67	price	1395147793042	1395147793043	1395147795482	1395147795482	OK	 
ACTION	Pricing	39	price	1395147792840	1395147792841	1395147795499	1395147795499	OK	 
ACTION	Pricing	78	price	1395147792827	1395147792828	1395147795500	1395147795500	OK	 
ACTION	Pricing	23	price	1395147793053	1395147793053	1395147795501	1395147795502	OK	 
ACTION	Pricing	53	price	1395147793423	1395147793423	1395147795503	1395147795503	OK	 
ACTION	Pricing	76	price	1395147793736	1395147793736	1395147795503	1395147795504	OK	 
ACTION	Pricing	66	price	1395147792554	1395147792555	1395147795506	1395147795506	OK	 
ACTION	Pricing	13	price	1395147793067	1395147793067	1395147795504	1395147795504	OK	 
ACTION	Pricing	35	price	1395147792501	1395147792502	1395147795505	1395147795505	OK	 
ACTION	Pricing	18	price	1395147793151	1395147793152	1395147795507	1395147795507	OK	 
ACTION	Pricing	58	price	1395147793575	1395147793575	1395147795002	1395147795510	OK	 
ACTION	Pricing	63	price	1395147792316	1395147792317	1395147795505	1395147795509	OK	 
ACTION	Pricing	16	price	1395147792998	1395147792999	1395147795004	1395147795511	OK	 
ACTION	Pricing	41	price	1395147792454	1395147792455	1395147795542	1395147795542	OK	 
ACTION	Pricing	74	price	1395147794295	1395147794296	1395147795724	1395147795724	OK	 
ACTION	Pricing	1	price	1395147794074	1395147794074	1395147795851	1395147795851	OK	 
ACTION	Pricing	10	price	1395147794430	1395147794431	1395147795902	1395147795902	OK	 
ACTION	Pricing	84	price	1395147793949	1395147793950	1395147795853	1395147795945	OK	 
ACTION	Pricing	82	price	1395147794911	1395147794912	1395147796120	1395147796120	OK	 
ACTION	Pricing	89	price	1395147794976	1395147794976	1395147796224	1395147796225	OK	 
ACTION	Pricing	86	price	1395147794223	1395147794223	1395147796145	1395147796233	OK	 
ACTION	Pricing	45	price	1395147794457	1395147794458	1395147796539	1395147796540	OK	 
ACTION	Pricing	69	price	1395147795281	1395147795282	1395147796573	1395147796574	OK	 
SCENARIO	Pricing	69	END	1395147796574
ACTION	Pricing	97	price	1395147795121	1395147795122	1395147796592	1395147796592	OK	 
SCENARIO	Pricing	97	END	1395147796593
ACTION	Pricing	32	price	1395147795284	1395147795287	1395147796655	1395147796655	OK	 
SCENARIO	Pricing	32	END	1395147796656
ACTION	Pricing	30	price	1395147795305	1395147795305	1395147796669	1395147796669	OK	 
SCENARIO	Pricing	30	END	1395147796670
ACTION	Pricing	25	price	1395147795243	1395147795244	1395147796725	1395147796725	OK	 
SCENARIO	Pricing	25	END	1395147796726
ACTION	Pricing	41	price	1395147795544	1395147795544	1395147796756	1395147796757	OK	 
SCENARIO	Pricing	41	END	1395147796757
ACTION	Pricing	62	price	1395147794362	1395147794362	1395147796777	1395147796778	OK	 
SCENARIO	Pricing	62	END	1395147796779
ACTION	Pricing	11	price	1395147795307	1395147795307	1395147796852	1395147796852	OK	 
SCENARIO	Pricing	11	END	1395147796853
ACTION	Pricing	71	price	1395147795485	1395147795485	1395147796855	1395147796855	OK	 
SCENARIO	Pricing	71	END	1395147796856
ACTION	Pricing	34	price	1395147795107	1395147795108	1395147796862	1395147796862	OK	 
SCENARIO	Pricing	34	END	1395147796863
ACTION	Pricing	54	price	1395147795461	1395147795461	1395147796869	1395147796869	OK	 
SCENARIO	Pricing	54	END	1395147796870
ACTION	Pricing	42	price	1395147795497	1395147795497	1395147796872	1395147796872	OK	 
SCENARIO	Pricing	42	END	1395147796873
ACTION	Pricing	73	price	1395147794745	1395147794745	1395147796882	1395147796882	OK	 
SCENARIO	Pricing	73	END	1395147796884
ACTION	Pricing	50	price	1395147795494	1395147795495	1395147796893	1395147796894	OK	 
SCENARIO	Pricing	50	END	1395147796894
ACTION	Pricing	87	price	1395147795138	1395147795138	1395147796895	1395147796896	OK	 
SCENARIO	Pricing	87	END	1395147796896
ACTION	Pricing	64	price	1395147795490	1395147795491	1395147796897	1395147796897	OK	 
SCENARIO	Pricing	64	END	1395147796898
ACTION	Pricing	19	price	1395147795471	1395147795472	1395147796916	1395147796917	OK	 
SCENARIO	Pricing	19	END	1395147796917
ACTION	Pricing	72	price	1395147794750	1395147794750	1395147796873	1395147796918	OK	 
SCENARIO	Pricing	72	END	1395147796919
ACTION	Pricing	95	price	1395147795118	1395147795118	1395147796938	1395147796938	OK	 
SCENARIO	Pricing	95	END	1395147796940
ACTION	Pricing	8	price	1395147794715	1395147794716	1395147796954	1395147796955	OK	 
SCENARIO	Pricing	8	END	1395147796955
ACTION	Pricing	65	price	1395147795247	1395147795247	1395147796980	1395147796980	OK	 
SCENARIO	Pricing	65	END	1395147796980
ACTION	Pricing	7	price	1395147795266	1395147795270	1395147796988	1395147796989	OK	 
SCENARIO	Pricing	7	END	1395147796990
ACTION	Pricing	60	price	1395147794742	1395147794743	1395147797000	1395147797000	OK	 
SCENARIO	Pricing	60	END	1395147797001
ACTION	Pricing	22	price	1395147795495	1395147795496	1395147797005	1395147797005	OK	 
SCENARIO	Pricing	22	END	1395147797006
ACTION	Pricing	33	price	1395147795267	1395147795272	1395147797013	1395147797014	OK	 
SCENARIO	Pricing	33	END	1395147797014
ACTION	Pricing	5	price	1395147794984	1395147794984	1395147797015	1395147797015	OK	 
SCENARIO	Pricing	5	END	1395147797016
ACTION	Pricing	67	price	1395147795500	1395147795500	1395147797020	1395147797021	OK	 
SCENARIO	Pricing	67	END	1395147797021
ACTION	Pricing	39	price	1395147795502	1395147795510	1395147797031	1395147797031	OK	 
SCENARIO	Pricing	39	END	1395147797031
ACTION	Pricing	77	price	1395147795110	1395147795110	1395147797043	1395147797043	OK	 
SCENARIO	Pricing	77	END	1395147797044
ACTION	Pricing	57	price	1395147795116	1395147795117	1395147797064	1395147797064	OK	 
SCENARIO	Pricing	57	END	1395147797065
ACTION	Pricing	61	price	1395147795101	1395147795102	1395147797074	1395147797075	OK	 
SCENARIO	Pricing	61	END	1395147797075
ACTION	Pricing	59	price	1395147794994	1395147794994	1395147797103	1395147797104	OK	 
SCENARIO	Pricing	59	END	1395147797104
ACTION	Pricing	21	price	1395147795118	1395147795119	1395147797017	1395147797117	OK	 
ACTION	Pricing	28	price	1395147794991	1395147794991	1395147797124	1395147797125	OK	 
SCENARIO	Pricing	21	END	1395147797125
ACTION	Pricing	51	price	1395147795102	1395147795103	1395147797125	1395147797125	OK	 
SCENARIO	Pricing	28	END	1395147797126
SCENARIO	Pricing	51	END	1395147797126
ACTION	Pricing	36	price	1395147795306	1395147795306	1395147797143	1395147797144	OK	 
SCENARIO	Pricing	36	END	1395147797144
ACTION	Pricing	6	price	1395147795101	1395147795101	1395147797164	1395147797164	OK	 
ACTION	Pricing	100	price	1395147794981	1395147794982	1395147797164	1395147797164	OK	 
SCENARIO	Pricing	100	END	1395147797165
SCENARIO	Pricing	6	END	1395147797165
ACTION	Pricing	31	price	1395147794912	1395147794913	1395147797176	1395147797176	OK	 
SCENARIO	Pricing	31	END	1395147797177
ACTION	Pricing	98	price	1395147795099	1395147795100	1395147797179	1395147797180	OK	 
SCENARIO	Pricing	98	END	1395147797180
ACTION	Pricing	24	price	1395147794459	1395147794459	1395147797184	1395147797184	OK	 
SCENARIO	Pricing	24	END	1395147797185
ACTION	Pricing	55	price	1395147795099	1395147795099	1395147797187	1395147797187	OK	 
SCENARIO	Pricing	55	END	1395147797188
ACTION	Pricing	83	price	1395147795270	1395147795271	1395147797195	1395147797196	OK	 
SCENARIO	Pricing	83	END	1395147797196
ACTION	Pricing	86	price	1395147796234	1395147796235	1395147797202	1395147797203	OK	 
SCENARIO	Pricing	86	END	1395147797203
ACTION	Pricing	40	price	1395147795108	1395147795108	1395147797207	1395147797208	OK	 
SCENARIO	Pricing	40	END	1395147797208
ACTION	Pricing	90	price	1395147795269	1395147795271	1395147797215	1395147797216	OK	 
SCENARIO	Pricing	90	END	1395147797216
ACTION	Pricing	2	price	1395147795277	1395147795278	1395147797219	1395147797219	OK	 
SCENARIO	Pricing	2	END	1395147797220
ACTION	Pricing	80	price	1395147794984	1395147794985	1395147797229	1395147797230	OK	 
SCENARIO	Pricing	80	END	1395147797230
ACTION	Pricing	43	price	1395147795269	1395147795270	1395147797237	1395147797237	OK	 
SCENARIO	Pricing	43	END	1395147797238
ACTION	Pricing	44	price	1395147795280	1395147795281	1395147797245	1395147797245	OK	 
SCENARIO	Pricing	44	END	1395147797246
ACTION	Pricing	38	price	1395147794999	1395147794999	1395147797251	1395147797251	OK	 
SCENARIO	Pricing	38	END	1395147797252
ACTION	Pricing	15	price	1395147795279	1395147795279	1395147797255	1395147797255	OK	 
SCENARIO	Pricing	15	END	1395147797256
ACTION	Pricing	16	price	1395147795521	1395147795521	1395147797265	1395147797265	OK	 
SCENARIO	Pricing	16	END	1395147797266
ACTION	Pricing	48	price	1395147795290	1395147795291	1395147797273	1395147797274	OK	 
SCENARIO	Pricing	48	END	1395147797274
ACTION	Pricing	12	price	1395147794703	1395147794703	1395147797275	1395147797276	OK	 
SCENARIO	Pricing	12	END	1395147797277
ACTION	Pricing	27	price	1395147795156	1395147795157	1395147797278	1395147797278	OK	 
SCENARIO	Pricing	27	END	1395147797279
ACTION	Pricing	17	price	1395147795268	1395147795270	1395147797282	1395147797282	OK	 
SCENARIO	Pricing	17	END	1395147797283
ACTION	Pricing	92	price	1395147795248	1395147795248	1395147797291	1395147797291	OK	 
SCENARIO	Pricing	92	END	1395147797292
ACTION	Pricing	56	price	1395147795213	1395147795213	1395147797299	1395147797299	OK	 
SCENARIO	Pricing	56	END	1395147797300
ACTION	Pricing	99	price	1395147795466	1395147795467	1395147797298	1395147797299	OK	 
SCENARIO	Pricing	99	END	1395147797300
ACTION	Pricing	3	price	1395147795303	1395147795303	1395147797307	1395147797307	OK	 
ACTION	Pricing	14	price	1395147795196	1395147795197	1395147797270	1395147797307	OK	 
SCENARIO	Pricing	14	END	1395147797308
SCENARIO	Pricing	3	END	1395147797308
ACTION	Pricing	91	price	1395147795283	1395147795283	1395147797309	1395147797309	OK	 
SCENARIO	Pricing	91	END	1395147797310
ACTION	Pricing	66	price	1395147795514	1395147795514	1395147797315	1395147797315	OK	 
SCENARIO	Pricing	66	END	1395147797316
ACTION	Pricing	23	price	1395147795506	1395147795506	1395147797316	1395147797316	OK	 
SCENARIO	Pricing	23	END	1395147797317
ACTION	Pricing	4	price	1395147795292	1395147795301	1395147797316	1395147797318	OK	 
SCENARIO	Pricing	4	END	1395147797319
ACTION	Pricing	49	price	1395147795000	1395147795002	1395147797320	1395147797320	OK	 
SCENARIO	Pricing	49	END	1395147797321
ACTION	Pricing	20	price	1395147795288	1395147795290	1395147797322	1395147797322	OK	 
SCENARIO	Pricing	20	END	1395147797322
ACTION	Pricing	9	price	1395147795003	1395147795003	1395147797323	1395147797323	OK	 
SCENARIO	Pricing	9	END	1395147797324
ACTION	Pricing	46	price	1395147795171	1395147795172	1395147797325	1395147797325	OK	 
SCENARIO	Pricing	46	END	1395147797325
ACTION	Pricing	37	price	1395147795302	1395147795302	1395147797328	1395147797328	OK	 
SCENARIO	Pricing	37	END	1395147797328
ACTION	Pricing	10	price	1395147795904	1395147795905	1395147797332	1395147797332	OK	 
SCENARIO	Pricing	10	END	1395147797332
ACTION	Pricing	88	price	1395147795490	1395147795492	1395147797333	1395147797333	OK	 
SCENARIO	Pricing	88	END	1395147797334
ACTION	Pricing	81	price	1395147795498	1395147795498	1395147797337	1395147797337	OK	 
SCENARIO	Pricing	81	END	1395147797338
ACTION	Pricing	68	price	1395147795265	1395147795273	1395147797341	1395147797341	OK	 
SCENARIO	Pricing	68	END	1395147797342
ACTION	Pricing	96	price	1395147795256	1395147795262	1395147797342	1395147797343	OK	 
SCENARIO	Pricing	96	END	1395147797344
ACTION	Pricing	18	price	1395147795517	1395147795517	1395147797344	1395147797344	OK	 
SCENARIO	Pricing	18	END	1395147797345
ACTION	Pricing	58	price	1395147795518	1395147795518	1395147797347	1395147797347	OK	 
SCENARIO	Pricing	58	END	1395147797348
ACTION	Pricing	70	price	1395147795304	1395147795304	1395147797354	1395147797354	OK	 
SCENARIO	Pricing	70	END	1395147797356
ACTION	Pricing	29	price	1395147795168	1395147795169	1395147797356	1395147797356	OK	 
SCENARIO	Pricing	29	END	1395147797357
ACTION	Pricing	52	price	1395147795271	1395147795277	1395147797359	1395147797359	OK	 
SCENARIO	Pricing	52	END	1395147797360
ACTION	Pricing	79	price	1395147795304	1395147795305	1395147797359	1395147797359	OK	 
SCENARIO	Pricing	79	END	1395147797360
ACTION	Pricing	1	price	1395147795853	1395147795853	1395147797362	1395147797362	OK	 
ACTION	Pricing	85	price	1395147795211	1395147795212	1395147797361	1395147797362	OK	 
SCENARIO	Pricing	1	END	1395147797363
SCENARIO	Pricing	85	END	1395147797363
ACTION	Pricing	35	price	1395147795516	1395147795516	1395147797362	1395147797364	OK	 
ACTION	Pricing	53	price	1395147795510	1395147795512	1395147797318	1395147797364	OK	 
SCENARIO	Pricing	35	END	1395147797365
SCENARIO	Pricing	53	END	1395147797365
ACTION	Pricing	26	price	1395147795492	1395147795493	1395147797366	1395147797366	OK	 
ACTION	Pricing	63	price	1395147795521	1395147795521	1395147797366	1395147797366	OK	 
SCENARIO	Pricing	63	END	1395147797366
SCENARIO	Pricing	26	END	1395147797367
ACTION	Pricing	94	price	1395147795257	1395147795262	1395147797368	1395147797369	OK	 
SCENARIO	Pricing	94	END	1395147797370
ACTION	Pricing	13	price	1395147795515	1395147795516	1395147797373	1395147797373	OK	 
ACTION	Pricing	75	price	1395147794997	1395147794998	1395147797372	1395147797373	OK	 
SCENARIO	Pricing	13	END	1395147797374
SCENARIO	Pricing	75	END	1395147797374
ACTION	Pricing	47	price	1395147795493	1395147795494	1395147797376	1395147797376	OK	 
SCENARIO	Pricing	47	END	1395147797377
ACTION	Pricing	89	price	1395147796226	1395147796227	1395147797380	1395147797381	OK	 
SCENARIO	Pricing	89	END	1395147797381
ACTION	Pricing	82	price	1395147796122	1395147796122	1395147797383	1395147797383	OK	 
SCENARIO	Pricing	82	END	1395147797384
ACTION	Pricing	78	price	1395147795506	1395147795511	1395147797386	1395147797386	OK	 
SCENARIO	Pricing	78	END	1395147797386
ACTION	Pricing	76	price	1395147795513	1395147795513	1395147797387	1395147797387	OK	 
SCENARIO	Pricing	76	END	1395147797388
ACTION	Pricing	93	price	1395147795271	1395147795272	1395147797389	1395147797389	OK	 
SCENARIO	Pricing	93	END	1395147797390
ACTION	Pricing	84	price	1395147795947	1395147795947	1395147797394	1395147797394	OK	 
SCENARIO	Pricing	84	END	1395147797394
ACTION	Pricing	74	price	1395147795727	1395147795728	1395147797396	1395147797396	OK	 
SCENARIO	Pricing	74	END	1395147797396
ACTION	Pricing	45	price	1395147796541	1395147796542	1395147797418	1395147797418	OK	 
SCENARIO	Pricing	45	END	1395147797418
