RUN	20140318090327	pricingsimulation	pricingsimulation
SCENARIO	Pricing	3	START	1395133409798
SCENARIO	Pricing	2	START	1395133409800
SCENARIO	Pricing	1	START	1395133409800
ACTION	Pricing	3	price	1395133409891	1395133409912	1395133410466	1395133410491	OK	 
ACTION	Pricing	2	price	1395133409894	1395133409911	1395133410466	1395133410492	OK	 
ACTION	Pricing	1	price	1395133409892	1395133409912	1395133410466	1395133410491	OK	 
ACTION	Pricing	2	price	1395133410583	1395133410589	1395133410629	1395133410629	OK	 
ACTION	Pricing	1	price	1395133410637	1395133410639	1395133410685	1395133410685	OK	 
ACTION	Pricing	3	price	1395133410640	1395133410646	1395133410729	1395133410730	OK	 
ACTION	Pricing	2	price	1395133410647	1395133410649	1395133410771	1395133410771	OK	 
ACTION	Pricing	1	price	1395133410689	1395133410691	1395133410807	1395133410808	OK	 
ACTION	Pricing	3	price	1395133410731	1395133410734	1395133410883	1395133410883	OK	 
ACTION	Pricing	2	price	1395133410773	1395133410776	1395133410902	1395133410902	OK	 
ACTION	Pricing	1	price	1395133410810	1395133410811	1395133410940	1395133410940	OK	 
ACTION	Pricing	3	price	1395133410885	1395133410886	1395133410978	1395133410978	OK	 
ACTION	Pricing	2	price	1395133410904	1395133410910	1395133411016	1395133411016	OK	 
ACTION	Pricing	1	price	1395133410943	1395133410944	1395133411052	1395133411053	OK	 
ACTION	Pricing	3	price	1395133410980	1395133410982	1395133411091	1395133411092	OK	 
ACTION	Pricing	2	price	1395133411018	1395133411020	1395133411127	1395133411127	OK	 
ACTION	Pricing	1	price	1395133411055	1395133411056	1395133411161	1395133411162	OK	 
ACTION	Pricing	3	price	1395133411094	1395133411095	1395133411210	1395133411210	OK	 
ACTION	Pricing	2	price	1395133411129	1395133411131	1395133411244	1395133411244	OK	 
ACTION	Pricing	1	price	1395133411164	1395133411166	1395133411279	1395133411279	OK	 
ACTION	Pricing	3	price	1395133411213	1395133411215	1395133411310	1395133411310	OK	 
ACTION	Pricing	2	price	1395133411246	1395133411247	1395133411343	1395133411343	OK	 
ACTION	Pricing	1	price	1395133411281	1395133411286	1395133411378	1395133411378	OK	 
ACTION	Pricing	3	price	1395133411312	1395133411314	1395133411421	1395133411421	OK	 
ACTION	Pricing	2	price	1395133411345	1395133411346	1395133411463	1395133411463	OK	 
ACTION	Pricing	1	price	1395133411380	1395133411382	1395133411490	1395133411491	OK	 
ACTION	Pricing	3	price	1395133411423	1395133411424	1395133411526	1395133411526	OK	 
ACTION	Pricing	2	price	1395133411465	1395133411467	1395133411562	1395133411562	OK	 
ACTION	Pricing	1	price	1395133411493	1395133411494	1395133411597	1395133411597	OK	 
ACTION	Pricing	3	price	1395133411529	1395133411530	1395133411634	1395133411634	OK	 
ACTION	Pricing	2	price	1395133411564	1395133411565	1395133411665	1395133411665	OK	 
ACTION	Pricing	1	price	1395133411599	1395133411603	1395133411701	1395133411701	OK	 
ACTION	Pricing	3	price	1395133411636	1395133411637	1395133411735	1395133411735	OK	 
ACTION	Pricing	2	price	1395133411669	1395133411670	1395133411769	1395133411769	OK	 
ACTION	Pricing	1	price	1395133411703	1395133411705	1395133411807	1395133411807	OK	 
ACTION	Pricing	3	price	1395133411737	1395133411739	1395133411846	1395133411846	OK	 
ACTION	Pricing	2	price	1395133411771	1395133411773	1395133411882	1395133411882	OK	 
ACTION	Pricing	1	price	1395133411810	1395133411812	1395133411916	1395133411917	OK	 
ACTION	Pricing	3	price	1395133411848	1395133411851	1395133411951	1395133411952	OK	 
ACTION	Pricing	2	price	1395133411884	1395133411885	1395133411990	1395133411990	OK	 
ACTION	Pricing	1	price	1395133411919	1395133411919	1395133412019	1395133412020	OK	 
ACTION	Pricing	3	price	1395133411953	1395133411954	1395133412051	1395133412052	OK	 
ACTION	Pricing	2	price	1395133411992	1395133411993	1395133412085	1395133412086	OK	 
ACTION	Pricing	1	price	1395133412021	1395133412022	1395133412120	1395133412120	OK	 
ACTION	Pricing	3	price	1395133412054	1395133412055	1395133412153	1395133412154	OK	 
ACTION	Pricing	2	price	1395133412087	1395133412088	1395133412187	1395133412187	OK	 
ACTION	Pricing	1	price	1395133412123	1395133412123	1395133412223	1395133412223	OK	 
ACTION	Pricing	3	price	1395133412156	1395133412157	1395133412259	1395133412259	OK	 
ACTION	Pricing	2	price	1395133412192	1395133412193	1395133412293	1395133412293	OK	 
ACTION	Pricing	1	price	1395133412225	1395133412226	1395133412324	1395133412324	OK	 
ACTION	Pricing	3	price	1395133412261	1395133412262	1395133412356	1395133412356	OK	 
ACTION	Pricing	2	price	1395133412295	1395133412296	1395133412397	1395133412423	OK	 
ACTION	Pricing	1	price	1395133412326	1395133412328	1395133412443	1395133412443	OK	 
ACTION	Pricing	3	price	1395133412360	1395133412360	1395133412477	1395133412478	OK	 
ACTION	Pricing	2	price	1395133412426	1395133412426	1395133412511	1395133412511	OK	 
ACTION	Pricing	1	price	1395133412445	1395133412446	1395133412545	1395133412546	OK	 
ACTION	Pricing	3	price	1395133412479	1395133412480	1395133412575	1395133412575	OK	 
ACTION	Pricing	2	price	1395133412513	1395133412513	1395133412608	1395133412608	OK	 
ACTION	Pricing	1	price	1395133412548	1395133412548	1395133412640	1395133412640	OK	 
ACTION	Pricing	3	price	1395133412577	1395133412577	1395133412673	1395133412673	OK	 
ACTION	Pricing	2	price	1395133412610	1395133412611	1395133412704	1395133412705	OK	 
ACTION	Pricing	1	price	1395133412642	1395133412643	1395133412737	1395133412738	OK	 
ACTION	Pricing	3	price	1395133412675	1395133412676	1395133412771	1395133412771	OK	 
ACTION	Pricing	2	price	1395133412707	1395133412707	1395133412804	1395133412805	OK	 
ACTION	Pricing	1	price	1395133412740	1395133412740	1395133412837	1395133412837	OK	 
ACTION	Pricing	3	price	1395133412773	1395133412774	1395133412868	1395133412869	OK	 
ACTION	Pricing	2	price	1395133412807	1395133412807	1395133412903	1395133412904	OK	 
ACTION	Pricing	1	price	1395133412839	1395133412840	1395133412952	1395133412952	OK	 
ACTION	Pricing	3	price	1395133412870	1395133412872	1395133412998	1395133412999	OK	 
ACTION	Pricing	2	price	1395133412906	1395133412907	1395133413040	1395133413041	OK	 
ACTION	Pricing	1	price	1395133412955	1395133412956	1395133413074	1395133413074	OK	 
ACTION	Pricing	3	price	1395133413001	1395133413002	1395133413108	1395133413108	OK	 
ACTION	Pricing	2	price	1395133413042	1395133413043	1395133413142	1395133413142	OK	 
ACTION	Pricing	1	price	1395133413076	1395133413076	1395133413186	1395133413187	OK	 
ACTION	Pricing	3	price	1395133413110	1395133413111	1395133413221	1395133413221	OK	 
ACTION	Pricing	2	price	1395133413144	1395133413144	1395133413259	1395133413259	OK	 
ACTION	Pricing	1	price	1395133413189	1395133413189	1395133413288	1395133413289	OK	 
ACTION	Pricing	3	price	1395133413223	1395133413223	1395133413319	1395133413319	OK	 
ACTION	Pricing	2	price	1395133413261	1395133413262	1395133413352	1395133413352	OK	 
ACTION	Pricing	1	price	1395133413291	1395133413291	1395133413382	1395133413382	OK	 
ACTION	Pricing	3	price	1395133413321	1395133413322	1395133413412	1395133413412	OK	 
ACTION	Pricing	2	price	1395133413354	1395133413355	1395133413442	1395133413443	OK	 
ACTION	Pricing	1	price	1395133413384	1395133413384	1395133413473	1395133413474	OK	 
ACTION	Pricing	3	price	1395133413414	1395133413415	1395133413511	1395133413512	OK	 
ACTION	Pricing	2	price	1395133413444	1395133413445	1395133413544	1395133413544	OK	 
ACTION	Pricing	1	price	1395133413475	1395133413476	1395133413577	1395133413577	OK	 
ACTION	Pricing	3	price	1395133413514	1395133413514	1395133413610	1395133413610	OK	 
ACTION	Pricing	2	price	1395133413546	1395133413547	1395133413642	1395133413642	OK	 
ACTION	Pricing	1	price	1395133413579	1395133413579	1395133413673	1395133413673	OK	 
ACTION	Pricing	3	price	1395133413612	1395133413613	1395133413704	1395133413704	OK	 
ACTION	Pricing	2	price	1395133413644	1395133413645	1395133413737	1395133413737	OK	 
ACTION	Pricing	1	price	1395133413675	1395133413675	1395133413769	1395133413770	OK	 
ACTION	Pricing	3	price	1395133413706	1395133413706	1395133413802	1395133413803	OK	 
ACTION	Pricing	2	price	1395133413739	1395133413740	1395133413845	1395133413846	OK	 
ACTION	Pricing	1	price	1395133413771	1395133413772	1395133413876	1395133413877	OK	 
ACTION	Pricing	3	price	1395133413805	1395133413806	1395133413912	1395133413912	OK	 
ACTION	Pricing	2	price	1395133413848	1395133413849	1395133413950	1395133413950	OK	 
ACTION	Pricing	1	price	1395133413878	1395133413879	1395133413997	1395133413997	OK	 
ACTION	Pricing	3	price	1395133413915	1395133413916	1395133414053	1395133414053	OK	 
ACTION	Pricing	2	price	1395133413952	1395133413953	1395133414108	1395133414108	OK	 
ACTION	Pricing	1	price	1395133414000	1395133414001	1395133414158	1395133414158	OK	 
ACTION	Pricing	3	price	1395133414056	1395133414057	1395133414215	1395133414216	OK	 
ACTION	Pricing	2	price	1395133414111	1395133414112	1395133414267	1395133414268	OK	 
ACTION	Pricing	1	price	1395133414160	1395133414161	1395133414316	1395133414317	OK	 
ACTION	Pricing	3	price	1395133414219	1395133414220	1395133414356	1395133414356	OK	 
ACTION	Pricing	2	price	1395133414272	1395133414272	1395133414395	1395133414395	OK	 
ACTION	Pricing	1	price	1395133414319	1395133414320	1395133414433	1395133414434	OK	 
ACTION	Pricing	3	price	1395133414359	1395133414359	1395133414468	1395133414469	OK	 
ACTION	Pricing	2	price	1395133414397	1395133414399	1395133414506	1395133414507	OK	 
ACTION	Pricing	1	price	1395133414436	1395133414436	1395133414544	1395133414544	OK	 
ACTION	Pricing	3	price	1395133414471	1395133414471	1395133414582	1395133414582	OK	 
ACTION	Pricing	2	price	1395133414509	1395133414510	1395133414617	1395133414617	OK	 
ACTION	Pricing	1	price	1395133414546	1395133414547	1395133414654	1395133414654	OK	 
ACTION	Pricing	3	price	1395133414584	1395133414584	1395133414693	1395133414694	OK	 
ACTION	Pricing	2	price	1395133414620	1395133414621	1395133414736	1395133414736	OK	 
ACTION	Pricing	1	price	1395133414657	1395133414661	1395133414781	1395133414781	OK	 
ACTION	Pricing	3	price	1395133414699	1395133414699	1395133414817	1395133414817	OK	 
ACTION	Pricing	2	price	1395133414739	1395133414740	1395133414855	1395133414856	OK	 
ACTION	Pricing	1	price	1395133414784	1395133414785	1395133414894	1395133414895	OK	 
ACTION	Pricing	3	price	1395133414820	1395133414821	1395133414933	1395133414933	OK	 
ACTION	Pricing	2	price	1395133414860	1395133414860	1395133414969	1395133414969	OK	 
ACTION	Pricing	1	price	1395133414897	1395133414897	1395133415008	1395133415009	OK	 
ACTION	Pricing	3	price	1395133414936	1395133414936	1395133415042	1395133415042	OK	 
ACTION	Pricing	2	price	1395133414971	1395133414972	1395133415078	1395133415078	OK	 
ACTION	Pricing	1	price	1395133415011	1395133415012	1395133415115	1395133415115	OK	 
ACTION	Pricing	3	price	1395133415044	1395133415044	1395133415153	1395133415153	OK	 
ACTION	Pricing	2	price	1395133415080	1395133415081	1395133415192	1395133415192	OK	 
ACTION	Pricing	1	price	1395133415117	1395133415118	1395133415230	1395133415230	OK	 
ACTION	Pricing	3	price	1395133415155	1395133415156	1395133415265	1395133415266	OK	 
ACTION	Pricing	2	price	1395133415194	1395133415195	1395133415301	1395133415301	OK	 
ACTION	Pricing	1	price	1395133415232	1395133415233	1395133415329	1395133415329	OK	 
ACTION	Pricing	3	price	1395133415267	1395133415268	1395133415358	1395133415359	OK	 
ACTION	Pricing	2	price	1395133415304	1395133415304	1395133415392	1395133415392	OK	 
ACTION	Pricing	1	price	1395133415331	1395133415331	1395133415424	1395133415425	OK	 
ACTION	Pricing	3	price	1395133415360	1395133415361	1395133415456	1395133415456	OK	 
ACTION	Pricing	2	price	1395133415394	1395133415394	1395133415487	1395133415488	OK	 
ACTION	Pricing	1	price	1395133415426	1395133415427	1395133415528	1395133415528	OK	 
ACTION	Pricing	3	price	1395133415458	1395133415459	1395133415564	1395133415564	OK	 
ACTION	Pricing	2	price	1395133415491	1395133415491	1395133415597	1395133415597	OK	 
ACTION	Pricing	1	price	1395133415531	1395133415532	1395133415627	1395133415628	OK	 
ACTION	Pricing	3	price	1395133415565	1395133415566	1395133415658	1395133415658	OK	 
ACTION	Pricing	2	price	1395133415599	1395133415600	1395133415693	1395133415693	OK	 
ACTION	Pricing	1	price	1395133415629	1395133415630	1395133415725	1395133415726	OK	 
ACTION	Pricing	3	price	1395133415660	1395133415660	1395133415757	1395133415758	OK	 
ACTION	Pricing	2	price	1395133415695	1395133415695	1395133415790	1395133415790	OK	 
ACTION	Pricing	1	price	1395133415727	1395133415728	1395133415824	1395133415824	OK	 
ACTION	Pricing	3	price	1395133415760	1395133415761	1395133415858	1395133415858	OK	 
ACTION	Pricing	2	price	1395133415792	1395133415792	1395133415892	1395133415892	OK	 
ACTION	Pricing	1	price	1395133415826	1395133415827	1395133415924	1395133415924	OK	 
ACTION	Pricing	3	price	1395133415860	1395133415861	1395133415956	1395133415956	OK	 
ACTION	Pricing	2	price	1395133415894	1395133415894	1395133415987	1395133415987	OK	 
ACTION	Pricing	1	price	1395133415926	1395133415926	1395133416020	1395133416020	OK	 
ACTION	Pricing	3	price	1395133415958	1395133415958	1395133416055	1395133416055	OK	 
ACTION	Pricing	2	price	1395133415989	1395133415990	1395133416091	1395133416092	OK	 
ACTION	Pricing	1	price	1395133416022	1395133416023	1395133416129	1395133416130	OK	 
ACTION	Pricing	3	price	1395133416057	1395133416058	1395133416166	1395133416166	OK	 
ACTION	Pricing	2	price	1395133416093	1395133416093	1395133416241	1395133416242	OK	 
ACTION	Pricing	1	price	1395133416131	1395133416132	1395133416278	1395133416278	OK	 
ACTION	Pricing	3	price	1395133416169	1395133416169	1395133416312	1395133416312	OK	 
ACTION	Pricing	2	price	1395133416244	1395133416244	1395133416349	1395133416349	OK	 
ACTION	Pricing	1	price	1395133416280	1395133416281	1395133416383	1395133416383	OK	 
ACTION	Pricing	3	price	1395133416314	1395133416315	1395133416417	1395133416418	OK	 
ACTION	Pricing	2	price	1395133416351	1395133416352	1395133416452	1395133416453	OK	 
ACTION	Pricing	1	price	1395133416384	1395133416385	1395133416486	1395133416486	OK	 
ACTION	Pricing	3	price	1395133416420	1395133416421	1395133416521	1395133416521	OK	 
ACTION	Pricing	2	price	1395133416454	1395133416455	1395133416559	1395133416560	OK	 
ACTION	Pricing	1	price	1395133416488	1395133416489	1395133416597	1395133416598	OK	 
ACTION	Pricing	3	price	1395133416522	1395133416523	1395133416634	1395133416634	OK	 
ACTION	Pricing	2	price	1395133416562	1395133416562	1395133416670	1395133416671	OK	 
ACTION	Pricing	1	price	1395133416600	1395133416601	1395133416704	1395133416705	OK	 
ACTION	Pricing	3	price	1395133416636	1395133416637	1395133416741	1395133416741	OK	 
ACTION	Pricing	2	price	1395133416672	1395133416673	1395133416775	1395133416775	OK	 
ACTION	Pricing	1	price	1395133416707	1395133416708	1395133416809	1395133416809	OK	 
ACTION	Pricing	3	price	1395133416743	1395133416744	1395133416842	1395133416842	OK	 
ACTION	Pricing	2	price	1395133416777	1395133416778	1395133416873	1395133416873	OK	 
ACTION	Pricing	1	price	1395133416810	1395133416811	1395133416906	1395133416906	OK	 
ACTION	Pricing	3	price	1395133416843	1395133416844	1395133416949	1395133416950	OK	 
ACTION	Pricing	2	price	1395133416874	1395133416875	1395133416979	1395133416979	OK	 
ACTION	Pricing	1	price	1395133416908	1395133416909	1395133417013	1395133417014	OK	 
ACTION	Pricing	3	price	1395133416951	1395133416952	1395133417048	1395133417049	OK	 
ACTION	Pricing	2	price	1395133416981	1395133416981	1395133417090	1395133417091	OK	 
ACTION	Pricing	1	price	1395133417016	1395133417016	1395133417129	1395133417129	OK	 
ACTION	Pricing	3	price	1395133417050	1395133417051	1395133417162	1395133417163	OK	 
ACTION	Pricing	2	price	1395133417093	1395133417093	1395133417197	1395133417197	OK	 
ACTION	Pricing	1	price	1395133417131	1395133417132	1395133417228	1395133417228	OK	 
ACTION	Pricing	3	price	1395133417165	1395133417165	1395133417261	1395133417261	OK	 
ACTION	Pricing	2	price	1395133417198	1395133417199	1395133417293	1395133417293	OK	 
ACTION	Pricing	1	price	1395133417230	1395133417230	1395133417324	1395133417324	OK	 
ACTION	Pricing	3	price	1395133417262	1395133417263	1395133417357	1395133417357	OK	 
ACTION	Pricing	2	price	1395133417295	1395133417295	1395133417392	1395133417392	OK	 
ACTION	Pricing	1	price	1395133417326	1395133417326	1395133417426	1395133417427	OK	 
ACTION	Pricing	3	price	1395133417360	1395133417361	1395133417458	1395133417458	OK	 
ACTION	Pricing	2	price	1395133417394	1395133417395	1395133417495	1395133417495	OK	 
ACTION	Pricing	1	price	1395133417428	1395133417429	1395133417530	1395133417531	OK	 
ACTION	Pricing	3	price	1395133417461	1395133417462	1395133417564	1395133417565	OK	 
ACTION	Pricing	2	price	1395133417497	1395133417497	1395133417599	1395133417599	OK	 
ACTION	Pricing	1	price	1395133417532	1395133417533	1395133417636	1395133417637	OK	 
ACTION	Pricing	3	price	1395133417566	1395133417568	1395133417674	1395133417674	OK	 
ACTION	Pricing	2	price	1395133417601	1395133417602	1395133417720	1395133417720	OK	 
ACTION	Pricing	1	price	1395133417639	1395133417640	1395133417748	1395133417748	OK	 
ACTION	Pricing	3	price	1395133417676	1395133417676	1395133417780	1395133417781	OK	 
ACTION	Pricing	2	price	1395133417722	1395133417722	1395133417815	1395133417815	OK	 
ACTION	Pricing	1	price	1395133417750	1395133417751	1395133417849	1395133417849	OK	 
ACTION	Pricing	3	price	1395133417782	1395133417783	1395133417885	1395133417885	OK	 
ACTION	Pricing	2	price	1395133417817	1395133417817	1395133417917	1395133417918	OK	 
ACTION	Pricing	1	price	1395133417852	1395133417852	1395133417951	1395133417951	OK	 
ACTION	Pricing	3	price	1395133417887	1395133417888	1395133417989	1395133417989	OK	 
ACTION	Pricing	2	price	1395133417919	1395133417920	1395133418023	1395133418023	OK	 
ACTION	Pricing	1	price	1395133417953	1395133417954	1395133418058	1395133418059	OK	 
ACTION	Pricing	3	price	1395133417991	1395133417992	1395133418095	1395133418096	OK	 
ACTION	Pricing	2	price	1395133418025	1395133418025	1395133418132	1395133418132	OK	 
ACTION	Pricing	1	price	1395133418061	1395133418061	1395133418170	1395133418170	OK	 
ACTION	Pricing	3	price	1395133418097	1395133418098	1395133418210	1395133418210	OK	 
ACTION	Pricing	2	price	1395133418134	1395133418135	1395133418240	1395133418241	OK	 
ACTION	Pricing	1	price	1395133418173	1395133418173	1395133418270	1395133418270	OK	 
ACTION	Pricing	3	price	1395133418212	1395133418212	1395133418301	1395133418301	OK	 
ACTION	Pricing	2	price	1395133418242	1395133418243	1395133418332	1395133418333	OK	 
ACTION	Pricing	1	price	1395133418272	1395133418273	1395133418369	1395133418369	OK	 
ACTION	Pricing	3	price	1395133418302	1395133418303	1395133418403	1395133418403	OK	 
ACTION	Pricing	2	price	1395133418334	1395133418335	1395133418435	1395133418435	OK	 
ACTION	Pricing	1	price	1395133418372	1395133418373	1395133418467	1395133418467	OK	 
ACTION	Pricing	3	price	1395133418405	1395133418405	1395133418501	1395133418501	OK	 
ACTION	Pricing	2	price	1395133418437	1395133418437	1395133418534	1395133418534	OK	 
ACTION	Pricing	1	price	1395133418469	1395133418469	1395133418569	1395133418570	OK	 
ACTION	Pricing	3	price	1395133418502	1395133418503	1395133418605	1395133418605	OK	 
ACTION	Pricing	2	price	1395133418536	1395133418536	1395133418637	1395133418637	OK	 
ACTION	Pricing	1	price	1395133418571	1395133418572	1395133418708	1395133418708	OK	 
ACTION	Pricing	3	price	1395133418607	1395133418607	1395133418711	1395133418711	OK	 
ACTION	Pricing	2	price	1395133418639	1395133418640	1395133418749	1395133418749	OK	 
ACTION	Pricing	1	price	1395133418710	1395133418711	1395133418787	1395133418787	OK	 
ACTION	Pricing	3	price	1395133418713	1395133418714	1395133418830	1395133418831	OK	 
ACTION	Pricing	2	price	1395133418751	1395133418752	1395133418871	1395133418872	OK	 
ACTION	Pricing	1	price	1395133418789	1395133418790	1395133418908	1395133418909	OK	 
ACTION	Pricing	3	price	1395133418833	1395133418833	1395133418950	1395133418950	OK	 
ACTION	Pricing	2	price	1395133418873	1395133418874	1395133418987	1395133418988	OK	 
ACTION	Pricing	1	price	1395133418911	1395133418911	1395133419023	1395133419023	OK	 
ACTION	Pricing	3	price	1395133418952	1395133418952	1395133419058	1395133419058	OK	 
ACTION	Pricing	2	price	1395133418990	1395133418990	1395133419092	1395133419093	OK	 
ACTION	Pricing	1	price	1395133419025	1395133419026	1395133419127	1395133419127	OK	 
ACTION	Pricing	3	price	1395133419060	1395133419060	1395133419160	1395133419160	OK	 
ACTION	Pricing	2	price	1395133419094	1395133419095	1395133419193	1395133419193	OK	 
ACTION	Pricing	1	price	1395133419129	1395133419130	1395133419227	1395133419228	OK	 
ACTION	Pricing	3	price	1395133419162	1395133419163	1395133419260	1395133419260	OK	 
ACTION	Pricing	2	price	1395133419195	1395133419196	1395133419293	1395133419293	OK	 
ACTION	Pricing	1	price	1395133419229	1395133419230	1395133419324	1395133419324	OK	 
ACTION	Pricing	3	price	1395133419262	1395133419262	1395133419356	1395133419357	OK	 
ACTION	Pricing	2	price	1395133419294	1395133419295	1395133419392	1395133419393	OK	 
ACTION	Pricing	1	price	1395133419327	1395133419327	1395133419424	1395133419424	OK	 
ACTION	Pricing	3	price	1395133419358	1395133419359	1395133419456	1395133419456	OK	 
ACTION	Pricing	2	price	1395133419394	1395133419395	1395133419489	1395133419490	OK	 
ACTION	Pricing	1	price	1395133419426	1395133419427	1395133419524	1395133419524	OK	 
ACTION	Pricing	3	price	1395133419458	1395133419458	1395133419556	1395133419556	OK	 
ACTION	Pricing	2	price	1395133419492	1395133419492	1395133419591	1395133419591	OK	 
ACTION	Pricing	1	price	1395133419525	1395133419526	1395133419627	1395133419627	OK	 
ACTION	Pricing	3	price	1395133419557	1395133419558	1395133419663	1395133419663	OK	 
ACTION	Pricing	2	price	1395133419593	1395133419593	1395133419697	1395133419697	OK	 
ACTION	Pricing	1	price	1395133419629	1395133419629	1395133419732	1395133419733	OK	 
ACTION	Pricing	3	price	1395133419664	1395133419665	1395133419767	1395133419767	OK	 
ACTION	Pricing	2	price	1395133419701	1395133419701	1395133419805	1395133419805	OK	 
ACTION	Pricing	1	price	1395133419734	1395133419735	1395133419841	1395133419841	OK	 
ACTION	Pricing	3	price	1395133419769	1395133419770	1395133419879	1395133419879	OK	 
ACTION	Pricing	2	price	1395133419807	1395133419807	1395133419915	1395133419915	OK	 
ACTION	Pricing	1	price	1395133419842	1395133419843	1395133419952	1395133419952	OK	 
ACTION	Pricing	3	price	1395133419882	1395133419882	1395133419983	1395133419984	OK	 
ACTION	Pricing	2	price	1395133419917	1395133419918	1395133420022	1395133420022	OK	 
ACTION	Pricing	1	price	1395133419954	1395133419955	1395133420054	1395133420055	OK	 
ACTION	Pricing	3	price	1395133419985	1395133419986	1395133420087	1395133420087	OK	 
ACTION	Pricing	2	price	1395133420024	1395133420025	1395133420119	1395133420119	OK	 
ACTION	Pricing	1	price	1395133420056	1395133420057	1395133420153	1395133420153	OK	 
ACTION	Pricing	3	price	1395133420089	1395133420090	1395133420185	1395133420185	OK	 
ACTION	Pricing	2	price	1395133420121	1395133420121	1395133420217	1395133420218	OK	 
ACTION	Pricing	1	price	1395133420155	1395133420155	1395133420250	1395133420251	OK	 
ACTION	Pricing	3	price	1395133420187	1395133420187	1395133420280	1395133420281	OK	 
ACTION	Pricing	2	price	1395133420219	1395133420220	1395133420312	1395133420312	OK	 
ACTION	Pricing	1	price	1395133420253	1395133420253	1395133420341	1395133420341	OK	 
ACTION	Pricing	3	price	1395133420283	1395133420283	1395133420387	1395133420387	OK	 
ACTION	Pricing	2	price	1395133420313	1395133420314	1395133420423	1395133420423	OK	 
ACTION	Pricing	1	price	1395133420345	1395133420345	1395133420477	1395133420477	OK	 
ACTION	Pricing	3	price	1395133420389	1395133420389	1395133420517	1395133420517	OK	 
ACTION	Pricing	2	price	1395133420425	1395133420426	1395133420554	1395133420554	OK	 
ACTION	Pricing	1	price	1395133420479	1395133420480	1395133420588	1395133420589	OK	 
ACTION	Pricing	3	price	1395133420519	1395133420520	1395133420624	1395133420625	OK	 
ACTION	Pricing	2	price	1395133420556	1395133420557	1395133420659	1395133420659	OK	 
ACTION	Pricing	1	price	1395133420590	1395133420591	1395133420694	1395133420694	OK	 
ACTION	Pricing	3	price	1395133420626	1395133420627	1395133420726	1395133420726	OK	 
ACTION	Pricing	2	price	1395133420661	1395133420661	1395133420760	1395133420760	OK	 
ACTION	Pricing	1	price	1395133420696	1395133420696	1395133420792	1395133420793	OK	 
ACTION	Pricing	3	price	1395133420728	1395133420728	1395133420824	1395133420825	OK	 
ACTION	Pricing	2	price	1395133420761	1395133420762	1395133420857	1395133420857	OK	 
ACTION	Pricing	1	price	1395133420794	1395133420795	1395133420889	1395133420890	OK	 
ACTION	Pricing	3	price	1395133420826	1395133420827	1395133420921	1395133420922	OK	 
ACTION	Pricing	2	price	1395133420858	1395133420859	1395133420954	1395133420954	OK	 
ACTION	Pricing	1	price	1395133420891	1395133420892	1395133420987	1395133420987	OK	 
ACTION	Pricing	3	price	1395133420923	1395133420924	1395133421021	1395133421022	OK	 
ACTION	Pricing	2	price	1395133420956	1395133420956	1395133421053	1395133421054	OK	 
ACTION	Pricing	1	price	1395133420989	1395133420990	1395133421089	1395133421089	OK	 
ACTION	Pricing	3	price	1395133421023	1395133421024	1395133421123	1395133421124	OK	 
ACTION	Pricing	2	price	1395133421056	1395133421056	1395133421158	1395133421159	OK	 
ACTION	Pricing	1	price	1395133421091	1395133421092	1395133421195	1395133421196	OK	 
ACTION	Pricing	3	price	1395133421125	1395133421126	1395133421233	1395133421234	OK	 
ACTION	Pricing	2	price	1395133421161	1395133421163	1395133421270	1395133421271	OK	 
ACTION	Pricing	1	price	1395133421198	1395133421200	1395133421332	1395133421333	OK	 
ACTION	Pricing	3	price	1395133421237	1395133421238	1395133421353	1395133421354	OK	 
ACTION	Pricing	2	price	1395133421272	1395133421273	1395133421389	1395133421389	OK	 
ACTION	Pricing	1	price	1395133421334	1395133421335	1395133421423	1395133421423	OK	 
ACTION	Pricing	3	price	1395133421355	1395133421356	1395133421452	1395133421452	OK	 
ACTION	Pricing	2	price	1395133421391	1395133421392	1395133421485	1395133421485	OK	 
ACTION	Pricing	1	price	1395133421425	1395133421425	1395133421519	1395133421519	OK	 
ACTION	Pricing	3	price	1395133421453	1395133421454	1395133421551	1395133421551	OK	 
ACTION	Pricing	2	price	1395133421488	1395133421488	1395133421582	1395133421582	OK	 
ACTION	Pricing	1	price	1395133421520	1395133421521	1395133421615	1395133421615	OK	 
ACTION	Pricing	3	price	1395133421552	1395133421553	1395133421648	1395133421649	OK	 
ACTION	Pricing	2	price	1395133421584	1395133421584	1395133421684	1395133421684	OK	 
ACTION	Pricing	1	price	1395133421617	1395133421617	1395133421721	1395133421721	OK	 
ACTION	Pricing	3	price	1395133421650	1395133421651	1395133421752	1395133421753	OK	 
ACTION	Pricing	2	price	1395133421686	1395133421687	1395133421785	1395133421785	OK	 
ACTION	Pricing	1	price	1395133421723	1395133421723	1395133421818	1395133421818	OK	 
ACTION	Pricing	3	price	1395133421754	1395133421755	1395133421851	1395133421852	OK	 
ACTION	Pricing	2	price	1395133421787	1395133421787	1395133421884	1395133421884	OK	 
ACTION	Pricing	1	price	1395133421820	1395133421820	1395133421917	1395133421918	OK	 
ACTION	Pricing	3	price	1395133421853	1395133421854	1395133421951	1395133421951	OK	 
ACTION	Pricing	2	price	1395133421886	1395133421886	1395133421983	1395133421983	OK	 
ACTION	Pricing	1	price	1395133421920	1395133421920	1395133422016	1395133422016	OK	 
ACTION	Pricing	3	price	1395133421953	1395133421953	1395133422052	1395133422052	OK	 
ACTION	Pricing	2	price	1395133421984	1395133421985	1395133422088	1395133422089	OK	 
ACTION	Pricing	1	price	1395133422017	1395133422018	1395133422123	1395133422124	OK	 
ACTION	Pricing	3	price	1395133422053	1395133422054	1395133422155	1395133422155	OK	 
ACTION	Pricing	2	price	1395133422091	1395133422091	1395133422186	1395133422186	OK	 
ACTION	Pricing	1	price	1395133422125	1395133422126	1395133422220	1395133422220	OK	 
ACTION	Pricing	3	price	1395133422157	1395133422157	1395133422252	1395133422253	OK	 
ACTION	Pricing	2	price	1395133422188	1395133422189	1395133422286	1395133422286	OK	 
ACTION	Pricing	1	price	1395133422222	1395133422222	1395133422320	1395133422320	OK	 
ACTION	Pricing	3	price	1395133422254	1395133422255	1395133422376	1395133422376	OK	 
ACTION	Pricing	2	price	1395133422288	1395133422289	1395133422412	1395133422412	OK	 
ACTION	Pricing	1	price	1395133422322	1395133422322	1395133422449	1395133422449	OK	 
ACTION	Pricing	3	price	1395133422379	1395133422380	1395133422488	1395133422489	OK	 
ACTION	Pricing	2	price	1395133422414	1395133422414	1395133422523	1395133422523	OK	 
ACTION	Pricing	1	price	1395133422451	1395133422452	1395133422550	1395133422551	OK	 
ACTION	Pricing	3	price	1395133422490	1395133422491	1395133422580	1395133422580	OK	 
ACTION	Pricing	2	price	1395133422525	1395133422526	1395133422611	1395133422612	OK	 
ACTION	Pricing	1	price	1395133422552	1395133422553	1395133422644	1395133422644	OK	 
ACTION	Pricing	3	price	1395133422581	1395133422582	1395133422676	1395133422676	OK	 
ACTION	Pricing	2	price	1395133422613	1395133422614	1395133422713	1395133422713	OK	 
ACTION	Pricing	1	price	1395133422646	1395133422646	1395133422773	1395133422774	OK	 
ACTION	Pricing	3	price	1395133422678	1395133422679	1395133422792	1395133422792	OK	 
ACTION	Pricing	2	price	1395133422715	1395133422716	1395133422829	1395133422829	OK	 
ACTION	Pricing	1	price	1395133422775	1395133422776	1395133422863	1395133422864	OK	 
ACTION	Pricing	3	price	1395133422795	1395133422795	1395133422898	1395133422898	OK	 
ACTION	Pricing	2	price	1395133422831	1395133422831	1395133422931	1395133422931	OK	 
ACTION	Pricing	1	price	1395133422865	1395133422866	1395133422966	1395133422967	OK	 
ACTION	Pricing	3	price	1395133422900	1395133422901	1395133423003	1395133423003	OK	 
ACTION	Pricing	2	price	1395133422933	1395133422933	1395133423042	1395133423042	OK	 
ACTION	Pricing	1	price	1395133422968	1395133422969	1395133423079	1395133423079	OK	 
ACTION	Pricing	3	price	1395133423005	1395133423005	1395133423115	1395133423115	OK	 
ACTION	Pricing	2	price	1395133423044	1395133423044	1395133423151	1395133423152	OK	 
ACTION	Pricing	1	price	1395133423080	1395133423081	1395133423191	1395133423192	OK	 
ACTION	Pricing	3	price	1395133423117	1395133423117	1395133423226	1395133423227	OK	 
ACTION	Pricing	2	price	1395133423154	1395133423154	1395133423274	1395133423274	OK	 
ACTION	Pricing	1	price	1395133423193	1395133423194	1395133423321	1395133423321	OK	 
ACTION	Pricing	3	price	1395133423228	1395133423229	1395133423362	1395133423362	OK	 
ACTION	Pricing	2	price	1395133423276	1395133423277	1395133423397	1395133423398	OK	 
ACTION	Pricing	1	price	1395133423323	1395133423326	1395133423431	1395133423431	OK	 
ACTION	Pricing	3	price	1395133423364	1395133423365	1395133423467	1395133423467	OK	 
ACTION	Pricing	2	price	1395133423399	1395133423400	1395133423502	1395133423502	OK	 
ACTION	Pricing	1	price	1395133423433	1395133423434	1395133423537	1395133423537	OK	 
ACTION	Pricing	3	price	1395133423469	1395133423470	1395133423569	1395133423570	OK	 
ACTION	Pricing	2	price	1395133423504	1395133423505	1395133423604	1395133423604	OK	 
ACTION	Pricing	1	price	1395133423539	1395133423539	1395133423639	1395133423639	OK	 
ACTION	Pricing	3	price	1395133423571	1395133423572	1395133423670	1395133423670	OK	 
ACTION	Pricing	2	price	1395133423606	1395133423607	1395133423701	1395133423702	OK	 
ACTION	Pricing	1	price	1395133423641	1395133423641	1395133423736	1395133423736	OK	 
ACTION	Pricing	3	price	1395133423672	1395133423672	1395133423773	1395133423773	OK	 
ACTION	Pricing	2	price	1395133423703	1395133423704	1395133423809	1395133423809	OK	 
ACTION	Pricing	1	price	1395133423738	1395133423738	1395133423843	1395133423843	OK	 
ACTION	Pricing	3	price	1395133423774	1395133423775	1395133423880	1395133423881	OK	 
ACTION	Pricing	2	price	1395133423810	1395133423811	1395133423916	1395133423917	OK	 
ACTION	Pricing	1	price	1395133423844	1395133423845	1395133423952	1395133423953	OK	 
ACTION	Pricing	3	price	1395133423882	1395133423883	1395133423988	1395133423989	OK	 
ACTION	Pricing	2	price	1395133423918	1395133423919	1395133424018	1395133424019	OK	 
ACTION	Pricing	1	price	1395133423954	1395133423954	1395133424053	1395133424053	OK	 
ACTION	Pricing	3	price	1395133423990	1395133423991	1395133424083	1395133424084	OK	 
ACTION	Pricing	2	price	1395133424020	1395133424021	1395133424117	1395133424117	OK	 
ACTION	Pricing	1	price	1395133424054	1395133424055	1395133424149	1395133424150	OK	 
ACTION	Pricing	3	price	1395133424085	1395133424085	1395133424181	1395133424182	OK	 
ACTION	Pricing	2	price	1395133424119	1395133424119	1395133424214	1395133424214	OK	 
ACTION	Pricing	1	price	1395133424152	1395133424152	1395133424249	1395133424249	OK	 
ACTION	Pricing	3	price	1395133424183	1395133424184	1395133424288	1395133424288	OK	 
ACTION	Pricing	2	price	1395133424216	1395133424216	1395133424326	1395133424326	OK	 
ACTION	Pricing	1	price	1395133424252	1395133424252	1395133424358	1395133424359	OK	 
ACTION	Pricing	3	price	1395133424290	1395133424290	1395133424434	1395133424435	OK	 
ACTION	Pricing	2	price	1395133424329	1395133424329	1395133424442	1395133424442	OK	 
ACTION	Pricing	1	price	1395133424360	1395133424361	1395133424478	1395133424478	OK	 
ACTION	Pricing	3	price	1395133424436	1395133424437	1395133424514	1395133424514	OK	 
ACTION	Pricing	2	price	1395133424444	1395133424445	1395133424552	1395133424552	OK	 
ACTION	Pricing	1	price	1395133424480	1395133424481	1395133424590	1395133424591	OK	 
ACTION	Pricing	3	price	1395133424516	1395133424517	1395133424631	1395133424632	OK	 
ACTION	Pricing	2	price	1395133424554	1395133424554	1395133424666	1395133424667	OK	 
ACTION	Pricing	1	price	1395133424593	1395133424594	1395133424702	1395133424702	OK	 
ACTION	Pricing	3	price	1395133424634	1395133424634	1395133424739	1395133424740	OK	 
ACTION	Pricing	2	price	1395133424668	1395133424669	1395133424775	1395133424775	OK	 
ACTION	Pricing	1	price	1395133424705	1395133424705	1395133424814	1395133424814	OK	 
ACTION	Pricing	3	price	1395133424741	1395133424742	1395133424855	1395133424855	OK	 
ACTION	Pricing	2	price	1395133424777	1395133424777	1395133424897	1395133424897	OK	 
ACTION	Pricing	1	price	1395133424816	1395133424817	1395133424940	1395133424940	OK	 
ACTION	Pricing	3	price	1395133424857	1395133424857	1395133424980	1395133424981	OK	 
ACTION	Pricing	2	price	1395133424899	1395133424900	1395133425020	1395133425021	OK	 
ACTION	Pricing	1	price	1395133424942	1395133424942	1395133425057	1395133425057	OK	 
ACTION	Pricing	3	price	1395133424982	1395133424983	1395133425094	1395133425094	OK	 
ACTION	Pricing	2	price	1395133425022	1395133425022	1395133425134	1395133425134	OK	 
ACTION	Pricing	1	price	1395133425060	1395133425060	1395133425169	1395133425169	OK	 
ACTION	Pricing	3	price	1395133425096	1395133425097	1395133425201	1395133425201	OK	 
ACTION	Pricing	2	price	1395133425136	1395133425136	1395133425233	1395133425234	OK	 
ACTION	Pricing	1	price	1395133425171	1395133425171	1395133425265	1395133425265	OK	 
ACTION	Pricing	3	price	1395133425202	1395133425203	1395133425298	1395133425298	OK	 
ACTION	Pricing	2	price	1395133425235	1395133425236	1395133425331	1395133425331	OK	 
ACTION	Pricing	1	price	1395133425267	1395133425268	1395133425363	1395133425364	OK	 
ACTION	Pricing	3	price	1395133425300	1395133425301	1395133425395	1395133425395	OK	 
ACTION	Pricing	2	price	1395133425332	1395133425333	1395133425429	1395133425429	OK	 
ACTION	Pricing	1	price	1395133425366	1395133425366	1395133425461	1395133425461	OK	 
ACTION	Pricing	3	price	1395133425397	1395133425398	1395133425495	1395133425495	OK	 
ACTION	Pricing	2	price	1395133425430	1395133425431	1395133425528	1395133425528	OK	 
ACTION	Pricing	1	price	1395133425463	1395133425463	1395133425564	1395133425565	OK	 
ACTION	Pricing	3	price	1395133425497	1395133425497	1395133425598	1395133425598	OK	 
ACTION	Pricing	2	price	1395133425530	1395133425530	1395133425632	1395133425632	OK	 
ACTION	Pricing	1	price	1395133425566	1395133425567	1395133425662	1395133425662	OK	 
ACTION	Pricing	3	price	1395133425600	1395133425600	1395133425697	1395133425697	OK	 
ACTION	Pricing	2	price	1395133425634	1395133425634	1395133425727	1395133425727	OK	 
ACTION	Pricing	1	price	1395133425663	1395133425664	1395133425759	1395133425759	OK	 
ACTION	Pricing	3	price	1395133425700	1395133425700	1395133425787	1395133425787	OK	 
ACTION	Pricing	2	price	1395133425729	1395133425730	1395133425818	1395133425818	OK	 
ACTION	Pricing	1	price	1395133425760	1395133425761	1395133425849	1395133425849	OK	 
ACTION	Pricing	3	price	1395133425789	1395133425789	1395133425881	1395133425881	OK	 
ACTION	Pricing	2	price	1395133425820	1395133425820	1395133425916	1395133425916	OK	 
ACTION	Pricing	1	price	1395133425851	1395133425851	1395133425952	1395133425952	OK	 
ACTION	Pricing	3	price	1395133425883	1395133425884	1395133425988	1395133425989	OK	 
ACTION	Pricing	2	price	1395133425917	1395133425918	1395133426022	1395133426023	OK	 
ACTION	Pricing	1	price	1395133425954	1395133425955	1395133426056	1395133426056	OK	 
ACTION	Pricing	3	price	1395133425990	1395133425991	1395133426091	1395133426091	OK	 
ACTION	Pricing	2	price	1395133426024	1395133426025	1395133426125	1395133426125	OK	 
ACTION	Pricing	1	price	1395133426057	1395133426058	1395133426158	1395133426159	OK	 
ACTION	Pricing	3	price	1395133426093	1395133426094	1395133426192	1395133426192	OK	 
ACTION	Pricing	2	price	1395133426126	1395133426127	1395133426225	1395133426225	OK	 
ACTION	Pricing	1	price	1395133426160	1395133426161	1395133426254	1395133426255	OK	 
ACTION	Pricing	3	price	1395133426194	1395133426194	1395133426286	1395133426286	OK	 
ACTION	Pricing	2	price	1395133426227	1395133426227	1395133426333	1395133426333	OK	 
ACTION	Pricing	1	price	1395133426256	1395133426257	1395133426365	1395133426365	OK	 
ACTION	Pricing	3	price	1395133426288	1395133426288	1395133426395	1395133426396	OK	 
ACTION	Pricing	2	price	1395133426336	1395133426336	1395133426429	1395133426429	OK	 
ACTION	Pricing	1	price	1395133426366	1395133426366	1395133426459	1395133426459	OK	 
ACTION	Pricing	3	price	1395133426397	1395133426397	1395133426491	1395133426491	OK	 
ACTION	Pricing	2	price	1395133426430	1395133426431	1395133426523	1395133426524	OK	 
ACTION	Pricing	1	price	1395133426460	1395133426461	1395133426558	1395133426559	OK	 
ACTION	Pricing	3	price	1395133426492	1395133426493	1395133426592	1395133426592	OK	 
ACTION	Pricing	2	price	1395133426525	1395133426526	1395133426621	1395133426621	OK	 
ACTION	Pricing	1	price	1395133426560	1395133426561	1395133426652	1395133426653	OK	 
ACTION	Pricing	3	price	1395133426593	1395133426594	1395133426686	1395133426686	OK	 
ACTION	Pricing	2	price	1395133426623	1395133426623	1395133426719	1395133426719	OK	 
ACTION	Pricing	1	price	1395133426654	1395133426654	1395133426751	1395133426752	OK	 
ACTION	Pricing	3	price	1395133426688	1395133426689	1395133426783	1395133426783	OK	 
ACTION	Pricing	2	price	1395133426721	1395133426721	1395133426815	1395133426816	OK	 
ACTION	Pricing	1	price	1395133426754	1395133426754	1395133426846	1395133426846	OK	 
ACTION	Pricing	3	price	1395133426784	1395133426785	1395133426882	1395133426882	OK	 
ACTION	Pricing	2	price	1395133426817	1395133426817	1395133426917	1395133426917	OK	 
ACTION	Pricing	1	price	1395133426847	1395133426848	1395133426952	1395133426952	OK	 
ACTION	Pricing	3	price	1395133426883	1395133426884	1395133426989	1395133426989	OK	 
ACTION	Pricing	2	price	1395133426919	1395133426919	1395133427022	1395133427022	OK	 
ACTION	Pricing	1	price	1395133426954	1395133426954	1395133427054	1395133427055	OK	 
ACTION	Pricing	3	price	1395133426990	1395133426991	1395133427102	1395133427103	OK	 
ACTION	Pricing	2	price	1395133427024	1395133427024	1395133427132	1395133427132	OK	 
ACTION	Pricing	1	price	1395133427056	1395133427056	1395133427164	1395133427165	OK	 
ACTION	Pricing	3	price	1395133427104	1395133427105	1395133427201	1395133427202	OK	 
ACTION	Pricing	2	price	1395133427134	1395133427135	1395133427239	1395133427240	OK	 
ACTION	Pricing	1	price	1395133427167	1395133427168	1395133427286	1395133427287	OK	 
ACTION	Pricing	3	price	1395133427204	1395133427204	1395133427325	1395133427325	OK	 
ACTION	Pricing	2	price	1395133427243	1395133427250	1395133427357	1395133427358	OK	 
ACTION	Pricing	1	price	1395133427289	1395133427290	1395133427387	1395133427387	OK	 
ACTION	Pricing	3	price	1395133427327	1395133427328	1395133427418	1395133427418	OK	 
ACTION	Pricing	2	price	1395133427360	1395133427360	1395133427455	1395133427456	OK	 
ACTION	Pricing	1	price	1395133427389	1395133427389	1395133427489	1395133427489	OK	 
ACTION	Pricing	3	price	1395133427420	1395133427420	1395133427527	1395133427528	OK	 
ACTION	Pricing	2	price	1395133427457	1395133427458	1395133427564	1395133427564	OK	 
ACTION	Pricing	1	price	1395133427491	1395133427492	1395133427599	1395133427600	OK	 
ACTION	Pricing	3	price	1395133427529	1395133427530	1395133427635	1395133427635	OK	 
ACTION	Pricing	2	price	1395133427566	1395133427567	1395133427670	1395133427671	OK	 
ACTION	Pricing	1	price	1395133427613	1395133427613	1395133427704	1395133427705	OK	 
ACTION	Pricing	3	price	1395133427636	1395133427637	1395133427742	1395133427742	OK	 
ACTION	Pricing	2	price	1395133427673	1395133427673	1395133427777	1395133427777	OK	 
ACTION	Pricing	1	price	1395133427706	1395133427707	1395133427806	1395133427807	OK	 
ACTION	Pricing	3	price	1395133427744	1395133427744	1395133427840	1395133427841	OK	 
ACTION	Pricing	2	price	1395133427778	1395133427779	1395133427885	1395133427885	OK	 
ACTION	Pricing	1	price	1395133427809	1395133427809	1395133427925	1395133427926	OK	 
ACTION	Pricing	3	price	1395133427842	1395133427843	1395133427962	1395133427962	OK	 
ACTION	Pricing	2	price	1395133427887	1395133427888	1395133427998	1395133427998	OK	 
ACTION	Pricing	1	price	1395133427928	1395133427928	1395133428037	1395133428038	OK	 
ACTION	Pricing	3	price	1395133427964	1395133427964	1395133428070	1395133428070	OK	 
ACTION	Pricing	2	price	1395133428000	1395133428001	1395133428105	1395133428105	OK	 
ACTION	Pricing	1	price	1395133428039	1395133428040	1395133428141	1395133428141	OK	 
ACTION	Pricing	3	price	1395133428072	1395133428073	1395133428177	1395133428177	OK	 
ACTION	Pricing	2	price	1395133428106	1395133428107	1395133428213	1395133428214	OK	 
ACTION	Pricing	1	price	1395133428143	1395133428143	1395133428252	1395133428252	OK	 
ACTION	Pricing	3	price	1395133428178	1395133428179	1395133428290	1395133428290	OK	 
ACTION	Pricing	2	price	1395133428215	1395133428216	1395133428323	1395133428323	OK	 
ACTION	Pricing	1	price	1395133428254	1395133428255	1395133428358	1395133428358	OK	 
ACTION	Pricing	3	price	1395133428292	1395133428293	1395133428394	1395133428394	OK	 
ACTION	Pricing	2	price	1395133428325	1395133428325	1395133428430	1395133428430	OK	 
ACTION	Pricing	1	price	1395133428360	1395133428360	1395133428463	1395133428463	OK	 
ACTION	Pricing	3	price	1395133428396	1395133428396	1395133428498	1395133428498	OK	 
ACTION	Pricing	2	price	1395133428432	1395133428432	1395133428534	1395133428534	OK	 
ACTION	Pricing	1	price	1395133428464	1395133428465	1395133428565	1395133428565	OK	 
ACTION	Pricing	3	price	1395133428500	1395133428500	1395133428598	1395133428600	OK	 
ACTION	Pricing	2	price	1395133428536	1395133428536	1395133428630	1395133428630	OK	 
ACTION	Pricing	1	price	1395133428567	1395133428570	1395133428663	1395133428664	OK	 
ACTION	Pricing	3	price	1395133428601	1395133428602	1395133428696	1395133428697	OK	 
ACTION	Pricing	2	price	1395133428632	1395133428632	1395133428729	1395133428730	OK	 
ACTION	Pricing	1	price	1395133428665	1395133428665	1395133428766	1395133428766	OK	 
ACTION	Pricing	3	price	1395133428698	1395133428699	1395133428800	1395133428800	OK	 
ACTION	Pricing	2	price	1395133428731	1395133428731	1395133428834	1395133428834	OK	 
ACTION	Pricing	1	price	1395133428768	1395133428768	1395133428870	1395133428870	OK	 
ACTION	Pricing	3	price	1395133428802	1395133428802	1395133428905	1395133428905	OK	 
ACTION	Pricing	2	price	1395133428836	1395133428836	1395133428940	1395133428940	OK	 
ACTION	Pricing	1	price	1395133428872	1395133428872	1395133428972	1395133428976	OK	 
ACTION	Pricing	3	price	1395133428906	1395133428907	1395133429005	1395133429005	OK	 
ACTION	Pricing	2	price	1395133428942	1395133428942	1395133429035	1395133429035	OK	 
ACTION	Pricing	1	price	1395133428978	1395133428978	1395133429065	1395133429065	OK	 
ACTION	Pricing	3	price	1395133429006	1395133429007	1395133429100	1395133429100	OK	 
ACTION	Pricing	2	price	1395133429036	1395133429037	1395133429135	1395133429135	OK	 
ACTION	Pricing	1	price	1395133429066	1395133429071	1395133429169	1395133429170	OK	 
ACTION	Pricing	3	price	1395133429101	1395133429102	1395133429204	1395133429204	OK	 
ACTION	Pricing	2	price	1395133429137	1395133429137	1395133429241	1395133429241	OK	 
ACTION	Pricing	1	price	1395133429171	1395133429172	1395133429277	1395133429277	OK	 
ACTION	Pricing	3	price	1395133429205	1395133429206	1395133429310	1395133429310	OK	 
ACTION	Pricing	2	price	1395133429243	1395133429243	1395133429342	1395133429343	OK	 
ACTION	Pricing	1	price	1395133429279	1395133429280	1395133429377	1395133429377	OK	 
ACTION	Pricing	3	price	1395133429312	1395133429312	1395133429408	1395133429409	OK	 
ACTION	Pricing	2	price	1395133429344	1395133429345	1395133429440	1395133429440	OK	 
ACTION	Pricing	1	price	1395133429379	1395133429379	1395133429472	1395133429472	OK	 
ACTION	Pricing	3	price	1395133429410	1395133429411	1395133429507	1395133429507	OK	 
ACTION	Pricing	2	price	1395133429442	1395133429442	1395133429545	1395133429545	OK	 
ACTION	Pricing	1	price	1395133429474	1395133429474	1395133429577	1395133429577	OK	 
ACTION	Pricing	3	price	1395133429509	1395133429509	1395133429614	1395133429614	OK	 
ACTION	Pricing	2	price	1395133429546	1395133429547	1395133429648	1395133429649	OK	 
ACTION	Pricing	1	price	1395133429579	1395133429579	1395133429679	1395133429679	OK	 
ACTION	Pricing	3	price	1395133429616	1395133429617	1395133429712	1395133429712	OK	 
ACTION	Pricing	2	price	1395133429650	1395133429651	1395133429743	1395133429744	OK	 
ACTION	Pricing	1	price	1395133429681	1395133429681	1395133429777	1395133429777	OK	 
ACTION	Pricing	3	price	1395133429713	1395133429713	1395133429809	1395133429810	OK	 
ACTION	Pricing	2	price	1395133429745	1395133429746	1395133429843	1395133429843	OK	 
ACTION	Pricing	1	price	1395133429778	1395133429779	1395133429872	1395133429872	OK	 
ACTION	Pricing	3	price	1395133429811	1395133429811	1395133429905	1395133429905	OK	 
ACTION	Pricing	2	price	1395133429844	1395133429845	1395133429937	1395133429937	OK	 
ACTION	Pricing	1	price	1395133429874	1395133429874	1395133429967	1395133429967	OK	 
ACTION	Pricing	3	price	1395133429906	1395133429907	1395133429999	1395133429999	OK	 
ACTION	Pricing	2	price	1395133429939	1395133429940	1395133430033	1395133430033	OK	 
ACTION	Pricing	1	price	1395133429968	1395133429969	1395133430065	1395133430066	OK	 
ACTION	Pricing	3	price	1395133430000	1395133430000	1395133430105	1395133430105	OK	 
ACTION	Pricing	2	price	1395133430035	1395133430035	1395133430141	1395133430142	OK	 
ACTION	Pricing	1	price	1395133430067	1395133430068	1395133430174	1395133430174	OK	 
ACTION	Pricing	3	price	1395133430107	1395133430108	1395133430203	1395133430203	OK	 
ACTION	Pricing	2	price	1395133430144	1395133430145	1395133430234	1395133430235	OK	 
ACTION	Pricing	1	price	1395133430176	1395133430176	1395133430268	1395133430268	OK	 
ACTION	Pricing	3	price	1395133430204	1395133430205	1395133430298	1395133430302	OK	 
ACTION	Pricing	2	price	1395133430236	1395133430236	1395133430331	1395133430331	OK	 
ACTION	Pricing	1	price	1395133430269	1395133430270	1395133430363	1395133430363	OK	 
ACTION	Pricing	3	price	1395133430304	1395133430304	1395133430395	1395133430396	OK	 
ACTION	Pricing	2	price	1395133430332	1395133430333	1395133430430	1395133430430	OK	 
ACTION	Pricing	1	price	1395133430364	1395133430364	1395133430462	1395133430462	OK	 
ACTION	Pricing	3	price	1395133430397	1395133430397	1395133430495	1395133430495	OK	 
ACTION	Pricing	2	price	1395133430433	1395133430433	1395133430529	1395133430530	OK	 
ACTION	Pricing	1	price	1395133430463	1395133430464	1395133430562	1395133430562	OK	 
ACTION	Pricing	3	price	1395133430496	1395133430497	1395133430595	1395133430595	OK	 
ACTION	Pricing	2	price	1395133430532	1395133430532	1395133430628	1395133430628	OK	 
ACTION	Pricing	1	price	1395133430564	1395133430564	1395133430662	1395133430662	OK	 
ACTION	Pricing	3	price	1395133430596	1395133430597	1395133430695	1395133430696	OK	 
ACTION	Pricing	2	price	1395133430631	1395133430631	1395133430731	1395133430732	OK	 
ACTION	Pricing	1	price	1395133430663	1395133430664	1395133430764	1395133430764	OK	 
ACTION	Pricing	3	price	1395133430697	1395133430698	1395133430799	1395133430799	OK	 
ACTION	Pricing	2	price	1395133430733	1395133430734	1395133430833	1395133430834	OK	 
ACTION	Pricing	1	price	1395133430766	1395133430766	1395133430869	1395133430869	OK	 
ACTION	Pricing	3	price	1395133430801	1395133430801	1395133430904	1395133430904	OK	 
ACTION	Pricing	2	price	1395133430836	1395133430836	1395133430936	1395133430936	OK	 
ACTION	Pricing	1	price	1395133430870	1395133430871	1395133430967	1395133430967	OK	 
ACTION	Pricing	3	price	1395133430905	1395133430906	1395133431002	1395133431002	OK	 
ACTION	Pricing	2	price	1395133430938	1395133430938	1395133431033	1395133431033	OK	 
ACTION	Pricing	1	price	1395133430970	1395133430971	1395133431064	1395133431064	OK	 
ACTION	Pricing	3	price	1395133431004	1395133431004	1395133431097	1395133431097	OK	 
ACTION	Pricing	2	price	1395133431034	1395133431035	1395133431127	1395133431127	OK	 
ACTION	Pricing	1	price	1395133431066	1395133431066	1395133431172	1395133431172	OK	 
ACTION	Pricing	3	price	1395133431099	1395133431099	1395133431202	1395133431203	OK	 
ACTION	Pricing	2	price	1395133431129	1395133431129	1395133431229	1395133431229	OK	 
ACTION	Pricing	1	price	1395133431173	1395133431174	1395133431261	1395133431261	OK	 
ACTION	Pricing	3	price	1395133431204	1395133431205	1395133431293	1395133431293	OK	 
ACTION	Pricing	2	price	1395133431231	1395133431231	1395133431325	1395133431325	OK	 
ACTION	Pricing	1	price	1395133431263	1395133431263	1395133431359	1395133431359	OK	 
ACTION	Pricing	3	price	1395133431295	1395133431295	1395133431392	1395133431392	OK	 
ACTION	Pricing	2	price	1395133431326	1395133431326	1395133431424	1395133431424	OK	 
ACTION	Pricing	1	price	1395133431361	1395133431361	1395133431457	1395133431457	OK	 
ACTION	Pricing	3	price	1395133431393	1395133431393	1395133431490	1395133431490	OK	 
ACTION	Pricing	2	price	1395133431425	1395133431425	1395133431522	1395133431523	OK	 
ACTION	Pricing	1	price	1395133431458	1395133431459	1395133431560	1395133431561	OK	 
ACTION	Pricing	3	price	1395133431491	1395133431492	1395133431595	1395133431596	OK	 
ACTION	Pricing	2	price	1395133431525	1395133431526	1395133431633	1395133431633	OK	 
ACTION	Pricing	1	price	1395133431562	1395133431564	1395133431669	1395133431669	OK	 
ACTION	Pricing	3	price	1395133431597	1395133431599	1395133431702	1395133431702	OK	 
ACTION	Pricing	2	price	1395133431634	1395133431635	1395133431735	1395133431735	OK	 
ACTION	Pricing	1	price	1395133431671	1395133431671	1395133431767	1395133431767	OK	 
ACTION	Pricing	3	price	1395133431704	1395133431704	1395133431798	1395133431798	OK	 
ACTION	Pricing	2	price	1395133431736	1395133431737	1395133431828	1395133431828	OK	 
ACTION	Pricing	1	price	1395133431769	1395133431769	1395133431860	1395133431860	OK	 
ACTION	Pricing	3	price	1395133431800	1395133431800	1395133431891	1395133431891	OK	 
ACTION	Pricing	2	price	1395133431829	1395133431830	1395133431922	1395133431922	OK	 
ACTION	Pricing	1	price	1395133431861	1395133431862	1395133431952	1395133431952	OK	 
ACTION	Pricing	3	price	1395133431892	1395133431892	1395133431983	1395133431984	OK	 
ACTION	Pricing	2	price	1395133431923	1395133431924	1395133432016	1395133432016	OK	 
ACTION	Pricing	1	price	1395133431953	1395133431954	1395133432049	1395133432050	OK	 
ACTION	Pricing	3	price	1395133431985	1395133431986	1395133432080	1395133432080	OK	 
ACTION	Pricing	2	price	1395133432018	1395133432018	1395133432113	1395133432113	OK	 
ACTION	Pricing	1	price	1395133432051	1395133432052	1395133432155	1395133432155	OK	 
ACTION	Pricing	3	price	1395133432082	1395133432082	1395133432190	1395133432190	OK	 
ACTION	Pricing	2	price	1395133432115	1395133432116	1395133432224	1395133432224	OK	 
ACTION	Pricing	1	price	1395133432157	1395133432157	1395133432258	1395133432258	OK	 
ACTION	Pricing	3	price	1395133432192	1395133432192	1395133432291	1395133432291	OK	 
ACTION	Pricing	2	price	1395133432225	1395133432226	1395133432325	1395133432326	OK	 
ACTION	Pricing	1	price	1395133432260	1395133432260	1395133432361	1395133432361	OK	 
ACTION	Pricing	3	price	1395133432292	1395133432293	1395133432393	1395133432393	OK	 
ACTION	Pricing	2	price	1395133432327	1395133432328	1395133432424	1395133432424	OK	 
ACTION	Pricing	1	price	1395133432363	1395133432363	1395133432458	1395133432460	OK	 
ACTION	Pricing	3	price	1395133432395	1395133432395	1395133432512	1395133432513	OK	 
ACTION	Pricing	2	price	1395133432426	1395133432428	1395133432551	1395133432552	OK	 
ACTION	Pricing	1	price	1395133432462	1395133432462	1395133432586	1395133432586	OK	 
ACTION	Pricing	3	price	1395133432514	1395133432519	1395133432624	1395133432625	OK	 
ACTION	Pricing	2	price	1395133432553	1395133432554	1395133432659	1395133432659	OK	 
ACTION	Pricing	1	price	1395133432588	1395133432588	1395133432694	1395133432694	OK	 
ACTION	Pricing	2	price	1395133432661	1395133432661	1395133432778	1395133432778	OK	 
ACTION	Pricing	3	price	1395133432626	1395133432626	1395133432777	1395133432778	OK	 
ACTION	Pricing	1	price	1395133432696	1395133432696	1395133432805	1395133432805	OK	 
ACTION	Pricing	3	price	1395133432782	1395133432783	1395133432842	1395133432842	OK	 
ACTION	Pricing	2	price	1395133432781	1395133432783	1395133432871	1395133432872	OK	 
ACTION	Pricing	1	price	1395133432807	1395133432808	1395133432907	1395133432908	OK	 
ACTION	Pricing	3	price	1395133432844	1395133432844	1395133432944	1395133432944	OK	 
ACTION	Pricing	2	price	1395133432873	1395133432873	1395133432983	1395133432983	OK	 
ACTION	Pricing	1	price	1395133432909	1395133432910	1395133433019	1395133433019	OK	 
ACTION	Pricing	3	price	1395133432980	1395133432980	1395133433050	1395133433050	OK	 
ACTION	Pricing	2	price	1395133432985	1395133432985	1395133433083	1395133433083	OK	 
ACTION	Pricing	1	price	1395133433021	1395133433021	1395133433112	1395133433112	OK	 
ACTION	Pricing	3	price	1395133433052	1395133433052	1395133433143	1395133433144	OK	 
ACTION	Pricing	2	price	1395133433084	1395133433085	1395133433177	1395133433177	OK	 
ACTION	Pricing	1	price	1395133433114	1395133433114	1395133433209	1395133433209	OK	 
ACTION	Pricing	3	price	1395133433145	1395133433145	1395133433238	1395133433238	OK	 
ACTION	Pricing	2	price	1395133433178	1395133433179	1395133433273	1395133433274	OK	 
ACTION	Pricing	1	price	1395133433210	1395133433211	1395133433305	1395133433305	OK	 
ACTION	Pricing	3	price	1395133433240	1395133433241	1395133433336	1395133433336	OK	 
ACTION	Pricing	2	price	1395133433275	1395133433276	1395133433367	1395133433367	OK	 
ACTION	Pricing	1	price	1395133433306	1395133433307	1395133433400	1395133433400	OK	 
ACTION	Pricing	3	price	1395133433338	1395133433338	1395133433433	1395133433433	OK	 
ACTION	Pricing	2	price	1395133433369	1395133433369	1395133433466	1395133433466	OK	 
ACTION	Pricing	1	price	1395133433402	1395133433402	1395133433500	1395133433500	OK	 
ACTION	Pricing	3	price	1395133433434	1395133433434	1395133433534	1395133433534	OK	 
ACTION	Pricing	2	price	1395133433467	1395133433468	1395133433567	1395133433567	OK	 
ACTION	Pricing	1	price	1395133433502	1395133433502	1395133433600	1395133433601	OK	 
ACTION	Pricing	3	price	1395133433536	1395133433536	1395133433634	1395133433634	OK	 
ACTION	Pricing	2	price	1395133433569	1395133433569	1395133433668	1395133433668	OK	 
ACTION	Pricing	1	price	1395133433602	1395133433602	1395133433701	1395133433701	OK	 
ACTION	Pricing	3	price	1395133433635	1395133433636	1395133433734	1395133433735	OK	 
ACTION	Pricing	2	price	1395133433670	1395133433670	1395133433767	1395133433768	OK	 
ACTION	Pricing	1	price	1395133433703	1395133433703	1395133433802	1395133433803	OK	 
ACTION	Pricing	3	price	1395133433736	1395133433736	1395133433840	1395133433840	OK	 
ACTION	Pricing	2	price	1395133433770	1395133433770	1395133433872	1395133433872	OK	 
ACTION	Pricing	1	price	1395133433808	1395133433816	1395133433911	1395133433911	OK	 
ACTION	Pricing	3	price	1395133433842	1395133433842	1395133433947	1395133433947	OK	 
ACTION	Pricing	2	price	1395133433874	1395133433875	1395133433988	1395133433988	OK	 
ACTION	Pricing	1	price	1395133433913	1395133433913	1395133434025	1395133434026	OK	 
ACTION	Pricing	3	price	1395133433949	1395133433950	1395133434061	1395133434062	OK	 
ACTION	Pricing	2	price	1395133433989	1395133433990	1395133434097	1395133434098	OK	 
ACTION	Pricing	1	price	1395133434027	1395133434027	1395133434134	1395133434134	OK	 
ACTION	Pricing	3	price	1395133434063	1395133434064	1395133434173	1395133434174	OK	 
ACTION	Pricing	2	price	1395133434099	1395133434099	1395133434208	1395133434208	OK	 
ACTION	Pricing	1	price	1395133434135	1395133434136	1395133434243	1395133434244	OK	 
ACTION	Pricing	3	price	1395133434175	1395133434176	1395133434278	1395133434278	OK	 
ACTION	Pricing	2	price	1395133434210	1395133434210	1395133434311	1395133434312	OK	 
ACTION	Pricing	1	price	1395133434245	1395133434246	1395133434344	1395133434344	OK	 
ACTION	Pricing	3	price	1395133434280	1395133434280	1395133434378	1395133434378	OK	 
ACTION	Pricing	2	price	1395133434313	1395133434314	1395133434410	1395133434410	OK	 
ACTION	Pricing	1	price	1395133434346	1395133434346	1395133434448	1395133434448	OK	 
ACTION	Pricing	3	price	1395133434379	1395133434380	1395133434486	1395133434486	OK	 
ACTION	Pricing	2	price	1395133434411	1395133434412	1395133434519	1395133434519	OK	 
ACTION	Pricing	1	price	1395133434450	1395133434451	1395133434553	1395133434553	OK	 
ACTION	Pricing	3	price	1395133434488	1395133434488	1395133434585	1395133434585	OK	 
ACTION	Pricing	2	price	1395133434520	1395133434521	1395133434621	1395133434622	OK	 
ACTION	Pricing	1	price	1395133434554	1395133434555	1395133434657	1395133434657	OK	 
ACTION	Pricing	3	price	1395133434586	1395133434587	1395133434691	1395133434691	OK	 
ACTION	Pricing	2	price	1395133434624	1395133434624	1395133434727	1395133434727	OK	 
ACTION	Pricing	1	price	1395133434658	1395133434659	1395133434762	1395133434763	OK	 
ACTION	Pricing	3	price	1395133434692	1395133434693	1395133434798	1395133434798	OK	 
ACTION	Pricing	2	price	1395133434729	1395133434729	1395133434835	1395133434835	OK	 
ACTION	Pricing	1	price	1395133434764	1395133434765	1395133434874	1395133434874	OK	 
ACTION	Pricing	3	price	1395133434800	1395133434801	1395133434913	1395133434913	OK	 
ACTION	Pricing	2	price	1395133434837	1395133434837	1395133434942	1395133434942	OK	 
ACTION	Pricing	1	price	1395133434876	1395133434877	1395133434976	1395133434976	OK	 
ACTION	Pricing	3	price	1395133434914	1395133434915	1395133435010	1395133435010	OK	 
ACTION	Pricing	2	price	1395133434944	1395133434944	1395133435045	1395133435045	OK	 
ACTION	Pricing	1	price	1395133434977	1395133434978	1395133435086	1395133435087	OK	 
ACTION	Pricing	3	price	1395133435012	1395133435012	1395133435116	1395133435116	OK	 
ACTION	Pricing	2	price	1395133435046	1395133435047	1395133435152	1395133435153	OK	 
ACTION	Pricing	1	price	1395133435088	1395133435089	1395133435187	1395133435187	OK	 
ACTION	Pricing	3	price	1395133435117	1395133435118	1395133435221	1395133435221	OK	 
ACTION	Pricing	2	price	1395133435154	1395133435154	1395133435255	1395133435255	OK	 
ACTION	Pricing	1	price	1395133435189	1395133435189	1395133435290	1395133435290	OK	 
ACTION	Pricing	3	price	1395133435222	1395133435223	1395133435320	1395133435320	OK	 
ACTION	Pricing	2	price	1395133435257	1395133435257	1395133435349	1395133435349	OK	 
ACTION	Pricing	1	price	1395133435291	1395133435291	1395133435381	1395133435381	OK	 
ACTION	Pricing	3	price	1395133435321	1395133435321	1395133435411	1395133435411	OK	 
ACTION	Pricing	2	price	1395133435351	1395133435351	1395133435443	1395133435443	OK	 
ACTION	Pricing	1	price	1395133435382	1395133435383	1395133435474	1395133435474	OK	 
ACTION	Pricing	3	price	1395133435412	1395133435413	1395133435505	1395133435506	OK	 
ACTION	Pricing	2	price	1395133435445	1395133435445	1395133435537	1395133435537	OK	 
ACTION	Pricing	1	price	1395133435475	1395133435476	1395133435571	1395133435572	OK	 
ACTION	Pricing	3	price	1395133435507	1395133435507	1395133435602	1395133435602	OK	 
ACTION	Pricing	2	price	1395133435539	1395133435539	1395133435637	1395133435637	OK	 
ACTION	Pricing	1	price	1395133435573	1395133435573	1395133435670	1395133435670	OK	 
ACTION	Pricing	3	price	1395133435604	1395133435604	1395133435703	1395133435703	OK	 
ACTION	Pricing	2	price	1395133435638	1395133435639	1395133435734	1395133435734	OK	 
ACTION	Pricing	1	price	1395133435672	1395133435673	1395133435765	1395133435765	OK	 
ACTION	Pricing	3	price	1395133435704	1395133435705	1395133435798	1395133435799	OK	 
ACTION	Pricing	2	price	1395133435735	1395133435736	1395133435833	1395133435833	OK	 
ACTION	Pricing	1	price	1395133435766	1395133435766	1395133435865	1395133435865	OK	 
ACTION	Pricing	3	price	1395133435800	1395133435801	1395133435897	1395133435897	OK	 
ACTION	Pricing	2	price	1395133435834	1395133435834	1395133435931	1395133435931	OK	 
ACTION	Pricing	1	price	1395133435866	1395133435866	1395133435964	1395133435964	OK	 
ACTION	Pricing	3	price	1395133435898	1395133435898	1395133435999	1395133436000	OK	 
ACTION	Pricing	2	price	1395133435932	1395133435932	1395133436033	1395133436033	OK	 
ACTION	Pricing	1	price	1395133435965	1395133435966	1395133436062	1395133436062	OK	 
ACTION	Pricing	3	price	1395133436002	1395133436002	1395133436094	1395133436094	OK	 
ACTION	Pricing	2	price	1395133436034	1395133436034	1395133436126	1395133436126	OK	 
ACTION	Pricing	1	price	1395133436064	1395133436064	1395133436161	1395133436162	OK	 
ACTION	Pricing	3	price	1395133436095	1395133436095	1395133436193	1395133436193	OK	 
ACTION	Pricing	2	price	1395133436128	1395133436128	1395133436224	1395133436224	OK	 
ACTION	Pricing	1	price	1395133436163	1395133436164	1395133436253	1395133436253	OK	 
ACTION	Pricing	3	price	1395133436195	1395133436195	1395133436284	1395133436285	OK	 
ACTION	Pricing	2	price	1395133436226	1395133436226	1395133436314	1395133436315	OK	 
ACTION	Pricing	1	price	1395133436254	1395133436255	1395133436345	1395133436346	OK	 
ACTION	Pricing	3	price	1395133436286	1395133436286	1395133436376	1395133436376	OK	 
ACTION	Pricing	2	price	1395133436316	1395133436316	1395133436411	1395133436411	OK	 
ACTION	Pricing	1	price	1395133436347	1395133436347	1395133436443	1395133436443	OK	 
ACTION	Pricing	3	price	1395133436378	1395133436378	1395133436477	1395133436477	OK	 
ACTION	Pricing	2	price	1395133436413	1395133436413	1395133436510	1395133436511	OK	 
ACTION	Pricing	1	price	1395133436444	1395133436445	1395133436543	1395133436544	OK	 
ACTION	Pricing	3	price	1395133436478	1395133436478	1395133436576	1395133436576	OK	 
ACTION	Pricing	2	price	1395133436512	1395133436512	1395133436611	1395133436611	OK	 
ACTION	Pricing	1	price	1395133436545	1395133436545	1395133436645	1395133436645	OK	 
ACTION	Pricing	3	price	1395133436577	1395133436577	1395133436677	1395133436678	OK	 
ACTION	Pricing	2	price	1395133436612	1395133436613	1395133436709	1395133436709	OK	 
ACTION	Pricing	1	price	1395133436647	1395133436647	1395133436741	1395133436741	OK	 
ACTION	Pricing	3	price	1395133436680	1395133436680	1395133436771	1395133436772	OK	 
ACTION	Pricing	2	price	1395133436711	1395133436711	1395133436804	1395133436804	OK	 
ACTION	Pricing	1	price	1395133436743	1395133436743	1395133436837	1395133436837	OK	 
ACTION	Pricing	3	price	1395133436773	1395133436773	1395133436870	1395133436870	OK	 
ACTION	Pricing	2	price	1395133436806	1395133436807	1395133436903	1395133436903	OK	 
ACTION	Pricing	1	price	1395133436840	1395133436840	1395133436936	1395133436936	OK	 
ACTION	Pricing	3	price	1395133436872	1395133436872	1395133436969	1395133436969	OK	 
ACTION	Pricing	2	price	1395133436904	1395133436904	1395133437003	1395133437003	OK	 
ACTION	Pricing	1	price	1395133436937	1395133436938	1395133437033	1395133437034	OK	 
ACTION	Pricing	3	price	1395133436971	1395133436971	1395133437064	1395133437064	OK	 
ACTION	Pricing	2	price	1395133437005	1395133437006	1395133437097	1395133437097	OK	 
ACTION	Pricing	1	price	1395133437035	1395133437036	1395133437131	1395133437131	OK	 
ACTION	Pricing	3	price	1395133437066	1395133437066	1395133437162	1395133437163	OK	 
ACTION	Pricing	2	price	1395133437098	1395133437099	1395133437198	1395133437198	OK	 
ACTION	Pricing	1	price	1395133437133	1395133437133	1395133437229	1395133437229	OK	 
ACTION	Pricing	3	price	1395133437164	1395133437164	1395133437262	1395133437263	OK	 
ACTION	Pricing	2	price	1395133437200	1395133437200	1395133437295	1395133437295	OK	 
ACTION	Pricing	1	price	1395133437231	1395133437231	1395133437342	1395133437342	OK	 
ACTION	Pricing	3	price	1395133437265	1395133437265	1395133437369	1395133437369	OK	 
ACTION	Pricing	2	price	1395133437296	1395133437297	1395133437448	1395133437448	OK	 
ACTION	Pricing	1	price	1395133437344	1395133437344	1395133437485	1395133437485	OK	 
ACTION	Pricing	3	price	1395133437371	1395133437371	1395133437504	1395133437505	OK	 
ACTION	Pricing	1	price	1395133437487	1395133437487	1395133437580	1395133437580	OK	 
ACTION	Pricing	2	price	1395133437449	1395133437450	1395133437584	1395133437584	OK	 
ACTION	Pricing	3	price	1395133437506	1395133437506	1395133437642	1395133437642	OK	 
ACTION	Pricing	1	price	1395133437581	1395133437581	1395133437676	1395133437676	OK	 
ACTION	Pricing	2	price	1395133437585	1395133437586	1395133437712	1395133437712	OK	 
ACTION	Pricing	3	price	1395133437643	1395133437644	1395133437746	1395133437746	OK	 
ACTION	Pricing	1	price	1395133437678	1395133437678	1395133437781	1395133437781	OK	 
ACTION	Pricing	2	price	1395133437714	1395133437714	1395133437815	1395133437815	OK	 
ACTION	Pricing	3	price	1395133437748	1395133437748	1395133437848	1395133437849	OK	 
ACTION	Pricing	1	price	1395133437782	1395133437783	1395133437883	1395133437884	OK	 
ACTION	Pricing	2	price	1395133437817	1395133437817	1395133437912	1395133437912	OK	 
ACTION	Pricing	3	price	1395133437850	1395133437850	1395133437944	1395133437944	OK	 
ACTION	Pricing	1	price	1395133437885	1395133437885	1395133437975	1395133437975	OK	 
ACTION	Pricing	2	price	1395133437913	1395133437914	1395133438006	1395133438006	OK	 
ACTION	Pricing	3	price	1395133437945	1395133437946	1395133438036	1395133438036	OK	 
ACTION	Pricing	1	price	1395133437977	1395133437977	1395133438070	1395133438070	OK	 
ACTION	Pricing	2	price	1395133438007	1395133438008	1395133438105	1395133438105	OK	 
ACTION	Pricing	3	price	1395133438038	1395133438038	1395133438136	1395133438136	OK	 
ACTION	Pricing	1	price	1395133438072	1395133438073	1395133438169	1395133438169	OK	 
ACTION	Pricing	2	price	1395133438106	1395133438107	1395133438237	1395133438237	OK	 
ACTION	Pricing	3	price	1395133438138	1395133438138	1395133438281	1395133438281	OK	 
ACTION	Pricing	1	price	1395133438170	1395133438171	1395133438301	1395133438302	OK	 
ACTION	Pricing	2	price	1395133438239	1395133438240	1395133438332	1395133438332	OK	 
ACTION	Pricing	3	price	1395133438283	1395133438283	1395133438365	1395133438365	OK	 
ACTION	Pricing	1	price	1395133438303	1395133438304	1395133438403	1395133438403	OK	 
ACTION	Pricing	2	price	1395133438333	1395133438333	1395133438437	1395133438438	OK	 
ACTION	Pricing	3	price	1395133438366	1395133438367	1395133438470	1395133438471	OK	 
ACTION	Pricing	1	price	1395133438405	1395133438406	1395133438507	1395133438507	OK	 
ACTION	Pricing	2	price	1395133438439	1395133438439	1395133438543	1395133438544	OK	 
ACTION	Pricing	3	price	1395133438472	1395133438472	1395133438575	1395133438575	OK	 
ACTION	Pricing	1	price	1395133438508	1395133438509	1395133438609	1395133438609	OK	 
ACTION	Pricing	2	price	1395133438545	1395133438546	1395133438650	1395133438650	OK	 
ACTION	Pricing	3	price	1395133438577	1395133438577	1395133438683	1395133438683	OK	 
ACTION	Pricing	1	price	1395133438610	1395133438611	1395133438715	1395133438715	OK	 
ACTION	Pricing	2	price	1395133438651	1395133438652	1395133438749	1395133438749	OK	 
ACTION	Pricing	3	price	1395133438685	1395133438685	1395133438780	1395133438780	OK	 
ACTION	Pricing	1	price	1395133438717	1395133438717	1395133438813	1395133438813	OK	 
ACTION	Pricing	2	price	1395133438751	1395133438752	1395133438845	1395133438845	OK	 
ACTION	Pricing	3	price	1395133438782	1395133438782	1395133438879	1395133438880	OK	 
ACTION	Pricing	1	price	1395133438814	1395133438815	1395133438913	1395133438913	OK	 
ACTION	Pricing	2	price	1395133438846	1395133438847	1395133438946	1395133438947	OK	 
ACTION	Pricing	3	price	1395133438881	1395133438882	1395133438983	1395133438984	OK	 
ACTION	Pricing	1	price	1395133438914	1395133438915	1395133439015	1395133439016	OK	 
ACTION	Pricing	2	price	1395133438948	1395133438949	1395133439053	1395133439053	OK	 
ACTION	Pricing	3	price	1395133438985	1395133438986	1395133439087	1395133439087	OK	 
ACTION	Pricing	1	price	1395133439017	1395133439017	1395133439123	1395133439124	OK	 
ACTION	Pricing	2	price	1395133439054	1395133439055	1395133439155	1395133439155	OK	 
ACTION	Pricing	3	price	1395133439089	1395133439089	1395133439190	1395133439190	OK	 
ACTION	Pricing	1	price	1395133439125	1395133439126	1395133439223	1395133439223	OK	 
ACTION	Pricing	2	price	1395133439157	1395133439157	1395133439256	1395133439256	OK	 
ACTION	Pricing	3	price	1395133439191	1395133439191	1395133439290	1395133439291	OK	 
ACTION	Pricing	1	price	1395133439225	1395133439225	1395133439324	1395133439325	OK	 
ACTION	Pricing	2	price	1395133439257	1395133439258	1395133439359	1395133439360	OK	 
ACTION	Pricing	3	price	1395133439293	1395133439294	1395133439394	1395133439394	OK	 
ACTION	Pricing	1	price	1395133439326	1395133439327	1395133439427	1395133439427	OK	 
ACTION	Pricing	2	price	1395133439361	1395133439362	1395133439462	1395133439463	OK	 
ACTION	Pricing	3	price	1395133439396	1395133439397	1395133439499	1395133439499	OK	 
ACTION	Pricing	1	price	1395133439429	1395133439430	1395133439537	1395133439537	OK	 
ACTION	Pricing	2	price	1395133439467	1395133439472	1395133439575	1395133439575	OK	 
ACTION	Pricing	3	price	1395133439501	1395133439502	1395133439631	1395133439631	OK	 
ACTION	Pricing	1	price	1395133439539	1395133439539	1395133439665	1395133439665	OK	 
ACTION	Pricing	2	price	1395133439577	1395133439577	1395133439733	1395133439733	OK	 
ACTION	Pricing	3	price	1395133439633	1395133439633	1395133439759	1395133439760	OK	 
ACTION	Pricing	1	price	1395133439667	1395133439667	1395133439794	1395133439794	OK	 
ACTION	Pricing	2	price	1395133439735	1395133439736	1395133439827	1395133439827	OK	 
SCENARIO	Pricing	2	END	1395133439828
ACTION	Pricing	3	price	1395133439761	1395133439762	1395133439860	1395133439860	OK	 
SCENARIO	Pricing	3	END	1395133439861
ACTION	Pricing	1	price	1395133439796	1395133439796	1395133439890	1395133439891	OK	 
SCENARIO	Pricing	1	END	1395133439891
