RUN	20140318085852	pricingsimulation	pricingsimulation
SCENARIO	Pricing	1	START	1395133135694
SCENARIO	Pricing	3	START	1395133135739
SCENARIO	Pricing	2	START	1395133135739
ACTION	Pricing	2	price	1395133135781	1395133135799	1395133136308	1395133136327	OK	 
ACTION	Pricing	1	price	1395133135762	1395133135782	1395133136308	1395133136327	OK	 
ACTION	Pricing	3	price	1395133135778	1395133135785	1395133136308	1395133136327	OK	 
ACTION	Pricing	1	price	1395133136384	1395133136390	1395133136430	1395133136430	OK	 
ACTION	Pricing	3	price	1395133136486	1395133136490	1395133136643	1395133136643	OK	 
ACTION	Pricing	1	price	1395133136502	1395133136503	1395133136688	1395133136688	OK	 
ACTION	Pricing	2	price	1395133136500	1395133136502	1395133136721	1395133136721	OK	 
ACTION	Pricing	3	price	1395133136644	1395133136646	1395133136757	1395133136757	OK	 
ACTION	Pricing	1	price	1395133136690	1395133136692	1395133136798	1395133136798	OK	 
ACTION	Pricing	2	price	1395133136723	1395133136726	1395133136832	1395133136832	OK	 
ACTION	Pricing	3	price	1395133136758	1395133136759	1395133136871	1395133136871	OK	 
ACTION	Pricing	1	price	1395133136800	1395133136801	1395133136911	1395133136911	OK	 
ACTION	Pricing	2	price	1395133136834	1395133136835	1395133136952	1395133136952	OK	 
ACTION	Pricing	3	price	1395133136873	1395133136874	1395133136984	1395133136984	OK	 
ACTION	Pricing	1	price	1395133136913	1395133136914	1395133137021	1395133137021	OK	 
ACTION	Pricing	2	price	1395133136954	1395133136955	1395133137055	1395133137055	OK	 
ACTION	Pricing	3	price	1395133136986	1395133136988	1395133137096	1395133137097	OK	 
ACTION	Pricing	1	price	1395133137023	1395133137025	1395133137131	1395133137131	OK	 
ACTION	Pricing	2	price	1395133137057	1395133137059	1395133137164	1395133137164	OK	 
ACTION	Pricing	3	price	1395133137098	1395133137100	1395133137195	1395133137195	OK	 
ACTION	Pricing	1	price	1395133137133	1395133137134	1395133137232	1395133137232	OK	 
ACTION	Pricing	2	price	1395133137166	1395133137168	1395133137270	1395133137270	OK	 
ACTION	Pricing	3	price	1395133137197	1395133137198	1395133137302	1395133137302	OK	 
ACTION	Pricing	1	price	1395133137235	1395133137237	1395133137338	1395133137338	OK	 
ACTION	Pricing	2	price	1395133137272	1395133137274	1395133137375	1395133137376	OK	 
ACTION	Pricing	3	price	1395133137304	1395133137305	1395133137413	1395133137413	OK	 
ACTION	Pricing	1	price	1395133137340	1395133137341	1395133137445	1395133137446	OK	 
ACTION	Pricing	2	price	1395133137378	1395133137379	1395133137482	1395133137482	OK	 
ACTION	Pricing	3	price	1395133137415	1395133137416	1395133137514	1395133137515	OK	 
ACTION	Pricing	1	price	1395133137448	1395133137449	1395133137549	1395133137549	OK	 
ACTION	Pricing	2	price	1395133137484	1395133137486	1395133137581	1395133137581	OK	 
ACTION	Pricing	3	price	1395133137517	1395133137519	1395133137612	1395133137612	OK	 
ACTION	Pricing	1	price	1395133137551	1395133137552	1395133137652	1395133137653	OK	 
ACTION	Pricing	2	price	1395133137583	1395133137584	1395133137681	1395133137681	OK	 
ACTION	Pricing	3	price	1395133137614	1395133137615	1395133137716	1395133137717	OK	 
ACTION	Pricing	1	price	1395133137656	1395133137657	1395133137749	1395133137749	OK	 
ACTION	Pricing	2	price	1395133137683	1395133137684	1395133137785	1395133137786	OK	 
ACTION	Pricing	3	price	1395133137719	1395133137720	1395133137819	1395133137819	OK	 
ACTION	Pricing	1	price	1395133137751	1395133137752	1395133137840	1395133137841	OK	 
ACTION	Pricing	2	price	1395133137788	1395133137788	1395133137869	1395133137869	OK	 
ACTION	Pricing	3	price	1395133137821	1395133137821	1395133137907	1395133137907	OK	 
ACTION	Pricing	1	price	1395133137843	1395133137843	1395133137937	1395133137937	OK	 
ACTION	Pricing	2	price	1395133137871	1395133137871	1395133137966	1395133137966	OK	 
ACTION	Pricing	3	price	1395133137910	1395133137911	1395133137997	1395133137997	OK	 
ACTION	Pricing	1	price	1395133137939	1395133137939	1395133138030	1395133138030	OK	 
ACTION	Pricing	2	price	1395133137968	1395133137969	1395133138060	1395133138061	OK	 
ACTION	Pricing	3	price	1395133137999	1395133137999	1395133138092	1395133138092	OK	 
ACTION	Pricing	1	price	1395133138032	1395133138033	1395133138126	1395133138126	OK	 
ACTION	Pricing	2	price	1395133138063	1395133138063	1395133138160	1395133138162	OK	 
ACTION	Pricing	3	price	1395133138094	1395133138095	1395133138197	1395133138198	OK	 
ACTION	Pricing	1	price	1395133138128	1395133138129	1395133138237	1395133138237	OK	 
ACTION	Pricing	2	price	1395133138164	1395133138164	1395133138266	1395133138266	OK	 
ACTION	Pricing	3	price	1395133138199	1395133138200	1395133138300	1395133138300	OK	 
ACTION	Pricing	1	price	1395133138239	1395133138239	1395133138323	1395133138323	OK	 
ACTION	Pricing	2	price	1395133138268	1395133138269	1395133138354	1395133138354	OK	 
ACTION	Pricing	3	price	1395133138302	1395133138303	1395133138385	1395133138386	OK	 
ACTION	Pricing	1	price	1395133138325	1395133138326	1395133138413	1395133138413	OK	 
ACTION	Pricing	2	price	1395133138355	1395133138356	1395133138448	1395133138449	OK	 
ACTION	Pricing	3	price	1395133138387	1395133138388	1395133138479	1395133138479	OK	 
ACTION	Pricing	1	price	1395133138416	1395133138416	1395133138512	1395133138513	OK	 
ACTION	Pricing	2	price	1395133138451	1395133138452	1395133138541	1395133138542	OK	 
ACTION	Pricing	3	price	1395133138481	1395133138482	1395133138572	1395133138572	OK	 
ACTION	Pricing	1	price	1395133138515	1395133138516	1395133138604	1395133138604	OK	 
ACTION	Pricing	2	price	1395133138543	1395133138544	1395133138634	1395133138635	OK	 
ACTION	Pricing	3	price	1395133138574	1395133138575	1395133138665	1395133138665	OK	 
ACTION	Pricing	1	price	1395133138606	1395133138607	1395133138696	1395133138696	OK	 
ACTION	Pricing	2	price	1395133138636	1395133138637	1395133138727	1395133138727	OK	 
ACTION	Pricing	3	price	1395133138667	1395133138667	1395133138762	1395133138763	OK	 
ACTION	Pricing	1	price	1395133138698	1395133138699	1395133138793	1395133138793	OK	 
ACTION	Pricing	2	price	1395133138729	1395133138730	1395133138822	1395133138822	OK	 
ACTION	Pricing	3	price	1395133138764	1395133138765	1395133138854	1395133138854	OK	 
ACTION	Pricing	1	price	1395133138795	1395133138795	1395133138887	1395133138888	OK	 
ACTION	Pricing	2	price	1395133138823	1395133138824	1395133138919	1395133138919	OK	 
ACTION	Pricing	3	price	1395133138856	1395133138856	1395133138951	1395133138951	OK	 
ACTION	Pricing	1	price	1395133138890	1395133138890	1395133138981	1395133138981	OK	 
ACTION	Pricing	2	price	1395133138921	1395133138922	1395133139010	1395133139011	OK	 
ACTION	Pricing	3	price	1395133138953	1395133138954	1395133139040	1395133139040	OK	 
ACTION	Pricing	1	price	1395133138983	1395133138984	1395133139069	1395133139070	OK	 
ACTION	Pricing	2	price	1395133139012	1395133139013	1395133139099	1395133139099	OK	 
ACTION	Pricing	3	price	1395133139042	1395133139042	1395133139127	1395133139128	OK	 
ACTION	Pricing	1	price	1395133139071	1395133139072	1395133139156	1395133139157	OK	 
ACTION	Pricing	2	price	1395133139101	1395133139102	1395133139191	1395133139191	OK	 
ACTION	Pricing	3	price	1395133139129	1395133139130	1395133139221	1395133139221	OK	 
ACTION	Pricing	1	price	1395133139159	1395133139159	1395133139249	1395133139250	OK	 
ACTION	Pricing	2	price	1395133139193	1395133139193	1395133139281	1395133139281	OK	 
ACTION	Pricing	3	price	1395133139223	1395133139223	1395133139310	1395133139310	OK	 
ACTION	Pricing	1	price	1395133139251	1395133139252	1395133139353	1395133139354	OK	 
ACTION	Pricing	2	price	1395133139283	1395133139283	1395133139380	1395133139380	OK	 
ACTION	Pricing	3	price	1395133139312	1395133139314	1395133139410	1395133139411	OK	 
ACTION	Pricing	1	price	1395133139355	1395133139356	1395133139443	1395133139443	OK	 
ACTION	Pricing	2	price	1395133139381	1395133139382	1395133139471	1395133139472	OK	 
ACTION	Pricing	3	price	1395133139412	1395133139413	1395133139501	1395133139502	OK	 
ACTION	Pricing	1	price	1395133139445	1395133139445	1395133139533	1395133139534	OK	 
ACTION	Pricing	2	price	1395133139473	1395133139474	1395133139561	1395133139562	OK	 
ACTION	Pricing	3	price	1395133139503	1395133139504	1395133139592	1395133139592	OK	 
ACTION	Pricing	1	price	1395133139535	1395133139536	1395133139626	1395133139627	OK	 
ACTION	Pricing	2	price	1395133139563	1395133139564	1395133139658	1395133139658	OK	 
ACTION	Pricing	3	price	1395133139594	1395133139595	1395133139687	1395133139687	OK	 
ACTION	Pricing	1	price	1395133139628	1395133139629	1395133139719	1395133139719	OK	 
ACTION	Pricing	2	price	1395133139660	1395133139660	1395133139748	1395133139748	OK	 
ACTION	Pricing	3	price	1395133139690	1395133139690	1395133139785	1395133139785	OK	 
ACTION	Pricing	1	price	1395133139721	1395133139722	1395133139815	1395133139815	OK	 
ACTION	Pricing	2	price	1395133139750	1395133139750	1395133139845	1395133139845	OK	 
ACTION	Pricing	3	price	1395133139787	1395133139787	1395133139885	1395133139886	OK	 
ACTION	Pricing	1	price	1395133139817	1395133139817	1395133139908	1395133139908	OK	 
ACTION	Pricing	2	price	1395133139848	1395133139848	1395133139939	1395133139939	OK	 
ACTION	Pricing	3	price	1395133139887	1395133139888	1395133139969	1395133139969	OK	 
ACTION	Pricing	1	price	1395133139910	1395133139911	1395133140002	1395133140002	OK	 
ACTION	Pricing	2	price	1395133139941	1395133139941	1395133140033	1395133140034	OK	 
ACTION	Pricing	3	price	1395133139971	1395133139971	1395133140066	1395133140066	OK	 
ACTION	Pricing	1	price	1395133140004	1395133140004	1395133140097	1395133140097	OK	 
ACTION	Pricing	2	price	1395133140035	1395133140036	1395133140129	1395133140129	OK	 
ACTION	Pricing	3	price	1395133140067	1395133140069	1395133140160	1395133140160	OK	 
ACTION	Pricing	1	price	1395133140098	1395133140099	1395133140192	1395133140192	OK	 
ACTION	Pricing	2	price	1395133140131	1395133140131	1395133140220	1395133140220	OK	 
ACTION	Pricing	3	price	1395133140162	1395133140163	1395133140250	1395133140250	OK	 
ACTION	Pricing	1	price	1395133140194	1395133140194	1395133140277	1395133140278	OK	 
ACTION	Pricing	2	price	1395133140222	1395133140222	1395133140308	1395133140309	OK	 
ACTION	Pricing	3	price	1395133140252	1395133140253	1395133140336	1395133140336	OK	 
ACTION	Pricing	1	price	1395133140279	1395133140280	1395133140366	1395133140366	OK	 
ACTION	Pricing	2	price	1395133140311	1395133140311	1395133140394	1395133140394	OK	 
ACTION	Pricing	3	price	1395133140338	1395133140339	1395133140425	1395133140426	OK	 
ACTION	Pricing	1	price	1395133140368	1395133140368	1395133140454	1395133140455	OK	 
ACTION	Pricing	2	price	1395133140395	1395133140396	1395133140487	1395133140487	OK	 
ACTION	Pricing	3	price	1395133140427	1395133140428	1395133140528	1395133140528	OK	 
ACTION	Pricing	1	price	1395133140456	1395133140457	1395133140557	1395133140557	OK	 
ACTION	Pricing	2	price	1395133140489	1395133140489	1395133140585	1395133140585	OK	 
ACTION	Pricing	3	price	1395133140530	1395133140530	1395133140615	1395133140616	OK	 
ACTION	Pricing	1	price	1395133140558	1395133140559	1395133140646	1395133140646	OK	 
ACTION	Pricing	2	price	1395133140587	1395133140587	1395133140677	1395133140677	OK	 
ACTION	Pricing	3	price	1395133140618	1395133140618	1395133140705	1395133140705	OK	 
ACTION	Pricing	1	price	1395133140648	1395133140649	1395133140734	1395133140735	OK	 
ACTION	Pricing	2	price	1395133140679	1395133140680	1395133140767	1395133140767	OK	 
ACTION	Pricing	3	price	1395133140707	1395133140707	1395133140799	1395133140800	OK	 
ACTION	Pricing	1	price	1395133140736	1395133140737	1395133140831	1395133140831	OK	 
ACTION	Pricing	2	price	1395133140769	1395133140769	1395133140864	1395133140864	OK	 
ACTION	Pricing	3	price	1395133140801	1395133140802	1395133140897	1395133140897	OK	 
ACTION	Pricing	1	price	1395133140832	1395133140833	1395133140930	1395133140931	OK	 
ACTION	Pricing	2	price	1395133140866	1395133140866	1395133140965	1395133140965	OK	 
ACTION	Pricing	3	price	1395133140899	1395133140900	1395133140996	1395133140996	OK	 
ACTION	Pricing	1	price	1395133140932	1395133140933	1395133141026	1395133141027	OK	 
ACTION	Pricing	2	price	1395133140967	1395133140967	1395133141061	1395133141061	OK	 
ACTION	Pricing	3	price	1395133140998	1395133140998	1395133141094	1395133141095	OK	 
ACTION	Pricing	1	price	1395133141029	1395133141029	1395133141130	1395133141131	OK	 
ACTION	Pricing	2	price	1395133141063	1395133141063	1395133141161	1395133141161	OK	 
ACTION	Pricing	3	price	1395133141096	1395133141097	1395133141194	1395133141194	OK	 
ACTION	Pricing	1	price	1395133141132	1395133141133	1395133141227	1395133141227	OK	 
ACTION	Pricing	2	price	1395133141163	1395133141163	1395133141258	1395133141258	OK	 
ACTION	Pricing	3	price	1395133141195	1395133141196	1395133141291	1395133141291	OK	 
ACTION	Pricing	1	price	1395133141229	1395133141229	1395133141322	1395133141322	OK	 
ACTION	Pricing	2	price	1395133141259	1395133141260	1395133141353	1395133141353	OK	 
ACTION	Pricing	3	price	1395133141293	1395133141294	1395133141386	1395133141386	OK	 
ACTION	Pricing	1	price	1395133141324	1395133141324	1395133141416	1395133141416	OK	 
ACTION	Pricing	2	price	1395133141355	1395133141356	1395133141447	1395133141447	OK	 
ACTION	Pricing	3	price	1395133141388	1395133141388	1395133141479	1395133141480	OK	 
ACTION	Pricing	1	price	1395133141418	1395133141419	1395133141510	1395133141511	OK	 
ACTION	Pricing	2	price	1395133141449	1395133141450	1395133141542	1395133141542	OK	 
ACTION	Pricing	3	price	1395133141482	1395133141482	1395133141575	1395133141575	OK	 
ACTION	Pricing	1	price	1395133141513	1395133141513	1395133141609	1395133141609	OK	 
ACTION	Pricing	2	price	1395133141544	1395133141544	1395133141646	1395133141647	OK	 
ACTION	Pricing	3	price	1395133141577	1395133141577	1395133141680	1395133141680	OK	 
ACTION	Pricing	1	price	1395133141611	1395133141612	1395133141714	1395133141714	OK	 
ACTION	Pricing	2	price	1395133141648	1395133141649	1395133141748	1395133141749	OK	 
ACTION	Pricing	3	price	1395133141682	1395133141682	1395133141777	1395133141778	OK	 
ACTION	Pricing	1	price	1395133141716	1395133141716	1395133141811	1395133141811	OK	 
ACTION	Pricing	2	price	1395133141750	1395133141751	1395133141840	1395133141840	OK	 
ACTION	Pricing	3	price	1395133141780	1395133141780	1395133141871	1395133141871	OK	 
ACTION	Pricing	1	price	1395133141812	1395133141813	1395133141907	1395133141907	OK	 
ACTION	Pricing	2	price	1395133141841	1395133141843	1395133141939	1395133141940	OK	 
ACTION	Pricing	3	price	1395133141873	1395133141873	1395133141969	1395133141969	OK	 
ACTION	Pricing	1	price	1395133141909	1395133141909	1395133142000	1395133142001	OK	 
ACTION	Pricing	2	price	1395133141941	1395133141942	1395133142033	1395133142033	OK	 
ACTION	Pricing	3	price	1395133141970	1395133141971	1395133142068	1395133142069	OK	 
ACTION	Pricing	1	price	1395133142002	1395133142003	1395133142101	1395133142101	OK	 
ACTION	Pricing	2	price	1395133142035	1395133142036	1395133142133	1395133142133	OK	 
ACTION	Pricing	3	price	1395133142070	1395133142071	1395133142165	1395133142165	OK	 
ACTION	Pricing	1	price	1395133142103	1395133142103	1395133142198	1395133142198	OK	 
ACTION	Pricing	2	price	1395133142134	1395133142135	1395133142232	1395133142232	OK	 
ACTION	Pricing	3	price	1395133142167	1395133142168	1395133142263	1395133142263	OK	 
ACTION	Pricing	1	price	1395133142200	1395133142200	1395133142295	1395133142295	OK	 
ACTION	Pricing	2	price	1395133142234	1395133142234	1395133142327	1395133142328	OK	 
ACTION	Pricing	3	price	1395133142265	1395133142265	1395133142361	1395133142361	OK	 
ACTION	Pricing	1	price	1395133142297	1395133142299	1395133142396	1395133142397	OK	 
ACTION	Pricing	2	price	1395133142329	1395133142330	1395133142426	1395133142426	OK	 
ACTION	Pricing	3	price	1395133142362	1395133142363	1395133142457	1395133142457	OK	 
ACTION	Pricing	1	price	1395133142398	1395133142399	1395133142484	1395133142485	OK	 
ACTION	Pricing	2	price	1395133142428	1395133142428	1395133142518	1395133142518	OK	 
ACTION	Pricing	3	price	1395133142458	1395133142459	1395133142552	1395133142552	OK	 
ACTION	Pricing	1	price	1395133142486	1395133142487	1395133142581	1395133142582	OK	 
ACTION	Pricing	2	price	1395133142520	1395133142520	1395133142611	1395133142611	OK	 
ACTION	Pricing	3	price	1395133142554	1395133142554	1395133142642	1395133142642	OK	 
ACTION	Pricing	1	price	1395133142583	1395133142584	1395133142671	1395133142672	OK	 
ACTION	Pricing	2	price	1395133142613	1395133142614	1395133142700	1395133142700	OK	 
ACTION	Pricing	3	price	1395133142644	1395133142644	1395133142729	1395133142729	OK	 
ACTION	Pricing	1	price	1395133142674	1395133142674	1395133142761	1395133142761	OK	 
ACTION	Pricing	2	price	1395133142702	1395133142702	1395133142797	1395133142797	OK	 
ACTION	Pricing	3	price	1395133142731	1395133142732	1395133142825	1395133142826	OK	 
ACTION	Pricing	1	price	1395133142762	1395133142763	1395133142857	1395133142857	OK	 
ACTION	Pricing	2	price	1395133142799	1395133142799	1395133142889	1395133142889	OK	 
ACTION	Pricing	3	price	1395133142827	1395133142828	1395133142919	1395133142920	OK	 
ACTION	Pricing	1	price	1395133142858	1395133142860	1395133142952	1395133142952	OK	 
ACTION	Pricing	2	price	1395133142890	1395133142891	1395133143020	1395133143021	OK	 
ACTION	Pricing	3	price	1395133142921	1395133142922	1395133143087	1395133143088	OK	 
ACTION	Pricing	1	price	1395133142954	1395133142955	1395133143137	1395133143137	OK	 
ACTION	Pricing	2	price	1395133143025	1395133143026	1395133143185	1395133143186	OK	 
ACTION	Pricing	3	price	1395133143090	1395133143092	1395133143235	1395133143235	OK	 
ACTION	Pricing	1	price	1395133143140	1395133143141	1395133143275	1395133143275	OK	 
ACTION	Pricing	2	price	1395133143188	1395133143189	1395133143312	1395133143313	OK	 
ACTION	Pricing	3	price	1395133143237	1395133143239	1395133143348	1395133143348	OK	 
ACTION	Pricing	1	price	1395133143277	1395133143277	1395133143382	1395133143382	OK	 
ACTION	Pricing	2	price	1395133143315	1395133143315	1395133143415	1395133143415	OK	 
ACTION	Pricing	3	price	1395133143350	1395133143351	1395133143445	1395133143445	OK	 
ACTION	Pricing	1	price	1395133143384	1395133143384	1395133143476	1395133143476	OK	 
ACTION	Pricing	2	price	1395133143417	1395133143417	1395133143509	1395133143509	OK	 
ACTION	Pricing	3	price	1395133143447	1395133143447	1395133143540	1395133143540	OK	 
ACTION	Pricing	1	price	1395133143478	1395133143479	1395133143576	1395133143576	OK	 
ACTION	Pricing	2	price	1395133143511	1395133143512	1395133143609	1395133143609	OK	 
ACTION	Pricing	3	price	1395133143542	1395133143542	1395133143642	1395133143642	OK	 
ACTION	Pricing	1	price	1395133143578	1395133143578	1395133143678	1395133143678	OK	 
ACTION	Pricing	2	price	1395133143611	1395133143612	1395133143706	1395133143707	OK	 
ACTION	Pricing	3	price	1395133143644	1395133143644	1395133143740	1395133143740	OK	 
ACTION	Pricing	1	price	1395133143680	1395133143680	1395133143768	1395133143769	OK	 
ACTION	Pricing	2	price	1395133143708	1395133143709	1395133143804	1395133143804	OK	 
ACTION	Pricing	3	price	1395133143742	1395133143743	1395133143834	1395133143834	OK	 
ACTION	Pricing	1	price	1395133143770	1395133143771	1395133143865	1395133143865	OK	 
ACTION	Pricing	2	price	1395133143806	1395133143806	1395133143898	1395133143898	OK	 
ACTION	Pricing	3	price	1395133143836	1395133143837	1395133143934	1395133143934	OK	 
ACTION	Pricing	1	price	1395133143867	1395133143868	1395133143977	1395133143977	OK	 
ACTION	Pricing	2	price	1395133143900	1395133143900	1395133144007	1395133144007	OK	 
ACTION	Pricing	3	price	1395133143936	1395133143936	1395133144037	1395133144037	OK	 
ACTION	Pricing	1	price	1395133143979	1395133143979	1395133144064	1395133144065	OK	 
ACTION	Pricing	2	price	1395133144009	1395133144010	1395133144094	1395133144094	OK	 
ACTION	Pricing	3	price	1395133144039	1395133144039	1395133144125	1395133144125	OK	 
ACTION	Pricing	1	price	1395133144066	1395133144067	1395133144157	1395133144158	OK	 
ACTION	Pricing	2	price	1395133144096	1395133144096	1395133144191	1395133144191	OK	 
ACTION	Pricing	3	price	1395133144127	1395133144127	1395133144223	1395133144223	OK	 
ACTION	Pricing	1	price	1395133144159	1395133144160	1395133144255	1395133144255	OK	 
ACTION	Pricing	2	price	1395133144193	1395133144193	1395133144286	1395133144286	OK	 
ACTION	Pricing	3	price	1395133144225	1395133144225	1395133144317	1395133144318	OK	 
ACTION	Pricing	1	price	1395133144256	1395133144257	1395133144353	1395133144353	OK	 
ACTION	Pricing	2	price	1395133144287	1395133144288	1395133144383	1395133144383	OK	 
ACTION	Pricing	3	price	1395133144319	1395133144320	1395133144416	1395133144416	OK	 
ACTION	Pricing	1	price	1395133144354	1395133144355	1395133144446	1395133144447	OK	 
ACTION	Pricing	2	price	1395133144384	1395133144385	1395133144479	1395133144479	OK	 
ACTION	Pricing	3	price	1395133144418	1395133144418	1395133144511	1395133144511	OK	 
ACTION	Pricing	1	price	1395133144448	1395133144449	1395133144543	1395133144543	OK	 
ACTION	Pricing	2	price	1395133144481	1395133144482	1395133144576	1395133144577	OK	 
ACTION	Pricing	3	price	1395133144512	1395133144513	1395133144605	1395133144605	OK	 
ACTION	Pricing	1	price	1395133144545	1395133144545	1395133144634	1395133144634	OK	 
ACTION	Pricing	2	price	1395133144578	1395133144579	1395133144661	1395133144661	OK	 
ACTION	Pricing	3	price	1395133144607	1395133144607	1395133144689	1395133144689	OK	 
ACTION	Pricing	1	price	1395133144636	1395133144636	1395133144720	1395133144720	OK	 
ACTION	Pricing	2	price	1395133144663	1395133144663	1395133144753	1395133144754	OK	 
ACTION	Pricing	3	price	1395133144691	1395133144691	1395133144797	1395133144798	OK	 
ACTION	Pricing	1	price	1395133144722	1395133144723	1395133144829	1395133144829	OK	 
ACTION	Pricing	2	price	1395133144755	1395133144756	1395133144858	1395133144859	OK	 
ACTION	Pricing	3	price	1395133144799	1395133144801	1395133144886	1395133144887	OK	 
ACTION	Pricing	1	price	1395133144831	1395133144831	1395133144919	1395133144919	OK	 
ACTION	Pricing	2	price	1395133144861	1395133144861	1395133144949	1395133144949	OK	 
ACTION	Pricing	3	price	1395133144889	1395133144889	1395133144980	1395133144980	OK	 
ACTION	Pricing	1	price	1395133144920	1395133144921	1395133145009	1395133145009	OK	 
ACTION	Pricing	2	price	1395133144951	1395133144952	1395133145051	1395133145051	OK	 
ACTION	Pricing	3	price	1395133144982	1395133144982	1395133145078	1395133145078	OK	 
ACTION	Pricing	1	price	1395133145011	1395133145012	1395133145107	1395133145108	OK	 
ACTION	Pricing	2	price	1395133145052	1395133145053	1395133145146	1395133145147	OK	 
ACTION	Pricing	3	price	1395133145079	1395133145080	1395133145199	1395133145199	OK	 
ACTION	Pricing	1	price	1395133145109	1395133145110	1395133145235	1395133145235	OK	 
ACTION	Pricing	2	price	1395133145148	1395133145149	1395133145272	1395133145272	OK	 
ACTION	Pricing	3	price	1395133145201	1395133145202	1395133145310	1395133145311	OK	 
ACTION	Pricing	1	price	1395133145237	1395133145238	1395133145357	1395133145357	OK	 
ACTION	Pricing	2	price	1395133145274	1395133145275	1395133145391	1395133145391	OK	 
ACTION	Pricing	3	price	1395133145313	1395133145313	1395133145426	1395133145426	OK	 
ACTION	Pricing	1	price	1395133145360	1395133145360	1395133145461	1395133145461	OK	 
ACTION	Pricing	2	price	1395133145393	1395133145394	1395133145497	1395133145497	OK	 
ACTION	Pricing	3	price	1395133145428	1395133145429	1395133145529	1395133145530	OK	 
ACTION	Pricing	1	price	1395133145463	1395133145464	1395133145559	1395133145560	OK	 
ACTION	Pricing	2	price	1395133145499	1395133145499	1395133145595	1395133145595	OK	 
ACTION	Pricing	3	price	1395133145532	1395133145533	1395133145630	1395133145631	OK	 
ACTION	Pricing	1	price	1395133145561	1395133145562	1395133145669	1395133145669	OK	 
ACTION	Pricing	2	price	1395133145596	1395133145597	1395133145703	1395133145703	OK	 
ACTION	Pricing	3	price	1395133145634	1395133145637	1395133145742	1395133145742	OK	 
ACTION	Pricing	1	price	1395133145672	1395133145673	1395133145779	1395133145780	OK	 
ACTION	Pricing	2	price	1395133145705	1395133145705	1395133145817	1395133145818	OK	 
ACTION	Pricing	3	price	1395133145745	1395133145746	1395133145852	1395133145852	OK	 
ACTION	Pricing	1	price	1395133145782	1395133145782	1395133145887	1395133145887	OK	 
ACTION	Pricing	2	price	1395133145820	1395133145820	1395133145933	1395133145933	OK	 
ACTION	Pricing	3	price	1395133145854	1395133145855	1395133145962	1395133145962	OK	 
ACTION	Pricing	1	price	1395133145889	1395133145890	1395133145999	1395133145999	OK	 
ACTION	Pricing	2	price	1395133145936	1395133145936	1395133146031	1395133146031	OK	 
ACTION	Pricing	3	price	1395133145964	1395133145967	1395133146070	1395133146071	OK	 
ACTION	Pricing	1	price	1395133146001	1395133146001	1395133146105	1395133146105	OK	 
ACTION	Pricing	2	price	1395133146033	1395133146033	1395133146142	1395133146142	OK	 
ACTION	Pricing	3	price	1395133146073	1395133146073	1395133146176	1395133146176	OK	 
ACTION	Pricing	1	price	1395133146107	1395133146108	1395133146207	1395133146208	OK	 
ACTION	Pricing	2	price	1395133146144	1395133146146	1395133146239	1395133146240	OK	 
ACTION	Pricing	3	price	1395133146178	1395133146179	1395133146272	1395133146272	OK	 
ACTION	Pricing	1	price	1395133146209	1395133146209	1395133146302	1395133146303	OK	 
ACTION	Pricing	2	price	1395133146242	1395133146243	1395133146339	1395133146339	OK	 
ACTION	Pricing	3	price	1395133146274	1395133146274	1395133146373	1395133146374	OK	 
ACTION	Pricing	1	price	1395133146304	1395133146306	1395133146410	1395133146411	OK	 
ACTION	Pricing	2	price	1395133146341	1395133146341	1395133146439	1395133146440	OK	 
ACTION	Pricing	3	price	1395133146375	1395133146377	1395133146478	1395133146478	OK	 
ACTION	Pricing	1	price	1395133146412	1395133146412	1395133146511	1395133146511	OK	 
ACTION	Pricing	2	price	1395133146442	1395133146444	1395133146543	1395133146543	OK	 
ACTION	Pricing	3	price	1395133146480	1395133146481	1395133146576	1395133146576	OK	 
ACTION	Pricing	1	price	1395133146513	1395133146514	1395133146608	1395133146608	OK	 
ACTION	Pricing	2	price	1395133146545	1395133146546	1395133146644	1395133146644	OK	 
ACTION	Pricing	3	price	1395133146578	1395133146578	1395133146679	1395133146679	OK	 
ACTION	Pricing	1	price	1395133146610	1395133146611	1395133146713	1395133146713	OK	 
ACTION	Pricing	2	price	1395133146646	1395133146647	1395133146747	1395133146747	OK	 
ACTION	Pricing	3	price	1395133146681	1395133146681	1395133146783	1395133146784	OK	 
ACTION	Pricing	1	price	1395133146715	1395133146716	1395133146832	1395133146833	OK	 
ACTION	Pricing	2	price	1395133146749	1395133146750	1395133146862	1395133146862	OK	 
ACTION	Pricing	3	price	1395133146786	1395133146786	1395133146902	1395133146903	OK	 
ACTION	Pricing	1	price	1395133146835	1395133146835	1395133146942	1395133146942	OK	 
ACTION	Pricing	2	price	1395133146864	1395133146864	1395133146978	1395133146978	OK	 
ACTION	Pricing	3	price	1395133146904	1395133146905	1395133147011	1395133147012	OK	 
ACTION	Pricing	1	price	1395133146944	1395133146944	1395133147047	1395133147047	OK	 
ACTION	Pricing	2	price	1395133146980	1395133146981	1395133147085	1395133147085	OK	 
ACTION	Pricing	3	price	1395133147015	1395133147015	1395133147119	1395133147119	OK	 
ACTION	Pricing	1	price	1395133147049	1395133147050	1395133147166	1395133147166	OK	 
ACTION	Pricing	2	price	1395133147087	1395133147087	1395133147205	1395133147205	OK	 
ACTION	Pricing	3	price	1395133147120	1395133147121	1395133147240	1395133147240	OK	 
ACTION	Pricing	1	price	1395133147168	1395133147168	1395133147271	1395133147272	OK	 
ACTION	Pricing	2	price	1395133147207	1395133147207	1395133147304	1395133147304	OK	 
ACTION	Pricing	3	price	1395133147241	1395133147242	1395133147337	1395133147337	OK	 
ACTION	Pricing	1	price	1395133147273	1395133147273	1395133147372	1395133147372	OK	 
ACTION	Pricing	2	price	1395133147306	1395133147306	1395133147400	1395133147401	OK	 
ACTION	Pricing	3	price	1395133147339	1395133147340	1395133147433	1395133147433	OK	 
ACTION	Pricing	1	price	1395133147374	1395133147375	1395133147468	1395133147468	OK	 
ACTION	Pricing	2	price	1395133147402	1395133147402	1395133147500	1395133147501	OK	 
ACTION	Pricing	3	price	1395133147435	1395133147435	1395133147533	1395133147533	OK	 
ACTION	Pricing	1	price	1395133147470	1395133147471	1395133147566	1395133147567	OK	 
ACTION	Pricing	2	price	1395133147503	1395133147503	1395133147602	1395133147602	OK	 
ACTION	Pricing	3	price	1395133147535	1395133147535	1395133147638	1395133147639	OK	 
ACTION	Pricing	1	price	1395133147568	1395133147569	1395133147672	1395133147672	OK	 
ACTION	Pricing	2	price	1395133147604	1395133147604	1395133147704	1395133147705	OK	 
ACTION	Pricing	3	price	1395133147640	1395133147641	1395133147738	1395133147738	OK	 
ACTION	Pricing	1	price	1395133147674	1395133147675	1395133147786	1395133147786	OK	 
ACTION	Pricing	2	price	1395133147706	1395133147707	1395133147819	1395133147819	OK	 
ACTION	Pricing	3	price	1395133147740	1395133147740	1395133147853	1395133147853	OK	 
ACTION	Pricing	1	price	1395133147788	1395133147788	1395133147888	1395133147889	OK	 
ACTION	Pricing	2	price	1395133147821	1395133147822	1395133147924	1395133147924	OK	 
ACTION	Pricing	3	price	1395133147855	1395133147856	1395133147959	1395133147959	OK	 
ACTION	Pricing	1	price	1395133147891	1395133147892	1395133147996	1395133147996	OK	 
ACTION	Pricing	2	price	1395133147926	1395133147927	1395133148034	1395133148035	OK	 
ACTION	Pricing	3	price	1395133147961	1395133147962	1395133148072	1395133148072	OK	 
ACTION	Pricing	1	price	1395133147998	1395133147998	1395133148109	1395133148109	OK	 
ACTION	Pricing	2	price	1395133148036	1395133148037	1395133148143	1395133148144	OK	 
ACTION	Pricing	3	price	1395133148074	1395133148075	1395133148180	1395133148180	OK	 
ACTION	Pricing	1	price	1395133148111	1395133148111	1395133148211	1395133148212	OK	 
ACTION	Pricing	2	price	1395133148145	1395133148146	1395133148248	1395133148249	OK	 
ACTION	Pricing	3	price	1395133148182	1395133148182	1395133148281	1395133148281	OK	 
ACTION	Pricing	1	price	1395133148213	1395133148214	1395133148318	1395133148318	OK	 
ACTION	Pricing	2	price	1395133148250	1395133148251	1395133148351	1395133148351	OK	 
ACTION	Pricing	3	price	1395133148283	1395133148284	1395133148390	1395133148391	OK	 
ACTION	Pricing	1	price	1395133148321	1395133148322	1395133148422	1395133148423	OK	 
ACTION	Pricing	2	price	1395133148353	1395133148354	1395133148455	1395133148456	OK	 
ACTION	Pricing	3	price	1395133148392	1395133148393	1395133148491	1395133148492	OK	 
ACTION	Pricing	1	price	1395133148424	1395133148425	1395133148525	1395133148525	OK	 
ACTION	Pricing	2	price	1395133148457	1395133148458	1395133148568	1395133148568	OK	 
ACTION	Pricing	3	price	1395133148493	1395133148493	1395133148591	1395133148591	OK	 
ACTION	Pricing	1	price	1395133148526	1395133148527	1395133148629	1395133148630	OK	 
ACTION	Pricing	2	price	1395133148570	1395133148570	1395133148665	1395133148665	OK	 
ACTION	Pricing	3	price	1395133148593	1395133148594	1395133148702	1395133148702	OK	 
ACTION	Pricing	1	price	1395133148632	1395133148632	1395133148759	1395133148759	OK	 
ACTION	Pricing	2	price	1395133148668	1395133148668	1395133148794	1395133148794	OK	 
ACTION	Pricing	3	price	1395133148704	1395133148704	1395133148836	1395133148837	OK	 
ACTION	Pricing	1	price	1395133148761	1395133148761	1395133148872	1395133148873	OK	 
ACTION	Pricing	2	price	1395133148796	1395133148796	1395133148914	1395133148915	OK	 
ACTION	Pricing	3	price	1395133148839	1395133148840	1395133148963	1395133148963	OK	 
ACTION	Pricing	1	price	1395133148875	1395133148876	1395133148998	1395133148998	OK	 
ACTION	Pricing	2	price	1395133148917	1395133148917	1395133149033	1395133149033	OK	 
ACTION	Pricing	3	price	1395133148965	1395133148965	1395133149076	1395133149076	OK	 
ACTION	Pricing	1	price	1395133149000	1395133149000	1395133149112	1395133149112	OK	 
ACTION	Pricing	2	price	1395133149035	1395133149036	1395133149151	1395133149152	OK	 
ACTION	Pricing	3	price	1395133149078	1395133149079	1395133149191	1395133149191	OK	 
ACTION	Pricing	1	price	1395133149114	1395133149115	1395133149225	1395133149225	OK	 
ACTION	Pricing	2	price	1395133149154	1395133149154	1395133149260	1395133149260	OK	 
ACTION	Pricing	3	price	1395133149193	1395133149193	1395133149294	1395133149294	OK	 
ACTION	Pricing	1	price	1395133149227	1395133149228	1395133149325	1395133149326	OK	 
ACTION	Pricing	2	price	1395133149262	1395133149263	1395133149359	1395133149360	OK	 
ACTION	Pricing	3	price	1395133149296	1395133149297	1395133149384	1395133149384	OK	 
ACTION	Pricing	1	price	1395133149327	1395133149328	1395133149414	1395133149414	OK	 
ACTION	Pricing	2	price	1395133149361	1395133149362	1395133149445	1395133149445	OK	 
ACTION	Pricing	3	price	1395133149386	1395133149386	1395133149479	1395133149479	OK	 
ACTION	Pricing	1	price	1395133149415	1395133149416	1395133149508	1395133149508	OK	 
ACTION	Pricing	2	price	1395133149446	1395133149447	1395133149539	1395133149539	OK	 
ACTION	Pricing	3	price	1395133149481	1395133149481	1395133149572	1395133149573	OK	 
ACTION	Pricing	1	price	1395133149510	1395133149510	1395133149606	1395133149606	OK	 
ACTION	Pricing	2	price	1395133149540	1395133149541	1395133149640	1395133149641	OK	 
ACTION	Pricing	3	price	1395133149574	1395133149575	1395133149674	1395133149674	OK	 
ACTION	Pricing	1	price	1395133149608	1395133149608	1395133149707	1395133149708	OK	 
ACTION	Pricing	2	price	1395133149643	1395133149644	1395133149744	1395133149745	OK	 
ACTION	Pricing	3	price	1395133149676	1395133149676	1395133149777	1395133149778	OK	 
ACTION	Pricing	1	price	1395133149709	1395133149710	1395133149809	1395133149810	OK	 
ACTION	Pricing	2	price	1395133149746	1395133149747	1395133149842	1395133149842	OK	 
ACTION	Pricing	3	price	1395133149779	1395133149780	1395133149876	1395133149876	OK	 
ACTION	Pricing	1	price	1395133149811	1395133149812	1395133149912	1395133149912	OK	 
ACTION	Pricing	2	price	1395133149847	1395133149847	1395133149948	1395133149948	OK	 
ACTION	Pricing	3	price	1395133149878	1395133149878	1395133149986	1395133149987	OK	 
ACTION	Pricing	1	price	1395133149914	1395133149915	1395133150025	1395133150026	OK	 
ACTION	Pricing	2	price	1395133149950	1395133149951	1395133150067	1395133150067	OK	 
ACTION	Pricing	3	price	1395133149989	1395133149989	1395133150103	1395133150103	OK	 
ACTION	Pricing	1	price	1395133150028	1395133150029	1395133150140	1395133150140	OK	 
ACTION	Pricing	2	price	1395133150069	1395133150070	1395133150175	1395133150175	OK	 
ACTION	Pricing	3	price	1395133150105	1395133150106	1395133150211	1395133150211	OK	 
ACTION	Pricing	1	price	1395133150142	1395133150143	1395133150246	1395133150246	OK	 
ACTION	Pricing	2	price	1395133150177	1395133150178	1395133150293	1395133150294	OK	 
ACTION	Pricing	3	price	1395133150213	1395133150214	1395133150326	1395133150326	OK	 
ACTION	Pricing	1	price	1395133150248	1395133150248	1395133150357	1395133150357	OK	 
ACTION	Pricing	2	price	1395133150295	1395133150296	1395133150387	1395133150387	OK	 
ACTION	Pricing	3	price	1395133150328	1395133150328	1395133150417	1395133150417	OK	 
ACTION	Pricing	1	price	1395133150359	1395133150360	1395133150447	1395133150447	OK	 
ACTION	Pricing	2	price	1395133150389	1395133150389	1395133150478	1395133150478	OK	 
ACTION	Pricing	3	price	1395133150418	1395133150419	1395133150512	1395133150512	OK	 
ACTION	Pricing	1	price	1395133150449	1395133150449	1395133150544	1395133150544	OK	 
ACTION	Pricing	2	price	1395133150480	1395133150480	1395133150575	1395133150575	OK	 
ACTION	Pricing	3	price	1395133150514	1395133150514	1395133150609	1395133150609	OK	 
ACTION	Pricing	1	price	1395133150545	1395133150546	1395133150644	1395133150644	OK	 
ACTION	Pricing	2	price	1395133150577	1395133150577	1395133150677	1395133150677	OK	 
ACTION	Pricing	3	price	1395133150610	1395133150611	1395133150712	1395133150732	OK	 
ACTION	Pricing	1	price	1395133150646	1395133150647	1395133150752	1395133150752	OK	 
ACTION	Pricing	2	price	1395133150679	1395133150680	1395133150784	1395133150784	OK	 
ACTION	Pricing	3	price	1395133150734	1395133150735	1395133150817	1395133150818	OK	 
ACTION	Pricing	1	price	1395133150753	1395133150754	1395133150849	1395133150849	OK	 
ACTION	Pricing	2	price	1395133150786	1395133150786	1395133150883	1395133150883	OK	 
ACTION	Pricing	3	price	1395133150820	1395133150821	1395133150915	1395133150916	OK	 
ACTION	Pricing	1	price	1395133150851	1395133150851	1395133150950	1395133150950	OK	 
ACTION	Pricing	2	price	1395133150885	1395133150886	1395133150987	1395133150987	OK	 
ACTION	Pricing	3	price	1395133150918	1395133150919	1395133151026	1395133151026	OK	 
ACTION	Pricing	1	price	1395133150952	1395133150953	1395133151066	1395133151066	OK	 
ACTION	Pricing	2	price	1395133150989	1395133150989	1395133151105	1395133151105	OK	 
ACTION	Pricing	3	price	1395133151028	1395133151029	1395133151143	1395133151143	OK	 
ACTION	Pricing	1	price	1395133151068	1395133151068	1395133151179	1395133151179	OK	 
ACTION	Pricing	2	price	1395133151107	1395133151108	1395133151217	1395133151218	OK	 
ACTION	Pricing	3	price	1395133151145	1395133151146	1395133151248	1395133151249	OK	 
ACTION	Pricing	1	price	1395133151181	1395133151182	1395133151284	1395133151284	OK	 
ACTION	Pricing	2	price	1395133151220	1395133151221	1395133151316	1395133151316	OK	 
ACTION	Pricing	3	price	1395133151250	1395133151251	1395133151351	1395133151352	OK	 
ACTION	Pricing	1	price	1395133151285	1395133151286	1395133151386	1395133151386	OK	 
ACTION	Pricing	2	price	1395133151317	1395133151318	1395133151421	1395133151422	OK	 
ACTION	Pricing	3	price	1395133151353	1395133151354	1395133151458	1395133151458	OK	 
ACTION	Pricing	1	price	1395133151388	1395133151388	1395133151490	1395133151491	OK	 
ACTION	Pricing	2	price	1395133151423	1395133151424	1395133151521	1395133151521	OK	 
ACTION	Pricing	3	price	1395133151459	1395133151460	1395133151568	1395133151569	OK	 
ACTION	Pricing	1	price	1395133151492	1395133151492	1395133151600	1395133151600	OK	 
ACTION	Pricing	2	price	1395133151524	1395133151524	1395133151646	1395133151646	OK	 
ACTION	Pricing	3	price	1395133151570	1395133151571	1395133151675	1395133151675	OK	 
ACTION	Pricing	1	price	1395133151602	1395133151602	1395133151719	1395133151722	OK	 
ACTION	Pricing	2	price	1395133151647	1395133151648	1395133151759	1395133151759	OK	 
ACTION	Pricing	3	price	1395133151677	1395133151678	1395133151796	1395133151796	OK	 
ACTION	Pricing	1	price	1395133151723	1395133151724	1395133151826	1395133151826	OK	 
ACTION	Pricing	2	price	1395133151761	1395133151762	1395133151859	1395133151859	OK	 
ACTION	Pricing	3	price	1395133151798	1395133151798	1395133151893	1395133151893	OK	 
ACTION	Pricing	1	price	1395133151828	1395133151829	1395133151925	1395133151925	OK	 
ACTION	Pricing	2	price	1395133151861	1395133151862	1395133151960	1395133151960	OK	 
ACTION	Pricing	3	price	1395133151895	1395133151895	1395133151991	1395133151991	OK	 
ACTION	Pricing	1	price	1395133151927	1395133151927	1395133152025	1395133152025	OK	 
ACTION	Pricing	2	price	1395133151962	1395133151963	1395133152055	1395133152055	OK	 
ACTION	Pricing	3	price	1395133151993	1395133151993	1395133152084	1395133152084	OK	 
ACTION	Pricing	1	price	1395133152027	1395133152028	1395133152120	1395133152120	OK	 
ACTION	Pricing	2	price	1395133152056	1395133152058	1395133152141	1395133152141	OK	 
ACTION	Pricing	3	price	1395133152086	1395133152086	1395133152175	1395133152175	OK	 
ACTION	Pricing	1	price	1395133152121	1395133152122	1395133152206	1395133152206	OK	 
ACTION	Pricing	2	price	1395133152143	1395133152143	1395133152243	1395133152244	OK	 
ACTION	Pricing	3	price	1395133152176	1395133152177	1395133152277	1395133152277	OK	 
ACTION	Pricing	1	price	1395133152208	1395133152209	1395133152313	1395133152313	OK	 
ACTION	Pricing	2	price	1395133152245	1395133152246	1395133152346	1395133152346	OK	 
ACTION	Pricing	3	price	1395133152278	1395133152279	1395133152378	1395133152378	OK	 
ACTION	Pricing	1	price	1395133152315	1395133152316	1395133152410	1395133152410	OK	 
ACTION	Pricing	2	price	1395133152347	1395133152348	1395133152441	1395133152442	OK	 
ACTION	Pricing	3	price	1395133152379	1395133152380	1395133152473	1395133152473	OK	 
ACTION	Pricing	1	price	1395133152411	1395133152412	1395133152507	1395133152507	OK	 
ACTION	Pricing	2	price	1395133152444	1395133152445	1395133152539	1395133152540	OK	 
ACTION	Pricing	3	price	1395133152475	1395133152475	1395133152571	1395133152572	OK	 
ACTION	Pricing	1	price	1395133152509	1395133152509	1395133152604	1395133152605	OK	 
ACTION	Pricing	2	price	1395133152541	1395133152542	1395133152637	1395133152638	OK	 
ACTION	Pricing	3	price	1395133152573	1395133152573	1395133152670	1395133152671	OK	 
ACTION	Pricing	1	price	1395133152606	1395133152607	1395133152701	1395133152702	OK	 
ACTION	Pricing	2	price	1395133152639	1395133152640	1395133152735	1395133152735	OK	 
ACTION	Pricing	3	price	1395133152672	1395133152672	1395133152767	1395133152767	OK	 
ACTION	Pricing	1	price	1395133152703	1395133152704	1395133152800	1395133152800	OK	 
ACTION	Pricing	2	price	1395133152737	1395133152737	1395133152835	1395133152835	OK	 
ACTION	Pricing	3	price	1395133152775	1395133152776	1395133152867	1395133152867	OK	 
ACTION	Pricing	1	price	1395133152802	1395133152802	1395133152897	1395133152897	OK	 
ACTION	Pricing	2	price	1395133152837	1395133152838	1395133152927	1395133152927	OK	 
ACTION	Pricing	3	price	1395133152868	1395133152869	1395133152961	1395133152961	OK	 
ACTION	Pricing	1	price	1395133152899	1395133152899	1395133152994	1395133152994	OK	 
ACTION	Pricing	2	price	1395133152929	1395133152931	1395133153026	1395133153026	OK	 
ACTION	Pricing	3	price	1395133152962	1395133152963	1395133153059	1395133153060	OK	 
ACTION	Pricing	1	price	1395133152996	1395133152996	1395133153093	1395133153093	OK	 
ACTION	Pricing	2	price	1395133153028	1395133153028	1395133153125	1395133153125	OK	 
ACTION	Pricing	3	price	1395133153061	1395133153062	1395133153155	1395133153156	OK	 
ACTION	Pricing	1	price	1395133153095	1395133153096	1395133153191	1395133153191	OK	 
ACTION	Pricing	2	price	1395133153127	1395133153128	1395133153219	1395133153220	OK	 
ACTION	Pricing	3	price	1395133153157	1395133153158	1395133153249	1395133153249	OK	 
ACTION	Pricing	1	price	1395133153193	1395133153193	1395133153278	1395133153279	OK	 
ACTION	Pricing	2	price	1395133153221	1395133153221	1395133153309	1395133153309	OK	 
ACTION	Pricing	3	price	1395133153250	1395133153251	1395133153340	1395133153340	OK	 
ACTION	Pricing	1	price	1395133153280	1395133153280	1395133153369	1395133153370	OK	 
ACTION	Pricing	2	price	1395133153311	1395133153312	1395133153398	1395133153398	OK	 
ACTION	Pricing	3	price	1395133153342	1395133153342	1395133153431	1395133153431	OK	 
ACTION	Pricing	1	price	1395133153371	1395133153371	1395133153464	1395133153464	OK	 
ACTION	Pricing	2	price	1395133153400	1395133153400	1395133153495	1395133153496	OK	 
ACTION	Pricing	3	price	1395133153433	1395133153433	1395133153528	1395133153528	OK	 
ACTION	Pricing	1	price	1395133153466	1395133153467	1395133153560	1395133153561	OK	 
ACTION	Pricing	2	price	1395133153497	1395133153498	1395133153595	1395133153595	OK	 
ACTION	Pricing	3	price	1395133153530	1395133153530	1395133153629	1395133153629	OK	 
ACTION	Pricing	1	price	1395133153562	1395133153563	1395133153664	1395133153664	OK	 
ACTION	Pricing	2	price	1395133153597	1395133153597	1395133153697	1395133153697	OK	 
ACTION	Pricing	3	price	1395133153631	1395133153631	1395133153738	1395133153738	OK	 
ACTION	Pricing	1	price	1395133153666	1395133153666	1395133153771	1395133153772	OK	 
ACTION	Pricing	2	price	1395133153699	1395133153699	1395133153804	1395133153804	OK	 
ACTION	Pricing	3	price	1395133153740	1395133153740	1395133153838	1395133153838	OK	 
ACTION	Pricing	1	price	1395133153773	1395133153773	1395133153868	1395133153869	OK	 
ACTION	Pricing	2	price	1395133153806	1395133153807	1395133153904	1395133153905	OK	 
ACTION	Pricing	3	price	1395133153839	1395133153840	1395133153933	1395133153934	OK	 
ACTION	Pricing	1	price	1395133153870	1395133153871	1395133153965	1395133153966	OK	 
ACTION	Pricing	2	price	1395133153906	1395133153906	1395133153999	1395133153999	OK	 
ACTION	Pricing	3	price	1395133153935	1395133153936	1395133154035	1395133154035	OK	 
ACTION	Pricing	1	price	1395133153967	1395133153968	1395133154067	1395133154068	OK	 
ACTION	Pricing	2	price	1395133154000	1395133154001	1395133154102	1395133154102	OK	 
ACTION	Pricing	3	price	1395133154036	1395133154037	1395133154133	1395133154134	OK	 
ACTION	Pricing	1	price	1395133154072	1395133154073	1395133154168	1395133154168	OK	 
ACTION	Pricing	2	price	1395133154103	1395133154104	1395133154200	1395133154200	OK	 
ACTION	Pricing	3	price	1395133154136	1395133154137	1395133154233	1395133154233	OK	 
ACTION	Pricing	1	price	1395133154170	1395133154170	1395133154268	1395133154268	OK	 
ACTION	Pricing	2	price	1395133154202	1395133154202	1395133154298	1395133154298	OK	 
ACTION	Pricing	3	price	1395133154235	1395133154235	1395133154331	1395133154331	OK	 
ACTION	Pricing	1	price	1395133154270	1395133154270	1395133154362	1395133154363	OK	 
ACTION	Pricing	2	price	1395133154300	1395133154300	1395133154393	1395133154393	OK	 
ACTION	Pricing	3	price	1395133154333	1395133154334	1395133154427	1395133154427	OK	 
ACTION	Pricing	1	price	1395133154364	1395133154365	1395133154455	1395133154455	OK	 
ACTION	Pricing	2	price	1395133154395	1395133154395	1395133154488	1395133154488	OK	 
ACTION	Pricing	3	price	1395133154428	1395133154428	1395133154519	1395133154519	OK	 
ACTION	Pricing	1	price	1395133154457	1395133154457	1395133154549	1395133154550	OK	 
ACTION	Pricing	2	price	1395133154490	1395133154490	1395133154584	1395133154585	OK	 
ACTION	Pricing	3	price	1395133154520	1395133154521	1395133154615	1395133154615	OK	 
ACTION	Pricing	1	price	1395133154551	1395133154551	1395133154648	1395133154648	OK	 
ACTION	Pricing	2	price	1395133154586	1395133154587	1395133154679	1395133154679	OK	 
ACTION	Pricing	3	price	1395133154617	1395133154617	1395133154711	1395133154711	OK	 
ACTION	Pricing	1	price	1395133154650	1395133154650	1395133154750	1395133154750	OK	 
ACTION	Pricing	2	price	1395133154681	1395133154682	1395133154782	1395133154783	OK	 
ACTION	Pricing	3	price	1395133154713	1395133154713	1395133154814	1395133154814	OK	 
ACTION	Pricing	1	price	1395133154752	1395133154752	1395133154846	1395133154846	OK	 
ACTION	Pricing	2	price	1395133154784	1395133154784	1395133154879	1395133154879	OK	 
ACTION	Pricing	3	price	1395133154816	1395133154817	1395133154915	1395133154915	OK	 
ACTION	Pricing	1	price	1395133154849	1395133154849	1395133154952	1395133154952	OK	 
ACTION	Pricing	2	price	1395133154881	1395133154881	1395133154977	1395133154977	OK	 
ACTION	Pricing	3	price	1395133154917	1395133154917	1395133155010	1395133155010	OK	 
ACTION	Pricing	1	price	1395133154953	1395133154954	1395133155042	1395133155043	OK	 
ACTION	Pricing	2	price	1395133154979	1395133154980	1395133155074	1395133155074	OK	 
ACTION	Pricing	3	price	1395133155012	1395133155012	1395133155110	1395133155111	OK	 
ACTION	Pricing	1	price	1395133155044	1395133155044	1395133155145	1395133155145	OK	 
ACTION	Pricing	2	price	1395133155076	1395133155076	1395133155177	1395133155177	OK	 
ACTION	Pricing	3	price	1395133155112	1395133155113	1395133155210	1395133155211	OK	 
ACTION	Pricing	1	price	1395133155147	1395133155147	1395133155241	1395133155241	OK	 
ACTION	Pricing	2	price	1395133155179	1395133155179	1395133155273	1395133155274	OK	 
ACTION	Pricing	3	price	1395133155212	1395133155212	1395133155307	1395133155307	OK	 
ACTION	Pricing	1	price	1395133155243	1395133155243	1395133155340	1395133155341	OK	 
ACTION	Pricing	2	price	1395133155275	1395133155276	1395133155372	1395133155373	OK	 
ACTION	Pricing	3	price	1395133155308	1395133155309	1395133155408	1395133155408	OK	 
ACTION	Pricing	1	price	1395133155342	1395133155343	1395133155438	1395133155438	OK	 
ACTION	Pricing	2	price	1395133155374	1395133155374	1395133155469	1395133155469	OK	 
ACTION	Pricing	3	price	1395133155410	1395133155410	1395133155501	1395133155501	OK	 
ACTION	Pricing	1	price	1395133155440	1395133155440	1395133155534	1395133155534	OK	 
ACTION	Pricing	2	price	1395133155471	1395133155471	1395133155568	1395133155568	OK	 
ACTION	Pricing	3	price	1395133155503	1395133155503	1395133155610	1395133155610	OK	 
ACTION	Pricing	1	price	1395133155536	1395133155537	1395133155643	1395133155643	OK	 
ACTION	Pricing	2	price	1395133155570	1395133155570	1395133155675	1395133155676	OK	 
ACTION	Pricing	3	price	1395133155612	1395133155612	1395133155706	1395133155707	OK	 
ACTION	Pricing	1	price	1395133155645	1395133155645	1395133155740	1395133155740	OK	 
ACTION	Pricing	2	price	1395133155677	1395133155678	1395133155773	1395133155773	OK	 
ACTION	Pricing	3	price	1395133155710	1395133155710	1395133155809	1395133155810	OK	 
ACTION	Pricing	1	price	1395133155742	1395133155743	1395133155847	1395133155847	OK	 
ACTION	Pricing	2	price	1395133155774	1395133155775	1395133155885	1395133155885	OK	 
ACTION	Pricing	3	price	1395133155812	1395133155812	1395133155918	1395133155918	OK	 
ACTION	Pricing	1	price	1395133155849	1395133155849	1395133155951	1395133155952	OK	 
ACTION	Pricing	2	price	1395133155887	1395133155887	1395133156000	1395133156000	OK	 
ACTION	Pricing	3	price	1395133155920	1395133155920	1395133156024	1395133156024	OK	 
ACTION	Pricing	1	price	1395133155953	1395133155953	1395133156057	1395133156057	OK	 
ACTION	Pricing	2	price	1395133156007	1395133156008	1395133156092	1395133156093	OK	 
ACTION	Pricing	3	price	1395133156026	1395133156027	1395133156128	1395133156129	OK	 
ACTION	Pricing	1	price	1395133156059	1395133156059	1395133156165	1395133156165	OK	 
ACTION	Pricing	2	price	1395133156094	1395133156095	1395133156198	1395133156199	OK	 
ACTION	Pricing	3	price	1395133156130	1395133156131	1395133156233	1395133156234	OK	 
ACTION	Pricing	1	price	1395133156167	1395133156167	1395133156268	1395133156268	OK	 
ACTION	Pricing	2	price	1395133156200	1395133156201	1395133156306	1395133156307	OK	 
ACTION	Pricing	3	price	1395133156235	1395133156236	1395133156339	1395133156339	OK	 
ACTION	Pricing	1	price	1395133156269	1395133156270	1395133156372	1395133156373	OK	 
ACTION	Pricing	2	price	1395133156309	1395133156309	1395133156408	1395133156408	OK	 
ACTION	Pricing	3	price	1395133156340	1395133156341	1395133156445	1395133156445	OK	 
ACTION	Pricing	1	price	1395133156374	1395133156374	1395133156477	1395133156478	OK	 
ACTION	Pricing	2	price	1395133156409	1395133156410	1395133156508	1395133156508	OK	 
ACTION	Pricing	3	price	1395133156447	1395133156447	1395133156550	1395133156551	OK	 
ACTION	Pricing	1	price	1395133156479	1395133156479	1395133156586	1395133156587	OK	 
ACTION	Pricing	2	price	1395133156510	1395133156510	1395133156626	1395133156626	OK	 
ACTION	Pricing	3	price	1395133156552	1395133156553	1395133156671	1395133156672	OK	 
ACTION	Pricing	1	price	1395133156589	1395133156590	1395133156701	1395133156701	OK	 
ACTION	Pricing	2	price	1395133156628	1395133156628	1395133156734	1395133156735	OK	 
ACTION	Pricing	3	price	1395133156673	1395133156675	1395133156766	1395133156766	OK	 
ACTION	Pricing	1	price	1395133156703	1395133156703	1395133156799	1395133156800	OK	 
ACTION	Pricing	2	price	1395133156736	1395133156738	1395133156836	1395133156836	OK	 
ACTION	Pricing	3	price	1395133156768	1395133156769	1395133156873	1395133156873	OK	 
ACTION	Pricing	1	price	1395133156801	1395133156802	1395133156907	1395133156907	OK	 
ACTION	Pricing	2	price	1395133156838	1395133156838	1395133156941	1395133156941	OK	 
ACTION	Pricing	3	price	1395133156875	1395133156875	1395133156976	1395133156977	OK	 
ACTION	Pricing	1	price	1395133156908	1395133156909	1395133157009	1395133157009	OK	 
ACTION	Pricing	2	price	1395133156943	1395133156943	1395133157042	1395133157042	OK	 
ACTION	Pricing	3	price	1395133156978	1395133156978	1395133157083	1395133157083	OK	 
ACTION	Pricing	1	price	1395133157010	1395133157011	1395133157120	1395133157120	OK	 
ACTION	Pricing	2	price	1395133157044	1395133157044	1395133157163	1395133157163	OK	 
ACTION	Pricing	3	price	1395133157085	1395133157085	1395133157196	1395133157196	OK	 
ACTION	Pricing	1	price	1395133157132	1395133157132	1395133157227	1395133157227	OK	 
ACTION	Pricing	2	price	1395133157166	1395133157166	1395133157259	1395133157259	OK	 
ACTION	Pricing	3	price	1395133157198	1395133157198	1395133157296	1395133157296	OK	 
ACTION	Pricing	1	price	1395133157228	1395133157229	1395133157328	1395133157328	OK	 
ACTION	Pricing	2	price	1395133157261	1395133157261	1395133157358	1395133157359	OK	 
ACTION	Pricing	3	price	1395133157297	1395133157298	1395133157392	1395133157392	OK	 
ACTION	Pricing	1	price	1395133157329	1395133157330	1395133157427	1395133157427	OK	 
ACTION	Pricing	2	price	1395133157360	1395133157361	1395133157462	1395133157462	OK	 
ACTION	Pricing	3	price	1395133157393	1395133157394	1395133157498	1395133157499	OK	 
ACTION	Pricing	1	price	1395133157428	1395133157429	1395133157538	1395133157539	OK	 
ACTION	Pricing	2	price	1395133157464	1395133157464	1395133157575	1395133157575	OK	 
ACTION	Pricing	3	price	1395133157501	1395133157501	1395133157607	1395133157607	OK	 
ACTION	Pricing	1	price	1395133157541	1395133157542	1395133157640	1395133157641	OK	 
ACTION	Pricing	2	price	1395133157577	1395133157577	1395133157671	1395133157671	OK	 
ACTION	Pricing	3	price	1395133157608	1395133157609	1395133157709	1395133157709	OK	 
ACTION	Pricing	1	price	1395133157642	1395133157643	1395133157751	1395133157751	OK	 
ACTION	Pricing	2	price	1395133157673	1395133157673	1395133157784	1395133157785	OK	 
ACTION	Pricing	3	price	1395133157710	1395133157711	1395133157818	1395133157818	OK	 
ACTION	Pricing	1	price	1395133157753	1395133157753	1395133157853	1395133157854	OK	 
ACTION	Pricing	2	price	1395133157786	1395133157787	1395133157909	1395133157909	OK	 
ACTION	Pricing	3	price	1395133157820	1395133157821	1395133157950	1395133157950	OK	 
ACTION	Pricing	1	price	1395133157855	1395133157856	1395133157993	1395133157994	OK	 
ACTION	Pricing	2	price	1395133157911	1395133157911	1395133158033	1395133158033	OK	 
ACTION	Pricing	3	price	1395133157952	1395133157953	1395133158071	1395133158071	OK	 
ACTION	Pricing	1	price	1395133157995	1395133157996	1395133158111	1395133158112	OK	 
ACTION	Pricing	2	price	1395133158035	1395133158035	1395133158148	1395133158148	OK	 
ACTION	Pricing	3	price	1395133158073	1395133158074	1395133158181	1395133158181	OK	 
ACTION	Pricing	1	price	1395133158114	1395133158114	1395133158214	1395133158215	OK	 
ACTION	Pricing	2	price	1395133158150	1395133158151	1395133158250	1395133158250	OK	 
ACTION	Pricing	3	price	1395133158183	1395133158184	1395133158284	1395133158285	OK	 
ACTION	Pricing	1	price	1395133158216	1395133158217	1395133158325	1395133158325	OK	 
ACTION	Pricing	2	price	1395133158252	1395133158252	1395133158358	1395133158358	OK	 
ACTION	Pricing	3	price	1395133158287	1395133158288	1395133158397	1395133158397	OK	 
ACTION	Pricing	1	price	1395133158326	1395133158327	1395133158435	1395133158435	OK	 
ACTION	Pricing	2	price	1395133158360	1395133158360	1395133158468	1395133158468	OK	 
ACTION	Pricing	3	price	1395133158399	1395133158399	1395133158505	1395133158506	OK	 
ACTION	Pricing	1	price	1395133158437	1395133158437	1395133158554	1395133158554	OK	 
ACTION	Pricing	2	price	1395133158470	1395133158470	1395133158595	1395133158595	OK	 
ACTION	Pricing	3	price	1395133158508	1395133158508	1395133158633	1395133158633	OK	 
ACTION	Pricing	1	price	1395133158556	1395133158557	1395133158668	1395133158669	OK	 
ACTION	Pricing	2	price	1395133158598	1395133158598	1395133158704	1395133158704	OK	 
ACTION	Pricing	3	price	1395133158634	1395133158635	1395133158740	1395133158740	OK	 
ACTION	Pricing	1	price	1395133158670	1395133158671	1395133158777	1395133158777	OK	 
ACTION	Pricing	2	price	1395133158705	1395133158706	1395133158816	1395133158816	OK	 
ACTION	Pricing	3	price	1395133158741	1395133158742	1395133158850	1395133158850	OK	 
ACTION	Pricing	1	price	1395133158779	1395133158779	1395133158884	1395133158884	OK	 
ACTION	Pricing	2	price	1395133158817	1395133158818	1395133158919	1395133158919	OK	 
ACTION	Pricing	3	price	1395133158852	1395133158852	1395133158953	1395133158953	OK	 
ACTION	Pricing	1	price	1395133158886	1395133158886	1395133158984	1395133158984	OK	 
ACTION	Pricing	2	price	1395133158921	1395133158921	1395133159010	1395133159010	OK	 
ACTION	Pricing	3	price	1395133158955	1395133158956	1395133159042	1395133159043	OK	 
ACTION	Pricing	1	price	1395133158985	1395133158986	1395133159078	1395133159079	OK	 
ACTION	Pricing	2	price	1395133159012	1395133159013	1395133159117	1395133159117	OK	 
ACTION	Pricing	3	price	1395133159051	1395133159055	1395133159155	1395133159155	OK	 
ACTION	Pricing	1	price	1395133159080	1395133159081	1395133159194	1395133159195	OK	 
ACTION	Pricing	2	price	1395133159119	1395133159119	1395133159229	1395133159230	OK	 
ACTION	Pricing	3	price	1395133159157	1395133159157	1395133159271	1395133159271	OK	 
ACTION	Pricing	1	price	1395133159196	1395133159197	1395133159304	1395133159304	OK	 
ACTION	Pricing	2	price	1395133159231	1395133159232	1395133159336	1395133159336	OK	 
ACTION	Pricing	3	price	1395133159273	1395133159273	1395133159367	1395133159367	OK	 
ACTION	Pricing	1	price	1395133159305	1395133159306	1395133159398	1395133159398	OK	 
ACTION	Pricing	2	price	1395133159338	1395133159338	1395133159434	1395133159434	OK	 
ACTION	Pricing	3	price	1395133159369	1395133159369	1395133159478	1395133159478	OK	 
ACTION	Pricing	1	price	1395133159400	1395133159400	1395133159514	1395133159515	OK	 
ACTION	Pricing	2	price	1395133159435	1395133159436	1395133159548	1395133159548	OK	 
ACTION	Pricing	3	price	1395133159479	1395133159480	1395133159581	1395133159581	OK	 
ACTION	Pricing	1	price	1395133159516	1395133159516	1395133159613	1395133159613	OK	 
ACTION	Pricing	2	price	1395133159549	1395133159550	1395133159647	1395133159647	OK	 
ACTION	Pricing	3	price	1395133159582	1395133159583	1395133159680	1395133159681	OK	 
ACTION	Pricing	1	price	1395133159615	1395133159616	1395133159718	1395133159718	OK	 
ACTION	Pricing	2	price	1395133159649	1395133159649	1395133159751	1395133159751	OK	 
ACTION	Pricing	3	price	1395133159682	1395133159683	1395133159784	1395133159785	OK	 
ACTION	Pricing	1	price	1395133159720	1395133159720	1395133159819	1395133159819	OK	 
ACTION	Pricing	2	price	1395133159753	1395133159753	1395133159850	1395133159850	OK	 
ACTION	Pricing	3	price	1395133159786	1395133159787	1395133159880	1395133159881	OK	 
ACTION	Pricing	1	price	1395133159820	1395133159821	1395133159912	1395133159913	OK	 
ACTION	Pricing	2	price	1395133159852	1395133159852	1395133159945	1395133159945	OK	 
ACTION	Pricing	3	price	1395133159882	1395133159882	1395133159974	1395133159975	OK	 
ACTION	Pricing	1	price	1395133159914	1395133159914	1395133160008	1395133160008	OK	 
ACTION	Pricing	2	price	1395133159946	1395133159947	1395133160042	1395133160042	OK	 
ACTION	Pricing	3	price	1395133159976	1395133159976	1395133160073	1395133160074	OK	 
ACTION	Pricing	1	price	1395133160010	1395133160010	1395133160109	1395133160109	OK	 
ACTION	Pricing	2	price	1395133160044	1395133160044	1395133160140	1395133160140	OK	 
ACTION	Pricing	3	price	1395133160075	1395133160075	1395133160172	1395133160172	OK	 
ACTION	Pricing	1	price	1395133160111	1395133160111	1395133160204	1395133160205	OK	 
ACTION	Pricing	2	price	1395133160142	1395133160142	1395133160238	1395133160238	OK	 
ACTION	Pricing	3	price	1395133160174	1395133160174	1395133160268	1395133160268	OK	 
ACTION	Pricing	1	price	1395133160206	1395133160207	1395133160299	1395133160299	OK	 
ACTION	Pricing	2	price	1395133160239	1395133160240	1395133160334	1395133160334	OK	 
ACTION	Pricing	3	price	1395133160269	1395133160270	1395133160376	1395133160376	OK	 
ACTION	Pricing	1	price	1395133160300	1395133160301	1395133160407	1395133160407	OK	 
ACTION	Pricing	2	price	1395133160335	1395133160336	1395133160443	1395133160444	OK	 
ACTION	Pricing	3	price	1395133160377	1395133160378	1395133160477	1395133160477	OK	 
ACTION	Pricing	1	price	1395133160408	1395133160409	1395133160509	1395133160509	OK	 
ACTION	Pricing	2	price	1395133160445	1395133160446	1395133160544	1395133160545	OK	 
ACTION	Pricing	3	price	1395133160479	1395133160479	1395133160578	1395133160578	OK	 
ACTION	Pricing	1	price	1395133160510	1395133160511	1395133160611	1395133160612	OK	 
ACTION	Pricing	2	price	1395133160547	1395133160547	1395133160656	1395133160657	OK	 
ACTION	Pricing	3	price	1395133160580	1395133160581	1395133160704	1395133160704	OK	 
ACTION	Pricing	1	price	1395133160614	1395133160614	1395133160733	1395133160733	OK	 
ACTION	Pricing	2	price	1395133160658	1395133160659	1395133160765	1395133160765	OK	 
ACTION	Pricing	3	price	1395133160705	1395133160706	1395133160796	1395133160797	OK	 
ACTION	Pricing	1	price	1395133160735	1395133160735	1395133160826	1395133160826	OK	 
ACTION	Pricing	2	price	1395133160767	1395133160767	1395133160862	1395133160862	OK	 
ACTION	Pricing	3	price	1395133160798	1395133160799	1395133160892	1395133160892	OK	 
ACTION	Pricing	1	price	1395133160828	1395133160828	1395133160924	1395133160924	OK	 
ACTION	Pricing	2	price	1395133160864	1395133160864	1395133160954	1395133160954	OK	 
ACTION	Pricing	3	price	1395133160894	1395133160894	1395133160987	1395133160987	OK	 
ACTION	Pricing	1	price	1395133160925	1395133160926	1395133161017	1395133161017	OK	 
ACTION	Pricing	2	price	1395133160956	1395133160956	1395133161046	1395133161047	OK	 
ACTION	Pricing	3	price	1395133160989	1395133160989	1395133161077	1395133161078	OK	 
ACTION	Pricing	1	price	1395133161018	1395133161019	1395133161108	1395133161108	OK	 
ACTION	Pricing	2	price	1395133161048	1395133161049	1395133161139	1395133161139	OK	 
ACTION	Pricing	3	price	1395133161079	1395133161080	1395133161169	1395133161169	OK	 
ACTION	Pricing	1	price	1395133161110	1395133161110	1395133161199	1395133161200	OK	 
ACTION	Pricing	2	price	1395133161141	1395133161141	1395133161231	1395133161232	OK	 
ACTION	Pricing	3	price	1395133161171	1395133161171	1395133161270	1395133161270	OK	 
ACTION	Pricing	1	price	1395133161201	1395133161202	1395133161305	1395133161305	OK	 
ACTION	Pricing	2	price	1395133161233	1395133161234	1395133161341	1395133161341	OK	 
ACTION	Pricing	3	price	1395133161271	1395133161272	1395133161374	1395133161374	OK	 
ACTION	Pricing	1	price	1395133161306	1395133161307	1395133161405	1395133161405	OK	 
ACTION	Pricing	2	price	1395133161343	1395133161343	1395133161436	1395133161437	OK	 
ACTION	Pricing	3	price	1395133161375	1395133161376	1395133161468	1395133161469	OK	 
ACTION	Pricing	1	price	1395133161407	1395133161407	1395133161501	1395133161501	OK	 
ACTION	Pricing	2	price	1395133161438	1395133161438	1395133161535	1395133161536	OK	 
ACTION	Pricing	3	price	1395133161470	1395133161471	1395133161570	1395133161570	OK	 
ACTION	Pricing	1	price	1395133161503	1395133161504	1395133161603	1395133161603	OK	 
ACTION	Pricing	2	price	1395133161537	1395133161537	1395133161636	1395133161636	OK	 
ACTION	Pricing	3	price	1395133161571	1395133161572	1395133161668	1395133161669	OK	 
ACTION	Pricing	1	price	1395133161605	1395133161605	1395133161703	1395133161703	OK	 
ACTION	Pricing	2	price	1395133161638	1395133161638	1395133161735	1395133161735	OK	 
ACTION	Pricing	3	price	1395133161670	1395133161671	1395133161769	1395133161769	OK	 
ACTION	Pricing	1	price	1395133161705	1395133161705	1395133161802	1395133161803	OK	 
ACTION	Pricing	2	price	1395133161737	1395133161737	1395133161835	1395133161835	OK	 
ACTION	Pricing	3	price	1395133161770	1395133161771	1395133161866	1395133161866	OK	 
ACTION	Pricing	1	price	1395133161804	1395133161804	1395133161903	1395133161903	OK	 
ACTION	Pricing	2	price	1395133161837	1395133161837	1395133161937	1395133161937	OK	 
ACTION	Pricing	3	price	1395133161868	1395133161869	1395133161975	1395133161975	OK	 
ACTION	Pricing	1	price	1395133161905	1395133161905	1395133162011	1395133162011	OK	 
ACTION	Pricing	2	price	1395133161940	1395133161940	1395133162045	1395133162045	OK	 
ACTION	Pricing	3	price	1395133161977	1395133161978	1395133162082	1395133162083	OK	 
ACTION	Pricing	1	price	1395133162012	1395133162013	1395133162120	1395133162120	OK	 
ACTION	Pricing	2	price	1395133162046	1395133162046	1395133162159	1395133162159	OK	 
ACTION	Pricing	3	price	1395133162084	1395133162085	1395133162203	1395133162203	OK	 
ACTION	Pricing	1	price	1395133162122	1395133162122	1395133162243	1395133162244	OK	 
ACTION	Pricing	2	price	1395133162161	1395133162161	1395133162286	1395133162286	OK	 
ACTION	Pricing	3	price	1395133162205	1395133162205	1395133162324	1395133162324	OK	 
ACTION	Pricing	1	price	1395133162246	1395133162246	1395133162361	1395133162362	OK	 
ACTION	Pricing	2	price	1395133162288	1395133162288	1395133162397	1395133162397	OK	 
ACTION	Pricing	3	price	1395133162326	1395133162328	1395133162432	1395133162432	OK	 
ACTION	Pricing	1	price	1395133162363	1395133162364	1395133162464	1395133162465	OK	 
ACTION	Pricing	2	price	1395133162400	1395133162400	1395133162497	1395133162497	OK	 
ACTION	Pricing	3	price	1395133162434	1395133162434	1395133162531	1395133162532	OK	 
ACTION	Pricing	1	price	1395133162466	1395133162466	1395133162564	1395133162564	OK	 
ACTION	Pricing	2	price	1395133162500	1395133162500	1395133162600	1395133162600	OK	 
ACTION	Pricing	3	price	1395133162533	1395133162533	1395133162653	1395133162653	OK	 
ACTION	Pricing	1	price	1395133162566	1395133162566	1395133162689	1395133162689	OK	 
ACTION	Pricing	2	price	1395133162601	1395133162602	1395133162726	1395133162726	OK	 
ACTION	Pricing	3	price	1395133162655	1395133162655	1395133162762	1395133162762	OK	 
ACTION	Pricing	1	price	1395133162691	1395133162691	1395133162818	1395133162819	OK	 
ACTION	Pricing	2	price	1395133162728	1395133162728	1395133162877	1395133162877	OK	 
ACTION	Pricing	3	price	1395133162763	1395133162764	1395133162910	1395133162911	OK	 
ACTION	Pricing	1	price	1395133162821	1395133162821	1395133162947	1395133162947	OK	 
ACTION	Pricing	2	price	1395133162880	1395133162880	1395133162985	1395133162985	OK	 
ACTION	Pricing	3	price	1395133162912	1395133162913	1395133163020	1395133163021	OK	 
ACTION	Pricing	1	price	1395133162949	1395133162950	1395133163058	1395133163058	OK	 
ACTION	Pricing	2	price	1395133162987	1395133162987	1395133163094	1395133163094	OK	 
ACTION	Pricing	3	price	1395133163022	1395133163023	1395133163130	1395133163130	OK	 
ACTION	Pricing	1	price	1395133163060	1395133163060	1395133163187	1395133163187	OK	 
ACTION	Pricing	2	price	1395133163095	1395133163096	1395133163220	1395133163221	OK	 
ACTION	Pricing	3	price	1395133163131	1395133163132	1395133163250	1395133163250	OK	 
ACTION	Pricing	1	price	1395133163188	1395133163189	1395133163280	1395133163280	OK	 
ACTION	Pricing	2	price	1395133163222	1395133163222	1395133163332	1395133163332	OK	 
ACTION	Pricing	3	price	1395133163251	1395133163252	1395133163352	1395133163353	OK	 
ACTION	Pricing	1	price	1395133163281	1395133163282	1395133163384	1395133163384	OK	 
ACTION	Pricing	2	price	1395133163333	1395133163334	1395133163414	1395133163414	OK	 
ACTION	Pricing	3	price	1395133163354	1395133163354	1395133163448	1395133163448	OK	 
ACTION	Pricing	1	price	1395133163385	1395133163386	1395133163482	1395133163482	OK	 
ACTION	Pricing	2	price	1395133163415	1395133163416	1395133163529	1395133163529	OK	 
ACTION	Pricing	3	price	1395133163450	1395133163451	1395133163561	1395133163562	OK	 
ACTION	Pricing	1	price	1395133163483	1395133163484	1395133163595	1395133163595	OK	 
ACTION	Pricing	2	price	1395133163531	1395133163531	1395133163628	1395133163628	OK	 
ACTION	Pricing	3	price	1395133163563	1395133163563	1395133163668	1395133163668	OK	 
ACTION	Pricing	1	price	1395133163596	1395133163597	1395133163700	1395133163700	OK	 
ACTION	Pricing	2	price	1395133163630	1395133163630	1395133163732	1395133163733	OK	 
ACTION	Pricing	3	price	1395133163670	1395133163670	1395133163766	1395133163766	OK	 
ACTION	Pricing	1	price	1395133163702	1395133163702	1395133163801	1395133163801	OK	 
ACTION	Pricing	2	price	1395133163734	1395133163734	1395133163837	1395133163837	OK	 
ACTION	Pricing	3	price	1395133163768	1395133163768	1395133163874	1395133163874	OK	 
ACTION	Pricing	1	price	1395133163803	1395133163804	1395133163910	1395133163910	OK	 
ACTION	Pricing	2	price	1395133163839	1395133163840	1395133163944	1395133163944	OK	 
ACTION	Pricing	3	price	1395133163876	1395133163876	1395133163978	1395133163978	OK	 
ACTION	Pricing	1	price	1395133163911	1395133163912	1395133164014	1395133164015	OK	 
ACTION	Pricing	2	price	1395133163946	1395133163946	1395133164049	1395133164049	OK	 
ACTION	Pricing	3	price	1395133163980	1395133163980	1395133164086	1395133164086	OK	 
ACTION	Pricing	1	price	1395133164016	1395133164016	1395133164119	1395133164120	OK	 
ACTION	Pricing	2	price	1395133164051	1395133164051	1395133164153	1395133164153	OK	 
ACTION	Pricing	3	price	1395133164087	1395133164088	1395133164187	1395133164187	OK	 
ACTION	Pricing	1	price	1395133164121	1395133164121	1395133164220	1395133164220	OK	 
ACTION	Pricing	2	price	1395133164155	1395133164155	1395133164253	1395133164254	OK	 
ACTION	Pricing	3	price	1395133164189	1395133164190	1395133164288	1395133164288	OK	 
ACTION	Pricing	1	price	1395133164222	1395133164222	1395133164319	1395133164319	OK	 
ACTION	Pricing	2	price	1395133164255	1395133164256	1395133164349	1395133164350	OK	 
ACTION	Pricing	3	price	1395133164290	1395133164290	1395133164383	1395133164383	OK	 
ACTION	Pricing	1	price	1395133164321	1395133164321	1395133164414	1395133164414	OK	 
ACTION	Pricing	2	price	1395133164351	1395133164351	1395133164449	1395133164450	OK	 
ACTION	Pricing	3	price	1395133164384	1395133164385	1395133164483	1395133164483	OK	 
ACTION	Pricing	1	price	1395133164416	1395133164416	1395133164518	1395133164518	OK	 
ACTION	Pricing	2	price	1395133164451	1395133164451	1395133164554	1395133164555	OK	 
ACTION	Pricing	3	price	1395133164485	1395133164485	1395133164588	1395133164588	OK	 
ACTION	Pricing	1	price	1395133164520	1395133164520	1395133164625	1395133164625	OK	 
ACTION	Pricing	2	price	1395133164556	1395133164556	1395133164660	1395133164660	OK	 
ACTION	Pricing	3	price	1395133164590	1395133164590	1395133164694	1395133164694	OK	 
ACTION	Pricing	1	price	1395133164627	1395133164628	1395133164725	1395133164725	OK	 
ACTION	Pricing	2	price	1395133164662	1395133164662	1395133164759	1395133164759	OK	 
ACTION	Pricing	3	price	1395133164695	1395133164696	1395133164782	1395133164782	OK	 
ACTION	Pricing	1	price	1395133164727	1395133164727	1395133164816	1395133164816	OK	 
ACTION	Pricing	2	price	1395133164760	1395133164761	1395133164858	1395133164858	OK	 
ACTION	Pricing	3	price	1395133164784	1395133164784	1395133164900	1395133164900	OK	 
ACTION	Pricing	1	price	1395133164818	1395133164818	1395133164933	1395133164933	OK	 
ACTION	Pricing	2	price	1395133164860	1395133164860	1395133164977	1395133164977	OK	 
ACTION	Pricing	3	price	1395133164901	1395133164902	1395133165009	1395133165009	OK	 
ACTION	Pricing	1	price	1395133164934	1395133164935	1395133165040	1395133165041	OK	 
ACTION	Pricing	2	price	1395133164978	1395133164979	1395133165071	1395133165071	OK	 
ACTION	Pricing	3	price	1395133165011	1395133165012	1395133165102	1395133165102	OK	 
ACTION	Pricing	1	price	1395133165042	1395133165043	1395133165133	1395133165133	OK	 
ACTION	Pricing	2	price	1395133165072	1395133165073	1395133165165	1395133165165	OK	 
ACTION	Pricing	3	price	1395133165104	1395133165104	1395133165198	1395133165198	OK	 
ACTION	Pricing	1	price	1395133165135	1395133165135	1395133165227	1395133165228	OK	 
ACTION	Pricing	2	price	1395133165167	1395133165167	1395133165263	1395133165263	OK	 
ACTION	Pricing	3	price	1395133165199	1395133165200	1395133165297	1395133165297	OK	 
ACTION	Pricing	1	price	1395133165229	1395133165229	1395133165330	1395133165331	OK	 
ACTION	Pricing	2	price	1395133165265	1395133165265	1395133165366	1395133165367	OK	 
ACTION	Pricing	3	price	1395133165298	1395133165299	1395133165401	1395133165401	OK	 
ACTION	Pricing	1	price	1395133165332	1395133165332	1395133165432	1395133165432	OK	 
ACTION	Pricing	2	price	1395133165368	1395133165368	1395133165468	1395133165468	OK	 
ACTION	Pricing	3	price	1395133165402	1395133165403	1395133165504	1395133165504	OK	 
ACTION	Pricing	1	price	1395133165434	1395133165434	1395133165537	1395133165537	OK	 
ACTION	Pricing	2	price	1395133165470	1395133165470	1395133165569	1395133165569	OK	 
ACTION	Pricing	3	price	1395133165505	1395133165506	1395133165603	1395133165603	OK	 
ACTION	Pricing	1	price	1395133165538	1395133165538	1395133165637	1395133165637	OK	 
ACTION	Pricing	2	price	1395133165571	1395133165571	1395133165677	1395133165677	OK	 
ACTION	Pricing	3	price	1395133165605	1395133165605	1395133165710	1395133165710	OK	 
ACTION	Pricing	1	price	1395133165639	1395133165639	1395133165739	1395133165739	OK	 
SCENARIO	Pricing	1	END	1395133165740
ACTION	Pricing	2	price	1395133165678	1395133165679	1395133165770	1395133165770	OK	 
SCENARIO	Pricing	2	END	1395133165771
ACTION	Pricing	3	price	1395133165712	1395133165712	1395133165796	1395133165796	OK	 
SCENARIO	Pricing	3	END	1395133165797
