RUN	20140318094113	pricingsimulation	pricingsimulation
SCENARIO	Pricing	10	START	1395135677287
SCENARIO	Pricing	19	START	1395135677290
SCENARIO	Pricing	16	START	1395135677290
SCENARIO	Pricing	1	START	1395135677290
SCENARIO	Pricing	7	START	1395135677290
SCENARIO	Pricing	24	START	1395135677290
SCENARIO	Pricing	6	START	1395135677290
SCENARIO	Pricing	18	START	1395135677290
SCENARIO	Pricing	20	START	1395135677290
SCENARIO	Pricing	13	START	1395135677291
SCENARIO	Pricing	22	START	1395135677291
SCENARIO	Pricing	9	START	1395135677291
SCENARIO	Pricing	14	START	1395135677291
SCENARIO	Pricing	3	START	1395135677291
SCENARIO	Pricing	21	START	1395135677291
SCENARIO	Pricing	8	START	1395135677291
SCENARIO	Pricing	12	START	1395135677291
SCENARIO	Pricing	2	START	1395135677291
SCENARIO	Pricing	5	START	1395135677291
SCENARIO	Pricing	25	START	1395135677291
SCENARIO	Pricing	23	START	1395135677292
SCENARIO	Pricing	11	START	1395135677292
SCENARIO	Pricing	17	START	1395135677292
SCENARIO	Pricing	4	START	1395135677292
SCENARIO	Pricing	15	START	1395135677292
ACTION	Pricing	8	price	1395135677432	1395135677442	1395135702530	1395135702536	OK	 
ACTION	Pricing	12	price	1395135677433	1395135677441	1395135702530	1395135702537	OK	 
ACTION	Pricing	25	price	1395135677436	1395135677458	1395135702526	1395135702555	OK	 
ACTION	Pricing	7	price	1395135677386	1395135677397	1395135702526	1395135702536	OK	 
ACTION	Pricing	14	price	1395135677417	1395135677427	1395135702851	1395135702879	OK	 
ACTION	Pricing	22	price	1395135677411	1395135677412	1395135703037	1395135703037	OK	 
ACTION	Pricing	15	price	1395135677456	1395135677460	1395135703094	1395135703095	OK	 
ACTION	Pricing	5	price	1395135677435	1395135677455	1395135703094	1395135703094	OK	 
ACTION	Pricing	6	price	1395135677398	1395135677401	1395135703127	1395135703128	OK	 
ACTION	Pricing	10	price	1395135677359	1395135677364	1395135703163	1395135703164	OK	 
ACTION	Pricing	23	price	1395135677437	1395135677458	1395135703211	1395135703212	OK	 
ACTION	Pricing	3	price	1395135677427	1395135677440	1395135703282	1395135703282	OK	 
ACTION	Pricing	17	price	1395135677441	1395135677457	1395135703282	1395135703282	OK	 
ACTION	Pricing	16	price	1395135677357	1395135677366	1395135703345	1395135703346	OK	 
ACTION	Pricing	2	price	1395135677433	1395135677454	1395135703361	1395135703361	OK	 
ACTION	Pricing	13	price	1395135677405	1395135677410	1395135703402	1395135703402	OK	 
ACTION	Pricing	9	price	1395135677413	1395135677416	1395135703452	1395135703452	OK	 
ACTION	Pricing	4	price	1395135677442	1395135677460	1395135703457	1395135703458	OK	 
ACTION	Pricing	20	price	1395135677404	1395135677408	1395135703544	1395135703545	OK	 
ACTION	Pricing	1	price	1395135677384	1395135677394	1395135703566	1395135703567	OK	 
ACTION	Pricing	19	price	1395135677358	1395135677364	1395135703641	1395135703641	OK	 
ACTION	Pricing	18	price	1395135677400	1395135677403	1395135703688	1395135703689	OK	 
ACTION	Pricing	11	price	1395135677438	1395135677457	1395135703714	1395135703715	OK	 
ACTION	Pricing	24	price	1395135677392	1395135677403	1395135703761	1395135703761	OK	 
ACTION	Pricing	21	price	1395135677430	1395135677440	1395135703775	1395135703775	OK	 
ACTION	Pricing	7	price	1395135702597	1395135702602	1395135703822	1395135703822	OK	 
ACTION	Pricing	8	price	1395135702606	1395135702610	1395135703841	1395135703841	OK	 
ACTION	Pricing	25	price	1395135702598	1395135702600	1395135703889	1395135703889	OK	 
ACTION	Pricing	12	price	1395135702603	1395135702605	1395135703966	1395135703966	OK	 
ACTION	Pricing	14	price	1395135702881	1395135702883	1395135703975	1395135703976	OK	 
ACTION	Pricing	22	price	1395135703041	1395135703043	1395135704010	1395135704010	OK	 
ACTION	Pricing	15	price	1395135703097	1395135703101	1395135704045	1395135704045	OK	 
ACTION	Pricing	5	price	1395135703102	1395135703104	1395135704075	1395135704075	OK	 
ACTION	Pricing	6	price	1395135703129	1395135703131	1395135704117	1395135704117	OK	 
ACTION	Pricing	10	price	1395135703166	1395135703168	1395135704150	1395135704150	OK	 
ACTION	Pricing	23	price	1395135703214	1395135703215	1395135704182	1395135704183	OK	 
ACTION	Pricing	3	price	1395135703284	1395135703286	1395135704213	1395135704214	OK	 
ACTION	Pricing	17	price	1395135703287	1395135703290	1395135704245	1395135704245	OK	 
ACTION	Pricing	16	price	1395135703349	1395135703350	1395135704283	1395135704283	OK	 
ACTION	Pricing	2	price	1395135703363	1395135703365	1395135704313	1395135704313	OK	 
ACTION	Pricing	13	price	1395135703404	1395135703406	1395135704344	1395135704344	OK	 
ACTION	Pricing	9	price	1395135703453	1395135703456	1395135704372	1395135704372	OK	 
ACTION	Pricing	4	price	1395135703459	1395135703462	1395135704402	1395135704403	OK	 
ACTION	Pricing	20	price	1395135703546	1395135703549	1395135704432	1395135704432	OK	 
ACTION	Pricing	1	price	1395135703569	1395135703571	1395135704461	1395135704462	OK	 
ACTION	Pricing	19	price	1395135703643	1395135703645	1395135704490	1395135704491	OK	 
ACTION	Pricing	18	price	1395135703691	1395135703692	1395135704522	1395135704522	OK	 
ACTION	Pricing	11	price	1395135703717	1395135703719	1395135704552	1395135704552	OK	 
ACTION	Pricing	24	price	1395135703764	1395135703766	1395135704590	1395135704590	OK	 
ACTION	Pricing	21	price	1395135703777	1395135703779	1395135704620	1395135704621	OK	 
ACTION	Pricing	7	price	1395135703824	1395135703825	1395135704652	1395135704652	OK	 
ACTION	Pricing	8	price	1395135703843	1395135703844	1395135704681	1395135704681	OK	 
ACTION	Pricing	25	price	1395135703891	1395135703892	1395135704714	1395135704715	OK	 
ACTION	Pricing	14	price	1395135703977	1395135703979	1395135704746	1395135704746	OK	 
ACTION	Pricing	12	price	1395135703968	1395135703970	1395135704777	1395135704777	OK	 
ACTION	Pricing	22	price	1395135704012	1395135704013	1395135704805	1395135704806	OK	 
ACTION	Pricing	15	price	1395135704047	1395135704048	1395135704843	1395135704843	OK	 
ACTION	Pricing	5	price	1395135704076	1395135704077	1395135704877	1395135704877	OK	 
ACTION	Pricing	6	price	1395135704119	1395135704120	1395135704912	1395135704912	OK	 
ACTION	Pricing	10	price	1395135704152	1395135704153	1395135704940	1395135704940	OK	 
ACTION	Pricing	23	price	1395135704184	1395135704186	1395135704969	1395135704969	OK	 
ACTION	Pricing	3	price	1395135704216	1395135704217	1395135705000	1395135705000	OK	 
ACTION	Pricing	17	price	1395135704247	1395135704248	1395135705031	1395135705032	OK	 
ACTION	Pricing	16	price	1395135704285	1395135704286	1395135705063	1395135705064	OK	 
ACTION	Pricing	2	price	1395135704315	1395135704316	1395135705090	1395135705090	OK	 
ACTION	Pricing	13	price	1395135704346	1395135704347	1395135705120	1395135705121	OK	 
ACTION	Pricing	9	price	1395135704374	1395135704374	1395135705148	1395135705149	OK	 
ACTION	Pricing	4	price	1395135704404	1395135704405	1395135705180	1395135705180	OK	 
ACTION	Pricing	20	price	1395135704433	1395135704434	1395135705211	1395135705211	OK	 
ACTION	Pricing	1	price	1395135704463	1395135704464	1395135705243	1395135705243	OK	 
ACTION	Pricing	19	price	1395135704493	1395135704493	1395135705277	1395135705277	OK	 
ACTION	Pricing	18	price	1395135704524	1395135704524	1395135705308	1395135705308	OK	 
ACTION	Pricing	11	price	1395135704554	1395135704555	1395135705339	1395135705339	OK	 
ACTION	Pricing	24	price	1395135704592	1395135704592	1395135705381	1395135705381	OK	 
ACTION	Pricing	21	price	1395135704622	1395135704622	1395135705402	1395135705402	OK	 
ACTION	Pricing	7	price	1395135704654	1395135704654	1395135705432	1395135705432	OK	 
ACTION	Pricing	8	price	1395135704683	1395135704684	1395135705460	1395135705460	OK	 
ACTION	Pricing	25	price	1395135704717	1395135704718	1395135705488	1395135705489	OK	 
ACTION	Pricing	14	price	1395135704748	1395135704749	1395135705516	1395135705517	OK	 
ACTION	Pricing	12	price	1395135704779	1395135704779	1395135705545	1395135705545	OK	 
ACTION	Pricing	22	price	1395135704807	1395135704807	1395135705575	1395135705575	OK	 
ACTION	Pricing	15	price	1395135704846	1395135704846	1395135705607	1395135705608	OK	 
ACTION	Pricing	5	price	1395135704879	1395135704879	1395135705635	1395135705635	OK	 
ACTION	Pricing	6	price	1395135704914	1395135704915	1395135705665	1395135705665	OK	 
ACTION	Pricing	10	price	1395135704942	1395135704942	1395135705695	1395135705695	OK	 
ACTION	Pricing	23	price	1395135704971	1395135704971	1395135705724	1395135705724	OK	 
ACTION	Pricing	3	price	1395135705002	1395135705003	1395135705756	1395135705757	OK	 
ACTION	Pricing	17	price	1395135705034	1395135705034	1395135705788	1395135705789	OK	 
ACTION	Pricing	16	price	1395135705065	1395135705066	1395135705819	1395135705819	OK	 
ACTION	Pricing	2	price	1395135705092	1395135705092	1395135705848	1395135705849	OK	 
ACTION	Pricing	13	price	1395135705122	1395135705123	1395135705878	1395135705878	OK	 
ACTION	Pricing	9	price	1395135705151	1395135705152	1395135705909	1395135705909	OK	 
ACTION	Pricing	4	price	1395135705182	1395135705183	1395135705941	1395135705941	OK	 
ACTION	Pricing	20	price	1395135705213	1395135705214	1395135705964	1395135705964	OK	 
ACTION	Pricing	1	price	1395135705245	1395135705245	1395135705992	1395135705993	OK	 
ACTION	Pricing	19	price	1395135705279	1395135705280	1395135706022	1395135706022	OK	 
ACTION	Pricing	18	price	1395135705310	1395135705311	1395135706052	1395135706052	OK	 
ACTION	Pricing	11	price	1395135705341	1395135705342	1395135706081	1395135706081	OK	 
ACTION	Pricing	24	price	1395135705383	1395135705384	1395135706110	1395135706110	OK	 
ACTION	Pricing	21	price	1395135705404	1395135705405	1395135706140	1395135706141	OK	 
ACTION	Pricing	7	price	1395135705434	1395135705435	1395135706169	1395135706170	OK	 
ACTION	Pricing	8	price	1395135705462	1395135705462	1395135706199	1395135706199	OK	 
ACTION	Pricing	25	price	1395135705490	1395135705491	1395135706230	1395135706230	OK	 
ACTION	Pricing	14	price	1395135705518	1395135705519	1395135706260	1395135706260	OK	 
ACTION	Pricing	12	price	1395135705547	1395135705547	1395135706289	1395135706290	OK	 
ACTION	Pricing	22	price	1395135705577	1395135705578	1395135706319	1395135706319	OK	 
ACTION	Pricing	15	price	1395135705610	1395135705610	1395135706350	1395135706350	OK	 
ACTION	Pricing	5	price	1395135705637	1395135705638	1395135706380	1395135706380	OK	 
ACTION	Pricing	6	price	1395135705667	1395135705667	1395135706410	1395135706410	OK	 
ACTION	Pricing	10	price	1395135705697	1395135705698	1395135706438	1395135706438	OK	 
ACTION	Pricing	23	price	1395135705726	1395135705727	1395135706470	1395135706470	OK	 
ACTION	Pricing	3	price	1395135705759	1395135705759	1395135706498	1395135706498	OK	 
ACTION	Pricing	17	price	1395135705790	1395135705791	1395135706527	1395135706527	OK	 
ACTION	Pricing	16	price	1395135705821	1395135705821	1395135706557	1395135706557	OK	 
ACTION	Pricing	2	price	1395135705850	1395135705851	1395135706585	1395135706585	OK	 
ACTION	Pricing	13	price	1395135705880	1395135705880	1395135706618	1395135706618	OK	 
ACTION	Pricing	9	price	1395135705910	1395135705911	1395135706645	1395135706645	OK	 
ACTION	Pricing	4	price	1395135705943	1395135705943	1395135706674	1395135706675	OK	 
ACTION	Pricing	20	price	1395135705965	1395135705966	1395135706703	1395135706703	OK	 
ACTION	Pricing	1	price	1395135705994	1395135705995	1395135706731	1395135706731	OK	 
ACTION	Pricing	19	price	1395135706024	1395135706025	1395135706758	1395135706759	OK	 
ACTION	Pricing	18	price	1395135706054	1395135706055	1395135706789	1395135706789	OK	 
ACTION	Pricing	11	price	1395135706083	1395135706083	1395135706820	1395135706821	OK	 
ACTION	Pricing	24	price	1395135706112	1395135706112	1395135706854	1395135706855	OK	 
ACTION	Pricing	21	price	1395135706142	1395135706143	1395135706885	1395135706885	OK	 
ACTION	Pricing	7	price	1395135706171	1395135706172	1395135706916	1395135706917	OK	 
ACTION	Pricing	8	price	1395135706201	1395135706202	1395135706944	1395135706944	OK	 
ACTION	Pricing	25	price	1395135706232	1395135706233	1395135706974	1395135706975	OK	 
ACTION	Pricing	14	price	1395135706262	1395135706262	1395135707003	1395135707003	OK	 
ACTION	Pricing	12	price	1395135706291	1395135706292	1395135707032	1395135707033	OK	 
ACTION	Pricing	22	price	1395135706321	1395135706322	1395135707060	1395135707060	OK	 
ACTION	Pricing	15	price	1395135706352	1395135706353	1395135707090	1395135707090	OK	 
ACTION	Pricing	5	price	1395135706382	1395135706382	1395135707121	1395135707122	OK	 
ACTION	Pricing	6	price	1395135706412	1395135706413	1395135707149	1395135707149	OK	 
ACTION	Pricing	10	price	1395135706439	1395135706440	1395135707178	1395135707178	OK	 
ACTION	Pricing	23	price	1395135706471	1395135706472	1395135707209	1395135707209	OK	 
ACTION	Pricing	3	price	1395135706499	1395135706500	1395135707238	1395135707238	OK	 
ACTION	Pricing	17	price	1395135706529	1395135706529	1395135707268	1395135707268	OK	 
ACTION	Pricing	16	price	1395135706558	1395135706559	1395135707299	1395135707299	OK	 
SCENARIO	Pricing	16	END	1395135707300
ACTION	Pricing	2	price	1395135706587	1395135706588	1395135707328	1395135707328	OK	 
SCENARIO	Pricing	2	END	1395135707328
ACTION	Pricing	13	price	1395135706620	1395135706621	1395135707356	1395135707357	OK	 
SCENARIO	Pricing	13	END	1395135707357
ACTION	Pricing	9	price	1395135706647	1395135706647	1395135707387	1395135707387	OK	 
SCENARIO	Pricing	9	END	1395135707388
ACTION	Pricing	4	price	1395135706676	1395135706677	1395135707419	1395135707419	OK	 
SCENARIO	Pricing	4	END	1395135707420
ACTION	Pricing	20	price	1395135706705	1395135706705	1395135707449	1395135707449	OK	 
SCENARIO	Pricing	20	END	1395135707450
ACTION	Pricing	1	price	1395135706732	1395135706733	1395135707477	1395135707478	OK	 
SCENARIO	Pricing	1	END	1395135707478
ACTION	Pricing	19	price	1395135706760	1395135706760	1395135707505	1395135707506	OK	 
SCENARIO	Pricing	19	END	1395135707506
ACTION	Pricing	18	price	1395135706790	1395135706791	1395135707536	1395135707536	OK	 
SCENARIO	Pricing	18	END	1395135707536
ACTION	Pricing	11	price	1395135706822	1395135706823	1395135707564	1395135707564	OK	 
SCENARIO	Pricing	11	END	1395135707565
ACTION	Pricing	24	price	1395135706856	1395135706857	1395135707591	1395135707591	OK	 
SCENARIO	Pricing	24	END	1395135707592
ACTION	Pricing	21	price	1395135706887	1395135706887	1395135707620	1395135707620	OK	 
SCENARIO	Pricing	21	END	1395135707621
ACTION	Pricing	7	price	1395135706918	1395135706919	1395135707650	1395135707650	OK	 
SCENARIO	Pricing	7	END	1395135707651
ACTION	Pricing	8	price	1395135706946	1395135706946	1395135707680	1395135707681	OK	 
SCENARIO	Pricing	8	END	1395135707682
ACTION	Pricing	25	price	1395135706976	1395135706976	1395135707707	1395135707708	OK	 
SCENARIO	Pricing	25	END	1395135707708
ACTION	Pricing	14	price	1395135707005	1395135707005	1395135707735	1395135707735	OK	 
SCENARIO	Pricing	14	END	1395135707736
ACTION	Pricing	12	price	1395135707034	1395135707035	1395135707762	1395135707763	OK	 
SCENARIO	Pricing	12	END	1395135707763
ACTION	Pricing	22	price	1395135707062	1395135707062	1395135707794	1395135707794	OK	 
SCENARIO	Pricing	22	END	1395135707794
ACTION	Pricing	15	price	1395135707092	1395135707092	1395135707822	1395135707823	OK	 
SCENARIO	Pricing	15	END	1395135707824
ACTION	Pricing	5	price	1395135707123	1395135707124	1395135707852	1395135707852	OK	 
SCENARIO	Pricing	5	END	1395135707853
ACTION	Pricing	6	price	1395135707151	1395135707151	1395135707880	1395135707880	OK	 
SCENARIO	Pricing	6	END	1395135707881
ACTION	Pricing	10	price	1395135707180	1395135707180	1395135707909	1395135707909	OK	 
SCENARIO	Pricing	10	END	1395135707909
ACTION	Pricing	23	price	1395135707211	1395135707212	1395135707945	1395135707946	OK	 
SCENARIO	Pricing	23	END	1395135707946
ACTION	Pricing	3	price	1395135707240	1395135707240	1395135707980	1395135707980	OK	 
SCENARIO	Pricing	3	END	1395135707981
ACTION	Pricing	17	price	1395135707270	1395135707271	1395135708020	1395135708020	OK	 
SCENARIO	Pricing	17	END	1395135708021
