RUN	20140318132921	pricingsimulation	pricingsimulation
SCENARIO	Pricing	49	START	1395149365163
SCENARIO	Pricing	76	START	1395149365166
SCENARIO	Pricing	86	START	1395149365166
SCENARIO	Pricing	85	START	1395149365166
SCENARIO	Pricing	2	START	1395149365166
SCENARIO	Pricing	33	START	1395149365166
SCENARIO	Pricing	88	START	1395149365166
SCENARIO	Pricing	34	START	1395149365166
SCENARIO	Pricing	20	START	1395149365166
SCENARIO	Pricing	16	START	1395149365166
SCENARIO	Pricing	46	START	1395149365166
SCENARIO	Pricing	6	START	1395149365166
SCENARIO	Pricing	90	START	1395149365166
SCENARIO	Pricing	53	START	1395149365166
SCENARIO	Pricing	78	START	1395149365166
SCENARIO	Pricing	27	START	1395149365166
SCENARIO	Pricing	10	START	1395149365166
SCENARIO	Pricing	89	START	1395149365166
SCENARIO	Pricing	50	START	1395149365166
SCENARIO	Pricing	14	START	1395149365166
SCENARIO	Pricing	25	START	1395149365166
SCENARIO	Pricing	54	START	1395149365166
SCENARIO	Pricing	72	START	1395149365166
SCENARIO	Pricing	23	START	1395149365166
SCENARIO	Pricing	96	START	1395149365166
SCENARIO	Pricing	38	START	1395149365167
SCENARIO	Pricing	8	START	1395149365167
SCENARIO	Pricing	64	START	1395149365167
SCENARIO	Pricing	62	START	1395149365167
SCENARIO	Pricing	69	START	1395149365167
SCENARIO	Pricing	11	START	1395149365167
SCENARIO	Pricing	47	START	1395149365167
SCENARIO	Pricing	22	START	1395149365167
SCENARIO	Pricing	36	START	1395149365167
SCENARIO	Pricing	5	START	1395149365167
SCENARIO	Pricing	55	START	1395149365167
SCENARIO	Pricing	77	START	1395149365167
SCENARIO	Pricing	56	START	1395149365167
SCENARIO	Pricing	70	START	1395149365167
SCENARIO	Pricing	17	START	1395149365167
SCENARIO	Pricing	31	START	1395149365168
SCENARIO	Pricing	18	START	1395149365168
SCENARIO	Pricing	91	START	1395149365168
SCENARIO	Pricing	60	START	1395149365168
SCENARIO	Pricing	75	START	1395149365168
SCENARIO	Pricing	29	START	1395149365168
SCENARIO	Pricing	30	START	1395149365168
SCENARIO	Pricing	15	START	1395149365168
SCENARIO	Pricing	12	START	1395149365168
SCENARIO	Pricing	3	START	1395149365168
SCENARIO	Pricing	48	START	1395149365168
SCENARIO	Pricing	99	START	1395149365168
SCENARIO	Pricing	39	START	1395149365168
SCENARIO	Pricing	24	START	1395149365168
SCENARIO	Pricing	43	START	1395149365168
SCENARIO	Pricing	73	START	1395149365168
SCENARIO	Pricing	81	START	1395149365168
SCENARIO	Pricing	26	START	1395149365168
SCENARIO	Pricing	82	START	1395149365168
SCENARIO	Pricing	13	START	1395149365168
SCENARIO	Pricing	44	START	1395149365168
SCENARIO	Pricing	80	START	1395149365168
SCENARIO	Pricing	32	START	1395149365168
SCENARIO	Pricing	79	START	1395149365168
SCENARIO	Pricing	42	START	1395149365168
SCENARIO	Pricing	4	START	1395149365169
SCENARIO	Pricing	57	START	1395149365169
SCENARIO	Pricing	95	START	1395149365169
SCENARIO	Pricing	37	START	1395149365169
SCENARIO	Pricing	1	START	1395149365169
SCENARIO	Pricing	52	START	1395149365169
SCENARIO	Pricing	59	START	1395149365169
SCENARIO	Pricing	71	START	1395149365169
SCENARIO	Pricing	87	START	1395149365169
SCENARIO	Pricing	40	START	1395149365169
SCENARIO	Pricing	74	START	1395149365169
SCENARIO	Pricing	67	START	1395149365176
SCENARIO	Pricing	92	START	1395149365176
SCENARIO	Pricing	84	START	1395149365176
SCENARIO	Pricing	63	START	1395149365176
SCENARIO	Pricing	100	START	1395149365176
SCENARIO	Pricing	65	START	1395149365176
SCENARIO	Pricing	7	START	1395149365176
SCENARIO	Pricing	41	START	1395149365176
SCENARIO	Pricing	94	START	1395149365176
SCENARIO	Pricing	68	START	1395149365176
SCENARIO	Pricing	21	START	1395149365176
SCENARIO	Pricing	61	START	1395149365176
SCENARIO	Pricing	58	START	1395149365176
SCENARIO	Pricing	9	START	1395149365177
SCENARIO	Pricing	45	START	1395149365177
SCENARIO	Pricing	66	START	1395149365177
SCENARIO	Pricing	97	START	1395149365177
SCENARIO	Pricing	19	START	1395149365177
SCENARIO	Pricing	83	START	1395149365177
SCENARIO	Pricing	93	START	1395149365177
SCENARIO	Pricing	28	START	1395149365177
SCENARIO	Pricing	51	START	1395149365177
SCENARIO	Pricing	98	START	1395149365177
SCENARIO	Pricing	35	START	1395149365177
ACTION	Pricing	7	price	1395149365556	1395149365557	1395149367146	1395149367146	OK	 
ACTION	Pricing	66	price	1395149365575	1395149365584	1395149367086	1395149367118	OK	 
ACTION	Pricing	79	price	1395149365508	1395149365510	1395149367355	1395149367355	OK	 
ACTION	Pricing	35	price	1395149365605	1395149365607	1395149367502	1395149367502	OK	 
ACTION	Pricing	75	price	1395149365469	1395149365473	1395149367655	1395149367656	OK	 
ACTION	Pricing	27	price	1395149365337	1395149365363	1395149367798	1395149367799	OK	 
ACTION	Pricing	70	price	1395149365429	1395149365461	1395149367941	1395149367941	OK	 
ACTION	Pricing	72	price	1395149365385	1395149365409	1395149368086	1395149368086	OK	 
ACTION	Pricing	41	price	1395149365558	1395149365559	1395149368221	1395149368222	OK	 
ACTION	Pricing	1	price	1395149365523	1395149365525	1395149368360	1395149368361	OK	 
ACTION	Pricing	93	price	1395149365588	1395149365590	1395149368494	1395149368494	OK	 
ACTION	Pricing	65	price	1395149365554	1395149365555	1395149368641	1395149368642	OK	 
ACTION	Pricing	36	price	1395149365419	1395149365437	1395149368783	1395149368783	OK	 
ACTION	Pricing	81	price	1395149365495	1395149365500	1395149368924	1395149368924	OK	 
ACTION	Pricing	83	price	1395149365586	1395149365588	1395149369062	1395149369063	OK	 
ACTION	Pricing	62	price	1395149365395	1395149365416	1395149369205	1395149369206	OK	 
ACTION	Pricing	50	price	1395149365354	1395149365362	1395149369337	1395149369338	OK	 
ACTION	Pricing	45	price	1395149365573	1395149365582	1395149369481	1395149369482	OK	 
ACTION	Pricing	39	price	1395149365487	1395149365488	1395149369617	1395149369617	OK	 
ACTION	Pricing	87	price	1395149365533	1395149365535	1395149369768	1395149369768	OK	 
ACTION	Pricing	29	price	1395149365471	1395149365475	1395149369908	1395149369908	OK	 
ACTION	Pricing	56	price	1395149365428	1395149365464	1395149370038	1395149370038	OK	 
ACTION	Pricing	24	price	1395149365489	1395149365491	1395149370181	1395149370182	OK	 
ACTION	Pricing	19	price	1395149365579	1395149365584	1395149370335	1395149370336	OK	 
ACTION	Pricing	61	price	1395149365566	1395149365567	1395149370490	1395149370490	OK	 
ACTION	Pricing	2	price	1395149365269	1395149365317	1395149370640	1395149370640	OK	 
ACTION	Pricing	46	price	1395149365299	1395149365346	1395149370810	1395149370811	OK	 
ACTION	Pricing	28	price	1395149365590	1395149365597	1395149370969	1395149370970	OK	 
ACTION	Pricing	80	price	1395149365505	1395149365512	1395149371120	1395149371120	OK	 
ACTION	Pricing	49	price	1395149365269	1395149365294	1395149371274	1395149371274	OK	 
ACTION	Pricing	40	price	1395149365536	1395149365540	1395149371421	1395149371421	OK	 
ACTION	Pricing	95	price	1395149365516	1395149365519	1395149371565	1395149371565	OK	 
ACTION	Pricing	26	price	1395149365497	1395149365499	1395149371717	1395149371718	OK	 
ACTION	Pricing	71	price	1395149365531	1395149365533	1395149371866	1395149371867	OK	 
ACTION	Pricing	90	price	1395149365322	1395149365358	1395149372023	1395149372023	OK	 
ACTION	Pricing	67	price	1395149365539	1395149365541	1395149372183	1395149372184	OK	 
ACTION	Pricing	78	price	1395149365335	1395149365355	1395149372342	1395149372342	OK	 
ACTION	Pricing	9	price	1395149365571	1395149365583	1395149372497	1395149372497	OK	 
ACTION	Pricing	11	price	1395149365401	1395149365434	1395149372645	1395149372646	OK	 
ACTION	Pricing	84	price	1395149365544	1395149365546	1395149372816	1395149372816	OK	 
ACTION	Pricing	20	price	1395149365274	1395149365349	1395149372969	1395149372969	OK	 
ACTION	Pricing	8	price	1395149365392	1395149365414	1395149373118	1395149373118	OK	 
ACTION	Pricing	98	price	1395149365601	1395149365604	1395149373258	1395149373258	OK	 
ACTION	Pricing	13	price	1395149365501	1395149365503	1395149373398	1395149373398	OK	 
ACTION	Pricing	16	price	1395149365294	1395149365356	1395149373531	1395149373532	OK	 
ACTION	Pricing	58	price	1395149365568	1395149365582	1395149373665	1395149373665	OK	 
ACTION	Pricing	99	price	1395149365485	1395149365486	1395149373791	1395149373792	OK	 
ACTION	Pricing	5	price	1395149365419	1395149365444	1395149373929	1395149373929	OK	 
ACTION	Pricing	31	price	1395149365444	1395149365463	1395149374070	1395149374071	OK	 
ACTION	Pricing	51	price	1395149365599	1395149365601	1395149374212	1395149374213	OK	 
ACTION	Pricing	17	price	1395149365431	1395149365462	1395149374358	1395149374358	OK	 
ACTION	Pricing	44	price	1395149365503	1395149365505	1395149374508	1395149374508	OK	 
ACTION	Pricing	12	price	1395149365479	1395149365479	1395149374642	1395149374643	OK	 
ACTION	Pricing	3	price	1395149365479	1395149365482	1395149374778	1395149374779	OK	 
ACTION	Pricing	82	price	1395149365499	1395149365501	1395149374908	1395149374909	OK	 
ACTION	Pricing	53	price	1395149365333	1395149365360	1395149375046	1395149375047	OK	 
ACTION	Pricing	34	price	1395149365272	1395149365332	1395149375181	1395149375182	OK	 
ACTION	Pricing	68	price	1395149365560	1395149365563	1395149375314	1395149375314	OK	 
ACTION	Pricing	88	price	1395149365268	1395149365316	1395149375448	1395149375449	OK	 
ACTION	Pricing	55	price	1395149365425	1395149365445	1395149375582	1395149375582	OK	 
ACTION	Pricing	4	price	1395149365513	1395149365514	1395149375712	1395149375712	OK	 
ACTION	Pricing	38	price	1395149365392	1395149365414	1395149375849	1395149375849	OK	 
ACTION	Pricing	85	price	1395149365269	1395149365291	1395149375992	1395149375992	OK	 
ACTION	Pricing	43	price	1395149365491	1395149365493	1395149376135	1395149376136	OK	 
ACTION	Pricing	23	price	1395149365385	1395149365410	1395149376293	1395149376294	OK	 
ACTION	Pricing	57	price	1395149365513	1395149365516	1395149376450	1395149376451	OK	 
ACTION	Pricing	76	price	1395149365267	1395149365291	1395149376602	1395149376602	OK	 
ACTION	Pricing	30	price	1395149365473	1395149365476	1395149376750	1395149376750	OK	 
ACTION	Pricing	48	price	1395149365483	1395149365484	1395149376900	1395149376901	OK	 
ACTION	Pricing	47	price	1395149365404	1395149365437	1395149377049	1395149377050	OK	 
ACTION	Pricing	18	price	1395149365461	1395149365464	1395149377206	1395149377207	OK	 
ACTION	Pricing	59	price	1395149365529	1395149365531	1395149377357	1395149377358	OK	 
ACTION	Pricing	15	price	1395149365475	1395149365477	1395149377505	1395149377506	OK	 
ACTION	Pricing	32	price	1395149365506	1395149365514	1395149377651	1395149377651	OK	 
ACTION	Pricing	64	price	1395149365394	1395149365416	1395149377815	1395149377816	OK	 
ACTION	Pricing	69	price	1395149365396	1395149365422	1395149377981	1395149377981	OK	 
ACTION	Pricing	22	price	1395149365406	1395149365437	1395149378156	1395149378157	OK	 
ACTION	Pricing	21	price	1395149365562	1395149365565	1395149378328	1395149378329	OK	 
ACTION	Pricing	37	price	1395149365520	1395149365522	1395149378498	1395149378498	OK	 
ACTION	Pricing	42	price	1395149365510	1395149365514	1395149378676	1395149378676	OK	 
ACTION	Pricing	77	price	1395149365427	1395149365458	1395149378849	1395149378850	OK	 
ACTION	Pricing	60	price	1395149365468	1395149365469	1395149379006	1395149379006	OK	 
ACTION	Pricing	97	price	1395149365577	1395149365584	1395149379168	1395149379168	OK	 
ACTION	Pricing	92	price	1395149365541	1395149365544	1395149379330	1395149379331	OK	 
ACTION	Pricing	91	price	1395149365465	1395149365467	1395149379496	1395149379496	OK	 
ACTION	Pricing	96	price	1395149365390	1395149365412	1395149379656	1395149379657	OK	 
ACTION	Pricing	94	price	1395149365559	1395149365560	1395149379809	1395149379809	OK	 
ACTION	Pricing	100	price	1395149365552	1395149365554	1395149379960	1395149379961	OK	 
ACTION	Pricing	6	price	1395149365314	1395149365355	1395149380103	1395149380103	OK	 
ACTION	Pricing	73	price	1395149365495	1395149365495	1395149380247	1395149380247	OK	 
ACTION	Pricing	74	price	1395149365537	1395149365538	1395149380392	1395149380393	OK	 
ACTION	Pricing	52	price	1395149365526	1395149365528	1395149380536	1395149380536	OK	 
ACTION	Pricing	63	price	1395149365546	1395149365550	1395149380674	1395149380674	OK	 
ACTION	Pricing	89	price	1395149365340	1395149365363	1395149380812	1395149380813	OK	 
ACTION	Pricing	33	price	1395149365268	1395149365332	1395149380955	1395149380955	OK	 
ACTION	Pricing	25	price	1395149365371	1395149365400	1395149381107	1395149381108	OK	 
ACTION	Pricing	14	price	1395149365364	1395149365370	1395149381253	1395149381254	OK	 
ACTION	Pricing	10	price	1395149365338	1395149365361	1395149381407	1395149381407	OK	 
ACTION	Pricing	86	price	1395149365269	1395149365291	1395149381552	1395149381552	OK	 
ACTION	Pricing	54	price	1395149365372	1395149365410	1395149381700	1395149381701	OK	 
ACTION	Pricing	66	price	1395149367214	1395149367216	1395149381859	1395149381860	OK	 
ACTION	Pricing	7	price	1395149367217	1395149367221	1395149382035	1395149382035	OK	 
ACTION	Pricing	79	price	1395149367358	1395149367359	1395149382197	1395149382197	OK	 
ACTION	Pricing	35	price	1395149367505	1395149367506	1395149382359	1395149382359	OK	 
ACTION	Pricing	75	price	1395149367658	1395149367659	1395149382536	1395149382536	OK	 
ACTION	Pricing	27	price	1395149367801	1395149367803	1395149382696	1395149382697	OK	 
ACTION	Pricing	70	price	1395149367944	1395149367945	1395149382865	1395149382865	OK	 
ACTION	Pricing	72	price	1395149368088	1395149368089	1395149383034	1395149383035	OK	 
ACTION	Pricing	41	price	1395149368224	1395149368225	1395149383207	1395149383207	OK	 
ACTION	Pricing	1	price	1395149368362	1395149368363	1395149383373	1395149383374	OK	 
ACTION	Pricing	93	price	1395149368496	1395149368497	1395149383546	1395149383547	OK	 
ACTION	Pricing	65	price	1395149368645	1395149368646	1395149383713	1395149383713	OK	 
ACTION	Pricing	36	price	1395149368787	1395149368787	1395149383882	1395149383882	OK	 
ACTION	Pricing	81	price	1395149368926	1395149368927	1395149384050	1395149384051	OK	 
ACTION	Pricing	83	price	1395149369065	1395149369066	1395149384221	1395149384221	OK	 
ACTION	Pricing	62	price	1395149369207	1395149369210	1395149384390	1395149384390	OK	 
ACTION	Pricing	50	price	1395149369340	1395149369342	1395149384559	1395149384560	OK	 
ACTION	Pricing	45	price	1395149369484	1395149369485	1395149384726	1395149384726	OK	 
ACTION	Pricing	39	price	1395149369619	1395149369621	1395149384884	1395149384884	OK	 
ACTION	Pricing	87	price	1395149369770	1395149369772	1395149385039	1395149385039	OK	 
ACTION	Pricing	29	price	1395149369909	1395149369911	1395149385199	1395149385199	OK	 
ACTION	Pricing	56	price	1395149370040	1395149370041	1395149385348	1395149385349	OK	 
ACTION	Pricing	24	price	1395149370190	1395149370193	1395149385491	1395149385492	OK	 
ACTION	Pricing	19	price	1395149370338	1395149370340	1395149385648	1395149385648	OK	 
ACTION	Pricing	61	price	1395149370497	1395149370498	1395149385799	1395149385800	OK	 
ACTION	Pricing	2	price	1395149370643	1395149370644	1395149385955	1395149385955	OK	 
ACTION	Pricing	46	price	1395149370814	1395149370815	1395149386108	1395149386108	OK	 
ACTION	Pricing	28	price	1395149370972	1395149370973	1395149386250	1395149386251	OK	 
ACTION	Pricing	80	price	1395149371123	1395149371125	1395149386401	1395149386402	OK	 
ACTION	Pricing	49	price	1395149371277	1395149371279	1395149386566	1395149386566	OK	 
ACTION	Pricing	40	price	1395149371423	1395149371425	1395149386720	1395149386721	OK	 
ACTION	Pricing	95	price	1395149371569	1395149371569	1395149386868	1395149386868	OK	 
ACTION	Pricing	26	price	1395149371722	1395149371722	1395149387014	1395149387015	OK	 
ACTION	Pricing	71	price	1395149371871	1395149371871	1395149387166	1395149387166	OK	 
ACTION	Pricing	90	price	1395149372025	1395149372027	1395149387318	1395149387318	OK	 
ACTION	Pricing	67	price	1395149372187	1395149372188	1395149387466	1395149387466	OK	 
ACTION	Pricing	78	price	1395149372344	1395149372346	1395149387615	1395149387615	OK	 
ACTION	Pricing	9	price	1395149372499	1395149372501	1395149387763	1395149387764	OK	 
ACTION	Pricing	11	price	1395149372648	1395149372649	1395149387919	1395149387920	OK	 
ACTION	Pricing	84	price	1395149372820	1395149372820	1395149388074	1395149388074	OK	 
ACTION	Pricing	20	price	1395149372971	1395149372972	1395149388214	1395149388214	OK	 
ACTION	Pricing	8	price	1395149373120	1395149373121	1395149388368	1395149388368	OK	 
ACTION	Pricing	98	price	1395149373261	1395149373262	1395149388522	1395149388522	OK	 
ACTION	Pricing	13	price	1395149373400	1395149373401	1395149388669	1395149388669	OK	 
ACTION	Pricing	16	price	1395149373534	1395149373534	1395149388820	1395149388821	OK	 
ACTION	Pricing	58	price	1395149373667	1395149373668	1395149388977	1395149388977	OK	 
ACTION	Pricing	99	price	1395149373793	1395149373794	1395149389133	1395149389133	OK	 
ACTION	Pricing	5	price	1395149373931	1395149373932	1395149389278	1395149389278	OK	 
ACTION	Pricing	31	price	1395149374073	1395149374074	1395149389427	1395149389428	OK	 
ACTION	Pricing	51	price	1395149374215	1395149374216	1395149389581	1395149389581	OK	 
ACTION	Pricing	17	price	1395149374361	1395149374361	1395149389734	1395149389734	OK	 
ACTION	Pricing	44	price	1395149374510	1395149374511	1395149389901	1395149389902	OK	 
ACTION	Pricing	12	price	1395149374645	1395149374645	1395149390067	1395149390068	OK	 
ACTION	Pricing	3	price	1395149374781	1395149374782	1395149390222	1395149390222	OK	 
ACTION	Pricing	82	price	1395149374911	1395149374911	1395149390368	1395149390368	OK	 
ACTION	Pricing	53	price	1395149375049	1395149375050	1395149390532	1395149390532	OK	 
ACTION	Pricing	34	price	1395149375183	1395149375184	1395149390685	1395149390685	OK	 
ACTION	Pricing	68	price	1395149375316	1395149375317	1395149390841	1395149390842	OK	 
ACTION	Pricing	88	price	1395149375450	1395149375452	1395149391000	1395149391001	OK	 
ACTION	Pricing	55	price	1395149375585	1395149375585	1395149391156	1395149391157	OK	 
ACTION	Pricing	4	price	1395149375714	1395149375714	1395149391311	1395149391312	OK	 
ACTION	Pricing	38	price	1395149375851	1395149375852	1395149391468	1395149391468	OK	 
ACTION	Pricing	85	price	1395149375994	1395149375994	1395149391619	1395149391620	OK	 
ACTION	Pricing	43	price	1395149376138	1395149376138	1395149391776	1395149391776	OK	 
ACTION	Pricing	23	price	1395149376297	1395149376298	1395149391932	1395149391932	OK	 
ACTION	Pricing	57	price	1395149376453	1395149376453	1395149392090	1395149392090	OK	 
ACTION	Pricing	76	price	1395149376605	1395149376605	1395149392258	1395149392258	OK	 
ACTION	Pricing	30	price	1395149376753	1395149376754	1395149392419	1395149392420	OK	 
ACTION	Pricing	48	price	1395149376903	1395149376904	1395149392574	1395149392574	OK	 
ACTION	Pricing	47	price	1395149377053	1395149377053	1395149392724	1395149392724	OK	 
ACTION	Pricing	18	price	1395149377209	1395149377210	1395149392871	1395149392872	OK	 
ACTION	Pricing	59	price	1395149377360	1395149377360	1395149393018	1395149393019	OK	 
ACTION	Pricing	15	price	1395149377508	1395149377508	1395149393172	1395149393173	OK	 
ACTION	Pricing	32	price	1395149377655	1395149377655	1395149393339	1395149393339	OK	 
ACTION	Pricing	64	price	1395149377818	1395149377818	1395149393496	1395149393497	OK	 
ACTION	Pricing	69	price	1395149377984	1395149377984	1395149393653	1395149393654	OK	 
ACTION	Pricing	22	price	1395149378159	1395149378160	1395149393808	1395149393808	OK	 
ACTION	Pricing	21	price	1395149378331	1395149378331	1395149393970	1395149393970	OK	 
ACTION	Pricing	37	price	1395149378501	1395149378501	1395149394140	1395149394140	OK	 
ACTION	Pricing	42	price	1395149378678	1395149378679	1395149394307	1395149394307	OK	 
ACTION	Pricing	77	price	1395149378852	1395149378853	1395149394491	1395149394491	OK	 
ACTION	Pricing	60	price	1395149379009	1395149379010	1395149394659	1395149394659	OK	 
ACTION	Pricing	97	price	1395149379171	1395149379171	1395149394818	1395149394818	OK	 
ACTION	Pricing	92	price	1395149379333	1395149379333	1395149394982	1395149394982	OK	 
ACTION	Pricing	91	price	1395149379498	1395149379499	1395149395155	1395149395156	OK	 
ACTION	Pricing	96	price	1395149379659	1395149379660	1395149395338	1395149395338	OK	 
SCENARIO	Pricing	96	END	1395149395339
ACTION	Pricing	94	price	1395149379811	1395149379812	1395149395519	1395149395520	OK	 
SCENARIO	Pricing	94	END	1395149395521
ACTION	Pricing	100	price	1395149379963	1395149379963	1395149395694	1395149395695	OK	 
SCENARIO	Pricing	100	END	1395149395696
ACTION	Pricing	6	price	1395149380105	1395149380106	1395149395867	1395149395868	OK	 
SCENARIO	Pricing	6	END	1395149395869
ACTION	Pricing	73	price	1395149380249	1395149380250	1395149396038	1395149396038	OK	 
SCENARIO	Pricing	73	END	1395149396039
ACTION	Pricing	74	price	1395149380395	1395149380396	1395149396210	1395149396210	OK	 
SCENARIO	Pricing	74	END	1395149396211
ACTION	Pricing	52	price	1395149380538	1395149380539	1395149396395	1395149396396	OK	 
SCENARIO	Pricing	52	END	1395149396397
ACTION	Pricing	63	price	1395149380676	1395149380677	1395149396565	1395149396565	OK	 
SCENARIO	Pricing	63	END	1395149396566
ACTION	Pricing	89	price	1395149380815	1395149380816	1395149396730	1395149396731	OK	 
SCENARIO	Pricing	89	END	1395149396732
ACTION	Pricing	33	price	1395149380957	1395149380957	1395149396906	1395149396907	OK	 
SCENARIO	Pricing	33	END	1395149396908
ACTION	Pricing	25	price	1395149381110	1395149381110	1395149397074	1395149397074	OK	 
SCENARIO	Pricing	25	END	1395149397075
ACTION	Pricing	14	price	1395149381256	1395149381257	1395149397237	1395149397237	OK	 
SCENARIO	Pricing	14	END	1395149397238
ACTION	Pricing	10	price	1395149381409	1395149381410	1395149397403	1395149397403	OK	 
SCENARIO	Pricing	10	END	1395149397404
ACTION	Pricing	86	price	1395149381554	1395149381555	1395149397564	1395149397564	OK	 
SCENARIO	Pricing	86	END	1395149397565
ACTION	Pricing	54	price	1395149381703	1395149381703	1395149397724	1395149397725	OK	 
SCENARIO	Pricing	54	END	1395149397725
ACTION	Pricing	66	price	1395149381863	1395149381864	1395149397888	1395149397888	OK	 
SCENARIO	Pricing	66	END	1395149397889
ACTION	Pricing	7	price	1395149382038	1395149382038	1395149398027	1395149398028	OK	 
SCENARIO	Pricing	7	END	1395149398029
ACTION	Pricing	79	price	1395149382199	1395149382200	1395149398180	1395149398180	OK	 
SCENARIO	Pricing	79	END	1395149398181
ACTION	Pricing	35	price	1395149382362	1395149382364	1395149398342	1395149398343	OK	 
SCENARIO	Pricing	35	END	1395149398344
ACTION	Pricing	75	price	1395149382539	1395149382540	1395149398498	1395149398498	OK	 
SCENARIO	Pricing	75	END	1395149398499
ACTION	Pricing	27	price	1395149382699	1395149382700	1395149398644	1395149398644	OK	 
SCENARIO	Pricing	27	END	1395149398645
ACTION	Pricing	70	price	1395149382867	1395149382868	1395149398788	1395149398788	OK	 
SCENARIO	Pricing	70	END	1395149398789
ACTION	Pricing	72	price	1395149383037	1395149383038	1395149398928	1395149398928	OK	 
SCENARIO	Pricing	72	END	1395149398929
ACTION	Pricing	41	price	1395149383209	1395149383210	1395149399063	1395149399064	OK	 
SCENARIO	Pricing	41	END	1395149399064
ACTION	Pricing	1	price	1395149383376	1395149383377	1395149399195	1395149399195	OK	 
SCENARIO	Pricing	1	END	1395149399196
ACTION	Pricing	93	price	1395149383549	1395149383550	1395149399326	1395149399326	OK	 
SCENARIO	Pricing	93	END	1395149399327
ACTION	Pricing	65	price	1395149383716	1395149383717	1395149399464	1395149399464	OK	 
SCENARIO	Pricing	65	END	1395149399465
ACTION	Pricing	36	price	1395149383884	1395149383885	1395149399593	1395149399593	OK	 
SCENARIO	Pricing	36	END	1395149399594
ACTION	Pricing	81	price	1395149384054	1395149384055	1395149399724	1395149399725	OK	 
SCENARIO	Pricing	81	END	1395149399725
ACTION	Pricing	83	price	1395149384223	1395149384224	1395149399858	1395149399858	OK	 
SCENARIO	Pricing	83	END	1395149399859
ACTION	Pricing	62	price	1395149384392	1395149384393	1395149399992	1395149399993	OK	 
SCENARIO	Pricing	62	END	1395149399993
ACTION	Pricing	50	price	1395149384563	1395149384564	1395149400131	1395149400131	OK	 
SCENARIO	Pricing	50	END	1395149400132
ACTION	Pricing	45	price	1395149384729	1395149384730	1395149400267	1395149400267	OK	 
SCENARIO	Pricing	45	END	1395149400269
ACTION	Pricing	39	price	1395149384886	1395149384887	1395149400414	1395149400414	OK	 
SCENARIO	Pricing	39	END	1395149400415
ACTION	Pricing	87	price	1395149385042	1395149385043	1395149400557	1395149400557	OK	 
SCENARIO	Pricing	87	END	1395149400558
ACTION	Pricing	29	price	1395149385201	1395149385202	1395149400693	1395149400694	OK	 
SCENARIO	Pricing	29	END	1395149400694
ACTION	Pricing	56	price	1395149385351	1395149385351	1395149400826	1395149400827	OK	 
SCENARIO	Pricing	56	END	1395149400828
ACTION	Pricing	24	price	1395149385494	1395149385495	1395149400961	1395149400962	OK	 
SCENARIO	Pricing	24	END	1395149400962
ACTION	Pricing	19	price	1395149385650	1395149385651	1395149401096	1395149401096	OK	 
SCENARIO	Pricing	19	END	1395149401097
ACTION	Pricing	61	price	1395149385802	1395149385803	1395149401229	1395149401229	OK	 
SCENARIO	Pricing	61	END	1395149401230
ACTION	Pricing	2	price	1395149385957	1395149385958	1395149401374	1395149401374	OK	 
SCENARIO	Pricing	2	END	1395149401375
ACTION	Pricing	46	price	1395149386110	1395149386111	1395149401515	1395149401515	OK	 
SCENARIO	Pricing	46	END	1395149401516
ACTION	Pricing	28	price	1395149386253	1395149386254	1395149401651	1395149401651	OK	 
SCENARIO	Pricing	28	END	1395149401652
ACTION	Pricing	80	price	1395149386404	1395149386405	1395149401784	1395149401784	OK	 
SCENARIO	Pricing	80	END	1395149401785
ACTION	Pricing	49	price	1395149386568	1395149386569	1395149401914	1395149401914	OK	 
SCENARIO	Pricing	49	END	1395149401915
ACTION	Pricing	40	price	1395149386723	1395149386724	1395149402045	1395149402046	OK	 
SCENARIO	Pricing	40	END	1395149402046
ACTION	Pricing	95	price	1395149386870	1395149386871	1395149402182	1395149402182	OK	 
SCENARIO	Pricing	95	END	1395149402183
ACTION	Pricing	26	price	1395149387017	1395149387017	1395149402326	1395149402326	OK	 
SCENARIO	Pricing	26	END	1395149402327
ACTION	Pricing	71	price	1395149387168	1395149387169	1395149402462	1395149402463	OK	 
SCENARIO	Pricing	71	END	1395149402464
ACTION	Pricing	90	price	1395149387321	1395149387321	1395149402598	1395149402598	OK	 
SCENARIO	Pricing	90	END	1395149402599
ACTION	Pricing	67	price	1395149387468	1395149387469	1395149402745	1395149402746	OK	 
SCENARIO	Pricing	67	END	1395149402747
ACTION	Pricing	78	price	1395149387617	1395149387618	1395149402894	1395149402894	OK	 
SCENARIO	Pricing	78	END	1395149402895
ACTION	Pricing	9	price	1395149387767	1395149387767	1395149403034	1395149403034	OK	 
SCENARIO	Pricing	9	END	1395149403034
ACTION	Pricing	11	price	1395149387922	1395149387922	1395149403175	1395149403175	OK	 
SCENARIO	Pricing	11	END	1395149403176
ACTION	Pricing	84	price	1395149388076	1395149388077	1395149403315	1395149403316	OK	 
SCENARIO	Pricing	84	END	1395149403317
ACTION	Pricing	20	price	1395149388217	1395149388218	1395149403458	1395149403459	OK	 
SCENARIO	Pricing	20	END	1395149403460
ACTION	Pricing	8	price	1395149388370	1395149388371	1395149403604	1395149403604	OK	 
SCENARIO	Pricing	8	END	1395149403605
ACTION	Pricing	98	price	1395149388524	1395149388525	1395149403747	1395149403747	OK	 
SCENARIO	Pricing	98	END	1395149403748
ACTION	Pricing	13	price	1395149388671	1395149388672	1395149403890	1395149403890	OK	 
SCENARIO	Pricing	13	END	1395149403891
ACTION	Pricing	16	price	1395149388823	1395149388823	1395149404027	1395149404027	OK	 
SCENARIO	Pricing	16	END	1395149404028
ACTION	Pricing	58	price	1395149388981	1395149388983	1395149404163	1395149404164	OK	 
SCENARIO	Pricing	58	END	1395149404164
ACTION	Pricing	99	price	1395149389135	1395149389137	1395149404307	1395149404307	OK	 
SCENARIO	Pricing	99	END	1395149404308
ACTION	Pricing	5	price	1395149389280	1395149389281	1395149404443	1395149404443	OK	 
SCENARIO	Pricing	5	END	1395149404444
ACTION	Pricing	31	price	1395149389430	1395149389431	1395149404591	1395149404591	OK	 
SCENARIO	Pricing	31	END	1395149404592
ACTION	Pricing	51	price	1395149389583	1395149389584	1395149404726	1395149404726	OK	 
SCENARIO	Pricing	51	END	1395149404727
ACTION	Pricing	17	price	1395149389736	1395149389737	1395149404863	1395149404863	OK	 
SCENARIO	Pricing	17	END	1395149404864
ACTION	Pricing	44	price	1395149389904	1395149389905	1395149405001	1395149405002	OK	 
SCENARIO	Pricing	44	END	1395149405003
ACTION	Pricing	12	price	1395149390074	1395149390075	1395149405144	1395149405145	OK	 
SCENARIO	Pricing	12	END	1395149405146
ACTION	Pricing	3	price	1395149390225	1395149390225	1395149405294	1395149405294	OK	 
SCENARIO	Pricing	3	END	1395149405295
ACTION	Pricing	82	price	1395149390370	1395149390371	1395149405446	1395149405446	OK	 
SCENARIO	Pricing	82	END	1395149405448
ACTION	Pricing	53	price	1395149390535	1395149390536	1395149405591	1395149405591	OK	 
SCENARIO	Pricing	53	END	1395149405592
ACTION	Pricing	34	price	1395149390687	1395149390688	1395149405722	1395149405722	OK	 
SCENARIO	Pricing	34	END	1395149405724
ACTION	Pricing	68	price	1395149390844	1395149390845	1395149405867	1395149405867	OK	 
SCENARIO	Pricing	68	END	1395149405868
ACTION	Pricing	88	price	1395149391003	1395149391004	1395149406007	1395149406008	OK	 
SCENARIO	Pricing	88	END	1395149406009
ACTION	Pricing	55	price	1395149391159	1395149391159	1395149406152	1395149406152	OK	 
SCENARIO	Pricing	55	END	1395149406153
ACTION	Pricing	4	price	1395149391314	1395149391315	1395149406293	1395149406293	OK	 
SCENARIO	Pricing	4	END	1395149406294
ACTION	Pricing	38	price	1395149391470	1395149391471	1395149406436	1395149406436	OK	 
SCENARIO	Pricing	38	END	1395149406437
ACTION	Pricing	85	price	1395149391623	1395149391623	1395149406580	1395149406580	OK	 
SCENARIO	Pricing	85	END	1395149406580
ACTION	Pricing	43	price	1395149391778	1395149391779	1395149406724	1395149406724	OK	 
SCENARIO	Pricing	43	END	1395149406725
ACTION	Pricing	23	price	1395149391934	1395149391935	1395149406868	1395149406869	OK	 
SCENARIO	Pricing	23	END	1395149406870
ACTION	Pricing	57	price	1395149392093	1395149392094	1395149407023	1395149407023	OK	 
SCENARIO	Pricing	57	END	1395149407024
ACTION	Pricing	76	price	1395149392260	1395149392261	1395149407166	1395149407166	OK	 
SCENARIO	Pricing	76	END	1395149407167
ACTION	Pricing	30	price	1395149392422	1395149392422	1395149407304	1395149407305	OK	 
SCENARIO	Pricing	30	END	1395149407305
ACTION	Pricing	48	price	1395149392576	1395149392577	1395149407450	1395149407450	OK	 
SCENARIO	Pricing	48	END	1395149407451
ACTION	Pricing	47	price	1395149392726	1395149392727	1395149407604	1395149407604	OK	 
SCENARIO	Pricing	47	END	1395149407606
ACTION	Pricing	18	price	1395149392874	1395149392875	1395149407758	1395149407758	OK	 
SCENARIO	Pricing	18	END	1395149407759
ACTION	Pricing	59	price	1395149393021	1395149393021	1395149407909	1395149407909	OK	 
SCENARIO	Pricing	59	END	1395149407910
ACTION	Pricing	15	price	1395149393174	1395149393175	1395149408061	1395149408062	OK	 
SCENARIO	Pricing	15	END	1395149408063
ACTION	Pricing	32	price	1395149393342	1395149393343	1395149408210	1395149408210	OK	 
SCENARIO	Pricing	32	END	1395149408211
ACTION	Pricing	64	price	1395149393498	1395149393499	1395149408363	1395149408363	OK	 
SCENARIO	Pricing	64	END	1395149408364
ACTION	Pricing	69	price	1395149393656	1395149393657	1395149408520	1395149408521	OK	 
SCENARIO	Pricing	69	END	1395149408522
ACTION	Pricing	22	price	1395149393811	1395149393812	1395149408667	1395149408667	OK	 
SCENARIO	Pricing	22	END	1395149408668
ACTION	Pricing	21	price	1395149393973	1395149393974	1395149408801	1395149408802	OK	 
SCENARIO	Pricing	21	END	1395149408802
ACTION	Pricing	37	price	1395149394143	1395149394144	1395149408945	1395149408945	OK	 
SCENARIO	Pricing	37	END	1395149408946
ACTION	Pricing	42	price	1395149394309	1395149394310	1395149409081	1395149409081	OK	 
SCENARIO	Pricing	42	END	1395149409082
ACTION	Pricing	77	price	1395149394493	1395149394494	1395149409224	1395149409224	OK	 
SCENARIO	Pricing	77	END	1395149409225
ACTION	Pricing	60	price	1395149394662	1395149394663	1395149409356	1395149409356	OK	 
SCENARIO	Pricing	60	END	1395149409357
ACTION	Pricing	97	price	1395149394820	1395149394821	1395149409494	1395149409494	OK	 
SCENARIO	Pricing	97	END	1395149409495
ACTION	Pricing	92	price	1395149394985	1395149394986	1395149409618	1395149409619	OK	 
SCENARIO	Pricing	92	END	1395149409619
ACTION	Pricing	91	price	1395149395159	1395149395159	1395149409728	1395149409728	OK	 
SCENARIO	Pricing	91	END	1395149409729
