RUN	20140317160624	pricingsimulation	pricingsimulation
SCENARIO	Pricing	2	START	1395072386932
SCENARIO	Pricing	3	START	1395072386934
SCENARIO	Pricing	1	START	1395072386934
ACTION	Pricing	2	price	1395072386998	1395072387014	1395072412342	1395072412348	OK	 
ACTION	Pricing	1	price	1395072386998	1395072387014	1395072412339	1395072412343	OK	 
ACTION	Pricing	3	price	1395072386995	1395072387013	1395072412338	1395072412343	OK	 
ACTION	Pricing	2	price	1395072412387	1395072412389	1395072413305	1395072413305	OK	 
ACTION	Pricing	3	price	1395072412396	1395072412398	1395072413318	1395072413318	OK	 
ACTION	Pricing	1	price	1395072412389	1395072412395	1395072413325	1395072413325	OK	 
ACTION	Pricing	2	price	1395072413308	1395072413309	1395072414208	1395072414208	OK	 
ACTION	Pricing	3	price	1395072413322	1395072413324	1395072414279	1395072414279	OK	 
ACTION	Pricing	1	price	1395072413327	1395072413329	1395072414327	1395072414327	OK	 
ACTION	Pricing	2	price	1395072414210	1395072414216	1395072415049	1395072415049	OK	 
ACTION	Pricing	3	price	1395072414281	1395072414283	1395072415239	1395072415239	OK	 
ACTION	Pricing	1	price	1395072414329	1395072414330	1395072415245	1395072415245	OK	 
ACTION	Pricing	2	price	1395072415052	1395072415054	1395072415855	1395072415855	OK	 
ACTION	Pricing	3	price	1395072415243	1395072415244	1395072416112	1395072416112	OK	 
ACTION	Pricing	1	price	1395072415247	1395072415248	1395072416173	1395072416173	OK	 
ACTION	Pricing	2	price	1395072415857	1395072415858	1395072416716	1395072416716	OK	 
ACTION	Pricing	3	price	1395072416114	1395072416116	1395072416967	1395072416967	OK	 
SCENARIO	Pricing	3	END	1395072416968
ACTION	Pricing	1	price	1395072416174	1395072416176	1395072417052	1395072417052	OK	 
SCENARIO	Pricing	1	END	1395072417053
ACTION	Pricing	2	price	1395072416718	1395072416719	1395072417228	1395072417228	OK	 
SCENARIO	Pricing	2	END	1395072417228
