RUN	20140318093228	pricingsimulation	pricingsimulation
SCENARIO	Pricing	5	START	1395135151250
SCENARIO	Pricing	1	START	1395135151251
SCENARIO	Pricing	4	START	1395135151251
SCENARIO	Pricing	7	START	1395135151251
SCENARIO	Pricing	9	START	1395135151251
SCENARIO	Pricing	3	START	1395135151252
SCENARIO	Pricing	6	START	1395135151252
SCENARIO	Pricing	8	START	1395135151252
SCENARIO	Pricing	10	START	1395135151252
SCENARIO	Pricing	2	START	1395135151252
ACTION	Pricing	3	price	1395135151326	1395135151345	1395135152396	1395135152396	OK	 
ACTION	Pricing	5	price	1395135151317	1395135151328	1395135152369	1395135152392	OK	 
ACTION	Pricing	2	price	1395135151337	1395135151349	1395135152368	1395135152396	OK	 
ACTION	Pricing	10	price	1395135151332	1395135151358	1395135152378	1395135152396	OK	 
ACTION	Pricing	9	price	1395135151324	1395135151347	1395135152393	1395135152397	OK	 
ACTION	Pricing	6	price	1395135151329	1395135151346	1395135152532	1395135152532	OK	 
ACTION	Pricing	4	price	1395135151306	1395135151328	1395135152625	1395135152625	OK	 
ACTION	Pricing	7	price	1395135151308	1395135151327	1395135152751	1395135152751	OK	 
ACTION	Pricing	1	price	1395135151306	1395135151327	1395135152793	1395135152793	OK	 
ACTION	Pricing	8	price	1395135151331	1395135151345	1395135152990	1395135152990	OK	 
ACTION	Pricing	10	price	1395135152570	1395135152576	1395135153125	1395135153126	OK	 
ACTION	Pricing	5	price	1395135152584	1395135152603	1395135153245	1395135153246	OK	 
ACTION	Pricing	2	price	1395135152576	1395135152578	1395135153493	1395135153493	OK	 
ACTION	Pricing	4	price	1395135152627	1395135152629	1395135153514	1395135153514	OK	 
ACTION	Pricing	9	price	1395135152566	1395135152569	1395135153583	1395135153583	OK	 
ACTION	Pricing	7	price	1395135152753	1395135152755	1395135153629	1395135153630	OK	 
ACTION	Pricing	6	price	1395135152608	1395135152610	1395135153704	1395135153705	OK	 
ACTION	Pricing	3	price	1395135152603	1395135152606	1395135153750	1395135153750	OK	 
ACTION	Pricing	1	price	1395135152796	1395135152798	1395135153796	1395135153796	OK	 
ACTION	Pricing	8	price	1395135152992	1395135152994	1395135153924	1395135153924	OK	 
ACTION	Pricing	10	price	1395135153128	1395135153129	1395135153999	1395135153999	OK	 
ACTION	Pricing	5	price	1395135153248	1395135153249	1395135154031	1395135154031	OK	 
ACTION	Pricing	2	price	1395135153496	1395135153497	1395135154090	1395135154090	OK	 
ACTION	Pricing	4	price	1395135153516	1395135153519	1395135154153	1395135154153	OK	 
ACTION	Pricing	9	price	1395135153585	1395135153586	1395135154174	1395135154174	OK	 
ACTION	Pricing	7	price	1395135153632	1395135153634	1395135154229	1395135154229	OK	 
ACTION	Pricing	6	price	1395135153707	1395135153709	1395135154295	1395135154295	OK	 
ACTION	Pricing	3	price	1395135153752	1395135153754	1395135154322	1395135154322	OK	 
ACTION	Pricing	1	price	1395135153798	1395135153800	1395135154374	1395135154374	OK	 
ACTION	Pricing	8	price	1395135153926	1395135153927	1395135154398	1395135154398	OK	 
ACTION	Pricing	10	price	1395135154001	1395135154003	1395135154432	1395135154432	OK	 
ACTION	Pricing	5	price	1395135154034	1395135154035	1395135154467	1395135154467	OK	 
ACTION	Pricing	2	price	1395135154092	1395135154098	1395135154502	1395135154503	OK	 
ACTION	Pricing	4	price	1395135154155	1395135154156	1395135154542	1395135154542	OK	 
ACTION	Pricing	9	price	1395135154176	1395135154177	1395135154576	1395135154576	OK	 
ACTION	Pricing	7	price	1395135154232	1395135154233	1395135154610	1395135154610	OK	 
ACTION	Pricing	6	price	1395135154297	1395135154298	1395135154642	1395135154642	OK	 
ACTION	Pricing	3	price	1395135154324	1395135154326	1395135154677	1395135154678	OK	 
ACTION	Pricing	1	price	1395135154376	1395135154378	1395135154710	1395135154711	OK	 
ACTION	Pricing	8	price	1395135154401	1395135154401	1395135154743	1395135154743	OK	 
ACTION	Pricing	10	price	1395135154433	1395135154434	1395135154778	1395135154778	OK	 
ACTION	Pricing	5	price	1395135154469	1395135154470	1395135154819	1395135154820	OK	 
ACTION	Pricing	2	price	1395135154505	1395135154506	1395135154853	1395135154853	OK	 
ACTION	Pricing	4	price	1395135154544	1395135154545	1395135154892	1395135154892	OK	 
ACTION	Pricing	9	price	1395135154578	1395135154579	1395135154930	1395135154930	OK	 
ACTION	Pricing	7	price	1395135154612	1395135154613	1395135154969	1395135154969	OK	 
ACTION	Pricing	6	price	1395135154644	1395135154645	1395135155005	1395135155005	OK	 
ACTION	Pricing	3	price	1395135154679	1395135154680	1395135155042	1395135155042	OK	 
ACTION	Pricing	1	price	1395135154712	1395135154713	1395135155081	1395135155081	OK	 
ACTION	Pricing	8	price	1395135154745	1395135154746	1395135155120	1395135155120	OK	 
ACTION	Pricing	10	price	1395135154780	1395135154781	1395135155161	1395135155162	OK	 
ACTION	Pricing	5	price	1395135154821	1395135154822	1395135155198	1395135155199	OK	 
ACTION	Pricing	2	price	1395135154855	1395135154856	1395135155231	1395135155231	OK	 
ACTION	Pricing	4	price	1395135154896	1395135154896	1395135155264	1395135155264	OK	 
ACTION	Pricing	9	price	1395135154933	1395135154933	1395135155295	1395135155295	OK	 
ACTION	Pricing	7	price	1395135154971	1395135154972	1395135155326	1395135155326	OK	 
ACTION	Pricing	6	price	1395135155007	1395135155008	1395135155364	1395135155364	OK	 
ACTION	Pricing	3	price	1395135155044	1395135155045	1395135155399	1395135155399	OK	 
ACTION	Pricing	1	price	1395135155083	1395135155084	1395135155429	1395135155430	OK	 
ACTION	Pricing	8	price	1395135155122	1395135155123	1395135155461	1395135155461	OK	 
ACTION	Pricing	10	price	1395135155164	1395135155165	1395135155491	1395135155491	OK	 
ACTION	Pricing	5	price	1395135155201	1395135155201	1395135155524	1395135155524	OK	 
ACTION	Pricing	2	price	1395135155233	1395135155234	1395135155554	1395135155554	OK	 
ACTION	Pricing	4	price	1395135155266	1395135155266	1395135155588	1395135155588	OK	 
ACTION	Pricing	9	price	1395135155297	1395135155297	1395135155621	1395135155621	OK	 
ACTION	Pricing	7	price	1395135155328	1395135155329	1395135155656	1395135155656	OK	 
ACTION	Pricing	6	price	1395135155366	1395135155366	1395135155692	1395135155693	OK	 
ACTION	Pricing	3	price	1395135155401	1395135155401	1395135155729	1395135155729	OK	 
ACTION	Pricing	1	price	1395135155431	1395135155432	1395135155759	1395135155760	OK	 
ACTION	Pricing	8	price	1395135155463	1395135155464	1395135155792	1395135155793	OK	 
ACTION	Pricing	10	price	1395135155493	1395135155494	1395135155827	1395135155828	OK	 
ACTION	Pricing	5	price	1395135155526	1395135155527	1395135155859	1395135155859	OK	 
ACTION	Pricing	2	price	1395135155556	1395135155556	1395135155893	1395135155894	OK	 
ACTION	Pricing	4	price	1395135155590	1395135155591	1395135155925	1395135155925	OK	 
ACTION	Pricing	9	price	1395135155622	1395135155623	1395135155958	1395135155959	OK	 
ACTION	Pricing	7	price	1395135155658	1395135155658	1395135155994	1395135155994	OK	 
ACTION	Pricing	6	price	1395135155695	1395135155695	1395135156026	1395135156026	OK	 
ACTION	Pricing	3	price	1395135155731	1395135155732	1395135156060	1395135156061	OK	 
ACTION	Pricing	1	price	1395135155761	1395135155762	1395135156095	1395135156095	OK	 
ACTION	Pricing	8	price	1395135155795	1395135155796	1395135156133	1395135156133	OK	 
ACTION	Pricing	10	price	1395135155830	1395135155831	1395135156171	1395135156172	OK	 
ACTION	Pricing	5	price	1395135155861	1395135155862	1395135156204	1395135156204	OK	 
ACTION	Pricing	2	price	1395135155895	1395135155896	1395135156235	1395135156235	OK	 
ACTION	Pricing	4	price	1395135155928	1395135155928	1395135156265	1395135156265	OK	 
ACTION	Pricing	9	price	1395135155961	1395135155961	1395135156299	1395135156299	OK	 
ACTION	Pricing	7	price	1395135155996	1395135155996	1395135156332	1395135156332	OK	 
ACTION	Pricing	6	price	1395135156028	1395135156028	1395135156364	1395135156364	OK	 
ACTION	Pricing	3	price	1395135156062	1395135156063	1395135156397	1395135156397	OK	 
ACTION	Pricing	1	price	1395135156097	1395135156098	1395135156431	1395135156431	OK	 
ACTION	Pricing	8	price	1395135156136	1395135156136	1395135156466	1395135156466	OK	 
ACTION	Pricing	10	price	1395135156174	1395135156174	1395135156502	1395135156502	OK	 
ACTION	Pricing	5	price	1395135156206	1395135156207	1395135156536	1395135156537	OK	 
ACTION	Pricing	2	price	1395135156237	1395135156237	1395135156572	1395135156573	OK	 
ACTION	Pricing	4	price	1395135156267	1395135156268	1395135156607	1395135156607	OK	 
ACTION	Pricing	9	price	1395135156301	1395135156302	1395135156640	1395135156640	OK	 
ACTION	Pricing	7	price	1395135156334	1395135156335	1395135156673	1395135156673	OK	 
ACTION	Pricing	6	price	1395135156366	1395135156367	1395135156706	1395135156706	OK	 
ACTION	Pricing	3	price	1395135156399	1395135156400	1395135156738	1395135156738	OK	 
ACTION	Pricing	1	price	1395135156433	1395135156434	1395135156770	1395135156770	OK	 
ACTION	Pricing	8	price	1395135156467	1395135156468	1395135156802	1395135156802	OK	 
ACTION	Pricing	10	price	1395135156503	1395135156504	1395135156834	1395135156834	OK	 
ACTION	Pricing	5	price	1395135156538	1395135156539	1395135156866	1395135156867	OK	 
ACTION	Pricing	2	price	1395135156575	1395135156575	1395135156900	1395135156901	OK	 
ACTION	Pricing	4	price	1395135156609	1395135156610	1395135156939	1395135156939	OK	 
ACTION	Pricing	9	price	1395135156642	1395135156643	1395135156975	1395135156975	OK	 
ACTION	Pricing	7	price	1395135156675	1395135156675	1395135157052	1395135157053	OK	 
ACTION	Pricing	6	price	1395135156708	1395135156708	1395135157093	1395135157093	OK	 
ACTION	Pricing	3	price	1395135156740	1395135156741	1395135157130	1395135157130	OK	 
ACTION	Pricing	1	price	1395135156771	1395135156772	1395135157167	1395135157167	OK	 
ACTION	Pricing	8	price	1395135156804	1395135156805	1395135157205	1395135157205	OK	 
ACTION	Pricing	10	price	1395135156836	1395135156837	1395135157238	1395135157238	OK	 
ACTION	Pricing	5	price	1395135156869	1395135156869	1395135157280	1395135157281	OK	 
ACTION	Pricing	2	price	1395135156903	1395135156904	1395135157312	1395135157313	OK	 
ACTION	Pricing	4	price	1395135156941	1395135156941	1395135157349	1395135157349	OK	 
ACTION	Pricing	9	price	1395135156977	1395135156978	1395135157383	1395135157383	OK	 
ACTION	Pricing	7	price	1395135157055	1395135157055	1395135157415	1395135157416	OK	 
ACTION	Pricing	6	price	1395135157095	1395135157096	1395135157449	1395135157450	OK	 
ACTION	Pricing	3	price	1395135157132	1395135157133	1395135157486	1395135157486	OK	 
ACTION	Pricing	1	price	1395135157169	1395135157170	1395135157518	1395135157518	OK	 
ACTION	Pricing	8	price	1395135157207	1395135157207	1395135157549	1395135157549	OK	 
ACTION	Pricing	10	price	1395135157241	1395135157242	1395135157581	1395135157582	OK	 
ACTION	Pricing	5	price	1395135157283	1395135157283	1395135157614	1395135157614	OK	 
ACTION	Pricing	2	price	1395135157315	1395135157315	1395135157647	1395135157648	OK	 
ACTION	Pricing	4	price	1395135157351	1395135157352	1395135157682	1395135157683	OK	 
ACTION	Pricing	9	price	1395135157385	1395135157386	1395135157723	1395135157723	OK	 
ACTION	Pricing	7	price	1395135157417	1395135157418	1395135157754	1395135157754	OK	 
ACTION	Pricing	6	price	1395135157451	1395135157452	1395135157788	1395135157788	OK	 
ACTION	Pricing	3	price	1395135157488	1395135157489	1395135157829	1395135157829	OK	 
ACTION	Pricing	1	price	1395135157520	1395135157521	1395135157874	1395135157874	OK	 
ACTION	Pricing	8	price	1395135157551	1395135157552	1395135157909	1395135157909	OK	 
ACTION	Pricing	10	price	1395135157583	1395135157584	1395135157943	1395135157943	OK	 
ACTION	Pricing	5	price	1395135157616	1395135157617	1395135157979	1395135157979	OK	 
ACTION	Pricing	2	price	1395135157650	1395135157651	1395135158013	1395135158013	OK	 
ACTION	Pricing	4	price	1395135157685	1395135157686	1395135158045	1395135158045	OK	 
ACTION	Pricing	9	price	1395135157726	1395135157726	1395135158083	1395135158084	OK	 
ACTION	Pricing	7	price	1395135157756	1395135157757	1395135158124	1395135158124	OK	 
ACTION	Pricing	6	price	1395135157790	1395135157791	1395135158166	1395135158166	OK	 
ACTION	Pricing	3	price	1395135157831	1395135157832	1395135158204	1395135158204	OK	 
ACTION	Pricing	1	price	1395135157877	1395135157877	1395135158240	1395135158241	OK	 
ACTION	Pricing	8	price	1395135157911	1395135157912	1395135158276	1395135158277	OK	 
ACTION	Pricing	10	price	1395135157945	1395135157946	1395135158313	1395135158313	OK	 
ACTION	Pricing	5	price	1395135157982	1395135157982	1395135158349	1395135158349	OK	 
ACTION	Pricing	2	price	1395135158015	1395135158016	1395135158381	1395135158381	OK	 
ACTION	Pricing	4	price	1395135158047	1395135158047	1395135158415	1395135158415	OK	 
ACTION	Pricing	9	price	1395135158086	1395135158087	1395135158448	1395135158449	OK	 
ACTION	Pricing	7	price	1395135158126	1395135158127	1395135158484	1395135158484	OK	 
ACTION	Pricing	6	price	1395135158168	1395135158168	1395135158528	1395135158534	OK	 
ACTION	Pricing	3	price	1395135158206	1395135158207	1395135158573	1395135158574	OK	 
ACTION	Pricing	1	price	1395135158243	1395135158243	1395135158611	1395135158611	OK	 
ACTION	Pricing	8	price	1395135158279	1395135158279	1395135158651	1395135158651	OK	 
ACTION	Pricing	10	price	1395135158315	1395135158316	1395135158689	1395135158689	OK	 
ACTION	Pricing	5	price	1395135158351	1395135158352	1395135158722	1395135158722	OK	 
ACTION	Pricing	2	price	1395135158383	1395135158383	1395135158756	1395135158756	OK	 
ACTION	Pricing	4	price	1395135158417	1395135158418	1395135158792	1395135158793	OK	 
ACTION	Pricing	9	price	1395135158451	1395135158451	1395135158829	1395135158830	OK	 
ACTION	Pricing	7	price	1395135158486	1395135158487	1395135158865	1395135158865	OK	 
ACTION	Pricing	6	price	1395135158536	1395135158537	1395135158901	1395135158901	OK	 
ACTION	Pricing	3	price	1395135158576	1395135158576	1395135158937	1395135158938	OK	 
ACTION	Pricing	1	price	1395135158613	1395135158614	1395135158971	1395135158971	OK	 
ACTION	Pricing	8	price	1395135158653	1395135158654	1395135159010	1395135159010	OK	 
ACTION	Pricing	10	price	1395135158693	1395135158693	1395135159048	1395135159048	OK	 
ACTION	Pricing	5	price	1395135158724	1395135158724	1395135159087	1395135159089	OK	 
ACTION	Pricing	2	price	1395135158759	1395135158759	1395135159127	1395135159127	OK	 
ACTION	Pricing	4	price	1395135158795	1395135158796	1395135159170	1395135159171	OK	 
ACTION	Pricing	9	price	1395135158831	1395135158832	1395135159198	1395135159199	OK	 
ACTION	Pricing	7	price	1395135158867	1395135158867	1395135159231	1395135159232	OK	 
ACTION	Pricing	6	price	1395135158903	1395135158904	1395135159269	1395135159270	OK	 
ACTION	Pricing	3	price	1395135158940	1395135158940	1395135159306	1395135159307	OK	 
ACTION	Pricing	1	price	1395135158973	1395135158973	1395135159341	1395135159341	OK	 
ACTION	Pricing	8	price	1395135159012	1395135159013	1395135159377	1395135159377	OK	 
ACTION	Pricing	10	price	1395135159050	1395135159051	1395135159411	1395135159411	OK	 
ACTION	Pricing	5	price	1395135159090	1395135159091	1395135159448	1395135159449	OK	 
ACTION	Pricing	2	price	1395135159129	1395135159130	1395135159485	1395135159486	OK	 
ACTION	Pricing	4	price	1395135159173	1395135159173	1395135159525	1395135159525	OK	 
ACTION	Pricing	9	price	1395135159200	1395135159201	1395135159566	1395135159566	OK	 
ACTION	Pricing	7	price	1395135159233	1395135159234	1395135159599	1395135159599	OK	 
ACTION	Pricing	6	price	1395135159271	1395135159272	1395135159634	1395135159634	OK	 
ACTION	Pricing	3	price	1395135159309	1395135159310	1395135159670	1395135159670	OK	 
ACTION	Pricing	1	price	1395135159343	1395135159344	1395135159702	1395135159702	OK	 
ACTION	Pricing	8	price	1395135159379	1395135159380	1395135159732	1395135159732	OK	 
ACTION	Pricing	10	price	1395135159413	1395135159414	1395135159764	1395135159765	OK	 
ACTION	Pricing	5	price	1395135159451	1395135159452	1395135159799	1395135159799	OK	 
ACTION	Pricing	2	price	1395135159487	1395135159488	1395135159831	1395135159831	OK	 
ACTION	Pricing	4	price	1395135159527	1395135159528	1395135159865	1395135159865	OK	 
ACTION	Pricing	9	price	1395135159568	1395135159569	1395135159902	1395135159902	OK	 
ACTION	Pricing	7	price	1395135159601	1395135159602	1395135159936	1395135159936	OK	 
ACTION	Pricing	6	price	1395135159636	1395135159637	1395135159971	1395135159971	OK	 
ACTION	Pricing	3	price	1395135159672	1395135159672	1395135160007	1395135160007	OK	 
ACTION	Pricing	1	price	1395135159704	1395135159704	1395135160040	1395135160040	OK	 
ACTION	Pricing	8	price	1395135159734	1395135159735	1395135160074	1395135160074	OK	 
ACTION	Pricing	10	price	1395135159767	1395135159767	1395135160113	1395135160113	OK	 
ACTION	Pricing	5	price	1395135159801	1395135159802	1395135160149	1395135160149	OK	 
ACTION	Pricing	2	price	1395135159833	1395135159833	1395135160183	1395135160183	OK	 
ACTION	Pricing	4	price	1395135159867	1395135159868	1395135160221	1395135160221	OK	 
ACTION	Pricing	9	price	1395135159904	1395135159905	1395135160257	1395135160258	OK	 
ACTION	Pricing	7	price	1395135159938	1395135159938	1395135160294	1395135160294	OK	 
ACTION	Pricing	6	price	1395135159973	1395135159973	1395135160326	1395135160327	OK	 
ACTION	Pricing	3	price	1395135160009	1395135160010	1395135160364	1395135160365	OK	 
ACTION	Pricing	1	price	1395135160042	1395135160043	1395135160400	1395135160401	OK	 
ACTION	Pricing	8	price	1395135160076	1395135160077	1395135160439	1395135160439	OK	 
ACTION	Pricing	10	price	1395135160115	1395135160116	1395135160474	1395135160474	OK	 
ACTION	Pricing	5	price	1395135160151	1395135160152	1395135160510	1395135160510	OK	 
ACTION	Pricing	2	price	1395135160185	1395135160186	1395135160545	1395135160545	OK	 
ACTION	Pricing	4	price	1395135160223	1395135160224	1395135160579	1395135160579	OK	 
ACTION	Pricing	9	price	1395135160260	1395135160260	1395135160611	1395135160611	OK	 
ACTION	Pricing	7	price	1395135160296	1395135160296	1395135160646	1395135160647	OK	 
ACTION	Pricing	6	price	1395135160329	1395135160330	1395135160678	1395135160678	OK	 
ACTION	Pricing	3	price	1395135160368	1395135160368	1395135160709	1395135160709	OK	 
ACTION	Pricing	1	price	1395135160403	1395135160404	1395135160742	1395135160742	OK	 
ACTION	Pricing	8	price	1395135160441	1395135160442	1395135160777	1395135160777	OK	 
ACTION	Pricing	10	price	1395135160476	1395135160477	1395135160809	1395135160809	OK	 
ACTION	Pricing	5	price	1395135160512	1395135160512	1395135160842	1395135160843	OK	 
ACTION	Pricing	2	price	1395135160547	1395135160548	1395135160876	1395135160876	OK	 
ACTION	Pricing	4	price	1395135160581	1395135160582	1395135160910	1395135160910	OK	 
ACTION	Pricing	9	price	1395135160613	1395135160614	1395135160946	1395135160946	OK	 
ACTION	Pricing	7	price	1395135160648	1395135160648	1395135160987	1395135160987	OK	 
ACTION	Pricing	6	price	1395135160679	1395135160680	1395135161022	1395135161022	OK	 
ACTION	Pricing	3	price	1395135160711	1395135160712	1395135161058	1395135161058	OK	 
ACTION	Pricing	1	price	1395135160744	1395135160744	1395135161096	1395135161096	OK	 
ACTION	Pricing	8	price	1395135160780	1395135160780	1395135161146	1395135161147	OK	 
ACTION	Pricing	10	price	1395135160811	1395135160812	1395135161202	1395135161202	OK	 
ACTION	Pricing	5	price	1395135160844	1395135160845	1395135161216	1395135161216	OK	 
ACTION	Pricing	2	price	1395135160878	1395135160879	1395135161273	1395135161274	OK	 
ACTION	Pricing	4	price	1395135160913	1395135160913	1395135161311	1395135161312	OK	 
ACTION	Pricing	9	price	1395135160948	1395135160949	1395135161345	1395135161345	OK	 
ACTION	Pricing	7	price	1395135160990	1395135160990	1395135161381	1395135161381	OK	 
ACTION	Pricing	6	price	1395135161024	1395135161025	1395135161416	1395135161416	OK	 
ACTION	Pricing	3	price	1395135161060	1395135161060	1395135161450	1395135161451	OK	 
ACTION	Pricing	1	price	1395135161099	1395135161100	1395135161482	1395135161483	OK	 
ACTION	Pricing	8	price	1395135161149	1395135161150	1395135161515	1395135161515	OK	 
ACTION	Pricing	10	price	1395135161204	1395135161205	1395135161547	1395135161547	OK	 
ACTION	Pricing	5	price	1395135161218	1395135161219	1395135161582	1395135161582	OK	 
ACTION	Pricing	2	price	1395135161275	1395135161276	1395135161619	1395135161619	OK	 
ACTION	Pricing	4	price	1395135161314	1395135161314	1395135161657	1395135161657	OK	 
ACTION	Pricing	9	price	1395135161347	1395135161348	1395135161696	1395135161696	OK	 
ACTION	Pricing	7	price	1395135161383	1395135161384	1395135161737	1395135161737	OK	 
ACTION	Pricing	6	price	1395135161418	1395135161419	1395135161764	1395135161765	OK	 
ACTION	Pricing	3	price	1395135161452	1395135161453	1395135161796	1395135161796	OK	 
ACTION	Pricing	1	price	1395135161485	1395135161485	1395135161827	1395135161827	OK	 
ACTION	Pricing	8	price	1395135161517	1395135161517	1395135161863	1395135161863	OK	 
ACTION	Pricing	10	price	1395135161550	1395135161550	1395135161902	1395135161903	OK	 
ACTION	Pricing	5	price	1395135161584	1395135161584	1395135161953	1395135161953	OK	 
ACTION	Pricing	2	price	1395135161623	1395135161623	1395135161986	1395135161986	OK	 
ACTION	Pricing	4	price	1395135161659	1395135161660	1395135162022	1395135162023	OK	 
ACTION	Pricing	9	price	1395135161698	1395135161699	1395135162061	1395135162061	OK	 
ACTION	Pricing	7	price	1395135161739	1395135161740	1395135162096	1395135162096	OK	 
ACTION	Pricing	6	price	1395135161767	1395135161767	1395135162131	1395135162131	OK	 
ACTION	Pricing	3	price	1395135161798	1395135161799	1395135162171	1395135162171	OK	 
ACTION	Pricing	1	price	1395135161829	1395135161830	1395135162203	1395135162203	OK	 
ACTION	Pricing	8	price	1395135161865	1395135161866	1395135162240	1395135162240	OK	 
ACTION	Pricing	10	price	1395135161905	1395135161906	1395135162276	1395135162277	OK	 
ACTION	Pricing	5	price	1395135161955	1395135161960	1395135162313	1395135162313	OK	 
ACTION	Pricing	2	price	1395135161988	1395135161989	1395135162347	1395135162348	OK	 
ACTION	Pricing	4	price	1395135162024	1395135162025	1395135162384	1395135162384	OK	 
ACTION	Pricing	9	price	1395135162063	1395135162064	1395135162425	1395135162425	OK	 
ACTION	Pricing	7	price	1395135162098	1395135162099	1395135162467	1395135162467	OK	 
ACTION	Pricing	6	price	1395135162133	1395135162134	1395135162509	1395135162509	OK	 
ACTION	Pricing	3	price	1395135162174	1395135162174	1395135162551	1395135162551	OK	 
ACTION	Pricing	1	price	1395135162205	1395135162205	1395135162595	1395135162596	OK	 
ACTION	Pricing	8	price	1395135162242	1395135162243	1395135162631	1395135162631	OK	 
ACTION	Pricing	10	price	1395135162279	1395135162280	1395135162667	1395135162667	OK	 
ACTION	Pricing	5	price	1395135162315	1395135162316	1395135162702	1395135162702	OK	 
ACTION	Pricing	2	price	1395135162350	1395135162350	1395135162740	1395135162740	OK	 
ACTION	Pricing	4	price	1395135162387	1395135162388	1395135162779	1395135162780	OK	 
ACTION	Pricing	9	price	1395135162427	1395135162428	1395135162814	1395135162815	OK	 
ACTION	Pricing	7	price	1395135162470	1395135162470	1395135162854	1395135162855	OK	 
ACTION	Pricing	6	price	1395135162512	1395135162513	1395135162899	1395135162899	OK	 
ACTION	Pricing	3	price	1395135162553	1395135162554	1395135162940	1395135162940	OK	 
ACTION	Pricing	1	price	1395135162598	1395135162599	1395135162980	1395135162981	OK	 
ACTION	Pricing	8	price	1395135162633	1395135162633	1395135163023	1395135163023	OK	 
ACTION	Pricing	10	price	1395135162669	1395135162670	1395135163065	1395135163066	OK	 
ACTION	Pricing	5	price	1395135162704	1395135162706	1395135163100	1395135163101	OK	 
ACTION	Pricing	2	price	1395135162742	1395135162742	1395135163138	1395135163138	OK	 
ACTION	Pricing	4	price	1395135162782	1395135162782	1395135163177	1395135163177	OK	 
ACTION	Pricing	9	price	1395135162817	1395135162817	1395135163214	1395135163214	OK	 
ACTION	Pricing	7	price	1395135162857	1395135162857	1395135163253	1395135163253	OK	 
ACTION	Pricing	6	price	1395135162901	1395135162902	1395135163289	1395135163289	OK	 
ACTION	Pricing	3	price	1395135162942	1395135162943	1395135163327	1395135163327	OK	 
ACTION	Pricing	1	price	1395135162983	1395135162984	1395135163361	1395135163361	OK	 
ACTION	Pricing	8	price	1395135163025	1395135163026	1395135163398	1395135163399	OK	 
ACTION	Pricing	10	price	1395135163068	1395135163069	1395135163438	1395135163438	OK	 
ACTION	Pricing	5	price	1395135163102	1395135163103	1395135163472	1395135163472	OK	 
ACTION	Pricing	2	price	1395135163142	1395135163143	1395135163504	1395135163505	OK	 
ACTION	Pricing	4	price	1395135163180	1395135163181	1395135163536	1395135163537	OK	 
ACTION	Pricing	9	price	1395135163216	1395135163217	1395135163570	1395135163570	OK	 
ACTION	Pricing	7	price	1395135163255	1395135163256	1395135163606	1395135163606	OK	 
ACTION	Pricing	6	price	1395135163291	1395135163292	1395135163639	1395135163640	OK	 
ACTION	Pricing	3	price	1395135163329	1395135163329	1395135163679	1395135163679	OK	 
ACTION	Pricing	1	price	1395135163363	1395135163364	1395135163719	1395135163719	OK	 
ACTION	Pricing	8	price	1395135163401	1395135163401	1395135163760	1395135163760	OK	 
ACTION	Pricing	10	price	1395135163440	1395135163440	1395135163797	1395135163797	OK	 
ACTION	Pricing	5	price	1395135163474	1395135163474	1395135163836	1395135163837	OK	 
ACTION	Pricing	2	price	1395135163507	1395135163507	1395135163879	1395135163879	OK	 
ACTION	Pricing	4	price	1395135163538	1395135163539	1395135163916	1395135163916	OK	 
ACTION	Pricing	9	price	1395135163572	1395135163572	1395135163957	1395135163957	OK	 
ACTION	Pricing	7	price	1395135163608	1395135163608	1395135163989	1395135163990	OK	 
ACTION	Pricing	6	price	1395135163642	1395135163642	1395135164025	1395135164025	OK	 
ACTION	Pricing	3	price	1395135163682	1395135163682	1395135164061	1395135164061	OK	 
ACTION	Pricing	1	price	1395135163721	1395135163722	1395135164094	1395135164094	OK	 
ACTION	Pricing	8	price	1395135163765	1395135163765	1395135164125	1395135164125	OK	 
ACTION	Pricing	10	price	1395135163800	1395135163800	1395135164165	1395135164165	OK	 
ACTION	Pricing	5	price	1395135163839	1395135163839	1395135164200	1395135164200	OK	 
ACTION	Pricing	2	price	1395135163881	1395135163881	1395135164237	1395135164237	OK	 
ACTION	Pricing	4	price	1395135163919	1395135163920	1395135164276	1395135164276	OK	 
ACTION	Pricing	9	price	1395135163959	1395135163960	1395135164309	1395135164309	OK	 
ACTION	Pricing	7	price	1395135163991	1395135163992	1395135164339	1395135164340	OK	 
ACTION	Pricing	6	price	1395135164027	1395135164028	1395135164371	1395135164372	OK	 
ACTION	Pricing	3	price	1395135164063	1395135164064	1395135164404	1395135164405	OK	 
ACTION	Pricing	1	price	1395135164096	1395135164096	1395135164439	1395135164440	OK	 
ACTION	Pricing	8	price	1395135164127	1395135164127	1395135164473	1395135164474	OK	 
ACTION	Pricing	10	price	1395135164166	1395135164167	1395135164508	1395135164508	OK	 
ACTION	Pricing	5	price	1395135164202	1395135164203	1395135164550	1395135164550	OK	 
ACTION	Pricing	2	price	1395135164239	1395135164240	1395135164590	1395135164590	OK	 
ACTION	Pricing	4	price	1395135164278	1395135164279	1395135164630	1395135164630	OK	 
ACTION	Pricing	9	price	1395135164311	1395135164312	1395135164671	1395135164671	OK	 
ACTION	Pricing	7	price	1395135164341	1395135164342	1395135164712	1395135164713	OK	 
ACTION	Pricing	6	price	1395135164373	1395135164374	1395135164755	1395135164755	OK	 
ACTION	Pricing	3	price	1395135164406	1395135164407	1395135164793	1395135164793	OK	 
ACTION	Pricing	1	price	1395135164442	1395135164443	1395135164824	1395135164825	OK	 
ACTION	Pricing	8	price	1395135164478	1395135164479	1395135164862	1395135164862	OK	 
ACTION	Pricing	10	price	1395135164510	1395135164510	1395135164897	1395135164897	OK	 
ACTION	Pricing	5	price	1395135164552	1395135164552	1395135164930	1395135164930	OK	 
ACTION	Pricing	2	price	1395135164592	1395135164592	1395135164964	1395135164965	OK	 
ACTION	Pricing	4	price	1395135164633	1395135164633	1395135165002	1395135165002	OK	 
ACTION	Pricing	9	price	1395135164673	1395135164674	1395135165038	1395135165038	OK	 
ACTION	Pricing	7	price	1395135164715	1395135164715	1395135165074	1395135165074	OK	 
ACTION	Pricing	6	price	1395135164757	1395135164757	1395135165133	1395135165133	OK	 
ACTION	Pricing	3	price	1395135164795	1395135164795	1395135165144	1395135165144	OK	 
ACTION	Pricing	1	price	1395135164826	1395135164827	1395135165182	1395135165182	OK	 
ACTION	Pricing	8	price	1395135164864	1395135164864	1395135165222	1395135165222	OK	 
ACTION	Pricing	10	price	1395135164899	1395135164899	1395135165263	1395135165263	OK	 
ACTION	Pricing	5	price	1395135164932	1395135164933	1395135165296	1395135165297	OK	 
ACTION	Pricing	2	price	1395135164966	1395135164967	1395135165332	1395135165332	OK	 
ACTION	Pricing	4	price	1395135165003	1395135165004	1395135165364	1395135165365	OK	 
ACTION	Pricing	9	price	1395135165040	1395135165041	1395135165397	1395135165397	OK	 
ACTION	Pricing	7	price	1395135165076	1395135165077	1395135165431	1395135165431	OK	 
ACTION	Pricing	6	price	1395135165135	1395135165136	1395135165462	1395135165462	OK	 
ACTION	Pricing	3	price	1395135165146	1395135165146	1395135165498	1395135165498	OK	 
ACTION	Pricing	1	price	1395135165183	1395135165184	1395135165539	1395135165539	OK	 
ACTION	Pricing	8	price	1395135165224	1395135165224	1395135165582	1395135165582	OK	 
ACTION	Pricing	10	price	1395135165265	1395135165266	1395135165621	1395135165621	OK	 
ACTION	Pricing	5	price	1395135165298	1395135165299	1395135165666	1395135165666	OK	 
ACTION	Pricing	2	price	1395135165334	1395135165334	1395135165710	1395135165710	OK	 
ACTION	Pricing	4	price	1395135165366	1395135165367	1395135165748	1395135165749	OK	 
ACTION	Pricing	9	price	1395135165399	1395135165399	1395135165785	1395135165785	OK	 
ACTION	Pricing	7	price	1395135165432	1395135165433	1395135165817	1395135165818	OK	 
ACTION	Pricing	6	price	1395135165464	1395135165464	1395135165849	1395135165849	OK	 
ACTION	Pricing	3	price	1395135165500	1395135165501	1395135165880	1395135165880	OK	 
ACTION	Pricing	1	price	1395135165542	1395135165543	1395135165911	1395135165911	OK	 
ACTION	Pricing	8	price	1395135165584	1395135165584	1395135165944	1395135165944	OK	 
ACTION	Pricing	10	price	1395135165623	1395135165624	1395135165977	1395135165978	OK	 
ACTION	Pricing	5	price	1395135165668	1395135165669	1395135166011	1395135166011	OK	 
ACTION	Pricing	2	price	1395135165712	1395135165712	1395135166063	1395135166063	OK	 
ACTION	Pricing	4	price	1395135165750	1395135165751	1395135166095	1395135166096	OK	 
ACTION	Pricing	9	price	1395135165787	1395135165787	1395135166130	1395135166131	OK	 
ACTION	Pricing	7	price	1395135165819	1395135165819	1395135166164	1395135166164	OK	 
ACTION	Pricing	6	price	1395135165851	1395135165852	1395135166204	1395135166204	OK	 
ACTION	Pricing	3	price	1395135165882	1395135165882	1395135166244	1395135166244	OK	 
ACTION	Pricing	1	price	1395135165913	1395135165914	1395135166280	1395135166281	OK	 
ACTION	Pricing	8	price	1395135165946	1395135165946	1395135166315	1395135166315	OK	 
ACTION	Pricing	10	price	1395135165980	1395135165981	1395135166352	1395135166353	OK	 
ACTION	Pricing	5	price	1395135166013	1395135166014	1395135166386	1395135166386	OK	 
ACTION	Pricing	2	price	1395135166065	1395135166066	1395135166421	1395135166422	OK	 
ACTION	Pricing	4	price	1395135166097	1395135166098	1395135166462	1395135166462	OK	 
ACTION	Pricing	9	price	1395135166132	1395135166133	1395135166497	1395135166498	OK	 
ACTION	Pricing	7	price	1395135166168	1395135166168	1395135166537	1395135166538	OK	 
ACTION	Pricing	6	price	1395135166206	1395135166207	1395135166586	1395135166586	OK	 
ACTION	Pricing	3	price	1395135166246	1395135166247	1395135166618	1395135166618	OK	 
ACTION	Pricing	1	price	1395135166282	1395135166283	1395135166651	1395135166652	OK	 
ACTION	Pricing	8	price	1395135166317	1395135166318	1395135166684	1395135166684	OK	 
ACTION	Pricing	10	price	1395135166355	1395135166355	1395135166717	1395135166718	OK	 
ACTION	Pricing	5	price	1395135166389	1395135166392	1395135166751	1395135166751	OK	 
ACTION	Pricing	2	price	1395135166424	1395135166424	1395135166786	1395135166786	OK	 
ACTION	Pricing	4	price	1395135166464	1395135166464	1395135166820	1395135166820	OK	 
ACTION	Pricing	9	price	1395135166500	1395135166500	1395135166854	1395135166855	OK	 
ACTION	Pricing	7	price	1395135166540	1395135166540	1395135166892	1395135166893	OK	 
ACTION	Pricing	6	price	1395135166588	1395135166589	1395135166927	1395135166927	OK	 
ACTION	Pricing	3	price	1395135166619	1395135166620	1395135166966	1395135166966	OK	 
ACTION	Pricing	1	price	1395135166653	1395135166654	1395135167001	1395135167002	OK	 
ACTION	Pricing	8	price	1395135166685	1395135166685	1395135167034	1395135167035	OK	 
ACTION	Pricing	10	price	1395135166719	1395135166720	1395135167066	1395135167067	OK	 
ACTION	Pricing	5	price	1395135166752	1395135166753	1395135167100	1395135167101	OK	 
ACTION	Pricing	2	price	1395135166788	1395135166788	1395135167135	1395135167135	OK	 
ACTION	Pricing	4	price	1395135166822	1395135166822	1395135167170	1395135167170	OK	 
ACTION	Pricing	9	price	1395135166856	1395135166857	1395135167203	1395135167203	OK	 
ACTION	Pricing	7	price	1395135166896	1395135166896	1395135167268	1395135167268	OK	 
ACTION	Pricing	6	price	1395135166929	1395135166930	1395135167299	1395135167299	OK	 
ACTION	Pricing	3	price	1395135166968	1395135166969	1395135167331	1395135167331	OK	 
ACTION	Pricing	1	price	1395135167004	1395135167004	1395135167366	1395135167366	OK	 
ACTION	Pricing	8	price	1395135167036	1395135167037	1395135167395	1395135167396	OK	 
ACTION	Pricing	10	price	1395135167069	1395135167070	1395135167430	1395135167430	OK	 
ACTION	Pricing	5	price	1395135167103	1395135167103	1395135167463	1395135167463	OK	 
ACTION	Pricing	2	price	1395135167137	1395135167137	1395135167499	1395135167499	OK	 
ACTION	Pricing	4	price	1395135167171	1395135167172	1395135167530	1395135167531	OK	 
ACTION	Pricing	9	price	1395135167205	1395135167206	1395135167563	1395135167563	OK	 
ACTION	Pricing	7	price	1395135167270	1395135167270	1395135167595	1395135167595	OK	 
ACTION	Pricing	6	price	1395135167300	1395135167301	1395135167631	1395135167631	OK	 
ACTION	Pricing	3	price	1395135167332	1395135167333	1395135167675	1395135167675	OK	 
ACTION	Pricing	1	price	1395135167367	1395135167368	1395135167711	1395135167711	OK	 
ACTION	Pricing	8	price	1395135167397	1395135167398	1395135167747	1395135167747	OK	 
ACTION	Pricing	10	price	1395135167432	1395135167432	1395135167784	1395135167785	OK	 
ACTION	Pricing	5	price	1395135167466	1395135167467	1395135167818	1395135167818	OK	 
ACTION	Pricing	2	price	1395135167501	1395135167501	1395135167853	1395135167853	OK	 
ACTION	Pricing	4	price	1395135167532	1395135167533	1395135167884	1395135167884	OK	 
ACTION	Pricing	9	price	1395135167564	1395135167565	1395135167919	1395135167919	OK	 
ACTION	Pricing	7	price	1395135167597	1395135167598	1395135167950	1395135167950	OK	 
ACTION	Pricing	6	price	1395135167653	1395135167653	1395135167982	1395135167982	OK	 
ACTION	Pricing	3	price	1395135167677	1395135167678	1395135168017	1395135168017	OK	 
ACTION	Pricing	1	price	1395135167713	1395135167713	1395135168050	1395135168050	OK	 
ACTION	Pricing	8	price	1395135167749	1395135167750	1395135168082	1395135168083	OK	 
ACTION	Pricing	10	price	1395135167786	1395135167787	1395135168117	1395135168118	OK	 
ACTION	Pricing	5	price	1395135167820	1395135167820	1395135168151	1395135168151	OK	 
ACTION	Pricing	2	price	1395135167855	1395135167855	1395135168183	1395135168183	OK	 
ACTION	Pricing	4	price	1395135167886	1395135167886	1395135168214	1395135168215	OK	 
ACTION	Pricing	9	price	1395135167920	1395135167921	1395135168248	1395135168248	OK	 
ACTION	Pricing	7	price	1395135167951	1395135167952	1395135168281	1395135168282	OK	 
ACTION	Pricing	6	price	1395135167984	1395135167984	1395135168316	1395135168316	OK	 
ACTION	Pricing	3	price	1395135168019	1395135168019	1395135168351	1395135168351	OK	 
ACTION	Pricing	1	price	1395135168052	1395135168052	1395135168383	1395135168384	OK	 
ACTION	Pricing	8	price	1395135168084	1395135168085	1395135168415	1395135168415	OK	 
ACTION	Pricing	10	price	1395135168119	1395135168120	1395135168450	1395135168450	OK	 
ACTION	Pricing	5	price	1395135168152	1395135168153	1395135168481	1395135168481	OK	 
ACTION	Pricing	2	price	1395135168185	1395135168185	1395135168515	1395135168515	OK	 
ACTION	Pricing	4	price	1395135168216	1395135168216	1395135168545	1395135168545	OK	 
ACTION	Pricing	9	price	1395135168250	1395135168250	1395135168579	1395135168580	OK	 
ACTION	Pricing	7	price	1395135168283	1395135168283	1395135168612	1395135168613	OK	 
ACTION	Pricing	6	price	1395135168317	1395135168318	1395135168646	1395135168647	OK	 
ACTION	Pricing	3	price	1395135168353	1395135168353	1395135168679	1395135168679	OK	 
ACTION	Pricing	1	price	1395135168386	1395135168386	1395135168711	1395135168712	OK	 
ACTION	Pricing	8	price	1395135168417	1395135168417	1395135168744	1395135168744	OK	 
ACTION	Pricing	10	price	1395135168452	1395135168452	1395135168778	1395135168778	OK	 
ACTION	Pricing	5	price	1395135168483	1395135168483	1395135168810	1395135168811	OK	 
ACTION	Pricing	2	price	1395135168516	1395135168517	1395135168842	1395135168842	OK	 
ACTION	Pricing	4	price	1395135168547	1395135168548	1395135168877	1395135168877	OK	 
ACTION	Pricing	9	price	1395135168582	1395135168582	1395135168911	1395135168911	OK	 
ACTION	Pricing	7	price	1395135168614	1395135168615	1395135168954	1395135168954	OK	 
ACTION	Pricing	6	price	1395135168652	1395135168653	1395135168996	1395135168996	OK	 
ACTION	Pricing	3	price	1395135168681	1395135168681	1395135169032	1395135169033	OK	 
ACTION	Pricing	1	price	1395135168713	1395135168714	1395135169067	1395135169067	OK	 
ACTION	Pricing	8	price	1395135168746	1395135168746	1395135169104	1395135169104	OK	 
ACTION	Pricing	10	price	1395135168780	1395135168781	1395135169140	1395135169141	OK	 
ACTION	Pricing	5	price	1395135168812	1395135168813	1395135169174	1395135169174	OK	 
ACTION	Pricing	2	price	1395135168844	1395135168845	1395135169209	1395135169209	OK	 
ACTION	Pricing	4	price	1395135168878	1395135168879	1395135169242	1395135169242	OK	 
ACTION	Pricing	9	price	1395135168913	1395135168914	1395135169276	1395135169276	OK	 
ACTION	Pricing	7	price	1395135168956	1395135168957	1395135169310	1395135169310	OK	 
ACTION	Pricing	6	price	1395135168998	1395135168999	1395135169342	1395135169342	OK	 
ACTION	Pricing	3	price	1395135169034	1395135169035	1395135169375	1395135169375	OK	 
ACTION	Pricing	1	price	1395135169070	1395135169071	1395135169409	1395135169410	OK	 
ACTION	Pricing	8	price	1395135169106	1395135169106	1395135169443	1395135169443	OK	 
ACTION	Pricing	10	price	1395135169142	1395135169143	1395135169475	1395135169476	OK	 
ACTION	Pricing	5	price	1395135169175	1395135169176	1395135169513	1395135169513	OK	 
ACTION	Pricing	2	price	1395135169211	1395135169212	1395135169558	1395135169558	OK	 
ACTION	Pricing	4	price	1395135169244	1395135169244	1395135169588	1395135169588	OK	 
ACTION	Pricing	9	price	1395135169278	1395135169278	1395135169625	1395135169625	OK	 
ACTION	Pricing	7	price	1395135169312	1395135169312	1395135169664	1395135169664	OK	 
ACTION	Pricing	6	price	1395135169343	1395135169344	1395135169698	1395135169698	OK	 
ACTION	Pricing	3	price	1395135169376	1395135169377	1395135169734	1395135169734	OK	 
ACTION	Pricing	1	price	1395135169412	1395135169413	1395135169770	1395135169770	OK	 
ACTION	Pricing	8	price	1395135169445	1395135169446	1395135169807	1395135169807	OK	 
ACTION	Pricing	10	price	1395135169478	1395135169478	1395135169842	1395135169842	OK	 
ACTION	Pricing	5	price	1395135169514	1395135169515	1395135169876	1395135169876	OK	 
ACTION	Pricing	2	price	1395135169559	1395135169560	1395135169910	1395135169910	OK	 
ACTION	Pricing	4	price	1395135169590	1395135169591	1395135169944	1395135169944	OK	 
ACTION	Pricing	9	price	1395135169626	1395135169627	1395135169977	1395135169977	OK	 
ACTION	Pricing	7	price	1395135169666	1395135169667	1395135170010	1395135170010	OK	 
ACTION	Pricing	6	price	1395135169700	1395135169701	1395135170054	1395135170054	OK	 
ACTION	Pricing	3	price	1395135169736	1395135169741	1395135170090	1395135170090	OK	 
ACTION	Pricing	1	price	1395135169771	1395135169772	1395135170125	1395135170125	OK	 
ACTION	Pricing	8	price	1395135169809	1395135169810	1395135170158	1395135170158	OK	 
ACTION	Pricing	10	price	1395135169843	1395135169844	1395135170192	1395135170193	OK	 
ACTION	Pricing	5	price	1395135169878	1395135169878	1395135170226	1395135170227	OK	 
ACTION	Pricing	2	price	1395135169912	1395135169913	1395135170264	1395135170265	OK	 
ACTION	Pricing	4	price	1395135169946	1395135169947	1395135170302	1395135170302	OK	 
ACTION	Pricing	9	price	1395135169979	1395135169979	1395135170338	1395135170338	OK	 
ACTION	Pricing	7	price	1395135170012	1395135170012	1395135170374	1395135170374	OK	 
ACTION	Pricing	6	price	1395135170056	1395135170056	1395135170415	1395135170415	OK	 
ACTION	Pricing	3	price	1395135170092	1395135170092	1395135170452	1395135170453	OK	 
ACTION	Pricing	1	price	1395135170127	1395135170127	1395135170488	1395135170488	OK	 
ACTION	Pricing	8	price	1395135170160	1395135170160	1395135170525	1395135170526	OK	 
ACTION	Pricing	10	price	1395135170194	1395135170195	1395135170563	1395135170563	OK	 
ACTION	Pricing	5	price	1395135170228	1395135170229	1395135170600	1395135170600	OK	 
ACTION	Pricing	2	price	1395135170267	1395135170267	1395135170634	1395135170634	OK	 
ACTION	Pricing	4	price	1395135170304	1395135170304	1395135170670	1395135170670	OK	 
ACTION	Pricing	9	price	1395135170339	1395135170340	1395135170702	1395135170702	OK	 
ACTION	Pricing	7	price	1395135170376	1395135170376	1395135170735	1395135170735	OK	 
ACTION	Pricing	6	price	1395135170417	1395135170417	1395135170767	1395135170767	OK	 
ACTION	Pricing	3	price	1395135170454	1395135170455	1395135170802	1395135170802	OK	 
ACTION	Pricing	1	price	1395135170490	1395135170491	1395135170837	1395135170837	OK	 
ACTION	Pricing	8	price	1395135170527	1395135170528	1395135170873	1395135170873	OK	 
ACTION	Pricing	10	price	1395135170564	1395135170566	1395135170909	1395135170909	OK	 
ACTION	Pricing	5	price	1395135170602	1395135170603	1395135170947	1395135170947	OK	 
ACTION	Pricing	2	price	1395135170636	1395135170636	1395135170983	1395135170983	OK	 
ACTION	Pricing	4	price	1395135170672	1395135170672	1395135171018	1395135171018	OK	 
ACTION	Pricing	9	price	1395135170703	1395135170704	1395135171059	1395135171060	OK	 
ACTION	Pricing	7	price	1395135170737	1395135170737	1395135171102	1395135171102	OK	 
ACTION	Pricing	6	price	1395135170769	1395135170769	1395135171135	1395135171135	OK	 
ACTION	Pricing	3	price	1395135170803	1395135170804	1395135171173	1395135171174	OK	 
ACTION	Pricing	1	price	1395135170839	1395135170840	1395135171209	1395135171209	OK	 
ACTION	Pricing	8	price	1395135170875	1395135170875	1395135171251	1395135171251	OK	 
ACTION	Pricing	10	price	1395135170911	1395135170911	1395135171284	1395135171284	OK	 
ACTION	Pricing	5	price	1395135170949	1395135170949	1395135171320	1395135171320	OK	 
ACTION	Pricing	2	price	1395135170985	1395135170985	1395135171354	1395135171354	OK	 
ACTION	Pricing	4	price	1395135171020	1395135171020	1395135171395	1395135171395	OK	 
ACTION	Pricing	9	price	1395135171062	1395135171062	1395135171429	1395135171429	OK	 
ACTION	Pricing	7	price	1395135171104	1395135171105	1395135171464	1395135171464	OK	 
ACTION	Pricing	6	price	1395135171138	1395135171139	1395135171501	1395135171501	OK	 
ACTION	Pricing	3	price	1395135171176	1395135171177	1395135171538	1395135171538	OK	 
ACTION	Pricing	1	price	1395135171211	1395135171212	1395135171576	1395135171576	OK	 
ACTION	Pricing	8	price	1395135171253	1395135171253	1395135171613	1395135171614	OK	 
ACTION	Pricing	10	price	1395135171286	1395135171286	1395135171652	1395135171652	OK	 
ACTION	Pricing	5	price	1395135171322	1395135171322	1395135171689	1395135171689	OK	 
ACTION	Pricing	2	price	1395135171356	1395135171356	1395135171726	1395135171726	OK	 
ACTION	Pricing	4	price	1395135171398	1395135171398	1395135171761	1395135171761	OK	 
ACTION	Pricing	9	price	1395135171431	1395135171431	1395135171798	1395135171799	OK	 
ACTION	Pricing	7	price	1395135171466	1395135171466	1395135171836	1395135171836	OK	 
ACTION	Pricing	6	price	1395135171503	1395135171503	1395135171872	1395135171872	OK	 
ACTION	Pricing	3	price	1395135171540	1395135171540	1395135171904	1395135171904	OK	 
ACTION	Pricing	1	price	1395135171578	1395135171579	1395135171940	1395135171940	OK	 
ACTION	Pricing	8	price	1395135171615	1395135171616	1395135171976	1395135171977	OK	 
ACTION	Pricing	10	price	1395135171654	1395135171655	1395135172016	1395135172016	OK	 
ACTION	Pricing	5	price	1395135171691	1395135171691	1395135172052	1395135172052	OK	 
ACTION	Pricing	2	price	1395135171727	1395135171728	1395135172090	1395135172090	OK	 
ACTION	Pricing	4	price	1395135171763	1395135171763	1395135172134	1395135172134	OK	 
ACTION	Pricing	9	price	1395135171801	1395135171801	1395135172167	1395135172167	OK	 
ACTION	Pricing	7	price	1395135171839	1395135171839	1395135172197	1395135172198	OK	 
ACTION	Pricing	6	price	1395135171874	1395135171874	1395135172233	1395135172233	OK	 
ACTION	Pricing	3	price	1395135171906	1395135171906	1395135172271	1395135172272	OK	 
ACTION	Pricing	1	price	1395135171941	1395135171942	1395135172309	1395135172309	OK	 
ACTION	Pricing	8	price	1395135171979	1395135171979	1395135172345	1395135172345	OK	 
ACTION	Pricing	10	price	1395135172020	1395135172020	1395135172377	1395135172377	OK	 
ACTION	Pricing	5	price	1395135172054	1395135172055	1395135172422	1395135172422	OK	 
ACTION	Pricing	4	price	1395135172136	1395135172136	1395135172498	1395135172498	OK	 
ACTION	Pricing	2	price	1395135172092	1395135172092	1395135172506	1395135172506	OK	 
ACTION	Pricing	9	price	1395135172168	1395135172169	1395135172566	1395135172566	OK	 
ACTION	Pricing	7	price	1395135172200	1395135172202	1395135172598	1395135172598	OK	 
ACTION	Pricing	6	price	1395135172235	1395135172235	1395135172633	1395135172634	OK	 
ACTION	Pricing	3	price	1395135172273	1395135172274	1395135172667	1395135172667	OK	 
ACTION	Pricing	1	price	1395135172311	1395135172311	1395135172703	1395135172703	OK	 
ACTION	Pricing	8	price	1395135172347	1395135172347	1395135172736	1395135172737	OK	 
ACTION	Pricing	10	price	1395135172380	1395135172380	1395135172770	1395135172770	OK	 
ACTION	Pricing	5	price	1395135172424	1395135172424	1395135172804	1395135172805	OK	 
ACTION	Pricing	4	price	1395135172500	1395135172500	1395135172846	1395135172847	OK	 
ACTION	Pricing	2	price	1395135172508	1395135172508	1395135172879	1395135172880	OK	 
ACTION	Pricing	9	price	1395135172567	1395135172568	1395135172915	1395135172915	OK	 
ACTION	Pricing	7	price	1395135172601	1395135172601	1395135172954	1395135172955	OK	 
ACTION	Pricing	6	price	1395135172636	1395135172636	1395135172987	1395135172988	OK	 
ACTION	Pricing	3	price	1395135172669	1395135172670	1395135173021	1395135173022	OK	 
ACTION	Pricing	1	price	1395135172705	1395135172705	1395135173055	1395135173056	OK	 
ACTION	Pricing	8	price	1395135172740	1395135172740	1395135173090	1395135173090	OK	 
ACTION	Pricing	10	price	1395135172771	1395135172772	1395135173129	1395135173129	OK	 
ACTION	Pricing	5	price	1395135172807	1395135172808	1395135173164	1395135173165	OK	 
ACTION	Pricing	4	price	1395135172848	1395135172849	1395135173198	1395135173199	OK	 
ACTION	Pricing	2	price	1395135172882	1395135172883	1395135173238	1395135173239	OK	 
ACTION	Pricing	9	price	1395135172917	1395135172918	1395135173278	1395135173279	OK	 
ACTION	Pricing	7	price	1395135172956	1395135172957	1395135173315	1395135173316	OK	 
ACTION	Pricing	6	price	1395135172990	1395135172990	1395135173356	1395135173356	OK	 
ACTION	Pricing	3	price	1395135173023	1395135173023	1395135173396	1395135173396	OK	 
ACTION	Pricing	1	price	1395135173057	1395135173058	1395135173436	1395135173436	OK	 
ACTION	Pricing	8	price	1395135173091	1395135173092	1395135173474	1395135173474	OK	 
ACTION	Pricing	10	price	1395135173131	1395135173132	1395135173512	1395135173512	OK	 
ACTION	Pricing	5	price	1395135173166	1395135173166	1395135173552	1395135173553	OK	 
ACTION	Pricing	4	price	1395135173201	1395135173201	1395135173591	1395135173591	OK	 
ACTION	Pricing	2	price	1395135173240	1395135173241	1395135173623	1395135173623	OK	 
ACTION	Pricing	9	price	1395135173280	1395135173281	1395135173659	1395135173660	OK	 
ACTION	Pricing	7	price	1395135173317	1395135173318	1395135173698	1395135173699	OK	 
ACTION	Pricing	6	price	1395135173358	1395135173359	1395135173735	1395135173735	OK	 
ACTION	Pricing	3	price	1395135173399	1395135173400	1395135173771	1395135173771	OK	 
ACTION	Pricing	1	price	1395135173438	1395135173438	1395135173807	1395135173807	OK	 
ACTION	Pricing	8	price	1395135173478	1395135173478	1395135173845	1395135173845	OK	 
ACTION	Pricing	10	price	1395135173514	1395135173515	1395135173881	1395135173881	OK	 
ACTION	Pricing	5	price	1395135173554	1395135173555	1395135173918	1395135173918	OK	 
ACTION	Pricing	4	price	1395135173595	1395135173595	1395135173956	1395135173956	OK	 
ACTION	Pricing	2	price	1395135173625	1395135173626	1395135173992	1395135173992	OK	 
ACTION	Pricing	9	price	1395135173662	1395135173662	1395135174032	1395135174033	OK	 
ACTION	Pricing	7	price	1395135173700	1395135173701	1395135174073	1395135174073	OK	 
ACTION	Pricing	6	price	1395135173737	1395135173737	1395135174112	1395135174113	OK	 
ACTION	Pricing	3	price	1395135173773	1395135173773	1395135174154	1395135174155	OK	 
ACTION	Pricing	1	price	1395135173809	1395135173809	1395135174194	1395135174194	OK	 
ACTION	Pricing	8	price	1395135173847	1395135173847	1395135174253	1395135174253	OK	 
ACTION	Pricing	10	price	1395135173883	1395135173883	1395135174281	1395135174282	OK	 
ACTION	Pricing	5	price	1395135173920	1395135173920	1395135174319	1395135174320	OK	 
ACTION	Pricing	4	price	1395135173957	1395135173958	1395135174355	1395135174355	OK	 
ACTION	Pricing	2	price	1395135173994	1395135173995	1395135174392	1395135174392	OK	 
ACTION	Pricing	9	price	1395135174035	1395135174035	1395135174432	1395135174432	OK	 
ACTION	Pricing	7	price	1395135174075	1395135174075	1395135174495	1395135174496	OK	 
ACTION	Pricing	6	price	1395135174115	1395135174116	1395135174518	1395135174518	OK	 
ACTION	Pricing	3	price	1395135174156	1395135174157	1395135174558	1395135174558	OK	 
ACTION	Pricing	1	price	1395135174196	1395135174196	1395135174598	1395135174598	OK	 
ACTION	Pricing	8	price	1395135174260	1395135174261	1395135174644	1395135174644	OK	 
ACTION	Pricing	10	price	1395135174284	1395135174284	1395135174683	1395135174684	OK	 
ACTION	Pricing	5	price	1395135174321	1395135174322	1395135174725	1395135174725	OK	 
ACTION	Pricing	4	price	1395135174357	1395135174357	1395135174757	1395135174757	OK	 
ACTION	Pricing	2	price	1395135174393	1395135174394	1395135174793	1395135174793	OK	 
ACTION	Pricing	9	price	1395135174497	1395135174497	1395135174828	1395135174828	OK	 
ACTION	Pricing	7	price	1395135174498	1395135174504	1395135174879	1395135174879	OK	 
ACTION	Pricing	6	price	1395135174520	1395135174520	1395135174911	1395135174912	OK	 
ACTION	Pricing	3	price	1395135174560	1395135174561	1395135174947	1395135174947	OK	 
ACTION	Pricing	1	price	1395135174600	1395135174601	1395135174985	1395135174985	OK	 
ACTION	Pricing	8	price	1395135174646	1395135174647	1395135175020	1395135175020	OK	 
ACTION	Pricing	10	price	1395135174685	1395135174686	1395135175058	1395135175059	OK	 
ACTION	Pricing	5	price	1395135174727	1395135174727	1395135175097	1395135175098	OK	 
ACTION	Pricing	4	price	1395135174760	1395135174760	1395135175132	1395135175132	OK	 
ACTION	Pricing	2	price	1395135174795	1395135174796	1395135175166	1395135175166	OK	 
ACTION	Pricing	9	price	1395135174830	1395135174830	1395135175207	1395135175207	OK	 
ACTION	Pricing	7	price	1395135174881	1395135174881	1395135175245	1395135175246	OK	 
ACTION	Pricing	6	price	1395135174913	1395135174914	1395135175283	1395135175284	OK	 
ACTION	Pricing	3	price	1395135174949	1395135174950	1395135175321	1395135175321	OK	 
ACTION	Pricing	1	price	1395135174987	1395135174988	1395135175359	1395135175359	OK	 
ACTION	Pricing	8	price	1395135175022	1395135175023	1395135175397	1395135175397	OK	 
ACTION	Pricing	10	price	1395135175061	1395135175061	1395135175431	1395135175431	OK	 
ACTION	Pricing	5	price	1395135175099	1395135175100	1395135175467	1395135175467	OK	 
ACTION	Pricing	4	price	1395135175134	1395135175134	1395135175504	1395135175505	OK	 
ACTION	Pricing	2	price	1395135175168	1395135175168	1395135175540	1395135175540	OK	 
ACTION	Pricing	9	price	1395135175209	1395135175210	1395135175577	1395135175578	OK	 
ACTION	Pricing	7	price	1395135175247	1395135175248	1395135175615	1395135175615	OK	 
ACTION	Pricing	6	price	1395135175285	1395135175286	1395135175655	1395135175655	OK	 
ACTION	Pricing	3	price	1395135175323	1395135175324	1395135175693	1395135175693	OK	 
ACTION	Pricing	1	price	1395135175361	1395135175361	1395135175726	1395135175727	OK	 
ACTION	Pricing	8	price	1395135175399	1395135175399	1395135175762	1395135175762	OK	 
ACTION	Pricing	10	price	1395135175433	1395135175434	1395135175797	1395135175797	OK	 
ACTION	Pricing	5	price	1395135175469	1395135175470	1395135175835	1395135175836	OK	 
ACTION	Pricing	4	price	1395135175506	1395135175507	1395135175875	1395135175875	OK	 
ACTION	Pricing	2	price	1395135175542	1395135175542	1395135175915	1395135175915	OK	 
ACTION	Pricing	9	price	1395135175582	1395135175583	1395135175952	1395135175952	OK	 
ACTION	Pricing	7	price	1395135175617	1395135175618	1395135175986	1395135175986	OK	 
ACTION	Pricing	6	price	1395135175657	1395135175658	1395135176022	1395135176023	OK	 
ACTION	Pricing	3	price	1395135175695	1395135175695	1395135176063	1395135176063	OK	 
ACTION	Pricing	1	price	1395135175728	1395135175729	1395135176098	1395135176098	OK	 
ACTION	Pricing	8	price	1395135175763	1395135175764	1395135176131	1395135176131	OK	 
ACTION	Pricing	10	price	1395135175799	1395135175800	1395135176167	1395135176167	OK	 
ACTION	Pricing	5	price	1395135175838	1395135175839	1395135176206	1395135176207	OK	 
ACTION	Pricing	4	price	1395135175877	1395135175878	1395135176244	1395135176244	OK	 
ACTION	Pricing	2	price	1395135175917	1395135175918	1395135176280	1395135176280	OK	 
ACTION	Pricing	9	price	1395135175953	1395135175954	1395135176317	1395135176317	OK	 
ACTION	Pricing	7	price	1395135175988	1395135175988	1395135176356	1395135176357	OK	 
ACTION	Pricing	6	price	1395135176024	1395135176025	1395135176392	1395135176392	OK	 
ACTION	Pricing	3	price	1395135176065	1395135176065	1395135176426	1395135176427	OK	 
ACTION	Pricing	1	price	1395135176099	1395135176100	1395135176467	1395135176468	OK	 
ACTION	Pricing	8	price	1395135176133	1395135176133	1395135176506	1395135176506	OK	 
ACTION	Pricing	10	price	1395135176169	1395135176169	1395135176543	1395135176543	OK	 
ACTION	Pricing	5	price	1395135176208	1395135176210	1395135176582	1395135176582	OK	 
ACTION	Pricing	4	price	1395135176246	1395135176246	1395135176626	1395135176626	OK	 
ACTION	Pricing	2	price	1395135176282	1395135176283	1395135176665	1395135176665	OK	 
ACTION	Pricing	9	price	1395135176320	1395135176320	1395135176704	1395135176704	OK	 
ACTION	Pricing	7	price	1395135176359	1395135176359	1395135176748	1395135176748	OK	 
ACTION	Pricing	6	price	1395135176395	1395135176395	1395135176787	1395135176787	OK	 
ACTION	Pricing	3	price	1395135176429	1395135176429	1395135176818	1395135176818	OK	 
ACTION	Pricing	1	price	1395135176470	1395135176470	1395135176851	1395135176851	OK	 
ACTION	Pricing	8	price	1395135176508	1395135176508	1395135176887	1395135176887	OK	 
ACTION	Pricing	10	price	1395135176545	1395135176546	1395135176925	1395135176925	OK	 
ACTION	Pricing	5	price	1395135176584	1395135176585	1395135176966	1395135176967	OK	 
ACTION	Pricing	4	price	1395135176628	1395135176629	1395135177004	1395135177004	OK	 
ACTION	Pricing	2	price	1395135176667	1395135176668	1395135177043	1395135177043	OK	 
ACTION	Pricing	9	price	1395135176707	1395135176711	1395135177080	1395135177080	OK	 
ACTION	Pricing	7	price	1395135176750	1395135176751	1395135177114	1395135177114	OK	 
ACTION	Pricing	6	price	1395135176788	1395135176789	1395135177147	1395135177148	OK	 
ACTION	Pricing	3	price	1395135176819	1395135176820	1395135177183	1395135177183	OK	 
ACTION	Pricing	1	price	1395135176853	1395135176853	1395135177225	1395135177225	OK	 
ACTION	Pricing	8	price	1395135176889	1395135176889	1395135177266	1395135177267	OK	 
ACTION	Pricing	10	price	1395135176926	1395135176927	1395135177313	1395135177313	OK	 
ACTION	Pricing	5	price	1395135176968	1395135176969	1395135177351	1395135177351	OK	 
ACTION	Pricing	4	price	1395135177007	1395135177007	1395135177389	1395135177389	OK	 
ACTION	Pricing	2	price	1395135177045	1395135177046	1395135177423	1395135177423	OK	 
ACTION	Pricing	9	price	1395135177082	1395135177082	1395135177464	1395135177464	OK	 
ACTION	Pricing	7	price	1395135177116	1395135177116	1395135177499	1395135177499	OK	 
ACTION	Pricing	6	price	1395135177150	1395135177150	1395135177543	1395135177543	OK	 
ACTION	Pricing	3	price	1395135177185	1395135177187	1395135177576	1395135177576	OK	 
ACTION	Pricing	1	price	1395135177226	1395135177227	1395135177608	1395135177609	OK	 
ACTION	Pricing	8	price	1395135177269	1395135177269	1395135177643	1395135177644	OK	 
ACTION	Pricing	10	price	1395135177314	1395135177315	1395135177676	1395135177676	OK	 
ACTION	Pricing	5	price	1395135177353	1395135177353	1395135177712	1395135177712	OK	 
ACTION	Pricing	4	price	1395135177391	1395135177392	1395135177747	1395135177747	OK	 
ACTION	Pricing	2	price	1395135177425	1395135177425	1395135177778	1395135177778	OK	 
ACTION	Pricing	9	price	1395135177466	1395135177467	1395135177809	1395135177809	OK	 
ACTION	Pricing	7	price	1395135177501	1395135177501	1395135177842	1395135177842	OK	 
ACTION	Pricing	6	price	1395135177545	1395135177545	1395135177875	1395135177876	OK	 
ACTION	Pricing	3	price	1395135177578	1395135177578	1395135177916	1395135177917	OK	 
ACTION	Pricing	1	price	1395135177611	1395135177611	1395135177960	1395135177960	OK	 
ACTION	Pricing	8	price	1395135177645	1395135177645	1395135177998	1395135177998	OK	 
ACTION	Pricing	10	price	1395135177678	1395135177678	1395135178040	1395135178040	OK	 
ACTION	Pricing	5	price	1395135177714	1395135177714	1395135178080	1395135178081	OK	 
ACTION	Pricing	4	price	1395135177748	1395135177749	1395135178120	1395135178120	OK	 
ACTION	Pricing	2	price	1395135177781	1395135177781	1395135178155	1395135178156	OK	 
ACTION	Pricing	9	price	1395135177810	1395135177811	1395135178200	1395135178201	OK	 
ACTION	Pricing	7	price	1395135177843	1395135177844	1395135178239	1395135178240	OK	 
ACTION	Pricing	6	price	1395135177878	1395135177878	1395135178289	1395135178289	OK	 
ACTION	Pricing	3	price	1395135177918	1395135177919	1395135178331	1395135178331	OK	 
ACTION	Pricing	1	price	1395135177962	1395135177962	1395135178367	1395135178368	OK	 
ACTION	Pricing	8	price	1395135177999	1395135178000	1395135178405	1395135178405	OK	 
ACTION	Pricing	10	price	1395135178042	1395135178043	1395135178441	1395135178441	OK	 
ACTION	Pricing	5	price	1395135178083	1395135178084	1395135178480	1395135178481	OK	 
ACTION	Pricing	4	price	1395135178122	1395135178122	1395135178519	1395135178519	OK	 
ACTION	Pricing	2	price	1395135178157	1395135178157	1395135178555	1395135178556	OK	 
ACTION	Pricing	9	price	1395135178203	1395135178204	1395135178595	1395135178596	OK	 
ACTION	Pricing	7	price	1395135178242	1395135178243	1395135178638	1395135178638	OK	 
ACTION	Pricing	6	price	1395135178292	1395135178293	1395135178679	1395135178679	OK	 
ACTION	Pricing	3	price	1395135178333	1395135178333	1395135178721	1395135178721	OK	 
ACTION	Pricing	1	price	1395135178369	1395135178370	1395135178762	1395135178762	OK	 
ACTION	Pricing	8	price	1395135178407	1395135178407	1395135178800	1395135178800	OK	 
ACTION	Pricing	10	price	1395135178443	1395135178443	1395135178843	1395135178844	OK	 
ACTION	Pricing	5	price	1395135178482	1395135178483	1395135178889	1395135178889	OK	 
ACTION	Pricing	4	price	1395135178521	1395135178521	1395135178926	1395135178926	OK	 
ACTION	Pricing	2	price	1395135178557	1395135178558	1395135178963	1395135178963	OK	 
ACTION	Pricing	9	price	1395135178598	1395135178598	1395135178997	1395135178997	OK	 
ACTION	Pricing	7	price	1395135178640	1395135178640	1395135179035	1395135179036	OK	 
ACTION	Pricing	6	price	1395135178681	1395135178681	1395135179068	1395135179068	OK	 
ACTION	Pricing	3	price	1395135178723	1395135178723	1395135179103	1395135179103	OK	 
ACTION	Pricing	1	price	1395135178763	1395135178764	1395135179138	1395135179138	OK	 
ACTION	Pricing	8	price	1395135178802	1395135178802	1395135179173	1395135179173	OK	 
ACTION	Pricing	10	price	1395135178847	1395135178847	1395135179204	1395135179205	OK	 
ACTION	Pricing	5	price	1395135178891	1395135178892	1395135179238	1395135179238	OK	 
ACTION	Pricing	4	price	1395135178928	1395135178928	1395135179271	1395135179271	OK	 
ACTION	Pricing	2	price	1395135178964	1395135178965	1395135179306	1395135179306	OK	 
ACTION	Pricing	9	price	1395135179000	1395135179001	1395135179342	1395135179342	OK	 
ACTION	Pricing	7	price	1395135179037	1395135179038	1395135179378	1395135179378	OK	 
ACTION	Pricing	6	price	1395135179070	1395135179071	1395135179414	1395135179414	OK	 
ACTION	Pricing	3	price	1395135179104	1395135179105	1395135179450	1395135179451	OK	 
ACTION	Pricing	1	price	1395135179140	1395135179141	1395135179487	1395135179487	OK	 
ACTION	Pricing	8	price	1395135179174	1395135179175	1395135179517	1395135179518	OK	 
ACTION	Pricing	10	price	1395135179206	1395135179207	1395135179550	1395135179550	OK	 
ACTION	Pricing	5	price	1395135179240	1395135179240	1395135179594	1395135179594	OK	 
ACTION	Pricing	4	price	1395135179273	1395135179273	1395135179626	1395135179626	OK	 
ACTION	Pricing	2	price	1395135179307	1395135179308	1395135179661	1395135179662	OK	 
ACTION	Pricing	9	price	1395135179344	1395135179344	1395135179698	1395135179698	OK	 
ACTION	Pricing	7	price	1395135179380	1395135179380	1395135179730	1395135179730	OK	 
ACTION	Pricing	6	price	1395135179415	1395135179416	1395135179765	1395135179766	OK	 
ACTION	Pricing	3	price	1395135179452	1395135179453	1395135179799	1395135179799	OK	 
ACTION	Pricing	1	price	1395135179489	1395135179489	1395135179832	1395135179832	OK	 
ACTION	Pricing	8	price	1395135179519	1395135179520	1395135179865	1395135179866	OK	 
ACTION	Pricing	10	price	1395135179551	1395135179551	1395135179901	1395135179901	OK	 
ACTION	Pricing	5	price	1395135179596	1395135179596	1395135179939	1395135179939	OK	 
ACTION	Pricing	4	price	1395135179628	1395135179628	1395135179977	1395135179977	OK	 
ACTION	Pricing	2	price	1395135179663	1395135179664	1395135180011	1395135180011	OK	 
ACTION	Pricing	9	price	1395135179700	1395135179700	1395135180049	1395135180049	OK	 
ACTION	Pricing	7	price	1395135179732	1395135179732	1395135180082	1395135180082	OK	 
ACTION	Pricing	6	price	1395135179767	1395135179767	1395135180119	1395135180120	OK	 
ACTION	Pricing	3	price	1395135179800	1395135179800	1395135180158	1395135180158	OK	 
ACTION	Pricing	1	price	1395135179834	1395135179834	1395135180195	1395135180195	OK	 
ACTION	Pricing	8	price	1395135179867	1395135179867	1395135180229	1395135180229	OK	 
ACTION	Pricing	10	price	1395135179903	1395135179903	1395135180263	1395135180263	OK	 
ACTION	Pricing	5	price	1395135179941	1395135179941	1395135180311	1395135180311	OK	 
ACTION	Pricing	4	price	1395135179979	1395135179979	1395135180348	1395135180348	OK	 
ACTION	Pricing	2	price	1395135180013	1395135180014	1395135180383	1395135180383	OK	 
ACTION	Pricing	9	price	1395135180051	1395135180051	1395135180426	1395135180426	OK	 
ACTION	Pricing	7	price	1395135180084	1395135180084	1395135180458	1395135180458	OK	 
ACTION	Pricing	6	price	1395135180121	1395135180122	1395135180492	1395135180492	OK	 
ACTION	Pricing	3	price	1395135180159	1395135180160	1395135180525	1395135180525	OK	 
ACTION	Pricing	1	price	1395135180197	1395135180197	1395135180559	1395135180559	OK	 
ACTION	Pricing	8	price	1395135180231	1395135180231	1395135180594	1395135180595	OK	 
ACTION	Pricing	10	price	1395135180265	1395135180265	1395135180632	1395135180632	OK	 
ACTION	Pricing	5	price	1395135180313	1395135180314	1395135180674	1395135180674	OK	 
ACTION	Pricing	4	price	1395135180350	1395135180351	1395135180706	1395135180706	OK	 
ACTION	Pricing	2	price	1395135180385	1395135180385	1395135180741	1395135180741	OK	 
ACTION	Pricing	9	price	1395135180427	1395135180428	1395135180780	1395135180780	OK	 
ACTION	Pricing	7	price	1395135180460	1395135180460	1395135180813	1395135180814	OK	 
ACTION	Pricing	6	price	1395135180494	1395135180494	1395135180847	1395135180847	OK	 
ACTION	Pricing	3	price	1395135180527	1395135180527	1395135180879	1395135180879	OK	 
ACTION	Pricing	1	price	1395135180561	1395135180562	1395135180912	1395135180912	OK	 
ACTION	Pricing	8	price	1395135180596	1395135180596	1395135180950	1395135180950	OK	 
ACTION	Pricing	10	price	1395135180633	1395135180634	1395135180985	1395135180985	OK	 
ACTION	Pricing	5	price	1395135180676	1395135180677	1395135181033	1395135181033	OK	 
ACTION	Pricing	4	price	1395135180708	1395135180708	1395135181073	1395135181073	OK	 
ACTION	Pricing	2	price	1395135180743	1395135180743	1395135181108	1395135181109	OK	 
ACTION	Pricing	9	price	1395135180782	1395135180782	1395135181142	1395135181142	OK	 
ACTION	Pricing	7	price	1395135180815	1395135180815	1395135181177	1395135181178	OK	 
ACTION	Pricing	6	price	1395135180849	1395135180849	1395135181221	1395135181221	OK	 
ACTION	Pricing	3	price	1395135180881	1395135180881	1395135181262	1395135181262	OK	 
SCENARIO	Pricing	3	END	1395135181263
ACTION	Pricing	1	price	1395135180915	1395135180916	1395135181300	1395135181300	OK	 
SCENARIO	Pricing	1	END	1395135181301
ACTION	Pricing	8	price	1395135180952	1395135180952	1395135181333	1395135181333	OK	 
SCENARIO	Pricing	8	END	1395135181334
ACTION	Pricing	10	price	1395135180987	1395135180987	1395135181364	1395135181365	OK	 
SCENARIO	Pricing	10	END	1395135181366
ACTION	Pricing	5	price	1395135181036	1395135181036	1395135181412	1395135181412	OK	 
SCENARIO	Pricing	5	END	1395135181413
ACTION	Pricing	4	price	1395135181074	1395135181075	1395135181439	1395135181439	OK	 
SCENARIO	Pricing	4	END	1395135181440
ACTION	Pricing	2	price	1395135181111	1395135181111	1395135181483	1395135181484	OK	 
SCENARIO	Pricing	2	END	1395135181484
ACTION	Pricing	9	price	1395135181143	1395135181144	1395135181549	1395135181549	OK	 
SCENARIO	Pricing	9	END	1395135181549
ACTION	Pricing	7	price	1395135181179	1395135181180	1395135181571	1395135181571	OK	 
SCENARIO	Pricing	7	END	1395135181572
ACTION	Pricing	6	price	1395135181223	1395135181224	1395135181602	1395135181603	OK	 
SCENARIO	Pricing	6	END	1395135181603
