RUN	20140318134408	pricingsimulation	pricingsimulation
SCENARIO	Pricing	77	START	1395150251160
SCENARIO	Pricing	22	START	1395150251160
SCENARIO	Pricing	25	START	1395150251160
SCENARIO	Pricing	7	START	1395150251160
SCENARIO	Pricing	13	START	1395150251160
SCENARIO	Pricing	30	START	1395150251162
SCENARIO	Pricing	61	START	1395150251162
SCENARIO	Pricing	12	START	1395150251162
SCENARIO	Pricing	24	START	1395150251162
SCENARIO	Pricing	19	START	1395150251162
SCENARIO	Pricing	62	START	1395150251162
SCENARIO	Pricing	28	START	1395150251162
SCENARIO	Pricing	48	START	1395150251162
SCENARIO	Pricing	44	START	1395150251162
SCENARIO	Pricing	74	START	1395150251162
SCENARIO	Pricing	34	START	1395150251162
SCENARIO	Pricing	16	START	1395150251162
SCENARIO	Pricing	81	START	1395150251162
SCENARIO	Pricing	55	START	1395150251163
SCENARIO	Pricing	26	START	1395150251163
SCENARIO	Pricing	38	START	1395150251163
SCENARIO	Pricing	78	START	1395150251163
SCENARIO	Pricing	42	START	1395150251163
SCENARIO	Pricing	53	START	1395150251163
SCENARIO	Pricing	82	START	1395150251163
SCENARIO	Pricing	100	START	1395150251163
SCENARIO	Pricing	51	START	1395150251163
SCENARIO	Pricing	66	START	1395150251163
SCENARIO	Pricing	36	START	1395150251163
SCENARIO	Pricing	92	START	1395150251163
SCENARIO	Pricing	90	START	1395150251164
SCENARIO	Pricing	15	START	1395150251164
SCENARIO	Pricing	97	START	1395150251164
SCENARIO	Pricing	9	START	1395150251164
SCENARIO	Pricing	39	START	1395150251164
SCENARIO	Pricing	75	START	1395150251164
SCENARIO	Pricing	50	START	1395150251165
SCENARIO	Pricing	64	START	1395150251165
SCENARIO	Pricing	33	START	1395150251165
SCENARIO	Pricing	83	START	1395150251165
SCENARIO	Pricing	14	START	1395150251166
SCENARIO	Pricing	1	START	1395150251166
SCENARIO	Pricing	84	START	1395150251166
SCENARIO	Pricing	20	START	1395150251166
SCENARIO	Pricing	98	START	1395150251166
SCENARIO	Pricing	45	START	1395150251167
SCENARIO	Pricing	27	START	1395150251167
SCENARIO	Pricing	59	START	1395150251167
SCENARIO	Pricing	2	START	1395150251167
SCENARIO	Pricing	4	START	1395150251167
SCENARIO	Pricing	6	START	1395150251168
SCENARIO	Pricing	46	START	1395150251168
SCENARIO	Pricing	88	START	1395150251168
SCENARIO	Pricing	5	START	1395150251168
SCENARIO	Pricing	57	START	1395150251168
SCENARIO	Pricing	58	START	1395150251168
SCENARIO	Pricing	43	START	1395150251168
SCENARIO	Pricing	40	START	1395150251168
SCENARIO	Pricing	31	START	1395150251168
SCENARIO	Pricing	76	START	1395150251168
SCENARIO	Pricing	67	START	1395150251168
SCENARIO	Pricing	3	START	1395150251168
SCENARIO	Pricing	52	START	1395150251168
SCENARIO	Pricing	71	START	1395150251168
SCENARIO	Pricing	54	START	1395150251168
SCENARIO	Pricing	18	START	1395150251169
SCENARIO	Pricing	41	START	1395150251169
SCENARIO	Pricing	72	START	1395150251169
SCENARIO	Pricing	60	START	1395150251169
SCENARIO	Pricing	70	START	1395150251169
SCENARIO	Pricing	32	START	1395150251169
SCENARIO	Pricing	8	START	1395150251169
SCENARIO	Pricing	11	START	1395150251169
SCENARIO	Pricing	85	START	1395150251170
SCENARIO	Pricing	65	START	1395150251170
SCENARIO	Pricing	29	START	1395150251170
SCENARIO	Pricing	80	START	1395150251170
SCENARIO	Pricing	87	START	1395150251170
SCENARIO	Pricing	99	START	1395150251170
SCENARIO	Pricing	68	START	1395150251170
SCENARIO	Pricing	95	START	1395150251171
SCENARIO	Pricing	91	START	1395150251171
SCENARIO	Pricing	10	START	1395150251171
SCENARIO	Pricing	93	START	1395150251171
SCENARIO	Pricing	69	START	1395150251171
SCENARIO	Pricing	35	START	1395150251173
SCENARIO	Pricing	96	START	1395150251173
SCENARIO	Pricing	49	START	1395150251174
SCENARIO	Pricing	89	START	1395150251175
SCENARIO	Pricing	86	START	1395150251175
SCENARIO	Pricing	37	START	1395150251176
SCENARIO	Pricing	21	START	1395150251176
SCENARIO	Pricing	17	START	1395150251176
SCENARIO	Pricing	73	START	1395150251176
SCENARIO	Pricing	94	START	1395150251176
SCENARIO	Pricing	47	START	1395150251176
SCENARIO	Pricing	23	START	1395150251176
SCENARIO	Pricing	56	START	1395150251176
SCENARIO	Pricing	79	START	1395150251176
SCENARIO	Pricing	63	START	1395150251176
ACTION	Pricing	21	price	1395150251573	1395150251576	1395150253107	1395150253143	OK	 
ACTION	Pricing	93	price	1395150251551	1395150251560	1395150253327	1395150253327	OK	 
ACTION	Pricing	70	price	1395150251526	1395150251528	1395150253599	1395150253599	OK	 
ACTION	Pricing	28	price	1395150251278	1395150251297	1395150253842	1395150253843	OK	 
ACTION	Pricing	58	price	1395150251480	1395150251483	1395150254051	1395150254052	OK	 
ACTION	Pricing	18	price	1395150251515	1395150251517	1395150254262	1395150254262	OK	 
ACTION	Pricing	67	price	1395150251498	1395150251500	1395150254470	1395150254470	OK	 
ACTION	Pricing	45	price	1395150251462	1395150251464	1395150254677	1395150254677	OK	 
ACTION	Pricing	23	price	1395150251586	1395150251591	1395150254894	1395150254894	OK	 
ACTION	Pricing	25	price	1395150251265	1395150251268	1395150255111	1395150255112	OK	 
ACTION	Pricing	1	price	1395150251449	1395150251453	1395150255341	1395150255342	OK	 
ACTION	Pricing	7	price	1395150251265	1395150251267	1395150255573	1395150255574	OK	 
ACTION	Pricing	68	price	1395150251546	1395150251557	1395150255810	1395150255811	OK	 
ACTION	Pricing	31	price	1395150251495	1395150251498	1395150256263	1395150256264	OK	 
ACTION	Pricing	80	price	1395150251542	1395150251544	1395150256289	1395150256289	OK	 
ACTION	Pricing	77	price	1395150251268	1395150251268	1395150256530	1395150256531	OK	 
ACTION	Pricing	87	price	1395150251543	1395150251546	1395150256778	1395150256778	OK	 
ACTION	Pricing	30	price	1395150251263	1395150251275	1395150257040	1395150257040	OK	 
ACTION	Pricing	3	price	1395150251499	1395150251504	1395150257279	1395150257280	OK	 
ACTION	Pricing	26	price	1395150251338	1395150251349	1395150257561	1395150257561	OK	 
ACTION	Pricing	86	price	1395150251569	1395150251571	1395150257832	1395150257833	OK	 
ACTION	Pricing	24	price	1395150251265	1395150251293	1395150257946	1395150257946	OK	 
ACTION	Pricing	5	price	1395150251477	1395150251478	1395150258176	1395150258176	OK	 
ACTION	Pricing	48	price	1395150251285	1395150251298	1395150258381	1395150258382	OK	 
ACTION	Pricing	44	price	1395150251289	1395150251307	1395150258580	1395150258581	OK	 
ACTION	Pricing	79	price	1395150251588	1395150251593	1395150258789	1395150258789	OK	 
ACTION	Pricing	41	price	1395150251518	1395150251520	1395150258992	1395150258992	OK	 
ACTION	Pricing	76	price	1395150251497	1395150251501	1395150259196	1395150259196	OK	 
ACTION	Pricing	85	price	1395150251535	1395150251536	1395150259433	1395150259434	OK	 
ACTION	Pricing	2	price	1395150251469	1395150251469	1395150259656	1395150259656	OK	 
ACTION	Pricing	4	price	1395150251469	1395150251472	1395150259866	1395150259867	OK	 
ACTION	Pricing	46	price	1395150251473	1395150251475	1395150260063	1395150260064	OK	 
ACTION	Pricing	15	price	1395150251400	1395150251413	1395150260268	1395150260268	OK	 
ACTION	Pricing	59	price	1395150251469	1395150251469	1395150260474	1395150260475	OK	 
ACTION	Pricing	95	price	1395150251549	1395150251558	1395150260682	1395150260683	OK	 
ACTION	Pricing	73	price	1395150251579	1395150251581	1395150260914	1395150260914	OK	 
ACTION	Pricing	39	price	1395150251420	1395150251424	1395150261133	1395150261134	OK	 
ACTION	Pricing	47	price	1395150251583	1395150251592	1395150261339	1395150261340	OK	 
ACTION	Pricing	61	price	1395150251268	1395150251274	1395150261554	1395150261555	OK	 
ACTION	Pricing	100	price	1395150251375	1395150251389	1395150261764	1395150261765	OK	 
ACTION	Pricing	71	price	1395150251510	1395150251512	1395150261992	1395150261992	OK	 
ACTION	Pricing	60	price	1395150251523	1395150251525	1395150262198	1395150262198	OK	 
ACTION	Pricing	43	price	1395150251482	1395150251484	1395150262426	1395150262426	OK	 
ACTION	Pricing	35	price	1395150251557	1395150251561	1395150262638	1395150262638	OK	 
ACTION	Pricing	17	price	1395150251575	1395150251578	1395150262852	1395150262852	OK	 
ACTION	Pricing	81	price	1395150251322	1395150251327	1395150263065	1395150263065	OK	 
ACTION	Pricing	82	price	1395150251372	1395150251380	1395150263316	1395150263316	OK	 
ACTION	Pricing	83	price	1395150251442	1395150251444	1395150263552	1395150263552	OK	 
ACTION	Pricing	13	price	1395150251265	1395150251274	1395150263760	1395150263760	OK	 
ACTION	Pricing	22	price	1395150251265	1395150251265	1395150263986	1395150263986	OK	 
ACTION	Pricing	42	price	1395150251356	1395150251362	1395150264225	1395150264225	OK	 
ACTION	Pricing	6	price	1395150251472	1395150251473	1395150264447	1395150264447	OK	 
ACTION	Pricing	57	price	1395150251478	1395150251480	1395150264649	1395150264650	OK	 
ACTION	Pricing	36	price	1395150251393	1395150251409	1395150264850	1395150264850	OK	 
ACTION	Pricing	90	price	1395150251398	1395150251413	1395150265056	1395150265056	OK	 
ACTION	Pricing	97	price	1395150251401	1395150251414	1395150265276	1395150265276	OK	 
ACTION	Pricing	88	price	1395150251475	1395150251477	1395150265489	1395150265489	OK	 
ACTION	Pricing	53	price	1395150251362	1395150251366	1395150265667	1395150265668	OK	 
ACTION	Pricing	34	price	1395150251310	1395150251314	1395150265873	1395150265874	OK	 
ACTION	Pricing	51	price	1395150251378	1395150251407	1395150266084	1395150266084	OK	 
ACTION	Pricing	65	price	1395150251537	1395150251540	1395150266309	1395150266309	OK	 
ACTION	Pricing	69	price	1395150251554	1395150251559	1395150266549	1395150266550	OK	 
ACTION	Pricing	40	price	1395150251485	1395150251487	1395150266805	1395150266806	OK	 
ACTION	Pricing	78	price	1395150251352	1395150251356	1395150267038	1395150267039	OK	 
ACTION	Pricing	92	price	1395150251395	1395150251409	1395150267289	1395150267289	OK	 
ACTION	Pricing	72	price	1395150251520	1395150251522	1395150267542	1395150267542	OK	 
ACTION	Pricing	29	price	1395150251539	1395150251542	1395150267781	1395150267781	OK	 
ACTION	Pricing	49	price	1395150251565	1395150251567	1395150268032	1395150268032	OK	 
ACTION	Pricing	94	price	1395150251581	1395150251583	1395150268289	1395150268290	OK	 
ACTION	Pricing	52	price	1395150251503	1395150251509	1395150268532	1395150268533	OK	 
ACTION	Pricing	20	price	1395150251457	1395150251457	1395150268761	1395150268762	OK	 
ACTION	Pricing	99	price	1395150251544	1395150251553	1395150269001	1395150269001	OK	 
ACTION	Pricing	62	price	1395150251276	1395150251295	1395150269241	1395150269241	OK	 
ACTION	Pricing	64	price	1395150251432	1395150251435	1395150269474	1395150269474	OK	 
ACTION	Pricing	10	price	1395150251551	1395150251557	1395150269698	1395150269699	OK	 
ACTION	Pricing	66	price	1395150251392	1395150251407	1395150269906	1395150269906	OK	 
ACTION	Pricing	56	price	1395150251587	1395150251592	1395150270117	1395150270117	OK	 
ACTION	Pricing	27	price	1395150251462	1395150251464	1395150270331	1395150270331	OK	 
ACTION	Pricing	19	price	1395150251265	1395150251293	1395150270544	1395150270545	OK	 
ACTION	Pricing	9	price	1395150251402	1395150251414	1395150270776	1395150270776	OK	 
ACTION	Pricing	74	price	1395150251308	1395150251315	1395150270998	1395150270998	OK	 
ACTION	Pricing	63	price	1395150251590	1395150251595	1395150271230	1395150271231	OK	 
ACTION	Pricing	8	price	1395150251530	1395150251532	1395150271478	1395150271479	OK	 
ACTION	Pricing	89	price	1395150251568	1395150251569	1395150271714	1395150271715	OK	 
ACTION	Pricing	84	price	1395150251451	1395150251454	1395150271968	1395150271968	OK	 
ACTION	Pricing	98	price	1395150251458	1395150251460	1395150272206	1395150272207	OK	 
ACTION	Pricing	75	price	1395150251425	1395150251437	1395150272443	1395150272443	OK	 
ACTION	Pricing	14	price	1395150251449	1395150251449	1395150272687	1395150272687	OK	 
ACTION	Pricing	11	price	1395150251533	1395150251535	1395150272929	1395150272929	OK	 
ACTION	Pricing	55	price	1395150251330	1395150251336	1395150273172	1395150273172	OK	 
ACTION	Pricing	54	price	1395150251513	1395150251515	1395150273426	1395150273427	OK	 
ACTION	Pricing	38	price	1395150251346	1395150251351	1395150273693	1395150273693	OK	 
ACTION	Pricing	96	price	1395150251560	1395150251564	1395150273931	1395150273931	OK	 
ACTION	Pricing	50	price	1395150251426	1395150251431	1395150274147	1395150274148	OK	 
ACTION	Pricing	37	price	1395150251572	1395150251573	1395150274356	1395150274356	OK	 
ACTION	Pricing	12	price	1395150251265	1395150251275	1395150274614	1395150274614	OK	 
ACTION	Pricing	16	price	1395150251311	1395150251320	1395150274837	1395150274838	OK	 
ACTION	Pricing	91	price	1395150251549	1395150251555	1395150275089	1395150275089	OK	 
ACTION	Pricing	33	price	1395150251435	1395150251442	1395150275329	1395150275329	OK	 
ACTION	Pricing	32	price	1395150251527	1395150251530	1395150275567	1395150275568	OK	 
ACTION	Pricing	21	price	1395150253245	1395150253248	1395150275804	1395150275805	OK	 
ACTION	Pricing	93	price	1395150253385	1395150253387	1395150276063	1395150276064	OK	 
ACTION	Pricing	70	price	1395150253601	1395150253604	1395150276322	1395150276322	OK	 
ACTION	Pricing	28	price	1395150253845	1395150253845	1395150276562	1395150276563	OK	 
ACTION	Pricing	58	price	1395150254054	1395150254055	1395150276812	1395150276812	OK	 
ACTION	Pricing	18	price	1395150254264	1395150254265	1395150277046	1395150277047	OK	 
ACTION	Pricing	67	price	1395150254473	1395150254473	1395150277291	1395150277291	OK	 
ACTION	Pricing	45	price	1395150254680	1395150254681	1395150277552	1395150277553	OK	 
ACTION	Pricing	23	price	1395150254896	1395150254898	1395150277779	1395150277780	OK	 
ACTION	Pricing	25	price	1395150255114	1395150255115	1395150277996	1395150277996	OK	 
ACTION	Pricing	1	price	1395150255344	1395150255345	1395150278201	1395150278201	OK	 
ACTION	Pricing	7	price	1395150255576	1395150255578	1395150278406	1395150278407	OK	 
ACTION	Pricing	68	price	1395150255813	1395150255815	1395150278630	1395150278631	OK	 
ACTION	Pricing	31	price	1395150256266	1395150256268	1395150278851	1395150278851	OK	 
ACTION	Pricing	80	price	1395150256293	1395150256293	1395150279079	1395150279079	OK	 
ACTION	Pricing	77	price	1395150256533	1395150256535	1395150279294	1395150279294	OK	 
ACTION	Pricing	87	price	1395150256781	1395150256783	1395150279511	1395150279511	OK	 
ACTION	Pricing	30	price	1395150257044	1395150257045	1395150279709	1395150279709	OK	 
ACTION	Pricing	3	price	1395150257283	1395150257284	1395150279939	1395150279939	OK	 
ACTION	Pricing	26	price	1395150257564	1395150257565	1395150280151	1395150280152	OK	 
ACTION	Pricing	86	price	1395150257835	1395150257836	1395150280384	1395150280385	OK	 
ACTION	Pricing	24	price	1395150257949	1395150257950	1395150280585	1395150280586	OK	 
ACTION	Pricing	5	price	1395150258182	1395150258182	1395150280804	1395150280805	OK	 
ACTION	Pricing	48	price	1395150258384	1395150258385	1395150281016	1395150281016	OK	 
ACTION	Pricing	44	price	1395150258583	1395150258584	1395150281240	1395150281240	OK	 
SCENARIO	Pricing	44	END	1395150281241
ACTION	Pricing	79	price	1395150258791	1395150258792	1395150281484	1395150281485	OK	 
SCENARIO	Pricing	79	END	1395150281486
ACTION	Pricing	41	price	1395150258994	1395150258996	1395150281702	1395150281703	OK	 
SCENARIO	Pricing	41	END	1395150281703
ACTION	Pricing	76	price	1395150259198	1395150259199	1395150281910	1395150281910	OK	 
SCENARIO	Pricing	76	END	1395150281912
ACTION	Pricing	85	price	1395150259436	1395150259438	1395150282129	1395150282130	OK	 
SCENARIO	Pricing	85	END	1395150282131
ACTION	Pricing	2	price	1395150259659	1395150259661	1395150282356	1395150282356	OK	 
SCENARIO	Pricing	2	END	1395150282357
ACTION	Pricing	4	price	1395150259871	1395150259872	1395150282565	1395150282565	OK	 
SCENARIO	Pricing	4	END	1395150282566
ACTION	Pricing	46	price	1395150260067	1395150260068	1395150282788	1395150282788	OK	 
SCENARIO	Pricing	46	END	1395150282789
ACTION	Pricing	15	price	1395150260274	1395150260274	1395150282993	1395150282993	OK	 
SCENARIO	Pricing	15	END	1395150282994
ACTION	Pricing	59	price	1395150260477	1395150260478	1395150283215	1395150283215	OK	 
SCENARIO	Pricing	59	END	1395150283216
ACTION	Pricing	95	price	1395150260685	1395150260686	1395150283433	1395150283433	OK	 
SCENARIO	Pricing	95	END	1395150283434
ACTION	Pricing	73	price	1395150260917	1395150260918	1395150283667	1395150283667	OK	 
SCENARIO	Pricing	73	END	1395150283669
ACTION	Pricing	39	price	1395150261136	1395150261137	1395150283880	1395150283880	OK	 
SCENARIO	Pricing	39	END	1395150283881
ACTION	Pricing	47	price	1395150261342	1395150261343	1395150284076	1395150284076	OK	 
SCENARIO	Pricing	47	END	1395150284078
ACTION	Pricing	61	price	1395150261557	1395150261559	1395150284278	1395150284278	OK	 
SCENARIO	Pricing	61	END	1395150284280
ACTION	Pricing	100	price	1395150261768	1395150261769	1395150284501	1395150284501	OK	 
SCENARIO	Pricing	100	END	1395150284502
ACTION	Pricing	71	price	1395150261994	1395150261995	1395150284724	1395150284724	OK	 
SCENARIO	Pricing	71	END	1395150284725
ACTION	Pricing	60	price	1395150262201	1395150262202	1395150284928	1395150284928	OK	 
SCENARIO	Pricing	60	END	1395150284929
ACTION	Pricing	43	price	1395150262428	1395150262428	1395150285137	1395150285138	OK	 
SCENARIO	Pricing	43	END	1395150285139
ACTION	Pricing	35	price	1395150262641	1395150262641	1395150285372	1395150285373	OK	 
SCENARIO	Pricing	35	END	1395150285373
ACTION	Pricing	17	price	1395150262855	1395150262856	1395150285584	1395150285585	OK	 
SCENARIO	Pricing	17	END	1395150285586
ACTION	Pricing	81	price	1395150263067	1395150263068	1395150285792	1395150285792	OK	 
SCENARIO	Pricing	81	END	1395150285793
ACTION	Pricing	82	price	1395150263318	1395150263319	1395150285999	1395150285999	OK	 
SCENARIO	Pricing	82	END	1395150286000
ACTION	Pricing	83	price	1395150263554	1395150263555	1395150286210	1395150286210	OK	 
SCENARIO	Pricing	83	END	1395150286211
ACTION	Pricing	13	price	1395150263762	1395150263762	1395150286423	1395150286424	OK	 
SCENARIO	Pricing	13	END	1395150286424
ACTION	Pricing	22	price	1395150263988	1395150263989	1395150286626	1395150286626	OK	 
SCENARIO	Pricing	22	END	1395150286628
ACTION	Pricing	42	price	1395150264227	1395150264228	1395150286843	1395150286844	OK	 
SCENARIO	Pricing	42	END	1395150286845
ACTION	Pricing	6	price	1395150264450	1395150264451	1395150287065	1395150287065	OK	 
SCENARIO	Pricing	6	END	1395150287067
ACTION	Pricing	57	price	1395150264652	1395150264652	1395150287259	1395150287259	OK	 
SCENARIO	Pricing	57	END	1395150287260
ACTION	Pricing	36	price	1395150264852	1395150264853	1395150287471	1395150287471	OK	 
SCENARIO	Pricing	36	END	1395150287472
ACTION	Pricing	90	price	1395150265059	1395150265059	1395150287686	1395150287686	OK	 
SCENARIO	Pricing	90	END	1395150287687
ACTION	Pricing	97	price	1395150265278	1395150265279	1395150287909	1395150287909	OK	 
SCENARIO	Pricing	97	END	1395150287910
ACTION	Pricing	88	price	1395150265491	1395150265492	1395150288121	1395150288122	OK	 
SCENARIO	Pricing	88	END	1395150288123
ACTION	Pricing	53	price	1395150265670	1395150265671	1395150288324	1395150288324	OK	 
SCENARIO	Pricing	53	END	1395150288325
ACTION	Pricing	34	price	1395150265876	1395150265876	1395150288528	1395150288528	OK	 
SCENARIO	Pricing	34	END	1395150288529
ACTION	Pricing	51	price	1395150266087	1395150266088	1395150288747	1395150288747	OK	 
SCENARIO	Pricing	51	END	1395150288748
ACTION	Pricing	65	price	1395150266311	1395150266313	1395150288955	1395150288955	OK	 
SCENARIO	Pricing	65	END	1395150288956
ACTION	Pricing	69	price	1395150266552	1395150266553	1395150289158	1395150289158	OK	 
SCENARIO	Pricing	69	END	1395150289159
ACTION	Pricing	40	price	1395150266808	1395150266809	1395150289378	1395150289379	OK	 
SCENARIO	Pricing	40	END	1395150289380
ACTION	Pricing	78	price	1395150267041	1395150267042	1395150289601	1395150289602	OK	 
SCENARIO	Pricing	78	END	1395150289603
ACTION	Pricing	92	price	1395150267292	1395150267293	1395150289791	1395150289791	OK	 
SCENARIO	Pricing	92	END	1395150289792
ACTION	Pricing	72	price	1395150267544	1395150267545	1395150290001	1395150290002	OK	 
SCENARIO	Pricing	72	END	1395150290003
ACTION	Pricing	29	price	1395150267783	1395150267784	1395150290231	1395150290231	OK	 
SCENARIO	Pricing	29	END	1395150290232
ACTION	Pricing	49	price	1395150268034	1395150268035	1395150290454	1395150290454	OK	 
SCENARIO	Pricing	49	END	1395150290455
ACTION	Pricing	94	price	1395150268293	1395150268293	1395150290659	1395150290660	OK	 
SCENARIO	Pricing	94	END	1395150290661
ACTION	Pricing	52	price	1395150268535	1395150268537	1395150290865	1395150290865	OK	 
SCENARIO	Pricing	52	END	1395150290866
ACTION	Pricing	20	price	1395150268764	1395150268765	1395150291084	1395150291084	OK	 
SCENARIO	Pricing	20	END	1395150291085
ACTION	Pricing	99	price	1395150269004	1395150269005	1395150291298	1395150291298	OK	 
SCENARIO	Pricing	99	END	1395150291299
ACTION	Pricing	62	price	1395150269243	1395150269244	1395150291517	1395150291517	OK	 
SCENARIO	Pricing	62	END	1395150291518
ACTION	Pricing	64	price	1395150269477	1395150269477	1395150291733	1395150291733	OK	 
SCENARIO	Pricing	64	END	1395150291734
ACTION	Pricing	10	price	1395150269702	1395150269702	1395150291948	1395150291948	OK	 
SCENARIO	Pricing	10	END	1395150291949
ACTION	Pricing	66	price	1395150269909	1395150269909	1395150292163	1395150292164	OK	 
SCENARIO	Pricing	66	END	1395150292165
ACTION	Pricing	56	price	1395150270119	1395150270120	1395150292369	1395150292369	OK	 
SCENARIO	Pricing	56	END	1395150292370
ACTION	Pricing	27	price	1395150270333	1395150270334	1395150292569	1395150292569	OK	 
SCENARIO	Pricing	27	END	1395150292570
ACTION	Pricing	19	price	1395150270547	1395150270548	1395150292769	1395150292770	OK	 
SCENARIO	Pricing	19	END	1395150292771
ACTION	Pricing	9	price	1395150270778	1395150270779	1395150292980	1395150292981	OK	 
SCENARIO	Pricing	9	END	1395150292982
ACTION	Pricing	74	price	1395150271001	1395150271002	1395150293192	1395150293193	OK	 
SCENARIO	Pricing	74	END	1395150293194
ACTION	Pricing	63	price	1395150271233	1395150271234	1395150293396	1395150293396	OK	 
SCENARIO	Pricing	63	END	1395150293397
ACTION	Pricing	8	price	1395150271481	1395150271482	1395150293638	1395150293638	OK	 
SCENARIO	Pricing	8	END	1395150293639
ACTION	Pricing	89	price	1395150271717	1395150271718	1395150293854	1395150293855	OK	 
SCENARIO	Pricing	89	END	1395150293856
ACTION	Pricing	84	price	1395150271972	1395150271973	1395150294076	1395150294076	OK	 
SCENARIO	Pricing	84	END	1395150294077
ACTION	Pricing	98	price	1395150272209	1395150272209	1395150294319	1395150294319	OK	 
SCENARIO	Pricing	98	END	1395150294320
ACTION	Pricing	75	price	1395150272445	1395150272445	1395150294541	1395150294541	OK	 
SCENARIO	Pricing	75	END	1395150294542
ACTION	Pricing	14	price	1395150272689	1395150272690	1395150294755	1395150294755	OK	 
SCENARIO	Pricing	14	END	1395150294756
ACTION	Pricing	11	price	1395150272931	1395150272932	1395150294986	1395150294986	OK	 
SCENARIO	Pricing	11	END	1395150294987
ACTION	Pricing	55	price	1395150273174	1395150273175	1395150295202	1395150295203	OK	 
SCENARIO	Pricing	55	END	1395150295204
ACTION	Pricing	54	price	1395150273429	1395150273431	1395150295411	1395150295412	OK	 
SCENARIO	Pricing	54	END	1395150295413
ACTION	Pricing	38	price	1395150273696	1395150273697	1395150295638	1395150295638	OK	 
SCENARIO	Pricing	38	END	1395150295639
ACTION	Pricing	96	price	1395150273933	1395150273934	1395150295857	1395150295857	OK	 
SCENARIO	Pricing	96	END	1395150295858
ACTION	Pricing	50	price	1395150274150	1395150274150	1395150296067	1395150296068	OK	 
SCENARIO	Pricing	50	END	1395150296069
ACTION	Pricing	37	price	1395150274359	1395150274360	1395150296301	1395150296301	OK	 
SCENARIO	Pricing	37	END	1395150296302
ACTION	Pricing	12	price	1395150274616	1395150274617	1395150296528	1395150296529	OK	 
SCENARIO	Pricing	12	END	1395150296530
ACTION	Pricing	16	price	1395150274840	1395150274841	1395150296778	1395150296778	OK	 
SCENARIO	Pricing	16	END	1395150296779
ACTION	Pricing	91	price	1395150275091	1395150275092	1395150297031	1395150297031	OK	 
SCENARIO	Pricing	91	END	1395150297032
ACTION	Pricing	33	price	1395150275331	1395150275332	1395150297292	1395150297292	OK	 
SCENARIO	Pricing	33	END	1395150297293
ACTION	Pricing	32	price	1395150275570	1395150275571	1395150297555	1395150297556	OK	 
SCENARIO	Pricing	32	END	1395150297557
ACTION	Pricing	21	price	1395150275807	1395150275808	1395150297824	1395150297824	OK	 
SCENARIO	Pricing	21	END	1395150297826
ACTION	Pricing	93	price	1395150276066	1395150276066	1395150298072	1395150298073	OK	 
SCENARIO	Pricing	93	END	1395150298073
ACTION	Pricing	70	price	1395150276325	1395150276326	1395150298328	1395150298328	OK	 
SCENARIO	Pricing	70	END	1395150298329
ACTION	Pricing	28	price	1395150276565	1395150276566	1395150298593	1395150298593	OK	 
SCENARIO	Pricing	28	END	1395150298594
ACTION	Pricing	58	price	1395150276816	1395150276816	1395150298832	1395150298832	OK	 
SCENARIO	Pricing	58	END	1395150298834
ACTION	Pricing	18	price	1395150277049	1395150277049	1395150299084	1395150299084	OK	 
SCENARIO	Pricing	18	END	1395150299085
ACTION	Pricing	67	price	1395150277294	1395150277294	1395150299324	1395150299325	OK	 
SCENARIO	Pricing	67	END	1395150299326
ACTION	Pricing	45	price	1395150277555	1395150277556	1395150299586	1395150299586	OK	 
SCENARIO	Pricing	45	END	1395150299587
ACTION	Pricing	23	price	1395150277782	1395150277782	1395150299826	1395150299827	OK	 
SCENARIO	Pricing	23	END	1395150299828
ACTION	Pricing	25	price	1395150277998	1395150277999	1395150300044	1395150300044	OK	 
SCENARIO	Pricing	25	END	1395150300045
ACTION	Pricing	1	price	1395150278203	1395150278203	1395150300262	1395150300263	OK	 
SCENARIO	Pricing	1	END	1395150300263
ACTION	Pricing	7	price	1395150278409	1395150278410	1395150300501	1395150300501	OK	 
SCENARIO	Pricing	7	END	1395150300502
ACTION	Pricing	68	price	1395150278632	1395150278633	1395150300735	1395150300736	OK	 
SCENARIO	Pricing	68	END	1395150300736
ACTION	Pricing	31	price	1395150278853	1395150278853	1395150300944	1395150300944	OK	 
SCENARIO	Pricing	31	END	1395150300945
ACTION	Pricing	80	price	1395150279081	1395150279081	1395150301147	1395150301147	OK	 
SCENARIO	Pricing	80	END	1395150301148
ACTION	Pricing	77	price	1395150279296	1395150279296	1395150301355	1395150301356	OK	 
SCENARIO	Pricing	77	END	1395150301357
ACTION	Pricing	87	price	1395150279513	1395150279514	1395150301566	1395150301567	OK	 
SCENARIO	Pricing	87	END	1395150301568
ACTION	Pricing	30	price	1395150279711	1395150279712	1395150301786	1395150301786	OK	 
SCENARIO	Pricing	30	END	1395150301787
ACTION	Pricing	3	price	1395150279941	1395150279941	1395150301996	1395150301997	OK	 
SCENARIO	Pricing	3	END	1395150301997
ACTION	Pricing	26	price	1395150280154	1395150280155	1395150302208	1395150302209	OK	 
SCENARIO	Pricing	26	END	1395150302209
ACTION	Pricing	86	price	1395150280387	1395150280388	1395150302445	1395150302445	OK	 
SCENARIO	Pricing	86	END	1395150302447
ACTION	Pricing	24	price	1395150280587	1395150280588	1395150302673	1395150302673	OK	 
SCENARIO	Pricing	24	END	1395150302674
ACTION	Pricing	5	price	1395150280808	1395150280808	1395150302880	1395150302882	OK	 
SCENARIO	Pricing	5	END	1395150302883
ACTION	Pricing	48	price	1395150281018	1395150281019	1395150303076	1395150303077	OK	 
SCENARIO	Pricing	48	END	1395150303078
