RUN	20140318095429	pricingsimulation	pricingsimulation
SCENARIO	Pricing	58	START	1395136471906
SCENARIO	Pricing	85	START	1395136471909
SCENARIO	Pricing	95	START	1395136471920
SCENARIO	Pricing	94	START	1395136471920
SCENARIO	Pricing	3	START	1395136471920
SCENARIO	Pricing	6	START	1395136471921
SCENARIO	Pricing	11	START	1395136471921
SCENARIO	Pricing	42	START	1395136471921
SCENARIO	Pricing	5	START	1395136471921
SCENARIO	Pricing	97	START	1395136471921
SCENARIO	Pricing	43	START	1395136471922
SCENARIO	Pricing	9	START	1395136471922
SCENARIO	Pricing	29	START	1395136471922
SCENARIO	Pricing	25	START	1395136471922
SCENARIO	Pricing	55	START	1395136471922
SCENARIO	Pricing	15	START	1395136471922
SCENARIO	Pricing	99	START	1395136471922
SCENARIO	Pricing	62	START	1395136471922
SCENARIO	Pricing	87	START	1395136471922
SCENARIO	Pricing	36	START	1395136471922
SCENARIO	Pricing	7	START	1395136471922
SCENARIO	Pricing	19	START	1395136471922
SCENARIO	Pricing	98	START	1395136471922
SCENARIO	Pricing	59	START	1395136471922
SCENARIO	Pricing	23	START	1395136471922
SCENARIO	Pricing	34	START	1395136471922
SCENARIO	Pricing	63	START	1395136471922
SCENARIO	Pricing	81	START	1395136471923
SCENARIO	Pricing	32	START	1395136471923
SCENARIO	Pricing	47	START	1395136471923
SCENARIO	Pricing	17	START	1395136471923
SCENARIO	Pricing	73	START	1395136471923
SCENARIO	Pricing	71	START	1395136471923
SCENARIO	Pricing	78	START	1395136471923
SCENARIO	Pricing	20	START	1395136471923
SCENARIO	Pricing	56	START	1395136471923
SCENARIO	Pricing	31	START	1395136471923
SCENARIO	Pricing	45	START	1395136471923
SCENARIO	Pricing	14	START	1395136471923
SCENARIO	Pricing	64	START	1395136471923
SCENARIO	Pricing	86	START	1395136471924
SCENARIO	Pricing	65	START	1395136471924
SCENARIO	Pricing	1	START	1395136471924
SCENARIO	Pricing	79	START	1395136471924
SCENARIO	Pricing	26	START	1395136471924
SCENARIO	Pricing	8	START	1395136471924
SCENARIO	Pricing	40	START	1395136471924
SCENARIO	Pricing	27	START	1395136471924
SCENARIO	Pricing	100	START	1395136471924
SCENARIO	Pricing	69	START	1395136471924
SCENARIO	Pricing	84	START	1395136471924
SCENARIO	Pricing	38	START	1395136471924
SCENARIO	Pricing	39	START	1395136471924
SCENARIO	Pricing	24	START	1395136471924
SCENARIO	Pricing	21	START	1395136471924
SCENARIO	Pricing	12	START	1395136471925
SCENARIO	Pricing	57	START	1395136471925
SCENARIO	Pricing	48	START	1395136471925
SCENARIO	Pricing	33	START	1395136471925
SCENARIO	Pricing	52	START	1395136471925
SCENARIO	Pricing	82	START	1395136471925
SCENARIO	Pricing	90	START	1395136471925
SCENARIO	Pricing	35	START	1395136471925
SCENARIO	Pricing	91	START	1395136471925
SCENARIO	Pricing	22	START	1395136471925
SCENARIO	Pricing	53	START	1395136471926
SCENARIO	Pricing	89	START	1395136471926
SCENARIO	Pricing	41	START	1395136471926
SCENARIO	Pricing	88	START	1395136471926
SCENARIO	Pricing	51	START	1395136471926
SCENARIO	Pricing	13	START	1395136471926
SCENARIO	Pricing	66	START	1395136471926
SCENARIO	Pricing	46	START	1395136471926
SCENARIO	Pricing	10	START	1395136471926
SCENARIO	Pricing	61	START	1395136471926
SCENARIO	Pricing	68	START	1395136471926
SCENARIO	Pricing	80	START	1395136471926
SCENARIO	Pricing	96	START	1395136471926
SCENARIO	Pricing	49	START	1395136471926
SCENARIO	Pricing	83	START	1395136471926
SCENARIO	Pricing	76	START	1395136471926
SCENARIO	Pricing	93	START	1395136471926
SCENARIO	Pricing	72	START	1395136471926
SCENARIO	Pricing	74	START	1395136471926
SCENARIO	Pricing	50	START	1395136471926
SCENARIO	Pricing	16	START	1395136471926
SCENARIO	Pricing	77	START	1395136471926
SCENARIO	Pricing	30	START	1395136471926
SCENARIO	Pricing	70	START	1395136471926
SCENARIO	Pricing	67	START	1395136471926
SCENARIO	Pricing	2	START	1395136471926
SCENARIO	Pricing	18	START	1395136471926
SCENARIO	Pricing	54	START	1395136471926
SCENARIO	Pricing	75	START	1395136471926
SCENARIO	Pricing	28	START	1395136471926
SCENARIO	Pricing	4	START	1395136471927
SCENARIO	Pricing	92	START	1395136471927
SCENARIO	Pricing	37	START	1395136471927
SCENARIO	Pricing	60	START	1395136471927
SCENARIO	Pricing	44	START	1395136471927
ACTION	Pricing	30	price	1395136472212	1395136472213	1395136473301	1395136473302	OK	 
ACTION	Pricing	31	price	1395136472052	1395136472072	1395136473250	1395136473270	OK	 
ACTION	Pricing	41	price	1395136472179	1395136472182	1395136473259	1395136473270	OK	 
ACTION	Pricing	57	price	1395136472136	1395136472139	1395136473322	1395136473322	OK	 
ACTION	Pricing	38	price	1395136472108	1395136472113	1395136473249	1395136473270	OK	 
ACTION	Pricing	44	price	1395136472236	1395136472240	1395136473387	1395136473387	OK	 
ACTION	Pricing	20	price	1395136472050	1395136472075	1395136473409	1395136473410	OK	 
ACTION	Pricing	24	price	1395136472125	1395136472129	1395136473465	1395136473466	OK	 
ACTION	Pricing	27	price	1395136472085	1395136472092	1395136473505	1395136473506	OK	 
ACTION	Pricing	72	price	1395136472206	1395136472206	1395136473533	1395136473533	OK	 
ACTION	Pricing	36	price	1395136472007	1395136472066	1395136473565	1395136473566	OK	 
ACTION	Pricing	58	price	1395136471943	1395136472016	1395136473599	1395136473599	OK	 
ACTION	Pricing	2	price	1395136472217	1395136472218	1395136473631	1395136473632	OK	 
ACTION	Pricing	84	price	1395136472108	1395136472111	1395136473661	1395136473661	OK	 
ACTION	Pricing	1	price	1395136472064	1395136472082	1395136473697	1395136473698	OK	 
ACTION	Pricing	33	price	1395136472145	1395136472157	1395136473729	1395136473730	OK	 
ACTION	Pricing	39	price	1395136472122	1395136472125	1395136473760	1395136473760	OK	 
ACTION	Pricing	10	price	1395136472189	1395136472191	1395136473800	1395136473801	OK	 
ACTION	Pricing	32	price	1395136472024	1395136472071	1395136473833	1395136473833	OK	 
ACTION	Pricing	81	price	1395136472020	1395136472067	1395136473869	1395136473869	OK	 
ACTION	Pricing	96	price	1395136472196	1395136472198	1395136473901	1395136473902	OK	 
ACTION	Pricing	77	price	1395136472211	1395136472211	1395136473935	1395136473935	OK	 
ACTION	Pricing	78	price	1395136472049	1395136472070	1395136473965	1395136473965	OK	 
ACTION	Pricing	82	price	1395136472148	1395136472157	1395136473998	1395136473998	OK	 
ACTION	Pricing	4	price	1395136472227	1395136472229	1395136474041	1395136474041	OK	 
ACTION	Pricing	49	price	1395136472198	1395136472199	1395136474063	1395136474064	OK	 
ACTION	Pricing	76	price	1395136472204	1395136472205	1395136474098	1395136474098	OK	 
ACTION	Pricing	37	price	1395136472231	1395136472234	1395136474167	1395136474167	OK	 
ACTION	Pricing	45	price	1395136472053	1395136472071	1395136474172	1395136474172	OK	 
ACTION	Pricing	93	price	1395136472204	1395136472205	1395136474206	1395136474207	OK	 
ACTION	Pricing	53	price	1395136472177	1395136472182	1395136474241	1395136474241	OK	 
ACTION	Pricing	98	price	1395136472010	1395136472073	1395136474275	1395136474275	OK	 
ACTION	Pricing	66	price	1395136472186	1395136472187	1395136474311	1395136474311	OK	 
ACTION	Pricing	14	price	1395136472054	1395136472075	1395136474344	1395136474344	OK	 
ACTION	Pricing	34	price	1395136472014	1395136472069	1395136474377	1395136474377	OK	 
ACTION	Pricing	43	price	1395136471998	1395136472047	1395136474413	1395136474414	OK	 
ACTION	Pricing	22	price	1395136472176	1395136472183	1395136474458	1395136474458	OK	 
ACTION	Pricing	95	price	1395136471967	1395136472014	1395136474492	1395136474493	OK	 
ACTION	Pricing	69	price	1395136472106	1395136472111	1395136474527	1395136474528	OK	 
ACTION	Pricing	73	price	1395136472045	1395136472067	1395136474578	1395136474578	OK	 
ACTION	Pricing	25	price	1395136472000	1395136472059	1395136474609	1395136474609	OK	 
ACTION	Pricing	65	price	1395136472064	1395136472071	1395136474641	1395136474642	OK	 
ACTION	Pricing	18	price	1395136472218	1395136472219	1395136474674	1395136474675	OK	 
ACTION	Pricing	90	price	1395136472157	1395136472165	1395136474706	1395136474706	OK	 
ACTION	Pricing	87	price	1395136472007	1395136472073	1395136474741	1395136474741	OK	 
ACTION	Pricing	91	price	1395136472175	1395136472182	1395136474773	1395136474773	OK	 
ACTION	Pricing	80	price	1395136472194	1395136472195	1395136474805	1395136474805	OK	 
ACTION	Pricing	47	price	1395136472025	1395136472069	1395136474839	1395136474840	OK	 
ACTION	Pricing	100	price	1395136472094	1395136472097	1395136474876	1395136474877	OK	 
ACTION	Pricing	86	price	1395136472056	1395136472079	1395136474913	1395136474913	OK	 
ACTION	Pricing	75	price	1395136472221	1395136472223	1395136474949	1395136474950	OK	 
ACTION	Pricing	55	price	1395136472001	1395136472060	1395136474986	1395136474986	OK	 
ACTION	Pricing	99	price	1395136472004	1395136472065	1395136475020	1395136475020	OK	 
ACTION	Pricing	74	price	1395136472207	1395136472208	1395136475054	1395136475055	OK	 
ACTION	Pricing	6	price	1395136471973	1395136472043	1395136475083	1395136475084	OK	 
ACTION	Pricing	19	price	1395136472010	1395136472068	1395136475112	1395136475112	OK	 
ACTION	Pricing	23	price	1395136472012	1395136472071	1395136475143	1395136475143	OK	 
ACTION	Pricing	9	price	1395136471998	1395136472058	1395136475175	1395136475176	OK	 
ACTION	Pricing	11	price	1395136471974	1395136472042	1395136475202	1395136475203	OK	 
ACTION	Pricing	13	price	1395136472183	1395136472185	1395136475230	1395136475230	OK	 
ACTION	Pricing	8	price	1395136472082	1395136472089	1395136475260	1395136475260	OK	 
ACTION	Pricing	28	price	1395136472225	1395136472226	1395136475292	1395136475292	OK	 
ACTION	Pricing	88	price	1395136472179	1395136472183	1395136475323	1395136475323	OK	 
ACTION	Pricing	17	price	1395136472041	1395136472074	1395136475356	1395136475357	OK	 
ACTION	Pricing	29	price	1395136471999	1395136472058	1395136475392	1395136475392	OK	 
ACTION	Pricing	71	price	1395136472048	1395136472071	1395136475424	1395136475424	OK	 
ACTION	Pricing	97	price	1395136471995	1395136472047	1395136475455	1395136475456	OK	 
ACTION	Pricing	64	price	1395136472055	1395136472068	1395136475489	1395136475489	OK	 
ACTION	Pricing	67	price	1395136472215	1395136472216	1395136475525	1395136475525	OK	 
ACTION	Pricing	42	price	1395136471976	1395136472045	1395136475558	1395136475558	OK	 
ACTION	Pricing	54	price	1395136472220	1395136472221	1395136475587	1395136475588	OK	 
ACTION	Pricing	12	price	1395136472133	1395136472136	1395136475619	1395136475619	OK	 
ACTION	Pricing	83	price	1395136472200	1395136472201	1395136475650	1395136475651	OK	 
ACTION	Pricing	48	price	1395136472141	1395136472144	1395136475681	1395136475681	OK	 
ACTION	Pricing	62	price	1395136472004	1395136472068	1395136475711	1395136475711	OK	 
ACTION	Pricing	7	price	1395136472010	1395136472070	1395136475742	1395136475742	OK	 
ACTION	Pricing	5	price	1395136471993	1395136472045	1395136475775	1395136475776	OK	 
ACTION	Pricing	92	price	1395136472229	1395136472231	1395136475802	1395136475802	OK	 
ACTION	Pricing	21	price	1395136472130	1395136472133	1395136475835	1395136475835	OK	 
ACTION	Pricing	61	price	1395136472190	1395136472191	1395136475867	1395136475868	OK	 
ACTION	Pricing	46	price	1395136472187	1395136472188	1395136475935	1395136475935	OK	 
ACTION	Pricing	94	price	1395136471971	1395136472015	1395136475966	1395136475966	OK	 
ACTION	Pricing	26	price	1395136472077	1395136472087	1395136475973	1395136475973	OK	 
ACTION	Pricing	68	price	1395136472192	1395136472193	1395136476005	1395136476005	OK	 
ACTION	Pricing	60	price	1395136472235	1395136472236	1395136476036	1395136476036	OK	 
ACTION	Pricing	79	price	1395136472067	1395136472087	1395136476091	1395136476091	OK	 
ACTION	Pricing	3	price	1395136471971	1395136472041	1395136476098	1395136476098	OK	 
ACTION	Pricing	63	price	1395136472018	1395136472074	1395136476128	1395136476128	OK	 
ACTION	Pricing	16	price	1395136472209	1395136472210	1395136476181	1395136476182	OK	 
ACTION	Pricing	70	price	1395136472214	1395136472215	1395136476192	1395136476192	OK	 
ACTION	Pricing	85	price	1395136471966	1395136472015	1395136476224	1395136476225	OK	 
ACTION	Pricing	89	price	1395136472178	1395136472184	1395136476255	1395136476256	OK	 
ACTION	Pricing	40	price	1395136472082	1395136472089	1395136476284	1395136476285	OK	 
ACTION	Pricing	51	price	1395136472180	1395136472183	1395136476317	1395136476317	OK	 
ACTION	Pricing	35	price	1395136472173	1395136472175	1395136476352	1395136476352	OK	 
ACTION	Pricing	59	price	1395136472011	1395136472066	1395136476384	1395136476384	OK	 
ACTION	Pricing	52	price	1395136472147	1395136472156	1395136476414	1395136476415	OK	 
ACTION	Pricing	50	price	1395136472208	1395136472209	1395136476446	1395136476447	OK	 
ACTION	Pricing	56	price	1395136472051	1395136472067	1395136476477	1395136476477	OK	 
ACTION	Pricing	15	price	1395136472004	1395136472064	1395136476507	1395136476507	OK	 
ACTION	Pricing	31	price	1395136473416	1395136473418	1395136476535	1395136476535	OK	 
ACTION	Pricing	30	price	1395136473422	1395136473424	1395136476569	1395136476569	OK	 
ACTION	Pricing	57	price	1395136473419	1395136473421	1395136476600	1395136476601	OK	 
ACTION	Pricing	20	price	1395136473433	1395136473434	1395136476655	1395136476655	OK	 
ACTION	Pricing	41	price	1395136473424	1395136473425	1395136476664	1395136476664	OK	 
ACTION	Pricing	44	price	1395136473431	1395136473433	1395136476693	1395136476693	OK	 
ACTION	Pricing	38	price	1395136473426	1395136473429	1395136476724	1395136476724	OK	 
ACTION	Pricing	24	price	1395136473468	1395136473469	1395136476755	1395136476755	OK	 
ACTION	Pricing	27	price	1395136473509	1395136473512	1395136476786	1395136476786	OK	 
ACTION	Pricing	72	price	1395136473535	1395136473538	1395136476817	1395136476817	OK	 
ACTION	Pricing	36	price	1395136473567	1395136473569	1395136476850	1395136476850	OK	 
ACTION	Pricing	58	price	1395136473601	1395136473605	1395136476885	1395136476886	OK	 
ACTION	Pricing	2	price	1395136473634	1395136473638	1395136476920	1395136476920	OK	 
ACTION	Pricing	84	price	1395136473663	1395136473665	1395136476953	1395136476953	OK	 
ACTION	Pricing	1	price	1395136473700	1395136473701	1395136476988	1395136476989	OK	 
ACTION	Pricing	33	price	1395136473731	1395136473732	1395136477019	1395136477020	OK	 
ACTION	Pricing	39	price	1395136473762	1395136473763	1395136477052	1395136477052	OK	 
ACTION	Pricing	10	price	1395136473803	1395136473804	1395136477084	1395136477084	OK	 
ACTION	Pricing	32	price	1395136473838	1395136473838	1395136477121	1395136477121	OK	 
ACTION	Pricing	81	price	1395136473871	1395136473872	1395136477151	1395136477152	OK	 
ACTION	Pricing	96	price	1395136473903	1395136473905	1395136477188	1395136477188	OK	 
ACTION	Pricing	77	price	1395136473937	1395136473938	1395136477225	1395136477226	OK	 
ACTION	Pricing	78	price	1395136473967	1395136473970	1395136477262	1395136477262	OK	 
ACTION	Pricing	82	price	1395136474000	1395136474005	1395136477296	1395136477296	OK	 
ACTION	Pricing	4	price	1395136474043	1395136474044	1395136477328	1395136477328	OK	 
ACTION	Pricing	49	price	1395136474066	1395136474067	1395136477357	1395136477358	OK	 
ACTION	Pricing	76	price	1395136474101	1395136474102	1395136477391	1395136477391	OK	 
ACTION	Pricing	37	price	1395136474169	1395136474170	1395136477428	1395136477428	OK	 
ACTION	Pricing	45	price	1395136474174	1395136474179	1395136477463	1395136477463	OK	 
ACTION	Pricing	93	price	1395136474210	1395136474210	1395136477500	1395136477500	OK	 
ACTION	Pricing	53	price	1395136474243	1395136474244	1395136477532	1395136477533	OK	 
ACTION	Pricing	98	price	1395136474277	1395136474279	1395136477596	1395136477597	OK	 
ACTION	Pricing	66	price	1395136474314	1395136474315	1395136477622	1395136477622	OK	 
ACTION	Pricing	14	price	1395136474346	1395136474347	1395136477654	1395136477654	OK	 
ACTION	Pricing	34	price	1395136474382	1395136474382	1395136477691	1395136477691	OK	 
ACTION	Pricing	43	price	1395136474415	1395136474417	1395136477723	1395136477724	OK	 
ACTION	Pricing	22	price	1395136474460	1395136474462	1395136477757	1395136477758	OK	 
ACTION	Pricing	95	price	1395136474494	1395136474496	1395136477789	1395136477789	OK	 
ACTION	Pricing	69	price	1395136474529	1395136474531	1395136477822	1395136477822	OK	 
ACTION	Pricing	73	price	1395136474580	1395136474581	1395136477851	1395136477851	OK	 
ACTION	Pricing	25	price	1395136474611	1395136474612	1395136477883	1395136477883	OK	 
ACTION	Pricing	65	price	1395136474644	1395136474644	1395136477918	1395136477918	OK	 
ACTION	Pricing	18	price	1395136474676	1395136474677	1395136477949	1395136477949	OK	 
ACTION	Pricing	90	price	1395136474709	1395136474709	1395136477983	1395136477983	OK	 
ACTION	Pricing	87	price	1395136474743	1395136474744	1395136478015	1395136478015	OK	 
ACTION	Pricing	91	price	1395136474775	1395136474776	1395136478043	1395136478044	OK	 
ACTION	Pricing	80	price	1395136474807	1395136474808	1395136478076	1395136478077	OK	 
ACTION	Pricing	47	price	1395136474842	1395136474843	1395136478105	1395136478106	OK	 
ACTION	Pricing	100	price	1395136474879	1395136474879	1395136478136	1395136478136	OK	 
ACTION	Pricing	86	price	1395136474915	1395136474916	1395136478168	1395136478168	OK	 
ACTION	Pricing	75	price	1395136474960	1395136474960	1395136478201	1395136478201	OK	 
ACTION	Pricing	55	price	1395136474988	1395136474989	1395136478234	1395136478234	OK	 
ACTION	Pricing	99	price	1395136475051	1395136475052	1395136478288	1395136478288	OK	 
ACTION	Pricing	74	price	1395136475057	1395136475058	1395136478320	1395136478320	OK	 
ACTION	Pricing	6	price	1395136475086	1395136475086	1395136478348	1395136478349	OK	 
ACTION	Pricing	19	price	1395136475114	1395136475114	1395136478377	1395136478377	OK	 
ACTION	Pricing	23	price	1395136475145	1395136475145	1395136478406	1395136478406	OK	 
ACTION	Pricing	9	price	1395136475178	1395136475179	1395136478437	1395136478437	OK	 
ACTION	Pricing	11	price	1395136475205	1395136475205	1395136478473	1395136478473	OK	 
ACTION	Pricing	13	price	1395136475232	1395136475233	1395136478508	1395136478508	OK	 
ACTION	Pricing	8	price	1395136475262	1395136475262	1395136478541	1395136478541	OK	 
ACTION	Pricing	28	price	1395136475294	1395136475294	1395136478576	1395136478576	OK	 
ACTION	Pricing	88	price	1395136475325	1395136475326	1395136478606	1395136478606	OK	 
ACTION	Pricing	17	price	1395136475359	1395136475359	1395136478638	1395136478638	OK	 
ACTION	Pricing	29	price	1395136475394	1395136475395	1395136478671	1395136478672	OK	 
ACTION	Pricing	71	price	1395136475426	1395136475427	1395136478700	1395136478700	OK	 
ACTION	Pricing	97	price	1395136475458	1395136475458	1395136478730	1395136478730	OK	 
ACTION	Pricing	64	price	1395136475491	1395136475492	1395136478757	1395136478758	OK	 
ACTION	Pricing	67	price	1395136475527	1395136475528	1395136478787	1395136478787	OK	 
ACTION	Pricing	42	price	1395136475560	1395136475561	1395136478819	1395136478819	OK	 
ACTION	Pricing	54	price	1395136475589	1395136475590	1395136478853	1395136478854	OK	 
ACTION	Pricing	12	price	1395136475621	1395136475622	1395136478886	1395136478886	OK	 
ACTION	Pricing	83	price	1395136475653	1395136475654	1395136478915	1395136478915	OK	 
ACTION	Pricing	48	price	1395136475683	1395136475684	1395136478947	1395136478947	OK	 
ACTION	Pricing	62	price	1395136475712	1395136475713	1395136478978	1395136478979	OK	 
ACTION	Pricing	7	price	1395136475744	1395136475744	1395136479007	1395136479008	OK	 
ACTION	Pricing	5	price	1395136475777	1395136475778	1395136479043	1395136479043	OK	 
ACTION	Pricing	92	price	1395136475804	1395136475805	1395136479077	1395136479077	OK	 
ACTION	Pricing	21	price	1395136475837	1395136475838	1395136479113	1395136479113	OK	 
ACTION	Pricing	61	price	1395136475873	1395136475873	1395136479149	1395136479149	OK	 
ACTION	Pricing	46	price	1395136475937	1395136475938	1395136479185	1395136479185	OK	 
ACTION	Pricing	94	price	1395136475968	1395136475968	1395136479220	1395136479220	OK	 
ACTION	Pricing	26	price	1395136475975	1395136475975	1395136479258	1395136479259	OK	 
ACTION	Pricing	68	price	1395136476007	1395136476007	1395136479294	1395136479294	OK	 
ACTION	Pricing	60	price	1395136476038	1395136476038	1395136479327	1395136479328	OK	 
ACTION	Pricing	79	price	1395136476093	1395136476093	1395136479361	1395136479362	OK	 
ACTION	Pricing	3	price	1395136476099	1395136476100	1395136479397	1395136479397	OK	 
ACTION	Pricing	63	price	1395136476130	1395136476131	1395136479443	1395136479443	OK	 
ACTION	Pricing	16	price	1395136476183	1395136476184	1395136479474	1395136479474	OK	 
ACTION	Pricing	70	price	1395136476194	1395136476195	1395136479506	1395136479506	OK	 
ACTION	Pricing	85	price	1395136476226	1395136476227	1395136479541	1395136479541	OK	 
ACTION	Pricing	89	price	1395136476257	1395136476258	1395136479574	1395136479575	OK	 
ACTION	Pricing	40	price	1395136476286	1395136476286	1395136479608	1395136479608	OK	 
ACTION	Pricing	51	price	1395136476319	1395136476320	1395136479645	1395136479645	OK	 
ACTION	Pricing	35	price	1395136476354	1395136476354	1395136479682	1395136479682	OK	 
ACTION	Pricing	59	price	1395136476386	1395136476386	1395136479707	1395136479707	OK	 
ACTION	Pricing	52	price	1395136476416	1395136476417	1395136479738	1395136479738	OK	 
ACTION	Pricing	50	price	1395136476448	1395136476449	1395136479769	1395136479769	OK	 
ACTION	Pricing	56	price	1395136476479	1395136476479	1395136479800	1395136479800	OK	 
ACTION	Pricing	15	price	1395136476509	1395136476510	1395136479828	1395136479829	OK	 
ACTION	Pricing	31	price	1395136476536	1395136476536	1395136479859	1395136479860	OK	 
ACTION	Pricing	30	price	1395136476571	1395136476571	1395136479890	1395136479890	OK	 
ACTION	Pricing	57	price	1395136476602	1395136476603	1395136479924	1395136479924	OK	 
ACTION	Pricing	20	price	1395136476657	1395136476657	1395136479955	1395136479955	OK	 
ACTION	Pricing	41	price	1395136476666	1395136476666	1395136479988	1395136479988	OK	 
ACTION	Pricing	44	price	1395136476695	1395136476696	1395136480030	1395136480030	OK	 
ACTION	Pricing	38	price	1395136476726	1395136476727	1395136480062	1395136480063	OK	 
ACTION	Pricing	24	price	1395136476757	1395136476758	1395136480092	1395136480092	OK	 
ACTION	Pricing	27	price	1395136476788	1395136476790	1395136480125	1395136480125	OK	 
ACTION	Pricing	72	price	1395136476819	1395136476819	1395136480158	1395136480158	OK	 
ACTION	Pricing	36	price	1395136476852	1395136476853	1395136480189	1395136480189	OK	 
ACTION	Pricing	58	price	1395136476887	1395136476888	1395136480221	1395136480221	OK	 
ACTION	Pricing	2	price	1395136476921	1395136476922	1395136480248	1395136480249	OK	 
ACTION	Pricing	84	price	1395136476955	1395136476956	1395136480283	1395136480284	OK	 
ACTION	Pricing	1	price	1395136476991	1395136476991	1395136480312	1395136480312	OK	 
ACTION	Pricing	33	price	1395136477021	1395136477022	1395136480343	1395136480343	OK	 
ACTION	Pricing	39	price	1395136477053	1395136477054	1395136480372	1395136480372	OK	 
ACTION	Pricing	10	price	1395136477085	1395136477086	1395136480402	1395136480402	OK	 
ACTION	Pricing	32	price	1395136477123	1395136477124	1395136480430	1395136480430	OK	 
ACTION	Pricing	81	price	1395136477154	1395136477155	1395136480461	1395136480462	OK	 
ACTION	Pricing	96	price	1395136477190	1395136477191	1395136480493	1395136480493	OK	 
ACTION	Pricing	77	price	1395136477227	1395136477228	1395136480522	1395136480522	OK	 
ACTION	Pricing	78	price	1395136477264	1395136477265	1395136480551	1395136480551	OK	 
ACTION	Pricing	82	price	1395136477298	1395136477298	1395136480585	1395136480585	OK	 
ACTION	Pricing	4	price	1395136477330	1395136477331	1395136480615	1395136480615	OK	 
ACTION	Pricing	49	price	1395136477359	1395136477360	1395136480649	1395136480649	OK	 
ACTION	Pricing	76	price	1395136477394	1395136477394	1395136480681	1395136480681	OK	 
ACTION	Pricing	37	price	1395136477430	1395136477431	1395136480717	1395136480717	OK	 
ACTION	Pricing	45	price	1395136477465	1395136477466	1395136480746	1395136480746	OK	 
ACTION	Pricing	93	price	1395136477502	1395136477503	1395136480773	1395136480773	OK	 
ACTION	Pricing	53	price	1395136477534	1395136477535	1395136480803	1395136480803	OK	 
ACTION	Pricing	98	price	1395136477598	1395136477599	1395136480833	1395136480833	OK	 
ACTION	Pricing	66	price	1395136477624	1395136477624	1395136480862	1395136480863	OK	 
ACTION	Pricing	14	price	1395136477656	1395136477657	1395136480896	1395136480897	OK	 
ACTION	Pricing	34	price	1395136477693	1395136477694	1395136480931	1395136480932	OK	 
ACTION	Pricing	43	price	1395136477725	1395136477726	1395136480959	1395136480959	OK	 
ACTION	Pricing	22	price	1395136477760	1395136477760	1395136480989	1395136480989	OK	 
ACTION	Pricing	95	price	1395136477791	1395136477792	1395136481021	1395136481022	OK	 
ACTION	Pricing	69	price	1395136477824	1395136477825	1395136481053	1395136481053	OK	 
ACTION	Pricing	73	price	1395136477853	1395136477853	1395136481088	1395136481088	OK	 
ACTION	Pricing	25	price	1395136477886	1395136477887	1395136481120	1395136481120	OK	 
ACTION	Pricing	65	price	1395136477920	1395136477921	1395136481153	1395136481153	OK	 
ACTION	Pricing	18	price	1395136477951	1395136477951	1395136481184	1395136481185	OK	 
ACTION	Pricing	90	price	1395136477985	1395136477985	1395136481216	1395136481216	OK	 
ACTION	Pricing	87	price	1395136478017	1395136478018	1395136481251	1395136481251	OK	 
ACTION	Pricing	91	price	1395136478045	1395136478046	1395136481287	1395136481288	OK	 
ACTION	Pricing	80	price	1395136478078	1395136478079	1395136481320	1395136481320	OK	 
ACTION	Pricing	47	price	1395136478107	1395136478108	1395136481352	1395136481353	OK	 
ACTION	Pricing	100	price	1395136478138	1395136478139	1395136481387	1395136481387	OK	 
ACTION	Pricing	86	price	1395136478170	1395136478170	1395136481422	1395136481422	OK	 
ACTION	Pricing	75	price	1395136478206	1395136478207	1395136481457	1395136481457	OK	 
ACTION	Pricing	55	price	1395136478238	1395136478238	1395136481487	1395136481488	OK	 
ACTION	Pricing	99	price	1395136478290	1395136478290	1395136481517	1395136481517	OK	 
ACTION	Pricing	74	price	1395136478321	1395136478322	1395136481546	1395136481546	OK	 
ACTION	Pricing	6	price	1395136478350	1395136478351	1395136481577	1395136481578	OK	 
ACTION	Pricing	19	price	1395136478379	1395136478379	1395136481612	1395136481613	OK	 
ACTION	Pricing	23	price	1395136478408	1395136478408	1395136481644	1395136481644	OK	 
ACTION	Pricing	9	price	1395136478438	1395136478439	1395136481677	1395136481677	OK	 
ACTION	Pricing	11	price	1395136478475	1395136478475	1395136481713	1395136481714	OK	 
ACTION	Pricing	13	price	1395136478510	1395136478510	1395136481745	1395136481745	OK	 
ACTION	Pricing	8	price	1395136478543	1395136478543	1395136481777	1395136481777	OK	 
ACTION	Pricing	28	price	1395136478578	1395136478578	1395136481803	1395136481803	OK	 
ACTION	Pricing	88	price	1395136478608	1395136478608	1395136481834	1395136481834	OK	 
ACTION	Pricing	17	price	1395136478640	1395136478643	1395136481864	1395136481864	OK	 
ACTION	Pricing	29	price	1395136478673	1395136478674	1395136481896	1395136481896	OK	 
ACTION	Pricing	71	price	1395136478702	1395136478703	1395136481926	1395136481926	OK	 
ACTION	Pricing	97	price	1395136478731	1395136478732	1395136481958	1395136481958	OK	 
ACTION	Pricing	64	price	1395136478759	1395136478760	1395136481991	1395136481991	OK	 
ACTION	Pricing	67	price	1395136478789	1395136478789	1395136482026	1395136482027	OK	 
ACTION	Pricing	42	price	1395136478821	1395136478822	1395136482054	1395136482054	OK	 
ACTION	Pricing	54	price	1395136478855	1395136478856	1395136482088	1395136482088	OK	 
ACTION	Pricing	12	price	1395136478888	1395136478889	1395136482119	1395136482120	OK	 
ACTION	Pricing	83	price	1395136478917	1395136478917	1395136482150	1395136482151	OK	 
ACTION	Pricing	48	price	1395136478949	1395136478950	1395136482184	1395136482184	OK	 
ACTION	Pricing	62	price	1395136478980	1395136478981	1395136482213	1395136482213	OK	 
ACTION	Pricing	7	price	1395136479009	1395136479010	1395136482244	1395136482244	OK	 
ACTION	Pricing	5	price	1395136479045	1395136479046	1395136482275	1395136482276	OK	 
ACTION	Pricing	92	price	1395136479078	1395136479079	1395136482308	1395136482308	OK	 
ACTION	Pricing	21	price	1395136479117	1395136479117	1395136482339	1395136482340	OK	 
ACTION	Pricing	61	price	1395136479150	1395136479151	1395136482369	1395136482369	OK	 
ACTION	Pricing	46	price	1395136479187	1395136479187	1395136482402	1395136482402	OK	 
ACTION	Pricing	94	price	1395136479222	1395136479223	1395136482434	1395136482435	OK	 
ACTION	Pricing	26	price	1395136479260	1395136479261	1395136482466	1395136482467	OK	 
ACTION	Pricing	68	price	1395136479297	1395136479297	1395136482499	1395136482499	OK	 
ACTION	Pricing	60	price	1395136479330	1395136479330	1395136482530	1395136482530	OK	 
ACTION	Pricing	79	price	1395136479363	1395136479364	1395136482559	1395136482560	OK	 
ACTION	Pricing	3	price	1395136479399	1395136479400	1395136482590	1395136482590	OK	 
ACTION	Pricing	63	price	1395136479445	1395136479446	1395136482628	1395136482628	OK	 
ACTION	Pricing	16	price	1395136479476	1395136479477	1395136482663	1395136482664	OK	 
ACTION	Pricing	70	price	1395136479508	1395136479509	1395136482697	1395136482697	OK	 
ACTION	Pricing	85	price	1395136479542	1395136479543	1395136482728	1395136482728	OK	 
ACTION	Pricing	89	price	1395136479576	1395136479577	1395136482761	1395136482761	OK	 
ACTION	Pricing	40	price	1395136479610	1395136479611	1395136482789	1395136482790	OK	 
ACTION	Pricing	51	price	1395136479647	1395136479648	1395136482821	1395136482822	OK	 
ACTION	Pricing	35	price	1395136479683	1395136479684	1395136482853	1395136482853	OK	 
ACTION	Pricing	59	price	1395136479709	1395136479709	1395136482885	1395136482885	OK	 
ACTION	Pricing	52	price	1395136479740	1395136479740	1395136482918	1395136482918	OK	 
ACTION	Pricing	50	price	1395136479771	1395136479771	1395136482949	1395136482949	OK	 
ACTION	Pricing	56	price	1395136479802	1395136479803	1395136482982	1395136482982	OK	 
ACTION	Pricing	15	price	1395136479830	1395136479831	1395136483015	1395136483016	OK	 
ACTION	Pricing	31	price	1395136479861	1395136479862	1395136483049	1395136483050	OK	 
ACTION	Pricing	30	price	1395136479892	1395136479892	1395136483079	1395136483079	OK	 
ACTION	Pricing	57	price	1395136479926	1395136479926	1395136483111	1395136483111	OK	 
ACTION	Pricing	20	price	1395136479957	1395136479958	1395136483140	1395136483140	OK	 
ACTION	Pricing	41	price	1395136479990	1395136479991	1395136483169	1395136483170	OK	 
ACTION	Pricing	44	price	1395136480032	1395136480033	1395136483200	1395136483200	OK	 
ACTION	Pricing	38	price	1395136480064	1395136480065	1395136483232	1395136483232	OK	 
ACTION	Pricing	24	price	1395136480094	1395136480095	1395136483264	1395136483264	OK	 
ACTION	Pricing	27	price	1395136480127	1395136480127	1395136483297	1395136483298	OK	 
ACTION	Pricing	72	price	1395136480160	1395136480160	1395136483365	1395136483365	OK	 
ACTION	Pricing	36	price	1395136480190	1395136480191	1395136483397	1395136483397	OK	 
ACTION	Pricing	58	price	1395136480223	1395136480223	1395136483464	1395136483464	OK	 
ACTION	Pricing	2	price	1395136480250	1395136480251	1395136483495	1395136483495	OK	 
ACTION	Pricing	84	price	1395136480285	1395136480286	1395136483525	1395136483525	OK	 
ACTION	Pricing	1	price	1395136480314	1395136480315	1395136483556	1395136483557	OK	 
ACTION	Pricing	33	price	1395136480345	1395136480345	1395136483587	1395136483587	OK	 
ACTION	Pricing	39	price	1395136480373	1395136480374	1395136483626	1395136483626	OK	 
ACTION	Pricing	10	price	1395136480404	1395136480405	1395136483663	1395136483664	OK	 
ACTION	Pricing	32	price	1395136480432	1395136480433	1395136483695	1395136483695	OK	 
ACTION	Pricing	81	price	1395136480463	1395136480464	1395136483727	1395136483727	OK	 
ACTION	Pricing	96	price	1395136480494	1395136480495	1395136483765	1395136483765	OK	 
ACTION	Pricing	77	price	1395136480523	1395136480524	1395136483801	1395136483802	OK	 
ACTION	Pricing	78	price	1395136480553	1395136480553	1395136483835	1395136483835	OK	 
ACTION	Pricing	82	price	1395136480586	1395136480587	1395136483865	1395136483865	OK	 
ACTION	Pricing	4	price	1395136480617	1395136480617	1395136483897	1395136483898	OK	 
ACTION	Pricing	49	price	1395136480651	1395136480651	1395136483930	1395136483931	OK	 
ACTION	Pricing	76	price	1395136480683	1395136480683	1395136483963	1395136483963	OK	 
ACTION	Pricing	37	price	1395136480718	1395136480719	1395136483997	1395136483997	OK	 
ACTION	Pricing	45	price	1395136480747	1395136480748	1395136484027	1395136484027	OK	 
ACTION	Pricing	93	price	1395136480774	1395136480775	1395136484063	1395136484064	OK	 
ACTION	Pricing	53	price	1395136480805	1395136480805	1395136484111	1395136484112	OK	 
ACTION	Pricing	98	price	1395136480835	1395136480836	1395136484145	1395136484145	OK	 
ACTION	Pricing	66	price	1395136480864	1395136480865	1395136484180	1395136484180	OK	 
ACTION	Pricing	14	price	1395136480898	1395136480899	1395136484214	1395136484215	OK	 
ACTION	Pricing	34	price	1395136480933	1395136480934	1395136484260	1395136484260	OK	 
ACTION	Pricing	43	price	1395136480963	1395136480963	1395136484290	1395136484290	OK	 
ACTION	Pricing	22	price	1395136480991	1395136480992	1395136484322	1395136484322	OK	 
ACTION	Pricing	95	price	1395136481023	1395136481023	1395136484361	1395136484361	OK	 
ACTION	Pricing	69	price	1395136481056	1395136481056	1395136484392	1395136484392	OK	 
ACTION	Pricing	73	price	1395136481090	1395136481090	1395136484426	1395136484426	OK	 
ACTION	Pricing	25	price	1395136481122	1395136481122	1395136484459	1395136484459	OK	 
ACTION	Pricing	65	price	1395136481154	1395136481155	1395136484493	1395136484494	OK	 
ACTION	Pricing	18	price	1395136481186	1395136481186	1395136484528	1395136484528	OK	 
ACTION	Pricing	90	price	1395136481218	1395136481218	1395136484557	1395136484557	OK	 
ACTION	Pricing	87	price	1395136481253	1395136481253	1395136484588	1395136484589	OK	 
ACTION	Pricing	91	price	1395136481289	1395136481290	1395136484621	1395136484621	OK	 
ACTION	Pricing	80	price	1395136481322	1395136481322	1395136484658	1395136484659	OK	 
ACTION	Pricing	47	price	1395136481354	1395136481354	1395136484690	1395136484691	OK	 
ACTION	Pricing	100	price	1395136481389	1395136481389	1395136484751	1395136484751	OK	 
ACTION	Pricing	86	price	1395136481423	1395136481424	1395136484759	1395136484760	OK	 
ACTION	Pricing	75	price	1395136481458	1395136481459	1395136484795	1395136484795	OK	 
ACTION	Pricing	55	price	1395136481489	1395136481490	1395136484832	1395136484832	OK	 
ACTION	Pricing	99	price	1395136481518	1395136481519	1395136484864	1395136484864	OK	 
ACTION	Pricing	74	price	1395136481548	1395136481548	1395136484898	1395136484898	OK	 
ACTION	Pricing	6	price	1395136481579	1395136481580	1395136484930	1395136484930	OK	 
ACTION	Pricing	19	price	1395136481614	1395136481615	1395136484961	1395136484961	OK	 
ACTION	Pricing	23	price	1395136481646	1395136481646	1395136484990	1395136484990	OK	 
ACTION	Pricing	9	price	1395136481679	1395136481680	1395136485025	1395136485025	OK	 
ACTION	Pricing	11	price	1395136481716	1395136481716	1395136485063	1395136485063	OK	 
ACTION	Pricing	13	price	1395136481747	1395136481747	1395136485095	1395136485095	OK	 
ACTION	Pricing	8	price	1395136481778	1395136481779	1395136485126	1395136485126	OK	 
ACTION	Pricing	28	price	1395136481805	1395136481805	1395136485159	1395136485159	OK	 
ACTION	Pricing	88	price	1395136481836	1395136481836	1395136485198	1395136485198	OK	 
ACTION	Pricing	17	price	1395136481868	1395136481868	1395136485227	1395136485227	OK	 
ACTION	Pricing	29	price	1395136481898	1395136481899	1395136485258	1395136485258	OK	 
ACTION	Pricing	71	price	1395136481928	1395136481929	1395136485288	1395136485289	OK	 
ACTION	Pricing	97	price	1395136481960	1395136481960	1395136485323	1395136485323	OK	 
ACTION	Pricing	64	price	1395136481993	1395136481993	1395136485358	1395136485358	OK	 
ACTION	Pricing	67	price	1395136482028	1395136482029	1395136485395	1395136485395	OK	 
ACTION	Pricing	42	price	1395136482056	1395136482056	1395136485433	1395136485434	OK	 
ACTION	Pricing	54	price	1395136482089	1395136482090	1395136485464	1395136485464	OK	 
ACTION	Pricing	12	price	1395136482121	1395136482121	1395136485497	1395136485498	OK	 
ACTION	Pricing	83	price	1395136482152	1395136482152	1395136485534	1395136485534	OK	 
ACTION	Pricing	48	price	1395136482185	1395136482186	1395136485571	1395136485571	OK	 
ACTION	Pricing	62	price	1395136482215	1395136482215	1395136485603	1395136485604	OK	 
ACTION	Pricing	7	price	1395136482246	1395136482246	1395136485638	1395136485639	OK	 
ACTION	Pricing	5	price	1395136482277	1395136482278	1395136485673	1395136485673	OK	 
ACTION	Pricing	92	price	1395136482309	1395136482310	1395136485706	1395136485706	OK	 
ACTION	Pricing	21	price	1395136482341	1395136482342	1395136485740	1395136485741	OK	 
ACTION	Pricing	61	price	1395136482370	1395136482371	1395136485774	1395136485775	OK	 
ACTION	Pricing	46	price	1395136482403	1395136482404	1395136485817	1395136485817	OK	 
ACTION	Pricing	94	price	1395136482436	1395136482437	1395136485856	1395136485856	OK	 
ACTION	Pricing	26	price	1395136482468	1395136482468	1395136485897	1395136485897	OK	 
ACTION	Pricing	68	price	1395136482500	1395136482501	1395136485929	1395136485929	OK	 
ACTION	Pricing	60	price	1395136482531	1395136482532	1395136485960	1395136485960	OK	 
ACTION	Pricing	79	price	1395136482561	1395136482562	1395136485995	1395136485995	OK	 
ACTION	Pricing	3	price	1395136482592	1395136482592	1395136486030	1395136486030	OK	 
ACTION	Pricing	63	price	1395136482630	1395136482630	1395136486060	1395136486061	OK	 
ACTION	Pricing	16	price	1395136482665	1395136482666	1395136486091	1395136486092	OK	 
ACTION	Pricing	70	price	1395136482699	1395136482699	1395136486133	1395136486134	OK	 
ACTION	Pricing	85	price	1395136482730	1395136482730	1395136486189	1395136486189	OK	 
ACTION	Pricing	89	price	1395136482762	1395136482763	1395136486206	1395136486206	OK	 
ACTION	Pricing	40	price	1395136482791	1395136482791	1395136486239	1395136486240	OK	 
ACTION	Pricing	51	price	1395136482823	1395136482823	1395136486273	1395136486273	OK	 
ACTION	Pricing	35	price	1395136482855	1395136482855	1395136486304	1395136486304	OK	 
ACTION	Pricing	59	price	1395136482888	1395136482888	1395136486338	1395136486338	OK	 
ACTION	Pricing	52	price	1395136482919	1395136482920	1395136486370	1395136486370	OK	 
ACTION	Pricing	50	price	1395136482951	1395136482951	1395136486406	1395136486406	OK	 
ACTION	Pricing	56	price	1395136482984	1395136482985	1395136486443	1395136486444	OK	 
ACTION	Pricing	15	price	1395136483018	1395136483018	1395136486477	1395136486477	OK	 
ACTION	Pricing	31	price	1395136483052	1395136483052	1395136486509	1395136486509	OK	 
ACTION	Pricing	30	price	1395136483082	1395136483082	1395136486543	1395136486543	OK	 
ACTION	Pricing	57	price	1395136483113	1395136483114	1395136486579	1395136486579	OK	 
ACTION	Pricing	20	price	1395136483142	1395136483142	1395136486611	1395136486611	OK	 
ACTION	Pricing	41	price	1395136483171	1395136483172	1395136486641	1395136486642	OK	 
ACTION	Pricing	44	price	1395136483201	1395136483202	1395136486678	1395136486678	OK	 
ACTION	Pricing	38	price	1395136483233	1395136483234	1395136486709	1395136486710	OK	 
ACTION	Pricing	24	price	1395136483266	1395136483266	1395136486743	1395136486743	OK	 
ACTION	Pricing	27	price	1395136483299	1395136483299	1395136486775	1395136486776	OK	 
ACTION	Pricing	72	price	1395136483367	1395136483371	1395136486811	1395136486811	OK	 
ACTION	Pricing	36	price	1395136483398	1395136483399	1395136486848	1395136486849	OK	 
ACTION	Pricing	58	price	1395136483465	1395136483466	1395136486885	1395136486885	OK	 
ACTION	Pricing	2	price	1395136483497	1395136483498	1395136486919	1395136486920	OK	 
ACTION	Pricing	84	price	1395136483527	1395136483527	1395136486953	1395136486953	OK	 
ACTION	Pricing	1	price	1395136483558	1395136483559	1395136486989	1395136486989	OK	 
ACTION	Pricing	33	price	1395136483589	1395136483590	1395136487020	1395136487020	OK	 
ACTION	Pricing	39	price	1395136483628	1395136483629	1395136487052	1395136487052	OK	 
ACTION	Pricing	10	price	1395136483665	1395136483666	1395136487087	1395136487087	OK	 
ACTION	Pricing	32	price	1395136483697	1395136483697	1395136487120	1395136487120	OK	 
ACTION	Pricing	81	price	1395136483731	1395136483731	1395136487151	1395136487151	OK	 
ACTION	Pricing	96	price	1395136483766	1395136483767	1395136487184	1395136487184	OK	 
ACTION	Pricing	77	price	1395136483806	1395136483806	1395136487221	1395136487221	OK	 
ACTION	Pricing	78	price	1395136483837	1395136483838	1395136487252	1395136487253	OK	 
ACTION	Pricing	82	price	1395136483867	1395136483867	1395136487282	1395136487282	OK	 
ACTION	Pricing	4	price	1395136483900	1395136483900	1395136487316	1395136487317	OK	 
ACTION	Pricing	49	price	1395136483932	1395136483933	1395136487347	1395136487347	OK	 
ACTION	Pricing	76	price	1395136483965	1395136483966	1395136487381	1395136487381	OK	 
ACTION	Pricing	37	price	1395136483999	1395136484000	1395136487417	1395136487417	OK	 
ACTION	Pricing	45	price	1395136484029	1395136484029	1395136487445	1395136487445	OK	 
ACTION	Pricing	93	price	1395136484065	1395136484066	1395136487475	1395136487476	OK	 
ACTION	Pricing	53	price	1395136484113	1395136484114	1395136487508	1395136487508	OK	 
ACTION	Pricing	98	price	1395136484146	1395136484146	1395136487540	1395136487540	OK	 
ACTION	Pricing	66	price	1395136484182	1395136484182	1395136487571	1395136487571	OK	 
ACTION	Pricing	14	price	1395136484216	1395136484216	1395136487601	1395136487601	OK	 
ACTION	Pricing	34	price	1395136484261	1395136484262	1395136487635	1395136487635	OK	 
ACTION	Pricing	43	price	1395136484291	1395136484292	1395136487670	1395136487670	OK	 
ACTION	Pricing	22	price	1395136484324	1395136484324	1395136487701	1395136487701	OK	 
ACTION	Pricing	95	price	1395136484363	1395136484364	1395136487736	1395136487736	OK	 
ACTION	Pricing	69	price	1395136484394	1395136484394	1395136487772	1395136487772	OK	 
ACTION	Pricing	73	price	1395136484427	1395136484428	1395136487813	1395136487814	OK	 
ACTION	Pricing	25	price	1395136484460	1395136484461	1395136487851	1395136487852	OK	 
ACTION	Pricing	65	price	1395136484496	1395136484496	1395136487891	1395136487891	OK	 
ACTION	Pricing	18	price	1395136484529	1395136484530	1395136487927	1395136487927	OK	 
ACTION	Pricing	90	price	1395136484559	1395136484559	1395136487965	1395136487965	OK	 
ACTION	Pricing	87	price	1395136484590	1395136484590	1395136488003	1395136488004	OK	 
ACTION	Pricing	91	price	1395136484623	1395136484623	1395136488041	1395136488042	OK	 
ACTION	Pricing	80	price	1395136484660	1395136484661	1395136488080	1395136488081	OK	 
ACTION	Pricing	47	price	1395136484692	1395136484693	1395136488118	1395136488118	OK	 
ACTION	Pricing	100	price	1395136484753	1395136484754	1395136488153	1395136488153	OK	 
ACTION	Pricing	86	price	1395136484761	1395136484762	1395136488185	1395136488185	OK	 
ACTION	Pricing	75	price	1395136484798	1395136484798	1395136488217	1395136488218	OK	 
ACTION	Pricing	55	price	1395136484835	1395136484837	1395136488246	1395136488246	OK	 
ACTION	Pricing	99	price	1395136484865	1395136484866	1395136488279	1395136488280	OK	 
ACTION	Pricing	74	price	1395136484900	1395136484900	1395136488311	1395136488311	OK	 
ACTION	Pricing	6	price	1395136484932	1395136484932	1395136488342	1395136488342	OK	 
ACTION	Pricing	19	price	1395136484962	1395136484963	1395136488373	1395136488373	OK	 
ACTION	Pricing	23	price	1395136484991	1395136484992	1395136488408	1395136488409	OK	 
ACTION	Pricing	9	price	1395136485027	1395136485027	1395136488443	1395136488444	OK	 
ACTION	Pricing	11	price	1395136485065	1395136485065	1395136488478	1395136488478	OK	 
ACTION	Pricing	13	price	1395136485097	1395136485097	1395136488512	1395136488513	OK	 
ACTION	Pricing	8	price	1395136485127	1395136485128	1395136488553	1395136488553	OK	 
ACTION	Pricing	28	price	1395136485161	1395136485161	1395136488588	1395136488588	OK	 
ACTION	Pricing	88	price	1395136485200	1395136485200	1395136488623	1395136488624	OK	 
ACTION	Pricing	17	price	1395136485229	1395136485229	1395136488659	1395136488659	OK	 
ACTION	Pricing	29	price	1395136485259	1395136485260	1395136488689	1395136488690	OK	 
ACTION	Pricing	71	price	1395136485290	1395136485291	1395136488718	1395136488719	OK	 
ACTION	Pricing	64	price	1395136485360	1395136485361	1395136488798	1395136488798	OK	 
ACTION	Pricing	97	price	1395136485325	1395136485325	1395136488798	1395136488798	OK	 
ACTION	Pricing	67	price	1395136485397	1395136485397	1395136488819	1395136488819	OK	 
ACTION	Pricing	42	price	1395136485435	1395136485436	1395136488850	1395136488851	OK	 
ACTION	Pricing	54	price	1395136485466	1395136485467	1395136488883	1395136488883	OK	 
ACTION	Pricing	12	price	1395136485499	1395136485500	1395136488915	1395136488915	OK	 
ACTION	Pricing	83	price	1395136485536	1395136485537	1395136488951	1395136488951	OK	 
ACTION	Pricing	48	price	1395136485573	1395136485573	1395136488981	1395136488981	OK	 
ACTION	Pricing	62	price	1395136485605	1395136485606	1395136489011	1395136489012	OK	 
ACTION	Pricing	7	price	1395136485640	1395136485641	1395136489043	1395136489043	OK	 
ACTION	Pricing	5	price	1395136485675	1395136485676	1395136489077	1395136489077	OK	 
ACTION	Pricing	92	price	1395136485708	1395136485709	1395136489110	1395136489110	OK	 
ACTION	Pricing	21	price	1395136485742	1395136485743	1395136489142	1395136489142	OK	 
ACTION	Pricing	61	price	1395136485780	1395136485782	1395136489177	1395136489177	OK	 
ACTION	Pricing	46	price	1395136485819	1395136485819	1395136489210	1395136489210	OK	 
ACTION	Pricing	94	price	1395136485858	1395136485858	1395136489242	1395136489243	OK	 
ACTION	Pricing	26	price	1395136485899	1395136485900	1395136489277	1395136489278	OK	 
ACTION	Pricing	68	price	1395136485931	1395136485932	1395136489309	1395136489309	OK	 
ACTION	Pricing	60	price	1395136485962	1395136485962	1395136489339	1395136489340	OK	 
ACTION	Pricing	79	price	1395136485997	1395136485998	1395136489372	1395136489372	OK	 
ACTION	Pricing	3	price	1395136486032	1395136486032	1395136489404	1395136489404	OK	 
ACTION	Pricing	63	price	1395136486062	1395136486062	1395136489433	1395136489434	OK	 
ACTION	Pricing	16	price	1395136486093	1395136486094	1395136489466	1395136489466	OK	 
ACTION	Pricing	70	price	1395136486135	1395136486136	1395136489498	1395136489499	OK	 
ACTION	Pricing	85	price	1395136486191	1395136486191	1395136489530	1395136489530	OK	 
ACTION	Pricing	89	price	1395136486208	1395136486208	1395136489564	1395136489564	OK	 
ACTION	Pricing	40	price	1395136486241	1395136486242	1395136489601	1395136489601	OK	 
ACTION	Pricing	51	price	1395136486275	1395136486275	1395136489638	1395136489639	OK	 
ACTION	Pricing	35	price	1395136486305	1395136486306	1395136489672	1395136489672	OK	 
ACTION	Pricing	59	price	1395136486339	1395136486340	1395136489710	1395136489710	OK	 
ACTION	Pricing	52	price	1395136486372	1395136486372	1395136489748	1395136489748	OK	 
ACTION	Pricing	50	price	1395136486409	1395136486410	1395136489787	1395136489787	OK	 
ACTION	Pricing	56	price	1395136486445	1395136486446	1395136489823	1395136489823	OK	 
ACTION	Pricing	15	price	1395136486478	1395136486479	1395136489859	1395136489859	OK	 
ACTION	Pricing	31	price	1395136486511	1395136486511	1395136489906	1395136489906	OK	 
ACTION	Pricing	30	price	1395136486544	1395136486545	1395136489942	1395136489942	OK	 
ACTION	Pricing	57	price	1395136486581	1395136486582	1395136489975	1395136489975	OK	 
ACTION	Pricing	20	price	1395136486612	1395136486613	1395136490011	1395136490011	OK	 
ACTION	Pricing	41	price	1395136486643	1395136486644	1395136490047	1395136490047	OK	 
ACTION	Pricing	44	price	1395136486680	1395136486680	1395136490079	1395136490079	OK	 
ACTION	Pricing	38	price	1395136486711	1395136486712	1395136490116	1395136490116	OK	 
ACTION	Pricing	24	price	1395136486744	1395136486745	1395136490151	1395136490152	OK	 
ACTION	Pricing	27	price	1395136486777	1395136486777	1395136490190	1395136490190	OK	 
ACTION	Pricing	72	price	1395136486813	1395136486813	1395136490229	1395136490229	OK	 
ACTION	Pricing	36	price	1395136486850	1395136486851	1395136490259	1395136490259	OK	 
ACTION	Pricing	58	price	1395136486886	1395136486887	1395136490294	1395136490294	OK	 
ACTION	Pricing	2	price	1395136486922	1395136486922	1395136490329	1395136490329	OK	 
ACTION	Pricing	84	price	1395136486954	1395136486955	1395136490359	1395136490360	OK	 
ACTION	Pricing	1	price	1395136486990	1395136486991	1395136490388	1395136490388	OK	 
ACTION	Pricing	33	price	1395136487021	1395136487022	1395136490422	1395136490422	OK	 
ACTION	Pricing	39	price	1395136487054	1395136487054	1395136490453	1395136490453	OK	 
ACTION	Pricing	10	price	1395136487088	1395136487089	1395136490487	1395136490487	OK	 
ACTION	Pricing	32	price	1395136487122	1395136487122	1395136490518	1395136490518	OK	 
ACTION	Pricing	81	price	1395136487153	1395136487154	1395136490552	1395136490552	OK	 
ACTION	Pricing	96	price	1395136487185	1395136487186	1395136490586	1395136490587	OK	 
ACTION	Pricing	77	price	1395136487222	1395136487223	1395136490621	1395136490621	OK	 
ACTION	Pricing	78	price	1395136487254	1395136487254	1395136490655	1395136490655	OK	 
ACTION	Pricing	82	price	1395136487284	1395136487284	1395136490687	1395136490687	OK	 
ACTION	Pricing	4	price	1395136487318	1395136487319	1395136490722	1395136490722	OK	 
ACTION	Pricing	49	price	1395136487349	1395136487349	1395136490752	1395136490752	OK	 
ACTION	Pricing	76	price	1395136487383	1395136487383	1395136490795	1395136490795	OK	 
ACTION	Pricing	37	price	1395136487419	1395136487419	1395136490825	1395136490826	OK	 
ACTION	Pricing	45	price	1395136487446	1395136487447	1395136490857	1395136490857	OK	 
ACTION	Pricing	93	price	1395136487477	1395136487478	1395136490889	1395136490889	OK	 
ACTION	Pricing	53	price	1395136487510	1395136487510	1395136490922	1395136490923	OK	 
ACTION	Pricing	98	price	1395136487542	1395136487542	1395136490952	1395136490953	OK	 
ACTION	Pricing	66	price	1395136487573	1395136487573	1395136490983	1395136490983	OK	 
ACTION	Pricing	14	price	1395136487603	1395136487603	1395136491016	1395136491016	OK	 
ACTION	Pricing	34	price	1395136487638	1395136487638	1395136491053	1395136491053	OK	 
ACTION	Pricing	43	price	1395136487672	1395136487673	1395136491086	1395136491087	OK	 
ACTION	Pricing	22	price	1395136487702	1395136487703	1395136491121	1395136491121	OK	 
ACTION	Pricing	95	price	1395136487737	1395136487738	1395136491154	1395136491154	OK	 
ACTION	Pricing	69	price	1395136487773	1395136487774	1395136491187	1395136491187	OK	 
ACTION	Pricing	73	price	1395136487815	1395136487816	1395136491218	1395136491219	OK	 
ACTION	Pricing	25	price	1395136487853	1395136487854	1395136491252	1395136491252	OK	 
ACTION	Pricing	65	price	1395136487894	1395136487895	1395136491284	1395136491284	OK	 
ACTION	Pricing	18	price	1395136487929	1395136487929	1395136491315	1395136491315	OK	 
ACTION	Pricing	90	price	1395136487967	1395136487968	1395136491348	1395136491348	OK	 
ACTION	Pricing	87	price	1395136488005	1395136488006	1395136491384	1395136491384	OK	 
ACTION	Pricing	91	price	1395136488044	1395136488044	1395136491418	1395136491419	OK	 
ACTION	Pricing	80	price	1395136488083	1395136488083	1395136491452	1395136491452	OK	 
ACTION	Pricing	47	price	1395136488120	1395136488120	1395136491487	1395136491487	OK	 
ACTION	Pricing	100	price	1395136488154	1395136488155	1395136491518	1395136491518	OK	 
ACTION	Pricing	86	price	1395136488187	1395136488187	1395136491551	1395136491551	OK	 
ACTION	Pricing	75	price	1395136488219	1395136488219	1395136491587	1395136491588	OK	 
ACTION	Pricing	55	price	1395136488248	1395136488248	1395136491622	1395136491623	OK	 
ACTION	Pricing	99	price	1395136488281	1395136488281	1395136491654	1395136491655	OK	 
ACTION	Pricing	74	price	1395136488313	1395136488313	1395136491684	1395136491685	OK	 
ACTION	Pricing	6	price	1395136488344	1395136488344	1395136491713	1395136491713	OK	 
ACTION	Pricing	19	price	1395136488375	1395136488375	1395136491744	1395136491745	OK	 
ACTION	Pricing	23	price	1395136488410	1395136488411	1395136491785	1395136491785	OK	 
ACTION	Pricing	9	price	1395136488445	1395136488446	1395136491817	1395136491817	OK	 
ACTION	Pricing	11	price	1395136488480	1395136488480	1395136491845	1395136491846	OK	 
ACTION	Pricing	13	price	1395136488514	1395136488515	1395136491878	1395136491878	OK	 
ACTION	Pricing	8	price	1395136488556	1395136488556	1395136491911	1395136491911	OK	 
ACTION	Pricing	28	price	1395136488590	1395136488590	1395136491940	1395136491941	OK	 
ACTION	Pricing	88	price	1395136488626	1395136488626	1395136491973	1395136491973	OK	 
ACTION	Pricing	17	price	1395136488660	1395136488661	1395136492007	1395136492008	OK	 
ACTION	Pricing	29	price	1395136488691	1395136488691	1395136492040	1395136492041	OK	 
ACTION	Pricing	71	price	1395136488720	1395136488720	1395136492072	1395136492072	OK	 
ACTION	Pricing	64	price	1395136488800	1395136488801	1395136492106	1395136492106	OK	 
ACTION	Pricing	97	price	1395136488802	1395136488802	1395136492139	1395136492139	OK	 
ACTION	Pricing	67	price	1395136488821	1395136488821	1395136492182	1395136492182	OK	 
ACTION	Pricing	42	price	1395136488852	1395136488852	1395136492213	1395136492213	OK	 
ACTION	Pricing	54	price	1395136488884	1395136488885	1395136492248	1395136492249	OK	 
ACTION	Pricing	12	price	1395136488918	1395136488918	1395136492284	1395136492284	OK	 
ACTION	Pricing	83	price	1395136488953	1395136488953	1395136492324	1395136492324	OK	 
ACTION	Pricing	48	price	1395136488982	1395136488982	1395136492355	1395136492356	OK	 
ACTION	Pricing	62	price	1395136489013	1395136489014	1395136492388	1395136492388	OK	 
ACTION	Pricing	7	price	1395136489044	1395136489045	1395136492422	1395136492422	OK	 
ACTION	Pricing	5	price	1395136489079	1395136489079	1395136492452	1395136492452	OK	 
ACTION	Pricing	92	price	1395136489111	1395136489112	1395136492483	1395136492484	OK	 
ACTION	Pricing	21	price	1395136489143	1395136489144	1395136492514	1395136492514	OK	 
ACTION	Pricing	61	price	1395136489178	1395136489179	1395136492612	1395136492613	OK	 
ACTION	Pricing	46	price	1395136489212	1395136489212	1395136492740	1395136492740	OK	 
ACTION	Pricing	94	price	1395136489250	1395136489250	1395136492760	1395136492760	OK	 
ACTION	Pricing	26	price	1395136489279	1395136489280	1395136492800	1395136492800	OK	 
ACTION	Pricing	68	price	1395136489311	1395136489311	1395136492830	1395136492830	OK	 
ACTION	Pricing	60	price	1395136489341	1395136489341	1395136492866	1395136492866	OK	 
ACTION	Pricing	79	price	1395136489374	1395136489374	1395136492900	1395136492900	OK	 
ACTION	Pricing	3	price	1395136489406	1395136489406	1395136492934	1395136492934	OK	 
ACTION	Pricing	63	price	1395136489435	1395136489436	1395136492966	1395136492966	OK	 
ACTION	Pricing	16	price	1395136489467	1395136489468	1395136493002	1395136493002	OK	 
ACTION	Pricing	70	price	1395136489500	1395136489501	1395136493034	1395136493035	OK	 
ACTION	Pricing	85	price	1395136489532	1395136489532	1395136493064	1395136493065	OK	 
ACTION	Pricing	89	price	1395136489566	1395136489567	1395136493099	1395136493099	OK	 
ACTION	Pricing	40	price	1395136489603	1395136489603	1395136493133	1395136493134	OK	 
ACTION	Pricing	51	price	1395136489640	1395136489641	1395136493168	1395136493168	OK	 
ACTION	Pricing	35	price	1395136489674	1395136489675	1395136493201	1395136493201	OK	 
ACTION	Pricing	59	price	1395136489711	1395136489712	1395136493231	1395136493232	OK	 
ACTION	Pricing	52	price	1395136489749	1395136489750	1395136493261	1395136493261	OK	 
ACTION	Pricing	50	price	1395136489789	1395136489790	1395136493293	1395136493293	OK	 
ACTION	Pricing	56	price	1395136489825	1395136489825	1395136493323	1395136493323	OK	 
ACTION	Pricing	15	price	1395136489861	1395136489862	1395136493356	1395136493356	OK	 
ACTION	Pricing	31	price	1395136489909	1395136489909	1395136493390	1395136493391	OK	 
ACTION	Pricing	30	price	1395136489944	1395136489945	1395136493419	1395136493419	OK	 
ACTION	Pricing	57	price	1395136489977	1395136489978	1395136493451	1395136493451	OK	 
ACTION	Pricing	20	price	1395136490013	1395136490013	1395136493482	1395136493482	OK	 
ACTION	Pricing	41	price	1395136490049	1395136490050	1395136493513	1395136493513	OK	 
ACTION	Pricing	44	price	1395136490081	1395136490082	1395136493547	1395136493548	OK	 
ACTION	Pricing	38	price	1395136490118	1395136490119	1395136493579	1395136493579	OK	 
ACTION	Pricing	24	price	1395136490153	1395136490154	1395136493610	1395136493610	OK	 
ACTION	Pricing	27	price	1395136490192	1395136490192	1395136493643	1395136493643	OK	 
ACTION	Pricing	72	price	1395136490231	1395136490231	1395136493674	1395136493674	OK	 
ACTION	Pricing	36	price	1395136490261	1395136490261	1395136493707	1395136493707	OK	 
ACTION	Pricing	58	price	1395136490296	1395136490296	1395136493740	1395136493741	OK	 
ACTION	Pricing	2	price	1395136490331	1395136490331	1395136493774	1395136493774	OK	 
ACTION	Pricing	84	price	1395136490361	1395136490362	1395136493807	1395136493807	OK	 
ACTION	Pricing	1	price	1395136490390	1395136490390	1395136493841	1395136493841	OK	 
ACTION	Pricing	33	price	1395136490423	1395136490424	1395136493877	1395136493877	OK	 
ACTION	Pricing	39	price	1395136490456	1395136490456	1395136493916	1395136493916	OK	 
ACTION	Pricing	10	price	1395136490489	1395136490489	1395136493951	1395136493952	OK	 
ACTION	Pricing	32	price	1395136490520	1395136490520	1395136493998	1395136493999	OK	 
ACTION	Pricing	81	price	1395136490553	1395136490553	1395136494032	1395136494033	OK	 
ACTION	Pricing	96	price	1395136490588	1395136490588	1395136494064	1395136494065	OK	 
ACTION	Pricing	77	price	1395136490623	1395136490623	1395136494095	1395136494095	OK	 
ACTION	Pricing	78	price	1395136490656	1395136490657	1395136494130	1395136494130	OK	 
ACTION	Pricing	82	price	1395136490688	1395136490689	1395136494162	1395136494162	OK	 
ACTION	Pricing	4	price	1395136490724	1395136490725	1395136494198	1395136494198	OK	 
ACTION	Pricing	49	price	1395136490754	1395136490754	1395136494228	1395136494228	OK	 
ACTION	Pricing	76	price	1395136490797	1395136490797	1395136494266	1395136494267	OK	 
ACTION	Pricing	37	price	1395136490827	1395136490828	1395136494306	1395136494306	OK	 
ACTION	Pricing	45	price	1395136490859	1395136490859	1395136494341	1395136494342	OK	 
ACTION	Pricing	93	price	1395136490891	1395136490892	1395136494375	1395136494375	OK	 
ACTION	Pricing	53	price	1395136490924	1395136490924	1395136494406	1395136494406	OK	 
ACTION	Pricing	98	price	1395136490954	1395136490955	1395136494437	1395136494437	OK	 
ACTION	Pricing	66	price	1395136490984	1395136490985	1395136494471	1395136494471	OK	 
ACTION	Pricing	14	price	1395136491018	1395136491018	1395136494504	1395136494504	OK	 
ACTION	Pricing	34	price	1395136491055	1395136491055	1395136494535	1395136494535	OK	 
ACTION	Pricing	43	price	1395136491088	1395136491089	1395136494566	1395136494566	OK	 
ACTION	Pricing	22	price	1395136491123	1395136491123	1395136494600	1395136494600	OK	 
ACTION	Pricing	95	price	1395136491156	1395136491156	1395136494632	1395136494633	OK	 
ACTION	Pricing	69	price	1395136491188	1395136491189	1395136494667	1395136494667	OK	 
ACTION	Pricing	73	price	1395136491220	1395136491220	1395136494695	1395136494695	OK	 
ACTION	Pricing	25	price	1395136491254	1395136491254	1395136494728	1395136494728	OK	 
ACTION	Pricing	65	price	1395136491285	1395136491286	1395136494765	1395136494765	OK	 
ACTION	Pricing	18	price	1395136491317	1395136491317	1395136494797	1395136494797	OK	 
ACTION	Pricing	90	price	1395136491350	1395136491350	1395136494831	1395136494831	OK	 
ACTION	Pricing	87	price	1395136491385	1395136491386	1395136494866	1395136494866	OK	 
ACTION	Pricing	91	price	1395136491420	1395136491421	1395136494906	1395136494907	OK	 
ACTION	Pricing	80	price	1395136491453	1395136491454	1395136494943	1395136494943	OK	 
ACTION	Pricing	47	price	1395136491488	1395136491489	1395136494975	1395136494975	OK	 
ACTION	Pricing	100	price	1395136491520	1395136491521	1395136495009	1395136495009	OK	 
ACTION	Pricing	86	price	1395136491552	1395136491553	1395136495044	1395136495045	OK	 
ACTION	Pricing	75	price	1395136491590	1395136491590	1395136495079	1395136495079	OK	 
ACTION	Pricing	55	price	1395136491624	1395136491625	1395136495112	1395136495113	OK	 
ACTION	Pricing	99	price	1395136491656	1395136491657	1395136495144	1395136495144	OK	 
ACTION	Pricing	74	price	1395136491686	1395136491687	1395136495177	1395136495177	OK	 
ACTION	Pricing	6	price	1395136491715	1395136491715	1395136495207	1395136495207	OK	 
ACTION	Pricing	19	price	1395136491746	1395136491747	1395136495238	1395136495238	OK	 
ACTION	Pricing	23	price	1395136491786	1395136491787	1395136495269	1395136495269	OK	 
ACTION	Pricing	9	price	1395136491818	1395136491818	1395136495303	1395136495303	OK	 
ACTION	Pricing	11	price	1395136491847	1395136491847	1395136495340	1395136495340	OK	 
ACTION	Pricing	13	price	1395136491880	1395136491880	1395136495374	1395136495374	OK	 
ACTION	Pricing	8	price	1395136491912	1395136491913	1395136495408	1395136495409	OK	 
ACTION	Pricing	28	price	1395136491942	1395136491942	1395136495448	1395136495449	OK	 
ACTION	Pricing	88	price	1395136491974	1395136491975	1395136495485	1395136495485	OK	 
ACTION	Pricing	17	price	1395136492011	1395136492011	1395136495516	1395136495516	OK	 
ACTION	Pricing	29	price	1395136492042	1395136492043	1395136495549	1395136495549	OK	 
ACTION	Pricing	71	price	1395136492074	1395136492075	1395136495584	1395136495584	OK	 
ACTION	Pricing	64	price	1395136492108	1395136492109	1395136495618	1395136495618	OK	 
ACTION	Pricing	97	price	1395136492141	1395136492142	1395136495651	1395136495652	OK	 
ACTION	Pricing	67	price	1395136492184	1395136492184	1395136495682	1395136495682	OK	 
ACTION	Pricing	42	price	1395136492215	1395136492215	1395136495715	1395136495715	OK	 
ACTION	Pricing	54	price	1395136492250	1395136492250	1395136495751	1395136495751	OK	 
ACTION	Pricing	12	price	1395136492286	1395136492287	1395136495781	1395136495781	OK	 
ACTION	Pricing	83	price	1395136492326	1395136492327	1395136495813	1395136495814	OK	 
ACTION	Pricing	48	price	1395136492358	1395136492358	1395136495847	1395136495847	OK	 
ACTION	Pricing	62	price	1395136492389	1395136492390	1395136495882	1395136495882	OK	 
ACTION	Pricing	7	price	1395136492423	1395136492423	1395136495915	1395136495916	OK	 
ACTION	Pricing	5	price	1395136492454	1395136492454	1395136495952	1395136495953	OK	 
ACTION	Pricing	92	price	1395136492485	1395136492485	1395136495986	1395136495986	OK	 
ACTION	Pricing	61	price	1395136492617	1395136492618	1395136496022	1395136496023	OK	 
ACTION	Pricing	21	price	1395136492515	1395136492516	1395136496058	1395136496058	OK	 
ACTION	Pricing	46	price	1395136492742	1395136492742	1395136496093	1395136496093	OK	 
ACTION	Pricing	94	price	1395136492762	1395136492762	1395136496128	1395136496128	OK	 
ACTION	Pricing	26	price	1395136492801	1395136492802	1395136496176	1395136496176	OK	 
ACTION	Pricing	68	price	1395136492832	1395136492832	1395136496193	1395136496193	OK	 
ACTION	Pricing	60	price	1395136492867	1395136492868	1395136496224	1395136496224	OK	 
ACTION	Pricing	79	price	1395136492902	1395136492902	1395136496263	1395136496263	OK	 
ACTION	Pricing	3	price	1395136492936	1395136492936	1395136496299	1395136496299	OK	 
ACTION	Pricing	63	price	1395136492968	1395136492969	1395136496330	1395136496331	OK	 
ACTION	Pricing	16	price	1395136493004	1395136493004	1395136496361	1395136496361	OK	 
ACTION	Pricing	70	price	1395136493036	1395136493037	1395136496392	1395136496393	OK	 
ACTION	Pricing	85	price	1395136493066	1395136493067	1395136496426	1395136496427	OK	 
ACTION	Pricing	89	price	1395136493100	1395136493101	1395136496464	1395136496464	OK	 
ACTION	Pricing	40	price	1395136493135	1395136493136	1395136496499	1395136496499	OK	 
ACTION	Pricing	51	price	1395136493170	1395136493170	1395136496531	1395136496531	OK	 
ACTION	Pricing	35	price	1395136493202	1395136493203	1395136496568	1395136496569	OK	 
ACTION	Pricing	59	price	1395136493233	1395136493234	1395136496606	1395136496606	OK	 
ACTION	Pricing	52	price	1395136493263	1395136493263	1395136496641	1395136496641	OK	 
ACTION	Pricing	50	price	1395136493295	1395136493296	1395136496670	1395136496670	OK	 
ACTION	Pricing	56	price	1395136493325	1395136493325	1395136496701	1395136496702	OK	 
ACTION	Pricing	15	price	1395136493358	1395136493358	1395136496735	1395136496736	OK	 
ACTION	Pricing	31	price	1395136493392	1395136493392	1395136496770	1395136496770	OK	 
ACTION	Pricing	30	price	1395136493420	1395136493420	1395136496802	1395136496803	OK	 
ACTION	Pricing	57	price	1395136493453	1395136493453	1395136496834	1395136496834	OK	 
ACTION	Pricing	20	price	1395136493483	1395136493484	1395136496867	1395136496868	OK	 
ACTION	Pricing	41	price	1395136493514	1395136493515	1395136496905	1395136496905	OK	 
ACTION	Pricing	44	price	1395136493549	1395136493550	1395136496938	1395136496939	OK	 
ACTION	Pricing	38	price	1395136493580	1395136493581	1395136496971	1395136496972	OK	 
ACTION	Pricing	24	price	1395136493612	1395136493612	1395136497003	1395136497004	OK	 
ACTION	Pricing	27	price	1395136493644	1395136493645	1395136497035	1395136497036	OK	 
ACTION	Pricing	72	price	1395136493676	1395136493676	1395136497068	1395136497068	OK	 
ACTION	Pricing	36	price	1395136493708	1395136493709	1395136497102	1395136497102	OK	 
ACTION	Pricing	58	price	1395136493742	1395136493742	1395136497138	1395136497139	OK	 
ACTION	Pricing	2	price	1395136493775	1395136493777	1395136497177	1395136497177	OK	 
ACTION	Pricing	84	price	1395136493809	1395136493809	1395136497210	1395136497210	OK	 
ACTION	Pricing	1	price	1395136493843	1395136493843	1395136497251	1395136497251	OK	 
ACTION	Pricing	33	price	1395136493879	1395136493880	1395136497285	1395136497286	OK	 
ACTION	Pricing	39	price	1395136493918	1395136493918	1395136497317	1395136497318	OK	 
ACTION	Pricing	10	price	1395136493953	1395136493953	1395136497349	1395136497349	OK	 
ACTION	Pricing	32	price	1395136494000	1395136494001	1395136497386	1395136497386	OK	 
ACTION	Pricing	81	price	1395136494034	1395136494035	1395136497425	1395136497425	OK	 
ACTION	Pricing	96	price	1395136494066	1395136494067	1395136497460	1395136497460	OK	 
ACTION	Pricing	77	price	1395136494097	1395136494097	1395136497493	1395136497494	OK	 
ACTION	Pricing	78	price	1395136494131	1395136494132	1395136497524	1395136497524	OK	 
ACTION	Pricing	82	price	1395136494164	1395136494164	1395136497561	1395136497561	OK	 
ACTION	Pricing	4	price	1395136494200	1395136494200	1395136497596	1395136497596	OK	 
ACTION	Pricing	49	price	1395136494229	1395136494229	1395136497629	1395136497629	OK	 
ACTION	Pricing	76	price	1395136494268	1395136494269	1395136497661	1395136497661	OK	 
ACTION	Pricing	37	price	1395136494308	1395136494308	1395136497696	1395136497696	OK	 
ACTION	Pricing	45	price	1395136494343	1395136494344	1395136497731	1395136497731	OK	 
ACTION	Pricing	93	price	1395136494376	1395136494377	1395136497764	1395136497764	OK	 
ACTION	Pricing	53	price	1395136494407	1395136494408	1395136497797	1395136497797	OK	 
ACTION	Pricing	98	price	1395136494439	1395136494439	1395136497830	1395136497830	OK	 
ACTION	Pricing	66	price	1395136494472	1395136494473	1395136497865	1395136497865	OK	 
ACTION	Pricing	14	price	1395136494505	1395136494506	1395136497898	1395136497898	OK	 
ACTION	Pricing	34	price	1395136494537	1395136494537	1395136497935	1395136497935	OK	 
ACTION	Pricing	43	price	1395136494567	1395136494568	1395136497966	1395136497967	OK	 
ACTION	Pricing	22	price	1395136494602	1395136494602	1395136498005	1395136498006	OK	 
ACTION	Pricing	95	price	1395136494634	1395136494634	1395136498040	1395136498040	OK	 
ACTION	Pricing	69	price	1395136494668	1395136494668	1395136498074	1395136498074	OK	 
ACTION	Pricing	73	price	1395136494696	1395136494697	1395136498107	1395136498107	OK	 
ACTION	Pricing	25	price	1395136494730	1395136494731	1395136498141	1395136498142	OK	 
ACTION	Pricing	65	price	1395136494767	1395136494767	1395136498177	1395136498178	OK	 
ACTION	Pricing	18	price	1395136494798	1395136494799	1395136498211	1395136498211	OK	 
ACTION	Pricing	90	price	1395136494833	1395136494834	1395136498246	1395136498246	OK	 
ACTION	Pricing	87	price	1395136494868	1395136494868	1395136498282	1395136498283	OK	 
ACTION	Pricing	91	price	1395136494909	1395136494909	1395136498320	1395136498320	OK	 
ACTION	Pricing	80	price	1395136494945	1395136494945	1395136498364	1395136498365	OK	 
ACTION	Pricing	47	price	1395136494977	1395136494977	1395136498398	1395136498398	OK	 
ACTION	Pricing	100	price	1395136495011	1395136495011	1395136498433	1395136498433	OK	 
ACTION	Pricing	86	price	1395136495046	1395136495047	1395136498471	1395136498471	OK	 
ACTION	Pricing	75	price	1395136495080	1395136495081	1395136498501	1395136498501	OK	 
ACTION	Pricing	55	price	1395136495114	1395136495114	1395136498535	1395136498535	OK	 
ACTION	Pricing	99	price	1395136495145	1395136495146	1395136498567	1395136498568	OK	 
ACTION	Pricing	74	price	1395136495179	1395136495179	1395136498604	1395136498605	OK	 
ACTION	Pricing	6	price	1395136495209	1395136495210	1395136498639	1395136498640	OK	 
ACTION	Pricing	19	price	1395136495240	1395136495240	1395136498674	1395136498674	OK	 
ACTION	Pricing	23	price	1395136495271	1395136495271	1395136498708	1395136498708	OK	 
ACTION	Pricing	9	price	1395136495304	1395136495305	1395136498741	1395136498741	OK	 
ACTION	Pricing	11	price	1395136495342	1395136495342	1395136498780	1395136498781	OK	 
ACTION	Pricing	13	price	1395136495376	1395136495376	1395136498815	1395136498815	OK	 
ACTION	Pricing	8	price	1395136495410	1395136495410	1395136498853	1395136498854	OK	 
ACTION	Pricing	28	price	1395136495450	1395136495450	1395136498893	1395136498893	OK	 
ACTION	Pricing	88	price	1395136495487	1395136495487	1395136498926	1395136498926	OK	 
ACTION	Pricing	17	price	1395136495517	1395136495517	1395136498965	1395136498965	OK	 
ACTION	Pricing	29	price	1395136495551	1395136495551	1395136499002	1395136499002	OK	 
ACTION	Pricing	71	price	1395136495586	1395136495586	1395136499041	1395136499041	OK	 
ACTION	Pricing	64	price	1395136495620	1395136495620	1395136499079	1395136499079	OK	 
ACTION	Pricing	97	price	1395136495653	1395136495653	1395136499115	1395136499115	OK	 
ACTION	Pricing	67	price	1395136495683	1395136495683	1395136499154	1395136499155	OK	 
ACTION	Pricing	42	price	1395136495717	1395136495717	1395136499194	1395136499194	OK	 
ACTION	Pricing	54	price	1395136495753	1395136495753	1395136499226	1395136499226	OK	 
ACTION	Pricing	12	price	1395136495783	1395136495783	1395136499263	1395136499264	OK	 
ACTION	Pricing	83	price	1395136495815	1395136495815	1395136499315	1395136499315	OK	 
ACTION	Pricing	48	price	1395136495849	1395136495850	1395136499342	1395136499342	OK	 
ACTION	Pricing	62	price	1395136495883	1395136495884	1395136499411	1395136499412	OK	 
ACTION	Pricing	7	price	1395136495917	1395136495918	1395136499453	1395136499454	OK	 
ACTION	Pricing	5	price	1395136495954	1395136495955	1395136499514	1395136499514	OK	 
ACTION	Pricing	92	price	1395136495989	1395136495989	1395136499544	1395136499544	OK	 
ACTION	Pricing	61	price	1395136496024	1395136496025	1395136499580	1395136499581	OK	 
ACTION	Pricing	21	price	1395136496059	1395136496060	1395136499617	1395136499617	OK	 
ACTION	Pricing	46	price	1395136496094	1395136496095	1395136499651	1395136499651	OK	 
ACTION	Pricing	94	price	1395136496130	1395136496130	1395136499685	1395136499685	OK	 
ACTION	Pricing	26	price	1395136496178	1395136496179	1395136499723	1395136499723	OK	 
ACTION	Pricing	68	price	1395136496195	1395136496195	1395136499764	1395136499764	OK	 
ACTION	Pricing	60	price	1395136496226	1395136496226	1395136499827	1395136499827	OK	 
ACTION	Pricing	79	price	1395136496265	1395136496266	1395136499842	1395136499842	OK	 
ACTION	Pricing	3	price	1395136496300	1395136496301	1395136499890	1395136499890	OK	 
ACTION	Pricing	63	price	1395136496332	1395136496332	1395136499922	1395136499922	OK	 
ACTION	Pricing	16	price	1395136496363	1395136496363	1395136499965	1395136499965	OK	 
ACTION	Pricing	70	price	1395136496394	1395136496395	1395136500020	1395136500020	OK	 
ACTION	Pricing	85	price	1395136496428	1395136496429	1395136500036	1395136500036	OK	 
ACTION	Pricing	89	price	1395136496466	1395136496467	1395136500067	1395136500068	OK	 
ACTION	Pricing	40	price	1395136496500	1395136496500	1395136500103	1395136500103	OK	 
ACTION	Pricing	51	price	1395136496533	1395136496533	1395136500142	1395136500142	OK	 
ACTION	Pricing	35	price	1395136496570	1395136496571	1395136500177	1395136500177	OK	 
ACTION	Pricing	59	price	1395136496608	1395136496608	1395136500210	1395136500210	OK	 
ACTION	Pricing	52	price	1395136496642	1395136496643	1395136500248	1395136500249	OK	 
ACTION	Pricing	50	price	1395136496672	1395136496672	1395136500280	1395136500281	OK	 
ACTION	Pricing	56	price	1395136496703	1395136496705	1395136500314	1395136500315	OK	 
ACTION	Pricing	15	price	1395136496737	1395136496738	1395136500350	1395136500350	OK	 
ACTION	Pricing	31	price	1395136496772	1395136496772	1395136500386	1395136500387	OK	 
ACTION	Pricing	30	price	1395136496804	1395136496805	1395136500423	1395136500423	OK	 
ACTION	Pricing	57	price	1395136496835	1395136496835	1395136500459	1395136500459	OK	 
ACTION	Pricing	20	price	1395136496869	1395136496870	1395136500496	1395136500497	OK	 
ACTION	Pricing	41	price	1395136496906	1395136496907	1395136500532	1395136500532	OK	 
ACTION	Pricing	44	price	1395136496940	1395136496941	1395136500565	1395136500565	OK	 
ACTION	Pricing	38	price	1395136496973	1395136496973	1395136500598	1395136500598	OK	 
ACTION	Pricing	24	price	1395136497005	1395136497005	1395136500633	1395136500633	OK	 
ACTION	Pricing	27	price	1395136497037	1395136497038	1395136500665	1395136500666	OK	 
ACTION	Pricing	72	price	1395136497070	1395136497070	1395136500697	1395136500697	OK	 
ACTION	Pricing	36	price	1395136497104	1395136497104	1395136500732	1395136500733	OK	 
ACTION	Pricing	58	price	1395136497140	1395136497141	1395136500767	1395136500767	OK	 
ACTION	Pricing	2	price	1395136497178	1395136497183	1395136500798	1395136500798	OK	 
ACTION	Pricing	84	price	1395136497211	1395136497212	1395136500829	1395136500830	OK	 
ACTION	Pricing	1	price	1395136497253	1395136497253	1395136500863	1395136500863	OK	 
ACTION	Pricing	33	price	1395136497287	1395136497288	1395136500897	1395136500897	OK	 
ACTION	Pricing	39	price	1395136497319	1395136497319	1395136500930	1395136500931	OK	 
ACTION	Pricing	10	price	1395136497350	1395136497351	1395136500964	1395136500964	OK	 
ACTION	Pricing	32	price	1395136497388	1395136497388	1395136500999	1395136501000	OK	 
ACTION	Pricing	81	price	1395136497427	1395136497428	1395136501030	1395136501030	OK	 
ACTION	Pricing	96	price	1395136497462	1395136497462	1395136501061	1395136501061	OK	 
ACTION	Pricing	77	price	1395136497495	1395136497495	1395136501093	1395136501093	OK	 
ACTION	Pricing	78	price	1395136497525	1395136497526	1395136501127	1395136501127	OK	 
ACTION	Pricing	82	price	1395136497562	1395136497563	1395136501161	1395136501161	OK	 
ACTION	Pricing	4	price	1395136497598	1395136497599	1395136501194	1395136501194	OK	 
ACTION	Pricing	49	price	1395136497631	1395136497632	1395136501229	1395136501230	OK	 
ACTION	Pricing	76	price	1395136497663	1395136497663	1395136501262	1395136501263	OK	 
ACTION	Pricing	37	price	1395136497698	1395136497699	1395136501300	1395136501300	OK	 
ACTION	Pricing	45	price	1395136497733	1395136497733	1395136501337	1395136501337	OK	 
ACTION	Pricing	93	price	1395136497765	1395136497766	1395136501373	1395136501374	OK	 
ACTION	Pricing	53	price	1395136497799	1395136497799	1395136501413	1395136501413	OK	 
ACTION	Pricing	98	price	1395136497831	1395136497832	1395136501445	1395136501445	OK	 
ACTION	Pricing	66	price	1395136497867	1395136497867	1395136501480	1395136501480	OK	 
ACTION	Pricing	14	price	1395136497900	1395136497900	1395136501512	1395136501512	OK	 
ACTION	Pricing	34	price	1395136497937	1395136497937	1395136501543	1395136501543	OK	 
ACTION	Pricing	43	price	1395136497968	1395136497968	1395136501578	1395136501578	OK	 
ACTION	Pricing	22	price	1395136498007	1395136498008	1395136501614	1395136501614	OK	 
ACTION	Pricing	95	price	1395136498042	1395136498042	1395136501651	1395136501651	OK	 
ACTION	Pricing	69	price	1395136498075	1395136498075	1395136501685	1395136501685	OK	 
ACTION	Pricing	73	price	1395136498108	1395136498109	1395136501722	1395136501722	OK	 
ACTION	Pricing	25	price	1395136498143	1395136498143	1395136501757	1395136501758	OK	 
ACTION	Pricing	65	price	1395136498179	1395136498180	1395136501795	1395136501795	OK	 
ACTION	Pricing	18	price	1395136498212	1395136498213	1395136501832	1395136501833	OK	 
ACTION	Pricing	90	price	1395136498248	1395136498249	1395136501872	1395136501872	OK	 
ACTION	Pricing	87	price	1395136498285	1395136498286	1395136501916	1395136501918	OK	 
ACTION	Pricing	91	price	1395136498321	1395136498322	1395136501960	1395136501960	OK	 
SCENARIO	Pricing	91	END	1395136501961
ACTION	Pricing	80	price	1395136498366	1395136498366	1395136501994	1395136501995	OK	 
SCENARIO	Pricing	80	END	1395136501996
ACTION	Pricing	47	price	1395136498400	1395136498400	1395136502030	1395136502030	OK	 
SCENARIO	Pricing	47	END	1395136502031
ACTION	Pricing	100	price	1395136498435	1395136498435	1395136502061	1395136502061	OK	 
SCENARIO	Pricing	100	END	1395136502062
ACTION	Pricing	86	price	1395136498472	1395136498472	1395136502093	1395136502093	OK	 
SCENARIO	Pricing	86	END	1395136502094
ACTION	Pricing	75	price	1395136498502	1395136498503	1395136502126	1395136502126	OK	 
SCENARIO	Pricing	75	END	1395136502127
ACTION	Pricing	55	price	1395136498536	1395136498537	1395136502158	1395136502158	OK	 
SCENARIO	Pricing	55	END	1395136502159
ACTION	Pricing	99	price	1395136498569	1395136498570	1395136502189	1395136502189	OK	 
SCENARIO	Pricing	99	END	1395136502190
ACTION	Pricing	74	price	1395136498606	1395136498606	1395136502222	1395136502222	OK	 
SCENARIO	Pricing	74	END	1395136502223
ACTION	Pricing	6	price	1395136498641	1395136498642	1395136502255	1395136502256	OK	 
SCENARIO	Pricing	6	END	1395136502256
ACTION	Pricing	19	price	1395136498676	1395136498676	1395136502290	1395136502291	OK	 
SCENARIO	Pricing	19	END	1395136502291
ACTION	Pricing	23	price	1395136498718	1395136498718	1395136502324	1395136502324	OK	 
SCENARIO	Pricing	23	END	1395136502325
ACTION	Pricing	9	price	1395136498743	1395136498744	1395136502356	1395136502356	OK	 
SCENARIO	Pricing	9	END	1395136502357
ACTION	Pricing	11	price	1395136498782	1395136498782	1395136502401	1395136502401	OK	 
SCENARIO	Pricing	11	END	1395136502402
ACTION	Pricing	13	price	1395136498816	1395136498817	1395136502436	1395136502436	OK	 
SCENARIO	Pricing	13	END	1395136502437
ACTION	Pricing	8	price	1395136498855	1395136498855	1395136502470	1395136502471	OK	 
SCENARIO	Pricing	8	END	1395136502471
ACTION	Pricing	28	price	1395136498894	1395136498895	1395136502507	1395136502507	OK	 
SCENARIO	Pricing	28	END	1395136502508
ACTION	Pricing	88	price	1395136498927	1395136498928	1395136502542	1395136502542	OK	 
SCENARIO	Pricing	88	END	1395136502543
ACTION	Pricing	17	price	1395136498966	1395136498967	1395136502574	1395136502574	OK	 
SCENARIO	Pricing	17	END	1395136502575
ACTION	Pricing	29	price	1395136499004	1395136499004	1395136502606	1395136502606	OK	 
SCENARIO	Pricing	29	END	1395136502607
ACTION	Pricing	71	price	1395136499042	1395136499042	1395136502641	1395136502642	OK	 
SCENARIO	Pricing	71	END	1395136502642
ACTION	Pricing	64	price	1395136499080	1395136499081	1395136502674	1395136502674	OK	 
SCENARIO	Pricing	64	END	1395136502674
ACTION	Pricing	97	price	1395136499117	1395136499117	1395136502706	1395136502706	OK	 
SCENARIO	Pricing	97	END	1395136502707
ACTION	Pricing	67	price	1395136499157	1395136499158	1395136502742	1395136502742	OK	 
SCENARIO	Pricing	67	END	1395136502743
ACTION	Pricing	42	price	1395136499196	1395136499197	1395136502775	1395136502775	OK	 
SCENARIO	Pricing	42	END	1395136502776
ACTION	Pricing	54	price	1395136499227	1395136499228	1395136502809	1395136502809	OK	 
SCENARIO	Pricing	54	END	1395136502810
ACTION	Pricing	12	price	1395136499265	1395136499266	1395136502844	1395136502844	OK	 
SCENARIO	Pricing	12	END	1395136502845
ACTION	Pricing	83	price	1395136499317	1395136499317	1395136502884	1395136502885	OK	 
SCENARIO	Pricing	83	END	1395136502885
ACTION	Pricing	48	price	1395136499344	1395136499345	1395136502920	1395136502920	OK	 
SCENARIO	Pricing	48	END	1395136502921
ACTION	Pricing	62	price	1395136499413	1395136499414	1395136502961	1395136502961	OK	 
SCENARIO	Pricing	62	END	1395136502962
ACTION	Pricing	7	price	1395136499456	1395136499457	1395136502995	1395136502995	OK	 
SCENARIO	Pricing	7	END	1395136502995
ACTION	Pricing	5	price	1395136499516	1395136499516	1395136503031	1395136503032	OK	 
SCENARIO	Pricing	5	END	1395136503033
ACTION	Pricing	92	price	1395136499546	1395136499546	1395136503069	1395136503069	OK	 
SCENARIO	Pricing	92	END	1395136503070
ACTION	Pricing	61	price	1395136499582	1395136499583	1395136503102	1395136503102	OK	 
SCENARIO	Pricing	61	END	1395136503103
ACTION	Pricing	21	price	1395136499618	1395136499619	1395136503137	1395136503138	OK	 
SCENARIO	Pricing	21	END	1395136503138
ACTION	Pricing	46	price	1395136499652	1395136499653	1395136503173	1395136503173	OK	 
SCENARIO	Pricing	46	END	1395136503174
ACTION	Pricing	94	price	1395136499687	1395136499687	1395136503206	1395136503206	OK	 
SCENARIO	Pricing	94	END	1395136503207
ACTION	Pricing	26	price	1395136499725	1395136499725	1395136503240	1395136503240	OK	 
SCENARIO	Pricing	26	END	1395136503241
ACTION	Pricing	68	price	1395136499766	1395136499766	1395136503276	1395136503276	OK	 
SCENARIO	Pricing	68	END	1395136503277
ACTION	Pricing	60	price	1395136499829	1395136499829	1395136503310	1395136503311	OK	 
SCENARIO	Pricing	60	END	1395136503312
ACTION	Pricing	79	price	1395136499843	1395136499844	1395136503345	1395136503345	OK	 
SCENARIO	Pricing	79	END	1395136503346
ACTION	Pricing	3	price	1395136499891	1395136499892	1395136503382	1395136503382	OK	 
SCENARIO	Pricing	3	END	1395136503383
ACTION	Pricing	63	price	1395136499924	1395136499924	1395136503416	1395136503416	OK	 
SCENARIO	Pricing	63	END	1395136503417
ACTION	Pricing	16	price	1395136499967	1395136499967	1395136503451	1395136503451	OK	 
SCENARIO	Pricing	16	END	1395136503452
ACTION	Pricing	70	price	1395136500022	1395136500022	1395136503486	1395136503486	OK	 
SCENARIO	Pricing	70	END	1395136503487
ACTION	Pricing	85	price	1395136500037	1395136500037	1395136503519	1395136503519	OK	 
SCENARIO	Pricing	85	END	1395136503520
ACTION	Pricing	89	price	1395136500069	1395136500069	1395136503553	1395136503553	OK	 
SCENARIO	Pricing	89	END	1395136503553
ACTION	Pricing	40	price	1395136500105	1395136500105	1395136503586	1395136503586	OK	 
SCENARIO	Pricing	40	END	1395136503587
ACTION	Pricing	51	price	1395136500143	1395136500144	1395136503619	1395136503619	OK	 
SCENARIO	Pricing	51	END	1395136503620
ACTION	Pricing	35	price	1395136500178	1395136500179	1395136503654	1395136503655	OK	 
SCENARIO	Pricing	35	END	1395136503655
ACTION	Pricing	59	price	1395136500211	1395136500212	1395136503688	1395136503688	OK	 
SCENARIO	Pricing	59	END	1395136503689
ACTION	Pricing	52	price	1395136500250	1395136500250	1395136503726	1395136503726	OK	 
SCENARIO	Pricing	52	END	1395136503727
ACTION	Pricing	50	price	1395136500282	1395136500282	1395136503759	1395136503759	OK	 
SCENARIO	Pricing	50	END	1395136503760
ACTION	Pricing	56	price	1395136500316	1395136500317	1395136503793	1395136503793	OK	 
SCENARIO	Pricing	56	END	1395136503794
ACTION	Pricing	15	price	1395136500352	1395136500352	1395136503827	1395136503827	OK	 
SCENARIO	Pricing	15	END	1395136503828
ACTION	Pricing	31	price	1395136500388	1395136500389	1395136503864	1395136503864	OK	 
SCENARIO	Pricing	31	END	1395136503865
ACTION	Pricing	30	price	1395136500425	1395136500425	1395136503896	1395136503896	OK	 
SCENARIO	Pricing	30	END	1395136503897
ACTION	Pricing	57	price	1395136500461	1395136500461	1395136503931	1395136503931	OK	 
SCENARIO	Pricing	57	END	1395136503932
ACTION	Pricing	20	price	1395136500498	1395136500498	1395136503971	1395136503971	OK	 
SCENARIO	Pricing	20	END	1395136503971
ACTION	Pricing	41	price	1395136500534	1395136500534	1395136504001	1395136504001	OK	 
SCENARIO	Pricing	41	END	1395136504002
ACTION	Pricing	44	price	1395136500567	1395136500567	1395136504034	1395136504034	OK	 
SCENARIO	Pricing	44	END	1395136504034
ACTION	Pricing	38	price	1395136500600	1395136500600	1395136504065	1395136504066	OK	 
SCENARIO	Pricing	38	END	1395136504066
ACTION	Pricing	24	price	1395136500634	1395136500635	1395136504099	1395136504100	OK	 
SCENARIO	Pricing	24	END	1395136504100
ACTION	Pricing	27	price	1395136500667	1395136500667	1395136504138	1395136504139	OK	 
SCENARIO	Pricing	27	END	1395136504140
ACTION	Pricing	72	price	1395136500698	1395136500698	1395136504177	1395136504177	OK	 
SCENARIO	Pricing	72	END	1395136504178
ACTION	Pricing	36	price	1395136500734	1395136500734	1395136504212	1395136504212	OK	 
SCENARIO	Pricing	36	END	1395136504213
ACTION	Pricing	58	price	1395136500768	1395136500769	1395136504249	1395136504250	OK	 
SCENARIO	Pricing	58	END	1395136504251
ACTION	Pricing	2	price	1395136500800	1395136500800	1395136504288	1395136504288	OK	 
SCENARIO	Pricing	2	END	1395136504289
ACTION	Pricing	84	price	1395136500831	1395136500831	1395136504324	1395136504324	OK	 
SCENARIO	Pricing	84	END	1395136504324
ACTION	Pricing	1	price	1395136500865	1395136500866	1395136504361	1395136504361	OK	 
SCENARIO	Pricing	1	END	1395136504362
ACTION	Pricing	33	price	1395136500899	1395136500900	1395136504397	1395136504397	OK	 
SCENARIO	Pricing	33	END	1395136504398
ACTION	Pricing	39	price	1395136500933	1395136500933	1395136504433	1395136504433	OK	 
SCENARIO	Pricing	39	END	1395136504434
ACTION	Pricing	10	price	1395136500966	1395136500966	1395136504468	1395136504469	OK	 
SCENARIO	Pricing	10	END	1395136504469
ACTION	Pricing	32	price	1395136501001	1395136501002	1395136504504	1395136504504	OK	 
SCENARIO	Pricing	32	END	1395136504505
ACTION	Pricing	81	price	1395136501031	1395136501032	1395136504538	1395136504538	OK	 
SCENARIO	Pricing	81	END	1395136504539
ACTION	Pricing	96	price	1395136501063	1395136501063	1395136504573	1395136504574	OK	 
SCENARIO	Pricing	96	END	1395136504574
ACTION	Pricing	77	price	1395136501095	1395136501095	1395136504609	1395136504609	OK	 
SCENARIO	Pricing	77	END	1395136504609
ACTION	Pricing	78	price	1395136501128	1395136501129	1395136504644	1395136504645	OK	 
SCENARIO	Pricing	78	END	1395136504645
ACTION	Pricing	82	price	1395136501162	1395136501162	1395136504682	1395136504682	OK	 
SCENARIO	Pricing	82	END	1395136504682
ACTION	Pricing	4	price	1395136501195	1395136501196	1395136504717	1395136504718	OK	 
SCENARIO	Pricing	4	END	1395136504719
ACTION	Pricing	49	price	1395136501231	1395136501232	1395136504754	1395136504754	OK	 
SCENARIO	Pricing	49	END	1395136504755
ACTION	Pricing	76	price	1395136501264	1395136501264	1395136504793	1395136504793	OK	 
SCENARIO	Pricing	76	END	1395136504794
ACTION	Pricing	37	price	1395136501301	1395136501302	1395136504829	1395136504829	OK	 
SCENARIO	Pricing	37	END	1395136504830
ACTION	Pricing	45	price	1395136501339	1395136501340	1395136504866	1395136504867	OK	 
SCENARIO	Pricing	45	END	1395136504867
ACTION	Pricing	93	price	1395136501375	1395136501376	1395136504902	1395136504902	OK	 
SCENARIO	Pricing	93	END	1395136504903
ACTION	Pricing	53	price	1395136501414	1395136501415	1395136504940	1395136504940	OK	 
SCENARIO	Pricing	53	END	1395136504941
ACTION	Pricing	98	price	1395136501446	1395136501447	1395136504974	1395136504975	OK	 
SCENARIO	Pricing	98	END	1395136504975
ACTION	Pricing	66	price	1395136501482	1395136501482	1395136505011	1395136505011	OK	 
SCENARIO	Pricing	66	END	1395136505012
ACTION	Pricing	14	price	1395136501514	1395136501514	1395136505048	1395136505048	OK	 
SCENARIO	Pricing	14	END	1395136505049
ACTION	Pricing	34	price	1395136501544	1395136501545	1395136505082	1395136505082	OK	 
SCENARIO	Pricing	34	END	1395136505083
ACTION	Pricing	43	price	1395136501580	1395136501581	1395136505119	1395136505119	OK	 
SCENARIO	Pricing	43	END	1395136505120
ACTION	Pricing	22	price	1395136501616	1395136501616	1395136505154	1395136505155	OK	 
SCENARIO	Pricing	22	END	1395136505155
ACTION	Pricing	95	price	1395136501652	1395136501653	1395136505193	1395136505193	OK	 
SCENARIO	Pricing	95	END	1395136505193
ACTION	Pricing	69	price	1395136501687	1395136501687	1395136505229	1395136505230	OK	 
SCENARIO	Pricing	69	END	1395136505231
ACTION	Pricing	73	price	1395136501723	1395136501723	1395136505262	1395136505262	OK	 
SCENARIO	Pricing	73	END	1395136505263
ACTION	Pricing	25	price	1395136501759	1395136501760	1395136505297	1395136505297	OK	 
SCENARIO	Pricing	25	END	1395136505298
ACTION	Pricing	65	price	1395136501796	1395136501797	1395136505330	1395136505330	OK	 
SCENARIO	Pricing	65	END	1395136505331
ACTION	Pricing	18	price	1395136501834	1395136501835	1395136505366	1395136505367	OK	 
SCENARIO	Pricing	18	END	1395136505367
ACTION	Pricing	90	price	1395136501874	1395136501875	1395136505402	1395136505403	OK	 
SCENARIO	Pricing	90	END	1395136505404
ACTION	Pricing	87	price	1395136501920	1395136501921	1395136505438	1395136505438	OK	 
SCENARIO	Pricing	87	END	1395136505439
