RUN	20140318091930	pricingsimulation	pricingsimulation
SCENARIO	Pricing	5	START	1395134374120
SCENARIO	Pricing	2	START	1395134374125
SCENARIO	Pricing	1	START	1395134374126
SCENARIO	Pricing	4	START	1395134374126
SCENARIO	Pricing	3	START	1395134374126
ACTION	Pricing	4	price	1395134374219	1395134374227	1395134375101	1395134375115	OK	 
ACTION	Pricing	5	price	1395134374219	1395134374226	1395134375045	1395134375084	OK	 
ACTION	Pricing	1	price	1395134374221	1395134374228	1395134375142	1395134375182	OK	 
ACTION	Pricing	3	price	1395134374219	1395134374234	1395134375213	1395134375213	OK	 
ACTION	Pricing	2	price	1395134374218	1395134374227	1395134375295	1395134375296	OK	 
ACTION	Pricing	5	price	1395134375178	1395134375178	1395134375425	1395134375425	OK	 
ACTION	Pricing	4	price	1395134375161	1395134375165	1395134375543	1395134375544	OK	 
ACTION	Pricing	1	price	1395134375286	1395134375290	1395134375663	1395134375663	OK	 
ACTION	Pricing	5	price	1395134375428	1395134375430	1395134375791	1395134375792	OK	 
ACTION	Pricing	3	price	1395134375295	1395134375298	1395134375858	1395134375859	OK	 
ACTION	Pricing	4	price	1395134375546	1395134375548	1395134375903	1395134375903	OK	 
ACTION	Pricing	1	price	1395134375666	1395134375667	1395134375996	1395134375997	OK	 
ACTION	Pricing	2	price	1395134375299	1395134375300	1395134376001	1395134376002	OK	 
ACTION	Pricing	5	price	1395134375794	1395134375795	1395134376062	1395134376062	OK	 
ACTION	Pricing	3	price	1395134375860	1395134375862	1395134376123	1395134376124	OK	 
ACTION	Pricing	4	price	1395134375905	1395134375907	1395134376202	1395134376203	OK	 
ACTION	Pricing	1	price	1395134375999	1395134376002	1395134376225	1395134376226	OK	 
ACTION	Pricing	2	price	1395134376003	1395134376005	1395134376273	1395134376273	OK	 
ACTION	Pricing	5	price	1395134376064	1395134376066	1395134376332	1395134376332	OK	 
ACTION	Pricing	3	price	1395134376126	1395134376127	1395134376344	1395134376345	OK	 
ACTION	Pricing	4	price	1395134376205	1395134376207	1395134376400	1395134376401	OK	 
ACTION	Pricing	1	price	1395134376228	1395134376230	1395134376418	1395134376419	OK	 
ACTION	Pricing	2	price	1395134376275	1395134376277	1395134376462	1395134376462	OK	 
ACTION	Pricing	5	price	1395134376339	1395134376341	1395134376499	1395134376499	OK	 
ACTION	Pricing	3	price	1395134376347	1395134376349	1395134376544	1395134376544	OK	 
ACTION	Pricing	4	price	1395134376402	1395134376404	1395134376563	1395134376563	OK	 
ACTION	Pricing	1	price	1395134376420	1395134376422	1395134376597	1395134376597	OK	 
ACTION	Pricing	2	price	1395134376464	1395134376465	1395134376650	1395134376651	OK	 
ACTION	Pricing	5	price	1395134376501	1395134376503	1395134376678	1395134376678	OK	 
ACTION	Pricing	3	price	1395134376546	1395134376547	1395134376717	1395134376717	OK	 
ACTION	Pricing	4	price	1395134376565	1395134376567	1395134376743	1395134376744	OK	 
ACTION	Pricing	1	price	1395134376599	1395134376600	1395134376776	1395134376776	OK	 
ACTION	Pricing	2	price	1395134376653	1395134376654	1395134376848	1395134376848	OK	 
ACTION	Pricing	5	price	1395134376680	1395134376681	1395134376857	1395134376857	OK	 
ACTION	Pricing	3	price	1395134376719	1395134376720	1395134376900	1395134376900	OK	 
ACTION	Pricing	4	price	1395134376746	1395134376747	1395134376923	1395134376924	OK	 
ACTION	Pricing	1	price	1395134376778	1395134376780	1395134376959	1395134376959	OK	 
ACTION	Pricing	2	price	1395134376850	1395134376851	1395134376988	1395134376988	OK	 
ACTION	Pricing	5	price	1395134376859	1395134376861	1395134377020	1395134377020	OK	 
ACTION	Pricing	3	price	1395134376902	1395134376903	1395134377048	1395134377048	OK	 
ACTION	Pricing	4	price	1395134376926	1395134376926	1395134377094	1395134377095	OK	 
ACTION	Pricing	1	price	1395134376961	1395134376962	1395134377125	1395134377125	OK	 
ACTION	Pricing	2	price	1395134376989	1395134376990	1395134377154	1395134377154	OK	 
ACTION	Pricing	5	price	1395134377022	1395134377022	1395134377183	1395134377184	OK	 
ACTION	Pricing	3	price	1395134377050	1395134377051	1395134377213	1395134377213	OK	 
ACTION	Pricing	4	price	1395134377096	1395134377097	1395134377243	1395134377243	OK	 
ACTION	Pricing	1	price	1395134377127	1395134377127	1395134377273	1395134377273	OK	 
ACTION	Pricing	2	price	1395134377156	1395134377156	1395134377305	1395134377305	OK	 
ACTION	Pricing	5	price	1395134377188	1395134377188	1395134377335	1395134377336	OK	 
ACTION	Pricing	3	price	1395134377214	1395134377215	1395134377364	1395134377364	OK	 
ACTION	Pricing	4	price	1395134377245	1395134377245	1395134377394	1395134377394	OK	 
ACTION	Pricing	1	price	1395134377274	1395134377275	1395134377427	1395134377427	OK	 
ACTION	Pricing	2	price	1395134377307	1395134377307	1395134377460	1395134377460	OK	 
ACTION	Pricing	5	price	1395134377337	1395134377338	1395134377492	1395134377492	OK	 
ACTION	Pricing	3	price	1395134377366	1395134377367	1395134377524	1395134377524	OK	 
ACTION	Pricing	4	price	1395134377396	1395134377397	1395134377556	1395134377557	OK	 
ACTION	Pricing	1	price	1395134377429	1395134377429	1395134377590	1395134377590	OK	 
ACTION	Pricing	2	price	1395134377462	1395134377462	1395134377624	1395134377624	OK	 
ACTION	Pricing	5	price	1395134377493	1395134377494	1395134377656	1395134377657	OK	 
ACTION	Pricing	3	price	1395134377526	1395134377526	1395134377691	1395134377691	OK	 
ACTION	Pricing	4	price	1395134377558	1395134377559	1395134377725	1395134377725	OK	 
ACTION	Pricing	1	price	1395134377592	1395134377596	1395134377757	1395134377757	OK	 
ACTION	Pricing	2	price	1395134377625	1395134377626	1395134377787	1395134377787	OK	 
ACTION	Pricing	5	price	1395134377659	1395134377659	1395134377816	1395134377816	OK	 
ACTION	Pricing	3	price	1395134377693	1395134377694	1395134377844	1395134377844	OK	 
ACTION	Pricing	4	price	1395134377726	1395134377727	1395134377872	1395134377872	OK	 
ACTION	Pricing	1	price	1395134377758	1395134377759	1395134377904	1395134377904	OK	 
ACTION	Pricing	2	price	1395134377789	1395134377789	1395134377933	1395134377933	OK	 
ACTION	Pricing	5	price	1395134377817	1395134377818	1395134377965	1395134377965	OK	 
ACTION	Pricing	3	price	1395134377845	1395134377846	1395134377992	1395134377992	OK	 
ACTION	Pricing	4	price	1395134377874	1395134377875	1395134378020	1395134378020	OK	 
ACTION	Pricing	1	price	1395134377905	1395134377906	1395134378051	1395134378051	OK	 
ACTION	Pricing	2	price	1395134377935	1395134377936	1395134378082	1395134378083	OK	 
ACTION	Pricing	5	price	1395134377966	1395134377967	1395134378119	1395134378120	OK	 
ACTION	Pricing	3	price	1395134377994	1395134377995	1395134378151	1395134378151	OK	 
ACTION	Pricing	4	price	1395134378022	1395134378023	1395134378182	1395134378183	OK	 
ACTION	Pricing	1	price	1395134378053	1395134378054	1395134378218	1395134378218	OK	 
ACTION	Pricing	2	price	1395134378085	1395134378085	1395134378243	1395134378243	OK	 
ACTION	Pricing	5	price	1395134378122	1395134378122	1395134378271	1395134378272	OK	 
ACTION	Pricing	3	price	1395134378153	1395134378153	1395134378303	1395134378303	OK	 
ACTION	Pricing	4	price	1395134378184	1395134378184	1395134378332	1395134378332	OK	 
ACTION	Pricing	1	price	1395134378219	1395134378220	1395134378361	1395134378362	OK	 
ACTION	Pricing	2	price	1395134378245	1395134378245	1395134378391	1395134378391	OK	 
ACTION	Pricing	5	price	1395134378273	1395134378274	1395134378421	1395134378421	OK	 
ACTION	Pricing	3	price	1395134378305	1395134378306	1395134378460	1395134378461	OK	 
ACTION	Pricing	4	price	1395134378334	1395134378335	1395134378490	1395134378490	OK	 
ACTION	Pricing	1	price	1395134378363	1395134378364	1395134378518	1395134378518	OK	 
ACTION	Pricing	2	price	1395134378393	1395134378394	1395134378549	1395134378549	OK	 
ACTION	Pricing	5	price	1395134378423	1395134378424	1395134378583	1395134378583	OK	 
ACTION	Pricing	3	price	1395134378463	1395134378463	1395134378616	1395134378616	OK	 
ACTION	Pricing	4	price	1395134378492	1395134378493	1395134378651	1395134378651	OK	 
ACTION	Pricing	1	price	1395134378520	1395134378520	1395134378689	1395134378689	OK	 
ACTION	Pricing	2	price	1395134378551	1395134378551	1395134378722	1395134378723	OK	 
ACTION	Pricing	5	price	1395134378585	1395134378585	1395134378755	1395134378755	OK	 
ACTION	Pricing	3	price	1395134378618	1395134378619	1395134378784	1395134378784	OK	 
ACTION	Pricing	4	price	1395134378653	1395134378653	1395134378816	1395134378816	OK	 
ACTION	Pricing	1	price	1395134378691	1395134378692	1395134378848	1395134378848	OK	 
ACTION	Pricing	2	price	1395134378724	1395134378725	1395134378881	1395134378881	OK	 
ACTION	Pricing	5	price	1395134378757	1395134378757	1395134378909	1395134378909	OK	 
ACTION	Pricing	3	price	1395134378786	1395134378786	1395134378940	1395134378940	OK	 
ACTION	Pricing	4	price	1395134378818	1395134378818	1395134378970	1395134378971	OK	 
ACTION	Pricing	1	price	1395134378850	1395134378850	1395134379002	1395134379003	OK	 
ACTION	Pricing	2	price	1395134378883	1395134378883	1395134379032	1395134379032	OK	 
ACTION	Pricing	5	price	1395134378911	1395134378911	1395134379061	1395134379062	OK	 
ACTION	Pricing	3	price	1395134378942	1395134378942	1395134379091	1395134379091	OK	 
ACTION	Pricing	4	price	1395134378972	1395134378973	1395134379123	1395134379123	OK	 
ACTION	Pricing	1	price	1395134379004	1395134379005	1395134379157	1395134379157	OK	 
ACTION	Pricing	2	price	1395134379033	1395134379034	1395134379188	1395134379188	OK	 
ACTION	Pricing	5	price	1395134379063	1395134379064	1395134379216	1395134379217	OK	 
ACTION	Pricing	3	price	1395134379094	1395134379094	1395134379248	1395134379248	OK	 
ACTION	Pricing	4	price	1395134379125	1395134379125	1395134379282	1395134379282	OK	 
ACTION	Pricing	1	price	1395134379159	1395134379159	1395134379315	1395134379316	OK	 
ACTION	Pricing	2	price	1395134379190	1395134379190	1395134379350	1395134379350	OK	 
ACTION	Pricing	5	price	1395134379218	1395134379219	1395134379381	1395134379381	OK	 
ACTION	Pricing	3	price	1395134379249	1395134379250	1395134379410	1395134379411	OK	 
ACTION	Pricing	4	price	1395134379283	1395134379284	1395134379441	1395134379441	OK	 
ACTION	Pricing	1	price	1395134379317	1395134379318	1395134379473	1395134379473	OK	 
ACTION	Pricing	2	price	1395134379352	1395134379353	1395134379501	1395134379501	OK	 
ACTION	Pricing	5	price	1395134379383	1395134379383	1395134379532	1395134379532	OK	 
ACTION	Pricing	3	price	1395134379412	1395134379413	1395134379566	1395134379566	OK	 
ACTION	Pricing	4	price	1395134379442	1395134379446	1395134379595	1395134379595	OK	 
ACTION	Pricing	1	price	1395134379475	1395134379476	1395134379629	1395134379629	OK	 
ACTION	Pricing	2	price	1395134379504	1395134379504	1395134379663	1395134379663	OK	 
ACTION	Pricing	5	price	1395134379534	1395134379534	1395134379693	1395134379693	OK	 
ACTION	Pricing	3	price	1395134379568	1395134379568	1395134379721	1395134379722	OK	 
ACTION	Pricing	4	price	1395134379597	1395134379598	1395134379754	1395134379755	OK	 
ACTION	Pricing	1	price	1395134379631	1395134379631	1395134379802	1395134379802	OK	 
ACTION	Pricing	2	price	1395134379665	1395134379665	1395134379830	1395134379830	OK	 
ACTION	Pricing	5	price	1395134379694	1395134379695	1395134379863	1395134379863	OK	 
ACTION	Pricing	3	price	1395134379727	1395134379727	1395134379895	1395134379895	OK	 
ACTION	Pricing	4	price	1395134379756	1395134379757	1395134379924	1395134379924	OK	 
ACTION	Pricing	1	price	1395134379804	1395134379804	1395134379955	1395134379955	OK	 
ACTION	Pricing	2	price	1395134379832	1395134379833	1395134379985	1395134379986	OK	 
ACTION	Pricing	5	price	1395134379865	1395134379866	1395134380018	1395134380018	OK	 
ACTION	Pricing	3	price	1395134379897	1395134379898	1395134380047	1395134380047	OK	 
ACTION	Pricing	4	price	1395134379925	1395134379926	1395134380084	1395134380085	OK	 
ACTION	Pricing	1	price	1395134379957	1395134379957	1395134380115	1395134380115	OK	 
ACTION	Pricing	2	price	1395134379987	1395134379988	1395134380144	1395134380145	OK	 
ACTION	Pricing	5	price	1395134380020	1395134380020	1395134380173	1395134380174	OK	 
ACTION	Pricing	3	price	1395134380051	1395134380052	1395134380206	1395134380206	OK	 
ACTION	Pricing	4	price	1395134380086	1395134380087	1395134380239	1395134380239	OK	 
ACTION	Pricing	1	price	1395134380116	1395134380117	1395134380269	1395134380270	OK	 
ACTION	Pricing	2	price	1395134380146	1395134380146	1395134380302	1395134380302	OK	 
ACTION	Pricing	5	price	1395134380175	1395134380176	1395134380334	1395134380334	OK	 
ACTION	Pricing	3	price	1395134380208	1395134380209	1395134380370	1395134380371	OK	 
ACTION	Pricing	4	price	1395134380241	1395134380242	1395134380405	1395134380405	OK	 
ACTION	Pricing	1	price	1395134380271	1395134380272	1395134380436	1395134380436	OK	 
ACTION	Pricing	2	price	1395134380305	1395134380305	1395134380471	1395134380471	OK	 
ACTION	Pricing	5	price	1395134380336	1395134380336	1395134380500	1395134380500	OK	 
ACTION	Pricing	3	price	1395134380372	1395134380373	1395134380531	1395134380531	OK	 
ACTION	Pricing	4	price	1395134380407	1395134380408	1395134380560	1395134380560	OK	 
ACTION	Pricing	1	price	1395134380438	1395134380438	1395134380591	1395134380591	OK	 
ACTION	Pricing	2	price	1395134380473	1395134380473	1395134380621	1395134380622	OK	 
ACTION	Pricing	5	price	1395134380502	1395134380503	1395134380651	1395134380651	OK	 
ACTION	Pricing	3	price	1395134380533	1395134380533	1395134380681	1395134380681	OK	 
ACTION	Pricing	4	price	1395134380562	1395134380563	1395134380710	1395134380710	OK	 
ACTION	Pricing	1	price	1395134380593	1395134380593	1395134380740	1395134380741	OK	 
ACTION	Pricing	2	price	1395134380623	1395134380623	1395134380772	1395134380772	OK	 
ACTION	Pricing	5	price	1395134380653	1395134380653	1395134380803	1395134380803	OK	 
ACTION	Pricing	3	price	1395134380683	1395134380683	1395134380835	1395134380835	OK	 
ACTION	Pricing	4	price	1395134380713	1395134380713	1395134380870	1395134380870	OK	 
ACTION	Pricing	1	price	1395134380743	1395134380743	1395134380901	1395134380901	OK	 
ACTION	Pricing	2	price	1395134380774	1395134380775	1395134380934	1395134380934	OK	 
ACTION	Pricing	5	price	1395134380806	1395134380807	1395134380966	1395134380967	OK	 
ACTION	Pricing	3	price	1395134380837	1395134380838	1395134380998	1395134380998	OK	 
ACTION	Pricing	4	price	1395134380872	1395134380872	1395134381030	1395134381030	OK	 
ACTION	Pricing	1	price	1395134380903	1395134380903	1395134381061	1395134381061	OK	 
ACTION	Pricing	2	price	1395134380936	1395134380936	1395134381090	1395134381090	OK	 
ACTION	Pricing	5	price	1395134380968	1395134380969	1395134381122	1395134381122	OK	 
ACTION	Pricing	3	price	1395134380999	1395134381000	1395134381154	1395134381154	OK	 
ACTION	Pricing	4	price	1395134381032	1395134381032	1395134381184	1395134381185	OK	 
ACTION	Pricing	1	price	1395134381062	1395134381063	1395134381213	1395134381213	OK	 
ACTION	Pricing	2	price	1395134381093	1395134381093	1395134381242	1395134381242	OK	 
ACTION	Pricing	5	price	1395134381123	1395134381124	1395134381271	1395134381271	OK	 
ACTION	Pricing	3	price	1395134381156	1395134381156	1395134381302	1395134381302	OK	 
ACTION	Pricing	4	price	1395134381186	1395134381187	1395134381332	1395134381333	OK	 
ACTION	Pricing	1	price	1395134381214	1395134381215	1395134381363	1395134381364	OK	 
ACTION	Pricing	2	price	1395134381244	1395134381244	1395134381393	1395134381393	OK	 
ACTION	Pricing	5	price	1395134381273	1395134381273	1395134381426	1395134381427	OK	 
ACTION	Pricing	3	price	1395134381303	1395134381304	1395134381471	1395134381472	OK	 
ACTION	Pricing	4	price	1395134381334	1395134381335	1395134381505	1395134381506	OK	 
ACTION	Pricing	1	price	1395134381366	1395134381366	1395134381535	1395134381535	OK	 
ACTION	Pricing	2	price	1395134381395	1395134381396	1395134381569	1395134381569	OK	 
ACTION	Pricing	5	price	1395134381428	1395134381429	1395134381599	1395134381600	OK	 
ACTION	Pricing	3	price	1395134381474	1395134381474	1395134381632	1395134381633	OK	 
ACTION	Pricing	4	price	1395134381507	1395134381508	1395134381661	1395134381662	OK	 
ACTION	Pricing	1	price	1395134381537	1395134381537	1395134381693	1395134381693	OK	 
ACTION	Pricing	2	price	1395134381571	1395134381572	1395134381724	1395134381724	OK	 
ACTION	Pricing	5	price	1395134381601	1395134381602	1395134381753	1395134381753	OK	 
ACTION	Pricing	3	price	1395134381634	1395134381635	1395134381788	1395134381788	OK	 
ACTION	Pricing	4	price	1395134381663	1395134381664	1395134381818	1395134381819	OK	 
ACTION	Pricing	1	price	1395134381695	1395134381695	1395134381850	1395134381850	OK	 
ACTION	Pricing	2	price	1395134381726	1395134381726	1395134381878	1395134381878	OK	 
ACTION	Pricing	5	price	1395134381755	1395134381756	1395134381908	1395134381909	OK	 
ACTION	Pricing	3	price	1395134381790	1395134381790	1395134381937	1395134381937	OK	 
ACTION	Pricing	4	price	1395134381820	1395134381821	1395134381967	1395134381967	OK	 
ACTION	Pricing	1	price	1395134381852	1395134381853	1395134382006	1395134382006	OK	 
ACTION	Pricing	2	price	1395134381880	1395134381881	1395134382030	1395134382030	OK	 
ACTION	Pricing	5	price	1395134381910	1395134381911	1395134382062	1395134382062	OK	 
ACTION	Pricing	3	price	1395134381938	1395134381939	1395134382094	1395134382094	OK	 
ACTION	Pricing	4	price	1395134381969	1395134381969	1395134382124	1395134382124	OK	 
ACTION	Pricing	1	price	1395134382008	1395134382009	1395134382155	1395134382155	OK	 
ACTION	Pricing	2	price	1395134382032	1395134382032	1395134382184	1395134382184	OK	 
ACTION	Pricing	5	price	1395134382064	1395134382064	1395134382215	1395134382215	OK	 
ACTION	Pricing	3	price	1395134382096	1395134382096	1395134382246	1395134382246	OK	 
ACTION	Pricing	4	price	1395134382126	1395134382126	1395134382277	1395134382277	OK	 
ACTION	Pricing	1	price	1395134382156	1395134382157	1395134382309	1395134382309	OK	 
ACTION	Pricing	2	price	1395134382186	1395134382187	1395134382339	1395134382339	OK	 
ACTION	Pricing	5	price	1395134382216	1395134382217	1395134382371	1395134382372	OK	 
ACTION	Pricing	3	price	1395134382248	1395134382249	1395134382400	1395134382401	OK	 
ACTION	Pricing	4	price	1395134382278	1395134382279	1395134382430	1395134382430	OK	 
ACTION	Pricing	1	price	1395134382311	1395134382311	1395134382461	1395134382461	OK	 
ACTION	Pricing	2	price	1395134382341	1395134382341	1395134382497	1395134382497	OK	 
ACTION	Pricing	5	price	1395134382373	1395134382374	1395134382530	1395134382530	OK	 
ACTION	Pricing	3	price	1395134382402	1395134382403	1395134382560	1395134382561	OK	 
ACTION	Pricing	4	price	1395134382432	1395134382432	1395134382594	1395134382595	OK	 
ACTION	Pricing	1	price	1395134382466	1395134382467	1395134382626	1395134382626	OK	 
ACTION	Pricing	2	price	1395134382499	1395134382499	1395134382660	1395134382661	OK	 
ACTION	Pricing	5	price	1395134382531	1395134382532	1395134382694	1395134382694	OK	 
ACTION	Pricing	3	price	1395134382562	1395134382563	1395134382728	1395134382729	OK	 
ACTION	Pricing	4	price	1395134382596	1395134382597	1395134382764	1395134382765	OK	 
ACTION	Pricing	1	price	1395134382628	1395134382628	1395134382802	1395134382802	OK	 
ACTION	Pricing	2	price	1395134382662	1395134382663	1395134382831	1395134382831	OK	 
ACTION	Pricing	5	price	1395134382696	1395134382696	1395134382863	1395134382863	OK	 
ACTION	Pricing	3	price	1395134382730	1395134382731	1395134382894	1395134382894	OK	 
ACTION	Pricing	4	price	1395134382767	1395134382767	1395134382925	1395134382925	OK	 
ACTION	Pricing	1	price	1395134382804	1395134382805	1395134382975	1395134382975	OK	 
ACTION	Pricing	2	price	1395134382833	1395134382833	1395134382999	1395134383000	OK	 
ACTION	Pricing	5	price	1395134382865	1395134382865	1395134383028	1395134383029	OK	 
ACTION	Pricing	3	price	1395134382896	1395134382897	1395134383058	1395134383058	OK	 
ACTION	Pricing	4	price	1395134382927	1395134382928	1395134383088	1395134383088	OK	 
ACTION	Pricing	1	price	1395134382977	1395134382978	1395134383122	1395134383122	OK	 
ACTION	Pricing	2	price	1395134383001	1395134383002	1395134383151	1395134383151	OK	 
ACTION	Pricing	5	price	1395134383030	1395134383031	1395134383182	1395134383183	OK	 
ACTION	Pricing	3	price	1395134383059	1395134383060	1395134383219	1395134383219	OK	 
ACTION	Pricing	4	price	1395134383090	1395134383090	1395134383257	1395134383257	OK	 
ACTION	Pricing	1	price	1395134383123	1395134383124	1395134383292	1395134383293	OK	 
ACTION	Pricing	2	price	1395134383153	1395134383154	1395134383325	1395134383325	OK	 
ACTION	Pricing	5	price	1395134383184	1395134383186	1395134383358	1395134383358	OK	 
ACTION	Pricing	3	price	1395134383221	1395134383221	1395134383388	1395134383388	OK	 
ACTION	Pricing	4	price	1395134383259	1395134383260	1395134383422	1395134383422	OK	 
ACTION	Pricing	1	price	1395134383294	1395134383295	1395134383452	1395134383452	OK	 
ACTION	Pricing	2	price	1395134383327	1395134383328	1395134383483	1395134383483	OK	 
ACTION	Pricing	5	price	1395134383360	1395134383360	1395134383513	1395134383514	OK	 
ACTION	Pricing	3	price	1395134383390	1395134383390	1395134383543	1395134383543	OK	 
ACTION	Pricing	4	price	1395134383423	1395134383424	1395134383575	1395134383575	OK	 
ACTION	Pricing	1	price	1395134383454	1395134383455	1395134383607	1395134383607	OK	 
ACTION	Pricing	2	price	1395134383486	1395134383486	1395134383653	1395134383653	OK	 
ACTION	Pricing	5	price	1395134383515	1395134383516	1395134383674	1395134383674	OK	 
ACTION	Pricing	3	price	1395134383545	1395134383545	1395134383705	1395134383705	OK	 
ACTION	Pricing	4	price	1395134383577	1395134383577	1395134383736	1395134383736	OK	 
ACTION	Pricing	1	price	1395134383608	1395134383609	1395134383767	1395134383768	OK	 
ACTION	Pricing	2	price	1395134383655	1395134383655	1395134383799	1395134383799	OK	 
ACTION	Pricing	5	price	1395134383676	1395134383676	1395134383834	1395134383834	OK	 
ACTION	Pricing	3	price	1395134383707	1395134383707	1395134383868	1395134383868	OK	 
ACTION	Pricing	4	price	1395134383738	1395134383738	1395134383896	1395134383897	OK	 
ACTION	Pricing	1	price	1395134383769	1395134383770	1395134383929	1395134383929	OK	 
ACTION	Pricing	2	price	1395134383801	1395134383801	1395134383960	1395134383960	OK	 
ACTION	Pricing	5	price	1395134383836	1395134383836	1395134383992	1395134383992	OK	 
ACTION	Pricing	3	price	1395134383870	1395134383870	1395134384022	1395134384022	OK	 
ACTION	Pricing	4	price	1395134383898	1395134383899	1395134384055	1395134384055	OK	 
ACTION	Pricing	1	price	1395134383931	1395134383931	1395134384087	1395134384087	OK	 
ACTION	Pricing	2	price	1395134383962	1395134383962	1395134384116	1395134384117	OK	 
ACTION	Pricing	5	price	1395134383994	1395134383994	1395134384148	1395134384149	OK	 
ACTION	Pricing	3	price	1395134384024	1395134384024	1395134384182	1395134384182	OK	 
ACTION	Pricing	4	price	1395134384056	1395134384057	1395134384212	1395134384212	OK	 
ACTION	Pricing	1	price	1395134384089	1395134384089	1395134384242	1395134384243	OK	 
ACTION	Pricing	2	price	1395134384118	1395134384119	1395134384272	1395134384272	OK	 
ACTION	Pricing	5	price	1395134384150	1395134384151	1395134384304	1395134384304	OK	 
ACTION	Pricing	3	price	1395134384184	1395134384185	1395134384335	1395134384336	OK	 
ACTION	Pricing	4	price	1395134384214	1395134384215	1395134384369	1395134384369	OK	 
ACTION	Pricing	1	price	1395134384245	1395134384245	1395134384422	1395134384422	OK	 
ACTION	Pricing	2	price	1395134384274	1395134384274	1395134384470	1395134384471	OK	 
ACTION	Pricing	5	price	1395134384305	1395134384306	1395134384518	1395134384518	OK	 
ACTION	Pricing	3	price	1395134384337	1395134384338	1395134384563	1395134384564	OK	 
ACTION	Pricing	4	price	1395134384372	1395134384372	1395134384601	1395134384601	OK	 
ACTION	Pricing	1	price	1395134384424	1395134384425	1395134384639	1395134384639	OK	 
ACTION	Pricing	2	price	1395134384473	1395134384474	1395134384673	1395134384674	OK	 
ACTION	Pricing	5	price	1395134384521	1395134384523	1395134384709	1395134384709	OK	 
ACTION	Pricing	3	price	1395134384566	1395134384566	1395134384740	1395134384741	OK	 
ACTION	Pricing	4	price	1395134384605	1395134384605	1395134384770	1395134384770	OK	 
ACTION	Pricing	1	price	1395134384641	1395134384641	1395134384807	1395134384807	OK	 
ACTION	Pricing	2	price	1395134384676	1395134384676	1395134384840	1395134384840	OK	 
ACTION	Pricing	5	price	1395134384711	1395134384712	1395134384870	1395134384870	OK	 
ACTION	Pricing	3	price	1395134384742	1395134384743	1395134384905	1395134384905	OK	 
ACTION	Pricing	4	price	1395134384772	1395134384773	1395134384942	1395134384942	OK	 
ACTION	Pricing	1	price	1395134384809	1395134384809	1395134384976	1395134384976	OK	 
ACTION	Pricing	2	price	1395134384842	1395134384842	1395134385012	1395134385013	OK	 
ACTION	Pricing	5	price	1395134384872	1395134384872	1395134385047	1395134385047	OK	 
ACTION	Pricing	3	price	1395134384907	1395134384908	1395134385081	1395134385081	OK	 
ACTION	Pricing	4	price	1395134384943	1395134384944	1395134385114	1395134385114	OK	 
ACTION	Pricing	1	price	1395134384978	1395134384978	1395134385147	1395134385147	OK	 
ACTION	Pricing	2	price	1395134385015	1395134385015	1395134385180	1395134385180	OK	 
ACTION	Pricing	5	price	1395134385048	1395134385049	1395134385214	1395134385214	OK	 
ACTION	Pricing	3	price	1395134385083	1395134385083	1395134385252	1395134385253	OK	 
ACTION	Pricing	4	price	1395134385115	1395134385116	1395134385286	1395134385286	OK	 
ACTION	Pricing	1	price	1395134385149	1395134385149	1395134385319	1395134385319	OK	 
ACTION	Pricing	2	price	1395134385183	1395134385183	1395134385355	1395134385355	OK	 
ACTION	Pricing	5	price	1395134385216	1395134385217	1395134385390	1395134385391	OK	 
ACTION	Pricing	3	price	1395134385254	1395134385255	1395134385425	1395134385426	OK	 
ACTION	Pricing	4	price	1395134385288	1395134385288	1395134385459	1395134385459	OK	 
ACTION	Pricing	1	price	1395134385321	1395134385322	1395134385506	1395134385506	OK	 
ACTION	Pricing	2	price	1395134385358	1395134385358	1395134385532	1395134385532	OK	 
ACTION	Pricing	5	price	1395134385392	1395134385393	1395134385560	1395134385561	OK	 
ACTION	Pricing	3	price	1395134385428	1395134385428	1395134385591	1395134385591	OK	 
ACTION	Pricing	4	price	1395134385461	1395134385462	1395134385622	1395134385623	OK	 
ACTION	Pricing	1	price	1395134385508	1395134385509	1395134385652	1395134385653	OK	 
ACTION	Pricing	2	price	1395134385533	1395134385534	1395134385685	1395134385685	OK	 
ACTION	Pricing	5	price	1395134385563	1395134385563	1395134385717	1395134385717	OK	 
ACTION	Pricing	3	price	1395134385592	1395134385593	1395134385746	1395134385746	OK	 
ACTION	Pricing	4	price	1395134385625	1395134385626	1395134385774	1395134385775	OK	 
ACTION	Pricing	1	price	1395134385657	1395134385657	1395134385806	1395134385806	OK	 
ACTION	Pricing	2	price	1395134385687	1395134385687	1395134385837	1395134385837	OK	 
ACTION	Pricing	5	price	1395134385719	1395134385719	1395134385868	1395134385868	OK	 
ACTION	Pricing	3	price	1395134385747	1395134385748	1395134385901	1395134385901	OK	 
ACTION	Pricing	4	price	1395134385776	1395134385777	1395134385930	1395134385931	OK	 
ACTION	Pricing	1	price	1395134385808	1395134385808	1395134385960	1395134385961	OK	 
ACTION	Pricing	2	price	1395134385838	1395134385839	1395134385992	1395134385992	OK	 
ACTION	Pricing	5	price	1395134385870	1395134385870	1395134386021	1395134386021	OK	 
ACTION	Pricing	3	price	1395134385902	1395134385903	1395134386055	1395134386055	OK	 
ACTION	Pricing	4	price	1395134385932	1395134385933	1395134386087	1395134386087	OK	 
ACTION	Pricing	1	price	1395134385962	1395134385963	1395134386118	1395134386118	OK	 
ACTION	Pricing	2	price	1395134385994	1395134385994	1395134386149	1395134386149	OK	 
ACTION	Pricing	5	price	1395134386023	1395134386023	1395134386180	1395134386181	OK	 
ACTION	Pricing	3	price	1395134386057	1395134386057	1395134386213	1395134386213	OK	 
ACTION	Pricing	4	price	1395134386089	1395134386089	1395134386247	1395134386248	OK	 
ACTION	Pricing	1	price	1395134386119	1395134386120	1395134386279	1395134386280	OK	 
ACTION	Pricing	2	price	1395134386151	1395134386151	1395134386313	1395134386314	OK	 
ACTION	Pricing	5	price	1395134386182	1395134386183	1395134386346	1395134386346	OK	 
ACTION	Pricing	3	price	1395134386215	1395134386216	1395134386378	1395134386378	OK	 
ACTION	Pricing	4	price	1395134386249	1395134386250	1395134386423	1395134386423	OK	 
ACTION	Pricing	1	price	1395134386281	1395134386282	1395134386453	1395134386453	OK	 
ACTION	Pricing	2	price	1395134386316	1395134386316	1395134386485	1395134386486	OK	 
ACTION	Pricing	5	price	1395134386347	1395134386348	1395134386521	1395134386521	OK	 
ACTION	Pricing	3	price	1395134386379	1395134386380	1395134386551	1395134386552	OK	 
ACTION	Pricing	4	price	1395134386424	1395134386425	1395134386589	1395134386589	OK	 
ACTION	Pricing	1	price	1395134386454	1395134386455	1395134386627	1395134386628	OK	 
ACTION	Pricing	2	price	1395134386487	1395134386488	1395134386661	1395134386661	OK	 
ACTION	Pricing	5	price	1395134386523	1395134386523	1395134386698	1395134386699	OK	 
ACTION	Pricing	3	price	1395134386553	1395134386554	1395134386735	1395134386736	OK	 
ACTION	Pricing	4	price	1395134386591	1395134386592	1395134386768	1395134386768	OK	 
ACTION	Pricing	1	price	1395134386629	1395134386630	1395134386802	1395134386803	OK	 
ACTION	Pricing	2	price	1395134386663	1395134386663	1395134386835	1395134386836	OK	 
ACTION	Pricing	5	price	1395134386700	1395134386701	1395134386868	1395134386869	OK	 
ACTION	Pricing	3	price	1395134386737	1395134386738	1395134386903	1395134386904	OK	 
ACTION	Pricing	4	price	1395134386770	1395134386770	1395134386937	1395134386937	OK	 
ACTION	Pricing	1	price	1395134386805	1395134386805	1395134386969	1395134386969	OK	 
ACTION	Pricing	2	price	1395134386837	1395134386838	1395134387001	1395134387001	OK	 
ACTION	Pricing	5	price	1395134386870	1395134386871	1395134387035	1395134387035	OK	 
ACTION	Pricing	3	price	1395134386905	1395134386905	1395134387067	1395134387067	OK	 
ACTION	Pricing	4	price	1395134386938	1395134386939	1395134387100	1395134387100	OK	 
ACTION	Pricing	1	price	1395134386970	1395134386971	1395134387132	1395134387133	OK	 
ACTION	Pricing	2	price	1395134387003	1395134387003	1395134387188	1395134387189	OK	 
ACTION	Pricing	5	price	1395134387036	1395134387037	1395134387200	1395134387200	OK	 
ACTION	Pricing	3	price	1395134387069	1395134387069	1395134387244	1395134387245	OK	 
ACTION	Pricing	4	price	1395134387101	1395134387102	1395134387280	1395134387281	OK	 
ACTION	Pricing	1	price	1395134387136	1395134387136	1395134387312	1395134387312	OK	 
ACTION	Pricing	2	price	1395134387191	1395134387191	1395134387342	1395134387343	OK	 
ACTION	Pricing	5	price	1395134387201	1395134387202	1395134387377	1395134387378	OK	 
ACTION	Pricing	3	price	1395134387247	1395134387247	1395134387410	1395134387411	OK	 
ACTION	Pricing	4	price	1395134387282	1395134387283	1395134387443	1395134387444	OK	 
ACTION	Pricing	1	price	1395134387313	1395134387314	1395134387478	1395134387478	OK	 
ACTION	Pricing	2	price	1395134387344	1395134387344	1395134387510	1395134387511	OK	 
ACTION	Pricing	5	price	1395134387380	1395134387380	1395134387548	1395134387549	OK	 
ACTION	Pricing	3	price	1395134387413	1395134387413	1395134387585	1395134387585	OK	 
ACTION	Pricing	4	price	1395134387445	1395134387446	1395134387617	1395134387618	OK	 
ACTION	Pricing	1	price	1395134387480	1395134387480	1395134387651	1395134387652	OK	 
ACTION	Pricing	2	price	1395134387513	1395134387519	1395134387686	1395134387686	OK	 
ACTION	Pricing	5	price	1395134387550	1395134387551	1395134387719	1395134387720	OK	 
ACTION	Pricing	3	price	1395134387587	1395134387587	1395134387750	1395134387750	OK	 
ACTION	Pricing	4	price	1395134387620	1395134387620	1395134387781	1395134387781	OK	 
ACTION	Pricing	1	price	1395134387653	1395134387654	1395134387823	1395134387823	OK	 
ACTION	Pricing	2	price	1395134387688	1395134387688	1395134387854	1395134387855	OK	 
ACTION	Pricing	5	price	1395134387721	1395134387722	1395134387885	1395134387885	OK	 
ACTION	Pricing	3	price	1395134387752	1395134387752	1395134387922	1395134387922	OK	 
ACTION	Pricing	4	price	1395134387783	1395134387783	1395134387957	1395134387958	OK	 
ACTION	Pricing	1	price	1395134387824	1395134387825	1395134387989	1395134387990	OK	 
ACTION	Pricing	2	price	1395134387856	1395134387857	1395134388027	1395134388027	OK	 
ACTION	Pricing	5	price	1395134387887	1395134387887	1395134388054	1395134388054	OK	 
ACTION	Pricing	3	price	1395134387924	1395134387925	1395134388082	1395134388082	OK	 
ACTION	Pricing	4	price	1395134387959	1395134387960	1395134388113	1395134388113	OK	 
ACTION	Pricing	1	price	1395134387991	1395134387991	1395134388144	1395134388144	OK	 
ACTION	Pricing	2	price	1395134388028	1395134388029	1395134388174	1395134388174	OK	 
ACTION	Pricing	5	price	1395134388055	1395134388056	1395134388205	1395134388206	OK	 
ACTION	Pricing	3	price	1395134388083	1395134388084	1395134388235	1395134388235	OK	 
ACTION	Pricing	4	price	1395134388115	1395134388115	1395134388269	1395134388269	OK	 
ACTION	Pricing	1	price	1395134388145	1395134388146	1395134388303	1395134388303	OK	 
ACTION	Pricing	2	price	1395134388175	1395134388176	1395134388337	1395134388337	OK	 
ACTION	Pricing	5	price	1395134388207	1395134388208	1395134388392	1395134388392	OK	 
ACTION	Pricing	3	price	1395134388237	1395134388237	1395134388412	1395134388412	OK	 
ACTION	Pricing	4	price	1395134388271	1395134388272	1395134388445	1395134388445	OK	 
ACTION	Pricing	1	price	1395134388305	1395134388305	1395134388475	1395134388476	OK	 
ACTION	Pricing	2	price	1395134388339	1395134388339	1395134388508	1395134388509	OK	 
ACTION	Pricing	5	price	1395134388394	1395134388395	1395134388543	1395134388543	OK	 
ACTION	Pricing	3	price	1395134388414	1395134388415	1395134388575	1395134388575	OK	 
ACTION	Pricing	4	price	1395134388447	1395134388447	1395134388611	1395134388611	OK	 
ACTION	Pricing	1	price	1395134388478	1395134388478	1395134388643	1395134388643	OK	 
ACTION	Pricing	2	price	1395134388512	1395134388513	1395134388677	1395134388677	OK	 
ACTION	Pricing	5	price	1395134388545	1395134388545	1395134388710	1395134388711	OK	 
ACTION	Pricing	3	price	1395134388577	1395134388578	1395134388746	1395134388746	OK	 
ACTION	Pricing	4	price	1395134388613	1395134388614	1395134388781	1395134388781	OK	 
ACTION	Pricing	1	price	1395134388645	1395134388646	1395134388814	1395134388815	OK	 
ACTION	Pricing	2	price	1395134388679	1395134388679	1395134388848	1395134388849	OK	 
ACTION	Pricing	5	price	1395134388712	1395134388713	1395134388882	1395134388882	OK	 
ACTION	Pricing	3	price	1395134388748	1395134388748	1395134388917	1395134388917	OK	 
ACTION	Pricing	4	price	1395134388783	1395134388783	1395134388952	1395134388953	OK	 
ACTION	Pricing	1	price	1395134388816	1395134388817	1395134388989	1395134388989	OK	 
ACTION	Pricing	2	price	1395134388850	1395134388851	1395134389023	1395134389024	OK	 
ACTION	Pricing	5	price	1395134388884	1395134388884	1395134389062	1395134389062	OK	 
ACTION	Pricing	3	price	1395134388919	1395134388919	1395134389092	1395134389092	OK	 
ACTION	Pricing	4	price	1395134388954	1395134388955	1395134389125	1395134389125	OK	 
ACTION	Pricing	1	price	1395134388991	1395134388992	1395134389157	1395134389157	OK	 
ACTION	Pricing	2	price	1395134389025	1395134389026	1395134389192	1395134389192	OK	 
ACTION	Pricing	5	price	1395134389064	1395134389064	1395134389225	1395134389225	OK	 
ACTION	Pricing	3	price	1395134389094	1395134389094	1395134389259	1395134389259	OK	 
ACTION	Pricing	4	price	1395134389127	1395134389127	1395134389292	1395134389292	OK	 
ACTION	Pricing	1	price	1395134389159	1395134389159	1395134389328	1395134389328	OK	 
ACTION	Pricing	2	price	1395134389194	1395134389195	1395134389362	1395134389362	OK	 
ACTION	Pricing	5	price	1395134389227	1395134389227	1395134389393	1395134389393	OK	 
ACTION	Pricing	3	price	1395134389261	1395134389262	1395134389429	1395134389429	OK	 
ACTION	Pricing	4	price	1395134389294	1395134389294	1395134389464	1395134389464	OK	 
ACTION	Pricing	1	price	1395134389330	1395134389331	1395134389499	1395134389500	OK	 
ACTION	Pricing	2	price	1395134389364	1395134389365	1395134389535	1395134389535	OK	 
ACTION	Pricing	5	price	1395134389395	1395134389396	1395134389570	1395134389570	OK	 
ACTION	Pricing	3	price	1395134389431	1395134389431	1395134389605	1395134389605	OK	 
ACTION	Pricing	4	price	1395134389466	1395134389466	1395134389640	1395134389640	OK	 
ACTION	Pricing	1	price	1395134389501	1395134389502	1395134389671	1395134389671	OK	 
ACTION	Pricing	2	price	1395134389537	1395134389538	1395134389703	1395134389703	OK	 
ACTION	Pricing	5	price	1395134389572	1395134389572	1395134389731	1395134389731	OK	 
ACTION	Pricing	3	price	1395134389608	1395134389608	1395134389759	1395134389759	OK	 
ACTION	Pricing	4	price	1395134389642	1395134389642	1395134389795	1395134389795	OK	 
ACTION	Pricing	1	price	1395134389672	1395134389673	1395134389827	1395134389827	OK	 
ACTION	Pricing	2	price	1395134389704	1395134389705	1395134389856	1395134389857	OK	 
ACTION	Pricing	5	price	1395134389733	1395134389733	1395134389887	1395134389888	OK	 
ACTION	Pricing	3	price	1395134389761	1395134389762	1395134389919	1395134389919	OK	 
ACTION	Pricing	4	price	1395134389797	1395134389798	1395134389951	1395134389951	OK	 
ACTION	Pricing	1	price	1395134389828	1395134389829	1395134389982	1395134389982	OK	 
ACTION	Pricing	2	price	1395134389858	1395134389859	1395134390014	1395134390014	OK	 
ACTION	Pricing	5	price	1395134389889	1395134389890	1395134390043	1395134390044	OK	 
ACTION	Pricing	3	price	1395134389920	1395134389921	1395134390077	1395134390077	OK	 
ACTION	Pricing	4	price	1395134389952	1395134389953	1395134390111	1395134390112	OK	 
ACTION	Pricing	1	price	1395134389983	1395134389984	1395134390148	1395134390148	OK	 
ACTION	Pricing	2	price	1395134390015	1395134390016	1395134390181	1395134390181	OK	 
ACTION	Pricing	5	price	1395134390045	1395134390046	1395134390215	1395134390215	OK	 
ACTION	Pricing	3	price	1395134390079	1395134390079	1395134390257	1395134390257	OK	 
ACTION	Pricing	4	price	1395134390113	1395134390114	1395134390292	1395134390292	OK	 
ACTION	Pricing	1	price	1395134390150	1395134390150	1395134390322	1395134390322	OK	 
ACTION	Pricing	2	price	1395134390183	1395134390184	1395134390357	1395134390357	OK	 
ACTION	Pricing	5	price	1395134390217	1395134390218	1395134390393	1395134390394	OK	 
ACTION	Pricing	3	price	1395134390259	1395134390260	1395134390424	1395134390424	OK	 
ACTION	Pricing	4	price	1395134390294	1395134390295	1395134390456	1395134390457	OK	 
ACTION	Pricing	1	price	1395134390324	1395134390324	1395134390487	1395134390488	OK	 
ACTION	Pricing	2	price	1395134390359	1395134390359	1395134390519	1395134390519	OK	 
ACTION	Pricing	5	price	1395134390395	1395134390395	1395134390552	1395134390552	OK	 
ACTION	Pricing	3	price	1395134390425	1395134390426	1395134390586	1395134390586	OK	 
ACTION	Pricing	4	price	1395134390458	1395134390459	1395134390619	1395134390619	OK	 
ACTION	Pricing	1	price	1395134390489	1395134390490	1395134390650	1395134390650	OK	 
ACTION	Pricing	2	price	1395134390520	1395134390521	1395134390682	1395134390682	OK	 
ACTION	Pricing	5	price	1395134390554	1395134390554	1395134390714	1395134390714	OK	 
ACTION	Pricing	3	price	1395134390587	1395134390588	1395134390745	1395134390746	OK	 
ACTION	Pricing	4	price	1395134390622	1395134390622	1395134390785	1395134390785	OK	 
ACTION	Pricing	1	price	1395134390652	1395134390652	1395134390814	1395134390814	OK	 
ACTION	Pricing	2	price	1395134390684	1395134390684	1395134390849	1395134390850	OK	 
ACTION	Pricing	5	price	1395134390716	1395134390716	1395134390888	1395134390888	OK	 
ACTION	Pricing	3	price	1395134390747	1395134390748	1395134390922	1395134390922	OK	 
ACTION	Pricing	4	price	1395134390787	1395134390787	1395134390955	1395134390955	OK	 
ACTION	Pricing	1	price	1395134390815	1395134390816	1395134390991	1395134390992	OK	 
ACTION	Pricing	2	price	1395134390851	1395134390852	1395134391027	1395134391027	OK	 
ACTION	Pricing	5	price	1395134390890	1395134390890	1395134391061	1395134391061	OK	 
ACTION	Pricing	3	price	1395134390924	1395134390924	1395134391095	1395134391095	OK	 
ACTION	Pricing	4	price	1395134390957	1395134390957	1395134391129	1395134391129	OK	 
ACTION	Pricing	1	price	1395134390994	1395134390994	1395134391159	1395134391159	OK	 
ACTION	Pricing	2	price	1395134391029	1395134391029	1395134391191	1395134391192	OK	 
ACTION	Pricing	5	price	1395134391063	1395134391064	1395134391226	1395134391226	OK	 
ACTION	Pricing	3	price	1395134391097	1395134391097	1395134391256	1395134391256	OK	 
ACTION	Pricing	4	price	1395134391132	1395134391133	1395134391287	1395134391287	OK	 
ACTION	Pricing	1	price	1395134391161	1395134391162	1395134391319	1395134391319	OK	 
ACTION	Pricing	2	price	1395134391193	1395134391194	1395134391350	1395134391351	OK	 
ACTION	Pricing	5	price	1395134391227	1395134391228	1395134391382	1395134391382	OK	 
ACTION	Pricing	3	price	1395134391258	1395134391258	1395134391414	1395134391415	OK	 
ACTION	Pricing	4	price	1395134391288	1395134391289	1395134391446	1395134391446	OK	 
ACTION	Pricing	1	price	1395134391321	1395134391321	1395134391481	1395134391481	OK	 
ACTION	Pricing	2	price	1395134391352	1395134391353	1395134391514	1395134391514	OK	 
ACTION	Pricing	5	price	1395134391384	1395134391384	1395134391547	1395134391547	OK	 
ACTION	Pricing	3	price	1395134391416	1395134391417	1395134391576	1395134391577	OK	 
ACTION	Pricing	4	price	1395134391456	1395134391456	1395134391607	1395134391608	OK	 
ACTION	Pricing	1	price	1395134391483	1395134391483	1395134391639	1395134391639	OK	 
ACTION	Pricing	2	price	1395134391516	1395134391516	1395134391670	1395134391670	OK	 
ACTION	Pricing	5	price	1395134391549	1395134391549	1395134391702	1395134391702	OK	 
ACTION	Pricing	3	price	1395134391578	1395134391578	1395134391736	1395134391736	OK	 
ACTION	Pricing	4	price	1395134391609	1395134391609	1395134391769	1395134391769	OK	 
ACTION	Pricing	1	price	1395134391641	1395134391641	1395134391802	1395134391802	OK	 
ACTION	Pricing	2	price	1395134391671	1395134391672	1395134391834	1395134391835	OK	 
ACTION	Pricing	5	price	1395134391704	1395134391704	1395134391868	1395134391868	OK	 
ACTION	Pricing	3	price	1395134391737	1395134391738	1395134391907	1395134391907	OK	 
ACTION	Pricing	4	price	1395134391774	1395134391774	1395134391940	1395134391940	OK	 
ACTION	Pricing	1	price	1395134391804	1395134391804	1395134391980	1395134391981	OK	 
ACTION	Pricing	2	price	1395134391837	1395134391837	1395134392020	1395134392020	OK	 
ACTION	Pricing	5	price	1395134391870	1395134391872	1395134392054	1395134392054	OK	 
ACTION	Pricing	3	price	1395134391908	1395134391909	1395134392088	1395134392089	OK	 
ACTION	Pricing	4	price	1395134391942	1395134391944	1395134392129	1395134392129	OK	 
ACTION	Pricing	1	price	1395134391982	1395134391984	1395134392160	1395134392160	OK	 
ACTION	Pricing	2	price	1395134392022	1395134392022	1395134392192	1395134392193	OK	 
ACTION	Pricing	5	price	1395134392055	1395134392056	1395134392233	1395134392234	OK	 
ACTION	Pricing	3	price	1395134392091	1395134392092	1395134392268	1395134392268	OK	 
ACTION	Pricing	4	price	1395134392131	1395134392132	1395134392300	1395134392300	OK	 
ACTION	Pricing	1	price	1395134392161	1395134392162	1395134392332	1395134392333	OK	 
ACTION	Pricing	2	price	1395134392195	1395134392198	1395134392366	1395134392367	OK	 
ACTION	Pricing	5	price	1395134392235	1395134392235	1395134392398	1395134392398	OK	 
ACTION	Pricing	3	price	1395134392270	1395134392270	1395134392429	1395134392429	OK	 
ACTION	Pricing	4	price	1395134392302	1395134392302	1395134392460	1395134392460	OK	 
ACTION	Pricing	1	price	1395134392334	1395134392335	1395134392495	1395134392496	OK	 
ACTION	Pricing	2	price	1395134392368	1395134392369	1395134392528	1395134392529	OK	 
ACTION	Pricing	5	price	1395134392400	1395134392400	1395134392559	1395134392559	OK	 
ACTION	Pricing	3	price	1395134392431	1395134392431	1395134392593	1395134392593	OK	 
ACTION	Pricing	4	price	1395134392462	1395134392462	1395134392627	1395134392627	OK	 
ACTION	Pricing	1	price	1395134392497	1395134392497	1395134392659	1395134392659	OK	 
ACTION	Pricing	2	price	1395134392530	1395134392531	1395134392689	1395134392690	OK	 
ACTION	Pricing	5	price	1395134392561	1395134392561	1395134392722	1395134392722	OK	 
ACTION	Pricing	3	price	1395134392595	1395134392595	1395134392752	1395134392752	OK	 
ACTION	Pricing	4	price	1395134392628	1395134392629	1395134392785	1395134392785	OK	 
ACTION	Pricing	1	price	1395134392660	1395134392661	1395134392817	1395134392817	OK	 
ACTION	Pricing	2	price	1395134392691	1395134392691	1395134392850	1395134392851	OK	 
ACTION	Pricing	5	price	1395134392724	1395134392724	1395134392887	1395134392887	OK	 
ACTION	Pricing	3	price	1395134392753	1395134392754	1395134392923	1395134392923	OK	 
ACTION	Pricing	4	price	1395134392787	1395134392787	1395134392959	1395134392959	OK	 
ACTION	Pricing	1	price	1395134392818	1395134392819	1395134392999	1395134392999	OK	 
ACTION	Pricing	2	price	1395134392852	1395134392853	1395134393033	1395134393033	OK	 
ACTION	Pricing	5	price	1395134392891	1395134392892	1395134393066	1395134393066	OK	 
ACTION	Pricing	3	price	1395134392925	1395134392925	1395134393100	1395134393100	OK	 
ACTION	Pricing	4	price	1395134392960	1395134392961	1395134393134	1395134393134	OK	 
ACTION	Pricing	1	price	1395134393000	1395134393001	1395134393166	1395134393166	OK	 
ACTION	Pricing	2	price	1395134393035	1395134393036	1395134393199	1395134393199	OK	 
ACTION	Pricing	5	price	1395134393068	1395134393068	1395134393235	1395134393235	OK	 
ACTION	Pricing	3	price	1395134393101	1395134393102	1395134393267	1395134393267	OK	 
ACTION	Pricing	4	price	1395134393136	1395134393136	1395134393302	1395134393302	OK	 
ACTION	Pricing	1	price	1395134393168	1395134393168	1395134393335	1395134393335	OK	 
ACTION	Pricing	2	price	1395134393204	1395134393205	1395134393369	1395134393369	OK	 
ACTION	Pricing	5	price	1395134393237	1395134393237	1395134393403	1395134393404	OK	 
ACTION	Pricing	3	price	1395134393269	1395134393270	1395134393438	1395134393438	OK	 
ACTION	Pricing	4	price	1395134393304	1395134393304	1395134393468	1395134393468	OK	 
ACTION	Pricing	1	price	1395134393336	1395134393339	1395134393502	1395134393503	OK	 
ACTION	Pricing	2	price	1395134393370	1395134393371	1395134393535	1395134393535	OK	 
ACTION	Pricing	5	price	1395134393405	1395134393406	1395134393572	1395134393572	OK	 
ACTION	Pricing	3	price	1395134393440	1395134393440	1395134393608	1395134393608	OK	 
ACTION	Pricing	4	price	1395134393470	1395134393470	1395134393642	1395134393642	OK	 
ACTION	Pricing	1	price	1395134393504	1395134393504	1395134393678	1395134393678	OK	 
ACTION	Pricing	2	price	1395134393537	1395134393537	1395134393709	1395134393709	OK	 
ACTION	Pricing	5	price	1395134393573	1395134393574	1395134393738	1395134393739	OK	 
ACTION	Pricing	3	price	1395134393609	1395134393610	1395134393769	1395134393769	OK	 
ACTION	Pricing	4	price	1395134393644	1395134393644	1395134393800	1395134393800	OK	 
ACTION	Pricing	1	price	1395134393679	1395134393680	1395134393832	1395134393832	OK	 
ACTION	Pricing	2	price	1395134393711	1395134393711	1395134393863	1395134393863	OK	 
ACTION	Pricing	5	price	1395134393740	1395134393740	1395134393897	1395134393897	OK	 
ACTION	Pricing	3	price	1395134393771	1395134393771	1395134393931	1395134393931	OK	 
ACTION	Pricing	4	price	1395134393802	1395134393802	1395134393962	1395134393963	OK	 
ACTION	Pricing	1	price	1395134393834	1395134393834	1395134393997	1395134393997	OK	 
ACTION	Pricing	2	price	1395134393866	1395134393866	1395134394033	1395134394033	OK	 
ACTION	Pricing	5	price	1395134393899	1395134393900	1395134394066	1395134394066	OK	 
ACTION	Pricing	3	price	1395134393933	1395134393933	1395134394099	1395134394099	OK	 
ACTION	Pricing	4	price	1395134393964	1395134393964	1395134394132	1395134394132	OK	 
ACTION	Pricing	1	price	1395134393998	1395134393999	1395134394167	1395134394167	OK	 
ACTION	Pricing	2	price	1395134394035	1395134394035	1395134394205	1395134394205	OK	 
ACTION	Pricing	5	price	1395134394068	1395134394068	1395134394241	1395134394242	OK	 
ACTION	Pricing	3	price	1395134394101	1395134394101	1395134394278	1395134394278	OK	 
ACTION	Pricing	4	price	1395134394133	1395134394134	1395134394315	1395134394315	OK	 
ACTION	Pricing	1	price	1395134394169	1395134394169	1395134394350	1395134394351	OK	 
ACTION	Pricing	2	price	1395134394207	1395134394207	1395134394384	1395134394384	OK	 
ACTION	Pricing	5	price	1395134394243	1395134394243	1395134394418	1395134394418	OK	 
ACTION	Pricing	3	price	1395134394280	1395134394280	1395134394449	1395134394449	OK	 
ACTION	Pricing	4	price	1395134394316	1395134394317	1395134394481	1395134394482	OK	 
ACTION	Pricing	1	price	1395134394352	1395134394352	1395134394511	1395134394511	OK	 
ACTION	Pricing	2	price	1395134394386	1395134394386	1395134394541	1395134394541	OK	 
ACTION	Pricing	5	price	1395134394419	1395134394419	1395134394575	1395134394575	OK	 
ACTION	Pricing	3	price	1395134394451	1395134394451	1395134394607	1395134394607	OK	 
ACTION	Pricing	4	price	1395134394484	1395134394485	1395134394638	1395134394638	OK	 
ACTION	Pricing	1	price	1395134394512	1395134394513	1395134394670	1395134394671	OK	 
ACTION	Pricing	2	price	1395134394543	1395134394543	1395134394700	1395134394700	OK	 
ACTION	Pricing	5	price	1395134394576	1395134394577	1395134394731	1395134394731	OK	 
ACTION	Pricing	3	price	1395134394609	1395134394609	1395134394764	1395134394765	OK	 
ACTION	Pricing	4	price	1395134394639	1395134394640	1395134394799	1395134394799	OK	 
ACTION	Pricing	1	price	1395134394672	1395134394672	1395134394834	1395134394834	OK	 
ACTION	Pricing	2	price	1395134394702	1395134394702	1395134394869	1395134394870	OK	 
ACTION	Pricing	5	price	1395134394733	1395134394733	1395134394906	1395134394906	OK	 
ACTION	Pricing	3	price	1395134394766	1395134394767	1395134394939	1395134394939	OK	 
ACTION	Pricing	4	price	1395134394801	1395134394801	1395134394975	1395134394976	OK	 
ACTION	Pricing	1	price	1395134394836	1395134394836	1395134395007	1395134395007	OK	 
ACTION	Pricing	2	price	1395134394871	1395134394872	1395134395040	1395134395040	OK	 
ACTION	Pricing	5	price	1395134394908	1395134394909	1395134395089	1395134395089	OK	 
ACTION	Pricing	3	price	1395134394941	1395134394941	1395134395108	1395134395108	OK	 
ACTION	Pricing	4	price	1395134394977	1395134394978	1395134395144	1395134395144	OK	 
ACTION	Pricing	1	price	1395134395008	1395134395009	1395134395179	1395134395179	OK	 
ACTION	Pricing	2	price	1395134395042	1395134395089	1395134395222	1395134395222	OK	 
ACTION	Pricing	5	price	1395134395091	1395134395094	1395134395258	1395134395258	OK	 
ACTION	Pricing	3	price	1395134395109	1395134395110	1395134395293	1395134395293	OK	 
ACTION	Pricing	4	price	1395134395146	1395134395146	1395134395327	1395134395327	OK	 
ACTION	Pricing	1	price	1395134395181	1395134395181	1395134395363	1395134395363	OK	 
ACTION	Pricing	2	price	1395134395225	1395134395225	1395134395394	1395134395394	OK	 
ACTION	Pricing	5	price	1395134395260	1395134395260	1395134395430	1395134395430	OK	 
ACTION	Pricing	3	price	1395134395294	1395134395295	1395134395462	1395134395462	OK	 
ACTION	Pricing	4	price	1395134395328	1395134395329	1395134395495	1395134395495	OK	 
ACTION	Pricing	1	price	1395134395365	1395134395365	1395134395528	1395134395528	OK	 
ACTION	Pricing	2	price	1395134395396	1395134395396	1395134395561	1395134395561	OK	 
ACTION	Pricing	5	price	1395134395432	1395134395433	1395134395594	1395134395594	OK	 
ACTION	Pricing	3	price	1395134395463	1395134395464	1395134395626	1395134395627	OK	 
ACTION	Pricing	4	price	1395134395497	1395134395497	1395134395661	1395134395662	OK	 
ACTION	Pricing	1	price	1395134395530	1395134395530	1395134395692	1395134395692	OK	 
ACTION	Pricing	2	price	1395134395562	1395134395563	1395134395726	1395134395726	OK	 
ACTION	Pricing	5	price	1395134395596	1395134395596	1395134395759	1395134395759	OK	 
ACTION	Pricing	3	price	1395134395628	1395134395629	1395134395791	1395134395792	OK	 
ACTION	Pricing	4	price	1395134395663	1395134395664	1395134395823	1395134395823	OK	 
ACTION	Pricing	1	price	1395134395693	1395134395694	1395134395856	1395134395856	OK	 
ACTION	Pricing	2	price	1395134395728	1395134395728	1395134395890	1395134395890	OK	 
ACTION	Pricing	5	price	1395134395761	1395134395762	1395134395924	1395134395924	OK	 
ACTION	Pricing	3	price	1395134395793	1395134395793	1395134395960	1395134395961	OK	 
ACTION	Pricing	4	price	1395134395824	1395134395825	1395134395991	1395134395991	OK	 
ACTION	Pricing	1	price	1395134395859	1395134395859	1395134396025	1395134396025	OK	 
ACTION	Pricing	2	price	1395134395892	1395134395892	1395134396057	1395134396057	OK	 
ACTION	Pricing	5	price	1395134395925	1395134395926	1395134396090	1395134396091	OK	 
ACTION	Pricing	3	price	1395134395962	1395134395963	1395134396123	1395134396124	OK	 
ACTION	Pricing	4	price	1395134395993	1395134395993	1395134396153	1395134396154	OK	 
ACTION	Pricing	1	price	1395134396027	1395134396027	1395134396186	1395134396186	OK	 
ACTION	Pricing	2	price	1395134396059	1395134396059	1395134396219	1395134396219	OK	 
ACTION	Pricing	5	price	1395134396092	1395134396092	1395134396253	1395134396254	OK	 
ACTION	Pricing	3	price	1395134396125	1395134396126	1395134396285	1395134396286	OK	 
ACTION	Pricing	4	price	1395134396155	1395134396156	1395134396315	1395134396315	OK	 
ACTION	Pricing	1	price	1395134396188	1395134396188	1395134396346	1395134396347	OK	 
ACTION	Pricing	2	price	1395134396221	1395134396221	1395134396380	1395134396380	OK	 
ACTION	Pricing	5	price	1395134396255	1395134396256	1395134396418	1395134396418	OK	 
ACTION	Pricing	3	price	1395134396287	1395134396287	1395134396454	1395134396454	OK	 
ACTION	Pricing	4	price	1395134396316	1395134396317	1395134396487	1395134396488	OK	 
ACTION	Pricing	1	price	1395134396348	1395134396349	1395134396519	1395134396519	OK	 
ACTION	Pricing	2	price	1395134396382	1395134396382	1395134396551	1395134396551	OK	 
ACTION	Pricing	5	price	1395134396420	1395134396420	1395134396582	1395134396582	OK	 
ACTION	Pricing	3	price	1395134396456	1395134396456	1395134396615	1395134396615	OK	 
ACTION	Pricing	4	price	1395134396489	1395134396489	1395134396650	1395134396650	OK	 
ACTION	Pricing	1	price	1395134396521	1395134396521	1395134396682	1395134396682	OK	 
ACTION	Pricing	2	price	1395134396553	1395134396553	1395134396716	1395134396716	OK	 
ACTION	Pricing	5	price	1395134396584	1395134396584	1395134396750	1395134396750	OK	 
ACTION	Pricing	3	price	1395134396617	1395134396617	1395134396781	1395134396782	OK	 
ACTION	Pricing	4	price	1395134396652	1395134396652	1395134396816	1395134396816	OK	 
ACTION	Pricing	1	price	1395134396683	1395134396684	1395134396848	1395134396849	OK	 
ACTION	Pricing	2	price	1395134396718	1395134396718	1395134396880	1395134396880	OK	 
ACTION	Pricing	5	price	1395134396751	1395134396752	1395134396913	1395134396913	OK	 
ACTION	Pricing	3	price	1395134396783	1395134396783	1395134396943	1395134396943	OK	 
ACTION	Pricing	4	price	1395134396818	1395134396818	1395134396977	1395134396977	OK	 
ACTION	Pricing	1	price	1395134396850	1395134396851	1395134397010	1395134397011	OK	 
ACTION	Pricing	2	price	1395134396882	1395134396882	1395134397046	1395134397046	OK	 
ACTION	Pricing	5	price	1395134396914	1395134396915	1395134397080	1395134397080	OK	 
ACTION	Pricing	3	price	1395134396945	1395134396945	1395134397114	1395134397114	OK	 
ACTION	Pricing	4	price	1395134396978	1395134396979	1395134397150	1395134397150	OK	 
ACTION	Pricing	1	price	1395134397012	1395134397012	1395134397186	1395134397186	OK	 
ACTION	Pricing	2	price	1395134397047	1395134397048	1395134397222	1395134397222	OK	 
ACTION	Pricing	5	price	1395134397082	1395134397083	1395134397255	1395134397255	OK	 
ACTION	Pricing	3	price	1395134397116	1395134397116	1395134397288	1395134397289	OK	 
ACTION	Pricing	4	price	1395134397152	1395134397152	1395134397324	1395134397325	OK	 
ACTION	Pricing	1	price	1395134397188	1395134397188	1395134397358	1395134397358	OK	 
ACTION	Pricing	2	price	1395134397223	1395134397224	1395134397392	1395134397392	OK	 
ACTION	Pricing	5	price	1395134397257	1395134397257	1395134397423	1395134397424	OK	 
ACTION	Pricing	3	price	1395134397290	1395134397291	1395134397456	1395134397457	OK	 
ACTION	Pricing	4	price	1395134397326	1395134397326	1395134397488	1395134397488	OK	 
ACTION	Pricing	1	price	1395134397359	1395134397360	1395134397520	1395134397520	OK	 
ACTION	Pricing	2	price	1395134397394	1395134397394	1395134397552	1395134397552	OK	 
ACTION	Pricing	5	price	1395134397425	1395134397425	1395134397587	1395134397587	OK	 
ACTION	Pricing	3	price	1395134397458	1395134397459	1395134397622	1395134397622	OK	 
ACTION	Pricing	4	price	1395134397489	1395134397489	1395134397657	1395134397657	OK	 
ACTION	Pricing	1	price	1395134397522	1395134397522	1395134397690	1395134397690	OK	 
ACTION	Pricing	2	price	1395134397554	1395134397556	1395134397722	1395134397723	OK	 
ACTION	Pricing	5	price	1395134397589	1395134397593	1395134397755	1395134397756	OK	 
ACTION	Pricing	3	price	1395134397624	1395134397624	1395134397787	1395134397787	OK	 
ACTION	Pricing	4	price	1395134397658	1395134397659	1395134397818	1395134397818	OK	 
ACTION	Pricing	1	price	1395134397692	1395134397692	1395134397852	1395134397852	OK	 
ACTION	Pricing	2	price	1395134397724	1395134397725	1395134397884	1395134397884	OK	 
ACTION	Pricing	5	price	1395134397757	1395134397758	1395134397917	1395134397917	OK	 
ACTION	Pricing	3	price	1395134397788	1395134397788	1395134397947	1395134397948	OK	 
ACTION	Pricing	4	price	1395134397820	1395134397820	1395134397981	1395134397981	OK	 
ACTION	Pricing	1	price	1395134397853	1395134397854	1395134398016	1395134398016	OK	 
ACTION	Pricing	2	price	1395134397885	1395134397886	1395134398049	1395134398049	OK	 
ACTION	Pricing	5	price	1395134397919	1395134397919	1395134398081	1395134398081	OK	 
ACTION	Pricing	3	price	1395134397949	1395134397950	1395134398111	1395134398112	OK	 
ACTION	Pricing	4	price	1395134397983	1395134397983	1395134398142	1395134398143	OK	 
ACTION	Pricing	1	price	1395134398018	1395134398018	1395134398173	1395134398173	OK	 
ACTION	Pricing	2	price	1395134398051	1395134398051	1395134398208	1395134398208	OK	 
ACTION	Pricing	5	price	1395134398083	1395134398083	1395134398243	1395134398243	OK	 
ACTION	Pricing	3	price	1395134398113	1395134398113	1395134398278	1395134398279	OK	 
ACTION	Pricing	4	price	1395134398144	1395134398145	1395134398318	1395134398318	OK	 
ACTION	Pricing	1	price	1395134398175	1395134398175	1395134398359	1395134398360	OK	 
ACTION	Pricing	2	price	1395134398210	1395134398210	1395134398399	1395134398399	OK	 
ACTION	Pricing	5	price	1395134398244	1395134398245	1395134398441	1395134398441	OK	 
ACTION	Pricing	3	price	1395134398280	1395134398280	1395134398477	1395134398477	OK	 
ACTION	Pricing	4	price	1395134398320	1395134398320	1395134398509	1395134398509	OK	 
ACTION	Pricing	1	price	1395134398361	1395134398362	1395134398543	1395134398543	OK	 
ACTION	Pricing	2	price	1395134398401	1395134398401	1395134398577	1395134398577	OK	 
ACTION	Pricing	5	price	1395134398443	1395134398443	1395134398614	1395134398614	OK	 
ACTION	Pricing	3	price	1395134398478	1395134398479	1395134398647	1395134398647	OK	 
ACTION	Pricing	4	price	1395134398511	1395134398511	1395134398679	1395134398680	OK	 
ACTION	Pricing	1	price	1395134398545	1395134398545	1395134398712	1395134398713	OK	 
ACTION	Pricing	2	price	1395134398579	1395134398579	1395134398742	1395134398742	OK	 
ACTION	Pricing	5	price	1395134398615	1395134398616	1395134398774	1395134398774	OK	 
ACTION	Pricing	3	price	1395134398649	1395134398649	1395134398806	1395134398808	OK	 
ACTION	Pricing	4	price	1395134398681	1395134398681	1395134398838	1395134398838	OK	 
ACTION	Pricing	1	price	1395134398714	1395134398714	1395134398871	1395134398871	OK	 
ACTION	Pricing	2	price	1395134398743	1395134398744	1395134398907	1395134398907	OK	 
ACTION	Pricing	5	price	1395134398775	1395134398776	1395134398943	1395134398943	OK	 
ACTION	Pricing	3	price	1395134398809	1395134398810	1395134398974	1395134398974	OK	 
ACTION	Pricing	4	price	1395134398839	1395134398839	1395134399003	1395134399004	OK	 
ACTION	Pricing	1	price	1395134398873	1395134398873	1395134399036	1395134399036	OK	 
ACTION	Pricing	2	price	1395134398908	1395134398909	1395134399067	1395134399067	OK	 
ACTION	Pricing	5	price	1395134398944	1395134398945	1395134399097	1395134399097	OK	 
ACTION	Pricing	3	price	1395134398975	1395134398976	1395134399129	1395134399130	OK	 
ACTION	Pricing	4	price	1395134399005	1395134399005	1395134399160	1395134399161	OK	 
ACTION	Pricing	1	price	1395134399038	1395134399038	1395134399196	1395134399196	OK	 
ACTION	Pricing	2	price	1395134399068	1395134399069	1395134399230	1395134399230	OK	 
ACTION	Pricing	5	price	1395134399099	1395134399099	1395134399264	1395134399264	OK	 
ACTION	Pricing	3	price	1395134399131	1395134399131	1395134399297	1395134399298	OK	 
ACTION	Pricing	4	price	1395134399163	1395134399164	1395134399330	1395134399331	OK	 
ACTION	Pricing	1	price	1395134399197	1395134399198	1395134399364	1395134399365	OK	 
ACTION	Pricing	2	price	1395134399231	1395134399232	1395134399401	1395134399402	OK	 
ACTION	Pricing	5	price	1395134399266	1395134399267	1395134399436	1395134399436	OK	 
ACTION	Pricing	3	price	1395134399299	1395134399300	1395134399470	1395134399470	OK	 
ACTION	Pricing	4	price	1395134399332	1395134399333	1395134399504	1395134399505	OK	 
ACTION	Pricing	1	price	1395134399366	1395134399366	1395134399540	1395134399540	OK	 
ACTION	Pricing	2	price	1395134399403	1395134399403	1395134399573	1395134399574	OK	 
ACTION	Pricing	5	price	1395134399437	1395134399438	1395134399606	1395134399606	OK	 
ACTION	Pricing	3	price	1395134399471	1395134399471	1395134399639	1395134399639	OK	 
ACTION	Pricing	4	price	1395134399506	1395134399507	1395134399673	1395134399674	OK	 
ACTION	Pricing	1	price	1395134399542	1395134399542	1395134399708	1395134399708	OK	 
ACTION	Pricing	2	price	1395134399575	1395134399575	1395134399741	1395134399741	OK	 
ACTION	Pricing	5	price	1395134399608	1395134399608	1395134399773	1395134399773	OK	 
ACTION	Pricing	3	price	1395134399641	1395134399641	1395134399806	1395134399806	OK	 
ACTION	Pricing	4	price	1395134399675	1395134399676	1395134399838	1395134399838	OK	 
ACTION	Pricing	1	price	1395134399710	1395134399710	1395134399869	1395134399869	OK	 
ACTION	Pricing	2	price	1395134399742	1395134399742	1395134399899	1395134399899	OK	 
ACTION	Pricing	5	price	1395134399774	1395134399775	1395134399931	1395134399932	OK	 
ACTION	Pricing	3	price	1395134399808	1395134399808	1395134399963	1395134399963	OK	 
ACTION	Pricing	4	price	1395134399840	1395134399840	1395134399997	1395134399997	OK	 
ACTION	Pricing	1	price	1395134399871	1395134399871	1395134400027	1395134400027	OK	 
ACTION	Pricing	2	price	1395134399901	1395134399902	1395134400059	1395134400059	OK	 
ACTION	Pricing	5	price	1395134399934	1395134399934	1395134400091	1395134400092	OK	 
ACTION	Pricing	3	price	1395134399964	1395134399965	1395134400121	1395134400121	OK	 
ACTION	Pricing	4	price	1395134399998	1395134399999	1395134400156	1395134400157	OK	 
ACTION	Pricing	1	price	1395134400028	1395134400029	1395134400189	1395134400189	OK	 
ACTION	Pricing	2	price	1395134400061	1395134400061	1395134400225	1395134400228	OK	 
ACTION	Pricing	5	price	1395134400093	1395134400093	1395134400258	1395134400258	OK	 
ACTION	Pricing	3	price	1395134400123	1395134400123	1395134400294	1395134400294	OK	 
ACTION	Pricing	4	price	1395134400158	1395134400158	1395134400328	1395134400328	OK	 
ACTION	Pricing	1	price	1395134400193	1395134400193	1395134400364	1395134400364	OK	 
ACTION	Pricing	2	price	1395134400229	1395134400230	1395134400403	1395134400403	OK	 
ACTION	Pricing	5	price	1395134400259	1395134400260	1395134400442	1395134400442	OK	 
ACTION	Pricing	3	price	1395134400295	1395134400296	1395134400483	1395134400484	OK	 
ACTION	Pricing	4	price	1395134400330	1395134400330	1395134400519	1395134400519	OK	 
ACTION	Pricing	1	price	1395134400366	1395134400366	1395134400555	1395134400555	OK	 
ACTION	Pricing	2	price	1395134400405	1395134400406	1395134400588	1395134400588	OK	 
ACTION	Pricing	5	price	1395134400444	1395134400445	1395134400622	1395134400622	OK	 
ACTION	Pricing	3	price	1395134400485	1395134400486	1395134400658	1395134400658	OK	 
ACTION	Pricing	4	price	1395134400522	1395134400522	1395134400692	1395134400692	OK	 
ACTION	Pricing	1	price	1395134400557	1395134400557	1395134400726	1395134400726	OK	 
ACTION	Pricing	2	price	1395134400590	1395134400590	1395134400765	1395134400765	OK	 
ACTION	Pricing	5	price	1395134400623	1395134400624	1395134400801	1395134400801	OK	 
ACTION	Pricing	3	price	1395134400659	1395134400660	1395134400837	1395134400837	OK	 
ACTION	Pricing	4	price	1395134400694	1395134400694	1395134400870	1395134400870	OK	 
ACTION	Pricing	1	price	1395134400728	1395134400728	1395134400905	1395134400905	OK	 
ACTION	Pricing	2	price	1395134400766	1395134400767	1395134400936	1395134400936	OK	 
ACTION	Pricing	5	price	1395134400804	1395134400804	1395134400969	1395134400969	OK	 
ACTION	Pricing	3	price	1395134400838	1395134400839	1395134401002	1395134401002	OK	 
ACTION	Pricing	4	price	1395134400872	1395134400872	1395134401037	1395134401037	OK	 
ACTION	Pricing	1	price	1395134400906	1395134400906	1395134401068	1395134401068	OK	 
ACTION	Pricing	2	price	1395134400937	1395134400937	1395134401127	1395134401128	OK	 
ACTION	Pricing	5	price	1395134400971	1395134400972	1395134401153	1395134401154	OK	 
ACTION	Pricing	3	price	1395134401003	1395134401004	1395134401198	1395134401198	OK	 
ACTION	Pricing	4	price	1395134401039	1395134401039	1395134401255	1395134401255	OK	 
ACTION	Pricing	1	price	1395134401070	1395134401070	1395134401273	1395134401273	OK	 
ACTION	Pricing	2	price	1395134401129	1395134401130	1395134401328	1395134401328	OK	 
ACTION	Pricing	5	price	1395134401155	1395134401156	1395134401379	1395134401379	OK	 
ACTION	Pricing	3	price	1395134401200	1395134401200	1395134401416	1395134401416	OK	 
ACTION	Pricing	4	price	1395134401257	1395134401257	1395134401449	1395134401449	OK	 
ACTION	Pricing	1	price	1395134401275	1395134401275	1395134401481	1395134401481	OK	 
ACTION	Pricing	2	price	1395134401329	1395134401330	1395134401515	1395134401515	OK	 
ACTION	Pricing	5	price	1395134401381	1395134401382	1395134401547	1395134401547	OK	 
ACTION	Pricing	3	price	1395134401418	1395134401418	1395134401580	1395134401581	OK	 
ACTION	Pricing	4	price	1395134401450	1395134401451	1395134401614	1395134401615	OK	 
ACTION	Pricing	1	price	1395134401483	1395134401483	1395134401644	1395134401645	OK	 
ACTION	Pricing	2	price	1395134401517	1395134401517	1395134401677	1395134401677	OK	 
ACTION	Pricing	5	price	1395134401548	1395134401549	1395134401734	1395134401734	OK	 
ACTION	Pricing	3	price	1395134401582	1395134401583	1395134401764	1395134401764	OK	 
ACTION	Pricing	4	price	1395134401616	1395134401617	1395134401800	1395134401800	OK	 
ACTION	Pricing	1	price	1395134401646	1395134401646	1395134401833	1395134401833	OK	 
ACTION	Pricing	2	price	1395134401679	1395134401679	1395134401891	1395134401892	OK	 
ACTION	Pricing	5	price	1395134401736	1395134401736	1395134401910	1395134401911	OK	 
ACTION	Pricing	3	price	1395134401766	1395134401766	1395134401961	1395134401961	OK	 
ACTION	Pricing	4	price	1395134401801	1395134401802	1395134402002	1395134402002	OK	 
ACTION	Pricing	1	price	1395134401835	1395134401835	1395134402035	1395134402035	OK	 
ACTION	Pricing	2	price	1395134401894	1395134401894	1395134402068	1395134402069	OK	 
ACTION	Pricing	5	price	1395134401912	1395134401913	1395134402105	1395134402105	OK	 
ACTION	Pricing	3	price	1395134401963	1395134401963	1395134402141	1395134402141	OK	 
ACTION	Pricing	4	price	1395134402004	1395134402004	1395134402170	1395134402171	OK	 
ACTION	Pricing	1	price	1395134402037	1395134402037	1395134402205	1395134402205	OK	 
ACTION	Pricing	2	price	1395134402070	1395134402070	1395134402246	1395134402246	OK	 
ACTION	Pricing	5	price	1395134402107	1395134402107	1395134402277	1395134402277	OK	 
ACTION	Pricing	3	price	1395134402142	1395134402143	1395134402306	1395134402306	OK	 
ACTION	Pricing	4	price	1395134402172	1395134402173	1395134402338	1395134402339	OK	 
ACTION	Pricing	1	price	1395134402206	1395134402207	1395134402369	1395134402370	OK	 
ACTION	Pricing	2	price	1395134402247	1395134402248	1395134402405	1395134402405	OK	 
ACTION	Pricing	5	price	1395134402278	1395134402279	1395134402435	1395134402436	OK	 
ACTION	Pricing	3	price	1395134402307	1395134402307	1395134402468	1395134402468	OK	 
ACTION	Pricing	4	price	1395134402340	1395134402340	1395134402501	1395134402501	OK	 
ACTION	Pricing	1	price	1395134402371	1395134402371	1395134402535	1395134402535	OK	 
ACTION	Pricing	2	price	1395134402406	1395134402407	1395134402569	1395134402569	OK	 
ACTION	Pricing	5	price	1395134402437	1395134402437	1395134402602	1395134402603	OK	 
ACTION	Pricing	3	price	1395134402469	1395134402470	1395134402633	1395134402633	OK	 
ACTION	Pricing	4	price	1395134402503	1395134402503	1395134402664	1395134402665	OK	 
ACTION	Pricing	1	price	1395134402537	1395134402537	1395134402696	1395134402697	OK	 
ACTION	Pricing	2	price	1395134402571	1395134402572	1395134402727	1395134402728	OK	 
ACTION	Pricing	5	price	1395134402604	1395134402605	1395134402763	1395134402764	OK	 
ACTION	Pricing	3	price	1395134402635	1395134402635	1395134402798	1395134402798	OK	 
ACTION	Pricing	4	price	1395134402667	1395134402667	1395134402829	1395134402830	OK	 
ACTION	Pricing	1	price	1395134402698	1395134402699	1395134402864	1395134402864	OK	 
ACTION	Pricing	2	price	1395134402729	1395134402730	1395134402898	1395134402899	OK	 
ACTION	Pricing	5	price	1395134402765	1395134402766	1395134402933	1395134402933	OK	 
ACTION	Pricing	3	price	1395134402800	1395134402800	1395134402967	1395134402967	OK	 
ACTION	Pricing	4	price	1395134402831	1395134402832	1395134403010	1395134403011	OK	 
ACTION	Pricing	1	price	1395134402865	1395134402866	1395134403032	1395134403033	OK	 
ACTION	Pricing	2	price	1395134402900	1395134402901	1395134403064	1395134403065	OK	 
ACTION	Pricing	5	price	1395134402934	1395134402935	1395134403098	1395134403098	OK	 
ACTION	Pricing	3	price	1395134402968	1395134402969	1395134403127	1395134403127	OK	 
ACTION	Pricing	4	price	1395134403012	1395134403012	1395134403160	1395134403160	OK	 
ACTION	Pricing	1	price	1395134403034	1395134403034	1395134403195	1395134403195	OK	 
ACTION	Pricing	2	price	1395134403066	1395134403067	1395134403235	1395134403235	OK	 
ACTION	Pricing	5	price	1395134403099	1395134403100	1395134403269	1395134403270	OK	 
ACTION	Pricing	3	price	1395134403129	1395134403129	1395134403305	1395134403306	OK	 
ACTION	Pricing	4	price	1395134403162	1395134403162	1395134403347	1395134403347	OK	 
ACTION	Pricing	1	price	1395134403196	1395134403197	1395134403380	1395134403380	OK	 
ACTION	Pricing	2	price	1395134403236	1395134403237	1395134403412	1395134403412	OK	 
ACTION	Pricing	5	price	1395134403278	1395134403279	1395134403446	1395134403446	OK	 
ACTION	Pricing	3	price	1395134403307	1395134403307	1395134403480	1395134403480	OK	 
ACTION	Pricing	4	price	1395134403349	1395134403349	1395134403513	1395134403513	OK	 
ACTION	Pricing	1	price	1395134403382	1395134403382	1395134403544	1395134403544	OK	 
ACTION	Pricing	2	price	1395134403413	1395134403414	1395134403583	1395134403583	OK	 
ACTION	Pricing	5	price	1395134403448	1395134403448	1395134403619	1395134403619	OK	 
ACTION	Pricing	3	price	1395134403482	1395134403482	1395134403652	1395134403652	OK	 
ACTION	Pricing	4	price	1395134403514	1395134403515	1395134403685	1395134403685	OK	 
ACTION	Pricing	1	price	1395134403545	1395134403546	1395134403721	1395134403722	OK	 
ACTION	Pricing	2	price	1395134403585	1395134403585	1395134403758	1395134403758	OK	 
ACTION	Pricing	5	price	1395134403621	1395134403622	1395134403792	1395134403793	OK	 
ACTION	Pricing	3	price	1395134403653	1395134403653	1395134403826	1395134403826	OK	 
ACTION	Pricing	4	price	1395134403687	1395134403687	1395134403863	1395134403864	OK	 
ACTION	Pricing	1	price	1395134403723	1395134403724	1395134403898	1395134403899	OK	 
ACTION	Pricing	2	price	1395134403759	1395134403760	1395134403932	1395134403932	OK	 
ACTION	Pricing	5	price	1395134403794	1395134403795	1395134403966	1395134403966	OK	 
ACTION	Pricing	3	price	1395134403828	1395134403828	1395134404001	1395134404001	OK	 
ACTION	Pricing	4	price	1395134403865	1395134403865	1395134404035	1395134404035	OK	 
ACTION	Pricing	1	price	1395134403900	1395134403900	1395134404069	1395134404069	OK	 
ACTION	Pricing	2	price	1395134403933	1395134403934	1395134404102	1395134404103	OK	 
ACTION	Pricing	5	price	1395134403967	1395134403968	1395134404138	1395134404138	OK	 
SCENARIO	Pricing	5	END	1395134404139
ACTION	Pricing	3	price	1395134404002	1395134404003	1395134404173	1395134404173	OK	 
SCENARIO	Pricing	3	END	1395134404174
ACTION	Pricing	4	price	1395134404036	1395134404037	1395134404208	1395134404208	OK	 
SCENARIO	Pricing	4	END	1395134404209
ACTION	Pricing	1	price	1395134404070	1395134404071	1395134404241	1395134404242	OK	 
SCENARIO	Pricing	1	END	1395134404242
ACTION	Pricing	2	price	1395134404104	1395134404104	1395134404274	1395134404274	OK	 
SCENARIO	Pricing	2	END	1395134404274
