RUN	20140318124438	pricingsimulation	pricingsimulation
SCENARIO	Pricing	64	START	1395146681762
SCENARIO	Pricing	91	START	1395146681764
SCENARIO	Pricing	100	START	1395146681764
SCENARIO	Pricing	9	START	1395146681764
SCENARIO	Pricing	12	START	1395146681764
SCENARIO	Pricing	17	START	1395146681764
SCENARIO	Pricing	48	START	1395146681764
SCENARIO	Pricing	11	START	1395146681765
SCENARIO	Pricing	6	START	1395146681765
SCENARIO	Pricing	49	START	1395146681765
SCENARIO	Pricing	15	START	1395146681765
SCENARIO	Pricing	35	START	1395146681765
SCENARIO	Pricing	31	START	1395146681765
SCENARIO	Pricing	61	START	1395146681765
SCENARIO	Pricing	21	START	1395146681765
SCENARIO	Pricing	3	START	1395146681766
SCENARIO	Pricing	68	START	1395146681766
SCENARIO	Pricing	93	START	1395146681766
SCENARIO	Pricing	42	START	1395146681766
SCENARIO	Pricing	13	START	1395146681766
SCENARIO	Pricing	25	START	1395146681766
SCENARIO	Pricing	65	START	1395146681766
SCENARIO	Pricing	29	START	1395146681766
SCENARIO	Pricing	40	START	1395146681766
SCENARIO	Pricing	69	START	1395146681766
SCENARIO	Pricing	87	START	1395146681767
SCENARIO	Pricing	38	START	1395146681767
SCENARIO	Pricing	53	START	1395146681767
SCENARIO	Pricing	23	START	1395146681767
SCENARIO	Pricing	79	START	1395146681767
SCENARIO	Pricing	77	START	1395146681767
SCENARIO	Pricing	2	START	1395146681767
SCENARIO	Pricing	84	START	1395146681767
SCENARIO	Pricing	26	START	1395146681767
SCENARIO	Pricing	62	START	1395146681767
SCENARIO	Pricing	37	START	1395146681768
SCENARIO	Pricing	51	START	1395146681768
SCENARIO	Pricing	20	START	1395146681768
SCENARIO	Pricing	70	START	1395146681768
SCENARIO	Pricing	92	START	1395146681768
SCENARIO	Pricing	1	START	1395146681769
SCENARIO	Pricing	71	START	1395146681769
SCENARIO	Pricing	7	START	1395146681769
SCENARIO	Pricing	85	START	1395146681769
SCENARIO	Pricing	32	START	1395146681769
SCENARIO	Pricing	14	START	1395146681770
SCENARIO	Pricing	46	START	1395146681770
SCENARIO	Pricing	33	START	1395146681770
SCENARIO	Pricing	75	START	1395146681770
SCENARIO	Pricing	90	START	1395146681770
SCENARIO	Pricing	44	START	1395146681771
SCENARIO	Pricing	45	START	1395146681771
SCENARIO	Pricing	30	START	1395146681771
SCENARIO	Pricing	27	START	1395146681771
SCENARIO	Pricing	18	START	1395146681771
SCENARIO	Pricing	63	START	1395146681775
SCENARIO	Pricing	54	START	1395146681775
SCENARIO	Pricing	39	START	1395146681776
SCENARIO	Pricing	58	START	1395146681776
SCENARIO	Pricing	88	START	1395146681777
SCENARIO	Pricing	96	START	1395146681777
SCENARIO	Pricing	41	START	1395146681777
SCENARIO	Pricing	5	START	1395146681778
SCENARIO	Pricing	97	START	1395146681778
SCENARIO	Pricing	28	START	1395146681778
SCENARIO	Pricing	59	START	1395146681779
SCENARIO	Pricing	95	START	1395146681779
SCENARIO	Pricing	47	START	1395146681779
SCENARIO	Pricing	94	START	1395146681779
SCENARIO	Pricing	57	START	1395146681779
SCENARIO	Pricing	19	START	1395146681779
SCENARIO	Pricing	72	START	1395146681779
SCENARIO	Pricing	52	START	1395146681779
SCENARIO	Pricing	16	START	1395146681779
SCENARIO	Pricing	67	START	1395146681779
SCENARIO	Pricing	74	START	1395146681779
SCENARIO	Pricing	86	START	1395146681779
SCENARIO	Pricing	55	START	1395146681780
SCENARIO	Pricing	89	START	1395146681780
SCENARIO	Pricing	82	START	1395146681780
SCENARIO	Pricing	99	START	1395146681780
SCENARIO	Pricing	78	START	1395146681780
SCENARIO	Pricing	80	START	1395146681780
SCENARIO	Pricing	56	START	1395146681780
SCENARIO	Pricing	22	START	1395146681780
SCENARIO	Pricing	83	START	1395146681780
SCENARIO	Pricing	36	START	1395146681780
SCENARIO	Pricing	76	START	1395146681780
SCENARIO	Pricing	73	START	1395146681780
SCENARIO	Pricing	8	START	1395146681780
SCENARIO	Pricing	24	START	1395146681780
SCENARIO	Pricing	4	START	1395146681781
SCENARIO	Pricing	60	START	1395146681781
SCENARIO	Pricing	81	START	1395146681781
SCENARIO	Pricing	34	START	1395146681781
SCENARIO	Pricing	10	START	1395146681781
SCENARIO	Pricing	98	START	1395146681781
SCENARIO	Pricing	43	START	1395146681781
SCENARIO	Pricing	66	START	1395146681781
SCENARIO	Pricing	50	START	1395146681781
ACTION	Pricing	9	price	1395146681826	1395146681847	1395146705632	1395146705640	OK	 
ACTION	Pricing	64	price	1395146681823	1395146681848	1395146705632	1395146705641	OK	 
ACTION	Pricing	76	price	1395146681994	1395146681995	1395146705640	1395146705642	OK	 
ACTION	Pricing	1	price	1395146681912	1395146681936	1395146705646	1395146705646	OK	 
ACTION	Pricing	75	price	1395146681937	1395146681944	1395146705655	1395146705657	OK	 
ACTION	Pricing	39	price	1395146681956	1395146681964	1395146705637	1395146705640	OK	 
ACTION	Pricing	40	price	1395146681874	1395146681898	1395146705642	1395146705644	OK	 
ACTION	Pricing	54	price	1395146681954	1395146681961	1395146705670	1395146705670	OK	 
ACTION	Pricing	23	price	1395146681878	1395146681899	1395146705705	1395146705706	OK	 
ACTION	Pricing	17	price	1395146681829	1395146681881	1395146705714	1395146705714	OK	 
ACTION	Pricing	34	price	1395146681999	1395146682002	1395146705751	1395146705752	OK	 
ACTION	Pricing	41	price	1395146681961	1395146681964	1395146705761	1395146705761	OK	 
ACTION	Pricing	60	price	1395146681998	1395146682001	1395146705774	1395146705774	OK	 
ACTION	Pricing	68	price	1395146681868	1395146681898	1395146705786	1395146705786	OK	 
ACTION	Pricing	45	price	1395146681946	1395146681948	1395146705796	1395146705796	OK	 
ACTION	Pricing	2	price	1395146681903	1395146681929	1395146705812	1395146705812	OK	 
ACTION	Pricing	96	price	1395146681959	1395146681961	1395146705821	1395146705821	OK	 
ACTION	Pricing	89	price	1395146681984	1395146681985	1395146705832	1395146705832	OK	 
ACTION	Pricing	93	price	1395146681868	1395146681899	1395146705842	1395146705842	OK	 
ACTION	Pricing	84	price	1395146681904	1395146681929	1395146705859	1395146705859	OK	 
ACTION	Pricing	52	price	1395146681978	1395146681979	1395146705871	1395146705872	OK	 
ACTION	Pricing	12	price	1395146681827	1395146681869	1395146705881	1395146705882	OK	 
ACTION	Pricing	56	price	1395146681990	1395146681991	1395146705892	1395146705892	OK	 
ACTION	Pricing	85	price	1395146681914	1395146681941	1395146705905	1395146705906	OK	 
ACTION	Pricing	44	price	1395146681945	1395146681948	1395146705916	1395146705916	OK	 
ACTION	Pricing	86	price	1395146681982	1395146681983	1395146705927	1395146705927	OK	 
ACTION	Pricing	67	price	1395146681980	1395146681981	1395146705939	1395146705939	OK	 
ACTION	Pricing	3	price	1395146681868	1395146681883	1395146705949	1395146705950	OK	 
ACTION	Pricing	77	price	1395146681903	1395146681930	1395146705962	1395146705962	OK	 
ACTION	Pricing	24	price	1395146681996	1395146682001	1395146705974	1395146705974	OK	 
ACTION	Pricing	38	price	1395146681878	1395146681902	1395146705985	1395146705986	OK	 
ACTION	Pricing	87	price	1395146681875	1395146681899	1395146706005	1395146706006	OK	 
ACTION	Pricing	29	price	1395146681873	1395146681901	1395146706009	1395146706010	OK	 
ACTION	Pricing	33	price	1395146681933	1395146681944	1395146706022	1395146706022	OK	 
ACTION	Pricing	51	price	1395146681908	1395146681933	1395146706035	1395146706036	OK	 
ACTION	Pricing	58	price	1395146681957	1395146681964	1395146706049	1395146706049	OK	 
ACTION	Pricing	72	price	1395146681977	1395146681978	1395146706061	1395146706061	OK	 
ACTION	Pricing	81	price	1395146681999	1395146682002	1395146706074	1395146706074	OK	 
ACTION	Pricing	6	price	1395146681839	1395146681884	1395146706093	1395146706093	OK	 
ACTION	Pricing	70	price	1395146681910	1395146681937	1395146706097	1395146706098	OK	 
ACTION	Pricing	37	price	1395146681907	1395146681933	1395146706122	1395146706123	OK	 
ACTION	Pricing	16	price	1395146681979	1395146681980	1395146706123	1395146706123	OK	 
ACTION	Pricing	90	price	1395146681940	1395146681945	1395146706136	1395146706136	OK	 
ACTION	Pricing	71	price	1395146681913	1395146681938	1395146706149	1395146706150	OK	 
ACTION	Pricing	88	price	1395146681958	1395146681966	1395146706161	1395146706162	OK	 
ACTION	Pricing	35	price	1395146681841	1395146681881	1395146706176	1395146706176	OK	 
ACTION	Pricing	32	price	1395146681915	1395146681941	1395146706187	1395146706187	OK	 
ACTION	Pricing	92	price	1395146681911	1395146681937	1395146706197	1395146706197	OK	 
ACTION	Pricing	69	price	1395146681874	1395146681898	1395146706208	1395146706209	OK	 
ACTION	Pricing	57	price	1395146681975	1395146681976	1395146706220	1395146706220	OK	 
ACTION	Pricing	74	price	1395146681981	1395146681982	1395146706232	1395146706236	OK	 
ACTION	Pricing	15	price	1395146681839	1395146681885	1395146706243	1395146706244	OK	 
ACTION	Pricing	5	price	1395146681962	1395146681965	1395146706254	1395146706254	OK	 
ACTION	Pricing	19	price	1395146681977	1395146681977	1395146706267	1395146706267	OK	 
ACTION	Pricing	59	price	1395146681970	1395146681971	1395146706278	1395146706278	OK	 
ACTION	Pricing	14	price	1395146681930	1395146681942	1395146706293	1395146706293	OK	 
ACTION	Pricing	11	price	1395146681839	1395146681850	1395146706301	1395146706301	OK	 
ACTION	Pricing	43	price	1395146682006	1395146682007	1395146706312	1395146706312	OK	 
ACTION	Pricing	91	price	1395146681824	1395146681844	1395146706322	1395146706322	OK	 
ACTION	Pricing	55	price	1395146681983	1395146681984	1395146706334	1395146706334	OK	 
ACTION	Pricing	50	price	1395146682008	1395146682010	1395146706345	1395146706346	OK	 
ACTION	Pricing	95	price	1395146681972	1395146681972	1395146706357	1395146706358	OK	 
ACTION	Pricing	10	price	1395146682002	1395146682003	1395146706368	1395146706368	OK	 
ACTION	Pricing	73	price	1395146681995	1395146681997	1395146706379	1395146706379	OK	 
ACTION	Pricing	62	price	1395146681906	1395146681934	1395146706391	1395146706391	OK	 
ACTION	Pricing	65	price	1395146681872	1395146681900	1395146706401	1395146706402	OK	 
ACTION	Pricing	53	price	1395146681878	1395146681898	1395146706412	1395146706413	OK	 
ACTION	Pricing	4	price	1395146681997	1395146682000	1395146706424	1395146706424	OK	 
ACTION	Pricing	82	price	1395146681985	1395146681990	1395146706437	1395146706437	OK	 
ACTION	Pricing	26	price	1395146681905	1395146681932	1395146706447	1395146706448	OK	 
ACTION	Pricing	100	price	1395146681825	1395146681844	1395146706458	1395146706459	OK	 
ACTION	Pricing	97	price	1395146681964	1395146681968	1395146706471	1395146706471	OK	 
ACTION	Pricing	94	price	1395146681974	1395146681975	1395146706483	1395146706484	OK	 
ACTION	Pricing	80	price	1395146681988	1395146681991	1395146706496	1395146706497	OK	 
ACTION	Pricing	27	price	1395146681950	1395146681952	1395146706509	1395146706509	OK	 
ACTION	Pricing	66	price	1395146682007	1395146682008	1395146706519	1395146706520	OK	 
ACTION	Pricing	78	price	1395146681987	1395146681989	1395146706530	1395146706530	OK	 
ACTION	Pricing	30	price	1395146681947	1395146681950	1395146706542	1395146706542	OK	 
ACTION	Pricing	25	price	1395146681871	1395146681898	1395146706554	1395146706554	OK	 
ACTION	Pricing	31	price	1395146681845	1395146681887	1395146706567	1395146706568	OK	 
ACTION	Pricing	8	price	1395146681996	1395146681998	1395146706579	1395146706580	OK	 
ACTION	Pricing	18	price	1395146681952	1395146681953	1395146706590	1395146706591	OK	 
ACTION	Pricing	47	price	1395146681973	1395146681974	1395146706602	1395146706602	OK	 
ACTION	Pricing	49	price	1395146681839	1395146681884	1395146706612	1395146706612	OK	 
ACTION	Pricing	28	price	1395146681969	1395146681970	1395146706625	1395146706625	OK	 
ACTION	Pricing	83	price	1395146681992	1395146681993	1395146706635	1395146706636	OK	 
ACTION	Pricing	61	price	1395146681847	1395146681888	1395146706648	1395146706648	OK	 
ACTION	Pricing	36	price	1395146681993	1395146682000	1395146706660	1395146706660	OK	 
ACTION	Pricing	20	price	1395146681909	1395146681935	1395146706673	1395146706674	OK	 
ACTION	Pricing	21	price	1395146681865	1395146681888	1395146706684	1395146706684	OK	 
ACTION	Pricing	79	price	1395146681888	1395146681925	1395146706695	1395146706695	OK	 
ACTION	Pricing	48	price	1395146681832	1395146681882	1395146706706	1395146706706	OK	 
ACTION	Pricing	22	price	1395146681991	1395146681994	1395146706718	1395146706718	OK	 
ACTION	Pricing	99	price	1395146681986	1395146681989	1395146706729	1395146706729	OK	 
ACTION	Pricing	63	price	1395146681953	1395146681966	1395146706741	1395146706741	OK	 
ACTION	Pricing	42	price	1395146681868	1395146681901	1395146706752	1395146706752	OK	 
ACTION	Pricing	7	price	1395146681913	1395146681941	1395146706765	1395146706765	OK	 
ACTION	Pricing	46	price	1395146681931	1395146681944	1395146706775	1395146706776	OK	 
ACTION	Pricing	13	price	1395146681870	1395146681887	1395146706782	1395146706782	OK	 
ACTION	Pricing	98	price	1395146682003	1395146682007	1395146706791	1395146706791	OK	 
ACTION	Pricing	39	price	1395146705703	1395146705704	1395146706803	1395146706803	OK	 
ACTION	Pricing	64	price	1395146705697	1395146705698	1395146706822	1395146706822	OK	 
ACTION	Pricing	23	price	1395146705715	1395146705720	1395146706840	1395146706841	OK	 
ACTION	Pricing	76	price	1395146705695	1395146705697	1395146706860	1395146706860	OK	 
ACTION	Pricing	40	price	1395146705705	1395146705706	1395146706873	1395146706874	OK	 
ACTION	Pricing	17	price	1395146705720	1395146705721	1395146706887	1395146706887	OK	 
ACTION	Pricing	75	price	1395146705701	1395146705702	1395146706906	1395146706906	OK	 
ACTION	Pricing	9	price	1395146705712	1395146705714	1395146706923	1395146706924	OK	 
ACTION	Pricing	1	price	1395146705709	1395146705709	1395146706944	1395146706944	OK	 
ACTION	Pricing	54	price	1395146705710	1395146705711	1395146706955	1395146706955	OK	 
ACTION	Pricing	34	price	1395146705753	1395146705754	1395146706970	1395146706970	OK	 
ACTION	Pricing	41	price	1395146705764	1395146705764	1395146706981	1395146706981	OK	 
ACTION	Pricing	60	price	1395146705776	1395146705776	1395146706991	1395146706992	OK	 
ACTION	Pricing	68	price	1395146705788	1395146705789	1395146707001	1395146707002	OK	 
ACTION	Pricing	45	price	1395146705798	1395146705799	1395146707012	1395146707012	OK	 
ACTION	Pricing	2	price	1395146705813	1395146705814	1395146707024	1395146707024	OK	 
ACTION	Pricing	96	price	1395146705824	1395146705824	1395146707034	1395146707034	OK	 
ACTION	Pricing	89	price	1395146705833	1395146705834	1395146707045	1395146707045	OK	 
ACTION	Pricing	93	price	1395146705844	1395146705844	1395146707058	1395146707059	OK	 
ACTION	Pricing	84	price	1395146705864	1395146705864	1395146707072	1395146707072	OK	 
ACTION	Pricing	52	price	1395146705875	1395146705875	1395146707085	1395146707085	OK	 
ACTION	Pricing	12	price	1395146705883	1395146705884	1395146707098	1395146707098	OK	 
ACTION	Pricing	56	price	1395146705895	1395146705895	1395146707109	1395146707109	OK	 
ACTION	Pricing	85	price	1395146705907	1395146705908	1395146707119	1395146707119	OK	 
ACTION	Pricing	44	price	1395146705917	1395146705918	1395146707131	1395146707131	OK	 
ACTION	Pricing	86	price	1395146705929	1395146705929	1395146707142	1395146707142	OK	 
ACTION	Pricing	67	price	1395146705940	1395146705941	1395146707154	1395146707154	OK	 
ACTION	Pricing	3	price	1395146705951	1395146705952	1395146707165	1395146707165	OK	 
ACTION	Pricing	77	price	1395146705964	1395146705965	1395146707177	1395146707177	OK	 
ACTION	Pricing	38	price	1395146705987	1395146705988	1395146707203	1395146707203	OK	 
ACTION	Pricing	24	price	1395146705976	1395146705977	1395146707204	1395146707205	OK	 
ACTION	Pricing	87	price	1395146706007	1395146706008	1395146707217	1395146707218	OK	 
ACTION	Pricing	33	price	1395146706025	1395146706025	1395146707240	1395146707240	OK	 
ACTION	Pricing	29	price	1395146706011	1395146706012	1395146707242	1395146707242	OK	 
ACTION	Pricing	51	price	1395146706037	1395146706039	1395146707256	1395146707256	OK	 
ACTION	Pricing	58	price	1395146706052	1395146706052	1395146707268	1395146707268	OK	 
ACTION	Pricing	72	price	1395146706063	1395146706064	1395146707279	1395146707279	OK	 
ACTION	Pricing	81	price	1395146706077	1395146706077	1395146707299	1395146707299	OK	 
ACTION	Pricing	6	price	1395146706096	1395146706097	1395146707308	1395146707308	OK	 
ACTION	Pricing	70	price	1395146706099	1395146706103	1395146707318	1395146707318	OK	 
ACTION	Pricing	37	price	1395146706124	1395146706125	1395146707330	1395146707330	OK	 
ACTION	Pricing	16	price	1395146706127	1395146706127	1395146707339	1395146707340	OK	 
ACTION	Pricing	90	price	1395146706138	1395146706138	1395146707355	1395146707355	OK	 
ACTION	Pricing	71	price	1395146706154	1395146706154	1395146707365	1395146707365	OK	 
ACTION	Pricing	88	price	1395146706163	1395146706164	1395146707375	1395146707376	OK	 
ACTION	Pricing	35	price	1395146706178	1395146706179	1395146707385	1395146707386	OK	 
ACTION	Pricing	32	price	1395146706189	1395146706190	1395146707397	1395146707398	OK	 
ACTION	Pricing	92	price	1395146706199	1395146706200	1395146707415	1395146707415	OK	 
ACTION	Pricing	69	price	1395146706210	1395146706211	1395146707423	1395146707423	OK	 
ACTION	Pricing	57	price	1395146706221	1395146706222	1395146707435	1395146707436	OK	 
ACTION	Pricing	74	price	1395146706238	1395146706239	1395146707448	1395146707448	OK	 
ACTION	Pricing	15	price	1395146706245	1395146706246	1395146707458	1395146707458	OK	 
ACTION	Pricing	5	price	1395146706257	1395146706258	1395146707468	1395146707469	OK	 
ACTION	Pricing	19	price	1395146706268	1395146706269	1395146707479	1395146707479	OK	 
ACTION	Pricing	59	price	1395146706280	1395146706281	1395146707490	1395146707490	OK	 
ACTION	Pricing	14	price	1395146706295	1395146706295	1395146707504	1395146707504	OK	 
ACTION	Pricing	11	price	1395146706303	1395146706303	1395146707514	1395146707514	OK	 
ACTION	Pricing	43	price	1395146706313	1395146706314	1395146707525	1395146707525	OK	 
ACTION	Pricing	91	price	1395146706324	1395146706325	1395146707536	1395146707536	OK	 
ACTION	Pricing	55	price	1395146706336	1395146706336	1395146707546	1395146707546	OK	 
ACTION	Pricing	50	price	1395146706347	1395146706348	1395146707558	1395146707559	OK	 
ACTION	Pricing	95	price	1395146706359	1395146706359	1395146707569	1395146707570	OK	 
ACTION	Pricing	10	price	1395146706370	1395146706370	1395146707582	1395146707582	OK	 
ACTION	Pricing	73	price	1395146706381	1395146706381	1395146707592	1395146707592	OK	 
ACTION	Pricing	62	price	1395146706392	1395146706393	1395146707604	1395146707604	OK	 
ACTION	Pricing	65	price	1395146706403	1395146706404	1395146707613	1395146707614	OK	 
ACTION	Pricing	53	price	1395146706414	1395146706415	1395146707625	1395146707625	OK	 
ACTION	Pricing	4	price	1395146706426	1395146706427	1395146707637	1395146707637	OK	 
ACTION	Pricing	82	price	1395146706439	1395146706439	1395146707651	1395146707651	OK	 
ACTION	Pricing	26	price	1395146706449	1395146706450	1395146707661	1395146707662	OK	 
ACTION	Pricing	100	price	1395146706460	1395146706461	1395146707673	1395146707673	OK	 
ACTION	Pricing	97	price	1395146706472	1395146706473	1395146707683	1395146707683	OK	 
ACTION	Pricing	94	price	1395146706485	1395146706486	1395146707693	1395146707693	OK	 
ACTION	Pricing	80	price	1395146706499	1395146706499	1395146707703	1395146707704	OK	 
ACTION	Pricing	27	price	1395146706511	1395146706512	1395146707717	1395146707717	OK	 
ACTION	Pricing	66	price	1395146706521	1395146706522	1395146707729	1395146707729	OK	 
ACTION	Pricing	78	price	1395146706533	1395146706533	1395146707742	1395146707742	OK	 
ACTION	Pricing	30	price	1395146706544	1395146706544	1395146707752	1395146707752	OK	 
ACTION	Pricing	25	price	1395146706556	1395146706556	1395146707764	1395146707764	OK	 
ACTION	Pricing	31	price	1395146706570	1395146706570	1395146707774	1395146707775	OK	 
ACTION	Pricing	8	price	1395146706581	1395146706582	1395146707785	1395146707786	OK	 
ACTION	Pricing	18	price	1395146706592	1395146706593	1395146707799	1395146707799	OK	 
ACTION	Pricing	47	price	1395146706604	1395146706604	1395146707812	1395146707812	OK	 
ACTION	Pricing	49	price	1395146706614	1395146706615	1395146707823	1395146707823	OK	 
ACTION	Pricing	28	price	1395146706627	1395146706628	1395146707834	1395146707834	OK	 
ACTION	Pricing	83	price	1395146706637	1395146706637	1395146707846	1395146707846	OK	 
ACTION	Pricing	61	price	1395146706650	1395146706650	1395146707856	1395146707856	OK	 
ACTION	Pricing	36	price	1395146706661	1395146706662	1395146707868	1395146707868	OK	 
ACTION	Pricing	20	price	1395146706675	1395146706676	1395146707879	1395146707879	OK	 
ACTION	Pricing	21	price	1395146706685	1395146706686	1395146707899	1395146707900	OK	 
ACTION	Pricing	79	price	1395146706697	1395146706697	1395146707903	1395146707904	OK	 
ACTION	Pricing	48	price	1395146706707	1395146706708	1395146707922	1395146707922	OK	 
ACTION	Pricing	22	price	1395146706719	1395146706720	1395146707933	1395146707933	OK	 
ACTION	Pricing	99	price	1395146706732	1395146706732	1395146707944	1395146707944	OK	 
ACTION	Pricing	63	price	1395146706742	1395146706743	1395146707967	1395146707967	OK	 
ACTION	Pricing	42	price	1395146706754	1395146706754	1395146707970	1395146707970	OK	 
ACTION	Pricing	7	price	1395146706766	1395146706767	1395146707984	1395146707985	OK	 
ACTION	Pricing	13	price	1395146706784	1395146706784	1395146708007	1395146708008	OK	 
ACTION	Pricing	46	price	1395146706777	1395146706778	1395146708007	1395146708007	OK	 
ACTION	Pricing	98	price	1395146706793	1395146706793	1395146708022	1395146708022	OK	 
ACTION	Pricing	39	price	1395146706804	1395146706805	1395146708030	1395146708030	OK	 
ACTION	Pricing	64	price	1395146706824	1395146706824	1395146708041	1395146708041	OK	 
ACTION	Pricing	23	price	1395146706842	1395146706842	1395146708051	1395146708051	OK	 
ACTION	Pricing	76	price	1395146706862	1395146706863	1395146708063	1395146708064	OK	 
ACTION	Pricing	40	price	1395146706875	1395146706875	1395146708076	1395146708076	OK	 
ACTION	Pricing	17	price	1395146706888	1395146706889	1395146708096	1395146708097	OK	 
ACTION	Pricing	75	price	1395146706907	1395146706908	1395146708103	1395146708103	OK	 
ACTION	Pricing	9	price	1395146706925	1395146706925	1395146708119	1395146708119	OK	 
ACTION	Pricing	1	price	1395146706946	1395146706946	1395146708128	1395146708128	OK	 
ACTION	Pricing	54	price	1395146706957	1395146706957	1395146708139	1395146708139	OK	 
ACTION	Pricing	34	price	1395146706972	1395146706972	1395146708150	1395146708150	OK	 
ACTION	Pricing	41	price	1395146706982	1395146706983	1395146708161	1395146708162	OK	 
ACTION	Pricing	60	price	1395146706993	1395146706993	1395146708173	1395146708174	OK	 
ACTION	Pricing	68	price	1395146707003	1395146707004	1395146708185	1395146708185	OK	 
ACTION	Pricing	45	price	1395146707014	1395146707014	1395146708194	1395146708195	OK	 
ACTION	Pricing	2	price	1395146707025	1395146707026	1395146708206	1395146708206	OK	 
ACTION	Pricing	96	price	1395146707036	1395146707036	1395146708216	1395146708216	OK	 
ACTION	Pricing	89	price	1395146707047	1395146707047	1395146708228	1395146708228	OK	 
ACTION	Pricing	93	price	1395146707060	1395146707061	1395146708239	1395146708240	OK	 
ACTION	Pricing	84	price	1395146707074	1395146707075	1395146708251	1395146708251	OK	 
ACTION	Pricing	52	price	1395146707087	1395146707087	1395146708263	1395146708264	OK	 
ACTION	Pricing	12	price	1395146707100	1395146707100	1395146708276	1395146708276	OK	 
ACTION	Pricing	56	price	1395146707111	1395146707111	1395146708288	1395146708288	OK	 
ACTION	Pricing	85	price	1395146707120	1395146707121	1395146708299	1395146708299	OK	 
ACTION	Pricing	44	price	1395146707133	1395146707133	1395146708309	1395146708310	OK	 
ACTION	Pricing	86	price	1395146707144	1395146707144	1395146708321	1395146708321	OK	 
ACTION	Pricing	67	price	1395146707156	1395146707157	1395146708331	1395146708331	OK	 
ACTION	Pricing	3	price	1395146707167	1395146707167	1395146708344	1395146708344	OK	 
ACTION	Pricing	77	price	1395146707178	1395146707179	1395146708356	1395146708356	OK	 
ACTION	Pricing	38	price	1395146707205	1395146707206	1395146708369	1395146708369	OK	 
ACTION	Pricing	24	price	1395146707206	1395146707207	1395146708381	1395146708381	OK	 
ACTION	Pricing	87	price	1395146707219	1395146707220	1395146708392	1395146708392	OK	 
ACTION	Pricing	33	price	1395146707243	1395146707243	1395146708403	1395146708403	OK	 
ACTION	Pricing	29	price	1395146707245	1395146707245	1395146708414	1395146708414	OK	 
ACTION	Pricing	51	price	1395146707258	1395146707258	1395146708427	1395146708427	OK	 
ACTION	Pricing	58	price	1395146707270	1395146707270	1395146708439	1395146708440	OK	 
ACTION	Pricing	72	price	1395146707281	1395146707281	1395146708448	1395146708448	OK	 
ACTION	Pricing	81	price	1395146707301	1395146707301	1395146708459	1395146708459	OK	 
ACTION	Pricing	6	price	1395146707309	1395146707310	1395146708470	1395146708470	OK	 
ACTION	Pricing	70	price	1395146707320	1395146707320	1395146708481	1395146708481	OK	 
ACTION	Pricing	37	price	1395146707332	1395146707332	1395146708514	1395146708514	OK	 
ACTION	Pricing	16	price	1395146707341	1395146707342	1395146708524	1395146708524	OK	 
ACTION	Pricing	90	price	1395146707357	1395146707358	1395146708538	1395146708538	OK	 
ACTION	Pricing	71	price	1395146707366	1395146707367	1395146708551	1395146708552	OK	 
ACTION	Pricing	88	price	1395146707377	1395146707378	1395146708561	1395146708561	OK	 
ACTION	Pricing	35	price	1395146707388	1395146707389	1395146708572	1395146708572	OK	 
ACTION	Pricing	32	price	1395146707399	1395146707399	1395146708583	1395146708583	OK	 
ACTION	Pricing	92	price	1395146707416	1395146707417	1395146708594	1395146708595	OK	 
ACTION	Pricing	69	price	1395146707425	1395146707425	1395146708610	1395146708610	OK	 
ACTION	Pricing	57	price	1395146707437	1395146707438	1395146708625	1395146708626	OK	 
ACTION	Pricing	74	price	1395146707450	1395146707450	1395146708639	1395146708640	OK	 
ACTION	Pricing	15	price	1395146707462	1395146707463	1395146708648	1395146708649	OK	 
ACTION	Pricing	5	price	1395146707470	1395146707471	1395146708658	1395146708659	OK	 
ACTION	Pricing	19	price	1395146707481	1395146707481	1395146708671	1395146708671	OK	 
ACTION	Pricing	59	price	1395146707492	1395146707493	1395146708682	1395146708682	OK	 
ACTION	Pricing	14	price	1395146707506	1395146707506	1395146708694	1395146708694	OK	 
ACTION	Pricing	11	price	1395146707515	1395146707517	1395146708707	1395146708707	OK	 
ACTION	Pricing	43	price	1395146707527	1395146707527	1395146708726	1395146708726	OK	 
ACTION	Pricing	91	price	1395146707537	1395146707538	1395146708738	1395146708738	OK	 
ACTION	Pricing	55	price	1395146707548	1395146707549	1395146708751	1395146708751	OK	 
ACTION	Pricing	50	price	1395146707560	1395146707560	1395146708763	1395146708763	OK	 
ACTION	Pricing	95	price	1395146707571	1395146707571	1395146708778	1395146708778	OK	 
ACTION	Pricing	10	price	1395146707583	1395146707584	1395146708788	1395146708788	OK	 
ACTION	Pricing	73	price	1395146707594	1395146707598	1395146708799	1395146708799	OK	 
ACTION	Pricing	62	price	1395146707606	1395146707606	1395146708811	1395146708811	OK	 
ACTION	Pricing	65	price	1395146707615	1395146707616	1395146708824	1395146708825	OK	 
ACTION	Pricing	53	price	1395146707626	1395146707627	1395146708835	1395146708835	OK	 
ACTION	Pricing	4	price	1395146707638	1395146707639	1395146708846	1395146708846	OK	 
ACTION	Pricing	82	price	1395146707652	1395146707652	1395146708856	1395146708856	OK	 
ACTION	Pricing	26	price	1395146707663	1395146707664	1395146708870	1395146708870	OK	 
ACTION	Pricing	100	price	1395146707674	1395146707675	1395146708883	1395146708883	OK	 
ACTION	Pricing	97	price	1395146707684	1395146707685	1395146708894	1395146708894	OK	 
ACTION	Pricing	94	price	1395146707697	1395146707697	1395146708906	1395146708907	OK	 
ACTION	Pricing	80	price	1395146707705	1395146707706	1395146708916	1395146708917	OK	 
ACTION	Pricing	27	price	1395146707718	1395146707719	1395146708929	1395146708929	OK	 
ACTION	Pricing	66	price	1395146707731	1395146707732	1395146708939	1395146708939	OK	 
ACTION	Pricing	78	price	1395146707757	1395146707758	1395146708950	1395146708950	OK	 
ACTION	Pricing	30	price	1395146707758	1395146707759	1395146708961	1395146708961	OK	 
ACTION	Pricing	25	price	1395146707766	1395146707766	1395146708971	1395146708971	OK	 
ACTION	Pricing	31	price	1395146707776	1395146707777	1395146708982	1395146708982	OK	 
ACTION	Pricing	8	price	1395146707787	1395146707788	1395146708993	1395146708993	OK	 
ACTION	Pricing	18	price	1395146707800	1395146707801	1395146709012	1395146709013	OK	 
ACTION	Pricing	47	price	1395146707814	1395146707814	1395146709027	1395146709027	OK	 
ACTION	Pricing	49	price	1395146707826	1395146707826	1395146709040	1395146709040	OK	 
ACTION	Pricing	28	price	1395146707836	1395146707836	1395146709052	1395146709052	OK	 
ACTION	Pricing	83	price	1395146707848	1395146707848	1395146709066	1395146709066	OK	 
ACTION	Pricing	61	price	1395146707858	1395146707858	1395146709078	1395146709079	OK	 
ACTION	Pricing	36	price	1395146707870	1395146707870	1395146709091	1395146709091	OK	 
ACTION	Pricing	20	price	1395146707881	1395146707881	1395146709102	1395146709102	OK	 
ACTION	Pricing	21	price	1395146707901	1395146707901	1395146709115	1395146709116	OK	 
ACTION	Pricing	79	price	1395146707905	1395146707906	1395146709126	1395146709126	OK	 
ACTION	Pricing	48	price	1395146707924	1395146707924	1395146709135	1395146709135	OK	 
ACTION	Pricing	22	price	1395146707934	1395146707935	1395146709146	1395146709146	OK	 
ACTION	Pricing	99	price	1395146707946	1395146707946	1395146709158	1395146709158	OK	 
ACTION	Pricing	63	price	1395146707969	1395146707969	1395146709171	1395146709171	OK	 
ACTION	Pricing	42	price	1395146707972	1395146707972	1395146709180	1395146709181	OK	 
ACTION	Pricing	7	price	1395146707986	1395146707987	1395146709192	1395146709192	OK	 
ACTION	Pricing	13	price	1395146708009	1395146708010	1395146709204	1395146709204	OK	 
ACTION	Pricing	46	price	1395146708012	1395146708012	1395146709214	1395146709214	OK	 
ACTION	Pricing	98	price	1395146708024	1395146708024	1395146709224	1395146709225	OK	 
ACTION	Pricing	39	price	1395146708032	1395146708033	1395146709234	1395146709235	OK	 
ACTION	Pricing	64	price	1395146708043	1395146708043	1395146709248	1395146709248	OK	 
ACTION	Pricing	23	price	1395146708053	1395146708053	1395146709261	1395146709261	OK	 
ACTION	Pricing	76	price	1395146708065	1395146708065	1395146709274	1395146709274	OK	 
ACTION	Pricing	40	price	1395146708077	1395146708078	1395146709285	1395146709285	OK	 
ACTION	Pricing	17	price	1395146708098	1395146708098	1395146709295	1395146709295	OK	 
ACTION	Pricing	75	price	1395146708105	1395146708105	1395146709305	1395146709306	OK	 
ACTION	Pricing	9	price	1395146708121	1395146708121	1395146709316	1395146709316	OK	 
ACTION	Pricing	1	price	1395146708129	1395146708130	1395146709329	1395146709329	OK	 
ACTION	Pricing	54	price	1395146708140	1395146708141	1395146709341	1395146709341	OK	 
ACTION	Pricing	34	price	1395146708151	1395146708152	1395146709354	1395146709355	OK	 
ACTION	Pricing	41	price	1395146708163	1395146708164	1395146709365	1395146709365	OK	 
ACTION	Pricing	60	price	1395146708175	1395146708175	1395146709378	1395146709378	OK	 
ACTION	Pricing	68	price	1395146708186	1395146708187	1395146709388	1395146709388	OK	 
ACTION	Pricing	45	price	1395146708197	1395146708197	1395146709399	1395146709400	OK	 
ACTION	Pricing	2	price	1395146708207	1395146708208	1395146709411	1395146709411	OK	 
ACTION	Pricing	96	price	1395146708218	1395146708219	1395146709423	1395146709423	OK	 
ACTION	Pricing	89	price	1395146708230	1395146708230	1395146709436	1395146709436	OK	 
ACTION	Pricing	93	price	1395146708241	1395146708242	1395146709450	1395146709450	OK	 
ACTION	Pricing	84	price	1395146708253	1395146708253	1395146709460	1395146709460	OK	 
ACTION	Pricing	52	price	1395146708265	1395146708265	1395146709473	1395146709473	OK	 
ACTION	Pricing	12	price	1395146708277	1395146708278	1395146709483	1395146709484	OK	 
ACTION	Pricing	56	price	1395146708289	1395146708290	1395146709494	1395146709494	OK	 
ACTION	Pricing	85	price	1395146708300	1395146708301	1395146709505	1395146709505	OK	 
ACTION	Pricing	44	price	1395146708311	1395146708311	1395146709517	1395146709517	OK	 
ACTION	Pricing	86	price	1395146708322	1395146708322	1395146709529	1395146709529	OK	 
ACTION	Pricing	67	price	1395146708332	1395146708333	1395146709540	1395146709540	OK	 
ACTION	Pricing	3	price	1395146708345	1395146708346	1395146709549	1395146709549	OK	 
ACTION	Pricing	77	price	1395146708357	1395146708358	1395146709560	1395146709560	OK	 
ACTION	Pricing	38	price	1395146708371	1395146708371	1395146709572	1395146709572	OK	 
ACTION	Pricing	24	price	1395146708383	1395146708383	1395146709586	1395146709586	OK	 
ACTION	Pricing	33	price	1395146708405	1395146708405	1395146709608	1395146709608	OK	 
ACTION	Pricing	87	price	1395146708394	1395146708394	1395146709614	1395146709614	OK	 
ACTION	Pricing	29	price	1395146708416	1395146708417	1395146709637	1395146709637	OK	 
ACTION	Pricing	51	price	1395146708428	1395146708429	1395146709647	1395146709647	OK	 
ACTION	Pricing	58	price	1395146708441	1395146708442	1395146709657	1395146709658	OK	 
ACTION	Pricing	72	price	1395146708450	1395146708450	1395146709668	1395146709669	OK	 
ACTION	Pricing	81	price	1395146708461	1395146708461	1395146709681	1395146709681	OK	 
ACTION	Pricing	6	price	1395146708472	1395146708472	1395146709692	1395146709693	OK	 
ACTION	Pricing	70	price	1395146708482	1395146708483	1395146709707	1395146709708	OK	 
ACTION	Pricing	37	price	1395146708516	1395146708517	1395146709715	1395146709715	OK	 
ACTION	Pricing	16	price	1395146708526	1395146708526	1395146709725	1395146709725	OK	 
ACTION	Pricing	90	price	1395146708540	1395146708540	1395146709738	1395146709738	OK	 
ACTION	Pricing	71	price	1395146708553	1395146708553	1395146709748	1395146709748	OK	 
ACTION	Pricing	88	price	1395146708562	1395146708563	1395146709759	1395146709759	OK	 
ACTION	Pricing	35	price	1395146708574	1395146708574	1395146709772	1395146709772	OK	 
ACTION	Pricing	32	price	1395146708585	1395146708585	1395146709785	1395146709785	OK	 
ACTION	Pricing	92	price	1395146708596	1395146708597	1395146709797	1395146709797	OK	 
ACTION	Pricing	69	price	1395146708613	1395146708613	1395146709808	1395146709808	OK	 
ACTION	Pricing	57	price	1395146708627	1395146708628	1395146709821	1395146709821	OK	 
ACTION	Pricing	74	price	1395146708641	1395146708641	1395146709830	1395146709831	OK	 
ACTION	Pricing	15	price	1395146708650	1395146708651	1395146709844	1395146709844	OK	 
ACTION	Pricing	5	price	1395146708665	1395146708665	1395146709862	1395146709863	OK	 
ACTION	Pricing	19	price	1395146708672	1395146708673	1395146709872	1395146709872	OK	 
ACTION	Pricing	59	price	1395146708684	1395146708684	1395146709883	1395146709883	OK	 
ACTION	Pricing	14	price	1395146708696	1395146708696	1395146709894	1395146709894	OK	 
ACTION	Pricing	11	price	1395146708709	1395146708709	1395146709903	1395146709904	OK	 
ACTION	Pricing	43	price	1395146708728	1395146708729	1395146709916	1395146709916	OK	 
ACTION	Pricing	91	price	1395146708740	1395146708740	1395146709938	1395146709938	OK	 
ACTION	Pricing	55	price	1395146708752	1395146708753	1395146709941	1395146709941	OK	 
ACTION	Pricing	50	price	1395146708765	1395146708765	1395146709959	1395146709960	OK	 
ACTION	Pricing	95	price	1395146708780	1395146708780	1395146709973	1395146709973	OK	 
ACTION	Pricing	10	price	1395146708790	1395146708790	1395146709980	1395146709980	OK	 
ACTION	Pricing	73	price	1395146708801	1395146708801	1395146709992	1395146709992	OK	 
ACTION	Pricing	62	price	1395146708812	1395146708813	1395146710002	1395146710003	OK	 
ACTION	Pricing	65	price	1395146708826	1395146708827	1395146710013	1395146710013	OK	 
ACTION	Pricing	53	price	1395146708837	1395146708837	1395146710025	1395146710025	OK	 
ACTION	Pricing	4	price	1395146708847	1395146708848	1395146710040	1395146710040	OK	 
ACTION	Pricing	82	price	1395146708858	1395146708858	1395146710052	1395146710052	OK	 
ACTION	Pricing	26	price	1395146708872	1395146708872	1395146710064	1395146710064	OK	 
ACTION	Pricing	100	price	1395146708885	1395146708885	1395146710076	1395146710076	OK	 
ACTION	Pricing	97	price	1395146708895	1395146708896	1395146710087	1395146710087	OK	 
ACTION	Pricing	94	price	1395146708908	1395146708908	1395146710098	1395146710098	OK	 
ACTION	Pricing	80	price	1395146708918	1395146708918	1395146710109	1395146710109	OK	 
ACTION	Pricing	27	price	1395146708930	1395146708931	1395146710122	1395146710122	OK	 
ACTION	Pricing	66	price	1395146708941	1395146708941	1395146710134	1395146710134	OK	 
ACTION	Pricing	78	price	1395146708952	1395146708952	1395146710147	1395146710147	OK	 
ACTION	Pricing	30	price	1395146708962	1395146708963	1395146710157	1395146710157	OK	 
ACTION	Pricing	25	price	1395146708973	1395146708973	1395146710167	1395146710167	OK	 
ACTION	Pricing	31	price	1395146708984	1395146708984	1395146710178	1395146710179	OK	 
ACTION	Pricing	8	price	1395146708994	1395146708995	1395146710190	1395146710190	OK	 
ACTION	Pricing	18	price	1395146709015	1395146709015	1395146710202	1395146710202	OK	 
ACTION	Pricing	47	price	1395146709028	1395146709029	1395146710212	1395146710212	OK	 
ACTION	Pricing	49	price	1395146709042	1395146709042	1395146710224	1395146710224	OK	 
ACTION	Pricing	28	price	1395146709054	1395146709054	1395146710236	1395146710237	OK	 
ACTION	Pricing	83	price	1395146709068	1395146709068	1395146710249	1395146710249	OK	 
ACTION	Pricing	61	price	1395146709081	1395146709081	1395146710263	1395146710263	OK	 
ACTION	Pricing	36	price	1395146709093	1395146709093	1395146710273	1395146710273	OK	 
ACTION	Pricing	20	price	1395146709105	1395146709105	1395146710282	1395146710282	OK	 
ACTION	Pricing	21	price	1395146709117	1395146709118	1395146710292	1395146710292	OK	 
ACTION	Pricing	79	price	1395146709128	1395146709128	1395146710304	1395146710304	OK	 
ACTION	Pricing	48	price	1395146709136	1395146709137	1395146710314	1395146710315	OK	 
ACTION	Pricing	22	price	1395146709147	1395146709148	1395146710327	1395146710327	OK	 
ACTION	Pricing	99	price	1395146709159	1395146709160	1395146710337	1395146710337	OK	 
ACTION	Pricing	63	price	1395146709172	1395146709172	1395146710350	1395146710350	OK	 
ACTION	Pricing	42	price	1395146709182	1395146709182	1395146710361	1395146710361	OK	 
ACTION	Pricing	7	price	1395146709193	1395146709194	1395146710372	1395146710372	OK	 
ACTION	Pricing	13	price	1395146709206	1395146709206	1395146710383	1395146710383	OK	 
ACTION	Pricing	46	price	1395146709216	1395146709216	1395146710393	1395146710393	OK	 
ACTION	Pricing	98	price	1395146709226	1395146709226	1395146710406	1395146710406	OK	 
ACTION	Pricing	39	price	1395146709236	1395146709237	1395146710424	1395146710424	OK	 
ACTION	Pricing	64	price	1395146709249	1395146709250	1395146710434	1395146710434	OK	 
ACTION	Pricing	23	price	1395146709263	1395146709263	1395146710447	1395146710448	OK	 
ACTION	Pricing	76	price	1395146709276	1395146709276	1395146710458	1395146710459	OK	 
ACTION	Pricing	40	price	1395146709286	1395146709287	1395146710469	1395146710469	OK	 
ACTION	Pricing	17	price	1395146709297	1395146709297	1395146710479	1395146710479	OK	 
ACTION	Pricing	75	price	1395146709307	1395146709307	1395146710489	1395146710490	OK	 
ACTION	Pricing	9	price	1395146709318	1395146709318	1395146710502	1395146710502	OK	 
ACTION	Pricing	1	price	1395146709331	1395146709332	1395146710515	1395146710515	OK	 
ACTION	Pricing	54	price	1395146709343	1395146709343	1395146710528	1395146710528	OK	 
ACTION	Pricing	34	price	1395146709366	1395146709367	1395146710541	1395146710541	OK	 
ACTION	Pricing	41	price	1395146709368	1395146709368	1395146710553	1395146710553	OK	 
ACTION	Pricing	60	price	1395146709379	1395146709380	1395146710564	1395146710564	OK	 
ACTION	Pricing	68	price	1395146709389	1395146709390	1395146710575	1395146710575	OK	 
ACTION	Pricing	45	price	1395146709401	1395146709401	1395146710587	1395146710587	OK	 
ACTION	Pricing	2	price	1395146709412	1395146709413	1395146710596	1395146710597	OK	 
ACTION	Pricing	96	price	1395146709425	1395146709425	1395146710608	1395146710608	OK	 
ACTION	Pricing	89	price	1395146709437	1395146709438	1395146710619	1395146710620	OK	 
ACTION	Pricing	93	price	1395146709452	1395146709452	1395146710631	1395146710631	OK	 
ACTION	Pricing	84	price	1395146709462	1395146709462	1395146710643	1395146710643	OK	 
ACTION	Pricing	52	price	1395146709475	1395146709475	1395146710654	1395146710654	OK	 
ACTION	Pricing	12	price	1395146709485	1395146709485	1395146710664	1395146710664	OK	 
ACTION	Pricing	56	price	1395146709495	1395146709496	1395146710675	1395146710675	OK	 
ACTION	Pricing	85	price	1395146709507	1395146709507	1395146710686	1395146710686	OK	 
ACTION	Pricing	44	price	1395146709518	1395146709519	1395146710697	1395146710697	OK	 
ACTION	Pricing	86	price	1395146709530	1395146709531	1395146710707	1395146710707	OK	 
ACTION	Pricing	67	price	1395146709541	1395146709542	1395146710718	1395146710718	OK	 
ACTION	Pricing	3	price	1395146709550	1395146709551	1395146710730	1395146710731	OK	 
ACTION	Pricing	77	price	1395146709562	1395146709562	1395146710742	1395146710742	OK	 
ACTION	Pricing	38	price	1395146709573	1395146709574	1395146710753	1395146710754	OK	 
ACTION	Pricing	24	price	1395146709588	1395146709588	1395146710767	1395146710767	OK	 
ACTION	Pricing	33	price	1395146709610	1395146709610	1395146710780	1395146710780	OK	 
ACTION	Pricing	87	price	1395146709615	1395146709616	1395146710793	1395146710793	OK	 
ACTION	Pricing	29	price	1395146709639	1395146709639	1395146710810	1395146710810	OK	 
ACTION	Pricing	51	price	1395146709648	1395146709649	1395146710824	1395146710824	OK	 
ACTION	Pricing	58	price	1395146709659	1395146709659	1395146710834	1395146710834	OK	 
ACTION	Pricing	72	price	1395146709670	1395146709671	1395146710846	1395146710846	OK	 
ACTION	Pricing	81	price	1395146709683	1395146709683	1395146710857	1395146710857	OK	 
ACTION	Pricing	6	price	1395146709694	1395146709694	1395146710868	1395146710868	OK	 
ACTION	Pricing	70	price	1395146709709	1395146709709	1395146710880	1395146710880	OK	 
ACTION	Pricing	37	price	1395146709716	1395146709716	1395146710891	1395146710891	OK	 
ACTION	Pricing	16	price	1395146709727	1395146709729	1395146710901	1395146710902	OK	 
ACTION	Pricing	90	price	1395146709739	1395146709740	1395146710913	1395146710914	OK	 
ACTION	Pricing	71	price	1395146709749	1395146709750	1395146710927	1395146710927	OK	 
ACTION	Pricing	88	price	1395146709760	1395146709761	1395146710936	1395146710937	OK	 
ACTION	Pricing	35	price	1395146709773	1395146709774	1395146710946	1395146710946	OK	 
ACTION	Pricing	32	price	1395146709786	1395146709787	1395146710958	1395146710959	OK	 
ACTION	Pricing	92	price	1395146709798	1395146709798	1395146710970	1395146710971	OK	 
ACTION	Pricing	69	price	1395146709810	1395146709810	1395146710986	1395146710986	OK	 
ACTION	Pricing	57	price	1395146709827	1395146709827	1395146711000	1395146711000	OK	 
ACTION	Pricing	74	price	1395146709832	1395146709833	1395146711013	1395146711013	OK	 
ACTION	Pricing	15	price	1395146709846	1395146709847	1395146711027	1395146711027	OK	 
ACTION	Pricing	5	price	1395146709864	1395146709865	1395146711037	1395146711037	OK	 
ACTION	Pricing	19	price	1395146709873	1395146709874	1395146711049	1395146711049	OK	 
ACTION	Pricing	59	price	1395146709884	1395146709885	1395146711059	1395146711059	OK	 
ACTION	Pricing	14	price	1395146709896	1395146709896	1395146711072	1395146711072	OK	 
ACTION	Pricing	11	price	1395146709905	1395146709906	1395146711086	1395146711087	OK	 
ACTION	Pricing	43	price	1395146709917	1395146709918	1395146711098	1395146711099	OK	 
ACTION	Pricing	91	price	1395146709940	1395146709940	1395146711110	1395146711111	OK	 
ACTION	Pricing	55	price	1395146709943	1395146709943	1395146711121	1395146711121	OK	 
ACTION	Pricing	73	price	1395146709993	1395146709994	1395146711168	1395146711168	OK	 
ACTION	Pricing	50	price	1395146709961	1395146709962	1395146711169	1395146711169	OK	 
ACTION	Pricing	95	price	1395146709975	1395146709975	1395146711168	1395146711168	OK	 
ACTION	Pricing	10	price	1395146709982	1395146709982	1395146711169	1395146711169	OK	 
ACTION	Pricing	62	price	1395146710004	1395146710005	1395146711185	1395146711186	OK	 
ACTION	Pricing	65	price	1395146710015	1395146710015	1395146711192	1395146711192	OK	 
ACTION	Pricing	53	price	1395146710026	1395146710027	1395146711203	1395146711203	OK	 
ACTION	Pricing	4	price	1395146710042	1395146710045	1395146711214	1395146711214	OK	 
ACTION	Pricing	82	price	1395146710053	1395146710054	1395146711226	1395146711226	OK	 
ACTION	Pricing	26	price	1395146710066	1395146710066	1395146711239	1395146711240	OK	 
ACTION	Pricing	100	price	1395146710077	1395146710078	1395146711251	1395146711251	OK	 
ACTION	Pricing	97	price	1395146710089	1395146710089	1395146711263	1395146711264	OK	 
ACTION	Pricing	94	price	1395146710100	1395146710100	1395146711283	1395146711284	OK	 
ACTION	Pricing	80	price	1395146710111	1395146710112	1395146711294	1395146711294	OK	 
ACTION	Pricing	27	price	1395146710123	1395146710123	1395146711304	1395146711304	OK	 
ACTION	Pricing	66	price	1395146710136	1395146710136	1395146711322	1395146711322	OK	 
ACTION	Pricing	78	price	1395146710149	1395146710149	1395146711334	1395146711334	OK	 
ACTION	Pricing	30	price	1395146710158	1395146710158	1395146711347	1395146711348	OK	 
ACTION	Pricing	25	price	1395146710169	1395146710169	1395146711358	1395146711358	OK	 
ACTION	Pricing	31	price	1395146710181	1395146710181	1395146711369	1395146711369	OK	 
ACTION	Pricing	8	price	1395146710192	1395146710192	1395146711381	1395146711381	OK	 
ACTION	Pricing	18	price	1395146710203	1395146710203	1395146711391	1395146711396	OK	 
ACTION	Pricing	47	price	1395146710214	1395146710214	1395146711405	1395146711405	OK	 
ACTION	Pricing	49	price	1395146710225	1395146710226	1395146711419	1395146711420	OK	 
ACTION	Pricing	28	price	1395146710238	1395146710238	1395146711434	1395146711434	OK	 
ACTION	Pricing	83	price	1395146710251	1395146710251	1395146711444	1395146711444	OK	 
ACTION	Pricing	61	price	1395146710264	1395146710265	1395146711457	1395146711457	OK	 
ACTION	Pricing	36	price	1395146710274	1395146710274	1395146711469	1395146711469	OK	 
ACTION	Pricing	20	price	1395146710283	1395146710284	1395146711483	1395146711483	OK	 
ACTION	Pricing	21	price	1395146710294	1395146710294	1395146711498	1395146711499	OK	 
ACTION	Pricing	79	price	1395146710305	1395146710305	1395146711521	1395146711521	OK	 
ACTION	Pricing	48	price	1395146710316	1395146710316	1395146711526	1395146711526	OK	 
ACTION	Pricing	22	price	1395146710328	1395146710329	1395146711538	1395146711538	OK	 
ACTION	Pricing	99	price	1395146710338	1395146710338	1395146711551	1395146711552	OK	 
ACTION	Pricing	63	price	1395146710352	1395146710352	1395146711566	1395146711566	OK	 
ACTION	Pricing	42	price	1395146710362	1395146710363	1395146711581	1395146711582	OK	 
ACTION	Pricing	7	price	1395146710373	1395146710374	1395146711591	1395146711591	OK	 
ACTION	Pricing	13	price	1395146710384	1395146710384	1395146711604	1395146711604	OK	 
ACTION	Pricing	46	price	1395146710395	1395146710395	1395146711616	1395146711616	OK	 
ACTION	Pricing	98	price	1395146710407	1395146710408	1395146711628	1395146711628	OK	 
ACTION	Pricing	39	price	1395146710425	1395146710425	1395146711650	1395146711650	OK	 
ACTION	Pricing	64	price	1395146710435	1395146710436	1395146711652	1395146711652	OK	 
ACTION	Pricing	23	price	1395146710449	1395146710449	1395146711668	1395146711668	OK	 
ACTION	Pricing	76	price	1395146710460	1395146710460	1395146711680	1395146711680	OK	 
ACTION	Pricing	40	price	1395146710471	1395146710471	1395146711691	1395146711692	OK	 
ACTION	Pricing	17	price	1395146710481	1395146710481	1395146711704	1395146711704	OK	 
ACTION	Pricing	75	price	1395146710491	1395146710491	1395146711715	1395146711716	OK	 
ACTION	Pricing	9	price	1395146710503	1395146710504	1395146711728	1395146711729	OK	 
ACTION	Pricing	1	price	1395146710516	1395146710517	1395146711744	1395146711745	OK	 
ACTION	Pricing	54	price	1395146710529	1395146710530	1395146711754	1395146711755	OK	 
ACTION	Pricing	34	price	1395146710543	1395146710543	1395146711765	1395146711765	OK	 
ACTION	Pricing	41	price	1395146710555	1395146710555	1395146711777	1395146711777	OK	 
ACTION	Pricing	60	price	1395146710565	1395146710566	1395146711792	1395146711792	OK	 
SCENARIO	Pricing	60	END	1395146711793
ACTION	Pricing	68	price	1395146710576	1395146710577	1395146711804	1395146711804	OK	 
SCENARIO	Pricing	68	END	1395146711805
ACTION	Pricing	45	price	1395146710588	1395146710588	1395146711816	1395146711816	OK	 
SCENARIO	Pricing	45	END	1395146711817
ACTION	Pricing	2	price	1395146710598	1395146710598	1395146711828	1395146711829	OK	 
SCENARIO	Pricing	2	END	1395146711829
ACTION	Pricing	96	price	1395146710610	1395146710610	1395146711840	1395146711840	OK	 
SCENARIO	Pricing	96	END	1395146711841
ACTION	Pricing	89	price	1395146710621	1395146710621	1395146711852	1395146711852	OK	 
SCENARIO	Pricing	89	END	1395146711853
ACTION	Pricing	93	price	1395146710633	1395146710633	1395146711864	1395146711864	OK	 
SCENARIO	Pricing	93	END	1395146711865
ACTION	Pricing	84	price	1395146710644	1395146710645	1395146711876	1395146711876	OK	 
SCENARIO	Pricing	84	END	1395146711877
ACTION	Pricing	52	price	1395146710655	1395146710656	1395146711888	1395146711888	OK	 
SCENARIO	Pricing	52	END	1395146711889
ACTION	Pricing	12	price	1395146710665	1395146710666	1395146711901	1395146711901	OK	 
SCENARIO	Pricing	12	END	1395146711902
ACTION	Pricing	56	price	1395146710676	1395146710677	1395146711913	1395146711913	OK	 
SCENARIO	Pricing	56	END	1395146711914
ACTION	Pricing	85	price	1395146710687	1395146710688	1395146711926	1395146711926	OK	 
SCENARIO	Pricing	85	END	1395146711927
ACTION	Pricing	44	price	1395146710699	1395146710699	1395146711939	1395146711939	OK	 
SCENARIO	Pricing	44	END	1395146711940
ACTION	Pricing	86	price	1395146710708	1395146710709	1395146711952	1395146711952	OK	 
SCENARIO	Pricing	86	END	1395146711953
ACTION	Pricing	67	price	1395146710720	1395146710727	1395146711965	1395146711965	OK	 
SCENARIO	Pricing	67	END	1395146711967
ACTION	Pricing	3	price	1395146710733	1395146710733	1395146711976	1395146711976	OK	 
SCENARIO	Pricing	3	END	1395146711977
ACTION	Pricing	77	price	1395146710743	1395146710744	1395146711988	1395146711988	OK	 
SCENARIO	Pricing	77	END	1395146711992
ACTION	Pricing	38	price	1395146710755	1395146710755	1395146712009	1395146712009	OK	 
SCENARIO	Pricing	38	END	1395146712010
ACTION	Pricing	24	price	1395146710768	1395146710768	1395146712014	1395146712014	OK	 
SCENARIO	Pricing	24	END	1395146712015
ACTION	Pricing	33	price	1395146710781	1395146710782	1395146712025	1395146712025	OK	 
SCENARIO	Pricing	33	END	1395146712026
ACTION	Pricing	87	price	1395146710794	1395146710794	1395146712036	1395146712036	OK	 
SCENARIO	Pricing	87	END	1395146712037
ACTION	Pricing	29	price	1395146710812	1395146710812	1395146712048	1395146712051	OK	 
SCENARIO	Pricing	29	END	1395146712051
ACTION	Pricing	51	price	1395146710826	1395146710826	1395146712060	1395146712060	OK	 
SCENARIO	Pricing	51	END	1395146712061
ACTION	Pricing	58	price	1395146710836	1395146710836	1395146712070	1395146712071	OK	 
SCENARIO	Pricing	58	END	1395146712071
ACTION	Pricing	72	price	1395146710848	1395146710848	1395146712080	1395146712081	OK	 
SCENARIO	Pricing	72	END	1395146712081
ACTION	Pricing	81	price	1395146710859	1395146710859	1395146712091	1395146712091	OK	 
SCENARIO	Pricing	81	END	1395146712092
ACTION	Pricing	6	price	1395146710869	1395146710870	1395146712102	1395146712102	OK	 
SCENARIO	Pricing	6	END	1395146712103
ACTION	Pricing	70	price	1395146710881	1395146710882	1395146712114	1395146712114	OK	 
SCENARIO	Pricing	70	END	1395146712115
ACTION	Pricing	37	price	1395146710892	1395146710893	1395146712126	1395146712127	OK	 
SCENARIO	Pricing	37	END	1395146712127
ACTION	Pricing	16	price	1395146710903	1395146710903	1395146712138	1395146712139	OK	 
SCENARIO	Pricing	16	END	1395146712139
ACTION	Pricing	90	price	1395146710915	1395146710916	1395146712149	1395146712150	OK	 
SCENARIO	Pricing	90	END	1395146712150
ACTION	Pricing	71	price	1395146710929	1395146710929	1395146712161	1395146712161	OK	 
SCENARIO	Pricing	71	END	1395146712162
ACTION	Pricing	88	price	1395146710938	1395146710938	1395146712173	1395146712173	OK	 
SCENARIO	Pricing	88	END	1395146712174
ACTION	Pricing	35	price	1395146710948	1395146710948	1395146712184	1395146712184	OK	 
SCENARIO	Pricing	35	END	1395146712185
ACTION	Pricing	32	price	1395146710960	1395146710960	1395146712195	1395146712196	OK	 
SCENARIO	Pricing	32	END	1395146712196
ACTION	Pricing	92	price	1395146710972	1395146710972	1395146712207	1395146712207	OK	 
SCENARIO	Pricing	92	END	1395146712208
ACTION	Pricing	69	price	1395146710988	1395146710988	1395146712218	1395146712219	OK	 
SCENARIO	Pricing	69	END	1395146712219
ACTION	Pricing	57	price	1395146711002	1395146711002	1395146712231	1395146712231	OK	 
SCENARIO	Pricing	57	END	1395146712231
ACTION	Pricing	74	price	1395146711015	1395146711015	1395146712242	1395146712243	OK	 
SCENARIO	Pricing	74	END	1395146712243
ACTION	Pricing	15	price	1395146711028	1395146711029	1395146712254	1395146712254	OK	 
SCENARIO	Pricing	15	END	1395146712255
ACTION	Pricing	5	price	1395146711039	1395146711039	1395146712267	1395146712268	OK	 
SCENARIO	Pricing	5	END	1395146712269
ACTION	Pricing	19	price	1395146711051	1395146711051	1395146712280	1395146712280	OK	 
SCENARIO	Pricing	19	END	1395146712281
ACTION	Pricing	59	price	1395146711061	1395146711062	1395146712305	1395146712305	OK	 
SCENARIO	Pricing	59	END	1395146712306
ACTION	Pricing	14	price	1395146711073	1395146711074	1395146712315	1395146712316	OK	 
SCENARIO	Pricing	14	END	1395146712316
ACTION	Pricing	11	price	1395146711088	1395146711088	1395146712327	1395146712327	OK	 
SCENARIO	Pricing	11	END	1395146712328
ACTION	Pricing	43	price	1395146711101	1395146711101	1395146712339	1395146712340	OK	 
SCENARIO	Pricing	43	END	1395146712340
ACTION	Pricing	91	price	1395146711112	1395146711113	1395146712350	1395146712350	OK	 
SCENARIO	Pricing	91	END	1395146712351
ACTION	Pricing	55	price	1395146711122	1395146711123	1395146712360	1395146712361	OK	 
SCENARIO	Pricing	55	END	1395146712361
ACTION	Pricing	95	price	1395146711173	1395146711173	1395146712373	1395146712373	OK	 
SCENARIO	Pricing	95	END	1395146712374
ACTION	Pricing	50	price	1395146711173	1395146711173	1395146712385	1395146712385	OK	 
SCENARIO	Pricing	50	END	1395146712386
ACTION	Pricing	10	price	1395146711173	1395146711174	1395146712396	1395146712397	OK	 
SCENARIO	Pricing	10	END	1395146712397
ACTION	Pricing	73	price	1395146711173	1395146711174	1395146712409	1395146712409	OK	 
SCENARIO	Pricing	73	END	1395146712410
ACTION	Pricing	62	price	1395146711187	1395146711188	1395146712422	1395146712422	OK	 
SCENARIO	Pricing	62	END	1395146712422
ACTION	Pricing	65	price	1395146711194	1395146711194	1395146712435	1395146712436	OK	 
SCENARIO	Pricing	65	END	1395146712437
ACTION	Pricing	53	price	1395146711204	1395146711204	1395146712446	1395146712446	OK	 
SCENARIO	Pricing	53	END	1395146712447
ACTION	Pricing	4	price	1395146711215	1395146711216	1395146712459	1395146712459	OK	 
SCENARIO	Pricing	4	END	1395146712460
ACTION	Pricing	82	price	1395146711227	1395146711228	1395146712469	1395146712469	OK	 
SCENARIO	Pricing	82	END	1395146712470
ACTION	Pricing	26	price	1395146711241	1395146711241	1395146712480	1395146712480	OK	 
SCENARIO	Pricing	26	END	1395146712481
ACTION	Pricing	100	price	1395146711252	1395146711253	1395146712493	1395146712493	OK	 
SCENARIO	Pricing	100	END	1395146712494
ACTION	Pricing	97	price	1395146711265	1395146711265	1395146712506	1395146712506	OK	 
SCENARIO	Pricing	97	END	1395146712506
ACTION	Pricing	94	price	1395146711285	1395146711285	1395146712517	1395146712517	OK	 
SCENARIO	Pricing	94	END	1395146712518
ACTION	Pricing	80	price	1395146711295	1395146711295	1395146712529	1395146712529	OK	 
SCENARIO	Pricing	80	END	1395146712530
ACTION	Pricing	27	price	1395146711305	1395146711306	1395146712541	1395146712541	OK	 
SCENARIO	Pricing	27	END	1395146712542
ACTION	Pricing	66	price	1395146711323	1395146711324	1395146712555	1395146712556	OK	 
SCENARIO	Pricing	66	END	1395146712556
ACTION	Pricing	78	price	1395146711335	1395146711336	1395146712566	1395146712566	OK	 
SCENARIO	Pricing	78	END	1395146712566
ACTION	Pricing	30	price	1395146711349	1395146711349	1395146712578	1395146712578	OK	 
SCENARIO	Pricing	30	END	1395146712579
ACTION	Pricing	25	price	1395146711359	1395146711360	1395146712589	1395146712589	OK	 
SCENARIO	Pricing	25	END	1395146712590
ACTION	Pricing	31	price	1395146711370	1395146711371	1395146712600	1395146712600	OK	 
SCENARIO	Pricing	31	END	1395146712601
ACTION	Pricing	8	price	1395146711383	1395146711384	1395146712612	1395146712612	OK	 
SCENARIO	Pricing	8	END	1395146712613
ACTION	Pricing	18	price	1395146711397	1395146711397	1395146712623	1395146712624	OK	 
SCENARIO	Pricing	18	END	1395146712624
ACTION	Pricing	47	price	1395146711407	1395146711407	1395146712634	1395146712634	OK	 
SCENARIO	Pricing	47	END	1395146712634
ACTION	Pricing	49	price	1395146711422	1395146711422	1395146712645	1395146712645	OK	 
SCENARIO	Pricing	49	END	1395146712645
ACTION	Pricing	28	price	1395146711436	1395146711436	1395146712656	1395146712656	OK	 
SCENARIO	Pricing	28	END	1395146712656
ACTION	Pricing	83	price	1395146711446	1395146711446	1395146712668	1395146712668	OK	 
SCENARIO	Pricing	83	END	1395146712669
ACTION	Pricing	61	price	1395146711459	1395146711459	1395146712680	1395146712680	OK	 
SCENARIO	Pricing	61	END	1395146712681
ACTION	Pricing	36	price	1395146711471	1395146711471	1395146712692	1395146712692	OK	 
SCENARIO	Pricing	36	END	1395146712693
ACTION	Pricing	20	price	1395146711484	1395146711485	1395146712702	1395146712702	OK	 
SCENARIO	Pricing	20	END	1395146712703
ACTION	Pricing	21	price	1395146711500	1395146711501	1395146712715	1395146712715	OK	 
SCENARIO	Pricing	21	END	1395146712717
ACTION	Pricing	79	price	1395146711523	1395146711523	1395146712725	1395146712726	OK	 
SCENARIO	Pricing	79	END	1395146712726
ACTION	Pricing	48	price	1395146711528	1395146711528	1395146712737	1395146712737	OK	 
SCENARIO	Pricing	48	END	1395146712738
ACTION	Pricing	22	price	1395146711539	1395146711540	1395146712750	1395146712750	OK	 
SCENARIO	Pricing	22	END	1395146712751
ACTION	Pricing	99	price	1395146711553	1395146711554	1395146712762	1395146712762	OK	 
SCENARIO	Pricing	99	END	1395146712763
ACTION	Pricing	63	price	1395146711568	1395146711568	1395146712774	1395146712774	OK	 
SCENARIO	Pricing	63	END	1395146712775
ACTION	Pricing	42	price	1395146711583	1395146711584	1395146712786	1395146712786	OK	 
SCENARIO	Pricing	42	END	1395146712787
ACTION	Pricing	7	price	1395146711593	1395146711593	1395146712798	1395146712798	OK	 
SCENARIO	Pricing	7	END	1395146712799
ACTION	Pricing	13	price	1395146711606	1395146711606	1395146712809	1395146712809	OK	 
SCENARIO	Pricing	13	END	1395146712810
ACTION	Pricing	46	price	1395146711617	1395146711618	1395146712822	1395146712822	OK	 
SCENARIO	Pricing	46	END	1395146712823
ACTION	Pricing	98	price	1395146711630	1395146711630	1395146712833	1395146712833	OK	 
SCENARIO	Pricing	98	END	1395146712834
ACTION	Pricing	39	price	1395146711652	1395146711653	1395146712845	1395146712845	OK	 
SCENARIO	Pricing	39	END	1395146712846
ACTION	Pricing	64	price	1395146711653	1395146711654	1395146712858	1395146712858	OK	 
SCENARIO	Pricing	64	END	1395146712859
ACTION	Pricing	23	price	1395146711669	1395146711669	1395146712870	1395146712870	OK	 
SCENARIO	Pricing	23	END	1395146712871
ACTION	Pricing	76	price	1395146711683	1395146711683	1395146712881	1395146712881	OK	 
SCENARIO	Pricing	76	END	1395146712882
ACTION	Pricing	40	price	1395146711693	1395146711694	1395146712892	1395146712892	OK	 
SCENARIO	Pricing	40	END	1395146712893
ACTION	Pricing	17	price	1395146711706	1395146711706	1395146712904	1395146712904	OK	 
SCENARIO	Pricing	17	END	1395146712905
ACTION	Pricing	75	price	1395146711717	1395146711717	1395146712916	1395146712917	OK	 
SCENARIO	Pricing	75	END	1395146712917
ACTION	Pricing	9	price	1395146711731	1395146711731	1395146712928	1395146712929	OK	 
SCENARIO	Pricing	9	END	1395146712930
ACTION	Pricing	1	price	1395146711747	1395146711748	1395146712941	1395146712942	OK	 
SCENARIO	Pricing	1	END	1395146712942
ACTION	Pricing	54	price	1395146711756	1395146711756	1395146712953	1395146712953	OK	 
SCENARIO	Pricing	54	END	1395146712954
ACTION	Pricing	34	price	1395146711767	1395146711768	1395146712964	1395146712964	OK	 
SCENARIO	Pricing	34	END	1395146712964
ACTION	Pricing	41	price	1395146711778	1395146711779	1395146712974	1395146712974	OK	 
SCENARIO	Pricing	41	END	1395146712975
